
row1col1
West 1.717e-05
East 1.717e-05
North 1.717e-05
South 1.717e-05

row1col2
West 1.0000163115
East 0.902514612596
North 0.950015433491
South 0.902514606636

row1col3
West 0.950015495925
East 0.857388773284
North 0.90251450824
South 0.857388824003

row1col4
West 0.902514721122
East 0.814185465671
North 0.857284424063
South 0.814335774056

row1col5
West 0.857388009627
East 0.806323304723
North 0.812955297416
South 0.768864609359

row2col1
West 0.948347600003
East 0.901794416811
North 1.0000163115
South 0.901249918602

row2col2
West 0.949903940828
East 0.857260279751
North 0.950015495925
South 0.857135530447

row2col3
West 0.902513404663
East 0.814512600683
North 0.902514721129
South 0.814495570507

row2col4
West 0.857388985072
East 0.773753049431
North 0.857360581818
South 0.773652766355

row2col5
West 0.814519535654
East 0.773356240175
North 0.813446551626
South 0.733440933247

row3col1
West 0.902158491301
East 0.856133808359
North 0.95001549579
South 0.856197433439

row3col2
West 0.900304989301
East 0.811097098174
North 0.902514637232
South 0.806869024788

row3col3
West 0.856850806435
East 0.772794741785
North 0.857388982119
South 0.770699960429

row3col4
West 0.813198440156
East 0.73063628914
North 0.814519534759
South 0.728281790227

row3col5
West 0.772225046301
East 0.730549173697
North 0.773793493851
South 0.687156955243

row4col1
West 0.853154945144
East 0.808115475391
North 0.902514713685
South 0.806981981986

row4col2
West 0.857386439608
East 0.756406423792
North 0.851505637948
South 0.737238861792

row4col3
West 0.795689435889
East 0.711082183043
North 0.814517509706
South 0.696906923995

row4col4
West 0.757588049093
East 0.663534193296
North 0.773790207707
South 0.632466590228

row4col5
West 0.707358350883
East 0.677721617392
North 0.735099856466
South 0.600215938096

row5col1
West 0.764498007662
East 0.700023968426
North 0.857272932504
South 0.775549646753

row5col2
West 0.760478077107
East 0.677260205765
North 0.814081056426
South 0.669911665039

row5col3
West 0.658653211872
East 0.58066420903
North 0.773300408535
South 0.670588304999

row5col4
West 0.654892571765
East 0.536102271134
North 0.734038832691
South 0.563067877379

row5col5
West 0.590778545692
East 0.507042040148
North 0.697325500893
South 0.459386980433
