
row1col1
West 2.92288879638e-09
East 2.53991008513e-07
North 0.0
South 0.0

row1col2
West 0.0
East 1.41780943892e-05
North 5.80570879642e-09
South 2.17314141671e-15

row1col3
West 1.23915976617e-09
East 4.51657697299e-06
North 2.60875723265e-08
South 0.000572292913476

row1col4
West 1.17106082453e-12
East 0.000132806151173
North 0.0
South 0.0

row1col5
West 1.66139326047e-10
East 1.31237086037e-06
North 7.25196363418e-12
South 0.00240909934972

row1col7
West 2.10501288862e-08
East 3.06060065497e-05
North 2.10174707097e-08
South 5.21190848676e-15

row1col8
West 4.19115801428e-11
East 0.00301190998504
North 1.55502110625e-06
South 2.59594191578e-07

row1col9
West 2.43524617755e-10
East 8.98366687798e-05
North 3.74028729569e-08
South 0.0351010233916

row1col10
West 7.62375193779e-06
East 8.15774424957e-08
North 1.91748659958e-08
South 0.0141168919828

row1col11
West 0.000980115813894
East 1.64560811227e-10
North 9.12333307424e-07
South 0.0

row1col13
West 0.052575773213
East 0.09225688598
North 0.00265012369534
South 0.433742818209

row1col14
West 0.0388165167231
East 0.249328441089
North 0.117373357628
South 0.663063985399

row1col15
West 0.159068467112
East 0.483969139118
North 0.375745567918
South 0.801504850635

row1col16
West 0.522205051028
East 0.628196230447
North 0.536844167609
South 0.857030218247

row1col18
West 0.0
East 0.0
North 0.0
South 0.0

row1col19
West 0.940461444894
East 0.100868400716
North 0.307708922713
South 0.240035592425

row1col20
West 0.610502140518
East 0.0553877669973
North 0.104906816957
South 0.116333119116

row1col21
West 0.291946452375
East 7.48489395589e-05
North 0.0321771689856
South 0.0155753287917

row1col22
West 0.0508370960691
East 0.00139385590904
North 4.03859553115e-06
South 0.000259381997935

row2col1
West 9.16745890464e-17
East 2.31614105295e-05
North 1.42669780934e-18
South 0.0

row2col2
West 9.16745890464e-17
East 0.000509145714611
North 0.0
South 0.0

row2col3
West 3.95869210589e-06
East 0.0
North 6.67125070441e-06
South 0.00811090402652

row2col4
West 5.27206333432e-18
East 0.00294787493814
North 2.08608660899e-21
South 0.0

row2col5
West 1.54398841324e-06
East 0.000137495213496
North 1.31237135928e-06
South 0.0480583853992

row2col7
West 8.49745996097e-08
East 1.29746223321e-07
North 6.75704235766e-10
South 1.98082464843e-06

row2col8
West 3.82420069152e-08
East 0.00446552772414
North 6.55407113917e-09
South 0.0438832876568

row2col9
West 0.000689381160002
East 0.0014041204737
North 0.000647852254047
South 0.184308874791

row2col10
West 2.39434790135e-08
East 1.37065174885e-15
North 2.3346443983e-05
South 0.094229797358

row2col11
West 0.0
East 0.0
North 0.0
South 0.00103778831718

row2col13
West 0.400763921307
East 0.773077194417
North 0.153580974051
South 0.532539085653

row2col14
West 0.577221479987
East 0.814502956721
North 0.414369890633
South 0.585425274525

row2col15
West 0.702110702006
East 0.857374999481
North 0.683238904235
South 0.751834863805

row2col16
West 0.814111069587
East 0.9025
North 0.811667196223
South 0.814263011096

row2col17
West 0.857060673973
East 0.95
North 0.902263288075
South 0.901891241294

row2col18
West 0.901783416835
East 0.893309769618
North 1.0
South 0.899023831113

row2col19
West 0.94927439351
East 0.267733939501
North 0.511686268154
South 0.305551405017

row2col20
West 0.820984445897
East 0.0228502222157
North 0.16495376998
South 0.0327544890956

row2col21
West 0.44513482391
East 0.00237816893181
North 0.0196485415391
South 0.00103630952623

row2col22
West 0.134625317379
East 0.00428106053187
North 0.000749348872251
South 1.01298667957e-05

row3col1
West 0.0
East 6.31573085492e-08
North 6.77681459434e-20
South 0.0

row3col2
West 1.48078440097e-12
East 0.00349708986183
North 0.0
South 0.0

row3col3
West 4.82282084414e-05
East 0.0371413719374
North 1.74463793188e-09
South 4.76817981216e-05

row3col4
West 3.8273305605e-06
East 0.0997390263315
North 1.2878470325e-05
South 0.00284905579393

row3col5
West 0.00319008666385
East 0.0037576759613
North 0.00287000875929
South 0.198393555476

row3col7
West 1.04867631209e-06
East 0.0141979618174
North 1.22585734156e-07
South 0.000821898754667

row3col8
West 0.000472223809793
East 0.193268882978
North 0.00250943528715
South 0.0124341247246

row3col9
West 0.0179176470036
East 0.0117397086621
North 0.0110954874023
South 0.447165178789

row3col10
West 0.252621087057
East 0.00265104580528
North 0.00480263063155
South 0.00763462227234

row3col11
West 0.0486240954234
East 0.00164234462382
North 0.0
South 2.03271314344e-05

row3col13
West 0.697573586434
East 0.735091890625
North 0.727566649419
South 0.66281081928

row3col14
West 0.697128811237
East 0.7737809375
North 0.769819552098
South 0.733795567131

row3col15
West 0.732809994039
East 0.81450625
North 0.81150820228
South 0.770220077811

row3col16
West 0.769352201957
East 0.812222260543
North 0.857375
South 0.8131201217

row3col18
West 0.679040530533
East 0.358292550131
North 0.949713295474
South 0.590275007783

row3col19
West 0.747990760318
East 0.0263971965904
North 0.191858906927
South 0.133985634507

row3col20
West 0.00041322015993
East 0.00337117558454
North 0.342911313994
South 0.0149968616353

row3col21
West 0.0114450369683
East 0.000228999291516
North 0.0695558213733
South 0.000725841042434

row3col22
West 9.26067323666e-05
East 3.07684543897e-07
North 0.0132777259286
South 7.43722212731e-06

row4col5
West 0.0425060402701
East 0.0265661602431
North 0.00418750896145
South 0.297766188517

row4col9
West 0.112398207847
East 0.234573655469
North 0.109340619496
South 0.50802434906

row4col13
West 0.663129596336
East 0.662837885021
North 0.698337296094
South 0.629583516971

row5col1
West 0.0
East 2.03365679648e-05
North 0.0
South 0.0

row5col2
West 0.0
East 2.59972411944e-09
North 1.16791074671e-18
South 0.00114398049537

row5col3
West 3.6047698921e-10
East 1.21368801482e-05
North 5.51740246997e-06
South 0.00372255367471

row5col5
West 0.073519940795
East 0.0826512267269
North 0.0140211440079
South 0.374866092208

row5col6
West 0.032952648707
East 0.0635696739439
North 0.0962900831971
South 0.402592842164

row5col7
West 0.130381124232
East 0.469703062586
North 0.0946597871391
South 0.209452238654

row5col8
West 0.248062965925
East 0.512904092842
North 0.316717549442
South 0.278883116935

row5col9
West 0.350858793986
East 0.54035983889
North 0.307679487482
South 0.397014129744

row5col10
West 0.50278410624
East 0.568800092276
North 0.537403289956
South 0.5099984527

row5col11
West 0.538321742248
East 0.598736939238
North 0.5642591503
South 0.532145378301

row5col12
West 0.567549821729
East 0.630249409725
North 0.597719291032
South 0.556677819109

row5col13
West 0.598088973729
East 0.595619750651
North 0.663420431289
South 0.595206263887

row5col14
West 0.630214254376
East 0.341370394299
North 0.457041542744
South 0.350857799994

row5col15
West 0.595231838308
East 0.0866676405099
North 0.196273078648
South 0.0824117031919

row5col16
West 0.417001176707
East 0.00535814119324
North 0.0288636456526
South 0.0208282066725

row5col17
West 0.144844720725
East 0.000129954678439
North 0.00142435092424
South 0.00607054136069

row5col18
West 0.00842945972297
East 8.76039613778e-05
North 3.59195978164e-05
South 2.5887007127e-05

row5col20
West 1.49488864735e-06
East 5.99462523705e-07
North 8.22076460956e-06
South 0.00049778153552

row5col21
West 1.50770721488e-07
East 2.78568867274e-07
North 4.41903851498e-14
South 5.27352043968e-05

row5col22
West 7.01513211489e-08
East 3.33222946509e-09
North 0.0
South 3.40878883915e-05

row6col1
West 3.02119697512e-11
East 0.000883355072791
North 0.0
South 2.7163900061e-14

row6col2
West 1.59023562313e-11
East 0.0135932238913
North 2.52635251283e-08
South 0.00035638266138

row6col3
West 0.000239587272057
East 0.000927059776433
North 2.48747996865e-05
South 0.0607044773306

row6col5
West 0.198672773066
East 0.416649994636
North 0.112070362909
South 0.153244337719

row6col6
West 0.357283598227
East 0.440126668633
North 0.320621931629
South 0.378881419467

row6col7
West 0.393283441681
East 0.463291230155
North 0.384342801348
South 0.426930033408

row6col8
West 0.417320620514
East 0.487674979115
North 0.469635067705
South 0.442438280219

row6col9
West 0.449972178621
East 0.513342083279
North 0.502178674305
South 0.474742759179

row6col10
West 0.483201886009
East 0.516053309066
North 0.540360087663
South 0.447378110766

row6col11
West 0.292016181275
East 0.389069790344
North 0.568565276977
South 0.411290561727

row6col12
West 0.309093845187
East 0.287658861636
North 0.597410318465
South 0.413497306439

row6col13
West 0.359537766986
East 0.30007619676
North 0.630092055014
South 0.446374017625

row6col14
West 0.569272875259
East 0.0312996360356
North 0.247797405285
South 0.148952858272

row6col15
West 0.177561903652
East 0.0774771215593
North 0.518336142994
South 0.0589725042512

row6col16
West 0.402448849558
East 0.0127862795123
North 0.048816426809
South 0.0393951554727

row6col17
West 0.266385492734
East 0.00660936869057
North 0.0243441989217
South 0.00245036532679

row6col18
West 0.142715067565
East 0.00106383743097
North 0.000117850713286
South 0.000917599515099

row6col19
West 0.0567588436339
East 0.000149068213325
North 0.000515487713722
South 0.00018997411402

row6col20
West 0.0170764681576
East 5.90601117147e-06
North 1.9268004337e-05
South 3.01303255142e-07

row6col21
West 0.00376914416975
East 3.5227362162e-07
North 7.55330709017e-07
South 7.30314490999e-10

row6col22
West 0.000507516626095
East 8.52273810606e-08
North 3.20214562743e-08
South 1.96897862639e-12

row7col1
West 2.63952332259e-26
East 1.94807754793e-25
North 0.0
South 0.000219672371147

row7col2
West 5.98218697288e-26
East 0.00377292422462
North 0.0
South 0.0157370500238

row7col3
West 0.000544732923996
East 0.00200810468575
North 0.00116022825147
South 0.16105529115

row7col5
West 0.128090272243
East 0.393448012736
North 0.120408541502
South 0.152871865493

row7col6
West 0.318801499878
East 0.376554523612
North 0.418120335141
South 0.352579832785

row7col10
West 0.172864518639
East 0.203836352174
North 0.512397742881
South 0.0928148130551

row7col17
West 0.00116357836149
East 9.25497669558e-05
North 0.0414425814347
South 0.000319491035809

row7col18
West 3.41553905226e-05
East 7.56316588364e-05
North 0.0199162402968
South 1.76688301165e-05

row7col20
West 2.49432815143e-08
East 2.85712053478e-08
North 0.000554745710393
South 2.1722946949e-12

row7col21
West 2.49444832876e-08
East 0.0
North 0.000114315258121
South 4.38537641096e-11

row7col22
West 1.11605060191e-16
East 5.30124035906e-18
North 1.34220855708e-05
South 1.96898341076e-12

row8col1
West 1.08359378506e-24
East 0.00818738447393
North 0.0
South 1.08359378506e-24

row8col2
West 6.03246344609e-13
East 0.112353347955
North 2.2098786779e-05
South 9.53820045462e-12

row8col3
West 0.00687228755734
East 0.291554307815
North 0.00485154164853
South 0.0412346334848

row8col4
West 0.0379348525977
East 0.352707658299
North 0.0742616012608
South 0.109435681252

row8col5
West 0.23666883804
East 0.377353601184
North 0.32369925541
South 0.30479887536

row8col6
West 0.310750369064
East 0.340256342872
North 0.397214318157
South 0.312319900855

row8col8
West 0.0
East 0.021838823307
North 6.66293027675e-19
South 7.69165957471e-13

row8col9
West 0.000580041203762
East 0.18049231146
North 0.011030076254
South 0.000588073419596

row8col10
West 0.010455637936
East 0.00800773286569
North 0.458406808116
South 0.0134674829535

row8col11
West 0.312336307492
East 0.00232943309555
North 0.0103883833995
South 7.17157880955e-06

row8col12
West 0.161535340043
East 0.000605453653242
North 0.00417010427864
South 0.000455462669097

row8col13
West 0.0588867462508
East 0.000214335434652
North 0.00209715900458
South 3.5999092802e-06

row8col14
West 0.00453727087064
East 6.17208880996e-13
North 6.48014911703e-10
South 5.27938932995e-14

row8col15
West 5.50884780339e-05
East 6.17208134541e-13
North 0.0
South 1.27290508393e-11

row8col17
West 0.0
East 0.0
North 0.00566029628075
South 2.45234276426e-06

row8col18
West 8.28205598257e-21
East 1.9088200514e-13
North 0.00195660250298
South 3.64384581808e-23

row9col5
West 0.300490449607
East 0.275455862529
North 0.358485914268
South 0.289284984747

row9col6
West 0.154565858354
East 0.168393777939
North 0.375804381908
South 0.128066126893

row9col8
West 8.02719748958e-13
East 0.000535806761017
North 0.000694783812052
South 0.0

row9col9
West 1.81998606223e-06
East 6.41926104353e-12
North 0.0263464783837
South 0.000139115057444

row9col10
West 5.50587720056e-06
East 1.75591665339e-05
North 0.155867060083
South 0.00246379986446

row9col11
West 1.36987917024e-05
East 3.62587395852e-08
North 0.0160002648879
South 1.2661213787e-12

row9col12
West 1.32311770716e-05
East 1.81698329261e-07
North 0.0114226330508
South 9.50775774247e-06

row9col13
West 6.82349311765e-05
East 9.40448739421e-08
North 0.0107188877791
South 1.85437196755e-06

row9col14
West 0.000327247221112
East 1.02077293628e-11
North 3.38645664952e-10
South 4.0887214567e-17

row9col15
West 5.3982191161e-06
East 3.11778128234e-11
North 1.60856699244e-11
South 1.65120133221e-11

row9col17
West 1.09140639357e-07
East 2.79250630378e-13
North 0.00017541310991
South 1.23217747225e-18

row9col18
West 2.12824246746e-07
East 0.0
North 5.87896063953e-12
South 2.7316137641e-20

row9col20
West 0.0
East 0.0
North 0.0
South 2.91598053478e-18

row9col21
West 0.0
East 0.0
North 3.92363524524e-18
South 1.29634966712e-12

row9col22
West 2.61761479944e-17
East 0.0
North 0.0
South 0.0

row10col1
West 8.79483015881e-09
East 0.00171522456937
North 4.77505611986e-06
South 5.66344200059e-09

row10col2
West 3.57255163684e-05
East 0.0122058262743
North 1.17527501187e-06
South 0.0

row10col3
West 6.40515481702e-07
East 1.96670837493e-05
North 5.49083123521e-05
South 0.0656795811592

row10col5
West 0.262835559723
East 0.213697003759
North 0.340561582255
South 0.253174351133

row10col6
West 0.0252556266011
East 0.0369855300604
North 0.324465503799
South 0.0328356551166

row10col17
West 0.0
East 7.20100868104e-26
North 0.0
South 3.26405103911e-09

row10col18
West 2.95479507475e-26
East 0.0
North 0.0
South 4.3429235583e-11

row10col20
West 1.17128914872e-20
East 1.47995360312e-11
North 0.0
South 0.0

row10col21
West 3.36822877824e-20
East 1.73571411303e-19
North 4.44872845621e-18
South 1.04661479589e-09

row10col22
West 2.81799556472e-11
East 0.0
North 0.0
South 5.83598385091e-30

row11col1
West 4.30127955061e-10
East 0.0
North 1.89963264295e-05
South 0.0

row11col2
West 4.30127955061e-10
East 0.0140794544535
North 1.02911177239e-22
South 1.85499876956e-05

row11col3
West 3.7570464275e-06
East 0.180018157689
North 0.0001281371381
South 1.73069563666e-07

row11col4
West 0.00170244520735
East 0.293519474734
North 0.0459954775674
South 0.0433078907487

row11col5
West 0.173739104956
East 0.174444174478
North 0.323533358468
South 0.231396145898

row11col6
West 0.258459441554
East 0.016125505447
North 0.0903322823419
South 0.0377382347371

row11col8
West 0.0
East 0.0
North 0.0
South 4.72023213994e-08

row11col9
West 0.0
East 0.0
North 0.0
South 9.75388773259e-05

row11col10
West 4.58118673497e-09
East 0.0
North 0.0
South 0.0

row11col12
West 0.0
East 5.09712591548e-30
North 0.0
South 1.9683185146e-33

row11col13
West 0.0
East 0.0
North 0.0
South 2.82443943523e-16

row11col14
West 0.0
East 1.15392747135e-14
North 0.0
South 6.21252137313e-09

row11col15
West 4.40175390972e-18
East 1.01303603104e-10
North 8.70763820247e-10
South 6.68231449737e-08

row11col17
West 5.50487106333e-12
East 1.48758549485e-12
North 2.95479507475e-26
South 3.67864234712e-05

row11col18
West 5.53037880412e-08
East 0.0
North 0.0
South 1.79172133399e-16

row11col20
West 0.0
East 2.03932673888e-10
North 0.0
South 1.45057172152e-15

row11col21
West 2.05683940188e-14
East 0.0
North 7.30378842159e-17
South 1.72673720805e-08

row11col22
West 0.0
East 2.04591896614e-30
North 2.81825337586e-31
South 2.19930583157e-12

row12col1
West 4.11915057637e-12
East 4.25326326653e-10
North 0.0
South 0.0

row12col2
West 0.0
East 1.97778228107e-08
North 0.000713959536511
South 2.70082533035e-08

row12col3
West 1.74263249711e-08
East 1.97764138652e-08
North 0.00500172368611
South 0.0

row12col5
West 0.25026536815
East 0.141805040599
North 0.307356075135
South 0.227300983546

row12col6
West 0.245738409182
East 0.0122824630728
North 0.0270299911362
South 0.00745446435526

row12col8
West 2.96374451242e-06
East 0.00103678297152
North 0.0
South 0.0

row12col9
West 5.62584141973e-12
East 3.34336025849e-06
North 2.34932653075e-09
South 0.0141798375087

row12col10
West 0.000103327714668
East 3.34336025849e-06
North 0.0
South 0.0

row12col12
West 0.0
East 1.14896958263e-15
North 0.0
South 2.43225497338e-22

row12col13
West 1.9683185146e-33
East 3.376118999e-09
North 1.30781547088e-18
South 2.35028356075e-16

row12col14
West 5.17219763137e-12
East 2.32955672226e-07
North 5.48115548892e-16
South 5.84216368887e-28

row12col15
West 5.74124349489e-11
East 3.39109835682e-06
North 1.66689954551e-15
South 7.62848230953e-09

row12col16
West 7.74857850211e-12
East 3.26453744662e-05
North 8.48800263683e-14
South 4.46522920415e-09

row12col17
West 1.173643051e-08
East 5.63585601951e-09
North 1.21207780321e-07
South 0.000350112713032

row12col18
West 2.4880703938e-14
East 5.39347830564e-11
North 0.0
South 3.39468194766e-07

row12col20
West 0.0
East 3.92488990062e-09
North 3.66683363179e-19
South 2.66194987896e-18

row12col21
West 1.1766301226e-14
East 4.07538075262e-15
North 6.95593692137e-12
South 2.14436007285e-07

row12col22
West 1.06114248308e-10
East 2.19930581675e-12
North 7.79616193717e-22
South 2.2023744598e-12

row13col5
West 0.191448697744
East 0.120572821011
North 0.291986186666
South 0.201792547137

row13col6
West 0.225427873633
East 0.0148059116402
North 0.0197912906817
South 0.0403336827758

row13col9
West 0.00409554398967
East 4.54116578896e-05
North 8.23648185422e-06
South 0.0762748707473

row13col17
West 4.19479619952e-07
East 5.85032663369e-08
North 5.13631273648e-06
South 0.00194713689331

row13col18
West 1.09872642132e-06
East 3.88038222742e-10
North 1.61462665058e-10
South 9.17089006988e-06

row13col21
West 5.70861342622e-10
East 9.16955454976e-11
North 1.28036057422e-10
South 1.89923031605e-06

row14col1
West 1.5509768805e-16
East 5.60459499769e-10
North 1.5509768805e-16
South 0.000113717918992

row14col2
West 2.46559473534e-10
East 0.00159874503087
North 6.98550518714e-08
South 3.15198717128e-05

row14col3
West 8.0318392675e-06
East 0.0432886848758
North 0.000287520311533
South 0.00243680802233

row14col4
West 0.00205108373717
East 0.207310600518
North 0.0126595735691
South 0.00941258840197

row14col5
West 0.103037786057
East 0.153356304504
North 0.277380937659
South 0.138631512247

row14col6
West 0.263460548602
East 0.0643213322931
North 0.0708194199861
South 0.0551025838425

row14col7
West 0.250110862798
East 0.0690273206462
North 0.0861182857992
South 0.0491905834425

row14col8
West 0.23715946306
East 0.0436844500642
North 0.062051694055
South 0.0379184091258

row14col9
West 0.184165224137
East 0.000932293753164
North 0.001523212598
South 0.0165636089218

row14col10
West 0.0582962593212
East 5.06512230691e-08
North 3.04180937143e-08
South 0.00105259618311

row14col11
West 0.00016851827441
East 1.07242519684e-06
North 0.00157134918545
South 0.0481674902453

row14col12
West 0.000145704118001
East 0.000152676139345
North 5.55114154807e-06
South 0.0135174985691

row14col13
West 2.47468742079e-05
East 1.13136033564e-05
North 6.30665182163e-07
South 0.0295456194767

row14col14
West 9.71896455154e-05
East 1.0613067698e-06
North 7.61133024877e-07
South 0.0119085141258

row14col15
West 3.84027575653e-11
East 0.000133532210165
North 0.000184548695587
South 0.00972092730862

row14col16
West 0.000436583471724
East 6.51732354788e-05
North 2.05456160155e-05
South 0.0241916952042

row14col17
West 0.0102739161517
East 4.01691877522e-07
North 5.37650927755e-05
South 0.000118805555761

row14col18
West 0.0028576362975
East 1.00752982405e-07
North 7.77344825486e-08
South 1.21660971882e-07

row14col19
West 0.000622905446958
East 4.02222592595e-08
North 3.03500377056e-08
South 5.89328290967e-10

row14col20
West 0.000109169095793
East 2.32334732762e-11
North 7.27121632672e-11
South 9.37351954733e-10

row14col21
West 1.56145999018e-05
East 4.77077304684e-17
North 3.0405667162e-09
South 5.94500077335e-10

row14col22
West 1.39637045164e-11
East 0.0
North 8.65221014496e-31
South 0.0

row15col1
West 1.46508017441e-08
East 0.00849399593941
North 2.26109392067e-10
South 2.01439249343e-06

row15col2
West 5.9634434291e-06
East 0.0732493359813
North 1.27661536387e-05
South 0.00154125875971

row15col3
West 0.00393782920537
East 0.143999298086
North 0.000501425867891
South 0.0030849225932

row15col4
West 0.00838371589524
East 0.218468838458
North 0.0124889303541
South 0.019276594331

row15col5
West 0.0381216982868
East 0.0303013796701
North 0.262753484779
South 0.054820050527

row15col6
West 0.239490618403
East 0.017961482904
North 0.0420753332805
South 0.0182549917307

row15col7
West 0.201891814915
East 0.01727721855
North 0.044915591944
South 0.0109173450514

row15col8
West 0.0418108597254
East 0.0261756793972
North 0.224033186762
South 0.0603582983532

row15col9
West 0.209996491869
East 0.0233199982534
North 0.0308479336386
South 0.0433409141153

row15col10
West 0.19359263579
East 0.0214471571898
North 0.0109509678128
South 0.0226688396435

row15col11
West 0.175286989528
East 0.0108412208361
North 0.00845453634085
South 0.0154865573043

row15col12
West 0.154510759168
East 0.00994707255877
North 0.000788437836231
South 0.00163056575277

row15col13
West 0.131748112342
East 0.00464649714677
North 0.00217134141663
South 0.00650936059569

row15col14
West 0.106795848204
East 0.00657968890516
North 0.00139452535813
South 0.00743789562566

row15col15
West 0.0828011359241
East 0.00083268782131
North 0.000489000647224
South 0.00335440549992

row15col16
West 0.0489959836413
East 0.000287135120111
North 0.00119844093658
South 0.000279378161969

row15col17
West 0.0102507467636
East 8.33751808061e-06
North 4.97570751639e-06
South 9.17991974743e-05

row15col18
West 0.00137782874529
East 1.18624986559e-13
North 1.81211627433e-06
South 0.0

row15col19
West 0.000175354631669
East 9.3358255428e-09
North 2.4510607957e-10
South 5.55883294994e-08

row15col20
West 1.47015521909e-05
East 1.52156719485e-14
North 2.09572395014e-17
South 6.06806814245e-16

row15col21
West 7.22297218447e-07
East 0.0
North 8.23630624739e-09
South 1.52156719485e-14

row15col22
West 1.66348908931e-08
East 0.0
North 9.12640248245e-14
South 0.0

row16col2
West 0.000422708760959
East 2.92717004836e-05
North 0.0294172035702
South 2.95805961923e-05

row16col7
West 0.00853132528632
East 0.012743592868
North 0.150082328387
South 0.00701292589658

row16col15
West 8.79647252781e-06
East 1.37899690219e-05
North 0.046666931183
South 2.8192736718e-05

row17col1
West 0.0
East 0.000450230701312
North 0.0
South 2.06926992853e-14

row17col2
West 2.22864166056e-07
East 5.89832580362e-07
North 0.00845668849301
South 9.40004367622e-06

row17col3
West 0.00065163338051
East 1.39854478553e-10
North 0.0
South 2.94174508105e-10

row17col4
West 3.00982728186e-05
East 0.0
North 0.0
South 2.5320722781e-11

row17col6
West 1.33767656887e-05
East 0.0196511250994
North 2.65162622149e-05
South 2.60328365283e-11

row17col7
West 0.00115634930995
East 0.000414674970848
North 0.0998069489661
South 0.000357766798954

row17col8
West 0.048320337746
East 1.14151323799e-08
North 0.000265774281289
South 7.19206156316e-05

row17col9
West 0.0135813152606
East 2.3795185889e-06
North 0.000264270954488
South 3.52178676953e-08

row17col10
West 0.00291639674669
East 1.24383264953e-15
North 0.0
South 8.96181876944e-13

row17col11
West 0.00022601957588
East 1.24383442938e-15
North 7.2776012483e-22
South 1.14613481343e-22

row17col13
West 0.0
East 6.50956533152e-06
North 1.78674468686e-15
South 1.84465723612e-37

row17col14
West 0.0
East 0.00162506666386
North 3.38649866958e-09
South 7.84828114935e-11

row17col15
West 2.37787116992e-06
East 6.81485842455e-07
North 0.0237816761351
South 1.68131304612e-05

row17col16
West 0.00781220379264
East 2.36420718944e-05
North 1.33807805402e-05
South 1.29529260703e-06

row17col18
West 1.21796577882e-17
East 7.1519799041e-17
North 8.32759001174e-18
South 7.769031119e-09

row17col19
West 4.23941851259e-14
East 5.17614315556e-11
North 3.95825228555e-19
South 2.99204990917e-08

row17col20
West 3.50297548112e-15
East 4.22480792159e-45
North 6.55055605804e-17
South 3.63395805706e-08

row17col21
West 1.30992654366e-09
East 9.46926294411e-41
North 0.0
South 0.0

row17col22
West 1.31529248476e-13
East 0.0
North 7.01160143291e-37
South 2.86364818412e-29

row18col1
West 0.0
East 7.19231049498e-11
North 7.36163740832e-06
South 0.0

row18col2
West 8.97957514624e-12
East 1.78402764302e-09
North 0.000920108054535
South 5.51243407942e-10

row18col3
West 1.63423190981e-08
East 3.18844547357e-13
North 2.88242496869e-05
South 5.33718677701e-11

row18col4
West 4.67755110803e-12
East 1.58389180387e-13
North 1.15106405328e-07
South 4.02787861083e-15

row18col6
West 2.60330268502e-11
East 3.85987397297e-07
North 0.00144162399774
South 2.41128251618e-12

row18col7
West 1.20959959912e-07
East 9.57432821878e-07
North 0.0237880226338
South 4.08978923642e-06

row18col8
West 0.000513867285199
East 2.01994111656e-08
North 0.00760432449531
South 4.23773645067e-09

row18col9
West 0.000512847488494
East 7.24516401325e-09
North 0.0
South 4.95819439611e-08

row18col10
West 2.76276390014e-08
East 3.34108603331e-16
North 0.000347864207871
South 8.04575133937e-10

row18col11
West 6.13142353296e-06
East 2.41495068846e-12
North 0.0
South 1.14686920161e-13

row18col13
West 5.64264473242e-11
East 0.0
North 1.03913703129e-08
South 0.0

row18col14
West 0.0
East 2.55459037371e-05
North 9.34104068454e-22
South 0.0

row18col15
West 8.01377321813e-10
East 3.85370281482e-05
North 0.00380963083912
South 1.30770671758e-37

row18col16
West 1.93794474453e-06
East 3.01418392616e-30
North 0.00188189794749
South 1.35571998774e-06

row18col17
West 0.000396638462026
East 6.18844756903e-18
North 3.62409347203e-06
South 5.82617535973e-10

row18col18
West 5.92817302921e-05
East 2.44021083266e-08
North 5.36761791073e-16
South 4.10951940946e-10

row18col19
West 6.6976288093e-06
East 1.5396851946e-11
North 3.06180251098e-10
South 1.96246549373e-11

row18col20
West 7.98788750578e-07
East 1.12397584104e-25
North 6.55055951022e-17
South 1.56048667155e-12

row18col21
West 2.78890320855e-08
East 9.13295681717e-29
North 8.82000918648e-36
South 5.46685547578e-24

row18col22
West 1.1851566322e-15
East 0.0
North 7.01160143291e-37
South 2.61903756973e-30

row19col1
West 0.0
East 1.09977155179e-06
North 0.0
South 0.0

row19col2
West 0.0
East 0.0
North 4.60451794347e-05
South 0.0

row19col3
West 5.89114792125e-11
East 6.04352014039e-20
North 7.89066952722e-07
South 1.42776148455e-09

row19col4
West 1.23957598741e-14
East 0.0
North 1.82353070827e-13
South 0.0

row19col6
West 0.0
East 0.0
North 9.89894905015e-11
South 2.41128251618e-12

row19col7
West 0.0
East 0.0
North 0.000520028300559
South 1.72936549915e-17

row19col8
West 0.0
East 0.0
North 0.000512439692617
South 0.0

row19col9
West 0.0
East 0.0
North 9.46720478603e-06
South 0.0

row19col10
West 0.0
East 5.47246512816e-18
North 1.47689252655e-05
South 0.0

row19col11
West 5.43257734367e-07
East 0.0
North 4.94961564293e-10
South 0.0

row19col13
West 1.70861376496e-38
East 1.47989375467e-07
North 3.59708161043e-37
South 0.0

row19col14
West 0.0
East 1.29340576517e-05
North 0.0
South 0.0

row19col15
West 4.14718915431e-09
East 0.0
North 0.000343050899277
South 0.0

row19col16
West 5.76934833285e-09
East 2.7097459074e-34
North 7.23036021545e-05
South 2.85840833402e-13

row19col18
West 0.0
East 1.19492826416e-13
North 2.00590113208e-06
South 6.22365906294e-17

row19col19
West 5.10678775642e-08
East 2.23178976767e-23
North 0.0
South 5.04688861091e-40

row19col20
West 1.40658303898e-24
East 9.80664120455e-29
North 1.98433287178e-08
South 1.28629172398e-22

row19col21
West 2.41764686445e-10
East 2.5968906731e-25
North 3.16090427448e-27
South 5.73829545501e-29

row19col22
West 1.03653260741e-12
East 5.86605838115e-38
North 5.51375301923e-29
South 1.26962452486e-37
