
row1col1
West 0.0
East 2.31404943288e-05
North 0.0
South 0.0

row1col2
West 0.0
East 0.0
North 0.0
South 0.00045151784127

row1col3
West 0.0
East 0.0
North 0.0
South 0.00101752497987

row1col4
West 0.0
East 0.0
North 0.0
South 0.00273794489402

row1col5
West 0.0
East 0.0
North 0.0
South 0.00267522138569

row1col7
West 0.0
East 0.0
North 0.0
South 7.17093009527e-05

row1col8
West 0.0
East 0.0117354048321
North 0.0
South 0.0

row1col9
West 0.000560586697146
East 0.0011909236326
North 0.0
South 0.0761717554406

row1col10
West 6.47556058337e-05
East 0.0
North 0.0
South 0.0738204956094

row1col11
West 0.0115696671747
East 0.0
North 0.0
South 0.0

row1col13
West 0.0
East 0.0296590036381
North 0.0
South 0.451608091408

row1col14
West 0.0
East 0.0
North 0.0
South 0.562900200808

row1col15
West 0.0
East 0.0
North 0.0
South 0.336579568711

row1col16
West 0.0
East 0.0
North 0.00351965120353
South 0.457866785118

row1col18
West 0.0251106733401
East 0.00988038671151
North 0.0195459378289
South 0.52966320743

row1col19
West 0.234913388521
East 2.78144039174e-05
North 0.0
South 0.0

row1col20
West 0.060083143048
East 0.0
North 0.0
South 3.70567269712e-06

row1col21
West 0.00950356707261
East 0.0
North 0.0
South 1.3924196271e-05

row1col22
West 0.000891880980253
East 0.0
North 0.0
South 0.0

row2col1
West 0.0
East 0.000104115191901
North 0.0
South 0.0

row2col2
West 7.98341531363e-08
East 0.0
North 0.0
South 0.00502246126099

row2col3
West 0.0
East 0.0124322550128
North 3.05633474533e-05
South 0.0

row2col4
West 2.00615957348e-06
East 1.80248601612e-06
North 0.0
South 0.0982698766787

row2col5
West 0.0
East 5.37121302921e-06
North 1.59330117042e-09
South 0.107214522649

row2col7
West 0.0
East 0.0
North 0.0
South 0.00275965928141

row2col8
West 0.0
East 0.0464343137991
North 0.000442538653767
South 0.0

row2col9
West 0.00128808751642
East 0.0
North 0.00288463175677
South 0.465743068613

row2col10
West 0.248922685815
East 0.0
North 1.37571430162e-15
South 0.0

row2col11
West 0.0243851579397
East 0.0
North 0.0
South 0.0

row2col13
West 0.089799299368
East 0.946813496141
North 0.089396306757
South 0.258638031993

row2col14
West 0.273725678917
East 0.999989765006
North 0.135874876301
South 0.414382807968

row2col15
West 0.0
East 0.0
North 0.0
South 0.0

row2col16
West 0.997648281021
East 0.190195468162
North 0.0489377920609
South 0.208967128017

row2col17
West 0.932132496649
East 0.0867369890535
North 0.119195717411
South 0.0845802161194

row2col18
West 0.836001043635
East 0.0186221338025
North 0.0511034358595
South 0.00264210247596

row2col19
West 0.403677408727
East 0.0
North 0.0
South 0.0

row2col20
West 0.118822860396
East 1.80168558689e-07
North 0.000469573945014
South 6.43858667906e-08

row2col21
West 0.0231087466913
East 0.0
North 1.64295485439e-06
South 0.0

row2col22
West 0.00123061455935
East 0.0
North 0.0
South 0.0

row3col1
West 0.0
East 0.00113499225376
North 4.88163443315e-11
South 0.0

row3col2
West 2.39185731898e-07
East 0.0256158481744
North 0.0
South 0.0

row3col3
West 8.48830568563e-05
East 0.0848516633232
North 0.00020929765093
South 0.0

row3col4
West 0.000520551990136
East 0.261679846596
North 0.00598184612144
South 0.0

row3col5
West 0.0158335016169
East 0.0356106666781
North 0.00638052667083
South 0.405603947685

row3col7
West 0.0
East 0.0352315693244
North 0.0
South 0.0

row3col8
West 0.0
East 0.257281009771
North 0.00030508362092
South 0.0

row3col9
West 0.00993983407819
East 0.0118527350584
North 0.0610195168407
South 0.58413515306

row3col10
West 0.171712233863
East 0.0
North 0.0
South 0.0

row3col11
West 0.0144502372277
East 0.0
North 0.0
South 0.0

row3col13
West 0.855514708157
East 0.9025
North 0.876532147177
South 0.805447670473

row3col14
West 0.849184473328
East 0.95
North 0.940900789116
South 0.900427807633

row3col15
West 0.89450393782
East 0.823560660009
North 1.0
South 0.943751035578

row3col16
West 0.936813262642
East 0.189266961858
North 0.092093158804
South 0.15875795934

row3col18
West 0.0
East 0.0
North 0.376500003516
South 0.0113358491724

row3col19
West 0.091755970968
East 0.0
North 0.013131049397
South 9.52354183054e-05

row3col20
West 0.00785465857511
East 0.0
North 0.0019663892312
South 6.3614325862e-05

row3col21
West 0.000572843920172
East 0.0
North 0.0
South 0.0

row3col22
West 2.60480613355e-06
East 0.0
North 0.0
South 0.0

row4col5
West 0.0673574061605
East 0.0809257767591
North 0.0464082194317
South 0.489617309836

row4col9
West 0.238515362873
East 0.14396058919
North 0.120638540321
South 0.629851872334

row4col13
West 0.807127984252
East 0.810887572898
North 0.857375
South 0.769593063929

row5col1
West 0.0
East 4.54347155679e-06
North 0.0
South 0.0

row5col2
West 0.0
East 0.0
North 0.0
South 0.000132354022146

row5col3
West 0.0
East 0.0
North 0.0
South 0.000173946863316

row5col5
West 0.0912219097616
East 0.538459087099
North 0.0701362361616
South 0.0995326999145

row5col6
West 0.397133956649
East 0.568800092274
North 0.486863135974
South 0.449256667891

row5col7
West 0.45712862754
East 0.598736939238
North 0.509783236555
South 0.373988121499

row5col8
West 0.513759147324
East 0.630249409725
North 0.516742485847
South 0.423034760883

row5col9
West 0.514883298216
East 0.663420431289
North 0.523834712436
South 0.430240601974

row5col10
West 0.59156782219
East 0.698337296094
North 0.627956847897
South 0.597266241247

row5col11
West 0.641081937462
East 0.735091890625
North 0.671602131647
South 0.597587004065

row5col12
West 0.665923801933
East 0.7737809375
North 0.692721941553
South 0.592274287578

row5col13
West 0.727957353513
East 0.733647549978
North 0.81450625
South 0.706380165159

row5col14
West 0.7737809375
East 0.668616335873
North 0.639450857777
South 0.544609774797

row5col15
West 0.735091890625
East 0.590173090606
North 0.631151945444
South 0.551983721691

row5col16
West 0.698337296093
East 0.49767432332
North 0.562805544583
South 0.346969503792

row5col17
West 0.663420431282
East 0.332051529713
North 0.499153106431
South 0.528997595105

row5col18
West 0.555537349664
East 0.0494934079439
North 0.0604141084847
South 0.0343453454847

row5col20
West 0.0
East 0.0
North 0.0
South 0.0448860213876

row5col21
West 0.0
East 0.0
North 0.0
South 0.00755890804088

row5col22
West 0.0
East 0.0
North 0.0
South 0.00120332579972

row6col1
West 0.0
East 0.000104474272542
North 0.0
South 0.0

row6col2
West 0.0
East 0.0
North 0.0
South 0.00562332096764

row6col3
West 0.0
East 0.0
North 5.83644503352e-07
South 0.00883399771559

row6col5
West 0.0749274154289
East 0.458315863686
North 0.0811353224219
South 0.0266534551607

row6col6
West 0.295456136881
East 0.405533762232
North 0.540360087482
South 0.431491897691

row6col7
West 0.0822766963676
East 0.110483907047
North 0.557248042169
South 0.073662773503

row6col8
West 0.0513189427266
East 0.0123583232695
North 0.56893447633
South 0.14207279857

row6col9
West 0.0658268114706
East 0.585515619837
North 0.1658463136
South 0.0

row6col10
West 0.201799335365
East 0.21122916591
North 0.663403201006
South 0.240662317761

row6col11
West 0.135512633185
East 0.0794096432947
North 0.687653932918
South 0.155787921244

row6col12
West 0.0950993889444
East 0.101015324675
North 0.716007255401
South 0.108592055442

row6col13
West 0.223594559773
East 0.0447948313088
North 0.769465748498
South 0.212324905918

row6col14
West 0.0702935853738
East 0.0637671383988
North 0.713111585626
South 0.113727275335

row6col15
West 0.188819254839
East 0.0911118166621
North 0.695457133872
South 0.12059933075

row6col16
West 0.611611095267
East 0.111002944824
North 0.0782560648892
South 0.025224343825

row6col17
West 0.316239222347
East 0.3778226201
North 0.630249409658
South 0.480018139468

row6col18
West 0.590770404416
East 0.111943295632
North 0.106532919345
South 0.0887715502221

row6col19
West 0.506709720659
East 0.00440947219116
North 0.00698220859505
South 0.0598819675641

row6col20
West 0.326981442052
East 0.00177889476428
North 0.000875411818367
South 1.26420142636e-11

row6col21
West 0.130533569835
East 0.000280716048164
North 0.0
South 2.90901892326e-07

row6col22
West 0.0204561206283
East 0.0
North 0.0
South 0.0

row7col1
West 0.0
East 0.00110113819029
North 0.0
South 0.0

row7col2
West 3.17557661393e-05
East 0.0348432589244
North 6.68585878936e-08
South 3.0493465562e-06

row7col3
West 0.0
East 0.00501975145435
North 1.97189849303e-08
South 0.124581852283

row7col5
West 0.0227928602253
East 0.416805258395
North 0.0139438772101
South 0.00193173087445

row7col6
West 0.235074948166
East 0.400966454505
North 0.513342082005
South 0.400321708624

row7col10
West 0.0716555991538
East 0.100897768684
North 0.62577372884
South 0.0898979054998

row7col17
West 0.455847210804
East 0.40869172751
North 0.598736938258
South 0.459711584057

row7col18
West 0.553598515013
East 0.121364323374
North 0.102730495708
South 0.0303371751447

row7col20
West 0.0
East 0.0
North 0.048327773102
South 0.0

row7col21
West 0.0
East 0.0
North 0.0193293844832
South 0.0

row7col22
West 0.0
East 0.0
North 0.00198869317748
South 0.0

row8col1
West 0.0
East 0.00260435311051
North 0.0
South 0.0

row8col2
West 8.38406185166e-06
East 0.0592888734788
North 2.39302537875e-07
South 0.00190819642999

row8col3
West 0.00191109330922
East 0.265827374725
North 0.00595492258492
South 0.0136121168249

row8col4
West 0.00222554795437
East 0.394537790939
North 0.0277119148166
South 0.0347959517626

row8col5
West 0.0743713363941
East 0.457728304526
North 0.0317025379033
South 0.0558578612902

row8col6
West 0.288633176446
East 0.347751348713
North 0.487674970472
South 0.311903885676

row8col8
West 0.0
East 0.0580931959986
North 0.0
South 9.05368881927e-05

row8col9
West 0.0
East 0.268170047731
North 0.0107116282981
South 6.17370168958e-06

row8col10
West 0.00897214988259
East 0.0205823221207
North 0.567831179068
South 0.00286349607834

row8col11
West 0.427046291478
East 0.00113806187919
North 0.0346098089223
South 0.0

row8col12
West 0.238915335234
East 1.43332604544e-05
North 0.0
South 7.59061846979e-07

row8col13
West 0.0674665193727
East 0.000445460037608
North 0.0
South 0.0

row8col14
West 0.0143708511655
East 0.0
North 0.0
South 0.0

row8col15
West 0.000615474224603
East 0.0
North 0.0
South 0.0

row8col17
West 0.448237338874
East 0.145294095778
North 0.568800083609
South 0.386200040865

row8col18
West 0.0
East 1.14778896963e-06
North 0.337592475532
South 0.0666704060548

row9col5
West 0.0170374798891
East 0.373787265158
North 0.0390105439657
South 0.0392361593761

row9col6
West 0.214036947927
East 0.386791893845
North 0.463291087315
South 0.34066761497

row9col8
West 0.0
East 0.0
North 0.00489183556051
South 0.0

row9col9
West 0.0
East 0.00442921303415
North 0.0
South 0.0

row9col10
West 3.94651149115e-07
East 0.0
North 0.106581427172
South 0.0

row9col11
West 0.0
East 0.0
North 0.0209269600613
South 0.0

row9col12
West 0.0
East 0.0
North 0.0452869262702
South 0.0

row9col13
West 0.00298625830903
East 0.0
North 0.0
South 0.0

row9col14
West 0.0
East 0.0
North 0.00142912270801
South 0.0

row9col15
West 8.2449499445e-05
East 0.0
North 0.0
South 0.0

row9col17
West 0.367617978469
East 0.219358912183
North 0.540360021374
South 0.333233730752

row9col18
West 0.428515897087
East 0.0430002224088
North 0.0235072341263
South 0.0446262537696

row9col20
West 0.0
East 4.72129932254e-06
North 0.0
South 0.0

row9col21
West 2.7346008012e-08
East 0.0
North 0.0
South 0.000314164671472

row9col22
West 1.5763941486e-05
East 0.0
North 0.0
South 0.0

row10col1
West 0.0
East 3.89534170427e-05
North 0.0
South 0.0

row10col2
West 4.68148031446e-08
East 0.00208940473413
North 0.0
South 0.0

row10col3
West 0.0
East 0.0
North 0.0
South 0.0218654924229

row10col5
West 0.0171383117143
East 0.340869897846
North 0.0352894586693
South 0.0635850404288

row10col6
West 0.178128038297
East 0.286203320208
North 0.440125608471
South 0.261282259901

row10col17
West 0.362089103745
East 0.234692982634
North 0.513341655329
South 0.358284594643

row10col18
West 0.397357329648
East 0.0225229853884
North 0.0711774987447
South 0.0284117778705

row10col20
West 0.0
East 0.000211599956985
North 0.0
South 0.0

row10col21
West 6.86627767636e-09
East 5.83263291671e-08
North 0.0
South 0.00357284064982

row10col22
West 5.27316075823e-05
East 0.0
North 0.0
South 0.0

row11col1
West 0.0
East 0.000434054155112
North 0.0
South 0.0

row11col2
West 2.32808862354e-07
East 0.0110015088303
North 0.0
South 0.0

row11col3
West 2.20911419228e-05
East 0.122834235734
North 0.000111538186854
South 0.000940260175351

row11col4
West 0.0019171017233
East 0.25548578427
North 0.00889314185001
South 0.0013494396226

row11col5
West 0.0283864461814
East 0.374875100164
North 0.0472400009552
South 0.0538798642115

row11col6
West 0.204599959879
East 0.208110282633
North 0.418114618504
South 0.246331693564

row11col8
West 0.0
East 8.32069325052e-06
North 0.0
South 0.0

row11col9
West 0.0
East 0.0
North 0.0
South 0.000321067409137

row11col10
West 3.63948201926e-06
East 0.0
North 0.0
South 0.0

row11col12
West 0.0
East 0.000130361435461
North 0.0
South 0.0

row11col13
West 0.0
East 0.0
North 0.0
South 0.00401079968539

row11col14
West 0.0
East 0.0123525804856
North 0.0
South 0.0

row11col15
West 1.55516143716e-13
East 3.17051542312e-12
North 0.0
South 0.136718231362

row11col17
West 0.345714606394
East 0.143157650778
North 0.487673081197
South 0.319085947033

row11col18
West 0.33880468508
East 0.0102036489476
North 0.000537206487498
South 0.0136280197307

row11col20
West 0.0
East 0.000916908121138
North 0.0
South 0.0

row11col21
West 6.50858630393e-06
East 7.60387571995e-05
North 0.000149424195668
South 0.0133480011538

row11col22
West 0.00168864090245
East 0.0
North 0.0
South 0.0

row12col1
West 0.0
East 0.000127591808502
North 0.0
South 0.0

row12col2
West 0.0
East 0.00200593164902
North 0.0
South 0.0

row12col3
West 0.0
East 3.88156834215e-06
North 0.0240629538131
South 0.0

row12col5
West 0.0148363541755
East 0.316398710112
North 0.0417212790664
South 0.0282828688653

row12col6
West 0.153350126244
East 0.212625095304
North 0.397183415299
South 0.181888579317

row12col8
West 0.0
East 0.000232888783063
North 0.0
South 0.0

row12col9
West 0.0
East 0.0
North 0.0
South 0.00515891370245

row12col10
West 0.00021766580319
East 0.0
North 0.0
South 0.0

row12col12
West 0.0
East 0.000305179434516
North 0.0
South 0.0

row12col13
West 0.0
East 0.0315817542452
North 0.0
South 0.0

row12col14
West 0.0
East 0.131115324206
North 9.83928246859e-06
South 0.00251782784024

row12col15
West 0.00670880425936
East 0.312525992097
North 0.0104556395152
South 0.0180898841311

row12col16
West 0.00848562218442
East 0.424853632048
North 0.0611481680263
South 0.0513079506325

row12col17
West 0.21289575329
East 0.100885203904
North 0.463283977334
South 0.244604697564

row12col18
West 0.283380472893
East 0.0120501950929
North 0.0115503642119
South 0.00683287553055

row12col20
West 0.0
East 0.0045922463503
North 0.0
South 0.0

row12col21
West 0.0
East 1.40266115922e-05
North 0.000131808646113
South 0.038905943687

row12col22
West 0.000793625931894
East 0.0
North 0.0
South 0.0

row13col5
West 0.0743738918687
East 0.34880845024
North 0.0678697486125
South 0.0470921805947

row13col6
West 0.154692067103
East 0.169112946147
North 0.377201319672
South 0.165588490733

row13col9
West 0.000879401781235
East 0.0
North 0.0
South 0.0234225979311

row13col17
West 0.231147061211
East 0.185522900773
North 0.440083655586
South 0.182870747123

row13col18
West 0.414815586434
East 0.0720306138503
North 0.0157300060043
South 0.0607427355319

row13col21
West 0.00763969140261
East 0.00193561868657
North 0.000135795320885
South 0.0842250209029

row14col1
West 0.0
East 0.00774556402097
North 0.0
South 0.0

row14col2
West 3.81739102242e-15
East 0.0691535792241
North 0.00644417640822
South 0.00113243711139

row14col3
West 0.00453877804487
East 0.131937370984
North 0.000779931143049
South 0.000285617943483

row14col4
West 0.0059195594856
East 0.218891799442
North 0.00884148648221
South 0.000238533776568

row14col5
West 0.0245187769392
East 0.0446651567063
North 0.294487544609
South 0.0161762384148

row14col6
West 0.0815406623125
East 0.0517297879703
North 0.356979883687
South 0.0638731324045

row14col7
West 0.296917467312
East 0.0228503049177
North 0.0175881971862
South 0.0252002772309

row14col8
West 0.208033791818
East 0.0012362042758
North 0.00655079144815
South 0.000320983626457

row14col9
West 0.0881019271244
East 0.0
North 0.00030941533571
South 0.0

row14col10
West 0.010291113521
East 8.36773297771e-06
North 0.0
South 0.0

row14col11
West 0.000343517459085
East 0.0
North 0.0
South 0.0

row14col12
West 0.0
East 0.00030081598121
North 0.0
South 0.0

row14col13
West 1.97091573711e-09
East 0.00909401144489
North 0.0
South 0.0

row14col14
West 1.21304726432e-06
East 0.0519544028038
North 0.0
South 0.0

row14col15
West 0.0
East 0.178059419901
North 0.00124292022297
South 0.0194320112439

row14col16
West 0.0041054060048
East 0.325065070996
North 9.50555284669e-08
South 0.00480008262488

row14col17
West 0.0531889586028
East 0.0989012151183
North 0.41719824653
South 0.0592527697528

row14col18
West 0.061915862801
East 0.0155862291037
North 0.379840932681
South 0.0180556560423

row14col19
West 0.323061973507
East 0.0199233620801
North 0.0365089922324
South 6.27219058237e-05

row14col20
West 0.247804827676
East 0.0132398833927
North 0.0267609941228
South 0.0122568881667

row14col21
West 0.159223001537
East 0.00136693084446
North 0.00243505406259
South 8.83536706264e-05

row14col22
West 0.0221566750536
East 0.0
North 0.0
South 8.5376642704e-06

row15col1
West 0.0
East 0.00264074232779
North 0.0
South 0.0

row15col2
West 9.76542643762e-05
East 9.07968119416e-05
North 0.0275758173209
South 1.48002959253e-21

row15col3
West 0.000366407081474
East 0.00601883684014
North 4.54021901717e-21
South 0.0

row15col4
West 0.000309293835729
East 0.043325768862
North 0.00222839110912
South 0.0

row15col5
West 0.00346217946531
East 0.157195928571
North 0.000302175137388
South 0.0061429248988

row15col6
West 0.00374054325352
East 0.0426562776654
North 0.3274145438
South 0.0582427207061

row15col7
West 0.270356116086
East 0.00257183293715
North 0.0224483510629
South 0.0152957397077

row15col8
West 0.0
East 0.0
North 0.05156725449
South 0.0

row15col9
West 0.00433849763954
East 0.0
North 0.0
South 0.0

row15col10
West 6.18173520703e-06
East 0.0
North 0.0
South 0.0

row15col11
West 0.0
East 6.37320628309e-06
North 0.0
South 0.0

row15col12
West 0.0
East 0.000341657137284
North 0.0
South 0.0

row15col13
West 0.0
East 0.0158088803654
North 0.0
South 0.0

row15col14
West 0.0
East 0.0890446514709
North 0.000162238632427
South 0.0

row15col15
West 0.00686167914978
East 0.286356688044
North 0.0360327165799
South 0.0392433425992

row15col16
West 0.0210593449424
East 0.34622374475
North 0.0207355131417
South 0.0144680599887

row15col17
West 0.0577738062981
East 0.0100190927399
North 0.38868104685
South 0.07883644888

row15col18
West 0.128080436999
East 2.01870487229e-07
North 0.0233469566378
South 3.54994751895e-17

row15col19
West 0.0
East 0.0
North 0.0139261028695
South 3.75158753587e-09

row15col20
West 6.09905639425e-08
East 0.0
North 0.0873530993965
South 4.42457451881e-06

row15col21
West 0.00412749171793
East 0.0
North 0.0
South 0.000119884361839

row15col22
West 0.0
East 0.0
North 0.00164173213703
South 0.0

row16col2
West 1.42793085644e-05
East 3.12848091921e-11
North 0.00816235188098
South 7.20516520073e-12

row16col7
West 0.0103003330016
East 0.00392349125472
North 0.198896603448
South 0.000238499015119

row16col15
West 0.0102178903857
East 0.0172668357069
North 0.225540743905
South 0.0214732084219

row17col1
West 2.63308315453e-10
East 0.000205709058427
North 0.0
South 5.14578911486e-09

row17col2
West 9.87800317068e-18
East 2.17426745415e-08
North 0.00203218304323
South 1.31736987258e-10

row17col3
West 0.000194889481299
East 1.86410654813e-07
North 3.25493837538e-06
South 3.22984386082e-16

row17col4
West 1.36355581788e-05
East 0.0
North 0.0
South 0.0

row17col6
West 1.00627511272e-05
East 0.00861272601824
North 1.23625295629e-06
South 1.34037682971e-13

row17col7
West 1.12372180601e-05
East 0.000232815380179
North 0.124056112455
South 0.00309710537907

row17col8
West 0.0264307253784
East 0.0
North 0.0
South 0.0

row17col9
West 0.00213566537033
East 0.0
North 0.0
South 0.0

row17col10
West 1.58372915366e-05
East 0.0
North 0.0
South 0.0

row17col11
West 3.70958506709e-10
East 0.0
North 0.0
South 0.0

row17col13
West 0.0
East 0.00253549072664
North 0.0
South 0.0

row17col14
West 1.26063033865e-14
East 0.0332396271724
North 4.23335783704e-05
South 0.0

row17col15
West 0.00134356196515
East 0.000412809547986
North 0.156786676302
South 0.00591847210158

row17col16
West 0.0214320823069
East 0.0
North 8.56149708959e-05
South 5.30119867738e-22

row17col18
West 9.47731566161e-07
East 0.0
North 0.0
South 8.87535508679e-05

row17col19
West 0.0
East 0.0
North 0.0
South 0.00010830643417

row17col20
West 0.0
East 0.0
North 0.0
South 3.20033220624e-06

row17col21
West 0.0
East 0.0
North 0.0
South 6.50270938953e-07

row17col22
West 0.0
East 0.0
North 0.0
South 1.45116608465e-07

row18col1
West 0.0
East 0.0
North 1.24638995678e-05
South 0.0

row18col2
West 2.87625881496e-13
East 0.0
North 0.000122778533219
South 0.0

row18col3
West 0.0
East 0.0
North 7.53088557233e-06
South 0.0

row18col4
West 0.0
East 0.0
North 3.72338283944e-07
South 0.0

row18col6
West 3.55925797568e-12
East 0.00243161731113
North 0.0
South 0.0

row18col7
West 1.82526050035e-12
East 9.22992864262e-06
North 0.0526851963856
South 1.27164218872e-06

row18col8
West 0.0124129495647
East 1.05883536468e-06
North 0.0
South 4.12738262568e-13

row18col9
West 0.00130905263683
East 0.0
North 0.0
South 0.0

row18col10
West 9.53924992566e-05
East 0.0
North 4.22338844426e-11
South 0.0

row18col11
West 1.83780327349e-06
East 0.0
North 0.0
South 0.0

row18col13
West 0.0
East 8.27205620164e-08
North 0.0
South 0.0

row18col14
West 0.0
East 4.87965833288e-09
North 0.001381365995
South 0.0

row18col15
West 3.26229255743e-05
East 0.00142282544248
North 0.0841767244371
South 1.12840741843e-05

row18col16
West 0.0378197758328
East 0.000259786127642
North 0.000740876894058
South 2.48032105567e-26

row18col17
West 0.0144144003917
East 7.00467330334e-14
North 6.34242257353e-05
South 1.24560331947e-06

row18col18
West 0.00461763031657
East 3.37709215482e-05
North 1.34507596907e-06
South 1.52704230736e-07

row18col19
West 0.00125283539776
East 8.69560794615e-09
North 1.87605373448e-06
South 1.28826659819e-09

row18col20
West 0.000241174731366
East 4.58803992249e-09
North 2.5779433198e-09
South 2.11685010473e-08

row18col21
West 3.43778079213e-05
East 1.11064412851e-09
North 1.91251924133e-12
South 1.81626267081e-10

row18col22
West 2.4144119958e-06
East 0.0
North 0.0
South 0.0

row19col1
West 0.0
East 0.0
North 1.33206249119e-07
South 0.0

row19col2
West 0.0
East 0.0
North 3.77063010585e-06
South 0.0

row19col3
West 0.0
East 0.0
North 1.82810773935e-07
South 0.0

row19col4
West 0.0
East 0.0
North 4.65469399048e-10
South 0.0

row19col6
West 0.0
East 7.67263788029e-05
North 0.0
South 0.0

row19col7
West 0.0
East 6.12460060133e-10
North 0.00546875124307
South 0.0

row19col8
West 0.0
East 0.0
North 0.00120127913819
South 0.0

row19col9
West 1.01815381052e-05
East 0.0
North 0.0
South 0.0

row19col10
West 0.0
East 0.0
North 3.3595400092e-06
South 0.0

row19col11
West 2.40900114229e-26
East 0.0
North 0.0
South 0.0

row19col13
West 0.0
East 4.01142681187e-10
North 0.0
South 0.0

row19col14
West 0.0
East 3.7600916377e-07
North 0.0
South 0.0

row19col15
West 2.37186265671e-12
East 0.0
North 0.00748283203561
South 0.0

row19col16
West 0.0
East 0.0
North 0.000406181419907
South 0.0

row19col18
West 0.0
East 0.0
North 0.000237401592405
South 0.0

row19col19
West 0.0
East 0.0
North 1.62199050955e-06
South 0.0

row19col20
West 0.0
East 0.0
North 9.53805460468e-06
South 2.23347027849e-08

row19col21
West 2.59672281266e-08
East 0.0
North 0.0
South 0.0

row19col22
West 0.0
East 0.0
North 4.64013824189e-09
South 0.0
