
row1col1
West 2.09193997422e-09
East 8.67252837807e-06
North 3.14256751937e-28
South 1.49916996239e-27

row1col2
West 9.20381343325e-22
East 9.70586791288e-07
North 7.22698416722e-06
South 0.0015943900157

row1col3
West 3.77840601155e-20
East 2.37913981061e-05
North 5.85109255542e-05
South 0.00134700046454

row1col4
West 3.00232654756e-08
East 1.03124059309e-14
North 6.9763847611e-05
South 0.00715351119038

row1col5
West 0.000132101738521
East 6.15072564133e-15
North 0.0023796017484
South 0.0698815914626

row1col7
West 7.9017568685e-08
East 0.0
North 2.32526373172e-07
South 2.57936927377e-05

row1col8
West 2.32600974593e-07
East 0.00516530101874
North 0.0
South 0.0

row1col9
West 2.57346009652e-06
East 0.000515996162517
North 0.0107860527274
South 0.176116057949

row1col10
West 0.0
East 0.0
North 0.000452800571204
South 0.022386444293

row1col11
West 0.000238178858952
East 1.9818669135e-14
North 0.0
South 0.0

row1col13
West 0.0229471353006
East 0.0506186996047
North 0.0687544870124
South 0.590218011424

row1col14
West 0.0329973677623
East 0.0252350570703
North 0.305911767814
South 0.911375369746

row1col15
West 0.0128471297704
East 0.00199394275001
North 0.01524690625
South 0.431199907724

row1col16
West 0.0253317796875
East 0.00178995923818
North 0.00550362657498
South 0.415617019187

row1col18
West 0.00608962094234
East 0.00138799541884
North 0.0263682969695
South 0.340314469244

row1col19
West 0.0681484202977
East 0.000730107732671
North 4.23963641685e-05
South 0.0145029025207

row1col20
West 0.0114990015043
East 4.77872596574e-05
North 1.44679882197e-07
South 0.000577603839017

row1col21
West 0.00111379491895
East 1.05593876078e-05
North 4.45897695677e-08
South 2.42048880509e-05

row1col22
West 0.000109106855876
East 3.50816152457e-06
North 3.33532688744e-10
South 9.76604846152e-05

row2col1
West 2.03396934392e-06
East 0.000581023276888
North 1.94972879245e-28
South 1.72290828143e-28

row2col2
West 8.33168486929e-20
East 3.69271345575e-17
North 2.69753346173e-06
South 0.0146151485101

row2col3
West 9.28209730034e-08
East 0.0239567075441
North 1.51335101413e-18
South 1.75154475969e-18

row2col4
West 7.19055219035e-17
East 4.95163774058e-05
North 0.000113634200428
South 0.118868550417

row2col5
West 0.00490251025882
East 0.0119728668163
North 0.0107664248796
South 0.213311750277

row2col7
West 0.000111083933013
East 0.0
North 1.17438703335e-07
South 0.00852145667962

row2col8
West 0.000112658596173
East 0.0555843779603
North 0.0
South 0.00294171906611

row2col9
West 0.00120591950307
East 0.00908063605361
North 0.034009370653
South 0.46129792662

row2col10
West 0.16744027658
East 0.000582469499846
North 0.0
South 0.0

row2col11
West 0.022125120529
East 0.000970471784073
North 0.0
South 0.0

row2col13
West 0.726579740205
East 0.949986995943
North 0.18175300382
South 0.476240888125

row2col14
West 0.89652573259
East 1.0
North 0.709597387032
South 0.811355271989

row2col15
West 0.0
East 0.0
North 0.0
South 0.0

row2col16
West 0.992348571885
East 0.523207148577
North 0.0781212277788
South 0.221163983679

row2col17
West 0.920337081527
East 0.322165177537
North 0.0490524858099
South 0.214641300506

row2col18
West 0.808923934883
East 0.171148331076
North 0.0444678424752
South 0.0327203022472

row2col19
West 0.498883818806
East 0.024774123931
North 0.00189659404959
South 0.000248478833959

row2col20
West 0.198893300036
East 0.00391463209577
North 4.12798839203e-08
South 0.000100599010454

row2col21
West 0.0371408254764
East 9.33393120738e-05
North 7.12451046517e-07
South 9.87766291739e-05

row2col22
West 0.00411389228119
East 8.27508857763e-06
North 8.68520019399e-10
South 1.84642912858e-10

row3col1
West 0.000332638077875
East 0.0106399096823
North 3.32681207081e-06
South 9.60607106419e-12

row3col2
West 0.00133489916235
East 0.0606643924739
North 0.000451206687966
South 1.40365594786e-09

row3col3
West 0.00466125782174
East 0.178754309767
North 0.00143423167073
South 0.00896226291809

row3col4
West 0.0455601723779
East 0.32246613559
North 0.00207312227155
South 0.0233688673708

row3col5
West 0.0225942473349
East 0.0833117925035
North 0.067976357264
South 0.43796052434

row3col7
West 0.00178079905723
East 0.0743645230918
North 0.0
South 0.0

row3col8
West 0.0029162502811
East 0.245098214283
North 0.00170556349735
South 0.00873248777955

row3col9
West 0.000218866050393
East 0.000430027727275
North 0.234039583893
South 0.564882232072

row3col10
West 0.0491891118003
East 4.74691011799e-06
North 0.0
South 0.0

row3col11
West 9.99349498523e-05
East 0.0
North 4.44587481342e-05
South 0.0

row3col13
West 0.857352154295
East 0.9025
North 0.893026111829
South 0.80835692126

row3col14
West 0.857197684371
East 0.949999999405
North 0.95
South 0.890155110133

row3col15
West 0.641398582799
East 0.565973631817
North 0.999999999968
South 0.924944988517

row3col16
West 0.852166456365
East 0.196709291538
North 0.262144851776
South 0.0712523953948

row3col18
West 0.00621155953004
East 0.000192038783885
North 0.468798559595
South 0.0393775037868

row3col19
West 0.185775069727
East 0.00529414211465
North 0.00148724197551
South 3.68412869495e-05

row3col20
West 0.0533378126733
East 2.271313862e-05
North 0.00597562666519
South 9.93179590962e-05

row3col21
West 0.00594749541659
East 5.88409608763e-06
North 8.11487989774e-08
South 0.0

row3col22
West 0.000317908975987
East 8.5885715344e-06
North 0.0
South 1.84642912858e-10

row4col5
West 0.118850133539
East 0.0666544267473
North 0.183409393207
South 0.50304853547

row4col9
West 0.0971233747304
East 0.188038263296
North 0.180245473821
South 0.628822245028

row4col13
West 0.804148658515
East 0.808252514919
North 0.857375
South 0.773756063335

row5col1
West 2.96686075665e-09
East 2.04374638046e-05
North 0.0
South 0.0

row5col2
West 0.0
East 2.76748124627e-06
North 7.32102210731e-05
South 0.000952656909247

row5col3
West 0.0
East 0.0
North 6.74986863199e-21
South 0.00110637248961

row5col5
West 0.45141590437
East 0.540324345918
North 0.194956866159
South 0.124932374759

row5col6
West 0.509704048746
East 0.568800092276
North 0.500768031188
South 0.423534513412

row5col7
West 0.538937022222
East 0.598736939238
North 0.50251831389
South 0.439504014257

row5col8
West 0.566364347962
East 0.630249409725
North 0.536324202345
South 0.444206892214

row5col9
West 0.597345734125
East 0.663420431289
North 0.53059097032
South 0.435559147912

row5col10
West 0.629999564694
East 0.698337296094
North 0.615487475507
South 0.583636740964

row5col11
West 0.66316440778
East 0.735091890625
North 0.671931820275
South 0.564174120824

row5col12
West 0.697111228432
East 0.7737809375
North 0.661275175388
South 0.5700387492

row5col13
West 0.727018793807
East 0.726475278454
North 0.81450625
South 0.734921559164

row5col14
West 0.7737809375
East 0.692239714138
North 0.599441463705
South 0.43525977856

row5col15
West 0.735091890625
East 0.658829410164
North 0.555819652702
South 0.571869120465

row5col16
West 0.698337296094
East 0.623593826994
North 0.575880930563
South 0.410021172372

row5col17
West 0.663420431286
East 0.570336070248
North 0.548479533037
South 0.43984679919

row5col18
West 0.624608581729
East 0.346959171981
North 0.203660283292
South 0.182636331906

row5col20
West 0.0
East 0.0
North 0.000503946465128
South 0.0285825388848

row5col21
West 0.0
East 6.34469569088e-09
North 4.91054622387e-05
South 0.00984891917215

row5col22
West 0.0
East 0.0
North 8.77850244536e-05
South 0.00413862658829

row6col1
West 1.76261490325e-05
East 0.000394032073595
North 0.0
South 0.0

row6col2
West 8.94722148057e-06
East 8.99921977981e-23
North 5.85906764229e-05
South 0.00752989453008

row6col3
West 0.0
East 1.42017004928e-19
North 2.50327532176e-05
South 0.0226954280962

row6col5
West 0.0661340550729
East 0.460013190093
North 0.0738805013655
South 0.0626617820694

row6col6
West 0.308605184117
East 0.408072428964
North 0.540360087535
South 0.475055067191

row6col7
West 0.136019849654
East 0.103916437384
North 0.559292124499
South 0.163160960189

row6col8
West 0.011776216948
East 0.0489530741666
North 0.580858159317
South 0.175096620836

row6col9
West 0.194763532253
East 0.587014085149
North 0.0779318955268
South 0.055076676967

row6col10
West 0.177243181809
East 0.295718811094
North 0.663336000054
South 0.482099376571

row6col11
West 0.0991886845308
East 0.106428611378
North 0.682160786602
South 0.273635687399

row6col12
West 0.0582886650195
East 0.17274178498
North 0.715492027084
South 0.248957900755

row6col13
West 0.172059583784
East 0.261626296743
North 0.773763551543
South 0.569294505215

row6col14
West 0.190939415596
East 0.104250321385
North 0.68353485079
South 0.126298442204

row6col15
West 0.111363876658
East 0.0777149205034
North 0.696851768905
South 0.348045185141

row6col16
West 0.621770604069
East 0.186203417768
North 0.0873956245456
South 0.0366129684905

row6col17
West 0.370953533442
East 0.400244977455
North 0.630249409656
South 0.563318276588

row6col18
West 0.589087710343
East 0.192419599962
North 0.123780071247
South 0.030575578477

row6col19
West 0.483060633564
East 0.013079785596
North 0.0460878316662
South 0.0289310304987

row6col20
West 0.254125806232
East 0.0192224504215
North 0.000275605233903
South 0.0

row6col21
West 0.111997720817
East 0.00660131940955
North 0.000527510752785
South 1.37715966531e-05

row6col22
West 0.0406321806259
East 0.00282570438244
North 0.000140711878213
South 0.0

row7col1
West 0.000494950800341
East 0.00828107216807
North 0.0
South 0.00080843015371

row7col2
West 0.000705241520991
East 0.0555124647224
North 3.58364111193e-05
South 0.00240914768924

row7col3
West 0.00415600502816
East 0.00707067054993
North 0.00161084285626
South 0.150162055671

row7col5
West 0.101078125591
East 0.389445176288
North 0.0379177381681
South 0.00870662687303

row7col6
West 0.164874062609
East 0.42029212199
North 0.513342082411
South 0.456034356593

row7col10
West 0.127222930211
East 0.133186205647
North 0.625964309252
South 0.247777122444

row7col17
West 0.466219723928
East 0.30405969844
North 0.598736938731
South 0.530803102307

row7col18
West 0.514676776671
East 0.131895602692
North 0.0931944255685
South 0.0476655353241

row7col20
West 0.0
East 0.0
North 0.00694908210535
South 0.0

row7col21
West 0.0
East 0.0
North 0.00685416791158
South 0.0

row7col22
West 0.0
East 0.0
North 0.00305015168001
South 0.0

row8col1
West 0.00125077773656
East 0.03907581094
North 0.0
South 3.74349412817e-06

row8col2
West 0.0035721540653
East 0.150294034279
North 0.00301034681008
South 0.000126726920504

row8col3
West 0.0384653039837
East 0.321091466012
North 0.00211119425052
South 0.0222749549235

row8col4
West 0.063801120817
East 0.409573117366
North 0.0440932029675
South 0.011649816714

row8col5
West 0.176509298831
East 0.458857523995
North 0.0507841208358
South 0.0298126208266

row8col6
West 0.308004695559
East 0.398631030832
North 0.487674974269
South 0.437115499808

row8col8
West 1.22450986505e-06
East 0.0120509920257
North 5.40579127915e-13
South 0.0

row8col9
West 1.22450986518e-06
East 0.142246353315
North 5.23198220877e-15
South 2.02122896937e-11

row8col10
West 0.00234763663571
East 0.0429115106714
North 0.558382974441
South 0.0645462835098

row8col11
West 0.38362965783
East 0.036801728703
North 0.0330954534683
South 0.000213981556515

row8col12
West 0.198871564258
East 0.00156660128819
North 0.00947596156591
South 1.30276321273e-06

row8col13
West 0.0415055862591
East 0.000235802469298
North 0.000802229289999
South 2.33078154299e-05

row8col14
West 0.00614081460157
East 2.96839196875e-08
North 3.19585028985e-05
South 3.49002979793e-11

row8col15
West 0.000305877182256
East 4.09038260503e-06
North 0.0
South 0.0

row8col17
West 0.40978317016
East 0.183869770381
North 0.568800089069
South 0.500159539363

row8col18
West 0.337698358131
East 0.0198110502594
North 0.229802117808
South 0.0873172050783

row9col5
West 0.0883029025692
East 0.369232072609
North 0.0789148681776
South 0.00157992269289

row9col6
West 0.204232746477
East 0.362494802866
North 0.46329119643
South 0.410792780228

row9col8
West 0.0
East 0.0
North 0.000197110220164
South 0.0

row9col9
West 4.32782854182e-06
East 0.0335397459536
North 0.0
South 0.0

row9col10
West 8.07500526077e-05
East 4.40811941408e-06
North 0.281751211568
South 0.0256489228882

row9col11
West 2.51299949646e-05
East 2.31724736235e-08
North 0.0186075046708
South 8.8743712983e-07

row9col12
West 0.0
East 5.19215653199e-05
North 0.0292828102363
South 0.000363555375123

row9col13
West 0.00178214609914
East 1.32915925781e-10
North 0.0
South 2.4198784345e-20

row9col14
West 0.0
East 6.10976471063e-12
North 3.22829892277e-05
South 2.10600865048e-08

row9col15
West 5.27844692059e-09
East 7.04381533322e-12
North 0.0
South 1.22349411998e-16

row9col17
West 0.435957203167
East 0.313191480513
North 0.54036006349
South 0.481472899228

row9col18
West 0.462904754737
East 0.123963666724
North 0.0224451012784
South 0.0514790522956

row9col20
West 7.31800540041e-07
East 2.66997926667e-05
North 0.0
South 0.0

row9col21
West 1.71842795346e-07
East 1.74558644928e-21
North 4.51066057221e-07
South 0.000449092994797

row9col22
West 1.68538686428e-05
East 0.0
North 0.0
South 0.0

row10col1
West 1.22492608035e-11
East 0.000150722029695
North 0.0
South 0.0

row10col2
West 0.0
East 0.00418373535222
North 0.0
South 0.0

row10col3
West 1.38175512988e-12
East 0.000929223044934
North 0.00274738318463
South 0.0393216512815

row10col5
West 0.0289931793633
East 0.347909375038
North 0.03976991968
South 0.0318033959218

row10col6
West 0.208137025756
East 0.360611456741
North 0.440126487394
South 0.387416046954

row10col17
West 0.381372760081
East 0.238466530773
North 0.513341988174
South 0.453542234235

row10col18
West 0.418425307691
East 0.0957560874435
North 0.0449627577406
South 0.0364681654366

row10col20
West 2.62003423794e-06
East 5.46891675811e-05
North 0.0
South 0.0

row10col21
West 1.34360846733e-06
East 8.45656986483e-15
North 7.48070060376e-06
South 0.00307520812095

row10col22
West 6.26533468808e-05
East 6.22355298059e-07
North 0.0
South 0.0

row11col1
West 1.05360802509e-05
East 0.00612057290536
North 0.0
South 0.0

row11col2
West 0.000136786250271
East 0.0546764019095
North 0.000137981846997
South 6.248888474e-06

row11col3
West 0.00685809947293
East 0.189691342953
North 0.000323946560651
South 1.40747434301e-18

row11col4
West 0.040825825046
East 0.295842332017
North 0.00201831603763
South 0.0105473537263

row11col5
West 0.109874886503
East 0.373484350386
North 0.0238392128238
South 0.0452521703389

row11col6
West 0.164117431063
East 0.311385982639
North 0.418119435606
South 0.362041018151

row11col8
West 1.35208158054e-07
East 1.16319185544e-05
North 0.0
South 0.0

row11col9
West 0.0
East 0.0
North 1.31084563579e-05
South 0.00160475439899

row11col10
West 6.53314076006e-10
East 3.46989962946e-13
North 0.0
South 0.0

row11col12
West 0.0
East 3.14595557918e-09
North 0.0
South 0.0

row11col13
West 0.0
East 0.0
North 5.54098148066e-07
South 7.32033702956e-05

row11col14
West 5.54093236116e-07
East 0.00422875443293
North 0.0
South 1.12974133049e-13

row11col15
West 8.9757938003e-17
East 6.4839849394e-12
North 0.00666886330211
South 0.0457040483989

row11col17
West 0.348222442699
East 0.244798984534
North 0.487674573816
South 0.424225306997

row11col18
West 0.399960679199
East 0.119509757896
North 0.0374978061981
South 0.0505419025984

row11col20
West 1.8178987656e-07
East 0.000452849444702
North 0.0
South 4.12269664986e-21

row11col21
West 4.62060624437e-15
East 1.61043533576e-05
North 0.000214169461878
South 0.0109332280384

row11col22
West 0.000338861476646
East 5.81927554991e-06
North 0.0
South 3.59575336994e-05

row12col1
West 0.0
East 0.000368365587641
North 0.0
South 0.0

row12col2
West 1.08631168656e-05
East 0.00427313085652
North 0.0
South 4.84539100029e-07

row12col3
West 0.0
East 0.0
North 0.0397644477491
South 0.000307057879809

row12col5
West 0.0565752490383
East 0.289441911305
North 0.0231038121842
South 0.0264359572869

row12col6
West 0.121404330793
East 0.286367913448
North 0.397208507123
South 0.333735599769

row12col8
West 1.34301177778e-08
East 0.000320393892589
North 0.0
South 0.0

row12col9
West 0.0
East 3.31006436456e-07
North 9.62030371678e-05
South 0.0147541800003

row12col10
West 0.000580903977813
East 3.60985029786e-08
North 0.0
South 0.0

row12col12
West 2.54630505476e-06
East 0.00287621390642
North 0.0
South 0.0

row12col13
West 0.000172764968564
East 0.0198646525986
North 2.56017652368e-16
South 0.0

row12col14
West 0.000370223996128
East 0.118193061496
North 1.19213815255e-16
South 2.53980400983e-11

row12col15
West 0.0183992082122
East 0.280552139175
North 1.33680683957e-09
South 0.00385046180457

row12col16
West 0.0792399659564
East 0.404085666559
North 0.0156686667136
South 0.0456112221722

row12col17
West 0.206089670019
East 0.200230469318
North 0.463289102939
South 0.40641665001

row12col18
West 0.361059723598
East 0.106325065653
North 0.0669757199787
South 0.0676796234836

row12col20
West 0.0
East 0.00196459860178
North 8.67936136813e-20
South 0.0

row12col21
West 7.12611244073e-06
East 1.81346720985e-05
North 0.00151683285264
South 0.0311092436422

row12col22
West 0.00190977920789
East 6.18634404246e-06
North 0.0
South 0.0

row13col5
West 0.169155379988
East 0.346191867122
North 0.0267704129599
South 0.0459206617101

row13col6
West 0.167565942183
East 0.233582083551
North 0.3773244014
South 0.320252254021

row13col9
West 0.00297118628654
East 0.000566767738444
North 3.1002517107e-05
South 0.0678058907948

row13col17
West 0.304531387565
East 0.275424561102
North 0.440118849979
South 0.38144471857

row13col18
West 0.415860221384
East 0.282037986111
North 0.0764128870825
South 0.12000822115

row13col21
West 0.00339175097502
East 0.00314837251026
North 0.00225525035134
South 0.079129345455

row14col1
West 0.00292409855511
East 0.0223627990289
North 0.000541075263672
South 2.68917072397e-05

row14col2
West 0.00519241413289
East 0.0757919423795
North 0.0061959764047
South 0.0020989340027

row14col3
West 0.0165911604682
East 0.12666977253
North 0.0133218331224
South 0.00111798689567

row14col4
West 0.0309381947118
East 0.198296020929
North 0.0267233684354
South 0.00630540938748

row14col5
West 0.0162206058321
East 0.0676106388481
North 0.280593382059
South 0.0982263586358

row14col6
West 0.07974488226
East 0.15039403597
North 0.358315749295
South 0.262306750887

row14col7
West 0.3283142287
East 0.0917963254787
North 0.0722022523032
South 0.0124561673384

row14col8
West 0.274499268445
East 0.0677044116009
North 0.0396380573441
South 0.0102544081631

row14col9
West 0.186695057789
East 0.00840805504274
North 0.0074361306648
South 0.00123636258812

row14col10
West 0.0524478171594
East 0.000276633727245
North 0.0
South 3.62588567611e-07

row14col11
West 0.00546395576498
East 9.24352891814e-06
North 1.01147029376e-31
South 1.17282431677e-10

row14col12
West 7.48574613072e-11
East 0.0019691399573
North 2.19211332505e-07
South 0.0

row14col13
West 8.08292322797e-05
East 0.0211893377677
North 5.12787995058e-05
South 0.00313438008473

row14col14
West 0.00327242589497
East 0.0772276383641
North 0.00548837975299
South 4.08485899903e-28

row14col15
West 0.00579089448655
East 0.221380796656
North 0.0165230499497
South 0.0612588415769

row14col16
West 0.0417958499471
East 0.35470379841
North 0.081568337316
South 0.0479522429697

row14col17
West 0.1471956255
East 0.171928758437
North 0.418066497023
South 0.328323577044

row14col18
West 0.136755368468
East 0.0349207408572
North 0.380338678211
South 0.0890693484384

row14col19
West 0.322350399787
East 0.0378488792358
North 0.0135340439383
South 0.00435815834135

row14col20
West 0.246341278895
East 0.0356649472054
North 0.0332530074308
South 0.00223862129291

row14col21
West 0.159274190773
East 0.00543330862244
North 0.00292605321171
South 0.000263127024103

row14col22
West 0.0419395690195
East 0.00326602182795
North 0.000667894680493
South 1.8372112689e-05

row15col1
West 0.000279313768922
East 0.00370221572563
North 1.12960589135e-24
South 0.0

row15col2
West 0.000126748620331
East 0.0012187744264
North 0.0365874447182
South 0.00153277224857

row15col3
West 0.000183208631529
East 0.0309423706392
North 3.7451589861e-05
South 0.0

row15col4
West 0.00113361017714
East 0.104796378526
North 0.0184109496002
South 0.00599334913562

row15col5
West 0.0157950947451
East 0.251326513912
North 0.0444682498116
South 0.0237786751795

row15col6
West 0.053515962286
East 0.0374449165922
North 0.338238851925
South 0.22451900472

row15col7
West 0.286310471408
East 0.0376421497248
North 0.0554220064536
South 0.0185227394524

row15col8
West 0.0114856966217
East 0.000132118811731
North 0.129100696931
South 0.013704239381

row15col9
West 0.0144268250738
East 9.99309850705e-25
North 7.36023742941e-21
South 2.06935125164e-23

row15col10
West 0.000607231329478
East 2.57349321963e-05
North 8.30269453968e-24
South 0.0

row15col11
West 3.38305933015e-05
East 0.000957699822232
North 2.08149689244e-18
South 0.0

row15col12
West 4.00616230121e-05
East 0.0136894737405
North 1.71579041204e-09
South 8.65949634861e-07

row15col13
West 0.000520022903381
East 0.0886085988052
North 0.000780616248896
South 1.95155723474e-15

row15col14
West 0.0111503722537
East 0.243933917001
North 0.000427017496889
South 0.0369353601454

row15col15
West 0.124877142553
East 0.347880622653
North 0.0408278726527
South 0.0515456358677

row15col16
West 0.187962482449
East 0.37413850196
North 0.107566626772
South 0.0706560991763

row15col17
West 0.146125328688
East 0.0798092847991
North 0.396798204161
South 0.337645449784

row15col18
West 0.276901062809
East 0.00758491590108
North 0.0162526531401
South 0.00865010380674

row15col19
West 0.00838661218828
East 0.00209785858443
North 0.0764046942406
South 0.00470929754553

row15col20
West 0.000623371499978
East 0.0
North 0.0508815082734
South 0.00137439669083

row15col21
West 0.00437514680018
East 2.61609438202e-16
North 1.46991071909e-05
South 0.0

row15col22
West 0.0
East 0.0
North 0.0031012230912
South 1.83721126899e-05

row16col2
West 0.000326595114845
East 0.000548688701735
North 0.0152952114318
South 0.000621005104547

row16col7
West 0.0210025515742
East 0.026139125738
North 0.227358304172
South 0.0346799222504

row16col15
West 0.0719467870199
East 0.0454388810982
North 0.309076715679
South 0.0857953393185

row17col1
West 4.0334121166e-05
East 0.000965680097155
North 0.0
South 1.57807674137e-07

row17col2
West 1.52400762587e-06
East 2.93047294741e-09
North 0.00584689541617
South 0.000108598127877

row17col3
West 0.000690209462898
East 4.42374989216e-07
North 3.26410325916e-14
South 2.61693068102e-08

row17col4
West 1.4528978944e-05
East 3.00673038045e-07
North 0.0
South 2.64142707411e-17

row17col6
West 1.09813840909e-06
East 0.0157444320536
North 5.62617707525e-31
South 2.96164078742e-05

row17col7
West 0.00028211629456
East 0.00165320812803
North 0.161772349536
South 0.0252621196182

row17col8
West 0.0340080001286
East 0.000282418334885
North 3.47086947469e-05
South 7.80435618038e-05

row17col9
West 0.00459476226354
East 2.67515805847e-05
North 0.000206853716299
South 0.0

row17col10
West 0.000351640803838
East 3.75075464671e-12
North 1.99220471011e-07
South 0.0

row17col11
West 5.53181617505e-06
East 3.51242705753e-08
North 2.40557366961e-12
South 0.0

row17col13
West 0.000271988607371
East 0.00707183442777
North 6.8367163898e-12
South 0.0

row17col14
West 0.000163345475553
East 0.0992265430214
North 0.0
South 1.2720901634e-07

row17col15
West 0.01283208479
East 0.00612782422508
North 0.261261718761
South 0.0562311114166

row17col16
West 0.0794244551672
East 0.00236218980744
North 0.00109622655748
South 0.00184305075293

row17col18
West 0.0
East 1.61179078051e-05
North 4.35909797526e-08
South 0.0033580564872

row17col19
West 1.82337017587e-12
East 0.0
North 1.07045666583e-10
South 0.00292793876895

row17col20
West 0.0
East 2.69565282615e-07
North 6.62381639715e-06
South 0.000269276739375

row17col21
West 0.0
East 0.0
North 0.0
South 2.16534690203e-05

row17col22
West 0.0
East 0.0
North 0.0
South 1.28846137322e-07

row18col1
West 0.0
East 1.54936363656e-05
North 0.000108189153091
South 1.63721324545e-07

row18col2
West 3.50634552822e-06
East 6.81468176856e-08
North 0.000731937983501
South 6.37560385341e-06

row18col3
West 0.0
East 0.0
North 1.92403523791e-05
South 2.65723766559e-09

row18col4
West 0.0
East 0.0
North 1.32177274397e-07
South 2.12024809726e-12

row18col6
West 2.51818647802e-13
East 0.00411825236661
North 2.9332638519e-31
South 1.03217566411e-05

row18col7
West 7.66784062347e-05
East 0.000213406702712
North 0.0951885405323
South 0.00380014430762

row18col8
West 0.0305833491444
East 0.00164424723217
North 0.000629897671881
South 1.48578019896e-05

row18col9
West 0.00998626909579
East 0.000133184910714
North 3.10343390907e-07
South 4.81050465091e-06

row18col10
West 0.00208381839484
East 5.23447804494e-06
North 0.0
South 0.0

row18col11
West 0.00019472408983
East 8.73378660576e-07
North 0.0
South 0.0

row18col13
West 2.93170333335e-11
East 0.000791351867791
North 0.0
South 0.0

row18col14
West 0.0
East 3.82616328495e-15
North 0.0133535812478
South 0.000982422605686

row18col15
West 0.00138442551536
East 0.0152687596711
North 0.200489417861
South 0.017547565809

row18col16
West 0.133230630272
East 0.019737385223
North 0.00601575596747
South 0.000320069579228

row18col17
West 0.0842320713487
East 0.0134317641748
North 0.0103979890087
South 0.00378881234183

row18col18
West 0.053137524777
East 0.00491203364587
North 0.000155664384492
South 0.000160445523627

row18col19
West 0.0293454282396
East 0.00149306693504
North 5.65946509868e-05
South 5.70134524213e-05

row18col20
West 0.0113049026865
East 0.000135367121005
North 6.86914111527e-06
South 7.21808412287e-08

row18col21
West 0.00171316532906
East 2.27015446401e-05
North 1.40037582231e-16
South 0.0

row18col22
West 0.000217016428604
East 7.17537660613e-06
North 0.0
South 3.29189588797e-07

row19col1
West 0.0
East 0.0
North 5.83397461331e-06
South 1.81764827199e-07

row19col2
West 6.35069951757e-08
East 0.0
North 9.35095530992e-05
South 2.30471138264e-06

row19col3
West 0.0
East 0.0
North 7.68097342069e-07
South 0.0

row19col4
West 0.0
East 0.0
North 2.299829034e-10
South 2.12024809579e-12

row19col6
West 1.26569314065e-13
East 0.00118867352589
North 0.0
South 0.0

row19col7
West 1.44847299681e-10
East 3.45221592269e-05
North 0.0249168227246
South 0.00016848863822

row19col8
West 8.51643765239e-19
East 6.89504077705e-07
North 0.00404537353071
South 1.04943156854e-06

row19col9
West 0.000238396270396
East 1.76757670389e-10
North 8.46641647836e-34
South 0.0

row19col10
West 3.72121411345e-09
East 0.0
North 7.77346961761e-05
South 1.5858605316e-06

row19col11
West 3.650150257e-06
East 8.36675039614e-10
North 0.0
South 0.0

row19col13
West 1.13710279165e-05
East 0.000635653128489
North 0.0
South 0.0

row19col14
West 3.02203460599e-05
East 0.0144865231022
North 0.0
South 0.0

row19col15
West 3.82018603542e-07
East 0.000395273800551
North 0.0879592421222
South 0.0140918145055

row19col16
West 0.00199175196153
East 0.000395180852701
North 0.0186837869437
South 0.000632121355244

row19col18
West 1.08740293485e-09
East 5.02850090204e-13
North 0.00504074218022
South 2.32269358486e-05

row19col19
West 0.0
East 0.0
North 0.00239854899305
South 5.72745021269e-05

row19col20
West 0.0
East 0.0
North 0.00167966364456
South 2.97479117525e-06

row19col21
West 4.19624677182e-05
East 5.48429184261e-17
North 0.0
South 0.0

row19col22
West 0.0
East 0.0
North 1.54604304927e-05
South 2.64471447449e-07
