0.00553999391236
0.0291566800994
0.0394464136651
0.0499474664988
0.0401458521285
0.0534279287869
0.0578477494507
0.0602890424881
0.0619914028892
0.0563295980601
0.0756431214093
0.0806875090201
0.0810925682983
0.0841604829678
0.0785497841032
0.0886018695878
0.0882918742744
0.0902684222801
0.0905022939071
0.0884743799681
0.0885390276371
0.0888095561901
0.0921300260815
0.0904717871255
0.0923160805611
0.0924519252429
0.0944604229712
0.0955653028928
0.0944425264057
0.0921394971619
0.0892563254624
0.0883523438652
0.0888278540238
0.0890286822678
0.08996475783
0.0885424513905
0.088453480004
0.0890143781662
0.0898445418187
0.0901965415102
0.0932680087488
0.09667531687
0.0980098812332
0.0983310212045
0.0975299743549
0.0954585990173
0.0969687415921
0.0961727730154
0.0996274908458
0.0989012326656
0.0979045274285
0.0970337446276
0.0959149071866
0.0953281033417
0.0968881962727
0.0964653993624
0.0950286112319
0.0959638688472
0.0951820080889
0.0942825070272
0.09610351696
0.0966457526758
0.0958469074216
0.0951042292006
0.0943088498422
0.0939257617259
0.0965586796348
0.0968206277055
0.0962784332227
0.0958733224193
0.0951467894132
0.0951625556522
0.0960638269004
0.0955153686264
0.0950489260881
0.0943697284054
0.0935563529243
0.093299338003
0.0953441076402
0.0959737710819
0.097065746625
0.0965043012255
0.0969123087617
0.0971490868257
0.0970266332744
0.0965511612947
0.0966133841202
0.0965291965513
0.0961965489935
0.097340065276
0.0967376125855
0.0964216940026
0.0966164661319
0.0967650335686
0.0968592778683
0.0965521614354
0.0975644565892
0.099476649065
0.100472970088
0.100106545792
0.100860439425
0.101647299278
0.102550355388
0.103518816234
0.102934011855
0.10356590356
0.104814940974
0.106799550043
0.106016653955
0.106048891293
0.105946793186
0.107207256323
0.107725243678
0.11012099088
0.110473275218
0.112934967463
0.112828978802
0.112989321511
0.113328939349
0.114089666271
0.114352388858
0.114555495943
0.114134851714
0.114887618746
0.114771303812
0.114879452755
0.115890479698
0.116770673293
0.116837359507
0.117201877435
0.117852248798
0.117378829463
0.117752904284
0.118637397332
0.118867850281
0.11914773166
0.120442119127
0.120870471342
0.121708246146
0.122598536336
0.123212789741
0.123292420241
0.12353780364
0.123370310963
0.12330165353
0.124271015755
0.125270647223
0.125975070341
0.126807346847
0.126911767214
0.127801936082
0.128508432662
0.128524605101
0.128611490375
0.12885400817
0.129834145215
0.12997129491
0.130619771266
0.130802007064
0.130962370798
0.131202174226
0.132145237399
0.132487563585
0.133175158547
0.133660718257
0.13405554328
0.134272077505
0.134785508942
0.134951242371
0.135827538639
0.136733864392
0.136921038446
0.137218380568
0.137568738383
0.13789203512
0.138399064445
0.138655139753
0.139536181344
0.140232894741
0.14033945781
0.140500478681
0.141463969358
0.14124212944
0.141322098399
0.142181503977
0.142643938235
0.142492834349
0.142690548762
0.142697693794
0.143544425358
0.143808161083
0.144626755873
0.145089573044
0.145587365462
0.145522453519
0.145969403838
0.146331653495
0.146972030539
0.147314232799
0.147695703428
0.147396639241
0.14782372982
0.148356892974
0.148075172508
0.148759537296
0.148778055967
0.149282202739
0.149162753108
0.149193235099
0.149428265584
0.149593221855
0.150668541425
0.151216458393
0.151732620777
0.151519423568
0.152244144008
0.152662357939
0.1532602872
0.153716956309
0.154344297493
0.155008265879
0.155139312277
0.155256901672
0.155266734246
0.155546802864
0.15586865474
0.156782577849
0.156962035063
0.157545498313
0.157673566326
0.157832982458
0.15815859413
0.158258745338
0.158410882099
0.158508904461
0.158825499326
0.158703806761
0.15916662776
0.159457739747
0.159371358189
0.159481389536
0.159801018129
0.159853340402
0.160782885151
0.161119337016
0.161505374466
0.162645694089
0.162692752548
0.163137675015
0.163892239802
0.164483060596
0.164832310969
0.164962369811
0.165373371145
0.165514023784
0.166275651568
0.166275078372
0.166515534682
0.166660997817
0.166892642263
0.167099541161
0.167436856233
0.16812993432
0.16851105848
0.168961399862
0.16914987076
0.169630444532
0.170558150001
0.171215294494
0.171331036694
0.171515857678
0.171895776702
0.171946299163
0.172094867114
0.172136812616
0.172321653574
0.172810943939
0.173278502308
0.173396496698
0.173326244293
0.173513738964
0.17364818071
0.173560684634
0.173625469338
0.174317090765
0.175249112239
0.17522005411
0.175228563217
0.175522286423
0.17596944078
0.176548292384
0.176542457238
0.176733131717
0.177013442787
0.177218680694
0.177829703425
0.177960959091
0.177873751331
0.17767813311
0.177588140005
0.177912175383
0.178044030473
0.178331803757
0.178558711708
0.178725137631
0.179602674975
0.179670902045
0.180011713458
0.18006586771
0.180022855673
0.180111671234
0.180490056224
0.18095741544
0.181192856608
0.181452313882
0.181711654407
0.182195279879
0.18220562021
0.182877656479
0.183153138545
0.183454496973
0.183880125384
0.183945018788
0.184031469242
0.184222397324
0.184502522605
0.184485111976
0.1845525403
0.184582181076
0.184688170404
0.184863052938
0.185210756473
0.185762942807
0.185868352782
0.186436609605
0.186537949205
0.186542929291
0.187154113626
0.187055996598
0.187158370345
0.187083805427
0.18710700618
0.187231715319
0.187568187945
0.188411022171
0.18860440628
0.188953042911
0.189503610419
0.189860918266
0.189882092719
0.190463049903
0.190581684414
0.190802661941
0.191079477403
0.191346241662
0.191704617214
0.191911715802
0.192193499573
0.192183902429
0.192129605364
0.192444714213
0.192490018255
0.192572831394
0.19270594138
0.192913145247
0.193090099386
0.193420108277
0.193664092986
0.193790681179
0.194049115146
0.194300943804
0.194406908983
0.194658760638
0.195071575944
0.195482158136
0.195397484177
0.195991419047
0.196413352532
0.196580969727
0.196508237333
0.196643374136
0.197126895155
0.197138132258
0.197204502891
0.197133730197
0.197414630363
0.19751506385
0.197812146648
0.197730853618
0.19769788986
0.198292450708
0.198668674516
0.198811285476
0.198866671114
0.198766297845
0.199027338035
0.199520601789
0.199670694966
0.200027564813
0.200047443156
0.200071430872
0.200266979316
0.200585472887
0.200917184346
0.201033279865
0.201255171499
0.201331592108
0.201425764146
0.201551791672
0.201591544185
0.201746694154
0.201815403925
0.201867657059
0.201804174154
0.202173094109
0.202454280046
0.202356454617
0.202614539132
0.202616825291
0.202642797747
0.203003030032
0.202964977047
0.202924391802
0.202929727269
0.203029712671
0.203118986982
0.202954933705
0.203134168518
0.203048921238
0.203377206567
0.203967770886
0.204063671688
0.204194373414
0.204077203117
0.204218393266
0.20465777896
0.204715275055
0.204988659235
0.204945722489
0.205250921944
0.205439458919
0.205261656946
0.205353801523
0.205552900109
0.205576866883
0.205931798103
0.206176375352
0.206106149459
0.206239300779
0.206624406477
0.2067361511
0.206778627359
0.206757090651
0.206887286071
0.206983567656
0.206917485214
0.206915631642
0.206993176151
0.207152618962
0.207329478372
0.207478407202
0.207753054092
0.207613556916
0.207794531289
0.207899960879
0.207846250786
0.207927785544
0.207952130604
0.207996214723
0.208229089036
0.208297519727
0.208347851899
0.208281398361
0.208202563996
0.208226431066
0.208285736993
0.208230612781
0.208398136309
0.20846886075
0.208594814858
0.208427360016
0.208811857624
0.209090921933
0.20925636094
0.209172637379
0.209245987716
0.209587645707
0.209738142762
0.21000117449
0.210206003021
0.210377778558
0.210392475103
0.210487546955
0.210462381892
0.210656160904
0.210785960785
0.210905272997
0.211002219182
0.211278113159
0.211286501236
0.211359010513
0.211319258382
0.211478447538
0.211754124469
0.211822978634
0.211742633551
0.211950739136
0.211957382926
0.212103332516
0.212170472055
0.212238861763
0.212233121904
0.212281550493
0.212189260751
0.212270071748
0.212216499974
0.212259196205
0.212418266711
0.212394725507
0.212554891311
0.212581497863
0.212615205403
0.212785238401
0.212977584533
0.2132041459
0.213285422641
0.213360531623
0.213368271
0.213399601697
0.2135698358
0.213615613285
0.21364781093
0.213900707409
0.214179556791
0.214099167342
0.214283225871
0.214435559679
0.214530163297
0.214716277606
0.214757479776
0.214909310512
0.214875744798
0.215041691349
0.215084551166
0.215431169953
0.215501995634
0.21574058879
0.215938782499
0.215898607662
0.21595071962
0.216001544173
0.216019251662
0.215949063088
0.216016488617
0.216106031834
0.216248401333
0.216463863817
0.21633123105
0.216393648127
0.216468922996
0.216456289176
0.216502927256
0.216475773006
0.21640094497
0.216444689724
0.216511589569
0.216605032702
0.216869091198
0.216886008135
0.216978082732
0.216937508728
0.216850904778
0.216889739384
0.216831529403
0.216814303257
0.216856260797
0.216972090447
0.216880884295
0.21708825663
0.217145117447
0.217213847061
0.217147675844
0.217196805486
0.217245191903
0.217282910251
0.217235412268
0.217114220676
0.217139914739
0.217189076533
0.217388028088
0.217387111438
0.217629024849
0.217670611666
0.217663030004
0.217728407551
0.217875447427
0.217806436646
0.217995798645
0.218063702826
0.218208607511
0.218244024974
0.218315984444
0.218324480337
0.218263455572
0.218319520488
0.218481030604
0.218487325638
0.218581990772
0.218768749906
0.218761595085
0.218662584901
0.218796982412
0.218905043113
0.219153362169
0.219108535841
0.219024311333
0.219121989488
0.219148843182
0.219288116047
0.219528208994
0.219566192589
0.219776393392
0.219663510277
0.219729822359
0.219762179882
0.219822638913
0.219818034281
0.219839365807
0.219885729575
0.219947890299
0.22003084786
0.220143016255
0.220129604265
0.220223267829
0.220122741207
0.220007608439
0.22026799204
0.220429785467
0.220438548687
0.220466014013
0.220625254953
0.22062949064
0.220624734871
0.220732100682
0.220848111052
0.220865664539
0.221057831588
0.221391675378
0.221410358504
0.221445645739
0.221552057953
0.22176071056
0.221993022117
0.222002111024
0.222216288063
0.222300394562
0.2223472814
0.222518705322
0.222730975233
0.222821571137
0.222810627521
0.223005535544
0.223102225333
0.223196348765
0.223251396185
0.223279999905
0.223328812015
0.223412461562
0.22350445938
0.22373466818
0.224096472243
0.224216803142
0.224107551702
0.224206520607
0.224261551186
0.224377176131
0.224576247736
0.224470439091
0.22443448571
0.224431999462
0.224443046708
0.224611793394
0.224498344346
0.22462886798
0.224701298962
0.224758330492
0.224739532716
0.224864273771
0.224847005469
0.224979890159
0.225128291672
0.225073493452
0.225139855717
0.225156157246
0.225239805722
0.225249553799
0.22526118404
0.225211561248
0.225178631138
0.225299341182
0.225354457079
0.225256325202
0.225249677516
0.225255001903
0.225420046172
0.225459788712
0.225557015695
0.225463617014
0.225551828134
0.225723780187
0.225752892872
0.225850326351
0.226115528222
0.226117958657
0.226120292264
0.226049983051
0.226059581542
0.22617290469
0.226256502553
0.226505663332
0.226626999687
0.226674600229
0.22685096041
0.227026061422
0.226916637755
0.227079986944
0.227278716381
0.227236306381
0.227358696985
0.227322703705
0.22726913101
0.227222657797
0.227187444141
0.227168843773
0.227390193282
0.227563757355
0.227503816223
0.227474249701
0.227438981599
0.227430573668
0.227501075045
0.227432858352
0.227384855873
0.227506566135
0.227523218229
0.227587244217
0.227561092411
0.227646633104
0.227616896576
0.227578214008
0.227653972297
0.227702763747
0.227743417286
0.227747870617
0.227854728447
0.227812430374
0.227992004579
0.228121161085
0.22810249015
0.228286373801
0.228327446229
0.228405165408
0.228422212405
0.228317929108
0.228388744786
0.228416741956
0.22847279289
0.228475957374
0.228579407975
0.228803879198
0.228907865479
0.228896968336
0.228915425997
0.228929108544
0.228915653638
0.228923173773
0.228961912663
0.229065175645
0.22895656288
0.228974643959
0.229067555522
0.229134964008
0.229079147453
0.229061742573
0.22909586694
0.229100033925
0.229136785438
0.229242617316
0.229184672364
0.229177629644
0.229208509297
0.229225307405
0.229180549683
0.229177108939
0.229298068412
0.229344170855
0.229417330434
0.229378752522
0.229454237204
0.229468855375
0.229470387963
0.229408746048
0.229362213183
0.229269514326
0.229250134696
0.229225385696
0.229272872565
0.229487954312
0.22951183286
0.229486188011
0.229509523068
0.229529297232
0.229491723403
0.229515914616
0.229664419159
0.22976578111
0.229838913158
0.229916309879
0.229845722528
0.229946776964
0.229942881121
0.229883164597
0.229873623957
0.230010255426
0.229990998815
0.2300507
0.230080016648
0.230078919871
0.230008839429
0.229984795091
0.230021667985
0.230077295983
0.230148632494
0.230306458088
0.230344696076
0.230409678612
0.230353213947
0.230397942681
0.230409222538
0.230568753342
0.230650978996
0.230671783782
0.230657125452
0.230601129832
0.230838280922
0.230987744643
0.231001315387
0.23094180668
0.231078760047
0.231100569345
0.231253088491
0.231443157409
0.231384209568
0.23149041882
0.231512641456
0.23151599157
0.231687059905
0.231745729136
0.231868611751
0.231966590372
0.23190023357
0.231946022667
0.231944802007
0.231857174875
0.231825107633
0.231874805847
0.232008226305
0.232052855198
0.232016190026
0.23207612042
0.232105895062
0.232086293589
0.232038738888
0.232138450382
0.232108461898
0.232206626456
0.232202711926
0.232306439657
0.232283641811
0.232399737765
0.2323166835
0.232242346705
0.232295494736
0.232326724666
0.23230836153
0.232340321565
0.232343403923
0.232389543105
0.232541261565
0.232492677386
0.232447720817
0.232557875588
0.232506281714
0.232469548968
0.232489280851
0.232588922731
0.232505121171
0.232470244968
0.232516241441
0.232659753571
0.232754326843
0.232676611906
0.232729291359
0.232739635689
0.232782422337
0.232842019157
0.232821023513
0.232943306173
0.233044139173
0.233175936872
0.233305615137
0.233403895176
0.233355994867
0.233313944972
0.233440128291
0.233491514147
0.233474714844
0.233506982357
0.233505940647
0.233462352816
0.23356540241
0.233691614721
0.233669224525
0.233692940093
0.23379217074
0.233945381874
0.233883071267
0.233982053886
0.234045529813
0.234000384437
0.234095163952
0.234174091844
0.234237118031
0.234244171934
0.234169449058
0.234143686478
0.234190952843
0.234227152575
0.234224400819
0.234105298631
0.234113023692
0.234150135239
0.234195435555
0.234185287989
0.234171797253
0.234213610854
0.234327566525
0.234317674876
0.234399251967
0.234444370304
0.234602620709
0.234741139921
0.234828548228
0.234844625473
0.234895750944
0.234852737315
0.234853601836
0.234839106396
0.234835134181
0.234888911093
0.234907370056
0.23488803462
0.234958879979
0.234860664447
0.234871246959
0.234868588136
0.23482503709
0.234952841978
0.234905010547
0.234844112128
0.234835802102
0.23481275279
0.234765908996
0.23488334944
0.234917584399
0.23501258498
0.235025325544
0.234974004822
0.235044022432
0.234983320069
0.234898793909
0.234856970828
0.23489785015
0.234918608349
0.234908064484
0.234903674078
0.234961938544
0.234974762395
0.234952956059
0.234982327759
0.235047208555
0.235061132712
0.235035428456
0.235029156537
0.235137369811
0.235133163411
0.235142906685
0.235211416652
0.235223732539
0.23532687729
0.235304830234
0.235385682382
0.235466973965
0.235410476742
0.235552632204
0.235491034448
0.235431534013
0.235590641605
0.235602419316
0.235614603287
0.235614582675
0.235642053732
0.235746661973
0.235836994201
0.235978068935
0.235986213485
0.23600676635
0.236042054008
0.236020956712
0.236059760735
0.236086059919
0.236165190533
0.236141520097
0.236197151786
0.236274794496
0.236270174989
0.236235815396
0.236271822792
0.236342364225
0.236288843008
0.236483197733
0.236547852756
0.236736459624
0.23679996544
0.236818277057
0.236818369234
0.236824368381
0.236786955556
0.23690070778
0.236855625577
0.236986924803
0.237027677293
0.237018137965
0.237003003733
0.237036097949
0.237095642453
0.237107602924
0.237064927347
0.236982213345
0.237006424286
0.236947086767
0.237030775918
0.237055057109
0.237215371781
0.237246315121
0.237314624075
0.237401142436
0.237364358786
0.237479314307
0.237529338587
0.23752026808
0.237714154896
0.237856265255
0.237874759335
0.237946902566
0.237958057147
0.237976544865
0.238031486743
0.23813593492
0.238054969957
0.238001609434
0.23801403482
0.237992000922
0.237953982984
0.238005627141
0.238198203571
0.238199198509
0.238240328504
0.23820832781
0.238219447036
0.2382486122
0.238238763383
0.238216436097
0.23828371361
0.238236667506
0.238214472177
0.238238650882
0.238225976442
0.238290182436
0.238247506631
0.238293934757
0.238237570148
0.238356536526
0.238342194729
0.238288639185
0.238369874415
0.238348141471
0.238340559209
0.238348928102
0.238333197238
0.238420102104
0.238452161469
0.238488992196
0.238464078031
0.238412960519
0.238564745918
0.238587184806
0.23867309784
0.238639646195
0.238777193554
0.238960955397
0.238901700854
0.238901028023
0.23894468356
0.23898731463
0.239071075904
0.23910422332
0.239077418801
0.239128192306
0.239198590805
0.239176708406
0.239161607302
0.239092363247
0.239096156295
0.239080109052
0.239165859617
0.239190594744
0.239250963179
0.239208159896
0.239312270268
0.23927450782
0.239334970407
0.239322844218
0.239275406784
0.239348653811
0.239436122633
0.239437731657
0.239386895067
0.239438018909
0.239428956707
0.239435980685
0.239492512954
0.239489307574
0.239582890113
0.239674233509
0.239686430935
0.239696476634
0.239660081229
0.239700918563
0.239812250437
0.239777238316
0.239797553474
0.239757225864
0.239696451147
0.239724471773
0.239670355406
0.239722638769
0.239736404384
0.239747307551
0.239822992492
0.239856986628
0.239818037882
0.239816018145
0.23986833619
0.23985969018
0.23990660289
0.239848011362
0.239873399577
0.239900780288
0.239984589968
0.239982270727
0.239970680332
0.239912927487
0.239927866515
0.239931346339
0.239897303985
0.239934549426
0.240000199559
0.239984154915
0.240013708985
0.240023222273
0.240046272526
0.240001936678
0.239968472452
0.239990134163
0.240021683714
0.239989582413
0.240024078742
0.240044754615
0.240048277695
0.240041476824
0.240003146815
0.239972958371
0.239991699353
0.240019557342
0.239986112229
0.240039353557
0.240061285225
0.240053899986
0.240043311121
0.239999959616
0.240006690668
0.239983238975
0.240018380154
0.240087771354
0.240166877088
0.240145486196
0.240135822954
0.240079109543
0.24011835031
0.240142947355
0.240178711417
0.240144933162
0.240131655905
0.240168227456
0.240104849056
0.240148392118
0.240140618129
0.240176590529
0.240198734097
0.240221104371
0.240222583576
0.240286264089
0.240281569523
0.240297649387
0.240440327134
0.240531665153
0.240489033367
0.240531240296
0.240475229413
0.240503575378
0.240545839279
0.240589124326
0.240619033284
0.240681716976
0.240756569265
0.240803568042
0.240820298923
0.240827798706
0.240802934948
0.24083946698
0.240807534459
0.240815522487
0.240883785796
0.240934591468
0.24095139606
0.240940950811
0.241018052003
0.241033458371
0.241100609734
0.24110703862
0.24121669639
0.241211839626
0.241199792685
0.241209877801
0.241213061571
0.241253045433
0.241279506968
0.241297244101
0.241257940575
0.241279350086
0.241258269834
0.241219245479
0.241255844041
0.24135162532
0.241428288694
0.241451467797
0.241492871219
0.241517536102
0.241504546444
0.241457605339
0.241446372678
0.241438070707
0.241442783472
0.241436533546
0.241429030709
0.241391304787
0.241478571523
0.24147196224
0.241557389862
0.241608593261
0.24160990601
0.241648258798
0.241625957805
0.241624889579
0.24166312822
0.241670537872
0.241712856657
0.241710023887
0.241763921641
0.241793722136
0.241837873419
0.241806570914
0.241813871243
0.241805128509
0.241786160451
0.241770645408
0.241729168036
0.241791417043
0.241877761754
0.241846184523
0.241800015709
0.24182286435
0.241844419902
0.241806132404
0.241817163894
0.241881860781
0.24189859978
0.241847124177
0.24185364582
0.241799903221
0.241805773905
0.241845570574
0.241934241144
0.242008920099
0.242056442395
0.241982503531
0.241987262795
0.242015554957
0.242052425229
0.242116012169
0.242120753831
0.242118660162
0.24207676961
0.242126638351
0.242090553176
0.242178405059
0.242151371206
0.242130282834
0.242140177269
0.24217253072
0.2421390256
0.24214454686
0.242282669286
0.242348579005
0.242377739471
0.242345343298
0.242334524305
0.242438536172
0.242555243198
0.242572255861
0.242539888509
0.242592068954
0.242572629821
0.242618664881
0.242621573163
0.242634310063
0.24259024261
0.24266218258
0.242673909142
0.242680392251
0.242609921807
0.242637142668
0.242647272323
0.242637036349
0.242661938071
0.24266796301
0.242603662381
0.242603446817
0.242554485052
0.242638449157
0.242698379366
0.242684627165
0.242673447645
0.242674621178
0.242632331821
0.242635138228
0.242614307957
0.242643234189
0.242639564866
0.242614213605
0.242748245443
0.242811853221
0.242859760077
0.242938205839
0.243028202875
0.24303338531
0.243018122295
0.243010593922
0.243051324782
0.243019572016
0.243131566553
0.243125751846
0.243102920282
0.243130072672
0.243177518913
0.243140863244
0.243189669688
0.243234298318
0.243251715986
0.243244108162
0.243315323305
0.243305177657
0.243350109262
0.243334036339
0.243339112508
0.243380053645
0.243368284255
0.243346220368
0.243309608373
0.243347975751
0.243354694142
0.243348236282
0.243374153728
0.243394940748
0.243358921448
0.243407253277
0.243356956314
0.243451309266
0.243433570322
0.243442907047
0.243452789688
0.24343274634
0.24345793953
0.243449218743
0.243506466605
0.243515589383
0.243501636192
0.243508116074
0.243514195958
0.243592400888
0.243578937883
0.243595448941
0.243644442678
0.243706400839
0.243771459027
0.243805151503
0.243803505744
0.243767955496
0.2437514172
0.243781543012
0.243748239055
0.243747720074
0.243753485381
0.243770285188
0.243828141618
0.243859764025
0.243880634429
0.243904911457
0.243950946942
0.244042368473
0.243990590503
0.243978119898
0.243907114801
0.243895786269
0.243858548754
0.243850324457
0.24396806792
0.24401502621
0.244039848144
0.243996074635
0.244090205582
0.244061162425
0.244096813579
0.244101123154
0.244140338026
0.244164574741
0.24415650826
0.244142422016
0.244080967109
0.244065621814
0.244064040088
0.244120371514
0.244113307777
0.24427932813
0.244256588137
0.244257104191
0.24424474068
0.244326723739
0.244317297266
0.244310757109
0.244283715534
0.244335284735
0.244287428239
0.244285476374
0.24432624867
0.244385993147
0.244371080052
0.244347711287
0.24434715773
0.244396362469
0.244329583967
0.244314063695
0.244346451271
0.244351928965
0.244402935817
0.244404599013
0.244363778544
0.244367193175
0.244353639944
0.244421862631
0.244388650355
0.244411825241
0.244429006356
0.244428925561
0.244440643939
0.244423662208
0.244508522156
0.244546692032
0.24452339486
0.244479536935
0.244569427879
0.244568723604
0.244602288989
0.244587920698
0.244599307071
0.244648717243
0.244624397953
0.244558439598
0.244585479626
0.244606680183
0.244591806275
0.244659216597
0.244648775735
0.244590611227
0.244627942255
0.244642755505
0.24461566306
0.244579094834
0.244535124051
0.244573666926
0.244560126084
0.244593736323
0.244601773067
0.244604106858
0.244666882528
0.244658610951
0.24469631132
0.244681050249
0.244663352981
0.244683160967
0.244744524323
0.244761350715
0.244731004521
0.244815230006
0.244777630263
0.24478783196
0.244868980946
0.244831710379
0.244907672926
0.244919047489
0.24489656334
0.244857926762
0.244905634488
0.244947652281
0.244911116849
0.244927004277
0.244918124504
0.244976768879
0.244971826413
0.24501132548
0.245000521725
0.244981056084
0.244994111127
0.244947825081
0.244950489286
0.244932511723
0.24488157201
0.244955657123
0.244931696409
0.244888889087
0.24484151822
0.244891943951
0.244858995793
0.244885086097
0.244886911725
0.244913281942
0.244939398238
0.244919724683
0.244939418343
0.24494378358
0.244957362553
0.244961924545
0.244925514149
0.244950145065
0.244975088927
0.244964168643
0.244976206751
0.244946564535
0.244973557269
0.244913725839
0.244857054824
0.244810899626
0.244811529215
0.244814986411
0.24477682197
0.24485488816
0.244826593967
0.244820593211
0.244813330903
0.244814818943
0.24480543447
0.244792213062
0.244852200861
0.244822407116
0.244814549419
0.244793098408
0.244778479952
0.24475273109
0.244736089339
0.244753197672
0.244816323179
0.244860420443
0.244860917002
0.244831739229
0.244868245832
0.24487218142
0.244856364489
0.244881142275
0.244943826224
0.244917683838
0.244894053945
0.244873627242
0.24484928216
0.244864376297
0.244853359018
0.244825914019
0.244831831474
0.244818179398
0.244827912271
0.244839687675
0.244812461839
0.244894832869
0.244830675963
0.244807978189
0.244740546928
0.244720693928
0.244741596791
0.244750560675
0.244726065456
0.244700166931
0.24476983768
0.244726773699
0.244704732457
0.24478949806
0.24481424412
0.244909312434
0.244896996049
0.24489805043
0.244906284933
0.244946478619
0.244973891681
0.245016906621
0.245013964643
0.244978677895
0.244995268914
0.245063168393
0.245038150114
0.245070235735
0.245078346127
0.24504325977
0.24501723204
0.245040454028
0.245028823422
0.245107946353
0.24508276832
0.245064281299
0.245032904496
0.245060059349
0.245118954052
0.245172201156
0.245125342064
0.245136205635
0.245089574762
0.245144432399
0.24515522216
0.24523547016
0.245284628847
0.245264532753
0.245357891152
0.245342792185
0.245342171646
0.245350782655
0.245398154107
0.245394439416
0.245342010406
0.245349304496
0.245309848232
0.245398142443
0.245407450946
0.245432733778
0.245508717256
0.24548526474
0.245447033502
0.245402604515
0.24549115244
0.245489748144
0.24555151303
0.245581552957
0.245597843501
0.245666261353
0.245674713419
0.245660972036
0.245689203799
0.245656528901
0.24574577392
0.245731543404
0.245784497975
0.245791516249
0.245842403438
0.245864665119
0.245874290902
0.245864770698
0.245823302207
0.24577690155
0.245799632447
0.245798407698
0.245841358634
0.245875132717
0.245859354832
0.24587736435
0.245990732469
0.246026659668
0.245974314583
0.245996733522
0.246040307441
0.246166542609
0.246222768309
0.246205934114
0.24622621181
0.246315728159
0.246295946173
0.246333470809
0.246360850473
0.246316442276
0.246323739354
0.246316123473
0.2462932976
0.246414259818
0.246444289924
0.246475418803
0.246552830571
0.246610407316
0.246598969936
0.246556825443
0.246540704668
0.246526257552
0.246513170989
0.24653708567
0.246516503365
0.246541446047
0.246536947621
0.246549180491
0.246645026613
0.246638626587
0.246642974653
0.24668646141
0.246738262574
0.246744320592
0.246760302904
0.246740762615
0.246690374088
0.246733534621
0.246788877052
0.246814496394
0.246815105885
0.246842013762
0.246823123683
0.246803637056
0.246795442108
0.246804777534
0.246847463753
0.246884233271
0.246965764996
0.246976944265
0.247010893852
0.247043810772
0.246997793126
0.247037104222
0.247080774086
0.247061974758
0.247056488152
0.247017076532
0.247009891714
0.247036257501
0.247115560213
0.247093620309
0.247080115306
0.247065774661
0.247060869621
0.247037473708
0.247012371486
0.246955018821
0.246965957618
0.246951013657
0.24692036616
0.246976093696
0.247022000559
0.247015391846
0.247005236063
0.246992577245
0.246950450308
0.246907321339
0.246849057663
0.246806161471
0.246879274318
0.24688590743
0.246967223641
0.246956693719
0.246933951462
0.246899283215
0.246921935871
0.2469669453
0.246937725332
0.246971404284
0.246974800641
0.246963440281
0.246997075259
0.246985770704
0.247014164957
0.247035959465
0.247083822473
0.247029427603
0.247079253326
0.247071504861
0.247092628958
0.247105811291
0.247098210967
0.247083979296
0.247083751299
0.247107627632
0.247106782995
0.247089149713
0.247143521652
0.247188559749
0.24728666026
0.247314180805
0.247294001016
0.247299415339
0.247338875951
0.247362275773
0.247405235246
0.247413526849
0.247444628891
0.247421594193
0.247383753129
0.247433669773
0.247457898672
0.2474999314
0.247477271572
0.247445676454
0.247431014454
0.247412909407
0.247460526094
0.247416931256
0.247385117708
0.247377759578
0.247340142383
0.247330314757
0.247351021874
0.247351978994
0.247331080322
0.247369054186
0.247401003697
0.247439753135
0.247409893984
0.247414833657
0.247463563227
0.247461732284
0.247568374566
0.247556582296
0.247580355503
0.247591038403
0.247654887864
0.247624579646
0.2475743484
0.247600773246
0.247609341763
0.247653289334
0.247653471507
0.247728959755
0.247719901151
0.247711528772
0.24767574971
0.247692382426
0.247697294943
0.247694835491
0.247679740425
0.24768121654
0.247685243231
0.247667961594
0.247667958962
0.247679185827
0.247686454848
0.247661548162
0.247688074683
0.24770434889
0.247709669659
0.24776045359
0.24773654083
0.247721225116
0.247688920359
0.247692427842
0.247662669917
0.247702946919
0.247713431678
0.24778694582
0.247782750111
0.247748113489
0.247752101838
0.247734713404
0.247761702605
0.24778010437
0.247802808737
0.247838885072
0.247857292508
0.24786496492
0.247836497731
0.247821103308
0.247851300815
0.247829953639
0.247780521329
0.247845329527
0.24779347433
0.247840531303
0.247864373549
0.247877426547
0.247915190273
0.247914105686
0.247900044137
0.247934698933
0.247935137303
0.24792591567
0.247936271891
0.247945339688
0.247969155519
0.24798295469
0.248027047909
0.248029398122
0.248020402896
0.248037569658
0.248108141443
0.248115243097
0.248114053647
0.248112214024
0.248089341424
0.24813042555
0.248131983539
0.248139693547
0.248108569049
0.248142570679
0.2481814173
0.24818806249
0.248152521914
0.248197730175
0.248240511787
0.248323425424
0.248362055778
0.248324375038
0.24831614297
0.248286948046
0.248266706895
0.248266673236
0.248294863128
0.248270931449
0.248292218865
0.248282101611
0.248329379908
0.248362510083
0.248342773851
0.248333430205
0.248388615522
0.248449384171
0.248438206663
0.248571914296
0.248592163085
0.248585498849
0.248572616434
0.248561131785
0.248567467109
0.248568903343
0.248516125121
0.248498099182
0.24849765799
0.248473665259
0.248531698462
0.248573564921
0.248592016263
0.248547854109
0.248531908716
0.248523927926
0.248499804868
0.248491692756
0.248526229482
0.248565677955
0.248537698767
0.248580501471
0.248574690341
0.248537825222
0.248601602267
0.248585344595
0.24859670598
0.248588732102
0.24862507004
0.248596368259
0.248580787416
0.248606672242
0.248628129562
0.248636348415
0.24869224729
