0.0
0.00145177318088
0.00151836126676
0.00113877095007
0.000911016760053
0.00313244298915
0.00268495113356
0.0134118502656
0.0119216446806
0.0108639989691
0.00987636269918
0.00916543143806
0.0102898358294
0.01135898221
0.0166778783904
0.0163241554299
0.0155932195967
0.0150751083039
0.0142816815511
0.0146972751785
0.0140399013564
0.0136292275615
0.0130366524502
0.0155649062514
0.0168928483861
0.0185240010022
0.0197548179732
0.020882653343
0.0248801930457
0.0241296851661
0.0240755892854
0.0242845544172
0.0242599442533
0.02534041764
0.0248863149764
0.0248843836495
0.0277440766639
0.0271788961287
0.028635241702
0.0284610759285
0.0287070241547
0.0292744358847
0.0296344397122
0.0295145545284
0.0302344141447
0.0310577103348
0.0314886211831
0.0319513476417
0.0325786064985
0.0323158719419
0.0329492337963
0.0337288321392
0.0338190866519
0.0338269790642
0.0337274749955
0.0336337548754
0.0331332449104
0.0331914847198
0.0351375854669
0.0348503628146
0.0352142007065
0.0348759002779
0.0355213476889
0.036504549514
0.0373022585744
0.038286366759
0.0383385423892
0.0390263198716
0.0404679489799
0.0420055191755
0.0422486487558
0.0419483532731
0.0423026807624
0.0421531713511
0.0425888693352
0.0429504976605
0.0437440959509
0.0448376678092
0.0454959338699
0.0468132526038
0.0472991039204
0.0468959389231
0.047409508025
0.0474532982413
0.0476740085518
0.0480547821645
0.0480017028743
0.0481829738017
0.0487304636214
0.0491812689367
0.0488623813216
0.0485074119815
0.0484532266234
0.0501787764206
0.0507135636671
0.0506256738699
0.051411142607
0.0518001816443
0.0520216344878
0.0525778471745
0.0531211870502
0.0537459698558
0.0549313883304
0.0555165360865
0.0556738263597
0.0564304657214
0.0566762848951
0.0569611673409
0.057466342413
0.057754448321
0.057705400366
0.0588353859942
0.0593843353235
0.0594708761361
0.060558545984
0.06105561257
0.0612837271205
0.0618190823476
0.0621994438128
0.062185484625
0.0627737883144
0.0630415275551
0.0633607341169
0.0644004302988
0.065082235431
0.0656563100894
0.0659358328861
0.0660554238657
0.0669793437859
0.0669291708579
0.0670059900385
0.0671749809913
0.0673380641894
0.0679692656023
0.0682704487338
0.0683883429316
0.0686944579182
0.0689923670546
0.0698967747771
0.0702046152208
0.0704613340821
0.0709168735671
0.071154537727
0.0715583879645
0.0719663699715
0.0724732103304
0.0728332300666
0.0733516381926
0.0738535905963
0.0739999273259
0.0743338218737
0.0744577870909
0.0747253137663
0.0748925415898
0.0751135068589
0.0755273458932
0.0755742987395
0.0758133972504
0.0760019640288
0.0763919358582
0.0768522303813
0.077544421395
0.0783331191378
0.0784682643772
0.0786872651599
0.0796867097234
0.0798066595799
0.080168929993
0.0804068422589
0.0804668390924
0.0804369782571
0.0805970819508
0.0807405823252
0.0807699813926
0.0808162290371
0.0814317096145
0.0814655584786
0.082278391281
0.082664921584
0.0831743495644
0.0834319734016
0.0835586854965
0.0838016754238
0.0841524767783
0.0846064881843
0.0849503427798
0.0850109537254
0.085295603159
0.0853623774306
0.0854729788855
0.0856995772505
0.0858804250252
0.0863252579708
0.0866503582065
0.0870159411913
0.0874598313659
0.0873597674333
0.0873961235737
0.0874742898652
0.0877313378822
0.0881688367361
0.0881761906374
0.0883883018465
0.0886274743327
0.0889307436614
0.0891494671623
0.0892846143326
0.0894912446419
0.0902225697452
0.0904884693297
0.0908170747102
0.0911072780236
0.0917961062173
0.0922695538649
0.093028704188
0.0937258154745
0.0938171651696
0.0941057894031
0.0942644602919
0.0944885369519
0.094588450416
0.0947067735412
0.094780209177
0.0950808201802
0.0953420701646
0.095602018856
0.0958233045966
0.0963735063287
0.0972957157593
0.0977174504733
0.0977012100377
0.0982316303213
0.0982741035274
0.098464627635
0.0985193564641
0.0986693126588
0.0988647258768
0.0994893224386
0.100032295396
0.100290479728
0.100228446841
0.100235149217
0.10044591968
0.100945463586
0.100937506927
0.101374915351
0.1016909896
0.101921655505
0.101895600969
0.101902559223
0.102126688305
0.10225880453
0.102506607867
0.10256204059
0.102759549074
0.103060409877
0.103326944412
0.103466699288
0.103548784443
0.103850454405
0.10405463162
0.104423495158
0.104615326412
0.104728659413
0.104879004769
0.105146271068
0.105374769167
0.105513129659
0.105643064657
0.105974491893
0.105999721909
0.106207697912
0.106252243276
0.106374794746
0.106557473047
0.106779758252
0.106740509139
0.106871894968
0.106962997839
0.106940564035
0.107112234582
0.107225048946
0.107340667683
0.107317006785
0.107388215303
0.10740828843
0.107919583097
0.107950300397
0.108261678229
0.108292970236
0.108503927178
0.108999560665
0.10907585171
0.109136908296
0.109470078101
0.109517838899
0.109640695289
0.109770419473
0.109952913193
0.109968971593
0.110014982333
0.110301388284
0.110570332272
0.11073231097
0.11078580298
0.111209890993
0.111321960504
0.1113765361
0.111714448677
0.111993441292
0.112207265235
0.112593825352
0.112785702763
0.112945543086
0.112968761786
0.113283867425
0.113503204963
0.113916338588
0.114291437157
0.114306476933
0.114567170767
0.11473585201
0.114843640588
0.115004766649
0.114991817413
0.115089635159
0.115270785016
0.115504436823
0.115665739083
0.115731315221
0.115683081923
0.115841840454
0.11591692998
0.116058583496
0.116123411984
0.11654497831
0.116647314958
0.116711064513
0.117159473848
0.117252165689
0.117450109314
0.117573823907
0.118110400943
0.118337127287
0.118509644804
0.118543367842
0.11864984074
0.118716894431
0.11890263906
0.119222517657
0.119480643614
0.119569074418
0.119705977581
0.119915056928
0.119960916654
0.120061193072
0.120057980252
0.120302055344
0.120325203051
0.12041958461
0.120412778612
0.120501278772
0.120490715725
0.12062621566
0.120727915413
0.120838526312
0.120952991378
0.121288556163
0.121283449012
0.121510977347
0.121460345325
0.121437742519
0.121500851139
0.121614368512
0.121750263426
0.122029809148
0.122058117193
0.12209532979
0.122117359668
0.12222003128
0.122346716133
0.122469169999
0.12253412961
0.122632901901
0.122612405106
0.122688292798
0.122772998135
0.122914104488
0.123219281764
0.123291959822
0.123361937102
0.123427783518
0.12357997207
0.123810288152
0.123944533766
0.124042088655
0.124356064692
0.124475473574
0.124530233536
0.124752199179
0.124808564241
0.124914620946
0.125104508932
0.125190458461
0.125282509698
0.125547402444
0.125632302631
0.125773094319
0.125863224148
0.125933748858
0.126100459818
0.126332586326
0.126438657167
0.126473813073
0.126580740471
0.126723284696
0.126739722843
0.126795624809
0.127006991017
0.127122989499
0.127227172708
0.127326013736
0.127406855846
0.127505114889
0.127546330401
0.127552332809
0.127528500493
0.127608332729
0.127839785173
0.127944176187
0.128150314595
0.128259960765
0.128372552975
0.128403152414
0.128500958261
0.128791449904
0.128935916923
0.129333258492
0.129701668702
0.129894597064
0.129947180409
0.13000032735
0.13002908415
0.130089389538
0.130159887122
0.13024465057
0.130308562619
0.13038937699
0.130391538964
0.130444620928
0.130573094764
0.130748596732
0.130851476587
0.131067407921
0.131220538641
0.131265770542
0.131317911387
0.131505793304
0.131653014291
0.131770844759
0.131933818287
0.132031322179
0.132074563446
0.132156450727
0.132255624662
0.132310166242
0.132397254875
0.132477143247
0.132639401807
0.132688650608
0.132649065633
0.132677665897
0.132780075632
0.132822113525
0.132982571923
0.133089131777
0.13326114602
0.133429443365
0.133465384547
0.133530030382
0.133662255571
0.133712885496
0.133952045146
0.13401074069
0.134234158697
0.13433320362
0.134486559821
0.134524136402
0.134596068125
0.134560901186
0.134654508539
0.134710309991
0.134760871878
0.134756396214
0.134780416195
0.134968884934
0.135033318965
0.135122345557
0.135171834251
0.135185772229
0.135277109787
0.135397256438
0.13548367446
0.13556654598
0.135586056073
0.135634817063
0.135607279115
0.13569660483
0.13572963919
0.135745950859
0.135814670259
0.135836720027
0.135884679214
0.135912228896
0.13594516301
0.136131121145
0.136315001222
0.136372312326
0.136513097127
0.136508653454
0.13655710479
0.136568863512
0.136700465468
0.136705162841
0.136855416276
0.136913792737
0.137104709708
0.137148254118
0.137182055617
0.137320246984
0.137411981814
0.13757457532
0.137740475768
0.137861242555
0.137966251972
0.138017769156
0.138087647497
0.138090746728
0.138161348032
0.138334314945
0.138370957755
0.138661311365
0.138732295804
0.138782371165
0.138868323238
0.139046810841
0.139141070063
0.139160379205
0.139213847688
0.139280343391
0.139316626989
0.139333052434
0.139388743943
0.139452154178
0.139540472995
0.139715321008
0.139752488907
0.139803415243
0.139892979767
0.139944122335
0.139961432084
0.140021193023
0.140049971161
0.140293052473
0.140333151146
0.14039940172
0.140437408995
0.140441841691
0.140504714237
0.140546047304
0.1406058799
0.140659188534
0.140827650761
0.140813483131
0.140826316376
0.141030646761
0.141198163475
0.141182025864
0.141223090261
0.141201979033
0.141222707696
0.141297706175
0.14131618884
0.141337030365
0.141379372438
0.141663276746
0.14171921745
0.141812475215
0.141851877781
0.141962966097
0.142009332874
0.142017765242
0.142050845158
0.142099117369
0.142164169542
0.142216547813
0.142258282852
0.142294186872
0.14233303435
0.142427097045
0.142535625154
0.142556291364
0.142587763034
0.142682094287
0.142828500923
0.142824631599
0.142929712329
0.142909853292
0.142978570135
0.143006999631
0.143060143901
0.143106639423
0.143119642215
0.143282955256
0.143280253446
0.143232632233
0.14328092167
0.143314150547
0.143438684388
0.143528269601
0.143561048358
0.143639195993
0.143642257411
0.143788867931
0.143849269197
0.143945041933
0.144058305177
0.144075017328
0.144176349087
0.144198420424
0.144265204431
0.144263288746
0.14432915762
0.144394623157
0.144406871983
0.144391941274
0.144441922682
0.144508138653
0.144584833206
0.144556891618
0.144574235763
0.144610856578
0.14476450931
0.144792039298
0.144819690858
0.144844090673
0.1449420606
0.144979870053
0.145016499971
0.145126394582
0.145188445348
0.145295469084
0.145417874771
0.145470252023
0.145596473976
0.14557980701
0.145672088797
0.145647470619
0.145780500761
0.145819687016
0.145810522874
0.145804475797
0.145922645606
0.146106610906
0.146235553761
0.146325249951
0.146371624299
0.146360838096
0.146411231156
0.146449337255
0.146517478725
0.146552110828
0.146605864519
0.146629248296
0.146649521132
0.146822381942
0.1468232445
0.146811663064
0.146853556784
0.146873574676
0.146866931796
0.146893564265
0.146936851395
0.146970299083
0.147101828096
0.147114521519
0.1471429056
0.147184351675
0.147201706637
0.14724712726
0.147287183288
0.147289838918
0.147343860568
0.147388590538
0.147406172599
0.147426840753
0.147497871599
0.147614105104
0.147636779863
0.147681407386
0.147755400768
0.147804813943
0.147853037507
0.147870807078
0.147944041264
0.148148406511
0.148193785087
0.148245471058
0.148307164959
0.148346260925
0.148403782697
0.148443334166
0.148459178265
0.148516801163
0.148607662493
0.148603239031
0.14858980567
0.148620877157
0.148695490725
0.148689788316
0.148709594771
0.148714392974
0.148746248221
0.148748027802
0.148864898179
0.148933424748
0.148954584747
0.148997264475
0.149011317236
0.149094559864
0.149101658295
0.149242954858
0.149266369884
0.149292622147
0.149367032287
0.149387085107
0.149374220251
0.149432693411
0.149456336855
0.149511344873
0.149558272174
0.149627042528
0.149690028505
0.14970897759
0.149730423088
0.149708888749
0.149736927667
0.149778770881
0.149798489723
0.149845594766
0.149895330476
0.149897015453
0.149916506054
0.149929236418
0.149927676559
0.149969492277
0.149953697859
0.150013788626
0.150067155663
0.150103612842
0.150102221108
0.150124856035
0.150236830888
0.150292843005
0.15031881599
0.150392771022
0.150411107693
0.150478104342
0.150489412925
0.150478706085
0.150473962976
0.150570516592
0.150556908032
0.150634864799
0.15068381253
0.150674412274
0.150681952247
0.150673549856
0.150688169916
0.150683613825
0.150700678952
0.150752754414
0.150822078125
0.150957429897
0.150941923136
0.15098833894
0.151001422561
0.15109547909
0.151201713202
0.151219540753
0.151220763118
0.151286474492
0.151317292861
0.151324995109
0.151419039747
0.151499430504
0.151510871573
0.151525147638
0.151518669636
0.151524619416
0.151571103269
0.151573250893
0.151570835635
0.151615108408
0.151610513025
0.151605262968
0.151615802319
0.151664850969
0.151694217993
0.151690064485
0.151708285925
0.151752022841
0.151760635369
0.151757846925
0.151746967533
0.151790193738
0.151801870047
0.151798277088
0.151825803743
0.151859490997
0.15190274575
0.151919729896
0.1519200554
0.151925707902
0.151960785339
0.151945742442
0.151973937111
0.15203015977
0.152072938612
0.152048203019
0.152048048288
0.152026749462
0.15207569453
0.152162786483
0.152218936508
0.152245191771
0.152283542028
0.152332833943
0.152385928108
0.152420488223
0.152432185749
0.152467602291
0.152489222137
0.152516450505
0.15257069039
0.152578852353
0.152612239904
0.152613019065
0.152620498983
0.152776376408
0.152786690094
0.152921223225
0.152920575149
0.152900171415
0.152935343161
0.152937363904
0.152945984579
0.152990459605
0.153004858041
0.153000151715
0.153095699409
0.153092879038
0.153121804834
0.153135920426
0.153156306239
0.153140114122
0.153168122823
0.153212225176
0.153223474194
0.1532463732
0.153274213519
0.153273154303
0.153250453102
0.153299360799
0.153301376348
0.15331894981
0.153437909976
0.153468852429
0.153453277228
0.153434558832
0.15342932434
0.153438323493
0.153455756957
0.153480093674
0.153489215277
0.153535960402
0.153577936653
0.153757828499
0.153756523587
0.15381675637
0.153845344894
0.153866662026
0.153875072154
0.153845487768
0.153950149262
0.153981396673
0.154031471924
0.154079352118
0.154073360077
0.154208061166
0.154242820454
0.154216359934
0.154303399418
0.154317076369
0.154341947887
0.154377048651
0.154372441188
0.15441430786
0.154448405067
0.154517522366
0.154517247261
0.154573426405
0.154649334901
0.154710312188
0.15470359673
0.154714929571
0.154711366165
0.154696562723
0.154714196902
0.154695323598
0.154731038432
0.154773336592
0.154755009028
0.154842485024
0.154930308603
0.154945013131
0.15495037603
0.154957632148
0.15498960346
0.154982325951
0.155018502285
0.155023828056
0.155050654455
0.155044210738
0.154997198388
0.154992339765
0.155036329397
0.155074534237
0.155099006242
0.155095755649
0.155115184062
0.15519908082
0.155212128647
0.155222990363
0.15522755712
0.155303489236
0.15530477024
0.155307265409
0.155328109866
0.155414778334
0.155400269878
0.155377882223
0.1554015202
0.155395973387
0.155442088709
0.155645458734
0.155652728746
0.155724552652
0.155728835463
0.155736340283
0.155725899255
0.155759135323
0.155783658535
0.15592414798
0.155955327406
0.155944791509
0.155995384502
0.156009866798
0.156021264233
0.156032181938
0.156016943998
0.156015285366
0.156049049618
0.15612650506
0.156203413419
0.15622695119
0.156242998435
0.156243913505
0.156292042841
0.156280595364
0.156346212395
0.156336410353
0.156339190555
0.156368506681
0.156439436017
0.156449320941
0.156526145303
0.156526714113
0.156545793439
0.156581721905
0.156578055501
0.156633257711
0.156641279916
0.156606819188
0.156623934601
0.156644385376
0.156708603264
0.156784412529
0.156794692319
0.156797066067
0.15680261583
0.156807045299
0.156825475389
0.156876950265
0.156887493843
0.156867708508
0.156848537795
0.156846409381
0.156895117688
0.156909168684
0.156959743781
0.156994210902
0.15702304179
0.15704737301
0.157059107904
0.157108136234
0.15712582411
0.157117203326
0.157117458718
0.157142824169
0.157121327249
0.157115818864
0.157114376385
0.157175562151
0.15718641283
0.157165132123
0.157173863658
0.157165063893
0.157238529805
0.15724429324
0.15728956795
0.157306577617
0.157378268547
0.157468551747
0.157543926499
0.157549616668
0.157554371008
0.157535144956
0.157555612248
0.157599336078
0.157579646488
0.157619189227
0.157597239071
0.157599009321
0.157641068621
0.157603938561
0.15768947967
0.157773344159
0.157764518922
0.157803722818
0.157784932675
0.157808595068
0.157818504344
0.157805875896
0.15789411966
0.157924115902
0.15794009117
0.157981919384
0.158054031904
0.158039984816
0.158052198811
0.158038924587
0.158040807449
0.158057093874
0.158077214781
0.158089994066
0.158086990369
0.158094324118
0.158083733
0.158094079733
0.158073836131
0.15808991953
0.158137111256
0.158152200305
0.158149631918
0.158131593817
0.158175570495
0.158186142232
0.158221155326
0.158239297792
0.158236332659
0.158251807128
0.158313027925
0.158312767692
0.15843665846
0.15842719203
0.158421365269
0.158448837334
0.158439997755
0.158445733365
0.158458143712
0.158478980986
0.158535831449
0.158533912535
0.158634329236
0.158676894246
0.158706509443
0.158699508157
0.158720564629
0.15873208426
0.158732753526
0.158730044137
0.158721939157
0.158722689196
0.1587336485
0.158764264312
0.158783127562
0.158837066168
0.158905894713
0.158905583484
0.158920406491
0.158926882308
0.158933948152
0.158925469534
0.15892111181
0.158903547471
0.158906118846
0.158909014798
0.158922573626
0.158958770479
0.15895735797
0.158941459766
0.158933764091
0.158952956818
0.158944826618
0.158939184592
0.158931113255
0.159014971088
0.15899623017
0.15900099036
0.15903869632
0.159120749754
0.15910837081
0.159090336275
0.159084702754
0.159088202885
0.159099410887
0.159084167487
0.15918010381
0.159177598043
0.159177900695
0.159183176293
0.159260463937
0.159253219959
0.159269283115
0.159266142769
0.159273379865
0.159297967964
0.159349751997
0.159350600634
0.159441084688
0.159440196019
0.159463750795
0.159507516807
0.159512014639
0.159509420648
0.159508134779
0.159539686214
0.159558254593
0.159570638522
0.159572139405
0.159615074076
0.159611641649
0.159622026082
0.159651953427
0.159675015566
0.159696693167
0.15969188583
0.159690009906
0.15971271201
0.15974209504
0.159734269919
0.159729799024
0.159707771625
0.159695815112
0.159727575425
0.159744928211
0.159730477881
0.159721161056
0.159793232343
0.159782288554
0.159799095564
0.159795363882
0.159813222626
0.159797816134
0.159813504538
0.159777495406
0.159791670191
0.159795413318
0.159800129775
0.159781376431
0.15978554614
0.159776274536
0.159816047097
0.159854418335
0.159904433537
0.159908028076
0.159910754699
0.159934658739
0.159957742235
0.15995307193
0.159976950225
0.159982531754
0.160005967069
0.159994882458
0.16000013273
0.159993085162
0.160036208984
0.160034114146
0.160035320919
0.160036655305
0.160068195473
0.160145233377
0.160177737964
0.160171604236
0.160192443246
0.160198573272
0.160216123989
0.1602298347
0.160286274575
0.160349387707
0.160339557786
0.160414162744
0.160431111045
0.160424886745
0.16043232469
0.160454032382
0.160527499999
0.160607956995
0.160604911014
0.160608454681
0.160626182918
0.160652419388
0.160755518273
0.160798795307
0.160804769391
0.16081433957
0.160840309654
0.160907203451
0.160911388204
0.16090650195
0.160885768738
0.160877150296
0.160953661119
0.160969152805
0.160995151069
0.161013703698
0.161040539965
0.161028772006
0.161023671045
0.161021668147
0.161062464261
0.161076204411
0.1610623123
0.161072884279
0.161071747264
0.161104370383
0.16111360688
0.16112315652
0.161130703087
0.16116208239
0.161212317979
0.161198192519
0.161253048304
0.161274639262
0.161260876096
0.161342159584
0.161366095213
0.161355536645
0.161353164644
0.161358959565
0.16135869937
0.161430199026
0.161427880678
0.161417244372
0.161433421752
0.161443143259
0.16144542512
0.161491855782
0.161514009705
0.161533586313
0.161518389279
0.16155754549
0.161612521476
0.161617921461
0.161606729273
0.161613839896
0.161606867439
0.161612872119
0.16159639667
0.161594965652
0.161593166866
0.161566942169
0.16158653327
0.16159889983
0.16162435157
0.161721321781
0.161801848702
0.161804241617
0.161821354119
0.161842370939
0.161841896994
0.161837860802
0.161860042261
0.161859835725
0.161842766401
0.161861019066
0.16185338978
0.161857612489
0.161864346723
0.161907406725
0.161911945108
0.16196417929
0.161995168066
0.162004165644
0.162002344996
0.162032224093
0.162044212296
0.16206019487
0.162062932699
0.162086118081
0.16208639687
0.162111106884
0.162109630415
0.162094389334
0.162090239505
0.162083989247
0.162078789611
0.1620734746
0.162080295088
0.162060742473
0.162060198372
0.162040520521
0.162098635535
0.162110949361
0.162118144727
0.162126327608
0.162123883695
0.162163339488
0.162193571132
0.1621879352
0.162231335537
0.162239831898
0.162251141027
0.162255413235
0.16226225545
0.162298246601
0.162353201431
0.162371376165
0.162396028388
0.162397839443
0.162388801189
0.162399708088
0.162405819323
0.162399345526
0.16239048282
0.162375427812
0.162402795703
0.16238837434
0.162452564412
0.162474407721
0.162492863009
0.162467719647
0.162486143707
0.162476218796
0.162478094737
0.162450491244
0.162458581242
0.162472860627
0.162453539902
0.162485563194
0.162474764906
0.162505636384
0.162520153736
0.162526090578
0.162524269111
0.162528486148
0.162519018102
0.162519822554
0.16259570407
0.162582589319
0.162584800189
0.162596779472
0.16264368856
0.162690820734
0.162698763163
0.162694687827
0.162687999266
0.162707365283
0.162697123897
0.162702120948
0.162703536185
0.162723416884
0.162690953772
0.16273518272
0.162713020137
0.162716939869
0.162730135459
0.162751064018
0.162760145273
0.162751649921
0.162737411065
0.162731924403
0.162760091033
0.162780367515
0.16280322216
0.162816181699
0.162832572903
0.16284817265
0.162836079658
0.162829347195
0.162859976685
0.162879815132
0.162879238089
0.162879913042
0.162884669154
0.162911058759
0.162899907574
0.162932807763
0.162955165261
0.162950627223
0.162958239918
0.162975238726
0.16298719227
0.163001104244
0.163009997921
0.163001067906
0.162990176331
0.162981811184
0.162985608841
0.162990769394
0.163023206545
0.163047314102
0.163051743852
0.163008119406
0.163043149833
0.163028662109
0.163111596999
0.16310923842
0.1631069453
0.163114596928
0.163113012924
0.163176263387
0.163182131394
0.163180600633
0.163198573334
0.163202127831
0.163214085841
0.163262261277
0.163259046815
0.163273151636
0.163266426777
0.163239400663
0.163253880481
0.163240397828
0.16323752585
0.163247640594
0.16322200565
0.163208968832
0.163223859114
0.163228407343
0.163229594652
0.163247282043
0.163242622051
0.1632495775
0.163313366342
0.163348598669
0.1633530671
0.16334677814
0.163366663544
0.163366300417
0.163414769567
0.163408122296
0.163370612637
0.163367361477
0.163393360901
0.163390926713
0.163383575583
0.16343426825
0.163407449241
0.163410140783
0.16339885549
0.163411931164
0.163464352003
0.163471191289
0.163455677151
0.163458572052
0.163434034898
0.163474881348
0.163469373558
0.163469076647
0.163467253324
0.1635020457
0.163479221115
0.163467682259
0.163453408699
0.163459670379
0.163464919817
0.163561927161
0.163608129302
0.163601745947
0.163627609645
0.163645454521
0.163635942341
0.163689167574
0.16370131017
0.163711676137
0.163696913641
0.163715204729
0.163729335436
0.163711711896
0.16372931558
0.163718304005
0.163749495484
0.16376269554
0.163751751493
0.163766706699
0.163776176055
0.16378418829
0.163793019496
0.163789346817
0.163834808512
0.163883666462
0.163864990506
0.163970947699
0.16397066845
0.163982950463
0.163992671116
0.164018595093
0.164030677976
0.16403571504
0.164037351652
0.164098468918
0.164189139163
0.164185990454
0.164202893039
0.164200545775
0.164246867856
0.164244447239
0.164234349395
0.164248148611
0.164237008325
0.164235253094
0.164250194301
0.164264525672
0.164268623765
0.164337332256
0.164317671739
0.164359427328
0.164351705627
0.164362063247
0.164422897613
0.164422939392
0.164420855963
0.164422366057
0.164416547025
0.164416577468
0.164418164836
0.164426687306
0.164484376989
0.164499391276
0.164490567978
0.164521031291
0.164533819607
0.164533313056
0.164537055988
0.164549564099
0.164580031243
0.164588357683
0.16458381094
0.164568517191
0.164554603989
0.164589038798
0.164585227545
0.164595745462
0.164595079592
0.164597584808
0.164594904745
0.164584694291
0.164592698223
0.164630370072
0.16465923346
0.164653167322
0.164662382695
0.164651335155
0.164690205942
0.164775143736
0.164829821208
0.164861254966
0.164900649724
0.164876867372
0.164861630387
0.164995319951
0.165055016126
0.165106297061
0.165131485818
0.165170231589
0.16515117746
0.165152042162
0.165137811066
0.165123397975
0.165110802619
0.165146380817
0.165171700806
0.165139856357
0.165150488053
0.165137348943
0.16513961463
0.165134183944
0.165147164829
0.165146104843
0.165183227052
0.165174392308
0.165170334749
0.165195320748
0.165210731086
0.165202630865
0.165197862431
0.165206367575
0.165216667813
0.165255154363
0.165299789013
0.165280799924
0.165275020954
0.165284734845
0.165306929637
0.165331577265
0.165344903847
0.165321799017
0.16534863068
0.165340283055
0.165340129858
0.165340110627
0.165325840802
0.165343739539
0.165376277738
0.165371260908
0.165365944514
0.165403900322
0.165408896141
0.165490672707
0.165493660238
0.165497595737
0.165503923308
0.165493533968
0.165503411365
0.165515292875
0.165504536096
0.165488254063
0.165457343109
0.165472726715
0.165524809326
0.165514342032
0.165505651293
0.165493267583
0.165507771341
0.165529207876
0.165581529156
0.165590142383
0.165583883905
0.165609590779
0.165609240382
0.165655260731
0.165652932876
0.165654950946
0.165659212968
0.165672247005
0.165704286351
0.165718170834
0.165764799577
0.165761988952
0.165776309753
0.165762634661
0.165764507851
0.165747165813
0.165732244836
0.165732058912
0.165747931436
0.165749364707
0.165766798748
0.165762035019
0.165769668307
0.165772477949
0.16576149364
0.165794408135
0.165802722697
0.165808501849
0.165792028721
0.165772498633
0.165774786744
0.165887276115
0.165891351391
0.165890209266
0.165889374014
0.165917846252
0.165975815356
0.165985127271
0.16596662704
0.165967600672
0.165965351916
0.165957834678
0.165958266189
0.165961280901
0.165953572
0.165972182549
0.165968711262
0.165962871455
0.165962468472
0.166040136473
0.166069657113
0.16605110075
0.166043986123
0.166026379619
0.166016149389
0.166058826673
0.166066957298
0.166114561969
0.166112953205
0.166107964654
0.166117401064
0.166103382634
0.16611853841
0.16611124374
0.16610617839
0.166110867615
0.166110946513
0.166121345117
0.166118518421
0.166130578867
0.166128913196
0.166137237191
0.166123004597
0.166141524879
0.166193612717
0.166185900202
0.166194243629
0.166235263208
0.166212722977
0.166198972059
0.166224700807
0.166214041218
0.166225364552
0.166237485048
0.166232579264
0.166230000499
0.166222092999
0.166231785125
0.166223131971
0.16621999063
0.166260832173
0.166252066347
0.166274508445
0.166270340957
0.166322903392
0.166321686417
0.166322585396
0.166325411164
0.166373263959
0.166355835085
0.166371958485
0.166381315772
0.166422181246
0.166448744319
0.166432840717
0.166425710759
0.166429750981
0.166430820104
0.166440156456
0.166450179643
0.16643567133
0.166426731053
0.16644097296
0.166502196238
0.166516412467
0.166504163797
0.166526405881
0.166523012719
0.166504357177
0.166512402564
0.166508515449
0.166483878909
0.166523986242
0.166568926935
0.166573645419
0.16657476393
0.166599675256
0.166592312101
0.16659971962
0.166589242482
0.166608491058
0.166611647045
0.166601185678
0.166587433782
0.166621037536
0.166615737498
0.166614052962
0.166608017801
0.166607215007
0.166619595137
0.16662357729
0.166649987171
0.16666791272
0.166678740835
0.16667569921
0.166681032758
0.166689858613
0.166722300576
0.16671981426
0.166713874938
0.166737660891
0.166742826738
0.166754097619
0.166761656457
0.166767579527
0.166789351773
0.166798695254
0.166782896719
0.166768297106
0.166761844263
0.166769038047
0.166774862289
0.166813982233
0.166852747088
0.16684918003
0.166843668461
0.166888658096
0.166922574333
0.166939224015
0.166939479213
0.166931782353
0.166932369379
0.166998429546
0.166986170874
0.166985617176
0.16698356472
0.166998659272
0.166994168674
0.166984211596
0.166988972641
0.166985639388
0.16698014593
0.166978174662
0.166981063254
0.166974976134
0.166967151971
0.166959064621
0.166960928663
0.166987165486
0.167025652754
0.167075603659
0.1670590048
0.167064169006
0.167070250883
0.167073027974
0.167066031702
0.167100516563
0.16710915307
0.167164637038
0.167193756662
0.167209189824
0.167183569889
0.167171512091
0.167184224535
0.167178796665
0.167184479777
0.16718764312
0.167184088666
0.16717020194
0.167180645131
0.167191738309
0.167186256714
0.167222805797
0.167241617572
0.167247458451
0.16725303072
0.167290330078
0.167311651767
0.167349122001
0.167324931412
0.167319522248
0.167308610859
0.167322040681
0.167310423661
0.167290746154
0.1672628623
0.167244876928
0.167248315487
0.167244049157
0.167240561822
0.167241077581
0.167234888867
0.167240420551
0.16724023405
0.167231790514
0.167236196616
0.167259609972
0.167263611168
0.167257792702
0.167261857708
0.167273059846
0.167277305283
0.167271126888
0.167289785859
0.167288171703
0.167309012259
0.167307314704
0.167296529112
0.167298966354
0.167290170387
0.167294813782
0.167359242815
0.167422215086
0.167428359083
0.167439661105
0.1674413576
0.167461330494
0.167461436162
0.167464843581
0.167466308111
0.167469170648
0.167466298515
0.167459194995
0.167452759715
0.167468667579
0.167479312684
0.167486156168
0.167508040177
0.167497336434
0.167493855272
0.167482409328
0.167488384425
0.167489811706
0.167490089623
0.167486183895
0.167488369832
0.16754217664
0.167540469587
0.167560655865
0.167560087769
0.167549655619
0.167551354851
0.167536948277
0.16754305107
0.167574343807
0.167581604924
0.167570659133
0.167567749181
0.167559796141
0.167548132922
0.167565284401
0.1675642858
0.167555966121
0.167556343591
0.16755558805
0.16753907835
0.167548528878
0.167545829532
0.167552340326
0.167553609744
0.167537942006
0.167554130778
0.167547329031
0.167550095943
0.16756048819
0.167556729436
0.167572334655
0.16756240873
0.167564075244
0.16762269231
0.167628392602
0.167623428739
0.167628477496
0.167636117688
0.167668800615
0.167681886161
0.167685291015
0.167686817862
0.167678721021
0.167683205788
0.167676360743
0.167659297261
0.167665336464
0.167668103004
0.167696315026
0.167698272612
0.167719659702
0.167712080504
0.167737447144
0.167734042904
0.167739414672
0.167752907702
0.167748070363
0.167762923983
0.167833058711
0.167811776187
0.167804319789
0.167797551103
0.167803072477
0.167808895142
0.167816967629
