
row1col1
West 9.35737499144e-08
East 6.97898303335e-05
North 3.05271463578e-10
South 0.0

row1col2
West 1.08868929208e-07
East 1.2074159534e-06
North 4.08993059741e-06
South 0.00119323503942

row1col3
West 2.36900859878e-21
East 2.22117499149e-05
North 6.194993214e-07
South 0.000577019997487

row1col4
West 1.31491948961e-06
East 0.00520511128289
North 5.23247629141e-05
South 9.33889839067e-05

row1col5
West 1.10213148179e-05
East 0.0014191884185
North 0.00760217686226
South 0.0455016497038

row1col7
West 0.0
East 1.39114883138e-09
North 0.000292611509372
South 0.0028034406556

row1col8
West 0.0
East 0.0336013320682
North 1.39114883138e-09
South 0.000627703207282

row1col9
West 0.000652032453257
East 0.00265556183889
North 0.0668858789549
South 0.227713339302

row1col10
West 0.00493263447043
East 1.2023764128e-05
North 0.00124407768453
South 0.029301719413

row1col11
West 0.00105781189049
East 8.82599469191e-07
North 2.19995275135e-08
South 9.98714234745e-15

row1col13
West 0.019841861824
East 0.0633433188622
North 0.0668587120135
South 0.512177905104

row1col14
West 0.0416270658217
East 0.00486175107606
North 0.0393339452217
South 0.588523096144

row1col15
West 0.0391141433764
East 0.00481248716756
North 0.00195750865789
South 0.2262190625

row1col16
West 0.000579619987137
East 0.0415628436127
North 0.0671044008209
South 0.495248924047

row1col18
West 0.0205850652188
East 0.0082255394421
North 0.0528718169047
South 0.457215631497

row1col19
West 0.0494234117078
East 0.0107352925255
North 0.0246457817837
South 0.301375870098

row1col20
West 0.113478574408
East 0.000577262539644
North 0.00139311988057
South 0.0117010534143

row1col21
West 0.0212487569232
East 4.59273487753e-05
North 3.14687920525e-07
South 7.10874546442e-06

row1col22
West 0.00264959677039
East 2.89223109324e-05
North 9.32698838124e-09
South 2.06020671732e-07

row2col1
West 6.6282953428e-07
East 1.38860359788e-05
North 1.43187280218e-07
South 0.000130662066216

row2col2
West 8.2615938522e-09
East 7.39175700921e-14
North 3.25221345729e-05
South 0.00683592645877

row2col3
West 2.83797347821e-05
East 1.16597528097e-07
North 3.22322709173e-07
South 0.0126327634356

row2col4
West 8.40364353542e-05
East 0.0171563241228
North 2.09824450012e-07
South 0.000734815969375

row2col5
West 0.00108963131769
East 0.00753891175659
North 0.0059237240893
South 0.165409019864

row2col7
West 0.000185584237206
East 1.41524757584e-11
North 0.000144088609698
South 0.0295209108336

row2col8
West 0.000167517068566
East 0.146455486697
North 0.000460607434605
South 0.00775266216056

row2col9
West 0.0117309545559
East 0.0157167271031
North 0.0841557012882
South 0.468965503401

row2col10
West 0.182896062439
East 0.00160554874641
North 0.000501969661333
South 0.00842941448534

row2col11
West 0.0225499521635
East 0.00094176060122
North 2.70319681854e-05
South 0.000915728265453

row2col13
West 0.556075709256
East 0.944592497116
North 0.167097175967
South 0.515086762008

row2col14
West 0.653914861506
East 0.999938374366
North 0.177859572651
South 0.502756683739

row2col15
West 0.0
East 0.0
North 0.0
South 0.0

row2col16
West 0.999697775522
East 0.386092517405
North 0.100973023164
South 0.419456731067

row2col17
West 0.934281214298
East 0.429208570389
North 0.157184261526
South 0.311283220448

row2col18
West 0.844129377156
East 0.321992677827
North 0.0791143672789
South 0.0565871084951

row2col19
West 0.682360037467
East 0.156073315752
North 0.0305397599492
South 0.010763225675

row2col20
West 0.397758138209
East 0.0280273562454
North 0.0049276439409
South 0.000332677422796

row2col21
West 0.155013371589
East 0.00526500607294
North 5.72452076671e-05
South 0.000400846768681

row2col22
West 0.0442303938388
East 0.000824066560675
North 3.16975830118e-06
South 9.53370644406e-06

row3col1
West 0.000220298079535
East 0.00288530660193
North 2.2536432241e-06
South 0.000162741357169

row3col2
West 0.000380083820668
East 0.0333898060353
North 4.17348324079e-09
South 0.000466206047993

row3col3
West 0.00180922359233
East 0.116544003065
North 1.53175975245e-05
South 0.00316953619852

row3col4
West 0.00283971565449
East 0.259394326553
North 0.0013433276166
South 0.0131896480229

row3col5
West 0.00964853739001
East 0.0469641645361
North 0.0193496727272
South 0.418706895661

row3col7
West 0.00845341538613
East 0.116183585763
North 0.00155138243484
South 0.0062534227528

row3col8
West 0.0157372142958
East 0.330636076896
North 0.00123067937114
South 0.046686842125

row3col9
West 0.0705352899584
East 0.0133182955825
North 0.215334758024
South 0.579386853785

row3col10
West 0.278947784172
East 0.00447378956816
North 1.31903059748e-05
South 0.0157480946254

row3col11
West 0.0635672643246
East 0.00197995862554
North 6.98958841795e-08
South 0.00405856264853

row3col13
West 0.857258074718
East 0.9025
North 0.854924392954
South 0.809651038695

row3col14
West 0.856523620403
East 0.95
North 0.941010910257
South 0.892295588721

row3col15
West 0.882900269139
East 0.764682260226
North 1.0
South 0.943853445271

row3col16
West 0.443823004348
East 0.221041248605
North 0.924411873604
South 0.213873177299

row3col18
West 0.0165022339928
East 0.00670820439311
North 0.353408017552
South 0.0677435843491

row3col19
West 0.0572833926643
East 0.00500394725976
North 0.224554851808
South 0.00188047328063

row3col20
West 0.045900232863
East 0.000337837760387
North 0.000102808397205
South 0.000970058944974

row3col21
West 0.00825139807629
East 4.89625857071e-05
North 5.37057688863e-05
South 0.000114984712993

row3col22
West 0.000832847580988
East 3.31187514281e-05
North 4.68699504871e-05
South 7.49332415355e-06

row4col5
West 0.108919914211
East 0.0719355245689
North 0.091958311461
South 0.494908999256

row4col9
West 0.235623907046
East 0.269206728819
North 0.349353432656
South 0.628343496844

row4col13
West 0.805368812527
East 0.806885913425
North 0.857375
South 0.773506495134

row5col1
West 0.0
East 2.58907281043e-08
North 5.37592368757e-12
South 0.0

row5col2
West 6.33290627928e-10
East 7.11828391268e-05
North 4.32869648251e-10
South 1.06032207558e-09

row5col3
West 1.33330002841e-08
East 5.7180186755e-09
North 6.51521024687e-06
South 0.00102137166601

row5col5
West 0.432621791855
East 0.540011883919
North 0.121450876604
South 0.0306393325263

row5col6
West 0.491510211292
East 0.568800088986
North 0.41995256806
South 0.339445782795

row5col7
West 0.523815259213
East 0.598736938975
North 0.465874219887
South 0.341980999381

row5col8
West 0.564848333875
East 0.630249409705
North 0.496480642802
South 0.439776859235

row5col9
West 0.592227560404
East 0.663420431289
North 0.484387866486
South 0.41539125001

row5col10
West 0.628323520492
East 0.698337296094
North 0.611702560802
South 0.552261278225

row5col11
West 0.661203927372
East 0.735091890625
North 0.639758928978
South 0.539182788084

row5col12
West 0.693752908939
East 0.7737809375
North 0.710483029293
South 0.56808738262

row5col13
West 0.733025226326
East 0.733725026307
North 0.81450625
South 0.734963241426

row5col14
West 0.7737809375
East 0.691329619678
North 0.683769931163
South 0.647572352407

row5col15
West 0.73508767014
East 0.541625349139
North 0.393339473732
South 0.468199302715

row5col16
West 0.696709568244
East 0.488203106005
North 0.200930483119
South 0.328804125139

row5col17
West 0.65062223133
East 0.230511770389
North 0.282374790146
South 0.301596185069

row5col18
West 0.4862151011
East 0.209680133268
North 0.0956159777085
South 0.0753035714548

row5col20
West 8.25306761433e-08
East 1.18968423226e-14
North 0.000541880636224
South 0.0647278247605

row5col21
West 7.53343547065e-10
East 0.000109575932658
North 0.000376938553601
South 0.0249901573449

row5col22
West 1.33426401274e-17
East 9.42537783359e-19
North 0.000200171855706
South 0.00634038568598

row6col1
West 8.91753080637e-14
East 2.17480473677e-08
North 0.0
South 0.0

row6col2
West 8.91552450251e-14
East 1.74906091632e-15
North 4.74133558092e-08
South 0.000359072312739

row6col3
West 1.05859886898e-09
East 3.91256751054e-06
North 5.57779342454e-06
South 0.00812426195854

row6col5
West 0.0578238676053
East 0.346035320865
North 0.147517994734
South 0.0211783038478

row6col6
West 0.145818206701
East 0.27995925918
North 0.540359879372
South 0.36148855213

row6col7
West 0.168051898143
East 0.0983892759706
North 0.53317530782
South 0.212019348096

row6col8
West 0.153741091536
East 0.145168209847
North 0.566707731893
South 0.228919278524

row6col9
West 0.164098464394
East 0.183690454303
North 0.585887916449
South 0.105818782005

row6col10
West 0.161469399912
East 0.260875395868
North 0.662970803356
South 0.327116208712

row6col11
West 0.27927039289
East 0.183139352296
North 0.672737428209
South 0.312247516798

row6col12
West 0.21863389305
East 0.709819944842
North 0.402364761502
South 0.239166749606

row6col13
West 0.290590401981
East 0.53630096397
North 0.773780057709
South 0.703450194994

row6col14
West 0.64731001855
East 0.476216659875
North 0.735091890624
South 0.670742374671

row6col15
West 0.698337296053
East 0.516696226497
North 0.662335042078
South 0.640321071677

row6col16
West 0.663420430889
East 0.565449736151
North 0.479637882767
South 0.494588079404

row6col17
West 0.630249407446
East 0.411826295829
North 0.536160999952
South 0.556199778952

row6col18
West 0.583923569064
East 0.139866464325
North 0.119099579387
South 0.100256934436

row6col19
West 0.472183324105
East 0.116920372744
North 0.0499286270283
South 0.0811430238713

row6col20
West 0.333838843792
East 0.0400472252812
North 0.00199488592358
South 0.00434072452261

row6col21
West 0.184919893792
East 0.00651086595879
North 0.000361046530081
South 0.000629279330996

row6col22
West 0.0524841032815
East 0.0069129202571
North 0.000197913021367
South 6.6862369178e-07

row7col1
West 1.0339192382e-07
East 9.68894391751e-05
North 6.25968970376e-13
South 2.90226007235e-17

row7col2
West 8.86314700747e-07
East 0.0080052144767
North 1.25520602257e-06
South 0.0

row7col3
West 0.000499922487395
East 0.00156964997768
North 0.000452114999122
South 0.0433778467841

row7col5
West 0.0206792573486
East 0.378494468242
North 0.0268101859334
South 0.0261552169216

row7col6
West 0.175313339929
East 0.307148267178
North 0.513339645787
South 0.362190975057

row7col10
West 0.108436468899
East 0.183478094783
North 0.622823916753
South 0.228976686381

row7col17
West 0.454682417801
East 0.25263713979
North 0.598736926926
South 0.528664809407

row7col18
West 0.495443978897
East 0.0625577841372
North 0.0116726085599
South 0.0612551705418

row7col20
West 0.00082909362008
East 4.86933699969e-11
North 0.0501948676119
South 0.00491734936465

row7col21
West 1.78316030274e-07
East 0.0
North 0.0172642692207
South 0.000168100376299

row7col22
West 9.03142520372e-13
East 3.25013028744e-19
North 0.00297481818782
South 1.72597986939e-05

row8col1
West 4.61414581367e-06
East 0.00290289729956
North 1.40151342697e-06
South 3.67546004157e-10

row8col2
West 9.19557771511e-06
East 0.0273042379208
North 2.73757618312e-06
South 0.0

row8col3
West 0.00143951538463
East 0.143925423435
North 0.00363014456625
South 0.00952926768865

row8col4
West 0.0124450176807
East 0.290609174003
North 0.0124468879687
South 0.0303888986133

row8col5
West 0.0370668914309
East 0.423853245221
North 0.0446385040329
South 0.034217872627

row8col6
West 0.151007954051
East 0.246539093606
North 0.487659021334
South 0.318399134946

row8col8
West 0.000567035015504
East 0.0594130209108
North 3.71597867097e-06
South 5.50768529462e-06

row8col9
West 0.000215658547944
East 0.285659177757
North 0.0102450439911
South 0.00185370008593

row8col10
West 0.0238866046524
East 0.0473703935159
North 0.56536060799
South 0.146502406405

row8col11
West 0.404624035299
East 0.0181849414711
North 0.00797276786342
South 0.00939276567861

row8col12
West 0.221502498477
East 0.00692684651623
North 0.0117110647048
South 0.000670317116068

row8col13
West 0.0760498472006
East 0.000822672149893
North 0.000468685900235
South 3.72009528754e-06

row8col14
West 0.0215168049309
East 0.000311212951616
North 2.29674593408e-06
South 3.46309266647e-05

row8col15
West 0.00348155602718
East 0.000206609224122
North 3.27062283147e-05
South 9.74214868521e-13

row8col17
West 0.379532982122
East 0.198772087322
North 0.568800028837
South 0.491645939365

row8col18
West 0.406204487872
East 0.0375238432525
North 0.0548716030418
South 0.0615592834309

row9col5
West 0.0298805427538
East 0.256169699592
North 0.0288788143285
South 0.0131430701629

row9col6
West 0.0613844713063
East 0.257890209212
North 0.463184574554
South 0.253527354767

row9col8
West 6.03425029403e-07
East 0.00395146357328
North 0.00127702476557
South 0.000245734644587

row9col9
West 0.000211384708634
East 0.0926341271498
North 0.0069958672306
South 4.73145371571e-08

row9col10
West 0.00736482349395
East 0.016868415794
North 0.362686067525
South 0.121387186983

row9col11
West 0.121344348148
East 2.56444997516e-07
North 0.0384967373692
South 0.0100649568204

row9col12
West 0.00367913748289
East 3.11774688507e-06
North 0.0375614777609
South 5.65608022962e-06

row9col13
West 0.00115058545899
East 2.81244831192e-05
North 1.93255179677e-09
South 6.07966941173e-06

row9col14
West 5.47750771551e-06
East 1.90693844006e-16
North 0.00180260277415
South 7.36676783982e-05

row9col15
West 1.40195325502e-05
East 4.98411505117e-06
North 0.000291230482838
South 2.163294618e-06

row9col17
West 0.420270897116
East 0.196289780018
North 0.540359820466
South 0.47373609593

row9col18
West 0.391801920578
East 0.0977418221007
North 0.0564291242986
South 0.0511479589715

row9col20
West 4.80436197387e-09
East 1.22741699336e-05
North 3.12845433805e-09
South 8.08176993919e-08

row9col21
West 5.1641087025e-08
East 1.35137391299e-08
North 4.37526311956e-07
South 0.000155874796757

row9col22
West 7.8580104532e-06
East 5.62059171536e-10
North 3.93908530734e-08
South 3.58467426717e-08

row10col1
West 6.12735176377e-12
East 2.96035701387e-11
North 6.17431219163e-10
South 6.44778447104e-05

row10col2
West 1.89219784978e-06
East 2.95290420952e-15
North 2.96032753263e-11
South 0.0

row10col3
West 5.74510934405e-11
East 5.70004637222e-06
North 1.1638881224e-05
South 0.00191260482868

row10col5
West 0.00752108046363
East 0.185234006389
North 0.00437285744442
South 0.00498977489614

row10col6
West 0.0324800949404
East 0.138939466345
North 0.43958819327
South 0.215155728484

row10col17
West 0.302559710394
East 0.226576053999
North 0.51334118111
South 0.444350082259

row10col18
West 0.41435585371
East 0.068079128981
North 0.0256833630383
South 3.99468363978e-05

row10col20
West 7.50774173685e-10
East 8.35168642254e-05
North 1.45724222657e-08
South 0.0

row10col21
West 3.89065763765e-07
East 1.0186287149e-06
North 3.63434306399e-06
South 0.00134804347029

row10col22
West 3.98445821216e-05
East 2.58474011225e-07
North 7.23214211526e-11
South 0.0

row11col1
West 2.06203741192e-07
East 0.00105085793183
North 1.46389092189e-14
South 3.02089875183e-16

row11col2
West 2.37504446612e-06
East 0.00938198002896
North 1.40262949952e-16
South 9.87854917137e-08

row11col3
West 4.16115529669e-05
East 0.0590962348147
North 1.76784334576e-05
South 5.35584734099e-06

row11col4
West 0.000909073002173
East 0.158200752103
North 1.48601354146e-05
South 0.00777680861801

row11col5
West 0.00388650918401
East 0.293495520386
North 4.12056782147e-07
South 0.0184304568052

row11col6
West 0.0435852113193
East 0.208698515343
North 0.416124137278
South 0.135716120144

row11col8
West 0.0
East 5.50416969642e-05
North 0.0
South 0.0

row11col9
West 2.36823948155e-14
East 2.47780710908e-09
North 8.47250201345e-07
South 0.000647763202731

row11col10
West 4.17321547284e-06
East 1.76531392256e-09
North 0.0
South 2.12399876727e-13

row11col12
West 1.83434307603e-14
East 3.94713420925e-05
North 1.35292108032e-12
South 1.53004756265e-19

row11col13
West 1.38579398477e-12
East 1.64105348285e-09
North 6.34934743052e-06
South 0.00215026859689

row11col14
West 7.65830079807e-05
East 5.01411881223e-06
North 1.56293784315e-06
South 0.0208959043

row11col15
West 6.11505526811e-05
East 1.22505981576e-12
North 0.00143556400893
South 0.0134492624552

row11col17
West 0.349378660727
East 0.231341697126
North 0.487672349844
South 0.400552076925

row11col18
West 0.374294048785
East 0.054894449341
North 0.0591863626597
South 0.036945545344

row11col20
West 3.32813195535e-08
East 0.000105334759957
North 3.73070119334e-09
South 0.0

row11col21
West 1.2900497561e-06
East 1.55210614121e-06
North 6.84662568481e-06
South 0.00751382159555

row11col22
West 8.44254088856e-05
East 5.18629204893e-09
North 2.4226722013e-07
South 0.0

row12col1
West 3.62927181856e-09
East 8.59104015198e-06
North 0.0
South 0.0

row12col2
West 3.69225476057e-09
East 0.00107474329345
North 1.38025055371e-12
South 6.55619013014e-14

row12col3
West 6.82158125641e-18
East 2.24849366278e-05
North 0.0100300606143
South 2.24849603223e-05

row12col5
West 0.00386286277005
East 0.164184621285
North 0.0011123392239
South 0.0

row12col6
West 0.0260037861102
East 0.132285587084
North 0.38920315395
South 0.0994928888326

row12col8
West 3.01891209056e-07
East 0.000137225016688
North 0.0
South 1.91399593702e-09

row12col9
West 1.5649634587e-07
East 4.72875880858e-07
North 1.27636511981e-06
South 0.00457225431991

row12col10
West 0.00017544587098
East 7.73753033268e-07
North 0.0
South 3.96735512438e-07

row12col12
West 0.000496453654484
East 0.00743189129154
North 1.0643128558e-20
South 9.72054187299e-05

row12col13
West 0.000255604441929
East 0.037444869088
North 2.02350979283e-05
South 0.000560051363721

row12col14
West 0.00169648534622
East 0.133319127705
North 0.000525649664953
South 1.99988342086e-05

row12col15
West 0.0140834012327
East 0.260182510064
North 0.00102882185935
South 0.0247067443895

row12col16
West 0.0488915608307
East 0.401552096566
North 0.0678348291086
South 0.0614735134297

row12col17
West 0.189034083772
East 0.175132425841
North 0.463283998161
South 0.382119779851

row12col18
West 0.345981460529
East 0.02532253891
North 0.0521947089129
South 0.0243302763383

row12col20
West 1.66321321635e-06
East 0.00185290882807
North 7.48303377254e-08
South 1.22936964603e-05

row12col21
West 3.12694737121e-06
East 3.58141860692e-05
North 0.000308449462859
South 0.0241531292931

row12col22
West 0.00131593223694
East 1.26422073428e-06
North 0.0
South 2.65998696667e-05

row13col5
West 0.000191846520554
East 0.067429017479
North 0.00166284547737
South 9.59043272026e-05

row13col6
West 0.00298505312361
East 0.0785512323648
North 0.356954382763
South 0.0594849799354

row13col9
West 0.000424688680598
East 0.000468090252306
North 0.000194667220649
South 0.018874420318

row13col17
West 0.314378993744
East 0.242305221623
North 0.440105510241
South 0.358698179971

row13col18
West 0.41339617399
East 0.186135304499
North 0.0697088751071
South 0.0353778013352

row13col21
West 0.000309270418433
East 0.000303734422502
North 0.00115389039854
South 0.0554384761148

row14col1
West 8.37800842646e-09
East 5.05747035606e-06
North 1.27241514516e-15
South 7.13359727473e-12

row14col2
West 2.0202511989e-08
East 0.000226838497753
North 2.01281926443e-07
South 4.73816634733e-10

row14col3
West 3.65455053107e-06
East 0.00257250841716
North 2.14729660998e-20
South 1.00658246287e-06

row14col4
West 3.65402798908e-05
East 0.0223157119838
North 0.000426536923689
South 1.65697484851e-06

row14col5
West 0.000202661026844
East 0.118152596583
North 0.00360111812322
South 0.00594471450087

row14col6
West 0.014534798111
East 0.00394074467983
North 0.315584166363
South 0.0318374916426

row14col7
West 0.0775290962231
East 0.000593588360439
North 0.00178034797183
South 8.54194445483e-05

row14col8
West 0.00606640937577
East 0.0156244246122
North 0.000906530129291
South 3.6111737278e-06

row14col9
West 0.00143321492188
East 0.0557427807974
North 0.000121159358775
South 0.000125519576388

row14col10
West 0.00559156454057
East 0.0975490780599
North 0.00909773780379
South 0.00197339801846

row14col11
West 0.0142730883727
East 0.150673240821
North 0.0108534139074
South 0.00104648665589

row14col12
West 0.0432689735268
East 0.212608793404
North 0.0251798848165
South 0.00336962811183

row14col13
West 0.0618810897271
East 0.283858040653
North 0.0536998396789
South 0.00766047349506

row14col14
West 0.0842835811025
East 0.342098465698
North 0.0770488013321
South 0.0334587452186

row14col15
West 0.140730119281
East 0.374833300553
North 0.138387225415
South 0.0769428065926

row14col16
West 0.151150969123
East 0.396545838631
North 0.158795603402
South 0.0965008149115

row14col17
West 0.17309967205
East 0.0845954748131
North 0.418011215238
South 0.297157420828

row14col18
West 0.110406346051
East 0.0116284802629
North 0.364354159211
South 0.0563103135041

row14col19
West 0.282828371572
East 0.0180626463805
North 0.024569360628
South 0.00543963310847

row14col20
West 0.188916062873
East 0.00873475691853
North 0.00367198132666
South 0.000811578491056

row14col21
West 0.111366758178
East 0.0017363163552
North 0.00577618042848
South 0.000365787815679

row14col22
West 0.0166822702958
East 0.00105573803656
North 1.13749472489e-05
South 1.06472188976e-05

row15col1
West 4.70797115057e-13
East 1.1080831141e-06
North 8.918961893e-23
South 1.66339119203e-21

row15col2
West 2.69987725515e-08
East 0.00493413969691
North 2.1894569227e-07
South 7.75323632085e-06

row15col3
West 1.60912053214e-08
East 0.0185964877899
North 3.73817552599e-06
South 1.06945187125e-05

row15col4
West 0.000578901183923
East 0.0562118176434
North 0.000791350581496
South 0.000476672611153

row15col5
West 0.00126397586594
East 0.140813900079
North 0.00484322946066
South 0.0038641206263

row15col6
West 0.00464654777051
East 0.00397617934212
North 0.260805048915
South 0.0398424614496

row15col7
West 0.169601361465
East 0.000172553589201
North 0.00348791624785
South 0.000365009581375

row15col8
West 0.000785270806418
East 5.93116776884e-06
North 0.00323424620661
South 0.000120614667537

row15col9
West 4.56318768403e-07
East 0.00324636694279
North 0.00158270210232
South 2.20892420304e-12

row15col10
West 0.000313451676689
East 0.00156823182574
North 0.0223955668077
South 0.000428132723073

row15col11
West 0.00217089586136
East 0.000924703581854
North 0.0229056432143
South 0.000879790892964

row15col12
West 0.00262298588104
East 0.00324224490999
North 0.0426535514956
South 0.0013979337336

row15col13
West 0.00192818698857
East 0.0801804781583
North 0.000892968152429
South 1.24302116419e-08

row15col14
West 0.00458539403773
East 0.0540783619518
North 0.201626346363
South 0.0108777049813

row15col15
West 0.0346833813554
East 0.0882543978286
North 0.336164607706
South 0.0448148095236

row15col16
West 0.0391971255742
East 0.273963707406
North 0.0269885863623
South 0.012203732683

row15col17
West 0.0368609591952
East 0.0394176006171
North 0.387925063085
South 0.230050096068

row15col18
West 0.245429682483
East 0.00413316473153
North 0.0237719680141
South 0.0225797486868

row15col19
West 0.0629077523018
East 3.19561012329e-06
North 0.00654344591647
South 0.000637163823064

row15col20
West 0.000328452679291
East 9.48325838264e-12
North 0.0185333877753
South 2.61514999174e-05

row15col21
West 9.41640955322e-05
East 5.41186383744e-07
North 0.013182853594
South 5.36779798525e-21

row15col22
West 1.18854443646e-19
East 3.02196408399e-16
North 0.000929537681239
South 2.09526998615e-05

row16col2
West 1.68753397934e-06
East 9.09931415924e-06
North 0.00110324089863
South 3.43598555818e-08

row16col7
West 0.00065996812323
East 0.00264775269649
North 0.0975422079818
South 0.000700964788171

row16col15
West 0.04050932123
East 0.0325147030534
North 0.283637641449
South 0.0354615094043

row17col1
West 9.74393737537e-11
East 7.56617908004e-06
North 1.13274570497e-11
South 1.16489171225e-12

row17col2
West 8.48361747171e-11
East 8.87573429972e-10
North 0.000193985482421
South 7.84375135242e-09

row17col3
West 1.2540224327e-05
East 6.03622074047e-12
North 0.0
South 4.05269012513e-10

row17col4
West 3.97716677936e-07
East 4.35103139824e-17
North 8.48031744551e-24
South 0.0

row17col6
West 4.12202514924e-05
East 0.00499272216818
North 3.47041170087e-06
South 6.48349461837e-08

row17col7
West 8.05423720191e-05
East 0.000232260906191
North 0.0497200439608
South 0.000181751906473

row17col8
West 0.0153146572319
East 4.54342797023e-05
North 0.000159399557736
South 5.79467150173e-10

row17col9
West 0.00475140415139
East 2.64026641298e-07
North 0.000111526702289
South 5.12411135573e-06

row17col10
West 0.000399713652833
East 5.70761936877e-08
North 2.81325346036e-09
South 1.36655486593e-07

row17col11
West 6.27176622095e-06
East 1.97819284512e-11
North 1.80815861684e-11
South 7.13578733223e-22

row17col13
West 0.000660860452463
East 0.00898259115005
North 0.000166366830652
South 8.05149163583e-10

row17col14
West 0.0003482310433
East 0.0573654743993
North 0.00214455499729
South 4.2081728264e-05

row17col15
West 0.00647577042871
East 0.00434915093279
North 0.221616886684
South 0.0174758408902

row17col16
West 0.0437316857418
East 0.000597182930771
North 3.61860310412e-09
South 0.000808488342285

row17col18
West 1.73256615247e-08
East 1.73684431958e-08
North 3.55661607509e-06
South 0.000478045136337

row17col19
West 7.81535498462e-07
East 4.68997048117e-11
North 1.89206327359e-07
South 0.000136748130609

row17col20
West 3.74344361228e-10
East 7.59213409858e-25
North 2.06943759606e-08
South 1.69610071908e-05

row17col21
West 1.23166678157e-07
East 2.67135051488e-28
North 5.13245776368e-10
South 2.18431950045e-07

row17col22
West 0.0
East 5.2091335029e-28
North 3.4096661479e-14
South 6.67159308592e-08

row18col1
West 6.54888631113e-22
East 3.20768819921e-19
North 1.93408624493e-07
South 1.26764150849e-13

row18col2
West 3.40465320009e-14
East 6.23364522928e-10
North 1.57233825373e-05
South 1.61680340041e-09

row18col3
West 4.78276885593e-16
East 0.0
North 2.58422544616e-07
South 7.95450370793e-13

row18col4
West 0.0
East 0.0
North 1.54427909603e-09
South 0.0

row18col6
West 3.46868512691e-12
East 1.68070624583e-14
North 8.52638958871e-05
South 1.05518979986e-17

row18col7
West 1.83392870112e-07
East 3.40819482065e-07
North 0.0114390418563
South 5.89032991934e-06

row18col8
West 0.000593693069304
East 5.25398212896e-07
North 2.40840542268e-10
South 2.41196493119e-15

row18col9
West 1.38361869242e-10
East 1.4758104678e-05
North 0.00110523151671
South 3.6755195498e-06

row18col10
West 0.00025145396191
East 8.07232062568e-13
North 1.44384484997e-06
South 8.54380096532e-14

row18col11
West 6.40550573719e-06
East 9.71891177141e-17
North 3.09058487337e-17
South 4.09459617543e-33

row18col13
West 3.90715604882e-09
East 0.000573855628534
North 2.50124254852e-10
South 4.9365999043e-07

row18col14
West 2.6715730727e-06
East 0.0164661439307
North 0.000242177978083
South 3.52456950671e-05

row18col15
West 3.53734581383e-05
East 0.00227135106203
North 0.154418138249
South 0.00663096910092

row18col16
West 0.0874392547834
East 0.00189664628795
North 0.000557199947975
South 5.32814758225e-06

row18col17
West 0.0414444001177
East 0.00010021294856
North 2.84556207231e-05
South 0.000367713322348

row18col18
West 0.0149947333895
East 0.000156503387131
North 1.38962842651e-05
South 7.49595898635e-07

row18col19
West 0.00425298287657
East 2.02452043491e-05
North 4.19104818201e-07
South 5.0076837569e-07

row18col20
West 0.000753171825954
East 7.35815787519e-07
North 5.26088255111e-07
South 4.57429224647e-07

row18col21
West 7.27663844423e-05
East 9.15711703566e-08
North 1.51741227437e-08
South 7.58642385272e-09

row18col22
West 2.20154067022e-06
East 1.14582871041e-07
North 2.39528382386e-10
South 3.47987380682e-09

row19col1
West 0.0
East 4.84006870339e-09
North 4.41065709467e-12
South 1.77974509878e-16

row19col2
West 1.94276630557e-10
East 4.07923264289e-13
North 5.79876794689e-07
South 1.70180110113e-10

row19col3
West 1.19861306363e-08
East 0.0
North 2.66965382506e-12
South 3.23697227772e-21

row19col4
West 0.0
East 0.0
North 0.0
South 0.0

row19col6
West 2.48857540104e-18
East 1.17359518812e-05
North 7.9833546677e-16
South 0.0

row19col7
West 6.42284577104e-08
East 7.48513787165e-13
North 0.000869812952782
South 1.66429837187e-06

row19col8
West 0.0
East 1.55693840342e-22
North 1.30578625224e-06
South 3.34711199713e-14

row19col9
West 3.27776505653e-21
East 9.70458717086e-17
North 8.00007395363e-05
South 7.56079261993e-33

row19col10
West 4.66535145791e-23
East 3.56361011391e-11
North 2.20006425633e-05
South 4.97725812441e-17

row19col11
West 7.04916267148e-08
East 2.60183204485e-23
North 5.47754114624e-22
South 8.39926740342e-41

row19col13
West 1.89119035929e-06
East 4.68081064346e-05
North 6.29552857379e-12
South 1.15984727752e-07

row19col14
West 5.35211588429e-07
East 0.00265504271503
North 1.47533101111e-05
South 6.0245676927e-05

row19col15
West 0.000106187898862
East 1.23205967885e-09
North 0.0354446227438
South 0.00259370729328

row19col16
West 8.96697726022e-12
East 0.0
North 0.00669399979356
South 5.3301820955e-06

row19col18
West 6.82642587539e-07
East 1.7979405165e-32
North 6.62657327305e-05
South 1.13457423568e-07

row19col19
West 9.52808861468e-08
East 7.81833887969e-15
North 0.000430797017399
South 6.25231209484e-33

row19col20
West 1.630929786e-26
East 9.06876530705e-09
North 1.37976424766e-05
South 1.52491686982e-14

row19col21
West 1.17032771398e-08
East 4.39401947998e-09
North 1.82123121113e-06
South 3.61690918485e-24

row19col22
West 2.32196527394e-23
East 0.0
North 2.4165442616e-07
South 9.82481127953e-10
