
row1col1
West 1.3604118321e-05
East 1.35827849799e-05
North 1.3604118321e-05
South 1.35923851539e-05

row1col2
West 1.36561152283e-05
East 1.36511304457e-05
North 1.36740265882e-05
South 1.36680402032e-05

row1col3
West 1.37601835355e-05
East 1.37719191671e-05
North 1.37754526632e-05
South 1.41204845506e-05

row1col4
West 1.38763023414e-05
East 1.38718968908e-05
North 1.38792872982e-05
South 1.48178700861e-05

row1col5
West 1.39565886606e-05
East 1.39489448415e-05
North 1.39489448415e-05
South 2.01915541177e-05

row1col7
West 1.44103191797e-05
East 3.54031198664e-05
North 1.44103191797e-05
South 1.43873486893e-05

row1col8
West 1.44314000784e-05
East 0.000492251300334
North 1.44103191797e-05
South 1.44190489359e-05

row1col9
West 1.44440652475e-05
East 1.44299154741e-05
North 1.44464352679e-05
South 0.00532442194525

row1col10
West 1.43477324649e-05
East 1.43471634256e-05
North 1.43400688737e-05
South 0.000408664326789

row1col11
West 1.75923420549e-05
East 1.42667554748e-05
North 1.42684581548e-05
South 1.42772672566e-05

row1col13
West 1.67455470092e-05
East 0.0156837135229
North 1.6747545523e-05
South 1.67836224816e-05

row1col14
West 1.67895193213e-05
East 1.6789610184e-05
North 1.67875157987e-05
South 0.362942120195

row1col15
West 1.68310193942e-05
East 1.68416051558e-05
North 1.68295897731e-05
South 0.215767749084

row1col16
West 1.69088197614e-05
East 1.69140543319e-05
North 1.69140543319e-05
South 0.233077183729

row1col18
West 1.717e-05
East 1.717e-05
North 1.717e-05
South 1.717e-05

row1col19
West 0.960517251504
East 1.717e-05
North 1.717e-05
South 1.717e-05

row1col20
West 0.742085425198
East 1.7127075e-05
North 1.7127075e-05
South 1.717e-05

row1col21
West 0.240301207216
East 1.708629625e-05
North 1.70842573125e-05
South 1.708629625e-05

row1col22
West 0.00725646944427
East 1.70415466692e-05
North 1.70415466692e-05
South 1.70435805094e-05

row2col1
West 1.3604118321e-05
East 1.36064840115e-05
North 1.36112944624e-05
South 1.36048319862e-05

row2col2
West 1.37109312473e-05
East 1.37222363711e-05
North 1.37356303288e-05
South 1.58846518896e-05

row2col3
West 1.38557308863e-05
East 0.000117047029617
North 1.3836922452e-05
South 1.38615696443e-05

row2col4
West 1.39727651793e-05
East 1.39883403989e-05
North 1.39658690416e-05
South 0.0017431546456

row2col5
West 1.40753400333e-05
East 1.4054087201e-05
North 1.40723888445e-05
South 0.00629555212662

row2col7
West 1.44464352679e-05
East 1.44318065073e-05
North 1.44247170245e-05
South 1.44300047066e-05

row2col8
West 1.44914707566e-05
East 1.4492526478e-05
North 1.44906478307e-05
South 0.000181640971731

row2col9
West 1.45121507568e-05
East 1.45094621363e-05
North 1.45175664249e-05
South 0.0666811760679

row2col10
West 0.0090892350705
East 1.44304370766e-05
North 1.44171824462e-05
South 1.44318720409e-05

row2col11
West 1.43685459283e-05
East 1.43742933817e-05
North 1.43713776829e-05
South 4.6765702973e-05

row2col13
West 1.67455470092e-05
East 0.773793559028
North 1.67221455736e-05
South 1.67365115429e-05

row2col14
West 1.67917600349e-05
East 0.814519535819
North 1.67891259333e-05
South 1.67893040411e-05

row2col15
West 1.68653007425e-05
East 0.857388985072
North 1.6864241855e-05
South 1.68718104433e-05

row2col16
West 1.69507688615e-05
East 0.902514721129
North 1.69487637621e-05
South 1.69564454455e-05

row2col17
West 1.70801947168e-05
East 0.950015495925
North 1.70842573125e-05
South 1.70842573125e-05

row2col18
West 1.717e-05
East 1.7127075e-05
North 1.0000163115
South 1.717e-05

row2col19
West 0.56915451428
East 1.7127075e-05
North 1.7127075e-05
South 1.717e-05

row2col20
West 1.7127075e-05
East 1.7127075e-05
North 0.356237045237
South 1.7127075e-05

row2col21
West 1.708629625e-05
East 1.70822234723e-05
North 0.0327069902211
South 1.70842573125e-05

row2col22
West 0.00168372556215
East 1.70415466692e-05
North 1.70415466692e-05
South 1.70435805094e-05

row3col1
West 1.36723948428e-05
East 1.46821434753e-05
North 1.36632284269e-05
South 1.36723948428e-05

row3col2
West 1.37953929704e-05
East 0.000147139755095
North 1.37876479097e-05
South 1.37754526632e-05

row3col3
West 1.39156166618e-05
East 0.00167887747352
North 1.39088336042e-05
South 1.39140724794e-05

row3col4
West 1.4029085664e-05
East 0.0156996876725
North 1.40601251602e-05
South 1.4054087201e-05

row3col5
West 1.42008043435e-05
East 1.41955108646e-05
North 1.41934412577e-05
South 0.0642525445995

row3col7
West 1.44843703177e-05
East 4.43159125567e-05
North 1.44637505587e-05
South 1.44826418725e-05

row3col8
West 1.45635069676e-05
East 0.0149272734619
North 1.45534757991e-05
South 1.45587190592e-05

row3col9
West 1.46397561936e-05
East 1.46545876006e-05
North 1.46354932941e-05
South 0.223076893011

row3col10
West 0.0267425525805
East 1.44856988504e-05
North 1.4476262601e-05
South 1.44826418725e-05

row3col11
West 0.00148133652257
East 1.44120389934e-05
North 1.44189199056e-05
South 1.44346192041e-05

row3col13
West 1.65787184512e-05
East 1.65659938858e-05
North 0.735103881076
South 1.65330416166e-05

row3col14
West 1.67279838685e-05
East 1.67242627174e-05
North 0.142030339515
South 1.67455470092e-05

row3col15
West 1.68250837631e-05
East 1.68347177745e-05
North 0.183707954278
South 1.68295897731e-05

row3col16
West 1.69049411447e-05
East 1.69140543319e-05
North 0.11079169408
South 1.69140543319e-05

row3col18
West 1.717e-05
East 1.7127075e-05
North 0.291101627406
South 1.717e-05

row3col19
West 1.7127075e-05
East 1.7127075e-05
North 0.125265725449
South 1.7127075e-05

row3col20
West 1.708629625e-05
East 1.70842573125e-05
North 0.0719884624857
South 1.70842573125e-05

row3col21
West 0.00744540088704
East 1.70415466692e-05
North 1.70823203219e-05
South 1.70415466692e-05

row3col22
West 0.000490403164352
East 1.70415466692e-05
North 1.70009715581e-05
South 1.69989428025e-05

row4col5
West 1.44103191797e-05
East 1.44120389934e-05
North 1.43775613584e-05
South 0.167513127024

row4col9
West 1.48869539037e-05
East 1.48869539037e-05
North 1.48814808486e-05
South 0.402112637728

row4col13
West 1.62500308967e-05
East 1.62500308967e-05
North 0.698348687018
South 1.62541741452e-05

row5col1
West 1.3135634678e-05
East 1.31375306966e-05
North 1.3135634678e-05
South 1.31256229402e-05

row5col2
West 1.31604370936e-05
East 1.31782739212e-05
North 1.31685560681e-05
South 1.3153731466e-05

row5col3
West 1.31738613545e-05
East 1.31685560681e-05
North 1.31685560681e-05
South 1.31538466327e-05

row5col5
West 1.45240593815e-05
East 0.328340888825
North 1.45271353136e-05
South 1.45217976534e-05

row5col6
West 1.46797213174e-05
East 0.461755163186
North 1.46650406036e-05
South 1.4655132266e-05

row5col7
West 1.48640657709e-05
East 0.487210334148
North 1.48497365189e-05
South 1.48507433018e-05

row5col8
West 1.50352422286e-05
East 0.513243300633
North 1.503675855e-05
South 1.50362083403e-05

row5col9
West 1.51112160939e-05
East 0.540354707469
North 1.51079038768e-05
South 1.51301495538e-05

row5col10
West 1.53591739979e-05
East 0.568808076354
North 1.5379353765e-05
South 1.53613259497e-05

row5col11
West 1.56069271195e-05
East 0.598746540861
North 1.56120761446e-05
South 1.5609000703e-05

row5col12
West 1.57871009107e-05
East 0.630259679063
North 1.58086993093e-05
South 1.5776141902e-05

row5col13
West 1.59652743019e-05
East 1.59549062807e-05
North 0.66343125264
South 1.59337444445e-05

row5col14
West 0.63025517894
East 1.57947718091e-05
North 1.58086993093e-05
South 1.57953899903e-05

row5col15
West 0.598678653749
East 1.56244734616e-05
North 1.5651204155e-05
South 1.56499043212e-05

row5col16
West 0.568372069928
East 1.54962289224e-05
North 1.5495278056e-05
South 1.54870745346e-05

row5col17
West 0.538406169049
East 1.53443440491e-05
North 1.53409053806e-05
South 1.53217809062e-05

row5col18
West 0.35009452912
East 1.51501004759e-05
North 1.51501004759e-05
South 1.51494629243e-05

row5col20
West 1.42310885861e-05
East 1.42360274037e-05
North 1.42310885861e-05
South 1.44950162017e-05

row5col21
West 1.41430568958e-05
East 1.41688334855e-05
North 1.41650156748e-05
South 1.41481582402e-05

row5col22
West 1.41112229681e-05
East 1.41279131939e-05
North 1.40990996867e-05
South 1.57026519012e-05

row6col1
West 1.31685560681e-05
East 1.31803337197e-05
North 1.31822093964e-05
South 1.31709070411e-05

row6col2
West 1.32088909307e-05
East 1.32270414454e-05
North 1.32142845922e-05
South 1.32012171579e-05

row6col3
West 1.32240853599e-05
East 1.32346465845e-05
North 1.32406415321e-05
South 3.03037084456e-05

row6col5
West 1.44103191797e-05
East 1.44190849565e-05
North 0.029460385228
South 1.44314580704e-05

row6col6
West 1.45366564987e-05
East 1.45432249649e-05
North 0.434623790826
South 1.453614017e-05

row6col7
West 1.47471098848e-05
East 1.47733550559e-05
North 0.0376172846022
South 1.47773440534e-05

row6col8
West 1.49698815016e-05
East 0.00440106016483
North 1.49977933106e-05
South 1.50009567439e-05

row6col9
West 1.51349057321e-05
East 0.113994672495
North 1.51396301931e-05
South 1.51501004759e-05

row6col10
West 1.52769250814e-05
East 1.53170761476e-05
North 0.493773667218
South 1.52899310049e-05

row6col11
West 1.55050043561e-05
East 1.55368395156e-05
North 0.0805943584692
South 1.55359672734e-05

row6col12
West 1.56807074071e-05
East 1.5710720891e-05
North 0.0299969611277
South 1.56904302306e-05

row6col13
West 1.58153031766e-05
East 1.58264481793e-05
North 0.0633491119586
South 1.58086993093e-05

row6col14
West 1.57313579537e-05
East 1.57450102018e-05
North 0.167714779865
South 1.57297546171e-05

row6col15
West 0.0178382671763
East 1.55654356446e-05
North 1.55910492604e-05
South 1.55730459543e-05

row6col16
West 1.54109965644e-05
East 1.54213855596e-05
North 0.0924553532544
South 1.54178985112e-05

row6col17
West 1.51945103232e-05
East 1.52023305363e-05
North 0.504767424394
South 1.51749382615e-05

row6col18
West 1.49941102766e-05
East 1.49579626165e-05
North 0.150417231542
South 1.49700336728e-05

row6col19
West 0.0469957573642
East 1.46729137242e-05
North 1.46650406036e-05
South 1.46650406036e-05

row6col20
West 0.0106448468218
East 1.43605722041e-05
North 1.43642282875e-05
South 1.43713458951e-05

row6col21
West 0.001456887848
East 1.42120438217e-05
North 1.4218098262e-05
South 1.42033321631e-05

row6col22
West 0.000133914854189
East 1.41246220323e-05
North 1.41134700352e-05
South 1.41363707054e-05

row7col1
West 1.3201559968e-05
East 1.32206671667e-05
North 1.32161239732e-05
South 1.44452472577e-05

row7col2
West 1.32739538932e-05
East 9.78250853536e-05
North 1.32897991316e-05
South 1.32836946319e-05

row7col3
West 1.33512846498e-05
East 1.33678243698e-05
North 1.33695047233e-05
South 0.00119484078721

row7col5
West 1.42310885861e-05
East 0.0335563820804
North 1.42194453863e-05
South 1.4207779069e-05

row7col6
West 1.42727072511e-05
East 1.42667554748e-05
North 0.40340508411
South 1.42637570124e-05

row7col10
West 1.51501004759e-05
East 1.51501004759e-05
North 0.328448325875
South 1.51460626368e-05

row7col17
West 1.49991666536e-05
East 1.49902185837e-05
North 0.464017368539
South 1.49825236244e-05

row7col18
West 0.0292723520833
East 1.48869539037e-05
North 1.49036557594e-05
South 1.48717283987e-05

row7col20
West 1.42327870094e-05
East 1.42348300854e-05
North 0.000467734389109
South 1.42310885861e-05

row7col21
West 1.41538354327e-05
East 1.41448117832e-05
North 3.14014308355e-05
South 1.41600220875e-05

row7col22
West 1.40797357268e-05
East 1.40777865138e-05
North 1.8160209421e-05
South 1.40638519375e-05

row8col1
West 1.32678161248e-05
East 8.02854039164e-05
North 1.32895878811e-05
South 1.32678161248e-05

row8col2
West 1.33728595266e-05
East 0.00143149666802
North 1.33603985444e-05
South 1.33678243698e-05

row8col3
West 1.34839990445e-05
East 0.014360052811
North 1.34986923909e-05
South 1.35023422983e-05

row8col4
West 1.37294164771e-05
East 0.0658194148979
North 1.37410140316e-05
South 1.37410140316e-05

row8col5
West 1.3977662205e-05
East 0.18885329546
North 1.39801019249e-05
South 1.39684792142e-05

row8col6
West 1.40590920224e-05
East 1.4054087201e-05
North 0.365814648141
South 1.40603558857e-05

row8col8
West 1.4816063647e-05
East 0.000222100723933
North 1.48143800034e-05
South 1.48169556505e-05

row8col9
West 1.49159536e-05
East 0.0105244297267
North 1.48869539037e-05
South 1.49021682386e-05

row8col10
West 1.49661295547e-05
East 1.49461879641e-05
North 0.161096509924
South 1.49794011614e-05

row8col11
West 0.0473153143936
East 1.48274603881e-05
North 1.48497365189e-05
South 1.48289407415e-05

row8col12
West 0.00643730241809
East 1.46927989571e-05
North 1.47017950913e-05
South 1.47090136885e-05

row8col13
West 0.000597676317589
East 1.45412045581e-05
North 1.45553275394e-05
South 1.45315932645e-05

row8col14
West 5.32076915128e-05
East 1.44028003171e-05
North 1.44103191797e-05
South 1.44023424709e-05

row8col15
West 1.48159886128e-05
East 1.43025117542e-05
North 1.43025117542e-05
South 1.4309405806e-05

row8col17
West 1.47755806472e-05
East 1.47599151683e-05
North 0.412682954953
South 1.47714760263e-05

row8col18
West 0.024769268059
East 1.47017950913e-05
North 1.47029722778e-05
South 1.46979597497e-05

row9col5
West 1.37754526632e-05
East 1.38019731019e-05
North 0.00970064834264
South 1.37719942711e-05

row9col6
West 1.38322177628e-05
East 1.384458908e-05
North 0.312154357184
South 1.3837008963e-05

row9col8
West 1.48126121776e-05
East 2.33997749842e-05
North 1.48118023667e-05
South 1.48178359034e-05

row9col9
West 1.48698597933e-05
East 0.00033698622419
North 1.48779893019e-05
South 1.48869539037e-05

row9col10
West 1.4871141217e-05
East 1.48582277629e-05
North 0.0196415384576
South 1.48531966386e-05

row9col11
West 1.47802157073e-05
East 1.47689458236e-05
North 0.00273945794575
South 1.47755806472e-05

row9col12
West 1.46378443136e-05
East 1.46268527516e-05
North 1.5969370993e-05
South 1.46283780021e-05

row9col13
West 1.44641523245e-05
East 1.44467953039e-05
North 1.69101801425e-05
South 1.44464352679e-05

row9col14
West 1.43771509363e-05
East 1.43551245515e-05
North 1.45765604494e-05
South 1.43809185546e-05

row9col15
West 1.42517680474e-05
East 1.42667554748e-05
North 1.42466504745e-05
South 1.42667554748e-05

row9col17
West 1.45553275394e-05
East 1.45566847501e-05
North 0.347616795136
South 1.45373483985e-05

row9col18
West 2.12442689996e-05
East 1.44826418725e-05
North 1.44947169928e-05
South 1.44802857986e-05

row9col20
West 1.19153323304e-05
East 1.18929419655e-05
North 1.1913910453e-05
South 1.18932715725e-05

row9col21
West 1.18916443185e-05
East 1.18747212494e-05
North 1.18883166604e-05
South 1.18741968974e-05

row9col22
West 1.1883957181e-05
East 1.1913910453e-05
North 1.1913910453e-05
South 1.19106276318e-05

row10col1
West 1.24133436769e-05
East 1.23918997718e-05
North 1.24051205916e-05
South 1.24069271337e-05

row10col2
West 1.24478953642e-05
East 1.244497426e-05
North 1.24644010262e-05
South 1.2465011047e-05

row10col3
West 1.25595856496e-05
East 1.2556926148e-05
North 1.25627136886e-05
South 1.2971740864e-05

row10col5
West 1.3604118321e-05
East 0.0973979413383
North 1.36016190698e-05
South 1.35618374071e-05

row10col6
West 1.36734501805e-05
East 1.36723948428e-05
North 0.247665948096
South 1.36681291793e-05

row10col17
West 1.43025117542e-05
East 1.43263061373e-05
North 0.274506300561
South 1.42920403177e-05

row10col18
West 0.0376466162505
East 1.42667554748e-05
North 1.42749683433e-05
South 1.42380571247e-05

row10col20
West 1.19437698777e-05
East 1.19217079019e-05
North 1.19232762845e-05
South 1.19338104347e-05

row10col21
West 1.19285557475e-05
East 1.192451261e-05
North 1.19208214844e-05
South 1.19220711789e-05

row10col22
West 1.19261143988e-05
East 1.19520683722e-05
North 1.1930599092e-05
South 1.19555307682e-05

row11col1
West 1.24022273988e-05
East 1.2411860466e-05
North 1.24139515975e-05
South 1.24262161854e-05

row11col2
West 1.25186689611e-05
East 3.36953239116e-05
North 1.25189255524e-05
South 1.25102293401e-05

row11col3
West 1.26803474847e-05
East 0.000562541867879
North 1.26651703708e-05
South 1.26677395651e-05

row11col4
West 1.29788569726e-05
East 0.00419972745879
North 1.29722581718e-05
South 1.29722581718e-05

row11col5
West 1.33053455628e-05
East 1.33310397937e-05
North 0.0280328642835
South 1.33156181944e-05

row11col6
West 1.34912606236e-05
East 1.34685864425e-05
North 0.161713372952
South 1.34834629648e-05

row11col8
West 1.22158949102e-05
East 1.22016692542e-05
North 1.22158949102e-05
South 1.22046662718e-05

row11col9
West 1.22354292542e-05
East 1.2213063243e-05
North 1.22158949102e-05
South 1.22088830992e-05

row11col10
West 1.21990430126e-05
East 1.22158949102e-05
North 1.22158949102e-05
South 1.21910339784e-05

row11col12
West 1.32362260864e-05
East 1.32227530155e-05
North 1.32362260864e-05
South 1.32467510882e-05

row11col13
West 1.32488573015e-05
East 1.32429130278e-05
North 1.32678161248e-05
South 1.32408022926e-05

row11col14
West 1.32820172871e-05
East 1.32893487839e-05
North 1.33010687968e-05
South 1.33041046728e-05

row11col15
West 1.33815931727e-05
East 1.33678243698e-05
North 1.33678243698e-05
South 8.98401710318e-05

row11col17
West 1.4054087201e-05
East 1.40325555757e-05
North 0.197996228822
South 1.40631941384e-05

row11col18
West 1.40145995373e-05
East 1.3983904603e-05
North 0.0022032381665
South 1.39911492677e-05

row11col20
West 1.20079465782e-05
East 1.2001381783e-05
North 1.20043354557e-05
South 1.19904050664e-05

row11col21
West 1.20090970105e-05
East 1.20244038907e-05
North 1.20177303544e-05
South 1.20154514638e-05

row11col22
West 1.19986660964e-05
East 1.20065103928e-05
North 1.20212224441e-05
South 1.20220758457e-05

row12col1
West 1.24007474194e-05
East 1.24006216181e-05
North 1.24177116778e-05
South 1.24007474194e-05

row12col2
West 1.24632958041e-05
East 1.24366474264e-05
North 1.24590580518e-05
South 1.2462984448e-05

row12col3
West 1.25094385117e-05
East 1.25255338326e-05
North 3.91277516936e-05
South 1.25255338326e-05

row12col5
West 1.32362260864e-05
East 1.32582281594e-05
North 0.00196102464026
South 1.32479252893e-05

row12col6
West 1.33316342009e-05
East 1.33344048088e-05
North 0.0867505255814
South 1.33209940601e-05

row12col8
West 1.22158949102e-05
East 1.21913861245e-05
North 1.22173666136e-05
South 1.22158949102e-05

row12col9
West 1.22510170477e-05
East 1.22635084237e-05
North 1.22492833744e-05
South 1.22491264266e-05

row12col10
West 1.22086841558e-05
East 1.22158949102e-05
North 1.22200156724e-05
South 1.22158949102e-05

row12col12
West 1.32346465845e-05
East 1.32167294641e-05
North 1.32257016298e-05
South 1.32346465845e-05

row12col13
West 1.32510841426e-05
East 1.39435063486e-05
North 1.32761048353e-05
South 1.32678161248e-05

row12col14
West 1.33587990074e-05
East 7.02526505435e-05
North 1.33650459098e-05
South 1.33678243698e-05

row12col15
West 1.34907170856e-05
East 0.00217660594802
North 1.34980739289e-05
South 1.35023422983e-05

row12col16
West 1.36527346058e-05
East 0.0203503442441
North 1.36382138557e-05
South 1.36382138557e-05

row12col17
West 1.37839499908e-05
East 1.37846214409e-05
North 0.131728245728
South 1.3797710992e-05

row12col18
West 0.000142615629218
East 1.37426539664e-05
North 1.37580580648e-05
South 1.37522019034e-05

row12col20
West 1.20639578109e-05
East 1.20676171872e-05
North 1.20658773989e-05
South 1.20639578109e-05

row12col21
West 1.21719585098e-05
East 1.21547716504e-05
North 1.21722809737e-05
South 1.225799784e-05

row12col22
West 1.20697654422e-05
East 1.20941932942e-05
North 1.20750162663e-05
South 1.20941932942e-05

row13col5
West 1.31027955913e-05
East 1.31154429012e-05
North 7.61197080917e-05
South 1.31047435925e-05

row13col6
West 1.31906829273e-05
East 1.31685560681e-05
North 0.0415464633108
South 1.31900860369e-05

row13col9
West 1.24007474194e-05
East 1.24007474194e-05
North 1.24111382565e-05
South 1.24661171898e-05

row13col17
West 1.35701080252e-05
East 1.35700914245e-05
North 0.0764355992234
South 1.35681779122e-05

row13col18
West 0.024158383103
East 1.35361827552e-05
North 1.35438935978e-05
South 1.35050670863e-05

row13col21
West 1.24658176045e-05
East 1.24646103177e-05
North 1.24631899768e-05
South 1.46965455257e-05

row14col1
West 1.22465111882e-05
East 1.2230679641e-05
North 1.22465111882e-05
South 1.22299467365e-05

row14col2
West 1.23077039826e-05
East 1.32765318374e-05
North 1.23165256765e-05
South 1.23048953205e-05

row14col3
West 1.25013564487e-05
East 3.75044518165e-05
North 1.25255338326e-05
South 1.25203603242e-05

row14col4
West 1.2715565031e-05
East 0.000357136398092
North 1.27180345621e-05
South 1.26955491955e-05

row14col5
West 1.2923893879e-05
East 0.00341348040993
North 1.29295040877e-05
South 1.2906103151e-05

row14col6
West 1.30285774687e-05
East 1.30375031144e-05
North 0.0179433167133
South 1.30314700917e-05

row14col7
West 0.00476179508031
East 1.28679388577e-05
North 1.28752092626e-05
South 1.28788086359e-05

row14col8
West 0.000551414467536
East 1.27449908549e-05
North 1.27150718382e-05
South 1.27447190429e-05

row14col9
West 5.15056813082e-05
East 1.25710074876e-05
North 1.25678574271e-05
South 1.25924165195e-05

row14col10
West 1.36323297998e-05
East 1.25501524788e-05
North 1.2556926148e-05
South 1.25544417948e-05

row14col11
West 1.25725626758e-05
East 1.25611320542e-05
North 1.25883971408e-05
South 1.25701250944e-05

row14col12
West 1.26145697385e-05
East 1.26922556337e-05
North 1.26199470083e-05
South 1.2620149728e-05

row14col13
West 1.27138246772e-05
East 1.95653200215e-05
North 1.27150718382e-05
South 1.27055051865e-05

row14col14
West 1.2796522823e-05
East 0.000193506447646
North 1.28109136864e-05
South 1.27972157934e-05

row14col15
West 1.29419258063e-05
East 0.00274584877439
North 1.29413718428e-05
South 1.29467982322e-05

row14col16
West 1.31207922066e-05
East 0.00947347373322
North 1.313727346e-05
South 1.31239192798e-05

row14col17
West 1.33423959395e-05
East 1.33173711821e-05
North 0.0288231714703
South 1.33396681225e-05

row14col18
West 1.33126087649e-05
East 1.3283264704e-05
North 0.00644173498926
South 1.33080534369e-05

row14col19
West 0.00141285964607
East 1.31594244283e-05
North 1.31372023632e-05
South 1.31361633204e-05

row14col20
West 0.000251461614578
East 1.29865680411e-05
North 1.30063221641e-05
South 1.29862779752e-05

row14col21
West 3.89282833664e-05
East 1.27728154084e-05
North 1.27660039094e-05
South 1.27748956349e-05

row14col22
West 1.30758540243e-05
East 1.27790281923e-05
North 1.27788864022e-05
South 1.27710692806e-05

row15col1
West 1.22465111882e-05
East 1.22173651115e-05
North 1.22199391155e-05
South 1.22465111882e-05

row15col2
West 1.22231637277e-05
East 1.22130920073e-05
North 1.22148377993e-05
South 1.2188149918e-05

row15col3
West 1.24451992572e-05
East 1.24538382949e-05
North 1.28613035068e-05
South 1.24318269869e-05

row15col4
West 1.26427544584e-05
East 1.33534798916e-05
North 1.26533967524e-05
South 1.26343450171e-05

row15col5
West 1.28160957876e-05
East 1.28284312198e-05
North 0.0001323333605
South 1.28154315053e-05

row15col6
West 1.29108055658e-05
East 1.29082702465e-05
North 4.36456533625e-05
South 1.29074779575e-05

row15col7
West 1.28058783217e-05
East 1.28020821384e-05
North 0.000705385325973
South 1.28080798145e-05

row15col8
West 1.27256081817e-05
East 1.26990172464e-05
North 1.28554244611e-05
South 1.27150718382e-05

row15col9
West 1.26015491277e-05
East 1.26090567134e-05
North 1.33675703269e-05
South 1.25898995154e-05

row15col10
West 1.25563295906e-05
East 1.25650219842e-05
North 1.25664243308e-05
South 1.2556926148e-05

row15col11
West 1.25598860944e-05
East 1.25732203275e-05
North 1.25446889781e-05
South 1.2556926148e-05

row15col12
West 1.25952043891e-05
East 1.26271428254e-05
North 1.26107614803e-05
South 1.26199470083e-05

row15col13
West 1.2705505874e-05
East 1.29435185568e-05
North 1.27067394967e-05
South 1.27150718382e-05

row15col14
West 1.27945301224e-05
East 1.92597897872e-05
North 1.27968139839e-05
South 1.27788864022e-05

row15col15
West 1.28705643984e-05
East 1.28660054714e-05
North 0.000488203505936
South 1.28607609916e-05

row15col16
West 1.30571446659e-05
East 1.30637417482e-05
North 0.000174738913983
South 1.30419611832e-05

row15col17
West 1.31991616631e-05
East 1.32023821927e-05
North 1.53158939622e-05
South 1.32030604949e-05

row15col18
West 1.32128105389e-05
East 1.31963687868e-05
North 1.33504654376e-05
South 1.3201559968e-05

row15col19
West 1.31182280519e-05
East 1.31084204016e-05
North 3.09818045151e-05
South 1.31027955913e-05

row15col20
West 1.29625985782e-05
East 1.2954547787e-05
North 2.01306974822e-05
South 1.29399010652e-05

row15col21
West 1.2808420444e-05
East 1.2802328423e-05
North 1.2827898386e-05
South 1.28255295677e-05

row15col22
West 1.27572599563e-05
East 1.27788864022e-05
North 1.27549081e-05
South 1.27791668709e-05

row16col2
West 1.19437698777e-05
East 1.19437698777e-05
North 1.19502760875e-05
South 1.19393496841e-05

row16col7
West 1.27165893309e-05
East 1.27150718382e-05
North 0.000101991999517
South 1.2698787866e-05

row16col15
West 1.25883971408e-05
East 1.25913303484e-05
North 8.03072771979e-05
South 1.25732131807e-05

row17col1
West 1.17363150092e-05
East 1.17113708037e-05
North 1.17363150092e-05
South 1.17368996298e-05

row17col2
West 1.17586721136e-05
East 1.17629164371e-05
North 1.17525410253e-05
South 1.1758770959e-05

row17col3
West 1.16905955318e-05
East 1.17138224938e-05
North 1.17069742217e-05
South 1.17045090132e-05

row17col4
West 1.1683626259e-05
East 1.17069742217e-05
North 1.17069742217e-05
South 1.16875828877e-05

row17col6
West 1.2494219998e-05
East 1.25126210364e-05
North 1.2494219998e-05
South 1.24818002042e-05

row17col7
West 1.25870038456e-05
East 1.25921992292e-05
North 2.21021280376e-05
South 1.26017857172e-05

row17col8
West 1.30755897117e-05
East 1.24668894893e-05
North 1.2462984448e-05
South 1.24875495238e-05

row17col9
West 1.23545785676e-05
East 1.23559774851e-05
North 1.23402937757e-05
South 1.23558818157e-05

row17col10
West 1.22912279636e-05
East 1.23187329204e-05
North 1.23094430413e-05
South 1.22932792091e-05

row17col11
West 1.22765196334e-05
East 1.22772041987e-05
North 1.22772041987e-05
South 1.23054870204e-05

row17col13
West 1.20956366876e-05
East 1.20865108956e-05
North 1.20941932942e-05
South 1.20842332202e-05

row17col14
West 1.21241277909e-05
East 1.23778293458e-05
North 1.21245045556e-05
South 1.21141124854e-05

row17col15
West 1.22421803371e-05
East 1.22651401796e-05
North 1.99608303784e-05
South 1.22441930016e-05

row17col16
West 1.22316673184e-05
East 1.21259515665e-05
North 1.21287803096e-05
South 1.21273847342e-05

row17col18
West 1.15613669029e-05
East 1.15600877442e-05
North 1.15654440643e-05
South 1.1541826623e-05

row17col19
West 1.15261456219e-05
East 1.15318314325e-05
North 1.15352163563e-05
South 1.15291563559e-05

row17col20
West 1.15239371147e-05
East 1.150860922e-05
North 1.15116250152e-05
South 1.14963654132e-05

row17col21
West 1.14949077033e-05
East 1.14817533474e-05
North 1.15036977037e-05
South 1.15036379884e-05

row17col22
West 1.15054721428e-05
East 1.15116250152e-05
North 1.15050052392e-05
South 1.14865739168e-05

row18col1
West 1.17069742217e-05
East 1.17200174571e-05
North 1.16987631996e-05
South 1.17122990769e-05

row18col2
West 1.16997159589e-05
East 1.17024861264e-05
North 1.16935066617e-05
South 1.16970972157e-05

row18col3
West 1.16607533334e-05
East 1.16606310233e-05
North 1.1686164523e-05
South 1.16846760439e-05

row18col4
West 1.16689984307e-05
East 1.16777067861e-05
North 1.16729686669e-05
South 1.1648786372e-05

row18col6
West 1.2462984448e-05
East 1.24573208927e-05
North 1.24654092796e-05
South 1.24676886691e-05

row18col7
West 1.24749353598e-05
East 1.24709631704e-05
North 1.26172046471e-05
South 1.2494460893e-05

row18col8
West 1.24182177354e-05
East 1.241070426e-05
North 1.24424162685e-05
South 1.24242266086e-05

row18col9
West 1.23319632428e-05
East 1.23239784516e-05
North 1.23364599186e-05
South 1.23551611132e-05

row18col10
West 1.23031284045e-05
East 1.22877680981e-05
North 1.22752051057e-05
South 1.22808936392e-05

row18col11
West 1.22648804548e-05
East 1.22772041987e-05
North 1.226591154e-05
South 1.22811779864e-05

row18col13
West 1.20352341019e-05
East 1.20292078612e-05
North 1.20556789575e-05
South 1.20429932609e-05

row18col14
West 1.20596073279e-05
East 1.206413786e-05
North 1.20443527736e-05
South 1.20506190224e-05

row18col15
West 1.20841274321e-05
East 1.20693051899e-05
North 1.23201077411e-05
South 1.207418447e-05

row18col16
West 1.19551336434e-05
East 1.19583375643e-05
North 1.19664206375e-05
South 1.1975944191e-05

row18col17
West 1.17509814203e-05
East 1.1745532794e-05
North 1.17657293325e-05
South 1.17671335251e-05

row18col18
West 1.15974553106e-05
East 1.16139427317e-05
North 1.15933604752e-05
South 1.16056806861e-05

row18col19
West 1.15532626738e-05
East 1.15428364848e-05
North 1.15401036725e-05
South 1.15616876561e-05

row18col20
West 1.15132030859e-05
East 1.15140669626e-05
North 1.15390877135e-05
South 1.15258669549e-05

row18col21
West 1.15081889919e-05
East 1.15017130316e-05
North 1.14915071018e-05
South 1.15023573585e-05

row18col22
West 1.14961526813e-05
East 1.15036323269e-05
North 1.15000211252e-05
South 1.15100665075e-05

row19col1
West 1.17069742217e-05
East 1.17277482114e-05
North 1.17014266806e-05
South 1.17069742217e-05

row19col2
West 1.17163763819e-05
East 1.16883622085e-05
North 1.16878735821e-05
South 1.17069742217e-05

row19col3
West 1.16775947956e-05
East 1.16610112722e-05
North 1.16529421485e-05
South 1.16777067861e-05

row19col4
West 1.16201377116e-05
East 1.16193912379e-05
North 1.16427932607e-05
South 1.16193912379e-05

row19col6
West 1.24318269869e-05
East 1.24451516246e-05
North 1.24297301836e-05
South 1.24318269869e-05

row19col7
West 1.24307049436e-05
East 1.2453744046e-05
North 1.24476574887e-05
South 1.24318269869e-05

row19col8
West 1.23964472006e-05
East 1.23902249778e-05
North 1.23933381728e-05
South 1.24007474194e-05

row19col9
West 1.23418058359e-05
East 1.23419059158e-05
North 1.23268849772e-05
South 1.2338821187e-05

row19col10
West 1.22990835184e-05
East 1.22759376852e-05
North 1.22791658353e-05
South 1.22772041987e-05

row19col11
West 1.22697533095e-05
East 1.22772041987e-05
North 1.2252473901e-05
South 1.22772041987e-05

row19col13
West 1.20037134216e-05
East 1.19869056857e-05
North 1.19800866277e-05
South 1.19895759511e-05

row19col14
West 1.2009595941e-05
East 1.19978215056e-05
North 1.19892853077e-05
South 1.20037134216e-05

row19col15
West 1.19779882808e-05
East 1.1978549731e-05
North 1.1997558009e-05
South 1.20037134216e-05

row19col16
West 1.19739776427e-05
East 1.20037134216e-05
North 1.19931215877e-05
South 1.20037134216e-05

row19col18
West 1.15917260206e-05
East 1.15646515666e-05
North 1.15870818044e-05
South 1.15903427598e-05

row19col19
West 1.15624462398e-05
East 1.15493025338e-05
North 1.15408277219e-05
South 1.15627467056e-05

row19col20
West 1.15304075967e-05
East 1.15251191464e-05
North 1.15427879102e-05
South 1.15376507225e-05

row19col21
West 1.15194954784e-05
East 1.15281003668e-05
North 1.15000981367e-05
South 1.15178862384e-05

row19col22
West 1.1514022645e-05
East 1.15324634856e-05
North 1.15141765779e-05
South 1.15324634856e-05
