0.07737809375
0.038689046875
0.0377422286636
0.0314477905703
0.0616242241323
0.0700549625892
0.0600471107908
0.0627225500669
0.0557533778373
0.0501780400535
0.0500498089497
0.0487170050896
0.0500727772465
0.0520231569968
0.0485549465303
0.0455202623722
0.0439820792
0.041684210944
0.0456639481175
0.0435416120059
0.0415391786979
0.0396510342117
0.0381379219644
0.0365488418826
0.0352369847641
0.0338817161193
0.0330790101473
0.0342669756109
0.036528845366
0.0353985655402
0.0376035283912
0.0369474287039
0.0358278096523
0.0371910361528
0.0395988315883
0.0384988640442
0.0374583542052
0.0364726080419
0.0377221062695
0.0367790536128
0.0380114293922
0.0385319595001
0.0401624067637
0.0392496247918
0.0383774109075
0.0386950139325
0.039081928726
0.0382845013252
0.0395225708776
0.03873211946
0.0379726661373
0.0372571368425
0.0376273797177
0.0369843457667
0.0370341109681
0.0380932373359
0.0374249349265
0.0381137824925
0.037467786179
0.0384266564094
0.038327094083
0.0377089151461
0.0385290426901
0.0379270263981
0.0373435336843
0.0367777225679
0.0363223418777
0.0368692072775
0.0363791660791
0.0360168681498
0.0355095883167
0.03501639959
0.0345367228833
0.0341322668971
0.0344754859241
0.036267098191
0.0362162703509
0.035766745477
0.0353591258282
0.0349954769595
0.034563434034
0.0341419287409
0.0345298819263
0.0341188119034
0.0337174141163
0.0352195517429
0.0369584403224
0.036538458046
0.0363570223666
0.0359530554514
0.0357404761431
0.0353804758654
0.035000040641
0.0356915295704
0.0353158292591
0.0349479560377
0.0345876678311
0.0350496432523
0.0346956064517
0.0343486503872
0.0340085647398
0.0336751474385
0.0333482042594
0.0338519474877
0.0335295479878
0.0332132314974
0.0334623946976
0.0341162373706
0.0339211454283
0.033612771379
0.0333099536188
0.0330125433186
0.0327203969176
0.0328611609614
0.032903545303
0.0326298365521
0.0323509490602
0.0320767884749
0.0318072356306
0.0315421753337
0.0314940742745
0.0315615116317
0.0321179221062
0.0318589066053
0.0324406203364
0.0327096792475
0.032836520758
0.0326015351977
0.0323488101187
0.0320999731177
0.0323613629652
0.0329074649458
0.0326600403974
0.0328407864334
0.0325975213487
0.0330931278094
0.0328717062126
0.0326892626714
0.0324540881198
0.0328040633832
0.0326820500857
0.0329968109566
0.0327660640268
0.0325385219155
0.0323267387187
0.0321053227001
0.032995090913
0.0327721511095
0.0332233447263
0.0330018557614
0.0330332034733
0.0331900903532
0.0330662307701
0.032965037463
0.0327523598019
0.0325424087776
0.0323351322885
0.0326731219576
0.0329798987063
0.0329744967657
0.0327742010446
0.0325718911616
0.0323720636085
0.0330486208731
0.0330633089256
0.0332521178334
0.0332789635964
0.0337463057112
0.0335466234289
0.0333492903499
0.0334251958041
0.0332308632704
0.033050497903
0.0328605525127
0.0331627064984
0.0333119733899
0.033583943173
0.033395269335
0.0332087035845
0.0332815948036
0.0330977185892
0.0329158629925
0.0329318888354
0.0327529111787
0.0330393143615
0.0329743217399
0.0330363328673
0.0333405247786
0.0331641198856
0.0337325114163
0.0336529412538
0.0337482012868
0.0340914748552
0.0339157456034
0.0337418187029
0.033579003089
0.0335120572996
0.0340595320971
0.0338883786695
0.0346261899012
0.0349514327375
0.0349606801245
0.0348427374196
0.0346719396871
0.0345490586046
0.0347975461842
0.0353770565287
0.035687743757
0.0355169890021
0.0353513218434
0.0353371134674
0.0352885158047
0.0351262546303
0.0349680848806
0.0348752320065
0.0350824451887
0.0350361408744
0.0349092312484
0.0348951222155
0.0347365080236
0.0345835799088
0.0350539812014
0.0349034723733
0.0350015819128
0.0348460193265
0.0348887346373
0.0347959381663
0.0346433244025
0.0344920435099
0.0344142882702
0.0342653086673
0.0341525248847
0.0340059475246
0.0338874059383
0.0346526631907
0.0346896081158
0.0347108394396
0.0347180254894
0.035151551049
0.0350131123862
0.0348826214353
0.0357170404935
0.0357102056052
0.0356091891337
0.03638521952
0.0362401192024
0.036093398072
0.0359478601765
0.0358034912602
0.0357017001648
0.0355594623155
0.0356291805535
0.0354883537529
0.0357324524706
0.0355991426981
0.035867778009
0.0359360366769
0.0359430107993
0.0358042346958
0.0356882805729
0.0357283314072
0.0355919637301
0.0355302876263
0.0353957032035
0.0357296110506
0.035684697808
0.0356165246382
0.0357916566559
0.0356844173524
0.0357798182307
0.0359190410013
0.0358034537167
0.0356757465406
0.0355859848784
0.035456581297
0.0361186326265
0.0359972275558
0.0361998798661
0.036109623347
0.0360972395677
0.0364409843655
0.0363117610167
0.0365000118563
0.0363968926735
0.0364158931677
0.0366410313506
0.0365133622518
0.0364445759558
0.0363184701567
0.036446714015
0.0365295705555
0.0364044692865
0.0362802219511
0.0361568198356
0.0360342543446
0.0362556553791
0.0361335824654
0.0364342152408
0.0363123616781
0.0361913204726
0.0361901818406
0.0361312825332
0.0364205611008
0.0363089455316
0.0362164554515
0.0364787019251
0.0363849423017
0.0363356902757
0.0363968037075
0.0363688751707
0.0365734768583
0.0364627530693
0.0364177442458
0.0367053111075
0.0367284694479
0.036744556676
0.0368335624761
0.0369488946352
0.0369817344222
0.0369225524296
0.0369470236359
0.0368473417381
0.0367332632807
0.0368587102883
0.036770918996
0.0366774872723
0.0366344171402
0.036803189444
0.0370836355247
0.0372242171934
0.0373866565691
0.0372740461577
0.0372942447828
0.0371825853673
0.0371425856753
0.0370426517692
0.0374077588251
0.0373001645105
0.0371971108
0.0371750343457
0.0370967128241
0.0369882429036
0.037085161654
0.0369773559515
0.0370725918172
0.0372767013713
0.0371800895919
0.0370871854624
0.0371489499415
0.0373039348352
0.0371999504439
0.0372032624959
0.0374370985451
0.0373490480303
0.0372691196787
0.0371730164341
0.037096381362
0.0370443517625
0.0370224981432
0.0374311852918
0.0373373725714
0.0372705877067
0.0374840252453
0.037381047154
0.0372836469108
0.0371817790231
0.0370804662737
0.0371812405176
0.0370974626742
0.0371642130993
0.0370640400181
0.0371452462473
0.0371148288359
0.0370155913256
0.0369547015401
0.0368564177594
0.0368127420693
0.0367181075149
0.0367736598279
0.0366768870389
0.0368969878992
0.0369805621947
0.0373457982875
0.0375036074001
0.0374061954328
0.0373259641966
0.0373492281729
0.0374154026904
0.037326310059
0.0375739376175
0.0374778405904
0.037612463446
0.0375167574322
0.037558684466
0.0378846602452
0.0377889919113
0.0376938055337
0.0377935148006
0.0377510927166
0.0378032845203
0.0378370274724
0.0379842678387
0.0382994818678
0.0382063049679
0.0381968537745
0.038134081072
0.0380444433726
0.0380979464377
0.0380613710777
0.0380767026012
0.0380108670986
0.0379826339529
0.038179252237
0.0383220363562
0.0384245182942
0.0385239786972
0.0385871562341
0.0388674865079
0.0392477961484
0.0393419748777
0.0396146866663
0.0398454653871
0.0397558219039
0.0398494524002
0.0400069472291
0.0401298584308
0.0400709806017
0.0399773568153
0.0401314037107
0.04004062292
0.0402403664228
0.0402319714428
0.0405564645804
0.0407049218526
0.0406360523982
0.0406209609079
0.0407596178206
0.0406911540079
0.0410912848467
0.0412137485409
0.0411822773801
0.0410891048068
0.0414240953466
0.0416726160044
0.0416109687193
0.0417276689685
0.0418470689317
0.0419039524377
0.0419156416937
0.0421365498653
0.0422648501982
0.0422147473459
0.0422408428458
0.0421478013417
0.0420551688113
0.0420248572514
0.0419480945091
0.0422713519446
0.0423776353031
0.0422971879028
0.0422538410532
0.0421718557498
0.0420807718281
0.0422332778244
0.0422933602726
0.0422463588183
0.0424085349192
0.0425421002103
0.0426196684027
0.0426538932868
0.0427127272211
0.0429065910122
0.0428379340012
0.0428134374256
0.0429283236707
0.0428431065131
0.0429425678452
0.0429042823533
0.0429464256465
0.0430187698919
0.0430232970956
0.0429458766742
0.0430331986616
0.0431676059477
0.0431342092034
0.0434027615279
0.0433497287244
0.043360883328
0.0433214289302
0.043531617164
0.043820329045
0.0438789172187
0.0439562289173
0.0438737612998
0.0439998410006
0.0441333418697
0.0440834459474
0.0441582137514
0.0442626620769
0.0443722830729
0.0444116285077
0.0447136664827
0.04491974462
0.0450000171161
0.045159404831
0.0450919323136
0.0451955491801
0.0451101838439
0.0451582011465
0.0450812826146
0.0450763073437
0.0451240022538
0.0452359536193
0.0451542051218
0.0451701235971
0.045117854609
0.0452249070803
0.0454097066512
0.0455117100509
0.0457034214236
0.0458001605972
0.0458891009953
0.0458161297457
0.0458101026077
0.0459009161218
0.0458166348375
0.0461078196836
0.0460488924683
0.0461900783999
0.0463772904423
0.0465684944975
0.0465596865928
0.0465321764054
0.0467347813904
0.0469247290471
0.0470812697935
0.0472185946527
0.0472444890766
0.0472338256537
0.0472512376623
0.047299484658
0.0474126612395
0.0473381338413
0.0473933543559
0.0473498553544
0.0475270898874
0.0474781520664
0.0473998859631
0.0473161265841
0.0472755458454
0.0475352604545
0.0477828503415
0.0477377675526
0.0478275600726
0.0478174196005
0.0478857633039
0.0480227587169
0.0480126106798
0.048010874752
0.0480694330787
0.048010531291
0.0479747888339
0.0482516950476
0.048469282054
0.0486244536823
0.0488346031686
0.0487522394476
0.048974222842
0.0489257520851
0.0488705884174
0.0490540793375
0.049293385648
0.0495301797115
0.0495855766164
0.0497890290251
0.0499725067729
0.0499106030466
0.0499292015829
0.0499563589529
0.049876066185
0.0498792476597
0.0499115532542
0.0500071700801
0.0499834739054
0.0501138649199
0.0501656389952
0.0501462997221
0.0504000489007
0.0503175263218
0.0504197095685
0.0503910008203
0.0504781814731
0.0506788212797
0.0506678975498
0.0506507293616
0.0507862467021
0.0507978647702
0.0507129185081
0.0506571691465
0.0506322174591
0.0507953073456
0.051185602472
0.0511674374605
0.0512071666934
0.0513292737831
0.0516081850881
0.0515800788525
0.051543632838
0.0517755314863
0.0517848698351
0.0518427339197
0.0521020525947
0.0523007767539
0.0523505289575
0.0525403831752
0.0525760148543
0.0525986435558
0.0525662822191
0.0526260840261
0.0527057801877
0.052781322616
0.0528351568598
0.0529047404588
0.0530338376514
0.0531310001346
0.0530505326728
0.0530756897029
0.0533430997609
0.0533098997739
0.0533644608794
0.0533083564173
0.0532965727736
0.0534064419029
0.0535324131566
0.0534640513808
0.0536181850352
0.0535574402512
0.0536649261166
0.0537456918064
0.0537479356208
0.0539788669328
0.0541147489792
0.0543572382483
0.0543025998491
0.0544150566415
0.054385088114
0.0544721377546
0.0546105655839
0.0549251679068
0.0550380273975
0.0550081765434
0.0550622284199
0.0551964353825
0.0553373869516
0.0553732867194
0.0554720107514
0.0554556495435
0.055459411897
0.0554997786577
0.0555108809109
0.0556031608155
0.055660993188
0.0557743173622
0.0557907151726
0.0558247826819
0.0559299787302
0.0561027681141
0.0562725085948
0.0562006091396
0.056255061984
0.0565496548209
0.0568698146653
0.0569568125262
0.0570400260778
0.0572844520127
0.057511495065
0.0574351428
0.0575558391549
0.0579531117155
0.0579898960843
0.057971410911
0.0580512046254
0.0583983078296
0.0584767366142
0.0584568628922
0.0584303603347
0.0584038974051
0.0585802359453
0.058672478248
0.0586394468789
0.058797708541
0.0587643747258
0.0587516234813
0.0587502355839
0.0587229144138
0.0587734560191
0.0590423678054
0.0590859878224
0.0591643340862
0.0591825171177
0.0591909348254
0.0592228543819
0.059305096415
0.0595254002957
0.0596715952701
0.0597130420374
0.0599477526805
0.0598956360225
0.0599885775264
0.0601203202481
0.0602293862621
0.0602522301547
0.0602574543916
0.0602834434841
0.0603279088185
0.060425020822
0.0604312499078
0.0607208863949
0.0608210231824
0.0608234947244
0.0611223477823
0.0612789747539
0.061281456635
0.0613756750515
0.0613276864779
0.0616059294315
0.0616831524163
0.0616685688377
0.0617223575735
0.0618318550947
0.0619100876724
0.0618659833631
0.0620356344758
0.0620334568576
0.0620485274311
0.0620725733388
0.0621875488491
0.0624000234648
0.0624067590598
0.0624511387729
0.0625194980937
0.0625665533581
0.0625523879474
0.0626186684492
0.062844527555
0.0627984869637
0.0631694276019
0.0631875903115
0.0632644023496
0.0633156062482
0.0632911760739
0.0633042965174
0.0633460332761
0.0634056882377
0.0634326186956
0.0635665882121
0.0635599695303
0.063558074572
0.0636623399616
0.0638954757039
0.0640730618974
0.0641405602251
0.0645828001716
0.0645106326641
0.0644655162739
0.0645855221885
0.0645587380555
0.0646222279311
0.0646777421229
0.0646958408993
0.0647549473575
0.0648696695068
0.0649309102961
0.064862852566
0.0650128388544
0.0651689976226
0.0652857626914
0.0654958723291
0.0654521763393
0.0656302587349
0.0657661755063
0.0659071557169
0.0660758963378
0.0661374894842
0.0660769043067
0.066093696774
0.0662655094028
0.0662182197806
0.0662133369341
0.0662102010571
0.0662278279249
0.0663145124638
0.066540862364
0.0666368898858
0.0666715030774
0.0667348859887
0.0668004420063
0.0669276397448
0.0670582195365
0.0671776244108
0.0671598501965
0.0671460980025
0.0673476677634
0.0674980199256
0.0675333060722
0.0675778787126
0.0675627633797
0.0675174676127
0.0676309537411
0.0678523878294
0.0681159782757
0.0680758036059
0.0681350451514
0.0684069146332
0.0685743897321
0.0686331195514
0.0687602590177
0.0688104549201
0.0688822170365
0.0688546425148
0.0689863578757
0.0690097328597
0.0690940996533
0.0692459252366
0.0693211108471
0.0694247134535
0.0694301492265
0.0695485155142
0.06950918317
0.0696315494928
0.0696552612283
0.0696854750581
0.0697785199049
0.0697795580671
0.0699400359001
0.0700665501795
0.070228244493
0.070165544195
0.0704333068571
0.0705153470169
0.0706430954889
0.070785115658
0.0709235229263
0.0709328716805
0.071055238617
0.0709899301606
0.0709962875479
0.0711146042292
0.0712225488175
0.0712004194594
0.0712911538305
0.0714236541234
0.0716505504678
0.0717228483417
0.071822127644
0.0717790438459
0.0718552646984
0.0719661791859
0.0720281067829
0.0720397806055
0.0720665966623
0.0721512400624
0.0722221672393
0.0721953945062
0.0721493981461
0.0721881791951
0.0721405089515
0.0722415418159
0.0723320130246
0.072492072966
0.0726399126518
0.0727910505687
0.0728046377546
0.0729005071743
0.072921384227
0.0731550243155
0.0732830733914
0.0735450150597
0.0738182914245
0.0738189181512
0.073854931155
0.0739562375544
0.0740924828888
0.0741924060217
0.0743310940447
0.0745265546994
0.074533702725
0.074680435609
0.074676153255
0.074742359788
0.0749137241665
0.0749808656713
0.0751385141384
0.0752800056464
0.0754097560586
0.075481616003
0.0756193148843
0.0757507064423
0.0759694434233
0.0760827520979
0.0761721796423
0.0763141159083
0.0764181563988
0.0763939382271
0.0764856873215
0.0766526167414
0.076711747164
0.0768441969892
0.0768565674126
0.0768898370154
0.0771277109054
0.0771652980456
0.0771785105884
0.0772407704522
0.0773555891102
0.0774536412552
0.0774302110762
0.077561989095
0.0777036825544
0.0778234456662
0.0778046848584
0.0779182538721
0.0779493116831
0.0780093728476
0.0780994853863
0.0782875427774
0.0785295967949
0.078674321418
0.0787229725512
0.0787622636526
0.0787344759446
0.0787458456008
0.0788522179246
0.0788346594513
0.0788688576502
0.0790224250429
0.0791085203519
0.0792007073372
0.079363786536
0.0794571141593
0.0796078874641
0.0797054799289
0.0797882253263
0.0800610455252
0.0801411098611
0.0801999144709
0.0801935090509
0.0804411163717
0.0805684269207
0.0808230702929
0.0808313278633
0.0808455549555
0.080958171458
0.0810585641336
0.0812688813286
0.0815077676382
0.0815785618791
0.0816591349819
0.0817155742975
0.0817789841291
0.0818233486033
0.0819545191257
0.0820063770947
0.0820259293398
0.0821140849064
0.0821718657462
0.0822065155263
0.0822977363867
0.0824997130095
0.0826188878364
0.0828813390707
0.0829691263781
0.0829835552448
0.0830036847823
0.0832259408517
0.08324950647
0.0834042051596
0.0834195177044
0.0834911521542
0.0835602878296
0.0836646516453
0.0837620616558
0.0837696241447
0.0838326032919
0.0837941801062
0.0838678922551
0.0840362007325
0.0841295140144
0.0841717190493
0.0842037953764
0.0842482716268
0.0842502759059
0.0843641341754
0.0844894811619
0.0845850547165
0.0845929856352
0.0848296605266
0.0849539712303
0.0850803337771
0.0851316934507
0.0851669793337
0.0853672516728
0.0853271846809
0.0853340579901
0.0854282751636
0.0854584684721
0.0855980670264
0.0856568135376
0.0856597334301
0.0858637344013
0.0861104302827
0.086173804974
0.0861294533906
0.0861148155256
0.0862657517042
0.0863248570915
0.0863542170659
0.0863816531255
0.0864200955804
0.0864760883528
0.0866385565609
0.0866662957195
0.0867921581112
0.0868895352114
0.0868859213894
0.0869417562709
0.0871141844974
0.0871749654938
0.0872881255235
0.0872840592668
0.0873740377508
0.0876841426463
0.087761670666
0.0878652125577
0.0880554308454
0.0881998113157
0.0882033634326
0.0882304546737
0.0884220928644
0.0885681247513
0.0887281386028
0.0888751235229
0.0889435767914
0.0891293283878
0.0892817442247
0.0892645271006
0.089395217244
0.0894449018139
0.0896136169513
0.0896130744402
0.089592061692
0.0896031819211
0.0896005007292
0.0897396166678
0.0896986756648
0.0897653705366
0.0900483149184
0.0902794455917
0.0903549452386
0.0903930705093
0.0906035273883
0.0906572204084
0.0907606217468
0.0909305243069
0.0910308835396
0.0911671069491
0.0912156084786
0.0912937839186
0.0912912680243
0.0912969416879
0.0914011227359
0.0916133503607
0.0917506237647
0.0918133967538
0.0918587686243
0.0919590751316
0.0919342311709
0.09202959545
0.0920300555265
0.0920303727318
0.0922500584896
0.0923232257617
0.0924099012645
0.0923931958229
0.0924733469032
0.092557309735
0.0925821062376
0.0926283155285
0.0926531192468
0.0927348513178
0.0928096686147
0.0929730801451
0.093075939153
0.0932952375225
0.0933588535994
0.093558117576
0.0936870580248
0.0938651316003
0.0939886950978
0.0940406116004
0.094239257104
0.0943116574438
0.0944775298088
0.0947005297519
0.0947932791547
0.0948276341535
0.0949714813039
0.095111457803
0.0952025503161
0.0952218948148
0.095262105382
0.0953862165863
0.0954376782944
0.0954577274688
0.0954914946943
0.0956123924837
0.095662911699
0.0956810607788
0.0957986698704
0.0958482536524
0.0960268806979
0.0960626461889
0.0961408557503
0.0963569721162
0.0966023083673
0.0966793261021
0.0966998535357
0.0967191199992
0.0967823516099
0.0968575115085
0.0969556797979
0.0969797199131
0.09715081141
0.0971804026254
0.0972546300669
0.097283497404
0.0973625978001
0.0974015727574
0.0975366881081
0.0976356971163
0.0976570044918
0.0978083087617
0.0979273428273
0.0980910386824
0.0982541684801
0.0984673015631
0.0985230475604
0.098586996389
0.0987377449488
0.0989108992949
0.099032344011
0.0992469341569
0.0992942146516
0.0993654624066
0.0994394861302
0.0994281465435
0.0995258019861
0.0996238517613
0.0996497968107
0.0998446007532
0.099990611269
0.100158251204
0.100132756221
0.10028260762
0.10042119635
0.100566367303
0.100666126925
0.100671285523
0.100840256018
0.101005428416
0.101034427201
0.101037244496
0.101122306657
0.101186258144
0.101280300605
0.101528591326
0.1016502782
0.101895346036
0.101883654307
0.101983910013
0.102034547261
0.102262058998
0.102311289312
0.102399092029
0.102498518374
0.102558030937
0.102628403068
0.102841567461
0.10291698272
0.103003433881
0.103180691015
0.103191296265
0.103294626867
0.103354189288
0.103403992627
0.103748985707
0.10381857685
0.103964972113
0.104045108777
0.104170508386
0.104196949928
0.104244607811
0.104268883802
0.104368737334
0.104426654889
0.104444240442
0.104493562088
0.104597166849
0.104768186371
0.104755711979
0.104815098544
0.104915374917
0.105021123502
0.105152549106
0.105260697573
0.105381159443
0.105442782184
0.105446655983
0.105604360673
0.105655330709
0.105702008185
0.105935160129
0.105964502266
0.106007147836
0.106185149128
0.106193106834
0.106226262191
0.10643109364
0.106576629553
0.106783827669
0.106822882596
0.106878835706
0.106944176195
0.107181762339
0.107323263435
0.107427570462
0.107580955415
0.107636899418
0.10764155864
0.107755511342
0.107954288585
0.108091153748
0.108320117447
0.108405174637
0.108508776275
0.108642892247
0.108782298116
0.10879939346
0.108895686545
0.108966598753
0.109128616716
0.109324267896
0.10931957771
0.109423385667
0.109580830998
0.109712550926
0.109782852912
0.109912072455
0.10995864035
0.110023196592
0.110162174354
0.110367846628
0.110451652958
0.11056563511
0.110596520351
0.110706015682
0.110809100026
0.110981445159
0.111230011661
0.111385157871
0.111413394922
0.111555350067
0.111618289677
0.111738395793
0.111919564779
0.1120378493
0.112081766884
0.112171993385
0.11219781589
0.112418807421
0.112614734773
0.112809534517
0.112860244931
0.113034411276
0.113121040116
0.113323139594
0.113408547158
0.11350941261
0.113646998016
0.113705814241
0.113808540806
0.113892719185
0.114045828895
0.114205060186
0.114327602015
0.114580368574
0.114662720998
0.114790270265
0.114914481813
0.115000210805
0.115232491187
0.115416720814
0.115564567225
0.115697045839
0.115795124634
0.11595160063
0.115982594076
0.116108177627
0.116294560518
0.116352229119
0.116491039816
0.116516418166
0.116646791771
0.116718497769
0.116878107372
0.117001882091
0.117074376076
0.117261278432
0.117458302192
0.117472542619
0.117505913517
0.117568632922
0.117685404162
0.117811277976
0.117859638485
0.11808408294
0.118236077975
0.118322453703
0.118542327649
0.118578767757
0.118660906639
0.118728884916
0.118824260699
0.118925781235
0.118940612117
0.118995458577
0.119084063498
0.119142914024
0.119212805826
0.119394456592
0.119602993117
0.11971257772
0.119896760581
0.120055026445
0.120101619199
0.120283650605
0.120344108497
0.120449297801
0.120573444802
0.120670252019
0.120717813768
0.12090630434
0.120990921153
0.121066401545
0.121226000726
0.121324525221
0.121461239692
0.121608942199
0.121685989937
0.121744934442
0.121867352366
0.121992675625
0.12211964623
0.122199897646
0.122261491434
0.122436290094
0.122561613184
0.122674788677
0.122806052645
0.122887703986
0.122961199941
0.123092532738
0.123218142944
0.123340249223
0.123381062491
0.123465514316
0.12347619455
0.123617465937
0.12375614749
0.123941838754
0.123960862385
0.12400327514
0.124137271626
0.124317296705
0.124463220725
0.124638900358
0.124699581587
0.124733135962
0.124825958099
0.124925507651
0.12508783221
0.125184268976
0.125305241132
0.125388873875
0.125466394874
0.1255177074
0.125679863239
0.125780548731
0.125900197436
0.126160035682
0.126258893648
0.126359545124
0.126564229583
0.126609024572
0.126742674378
0.126896796145
0.127090048773
0.12723505588
0.127356876035
0.127518656616
0.127604425136
0.127719101083
0.127890440121
0.127971900785
0.128094411065
0.128160717502
0.128230309216
0.128256436875
0.128374257873
0.128507129015
0.128502526667
0.128584240044
0.128722892514
0.128866355955
0.128912291798
0.129129135394
0.129171120172
0.129272571715
0.129395471365
0.129480312888
0.12962196365
0.129731398257
0.129850722889
0.129944155864
0.129955037671
0.130045977651
0.13016479581
0.130223598214
0.130341138704
0.130533467059
0.13067261728
0.130806195684
0.130853780392
0.130935268289
0.131018692568
0.131222567117
0.131342727603
0.131510937906
0.131684730658
0.13175552104
0.131925148955
0.132127139674
0.132159960786
0.132201807879
0.132297983544
0.132375697735
0.13240735569
0.132459401865
0.132546599733
0.132745170084
0.132824012435
0.132986829349
0.1330409517
0.133279502934
0.133343569572
0.133441249809
0.133537296892
0.133636087077
0.133812513784
0.133961126269
0.134079569685
0.1342238748
0.134336149138
0.134480401312
0.134622342916
0.134770996617
0.134964355702
0.135106373227
0.13519847141
0.135325817532
0.135522733565
0.135654153694
0.135772229525
0.135886674333
0.136067332771
0.136163563647
0.136201438382
0.136329690589
0.136490400037
0.136588337917
0.136755052467
0.136794670441
0.136923695258
0.137107681574
0.137291686167
0.137314182757
0.137355438168
0.137503163479
0.137661168569
0.137778087727
0.138044882668
0.138070160716
0.138193043988
0.138327049984
0.138383867128
0.138594987234
0.138669809815
0.138764911693
0.138894363547
0.139034162586
0.139198513069
0.139342428188
0.139352448826
0.139396620314
0.13962343911
0.139763313608
0.139874224323
0.140010389739
0.140004810678
0.140096222404
0.140130303869
0.140216501252
0.140415818308
0.140591107011
0.140733513189
0.140791911126
0.140804511629
0.140893756594
0.141009541065
0.141183808935
0.141291103225
0.141411817512
0.141526430169
0.141654425305
0.141681801657
0.141762302825
0.141899478584
0.14200784467
0.142041310672
0.142098803669
0.142220887942
0.142380697709
0.142511659643
0.14262232678
0.142706848988
0.142809990206
0.142898569544
0.143009373609
0.143050376356
0.143215063796
0.143388118007
0.143447305588
0.14364051335
0.143738879554
0.143839972866
0.143957735111
0.144023175597
0.144150164011
0.14429075389
0.144401539697
0.144532276521
0.144685742766
0.144836443427
0.144989231648
0.145121690876
0.145187069694
0.145337043482
0.145414336097
0.145611351019
0.14570207348
0.145839852479
0.145945651358
0.146032077141
0.14603080169
0.146188684262
0.14625182328
0.1464269397
0.14649240948
0.146629308002
0.14674284868
0.146818647409
0.146920627899
0.147083266802
0.14732981923
0.147448918082
0.147605697712
0.147683617848
0.147802902554
0.147953737841
0.148045845707
0.148241034208
0.148336064543
0.148502256682
0.148656462828
0.1487394037
0.148823117744
0.148978319106
0.149185380467
0.14930594021
0.149391663979
0.149493273065
0.1496510141
0.149820464401
0.150024594075
0.150130083301
0.150206126068
0.150332041994
0.150411868133
0.150439218773
0.150535387988
0.150715155908
0.150798172094
0.150854294421
0.151067853984
0.151275394808
0.151415875382
0.151521121588
0.151591726366
0.151747497748
0.151781954385
0.151871079559
0.151996757834
0.15215738187
0.152315772304
0.152486025332
0.152613282499
0.15266697649
0.152739773464
0.15293881574
0.153045334151
0.153135882583
0.153221429842
0.153443866677
0.153604818909
0.153682512498
0.15372417186
0.153830571294
0.153949593383
0.154070372748
0.154217272622
0.154291530666
0.154265112426
0.154311563719
0.154327263049
0.154491190938
0.154521459255
0.154696656983
0.154803993895
0.154872774445
0.155076558281
0.155270095962
0.155344019274
0.155491914058
0.155519708461
0.155643237799
0.155774411874
0.155880507383
0.155995037867
0.156048259364
0.156184107977
0.156314837604
0.156402484692
0.156491985351
0.156559531673
0.15666564266
0.156815428089
0.156882163654
0.15699021732
0.157107509812
0.157147963029
0.157268553069
0.157396786212
0.157536691782
0.157682129833
0.157718913602
0.157818214888
0.157908525832
0.158038963789
0.158144619202
0.158206990442
0.158331402331
0.158488891269
0.158592993853
0.158650597787
0.15873965275
0.158847347246
0.158975898682
0.15912786473
0.159231971026
0.159305470707
0.159401736018
0.159529623857
0.159621066155
0.159787594261
0.159852476366
0.159937853204
0.160064852993
0.160140665736
0.160250795148
0.160387052118
0.160503997147
0.160618304597
0.160707575289
0.160741722839
0.160868140715
0.161070349112
0.161177736465
0.1612508926
0.161328000595
0.161488535909
0.16162105286
0.161730780502
0.161815431025
0.161964671536
0.162026863416
0.162109532312
0.162256293661
0.162371490381
0.162485884161
0.162667319784
0.162816025652
0.162908857939
0.163020042143
0.163156047052
0.163231702895
0.163359998745
0.163532585447
0.163596674931
0.163675622593
0.163793788955
0.163982245924
0.164195573363
0.16435224604
0.164437718626
0.164513884787
0.164617569706
0.164795881261
0.164897632141
0.164949902629
0.165095865178
0.165188886092
0.165269815756
0.165358084699
0.165495915426
0.165636453023
0.165779193367
0.165902958819
0.165972904593
0.166226649094
0.166323985276
0.166486010669
0.166630635793
0.166757337405
0.166903530583
0.167008024938
0.167122468083
0.167195585583
0.167315400675
0.167490066476
0.167604028717
0.167726429428
0.167813070425
0.167932551858
0.168014633761
0.168066120136
0.168159927132
0.168253703008
0.168353843937
0.168461920024
0.168610603555
0.168821536754
0.168925934906
0.169039323017
0.169183077658
0.169307725424
0.169483190642
0.169590823995
0.169691285018
0.169748040582
0.169930156343
0.170036970139
0.170190951502
0.17030474672
0.170420738104
0.170574396329
0.170702743285
0.170788512658
0.171051449912
0.171199087707
0.171337596522
0.171507343122
0.171568547166
0.171732309769
0.171817125997
0.171908037753
0.172067896082
0.172223770064
0.17236328238
0.172491073032
0.172618192477
0.172779210232
0.172840078558
0.172969321975
0.173097525407
0.173166705606
0.173245876471
0.173368875888
0.173487842267
0.173646819389
0.173765402475
0.173908694939
0.173974940924
0.174035164036
0.174085269208
0.174253575475
0.174363607134
0.174528220586
0.174720950861
0.174924089206
0.174966615231
0.175052195214
0.175120968387
0.175245410029
0.175322451248
0.175411417839
0.17549949563
0.175573813642
0.175661383926
0.17577463041
0.175863189714
0.175962134719
0.17602190255
0.176135576608
0.176259165041
0.17636533867
0.176498479624
0.176596206464
0.176696451257
0.176788011623
0.176910262841
0.177005226345
0.177158025637
0.177330834162
0.177494356721
0.177637612703
0.177715358972
0.177847439378
0.177909708935
0.17807967384
0.178163984298
0.178335668246
0.178518293122
0.178657261339
0.17880644591
0.178965132622
0.17906158527
0.179129326069
0.179218232891
0.179388251761
0.17953382535
0.1796646124
0.179792886224
0.179917255696
0.180014518302
0.180194326585
0.18031040448
0.180408265015
0.180544469374
0.180647306697
0.180694546556
0.180823649027
0.180946532137
0.181116516791
0.181250157675
0.181432191344
0.181504586536
0.181614396863
0.181669683018
0.181770244191
0.181863778607
0.181990524041
0.182165235987
0.182315850368
0.182428099991
0.182506070309
0.182589019869
0.182736136713
0.182793397269
0.182845611912
0.182952586098
0.183060798881
0.183168437064
0.183300528546
0.183429652092
0.183475916931
0.183561688301
0.183697230358
0.183852502545
0.183980382375
0.184068465192
0.18419953189
0.184277152722
0.184379368608
0.184494615909
0.184664239108
0.184748528706
0.184956028459
0.185099125031
0.185224593287
0.185288398505
0.185447304878
0.185546475845
0.185656397312
0.185773282809
0.185865962162
0.185981412892
0.186110209876
0.1861992307
0.186293322718
0.186390185076
0.186534649763
0.186668928221
0.186747257975
0.186875725867
0.186978743674
0.187101150897
0.187233082254
0.187424586062
0.187586380085
0.187736101232
0.187832230169
0.187976399886
0.188051062884
0.18814438177
0.18821884604
0.188308160485
0.18842394458
0.188522114316
0.18863670327
0.18877209139
0.188887708257
0.188982456985
0.189087534908
0.189243708568
0.189358048209
0.189433573685
0.189583739293
0.18974685874
0.189836631229
0.190006371916
0.190138048825
0.190241818848
0.190311863693
0.190475595227
0.190603291804
0.190685922772
0.190777861959
0.190950693327
0.191038556602
0.191184372129
0.191319134688
0.191411750313
0.191490040328
0.19160001864
0.191711266548
0.191789693023
0.191877613898
0.192004867852
0.192104489361
0.19221621563
0.192367168952
0.192467592776
0.192606558313
0.192666595206
0.192866403577
0.193004687062
0.193118938727
0.19320603146
0.193291682427
0.19337384677
0.193453318408
0.19356788308
0.193730400601
0.193820039402
0.193982732657
0.194049605721
0.194218120719
0.194376752946
0.19445961028
0.194588897868
0.194719196404
0.194787195361
0.194875996097
0.194997086181
0.195140538791
0.195230567294
0.195321234892
0.19544851047
0.195551538743
0.195604252182
