
row1col1
West 0.0
East 0.0
North 0.0
South 9.65743991491e-07

row1col2
West 1.85787833345e-08
East 0.0
North 0.0
South 0.0

row1col3
West 0.0
East 0.0
North 0.0
South 2.20804648554e-05

row1col4
West 0.0
East 0.0
North 0.0
South 0.000134751096552

row1col5
West 0.0
East 4.89872770133e-16
North 2.14283533496e-10
South 0.00195830449

row1col7
West 0.0
East 0.0
North 0.0
South 0.000314811491775

row1col8
West 0.0
East 0.0
North 0.0
South 0.0

row1col9
West 0.0
East 0.0
North 0.0
South 0.0600331428295

row1col10
West 0.00858250196777
East 0.0
North 0.0
South 0.0

row1col11
West 0.000584274383941
East 0.0
North 0.0
South 0.0

row1col13
West 0.000144706267356
East 0.0126639817242
North 0.0033284909257
South 0.195280566339

row1col14
West 0.0
East 2.54667167969e-05
North 0.0103788893633
South 0.355176528183

row1col15
West 0.0
East 0.0427798134452
North 0.0
South 0.0

row1col16
West 0.0
East 0.0
North 0.000418520273438
South 0.425217935671

row1col18
West 0.0
East 0.0
North 0.0
South 0.0990475027871

row1col19
West 0.0
East 0.0
North 0.0
South 0.144348479137

row1col20
West 0.015958698909
East 0.0
North 0.0
South 0.0

row1col21
West 0.000888079235372
East 0.0
North 0.0
South 0.0

row1col22
West 0.0
East 0.0
North 0.0
South 0.0

row2col1
West 0.0
East 0.0
North 0.0
South 3.28212842943e-05

row2col2
West 1.33002226495e-06
East 0.0
North 0.0
South 0.0

row2col3
West 0.0
East 0.0
North 0.0
South 0.00151998260127

row2col4
West 0.0
East 0.0038613983418
North 0.0
South 0.0

row2col5
West 0.0
East 4.51117106803e-09
North 6.20083031e-10
South 0.0431650391148

row2col7
West 0.0
East 0.0111529757998
North 0.0
South 0.0

row2col8
West 0.0
East 0.0637659325028
North 0.0
South 0.0

row2col9
West 0.0
East 0.0
North 0.0
South 0.233035002255

row2col10
West 0.0320011917828
East 0.0
North 0.0
South 0.0

row2col11
West 0.000901248118295
East 0.0
North 0.0
South 0.0

row2col13
West 0.279830733453
East 0.95
North 0.00209826874371
South 0.0071926083549

row2col14
West 0.116600585585
East 1.0
North 0.00482287630567
South 0.0

row2col15
West 0.0
East 0.0
North 0.0
South 0.0

row2col16
West 0.997394217198
East 0.0279298712724
North 0.0
South 0.0

row2col17
West 0.923896007603
East 0.00811611352793
North 0.000219984375
South 0.0

row2col18
West 0.799716617263
East 0.000647160330852
North 0.0
South 0.0

row2col19
West 0.575207988032
East 7.92823202759e-08
North 0.0
South 0.0

row2col20
West 0.249331372799
East 0.0
North 0.0
South 0.0

row2col21
West 0.0582819598613
East 0.0
North 0.0
South 0.0

row2col22
West 0.00585815881368
East 0.0
North 0.0
South 0.0

row3col1
West 0.0
East 0.000400501291806
North 0.0
South 0.0

row3col2
West 0.0
East 0.00376645955443
North 0.0
South 0.0

row3col3
West 0.0
East 0.0242090933571
North 0.0
South 0.0

row3col4
West 0.0
East 0.0840125747643
North 0.0
South 0.0

row3col5
West 0.0
East 0.0
North 1.95907895042e-08
South 0.222647027472

row3col7
West 0.0
East 0.0
North 0.000857830053016
South 0.0

row3col8
West 0.0
East 0.000787462808034
North 0.0
South 0.0

row3col9
West 0.0
East 0.0
North 0.0
South 0.385131066653

row3col10
West 0.0416328387798
East 0.0
North 0.0
South 0.0

row3col11
West 0.0
East 0.0
North 4.13568743508e-08
South 0.0

row3col13
West 0.0237182028343
East 0.000219984375
North 0.9025
South 0.0

row3col14
West 0.00380813137068
East 0.0
North 0.179991244513
South 0.0

row3col15
West 0.0
East 0.0
North 0.401263060762
South 0.0

row3col16
West 0.0656562004836
East 0.0
North 0.0
South 0.0

row3col18
West 0.0
East 0.0
North 0.0822629313013
South 0.0

row3col19
West 0.0
East 0.0
North 0.0560053848181
South 0.0

row3col20
West 0.00104888279811
East 0.0
North 0.0
South 0.0

row3col21
West 0.0
East 0.0
North 0.00522446210288
South 0.0

row3col22
West 5.03626588733e-05
East 0.0
North 0.0
South 0.0

row4col5
West 0.0
East 0.0
North 4.59114066306e-07
South 0.361615005651

row4col9
West 0.0
East 0.0
North 0.0
South 0.50711935491

row4col13
West 0.0114125019498
East 0.0
North 0.857375
South 0.00561990573671

row5col1
West 0.0
East 3.37320283836e-07
North 0.0
South 0.0

row5col2
West 0.0
East 0.0
North 0.0
South 3.85570329984e-05

row5col3
West 0.0
East 0.0
North 0.0
South 9.55116009318e-05

row5col5
West 0.0
East 0.463137935203
North 1.93056675232e-06
South 0.0

row5col6
West 1.89958139907e-09
East 0.513341986516
North 0.0
South 0.0

row5col7
West 0.0
East 0.540360071237
North 0.0
South 0.0

row5col8
West 0.0
East 0.0
North 0.0
South 0.568800090159

row5col9
West 1.95585683212e-13
East 0.0
North 0.0
South 0.585607588554

row5col10
West 0.0
East 1.43763413969e-12
North 0.0
South 0.158888608235

row5col11
West 0.0
East 0.0
North 0.0
South 0.0662178181257

row5col12
West 0.0
East 0.0
North 3.69610699268e-12
South 0.0349168632212

row5col13
West 3.69610699268e-12
East 3.88815044106e-05
North 0.81450625
South 0.0209375866175

row5col14
West 0.773780937028
East 9.36010960365e-09
North 0.0
South 0.0

row5col15
West 0.735091879947
East 0.0
North 0.0
South 0.0

row5col16
West 0.222707974342
East 0.0
North 0.0
South 0.0

row5col17
West 0.0202758352833
East 0.0
North 0.0
South 0.0

row5col18
West 0.000656351454263
East 0.0
North 0.0
South 0.0

row5col20
West 0.0
East 0.0
North 0.0
South 0.0126919127819

row5col21
West 0.000215937956918
East 0.0
North 0.0
South 0.0

row5col22
West 2.85858553502e-06
East 0.0
North 0.0
South 0.0

row6col1
West 0.0
East 0.0
North 0.0
South 1.0464296305e-07

row6col2
West 0.0
East 0.0
North 0.0
South 0.000705800958148

row6col3
West 0.0
East 0.0
North 0.0
South 0.00204677021383

row6col5
West 6.05150634167e-13
East 6.53334017994e-12
North 0.0332909935756
South 0.0

row6col6
West 0.0
East 0.0
North 0.487674132915
South 0.0

row6col7
West 0.0
East 0.0
North 0.0
South 0.0

row6col8
West 0.0
East 0.598736939067
North 0.00320537074973
South 0.000389273211101

row6col9
West 1.45679954084e-09
East 0.630249409721
North 9.29031995255e-15
South 0.0

row6col10
West 4.44544489152e-11
East 0.663420431289
North 5.72003774559e-07
South 2.05548733052e-05

row6col11
West 0.0
East 0.698337296094
North 0.0
South 0.0

row6col12
West 0.0
East 0.735091890625
North 0.0
South 0.000953165261514

row6col13
West 2.57853917606e-07
East 1.24099783568e-06
North 0.7737809375
South 0.00173852003109

row6col14
West 0.121222717093
East 0.0
North 7.31903247775e-06
South 0.0

row6col15
West 0.0
East 0.0
North 0.69833714218
South 0.0

row6col16
West 0.663419133814
East 0.0
North 0.0
South 0.0

row6col17
West 0.630241746519
East 0.0
North 0.0
South 0.0

row6col18
West 0.496925783004
East 0.0
North 0.0
South 0.0

row6col19
West 0.292049598674
East 0.0
North 0.0
South 0.0

row6col20
West 0.107208356801
East 0.0
North 0.0
South 0.0

row6col21
West 0.00660655363498
East 0.0
North 0.0
South 0.0

row6col22
West 0.0
East 0.0
North 5.62697662244e-09
South 0.0

row7col1
West 0.0
East 4.59667982495e-05
North 0.0
South 0.0

row7col2
West 0.0
East 0.00505049888163
North 0.0
South 0.0

row7col3
West 0.0
East 0.0
North 0.0
South 0.0282505672869

row7col5
West 0.0
East 0.0281131115403
North 0.0
South 0.0

row7col6
West 0.0
East 0.0
North 0.463286599575
South 3.07361939345e-08

row7col10
West 0.0
East 0.0
North 0.613528828495
South 3.49014489076e-08

row7col17
West 0.0
East 0.0
North 0.5986789895
South 0.0

row7col18
West 0.122225241022
East 0.0
North 0.0
South 0.0

row7col20
West 0.0
East 0.0
North 0.00941043714083
South 0.0

row7col21
West 0.0
East 0.0
North 5.59097269374e-05
South 0.0

row7col22
West 0.0
East 0.0
North 1.16746033836e-11
South 0.0

row8col1
West 0.0
East 0.0
North 2.6409427846e-07
South 0.0

row8col2
West 0.0
East 0.00656636888008
North 0.0
South 0.0

row8col3
West 0.0
East 0.100072222154
North 0.0
South 0.0

row8col4
West 0.0
East 0.225213150484
North 0.0
South 0.0

row8col5
West 0.0
East 0.364132227647
North 0.0
South 0.0

row8col6
West 0.0
East 0.0
North 0.440106063625
South 0.0

row8col8
West 0.0
East 0.0146585405727
North 0.0
South 0.0

row8col9
West 0.0
East 0.135734166161
North 0.0
South 0.0

row8col10
West 0.0
East 0.0
North 0.509374049691
South 0.0

row8col11
West 0.169685684617
East 0.0
North 0.0
South 0.0

row8col12
West 0.0365435499446
East 0.0
North 0.0
South 0.0

row8col13
West 0.00452545914447
East 1.7999475077e-15
North 0.0
South 0.0

row8col14
West 0.000234841251352
East 8.54975066158e-17
North 0.0
South 0.0

row8col15
West 9.74478370349e-07
East 8.54975066158e-17
North 0.0
South 0.0

row8col17
West 0.0
East 0.0
North 0.568524199982
South 0.0

row8col18
West 0.0928762692631
East 0.0
North 0.0
South 0.0

row9col5
West 0.0
East 0.0
North 0.0
South 0.020496687968

row9col6
West 0.0
East 0.0
North 0.418020093258
South 3.39529640994e-13

row9col8
West 0.0
East 0.00253547929515
North 0.0
South 4.2351766462e-13

row9col9
West 2.17188545959e-13
East 0.0487297300781
North 0.0
South 0.0

row9col10
West 0.0
East 0.0
North 0.241746350299
South 0.0

row9col11
West 0.0323147472466
East 0.0
North 0.0
South 0.0

row9col12
West 0.00137130062964
East 0.0
North 0.0
South 0.0

row9col13
West 0.0
East 0.0
North 0.000165239795402
South 0.0

row9col14
West 0.0
East 0.0
North 1.57350451377e-06
South 0.0

row9col15
West 0.0
East 0.0
North 1.74399632147e-08
South 0.0

row9col17
West 0.0
East 0.0
North 0.539310096012
South 0.0

row9col18
West 0.0517519860671
East 0.0
North 0.0
South 0.0

row9col20
West 0.0
East 4.96401695312e-18
North 0.0
South 0.0

row9col21
West 0.0
East 0.0
North 0.0
South 1.65483412144e-11

row9col22
West 0.0
East 0.0
North 0.0
South 1.62323643999e-19

row10col1
West 0.0
East 0.0
North 0.0
South 1.77714250633e-05

row10col2
West 0.0
East 3.4094099875e-06
North 0.0
South 0.0

row10col3
West 0.0
East 0.0
North 0.0
South 0.00222516605041

row10col5
West 0.0
East 0.376313215334
North 0.0
South 0.0

row10col6
West 0.0
East 0.0
North 0.396849758766
South 0.0

row10col17
West 0.0
East 0.0
North 0.510157325046
South 0.0

row10col18
West 0.0368088737272
East 0.0
North 0.0
South 0.0

row10col20
West 0.0
East 3.55877515598e-14
North 0.0
South 0.0

row10col21
West 0.0
East 1.10134461341e-09
North 0.0
South 0.0

row10col22
West 0.0
East 0.0
North 0.0
South 4.01796051399e-08

row11col1
West 0.0
East 0.000828566918902
North 0.0
South 0.0

row11col2
West 0.0
East 0.014235641857
North 0.0
South 0.0

row11col3
West 1.81860762236e-20
East 0.10676021939
North 0.0
South 0.0

row11col4
West 1.64763629929e-17
East 0.24294097568
North 0.0
South 3.2627051035e-16

row11col5
West 0.0
East 0.0
North 0.355924374818
South 0.0

row11col6
West 0.0849239085879
East 0.0
North 0.0
South 0.0

row11col8
West 0.0
East 0.0
North 0.0
South 9.36505453128e-08

row11col9
West 0.0
East 0.0
North 0.0
South 3.29204492166e-05

row11col10
West 6.65451329154e-08
East 0.0
North 0.0
South 0.0

row11col12
West 0.0
East 0.0
North 0.0
South 1.08218516531e-07

row11col13
West 0.0
East 2.33350902747e-05
North 0.0
South 0.0

row11col14
West 0.0
East 0.0
North 0.0
South 0.000594192581791

row11col15
West 0.0
East 0.0
North 0.0
South 0.0029736468285

row11col17
West 0.0
East 0.0
North 0.479907601108
South 0.0

row11col18
West 0.446307449195
East 0.0
North 0.0
South 0.0

row11col20
West 0.0
East 3.3074729966e-14
North 0.0
South 0.0

row11col21
West 0.0
East 0.0
North 0.0
South 1.66524025815e-07

row11col22
West 0.0
East 0.0
North 0.0
South 7.58672878853e-07

row12col1
West 0.0
East 0.000207923985226
North 0.0
South 0.0

row12col2
West 0.0
East 0.00264215786219
North 0.0
South 0.0

row12col3
West 0.0
East 0.0
North 0.0192492515661
South 0.0

row12col5
West 0.0
East 0.0
North 0.332953766824
South 0.0

row12col6
West 0.0401658636063
East 0.0
North 0.0
South 0.0

row12col8
West 0.0
East 2.13421575448e-05
North 0.0
South 0.0

row12col9
West 0.0
East 0.0
North 0.0
South 0.000821821251697

row12col10
West 1.93332181859e-05
East 0.0
North 0.0
South 0.0

row12col12
West 0.0
East 1.57634387508e-05
North 0.0
South 0.0

row12col13
West 0.0
East 0.00042470449908
North 0.0
South 0.0

row12col14
West 0.0
East 0.00834372824647
North 0.0
South 0.0

row12col15
West 0.0
East 0.0604606991833
North 0.0
South 0.0

row12col16
West 0.0
East 0.184622164144
North 0.0
South 0.0

row12col17
West 0.0
East 0.364132862672
North 0.0
South 0.0

row12col18
West 0.0
East 0.0
North 0.40839943087
South 0.0

row12col20
West 0.0
East 7.77741398438e-09
North 0.0
South 0.0

row12col21
West 0.0
East 0.0
North 0.0
South 9.94024304638e-05

row12col22
West 8.41973019169e-06
East 0.0
North 0.0
South 0.0

row13col5
West 0.0
East 0.0
North 0.30591897253
South 0.0

row13col6
West 0.273855964821
East 0.0
North 0.0
South 0.0

row13col9
West 0.0
East 0.0
North 0.0
South 0.00640476790866

row13col17
West 0.0
East 0.0
North 0.303071602083
South 0.0

row13col18
West 0.0209736481396
East 0.0
North 0.0
South 0.0

row13col21
West 0.0
East 0.0
North 0.0
South 0.000652570116239

row14col1
West 0.0
East 0.00184567244785
North 0.0
South 0.0

row14col2
West 0.0
East 0.00795163944812
North 0.0
South 0.0

row14col3
West 0.0
East 0.0248982799384
North 0.0
South 0.0

row14col4
West 0.0
East 0.0651230519664
North 0.0
South 0.0

row14col5
West 0.0
East 0.137944247722
North 0.0
South 0.0

row14col6
West 0.0
East 0.0
North 0.237757138864
South 0.0

row14col7
West 0.182050187549
East 0.0
North 0.0
South 0.0

row14col8
West 0.0874816584599
East 0.0
North 0.0
South 0.0

row14col9
West 0.0344922073845
East 0.0
North 0.0
South 0.0

row14col10
West 0.00456935947766
East 0.0
North 0.0
South 0.0

row14col11
West 0.000443779188911
East 0.0
North 0.0
South 0.0

row14col12
West 2.78065288409e-05
East 0.0
North 0.0
South 0.0

row14col13
West 7.70818870234e-07
East 0.0
North 0.0
South 0.0

row14col14
West 1.56399080056e-08
East 0.0
North 0.0
South 0.0

row14col15
West 0.0
East 0.095650027649
North 0.0
South 0.0

row14col16
West 0.0
East 0.161835584418
North 0.0
South 0.0

row14col17
West 0.0
East 0.0
North 0.239728889575
South 0.0

row14col18
West 0.119796147045
East 0.0
North 0.0
South 0.0

row14col19
West 0.0460525171157
East 0.0
North 0.0
South 0.0

row14col20
West 0.0136188727484
East 0.0
North 0.0
South 0.0

row14col21
West 0.00326765044768
East 0.0
North 0.0
South 0.0

row14col22
West 0.0
East 0.0
North 0.0
South 9.6412367234e-10

row15col1
West 0.0
East 0.0
North 0.0004294955187
South 0.0

row15col2
West 8.76917206012e-05
East 0.0
North 0.0
South 0.0

row15col3
West 3.2928985354e-07
East 0.0
North 0.0
South 0.0

row15col4
West 0.0
East 8.82571931663e-06
North 0.0
South 0.0

row15col5
West 0.0
East 0.00147796481663
North 0.0
South 0.0

row15col6
West 0.0
East 0.0206770343239
North 0.0
South 0.0

row15col7
West 0.0
East 0.0
North 0.107067094301
South 0.0

row15col8
West 0.0
East 0.0
North 0.000416577230799
South 0.0

row15col9
West 0.0
East 0.0
North 0.000738071578739
South 0.0

row15col10
West 0.0
East 9.27230120139e-10
North 0.0
South 0.0

row15col11
West 0.0
East 0.0
North 1.7960758008e-05
South 0.0

row15col12
West 0.0
East 0.0
North 1.20484758877e-06
South 0.0

row15col13
West 2.39045889622e-08
East 0.0
North 0.0
South 0.0

row15col14
West 0.0
East 0.000935834162994
North 0.0
South 0.0

row15col15
West 0.0
East 0.0
North 0.0479879408967
South 0.0

row15col16
West 0.0
East 0.0
North 0.00674232574871
South 0.0

row15col17
West 0.000112832963126
East 0.0
North 0.0
South 0.0

row15col18
West 0.0
East 0.0
North 0.0056432731039
South 0.0

row15col19
West 0.0
East 0.0
North 0.00335993764849
South 0.0

row15col20
West 0.000140830139027
East 0.0
North 0.0
South 0.0

row15col21
West 4.01428193671e-06
East 0.0
North 0.0
South 0.0

row15col22
West 7.99984382661e-08
East 0.0
North 0.0
South 0.0

row16col2
West 0.0
East 0.0
North 1.51571972947e-05
South 0.0

row16col7
West 0.0
East 0.0
North 0.0389440999952
South 0.0

row16col15
West 0.0
East 0.0
North 0.0208122261706
South 0.0

row17col1
West 0.0
East 8.70340027957e-08
North 0.0
South 0.0

row17col2
West 0.0
East 0.0
North 2.18565904139e-06
South 0.0

row17col3
West 9.01248607701e-08
East 0.0
North 0.0
South 0.0

row17col4
West 3.15909539893e-09
East 0.0
North 0.0
South 0.0

row17col6
West 0.0
East 0.00101466248907
North 0.0
South 0.0

row17col7
West 0.0
East 0.0
North 0.0123293408231
South 0.0

row17col8
West 0.0027651102267
East 0.0
North 0.0
South 0.0

row17col9
West 0.000179484890164
East 0.0
North 0.0
South 0.0

row17col10
West 9.44315340693e-06
East 0.0
North 0.0
South 0.0

row17col11
West 0.0
East 0.0
North 0.0
South 2.56036913109e-15

row17col13
West 0.0
East 3.85256607596e-10
North 0.0
South 0.0

row17col14
West 0.0
East 0.0
North 0.0
South 7.77151348488e-07

row17col15
West 0.0
East 0.0
North 0.00795179550035
South 0.0

row17col16
West 4.40734566581e-06
East 0.0
North 0.0
South 0.0

row17col18
West 0.0
East 0.0
North 0.0
South 1.36270253977e-06

row17col19
West 6.2892503191e-08
East 0.0
North 0.0
South 0.0

row17col20
West 2.10385229129e-09
East 0.0
North 0.0
South 0.0

row17col21
West 6.35942407354e-11
East 0.0
North 0.0
South 0.0

row17col22
West 1.70715670024e-12
East 0.0
North 0.0
South 0.0

row18col1
West 0.0
East 0.0
North 3.0114696855e-11
South 0.0

row18col2
West 0.0
East 0.0
North 1.03892306129e-07
South 0.0

row18col3
West 2.3779488661e-10
East 0.0
North 0.0
South 0.0

row18col4
West 0.0
East 0.0
North 4.98474981826e-11
South 0.0

row18col6
West 0.0
East 0.0
North 6.95662131902e-05
South 0.0

row18col7
West 0.0
East 1.20011352242e-05
North 0.0
South 0.0

row18col8
West 0.0
East 0.0
North 0.000351516742662
South 0.0

row18col9
West 5.60872086841e-06
East 0.0
North 0.0
South 0.0

row18col10
West 0.0
East 0.0
North 2.97953086577e-07
South 0.0

row18col11
West 2.76416827101e-10
East 0.0
North 0.0
South 0.0

row18col13
West 0.0
East 1.29635068429e-05
North 0.0
South 0.0

row18col14
West 0.0
East 0.000271555579876
North 0.0
South 0.0

row18col15
West 0.0
East 0.0
North 0.00274429852231
South 0.0

row18col16
West 0.000615396516998
East 0.0
North 0.0
South 0.0

row18col17
West 0.000111211922159
East 0.0
North 0.0
South 0.0

row18col18
West 1.66427482994e-05
East 0.0
North 0.0
South 0.0

row18col19
West 1.6415970161e-07
East 0.0
North 0.0
South 0.0

row18col20
West 0.0
East 0.0
North 1.0309563908e-12
South 0.0

row18col21
West 0.0
East 9.14794923233e-16
North 0.0
South 0.0

row18col22
West 0.0
East 0.0
North 4.30660265836e-14
South 0.0

row19col1
West 0.0
East 1.67678737254e-18
North 0.0
South 0.0

row19col2
West 0.0
East 0.0
North 3.37094563417e-09
South 0.0

row19col3
West 6.13452657314e-11
East 0.0
North 0.0
South 0.0

row19col4
West 0.0
East 0.0
North 1.53223561348e-13
South 0.0

row19col6
West 0.0
East 0.0
North 1.63338986171e-07
South 0.0

row19col7
West 0.0
East 5.13031078501e-09
North 0.0
South 0.0

row19col8
West 0.0
East 0.0
North 1.58504553194e-05
South 0.0

row19col9
West 6.13688110559e-07
East 0.0
North 0.0
South 0.0

row19col10
West 1.84964043507e-08
East 0.0
North 0.0
South 0.0

row19col11
West 4.98948703965e-10
East 0.0
North 0.0
South 0.0

row19col13
West 0.0
East 1.25087905073e-14
North 0.0
South 0.0

row19col14
West 0.0
East 0.0
North 3.16492450048e-07
South 0.0

row19col15
West 0.0
East 0.0
North 5.37594031769e-05
South 0.0

row19col16
West 0.0
East 0.0
North 5.58430593371e-07
South 0.0

row19col18
West 0.0
East 1.0772955077e-14
North 0.0
South 0.0

row19col19
West 0.0
East 0.0
North 8.36063380761e-11
South 0.0

row19col20
West 0.0
East 0.0
North 3.61363124329e-17
South 0.0

row19col21
West 0.0
East 5.92245456657e-19
North 0.0
South 0.0

row19col22
West 0.0
East 0.0
North 1.59144444668e-16
South 0.0
