
row1col1
West 2.97590603026e-09
East 2.08532896929e-05
North 1.10238729128e-07
South 2.31581213607e-09

row1col2
West 2.44904340915e-18
East 4.64316200628e-06
North 1.20154213479e-05
South 0.000893083297786

row1col3
West 1.54931656711e-12
East 1.96836313958e-05
North 5.37930899229e-11
South 0.000829790752503

row1col4
West 6.3595439831e-11
East 0.000187915556788
North 0.0
South 0.0128212523052

row1col5
West 5.41911329259e-07
East 0.000155662461246
North 7.98488159991e-05
South 0.0125269413165

row1col7
West 0.0
East 2.38166118401e-05
North 5.71937817324e-09
South 0.000999865767748

row1col8
West 2.23097215382e-09
East 3.35746242187e-05
North 3.24054745468e-06
South 0.000801962738141

row1col9
West 7.87633636942e-06
East 4.41370655384e-06
North 0.000160927285343
South 0.0566583757125

row1col10
West 0.00184534342353
East 2.94998524653e-05
North 7.88269389197e-07
South 0.01582686514

row1col11
West 0.00135562731851
East 1.3148401753e-05
North 6.55887531344e-10
South 1.10412899186e-06

row1col13
West 0.0400440253139
East 0.223617856429
North 0.0941397484243
South 0.602161048324

row1col14
West 0.132572194993
East 0.207035972402
North 0.204959063348
South 0.790408703686

row1col15
West 0.0307732939353
East 0.0712166090374
North 0.0435958464435
South 0.622646397465

row1col16
West 0.0594548005016
East 0.00620838239605
North 0.0127611335041
South 0.623361935927

row1col18
West 0.0710047882354
East 0.0177963999622
North 0.0518956301415
South 0.495881685626

row1col19
West 0.231195328538
East 0.000322154796937
North 0.00821009850101
South 0.0336369849727

row1col20
West 0.0680462479867
East 1.40846191327e-05
North 0.000757714748219
South 0.00434971362063

row1col21
West 0.0151525632163
East 6.10673495363e-08
North 1.07014540015e-07
South 6.54558733388e-05

row1col22
West 0.00126065785189
East 0.0
North 5.08319065074e-09
South 1.10292456556e-07

row2col1
West 1.95472651216e-10
East 0.000266198742851
North 1.40063860486e-18
South 4.87539396969e-08

row2col2
West 2.08409994993e-06
East 6.05043306832e-05
North 3.48658437709e-12
South 0.00876795728332

row2col3
West 0.000107054497867
East 0.0166898053132
North 2.02363712899e-06
South 0.00172816444074

row2col4
West 8.35827599919e-05
East 0.0056636334636
North 8.89065241619e-06
South 0.118787813495

row2col5
West 2.40099852716e-05
East 0.00304662429571
North 0.000135635425908
South 0.14749868972

row2col7
West 0.000112406591659
East 4.70505445197e-06
North 6.39592109846e-09
South 0.0383956391724

row2col8
West 2.8933192496e-06
East 0.0163576721194
North 1.77278765345e-06
South 0.0481413819295

row2col9
West 0.00124792090405
East 0.00174429670837
North 0.00166063399867
South 0.371999317858

row2col10
West 0.0836511544259
East 3.56458420018e-05
North 4.49040814535e-07
South 0.106101886335

row2col11
West 0.00876032711586
East 1.91614979754e-05
North 4.48669681835e-07
South 0.000499947529113

row2col13
West 0.72857131827
East 0.949250977267
North 0.193414054404
South 0.725763709857

row2col14
West 0.67038200679
East 0.999987434113
North 0.492090019646
South 0.817319447406

row2col15
West 0.0
East 0.0
North 0.0
South 0.0

row2col16
West 0.997877573621
East 0.178728111998
North 0.135334491409
South 0.374197257184

row2col17
West 0.928220682528
East 0.0794553390801
North 0.146360717783
South 0.216568549282

row2col18
West 0.813484694141
East 0.0843418888002
North 0.0960853928996
South 0.0436538189662

row2col19
West 0.426607704852
East 0.00458396919864
North 0.0118766030078
South 0.000727185702909

row2col20
West 0.12775998107
East 0.00168873747092
North 0.000790562242978
South 6.21683490587e-05

row2col21
West 0.0275466624708
East 6.19731204185e-06
North 0.000367654341398
South 2.32436841314e-05

row2col22
West 0.000606038216724
East 1.16974514845e-07
North 0.0
South 5.22262178206e-08

row3col1
West 2.32467026389e-06
East 0.0047930757259
North 3.07477316261e-08
South 4.77823958478e-05

row3col2
West 9.0158748825e-05
East 0.0420207980302
North 0.000297044306358
South 0.00184957368332

row3col3
West 0.00156497806458
East 0.134475166837
North 2.85208549888e-05
South 0.00191161458507

row3col4
West 0.0118938120416
East 0.321710023039
North 0.00747698116713
South 0.0336480135467

row3col5
West 0.0625264998797
East 0.0790597431848
North 0.0147790115084
South 0.440029171284

row3col7
West 0.00140968099463
East 0.165681558598
North 0.00012178240473
South 0.000239316646699

row3col8
West 0.00161365096508
East 0.388542585217
North 0.00116523099469
South 0.0250387973098

row3col9
West 0.0333852499326
East 0.0608446607367
North 0.0586795679305
South 0.586700565481

row3col10
West 0.353533592962
East 0.00231347653513
North 0.0054702976076
South 0.0209209224719

row3col11
West 0.0459284926678
East 0.000225967340579
North 6.86565927692e-05
South 9.65211359346e-05

row3col13
West 0.857265035982
East 0.9025
North 0.896405669335
South 0.814047486996

row3col14
West 0.856520824964
East 0.95
North 0.94661362401
South 0.901595646672

row3col15
West 0.899607380451
East 0.891234204626
North 1.0
South 0.948638592911

row3col16
West 0.948426620445
East 0.548794096154
North 0.478232891201
South 0.444128086799

row3col18
West 0.0256863916241
East 0.00148220540809
North 0.46921606435
South 0.00931896018635

row3col19
West 0.159876700093
East 3.30013760714e-05
North 0.0157923597402
South 0.000184054793374

row3col20
West 0.0218541122644
East 2.4148210963e-05
North 0.000293300431559
South 5.7283978897e-05

row3col21
West 0.00205524669253
East 6.01091731672e-06
North 0.00172638928065
South 1.77226341115e-05

row3col22
West 0.000363904778077
East 3.9241539305e-08
North 1.13719153115e-07
South 1.33442911672e-07

row4col5
West 0.0941299828506
East 0.167602742131
North 0.136165380963
South 0.501312827857

row4col9
West 0.435249236661
East 0.460502116626
North 0.219299536224
South 0.630067230889

row4col13
West 0.814392557846
East 0.814483293022
North 0.857375
South 0.773650029387

row5col1
West 2.40436724914e-18
East 1.64288306349e-05
North 1.3169481586e-21
South 4.22526667453e-16

row5col2
West 1.31777996233e-21
East 4.20011171671e-13
North 3.99855419635e-08
South 0.000554521098384

row5col3
West 1.49662298903e-14
East 3.42838006634e-05
North 2.13644264596e-05
South 0.00293322838562

row5col5
West 0.198588012934
East 0.539769331935
North 0.213065297
South 0.190849249347

row5col6
West 0.477678904303
East 0.568800092267
North 0.532006679819
South 0.499576166359

row5col7
West 0.530012874382
East 0.598736939238
North 0.551101395961
South 0.496421888099

row5col8
West 0.553988005709
East 0.630249409725
North 0.59153285478
South 0.541557814728

row5col9
West 0.589188439129
East 0.663420431289
North 0.57921040178
South 0.558172441411

row5col10
West 0.628248764787
East 0.698337296094
North 0.662252653538
South 0.624230918185

row5col11
West 0.661185616994
East 0.735091890625
North 0.697777340821
South 0.659021539452

row5col12
West 0.69737395134
East 0.7737809375
North 0.734332194186
South 0.694624306897

row5col13
West 0.735029461645
East 0.735020117654
North 0.81450625
South 0.73488752629

row5col14
West 0.7737809375
East 0.686454772377
North 0.7304944339
South 0.612260036631

row5col15
West 0.735091890625
East 0.645447619083
North 0.690695997865
South 0.614266970295

row5col16
West 0.698337296093
East 0.60812397688
North 0.627135078015
South 0.578350496217

row5col17
West 0.663420431273
East 0.470529052221
North 0.609556473119
South 0.540886435301

row5col18
West 0.600778781803
East 0.195355693054
North 0.167075329113
South 0.201013857738

row5col20
West 0.00225690412138
East 0.000173167589172
North 0.000471088597468
South 0.0739486043243

row5col21
West 0.000163585980571
East 3.56609262585e-06
North 3.12860709823e-06
South 0.0237192037166

row5col22
West 3.83994818349e-05
East 0.000120433550859
North 1.81877538576e-07
South 0.00418791088595

row6col1
West 3.29047025757e-10
East 0.00031824320366
North 1.8994635271e-09
South 4.72182038597e-14

row6col2
West 6.34642219349e-06
East 0.00246311648039
North 2.78006689156e-20
South 0.0123200110986

row6col3
West 5.36307649497e-07
East 0.000413789113588
North 8.03819228171e-05
South 0.0303114983995

row6col5
West 0.124027409748
East 0.482312128278
North 0.217104856812
South 0.086241514165

row6col6
West 0.356209383025
East 0.466889570174
North 0.540360087407
South 0.453631677781

row6col7
West 0.326581668844
East 0.397428949666
North 0.565270444531
South 0.268395045342

row6col8
West 0.273966044379
East 0.318374654288
North 0.59460465278
South 0.436832206851

row6col9
West 0.341162208293
East 0.624651677615
North 0.387518586421
South 0.316503278576

row6col10
West 0.383448638917
East 0.618136581911
North 0.663415359286
South 0.376416247422

row6col11
West 0.47089689486
East 0.609467142557
North 0.69809834879
South 0.522285766646

row6col12
West 0.523837790031
East 0.592595727652
North 0.734877081454
South 0.478848677386

row6col13
West 0.601496040607
East 0.443027803736
North 0.773772880903
South 0.648639913208

row6col14
West 0.70940522532
East 0.357212133535
North 0.641705577958
South 0.246907212954

row6col15
West 0.257686773389
East 0.377031359807
North 0.691982780067
South 0.324490685834

row6col16
West 0.470633803798
East 0.383091096788
North 0.658219923558
South 0.269927824747

row6col17
West 0.53380340577
East 0.473495538544
North 0.630249409465
South 0.536804838393

row6col18
West 0.594595870978
East 0.150339403347
North 0.243418700322
South 0.149936269979

row6col19
West 0.512017005409
East 0.0491926790546
North 0.0533753726342
South 0.0656017957086

row6col20
West 0.372296184112
East 0.00178536817696
North 0.00627299764494
South 0.000619202860149

row6col21
West 0.174201327385
East 0.00158987392932
North 0.000935252091632
South 0.000628300107852

row6col22
West 0.0474432766024
East 0.00139895663088
North 8.41053087411e-05
South 0.000145321961352

row7col1
West 7.47849665638e-14
East 1.38589027582e-05
North 1.86255011457e-06
South 1.24044843333e-23

row7col2
West 1.45457194557e-13
East 0.0566475926752
North 1.65533060748e-07
South 0.00142378749691

row7col3
West 0.00243513800441
East 0.00590412230833
North 0.00185957392716
South 0.154182494091

row7col5
West 0.155436272839
East 0.470984782992
North 0.0824521333284
South 0.139824859437

row7col6
West 0.355834035551
East 0.457645859968
North 0.513342081179
South 0.404717971145

row7col10
West 0.196845566499
East 0.114495610785
North 0.62576675248
South 0.0863017977553

row7col17
West 0.504593820104
East 0.386349195303
North 0.598736936095
South 0.475328224811

row7col18
West 0.54178809057
East 0.102962659434
North 0.211474957582
South 0.121219058611

row7col20
West 3.16484991407e-06
East 2.25552103765e-13
North 0.0256589548145
South 2.25192968143e-06

row7col21
West 3.30869570541e-06
East 9.07401094036e-07
North 0.0159651615809
South 2.93344688171e-13

row7col22
West 2.09601361956e-06
East 7.76492915103e-06
North 0.00593624575896
South 1.48571687723e-05

row8col1
West 8.42731954635e-06
East 0.000883159198839
North 1.75736079385e-10
South 0.0

row8col2
West 3.90614323638e-06
East 0.0669993039399
North 0.000203786031931
South 0.000207249647377

row8col3
West 0.000921853622161
East 0.293187299217
North 0.00680205909656
South 0.00522030006471

row8col4
West 0.00664397428868
East 0.399412898378
North 0.0523403859645
South 0.0498713985334

row8col5
West 0.101824185173
East 0.457097763387
North 0.252230290824
South 0.10354039966

row8col6
West 0.3330745339
East 0.388533330925
North 0.487674962724
South 0.378059380635

row8col8
West 2.63984868529e-06
East 0.0387897033313
North 2.32181384996e-05
South 1.54820215837e-06

row8col9
West 2.08754388888e-05
East 0.255708429875
North 0.00336039095711
South 0.000165074527609

row8col10
West 0.0194727705504
East 0.000747326823771
North 0.560909273024
South 0.00380702567482

row8col11
West 0.378888838529
East 0.00281324846063
North 0.0103974172839
South 0.00139098225685

row8col12
West 0.18058847093
East 0.000186529360406
North 0.00155432275702
South 2.11071727703e-05

row8col13
West 0.0499036381235
East 0.000118195272786
North 0.00121136178272
South 2.8978598452e-08

row8col14
West 0.00824477765366
East 5.51199430967e-08
North 3.00663561209e-09
South 4.09488552586e-10

row8col15
West 0.000355906724824
East 0.0
North 1.65553602734e-06
South 3.67480793174e-08

row8col17
West 0.505273223501
East 0.355968160839
North 0.568800059226
South 0.456921982884

row8col18
West 0.471397013679
East 0.13109581643
North 0.296901335275
South 0.10366480135

row9col5
West 0.05895340208
East 0.392289860735
North 0.0826640127432
South 0.0493048793063

row9col6
West 0.251441147336
East 0.384728928098
North 0.463291058738
South 0.313932973494

row9col8
West 2.15535598189e-06
East 0.000259995693673
North 0.000624497086942
South 3.08834354653e-08

row9col9
West 3.56781074666e-06
East 0.00220946374011
North 0.0244289290016
South 0.000615101907898

row9col10
West 0.000591123467705
East 2.66706508224e-05
North 0.146907842604
South 0.00616728955273

row9col11
West 0.0039586323369
East 2.26118802949e-05
North 0.042674881529
South 0.000238566842552

row9col12
West 0.00187016742132
East 5.87251926318e-06
North 0.0185815137715
South 0.00012251069433

row9col13
West 0.000781572337517
East 6.26612567121e-08
North 9.85290569442e-12
South 2.01825296333e-08

row9col14
West 4.47136945811e-06
East 6.90446078824e-10
North 3.0060043875e-05
South 4.09993170077e-09

row9col15
West 2.17958723862e-07
East 7.44444050804e-16
North 3.07559265866e-06
South 2.12352665492e-15

row9col17
West 0.465829431782
East 0.27489469489
North 0.540359835838
South 0.402075319128

row9col18
West 0.450410748928
East 0.0375779753286
North 0.0733801088441
South 0.0273353635848

row9col20
West 0.0
East 2.30613557402e-07
North 9.19832388402e-15
South 5.14290335882e-13

row9col21
West 2.17578205599e-11
East 8.99592233385e-09
North 7.08465330198e-14
South 8.12590620771e-05

row9col22
West 2.45854631124e-06
East 7.51911362038e-13
North 1.12993412299e-14
South 3.52621849749e-11

row10col1
West 0.0
East 1.41348754362e-05
North 1.94556627305e-10
South 3.84993700779e-14

row10col2
West 6.93441090154e-10
East 0.000641538522974
North 0.0
South 0.000136531182326

row10col3
West 4.4624011694e-06
East 1.63951472223e-06
North 2.42910782941e-06
South 0.0109379001809

row10col5
West 0.0604024911859
East 0.350101081866
North 0.0511411621834
South 0.0180772508014

row10col6
West 0.188781708347
East 0.361686333404
North 0.440125569137
South 0.320104017891

row10col17
West 0.32974601273
East 0.266519161664
North 0.513340701735
South 0.345129662225

row10col18
West 0.424148063578
East 0.0448268725238
North 0.0391553990943
South 0.0230492327883

row10col20
West 1.46304777987e-07
East 1.14523006261e-05
North 3.88951256128e-17
South 1.08271649659e-11

row10col21
West 1.46307983229e-07
East 1.82554068637e-08
North 5.84028467811e-08
South 0.00106051551159

row10col22
West 4.6697342661e-06
East 3.55727879673e-08
North 2.06339373523e-12
South 3.68815091086e-14

row11col1
West 2.44333292829e-09
East 0.000406882974773
North 4.13158160508e-11
South 3.4991027587e-14

row11col2
West 1.06379531229e-05
East 0.00845534907816
North 1.98837246936e-07
South 4.44933042845e-07

row11col3
West 2.3982226913e-07
East 0.0979661687653
North 0.000231622515163
South 0.000760560695332

row11col4
West 2.92895994761e-05
East 0.244352292209
North 0.00867226070241
South 0.00621604678365

row11col5
West 0.034230198756
East 0.371613513912
North 0.0388086038942
South 0.0385153866691

row11col6
West 0.22764602564
East 0.286555072702
North 0.418114354959
South 0.279591171177

row11col8
West 1.86308710499e-09
East 7.74583974144e-09
North 1.77149407874e-17
South 1.19830133694e-06

row11col9
West 4.10022339024e-11
East 1.2790900466e-17
North 6.92579574956e-09
South 0.000510170230403

row11col10
West 2.40183983449e-05
East 2.2266329156e-18
North 2.28555644963e-18
South 1.13848770219e-16

row11col12
West 0.0
East 9.82085525218e-05
North 0.0
South 0.0

row11col13
West 0.0
East 2.62801239111e-07
North 6.66820801475e-10
South 0.00209803282867

row11col14
West 2.19753399398e-10
East 0.00951643424601
North 2.17235912593e-07
South 0.00203997362032

row11col15
West 1.62516709984e-07
East 3.39524956177e-06
North 0.00138277414725
South 0.0794735354304

row11col17
West 0.379230790405
East 0.233565047981
North 0.487668806952
South 0.322485138324

row11col18
West 0.400785224403
East 0.0161310948242
North 0.0456367756245
South 0.0214578786861

row11col20
West 7.76982863465e-12
East 0.000862059957886
North 7.96753843455e-14
South 1.25039954552e-09

row11col21
West 2.77317189747e-05
East 2.88983989116e-06
North 4.57586634658e-05
South 0.0063348303612

row11col22
West 0.000195552113256
East 7.65850045573e-10
North 1.83499476035e-09
South 5.01246156236e-10

row12col1
West 0.0
East 2.32374608186e-11
North 0.0
South 3.4991027587e-14

row12col2
West 0.0
East 0.000793947275657
North 0.000104528963687
South 3.86994529169e-14

row12col3
West 0.0
East 1.69727902432e-06
North 0.0190614220743
South 0.000558931628096

row12col5
West 0.00997486963425
East 0.287785781809
North 0.0847586127934
South 0.0219535265257

row12col6
West 0.138823272741
East 0.276593452452
North 0.397190648186
South 0.242527203394

row12col8
West 8.72782718916e-16
East 9.54286110736e-05
North 9.5542934509e-10
South 2.01143008422e-08

row12col9
West 2.89017796291e-06
East 1.24225712127e-16
North 1.01488366955e-16
South 0.00432689600166

row12col10
West 8.80164842197e-05
East 7.18044921194e-17
North 0.0
South 0.0

row12col12
West 0.0
East 0.000768938424972
North 0.0
South 3.22439493212e-11

row12col13
West 6.28757054356e-11
East 0.0193450289622
North 1.15897159811e-05
South 6.6382491023e-06

row12col14
West 0.000397719015476
East 0.100620955085
North 3.43947897492e-05
South 0.00252843052433

row12col15
West 0.00351993039059
East 0.296719071342
North 0.00142760221892
South 0.00173619918109

row12col16
West 0.0176311225996
East 0.416339063442
North 0.110566767773
South 0.108457688234

row12col17
West 0.221009164149
East 0.150181909239
North 0.463263743949
South 0.254084032205

row12col18
West 0.342181279072
East 0.0319283352842
North 0.0256990618243
South 0.0296163088633

row12col20
West 2.40420564275e-09
East 0.00100965063146
North 4.6353832937e-11
South 3.28196407258e-10

row12col21
West 1.61743475737e-05
East 3.74332425767e-06
North 0.000252434464404
South 0.02159359162

row12col22
West 0.00142753321614
East 9.62841527715e-10
North 6.65035499043e-10
South 1.46150949407e-11

row13col5
West 0.0365485965363
East 0.352641619148
North 0.033285134529
South 0.0115099436743

row13col6
West 0.156251125815
East 0.177274133031
North 0.377256635338
South 0.163555311716

row13col9
West 1.07095396032e-10
East 2.00758894103e-05
North 9.00899117856e-08
South 0.0252002883734

row13col17
West 0.16116626379
East 0.158280342453
North 0.439991805021
South 0.17615789675

row13col18
West 0.410276144858
East 0.117032221994
North 0.0951647972841
South 0.0401190340654

row13col21
West 0.000311289109361
East 0.000196707505682
North 0.00105482055875
South 0.0534650668385

row14col1
West 6.38034605034e-09
East 0.00985351715974
North 2.56102928803e-08
South 1.24709361497e-07

row14col2
West 0.000102227330209
East 0.0976244764596
North 0.0051709355773
South 0.00141864471771

row14col3
West 0.00910074267888
East 0.157790011303
North 0.0189843335566
South 0.00102194318989

row14col4
West 0.00720738592914
East 0.229101555156
North 0.0331373484576
South 0.00543268371005

row14col5
West 0.0147311989478
East 0.0556583228405
North 0.304982401298
South 0.0159100566012

row14col6
West 0.0577466124019
East 0.064083516224
North 0.357597903388
South 0.0375978758006

row14col7
West 0.30875866258
East 0.0169356067761
North 0.0245550853707
South 0.0477080118837

row14col8
West 0.223670617783
East 0.00957993639434
North 0.00402840593016
South 0.00205687146366

row14col9
West 0.113459770449
East 1.7003854695e-09
North 1.81607560345e-05
South 3.69020174372e-06

row14col10
West 0.0136852029356
East 3.41280554322e-24
North 7.15812227203e-13
South 1.07206176177e-10

row14col11
West 0.00048145158598
East 7.54110462274e-06
North 9.73502777979e-24
South 7.1848537514e-23

row14col12
West 8.54837658431e-09
East 0.000398983490104
North 4.06328790212e-09
South 1.28561359829e-08

row14col13
West 5.38472251081e-07
East 0.00403477388371
North 1.38828519437e-07
South 3.12712784827e-06

row14col14
West 1.59382390828e-05
East 0.0306436670196
North 0.000526748226125
South 0.000867787099478

row14col15
West 0.000265698915241
East 0.142018782986
North 3.57789846085e-05
South 0.0282537922996

row14col16
West 0.0149827839267
East 0.313616284485
North 0.0382234233755
South 0.00693624285986

row14col17
West 0.078730176313
East 0.0716685289655
North 0.41607732181
South 0.117966946566

row14col18
West 0.0422974684922
East 0.022266382868
North 0.363516024739
South 0.00929832036526

row14col19
West 0.289003525102
East 0.0181561016041
North 0.0389066434509
South 0.00315309746435

row14col20
West 0.203481890331
East 0.00650094689514
North 0.0232062566297
South 0.000705776869321

row14col21
West 0.114360999978
East 0.000158211485164
North 0.000631584506567
South 3.54213378478e-05

row14col22
West 0.00925857843653
East 0.000120543085236
North 9.24190896159e-05
South 3.53333831856e-11

row15col1
West 9.95985362219e-18
East 0.00331348255791
North 2.56102935075e-08
South 5.15900323933e-09

row15col2
West 1.47886033901e-08
East 0.000780482150824
North 0.0493031311005
South 0.00046340952325

row15col3
West 1.91624216067e-14
East 0.00605672403639
North 0.0167928057837
South 4.01579912952e-08

row15col4
West 0.000249988286481
East 0.0503108976054
North 0.00950449302274
South 0.00284197294758

row15col5
West 0.00117482255007
East 0.171725084619
North 0.0257443641127
South 0.00564617450684

row15col6
West 0.0108235965532
East 0.0353972369542
North 0.328872651934
South 0.0503235882024

row15col7
West 0.275857638336
East 0.00249412431195
North 0.0728180737658
South 0.00663017363773

row15col8
West 0.0068961449419
East 2.32749481686e-09
North 0.0731713177614
South 0.00124431861716

row15col9
West 0.00899750236142
East 3.08889023683e-08
North 5.3559789869e-05
South 4.79548450244e-08

row15col10
West 0.000610421047736
East 7.17762150934e-11
North 1.68429985111e-09
South 3.73026107289e-18

row15col11
West 1.63377612675e-23
East 2.18837806865e-05
North 3.41280553191e-24
South 7.1848537514e-23

row15col12
West 0.0
East 0.000458851671048
North 5.42009602537e-09
South 3.99803582762e-20

row15col13
West 1.51260078977e-21
East 0.00747608468866
North 5.93702021967e-06
South 7.72049189497e-09

row15col14
West 0.000128476392014
East 0.0539481142087
North 0.000390345928912
South 0.000327091154075

row15col15
West 0.0053485232887
East 0.282442962034
North 0.0179885101563
South 0.0203529932987

row15col16
West 0.0157365758177
East 0.338255680271
North 0.0779866352465
South 0.0732576007033

row15col17
West 0.0432932030427
East 0.018488673746
North 0.384147281812
South 0.102358863602

row15col18
West 0.0639889635061
East 0.000118084828192
North 0.0924995819124
South 0.000967219540987

row15col19
West 0.00448475302277
East 8.12691784888e-06
North 0.0429358988763
South 1.81179694829e-05

row15col20
West 5.30732507204e-05
East 1.44794374904e-06
North 0.0435355000472
South 7.60094966792e-05

row15col21
West 0.00388463318281
East 1.43624534495e-11
North 4.321377578e-06
South 2.10021280208e-08

row15col22
West 5.81074016462e-11
East 2.92009000997e-11
North 0.000237303888017
South 3.57199640351e-11

row16col2
West 7.19299630488e-05
East 2.38047837479e-05
North 0.0206450058713
South 0.000408975876912

row16col7
West 0.0024181253642
East 0.00822400625011
North 0.20260775151
South 0.00489138753806

row16col15
West 0.0252043323422
East 0.00382106303292
North 0.217649411242
South 0.00461726335179

row17col1
West 1.66532734234e-07
East 0.00162344097965
North 1.46467439929e-05
South 3.20263600234e-11

row17col2
West 4.06978467122e-05
East 3.64341174982e-05
North 0.00838175069897
South 5.37903779981e-05

row17col3
West 0.00132006847216
East 1.49546406722e-06
North 2.16887557274e-07
South 1.53144790498e-06

row17col4
West 8.81390501992e-05
East 1.0270988578e-24
North 2.77257242339e-09
South 4.4804467022e-13

row17col6
West 0.000219296598268
East 0.0178204728888
North 4.20477745423e-08
South 5.20379611095e-06

row17col7
West 0.000844098862599
East 0.000545724998606
North 0.131930969967
South 0.000536940829688

row17col8
West 0.0230421361183
East 5.41618780313e-08
North 0.000108320664248
South 0.000132462566624

row17col9
West 0.00225492296609
East 8.00130891893e-07
North 1.45688008497e-05
South 4.77784124202e-06

row17col10
West 9.67847396144e-05
East 5.8401831644e-08
North 5.50605573117e-14
South 1.51761187741e-23

row17col11
West 4.13538593872e-06
East 1.20713025991e-26
North 1.48479120991e-24
South 2.11653988523e-26

row17col13
West 5.44708009825e-09
East 0.00274695059555
North 1.7558075541e-12
South 1.16063613122e-09

row17col14
West 6.05383543203e-05
East 0.0261034173293
North 3.4205992205e-06
South 1.08196695555e-06

row17col15
West 0.00186467866043
East 4.60135882631e-05
North 0.146713699693
South 0.00383684491524

row17col16
West 0.0129340572224
East 0.000312529015071
North 0.000127786519088
South 0.00113512496795

row17col18
West 5.64733517778e-14
East 5.20232027498e-18
North 1.46423098685e-12
South 0.000193255745863

row17col19
West 8.8805241999e-15
East 1.56965507367e-17
North 1.19056769557e-15
South 7.68233508739e-05

row17col20
West 4.73416291061e-18
East 2.00614561055e-17
North 1.85050671405e-14
South 2.28029494629e-06

row17col21
West 5.55544854837e-12
East 1.14615354991e-18
North 3.50416457328e-17
South 2.91495877543e-07

row17col22
West 3.88962193252e-17
East 5.81652372813e-19
North 1.04569068575e-19
South 2.00766080362e-08

row18col1
West 9.47400294936e-23
East 4.61454033452e-12
North 0.000145294577845
South 7.78256776448e-13

row18col2
West 3.48776533217e-09
East 7.36800159695e-08
North 0.00137172524373
South 1.974391301e-11

row18col3
West 1.94275536489e-11
East 6.97112585497e-14
North 6.21118553572e-05
South 1.38737923799e-12

row18col4
West 3.49055751423e-11
East 9.84584525475e-24
North 4.27713257738e-06
South 2.54876723474e-24

row18col6
West 2.79111401542e-06
East 0.000125248587957
North 0.000508443145175
South 4.96714775235e-19

row18col7
West 3.45026563824e-06
East 0.000812997124363
North 0.063000593658
South 4.40830846209e-06

row18col8
West 0.0216657099957
East 4.0041568288e-05
North 0.000460566137447
South 4.17271764336e-09

row18col9
West 0.0045586252574
East 7.75631944426e-06
North 1.25990288524e-07
South 1.33409324894e-12

row18col10
West 0.00074618256078
East 1.33601641675e-14
North 1.41356271644e-08
South 1.05008924364e-12

row18col11
West 2.82771069172e-05
East 2.60499622414e-14
North 0.0
South 3.90674202938e-17

row18col13
West 3.75490731647e-10
East 5.98398281703e-09
North 6.32168751551e-05
South 4.19311990173e-23

row18col14
West 1.52656133323e-09
East 6.05185370887e-06
North 0.00148724657058
South 7.39952419144e-08

row18col15
West 3.45556532719e-05
East 0.000671488359285
North 0.0850127319547
South 3.67677557731e-05

row18col16
West 0.0380317742846
East 0.000238491564862
North 0.000647066563897
South 5.92861618203e-06

row18col17
West 0.0171111284363
East 1.49686463882e-05
North 1.11694768516e-06
South 3.78937233182e-05

row18col18
West 0.00659309668237
East 2.91410120229e-05
North 1.08840409533e-07
South 6.98005867996e-08

row18col19
West 0.00170407305026
East 6.13648330795e-08
North 1.389714836e-13
South 1.15819177016e-10

row18col20
West 0.000296194383176
East 1.03612493068e-06
North 7.0643440782e-09
South 1.16527647993e-09

row18col21
West 3.68388010569e-05
East 3.45566545304e-09
North 7.27810264228e-11
South 1.68086093908e-15

row18col22
West 1.4598521198e-06
East 4.27063005013e-16
North 0.0
South 4.47859806173e-12

row19col1
West 7.78256776449e-13
East 1.01706096333e-13
North 1.55412410719e-07
South 1.99526389649e-21

row19col2
West 2.0283457423e-12
East 9.86844220522e-23
North 1.65498409924e-05
South 1.90552231763e-12

row19col3
West 1.16098647252e-19
East 5.37781206036e-15
North 4.91701371731e-07
South 5.01850597635e-13

row19col4
West 9.78613267447e-13
East 3.18257588977e-24
North 1.19076289967e-07
South 2.44674602415e-19

row19col6
West 1.9201772778e-17
East 0.000377207417597
North 3.65820072469e-13
South 1.90351517628e-17

row19col7
West 1.95460004237e-17
East 1.52307729924e-09
North 0.00764131528602
South 8.17603128776e-15

row19col8
West 7.19247653961e-12
East 3.64349608711e-12
North 0.000745559388157
South 1.74219890792e-08

row19col9
West 1.55000273964e-05
East 3.73174765986e-13
North 7.4879902511e-11
South 0.0

row19col10
West 2.64199424332e-11
East 9.63877578261e-20
North 6.51192213513e-05
South 1.33574340491e-14

row19col11
West 2.48038703625e-06
East 1.35341150565e-17
North 1.38834287153e-14
South 5.46430930939e-20

row19col13
West 0.0
East 9.81227411179e-07
North 8.18896900571e-23
South 0.0

row19col14
West 4.23453297153e-11
East 0.000326011879581
North 2.34638610315e-06
South 1.39485820322e-09

row19col15
West 1.57332471989e-10
East 1.1943535009e-08
North 0.00798360590479
South 1.55861403942e-06

row19col16
West 2.66946207814e-09
East 7.25556656152e-10
North 0.000361937658264
South 1.1262344744e-12

row19col18
West 3.47042836488e-12
East 1.95596846369e-11
North 0.000440115014435
South 4.94552077937e-12

row19col19
West 8.55751307171e-11
East 1.81227138112e-14
North 7.98333438699e-05
South 3.81375199696e-13

row19col20
West 5.70237706137e-09
East 2.605630552e-20
North 1.75476943312e-05
South 9.4657681945e-18

row19col21
West 3.53264757843e-14
East 1.05299566519e-12
North 1.69443383733e-16
South 1.67863849282e-15

row19col22
West 2.56499194845e-14
East 2.7527481213e-30
North 3.16403781855e-10
South 0.0
