0.113476457312
0.100146485579
0.0960139114514
0.092319547529
0.103194271777
0.096045065522
0.0994377222516
0.095461997079
0.101961699074
0.101448122352
0.109422886923
0.110723549254
0.108317342673
0.114951057738
0.111909021778
0.113502431042
0.113431008614
0.112835290996
0.110606577993
0.112977496142
0.114483737466
0.113975711302
0.109452594537
0.11157564734
0.113402973796
0.115046980494
0.112899666344
0.117779797567
0.115322342763
0.115894278813
0.114599302886
0.112036803966
0.113068004281
0.113178661007
0.112426409853
0.115588284221
0.117570007184
0.117017553735
0.118091412803
0.117587988646
0.118646846006
0.116577286912
0.11854275706
0.11760828888
0.116585160358
0.121603806042
0.121782803484
0.120214461496
0.120849561094
0.120639664072
0.119455325704
0.125125686074
0.123794970421
0.126630234155
0.131634568051
0.130620636061
0.131874255039
0.134983197759
0.135289423936
0.13679837596
0.137136973535
0.135102801559
0.134628682701
0.135478609739
0.134732489652
0.134054179294
0.135122757926
0.13463298523
0.1380931768
0.136685568703
0.138936465004
0.13837061689
0.139472258059
0.140233231684
0.139683644031
0.141188930857
0.140595144752
0.141110512334
0.141322943633
0.140960277388
0.14222434584
0.143369521731
0.142680276382
0.1427310037
0.142919481223
0.143837575239
0.144137504241
0.143324504294
0.143086870283
0.143678595829
0.143479816866
0.143087997274
0.142984711936
0.143539859934
0.144913595489
0.14356021455
0.14306094012
0.144372164246
0.14423614061
0.145343889099
0.145278372064
0.146463764365
0.145877685822
0.1456313319
0.145972589321
0.146057789328
0.146266312271
0.146699714136
0.147433120666
0.1490625449
0.148585463682
0.148950043884
0.148205281101
0.148654810939
0.148809767073
0.148998516294
0.14898509766
0.149088784594
0.14974687515
0.150433871458
0.150608687676
0.150684851969
0.150931003666
0.152532283841
0.152632738204
0.152497916998
0.153053442855
0.153822617891
0.154369970577
0.154055628312
0.153990538936
0.154380534556
0.15369272806
0.15311006028
0.153070844472
0.154505565583
0.154208365798
0.153996360033
0.153328672602
0.153632595954
0.152886843189
0.153562674672
0.152877277729
0.152454826265
0.152052534364
0.152261990939
0.153072593282
0.15284513234
0.153205518827
0.153185944696
0.152729582304
0.154089151266
0.154015420704
0.154266047441
0.154418668638
0.154398186431
0.154662838863
0.155136885426
0.15538700113
0.155403158814
0.155217937318
0.155948715661
0.155913959171
0.15691865309
0.158324621741
0.158381959027
0.15932245218
0.159694186355
0.160677698631
0.160417157377
0.160451637434
0.160632451568
0.160780578362
0.160967074769
0.161242309604
0.161152589723
0.161399865495
0.161781552426
0.161917244358
0.16232168832
0.161550658734
0.161571672305
0.161969079417
0.162141470248
0.161951159298
0.161765133756
0.161951665073
0.161744152673
0.162542403695
0.163200968102
0.163430170533
0.163548838256
0.16327590791
0.16370070612
0.16343444941
0.163018737588
0.162305919398
0.163087835212
0.162804564036
0.163083808785
0.163827760021
0.163800311606
0.164156963808
0.164369826319
0.164738681749
0.164401362686
0.165481229799
0.165680254823
0.166023902935
0.16622099826
0.166273681702
0.166787595193
0.167071050011
0.167265803782
0.16787399559
0.168663783568
0.16843959045
0.168501360416
0.168381677483
0.1693928433
0.168885270797
0.168509128053
0.168430533548
0.168961208156
0.168858837413
0.168666181712
0.16880593459
0.168180035645
0.168677084157
0.168654236876
0.168503256016
0.168285876458
0.168573805159
0.168372539276
0.168466292645
0.168256992692
0.168147655046
0.168417140441
0.168258849765
0.168259949112
0.168002532477
0.168311642377
0.168401916289
0.168583442201
0.168576741948
0.168769488063
0.169043818513
0.168952766221
0.169609196459
0.169221247515
0.16914731338
0.1691856633
0.169545972066
0.169521564794
0.169306365854
0.169745537615
0.169474294426
0.169694078428
0.170154193079
0.170188890351
0.17047031687
0.170494846204
0.170565529687
0.170073184752
0.170551002362
0.170745503516
0.170552365692
0.170633506514
0.170945151326
0.17048081846
0.171073034472
0.171207318868
0.171327039783
0.171273086799
0.171336625658
0.171662820068
0.171766580579
0.171620381207
0.171475768594
0.171321871076
0.171142132647
0.17163860665
0.171355850753
0.171608018842
0.171598492192
0.171346738973
0.171099358467
0.170836650429
0.170563566335
0.170805772497
0.171179891996
0.171239280562
0.171386190872
0.171814826258
0.172070102415
0.17201103828
0.172442736807
0.172364166621
0.172265969277
0.172195056146
0.171914940049
0.171671609203
0.171416279534
0.171575946323
0.171587647566
0.172155224383
0.172461695661
0.172610970448
0.172855429513
0.172773262544
0.172961262798
0.172730682608
0.173322760533
0.173399158978
0.173113305404
0.172928551303
0.172724754235
0.172856929033
0.172692458646
0.172726386943
0.172909526797
0.173419800608
0.173500042448
0.173608153523
0.173744469267
0.173891375263
0.173817756349
0.17373174916
0.173813265009
0.174003153617
0.174361691663
0.174110594737
0.173945230146
0.17377239552
0.174056149834
0.17407659909
0.174098192281
0.174543692678
0.17460817183
0.174659962063
0.174834185627
0.174576178734
0.174553896616
0.174458635574
0.174268768143
0.174356386121
0.174621421715
0.174555408495
0.175034221552
0.174922562688
0.174729323139
0.174631281774
0.17465548102
0.174841682529
0.174639719124
0.17456893385
0.174247093037
0.17409978936
0.174227158174
0.174563381076
0.174769797296
0.174778402419
0.174598913834
0.174610412588
0.174520667491
0.174456420804
0.174477066771
0.174352403643
0.174440604674
0.174592133322
0.174569129121
0.174625592822
0.174819186535
0.174914999993
0.175013674248
0.174953871933
0.175006199237
0.175016654231
0.174826860535
0.175459119298
0.175424479976
0.175686881282
0.17559099129
0.175740931496
0.175467372319
0.175480324179
0.175491264039
0.175140654597
0.175339664042
0.175488952731
0.175886778876
0.176060472187
0.175703435361
0.175644898843
0.175348230038
0.175161939964
0.175323472476
0.175541633612
0.175709230786
0.175975592545
0.175908255981
0.175969921037
0.176010738067
0.176091856874
0.176279096307
0.176084274731
0.175892979181
0.17582463391
0.176011514195
0.175991755095
0.175870462925
0.176065675875
0.176578739585
0.176784476854
0.176897749991
0.177007246998
0.176995156872
0.176908325233
0.17692275986
0.177007521583
0.177080399631
0.177306364338
0.177259641577
0.177103922638
0.177169149913
0.177225236117
0.177530398513
0.177740874019
0.177985484605
0.177872851743
0.178419825702
0.178467001273
0.178438018047
0.178520768563
0.178453447505
0.178172245691
0.178209796896
0.178292820706
0.178506967737
0.17883518803
0.179042375762
0.178857670377
0.179185280649
0.179182739733
0.179121897429
0.179096829816
0.179305420255
0.179482845271
0.179514989446
0.179277340955
0.179437780314
0.179318094798
0.179698000485
0.179547389311
0.179671451795
0.179865244134
0.179771911309
0.180023902207
0.180244628758
0.18025658952
0.180354033412
0.18041127311
0.180080200396
0.180116789246
0.180101822115
0.180277896815
0.180576355088
0.180444238754
0.180508425536
0.180459224277
0.18035817012
0.18055148223
0.180601430016
0.180494820104
0.18057510313
0.180411339427
0.180515485128
0.180594572971
0.180527334364
0.180668138911
0.180568262888
0.180331677208
0.180405438417
0.180786740008
0.180793536563
0.180779040897
0.180862339609
0.181151292085
0.181041882265
0.1811306024
0.181205566966
0.181152607838
0.181481774447
0.181767458144
0.181896935474
0.181792135285
0.181669287609
0.181825103586
0.182093859518
0.181977969365
0.182119589771
0.182025950427
0.182112632822
0.182321024925
0.182404644824
0.182425968415
0.182412507063
0.182482966657
0.182323167547
0.18265527933
0.182771836066
0.183026630514
0.182941131821
0.183134155493
0.183066568665
0.183028665188
0.183132060585
0.183110788131
0.182971407412
0.183154883267
0.183312728059
0.183528182828
0.183714846164
0.18386215425
0.183965878557
0.183974952494
0.184097740262
0.184161540519
0.184677040788
0.184752493521
0.184754623173
0.184882446277
0.184950683532
0.185163943041
0.185419357905
0.185493633963
0.185472579351
0.185471663694
0.185372892998
0.185280418204
0.185676368436
0.185989823283
0.185856647435
0.18583464156
0.185693627145
0.185585005269
0.185470243627
0.18566467621
0.185743598401
0.185945414527
0.186021952502
0.186054250563
0.186185596907
0.186224620797
0.186227910031
0.186395175322
0.186294722194
0.186350889982
0.186317154013
0.186577790792
0.186702785101
0.186685231625
0.186679518683
0.186797086988
0.186637331708
0.186756611395
0.186812775665
0.186989055465
0.187053205769
0.187285907666
0.187300367511
0.187314616073
0.187474772166
0.187648144887
0.187593041436
0.187755477697
0.187815591562
0.187753779627
0.187751457456
0.187651676805
0.187775541528
0.187871938616
0.188063275781
0.188083802595
0.18845306505
0.188462633372
0.188554968083
0.188822862016
0.189012946917
0.189070605025
0.189162116947
0.189213384254
0.18906587026
0.18915991664
0.189115766927
0.189106019754
0.189468757583
0.18949685286
0.189400930615
0.189368753263
0.189547920064
0.189589796693
0.189863291241
0.189797674244
0.190054338679
0.190061749163
0.190052937456
0.190057177066
0.190306011739
0.19050972707
0.190738772829
0.190669731145
0.190586118442
0.190670706784
0.190806189124
0.190907810639
0.190759922666
0.190799306818
0.190940858855
0.191213368869
0.191216142537
0.191332472879
0.191406980638
0.191518423641
0.191464377802
0.191585703165
0.191526291351
0.191456098781
0.19140754862
0.191541301419
0.191621695537
0.191695997477
0.191763461845
0.191787897952
0.19177777685
0.191992284493
0.191864441195
0.191962949251
0.192042145772
0.19200646127
0.192057976698
0.192147844092
0.192141584074
0.192076856757
0.192069452943
0.192020781494
0.192025176818
0.191882329585
0.191849690512
0.192062890125
0.192202420505
0.192519796137
0.192661551163
0.192586547701
0.192682530342
0.192666091103
0.19278077076
0.192874021589
0.192776645918
0.192893709156
0.192944346622
0.193141861375
0.193119146711
0.19310705478
0.193209621148
0.193554483616
0.193484208892
0.193520367177
0.193590580969
0.193678734499
0.193825055356
0.194215728794
0.194319286721
0.194301387912
0.19440260569
0.194306274247
0.194391590531
0.194311820083
0.194365279991
0.194401624272
0.194463531028
0.194686604139
0.194742439286
0.194646548281
0.194655308917
0.194640436567
0.194770429044
0.194947717178
0.194956355479
0.194948150343
0.194899042105
0.194794444335
0.194816206189
0.194761754418
0.194976204623
0.195311696857
0.195387877835
0.195534791807
0.195643992998
0.195746493106
0.195706331056
0.195689691823
0.195882600021
0.195958192402
0.19605119943
0.196180817228
0.196190906352
0.196133502589
0.196202301117
0.19609460674
0.196106495084
0.195998680859
0.196175513904
0.196143632259
0.196040518252
0.196143507862
0.196185485395
0.196322720995
0.196363334831
0.196304566594
0.196325585487
0.196335880745
0.196242483488
0.196403099213
0.196568730304
0.196664754423
0.196891409484
0.1969745297
0.197087531289
0.197204586389
0.197250725367
0.1973495581
0.19738528194
0.197343398774
0.197339725299
0.197295549065
0.197353422919
0.197496370771
0.197410052618
0.197580816823
0.19755901682
0.197538178102
0.197633752989
0.197751367941
0.197763742003
0.197829489204
0.198097699877
0.198136973663
0.198156346604
0.19818276247
0.198424380528
0.198429126622
0.198437322855
0.19842182895
0.198482746914
0.198451853184
0.198562342466
0.198578518196
0.198525691047
0.198643127196
0.198764192095
0.198788759723
0.198897186903
0.199040779136
0.199058414019
0.199324458915
0.199432419414
0.199419772721
0.199365248587
0.199572686378
0.19966160398
0.1997314622
0.199960356894
0.200034107303
0.200069812229
0.200080460865
0.199967170844
0.200048636105
0.200114095142
0.200078788666
0.200108489443
0.200034423963
0.200027214482
0.200154706675
0.200108799367
0.200169287139
0.200169070774
0.200163109768
0.200148711213
0.200098027763
0.200045210941
0.20011975987
0.20009582401
0.200111732299
0.200207363815
0.200305553304
0.200278535551
0.200282167957
0.200567633897
0.200762942068
0.200837358829
0.200780669772
0.200887672159
0.201034048738
0.201031639984
0.20115304812
0.201126246964
0.201256631951
0.20131912254
0.201373839944
0.201503530737
0.201693427354
0.20172136598
0.201781681028
0.201807687593
0.201792787916
0.20206945138
0.202107795919
0.202200064081
0.202295769467
0.202622460932
0.202647957049
0.202765116245
0.202692049291
0.202764646595
0.202757328055
0.202708589859
0.202601248958
0.202611938957
0.20271832655
0.202713879319
0.202721315725
0.202649597378
0.202708840743
0.202737325654
0.202695654663
0.202778185475
0.202877565938
0.202708062705
0.202736984281
0.202923998657
0.20306976354
0.203023734012
0.203007925636
0.203090288143
0.203144384494
0.203249247798
0.203333411502
0.20332233742
0.203414645902
0.203542584583
0.203559737605
0.203633142292
0.203610799804
0.203612542974
0.203738035294
0.203613818888
0.203666797474
0.203809670262
0.203892669466
0.203928761739
0.204137826341
0.204098366748
0.203980756309
0.204183540634
0.204186060878
0.204280512706
0.204257390573
0.204332616701
0.204422825188
0.2043806215
0.204369535246
0.204564623978
0.20465722664
0.204609691552
0.204721908611
0.204712483624
0.204710331405
0.204766958325
0.204855870375
0.204955366381
0.205024436947
0.205104193276
0.205166579617
0.205035320305
0.205218810411
0.205276264375
0.205304513436
0.205473941552
0.205514027141
0.205574781169
0.20566874946
0.205814887223
0.205747081516
0.205747592542
0.205833609929
0.205915831955
0.205959056265
0.206165516102
0.20622053054
0.206183396277
0.206162412822
0.206260772999
0.206223194974
0.206287146174
0.206208342284
0.206459152775
0.206564487725
0.20671996867
0.206706432026
0.206824490818
0.206744247512
0.206848920864
0.206979816394
0.206945053586
0.206887830339
0.206870659887
0.206872040169
0.20694713343
0.207029888515
0.207147130494
0.207129926127
0.207149423029
0.207256052615
0.207328052085
0.207255618935
0.207244121561
0.207360262909
0.207528328772
0.207473680987
0.207459676808
0.207466485844
0.207389193984
0.207519720166
0.207570857783
0.207668436385
0.207649098998
0.207667347669
0.207741030775
0.207711451392
0.20774168125
0.207668524473
0.207678545031
0.20785252809
0.207876280943
0.207959896956
0.208066621245
0.208054297474
0.208031016035
0.208158399744
0.208269549092
0.208260968566
0.208229081334
0.208264738091
0.208347472617
0.208388197968
0.208482910372
0.208516153512
0.208764099512
0.208796533733
0.208802668038
0.208863808602
0.209012569846
0.20911238695
0.209177877479
0.209354278386
0.209366512876
0.209495898559
0.209588280861
0.209658590519
0.20962888911
0.209727553656
0.209826518985
0.20985328185
0.209986836267
0.210034805018
0.20999936094
0.210041379615
0.21002302259
0.210042628062
0.210011968523
0.210107399555
0.210052095833
0.210032693173
0.210066807204
0.210214035685
0.210176813748
0.210324792962
0.210383880134
0.210375206457
0.210487855586
0.210646516682
0.210799411168
0.210895795416
0.210905614653
0.210967703763
0.211014367404
0.211126092619
0.211201842168
0.211146711075
0.211302202804
0.211402159205
0.211588446019
0.211626849931
0.21192532072
0.212020410772
0.212153841373
0.212320455312
0.212412469104
0.212443043459
0.212600727525
0.212598031258
0.212696800427
0.212856132882
0.212944149446
0.212904883896
0.212812526951
0.21276661164
0.212908287532
0.212840863256
0.213034355403
0.213134654884
0.213234896852
0.213270339073
0.213240513205
0.213401859494
0.213412342604
0.213562747861
0.213574480667
0.213569604463
0.213629471438
0.213841270888
0.213852163898
0.213863119905
0.21391204982
0.213855023676
0.21383138517
0.213925951858
0.213901042111
0.213995365072
0.214064512265
0.214056468432
0.214244795914
0.214276661312
0.214371750923
0.214347720403
0.214332958591
0.214398592847
0.21443382924
0.214470994883
0.214499876891
0.21457486246
0.214603440034
0.214708129949
0.21480791558
0.214884332844
0.215007504022
0.215015198045
0.215136637693
0.215233737896
0.215275819819
0.215262866447
0.215271167311
0.215273218992
0.21537055519
0.215458176134
0.215452945518
0.215494584693
0.215650223278
0.215879257235
0.215985922001
0.215999914112
0.216110929226
0.216203410834
0.21627827392
0.216259400577
0.216350778471
0.21647976725
0.216581662005
0.216619771506
0.216704678406
0.216839780688
0.216958975545
0.216989556476
0.217106260137
0.217242950651
0.217243614905
0.217340455851
0.217483961979
0.217557024591
0.2176438603
0.217702104247
0.217736459399
0.217778331118
0.217857553628
0.217929856046
0.218098928312
0.21815081502
0.21826334477
0.218329442599
0.21834923383
0.218383599111
0.218351304925
0.21849094633
0.218630550397
0.218676904664
0.218647887388
0.218710870603
0.218880514179
0.218939804517
0.218913574722
0.218892488499
0.218976091169
0.219036732572
0.219044863543
0.219030592045
0.219142672695
0.219220385513
0.219311778981
0.21936928508
0.219411133405
0.219408069562
0.219538368856
0.219778372723
0.219785626257
0.219891855075
0.219899915993
0.219853962978
0.219894747243
0.219875623541
0.219887462941
0.219971765449
0.220065445228
0.220144610589
0.220263400029
0.220290483265
0.220368690438
0.22055959899
0.220778650789
0.220766534285
0.220805661766
0.220844319184
0.220972322454
0.221027915707
0.221006075888
0.221034154016
0.221076771932
0.221095147418
0.221180253933
0.221224137395
0.221249663826
0.221321993723
0.221369872859
0.221458252345
0.221469347742
0.221535937794
0.221599827732
0.221744193248
0.221841083824
0.221906776667
0.221989219134
0.222112841385
0.222169442266
0.222187927854
0.222260121956
0.222304227471
0.222284276449
0.22227690607
0.222396369457
0.222412288893
0.222496877967
0.222595867942
0.222757053125
0.222777171789
0.222994537023
0.223199661905
0.223323739166
0.223338109858
0.223442636752
0.223479603701
0.223498745676
0.223670695394
0.223809558585
0.223985294576
0.224042867911
0.224114136724
0.224212444923
0.224244410404
0.22430703092
0.224456424139
0.224461911068
0.224447151755
0.224622950141
0.22473728737
0.224878756063
0.225000926989
0.225006086459
0.225045636972
0.22521528719
0.225334728517
0.225376050089
0.225375901907
0.225451465567
0.225461687157
0.225612913128
0.225692263468
0.225831343238
0.225930500389
0.226034740599
0.226092084014
0.226178801255
0.226243870066
0.226270971288
0.226348524223
0.226404487279
0.226543480334
0.226621040966
0.226594279463
0.226639275426
0.226663288448
0.22670838839
0.226735321588
0.226675750904
0.226730219888
0.226709733302
0.226764484296
0.226811836245
0.226867798248
0.226947770511
0.22708057785
0.227136134824
0.227272533066
0.227330865206
0.2274465886
0.227474804838
0.227492798157
0.227491804583
0.227467586602
0.227478378738
0.22758978015
0.227786332567
0.228010098376
0.227993929107
0.228003695714
0.228045048439
0.228223559523
0.228292571093
0.228289740191
0.228378500257
0.228497684342
0.228602546266
0.228733479257
0.228780812085
0.228806652815
0.228778538244
0.228816415089
0.228915483253
0.228933946931
0.228985051207
0.229076547454
0.229133576121
0.229263966547
0.229315390148
0.229386405768
0.229466512347
0.229489933896
0.229505670527
0.229640017894
0.229722760975
0.229815532888
0.229872795204
0.229933268099
0.2299055585
0.229878924671
0.229933297609
0.229983357977
0.230029157209
0.22999095521
0.230030248847
0.229998613507
0.230083615198
0.23021571573
0.230293314626
0.230512540558
0.230493892796
0.230581059359
0.23062761793
0.230676379136
0.230819673285
0.230860258639
0.230889104843
0.230908814446
0.230953199585
0.231032687186
0.23114936624
0.231161821185
0.231227967915
0.231246791644
0.231369520651
0.231390209399
0.23144096499
0.231539838614
0.231664924121
0.231729998743
0.231768925826
0.231764054205
0.231857278885
0.231880034973
0.231898633732
0.231946200061
0.23202727233
0.232145765655
0.232229908547
0.232349749128
0.232328134509
0.23241711581
0.23236418585
0.232447809022
0.232484734836
0.232464876476
0.232608080349
0.232654622914
0.232706263899
0.232712076541
0.232772657749
0.23280112536
0.232921531836
0.232978425933
0.233042805107
0.233069412664
0.233122068687
0.233178371252
0.233199593388
0.23329022467
0.233347451504
0.233410323347
0.233489506215
0.233584697469
0.23361152249
0.233659853515
0.233718178373
0.23388570733
0.233952609415
0.234016821943
0.234124762935
0.234303341432
0.234344263045
0.234450188331
0.234478564227
0.234518898293
0.234519224868
0.23453778956
0.234535046941
0.234595982468
0.234602874865
0.234666314468
0.234673705116
0.234676971655
0.234751305019
0.234823412197
0.234776238886
0.234858441529
0.234976376873
0.235053973487
0.235094205956
0.235074338708
0.235104798622
0.235161380692
0.235165541538
0.235196871859
0.235271121876
0.235348741654
0.235466927997
0.235548450552
0.235527604197
0.235565111118
0.235601183792
0.235588104198
0.235765810571
0.235818985151
0.23590318143
0.235951661134
0.235942155596
0.236025594133
0.236028960498
0.236129104231
0.236166461765
0.236250926915
0.236328979836
0.236373143212
0.236424077084
0.236455264978
0.236561280819
0.23663055118
0.236711253248
0.2366794561
0.236722189909
0.236883773804
0.236986786986
0.237026687498
0.23713278891
0.237224469296
0.237305359993
0.237324431175
0.237342992278
0.237369389474
0.237483906607
0.237564190055
0.23757171429
0.237670214282
0.237735968277
0.237748763292
0.23778610774
0.237831062862
0.237899236234
0.23790075007
0.23803814167
0.238123404017
0.238187769197
0.2381670602
0.2382418224
0.238303707846
0.238386647349
0.238420966642
0.238520245398
0.238547060211
0.238564876778
0.238578598298
0.238703442807
0.238731007031
0.238749432434
0.238865620165
0.238914314703
0.238994217617
0.239096587683
0.239196134321
0.239368238249
0.239424128476
0.239503203458
0.23955141244
0.239556423299
0.239606092486
0.239642481803
0.239766221654
0.239869829453
0.239892736442
0.23998271745
0.240102732779
0.240117194819
0.240170158593
0.240194187036
0.240291848579
0.240354341338
0.240429804057
0.240531938991
0.240660030594
0.240732439571
0.240760857787
0.240831490341
0.240893958785
0.241067681019
0.241137467661
0.241147174205
0.241153656654
0.241206613377
0.24128005151
0.241433673833
0.241453431526
0.241498885243
0.241641531582
0.241726151198
0.241780311786
0.241779498993
0.24174534657
0.241840065472
0.241978199855
0.242050310528
0.242086909745
0.242111964718
0.242203945213
0.242187901512
0.242244481304
0.242227988625
0.24232948979
0.242430160489
0.242393568815
0.242384627059
0.242430202794
0.242500917911
0.242475728979
0.242527213868
0.242618038892
0.242684165003
0.242693105767
0.242777880946
0.242822833952
0.242957422619
0.243032978634
0.243065307114
0.243079764778
0.243164566551
0.243239358477
0.243254385826
0.243447396863
0.243462362623
0.243479840409
0.243541119131
0.243666183228
0.243685587482
0.243729973911
0.243859269551
0.243882070007
0.243910787452
0.244009077024
0.244095920158
0.244136073427
0.244214723828
0.244240389054
0.244225996629
0.244249563193
0.244310878409
0.244361080468
0.244440490023
0.244549602624
0.24460758053
0.244613418445
0.244618196024
0.244652984581
0.244762529137
0.244900888895
0.244956416529
0.245062038728
0.245111853281
0.24524199279
0.245262969033
0.245282982946
0.245345529302
0.245416210347
0.245460200796
0.245587407813
0.245596924722
0.245609871022
0.245699823559
0.245746113182
0.245748116111
0.245828895013
0.245805024582
0.245846714758
0.245903268349
0.245983694841
0.246024136332
0.246106154979
0.246150410825
0.24618170942
0.246266901079
0.246292672128
0.246337942107
0.246439585963
0.246471536741
0.246505858276
0.246539868298
0.246651558507
0.246675772599
0.246802356916
0.246861714293
0.246972781949
0.24699534401
0.247045612289
0.247111113132
0.247133459445
0.247210916533
0.247216176487
0.247277894575
0.247357292688
0.247371057842
0.247492051496
0.24761291244
0.247624151216
0.2477281205
0.247848308838
0.247968747789
0.24798971581
0.248058665608
0.248090351939
0.248146521266
0.248231281428
0.248273955111
0.248278919874
0.248414677151
0.248508127613
0.248540165319
0.248616784943
0.248632017977
0.248668053848
0.248745608456
0.248788022515
0.24890067079
0.248891201427
0.248938758901
0.24899824351
0.249072771232
0.249116865506
0.249138064824
0.249157227479
0.249253410944
0.249331222245
0.249386457734
0.249456003751
0.249494332779
0.249576628058
0.249650836734
0.249753619908
0.24982595235
0.249853665447
0.24989548614
0.249955073064
0.249992653248
0.250046734686
0.250144798996
0.250269928597
0.250342495077
0.25044574424
0.250521847352
0.250593285704
0.25067123703
0.250715103393
0.250773875484
0.250868114643
0.25101500444
0.251112458656
0.251146394114
0.251230149675
0.251328049043
0.25135757048
0.251393755065
0.251432616796
0.251424760665
0.25151885648
0.251628285905
0.251624318902
0.251634058114
0.251715111974
0.251774159775
0.251785558392
0.25185752382
0.251985914881
0.252082210383
0.252120177529
0.252184013551
0.252194637948
0.252273666638
0.252404946613
0.252426352132
0.2524449939
0.252519946184
0.252521097679
0.25263727784
0.252787054596
0.252828113162
0.252863496595
0.25289198219
0.252954879429
0.253017544554
0.253086634701
0.253189173872
0.253259745565
0.253318715626
0.253386875882
0.25345593016
0.25350662326
0.253594453209
0.253628484423
0.25372748767
0.253842601062
0.254045837507
0.254123558258
0.254153491839
0.254174978533
0.254209648485
0.254305328931
0.254296291783
0.254338757875
0.254377301705
0.254386683713
0.254416034613
0.254480672674
0.254549467323
0.254608525456
0.254715758279
0.254812708031
0.254853733846
0.254967152966
0.255017546185
0.255042750173
0.255149833855
0.255305741023
0.255405632693
0.255451597329
0.255526328676
0.255597817149
0.255643420557
0.255739737443
0.255744708098
0.255791398629
0.255899695253
0.255944922425
0.255969177158
0.256035385464
0.256084820076
0.256109118541
0.256117548508
0.256146199686
0.256220422045
0.256322395233
0.25635921985
0.256422946903
0.256392119514
0.2564167641
0.256455084687
0.256556756338
0.256530425715
0.256549083944
0.256620347447
0.256611574241
0.256637496451
0.256673277466
0.256800162921
0.256859667855
0.256905801031
0.257001552824
0.257072277251
0.257132180654
0.257207742707
0.257298781372
0.257395581408
0.257470923392
0.257641202322
0.257657835771
0.257798651005
0.257805085239
0.257922469758
0.258068656583
0.258168996707
0.25823989145
0.258338077624
0.258358652895
0.258381543359
0.258502975796
0.258575969124
0.258688781282
0.258796606009
0.258883670739
0.25889701957
0.258935734336
0.259022849193
0.259132692562
0.259229241795
0.259273524972
0.259325609378
0.259345137382
0.259427826639
0.259421811076
0.259519750656
0.259558482369
0.259647420244
0.259733850113
0.259816318514
0.259886505348
0.259950307689
0.25998000507
0.260086867867
0.260159624056
0.2602083492
0.260256758802
0.260244907049
0.260305884049
0.260370547228
0.260401737243
0.260452249394
0.260520085474
0.260585690009
0.260660701182
0.260781086391
0.260840733476
0.260906930242
0.260945691707
0.260947698901
0.261026339178
0.261179650272
0.261191828707
0.261243954664
0.261320681768
0.261373153843
0.261447706894
0.261487907379
0.261509250786
0.261603494686
0.261675658204
0.261767613326
0.261774315119
0.261831016899
0.26186230248
0.261927810695
0.261974570557
0.261979157965
0.262029103256
0.262157102528
0.262242549142
0.262277474096
0.262339365919
0.262377831656
0.262414199534
0.262445333666
0.26249794968
0.262524063197
0.262613521746
0.262689119041
0.262886310631
0.263011772988
0.263074261669
0.263148581876
0.263256445896
0.263361948497
0.263464569923
0.263540016679
0.263641962903
0.263741975859
0.263819146404
0.263856335189
0.263971572439
0.264044430972
0.264082698761
0.264227155589
0.26430413454
0.264335824413
0.264397724421
0.26450018812
0.264546954085
0.264607361304
0.264679901156
0.264750445755
0.264737084179
0.264855470001
0.264936479387
0.264978153509
0.265069706365
0.265118297721
0.265148047777
0.265176498008
0.265236983144
0.265298468936
0.265335294984
0.265413037315
0.265454239302
0.265507939433
0.265570058525
0.265611637528
0.265637101038
0.265623692584
0.265676604947
0.265747742734
0.265761459995
0.265782477802
0.265868247364
0.265906025465
0.265935490289
0.26603434466
0.266087590316
0.266184678891
0.266269782271
0.266442533776
0.266506346121
0.266546542425
0.266614211544
0.266686021235
0.266767112656
0.26681179301
0.266908252002
0.266969839182
0.267038173511
0.267141775991
0.26719666401
0.26728275761
0.267352075392
0.267419093242
0.267451274344
0.267502003818
0.267529952961
0.267620069575
0.267708092434
0.267750976231
0.267733987833
0.267798261532
0.267869477881
0.267955220715
0.268043099436
0.268135432997
0.268221035132
0.268369097057
0.268390393208
0.26839312276
0.268445109275
0.268486744837
0.268490115615
0.268555040719
0.268600511887
0.268664543894
0.268711989341
0.268801346782
0.268849239664
0.268901065031
0.268901693378
0.269022761517
0.269059308492
0.269086899025
0.269168173398
0.269172305347
0.269234132377
0.26925385742
0.269300904998
0.269364774379
0.269420761022
0.269491369004
0.269538487283
0.269583881779
0.269607534484
0.269641876201
0.269730525698
0.269790365538
0.269910403912
0.269975013345
0.270029302106
0.27004614433
0.270130516754
0.270231861361
0.270271173281
0.270281719997
0.27033102392
0.270395446636
0.270412061394
0.270425709669
0.270458861638
0.270488349106
0.270516622677
0.270568923425
0.270593842224
0.270703356585
0.270759979881
0.270839207648
0.270874178336
0.271035526023
0.271135479907
0.271161120867
0.271206826486
0.271279785226
0.271384299293
0.271493970146
0.271584777032
0.271597067689
0.271649894464
0.271743738117
0.271799108998
0.271839937719
0.271894696801
0.271920798695
0.272024127716
0.272124945196
0.272163137941
0.272192311797
0.272247724982
0.27233085918
0.272451876606
0.272545835481
0.272637769085
0.272754043449
0.272763892214
0.272789282295
0.272807694679
0.272838759304
0.272933359117
0.272991794243
0.273059653805
0.273093033628
0.273190975643
0.273295530692
0.273318855472
0.27337921923
0.273445816745
0.273481666712
0.273553566137
0.273643484784
0.273700050911
0.273761217584
0.27381089247
0.273874451245
0.27396345509
0.274097844609
0.274159032432
0.274206970741
0.274256338068
