
row1col1
West 0.0
East 0.0
North 1.86668673676e-05
South 0.00121824928921

row1col2
West 0.0
East 0.0001962943575
North 0.000166037656081
South 0.0147797032543

row1col3
West 0.0
East 3.36806739917e-05
North 4.28248604912e-05
South 0.0296327493927

row1col4
West 1.08501627136e-08
East 0.00139193572353
North 8.42240154646e-08
South 0.0327616201628

row1col5
West 1.23204617494e-07
East 2.13762227842e-08
North 4.12854742571e-08
South 0.0724054979157

row1col7
West 0.0
East 0.0
North 9.35817595914e-06
South 0.00143339531548

row1col8
West 1.21767746709e-05
East 0.00669047727321
North 2.54687627961e-05
South 0.000222277933538

row1col9
West 0.000231924324667
East 0.000426748603693
North 0.000145032816402
South 0.0545413969959

row1col10
West 0.000956674654168
East 5.06928347749e-05
North 0.000631534965373
South 0.0298507932017

row1col11
West 0.00274776455778
East 2.53916414927e-06
North 1.58571065567e-05
South 0.000115473805487

row1col13
West 0.0905605060575
East 0.182251693724
North 0.0679100462951
South 0.628072281502

row1col14
West 0.182307982359
East 0.379096611958
North 0.407029009515
South 0.760160747011

row1col15
West 0.451324886261
East 0.557899734691
North 0.503313965975
South 0.814144274395

row1col16
West 0.520401290613
East 0.614296368329
North 0.626269129891
South 0.857288953885

row1col18
West 0.0
East 0.0
North 0.0
South 0.0

row1col19
West 0.796093174254
East 0.023831100342
North 0.0700447666594
South 0.224904937892

row1col20
West 0.048439314484
East 0.00509136792077
North 0.0101975075667
South 0.37282392634

row1col21
West 0.00850081307712
East 0.000353549550641
North 0.00449162868052
South 0.170907960442

row1col22
West 0.0306565685556
East 2.00840866344e-06
North 7.07109336045e-06
South 0.000873436364143

row2col1
West 0.0
East 0.0162632139486
North 0.0
South 0.0

row2col2
West 0.0
East 0.0795802681785
North 0.000357053854158
South 0.00841156520053

row2col3
West 0.0107687165714
East 0.0427371412242
North 0.0025944115008
South 0.192558810026

row2col4
West 0.0705584490687
East 0.0486376098354
North 0.00100642114599
South 0.231303166336

row2col5
West 0.105555685857
East 0.0713355181497
North 0.00486081314804
South 0.346822800039

row2col7
West 0.000300705906316
East 0.0155444612074
North 9.99947936551e-08
South 0.00216183922061

row2col8
West 0.000194757236592
East 0.0890514412539
North 8.90343700095e-05
South 0.0281990389458

row2col9
West 0.00387123827626
East 0.0140714711756
North 0.00240835306669
South 0.347164070833

row2col10
West 0.129333680933
East 0.000192697947601
North 0.00125366440199
South 0.00944493098165

row2col11
West 0.00416050308137
East 2.0066184203e-07
North 5.55202066267e-06
South 0.000446802974871

row2col13
West 0.52928937492
East 0.773650861653
North 0.342159182828
South 0.554243405064

row2col14
West 0.665665510548
East 0.814506246185
North 0.644027220996
South 0.711631434458

row2col15
West 0.77364583514
East 0.857375
North 0.770980260386
South 0.773751632603

row2col16
West 0.814422436699
East 0.9025
North 0.813649602403
South 0.814430776801

row2col17
West 0.857367582085
East 0.95
North 0.902365745618
South 0.902317324303

row2col18
West 0.902449884443
East 0.896433417221
North 1.0
South 0.898154131919

row2col19
West 0.949892987174
East 0.40078688446
North 0.464462234097
South 0.522918024277

row2col20
West 0.829464348194
East 0.127222427712
North 0.0510599001647
South 0.113971661851

row2col21
West 0.508107261081
East 0.000815276747845
North 0.0137414627686
South 0.0135570821148

row2col22
West 0.0733944128192
East 0.000288643379733
North 3.27669206433e-06
South 0.00052569343193

row3col1
West 0.0
East 0.0
North 4.18562265598e-05
South 0.0

row3col2
West 0.0
East 0.0950996781366
North 0.000156409952194
South 3.67027419505e-06

row3col3
West 0.00732791441289
East 0.281408979689
North 0.0914431090498
South 0.0480795853411

row3col4
West 0.029209920481
East 0.361510365918
North 0.106470831479
South 0.0695748792213

row3col5
West 0.0732416477445
East 0.185116402761
North 0.280557553514
South 0.396304953823

row3col7
West 0.000681994897191
East 0.0467253221879
North 0.000207708797812
South 0.000113174723071

row3col8
West 0.000403606396738
East 0.265801492221
North 0.00349585735392
South 0.0332243056508

row3col9
West 0.0376432751066
East 0.011835110819
North 0.0414198180442
South 0.478780416032

row3col10
West 0.207136312093
East 8.90578291973e-05
North 0.00924669888976
South 0.0196373141099

row3col11
West 0.0420467519796
East 0.00115699405162
North 8.00725225848e-05
South 0.00201690760309

row3col13
West 0.696721691309
East 0.735091890625
North 0.732292733942
South 0.663410447436

row3col14
West 0.698291776421
East 0.7737809375
North 0.770387000055
South 0.733514678147

row3col15
West 0.73493277601
East 0.80929831443
North 0.81450625
South 0.772872711301

row3col16
West 0.709692260558
East 0.674296625858
North 0.857374431908
South 0.720356301895

row3col18
West 0.529547168465
East 0.419037017278
North 0.949364084595
South 0.502319188661

row3col19
West 0.397580889162
East 0.0529169210448
North 0.877668878863
South 0.353274451675

row3col20
West 0.59267030703
East 0.0126988464039
North 0.104172646417
South 0.0360727336345

row3col21
West 0.219775233758
East 0.000441323734274
North 0.0456520848757
South 0.0148847176321

row3col22
West 0.0376709080969
East 3.6827027558e-05
North 0.00088933768996
South 3.6683564267e-05

row4col5
West 0.283164442556
East 0.265509638513
North 0.360132616528
South 0.418061911585

row4col9
West 0.301882763533
East 0.163675686364
North 0.213264901117
South 0.513214641141

row4col13
West 0.663057916931
East 0.663192970106
North 0.698337296094
South 0.630243139579

row5col1
West 0.0
East 1.36086625797e-05
North 0.0
South 0.0

row5col2
West 8.42833602767e-12
East 1.15194808232e-13
North 5.87286745801e-06
South 0.000377024809124

row5col3
West 5.56977682874e-09
East 0.0
North 0.0
South 0.00309210515231

row5col5
West 0.387988783902
East 0.440126668615
North 0.395245951959
South 0.376902285306

row5col6
West 0.417289035434
East 0.463291230156
North 0.43090627898
South 0.391124998812

row5col7
West 0.439813685674
East 0.487674979115
North 0.451895640569
South 0.410025691943

row5col8
West 0.463223213497
East 0.513342083279
North 0.4780782165
South 0.439015124571

row5col9
West 0.487634015604
East 0.540360087663
North 0.47477776746
South 0.462098707911

row5col10
West 0.513308005697
East 0.568800092276
North 0.536062225578
South 0.503997494284

row5col11
West 0.540302293703
East 0.598736939238
North 0.567501873479
South 0.526027286747

row5col12
West 0.568745404776
East 0.630249409725
North 0.5978926237
South 0.555372871867

row5col13
West 0.598728405709
East 0.59861760082
North 0.663420431289
South 0.597015082877

row5col14
West 0.630249409725
East 0.532844917935
North 0.574093092283
South 0.523534192451

row5col15
West 0.598736939174
East 0.477334146127
North 0.508016973631
South 0.464221125118

row5col16
West 0.568800090009
East 0.357615809524
North 0.465069368319
South 0.419802809416

row5col17
West 0.531725440703
East 0.0565055763981
North 0.239376183428
South 0.186588128262

row5col18
West 0.294089024857
East 0.0121667454782
North 0.00992410948602
South 0.00727278052021

row5col20
West 1.14530858614e-06
East 5.15692169855e-08
North 2.08906029457e-10
South 0.00650616290823

row5col21
West 8.15384786402e-06
East 4.49666558624e-10
North 5.42828002214e-17
South 0.000761699390151

row5col22
West 1.03897280028e-07
East 0.0
North 3.00224132138e-14
South 0.0

row6col1
West 0.0
East 0.0
North 2.35074641703e-14
South 0.000502724788267

row6col2
West 3.49782936899e-06
East 0.00610257133979
North 3.17453207401e-06
South 0.000243911600594

row6col3
West 1.73364825957e-08
East 0.000232047804424
North 2.0479608533e-05
South 0.0521287019463

row6col5
West 0.361299830923
East 0.347878574507
North 0.418120334483
South 0.312555408026

row6col6
West 0.228408758653
East 0.264736056948
North 0.439614041913
South 0.142312869099

row6col7
West 0.119409763316
East 0.197276725928
North 0.459356836313
South 0.203856013395

row6col8
West 0.159944156076
East 0.187027757583
North 0.484407446868
South 0.199692496544

row6col9
West 0.235481845009
East 0.294193034362
North 0.509860253239
South 0.218383437149

row6col10
West 0.305612473835
East 0.309761545344
North 0.540193218167
South 0.149080052212

row6col11
West 0.281312825105
East 0.33535147518
North 0.567147049144
South 0.244378404366

row6col12
West 0.349298864154
East 0.381986861284
North 0.597016078766
South 0.30941315452

row6col13
West 0.350927553491
East 0.332924341809
North 0.629987430095
South 0.362189369079

row6col14
West 0.286037059299
East 0.207857403329
North 0.592222464991
South 0.223637031667

row6col15
West 0.209374724092
East 0.201050157046
North 0.559945804631
South 0.210402939079

row6col16
West 0.37021672255
East 0.304280246351
North 0.540360003309
South 0.397046063454

row6col17
West 0.513341075382
East 0.264849534614
North 0.410800688118
South 0.316641851816

row6col18
West 0.476343789272
East 0.020712148285
North 0.0529664298243
South 0.0685404319959

row6col19
West 0.300751848848
East 0.00133471626175
North 0.00263278863876
South 0.00207270186537

row6col20
West 0.110155279817
East 0.000197033884329
North 0.000110160939934
South 0.000257761040278

row6col21
West 0.0157667232337
East 9.38170301374e-17
North 4.54816159793e-06
South 1.81163636631e-09

row6col22
West 0.00123471283171
East 0.0
North 0.0
South 1.90964693847e-14

row7col1
West 5.57939986899e-08
East 0.00735886299605
North 1.11660454809e-15
South 2.88321557266e-06

row7col2
West 2.90035662229e-08
East 0.0592563130613
North 3.91968072224e-08
South 0.000940750202649

row7col3
West 0.00171608313187
East 0.0137150057731
North 0.000479026146612
South 0.19719187654

row7col5
West 0.302988424681
East 0.299842704956
North 0.397214311843
South 0.331994661685

row7col6
West 0.135440276203
East 0.106368750388
North 0.392992763672
South 0.0796270027203

row7col10
West 0.131814419755
East 0.152735347465
North 0.49681694704
South 0.0767029298248

row7col17
West 0.285946163269
East 0.158331406481
North 0.487665018825
South 0.229801397581

row7col18
West 0.0657097354017
East 0.0325285655173
North 0.3332725773
South 0.0258597605213

row7col20
West 0.0
East 1.65928103137e-12
North 0.0123471695986
South 0.0

row7col21
West 4.05559511349e-05
East 9.79306122273e-15
North 1.41978870428e-06
South 7.9844335907e-24

row7col22
West 1.80399557958e-07
East 9.79306122273e-15
North 0.0
South 4.39439410542e-09

row8col1
West 0.0
East 0.00116517658045
North 3.01211248453e-05
South 0.0

row8col2
West 4.85385237751e-12
East 0.0471852327647
North 1.71764738577e-05
South 0.000200614819251

row8col3
West 0.000637618265922
East 0.305497759635
North 0.0100255584522
South 0.0389670021062

row8col4
West 0.0787991013742
East 0.356108567432
North 0.149971319995
South 0.162411235594

row8col5
West 0.290685762968
East 0.245524374291
North 0.377353567723
South 0.289640099227

row8col6
West 0.349639720564
East 0.118331690272
North 0.127843452623
South 0.05016090331

row8col8
West 0.000139338592292
East 0.0110688762915
North 4.65349573212e-05
South 8.62060357256e-09

row8col9
West 0.000435491992908
East 0.179761635285
North 0.0021275892983
South 9.32578183952e-05

row8col10
West 0.0302086159135
East 0.0067001315092
North 0.41447783344
South 0.00732284603701

row8col11
West 0.270335581578
East 0.000327671783856
North 0.0234511771148
South 0.00112385077462

row8col12
West 0.131761512318
East 0.000248841015094
North 0.00544360824781
South 6.01122517106e-06

row8col13
West 0.0390270323828
East 1.84833098833e-05
North 1.93946560231e-05
South 7.44009492858e-06

row8col14
West 0.00365074563623
East 7.93855415256e-09
North 3.31339442647e-05
South 2.40137416129e-09

row8col15
West 1.45048591024e-06
East 5.98123333993e-09
North 2.67889854144e-08
South 6.30108026106e-11

row8col17
West 0.286089592802
East 0.103131223696
North 0.463240113622
South 0.211777624568

row8col18
West 0.276685100408
East 0.0133220583392
North 0.0325709234195
South 0.0133430444947

row9col5
West 0.277532593036
East 0.167269248727
North 0.358485661332
South 0.269687035005

row9col6
West 0.0833875363015
East 0.0362906845453
North 0.272865917753
South 0.0564061795223

row9col8
West 0.0
East 0.000167432334871
North 1.81049546068e-07
South 8.59985343822e-09

row9col9
West 5.43242813515e-11
East 0.000184152266216
North 0.0182318963513
South 8.61333242767e-05

row9col10
West 1.9735146761e-06
East 0.000787011204814
North 0.056896956519
South 0.000902254123454

row9col11
West 0.000167591257495
East 0.000171178504965
North 0.0403218300958
South 0.000225516464721

row9col12
West 8.71614887021e-06
East 1.23259003806e-07
North 0.0121751362952
South 6.99434196874e-05

row9col13
West 0.000366332877123
East 2.82015352914e-09
North 0.00392971866197
South 1.74088878342e-05

row9col14
West 1.74089555324e-05
East 2.40078983219e-10
North 0.000287166737073
South 2.02332828197e-08

row9col15
West 5.49470303257e-06
East 2.69204032443e-12
North 1.15367810787e-09
South 2.69204032443e-12

row9col17
West 0.208142831816
East 0.0729120507203
North 0.439918032314
South 0.142395871796

row9col18
West 0.242577093785
East 0.00216475097538
North 0.00128967094793
South 0.0208992123854

row9col20
West 0.0
East 1.57900672693e-09
North 0.0
South 0.0

row9col21
West 0.0
East 0.0
North 1.23615785203e-32
South 2.22413641456e-07

row9col22
West 6.69006112794e-09
East 4.22588479254e-15
North 0.0
South 0.0

row10col1
West 3.38704072262e-23
East 0.000653506790283
North 6.6047294091e-23
South 3.13724646932e-24

row10col2
West 9.52337228712e-06
East 0.0103605457656
North 0.000221521574838
South 4.24239100261e-12

row10col3
West 0.000153439683635
East 0.00216631143017
North 0.000442078832952
South 0.0637432838201

row10col5
West 0.264933095413
East 0.149983251399
North 0.34056041396
South 0.233477629366

row10col6
West 0.268609294695
East 0.0522055269927
North 0.034543284908
South 0.0276569248745

row10col17
West 0.180937473436
East 0.0511109184235
North 0.417436685137
South 0.101730125904

row10col18
West 0.253478529476
East 0.0163046584972
North 0.0190779697013
South 3.58966946208e-05

row10col20
West 1.50629924393e-30
East 1.46273629563e-07
North 0.0
South 2.65965401139e-17

row10col21
West 1.38290135065e-11
East 5.42479550261e-24
North 4.19951511647e-09
South 3.92107610805e-06

row10col22
West 6.18375479087e-29
East 0.0
North 0.0
South 1.49727187471e-07

row11col1
West 1.877879841e-07
East 0.00298539886279
North 1.28792223477e-22
South 0.0

row11col2
West 8.21780021791e-07
East 0.0629065014017
North 3.2543177099e-05
South 2.18965883777e-12

row11col3
West 0.00139299196674
East 0.211073510433
North 0.00322096578052
South 0.000314001503259

row11col4
West 0.0252489770651
East 0.292035414889
North 0.0277898440246
South 0.0767016830871

row11col5
West 0.145126106188
East 0.155312249802
North 0.323528694197
South 0.211013134839

row11col6
West 0.2505602321
East 0.0301947366277
North 0.0418845564696
South 0.0173621897512

row11col8
West 1.48223778021e-13
East 2.01748543641e-05
North 0.0
South 2.01714929155e-09

row11col9
West 0.0
East 3.88856209174e-11
North 1.95488897831e-06
South 0.00144855731251

row11col10
West 5.99250321059e-35
East 8.48303539793e-34
North 8.48303539793e-34
South 6.2752660792e-06

row11col12
West 0.0
East 1.13392660813e-06
North 0.0
South 1.69097326934e-33

row11col13
West 0.0
East 1.93183503271e-11
North 1.69097326934e-33
South 0.000339345362786

row11col14
West 1.26691210976e-13
East 3.94120354932e-10
North 2.40973840945e-14
South 0.00125914579706

row11col15
West 2.03408692109e-11
East 0.0
North 2.72759681495e-21
South 0.00485473792123

row11col17
West 0.0658764933724
East 0.0186889722631
North 0.395150425238
South 0.0737353322297

row11col18
West 0.0166415061131
East 0.0027698087482
North 0.0858435246039
South 9.99530194767e-09

row11col20
West 0.0
East 2.91798197442e-06
North 0.0
South 0.0

row11col21
West 3.4550194138e-11
East 3.21056600927e-08
North 2.98450042659e-09
South 9.21578023746e-05

row11col22
West 6.19900254485e-06
East 2.52675661314e-21
North 1.19957207577e-15
South 0.0

row12col1
West 0.0
East 4.65033934722e-05
North 0.0
South 6.56258713738e-07

row12col2
West 0.0
East 1.1323093597e-09
North 0.00668444604764
South 9.17606580026e-06

row12col3
West 4.71432222679e-07
East 0.00025034297416
North 0.0177549961433
South 0.00010535059752

row12col5
West 0.18544711343
East 0.0832603643983
North 0.307331396227
South 0.166941092994

row12col6
West 0.209597560055
East 0.0310962414419
North 0.0129400345703
South 0.0192418344479

row12col8
West 1.09830454909e-06
East 0.000574643100585
North 2.20435673718e-13
South 0.0

row12col9
West 1.05041027444e-05
East 1.82265083951e-05
North 4.38222448447e-07
South 0.0133847306188

row12col10
West 0.000788238239807
East 4.16039415696e-28
North 5.94655585538e-33
South 4.16030715147e-28

row12col12
West 3.24338877208e-33
East 6.728805564e-05
North 8.03212302935e-35
South 5.14437417944e-33

row12col13
West 1.89698812637e-06
East 0.00448624955923
North 9.00367704441e-12
South 1.99106468909e-10

row12col14
West 1.63613265531e-09
East 0.0274085276206
North 5.08309878886e-06
South 1.36266401539e-05

row12col15
West 4.91145650393e-05
East 0.0987982667489
North 3.01782232189e-05
South 1.02448052375e-06

row12col16
West 0.000347858984942
East 0.23612143887
North 0.0129500030235
South 0.0138572607092

row12col17
West 0.0244133778176
East 0.0294723896981
North 0.372133457082
South 0.0687263057644

row12col18
West 0.135667416327
East 0.00156351157653
North 0.00643758020989
South 0.00123029936407

row12col20
West 0.0
East 3.93440028118e-07
North 0.0
South 0.0

row12col21
West 7.59389690716e-10
East 1.79089106644e-11
North 3.3828632168e-08
South 0.000841834562631

row12col22
West 3.28285085891e-05
East 3.61832986637e-12
North 0.0
South 0.0

row13col5
West 0.156298825523
East 0.0932696636975
North 0.291897140379
South 0.139377663356

row13col6
West 0.213118051245
East 0.023001059363
North 0.0243129336281
South 0.0145179575258

row13col9
West 5.3128228092e-17
East 2.19663916864e-08
North 8.52997200535e-06
South 0.049690491386

row13col17
West 0.0923264753747
East 0.0160583107892
North 0.344323484571
South 0.0354843786117

row13col18
West 0.124832921051
East 0.00016952120836
North 1.11309662274e-06
South 0.00183779925697

row13col21
West 2.79031185569e-05
East 1.36442971609e-05
North 4.07920937448e-07
South 0.00447467968158

row14col1
West 4.07404624268e-07
East 0.00100178606566
North 6.72867629541e-08
South 5.16601162478e-09

row14col2
West 5.19453362306e-07
East 0.0334732196709
North 6.20089387816e-05
South 5.80019266758e-05

row14col3
West 0.00089202137791
East 0.209703515528
North 0.0218696026391
South 0.0133244661439

row14col4
West 0.0270961456453
East 0.254025056811
North 0.0478052673555
South 0.0126574763517

row14col5
West 0.0973144638961
East 0.109121379119
North 0.277083437224
South 0.0610308546253

row14col6
West 0.261714065165
East 0.0540836803926
North 0.033735568078
South 0.029243318184

row14col7
West 0.244080819315
East 0.0369055755
North 0.0510409805517
South 0.0301880886968

row14col8
West 0.200572917988
East 0.00383240696171
North 0.0129956142486
South 0.00303760225684

row14col9
West 0.133680570794
East 0.00454799241357
North 0.00340451326915
South 0.000855642616144

row14col10
West 0.0500258677979
East 0.000685699560931
North 0.00149919959648
South 0.000159336581269

row14col11
West 0.0118947023451
East 9.37131515085e-05
North 0.00081058608973
South 1.44734965587e-05

row14col12
West 0.00261141588014
East 6.26893120436e-07
North 7.59430361423e-05
South 6.27954621742e-07

row14col13
West 0.00027474925012
East 3.23171715029e-09
North 2.48082870677e-07
South 1.32559393125e-08

row14col14
West 7.50182798436e-06
East 0.0194627866188
North 3.24040339409e-07
South 4.70246241656e-06

row14col15
West 0.000462771391715
East 0.169017954359
North 0.00290620728086
South 0.0120928019079

row14col16
West 0.00798741757324
East 0.245149846952
North 0.018498045921
South 0.000450401432924

row14col17
West 0.0253910400155
East 0.00955730931434
North 0.30968495296
South 0.00549977358101

row14col18
West 0.201366009575
East 0.000102436828406
North 0.00614094144556
South 0.000941977951643

row14col19
West 0.111158052605
East 0.00119397894947
North 0.00159639390057
South 0.000451077689974

row14col20
West 0.0500594501654
East 4.68048088028e-06
North 0.000618978169488
South 0.000132854324645

row14col21
West 0.017517396437
East 8.1204256408e-06
North 1.67340615057e-07
South 5.46481670572e-06

row14col22
West 0.000764319401288
East 1.46028478908e-06
North 2.45397393353e-08
South 7.18700079133e-27

row15col1
West 7.76253356067e-05
East 0.0157805046876
North 1.2528047542e-09
South 0.000281418048782

row15col2
West 0.000782286786216
East 0.0789818367364
North 0.00285753198663
South 0.000526719688075

row15col3
West 0.00311602862808
East 0.00587271967462
North 0.144608839251
South 0.000152997174878

row15col4
West 0.0025911415295
East 0.0128502235948
North 0.0896026489211
South 0.000521693538815

row15col5
West 0.000967235459347
East 0.00474073143828
North 0.17945373135
South 0.00460867670567

row15col6
West 0.0234382846025
East 0.000775310814873
North 0.123249140318
South 0.0041185920251

row15col7
West 0.0115274916554
East 0.00595860762098
North 0.206703037836
South 0.00108790253138

row15col8
West 0.00127352526617
East 0.000691936557681
North 0.0531295236823
South 4.63547831229e-05

row15col9
West 2.40708912096e-09
East 1.17249713015e-18
North 0.0264082961359
South 2.73038979365e-10

row15col10
West 0.000105713905959
East 6.02907331495e-06
North 0.00511537223691
South 3.34796588183e-05

row15col11
West 0.000420374059589
East 2.64318925681e-07
North 3.7967363077e-05
South 2.93653924882e-16

row15col12
West 3.18218541547e-05
East 1.58194847505e-12
North 7.26345858699e-08
South 3.50714534823e-21

row15col13
West 1.28751624816e-07
East 8.19425724734e-13
North 2.43686380516e-07
South 7.25279275109e-21

row15col14
West 1.07249370067e-09
East 0.00434945012601
North 1.88191058697e-06
South 8.19425724734e-13

row15col15
West 0.000171681840752
East 0.00116404854748
North 0.103252572958
South 0.000145753050213

row15col16
West 1.7137240774e-05
East 0.00108741825954
North 0.0312402225027
South 1.82655147618e-09

row15col17
West 1.13542922806e-05
East 1.29107623007e-05
North 0.107558198743
South 0.00163170516491

row15col18
West 0.0143337314469
East 1.49713401694e-10
North 1.54134233596e-05
South 1.94546734545e-10

row15col19
West 4.70010159892e-05
East 7.58705255244e-10
North 0.0128806248617
South 1.1295321481e-05

row15col20
West 2.60300025999e-05
East 5.45465753254e-06
North 0.00307202014477
South 1.25438130098e-05

row15col21
West 0.000177884603161
East 0.0
North 1.59789530127e-16
South 3.06050426012e-07

row15col22
West 4.1510622837e-06
East 2.98809036153e-09
North 0.0
South 0.0

row16col2
West 0.000286985390591
East 0.00110673937657
North 0.0302673842238
South 2.80602290778e-05

row16col7
West 0.0119714850867
East 0.0193686229968
North 0.154922468467
South 0.00276003271763

row16col15
West 0.000954870353689
East 0.000220517145701
North 0.0548284049185
South 2.1969893918e-05

row17col1
West 3.94980577525e-11
East 0.00110036640229
North 2.31191157224e-25
South 0.0

row17col2
West 3.67660911775e-05
East 6.99000605639e-05
North 0.00869737430138
South 1.23086221746e-05

row17col3
West 0.00153615206855
East 1.45077717443e-07
North 2.10249282078e-06
South 1.73127720142e-06

row17col4
West 5.0338927096e-05
East 4.80340669854e-08
North 4.62844539234e-08
South 0.0

row17col6
West 6.71308057799e-07
East 0.0109693099672
North 6.00331381142e-05
South 1.7343543632e-08

row17col7
West 7.04984084997e-05
East 0.000892188080576
North 0.0985290992364
South 0.00186026240182

row17col8
West 0.0236700403932
East 2.01268061508e-05
North 6.674636925e-06
South 4.28919315577e-06

row17col9
West 0.00360121722781
East 1.19683938676e-05
North 1.81571538083e-21
South 5.90944727545e-07

row17col10
West 0.000441251835856
East 4.09529083035e-13
North 6.6139382593e-27
South 5.2568922679e-08

row17col11
West 5.81960710953e-06
East 6.57052085865e-21
North 0.0
South 0.0

row17col13
West 4.44451663944e-29
East 1.25406489602e-05
North 1.80897597856e-22
South 5.52371308729e-12

row17col14
West 3.31759220591e-08
East 0.000932167788847
North 3.31675072572e-10
South 1.78712411819e-10

row17col15
West 1.79011118146e-06
East 6.20852349486e-06
North 0.0230350899953
South 2.12294964725e-06

row17col16
West 0.0065043455459
East 4.52103508051e-05
North 1.11686529919e-05
South 8.72668472153e-09

row17col18
West 5.53370686734e-12
East 1.36084151517e-14
North 1.69742621442e-26
South 1.03430817288e-06

row17col19
West 3.2533619598e-23
East 2.16116379676e-21
North 3.89867943789e-14
South 5.98123014059e-08

row17col20
West 7.10394057062e-24
East 4.48806486476e-17
North 6.78056831629e-30
South 2.14759985013e-10

row17col21
West 2.18346275875e-21
East 1.08417645476e-19
North 9.60217222489e-14
South 1.34128687802e-10

row17col22
West 0.0
East 0.0
North 0.0
South 1.0751674079e-16

row18col1
West 4.01902893819e-08
East 3.04283415439e-06
North 5.79433819826e-10
South 0.0

row18col2
West 1.35839191582e-10
East 2.27379589637e-06
North 0.000923084311455
South 2.85854600301e-11

row18col3
West 1.34798407991e-08
East 3.71679277829e-10
North 0.000201235723927
South 5.50253249717e-08

row18col4
West 1.10213492329e-05
East 2.78190807567e-09
North 4.61760426243e-08
South 1.74995680178e-09

row18col6
West 7.67012306385e-06
East 5.12815764901e-06
North 0.00106163961598
South 2.74600200239e-18

row18col7
West 4.50088603862e-06
East 9.49186845197e-05
North 0.0401199604584
South 5.18248015128e-06

row18col8
West 0.0123444888723
East 7.85386939965e-05
North 9.5639775673e-05
South 3.9008242786e-07

row18col9
West 0.00289052789208
East 1.54052207163e-08
North 3.20873408928e-07
South 2.90710898771e-12

row18col10
West 0.000115341006362
East 0.0
North 1.63221585905e-10
South 2.24284532546e-08

row18col11
West 9.81098373336e-07
East 0.0
North 0.0
South 0.0

row18col13
West 6.7280836851e-13
East 1.98479087862e-07
North 1.48393339919e-26
South 0.0

row18col14
West 1.67371692995e-11
East 7.78142601133e-05
North 3.21037191831e-09
South 2.65410451579e-24

row18col15
West 9.00492235578e-11
East 1.57317986303e-08
North 0.00240155297944
South 6.86322512574e-08

row18col16
West 2.20938309886e-05
East 1.01835729132e-05
North 0.00150845853777
South 7.92115963954e-08

row18col17
West 0.000334931997118
East 5.47421699907e-07
North 3.68825800114e-06
South 2.81242870714e-07

row18col18
West 6.21868917634e-05
East 3.61417360683e-10
North 6.07728576974e-12
South 1.76720193799e-11

row18col19
West 7.23891019166e-06
East 4.74186395433e-17
North 1.06621581896e-09
South 3.29868138088e-10

row18col20
West 3.19185172854e-07
East 2.87549177469e-11
North 3.56278102994e-17
South 2.81284970049e-16

row18col21
West 7.68643630811e-09
East 3.19365749524e-17
North 1.12584813136e-24
South 3.05812766184e-18

row18col22
West 3.17077832837e-12
East 2.28118737378e-18
North 6.43047143265e-23
South 2.36823838057e-19

row19col1
West 2.35306356096e-09
East 3.70957384115e-10
North 1.31620975099e-07
South 0.0

row19col2
West 2.35306356096e-09
East 0.0
North 7.80962913926e-09
South 2.87517365055e-11

row19col3
West 0.0
East 3.88164002013e-13
North 9.66516214586e-06
South 2.02754931602e-08

row19col4
West 0.0
East 3.42088047705e-11
North 3.25843690026e-08
South 0.0

row19col6
West 1.02954323605e-16
East 3.62246512878e-18
North 7.51886073947e-05
South 1.40820614187e-18

row19col7
West 2.6679999335e-14
East 5.94083940762e-07
North 0.00142991046425
South 4.90435270875e-06

row19col8
West 4.90438641172e-06
East 2.36388742602e-09
North 0.000449774960305
South 1.47281743926e-09

row19col9
West 9.35114824874e-08
East 5.32227196618e-08
North 0.000383383438543
South 0.0

row19col10
West 3.12205701308e-05
East 3.84586589363e-10
North 2.23556148354e-12
South 0.0

row19col11
West 1.84746785421e-06
East 0.0
North 0.0
South 0.0

row19col13
West 7.18080846466e-15
East 9.84890744166e-09
North 4.78072353939e-24
South 2.27084368121e-25

row19col14
West 2.17099385639e-11
East 3.78022327593e-08
North 1.81937775558e-06
South 4.55548663045e-10

row19col15
West 7.75256070445e-14
East 4.62199407054e-13
North 1.63705957103e-05
South 4.1058476068e-10

row19col16
West 1.49348718077e-13
East 2.9837707522e-12
North 3.1906190545e-05
South 3.84248565159e-26

row19col18
West 7.34665312555e-24
East 0.0
North 2.55752784835e-06
South 0.0

row19col19
West 7.47251822392e-24
East 2.55748035098e-26
North 2.75505358237e-08
South 0.0

row19col20
West 8.06986025857e-25
East 2.62037764563e-28
North 3.92525041202e-12
South 1.07903194148e-27

row19col21
West 1.08073846158e-27
East 1.13904473294e-29
North 9.2006463107e-12
South 5.51635981863e-31

row19col22
West 1.49330325526e-15
East 1.41342834679e-37
North 0.0
South 0.0
