0.0842731353481
0.0896359257638
0.0929898015768
0.0893184636724
0.0900487052687
0.0910297227439
0.0921569990831
0.0927951059682
0.0927106440633
0.0932219236789
0.093882694535
0.0945520516368
0.0953448244572
0.0966879136735
0.0971845189246
0.0982375981664
0.0988803475517
0.0998456509253
0.100887037144
0.101796682263
0.10238600471
0.103212017843
0.104079510719
0.104779328761
0.105196897776
0.106035229873
0.106962479559
0.108200787901
0.109442844118
0.110531027621
0.111329285954
0.112309603857
0.112670798916
0.113613815214
0.114249790961
0.115308650459
0.116750474355
0.117858289515
0.118869972115
0.11962295393
0.120924749979
0.121956781075
0.123138889816
0.124139711696
0.124942400322
0.126018087867
0.126878698673
0.12794828898
0.12890404121
0.129899006355
0.131081722644
0.131996527015
0.13286697299
0.133881290233
0.134990624283
0.135805109157
0.136904148933
0.137793658661
0.13857196192
0.13954897944
0.140055980528
0.140752035058
0.141744341476
0.142545192654
0.143539053974
0.144466368305
0.14526586914
0.146165949403
0.146960408604
0.147721701477
0.148731716116
0.149720435191
0.150622485737
0.151227676527
0.15204212848
0.153083859027
0.153877343069
0.154681517307
0.155557485152
0.156380555184
0.157185940987
0.15786606501
0.158671376827
0.159396896172
0.160087499792
0.160953094568
0.161858263758
0.162737432874
0.163380163915
0.164046907512
0.164829573742
0.165640964494
0.166402160774
0.167290690179
0.168190704924
0.168906709343
0.169642595131
0.170488680362
0.171202041827
0.171863748116
0.172568714727
0.17324134335
0.174103389783
0.174777678354
0.175480768208
0.176216440044
0.176820257193
0.177572785537
0.178253733834
0.178820381032
0.179600056285
0.180281168406
0.181127943014
0.181947403658
0.182791006545
0.183502047158
0.184247549737
0.185120509292
0.185978919564
0.186643040705
0.187317727533
0.188042265698
0.188737748273
0.189475503665
0.190141174463
0.190862927788
0.191522758668
0.192151588634
0.192889257635
0.193511786406
0.194197945068
0.194828136294
0.195485356885
0.196007955509
0.196655336533
0.197269669137
0.197921148734
0.198486375357
0.199063877055
0.199677866435
0.200365546187
0.200936083358
0.201502832249
0.202054242468
0.202656074099
0.20322288377
0.203937139132
0.204449521369
0.205006446106
0.205630243778
0.206270047573
0.206787811453
0.207255529588
0.207825357776
0.208280587629
0.208787767614
0.209335355279
0.209843570952
0.210352240827
0.210918164346
0.211387231389
0.211917502745
0.212445008358
0.212954509701
0.213435249819
0.21397763253
0.214494608512
0.214953162701
0.215400885747
0.215890475903
0.216398185331
0.216923882467
0.217400664358
0.217866777824
0.218394882601
0.21887157054
0.219317673585
0.219777319902
0.2201642795
0.220641096579
0.221165954279
0.221613819017
0.222090088031
0.222580946312
0.222988712583
0.223433186391
0.223825389276
0.224302529445
0.224742416821
0.225144185365
0.225618406093
0.226087502667
0.226490044749
0.226928638223
0.22734662961
0.227743699563
0.228206164718
0.228601822571
0.229011781712
0.229461631571
0.229858791469
0.230290811078
0.230626331044
0.231034234192
0.231430316764
0.231743785816
0.23214901949
0.232531401558
0.232938014779
0.233292276874
0.233683135276
0.23404100779
0.234414222794
0.234808528977
0.235130987523
0.235493761845
0.235880892659
0.236265305675
0.236649621927
0.237021832034
0.237337925547
0.237677559455
0.238039208128
0.238411597323
0.238798674992
0.239156562507
0.239465104138
0.239782296586
0.240121657112
0.240442993376
0.240809965236
0.241156316613
0.241502729172
0.241793857771
0.242134772346
0.242448045643
0.242800603256
0.243112760101
0.243482812355
0.243806484085
0.244111259206
0.244463331526
0.244836768184
0.245150076548
0.24547498248
0.245822262282
0.246118570741
0.246429155519
0.2467548587
0.247073807254
0.247368809062
0.247685492602
0.248040512028
0.248336002354
0.248650704467
0.248952789064
0.24921688702
0.249537628441
0.249845494208
0.250128367877
0.250393246554
0.250687030892
0.250993272032
0.251276544084
0.251585390034
0.251863242821
0.252125476458
0.252388001206
0.2526869675
0.252981944676
0.253299195635
0.253642115063
0.253930454015
0.254219517364
0.254538861068
0.254807384987
0.255078253585
0.255354390539
0.255591165953
0.255868072844
0.256120682598
0.256343005234
0.256618067825
0.256876248824
0.257159748762
0.257422871064
0.257655002968
0.257887809942
0.258145735076
0.258403619891
0.258637786619
0.258873925644
0.259161440038
0.259391704981
0.259617567281
0.25984825475
0.260123154193
0.260356264652
0.26057573454
0.26083251689
0.261092529732
0.261314085757
0.261568569122
0.261837947022
0.262064782599
0.262309961134
0.262566781531
0.26282134775
0.263024642877
0.263204328777
0.263448640529
0.263678627586
0.263928829493
0.264152948116
0.264363913501
0.264596231603
0.264847392894
0.265116084317
0.265359219252
0.26558129187
0.265818215117
0.266046606683
0.266280325944
0.266497255449
0.266740554418
0.266962493815
0.26724912075
0.267460636281
0.267702090918
0.267919856122
0.268154837322
0.268376512779
0.268591093476
0.268778536793
0.268970568147
0.269247985388
0.269478509991
0.269721525153
0.269906107563
0.270112772709
0.270317399838
0.270537738758
0.270748152781
0.270992970479
0.271223193198
0.271438474847
0.271654814052
0.271897581392
0.272101325568
0.272304079297
0.272513928644
0.272701953717
0.272886229738
0.273092836814
0.273273161103
0.273486539714
0.2736816486
0.273883701181
0.274134169474
0.274327106779
0.274542818693
0.274758164415
0.274966098772
0.275144840267
0.275350630858
0.275523757894
0.275745314517
0.275946036015
0.276133813058
0.276358801127
0.276568558877
0.276743284221
0.276942294287
0.277147818552
0.277388458909
0.27757781594
0.277779600981
0.278000954311
0.27818679729
0.278377951772
0.278572539708
0.278774844276
0.278980631942
0.279174626786
0.279373488662
0.279548423046
0.279738097315
0.279930726468
0.280155204598
0.280338849833
0.28051847119
0.280712222654
0.280955287592
0.281129936739
0.281315111067
0.281500194475
0.281678439597
0.281858146113
0.28206469826
0.282261151229
0.282457049134
0.282645646902
0.282838673115
0.283028804267
0.283212308272
0.283418912446
0.283595183523
0.28376334396
0.283970998276
0.284168173939
0.284387203318
0.284580953606
0.284792225712
0.285004004449
0.285180398591
0.28534416888
0.285508000381
0.285712785602
0.285904921729
0.286071271325
0.286266275691
0.286435422568
0.286607001792
0.2868057866
0.286964894948
0.287146716324
0.287309945436
0.287473722007
0.287649848635
0.287830426128
0.288033899994
0.288179103556
0.288339690191
0.28853747026
0.288740617419
0.288925784257
0.289104784903
0.289265663439
0.289452239573
0.289619556585
0.289779729667
0.289946935576
0.290103266181
0.290292519528
0.290457834786
0.290608011884
0.290777913747
0.290960472069
0.291150221978
0.29132128896
0.291498002052
0.291714230724
0.291901928177
0.2920869795
0.292263701187
0.29242518569
0.292598172332
0.292778124495
0.292963436086
0.293120770061
0.29329736771
0.293478282087
0.293658107933
0.293840372093
0.294021195992
0.294189631577
0.294365845094
0.294545018996
0.294710078985
0.294892430821
0.295045894191
0.29521345176
0.29539737056
0.295571364684
0.295731941451
0.295907240605
0.296087066646
0.29625299131
0.296441404312
0.296599201859
0.29675406602
0.296911421348
0.297075263929
0.29726735029
0.297463664406
0.297634935872
0.297800106467
0.297965174392
0.298135741021
0.298286635903
0.298444919369
0.298604007777
0.298769000778
0.29891755922
0.299092041918
0.299262827889
0.299433360304
0.299626790735
0.299791433061
0.299935172854
0.300099936363
0.300266368624
0.300422590595
0.300573797136
0.300732548867
0.300903631753
0.301058909664
0.301228316535
0.301388300454
0.301564457929
0.30172632122
0.301898280601
0.302078526403
0.302226923116
0.302380846363
0.302535212885
0.302701288853
0.302855728251
0.303025127259
0.303189160688
0.303357419693
0.303515816315
0.303663151967
0.303847073557
0.304019860266
0.304155762639
0.304332527139
0.304487483892
0.304645484228
0.304793948188
0.304929235919
0.305091030218
0.305252716773
0.305401619071
0.305569698507
0.305730101374
0.305890676513
0.306034868621
0.30619720813
0.306344423491
0.3064979739
0.306649940713
0.306806153456
0.306955313044
0.307128429048
0.307282361344
0.307437300443
0.307589167785
0.30774062893
0.307887345044
0.308056373831
0.308241479161
0.308384708361
0.308536042153
0.308687991464
0.308857799602
0.309003999573
0.309162350826
0.309319227484
0.309471522128
0.309625888616
0.309775863571
0.309931532081
0.310087691881
0.310242428643
0.310397964408
0.310545962937
0.310698700138
0.310847768936
0.311000133395
0.311148234394
0.311324012799
0.311491006426
0.311629009361
0.311797517695
0.311950781329
0.312100116423
0.312239764948
0.312385558459
0.312526905519
0.312662523445
0.312806444242
0.312949996819
0.313105849924
0.313263803386
0.313427603088
0.313562369202
0.313724188449
0.313875992629
0.314031996949
0.314178420829
0.31432840843
0.314480261217
0.314625289956
0.314766383466
0.314893066768
0.315029485061
0.315168767241
0.315324469405
0.315473548462
0.31562787711
0.315781568912
0.315936403021
0.316076835553
0.316245063632
0.316390152069
0.316525454558
0.316689028549
0.316844216817
0.316994646644
0.317153806644
0.317299495085
0.317421758707
0.317561991918
0.317701567668
0.317841499779
0.317984764101
0.318127627622
0.318251493694
0.31839873111
0.318550974991
0.318697548229
0.318835381064
0.318978976876
0.319111679005
0.31925746972
0.319388381301
0.319518651103
0.319660046154
0.319806120305
0.31994979708
0.320087614274
0.320213146153
0.320346635394
0.320488830705
0.320636374832
0.320763566209
0.320902513169
0.321024863435
0.321153722037
0.321280915501
0.321424095577
0.321584545587
0.321717130003
0.321845242108
0.321985995926
0.322123729515
0.322256788947
0.322387086807
0.322512403211
0.322650123362
0.322777946048
0.322916596808
0.323070441384
0.323197924948
0.323315410436
0.323435925625
0.323585670751
0.323718796033
0.323852109261
0.323977887986
0.32409455837
0.324223293982
0.324372882254
0.324480278091
0.324615523967
0.324745504712
0.324878248016
0.325037635809
0.325169049844
0.325299976618
0.325426292396
0.325568173213
0.325694331978
0.325811111261
0.325947184067
0.326071558835
0.3262095709
0.326347303013
0.326482156986
0.326623140977
0.326763407789
0.326888018309
0.32701725424
0.327141785859
0.327265242881
0.327382858073
0.327507381045
0.327649850557
0.327775679196
0.327893979243
0.328027713358
0.32814838673
0.328264703257
0.328387154216
0.328508450843
0.328639432332
0.32875644865
0.328873869628
0.328986613885
0.329113258969
0.329243254325
0.329357615751
0.329474951865
0.329605248299
0.32973051543
0.329845334671
0.32996454373
0.330076533687
0.330198443062
0.330326527395
0.330446900567
0.330570889165
0.330687480626
0.330814927788
0.330949140498
0.331066527808
0.331178336818
0.331298032398
0.331428535826
0.331542523232
0.331656913696
0.331785473439
0.331899075798
0.332007827616
0.332133910531
0.33224593636
0.332369703919
0.332477843022
0.33258792118
0.332700401269
0.332824469574
0.332941871783
0.333045713259
0.333144600259
0.333273897192
0.333371609482
0.333486838614
0.333582478966
0.333695408491
0.333819454527
0.333939605451
0.334039485261
0.334164676311
0.334271843011
0.334375879595
0.334488485776
0.334605316649
0.33473400447
0.334853431952
0.334951347677
0.335069983017
0.335158412632
0.335266568563
0.335379681623
0.335510786766
0.335602688803
0.335700384227
0.335823603739
0.335928515192
0.336029261317
0.336155955603
0.336267154479
0.336367341088
0.336475197724
0.33659434477
0.336706443015
0.336804590983
0.336903544558
0.33700091623
0.337113702251
0.337208283039
0.337311347387
0.337426122955
0.337532492779
0.337639907694
0.337752444565
0.337862049653
0.3379613968
0.338079874726
0.338195307859
0.338289713058
0.338399632578
0.33849633655
0.338607008912
0.338726065392
0.338834037237
0.338931654968
0.339040824693
0.339139753628
0.339241709349
0.339345762465
0.339440621946
0.339549181941
0.339640171565
0.339737622145
0.339841789178
0.339958115053
0.340061200902
0.340166968329
0.340274521032
0.34036287743
0.340453429488
0.340556371541
0.34065879636
0.340766187448
0.340863900455
0.340959301001
0.341069168185
0.341159218117
0.341267035026
0.341364769459
0.341463232025
0.341563922887
0.341656833594
0.341757418531
0.341855536434
0.341951610709
0.342043002603
0.342151314572
0.342250588026
0.342338945224
0.342439291094
0.34252799447
0.342615699215
0.342725742104
0.342829831829
0.342929074859
0.343033072163
0.343133288365
0.34322408828
0.34331190012
0.343416503904
0.343520747878
0.343610267147
0.343692056061
0.343790488864
0.343884589045
0.343983007782
0.344060401952
0.344145239198
0.344249718574
0.344350701801
0.344435716902
0.344524336044
0.344626271024
0.344706090731
0.344790032582
0.34488422509
0.344975094657
0.345069132541
0.345157812984
0.345249284718
0.345341529442
0.345432321077
0.34552299558
0.345617318348
0.345708871622
0.345792653084
0.34589088157
0.345982153842
0.346071927528
0.346163623072
0.346250257439
0.346350815736
0.346437553401
0.346529023818
0.346633544519
0.346722229202
0.346819142003
0.346905702601
0.346993432347
0.347084514908
0.347162970889
0.347255558888
0.34734919909
0.347446849155
0.347529148385
0.347619350425
0.347709492101
0.347798620348
0.3478906743
0.347980665691
0.348051042551
0.348122563418
0.348212028132
0.348297412629
0.348391518494
0.348483741171
0.348575564051
0.348644782173
0.348740239497
0.348816855688
0.348890919931
0.348975730361
0.34904987131
0.34913308421
0.349211389039
0.349295928442
0.349369326892
0.349449128711
0.349526248602
0.349610488898
0.34969953798
0.349779120551
0.349860503876
0.349957509136
0.350041331922
0.350127243653
0.350212412061
0.350302063541
0.350378683791
0.350467369078
0.350546367331
0.350634002709
0.35070917274
0.350781565465
0.350858707792
0.350932222041
0.351023845306
0.351112757328
0.351194808085
0.351272125444
0.351361895236
0.351445761242
0.351522169378
0.351597423996
0.351678552783
0.351755132817
0.351829862196
0.351919518828
0.351997781099
0.352071429562
0.352146010837
0.35221138505
0.352293038733
0.35236359778
0.352445844281
0.352536853612
0.352613712091
0.352695263368
0.3527715896
0.352859459243
0.352947049841
0.353018304592
0.353100938409
0.353179799102
0.353251557332
0.353325459872
0.353407089017
0.353483581814
0.353564914413
0.353645022434
0.353730001043
0.353802394265
0.353867836604
0.35394356099
0.354026660057
0.35410162155
0.354180612006
0.354264116401
0.354341492997
0.354429913455
0.354503847232
0.354588305045
0.354660007143
0.354737128675
0.354815434757
0.354889967243
0.354952596958
0.355029020406
0.355095783841
0.355170627804
0.355255339575
0.355327744269
0.355400093763
0.355472454956
0.355555209605
0.355628857629
0.355702746147
0.355766299352
0.355838228815
0.355919635315
0.355990845801
0.3560582967
0.356134505781
0.356211691872
0.356285909784
0.356354601139
0.356443555522
0.356521895923
0.3565974921
0.356666267152
0.356733698268
0.356798943488
0.356870661797
0.356942467787
0.357004208893
0.357080518452
0.357152497674
0.35722425813
0.35729784245
0.357368340089
0.357440919468
0.357514949969
0.357583815665
0.35766385422
0.357738110317
0.357811858104
0.357888612873
0.357970466169
0.358040640373
0.358110102302
0.358179462251
0.3582463085
0.358309790574
0.358386725506
0.358461645509
0.358531034501
0.358600078686
0.358674673823
0.358740995698
0.358817295624
0.358876243769
0.358947771327
0.359015226364
0.359089684775
0.359162421393
0.359224251799
0.359293579823
0.359366805089
0.35943714228
0.359504593968
0.359573196479
0.359636976366
0.359701991687
0.359770493248
0.359832162562
0.359905746576
0.359975574053
0.360056783728
0.360127003725
0.360191867893
0.36025065749
0.360326909638
0.360391424438
0.360449500316
0.360532496118
0.360608029199
0.360673531062
0.360736623594
0.360803441613
0.360860712064
0.360925611355
0.360994764204
0.361063011025
0.361132204883
0.361193599438
0.361269427412
0.361335054946
0.36139390848
0.361458319056
0.361520784259
0.361589099899
0.361660506004
0.361714986496
0.361781712361
0.361846208405
0.361914393246
0.361971672887
0.362022417037
0.362091719913
0.362155010451
0.362217695724
0.362294814533
0.362360827017
0.362427657417
0.362485140445
0.362545351552
0.362614560643
0.362667398204
0.362731530294
0.362791059892
0.362854582097
0.362917027086
0.362977261753
0.363037934688
0.363095143876
0.363149329194
0.363213071439
0.363270345043
0.363335484511
0.363395519469
0.363449611965
0.363505019296
0.36356510409
0.363621232965
0.363684668269
0.363750525321
0.363811551505
0.363862033191
0.363918430315
0.363976869946
0.364024287099
0.364074102517
0.364127751189
0.364190205063
0.364248361616
0.364297585634
0.36435303481
0.364423094523
0.364490898629
0.364550634575
0.364617716899
0.364668687246
0.36472801806
0.364783669996
0.364847705685
0.364905610126
0.364957161777
0.365012384843
0.365075973281
0.365125204688
0.365187750332
0.365243184611
0.365305468572
0.365363151407
0.365425849861
0.365487526461
0.365538422003
0.36560835872
0.365667898692
0.365725501385
0.365785678665
0.365844884292
0.365899952859
0.365946189706
0.365999551237
0.366066765827
0.366126548299
0.366185663542
0.366243389682
0.366294737385
0.366353986257
0.36640696396
0.36645435331
0.366515831819
0.366565602481
0.366621255517
0.366675929591
0.366734871281
0.366802818879
0.366853360561
0.366910115742
0.366968904271
0.367029509855
0.367080394794
0.367129048438
0.367178747426
0.367225426683
0.367268596904
0.367315854401
0.367365007899
0.367410874833
0.367467121655
0.367522751542
0.367589110294
0.367646078104
0.367703973705
0.367753446606
0.367806783832
0.367861924025
0.367918332223
0.367971716343
0.368022558679
0.368071005281
0.368135284204
0.368189819978
0.368238897574
0.368287066595
0.368339335434
0.368390694349
0.368434028444
0.368480026437
0.368532579307
0.368580295942
0.368634888951
0.368679972261
0.368731626551
0.368781017932
0.368838667802
0.368887044155
0.368941600879
0.368998169124
0.369058448762
0.369108590302
0.369163698479
0.369210769974
0.369257593019
0.369309897748
0.369370086811
0.36941998599
0.369473683271
0.369523967633
0.369570231419
0.369620802665
0.369681098895
0.369731240621
0.369776856744
0.369830727213
0.369868208596
0.369907134022
0.369960916133
0.370001646051
0.370057791031
0.370103814629
0.370160891123
0.370213721312
0.370259712679
0.370314284727
0.370373022597
0.370418814223
0.370478387318
0.370536164886
0.370584229495
0.370626885679
0.370677233426
0.370726713693
0.370765840241
0.370812449717
0.370851368351
0.370895073295
0.370935918654
0.370975891351
0.371029493192
0.371089336353
0.371142195988
0.371191086252
0.371238964526
0.37128409855
0.37132695744
0.371381981904
0.371434427594
0.371485842544
0.37154156602
0.371593929184
0.371638726299
0.371685898838
0.371734810839
0.37178394578
0.371830624205
0.371878649235
0.371923490411
0.371974523998
0.372018436074
0.37206654741
0.372106558284
0.372152600242
0.372207019788
0.372248595616
0.372300337637
0.372340792743
0.372388554173
0.37242632932
0.372470077949
0.372520405022
0.37255513109
0.372601933678
0.372643084121
0.372683188828
0.372731503567
0.372777311212
0.372821971243
0.372868473087
0.3729275557
0.372976983745
0.373022556249
0.373068418721
0.373108969539
0.373154868515
0.373196862913
0.373248089282
0.373298844081
0.373344037784
0.373386554742
0.3734327167
0.373481951932
0.373522205511
0.373555635686
0.373603664684
0.373648032626
0.373699604783
0.373750763706
0.373792429817
0.373836917752
0.373887013767
0.373930832328
0.373968004846
0.374016641947
0.374061422494
0.374098687627
0.374141423706
0.374181930797
0.374228722481
0.374283411111
0.374328467776
0.374368956729
0.374409105283
0.374457231288
0.37449667568
0.374542915803
0.374591470897
0.37463914279
0.374687368717
0.374733452281
0.374773133227
0.374813282284
0.374860230078
0.374901759462
0.374947770888
0.374981503491
0.375016943203
0.375067709059
0.37510431009
0.375144468992
0.375184514713
0.375231805538
0.375275700062
0.37532191614
0.375357348007
0.37539840985
0.375445499842
0.375488522249
0.375536507716
0.375567641621
0.375605201343
0.375653629416
0.375693131002
0.375740711533
0.375782746189
0.375825300561
0.375867304039
0.375914226948
0.375964259656
0.376002929015
0.376043171781
0.376087569141
0.376127156922
0.376169089274
0.37620512686
0.376255957709
0.376299123046
0.376333272022
0.376370445678
0.376403226629
0.376447003759
0.376487159846
0.376521327969
0.376561025583
0.376595845766
0.376633307829
0.376669976462
0.376710265838
0.376752691607
0.376786839343
0.376825622558
0.376865610885
0.376903959709
0.376933234421
0.376968243733
0.377007629002
0.377043805867
0.377080031199
0.377124527737
0.377166739092
0.377206247372
0.377242591905
0.377277492901
0.377307525776
0.377354160835
0.377398086146
0.377442595332
0.377477797466
0.377514553446
0.377551918421
0.377585694626
0.37763047735
0.37766803316
0.377707020157
0.377744225937
0.377782900254
0.377815864079
0.37785429487
0.377889539685
0.377920533171
0.377954674076
0.37799275818
0.378038678604
0.37807354171
0.378112133861
0.378158734298
0.378202211829
0.378240844746
0.378280917557
0.378317879578
0.37835195979
0.37838599783
0.378423195822
0.378458510984
0.378497398421
0.378537606736
0.378580468419
0.37861666257
0.378649118045
0.378679882609
0.378715183898
0.37874960699
0.378788964786
0.378828062329
0.378858643843
0.37890693254
0.378953738461
0.378994393498
0.379028974253
0.379059779722
0.379093997585
0.379125842804
0.379166508892
0.379204660516
0.379239859347
0.379276056406
0.379315418046
0.37934462448
0.379386291922
0.379416080611
0.379456884154
0.379492504547
0.379532755441
0.379577499186
0.379609860438
0.379646651361
0.379677227863
0.379715909412
0.379753935039
0.379789671458
0.379832488495
0.379869381876
0.379910714985
0.379947453656
0.379983563141
0.380015919015
0.380053290278
0.380088792157
0.38012351012
0.380155585416
0.380186513716
0.380226098518
0.380273250163
0.3803097768
0.380344162869
0.380376261545
0.380401846517
0.38043124102
0.380466938613
0.380494679033
0.380527244249
0.380558829296
0.380595895058
0.380630462617
0.380665385654
0.380693428224
0.380723854477
0.380758929957
0.380793684216
0.3808301841
0.380868415339
0.380898283544
0.380928333163
0.380965959339
0.380998041824
0.381025717282
0.381053953292
0.381092428541
0.38112783099
0.381164366281
0.381200828738
0.381231027935
0.3812667699
0.38130028343
0.381334623294
0.381371224956
0.381405212895
0.381438855731
0.381471518453
0.381505676339
0.381539860525
0.381570878198
0.381609539794
0.381638008089
0.381663171729
0.381694852027
0.381721563141
0.381748712281
0.381780990685
0.381812797157
0.381846646986
0.38188132003
0.381906160543
0.381931655888
0.381966674711
0.38199728098
0.382033426165
0.382066244042
0.382098795011
0.382133944084
0.382166475769
0.382201394599
0.382236103846
0.382264640404
0.382300430206
0.382335457031
0.382366405278
0.382396810047
0.382418570399
0.382450682943
0.382482591812
0.382510824661
0.382545287036
0.382578878944
0.382611609866
0.382642930291
0.382676403255
0.382709102541
0.382739453144
0.382768816134
0.38279740282
0.382826446804
0.382847676565
0.382873281298
0.382906029379
0.382938294928
0.382964711801
0.382999131308
0.383041052424
0.38306873927
0.383104020397
0.383134515551
0.383170349057
0.383198682567
0.383229866146
0.383261378402
0.383288064213
0.383319601885
0.383347405527
0.38337352443
0.383411104402
0.383445663495
0.383473930919
0.38350355262
0.383530431315
0.383561044459
0.383587652807
0.383624038479
0.3836585748
0.383682856558
0.383709453258
0.383735146271
0.383767553259
0.383791752799
0.383824668349
0.383849498225
0.383882774593
0.383912012218
0.383943276702
0.383974458143
0.384004263772
0.384030525184
0.384056637651
0.384090510936
0.384122791507
0.384147387915
0.384177621908
0.38420592451
0.384240884042
0.384271116751
0.384299706445
0.384331630034
0.384355642821
0.38438780021
0.384418069274
0.384448985725
0.384476545299
0.38450801616
0.38454003734
0.384566267016
0.384600519485
0.384630237149
0.384661672375
0.384688555409
0.384723030026
0.384749550464
0.384777896189
0.384800053317
0.384831143012
0.384850640817
0.384879023573
0.384906650557
0.384934365073
0.384962942852
0.384991553778
0.385023874852
0.385052089165
0.385076040267
0.385103402812
0.385128370556
0.385157756796
0.38518340876
0.385208700031
0.385243640117
0.385269317632
0.385298352549
0.385331431051
0.385357142446
0.385382115178
0.385413879134
0.385442431534
0.385472423886
0.38550222439
0.385526505952
0.385557547752
0.385589596862
0.385612341818
0.385639534461
0.385667812091
0.38569519833
0.385717230276
0.38574832011
0.385771706523
0.385796619847
0.385821141333
0.38584379525
0.385874018742
0.385897722944
0.385923477998
0.38594909433
0.385973578146
0.386006383343
0.386041507715
0.38606509901
0.386091907158
0.386127970835
0.386160850001
0.386187998222
0.386214664556
0.386241452503
0.386276568406
0.386304788013
0.386328361478
0.386359374222
0.386392029823
0.386419828517
0.38644675582
0.386470483336
0.386493484011
0.386515138821
0.386539011597
0.386567212076
0.386600131753
0.386626784924
0.386660504182
0.386681193918
0.386708333755
0.386736111848
0.386760583675
0.386780459225
0.386806268559
0.386831761755
0.386859633026
0.386887686475
0.386910580852
0.386931262431
0.386964239824
0.386993411877
0.387016500623
0.387050729597
0.387079951608
0.387106238135
0.387133258242
0.387164688913
0.387187760616
0.387214974442
0.387233547555
0.387256229308
0.387286387759
0.387308744796
0.387342410651
0.387366099177
0.387388886541
0.387416716794
0.387439245512
0.387461979555
0.387487665336
0.38751220817
0.38754102303
0.387574423226
0.387604345602
0.387634955269
0.387659348427
0.387684892114
0.387719360796
0.387747625625
0.387768145434
0.387787888179
0.387817446774
0.387840149626
0.387864270516
0.387887741557
0.387916449237
0.387939727372
0.38796354479
0.38799234856
0.388013993424
0.388039631752
0.388069207022
0.388095177115
0.388114044778
0.388141861237
0.38816874906
0.388197275449
0.388219009176
0.388248790663
0.388273314347
0.388303394108
0.388324330484
0.388359177374
0.388386678711
0.388414685277
0.388439684669
0.388465144337
0.388488347152
0.388511830064
0.388537260693
0.388558054897
0.388581132891
0.38860521646
0.388629811746
0.388650254479
0.388672231929
0.388699513873
0.388723452307
0.388741130017
0.388773346866
0.388796880501
0.388818579057
0.388847964325
0.388874707368
0.38890016696
0.388919688029
0.388940858368
0.388958605797
0.388981407352
0.389006015609
0.389032412488
0.389058539363
0.389085252058
0.38911286453
0.389135853416
0.389157717419
0.389177843952
0.389195038197
0.389215472426
0.389238972414
0.389262288151
0.389283389627
0.389311694042
0.389332843553
0.389355231754
0.389374183169
0.389397709684
0.389418272303
0.389438975862
0.389458997924
0.389478966755
0.389507456814
0.389533861914
0.389553545881
0.389578152832
0.389604641648
0.389629231053
0.389648696927
0.389668522341
0.389689081607
0.389711110649
0.389736434354
0.389762974676
0.389780790198
0.389803054228
0.389828859525
0.38985441062
0.389885442354
0.389903772332
0.389932491508
0.389959676251
0.38998386041
0.390005402158
0.390025028214
0.390045229875
0.390067362182
0.390098042695
0.390120529606
0.390142410618
0.39016079529
0.390182370933
0.39020253253
0.390228968045
0.390253798374
0.390274311898
0.390302242135
0.390324714099
0.390349189263
0.390373546086
0.390393262789
0.390418851836
0.390437130852
0.390456195686
0.390474215054
0.390497365679
0.390517010002
0.390538944331
0.390558314094
0.390579556672
0.390604714101
0.390624292023
0.390659034668
0.390681237748
0.390694804441
0.390715518445
0.390743224436
0.390767316994
0.390786686992
0.39081001078
0.39082722413
0.390848824706
0.390864782578
0.390886187427
0.390908004455
0.39092778971
0.390950749154
0.390976543785
0.390998867901
0.391022484037
0.391039269495
0.391058091354
0.391078871594
0.391103633622
0.391123628845
0.391147180229
0.391163879879
0.391180606683
0.391198604879
0.391220467647
0.391240205911
0.391262660449
0.391284356664
0.391311765562
0.391336035548
0.391349450269
0.391370237652
0.39138937572
0.391412445251
0.391426578919
0.391444046992
0.391469726216
0.39148875696
0.39151317063
0.391530394739
0.391552925127
0.391572725315
0.391592703769
0.391616367095
0.391635033746
0.391654556092
0.391681009979
0.391703291913
0.391720098099
0.391740466113
0.391764869464
0.391782982985
0.391807240646
0.391826374602
0.391852367631
0.391871840662
0.391889931259
0.391911266873
0.391938791359
0.391967865269
0.391990130542
0.392007223645
0.39202445876
0.392043222076
0.392058974288
0.392078624234
0.392094675855
0.392109089272
0.392126136094
0.392149293354
0.392171323627
0.392197939945
0.392221219357
0.392239024161
0.392254142393
0.392274981982
0.392294581539
0.392320771696
0.392342273205
0.392359443225
0.39238018964
0.392397864428
0.39242359947
0.39244411981
0.392466668086
0.392486423098
0.392506890307
0.392525652809
0.39254823232
0.392571150205
0.392592263684
0.39261187557
0.392638684197
0.392655149328
0.392669331915
0.392683469591
0.392700523397
0.392725431812
0.392745312452
0.392765949758
0.392786625463
0.392807236641
0.392828282247
0.392852952736
0.392876579912
0.392892741003
0.392916368312
0.392933003363
0.392958363739
0.392974326686
0.392998147593
0.393018833501
0.393042259987
0.393061479219
0.393079237968
0.393096726908
0.393121853984
0.393144818775
0.393164719345
0.393188581682
0.393210223309
0.393229554477
0.393242609849
0.393266183457
0.393283770538
0.393307589421
0.393330162428
0.393354223773
0.393375479483
0.393396643913
0.393419041681
0.393440706666
0.393461245613
0.393478271207
0.393499332007
0.393519303224
0.39354135444
0.393557985239
0.393579738561
0.393599877341
0.393620045781
0.393637784135
0.393657819312
0.393676290269
0.393697219635
0.393716573426
0.393739632176
0.393757521869
0.39377841502
0.393798200599
0.393820422223
0.393838127589
0.393860109183
0.393880399373
0.393902892091
0.393923018076
0.393938207153
0.393964299241
0.393983714862
0.394003110658
0.39402321363
0.394044530739
0.394059433714
0.394079338043
