
row1col1
West 1.46396222619e-05
East 1.46270558459e-05
North 1.46609859073e-05
South 1.46453800181e-05

row1col2
West 1.46393323755e-05
East 2.90620594991e-05
North 1.46883721259e-05
South 1.46609239377e-05

row1col3
West 1.47381449547e-05
East 1.47508228519e-05
North 1.46460660581e-05
South 0.000542355604482

row1col4
West 1.47757378009e-05
East 1.48563199685e-05
North 1.46269183281e-05
South 0.000111529631457

row1col5
West 1.54193836489e-05
East 1.49651610169e-05
North 1.48454771426e-05
South 0.00449622237772

row1col7
West 1.55562137263e-05
East 1.56637196708e-05
North 1.56755142012e-05
South 0.000675763292667

row1col8
West 1.56199928649e-05
East 0.00023933351381
North 1.55682266715e-05
South 1.5694112218e-05

row1col9
West 1.64764347953e-05
East 1.57498617743e-05
North 3.15261075347e-05
South 0.0549444183797

row1col10
West 1.57150279415e-05
East 1.56616658059e-05
North 1.57240758466e-05
South 0.00081285698843

row1col11
West 1.56206270065e-05
East 1.55782137606e-05
North 1.56709507808e-05
South 3.40634429963e-05

row1col13
West 0.477712610848
East 0.89534890308
North 0.483289022395
South 0.659019179403

row1col14
West 0.521867966334
East 0.550970644462
North 0.690414802239
South 0.949766869034

row1col15
West 0.205935552937
East 0.123488502391
North 0.335948790312
South 0.864740473355

row1col16
West 0.204009969055
East 0.0413294861468
North 0.0639644084899
South 0.583475914068

row1col18
West 0.013854545374
East 0.0133526985392
North 0.018319816083
South 0.250669209495

row1col19
West 0.00746645061634
East 0.00244998577497
North 0.00531778133074
South 0.283032135098

row1col20
West 0.057442481025
East 6.14218478094e-05
North 0.000891546718938
South 0.00328959091101

row1col21
West 0.00363297237556
East 1.75899845682e-05
North 9.03021082685e-05
South 0.000618959728763

row1col22
West 0.000353120883714
East 1.76366431636e-05
North 1.6578420159e-05
South 2.92618147683e-05

row2col1
West 1.46487143138e-05
East 1.46426801373e-05
North 1.46340403863e-05
South 3.48071406498e-05

row2col2
West 1.46767428424e-05
East 0.000417413197055
North 1.46678401775e-05
South 1.46747755861e-05

row2col3
West 1.46952457151e-05
East 1.47179639075e-05
North 1.47495815022e-05
South 0.00814601811114

row2col4
West 1.47983389597e-05
East 0.00588177023023
North 1.48018493477e-05
South 1.49398960183e-05

row2col5
West 2.20055017054e-05
East 2.80328660143e-05
North 1.49330875102e-05
South 0.0789331350175

row2col7
West 0.000173717146006
East 0.0113455389582
North 1.56310365177e-05
South 0.000108448091279

row2col8
West 6.04860048584e-05
East 0.0710994635663
North 2.00774614847e-05
South 0.0139976996852

row2col9
West 0.00297522574067
East 0.00192304593271
North 0.00209009996365
South 0.284606982316

row2col10
West 0.0124425794588
East 0.000280302020649
North 1.57900445588e-05
South 0.0717303154506

row2col11
West 0.00827942112388
East 6.29302662788e-05
North 1.56970290225e-05
South 9.48446546599e-05

row2col13
West 0.895517343617
East 0.950015495925
North 0.824738432752
South 0.849039936547

row2col14
West 0.896864775876
East 1.0000163115
North 0.879792347783
South 0.895712857095

row2col15
West 1.717e-05
East 1.717e-05
North 1.717e-05
South 1.717e-05

row2col16
West 0.992747461031
East 0.22945927306
North 0.222533131007
South 0.133575746775

row2col17
West 0.907614240511
East 0.11304674736
North 0.222813528387
South 0.258955535745

row2col18
West 0.775910774249
East 0.0846985304799
North 0.0608009650666
South 0.0573510844379

row2col19
West 0.576659525928
East 0.0107197796361
North 0.0340334904703
South 0.0284844486915

row2col20
West 0.144222008385
East 8.00393971673e-05
North 0.000567753241188
South 0.00192530180501

row2col21
West 0.0148676549888
East 2.33886701785e-05
North 0.000100958373962
South 0.000196027116247

row2col22
West 0.000834265390122
East 4.35074984627e-05
North 1.67997844172e-05
South 4.22835658171e-05

row3col1
West 1.4699858224e-05
East 0.000485199836247
North 1.4630062761e-05
South 1.46984672318e-05

row3col2
West 1.46709520766e-05
East 0.00671278958781
North 1.46826851995e-05
South 1.47366871412e-05

row3col3
West 7.63047593639e-05
East 0.0496798096288
North 6.42138445515e-05
South 0.00167230063599

row3col4
West 0.00165205032813
East 0.143157589387
North 6.78121199151e-05
South 0.00369615531122

row3col5
West 0.00714659945697
East 0.003429716224
North 0.0026592867892
South 0.319792682423

row3col7
West 2.43332361822e-05
East 0.0113781068958
North 5.66273108102e-05
South 1.57696688935e-05

row3col8
West 2.42514771467e-05
East 0.168816208244
North 0.00125230446503
South 0.00474091082482

row3col9
West 0.0161004759502
East 0.0549686675505
North 0.0270085040468
South 0.544640915183

row3col10
West 0.293216061963
East 0.00800602595358
North 0.00249932862527
South 0.0402760664931

row3col11
West 0.0705715581292
East 0.00106161446022
North 0.000160056295825
South 1.86878697107e-05

row3col13
West 0.847261218165
East 0.895456821798
North 0.902514721129
South 0.809063622182

row3col14
West 0.623806741801
East 0.498584965586
North 0.949932173197
South 0.636743425084

row3col15
West 0.239829295476
East 0.0611969843044
North 0.825191846863
South 0.125099659808

row3col16
West 0.172057117112
East 0.0735670593369
North 0.427657398538
South 0.0476595695302

row3col18
West 0.024451702305
East 0.012957841727
North 0.300367399032
South 0.0102349259064

row3col19
West 0.0118141701368
East 0.00786579959384
North 0.246467443488
South 0.0122568895966

row3col20
West 0.0837656438553
East 0.000118380269151
North 0.00577975216229
South 0.00103840382706

row3col21
West 0.0137760705148
East 5.82354359175e-05
North 0.000331697084502
South 0.000238693812652

row3col22
West 0.00158567768194
East 2.17522814335e-05
North 3.09756116759e-05
South 2.78078573962e-05

row4col5
West 0.0215478549857
East 0.0127390716957
North 0.034152591295
South 0.463301227826

row4col9
West 0.18047561543
East 0.207957220824
North 0.197250918438
South 0.623427328084

row4col13
West 0.809611244822
East 0.812802484873
North 0.857388985072
South 0.759842195931

row5col1
West 1.41662702886e-05
East 1.41419288462e-05
North 1.41489917994e-05
South 1.41358922094e-05

row5col2
West 1.41779477532e-05
East 1.42020919786e-05
North 1.42063898267e-05
South 2.25238512231e-05

row5col3
West 1.42161475433e-05
East 1.42162388548e-05
North 1.42179498567e-05
South 1.43954646546e-05

row5col5
West 0.249031148891
East 0.54032439068
North 0.123374417267
South 0.210362812995

row5col6
West 0.354065731017
East 0.568802577094
North 0.31078027587
South 0.236301057002

row5col7
West 0.326164399352
East 0.598745568397
North 0.32679247882
South 0.252612406997

row5col8
West 0.482634685139
East 0.630259550623
North 0.441662133931
South 0.315704822402

row5col9
West 0.460684025127
East 0.663431247586
North 0.467128996853
South 0.39009782552

row5col10
West 0.566401503247
East 0.698348686729
North 0.586122415155
South 0.452304803906

row5col11
West 0.616081952943
East 0.735103881058
North 0.642431392016
South 0.495240627

row5col12
West 0.659907158869
East 0.773793559027
North 0.712027019349
South 0.587583915557

row5col13
West 0.727983149304
East 0.722004439967
North 0.814519535819
South 0.696772402963

row5col14
West 0.773793558875
East 0.580014757037
North 0.668569911987
South 0.41330576684

row5col15
West 0.735103873468
East 0.471020588002
North 0.478730419517
South 0.290921677435

row5col16
West 0.698348553108
East 0.329725798611
North 0.379324372823
South 0.256961292239

row5col17
West 0.663429538003
East 0.320399697071
North 0.433143244779
South 0.360477873636

row5col18
West 0.619071009125
East 0.159664110413
North 0.175751390041
South 0.124880106677

row5col20
West 1.55236846567e-05
East 1.56192907456e-05
North 1.56481040288e-05
South 0.0249499043086

row5col21
West 0.00258323814707
East 1.55107722051e-05
North 1.54833859658e-05
South 1.54178866555e-05

row5col22
West 0.000121162138298
East 1.54319325447e-05
North 1.5449552754e-05
South 1.53702780301e-05

row6col1
West 1.41131227777e-05
East 1.41836582596e-05
North 1.41774279531e-05
South 1.41637963549e-05

row6col2
West 1.42256315961e-05
East 0.000405868546224
North 1.42320479882e-05
South 1.42598115389e-05

row6col3
West 1.42990768484e-05
East 1.4314006182e-05
North 1.43149258599e-05
South 0.00631494736286

row6col5
West 0.13762814919
East 0.138053769794
North 0.513032470951
South 0.151449249515

row6col6
West 0.113319224569
East 0.0756708012529
North 0.513395262324
South 0.0595208951893

row6col7
West 0.0704587505329
East 0.0441917614584
North 0.459171735067
South 0.0284579983668

row6col8
West 0.00595148676011
East 0.1238462841
North 0.505239998403
South 0.055878290739

row6col9
West 0.0565606312889
East 0.192386469562
North 0.569812965612
South 0.120626652193

row6col10
West 0.135100295472
East 0.156978820994
North 0.658650786868
South 0.151774612255

row6col11
West 0.167860207968
East 0.159163518267
North 0.661653476058
South 0.170716063156

row6col12
West 0.312828978382
East 0.332015919936
North 0.706269461288
South 0.213672836308

row6col13
West 0.144372503194
East 0.187210785341
North 0.766320077694
South 0.302679858325

row6col14
West 0.12733952626
East 0.0332328776976
North 0.672688555664
South 0.0635982329498

row6col15
West 0.118139629402
East 0.0222719960365
North 0.572620588684
South 0.0580777229115

row6col16
West 0.113505430947
East 0.126458714754
North 0.566781006989
South 0.0598308033079

row6col17
West 0.294297298459
East 0.0978884363405
North 0.630226835942
South 0.224986689304

row6col18
West 0.135923089416
East 0.0251887282752
North 0.542317796497
South 0.046272135406

row6col19
West 0.33563363
East 0.0100968332934
North 0.0183503624746
South 0.0236661053767

row6col20
West 0.162122033179
East 0.00083204096783
North 0.000571569294829
South 0.00189798149979

row6col21
West 0.0205470266681
East 1.53938170477e-05
North 2.41677422683e-05
South 1.7604947725e-05

row6col22
West 0.00119986610629
East 1.53751054442e-05
North 1.53662533818e-05
South 1.53750646976e-05

row7col1
West 1.41759347563e-05
East 1.53816790625e-05
North 1.41709140813e-05
South 1.41627585555e-05

row7col2
West 1.426258966e-05
East 0.00020623114896
North 1.42927239863e-05
South 1.49959404251e-05

row7col3
West 1.4324094513e-05
East 0.000839797751178
North 1.44242331599e-05
South 0.0459931116315

row7col5
West 0.102344794425
East 0.0672125214741
North 0.486226122864
South 0.0798125770222

row7col6
West 0.0220823389323
East 0.0516513377989
North 0.395353372625
South 0.0358425290033

row7col10
West 0.0856783470292
East 0.0955305368076
North 0.589417827094
South 0.0560472906998

row7col17
West 0.290978877134
East 0.0886329348755
North 0.598536245581
South 0.135663768722

row7col18
West 0.0648984168413
East 0.0232347035576
North 0.31761658437
South 0.00565481355326

row7col20
West 1.55677058207e-05
East 0.000115757278633
North 0.0315472052083
South 0.000654261770028

row7col21
West 0.0027450242504
East 1.72516346449e-05
North 1.61530264459e-05
South 1.54194843789e-05

row7col22
West 9.37695037268e-05
East 1.53298239093e-05
North 1.53551231815e-05
South 1.53500653155e-05

row8col1
West 1.42015234791e-05
East 0.00113195644026
North 1.41698658716e-05
South 1.58365342173e-05

row8col2
West 3.64221118924e-05
East 0.0112139640521
North 1.43287373506e-05
South 0.000319190043948

row8col3
West 0.000163073544982
East 0.148147500655
North 2.95081682711e-05
South 3.71864817365e-05

row8col4
West 0.00115884758523
East 0.317820631157
North 0.0206019574192
South 0.000575259411256

row8col5
West 0.0508453471315
East 0.0537517824887
North 0.458493579828
South 0.0951546049911

row8col6
West 0.0065392165966
East 0.00204445765524
North 0.250388061307
South 3.81212153413e-05

row8col8
West 2.38791787431e-05
East 0.00675351888749
North 2.39166595845e-05
South 1.59471158551e-05

row8col9
West 2.01485597161e-05
East 0.120076520008
North 0.000498790230227
South 1.57608944822e-05

row8col10
West 0.00199369995549
East 0.015346501801
North 0.471067340814
South 1.64398976393e-05

row8col11
West 0.265338878181
East 0.000501066890701
North 0.00452989129729
South 0.00103230419252

row8col12
West 0.101569367874
East 4.94091952102e-05
North 0.000485167693925
South 0.000141817183724

row8col13
West 0.0251087101179
East 1.68770619989e-05
North 1.55558007619e-05
South 1.55385586287e-05

row8col14
West 0.00374572804654
East 1.52839350607e-05
North 1.56888800775e-05
South 1.53214293594e-05

row8col15
West 0.000134008886001
East 1.53300375065e-05
North 1.51693523913e-05
South 1.51245983029e-05

row8col17
West 0.206481476378
East 0.0154578826789
North 0.567923662383
South 0.2300181829

row8col18
West 0.0308585128879
East 0.000203009615161
North 0.096618719842
South 0.00322659990773

row9col5
West 0.0317492169431
East 0.00631365549035
North 0.425375691099
South 0.0140111113309

row9col6
West 0.00641740415569
East 0.00109733766898
North 0.078354064535
South 3.55012313732e-05

row9col8
West 1.56890550758e-05
East 1.6967091795e-05
North 2.4190068496e-05
South 1.57158038151e-05

row9col9
West 1.56760336096e-05
East 1.70880563549e-05
North 0.00464768058566
South 1.5636253886e-05

row9col10
West 1.56415119579e-05
East 1.55771004601e-05
North 0.0658108388767
South 1.63986114429e-05

row9col11
West 0.00151699076853
East 2.8570338269e-05
North 0.0240534819679
South 2.34126376004e-05

row9col12
West 0.000394920485508
East 1.6395434485e-05
North 0.00267883467345
South 2.29859008041e-05

row9col13
West 0.000173534342197
East 1.54242692249e-05
North 1.54587555724e-05
South 1.53466942016e-05

row9col14
West 1.53330082492e-05
East 1.52516535581e-05
North 0.000282601603722
South 1.52986972362e-05

row9col15
West 1.5283171132e-05
East 1.51061215504e-05
North 1.51214743029e-05
South 1.51339534896e-05

row9col17
West 0.217442881311
East 0.0482862330508
North 0.537647738279
South 0.105416946014

row9col18
West 0.227691637585
East 0.00461198388544
North 0.000247532537291
South 0.000409996458019

row9col20
West 1.26573459481e-05
East 1.2658069482e-05
North 1.26536579197e-05
South 1.26455943829e-05

row9col21
West 1.26619870743e-05
East 1.26876474964e-05
North 1.26746221619e-05
South 1.26909651609e-05

row9col22
West 1.27044146324e-05
East 1.26922858262e-05
North 1.26892780701e-05
South 1.26758554062e-05

row10col1
West 1.37887884779e-05
East 1.42389410193e-05
North 1.37658856762e-05
South 1.37771586194e-05

row10col2
West 1.38295717004e-05
East 3.63956209633e-05
North 1.3771111313e-05
South 1.38573673714e-05

row10col3
West 1.39241671848e-05
East 1.39119000685e-05
North 2.80280808218e-05
South 0.000889989121638

row10col5
West 0.0262555067092
East 0.00238679308756
North 0.383660490152
South 0.0199495471176

row10col6
West 1.46733373042e-05
East 3.37714317137e-05
North 0.0142627720037
South 0.000116622825658

row10col17
West 0.121229933259
East 0.0281016630301
North 0.506584010571
South 0.120930752256

row10col18
West 0.166859288722
East 0.00643549010298
North 0.000635032540334
South 1.52264711934e-05

row10col20
West 1.26985013499e-05
East 1.26689799076e-05
North 1.26744051392e-05
South 1.26831687058e-05

row10col21
West 1.27092319914e-05
East 1.27266340719e-05
North 1.27279481467e-05
South 1.27292716165e-05

row10col22
West 1.27047950566e-05
East 1.27270106978e-05
North 1.27129051955e-05
South 1.27344434029e-05

row11col1
West 1.37555702014e-05
East 6.599118336e-05
North 1.37438155355e-05
South 1.37479470796e-05

row11col2
West 1.38329478224e-05
East 0.00163227882737
North 1.38439226233e-05
South 1.38044833866e-05

row11col3
West 1.40296287197e-05
East 0.0252874405773
North 1.40070149197e-05
South 2.81428197217e-05

row11col4
West 4.02841725246e-05
East 0.110253253704
North 0.000143994634335
South 0.000207296988115

row11col5
West 0.000630657893314
East 0.00107805472762
North 0.332528982001
South 0.0222549432103

row11col6
West 0.0510538487385
East 0.000129763398564
North 0.000208130230404
South 2.86532484103e-05

row11col8
West 1.26456572181e-05
East 1.26283496256e-05
North 1.26399418696e-05
South 1.26456476597e-05

row11col9
West 1.26596748421e-05
East 1.26430448659e-05
North 1.26692683289e-05
South 1.26490345503e-05

row11col10
West 1.26237478777e-05
East 1.26116430556e-05
North 1.26313742283e-05
South 1.26131657938e-05

row11col12
West 1.39371166056e-05
East 1.43884841953e-05
North 1.39435024552e-05
South 1.39547608483e-05

row11col13
West 1.39895774091e-05
East 1.40586615084e-05
North 1.40166952481e-05
South 3.8174360535e-05

row11col14
West 1.41156615777e-05
East 7.96973140875e-05
North 1.41069257765e-05
South 1.41166172603e-05

row11col15
West 1.42540480392e-05
East 1.40830476709e-05
North 4.55988208434e-05
South 0.00229661667344

row11col17
West 0.0684443289824
East 0.00569372767004
North 0.47309880627
South 0.0766702876449

row11col18
West 0.0765262814308
East 4.31412710393e-05
North 1.75074705372e-05
South 6.09625682569e-05

row11col20
West 1.27732769894e-05
East 1.27881167866e-05
North 1.27639766685e-05
South 1.27954501429e-05

row11col21
West 1.28228723378e-05
East 1.28636827201e-05
North 1.28446971052e-05
South 1.51190252053e-05

row11col22
West 1.28436408359e-05
East 1.28247221394e-05
North 1.28195450144e-05
South 1.28166241115e-05

row12col1
West 1.36985774854e-05
East 1.54197372405e-05
North 1.37008971388e-05
South 1.36808682856e-05

row12col2
West 1.37524745156e-05
East 0.000117647957877
North 1.37519739286e-05
South 1.37306896242e-05

row12col3
West 1.38138301647e-05
East 1.37567479839e-05
North 0.00241864064751
South 1.37999379911e-05

row12col5
West 0.0074733824667
East 0.00220379127063
North 0.263841880281
South 0.00651098681598

row12col6
West 0.0526215063567
East 7.63761363781e-05
North 0.000462399883859
South 1.41597626233e-05

row12col8
West 1.26674716274e-05
East 1.26701172342e-05
North 1.26512006617e-05
South 1.26625208463e-05

row12col9
West 1.27211691553e-05
East 1.27289795128e-05
North 1.27036693723e-05
South 1.28083317083e-05

row12col10
West 1.26329932073e-05
East 1.2658844617e-05
North 1.26495100725e-05
South 1.26448642995e-05

row12col12
West 1.40228376236e-05
East 7.32623944724e-05
North 1.39988380723e-05
South 1.40126421312e-05

row12col13
West 1.40892466523e-05
East 0.00109734092105
North 1.40876273385e-05
South 1.4063284967e-05

row12col14
West 1.41466981684e-05
East 0.00957736484161
North 1.41800599585e-05
South 3.10085339587e-05

row12col15
West 1.42534675634e-05
East 0.0582987788983
North 4.56509344634e-05
South 0.00106737343147

row12col16
West 1.44088769155e-05
East 0.203982910865
North 0.00938712564027
South 0.00603654257069

row12col17
West 0.0199998046068
East 0.0115607596136
North 0.435692228049
South 0.0262201671775

row12col18
West 0.11984893182
East 1.51586131387e-05
North 0.00235753232117
South 0.00103752196405

row12col20
West 1.29215185442e-05
East 1.30048660446e-05
North 1.28881397402e-05
South 1.29052683356e-05

row12col21
West 1.30547715236e-05
East 1.30243374421e-05
North 1.30271115846e-05
South 6.01513482283e-05

row12col22
West 1.39365018123e-05
East 1.28972411907e-05
North 1.29234083456e-05
South 1.2882238813e-05

row13col5
West 0.0139062852507
East 0.000195925264455
North 0.190908099123
South 0.000275973398015

row13col6
West 1.39476574246e-05
East 1.43032472685e-05
North 0.00355073255727
South 1.39434142883e-05

row13col9
West 1.29748080793e-05
East 1.29534700796e-05
North 1.2965473502e-05
South 1.69311190752e-05

row13col17
West 0.033029782364
East 0.00561984641107
North 0.390176505098
South 0.0127590490121

row13col18
West 0.0448718389235
East 0.000648015556708
North 0.00288185037319
South 0.000467890805139

row13col21
West 1.33148529387e-05
East 1.33197196205e-05
North 1.32607701209e-05
South 0.000597370176431

row14col1
West 1.33720157318e-05
East 2.44309821685e-05
North 1.33746927752e-05
South 1.33804898281e-05

row14col2
West 1.34171915934e-05
East 0.00277406626802
North 1.65148243103e-05
South 1.34337426816e-05

row14col3
West 4.23281725318e-05
East 0.0141352692328
North 0.000213588451048
South 1.37450575298e-05

row14col4
West 2.12547607002e-05
East 0.0501224750388
North 1.37008805011e-05
South 1.36949315209e-05

row14col5
West 0.000250412916848
East 0.000833666844453
North 0.124756465988
South 7.97740911819e-05

row14col6
West 0.0314392809066
East 1.37666889816e-05
North 1.37287514388e-05
South 1.37551318002e-05

row14col7
West 0.00622695569159
East 1.34964243147e-05
North 1.43634209109e-05
South 1.63895782798e-05

row14col8
West 0.00085074322045
East 1.33549775527e-05
North 1.33771262313e-05
South 1.33868043223e-05

row14col9
West 8.48333387226e-05
East 1.31686245997e-05
North 1.3207660799e-05
South 1.31938237966e-05

row14col10
West 1.32599225017e-05
East 1.32594683027e-05
North 1.32704603915e-05
South 1.32619994315e-05

row14col11
West 1.33691666002e-05
East 1.41079403954e-05
North 1.3389191076e-05
South 1.33750117763e-05

row14col12
West 1.35598085006e-05
East 0.00022976882709
North 1.35451712429e-05
South 1.35890722216e-05

row14col13
West 1.37210951965e-05
East 0.0022119221282
North 3.14247807751e-05
South 1.37148954016e-05

row14col14
West 2.78740983619e-05
East 0.0135987258648
North 0.000148157814247
South 1.38925567039e-05

row14col15
West 1.40417659279e-05
East 0.0610455015116
North 1.39825666562e-05
South 0.000266801593399

row14col16
West 0.000864212047698
East 0.252842826483
North 0.00122011559204
South 0.000961714264597

row14col17
West 0.0115648742911
East 0.0220318337107
North 0.336399365344
South 0.000244627025098

row14col18
West 0.195526925366
East 0.00116188811982
North 0.00168489318127
South 1.4944451035e-05

row14col19
West 0.076688230117
East 1.46608907785e-05
North 5.68579781981e-05
South 2.71703352906e-05

row14col20
West 0.0200690533262
East 1.37946992173e-05
North 1.44578066915e-05
South 1.38748272056e-05

row14col21
West 0.00422758388296
East 1.35936467902e-05
North 1.36007306137e-05
South 1.36255622607e-05

row14col22
West 0.000143496763548
East 1.35758395395e-05
North 1.35882585822e-05
South 1.35619935932e-05

row15col1
West 1.33676185642e-05
East 1.33068444752e-05
North 1.3363598256e-05
South 1.33543065496e-05

row15col2
West 1.33569931705e-05
East 1.74337001927e-05
North 0.000461691470587
South 1.33678105276e-05

row15col3
West 1.3515393298e-05
East 1.35325017784e-05
North 0.000757595682623
South 1.35796910501e-05

row15col4
West 1.36483918733e-05
East 0.00153501947336
North 1.38329283672e-05
South 1.36538422164e-05

row15col5
West 5.42895940011e-05
East 2.56110084298e-05
North 0.0379924137493
South 1.36423724868e-05

row15col6
West 0.00966407284488
East 3.91558063271e-05
North 1.36321137856e-05
South 1.35799681785e-05

row15col7
West 0.00193411559914
East 1.34007098151e-05
North 1.33976103496e-05
South 1.33484900919e-05

row15col8
West 1.33712679669e-05
East 1.33411085595e-05
North 3.00221179148e-05
South 1.33734838108e-05

row15col9
West 1.32359849694e-05
East 1.32442480385e-05
North 1.36248335278e-05
South 1.32368619725e-05

row15col10
West 1.33005246399e-05
East 1.32889231414e-05
North 1.32966990505e-05
South 1.3305259047e-05

row15col11
West 1.33918878506e-05
East 1.33916369812e-05
North 1.33709946628e-05
South 1.33886839362e-05

row15col12
West 1.35505759528e-05
East 1.35430309814e-05
North 1.57651770827e-05
South 1.34926207141e-05

row15col13
West 1.37079484669e-05
East 1.37125403418e-05
North 4.8669264044e-05
South 1.37163122254e-05

row15col14
West 1.38697966798e-05
East 1.94605339839e-05
North 0.000398858066387
South 1.38496055618e-05

row15col15
West 1.41874715146e-05
East 0.082902431013
North 3.39298350296e-05
South 9.74772492063e-05

row15col16
West 3.02453782085e-05
East 2.5762345083e-05
North 0.156770937646
South 0.00127061648706

row15col17
West 1.50612362889e-05
East 1.41506018081e-05
North 0.0229044722136
South 1.43475963878e-05

row15col18
West 1.41394541169e-05
East 1.4146329477e-05
North 0.0101767636855
South 1.416720208e-05

row15col19
West 1.43303359254e-05
East 1.4000943737e-05
North 0.00322805534302
South 1.40399650007e-05

row15col20
West 1.38685049735e-05
East 1.38214831475e-05
North 7.94196881264e-05
South 1.38372244204e-05

row15col21
West 1.47063523749e-05
East 1.37167140464e-05
North 0.000131492975917
South 1.37265658782e-05

row15col22
West 1.46130428861e-05
East 1.36297438031e-05
North 1.36048858637e-05
South 1.36310171721e-05

row16col2
West 1.30660322067e-05
East 1.31181596925e-05
North 8.15997406917e-05
South 1.31072696556e-05

row16col7
West 1.35129182616e-05
East 1.30943174851e-05
North 0.000388107518525
South 1.30979771022e-05

row16col15
West 0.000528431796612
East 2.58022214937e-05
North 0.0378634273627
South 1.55138566691e-05

row17col1
West 1.2703304729e-05
East 1.27333095012e-05
North 1.27009012196e-05
South 1.27001056424e-05

row17col2
West 1.28155286407e-05
East 1.27885474726e-05
North 1.69273347688e-05
South 1.28083839204e-05

row17col3
West 1.27055785258e-05
East 1.26391231195e-05
North 1.26394835848e-05
South 1.26313146462e-05

row17col4
West 1.25508195402e-05
East 1.25509365031e-05
North 1.25569474805e-05
South 1.25751447915e-05

row17col6
West 1.26285079986e-05
East 1.26922043366e-05
North 1.2641787473e-05
South 1.26076001724e-05

row17col7
West 1.26913620069e-05
East 1.2971316203e-05
North 7.88496982773e-05
South 1.2764252753e-05

row17col8
West 2.16701688652e-05
East 1.25565423136e-05
North 1.25926356774e-05
South 1.25790454141e-05

row17col9
West 1.28286678188e-05
East 1.24328999649e-05
North 1.2427383895e-05
South 1.24424744981e-05

row17col10
West 1.23376595839e-05
East 1.23425180103e-05
North 1.23332110273e-05
South 1.23386268857e-05

row17col11
West 1.23406701115e-05
East 1.23347629121e-05
North 1.23229441892e-05
South 1.2317833692e-05

row17col13
West 1.33283192291e-05
East 1.33080444203e-05
North 1.33180414058e-05
South 1.33139862265e-05

row17col14
West 1.33446999331e-05
East 6.20534951885e-05
North 1.34360969818e-05
South 1.34132231121e-05

row17col15
West 1.34819123143e-05
East 1.34559674119e-05
North 0.0132544390608
South 1.34922337743e-05

row17col16
West 0.000217773746762
East 1.34541164627e-05
North 1.33495356278e-05
South 1.33417432076e-05

row17col18
West 1.25236018716e-05
East 1.25216755528e-05
North 1.25203984875e-05
South 1.30343035551e-05

row17col19
West 1.24120083928e-05
East 1.24101275562e-05
North 1.24244675618e-05
South 1.24316079416e-05

row17col20
West 1.23156798561e-05
East 1.23326996975e-05
North 1.23415182877e-05
South 1.23170062802e-05

row17col21
West 1.22509665358e-05
East 1.22653754254e-05
North 1.22562362021e-05
South 1.22435666931e-05

row17col22
West 1.22066988411e-05
East 1.22293633071e-05
North 1.22193440762e-05
South 1.22305374486e-05

row18col1
West 1.26258564035e-05
East 1.26456386017e-05
North 1.26199198014e-05
South 1.2615848923e-05

row18col2
West 1.26285230691e-05
East 1.26339992269e-05
North 1.27379733872e-05
South 1.26273094632e-05

row18col3
West 1.25993842906e-05
East 1.2587412057e-05
North 1.25872016443e-05
South 1.25859469435e-05

row18col4
West 1.2563996545e-05
East 1.25736857438e-05
North 1.25756665411e-05
South 1.25509890752e-05

row18col6
West 1.25947821558e-05
East 1.25669044729e-05
North 1.25903307236e-05
South 1.25443074768e-05

row18col7
West 1.25848903966e-05
East 1.25955100714e-05
North 1.57130304833e-05
South 1.25933429474e-05

row18col8
West 1.24962818373e-05
East 1.25034988742e-05
North 1.26340478214e-05
South 1.25076292964e-05

row18col9
West 1.24063712963e-05
East 1.24144413653e-05
North 1.24122430038e-05
South 1.24138678942e-05

row18col10
West 1.23595215357e-05
East 1.23546774318e-05
North 1.23351867553e-05
South 1.23545833027e-05

row18col11
West 1.23225852623e-05
East 1.23397707902e-05
North 1.23268356855e-05
South 1.2332643679e-05

row18col13
West 1.32967146177e-05
East 1.9744282458e-05
North 1.33078231732e-05
South 1.32840020455e-05

row18col14
West 1.33168986284e-05
East 0.00030148296898
North 1.33219026051e-05
South 1.33412396359e-05

row18col15
West 1.3303042451e-05
East 1.32645784069e-05
North 0.00401526152414
South 1.33435435631e-05

row18col16
West 0.000724535515829
East 1.3148861795e-05
North 1.32203154768e-05
South 1.31704808907e-05

row18col17
West 0.000121792896294
East 1.29112314228e-05
North 1.33626385293e-05
South 1.29107075971e-05

row18col18
West 3.03279966066e-05
East 1.26183981179e-05
North 1.2616455341e-05
South 1.26347933528e-05

row18col19
West 1.33971835029e-05
East 1.24415821338e-05
North 1.24665253533e-05
South 1.24682705732e-05

row18col20
West 1.23166319357e-05
East 1.23013880978e-05
North 1.23048012498e-05
South 1.23236049856e-05

row18col21
West 1.22287010077e-05
East 1.22437653448e-05
North 1.22491926547e-05
South 1.22283535171e-05

row18col22
West 1.22139225488e-05
East 1.22149278431e-05
North 1.22071246361e-05
South 1.22325189495e-05

row19col1
West 1.25640264684e-05
East 1.25503928736e-05
North 1.25581205099e-05
South 1.25518358029e-05

row19col2
West 1.25698145676e-05
East 1.25818444978e-05
North 1.25670226973e-05
South 1.25884321289e-05

row19col3
West 1.25368941154e-05
East 1.25662590512e-05
North 1.25634085598e-05
South 1.25450917024e-05

row19col4
West 1.25467893258e-05
East 1.25664320671e-05
North 1.25673718068e-05
South 1.25723959141e-05

row19col6
West 1.25435437544e-05
East 1.25117552729e-05
North 1.25194128175e-05
South 1.25228273135e-05

row19col7
West 1.24958949121e-05
East 1.24784427412e-05
North 1.25564968006e-05
South 1.25074692866e-05

row19col8
West 1.24474678783e-05
East 1.24228197846e-05
North 1.24216354341e-05
South 1.24277375369e-05

row19col9
West 1.23928155847e-05
East 1.23743611654e-05
North 1.23931843412e-05
South 1.240231647e-05

row19col10
West 1.23637627284e-05
East 1.23458124616e-05
North 1.2337571821e-05
South 1.23515028119e-05

row19col11
West 1.23261221073e-05
East 1.23549161376e-05
North 1.23318408111e-05
South 1.23514014534e-05

row19col13
West 1.32137575717e-05
East 1.32256845103e-05
North 1.32312799132e-05
South 1.32004325951e-05

row19col14
West 1.32579016655e-05
East 1.32354471348e-05
North 1.32838750013e-05
South 1.32670522204e-05

row19col15
West 1.32583687898e-05
East 1.32750017323e-05
North 0.000138509540395
South 1.32584228552e-05

row19col16
West 1.31963295947e-05
East 1.31852092705e-05
North 4.12466373502e-05
South 1.32006900047e-05

row19col18
West 1.25080832758e-05
East 1.25265251714e-05
North 1.30941274075e-05
South 1.25115751907e-05

row19col19
West 1.24254021465e-05
East 1.24094001277e-05
North 1.24368120808e-05
South 1.24434208641e-05

row19col20
West 1.23103898078e-05
East 1.23176449254e-05
North 1.23022255515e-05
South 1.2314368983e-05

row19col21
West 1.2214221595e-05
East 1.22034505001e-05
North 1.21999390496e-05
South 1.2218987317e-05

row19col22
West 1.219927947e-05
East 1.22124346242e-05
North 1.21959760196e-05
South 1.21954814477e-05
