rafaelbeirigo@LTI-PROJETO-TM:~/ql$ time ./RL-QL.py experiments/134/QL/
/home/rafaelbeirigo/ql/tools//prepareFolders.sh experiments/134/QL/
[prepareFolders.sh] : Deleting output files...
experiments/134/QL/Q.out
experiments/134/QL/w.out
experiments/134/QL/parameters.out
experiments/134/QL/policy.out
[prepareFolders.sh] : Deleting log file...
experiments/134/QL//../PRQL/log.txt
[prepareFolders.sh] : Deleting graph files...
[prepareFolders.sh] : Deleting backup files...
[prepareFolders.sh] : Deletion is done
[prepareFolders.sh] : Uncompressing input files...
experiments/134/QL/rewards.in.gz
experiments/134/QL/transitions.in.gz
experiments/134/QL/states.in.gz
experiments/134/QL/actions.in.gz
experiments/134/QL/goals.in.gz
[prepareFolders.sh] : Uncompression is done
Running experiment 1 of 10
Running experiment 2 of 10
Running experiment 3 of 10
Running experiment 4 of 10
Running experiment 5 of 10
Running experiment 6 of 10
Running experiment 7 of 10
Running experiment 8 of 10
Running experiment 9 of 10
Running experiment 10 of 10

real	7m6.676s
user	6m14.050s
sys	0m0.190s
rafaelbeirigo@LTI-PROJETO-TM:~/ql$ 