
row1col1
West 1.47710434049e-05
East 1.47884271251e-05
North 1.47627755603e-05
South 1.50623908723e-05

row1col2
West 1.4842918977e-05
East 1.47742736141e-05
North 1.48209528934e-05
South 1.88422952938e-05

row1col3
West 1.48740343605e-05
East 1.48535943491e-05
North 1.48353270824e-05
South 0.000137980648705

row1col4
West 1.49177559438e-05
East 1.48892028898e-05
North 1.48661997229e-05
South 0.0021450921101

row1col5
West 1.49158651427e-05
East 0.00014061911554
North 1.49513816282e-05
South 0.00518074189889

row1col7
West 1.51503795165e-05
East 0.00034559543977
North 1.52037810687e-05
South 1.52268455562e-05

row1col8
West 1.80840024397e-05
East 0.000183973178989
North 1.5311910518e-05
South 0.00781260872372

row1col9
West 1.52767019467e-05
East 1.5490980786e-05
North 1.54461447957e-05
South 0.116752174349

row1col10
West 0.0102804658366
East 1.55158787082e-05
North 3.61011788401e-05
South 3.19775283666e-05

row1col11
West 1.54403909312e-05
East 1.544270206e-05
North 4.49683249235e-05
South 0.00193009061161

row1col13
West 0.0132161224353
East 0.0552680891551
North 0.0820700967798
South 0.485576601042

row1col14
West 0.0374291752872
East 0.460604870539
North 0.0710846152688
South 0.290302389056

row1col15
West 0.114228059349
East 0.138532713474
North 0.125032552433
South 0.785377731824

row1col16
West 0.135625234884
East 0.202181850379
North 0.121755012697
South 0.792661847697

row1col18
West 0.0669999598253
East 0.0136438090365
North 0.0650965701022
South 0.462895051095

row1col19
West 0.135900273681
East 0.00444227577088
North 0.00477660293612
South 0.0782749079608

row1col20
West 0.0110004106463
East 0.000675766607235
North 0.00241294153714
South 0.0585058043828

row1col21
West 0.000877058800495
East 1.99929785111e-05
North 0.000330336487038
South 0.0419777502623

row1col22
West 0.0014733058584
East 1.89685284037e-05
North 2.0219874241e-05
South 2.5313625625e-05

row2col1
West 1.47794335733e-05
East 4.57256835272e-05
North 1.47772773671e-05
South 1.47740550259e-05

row2col2
West 1.4821167587e-05
East 0.00153028525802
North 1.4860306344e-05
South 1.48350945188e-05

row2col3
West 1.49002097542e-05
East 0.00905173406065
North 1.48932789834e-05
South 1.51801898979e-05

row2col4
West 1.48925159765e-05
East 0.0335392138264
North 2.78291023002e-05
South 1.80284140353e-05

row2col5
West 4.28323110248e-05
East 0.000195908668983
North 0.000140672015176
South 0.0906796738355

row2col7
West 1.86787743148e-05
East 0.00364161999643
North 1.52428147625e-05
South 1.53510050051e-05

row2col8
West 8.0570806004e-05
East 0.117239617668
North 0.000106451896923
South 0.000100118759365

row2col9
West 0.00478087540033
East 0.00641640111244
North 0.00465138837136
South 0.404886656522

row2col10
West 0.139196586495
East 0.000171672456072
North 6.30615084431e-05
South 0.00146494837495

row2col11
West 0.0256149866554
East 4.31337751939e-05
North 1.5431614256e-05
South 1.54454011236e-05

row2col13
West 0.322373665192
East 0.940689628866
North 0.151904268081
South 0.598621173688

row2col14
West 0.47188698935
East 0.999560756917
North 0.188732214542
South 0.480187101373

row2col15
West 1.717e-05
East 1.717e-05
North 1.717e-05
South 1.717e-05

row2col16
West 0.999923420811
East 0.686205910074
North 0.474569620061
South 0.575904348545

row2col17
West 0.94504608322
East 0.412300295404
North 0.487694415189
South 0.529839750448

row2col18
West 0.865604728157
East 0.123932249934
North 0.104407705559
South 0.0671478245105

row2col19
West 0.694546783902
East 0.0724792263605
North 0.0262878802045
South 0.030984615187

row2col20
West 0.465108374496
East 0.01091649041
North 0.0081377249385
South 0.0190979328712

row2col21
West 0.212384085906
East 0.000233201866382
North 0.000138585142368
South 0.00225600091468

row2col22
West 0.0204639731058
East 0.000587933362295
North 2.83499251516e-05
South 4.34211267942e-05

row3col1
West 1.47346106515e-05
East 1.92578162653e-05
North 1.47613770343e-05
South 1.47490607345e-05

row3col2
West 1.48543485751e-05
East 1.48438954786e-05
North 0.000125869997042
South 1.48074909112e-05

row3col3
West 1.48741089361e-05
East 1.49465817686e-05
North 0.00044706886382
South 1.49461503866e-05

row3col4
West 1.49801151593e-05
East 0.00495232816854
North 1.50456862109e-05
South 1.50297979306e-05

row3col5
West 0.000159696870392
East 0.0111179630404
North 0.000734571620715
South 0.199740637077

row3col7
West 1.54188913871e-05
East 0.0165767933013
North 1.51782337708e-05
South 1.54693948101e-05

row3col8
West 1.53892774202e-05
East 0.192416111725
North 0.00317644043274
South 0.000966467764815

row3col9
West 0.00906919023367
East 0.0213038595687
North 0.0210449004911
South 0.567770242206

row3col10
West 0.235628715061
East 0.000656691233212
North 0.00501006423928
South 0.0025076696827

row3col11
West 0.032330726153
East 1.54942230906e-05
North 1.85891246716e-05
South 2.31565495962e-05

row3col13
West 0.818968165503
East 0.902514721129
North 0.85533670521
South 0.794906196659

row3col14
West 0.83785329695
East 0.950015495925
North 0.918516000537
South 0.893847588971

row3col15
West 0.863809937958
East 0.85246212434
North 1.0000163115
South 0.880723825666

row3col16
West 0.57678054432
East 0.543963236615
North 0.942876154868
South 0.494632866934

row3col18
West 0.0207236997733
East 0.0101274395206
North 0.31832071163
South 0.0219795891418

row3col19
West 0.0214980948587
East 0.00423845451491
North 0.170033224419
South 0.0047006394511

row3col20
West 0.00659246932798
East 0.00128364086552
North 0.122917697613
South 0.00317891714167

row3col21
West 0.00339331673972
East 4.46606724983e-05
North 0.0336705087851
South 0.000824585139958

row3col22
West 3.87202586143e-05
East 7.64768575401e-05
North 0.00218187085583
South 2.59776520138e-05

row4col5
West 0.000981827550262
East 0.0126582433365
North 0.00244589157137
South 0.35190815045

row4col9
West 0.162205451839
East 0.216904473389
North 0.123120656167
South 0.626284616862

row4col13
West 0.8038882188
East 0.810130898926
North 0.857388985072
South 0.758612133077

row5col1
West 1.39849887654e-05
East 1.39800683015e-05
North 1.39944762775e-05
South 1.39740350837e-05

row5col2
West 1.40247397325e-05
East 1.58540267779e-05
North 1.40249380527e-05
South 1.40439014505e-05

row5col3
West 1.40915990799e-05
East 1.40552790411e-05
North 1.40839602648e-05
South 6.44370186102e-05

row5col5
West 0.0395791343311
East 0.483772498446
North 0.0263200733198
South 0.00599338441519

row5col6
West 0.04987702303
East 0.558225617042
North 0.115530902955
South 0.123138095297

row5col7
West 0.241775788421
East 0.59874108808
North 0.25171888857
South 0.267548906516

row5col8
West 0.341166442716
East 0.630258840562
North 0.362523615371
South 0.220997336423

row5col9
West 0.414145919417
East 0.663431188283
North 0.440499704331
South 0.303698713894

row5col10
West 0.464023399749
East 0.698348678712
North 0.549106082429
South 0.382073721598

row5col11
West 0.536400636228
East 0.735103880403
North 0.620641784661
South 0.453937591171

row5col12
West 0.617441664603
East 0.77379355902
North 0.652152638335
South 0.623963131438

row5col13
West 0.715892675041
East 0.723712608397
North 0.814519535819
South 0.682008231855

row5col14
West 0.773793546224
East 0.47777761203
North 0.642471812225
South 0.482401631251

row5col15
West 0.735102829485
East 0.358567041446
North 0.504503610931
South 0.33054020492

row5col16
West 0.665858937836
East 0.0286570313221
North 0.143107836683
South 0.0448884532136

row5col17
West 0.439276610115
East 0.00593583943571
North 0.0506709787935
South 0.0501214901945

row5col18
West 0.129963173176
East 0.000604056651539
North 1.9584737191e-05
South 0.0260353793967

row5col20
West 1.53606160379e-05
East 1.53338686776e-05
North 1.5385606521e-05
South 0.0101976165563

row5col21
West 1.53370072489e-05
East 1.5330950955e-05
North 1.53331990742e-05
South 0.000454472642092

row5col22
West 1.52564965573e-05
East 1.53102599482e-05
North 1.53453682389e-05
South 3.7350574598e-05

row6col1
West 1.40191983287e-05
East 1.58555258657e-05
North 1.40312270975e-05
South 1.40194155847e-05

row6col2
West 1.40780030798e-05
East 0.000182331439868
North 1.40980821719e-05
South 1.41150412408e-05

row6col3
West 1.4109186279e-05
East 1.61984031058e-05
North 1.41285869213e-05
South 0.0023741903018

row6col5
West 0.00726287985269
East 0.0326033873459
North 0.210145094671
South 0.00810467505403

row6col6
West 0.0327676162143
East 0.540010536632
North 0.158006700782
South 0.182253498796

row6col7
West 0.0946305382465
East 0.147659104487
North 0.568749500399
South 0.227590582839

row6col8
West 0.0331072927678
East 0.0837151335081
North 0.486685495915
South 0.0335751210794

row6col9
West 0.0465526439291
East 0.135656932911
North 0.531825739278
South 0.0786177743081

row6col10
West 0.154471907216
East 0.645036715
North 0.248402265683
South 0.0929410818872

row6col11
West 0.303523752283
East 0.695045835966
North 0.340802896232
South 0.279952953157

row6col12
West 0.424036073982
East 0.472952060753
North 0.73471883138
South 0.418932777275

row6col13
West 0.299921016118
East 0.256417742525
North 0.764733740323
South 0.248365566431

row6col14
West 0.146161916004
East 0.118667145006
North 0.703063454306
South 0.095947370654

row6col15
West 0.348251310032
East 0.307152940023
North 0.698319034202
South 0.408385447949

row6col16
West 0.663214668616
East 0.200428197788
North 0.237850978501
South 0.322047920111

row6col17
West 0.629351674684
East 0.074595498821
North 0.167606100022
South 0.182214567968

row6col18
West 0.560597587843
East 0.0539415726844
North 0.011489110764
South 0.0316523502334

row6col19
West 0.323650443599
East 0.000593134582253
North 0.0101018464308
South 0.027258583231

row6col20
West 0.111287936523
East 0.000404229707424
North 1.54181414359e-05
South 0.000235893997047

row6col21
West 0.0147255723117
East 1.54515298027e-05
North 1.53828942719e-05
South 1.53395690303e-05

row6col22
West 0.00116043618154
East 1.54305154271e-05
North 1.53941021607e-05
South 1.53931739864e-05

row7col1
West 1.41213559786e-05
East 6.80459139272e-05
North 1.40806587915e-05
South 1.44864474639e-05

row7col2
West 1.41602033683e-05
East 0.00149851882224
North 1.42111243245e-05
South 1.42070652821e-05

row7col3
West 4.01435846446e-05
East 2.42286397454e-05
North 1.55294293898e-05
South 0.0187404924205

row7col5
West 0.119905081891
East 0.482671006376
North 0.0450812693795
South 0.0318458180688

row7col6
West 0.086365072065
East 0.0443492024128
North 0.511902009181
South 0.0804468928815

row7col10
West 0.023089339511
East 0.0253982228798
North 0.55565902954
South 0.0286796311656

row7col17
West 0.0979011250387
East 0.0638562704697
North 0.593924727089
South 0.0693246524731

row7col18
West 0.08327662685
East 0.0457429113899
North 0.435449818928
South 0.0350604671242

row7col20
West 1.57459134375e-05
East 1.54320240781e-05
North 0.00812441620515
South 2.98291090007e-05

row7col21
West 0.000272461300691
East 1.54473715537e-05
North 1.54435298938e-05
South 1.5430899266e-05

row7col22
West 1.53679911426e-05
East 1.54061962595e-05
North 4.57301544855e-05
South 1.53807936065e-05

row8col1
West 1.4195293526e-05
East 6.05716326374e-05
North 1.42071890654e-05
South 1.42310908656e-05

row8col2
West 1.4287378889e-05
East 0.00278159387402
North 1.49721718007e-05
South 4.04056569107e-05

row8col3
West 6.53404030495e-05
East 0.0876292418429
North 1.8347007399e-05
South 0.000432356670579

row8col4
West 0.00142937852918
East 0.253475417487
North 0.0270875693303
South 0.000470643864091

row8col5
West 0.0335365131399
East 0.0594666298293
North 0.449814856346
South 0.0553840546325

row8col6
West 0.0274222249925
East 0.00450421060759
North 0.353139721327
South 2.9413665399e-05

row8col8
West 0.000151336276063
East 0.0127443680235
North 0.000122535497304
South 2.39290035757e-05

row8col9
West 0.000193223418795
East 0.129487836879
North 0.00547548587836
South 0.00082791638298

row8col10
West 0.00257393609582
East 0.00509876547716
North 0.411755941006
South 0.00574961414419

row8col11
West 0.207166306658
East 0.00153703418505
North 0.00262141390538
South 0.00039541022653

row8col12
West 0.0772320099518
East 3.03807771666e-05
North 2.09153478934e-05
South 0.000381560154535

row8col13
West 0.0106082594892
East 1.60863615482e-05
North 1.57857141004e-05
South 1.57230659642e-05

row8col14
West 0.000755673368024
East 1.56100120965e-05
North 1.60162441402e-05
South 1.56296229149e-05

row8col15
West 4.4347297766e-05
East 1.55048328073e-05
North 1.55700979942e-05
South 1.5605682054e-05

row8col17
West 0.112218456045
East 0.0218210762133
North 0.551225201594
South 0.0174637053113

row8col18
West 0.0265938194641
East 0.0106764539397
North 0.305740563084
South 0.000385240623736

row9col5
West 0.0386477222487
East 0.0077625128986
North 0.407866484539
South 0.0364703098863

row9col6
West 0.0185556260255
East 0.004180692621
North 0.12171777
South 0.000565260000528

row9col8
West 1.75695476206e-05
East 0.000386749276626
North 0.000132701835906
South 1.58590297788e-05

row9col9
West 1.5866707052e-05
East 1.60106957382e-05
North 0.0195911081107
South 1.57690061945e-05

row9col10
West 0.000170281691222
East 1.59694814436e-05
North 0.0758485092453
South 0.000371833458827

row9col11
West 0.00296066927683
East 2.15411481402e-05
North 0.0120331541852
South 0.000150083049954

row9col12
West 2.1851730294e-05
East 2.76596334863e-05
North 0.0180304564701
South 4.97871276561e-05

row9col13
West 0.0013723587359
East 1.56238795193e-05
North 1.57255058624e-05
South 2.05714458847e-05

row9col14
West 6.46718523659e-05
East 1.55619351069e-05
North 1.56231785622e-05
South 1.55504459156e-05

row9col15
West 1.63565476365e-05
East 1.55854197389e-05
North 1.55944373292e-05
South 1.55929622335e-05

row9col17
West 0.0238490547409
East 0.0140168651536
North 0.495457933113
South 0.00237114912651

row9col18
West 0.0158569499479
East 0.0102575471691
North 0.178136075678
South 0.000854827797736

row9col20
West 1.26876448648e-05
East 1.26655413994e-05
North 1.26842036441e-05
South 1.26787140798e-05

row9col21
West 1.26601542233e-05
East 1.26448671391e-05
North 1.26596875709e-05
South 1.2643295989e-05

row9col22
West 1.26539963719e-05
East 1.26692769109e-05
North 1.26796734683e-05
South 1.26791343734e-05

row10col1
West 1.40044094862e-05
East 1.39985942985e-05
North 1.4023572273e-05
South 1.40019238557e-05

row10col2
West 1.40580891288e-05
East 0.000110613241518
North 1.40444263686e-05
South 1.40633743758e-05

row10col3
West 1.41534291275e-05
East 4.31101623373e-05
North 1.4163011446e-05
South 0.00295530624241

row10col5
West 0.0212181999453
East 0.00213778556397
North 0.357861531795
South 0.0174435161002

row10col6
West 0.00825230116095
East 0.000413709744716
North 0.0302603403313
South 1.47101945986e-05

row10col17
West 0.0240829641754
East 0.0071761469051
North 0.421521630598
South 0.00561219997209

row10col18
West 0.00410104747357
East 0.00412717734686
North 0.0850435777607
South 0.000690877709778

row10col20
West 1.27153266386e-05
East 1.26963295982e-05
North 1.2710584107e-05
South 1.27005795997e-05

row10col21
West 1.27011419121e-05
East 1.26703151385e-05
North 1.2676680063e-05
South 1.26826494837e-05

row10col22
West 1.26911725402e-05
East 1.27079629228e-05
North 1.26958367754e-05
South 1.26906258143e-05

row11col1
West 1.40498958351e-05
East 6.53821840403e-05
North 1.40394453515e-05
South 1.40245909206e-05

row11col2
West 1.41369967109e-05
East 0.00173536625278
North 1.40912399889e-05
South 1.41347014404e-05

row11col3
West 1.41876038042e-05
East 0.0241122329392
North 2.12647389905e-05
South 1.41283128593e-05

row11col4
West 1.52627056342e-05
East 0.10145686031
North 0.00475125031036
South 0.00167607725345

row11col5
West 0.001525121641
East 0.0017451864401
North 0.300804289154
South 0.0109724758782

row11col6
West 0.0229059431093
East 0.000909687846506
North 1.95225605618e-05
South 0.000185817404255

row11col8
West 1.26661993079e-05
East 1.26564316022e-05
North 1.26384978628e-05
South 1.2637327198e-05

row11col9
West 1.26499260197e-05
East 1.26407634549e-05
North 1.26376220245e-05
South 1.26310950604e-05

row11col10
West 1.26216396777e-05
East 1.26338104588e-05
North 1.26500740943e-05
South 1.26514743162e-05

row11col12
West 1.37506013098e-05
East 1.37268788378e-05
North 1.37233190742e-05
South 1.37412685289e-05

row11col13
West 1.38182833366e-05
East 1.55228519035e-05
North 1.38084735605e-05
South 1.38052539496e-05

row11col14
West 1.38899063152e-05
East 1.39281840924e-05
North 1.38886034875e-05
South 8.53313218292e-05

row11col15
West 1.39720544263e-05
East 1.39710192267e-05
North 1.39557737582e-05
South 2.37967497021e-05

row11col17
West 0.0192781463514
East 0.00188698418724
North 0.337383151674
South 0.0145757525219

row11col18
West 0.0008379483397
East 0.000283256058614
North 0.0336868108197
South 0.000292382105166

row11col20
West 1.27920041805e-05
East 1.27663975231e-05
North 1.27580433809e-05
South 1.27795754545e-05

row11col21
West 1.27874702553e-05
East 1.27981126496e-05
North 1.28020521082e-05
South 1.29438514405e-05

row11col22
West 1.27561311322e-05
East 1.27632063978e-05
North 1.27821602967e-05
South 1.27740237553e-05

row12col1
West 1.4028681888e-05
East 1.4041725379e-05
North 1.41611186224e-05
South 1.40115989265e-05

row12col2
West 1.40970509309e-05
East 1.40891710971e-05
North 4.93568620603e-05
South 1.40744862661e-05

row12col3
West 1.40818687391e-05
East 1.41094799945e-05
North 1.41166578609e-05
South 1.41034507027e-05

row12col5
West 0.0101817378917
East 0.000150893759915
North 0.233628557601
South 0.000847602056142

row12col6
West 0.0268031413523
East 7.68178414391e-05
North 0.000200415730077
South 1.39860926803e-05

row12col8
West 1.26807551915e-05
East 1.26717178462e-05
North 1.26753986883e-05
South 1.26823917878e-05

row12col9
West 1.2714351103e-05
East 1.27166926074e-05
North 1.26909969485e-05
South 1.31267520439e-05

row12col10
West 1.2669407095e-05
East 1.26976764012e-05
North 1.26893829381e-05
South 1.26901557116e-05

row12col12
West 1.37532110531e-05
East 1.45026969156e-05
North 1.37492807479e-05
South 1.37670258902e-05

row12col13
West 1.38473540043e-05
East 5.82119355902e-05
North 1.38569080494e-05
South 1.3830196996e-05

row12col14
West 1.39120829207e-05
East 0.00106130420426
North 1.39004308878e-05
South 1.38911871553e-05

row12col15
West 1.40170812789e-05
East 0.0100381142075
North 1.41086361748e-05
South 2.0053631794e-05

row12col16
West 1.7245300585e-05
East 0.0587952019418
North 0.0001756041157
South 2.1425743449e-05

row12col17
West 0.000317822739513
East 0.00100186396512
North 0.252959437597
South 0.00542513066563

row12col18
West 0.000111645742372
East 1.71674526836e-05
North 0.0104690565224
South 8.49934987831e-05

row12col20
West 1.28663819305e-05
East 1.28655085966e-05
North 1.28827393053e-05
South 1.28580690191e-05

row12col21
West 1.29880132977e-05
East 1.29962620952e-05
North 1.29895210018e-05
South 1.59871418179e-05

row12col22
West 1.28912426214e-05
East 1.28634724321e-05
North 1.28868713242e-05
South 1.28741169445e-05

row13col5
West 0.00112053227819
East 3.42418979029e-05
North 0.165653809661
South 0.000954071189294

row13col6
West 0.0102792665028
East 1.38468963612e-05
North 9.42025546832e-05
South 1.3859298205e-05

row13col9
West 1.28707807445e-05
East 1.28410846092e-05
North 1.28801822811e-05
South 2.97825695494e-05

row13col17
West 0.0069095577191
East 0.000272468150177
North 0.163851426029
South 0.00250320631568

row13col18
West 2.11084716331e-05
East 1.48081384742e-05
North 0.00256042623085
South 1.44377149911e-05

row13col21
West 1.32680854335e-05
East 1.32811882067e-05
North 1.32809066217e-05
South 4.22581278945e-05

row14col1
West 1.33989958671e-05
East 3.97833424955e-05
North 1.31804133553e-05
South 1.31919027715e-05

row14col2
West 1.34613977334e-05
East 0.00241270558893
North 1.33207598948e-05
South 1.36085553003e-05

row14col3
West 1.35489111806e-05
East 0.0120401403083
North 1.35174804921e-05
South 1.34864293853e-05

row14col4
West 0.000302666023037
East 0.0400492367528
North 0.000114124513757
South 1.63252372952e-05

row14col5
West 0.000158899686981
East 0.000286877431481
North 0.106680279317
South 0.000214546805163

row14col6
West 0.0444294569634
East 3.83701482434e-05
North 1.38075415471e-05
South 1.362647422e-05

row14col7
West 0.0172993061774
East 1.340267682e-05
North 6.06730371863e-05
South 1.34106267385e-05

row14col8
West 0.00223755886419
East 1.33838221248e-05
North 1.3276516189e-05
South 1.3224482996e-05

row14col9
West 0.000258056618317
East 1.3098342981e-05
North 1.30603137523e-05
South 1.30889392025e-05

row14col10
West 2.05647863711e-05
East 1.30515672141e-05
North 1.30592948924e-05
South 1.30411269076e-05

row14col11
West 1.32286742877e-05
East 1.30232913928e-05
North 1.30384589414e-05
South 1.30201706298e-05

row14col12
West 1.31106395039e-05
East 1.31301564887e-05
North 1.30936402391e-05
South 1.3111667368e-05

row14col13
West 1.32542231433e-05
East 2.13656363704e-05
North 1.32684668063e-05
South 1.32777451369e-05

row14col14
West 1.34650775135e-05
East 0.000358111179717
North 1.34619305821e-05
South 1.34218976889e-05

row14col15
West 1.36110210147e-05
East 0.00587706701883
North 1.36938883019e-05
South 1.35640075198e-05

row14col16
West 1.39975949266e-05
East 0.0461791693122
North 1.38783086407e-05
South 1.4251625597e-05

row14col17
West 0.000803842058564
East 4.13729214383e-05
North 0.100131672441
South 3.56291332097e-05

row14col18
West 0.027219957858
East 2.25210553095e-05
North 0.000342577687925
South 1.44359135519e-05

row14col19
West 0.0059970515564
East 1.39402343363e-05
North 9.6505299062e-05
South 1.39303997e-05

row14col20
West 0.00117064652452
East 1.37968917616e-05
North 1.7355157059e-05
South 1.3727166003e-05

row14col21
West 0.000219220632332
East 1.35544482604e-05
North 1.38935350786e-05
South 1.35835238678e-05

row14col22
West 1.42623605498e-05
East 1.35517087386e-05
North 1.35682619841e-05
South 1.35580182912e-05

row15col1
West 1.31436998103e-05
East 1.31390284687e-05
North 1.31522385376e-05
South 1.31593290635e-05

row15col2
West 1.31851894514e-05
East 1.31911714713e-05
North 0.000415916545925
South 1.31174974255e-05

row15col3
West 1.3385836619e-05
East 1.34090092278e-05
North 0.000667241182223
South 1.34099935155e-05

row15col4
West 1.35331371352e-05
East 1.35396149184e-05
North 0.000168629969783
South 1.35452186888e-05

row15col5
West 1.35844295503e-05
East 1.35952910986e-05
North 0.0135543119638
South 1.36187108285e-05

row15col6
West 0.000457180206407
East 1.34580536709e-05
North 1.35251449975e-05
South 1.35150500275e-05

row15col7
West 1.32940458456e-05
East 1.32629103082e-05
North 0.00464034804397
South 1.32499019923e-05

row15col8
West 1.31987541714e-05
East 1.31831784961e-05
North 2.13514834996e-05
South 1.31849864104e-05

row15col9
West 1.31163317367e-05
East 1.31034811692e-05
North 1.35122039019e-05
South 1.30885781704e-05

row15col10
West 1.30590435086e-05
East 1.30351470632e-05
North 1.30468082112e-05
South 1.30661640995e-05

row15col11
West 1.30446955774e-05
East 1.30422139052e-05
North 1.30535415284e-05
South 1.30564415377e-05

row15col12
West 1.31230473676e-05
East 1.31359106789e-05
North 1.31144545835e-05
South 1.31369486762e-05

row15col13
West 1.32473821893e-05
East 1.50195330982e-05
North 1.32600076678e-05
South 1.32758126098e-05

row15col14
West 1.33992094357e-05
East 0.000106243353471
North 1.34012383552e-05
South 1.34202802019e-05

row15col15
West 1.39086594466e-05
East 0.00393332813957
North 1.35339418594e-05
South 1.35320667186e-05

row15col16
West 1.37620861849e-05
East 1.42119727008e-05
North 0.0142353256943
South 1.91162461041e-05

row15col17
West 1.40042247192e-05
East 1.39586774504e-05
North 0.00118690683139
South 1.40001141897e-05

row15col18
West 1.39809097037e-05
East 1.39334281123e-05
North 0.00123942909889
South 1.39908312003e-05

row15col19
West 1.38772525963e-05
East 1.38701468885e-05
North 0.000144535527131
South 1.38772439199e-05

row15col20
West 1.3718654064e-05
East 1.37105957895e-05
North 1.48905465464e-05
South 1.37272012983e-05

row15col21
West 1.36051726863e-05
East 1.35778880577e-05
North 1.57140202111e-05
South 1.36047662338e-05

row15col22
West 1.35404058143e-05
East 1.35722067401e-05
North 1.3549754139e-05
South 1.3545801254e-05

row16col2
West 1.28899915186e-05
East 1.2880679526e-05
North 7.04727511061e-05
South 1.28949981172e-05

row16col7
West 1.3084244333e-05
East 1.56397518057e-05
North 0.00106083225245
South 1.30836609998e-05

row16col15
West 1.39039499973e-05
East 1.31673629973e-05
North 0.000867244834804
South 1.3171375641e-05

row17col1
West 1.25184882821e-05
East 1.25739016553e-05
North 1.25676647235e-05
South 1.25462862947e-05

row17col2
West 1.26351625356e-05
East 1.26567180323e-05
North 1.82937195947e-05
South 1.26299598707e-05

row17col3
West 1.2671806912e-05
East 1.25311108195e-05
North 1.25158491013e-05
South 1.25195189067e-05

row17col4
West 1.24574559295e-05
East 1.24647437368e-05
North 1.24789162046e-05
South 1.24583602392e-05

row17col6
West 1.27518453243e-05
East 1.27502530564e-05
North 1.27706245147e-05
South 1.27476238891e-05

row17col7
West 1.28222897338e-05
East 1.2813112693e-05
North 0.000217588414228
South 1.27984526394e-05

row17col8
West 3.78591101193e-05
East 1.26646245992e-05
North 1.26427077945e-05
South 1.26834631454e-05

row17col9
West 1.29545456136e-05
East 1.25297018849e-05
North 1.25546056272e-05
South 1.25281478665e-05

row17col10
West 1.24391391302e-05
East 1.24187044288e-05
North 1.24227576233e-05
South 1.24497201313e-05

row17col11
West 1.23767921954e-05
East 1.23543354437e-05
North 1.23731895715e-05
South 1.23467569384e-05

row17col13
West 1.26553797693e-05
East 1.26570600236e-05
North 1.26578062998e-05
South 1.26499983888e-05

row17col14
West 1.2734018236e-05
East 1.47948800765e-05
North 1.27165787186e-05
South 1.2694112509e-05

row17col15
West 1.28346221842e-05
East 1.28189196055e-05
North 0.000161609284615
South 1.28964765553e-05

row17col16
West 1.48222313679e-05
East 1.27386005427e-05
North 1.26931493018e-05
South 1.27435145672e-05

row17col18
West 1.20772260339e-05
East 1.20781964289e-05
North 1.20812073813e-05
South 1.2061426732e-05

row17col19
West 1.20421219872e-05
East 1.20432139136e-05
North 1.20502308872e-05
South 1.20363599696e-05

row17col20
West 1.20233186755e-05
East 1.20129088084e-05
North 1.20140711281e-05
South 1.20215692901e-05

row17col21
West 1.20082296099e-05
East 1.2010133967e-05
North 1.20186742157e-05
South 1.19930734209e-05

row17col22
West 1.20051764595e-05
East 1.20329450087e-05
North 1.20122157747e-05
South 1.20134704807e-05

row18col1
West 1.24748769399e-05
East 1.24701853304e-05
North 1.24853767304e-05
South 1.2456563493e-05

row18col2
West 1.25023745769e-05
East 1.25042265722e-05
North 1.26762677433e-05
South 1.25226831063e-05

row18col3
West 1.24826910834e-05
East 1.24557829362e-05
North 1.24797594778e-05
South 1.2462268454e-05

row18col4
West 1.24672043892e-05
East 1.24775116499e-05
North 1.24544970967e-05
South 1.24721537998e-05

row18col6
West 1.26893835365e-05
East 1.26797951721e-05
North 1.26849953417e-05
South 1.26710306968e-05

row18col7
West 1.26767572509e-05
East 1.26623892124e-05
North 1.60889916546e-05
South 1.2653955103e-05

row18col8
West 1.25952905372e-05
East 1.25920520913e-05
North 1.39423392726e-05
South 1.25808203425e-05

row18col9
West 1.24980242107e-05
East 1.24776497069e-05
North 1.24873701026e-05
South 1.24906387671e-05

row18col10
West 1.23875970244e-05
East 1.23835070326e-05
North 1.24102642902e-05
South 1.23900219797e-05

row18col11
West 1.23135631418e-05
East 1.23114073083e-05
North 1.23344987284e-05
South 1.2325281779e-05

row18col13
West 1.26249821608e-05
East 1.26177970848e-05
North 1.26240035747e-05
South 1.26339492296e-05

row18col14
West 1.26488479887e-05
East 1.26630664181e-05
North 1.26532381561e-05
South 1.26753614809e-05

row18col15
West 1.26860790359e-05
East 1.27321506624e-05
North 3.08933681031e-05
South 1.27176182863e-05

row18col16
West 1.38367699362e-05
East 1.25731661939e-05
North 1.25875508625e-05
South 1.25890113222e-05

row18col17
West 1.23412982986e-05
East 1.2290655486e-05
North 1.23090817273e-05
South 1.23030352467e-05

row18col18
West 1.20957552824e-05
East 1.21027395717e-05
North 1.20982340414e-05
South 1.21039236472e-05

row18col19
West 1.20168502034e-05
East 1.20376857828e-05
North 1.20242859586e-05
South 1.20157231018e-05

row18col20
West 1.19852557703e-05
East 1.20085924574e-05
North 1.20108036861e-05
South 1.20117516224e-05

row18col21
West 1.19946581596e-05
East 1.20244687642e-05
North 1.20060552407e-05
South 1.2015794044e-05

row18col22
West 1.20169908807e-05
East 1.20334921943e-05
North 1.20262615984e-05
South 1.20254847347e-05

row19col1
West 1.24209417203e-05
East 1.24093129045e-05
North 1.24322849447e-05
South 1.24093917944e-05

row19col2
West 1.24627137553e-05
East 1.24773112684e-05
North 1.2453020948e-05
South 1.24552390326e-05

row19col3
West 1.24605489023e-05
East 1.24653308455e-05
North 1.24484254591e-05
South 1.24576856209e-05

row19col4
West 1.24637987791e-05
East 1.24950760508e-05
North 1.2485467508e-05
South 1.24703022989e-05

row19col6
West 1.26346828093e-05
East 1.26261614883e-05
North 1.26223414523e-05
South 1.26206941062e-05

row19col7
West 1.2593952521e-05
East 1.26049727174e-05
North 1.26056514047e-05
South 1.2572355471e-05

row19col8
West 1.25511634884e-05
East 1.25307490199e-05
North 1.25339981872e-05
South 1.25326139832e-05

row19col9
West 1.24683420723e-05
East 1.24784254243e-05
North 1.24682973533e-05
South 1.24894529012e-05

row19col10
West 1.24044104121e-05
East 1.23966108866e-05
North 1.23828171485e-05
South 1.24110422386e-05

row19col11
West 1.23302100882e-05
East 1.23674617318e-05
North 1.23796457931e-05
South 1.2385323506e-05

row19col13
West 1.26267323818e-05
East 1.26168186022e-05
North 1.26072268663e-05
South 1.26291881765e-05

row19col14
West 1.26400911067e-05
East 1.26386177086e-05
North 1.26169611328e-05
South 1.26287922953e-05

row19col15
West 1.26323457604e-05
East 1.2634824808e-05
North 1.27815585916e-05
South 1.26407547437e-05

row19col16
West 1.25886025341e-05
East 1.25883738476e-05
North 1.25993700487e-05
South 1.26005393026e-05

row19col18
West 1.20483469228e-05
East 1.20741449517e-05
North 1.20471616052e-05
South 1.20557994953e-05

row19col19
West 1.2026569544e-05
East 1.20231955435e-05
North 1.20064297062e-05
South 1.20167654274e-05

row19col20
West 1.19982141044e-05
East 1.20256272021e-05
North 1.19980662386e-05
South 1.20179737436e-05

row19col21
West 1.20135477124e-05
East 1.2018979926e-05
North 1.20176786795e-05
South 1.20406883585e-05

row19col22
West 1.20213405752e-05
East 1.20304356111e-05
North 1.20096756713e-05
South 1.20319858912e-05
