0.00983287803486
0.0174481911817
0.0147309216735
0.0151967025677
0.01440855937
0.0123801729473
0.0131572506138
0.0134918406892
0.0165541279426
0.0182993337161
0.0179945489144
0.0191838592271
0.0204229525552
0.0212175270126
0.0221162017373
0.0233592541319
0.0245587631465
0.0236106383938
0.0237406842714
0.0231266423254
0.0221958306539
0.022410820459
0.0224912303337
0.0224459792433
0.0217277604407
0.0216047327727
0.022162075511
0.0225940274163
0.0224586226046
0.0227554219165
0.0229025070188
0.0225439648046
0.0230159872623
0.0229754119492
0.0224506180569
0.0234140250434
0.0237242823703
0.0238716018525
0.0237219548435
0.0237938680996
0.0236073973726
0.0235412232077
0.0232701449063
0.0230979179188
0.0231038009739
0.0232265833546
0.0236441587399
0.0241113770018
0.0242770279234
0.0241318926573
0.0244255655148
0.0250064639884
0.0253787517237
0.0252731107116
0.0254622420775
0.0260106992457
0.0257887653498
0.0258097792832
0.025394305526
0.0250234441475
0.0258286920706
0.0258269994645
0.0256491808557
0.0254834150945
0.0257597389251
0.0254657972597
0.0255890357265
0.0255164561905
0.0255561833922
0.0254932707357
0.0257402283913
0.0257490073223
0.0256987373621
0.0254312533964
0.0254808075629
0.0255335648265
0.0253403487334
0.025068790171
0.0250467035252
0.0253482696712
0.0253550280701
0.0251631448902
0.0251736503046
0.0252287769597
0.0250305233723
0.0249767191836
0.024918307491
0.0251058044324
0.0252208799243
0.0254020098596
0.0253422691882
0.0255893094769
0.0258722028754
0.0259185056028
0.0260787701313
0.0259322318621
0.0259507827794
0.0258475773735
0.0259103794031
0.0260797393475
0.0261557528377
0.0262585647467
0.0263663606251
0.026441353226
0.0262254692526
0.0262435617265
0.0260956566912
0.0261257697477
0.0265032340303
0.0264627992874
0.0265510307425
0.0266819863354
0.026802672089
0.0270407830971
0.0270468016473
0.0270869379449
0.0271121069122
0.0271843912372
0.0271113640129
0.0269859515993
0.0269793788967
0.0270481686888
0.0271825572566
0.0273229883286
0.0273213120868
0.0271622607442
0.0271563592043
0.027144829944
0.0272380419217
0.0274286088664
0.0274634781254
0.0276944002299
0.0276376595698
0.0276591885675
0.0275607014097
0.0278085419242
0.0277746834707
0.0278258337339
0.0277347377738
0.027823230088
0.027706100438
0.0279306937951
0.0278830738508
0.0279672227671
0.0282239723436
0.0281761761238
0.0282957101391
0.0283603339956
0.028333416329
0.0284711263319
0.0285059750313
0.0285101229735
0.0286150230922
0.0287817085232
0.0287849960856
0.0290181945502
0.0289123721153
0.0289103715825
0.0289428770911
0.0289785021814
0.0289467005007
0.0291917982361
0.0292360762662
0.0293023913497
0.0293346595605
0.0296006840674
0.0296365471325
0.029557046719
0.0295100390493
0.0294591937584
0.0295000232228
0.0295768810546
0.0295319082947
0.0294439077209
0.029544234
0.0296294113303
0.0295499547124
0.0295010257812
0.0294219409559
0.0294620003008
0.0294548993337
0.0295791518226
0.029478627195
0.0295117587058
0.0294725845768
0.0295535920801
0.0295062008653
0.0295412497404
0.029514359875
0.0295615352116
0.0296692527501
0.0297400191206
0.0297242826421
0.0297041968465
0.0296918068132
0.0295943891506
0.0296383750501
0.0297558506595
0.0297890909082
0.029784072582
0.0298052231218
0.0299032229478
0.0298509834558
0.0298785740199
0.030008813594
0.030124880556
0.0301795156986
0.0302383606283
0.0302659499287
0.0302376124794
0.0301985663016
0.0301738599231
0.0302284347779
0.0301839272549
0.0302489303552
0.0303773341658
0.0303375291211
0.0304379666304
0.0304306112344
0.0303807215608
0.0303890685146
0.0303143478086
0.0303677548583
0.0303475998145
0.0302436805104
0.0302103443285
0.0302609189681
0.0302753592166
0.0303204668598
0.0304042950567
0.030434581078
0.0305650034071
0.030566463155
0.0306538224966
0.0307482630567
0.0307791637159
0.0308978824759
0.0308893469452
0.0308686872231
0.0308853594256
0.0309206563071
0.0309016742855
0.0310680404214
0.0313037605741
0.0313957653143
0.0314539886184
0.0314763015028
0.0314925912812
0.0315327143114
0.0316762612147
0.0317154940557
0.031821478382
0.0319370248624
0.0319258662084
0.0320208595447
0.0320770722837
0.0320558872073
0.0320592199083
0.0321628197641
0.0321177870276
0.0321658967964
0.0322578822243
0.0323124969827
0.032337518023
0.0322920397581
0.0322749110074
0.0324330053133
0.0324319892702
0.0324994489275
0.0324347336747
0.032500193194
0.0324625463226
0.0324954693138
0.0326217985939
0.0325758838812
0.0325622189281
0.0326882386771
0.032687642049
0.0327089556549
0.0328180133435
0.0329060040715
0.0329335725975
0.0329501666687
0.0329939896664
0.0330153298023
0.0329743826398
0.0329989912052
0.0331359507998
0.033176612685
0.0331618644977
0.0332890218567
0.0333195248542
0.033394171559
0.0334248276643
0.0334058468979
0.0334931381082
0.0336852722473
0.0337399146548
0.033788508595
0.0337642396516
0.0337993245867
0.0339292117414
0.0340091664427
0.0341504164664
0.034259197116
0.0343082464226
0.0342938515955
0.034414343616
0.0343931342999
0.0345390621374
0.0345215560175
0.0346107036428
0.0347387375302
0.0348312954628
0.034841657333
0.0348276008323
0.0348693368983
0.0348900677013
0.0348627884258
0.0348796267009
0.034967459613
0.0349756089144
0.0350671440124
0.0351072072327
0.0350858280862
0.0351140766186
0.0351533405115
0.0351428155367
0.0352120612099
0.0352766701868
0.0352544708226
0.0352907091544
0.0353602942051
0.0353907917225
0.0354635256845
0.0354458507956
0.0354541694621
0.0354844648954
0.0354677387158
0.0354099440194
0.0354425230689
0.0354817757465
0.035500140009
0.0355375604002
0.0355609500852
0.0355901081909
0.0356093415535
0.035719138144
0.0357535372118
0.0357610674545
0.0358155666979
0.0358400350112
0.0359610828263
0.0360549210892
0.036087515167
0.0361201820001
0.0361682462356
0.0362854665339
0.0363335584011
0.0364899981966
0.0365441072558
0.0365587553376
0.0366074350991
0.0365739919195
0.0365861793526
0.0365799721494
0.0367076273617
0.0367300839035
0.036786804915
0.0368579690329
0.036894943723
0.0369008081631
0.0369413418182
0.0370346466948
0.03709009141
0.0371503759888
0.0372199015569
0.0372541554333
0.0372959969614
0.0373425729951
0.0375102972472
0.0376008413994
0.0376415244272
0.0376951864498
0.0377546430512
0.0377688986903
0.0377694135217
0.0377799016432
0.037789250676
0.0378708709221
0.037932141239
0.0380189001554
0.0380819382968
0.0381877098958
0.0381577640602
0.0382330584682
0.0382651203969
0.0382882048407
0.0382870104941
0.0382939309734
0.0383438985735
0.0384986452359
0.0384651597561
0.0385096737065
0.0385677149072
0.0386594764319
0.0387177814578
0.0389043735142
0.0389454261716
0.0392343973055
0.0392082779982
0.0392946691417
0.0393222077848
0.0393869984693
0.0393982032222
0.0394130185264
0.0394521485667
0.0394723478677
0.0394904240464
0.0395928109599
0.0396210496701
0.0396747470428
0.0397545441293
0.0397944478844
0.0398711062858
0.0398956394596
0.0398949604051
0.0399587447157
0.0400103634197
0.0400900984223
0.0400787844726
0.0401320694914
0.0401371552555
0.0402029587093
0.0403037724985
0.0403041294022
0.040454910575
0.0405569418699
0.0406626389567
0.0407014894558
0.0407885994315
0.0408327913578
0.0408231007552
0.0409203183679
0.0409573665198
0.0411215565882
0.0412090510298
0.0412773764073
0.0413040687235
0.0413863368437
0.0414400805132
0.0415348467986
0.041639683264
0.0417033164942
0.041761023978
0.0418341354875
0.0418545184173
0.0418611535221
0.0418614937487
0.0419863371086
0.042067360371
0.0420625884909
0.0421690058218
0.0421997743996
0.0423053989456
0.0423588364068
0.042351988734
0.0424510975369
0.0425343610666
0.0426098793605
0.042620549481
0.0426752241708
0.0427193280503
0.0428187621904
0.042847744033
0.0429012673834
0.0428924353491
0.0430430803917
0.0430845080686
0.0432154753275
0.0432455939474
0.0432737172973
0.0433525618144
0.0433602005874
0.0434005181735
0.0434584102028
0.0435214830645
0.0435572683245
0.0436611074543
0.0436458022758
0.0437560291468
0.0437841903391
0.0438111042579
0.043816587771
0.0439044467623
0.0439521129411
0.0439809479433
0.044057797908
0.0440875791262
0.0441889431355
0.0443221512778
0.0443363221712
0.0443531551819
0.0443985350589
0.0444786244385
0.0445157464127
0.044511919127
0.0445249998606
0.0445756477131
0.0446612974225
0.0447032331873
0.0447044712173
0.0447478195481
0.0448065468264
0.0448160571557
0.0448628953585
0.0448777689194
0.0449205399876
0.0450643228332
0.0451865149761
0.0451738177536
0.0452062766426
0.0452984431589
0.0453421658247
0.0453691780697
0.0454265344571
0.0454977140704
0.0456202281992
0.0456328481248
0.0457210847738
0.0457557722608
0.0457781191388
0.0459447837141
0.0459889837024
0.0460513193557
0.0461191680089
0.0462172399153
0.0462845393704
0.0463323970662
0.046481384126
0.0466045863204
0.0466495963191
0.0467372262265
0.0468257172339
0.0468704268785
0.0469405149575
0.0469708101987
0.0470970053923
0.0470976073251
0.047087097452
0.0472196533239
0.0473166932451
0.0473811129651
0.0474584462975
0.0474738459553
0.0475461444191
0.0475572717334
0.0476367351104
0.0477364654257
0.0478057562806
0.0479040217424
0.0479555276171
0.0479685970971
0.0480365490431
0.0481217419831
0.0481096241827
0.0481445680978
0.0481812204757
0.0482025152438
0.0482758191045
0.0483299054612
0.0484086102277
0.0484736061343
0.0485012697631
0.0485739575615
0.0486317799947
0.0487326022567
0.0488732444649
0.0489249401846
0.04901256382
0.0491264396176
0.0491681904439
0.0492005774286
0.0493129114768
0.0493342235463
0.0494384550162
0.0494944729171
0.0496087294212
0.0496928999176
0.0497989145911
0.04985495089
0.0499124192735
0.0499234561986
0.0500172835105
0.0501247590277
0.0501836448392
0.0503134018986
0.0504038645087
0.050506857698
0.0506336732003
0.0506796425769
0.050672698933
0.050745829801
0.0508096786094
0.0508872707853
0.0509828190104
0.051020632043
0.0511025337405
0.0511885815345
0.0512416919787
0.0512787464513
0.0513641474878
0.0513964197266
0.0514133166702
0.0514760367023
0.0515227325747
0.0515564026093
0.0516627426884
0.0517991210651
0.0518097379524
0.0518897445155
0.0519994713847
0.0520713723806
0.0522056655312
0.0522620183316
0.052399915557
0.0524707279691
0.0525277404604
0.0526092851317
0.0526944308921
0.0527682834169
0.0528410787841
0.0529334035167
0.0530702762554
0.0531102607716
0.0531906444505
0.0532403850432
0.0532888412741
0.0533775860324
0.0534673300822
0.0535478897392
0.053626459141
0.053676980799
0.0537424309096
0.0538134570493
0.0539121741532
0.0539888185238
0.0540361702688
0.0541123194727
0.0541535049138
0.0541884002764
0.0542277519296
0.0542937006487
0.0543804171338
0.0544489834659
0.0545491744534
0.0545805535925
0.0546477503569
0.0547167175026
0.0547833301514
0.054835634787
0.0548981851838
0.0549466782296
0.0549661491143
0.0550518644587
0.0550754334583
0.0551812349437
0.0552822085181
0.0554478167735
0.0555191991968
0.0555398039371
0.0555604253007
0.0556412485119
0.0556997078892
0.0557675289793
0.0558090196866
0.0558693112138
0.0559493912705
0.056064426438
0.0560847710136
0.0561211337497
0.0561728214777
0.0562437077314
0.0563412677988
0.0564700301505
0.0564945981432
0.0565846821474
0.0566693738185
0.0567044011441
0.0567692541617
0.0568586904086
0.0569867646816
0.057064216746
0.057098349591
0.0571461673002
0.0572087616156
0.0572859566434
0.057315994072
0.0573599932304
0.0574626073636
0.0575823565774
0.0576243913258
0.0576755372866
0.0577221830735
0.0578131397568
0.0578640140611
0.057925921688
0.0580343026076
0.0581349005403
0.0582150010945
0.0582809567279
0.0583610818873
0.0584370615771
0.0584502214999
0.0585243927219
0.0586419363106
0.0586940377727
0.0587357229574
0.0588542383503
0.0589833505089
0.0590324285458
0.0591308871153
0.0592400409206
0.0592786274621
0.0594045938041
0.0594666483048
0.0595306943239
0.0595930917344
0.0596849210077
0.059691733522
0.0597777522492
0.0598519041751
0.0599026801545
0.0599452905989
0.060015581055
0.0601170778907
0.0601640028273
0.0602451934684
0.0603179190373
0.0603516709829
0.0604335653932
0.0605104147049
0.0605893015104
0.0606943835174
0.060788063069
0.0609271614417
0.0610340556979
0.0611301936749
0.0612056209449
0.0612859279112
0.0613592565599
0.0614505566376
0.0615322802879
0.0616142472389
0.0616441506517
0.0617230215468
0.0617960220388
0.0618727081642
0.0619370309436
0.0620763404264
0.0621356299257
0.0621888815621
0.062262275651
0.0623408871538
0.0624698335396
0.0625577189151
0.0626203683513
0.0626908696082
0.0627409800321
0.062854130582
0.0629343049618
0.0630377825092
0.0630781153328
0.0632337918338
0.0632879597474
0.0633906324974
0.0634664504275
0.06351400106
0.0635776179207
0.0636522702091
0.0636935936085
0.0637298715854
0.063826283171
0.0639096224552
0.0639779107375
0.0640401401299
0.0640897423726
0.064184734805
0.0643137467147
0.0644160853113
0.0644406718211
0.064496387661
0.0645180671207
0.0645866737775
0.064672081239
0.0647456438079
0.0649085313873
0.06496518687
0.0650047693096
0.065124029692
0.0652631495879
0.0653065580189
0.0653684645809
0.0654776346224
0.0655524934476
0.0656583217318
0.0657591682665
0.0658585371683
0.0659719802632
0.0660202428615
0.066163225528
0.0662852468428
0.0663495497682
0.0663905001096
0.0664810007736
0.0665342251982
0.0666336839689
0.0666816550083
0.0667610266803
0.0669052186424
0.0669691082505
0.0670491266113
0.0671703338311
0.0672110308806
0.0672934112171
0.0673930839064
0.0674280706375
0.0674858487037
0.0675508743936
0.0676859507183
0.0677975370744
0.0678525498667
0.0679226884419
0.0680151376135
0.0681054762016
0.0681891893287
0.068276014102
0.068342075524
0.0684242690176
0.0685127959698
0.0686115939899
0.0686548427773
0.0687108700477
0.0687989609982
0.0688420473793
0.0689026662641
0.0689533062115
0.0690327060778
0.069088059028
0.0691774917291
0.0692679479796
0.0694027228848
0.0695221914457
0.0696323728655
0.0697398982283
0.0698249054908
0.0698928618845
0.0699241346757
0.0700546034416
0.0701607515528
0.0702179741977
0.0703324704176
0.0704362332003
0.0705154685982
0.0705488041464
0.0706060651522
0.0707276063528
0.0707868038631
0.0708606359087
0.0709411095991
0.0710007996725
0.0711121004585
0.0711833329331
0.0712361383764
0.0712783649791
0.0713602306154
0.0714051808254
0.0714669469996
0.0715551044309
0.071625646024
0.0716526533481
0.0717035884672
0.0717806325771
0.0718368992263
0.071903907614
0.0719651754882
0.0720574028771
0.072134934388
0.0721963203995
0.072327758251
0.0724202428831
0.0724699268308
0.072550482337
0.072634354637
0.0727257946601
0.0728078090922
0.0728608235826
0.0729571835765
0.0730534812404
0.0731082148026
0.0731603533559
0.073228273218
0.0733306259653
0.0733828291711
0.0734584003544
0.073551801058
0.0736461548895
0.0737249275712
0.0738117361669
0.0739376747461
0.0739717293581
0.0740986113524
0.074197972207
0.0742643794414
0.0743087972621
0.074384315952
0.0744942978092
0.0745879631659
0.0746751758473
0.0747301255729
0.0748255991981
0.0749375570263
0.0750202867466
0.0751285672552
0.0752209525975
0.0753176438204
0.0753589751967
0.0754034765811
0.0754763802204
0.0755315393666
0.0756718004779
0.0757518102667
0.0758449984065
0.0759276870674
0.0759994791567
0.0760910318847
0.0762284981286
0.0763019730611
0.0763753185748
0.0764679521776
0.0765518625681
0.0766348679741
0.0766879751618
0.0767853321338
0.0768292837073
0.0769595913162
0.0770499979481
0.0771647444759
0.0772628410523
0.0773710301297
0.077471609833
0.0775599396213
0.0776460321266
0.0777235060945
0.0778214188781
0.0779026275691
0.077996728834
0.0780917899965
0.0781902488892
0.0782664195819
0.0783700904629
0.0784300150545
0.0785026153605
0.078578494507
0.0786516931079
0.0787345565434
0.0788430559138
0.0789311201259
0.0789763196925
0.0790698268252
0.0791689484816
0.0792300316852
0.0793358323029
0.079456435691
0.0795535832264
0.0796039075172
0.0797208178401
0.0798026521754
0.0798639011126
0.0799363911499
0.0800306188357
0.0800850442903
0.0801660232374
0.0802390431519
0.0803069148032
0.0803957189084
0.0805021129487
0.0805721948395
0.0806573353993
0.0807783352108
0.0808507306461
0.080906221486
0.0809935606901
0.0810935146798
0.0811959159517
0.0812991802768
0.0814096422288
0.0815131875504
0.0816522219667
0.0817535398805
0.0818777536209
0.0819502870214
0.0820274965088
0.0821402477446
0.0822966545305
0.0824260596326
0.0824930190296
0.0826028332476
0.0826836172929
0.0828030467958
0.0828887290355
0.0829756587957
0.0830553120152
0.0831510322303
0.0832300478713
0.0833385107762
0.0833804011413
0.0834496674837
0.0835312977048
0.0836641301136
0.0837859349077
0.0838598978657
0.0839531912701
0.0840129258655
0.0840775144784
0.08414865006
0.0842898492041
0.0843924229513
0.0845129916782
0.0846295030894
0.0847550587992
0.0848792220032
0.0849532172016
0.0850364127985
0.0850902588009
0.0851608803442
0.0852177777344
0.0853216788631
0.0854065677516
0.0855073577305
0.0855892257899
0.085684802302
0.0857833277646
0.085860121118
0.0859903322676
0.086076648667
0.0861423405223
0.0862621636466
0.0863813713567
0.0864404835927
0.0865886310575
0.0866382599147
0.0867240585881
0.0868301182926
0.0869663608661
0.0870965692036
0.0871852153878
0.0872774839406
0.0873693922305
0.0875061570518
0.0875855572874
0.0876585428286
0.0877424996626
0.0878319565196
0.0879232479306
0.0880122868946
0.0881124600107
0.0881897308753
0.0883052775615
0.0884032917557
0.0884877613542
0.0886197218649
0.0887204056486
0.0888137739537
0.0889221237083
0.0890782552151
0.0891389963639
0.0892294001037
0.0892945030418
0.0893882236465
0.089475277556
0.0895537116392
0.0896384660862
0.0897631185685
0.0898887321506
0.0899766737765
0.0900992054905
0.0902064974639
0.0903161145078
0.0904143490038
0.0905137670272
0.0905998711376
0.0907035766422
0.0907949222871
0.0908972954558
0.0909702992025
0.0910691029335
0.091177134646
0.0912587086983
0.0913440302099
0.0914391058377
0.0915761237
0.0916823492071
0.0917723720235
0.0918516672434
0.0919286485885
0.092048752501
0.0921540681523
0.0922314124799
0.0923258313279
0.0923992924247
0.0924664753588
0.0925565975337
0.0926591207566
0.0927751789983
0.0929066746311
0.0930101839178
0.0931433495494
0.0932260429277
0.0932943962274
0.0933860808548
0.0934815861545
0.0935858521984
0.0937069154293
0.0938239042354
0.0939480963538
0.094075844397
0.0941713110257
0.0942829333153
0.0943623255148
0.0944409368537
0.0945390521016
0.0946421274564
0.0947709196442
0.0948806020277
0.0949553099351
0.095027438644
0.0951505188072
0.095235297318
0.0953281618018
0.0954052523354
0.0954921080955
0.0955792695803
0.0956721521647
0.0957901690619
0.0958626673205
0.0959503247358
0.0960356187627
0.0961672665871
0.0963069277096
0.0964100299102
0.0964841346317
0.0966248844658
0.0967359557173
0.0968899839681
0.0970344777094
0.0971215206425
0.0972185583933
0.0973361170236
0.0974234742926
0.0975116337343
0.0975916840381
0.0976959882842
0.09778810276
0.0979247742212
0.0980143554869
0.0981194296842
0.0982266176909
0.098364391678
0.098451126649
0.0985758453403
0.0986899627499
0.0987923355184
0.0988657093707
0.0989975049807
0.0990897987084
0.0991829300958
0.0992788867481
0.0993711450673
0.0994485180763
0.0995538928444
0.0996660251689
0.099770378621
0.0999085730746
0.0999863927939
0.100126515573
0.100226625387
0.100345060592
0.100434847656
0.100530264668
0.100658948169
0.100754208882
0.100870108784
0.100997542245
0.101067326391
0.101164442176
0.101243451852
0.101345329099
0.101455150404
0.101549281531
0.101651697462
0.101748170622
0.101864750306
0.101954445073
0.102100079383
0.102230355185
0.1023231671
0.102427343876
0.102505144614
0.102635815181
0.102722691098
0.102839852977
0.102948732741
0.103055904975
0.103172947156
0.103256072724
0.103390799385
0.103510207056
0.103595768573
0.103700513337
0.103798411684
0.103904259127
0.104031236973
0.104145793657
0.104267645464
0.104376282652
0.104462021105
0.104566180256
0.104682302682
0.104797657016
0.104894916001
0.104984770921
0.105103594674
0.105207454157
0.105306043746
0.105412644164
0.105522347777
0.105602890673
0.105710808973
0.105818189791
0.105891281997
0.10595154018
0.106036692541
0.106127831851
0.106221554392
0.106326408516
0.106431397607
0.106546998514
0.106700557183
0.106784582088
0.106916346308
0.107028787769
0.107148309929
0.107266461418
0.107353568056
0.107447806835
0.107574219633
0.107659133022
0.107793522487
0.107908300917
0.108036651663
0.108113017046
0.108193846415
0.108288132155
0.108401468028
0.108527026789
0.108622208765
0.108736631421
0.10881237776
0.108916969198
0.109028979135
0.109143634751
0.109270128631
0.109351379991
0.109471091366
0.109572433507
0.109676123591
0.109779872959
0.109876261481
0.109971381659
0.110062887436
0.110193162062
0.110252169496
0.110365370317
0.110478316626
0.110595909104
0.110691323256
0.110775146405
0.110886920622
0.110993949397
0.11109307237
0.111208376723
0.111300994402
0.111422350974
0.111550933126
0.111669216262
0.111821371092
0.111960590739
0.112063505123
0.11216850455
0.112261267866
0.112384821744
0.11247250102
0.112590547079
0.112674382319
0.112782699583
0.112884771146
0.112945969125
0.113064333118
0.113194707234
0.11326576386
0.113406499378
0.113488965501
0.113621868247
0.113713158204
0.113813582291
0.113924411747
0.114047267777
0.114139919228
0.114286402795
0.114381600976
0.114450711873
0.114539623103
0.114642787019
0.114735165125
0.114828457366
0.114957470275
0.115065789117
0.115161740588
0.115276850895
0.115397927604
0.115537532209
0.115633948736
0.115742549975
0.11585027609
0.115962605522
0.116087915626
0.116198421995
0.116320954419
0.116435723687
0.116534436922
0.11665366692
0.116752708953
0.116848674249
0.116981072902
0.117100740213
0.117193846305
0.117299574098
0.117424708565
0.117526684972
0.117646566031
0.117729294178
0.117842693278
0.117971156181
0.118083340246
0.118162168163
0.118294910233
0.11839188484
0.118518333425
0.118618212446
0.118740373383
0.118842906133
0.118963889709
0.119053264766
0.119128758241
0.119228343691
0.119356516842
0.119470941545
0.119580652735
0.119667367781
0.119779263455
0.119883409818
0.119987052264
0.120070204496
0.120181336881
0.120257230368
0.12035611847
0.120462123303
0.120566527894
0.12069690281
0.120791880978
0.120903472995
0.121017707118
0.121143643042
0.12124538293
0.121344317886
0.121455062379
0.121554710929
0.121681568833
0.121803429015
0.121927922787
0.121997392943
0.122120260594
0.122265764261
0.122379187086
0.122479198997
0.122586438437
0.122700035215
0.122812376486
0.122947942034
0.123060463457
0.123162874205
0.123245187113
0.123348156966
0.123447168588
0.12357593946
0.123701945259
0.123799880115
0.12388936369
0.124002388768
0.124154454829
0.124262586513
0.124361397448
0.124472452733
0.124587189612
0.124718103353
0.124854980426
0.124956999192
0.125077393006
0.12521476553
0.125325742654
0.125450033985
0.125567099828
0.12567027956
0.125772908896
0.125933493429
0.12604409432
0.126176175456
0.126300269587
0.126401194489
0.126544061557
0.126630775478
0.126738780389
0.126876086884
0.126994529822
0.127099349269
0.127234888229
0.127338792827
0.12741819117
0.127537646039
0.127658320372
0.127740179118
0.127889721713
0.128020331538
0.128089095909
0.128200820698
0.12829626707
0.128400637606
0.128507228359
0.128614966801
0.128738534324
0.128849198077
0.128955006355
0.129065191479
0.12920239271
0.129316278332
0.129431546929
0.129539659293
0.12964590369
0.129738370309
0.129859651958
0.130022289269
0.130160659149
0.130268769353
0.130407341194
0.130509536935
0.130619122045
0.130721638408
0.130863713434
0.13096418392
0.131082090701
0.131172902431
0.131285010044
0.131385674115
0.131480346113
0.131589828239
0.131716587294
0.131827055487
0.131948225704
0.132073482012
0.132177310831
0.132313725301
0.132446864359
0.132546563666
0.132673581522
0.132802139725
0.132908478643
0.133024921259
0.133139999964
0.133257704714
0.133368668909
0.133477421731
0.133589576773
0.133669389767
0.133771306163
0.133882028705
0.133986807904
0.13409064912
0.134218535306
0.134314455448
0.134403575211
0.134524993566
0.134637719751
0.13474206933
0.134841229381
0.134972440268
0.135111305384
0.135234270742
0.13536195701
0.135482638076
0.135572810647
0.13570556398
0.13580978418
0.135943151736
0.136075598046
0.136195366119
0.136278340243
0.136374390707
0.136484190378
0.136573727424
0.136691291857
0.136807269612
0.136923524473
0.137029727855
0.137133428157
0.137234426388
0.137374260963
0.137491009983
0.137594137287
0.137714021582
0.137829147125
0.137948513732
0.138058507877
0.138176396809
0.138322585022
0.138458148769
0.138567576186
0.138655731719
0.138749686935
0.13883580265
0.138962251343
0.139081273827
0.139182933024
0.139298346536
0.139421218497
0.139552985775
0.139682210369
0.139789379373
0.139905988569
0.140013250745
0.140156503143
0.140271311557
0.140381478166
0.140482537068
0.140608843678
0.140704235182
0.140816581786
0.140923536142
0.141045494374
0.141176361605
0.141302356467
0.141421245281
0.141544621397
0.141681370961
0.141825136402
0.141921242149
0.142040186382
0.142174293695
0.14229535867
0.142380128754
0.14250494332
0.142617328008
0.142730663087
0.142830676175
0.142954966904
0.143075741111
0.143202870586
0.143331873473
0.143417534472
0.143545734222
0.14366065549
0.143769045838
0.143872818801
0.143985210587
0.144112778597
0.144236722453
0.144359844975
0.144489928421
0.144593596377
0.144726061107
0.144846155365
0.144945528892
0.145063498291
0.145180374359
0.145298500876
0.145410917779
0.145505478653
0.145641528361
0.14574810799
0.145876984792
0.145975368771
0.146086930551
0.146206524391
0.146336213321
0.146459072598
0.146592571931
0.146711927187
0.146839070114
0.146965822338
0.147075404944
0.14719300562
0.147314578694
0.147455710824
0.147549130055
0.147658146833
0.14775852268
0.147861944792
0.1479758708
0.148088420211
0.148187144383
0.14829362888
0.148409949888
0.148501316322
0.148595381684
0.148705092476
0.148844520806
0.148955346914
0.149070013028
0.14918494921
0.149308603125
0.149424246288
0.149534089661
0.149660344059
0.149767751623
0.149884743903
0.150009110145
0.150120517885
0.150227667543
0.150348797856
0.15047845606
0.150599526313
0.150738326021
0.15083526469
0.150967126359
0.151096714878
0.151217636457
0.151334783703
0.151466048854
0.151573250301
0.151714762969
0.151841345909
0.151957196891
0.152063917532
0.152179340651
0.152274657649
0.152349638668
0.15246995553
0.152604236445
0.152747928168
0.152868782585
0.152970803181
0.153085728076
0.153217468765
0.153324704547
0.153433683612
0.153555941733
0.153663058036
0.153767884904
0.153894798946
0.154011767264
0.15412502055
0.154245723397
0.154379490928
0.154505816716
0.154611291192
0.154751840715
0.15487710706
0.154975838185
0.155090016059
0.155199560791
0.155325779037
0.155434005065
0.155573974252
0.15566961773
0.155767919224
0.15590270053
0.156015290297
0.156145268758
0.156255788074
0.156397950994
0.156513245061
0.156619980169
0.156737223162
0.156833658462
0.156944415409
0.157064870445
0.157169683946
0.1572838801
0.157401760176
0.157512907662
0.157632563611
0.15779702224
0.157920882336
0.158046301616
0.158150352455
0.15829039769
0.15843115067
0.158545661627
0.158677190492
0.158789762062
0.158889193432
0.159004838923
0.159123793629
0.159223797668
0.159359848682
0.159487810302
0.15959786168
0.159727123326
0.159852151875
0.159993302627
0.160130031641
0.16026917558
0.16037435976
0.160525685502
0.160642096556
0.160783301607
0.160878832299
0.160996478112
0.161141783055
0.161261318721
0.161389721568
0.161501393626
0.161606764035
0.16171494549
0.161815740152
0.161923395242
0.162054264174
0.162184238295
0.162300312197
0.162430102659
0.162554703574
0.162655969686
0.162770487615
0.162889990726
0.163038512495
0.163148708614
0.163273695269
0.16338048408
0.16350756117
0.163620356408
0.16374787869
0.163872657214
0.163999634179
0.1641305791
0.16426593468
0.164397875486
0.16451008844
0.164634873057
0.164748955922
0.164882859238
0.164979559954
0.165101068684
0.165219507997
0.165349013442
0.165456050387
0.16559316815
0.165723815823
0.165843683194
0.165967604115
0.166087755212
0.16620233939
0.16633145125
0.166474257866
0.166591448067
0.16670877094
0.166828197833
0.166947271021
0.167065940458
0.167185617615
0.167302426915
0.16743089564
0.167529975907
0.167657139557
0.167764155025
0.167895032145
0.168007737825
0.168116100204
0.168229623929
0.168341326373
0.168457665199
0.168576826744
0.168711078299
0.168837091377
0.168973297362
0.169089799962
0.16921877537
0.16935556705
0.16949275501
0.169627554557
0.169728092246
0.169834837041
0.169946895063
0.170094840813
0.170221671619
0.170334723448
0.170467237176
0.170573663382
0.17067336713
0.170796622211
0.170889904942
0.171014738634
0.171140919662
0.171238072635
0.171366434308
0.171474381433
0.171571104789
0.171698486843
0.171839211029
0.171956326232
0.172081667465
0.172204665838
0.172309225394
0.172418280597
0.172569364078
0.172674363149
0.172782764175
0.172891735797
0.173017769487
0.173132759656
0.173248622256
0.173362210873
0.17346620387
0.173576923482
0.173696701893
0.173803098828
0.173919711793
0.174047588527
0.174186915119
0.174298656814
0.174433992699
0.174538576235
0.174662841014
0.174776492612
0.174900454337
0.17501817158
0.175139920618
0.175267675102
0.175393117339
0.17550958519
0.175620812121
0.175739534036
0.175855195216
0.175965494059
0.1760990126
0.176234207745
0.176352603963
0.176481483393
0.176606493466
0.176734329048
0.176843475679
0.176962476763
0.177082449591
0.177207283837
0.177336866604
0.177440424845
0.177570357219
0.177696847281
0.177821700189
0.177935949198
0.178043547601
0.178167260373
0.178295835898
0.178417810454
0.178531108616
0.178659620667
0.178755506882
0.178889845262
0.179017220725
0.179149400285
0.179261419112
0.17938305403
0.179510248425
0.17963723422
0.179760826161
0.179886548229
0.17999922758
0.180109403192
0.180219301076
0.180327857214
0.180444535558
0.180564878017
0.180675884316
0.180792477267
0.180904069752
0.181014972026
0.18112369694
0.181250432971
0.181371384755
0.181490927819
0.181609416087
0.181723099069
0.181837936974
0.181965372864
0.182082496188
0.182213068027
0.182330893726
0.182462690286
0.182574715875
0.182700886972
0.182810915019
0.182903673642
0.183028013757
0.183170842787
0.183287731487
0.183403203768
0.183531516525
0.183655593617
0.183761397595
0.183889475388
0.184018532492
0.184129801772
0.184237543967
0.184359827966
0.184492124383
0.184603175212
0.184721252464
0.184824347095
0.184933575015
0.185059315511
0.185182312664
0.185301670664
0.185418488011
0.185540458699
0.185660070445
0.185783280111
0.185891496028
0.186001557701
0.186137248767
0.186243217182
0.186353290884
0.186473787092
0.186592097735
0.186714146894
0.186828779243
0.186960280562
0.1870993842
0.187221386546
0.187332744383
0.187451352231
0.18757101292
0.187706949682
0.18783548807
0.187970112986
0.188083264082
0.188208404651
0.188314306362
0.188430936478
0.188554779188
0.188669319692
0.188765556332
0.188864279112
0.188977127269
0.189089380662
0.18922982014
0.189355612508
0.189490951688
0.189610618441
0.189738557353
0.189852528224
0.189968820557
0.190091031322
0.190225237187
0.190346061713
0.190463977646
0.190574291024
0.190692868939
0.190824721613
0.190943017766
0.191042253494
0.191148403275
0.191269393651
0.191387104041
0.191517711326
0.191634890435
0.191755796365
0.191876559853
0.192005527379
0.192116033783
0.192232659717
0.192350900623
0.192463033964
0.192580745693
0.192700696887
0.192806422311
0.192919947869
0.193038917029
0.193164654469
0.193282344136
0.193391096821
0.19351190823
