
row1col1
West 0.00123065704129
East 0.013119148354
North 0.00105404966859
South 0.902514406907

row1col2
West 1.717e-05
East 0.950015446426
North 0.00744761087841
South 0.017394182318

row1col3
West 0.0387421263214
East 0.110171370977
North 0.0657891819479
South 1.0000163115

row1col4
West 0.534783890222
East 0.387117867123
North 0.512642528148
South 0.950015495608

row1col5
West 0.526186248815
East 0.388735008539
North 0.469063544027
South 0.902514720983

row1col7
West 1.56584132719e-05
East 1.57633353045e-05
North 1.57533931666e-05
South 0.487682881539

row1col8
West 1.58507392662e-05
East 0.513350389097
North 1.59061004992e-05
South 1.86582639682e-05

row1col9
West 2.22137507676e-05
East 0.000162526031857
North 0.00353380376941
South 0.540368901746

row1col10
West 0.513350356101
East 1.56871004223e-05
North 8.13947668443e-05
South 2.01912071013e-05

row1col11
West 1.56936477525e-05
East 1.63653941406e-05
North 1.58867790065e-05
South 0.487682908233

row1col13
West 1.51646432375e-05
East 1.49102110477e-05
North 1.51325355337e-05
South 0.440133689202

row1col14
West 1.5037562721e-05
East 1.48937399361e-05
North 1.48584160536e-05
South 0.418127143976

row1col15
West 1.48261342488e-05
East 1.48125902535e-05
North 2.64980740032e-05
South 0.39722079762

row1col16
West 0.377359639168
East 1.46696014559e-05
North 1.47171736123e-05
South 1.46960012314e-05

row1col18
West 1.38122289745e-05
East 1.37688396426e-05
North 1.37607789245e-05
South 0.340567181359

row1col19
West 0.323538730132
East 1.36034088106e-05
North 1.36744792277e-05
South 1.36745187781e-05

row1col20
West 1.35328888899e-05
East 1.35525175343e-05
North 1.35457087365e-05
South 0.307361775344

row1col21
West 1.34089097966e-05
East 1.34171647048e-05
North 1.34227628484e-05
South 0.291993779429

row1col22
West 1.32999437271e-05
East 1.33085615516e-05
North 1.32972751315e-05
South 0.27739398756

row2col1
West 0.0107085141919
East 0.950015495925
North 0.000422311918297
South 8.41169784201e-05

row2col2
West 0.00106640019979
East 1.0000163115
North 0.015206630058
South 0.0279735857913

row2col3
West 1.717e-05
East 1.717e-05
North 1.717e-05
South 1.717e-05

row2col4
West 1.0000163115
East 0.897935244338
North 0.874537931181
South 0.896620571632

row2col5
West 0.950015495925
East 0.901043686364
North 0.842188978619
South 0.856113943862

row2col7
West 1.76290722935e-05
East 0.000279533513767
North 1.56182508292e-05
South 0.513350456659

row2col8
West 6.85756672073e-05
East 4.66089938917e-05
North 2.10782757198e-05
South 0.540368757041

row2col9
West 0.00467549571088
East 0.000177886397938
North 0.00136932626952
South 0.568809370259

row2col10
West 0.540368901746
East 1.892797057e-05
North 0.000359847300161
South 0.000345202635478

row2col11
West 0.513350456659
East 2.56027193064e-05
North 1.59075716771e-05
South 0.000120065236017

row2col13
West 1.50310850417e-05
East 2.13245256475e-05
North 1.51529685845e-05
South 0.463298787135

row2col14
West 1.51291765087e-05
East 0.000111586790074
North 1.50298368337e-05
South 0.440133847778

row2col15
West 0.000159720282643
East 2.74357758931e-05
North 3.32969997929e-05
South 0.418127155389

row2col16
West 4.16298123799e-05
East 1.46220415856e-05
North 1.54173663028e-05
South 0.39722079762

row2col17
West 0.377359757739
East 1.49825110251e-05
North 2.82671321993e-05
South 1.43215386407e-05

row2col18
West 0.358491769852
East 1.39699777116e-05
North 1.43324529564e-05
South 1.40415753859e-05

row2col19
West 0.340567181359
East 1.37091448182e-05
North 1.37320243145e-05
South 1.36078883261e-05

row2col20
West 0.323538822291
East 1.3588493757e-05
North 1.35755022146e-05
South 1.35980274144e-05

row2col21
West 0.307361881177
East 1.34442684261e-05
North 1.34654951999e-05
South 1.34532494557e-05

row2col22
West 0.291993787118
East 1.33243533864e-05
North 1.33366320942e-05
South 1.33220848755e-05

row3col1
West 0.000321327025088
East 0.90251465573
North 0.00176706024804
South 0.000117455261841

row3col2
West 0.00290162670704
East 0.950015495925
North 0.0419172819915
South 0.0225884062694

row3col3
West 0.0817336632392
East 0.236234564492
North 1.0000163115
South 0.252196916245

row3col4
West 0.652223047317
East 0.576302837751
North 0.950015495923
South 0.656414155746

row3col5
West 0.897437925773
East 0.854405467615
North 0.902514721129
South 0.813379266333

row3col7
West 0.000526359345882
East 0.540368901746
North 9.91116527522e-05
South 0.00280789547247

row3col8
West 0.00321252062048
East 0.568809370259
North 0.000715149562793
South 0.00581595740105

row3col9
West 0.0404893277032
East 0.0170689988154
North 0.00777717744129
South 0.598746705536

row3col10
West 0.568809370259
East 0.000182559479224
North 0.000128894976605
South 0.00112302472356

row3col11
West 0.540368846262
East 6.5234980224e-05
North 2.2482309528e-05
South 0.000307630465761

row3col13
West 0.0479977496048
East 0.00316517081485
North 0.0112050379793
South 0.487682933826

row3col14
West 0.463298787135
East 0.00568973601412
North 0.000802116605012
South 0.0197845646635

row3col15
West 0.440133847778
East 0.00166203533292
North 0.000552036922783
South 0.00847205338844

row3col16
West 0.418127155389
East 0.00102990929654
North 0.000410272216834
South 0.000332304809941

row3col18
West 1.38012484969e-05
East 1.37852934474e-05
North 0.340567181359
South 1.37907873761e-05

row3col19
West 0.323538750913
East 1.36748807767e-05
North 1.36948154789e-05
South 1.3674297957e-05

row3col20
West 1.35608328822e-05
East 1.35698332867e-05
North 0.30736183433
South 1.35649488191e-05

row3col21
West 1.34424369225e-05
East 1.34053330161e-05
North 0.291993787118
South 1.34227650198e-05

row3col22
West 0.277393987622
East 1.33155943577e-05
North 1.33062077584e-05
South 1.3303665364e-05

row4col5
West 0.813044336382
East 0.813617909162
North 0.857388985072
South 0.77241519079

row4col9
West 0.109919738298
East 0.118295279013
North 0.0824399100581
South 0.630259690038

row4col13
West 0.0669500207508
East 0.0414192388655
North 0.0325960581734
South 0.513350456659

row5col1
West 1.58237713035e-05
East 1.58075304156e-05
North 1.58105172725e-05
South 0.487682864403

row5col2
West 1.58553675116e-05
East 1.58701809589e-05
North 1.5866556748e-05
South 0.513350419533

row5col3
West 1.59411325196e-05
East 1.58274382909e-05
North 4.78496398466e-05
South 0.540368801776

row5col5
West 0.771562701088
East 0.730953045162
North 0.814519535819
South 0.723871903625

row5col6
West 0.773793559028
East 0.680537521429
North 0.712271630824
South 0.671912434231

row5col7
West 0.735103881076
East 0.64127833327
North 0.67716467958
South 0.583603416155

row5col8
West 0.698348687023
East 0.578830655577
North 0.604650462996
South 0.45939410059

row5col9
West 0.663431252671
East 0.536895904284
North 0.452797869056
South 0.395198379332

row5col10
West 0.630259690038
East 0.442144434024
North 0.467552369141
South 0.396664122078

row5col11
West 0.598746705536
East 0.29187883513
North 0.363413418396
South 0.14555872714

row5col12
West 0.568809370259
East 0.277404509837
North 0.319736235306
South 0.0596523664751

row5col13
West 0.540368901746
East 0.15683472745
North 0.078954881451
South 0.0890426727753

row5col14
West 0.513350456659
East 0.0761465987892
North 0.135381722534
South 0.0222508105315

row5col15
West 0.487682933826
East 0.0406409976282
North 0.0908222751095
South 0.0241858480772

row5col16
West 0.463298787135
East 0.00250397319042
North 0.0127100829364
South 0.0452972127673

row5col17
West 0.440133847778
East 0.000482908137003
North 0.0035974725677
South 0.00199463866048

row5col18
West 0.418127060562
East 6.75947045099e-05
North 8.84140080725e-05
South 0.000121459628758

row5col20
West 1.40436702375e-05
East 1.4062196778e-05
North 1.4071368657e-05
South 0.340567181359

row5col21
West 0.323538742725
East 1.39699011562e-05
North 1.3980535009e-05
South 1.39658543307e-05

row5col22
West 1.38983585754e-05
East 1.39102161889e-05
North 1.38963380937e-05
South 0.307361843853

row6col1
West 1.581990266e-05
East 1.58314759993e-05
North 1.57866953451e-05
South 0.513350456659

row6col2
West 1.70109991285e-05
East 0.540368901746
North 1.59412196695e-05
South 2.14397266427e-05

row6col3
West 5.20212514717e-05
East 0.000234517345285
North 1.79464243007e-05
South 0.568809370259

row6col5
West 0.625256784433
East 0.663430243503
North 0.773793559028
South 0.513954880867

row6col6
West 0.526922912872
East 0.449601193633
North 0.735103881076
South 0.237500679069

row6col7
West 0.293164250955
East 0.103836910639
North 0.698348686206
South 0.267215470911

row6col8
West 0.213560199398
East 0.107336296702
North 0.663431248153
South 0.0332847701632

row6col9
West 0.120998687106
East 0.150966591631
North 0.63025968872
South 0.0503573004441

row6col10
West 0.143145049116
East 0.0579031199764
North 0.598746705536
South 0.058307312491

row6col11
West 0.0189777929652
East 0.0197489688762
North 0.568809370259
South 0.0986893486603

row6col12
West 0.54036887546
East 0.00504765294825
North 0.0610108906365
South 0.00714636502802

row6col13
West 0.0245644236324
East 0.00500021328873
North 0.513350456659
South 0.0102355749545

row6col14
West 0.487682736737
East 0.0020703864024
North 0.0118652332595
South 0.00472951089673

row6col15
West 0.00817355785893
East 0.00671626453228
North 0.463298785331
South 0.000442146300564

row6col16
West 0.010907567001
East 0.0121664406112
North 0.440133847778
South 0.0150921218812

row6col17
West 0.418127155389
East 0.00688853550652
North 0.00473854200654
South 0.000598658883731

row6col18
West 0.39722079762
East 1.76676768007e-05
North 0.000231454147444
South 1.72842744348e-05

row6col19
West 0.377359757739
East 2.71270596733e-05
North 4.47520150313e-05
South 0.000184056782079

row6col20
West 0.358491769852
East 1.41831922886e-05
North 1.42866694199e-05
South 1.4191190375e-05

row6col21
West 0.340567181359
East 1.40150944022e-05
North 1.40057735436e-05
South 1.39197904449e-05

row6col22
West 0.323538822291
East 1.39295404218e-05
North 1.39099695323e-05
South 1.3908520862e-05

row7col1
West 7.14793695169e-05
East 0.540368901746
North 1.59099186798e-05
South 0.000174314229369

row7col2
West 8.62107156302e-05
East 0.568809370259
North 1.62123701869e-05
South 1.70266372775e-05

row7col3
West 0.00206848223191
East 0.00116594673962
North 0.000383196986706
South 0.598746705536

row7col5
West 0.585382414001
East 0.398458976456
North 0.735103881076
South 0.558771050505

row7col6
West 0.185939545726
East 0.166821407288
North 0.698348686114
South 0.147215206311

row7col10
West 0.0400282806364
East 0.110584809475
North 0.568809370259
South 0.0265616323994

row7col17
West 0.00590536252691
East 5.82967268124e-05
North 0.39722079762
South 1.44841637777e-05

row7col18
West 1.44727907352e-05
East 1.44602810629e-05
North 0.37735973813
South 1.45127382944e-05

row7col20
West 1.40748343339e-05
East 1.40554411836e-05
North 0.34056703016
South 1.40317887748e-05

row7col21
West 1.39314200206e-05
East 1.39459930282e-05
North 0.323538822291
South 1.39149956115e-05

row7col22
West 0.307361653346
East 1.38360590496e-05
North 1.38594279878e-05
South 1.38624672483e-05

row8col1
West 1.93476159458e-05
East 0.568809271581
North 5.13045902773e-05
South 2.09933956652e-05

row8col2
West 0.00029757118876
East 0.598746705536
North 2.06982233372e-05
South 6.24479652396e-05

row8col3
West 0.00227375719831
East 0.630259690038
North 0.0441480236225
South 0.0902575346537

row8col4
West 0.114602438154
East 0.663431252671
North 0.203064496621
South 0.141173773456

row8col5
West 0.476188019951
East 0.447778327932
North 0.698348687023
South 0.524590629379

row8col6
West 0.663431252671
East 0.204250193257
North 0.28371170272
South 0.12363788679

row8col8
West 1.52702210793e-05
East 0.487682909265
North 2.24900318671e-05
South 1.53300215088e-05

row8col9
West 3.02094288381e-05
East 0.513350456659
North 0.000342598695722
South 1.53308428419e-05

row8col10
West 0.00146695859218
East 0.00746824663224
North 0.540368901746
South 0.000562716210988

row8col11
West 0.513350456659
East 0.00318168641331
North 0.00368279019941
South 0.000550293866877

row8col12
West 0.487682933826
East 1.71487350316e-05
North 0.00178657349307
South 4.33226832586e-05

row8col13
West 0.463298787135
East 2.63002128343e-05
North 0.000379395048009
South 1.51471067077e-05

row8col14
West 0.440133847778
East 1.50311144324e-05
North 1.49513893316e-05
South 1.49570770729e-05

row8col15
West 0.418127155389
East 1.490882128e-05
North 1.49420268831e-05
South 1.49166299069e-05

row8col17
West 0.000573528885348
East 1.43036004057e-05
North 0.377359757739
South 0.000138178948862

row8col18
West 0.358491769852
East 1.42807086439e-05
North 3.14047979157e-05
South 1.41508303877e-05

row9col5
West 0.495053119971
East 0.324528745404
North 0.663431252671
South 0.32750506781

row9col6
West 0.214245457088
East 0.0629880229696
North 0.630259690038
South 0.13191810394

row9col8
West 1.53397335871e-05
East 0.463298726636
North 0.000117635183359
South 2.02479527992e-05

row9col9
West 4.69585296808e-05
East 0.487682933826
North 1.53589936918e-05
South 0.000233640550893

row9col10
West 9.83129231539e-05
East 0.00166591658952
North 0.513350456659
South 0.00214158798697

row9col11
West 0.00213116940808
East 2.34365301145e-05
North 0.487682933826
South 4.11616743069e-05

row9col12
West 0.463298733321
East 1.63072556103e-05
North 0.000374435591541
South 2.13127370272e-05

row9col13
West 2.8496431374e-05
East 1.50550904433e-05
North 0.440133827735
South 1.51706991194e-05

row9col14
West 1.49232715547e-05
East 1.48734989827e-05
North 0.418127062037
South 1.48703147628e-05

row9col15
West 1.48662903887e-05
East 1.48234880469e-05
North 0.397220678012
South 1.48647235179e-05

row9col17
West 1.79871841115e-05
East 1.40493123244e-05
North 0.358491769852
South 1.41394089312e-05

row9col18
West 1.40546187476e-05
East 1.40289771199e-05
North 0.340567019635
South 1.39806713709e-05

row9col20
West 1.14311645582e-05
East 0.166086007048
North 1.14242804876e-05
South 1.14440002494e-05

row9col21
West 1.14901632512e-05
East 1.14947360105e-05
North 1.14920310602e-05
South 0.174827466375

row9col22
West 0.166085862923
East 1.14651020956e-05
North 1.14576233445e-05
South 1.14573910661e-05

row10col1
West 1.52580216568e-05
East 0.463298751018
North 2.05949726071e-05
South 1.52502767214e-05

row10col2
West 2.08078884639e-05
East 0.487682933826
North 1.52416533379e-05
South 0.00010145739474

row10col3
West 7.80098325624e-05
East 3.26252688885e-05
North 2.13941330947e-05
South 0.513350456659

row10col5
West 0.444328483925
East 0.151412123164
North 0.630259690038
South 0.320099679952

row10col6
West 0.10578355485
East 0.0325307752951
North 0.598746689638
South 0.0212511157506

row10col17
West 1.39460431113e-05
East 1.65896457924e-05
North 0.340567181359
South 2.71325563348e-05

row10col18
West 0.323538822291
East 1.3875802712e-05
North 1.38611539875e-05
South 1.38399708927e-05

row10col20
West 1.14946150964e-05
East 0.174827282253
North 1.14788190766e-05
South 1.15033703994e-05

row10col21
West 1.15633997643e-05
East 1.15571044399e-05
North 1.15722390281e-05
South 0.184028911974

row10col22
West 1.14954733337e-05
East 1.14938039394e-05
North 1.14938354213e-05
South 0.17482742893

row11col1
West 1.52222924953e-05
East 0.487682873365
North 1.51783952794e-05
South 1.5111449795e-05

row11col2
West 2.45723372315e-05
East 0.513350456659
North 1.72253622155e-05
South 0.000556206532475

row11col3
West 0.00418211008035
East 0.540368901746
North 0.000625483426214
South 0.000667068110599

row11col4
West 0.0303028442604
East 0.568809370259
North 0.0456571776856
South 0.0388973097531

row11col5
West 0.208236409859
East 0.117694221936
North 0.598746705536
South 0.349339303849

row11col6
West 0.568809347203
East 0.0138774375687
North 0.0497856067638
South 0.0301684399113

row11col8
West 1.404701915e-05
East 3.0004570146e-05
North 1.40037042839e-05
South 0.340567109542

row11col9
West 1.40612478865e-05
East 1.40517377965e-05
North 1.51938112828e-05
South 0.358491711538

row11col10
West 1.39920932337e-05
East 1.40184362151e-05
North 1.4028547383e-05
South 0.340567077864

row11col12
West 1.23392953313e-05
East 1.23530325278e-05
North 1.23483818476e-05
South 0.22593912996

row11col13
West 1.24784077835e-05
East 1.24935356397e-05
North 1.24913761328e-05
South 0.237830757068

row11col14
West 1.26536860291e-05
East 1.26546783774e-05
North 1.26323961727e-05
South 0.250348130395

row11col15
West 1.2732474552e-05
East 1.27343145631e-05
North 1.27556462603e-05
South 0.263524338369

row11col17
West 1.36597244254e-05
East 1.37030192257e-05
North 0.323538822291
South 1.36872109678e-05

row11col18
West 1.36576347374e-05
East 1.3670898951e-05
North 0.307361861294
South 1.36371071192e-05

row11col20
West 1.16256656219e-05
East 0.184028903419
North 1.16143864475e-05
South 1.16282883472e-05

row11col21
West 1.16976990401e-05
East 1.17006609212e-05
North 1.16832940754e-05
South 0.193714644183

row11col22
West 0.184028911974
East 1.16241942107e-05
North 1.16173158212e-05
South 1.1627477387e-05

row12col1
West 1.51022512159e-05
East 0.463298656829
North 1.50741014238e-05
South 1.51122007415e-05

row12col2
West 1.52030276042e-05
East 1.52370917167e-05
North 0.487682933826
South 1.51427148552e-05

row12col3
West 4.79819900629e-05
East 1.52574135158e-05
North 0.513350427968
South 0.000122751386686

row12col5
West 0.256375930331
East 0.276433781873
North 0.568809370259
South 0.230542108515

row12col6
West 0.540368901746
East 0.0920016976777
North 0.0176354234273
South 0.0364850204165

row12col8
West 1.40875083808e-05
East 0.358491769852
North 1.44977534209e-05
South 1.40280051502e-05

row12col9
West 1.41154106307e-05
East 1.72263129857e-05
North 1.41374467708e-05
South 0.377359757739

row12col10
West 0.358491769852
East 1.40317569221e-05
North 1.40474992115e-05
South 1.40509032695e-05

row12col12
West 1.2404237789e-05
East 0.237830764569
North 1.23917672281e-05
South 1.24188717177e-05

row12col13
West 1.25373131632e-05
East 0.25034817323
North 1.25555265365e-05
South 1.25496105532e-05

row12col14
West 1.27508804552e-05
East 0.263524392874
North 1.2734364705e-05
South 1.27235257082e-05

row12col15
West 1.29092883523e-05
East 0.277394097762
North 1.29034058223e-05
South 1.29168071874e-05

row12col16
West 1.31391173868e-05
East 0.291993787118
North 1.31710422892e-05
South 1.31984225357e-05

row12col17
West 1.34488258101e-05
East 1.34251553301e-05
North 0.307361881177
South 1.34267861449e-05

row12col18
West 0.291993715274
East 1.34918797417e-05
North 1.34501833563e-05
South 1.34735165424e-05

row12col20
West 1.17102221626e-05
East 0.193714617731
North 1.17152284802e-05
South 1.17119946626e-05

row12col21
West 1.18379700619e-05
East 1.18488979751e-05
North 1.18682463952e-05
South 0.203910151772

row12col22
West 0.193714582794
East 1.17061339599e-05
North 1.17255481294e-05
South 1.1718462899e-05

row13col5
West 0.228810839447
East 0.047345856606
North 0.540368901746
South 0.205111109932

row13col6
West 0.0636651571
East 0.0192833671215
North 0.513350439417
South 0.0423702248988

row13col9
West 2.73977627481e-05
East 0.000850736783547
North 1.60787391422e-05
South 0.39722079762

row13col17
West 1.33357489543e-05
East 1.33261165376e-05
North 0.291993782305
South 1.33372856313e-05

row13col18
West 1.33013215239e-05
East 1.33046938423e-05
North 1.33116176944e-05
South 0.250348167081

row13col21
West 1.21306938403e-05
East 1.21429423819e-05
North 1.2135269157e-05
South 0.214642265023

row14col1
West 1.46376016591e-05
East 1.46823486446e-05
North 1.46037649849e-05
South 0.377359711648

row14col2
West 1.4655715146e-05
East 0.440133817819
North 1.47979216846e-05
South 2.80862978778e-05

row14col3
West 0.000142956377861
East 0.463298787135
North 0.0026427425477
South 0.000801624244954

row14col4
West 0.0129439426851
East 0.487682933826
North 0.039361089382
South 0.0124170758225

row14col5
West 0.111094399383
East 0.0694309525231
North 0.513350456659
South 0.0526841658951

row14col6
West 0.487682933826
East 0.0596422441936
North 0.0593089819004
South 0.00912261290792

row14col7
West 0.463298787135
East 0.0268004800053
North 0.0857172641296
South 0.0433231298724

row14col8
West 0.440133847778
East 0.0260698259105
North 0.0496780044752
South 0.00256537057157

row14col9
West 0.418127155389
East 0.00435317889998
North 0.00204290803091
South 0.00277655033135

row14col10
West 0.39722079762
East 0.00105525488228
North 0.0247997919604
South 0.000188958300306

row14col11
West 0.377359757739
East 0.00485707478278
North 0.00864126502701
South 5.65419068915e-05

row14col12
West 0.358491769852
East 0.000559461295084
North 0.000167974502744
South 3.27795095004e-05

row14col13
West 0.340567181359
East 3.81978841561e-05
North 2.61182481872e-05
South 1.42392030442e-05

row14col14
West 0.323538822291
East 8.81621424361e-05
North 0.000839838271881
South 1.37095609122e-05

row14col15
West 0.307361881177
East 1.36019398447e-05
North 4.76453874368e-05
South 1.46154736739e-05

row14col16
West 0.291993787118
East 1.34986824271e-05
North 1.34298706077e-05
South 1.47110134259e-05

row14col17
West 0.277394097762
East 1.3321656774e-05
North 1.33315267137e-05
South 1.32536043165e-05

row14col18
West 0.263524392874
East 1.31773323737e-05
North 1.31793418267e-05
South 1.31789813741e-05

row14col19
West 0.25034817323
East 1.2926030781e-05
North 1.29277200784e-05
South 1.29347617923e-05

row14col20
West 0.237830764569
East 1.27037141667e-05
North 1.27201494775e-05
South 1.27184061134e-05

row14col21
West 0.22593922634
East 1.24630564411e-05
North 1.24453030739e-05
South 1.24730355561e-05

row14col22
West 0.214642256828
East 1.24820598108e-05
North 1.24978360463e-05
South 1.24979973787e-05

row15col1
West 1.47456202051e-05
East 0.39722079762
North 1.46828573242e-05
South 1.47205455354e-05

row15col2
West 1.47248939047e-05
East 0.418127155389
North 0.000545984251163
South 5.97342840912e-05

row15col3
West 0.000662329047973
East 0.00391634636249
North 0.440133847778
South 0.00115679078845

row15col4
West 0.000145726445842
East 0.00142588699537
North 0.463298770566
South 0.00190143663774

row15col5
West 0.000465125948865
East 0.00295790365581
North 0.487682926128
South 0.00167129749278

row15col6
West 0.00913097610744
East 0.000812361069528
North 0.463298767325
South 0.00057312777624

row15col7
West 0.00578100979657
East 0.00435905982743
North 0.440133847778
South 0.00322932062136

row15col8
West 9.79982507765e-05
East 0.000333172021038
North 0.41812711368
South 0.00146266278188

row15col9
West 7.52290416985e-05
East 0.000331553521753
North 0.397220790582
South 2.3420617566e-05

row15col10
West 0.00046380196487
East 0.00012307537686
North 0.377359757739
South 0.000143255844699

row15col11
West 0.358491769852
East 1.52205947408e-05
North 8.88451783391e-05
South 1.44035852904e-05

row15col12
West 0.340566799383
East 4.0289773373e-05
North 1.49655971132e-05
South 1.51222467847e-05

row15col13
West 1.40751349821e-05
East 1.40615325058e-05
North 0.323538822291
South 1.46781312908e-05

row15col14
West 0.307361846933
East 1.37796207803e-05
North 1.37793370043e-05
South 1.37309335549e-05

row15col15
West 1.3670987339e-05
East 1.34693038936e-05
North 0.291993787118
South 1.33834230685e-05

row15col16
West 1.49470226725e-05
East 1.33815190183e-05
North 0.277394097762
South 1.33863171653e-05

row15col17
West 0.263524339497
East 1.32550096635e-05
North 1.32656944553e-05
South 1.32438347809e-05

row15col18
West 1.30834017596e-05
East 1.30760168267e-05
North 0.25034814985
South 1.30797764959e-05

row15col19
West 1.28643179305e-05
East 1.28381866954e-05
North 0.237830759235
South 1.28589799239e-05

row15col20
West 1.26938223089e-05
East 1.26747657371e-05
North 0.225939193473
South 1.26955110307e-05

row15col21
West 1.25469654085e-05
East 1.25315318182e-05
North 0.214642265023
South 1.25415167497e-05

row15col22
West 0.20391014226
East 1.25079018199e-05
North 1.2498736839e-05
South 1.25144346815e-05

row16col2
West 4.15576563006e-05
East 1.42983947475e-05
North 0.39722079762
South 0.00011678941352

row16col7
West 0.0102657392095
East 0.00485270553515
North 0.418127155389
South 9.68549605174e-05

row16col15
West 1.31769104692e-05
East 1.31750527007e-05
North 0.277394097762
South 1.31104331201e-05

row17col1
West 1.38346147593e-05
East 0.358491769852
North 1.40433089031e-05
South 1.37836777844e-05

row17col2
West 1.87557172495e-05
East 1.46167069777e-05
North 0.377359757739
South 1.64787766111e-05

row17col3
West 0.358491769852
East 1.38273370396e-05
North 1.38634031669e-05
South 1.38783966621e-05

row17col4
West 0.340567123545
East 1.37121127558e-05
North 1.37635788424e-05
South 1.37701109913e-05

row17col6
West 1.47907563243e-05
East 0.377359757739
North 4.01851216672e-05
South 1.47728328855e-05

row17col7
West 1.59910075612e-05
East 0.000299603530346
North 0.39722079762
South 3.70090927504e-05

row17col8
West 0.377359757739
East 2.00534328415e-05
North 1.8217458673e-05
South 1.47110581575e-05

row17col9
West 0.358491769852
East 1.45598411176e-05
North 1.46030158972e-05
South 1.45550050148e-05

row17col10
West 0.340567181359
East 1.44683617068e-05
North 1.44671613244e-05
South 1.4487638407e-05

row17col11
West 0.323538822291
East 1.43536075714e-05
North 1.43948529784e-05
South 1.43831556001e-05

row17col13
West 1.26259709263e-05
East 0.237830716238
North 1.26440890794e-05
South 1.26468353344e-05

row17col14
West 1.27129639279e-05
East 0.25034817323
North 1.27078959608e-05
South 1.27100962115e-05

row17col15
West 1.28389680256e-05
East 1.28903407143e-05
North 0.263524392874
South 1.28261007624e-05

row17col16
West 0.25034817323
East 1.27369001619e-05
North 1.27404175971e-05
South 1.27316614437e-05

row17col18
West 1.19879588329e-05
East 1.19877926898e-05
North 1.20086451917e-05
South 0.203910146254

row17col19
West 1.1925938098e-05
East 1.18982433023e-05
North 1.19145850109e-05
South 0.193714633093

row17col20
West 1.18079787556e-05
East 1.17937146344e-05
North 1.17903483719e-05
South 0.184028790772

row17col21
West 1.16873898643e-05
East 1.16808287401e-05
North 1.17040865145e-05
South 0.17482736362

row17col22
West 1.15540798659e-05
East 1.1542735431e-05
North 1.15564941161e-05
South 0.166085994039

row18col1
West 1.37595986661e-05
East 1.37761548866e-05
North 0.340567181359
South 1.37297640192e-05

row18col2
West 1.38034264589e-05
East 1.38206960543e-05
North 0.358491769852
South 1.37564237068e-05

row18col3
West 0.340567181359
East 1.37643175977e-05
North 1.37665184796e-05
South 1.37740981311e-05

row18col4
West 0.323538813333
East 1.36965649202e-05
North 1.37057058556e-05
South 1.3702850112e-05

row18col6
West 1.46651936329e-05
East 1.4635617773e-05
North 0.358491745654
South 1.47029215796e-05

row18col7
West 1.47085069467e-05
East 3.9331430182e-05
North 0.377359757739
South 1.93270654235e-05

row18col8
West 0.358491769852
East 1.46679846838e-05
North 2.37312640735e-05
South 1.53939247125e-05

row18col9
West 0.340567181359
East 1.45249639617e-05
North 1.4562910297e-05
South 1.45489053999e-05

row18col10
West 0.323538822291
East 1.44410690385e-05
North 1.4460410441e-05
South 1.44384452838e-05

row18col11
West 1.43459751668e-05
East 1.43597237431e-05
North 0.307361702472
South 1.43501583989e-05

row18col13
West 1.25998713427e-05
East 0.22593922634
North 1.26074104455e-05
South 1.25966050751e-05

row18col14
West 1.26392056379e-05
East 0.237830764569
North 1.26453984938e-05
South 1.26268437613e-05

row18col15
West 1.26704019647e-05
East 1.26691254053e-05
North 0.25034817323
South 1.26584769601e-05

row18col16
West 1.2586971894e-05
East 1.25595331819e-05
North 0.237830764569
South 1.25608692174e-05

row18col17
West 0.22593922634
East 1.23320452176e-05
North 1.23361724432e-05
South 1.23491582813e-05

row18col18
West 0.214642265023
East 1.21127859518e-05
North 1.2123451179e-05
South 1.21197578077e-05

row18col19
West 0.203910151772
East 1.19658143005e-05
North 1.19737161606e-05
South 1.1985330038e-05

row18col20
West 0.193714644183
East 1.18257844404e-05
North 1.18527029559e-05
South 1.18396768306e-05

row18col21
West 0.184028911974
East 1.17023924487e-05
North 1.16826111807e-05
South 1.16851657852e-05

row18col22
West 0.174827466375
East 1.16043087651e-05
North 1.15866965844e-05
South 1.15815252124e-05

row19col1
West 1.36684628887e-05
East 1.36745521625e-05
North 0.323538724798
South 1.36895118921e-05

row19col2
West 1.36865191689e-05
East 1.37290165991e-05
North 0.340567088681
South 1.37316934991e-05

row19col3
West 1.37111881074e-05
East 1.36998563111e-05
North 0.323538822291
South 1.37074971881e-05

row19col4
West 0.307361801126
East 1.35773968907e-05
North 1.36438976592e-05
South 1.36434261893e-05

row19col6
West 1.46756896077e-05
East 0.340567153727
North 1.46372835482e-05
South 1.46237138579e-05

row19col7
West 1.46432513884e-05
East 1.50024412517e-05
North 0.358491769852
South 1.4634314102e-05

row19col8
West 0.34056714431
East 1.45723432038e-05
North 1.45966333649e-05
South 1.45866679879e-05

row19col9
West 1.4495665834e-05
East 1.44959796456e-05
North 0.323538815365
South 1.44676123157e-05

row19col10
West 1.43648089709e-05
East 1.43709116008e-05
North 0.307361881176
South 1.437310462e-05

row19col11
West 0.291993367052
East 1.42895160037e-05
North 1.42822796749e-05
South 1.42849970519e-05

row19col13
West 1.25670713034e-05
East 1.25786021676e-05
North 0.214642237987
South 1.25748138033e-05

row19col14
West 1.25891041174e-05
East 0.22593916251
North 1.25852092654e-05
South 1.25753796829e-05

row19col15
West 1.26058457486e-05
East 1.25729716019e-05
North 0.237830764569
South 1.26289739911e-05

row19col16
West 1.25348131451e-05
East 1.25271034362e-05
North 0.225939213099
South 1.25426565087e-05

row19col18
West 1.20065990623e-05
East 1.20057085724e-05
North 0.203910146259
South 1.20251903687e-05

row19col19
West 1.19294758951e-05
East 1.19185615221e-05
North 0.193714637348
South 1.19254405826e-05

row19col20
West 1.18129654562e-05
East 1.18127282791e-05
North 0.184028895483
South 1.17904999257e-05

row19col21
West 1.16846494746e-05
East 1.16811252974e-05
North 0.174827466375
South 1.16753575174e-05

row19col22
West 0.166086056036
East 1.15601957687e-05
North 1.15724106002e-05
South 1.15755839729e-05
