
1
1 0.122085152221
3 0.94082190138
2 0.358182446266
4 0.0443455580473

2
1 1.0
3 0.991521963307
2 0.999016698472
4 0.985840130887

3
1 0.303542573507
3 0.17468227955
2 0.355590169488
4 0.941089270607

4
1 0.0
3 0.00327695746074
2 0.0
4 0.0

5
1 5.47718909068e-16
3 0.0592643636727
2 0.0
4 0.0

6
1 9.00538435341e-15
3 3.42613826989e-15
2 0.194197185157
4 5.47718909068e-16

7
1 2.12894717612e-13
3 6.85700891346e-12
2 0.116575587448
4 2.641174228e-14

8
1 4.8236805193e-12
3 2.69251520097e-12
2 0.090458284433
4 3.15049665727e-13

9
1 9.20445373438e-14
3 8.39443359031e-15
2 0.0514819110771
4 9.36268522786e-12

10
1 0.000548071339795
3 2.46793334917e-13
2 0.0221481121809
4 3.94253396164e-14

11
1 9.75391495876e-14
3 2.83394114447e-15
2 0.053193694355
4 1.63906413799e-13

12
1 2.03637763476e-14
3 4.81006834299e-16
2 0.0964410308941
4 5.90181563531e-13

13
1 0.0
3 0.00123092443699
2 0.147424334214
4 0.0

14
1 0.0
3 5.011819226e-07
2 4.9366085247e-18
4 0.0343589215506

15
1 0.0
3 0.0
2 0.0
4 0.00198929903922

16
1 0.878845123207
3 0.891911013525
2 0.318804835471
4 0.0810118723097

17
1 0.947260357797
3 0.819798204939
2 0.847715946951
4 0.826009036688

18
1 0.890220731919
3 0.176401542078
2 0.301790158832
4 0.816288296369

19
1 0.0
3 0.00750279303745
2 0.0
4 0.0

20
1 0.00171494864766
3 0.0877204818767
2 0.0
4 0.0

21
1 0.0058353864584
3 0.365295590238
2 0.00688256074647
4 0.00215868938923

22
1 0.0025131372906
3 0.0461071708181
2 0.436813187821
4 0.0287780055454

23
1 0.00241454716524
3 2.1108790094e-06
2 0.385927245325
4 1.68697280212e-08

24
1 7.69534237537e-06
3 2.21989887692e-12
2 0.211384745123
4 1.11957630159e-07

25
1 0.000548071339857
3 2.13804785877e-11
2 0.109259989043
4 1.54924366506e-09

26
1 9.78491658619e-06
3 1.44272735522e-12
2 0.270576056331
4 0.00309535026746

27
1 0.0173533937717
3 0.0228783160546
2 0.349639278083
4 0.0247012047867

28
1 9.47694717568e-07
3 8.31178455811e-05
2 0.00367858806077
4 0.286028394557

29
1 0.000818979187952
3 4.9366085247e-18
2 0.0
4 0.0702562542179

30
1 0.0
3 0.0
2 0.0
4 0.00800889887093

31
1 0.823628053345
3 0.638481741866
2 0.159495797574
4 0.130075945773

32
1 0.896111615429
3 0.730135139195
2 0.805741636007
4 0.759224952601

33
1 0.811641431203
3 0.153841536711
2 0.0781384375076
4 0.613457150544

34
1 0.0
3 0.0044770378573
2 0.0
4 0.0

35
1 0.0
3 0.0485896604639
2 0.000121166384417
4 0.0

36
1 0.173723712003
3 0.002886292463
2 0.00740846010814
4 8.80296882166e-15

37
1 0.0825574167932
3 0.476698350571
2 0.0806319821577
4 0.0358798681658

38
1 0.119200620931
3 0.1181122869
2 0.509082349511
4 0.114528410852

39
1 1.21603834073e-08
3 0.00944798563586
2 9.3557037152e-09
4 0.435299377585

40
1 1.2115195318e-05
3 0.313402624842
2 0.0293580284655
4 0.0127280994606

41
1 0.0470550246927
3 0.0667419170172
2 0.42615006751
4 0.0726050832164

42
1 0.0719982577078
3 0.101227460358
2 0.0821258764994
4 0.390002991364

43
1 0.11888887163
3 0.00139205537916
2 0.00297460949995
4 0.00264576691489

44
1 4.9366085247e-18
3 0.000205840341074
2 0.0
4 0.0293062675783

45
1 9.43688948258e-05
3 0.0
2 0.0
4 0.00433348086471

46
1 0.141002050404
3 0.799610120846
2 0.26378043229
4 0.196348231421

47
1 0.846936946487
3 0.761295946986
2 0.757532155425
4 0.759804426684

48
1 0.743258802763
3 0.729213897039
2 0.723502556911
4 0.800398205301

49
1 0.541277021997
3 0.561078834265
2 0.675126376866
4 0.516319876958

50
1 0.376456517658
3 0.504197504594
2 0.524800687988
4 0.639271825473

51
1 0.3061302321
3 0.439117901195
2 0.474024561956
4 0.602742870563

52
1 0.246065804838
3 0.42139501469
2 0.449100687285
4 0.565719418379

53
1 0.349120422218
3 0.370996571833
2 0.351981715806
4 0.536424828539

54
1 0.142302495075
3 0.267774245283
2 0.293826829551
4 0.509166949698

55
1 0.143869804153
3 0.206274795362
2 0.20385352837
4 0.48054096008

56
1 0.0673551605441
3 0.0330726420087
2 0.126024540236
4 0.452622183295

57
1 8.5555900687e-15
3 8.82983519708e-10
2 3.22454192955e-16
4 0.201927911757

58
1 1.53884609265e-25
3 1.42376126275e-22
2 0.000975627840944
4 1.53884609265e-25

59
1 0.0
3 4.04693252504e-26
2 0.00636435412079
4 3.77292347305e-24

60
1 4.04693252504e-26
3 0.0
2 0.000224032079499
4 8.51985794746e-25

61
1 0.715383513421
3 0.103673095783
2 0.00248437271328
4 0.00801092977485

62
1 0.798236684298
3 0.505996906906
2 0.477322058875
4 0.323251037558

63
1 0.754285420656
3 0.679250967035
2 0.656444266719
4 0.751554549404

64
1 0.640994915467
3 0.641329952736
2 0.643377151297
4 0.711033910737

65
1 0.40717193599
3 0.410100594585
2 0.488658184906
4 0.675112056784

66
1 0.37535553159
3 0.278877816406
2 0.332305016531
4 0.637009756564

67
1 0.263210608985
3 0.295906906511
2 0.322868411643
4 0.602821134259

68
1 0.290718530454
3 0.236177473755
2 0.243227561579
4 0.573129759546

69
1 0.181701625083
3 0.151610570331
2 0.208913027326
4 0.541547098128

70
1 0.146908741938
3 0.0484297535551
2 0.0595817877477
4 0.500391339727

71
1 0.0213660000168
3 0.00682960346287
2 0.0190907464899
4 0.406069084566

72
1 4.43197014311e-15
3 3.22454192955e-16
2 5.41201973963e-08
4 0.142023604575

73
1 4.18420203449e-10
3 3.24814484891e-06
2 0.0217106206513
4 2.242217658e-08

74
1 1.95823133483e-13
3 0.0
2 0.0459690184617
4 0.000357772544412

75
1 0.0
3 0.0
2 0.00598035713528
4 1.51178305436e-21

76
1 0.357860618379
3 0.028153289893
2 1.65469042155e-05
4 8.15472160813e-06

77
1 0.752706939851
3 0.171332642404
2 0.113148130604
4 0.0706334043629

78
1 0.710203401932
3 0.0362818703197
2 0.0647319374315
4 0.153358220605

79
1 0.673194589519
3 0.53982849435
2 0.408681447519
4 0.407198513597

80
1 0.525426921915
3 0.489931846825
2 0.451493753122
4 0.636873561865

81
1 0.526056796198
3 0.48833135139
2 0.361522743373
4 0.605429809814

82
1 0.495309554548
3 0.394683705355
2 0.377484367333
4 0.572332615016

83
1 0.427247885636
3 0.294574595399
2 0.330467118332
4 0.538312318926

84
1 0.353259712949
3 0.375656556794
2 0.309927751488
4 0.506077820396

85
1 0.290626325182
3 0.334530540684
2 0.330472107817
4 0.478674368127

86
1 0.205065157645
3 0.167854030691
2 0.136979343336
4 0.452673108752

87
1 0.0311961112641
3 0.163302414382
2 0.177255250591
4 0.427634720571

88
1 3.90680484255e-07
3 0.0767636635246
2 0.00301908771544
4 1.68259691306e-06

89
1 0.00184926010642
3 0.00272972879078
2 0.174677370276
4 0.00264688217423

90
1 9.04443287098e-06
3 0.0
2 0.00117266665342
4 0.0553990134484

91
1 0.00610468803366
3 0.548442183212
2 0.000304569456231
4 0.0204176293943

92
1 0.704894465596
3 0.0243054069529
2 0.051277014388
4 0.0512908558434

93
1 0.024296700838
3 0.0
2 0.0022699446187
4 0.526830957588

94
1 1.67447379096e-27
3 0.000227829308657
2 9.16819430471e-26
4 3.26522389237e-27

95
1 8.50569412842e-26
3 0.00601998087659
2 2.78676967758e-24
4 9.26378160362e-27

96
1 0.00239516927649
3 0.0
2 0.066103038345
4 4.07814125929e-25

97
1 1.58973583326e-23
3 0.0173280233745
2 2.32513847744e-18
4 3.26452966619e-23

98
1 0.00305873485506
3 0.103865080044
2 0.0170286544438
4 0.000942379918174

99
1 0.0101353312915
3 4.1519801284e-21
2 0.28228994909
4 0.00144377354347

100
1 0.452330544049
3 0.148453989713
2 0.185652125984
4 0.139798644685

101
1 0.410737850933
3 0.034594903404
2 0.036500445361
4 0.107687546517

102
1 0.401886859997
3 0.0961380251279
2 0.13889039752
4 0.209393268243

103
1 0.0260328319552
3 0.0517967566925
2 0.300519077964
4 0.0223618678537

104
1 0.0066161837876
3 0.0104023727932
2 0.00408702852796
4 0.245901432114

105
1 3.77611432574e-22
3 0.0
2 1.39629418357e-07
4 0.0342172816411

106
1 0.229293903407
3 0.0
2 0.0
4 0.0

107
1 0.387287539241
3 0.0
2 0.0
4 0.0

108
1 0.216664010778
3 0.0
2 0.0
4 0.0

109
1 5.63095481241e-27
3 0.00802594112932
2 5.32708875746e-26
4 9.16819430471e-26

110
1 1.97676037532e-25
3 0.066419791014
2 4.04142476581e-25
4 1.24094864087e-25

111
1 0.000423776450155
3 0.229078299421
2 0.00712846546683
4 2.1169801612e-24

112
1 4.82412575333e-07
3 0.302802204302
2 2.21568219702e-06
4 0.00324759463994

113
1 0.0107620474526
3 0.362692649339
2 0.03366746935
4 0.0127310643949

114
1 0.0430990585663
3 0.401793156693
2 0.0470555738743
4 0.0578252718252

115
1 0.426050520901
3 0.0438285082956
2 0.0519521259346
4 0.0870306873282

116
1 0.253768450889
3 0.0352160694109
2 0.00010119171573
4 0.0536668615531

117
1 0.376478144635
3 0.0911385489576
2 0.0369256191728
4 0.0766274289874

118
1 0.0528656604576
3 0.0454579529246
2 0.0342141957043
4 0.344755165489

119
1 0.0
3 1.28709751094e-09
2 0.000328571503063
4 0.168731261843

120
1 1.01675787219e-21
3 3.37603532463e-21
2 1.51426772101e-19
4 0.0268347593075

121
1 0.0328263858056
3 0.0
2 0.0
4 0.0

122
1 0.0655111901206
3 0.0
2 0.0
4 0.0

123
1 0.0325380710051
3 0.0
2 0.0
4 0.0

124
1 2.78834373604e-29
3 0.00189003352917
2 0.0
4 1.32940537336e-07

125
1 3.01029140114e-24
3 0.0251647650621
2 7.56059235684e-26
4 0.0

126
1 0.102490394785
3 2.51961699668e-24
2 6.35597348669e-07
4 7.20434418723e-25

127
1 0.0
3 0.0151845344073
2 0.0
4 0.0

128
1 0.0466302868909
3 0.0859395698242
2 2.37440813414e-22
4 0.000289674057379

129
1 0.269229758383
3 6.34307627436e-21
2 0.0119035714719
4 0.00367158252488

130
1 0.193923899746
3 0.00650757337929
2 0.00634135622227
4 0.00815731062081

131
1 0.0266123106893
3 7.1768112608e-13
2 1.51948255092e-19
4 4.2113405902e-18

132
1 0.180932018224
3 1.90660636003e-20
2 1.15819772461e-20
4 3.57827074466e-18

133
1 0.195428690543
3 1.54484116222e-17
2 3.24448127772e-17
4 0.00789823808404

134
1 1.93712983918e-16
3 3.33079314786e-19
2 1.42859695009e-17
4 0.053056702492

135
1 8.8746349995e-21
3 0.0
2 1.28762494638e-20
4 0.00727032098192

136
1 0.0
3 0.0
2 0.0
4 0.0
