0.132039976361
0.123971068569
0.143590478187
0.142959617891
0.145763473596
0.148664517499
0.149868572678
0.153264196232
0.156027655403
0.160640631097
0.16103659696
0.161535741582
0.167094130782
0.165568933594
0.168375257389
0.172355956344
0.17480983681
0.173095638958
0.175212724683
0.177027288593
0.179251915689
0.181769182618
0.183520449376
0.183776866775
0.186884437197
0.189020437531
0.190396035327
0.192126695246
0.195437382914
0.197593615594
0.20046232679
0.201197050505
0.202827042779
0.203705618717
0.205077696503
0.205946921204
0.206151563272
0.206891335861
0.207886973697
0.209360245516
0.210507075639
0.211797114299
0.212721862699
0.214775105493
0.215391830758
0.217665337732
0.218938168521
0.22044404661
0.221887725278
0.222791086298
0.224030458217
0.22449394863
0.226135411866
0.227008472174
0.227466584958
0.227955444176
0.229759371063
0.231007457265
0.232015755956
0.233392096548
0.234578639542
0.235552569909
0.236167866248
0.236998153964
0.237103637773
0.237835929378
0.238335450151
0.239404445711
0.239983572928
0.241315215702
0.242094696214
0.24272549605
0.243950816341
0.245249430729
0.245892480767
0.246440821375
0.246971611322
0.24845066604
0.248738626823
0.249613377687
0.250257741196
0.251051925601
0.251997697595
0.253045123435
0.253309456064
0.254141896368
0.254710132904
0.25528684178
0.255747651297
0.256800920964
0.257431086056
0.257960414122
0.259072676744
0.259669880548
0.260298865559
0.261128384157
0.261620334357
0.262534696961
0.262993430295
0.263814356379
0.264613356144
0.264990201083
0.265566155067
0.266258925371
0.266707387879
0.267325758014
0.267982492554
0.268326358816
0.268779430292
0.269251297668
0.269858157922
0.270544413512
0.270901692512
0.271537688034
0.272000250489
0.27264817745
0.273132415896
0.273790378654
0.274398987583
0.274470466318
0.275020095336
0.275575341443
0.275761972555
0.276447222488
0.277366383624
0.278100896575
0.278432114075
0.278676686348
0.279294141546
0.279865827996
0.280560101718
0.281251420926
0.281881785125
0.282729309204
0.283400949059
0.283904027448
0.28462883227
0.285013924086
0.285459029546
0.28584360974
0.286499565647
0.287371006396
0.288215608312
0.288786504317
0.289202504653
0.289659020055
0.290315318791
0.290852651738
0.291270200784
0.291747026574
0.292131324892
0.292713716462
0.293049915001
0.293474812838
0.293937276685
0.294250074956
0.294813965185
0.295186054421
0.295604669095
0.296237728117
0.296573369021
0.297060520303
0.297523723587
0.297818836516
0.298060959715
0.29852001717
0.298858503802
0.299173068281
0.299330602016
0.299762216555
0.30012446995
0.300778324166
0.301154554016
0.301139418685
0.301488735083
0.302200681583
0.302636150446
0.303194211975
0.303537527459
0.30392704564
0.304351246099
0.304793446061
0.305153425111
0.30547561236
0.305800089287
0.306243999133
0.306604066079
0.307033158072
0.307260010211
0.307708983291
0.308108578177
0.308492761006
0.308853390589
0.309354544353
0.309733773053
0.310030699843
0.310442648891
0.310903396927
0.311468101929
0.311586067256
0.312036728329
0.312312628144
0.312680247266
0.313106395432
0.31339224511
0.31375200171
0.314048109808
0.31432517632
0.314581683171
0.314941159369
0.315184441289
0.315522993354
0.315812734302
0.316035625957
0.316465352783
0.3167310141
0.316992030171
0.317296149353
0.317797858806
0.318172085309
0.318363041128
0.318618819054
0.31889373561
0.319230443472
0.319411508691
0.319720401572
0.320126482279
0.320296991362
0.320556672756
0.32095207902
0.321093027746
0.321217482771
0.321467988724
0.321651601099
0.322025324461
0.322288467225
0.322577969074
0.322896625113
0.323108479096
0.323410512692
0.323667608042
0.324028990031
0.324184882693
0.324360266372
0.324752135479
0.324979025561
0.325223639064
0.325414574252
0.325677046545
0.325818129108
0.326021895359
0.326175343985
0.326406598959
0.326711032578
0.32686535109
0.327127363415
0.327400883215
0.327587677216
0.327879974984
0.327977545391
0.328053078165
0.328200062044
0.328406767541
0.328594930853
0.328751622771
0.328990886887
0.329306359296
0.329630541589
0.329794688333
0.330006879532
0.330154517264
0.330424987162
0.33083570837
0.330987614662
0.331357871934
0.331574440472
0.331786347273
0.331962748073
0.332175826423
0.332319327303
0.332418861964
0.332599895776
0.332754261361
0.332833257496
0.333077938436
0.333236673649
0.333451627406
0.333628534929
0.333825379441
0.334006872052
0.334113895115
0.334227223915
0.3343202367
0.334514715727
0.33470418615
0.334999897729
0.335049812496
0.335265888907
0.335623439041
0.335860413019
0.336090332041
0.336238021531
0.336302480436
0.336539622735
0.336642345117
0.33670805475
0.336852675072
0.336992364552
0.337167820444
0.337349276132
0.337554623777
0.337679980706
0.337781791327
0.338002634912
0.338131812376
0.338308968456
0.338505781211
0.338637486933
0.338854352262
0.338933065311
0.339130181747
0.339239916991
0.339455939101
0.339597519542
0.339685988246
0.33988642649
0.339980590918
0.340068869332
0.340162038841
0.340372547964
0.340577100343
0.340749930816
0.340823942637
0.340962504387
0.341054357861
0.34122853302
0.341453669488
0.341563499396
0.341683734376
0.341759409634
0.341969655299
0.342109339406
0.342178957251
0.342321970872
0.342538775218
0.342625401347
0.342702506198
0.342914127713
0.343061177933
0.34307312823
0.343201528655
0.343351105838
0.343441226134
0.343686900171
0.343831497338
0.344010284444
0.344078312778
0.344269063216
0.344369799801
0.344459022707
0.344569227519
0.344677581657
0.344735095434
0.344875652441
0.345024995404
0.345124922
0.345118680198
0.345310499843
0.345385221308
0.345371767063
0.345431709573
0.345494869461
0.3456606703
0.345819608907
0.345920630668
0.345984907411
0.346069200865
0.346206146683
0.346297354169
0.346368561118
0.346505174339
0.346592825659
0.346755373747
0.346866382337
0.346927330619
0.347125323282
0.347281960487
0.347346213503
0.347527303688
0.347653547357
0.347734683444
0.347736667396
0.347820012864
0.347913590952
0.347987441081
0.348082659669
0.348221721817
0.348245208179
0.348325730247
0.348421156263
0.348445448227
0.348476585827
0.348596722312
0.348801962249
0.348942516752
0.349025734196
0.349119290662
0.349137871117
0.349178861439
0.349281090115
0.349367184944
0.349410772888
0.349445967413
0.349441706332
0.349492111263
0.349616254759
0.349713250257
0.349812989973
0.349870980747
0.349940803454
0.349986588246
0.350036409728
0.350180151058
0.350202521266
0.350330190951
0.350387485772
0.350543730363
0.350637739137
0.350689143938
0.350724009652
0.350780107
0.35091016122
0.350970303674
0.351109335027
0.351243730631
0.351348096326
0.35139857454
0.351482113215
0.35159135542
0.351639777468
0.351689867919
0.35177126237
0.351776964235
0.351846611973
0.351902727952
0.351932092608
0.352081306316
0.352199448626
0.352220979791
0.352310299985
0.352424151635
0.352468009469
0.352529974491
0.352639777549
0.352654491888
0.352758297063
0.352878563235
0.352991353213
0.353040444656
0.353064516408
0.353110559153
0.353189236656
0.35329397618
0.353368060963
0.353424053002
0.353485909324
0.353553491102
0.353635943257
0.353736264105
0.353817237641
0.35395222107
0.353988287632
0.35401142227
0.354111979851
0.354209556531
0.354288132959
0.354412144259
0.354462115542
0.354512663497
0.354547073315
0.354604184219
0.354639310427
0.354778065991
0.354888478231
0.354968614609
0.355057071726
0.355230833787
0.3553292189
0.355385138829
0.35545269223
0.355513227226
0.355651788762
0.355664494686
0.35575788317
0.355824611927
0.35600973595
0.356056637583
0.356146735539
0.356146171191
0.356136512628
0.356275500588
0.356425529749
0.356536258743
0.356612545688
0.356709777897
0.356768977718
0.356848234553
0.356912469658
0.357041562798
0.357220149893
0.357235462663
0.35725498901
0.357313616152
0.357355258198
0.35746154541
0.357553120043
0.357606616268
0.357641108562
0.357698086482
0.357852568736
0.357866358812
0.357913823329
0.357964813861
0.358078490958
0.358209093371
0.358253703754
0.358306683823
0.358327214953
0.358282580054
0.358273173855
0.358345727253
0.358423176355
0.358425703261
0.358470471662
0.358589816468
0.358540421076
0.358567622125
0.358620270279
0.358597108854
0.358627242363
0.358638007175
0.358740632849
0.358828595704
0.358804178715
0.358879066479
0.358989714045
0.358998019387
0.359002773804
0.359026425977
0.359078974992
0.359143718034
0.359193593531
0.359232299987
0.359265273489
0.359312017175
0.359344028845
0.359430278224
0.359544288924
0.359602107656
0.359643670057
0.359658301334
0.35973881103
0.359841651829
0.359862996999
0.359873293181
0.359916931748
0.359903500741
0.359922213811
0.359944400089
0.35993596458
0.359929951814
0.360015137302
0.360124267207
0.360179025031
0.360220550556
0.360248615789
0.360280830071
0.360338898476
0.360366299708
0.36037952069
0.360443329887
0.360473057445
0.360558623255
0.360618809374
0.360643255657
0.360654317889
0.360669563451
0.360796462019
0.360802433224
0.360894404154
0.3610010298
0.361061453654
0.361076901678
0.361112961245
0.361143118112
0.361177510981
0.361174358846
0.361223959627
0.361252569607
0.361290762454
0.361330286568
0.361345195578
0.36139625604
0.361430483217
0.36149921259
0.361545600411
0.361578159799
0.361661660741
0.361761181473
0.361843590264
0.361909589821
0.36198632017
0.362065027018
0.362105919799
0.362126435331
0.362130343655
0.36210365441
0.362146743297
0.362154532503
0.36214893011
0.362249170522
0.362365168478
0.362378752892
0.362401272345
0.362394997464
0.362452949944
0.362491225524
0.362495217686
0.36253737702
0.362580435016
0.362613359337
0.362678778289
0.362718208677
0.362748299383
0.362808503374
0.362814260083
0.362929414048
0.363010376992
0.363099352274
0.363158827399
0.363207309837
0.363215650275
0.363272240754
0.363327027477
0.363365412988
0.363409961437
0.363470571052
0.363546710129
0.363617827072
0.36359997623
0.363680319488
0.363668941019
0.363668790281
0.363708055199
0.363788986745
0.363815780588
0.363804272652
0.363841120964
0.363872784998
0.36387082747
0.36387492114
0.363911816155
0.36396148248
0.364011656505
0.36401724419
0.36406841324
0.364064309923
0.364118051044
0.364136117988
0.364148727608
0.364243112459
0.364353652706
0.364404702547
0.364451324429
0.364466463701
0.364523441084
0.364527999633
0.3645434431
0.364606738901
0.364688332497
0.364739451401
0.364795140653
0.364874676421
0.364893578765
0.36485173627
0.364878073129
0.364944213534
0.364978534375
0.365029700046
0.364992920657
0.365057497817
0.365092168841
0.3651360594
0.365173588146
0.365181816773
0.365221352094
0.365245936179
0.365265377924
0.36530571734
0.365354182618
0.365393226254
0.365424059028
0.365488508471
0.365493215164
0.365484783575
0.365497801841
0.365494196054
0.365610469299
0.365598697657
0.365603355839
0.365662077086
0.365682490441
0.365693262453
0.365754007495
0.365789244052
0.365872602504
0.365968799463
0.366056293633
0.366075096186
0.366111348678
0.366137491056
0.366140629221
0.366150964243
0.366177562555
0.366209919444
0.36629375049
0.366380613069
0.366414705195
0.366423304623
0.36646431657
0.366497000023
0.36652237149
0.366526370214
0.36654203293
0.366526228146
0.366541013007
0.366555698784
0.366592133686
0.366620489656
0.366653644871
0.366699001629
0.366663848827
0.366739072315
0.366775248737
0.366786381663
0.36687047801
0.366926466189
0.366931636559
0.366998747765
0.367003080776
0.367030946864
0.367068224732
0.367080818697
0.36710512139
0.367129779804
0.367136515814
0.367132317775
0.367111854601
0.367156793921
0.367133160922
0.367202193501
0.36720265904
0.36724242643
0.367315192264
0.36735312678
0.367372634731
0.367387456267
0.367431922967
0.367439058923
0.367484602914
0.367499784812
0.36754453612
0.367609189565
0.367656563845
0.367675149173
0.367720671183
0.36771772225
0.367790629081
0.367829277042
0.367822880141
0.367924988418
0.367966600642
0.367973942665
0.367991090152
0.368039884719
0.368135844576
0.368161488877
0.368158543898
0.368200826922
0.368229280688
0.368261222647
0.36825853148
0.368287282525
0.368299137853
0.368322132958
0.368368660524
0.368356246916
0.36840050522
0.368388325253
0.368418456882
0.368446164576
0.368508074586
0.368529710386
0.368535761964
0.368556373891
0.368621980072
0.36864243628
0.368654686284
0.368644650914
0.368715600106
0.368737038131
0.368764850075
0.368756931574
0.368769212076
0.36877439519
0.368769902231
0.368775373424
0.368779222104
0.368820755509
0.368827892898
0.368864546387
0.368875589771
0.368926686608
0.368967217008
0.368948427354
0.368906472597
0.368924929183
0.368927782428
0.368917005999
0.36894949351
0.368997467951
0.369001713201
0.368984066257
0.369044260679
0.369093805041
0.36910893534
0.369145163682
0.369160127382
0.36920758671
0.369204126588
0.369224243114
0.369268014017
0.369260652177
0.369332954722
0.369361140573
0.369359276714
0.369372255902
0.369416322982
0.369446001023
0.36947220436
0.369498529962
0.369516765723
0.36956199486
0.369542295859
0.369575540521
0.369601346217
0.36961832784
0.369621766024
0.369629788967
0.369648042753
0.369708617167
0.369752037671
0.369769202289
0.369785819774
0.369791053999
0.369792465284
0.369833495378
0.369871663422
0.369906516494
0.369920098203
0.369927198616
0.369970777658
0.370007713509
0.369990076863
0.370021952916
0.370022996245
0.370008998466
0.370014867535
0.370046886784
0.37007444509
0.370083619805
0.37011855293
0.370130126191
0.370156375516
0.37020133806
0.370237341905
0.370274115447
0.370300781498
0.370345412814
0.370325968758
0.370366521415
0.370381331077
0.370417862729
0.370429923548
0.370451376983
0.370437103324
0.370435742664
0.370442595642
0.37045831454
0.370439558752
0.370473169047
0.370500353233
0.370502494506
0.370513856297
0.370556362402
0.370580165585
0.370585484848
0.370605949862
0.370624611899
0.370649123101
0.370653647258
0.370646999149
0.370671149572
0.370739610295
0.370724690532
0.370752382335
0.37076202728
0.370778017283
0.370830821435
0.370878511352
0.370900010025
0.370917887938
0.370928105964
0.370961377773
0.371014485784
0.371034179099
0.371049949775
0.371044030999
0.371049069979
0.371060365317
0.371076292062
0.371093409172
0.371122494461
0.371129659021
0.371127354685
0.371141124453
0.371134141927
0.37112661258
0.371129373645
0.371151910039
0.371161694256
0.371144345413
0.371180116511
0.371175443159
0.371190941817
0.371209712017
0.371204235151
0.371164034999
0.371193608831
0.371229511643
0.371284391147
0.371294423455
0.371276189187
0.371256874935
0.371257445229
0.371274035674
0.371336145407
0.371348427864
0.371319241235
0.371318403541
0.371328552231
0.371358980096
0.371358488306
0.371373482262
0.37139127091
0.371418423659
0.371423740127
0.371443847984
0.371468050084
0.371505481643
0.371511717932
0.371522439296
0.371510424617
0.371546039357
0.37160613149
0.371627798511
0.371643012319
0.371691777379
0.371707400041
0.371703351019
0.37168752107
0.371685585724
0.371713182587
0.371772908639
0.371801915142
0.371839173594
0.371821470073
0.371848660055
0.371861755376
0.371842621969
0.37183774553
0.37184885623
0.371851053797
0.371880805572
0.37188653075
0.371904644993
0.371915407581
0.371921286121
0.371956452522
0.371947124744
0.371955513165
0.371980991273
0.372015299556
0.372042702928
0.372052103597
0.372090037122
0.372101373881
0.372114622527
0.372104151729
0.372161303126
0.372150661368
0.372170580261
0.372214827112
0.372200325299
0.372207175152
0.372234191033
0.372258867723
0.372271493095
0.372267561039
0.372275647898
0.372246061647
0.372258861983
0.372249761769
0.37227393798
0.372311184076
0.372297661649
0.372314888168
0.372307844324
0.372290369814
0.372320927866
0.372321687127
0.37234574218
0.372372808053
0.372343803611
0.372353388847
0.372377626461
0.372376549464
0.372389354755
0.372414943357
0.372471461614
0.372475604708
0.372509552343
0.37251584697
0.372561423303
0.372569878467
0.372589546052
0.372629232629
0.372625629442
0.372626329536
0.372662592634
0.372696319927
0.37273413292
0.37274461059
0.372762285716
0.372792727684
0.372822402985
0.372847081086
0.372900668951
0.372891547847
0.372893166088
0.372895155371
0.37289988975
0.372924662027
0.372923639052
0.372931912064
0.372937781823
0.372950093496
0.372940907395
0.372974904524
0.37299091825
0.373026128129
0.373054186217
0.373084865458
0.373127683696
0.373128103723
0.373147760285
0.37316824883
0.373191432785
0.373211141774
0.373225245086
0.373240082763
0.37326390246
0.373266338222
0.373239834312
0.373219103296
0.373197678495
0.373227063577
0.37323247961
0.373250543745
0.373253803011
0.373269026702
0.373261116691
0.373270714229
0.373291530566
0.373256030145
0.37327444417
0.3733012234
0.373308696115
0.373303732342
0.373341015451
0.373368615839
0.373381997105
0.37338053396
0.373404820615
0.373422553583
0.373430616598
0.373465993172
0.373489200949
0.373498097036
0.373502719185
0.373543484554
0.373538343843
0.373522752389
0.373535969521
0.373569177683
0.373569217103
0.373588926464
0.373601077909
0.373621786128
0.373630848681
0.373652557299
0.373667000206
0.373677037696
0.373694571779
0.373691144241
0.373684462014
0.373726773447
0.373752626612
0.373769895725
0.373761557754
0.373776509141
0.373778964588
0.373788015271
0.373803041914
0.37381559047
0.373826401255
0.373846503842
0.373848378674
0.37387077577
0.373896019608
0.373908482623
0.373925026194
0.373923198621
0.373938726738
0.373933084049
0.373935845158
0.373927158976
0.373955786163
0.373966118789
0.37402359626
0.374023186666
0.374019060765
0.374044890709
0.37407559705
0.374107778654
0.374142022698
0.374141546499
0.374152989018
0.37417635477
0.374192247743
0.374238081263
0.37425190457
0.374246613246
0.374293916841
0.374326540765
0.374346357605
0.374369032325
0.374405884576
0.374442776096
0.374471551759
0.374514547701
0.374497123032
0.37450085442
0.374507173663
0.374520204583
0.374532331525
0.374566482887
0.374557414648
0.374536622252
0.374555738269
0.374540825116
0.374551433961
0.374609929612
0.374622193652
0.37462470426
0.374644883085
0.374675715665
0.37468105971
0.374701667194
0.374708444617
0.374731334221
0.374761597493
0.374780784873
0.374795790632
0.374828470395
0.374853635532
0.374867872938
0.374878237961
0.374885335183
0.374904895613
0.374937905524
0.374952208469
0.374967827474
0.374996809338
0.375003413817
0.375013688344
0.37503038077
0.375043772037
0.375062867776
0.375086871142
0.375094058376
0.375123269349
0.375136256124
0.375104360721
0.375125685243
0.375129152408
0.375109690356
0.375113285359
0.375150111649
0.375123711335
0.375101291511
0.375114082398
0.375111890779
0.375103780177
0.375117053781
0.375142515505
0.375143985145
0.37513577605
0.375145215435
0.375164061058
0.37515617925
0.375157788254
0.375182799602
0.375198507327
0.375220849795
0.37523688314
0.375232129144
0.375258939556
0.375267962565
0.375272333983
0.375293376373
0.375307909572
0.375345468344
0.375339681103
0.375322916239
0.375335420901
0.37531865494
0.375309588667
0.375316649086
0.375312552633
0.375333874165
0.37534975918
0.375342325419
0.375322699147
0.375349584991
0.375364764532
0.37535417156
0.375373918979
0.375365971766
0.375359829566
0.375395202702
0.375385011314
0.37542141499
0.375435689252
0.375424412541
0.375450825914
0.375472850338
0.375510475806
0.375554666779
0.375531566292
0.375536666325
0.375534028725
0.375528113
0.37548995481
0.375513089334
0.37555245097
0.375545950009
0.375551551129
0.375560336893
0.375561521804
0.375556521163
0.375574179326
0.375587950691
0.375579240525
0.375588585459
0.375581075622
0.375599854114
0.375623406828
0.37565109418
0.375656527102
0.375682994781
0.375696256291
0.375697998527
0.375723320062
0.375700827846
0.375740284516
0.375794616948
0.375808216314
0.375819464155
0.37583631071
0.37584372297
0.375868313348
0.375855004583
0.375864782681
0.375882203292
0.375914998003
0.37593197646
0.37593077959
0.375952765111
0.375968433216
0.375982558269
0.375993847405
0.376011040367
0.376022032269
0.376019678503
0.37600953024
0.376021337432
0.376033255274
0.376048806387
0.376021203044
0.376057088255
0.376074992795
0.376085906882
0.37608245652
0.376051197
0.376036096426
0.376026427126
0.376047777775
0.376064140918
0.37609876098
0.376098229937
0.376087752886
0.376080336955
0.376119855505
0.376114627762
0.376111707997
0.376110066043
0.376129181327
0.37613358226
0.376159050652
0.376150669216
0.376167160724
0.376174887301
0.376201359038
0.37619978889
0.376208945858
0.37624272827
0.376282266295
0.376293362652
0.376283146445
0.376273256642
0.376259836631
0.376309530363
0.376297799191
0.376329817082
0.376337331162
0.376326178811
0.376319316797
0.376338210512
0.376348967487
0.376352847455
0.376363915466
0.376367815883
0.376394554807
0.376402281081
0.376410067194
0.376392836943
0.376410742548
0.37642506079
0.376463153173
0.376446173485
0.376460526147
0.376464136506
0.376474280324
0.376475600765
0.376477096956
0.376464113141
0.376471033852
0.376463999622
0.376461776835
0.37645575702
0.37644783524
0.376448343168
0.376443862814
0.376461789082
0.376468667805
0.376464218731
0.376454467898
0.376463482364
0.376465386774
0.376455754072
0.376469857097
0.376441535238
0.376438386998
0.376451077582
0.376460124146
0.376449911253
0.376445133459
0.376435575341
0.376436456776
0.376435702333
0.376484802978
0.376506931702
0.376515022975
0.376535704924
0.376569697402
0.376581500599
0.376571639195
0.376607257977
0.37660646893
0.376641766943
0.376634903358
0.376703177151
0.376719230019
0.376729335953
0.376729973423
0.376748729316
0.376770123754
0.376779648546
0.37677726515
0.376816080668
0.376839697073
0.376838403135
0.37681444868
0.376841534374
0.376860355867
0.376857986219
0.376865042593
0.376858845023
0.376863237453
0.37683762118
0.376849264598
0.376847606156
0.376869901425
0.376889798133
0.376891803095
0.376915566403
0.376941040321
0.376951194221
0.376963942443
0.376985151143
0.37699502307
0.377010757256
0.3770292193
0.377059856773
0.377057226744
0.377062511219
0.377072567013
0.377086070295
0.377079413143
0.377073990435
0.377092962988
0.377093547993
0.377104816449
0.377098231755
0.377118663073
0.377148253376
0.377160611777
0.377173489245
0.377164825441
0.377178287225
0.377186609743
0.377199550998
0.377196101684
0.377205062133
0.37722961322
0.377223930251
0.377230271383
0.377237724912
0.377253108756
0.377283986311
0.377265500743
0.377266170437
0.377264708373
0.377256439772
0.377291741142
0.37728935063
0.377300321363
0.377306639589
0.377304089421
0.377317636574
0.377331266972
0.37736370329
0.377357065593
0.377358743882
0.377369213978
0.377384626941
0.377374093509
0.37739084511
0.377413971494
0.377435671545
0.377453753324
0.377456226141
0.377448530232
0.377477490238
0.377492401293
0.377483098384
0.377498381979
0.377521944707
0.377563236339
0.377587053895
0.377606249567
0.377615312703
0.377616474261
0.377621285489
0.377647403871
0.37764896923
0.377663342338
0.377656417394
0.377668375371
0.377690050813
0.377707119532
0.377704850743
0.377719500189
0.377727611922
0.37772775716
0.377748327119
0.377734887848
0.377739320784
0.377744221888
0.377744871628
0.377722940144
0.377723939135
0.377728125334
0.377744215909
0.377773686895
0.377760908222
0.377772893432
0.377767624803
0.377777899768
0.377784085413
0.377809906525
0.377818901424
0.377824639227
0.377825909857
0.37782975491
0.377795236657
0.377799319212
0.377795993912
0.377805227365
0.37782949322
0.377860272731
0.37786889631
0.377898206776
0.377916743563
0.377908950622
0.377919437055
0.377907870596
0.377905912978
0.377929889514
0.377958695492
0.37795013986
0.377966192411
0.377996266383
0.3779916264
0.378004127785
0.378004743619
0.378009408375
0.377984906349
0.377976336289
0.377966155098
0.377985409559
0.377983977533
0.377974686277
0.377996485623
0.378009150331
0.378007355275
0.378011838483
0.377997730076
0.377995079173
0.377992504479
0.377971874551
0.377976297076
0.377996989828
0.378025999023
0.37803233708
0.378042298055
0.378046665412
0.378040771076
0.378046753299
0.378065630814
0.378092245116
0.378098365586
0.378122329559
0.378138858296
0.378159386348
0.378146994413
0.378152818689
0.37817883626
0.378184496754
0.378192329477
0.378208911602
0.378235049482
0.378243497934
0.378238029914
0.3782521628
0.378253909932
0.378285204928
0.378269464555
0.378262360965
0.378261056685
0.378277427539
0.378267891868
0.378285196102
0.37828106153
0.37829126381
0.37830799564
0.378316707854
0.378332313762
0.378330458687
0.378339269898
0.378339038799
0.378349504873
0.378353215671
0.378359698712
0.378371018333
0.378391981722
0.378409561288
0.37843038477
0.378435031255
0.378423702997
0.378428545514
0.378429580548
0.37845450299
0.378461549142
0.378462624865
0.378470332965
0.378484237909
0.378500423753
0.37850426023
0.378522389492
0.378516252751
0.37853410798
0.37856228147
0.378561435763
0.378577629605
0.37857374825
0.378595807063
0.378585514695
0.37859480953
0.378613434286
0.37861535279
0.378606363188
0.378580176109
0.378584452487
0.378582147676
0.378564565878
0.378541800381
0.378545474874
0.378567856567
0.378554982932
0.378549708737
0.378547056021
0.378561527502
0.378579308766
0.378582041881
0.378597118833
0.378639354686
0.378637257434
0.378644533114
0.378635291278
0.378658750659
0.378673381761
0.378679829598
0.378681982991
0.378687962366
0.37868304599
0.378674717621
0.378688661687
0.378700786123
0.378690119824
0.378692235227
0.378699161038
0.37869559159
0.378704939847
0.378703472092
0.378700884903
0.3786910912
0.378709992615
0.37872171862
0.37873180017
0.378745408059
0.378773425777
0.378777668052
0.378770722672
0.378752926796
0.378751712063
0.378755999538
0.378762189456
0.378775808293
0.378786472022
0.378793098666
0.378788286573
0.37879781962
0.37880003785
0.37879854358
0.378812629345
0.378815252621
0.378814506516
0.37882467405
0.378817179292
0.378820472971
0.378833968252
0.378831798178
0.37884375746
0.378858127186
0.378896966411
0.378897472988
0.378891883841
0.378885409446
0.378894738899
0.378907687673
0.378922487657
0.378917160603
0.378906685923
0.378909060148
0.37889509983
0.378895101101
0.378896583807
0.378925603088
0.378919451025
0.378920332531
0.378905012747
0.378908169803
0.378924359321
0.378932154718
0.378929595699
0.378956811493
0.378962281324
0.378967718612
0.378954091685
0.378960295573
0.378989392807
0.379017373147
0.379006166204
0.379013843134
0.379021044928
0.379017789394
0.379004274855
0.379007320722
0.379018775913
0.379036257452
0.379039351379
0.379035286239
0.379035439271
0.379040097795
0.379045386806
0.379031086692
0.379047019733
0.379060084234
0.379069563318
0.379083797806
0.379093332379
0.379090235896
0.379080839554
0.379077810791
0.379094195351
0.379081859387
0.379090528858
0.379080787804
0.379096745125
0.379108041419
0.379121683172
0.379109245605
0.379128871384
0.379126570496
0.379124300268
0.379118779194
0.379128427103
0.379130786431
0.379133518336
0.379143150214
0.379154067814
0.379189029266
0.379204224751
0.379199322144
0.379203696833
0.379205095168
0.3792062541
0.379203432804
0.379207147658
0.379215099935
0.379218566424
0.37922292484
0.379223490029
0.379240810411
0.379228120211
0.379249567362
0.379250255189
0.379248948602
0.379257201212
0.379269917252
0.379280504109
0.379292626197
0.379270736387
0.379271767436
0.379280065052
0.379270031618
0.379284772832
0.379281022623
0.379301435421
0.379315279675
0.379322025467
0.379314822781
0.37930047137
0.379300581424
0.379302471788
0.379318999688
0.379321335705
0.379329618062
0.379324475698
0.379352860892
0.379353769513
0.379357828143
0.379355894413
0.379376050177
0.379363976502
0.379352563315
0.379355654965
0.379348643622
0.379333344312
0.379336243089
0.379342501925
0.37934845092
0.379359100971
0.379380330724
0.379356847667
0.379354931764
0.379353594792
0.37935317456
0.379368865402
0.379367211973
0.379355917719
0.379367612923
0.379373979502
0.379387833763
0.379394854683
0.37940358023
0.379406423247
0.379405828706
0.379407437996
0.37940112593
0.379390473137
0.379401724525
0.379391219814
0.379404632078
0.379390172444
0.379402906424
0.379420742149
0.379426920087
0.379428002965
0.379424815771
0.379421678942
0.379428693305
0.379424251463
0.379431379476
0.37941497908
0.379427802379
0.379438732288
0.379433481068
0.379442486305
0.379451692409
0.379452346766
0.379446323331
0.37945915042
0.379463154846
0.379453979872
0.379454639289
0.379454154482
0.379466620001
0.379475514914
0.379483407199
0.379463847771
0.379479995239
0.37949013368
0.379496166545
0.379490088418
0.379496060592
0.379492973982
0.37949019878
0.379489262143
0.379488868469
0.379490845403
0.379515403732
0.379521901571
0.379527071586
0.379521190974
0.379522979404
0.379535852779
0.379543357472
0.379570439562
0.379589074765
0.379589685285
0.379615558063
0.379605799889
0.379601762908
0.379611266906
0.379652179261
0.379653411849
0.379670711664
0.379673246003
0.379660531557
0.379657679561
0.379652836092
0.379649185492
0.379645908617
0.379657320517
0.379669012427
0.379681078342
0.379674829924
0.379664850443
0.379695779262
0.379685170115
0.379701341128
0.379709480596
0.379713251982
0.379710960957
0.379732388487
0.379738053506
0.379740994574
0.379750580719
0.37973811141
0.379754872404
0.379775783474
0.379775829128
0.379787647161
0.379784258589
0.379786171088
0.379792307817
0.379802592081
0.379816501897
0.379807873943
0.37981879122
0.379827388276
0.379835009347
0.379841641396
0.379839717594
0.379823631191
0.379835126332
0.379829442787
0.379820777349
0.379836668395
0.379863398931
0.379867389218
0.379863654029
0.379870877429
0.379883713959
0.379888080899
0.379885476595
0.379906271698
0.379919952385
0.379942470471
0.379944185669
0.379954340263
0.379955605389
0.379955873634
0.379943299688
0.379943393556
0.379946995173
0.379951320402
0.379945650478
0.379960783237
0.379967416267
0.379968730557
0.379964293751
0.379963231087
0.379952813383
0.379967029037
0.379982743232
0.379986870136
0.380014569917
0.380030357316
0.380018494162
0.380003854035
0.380009435273
0.380014684401
0.380007409621
0.379994577047
0.379992614673
0.379988981911
0.380001307495
0.380011711361
0.38003263399
0.380029215901
0.380031991077
0.380026845042
0.380015385225
0.380023053334
0.380022119175
0.380011125698
0.379999711187
0.379999465532
0.380001086122
0.380009767918
0.380034253245
0.380021951655
0.380025127376
0.38001027085
0.380022925987
0.380030550932
