
row1col1
West 5.95722358233e-06
East 0.000175227272771
North 8.33983723404e-06
South 3.64628549109e-17

row1col2
West 4.30187860039e-06
East 4.62605009894e-05
North 0.00109314086939
South 0.0144425440315

row1col3
West 1.87525057473e-08
East 0.0
North 2.53744975299e-05
South 0.00120077111446

row1col4
West 1.65532783863e-05
East 0.000197586125179
North 0.00286416944107
South 0.0284186880284

row1col5
West 0.00179004282646
East 0.0201820598906
North 0.0822958315738
South 0.2252292053

row1col7
West 1.90439108017e-05
East 0.00101097696413
North 0.000525066144973
South 0.00824268293848

row1col8
West 0.000473514357089
East 0.0301874930363
North 0.000641927208718
South 5.28722021899e-09

row1col9
West 0.00259827842833
East 0.000998122981616
North 0.180917583615
South 0.329844115833

row1col10
West 0.0113417049762
East 7.20606648052e-11
North 0.00299629758342
South 0.0233602538846

row1col11
West 0.0012356338913
East 1.43785780945e-08
North 1.18835191717e-12
South 2.49658987047e-11

row1col13
West 0.00726983176294
East 0.0107726006863
North 0.0349348964183
South 0.358654322853

row1col14
West 0.00137445813889
East 0.0741743291777
North 0.018318949824
South 0.336528893409

row1col15
West 0.0136483032191
East 0.0192110022427
North 0.320508008397
South 0.581879664781

row1col16
West 0.0929315171153
East 0.0158011072869
North 0.21478542394
South 0.540604913567

row1col18
West 0.0227436539881
East 0.0184341262146
North 0.145572325141
South 0.559013414068

row1col19
West 0.182320917102
East 0.0510020339475
North 0.0191105817537
South 0.343680219962

row1col20
West 0.190226570845
East 0.0364438097083
North 8.04957795157e-05
South 0.04214084766

row1col21
West 0.0950821095869
East 0.0107293290472
North 0.0045352958113
South 0.0564001837354

row1col22
West 0.0385105196946
East 0.0114697837126
North 0.00155329875429
South 0.0149826590552

row2col1
West 0.000282065789152
East 0.00327681573126
North 1.13742658821e-11
South 5.31837973369e-13

row2col2
West 1.59911134035e-05
East 0.00169616484536
North 0.00305709595979
South 0.0418880017571

row2col3
West 0.00997223348628
East 0.00980960781824
North 2.53553962289e-05
South 0.00650244197865

row2col4
West 0.000116209990881
East 0.0269615151489
North 0.00378867554785
South 0.12433353831

row2col5
West 1.30742560182e-05
East 0.0861722484197
North 0.117509754331
South 0.339637226996

row2col7
West 0.000774035632296
East 0.0
North 0.00101789978603
South 0.0379699542063

row2col8
West 0.000954223091708
East 0.136734691182
North 1.3961753923e-10
South 0.0016859872479

row2col9
West 0.00844677708951
East 0.0127830104881
North 0.188153605018
South 0.515649103496

row2col10
West 0.216816272747
East 0.00820773471761
North 3.27322712395e-06
South 0.0156182040084

row2col11
West 0.0516599059072
East 0.013366939253
North 3.3526046898e-05
South 0.00546914388388

row2col13
West 0.647089452551
East 0.783462940981
North 0.0419503867852
South 0.840044487586

row2col14
West 0.62124347751
East 0.984310394334
North 0.0205858349424
South 0.137636212707

row2col15
West 0.0
East 0.0
North 0.0
South 0.0

row2col16
West 0.998357706927
East 0.635940499067
North 0.0956775675169
South 0.14234835646

row2col17
West 0.941025229613
East 0.788866591214
North 0.281102180923
South 0.301113684846

row2col18
West 0.884208695181
East 0.667321123716
North 0.128406842247
South 0.0533490396942

row2col19
West 0.803426339525
East 0.4442808245
North 0.0625597319478
South 0.0555650669209

row2col20
West 0.654378733993
East 0.268091127369
North 0.00668475219994
South 0.00975036770345

row2col21
West 0.458000287363
East 0.118858259385
North 0.0098720890333
South 0.0073234759546

row2col22
West 0.245737925038
East 0.118834949114
North 0.0030744152141
South 0.0015800010055

row3col1
West 0.0059600649918
East 0.0382252339937
North 0.000143443566001
South 0.00114185322873

row3col2
West 0.0100869693869
East 0.119611391728
North 0.00390412190961
South 0.00630013714106

row3col3
West 0.0397737687461
East 0.210490490153
North 0.00064499448105
South 0.0105487566184

row3col4
West 0.0669614646073
East 0.350263761989
North 0.0137046638357
South 0.0127699969566

row3col5
West 0.0397236236962
East 0.148201129801
North 0.180395714124
South 0.47085280772

row3col7
West 0.05726435112
East 0.145228672397
North 0.00217407034412
South 0.00423895734389

row3col8
West 0.0390788234465
East 0.304074995231
North 0.00626969672248
South 0.00496536874212

row3col9
West 0.0254604126498
East 0.0370971602251
North 0.356981649254
South 0.587436034429

row3col10
West 0.313460104419
East 0.00503690028741
North 5.55522221018e-08
South 0.010865798346

row3col11
West 0.0805763060153
East 0.0231641179386
North 0.0037379233749
South 7.36140052016e-08

row3col13
West 0.857373412636
East 0.9025
North 0.717914104004
South 0.791618736042

row3col14
West 0.857339695159
East 0.95
North 0.823512185605
South 0.848117757851

row3col15
West 0.811299542952
East 0.713692786214
North 1.0
South 0.949824924253

row3col16
West 0.90570190207
East 0.405156650986
North 0.316347234074
South 0.108014084731

row3col18
West 0.033900462435
East 0.0119432686649
North 0.578380108705
South 0.191090148334

row3col19
West 0.271887423261
East 0.0287062129514
North 0.0727320469803
South 0.0127551051743

row3col20
West 0.113252759845
East 0.0113253803542
North 0.0948992636725
South 0.00468179781359

row3col21
West 0.0388128362061
East 0.00569752294182
North 0.05423879242
South 0.000726000178375

row3col22
West 0.0230598470272
East 0.00660497196351
North 0.00012604889071
South 0.00152635576471

row4col5
West 0.163241572574
East 0.160269749429
North 0.334372497693
South 0.509209811336

row4col9
West 0.257258214554
East 0.313290339336
North 0.390213629018
South 0.629225039572

row4col13
West 0.791691196378
East 0.795728160616
North 0.857375
South 0.773776539897

row5col1
West 0.0
East 8.13611930315e-06
North 0.0
South 0.0

row5col2
West 3.6915377592e-09
East 3.32052024446e-13
North 0.00027583579447
South 0.00203332362024

row5col3
West 5.57880245239e-05
East 0.000194085801954
North 0.00345522878839
South 0.0276350187463

row5col5
West 0.51052476224
East 0.540358914938
North 0.343711606009
South 0.228495573085

row5col6
West 0.513270441217
East 0.568800092276
North 0.500809749237
South 0.449971287243

row5col7
West 0.540343183659
East 0.598736939238
North 0.51987895198
South 0.441989697199

row5col8
West 0.568786608669
East 0.630249409725
North 0.538932285329
South 0.433182517797

row5col9
West 0.598722495842
East 0.663420431289
North 0.51702369781
South 0.400510716136

row5col10
West 0.630241554332
East 0.698337296094
North 0.62062327926
South 0.577513178625

row5col11
West 0.66337979925
East 0.735091890625
North 0.642635018144
South 0.482990350971

row5col12
West 0.698216543147
East 0.7737809375
North 0.657271367549
South 0.499048933301

row5col13
West 0.721284222511
East 0.71814023232
North 0.81450625
South 0.735085442307

row5col14
West 0.7737809375
East 0.69625672765
North 0.629269824456
South 0.428720113674

row5col15
West 0.735091890625
East 0.66263735446
North 0.552464036077
South 0.462400844841

row5col16
West 0.698337296092
East 0.629778962754
North 0.479323350846
South 0.18744366665

row5col17
West 0.663420431274
East 0.594254627491
North 0.530571702578
South 0.483883428383

row5col18
West 0.629615876864
East 0.492346446202
North 0.121395667914
South 0.204698180116

row5col20
West 0.00364206974245
East 1.30590942406e-15
North 0.0246059200917
South 0.110319374891

row5col21
West 3.76857171341e-05
East 0.000479880382472
North 0.00960572953433
South 0.0766254714922

row5col22
West 0.00298079289663
East 0.0020076303204
North 0.0132543246726
South 0.0598070976112

row6col1
West 2.33334007379e-06
East 0.000462052389166
North 0.0
South 8.39805442274e-13

row6col2
West 1.1281159271e-08
East 8.87916338121e-05
North 0.000158923017492
South 0.0163117710791

row6col3
West 5.08388980785e-11
East 0.00970238045664
North 0.00779815836972
South 0.0745837701783

row6col5
West 0.162429189776
East 0.451362220938
North 0.123054624755
South 0.043832584488

row6col6
West 0.241405324122
East 0.397694034818
North 0.540360087502
South 0.483964042715

row6col7
West 0.145657706852
East 0.0984938884986
North 0.559902822341
South 0.391629020326

row6col8
West 0.0801057938355
East 0.0569652641983
North 0.57548147622
South 0.336705236062

row6col9
West 0.205439053541
East 0.559189902291
North 0.214301099945
South 0.0447813005064

row6col10
West 0.12225620283
East 0.260851675001
North 0.66332120488
South 0.539890878867

row6col11
West 0.162477175627
East 0.0838524614888
North 0.664968319794
South 0.313222478434

row6col12
West 0.0715884096246
East 0.237532446288
North 0.700037205586
South 0.281168999259

row6col13
West 0.298236523754
East 0.323558835069
North 0.773780308881
South 0.723036697745

row6col14
West 0.112014641543
East 0.139948408861
North 0.688382678203
South 0.312502905607

row6col15
West 0.119423239148
East 0.0286312274466
North 0.683533247731
South 0.357948080855

row6col16
West 0.490161267978
East 0.376710502017
North 0.0760570192368
South 0.0121282031375

row6col17
West 0.258891030205
East 0.295240857253
North 0.630249409352
South 0.565599098096

row6col18
West 0.590327348461
East 0.398322926134
North 0.118579314913
South 0.10081436282

row6col19
West 0.543259823849
East 0.348190204588
North 0.121591509252
South 0.122961097657

row6col20
West 0.480121980585
East 0.262634494944
North 0.0107996519061
South 0.0213754758315

row6col21
West 0.397385538697
East 0.132072525982
North 0.00325886757213
South 0.0118072050807

row6col22
West 0.252192759773
East 0.121029316218
North 0.00666508901435
South 0.00206570651412

row7col1
West 0.00169156467084
East 0.0181031728311
North 4.09211120934e-09
South 6.41946066914e-07

row7col2
West 0.00485731459226
East 0.0624608669819
North 0.00143857772114
South 0.00335117955963

row7col3
West 0.00150451413347
East 0.000892674080292
North 0.0291793360424
South 0.163707412207

row7col5
West 0.128296423899
East 0.424174690129
North 0.0214397143476
South 0.00107607584126

row7col6
West 0.210182674991
East 0.359173964143
North 0.513342082382
South 0.46291409298

row7col10
West 0.209805863194
East 0.146055470162
North 0.628247731416
South 0.488446232662

row7col17
West 0.362691069234
East 0.282948015851
North 0.598736935463
South 0.539387314055

row7col18
West 0.498421652321
East 0.206929742506
North 0.0994142258554
South 0.0442365857195

row7col20
West 8.58529508632e-10
East 0.00321051900902
North 0.128684943156
South 0.0214037902355

row7col21
West 3.16355497999e-10
East 0.000209028895889
North 0.0881425457464
South 0.00796698313894

row7col22
West 9.54569191784e-06
East 0.000144408986377
North 0.027878580748
South 0.00280387121882

row8col1
West 0.00907041923911
East 0.0508548181834
North 0.000939179544443
South 0.000847428044782

row8col2
West 0.0164427510093
East 0.164262489293
North 0.00161402561256
South 0.00183212198005

row8col3
West 0.0769844730748
East 0.31469631978
North 0.0166453108786
South 0.0177540290755

row8col4
West 0.167186924082
East 0.395791451911
North 0.0610669777468
South 0.0709764983445

row8col5
West 0.245941451554
East 0.45101321192
North 0.0586991389064
South 0.0545520969174

row8col6
West 0.288276109243
East 0.382619167438
North 0.487674974436
South 0.439781973909

row8col8
West 0.0224238313223
East 0.102612765483
North 0.00439491378868
South 7.98184025043e-05

row8col9
West 0.0170391838492
East 0.32239401604
North 0.00353549362581
South 0.000893317209031

row8col10
West 0.0665210113179
East 0.145827887519
North 0.589788385615
South 0.362303310482

row8col11
West 0.498434348517
East 0.193461179196
North 0.0901859221652
South 7.37163137551e-06

row8col12
West 0.395464501643
East 0.130312858042
North 0.0526248306156
South 0.0106578392367

row8col13
West 0.272567332836
East 0.0519553862759
North 0.0191952881751
South 0.000378972535876

row8col14
West 0.142395917683
East 0.0270349584827
North 0.0210690942663
South 0.00654404971375

row8col15
West 0.0656945788834
East 0.0165748175256
North 0.00455531029194
South 0.000196248926275

row8col17
West 0.388579269195
East 0.170850481364
North 0.568800070383
South 0.512388432815

row8col18
West 0.338372916094
East 0.0133117672319
North 0.145810862589
South 0.0956585121315

row9col5
West 0.146935877486
East 0.373791827311
North 0.0172736473543
South 0.00122575230685

row9col6
West 0.208398781463
East 0.323945060777
North 0.463291206412
South 0.416454785052

row9col8
West 0.0
East 0.00461683933783
North 0.0106008061655
South 0.000171003293053

row9col9
West 0.000821868902637
East 0.071647524719
North 0.00533083296454
South 0.00271342491572

row9col10
West 0.0110332760283
East 0.00219673453131
North 0.490521092274
South 0.360544634958

row9col11
West 0.00942891148539
East 9.44357355231e-10
North 0.0546315092524
South 0.00289860731642

row9col12
West 1.04460663548e-09
East 0.000392584055978
North 0.119331081868
South 0.0256640408596

row9col13
West 0.0129187363582
East 0.000779485633574
North 0.000871645793044
South 4.14040075251e-05

row9col14
West 3.59031548857e-08
East 0.000479089498879
North 0.0475509548696
South 0.00979748069635

row9col15
West 0.00652955114234
East 0.000374675390945
North 0.0014677168873
South 2.45765211636e-08

row9col17
West 0.378375231752
East 0.255016833659
North 0.540359987304
South 0.486117472061

row9col18
West 0.433591962196
East 0.167493410437
North 0.0275389162669
South 0.0213487307065

row9col20
West 1.67325670598e-06
East 6.79637313705e-05
North 3.18257651945e-13
South 5.58475888791e-14

row9col21
West 1.65434419509e-06
East 1.1234023119e-06
North 9.58302358949e-05
South 0.000795231578821

row9col22
West 3.93104172957e-05
East 6.45613141437e-07
North 1.98527137301e-12
South 0.0

row10col1
West 0.00113053448952
East 0.00188969728195
North 1.3862959688e-05
South 0.00574956542965

row10col2
West 0.00105844403357
East 0.00734483371339
North 6.04233979109e-08
South 0.0

row10col3
West 0.000386237053102
East 4.93256656071e-06
North 0.0185401431456
South 0.0711621823573

row10col5
West 0.156357680799
East 0.363402076472
North 0.0182922134
South 0.0295349070654

row10col6
West 0.213439338128
East 0.333943227717
North 0.440126485819
South 0.396138663185

row10col17
West 0.357631064136
East 0.22042552464
North 0.513341646921
South 0.462055585672

row10col18
West 0.402692098111
East 0.128098699056
North 0.000838049863315
South 0.0273858553139

row10col20
West 1.56132204183e-05
East 0.000272093165758
North 1.90324221834e-08
South 1.45382330029e-21

row10col21
West 6.68316740297e-06
East 2.02601187283e-08
North 0.000231125262087
South 0.0036967224203

row10col22
West 0.000353533254474
East 6.4365297476e-06
North 4.46001509968e-07
South 0.0

row11col1
West 0.0117420272123
East 0.0392134016303
North 0.000224238271714
South 0.000195420954821

row11col2
West 0.0130110135657
East 0.0920172553085
North 0.000468803614676
South 0.00100349803995

row11col3
West 0.0313893639246
East 0.219972706965
North 0.0108803771366
South 0.00836729019511

row11col4
West 0.081290530259
East 0.314220182156
North 0.00936062035693
South 0.0477856631083

row11col5
West 0.136452396659
East 0.379561017856
North 0.0472169484009
South 0.0683569128597

row11col6
West 0.207058246634
East 0.290492353847
North 0.418119679804
South 0.376897423071

row11col8
West 2.17673996774e-06
East 0.000407060460455
North 2.70796168523e-10
South 0.0

row11col9
West 6.84546613893e-08
East 0.0
North 0.00200524346672
South 0.0056550520513

row11col10
West 9.79253247e-05
East 8.87300821831e-07
North 0.0
South 0.0

row11col12
West 0.000348492211962
East 0.0027045167333
North 5.43863163153e-05
South 0.000115646702323

row11col13
West 2.58023429626e-05
East 1.11165157349e-10
North 0.0020281794974
South 0.0236802175483

row11col14
West 2.08986545571e-06
East 0.0186842598056
North 1.78310153805e-08
South 0.0

row11col15
West 0.0
East 0.00440387781513
North 0.0180136289823
South 0.115726615532

row11col17
West 0.365673399469
East 0.177092737464
North 0.487673230394
South 0.437638467689

row11col18
West 0.361465170167
East 0.0478759686666
North 0.0236577447967
South 0.0260817464186

row11col20
West 7.54226705233e-06
East 0.0011033191717
North 6.51355697572e-12
South 6.98187200401e-05

row11col21
West 2.26238621894e-05
East 4.96108507281e-05
North 0.000814333103007
South 0.00959635825778

row11col22
West 0.000488404090801
East 1.44543601468e-05
North 1.58551774289e-05
South 0.0

row12col1
West 0.000329544411118
East 0.0028849344297
North 7.54529404384e-05
South 1.67667044533e-05

row12col2
West 2.3407397673e-05
East 0.0236544107492
North 0.00193794017518
South 0.0

row12col3
West 0.00125922698773
East 0.0
North 0.0823520263717
South 0.0210161296981

row12col5
West 0.13143526174
East 0.326626658411
North 0.0565317235668
South 0.0127120656228

row12col6
West 0.194048484985
East 0.282136110338
North 0.397211799315
South 0.357241796272

row12col8
West 4.06092643688e-05
East 0.00106394506045
North 0.0
South 0.0

row12col9
West 4.98219445069e-06
East 4.93910878768e-05
North 0.00114859769326
South 0.0261245777273

row12col10
West 0.001587600857
East 3.64366494909e-05
North 0.0
South 0.0

row12col12
West 0.00502257774227
East 0.0348803037072
North 9.79252415525e-07
South 0.000947479799299

row12col13
West 0.0102485076603
East 0.116418240163
North 0.000963969631589
South 0.00572304873779

row12col14
West 0.038833599636
East 0.239457353564
North 0.00112963677752
South 0.00629144278414

row12col15
West 0.124500808221
East 0.338082444659
North 0.0136953962896
South 0.0436391537765

row12col16
West 0.184709111448
East 0.415369251937
North 0.0999637273418
South 0.0722578448891

row12col17
West 0.24482568264
East 0.220539207196
North 0.463285896651
South 0.4142773691

row12col18
West 0.383917238498
East 0.204202791756
North 0.0205849654448
South 0.0190420140832

row12col20
West 0.000131360899831
East 0.00522390677106
North 0.0
South 1.13149100932e-17

row12col21
West 0.000340732102396
East 0.00012603361743
North 0.00179626930928
South 0.0346517932152

row12col22
West 0.00147860529877
East 3.34409191321e-05
North 0.0
South 0.0

row13col5
West 0.162567358656
East 0.330432220444
North 0.035111312341
South 0.02671992154

row13col6
West 0.214373071679
East 0.252141385822
North 0.377341970872
South 0.33790177777

row13col9
West 0.000369171632866
East 1.14917140154e-05
North 0.00341264020308
South 0.0843799362944

row13col17
West 0.302505641681
East 0.217081289827
North 0.440100878602
South 0.393459705303

row13col18
West 0.408299730276
East 0.261534400002
North 0.0846951779147
South 0.0273141493364

row13col21
West 0.00209371567807
East 0.00361802153064
North 0.00650293452498
South 0.0837608693896

row14col1
West 0.00589427849478
East 0.0517942412851
North 0.00138735375446
South 7.94099649251e-05

row14col2
West 0.0213868673299
East 0.0948585817205
North 0.0118053641012
South 0.00165013402641

row14col3
West 0.0349268789327
East 0.143768281139
North 0.000727990231256
South 0.00593364489445

row14col4
West 0.05770403041
East 0.206162630633
North 0.0194058078288
South 0.00742573010888

row14col5
West 0.00695799329025
East 0.278152672467
North 0.15278793556
South 0.106091944342

row14col6
West 0.119369381518
East 0.191268190395
North 0.358427967971
South 0.312524494626

row14col7
West 0.333862428113
East 0.184387513546
North 0.0825317340954
South 0.0413477307144

row14col8
West 0.30280064167
East 0.106412021754
North 0.0566189550347
South 0.0459619721513

row14col9
West 0.216426335794
East 0.0312564779718
North 0.0107457569467
South 0.00971632262398

row14col10
West 0.0975415635988
East 0.00706317031599
North 0.000359816001031
South 0.000559009236512

row14col11
West 0.0291629284373
East 0.00145823976512
North 0.00106897946853
South 3.50542490724e-05

row14col12
West 0.00797443639877
East 0.00958167441572
North 0.000349729490007
South 0.00249764769121

row14col13
West 0.00256022388185
East 0.036579951668
North 0.00172192537622
South 0.00634137960688

row14col14
West 0.00676656024772
East 0.102933960565
North 0.00530926241669
South 0.00692465496028

row14col15
West 0.0213466088647
East 0.221198916728
North 0.0245462871615
South 0.0350798184995

row14col16
West 0.0865515991717
East 0.331482274955
North 0.0439223145609
South 0.044574643498

row14col17
West 0.125143029448
East 0.122968902582
North 0.41798675616
South 0.354320892584

row14col18
West 0.139968750694
East 0.0222562527733
North 0.345300427398
South 0.180065672814

row14col19
West 0.283599048148
East 0.121363589019
North 0.0528362469744
South 0.0181995927001

row14col20
West 0.225979821298
East 0.113101305883
North 0.029906840926
South 0.0145518940359

row14col21
West 0.178278372933
East 0.0391542894807
North 0.00991252212715
South 0.00122008822779

row14col22
West 0.0839480738291
East 0.0177731597325
North 0.00592856002547
South 5.78002052031e-05

row15col1
West 0.000197376989357
East 0.00267670030711
North 1.24051069729e-14
South 0.0

row15col2
West 4.60631808025e-05
East 0.00539125308591
North 0.0455613960581
South 0.00353255248063

row15col3
West 0.00784849697006
East 0.0434288061102
North 0.00504177038511
South 0.0014519263386

row15col4
West 0.00677412226828
East 0.136793628251
North 0.028102815278
South 0.010679784598

row15col5
West 0.0424952604059
East 0.264614629431
North 0.00310905168281
South 0.0124896410454

row15col6
West 0.0779642915814
East 0.0522706209951
North 0.339713318724
South 0.302267813662

row15col7
West 0.282894819959
East 0.0821641146022
North 0.0252722541383
South 1.69353370271e-07

row15col8
West 0.0177455266785
East 0.011352152599
North 0.217936197027
South 0.101061454815

row15col9
West 0.0824518158847
East 0.00355537111659
North 0.00828639083813
South 0.00474210311854

row15col10
West 0.0217396230675
East 0.00228108289015
North 0.00222745147156
South 0.00178802206673

row15col11
West 0.00792126227659
East 0.00748631865086
North 0.000814942870162
South 6.66843774665e-06

row15col12
West 0.00178055513742
East 0.0466722318373
North 0.000207802919698
South 0.00172990746898

row15col13
West 0.0100445917115
East 0.122735995955
North 0.00547844574063
South 0.010896863184

row15col14
West 0.0470978511854
East 0.230164829614
North 0.00757348983795
South 0.0286610459527

row15col15
West 0.133904967919
East 0.321486810091
North 0.018274530978
South 0.0482839944437

row15col16
West 0.167125411121
East 0.364578947571
North 0.0734241971631
South 0.111934152182

row15col17
West 0.143335755705
East 0.0766967798648
North 0.396187525056
South 0.34579712826

row15col18
West 0.289367861042
East 0.0324938797666
North 0.0352353888577
South 0.00806678539958

row15col19
West 0.00811392481315
East 0.00067233747789
North 0.132278251948
South 0.0126691712677

row15col20
West 0.00183381207901
East 0.000576079424452
North 0.0772728699431
South 0.0170927053634

row15col21
West 0.0121550173773
East 0.000430857475727
North 0.00489052184587
South 0.0

row15col22
West 2.02386420863e-06
East 0.0
North 0.00478906502516
South 0.000242999041385

row16col2
West 1.60758142271e-05
East 0.000288608160004
North 0.0186271491053
South 0.00171940359897

row16col7
West 0.0339027147136
East 0.014630190891
North 0.209953886059
South 0.0836370343267

row16col15
West 0.0216428528832
East 0.0323956443098
North 0.264708649073
South 0.0577178775624

row17col1
West 7.45457318863e-05
East 0.00122646115996
North 5.92398785771e-05
South 1.54042634517e-07

row17col2
West 1.60517269666e-05
East 8.84134162579e-05
North 0.00763278409168
South 0.000345038027188

row17col3
West 0.0016656461415
East 4.51909383553e-06
North 1.5567069137e-07
South 4.34883546235e-06

row17col4
West 0.000161020771144
East 2.80051850246e-06
North 4.7921876932e-10
South 7.85585599831e-11

row17col6
West 0.0075968612185
East 0.0459885470808
North 0.00203802565788
South 0.0

row17col7
West 0.00577991499532
East 0.00172477419362
North 0.16028913588
South 0.0469026495158

row17col8
West 0.0351009821928
East 0.00112243574394
North 0.000145269607536
South 0.000601368562294

row17col9
West 0.00871594185957
East 0.000260136546307
North 2.40135677973e-11
South 0.000123942442406

row17col10
West 0.0021747111185
East 4.54462237919e-05
North 0.000116931358998
South 1.61000461466e-05

row17col11
West 0.00038405862458
East 5.06201215363e-05
North 1.34229182363e-05
South 1.38739904533e-06

row17col13
West 0.000270645781118
East 0.00660997757949
North 4.23518132731e-12
South 4.53398949422e-07

row17col14
West 0.000505736737189
East 0.0485065876319
North 5.84123380381e-06
South 0.000240290260101

row17col15
West 0.00159244363418
East 0.00375957640938
North 0.199470899868
South 0.0753871205554

row17col16
West 0.0437496758129
East 0.00258527582748
North 0.000228929219133
South 0.000105045784888

row17col18
West 1.52183631194e-11
East 3.65354825682e-06
North 1.53326778667e-05
South 0.000895543870776

row17col19
West 0.0
East 0.0
North 1.11375156423e-05
South 0.000149197706296

row17col20
West 8.37892820789e-16
East 2.25085942923e-08
North 1.45644446603e-09
South 1.66190448901e-05

row17col21
West 0.0
East 0.0
North 2.25085942923e-08
South 1.04010311738e-06

row17col22
West 0.0
East 0.0
North 1.2848116935e-08
South 2.6736974484e-06

row18col1
West 8.11335606999e-06
East 0.0
North 0.000141389002724
South 2.55980481626e-06

row18col2
West 1.33297597146e-06
East 3.10530692185e-06
North 0.00168332236297
South 3.70128424694e-05

row18col3
West 6.40364526499e-07
East 0.0
North 0.000171637954416
South 4.55708033213e-06

row18col4
West 0.0
East 4.28555008835e-09
North 6.09650331868e-06
South 5.03123489028e-08

row18col6
West 0.000601745858083
East 0.00874366056955
North 0.00172008659492
South 4.82387699665e-06

row18col7
West 0.000421858651853
East 0.00237867920133
North 0.103782330554
South 0.0220953024555

row18col8
West 0.035767036609
East 0.00166147496832
North 0.00144206146545
South 8.34496629056e-18

row18col9
West 0.011372686078
East 0.000187642386467
North 0.000252207457934
South 9.03539804176e-07

row18col10
West 0.00178131196402
East 4.59788036626e-05
North 9.20296661248e-05
South 5.87949529517e-07

row18col11
West 0.000264559101873
East 2.33447181692e-05
North 7.28921283923e-06
South 6.98766024782e-08

row18col13
West 2.52024911387e-06
East 0.000140896228925
North 0.0
South 2.71297136496e-15

row18col14
West 0.0
East 0.00259422682971
North 0.0038052469415
South 0.000368330380015

row18col15
West 0.000243641034036
East 0.00989334723244
North 0.146386325572
South 0.0313541044877

row18col16
West 0.0714711594957
East 0.0109740083734
North 0.00382843823604
South 0.000409695767589

row18col17
West 0.0344046887222
East 0.00238598269628
North 0.000249932253775
South 0.000401784885201

row18col18
West 0.0106570024965
East 0.000680415845547
North 5.05959816001e-05
South 1.1459845042e-06

row18col19
West 0.00297807011493
East 0.000243641184549
North 1.69553294508e-06
South 5.5949870655e-06

row18col20
West 0.000805237712781
East 4.15925895051e-05
North 7.40918920372e-09
South 9.47007777123e-06

row18col21
West 0.000241767917587
East 1.00274343531e-05
North 4.13940637231e-09
South 5.56800814039e-11

row18col22
West 5.81532135406e-05
East 4.9970057981e-06
North 6.02887471973e-08
South 6.99498948281e-09

row19col1
West 0.0
East 2.83952909873e-22
North 2.23843734344e-05
South 3.52815566477e-06

row19col2
West 2.50323231331e-11
East 4.15043583465e-07
North 0.000172132579062
South 1.9255127691e-05

row19col3
West 0.0
East 4.6086818773e-08
North 3.36939171303e-05
South 1.33485001597e-06

row19col4
West 8.26386055013e-07
East 4.49356245638e-10
North 1.42385947797e-07
South 5.69494837704e-08

row19col6
West 0.000189622579851
East 0.00229264150341
North 0.0
South 2.12280074379e-05

row19col7
West 8.59386351812e-05
East 5.42204057779e-05
North 0.0491156326851
South 0.025995958735

row19col8
West 0.000400171723725
East 7.72591835151e-19
North 0.00227594126545
South 7.05296594581e-05

row19col9
West 1.90218894388e-05
East 1.05380073907e-05
North 3.93329182142e-08
South 3.01384994324e-14

row19col10
West 4.45231906606e-27
East 1.41978665574e-07
North 0.000230971072206
South 2.17932037193e-05

row19col11
West 5.11609667233e-06
East 2.97445100063e-07
North 1.71202829157e-07
South 1.41978661197e-07

row19col13
West 0.000140260084001
East 0.00227601145279
North 1.16346276239e-16
South 0.0

row19col14
West 0.000227966967282
East 0.0159005681374
North 9.5586107067e-14
South 0.000385641621102

row19col15
West 0.00139899195291
East 0.000888540571488
North 0.0808357221209
South 0.0291644443214

row19col16
West 2.13070555621e-08
East 3.33503662466e-07
North 0.0133092036806
South 0.00187286743982

row19col18
West 0.0
East 5.13848886734e-07
North 0.000188042341971
South 1.50012214796e-06

row19col19
West 0.0
East 1.24608902628e-13
North 0.000224969884952
South 1.12108362606e-05

row19col20
West 2.02263998504e-06
East 1.70024115714e-08
North 0.000123645415092
South 4.48908550252e-06

row19col21
West 4.7711531512e-06
East 4.66393930178e-11
North 1.80074550371e-11
South 3.67830607981e-23

row19col22
West 9.78417335713e-11
East 0.0
North 1.57263154277e-06
South 3.52368421602e-09
