rafaelbeirigo@LTI-PROJETO-TM:~$ cd ql
rafaelbeirigo@LTI-PROJETO-TM:~/ql$ time ./RL-PRQL.py experiments/84/PRQL/
Running experiment 1 of 100
pr:  1750 ql:  250
Running experiment 2 of 100
pr:  1819 ql:  181
Running experiment 3 of 100
pr:  1785 ql:  215
Running experiment 4 of 100
pr:  1705 ql:  295
Running experiment 5 of 100
pr:  1740 ql:  260
Running experiment 6 of 100
pr:  1714 ql:  286
Running experiment 7 of 100
pr:  1773 ql:  227
Running experiment 8 of 100
pr:  1856 ql:  144
Running experiment 9 of 100
pr:  1872 ql:  128
Running experiment 10 of 100
pr:  1732 ql:  268
Running experiment 11 of 100
pr:  1653 ql:  347
Running experiment 12 of 100
pr:  1697 ql:  303
Running experiment 13 of 100
pr:  1827 ql:  173
Running experiment 14 of 100
pr:  1755 ql:  245
Running experiment 15 of 100
pr:  1729 ql:  271
Running experiment 16 of 100
pr:  1761 ql:  239
Running experiment 17 of 100
pr:  1827 ql:  173
Running experiment 18 of 100
pr:  1828 ql:  172
Running experiment 19 of 100
pr:  1821 ql:  179
Running experiment 20 of 100
pr:  1829 ql:  171
Running experiment 21 of 100
pr:  1856 ql:  144
Running experiment 22 of 100
pr:  1777 ql:  223
Running experiment 23 of 100
pr:  1740 ql:  260
Running experiment 24 of 100
pr:  1762 ql:  238
Running experiment 25 of 100
pr:  1817 ql:  183
Running experiment 26 of 100
pr:  1775 ql:  225
Running experiment 27 of 100
pr:  1760 ql:  240
Running experiment 28 of 100
pr:  1790 ql:  210
Running experiment 29 of 100
pr:  1842 ql:  158
Running experiment 30 of 100
pr:  1838 ql:  162
Running experiment 31 of 100
pr:  1842 ql:  158
Running experiment 32 of 100
pr:  1826 ql:  174
Running experiment 33 of 100
pr:  1814 ql:  186
Running experiment 34 of 100
pr:  1832 ql:  168
Running experiment 35 of 100
pr:  1778 ql:  222
Running experiment 36 of 100
pr:  1617 ql:  383
Running experiment 37 of 100
pr:  1850 ql:  150
Running experiment 38 of 100
pr:  1815 ql:  185
Running experiment 39 of 100
pr:  1756 ql:  244
Running experiment 40 of 100
pr:  1808 ql:  192
Running experiment 41 of 100
pr:  1755 ql:  245
Running experiment 42 of 100
pr:  1758 ql:  242
Running experiment 43 of 100
pr:  1765 ql:  235
Running experiment 44 of 100
pr:  1796 ql:  204
Running experiment 45 of 100
pr:  1818 ql:  182
Running experiment 46 of 100
pr:  1813 ql:  187
Running experiment 47 of 100
pr:  1772 ql:  228
Running experiment 48 of 100
pr:  1744 ql:  256
Running experiment 49 of 100
pr:  1830 ql:  170
Running experiment 50 of 100
pr:  1822 ql:  178
Running experiment 51 of 100
pr:  1711 ql:  289
Running experiment 52 of 100
pr:  1828 ql:  172
Running experiment 53 of 100
pr:  1768 ql:  232
Running experiment 54 of 100
pr:  1821 ql:  179
Running experiment 55 of 100
pr:  1783 ql:  217
Running experiment 56 of 100
pr:  1780 ql:  220
Running experiment 57 of 100
pr:  1818 ql:  182
Running experiment 58 of 100
pr:  1753 ql:  247
Running experiment 59 of 100
pr:  1863 ql:  137
Running experiment 60 of 100
pr:  1813 ql:  187
Running experiment 61 of 100
pr:  1766 ql:  234
Running experiment 62 of 100
pr:  1768 ql:  232
Running experiment 63 of 100
pr:  1809 ql:  191
Running experiment 64 of 100
pr:  1776 ql:  224
Running experiment 65 of 100
pr:  1772 ql:  228
Running experiment 66 of 100
pr:  1799 ql:  201
Running experiment 67 of 100
pr:  1856 ql:  144
Running experiment 68 of 100
pr:  1799 ql:  201
Running experiment 69 of 100
pr:  1850 ql:  150
Running experiment 70 of 100
pr:  1715 ql:  285
Running experiment 71 of 100
pr:  1674 ql:  326
Running experiment 72 of 100
pr:  1765 ql:  235
Running experiment 73 of 100
pr:  1789 ql:  211
Running experiment 74 of 100
pr:  1770 ql:  230
Running experiment 75 of 100
pr:  1753 ql:  247
Running experiment 76 of 100
pr:  1852 ql:  148
Running experiment 77 of 100
pr:  1813 ql:  187
Running experiment 78 of 100
pr:  1773 ql:  227
Running experiment 79 of 100
pr:  1762 ql:  238
Running experiment 80 of 100
pr:  1858 ql:  142
Running experiment 81 of 100
pr:  1841 ql:  159
Running experiment 82 of 100
pr:  1740 ql:  260
Running experiment 83 of 100
pr:  1844 ql:  156
Running experiment 84 of 100
pr:  1791 ql:  209
Running experiment 85 of 100
pr:  1704 ql:  296
Running experiment 86 of 100
pr:  1761 ql:  239
Running experiment 87 of 100
pr:  1839 ql:  161
Running experiment 88 of 100
pr:  1742 ql:  258
Running experiment 89 of 100
pr:  1754 ql:  246
Running experiment 90 of 100
pr:  1849 ql:  151
Running experiment 91 of 100
pr:  1808 ql:  192
Running experiment 92 of 100
pr:  1821 ql:  179
Running experiment 93 of 100
pr:  1822 ql:  178
Running experiment 94 of 100
pr:  1856 ql:  144
Running experiment 95 of 100
pr:  1725 ql:  275
Running experiment 96 of 100
pr:  1805 ql:  195
Running experiment 97 of 100
pr:  1826 ql:  174
Running experiment 98 of 100
pr:  1831 ql:  169
Running experiment 99 of 100
pr:  1828 ql:  172
Running experiment 100 of 100
pr:  1837 ql:  163

real	177m27.051s
user	37m45.890s
sys	0m2.280s
rafaelbeirigo@LTI-PROJETO-TM:~/ql$ time ./RL-PRQL.py experiments/106/PRQL/
Running experiment 1 of 10
pr:  1667 ql:  333
Running experiment 2 of 10
pr:  1747 ql:  253
Running experiment 3 of 10
pr:  1861 ql:  139
Running experiment 4 of 10
pr:  1800 ql:  200
Running experiment 5 of 10
pr:  1807 ql:  193
Running experiment 6 of 10
pr:  1860 ql:  140
Running experiment 7 of 10
pr:  1790 ql:  210
Running experiment 8 of 10
pr:  1878 ql:  122
Running experiment 9 of 10
pr:  1802 ql:  198
Running experiment 10 of 10
pr:  1817 ql:  183

real	17m17.842s
user	3m47.890s
sys	0m0.330s
rafaelbeirigo@LTI-PROJETO-TM:~/ql$ time ./RL-PRQL.py experiments/106/PRQL/