0.0237826885255
0.0159410798036
0.0253518435691
0.0514514243931
0.0766127517391
0.086300028658
0.0783622655315
0.0760285037777
0.0675808922469
0.0608228030222
0.0630877754747
0.0578304608518
0.0584851979501
0.0551361282486
0.0514603863654
0.0504846492326
0.0485433440702
0.0458464916219
0.0434335183786
0.041691935782
0.0433912766376
0.0455212186086
0.0435420351909
0.0426221119077
0.0438575949939
0.0421707644172
0.0438071278441
0.0422425875639
0.0407859466134
0.0395282938794
0.0395345241364
0.0382990702571
0.0371384923705
0.0360461837714
0.0350162928065
0.0347756182687
0.0338827221118
0.0345666950542
0.033818147863
0.0329726941664
0.0355424000216
0.034696152402
0.0363823204018
0.0355554494836
0.034765328384
0.0360747777669
0.0365631592156
0.035801426732
0.0359690030612
0.0373116473131
0.0365800463854
0.0368053481235
0.0380052133618
0.0373014131144
0.0366232056032
0.0359692197889
0.0370925668101
0.0364530397962
0.035835191664
0.0364816578547
0.0382824359721
0.0385631635565
0.0389514457377
0.038342829398
0.0390057389725
0.0397821671699
0.0419479111502
0.0413310301039
0.0407320296676
0.0406892201045
0.040506822037
0.0399953271775
0.0394474459833
0.0394082317226
0.0391281565133
0.0386804792811
0.039616188468
0.0397114843645
0.0406298751031
0.0409567186005
0.0418721855442
0.0424930145593
0.0429348074721
0.04272170749
0.0429461575889
0.0424467836635
0.0425974058269
0.0427597081383
0.0422792619794
0.0422508416446
0.0426816084947
0.0428827356658
0.0429736117159
0.0425164456339
0.0420689041009
0.0417578598381
0.0422577788088
0.04286472454
0.0425223988698
0.0430471748811
0.0435981141669
0.0445471820155
0.045874916569
0.0459807347676
0.045665215538
0.0455434997451
0.0453907464992
0.0449704618094
0.0445578887652
0.0443038019437
0.0445447385153
0.0445999697463
0.0447923774754
0.0449420320376
0.0451985492739
0.0459453990925
0.0456596163957
0.0460777552398
0.0456905472126
0.0453097926525
0.0455618404409
0.0459281368307
0.0455547373443
0.0455206494438
0.0453993021093
0.0452652132046
0.044908794203
0.0447638193221
0.0448939622493
0.044731567836
0.0443901054861
0.0440657028731
0.0443182295592
0.0440937619814
0.0437671415223
0.0436120599695
0.0432937237653
0.0429879407212
0.0428110677018
0.0425970687587
0.0424478968478
0.0432695145701
0.0430772656674
0.0428876868883
0.0427033481116
0.0426971620211
0.0426729272429
0.0435768306061
0.0434612277795
0.0441014403394
0.0439312492843
0.0437632975853
0.0442686352796
0.0451235547336
0.0459057978182
0.0460089063048
0.0468024504946
0.0465062324535
0.0466726647442
0.047271459491
0.0474114748373
0.0474984751425
0.0472990306656
0.0477383945714
0.0474490709679
0.0475714403699
0.0484122187561
0.0484804418226
0.048857729801
0.0489381990604
0.0489001348555
0.0491936956736
0.049958530126
0.0499004423251
0.0496692787942
0.0500653121445
0.0498514327249
0.0505415847098
0.0504878446661
0.0502848393032
0.0502444657892
0.0501030456955
0.0501639793922
0.0506563594447
0.0509961505374
0.0510632424251
0.0509818806595
0.0509285333482
0.0508990005642
0.0506953671658
0.0505649402298
0.0504799766316
0.050341648714
0.0504817857162
0.0506968908341
0.0506119891595
0.050709648064
0.0506541520225
0.050399608545
0.0506521935815
0.0508945691995
0.0509361769333
0.0507713803054
0.0506245923554
0.0508686656613
0.0506689754827
0.0507359938723
0.050675791796
0.0505742786967
0.0505637022643
0.0509398018787
0.0512488777018
0.0514905703676
0.0519725305129
0.052034235428
0.0525412323141
0.0528268866056
0.0531693317856
0.0531980681451
0.0542010874662
0.0542036295792
0.0543532831965
0.0543763310789
0.0542938822399
0.0546709256326
0.0550041363641
0.0548996192054
0.0549621904856
0.0548575960158
0.0547188235956
0.0551266343447
0.0550153780507
0.0549091814814
0.0548263509934
0.0548454064876
0.0552783131259
0.0558703292819
0.0556355799992
0.0556910487279
0.0556535386178
0.05620915574
0.0562400338915
0.0565105359562
0.0563983928368
0.0564946369596
0.0565897270011
0.0564601333441
0.0566001411171
0.0568440683569
0.0569962367385
0.0570182576375
0.0569619059637
0.0571863523723
0.0573281644272
0.0577264554473
0.0576994816572
0.0576560812501
0.0574891212421
0.0582204143352
0.0585335846771
0.0583638758244
0.0585496967979
0.0588308071733
0.0591693884528
0.0593441034674
0.0595322853414
0.0594811929689
0.0603422676631
0.0612472302199
0.0617182808844
0.0621254314756
0.0626097745285
0.0629122784474
0.0629523498815
0.0630480799815
0.0629177663688
0.06281247284
0.0627637936582
0.0629327148641
0.0630920541451
0.0632562012559
0.0632943534692
0.0631499010791
0.0630682693312
0.063621681781
0.0638270819217
0.0638422449213
0.0639691986742
0.064065576703
0.0642101026058
0.0641361033431
0.0645841066763
0.0645496748853
0.0646287792065
0.0651440432875
0.0653336063853
0.0652595643131
0.0654002598882
0.0656817904249
0.06590731662
0.0659041915105
0.0659125520093
0.0660513503763
0.0660808263541
0.065981725426
0.0659839916463
0.0664019956064
0.0664706705269
0.0667833890908
0.0671338980506
0.0673146005004
0.0676067455818
0.0676234788336
0.0677688829728
0.0677212594458
0.0679741908829
0.0679696621262
0.0679933403561
0.068273005096
0.0684357784782
0.0685142559084
0.0689152914773
0.0690198698524
0.0689102981697
0.0689401719827
0.0691807337687
0.0694637625615
0.0694670760443
0.0696306900335
0.069964842188
0.0699867312339
0.0700017691383
0.0700270830003
0.0703744488318
0.0704706428099
0.0705458291334
0.0704561233662
0.0705833849227
0.0707251180114
0.0707756588123
0.0707728455876
0.0708918149292
0.0710589238232
0.071213514456
0.0711360403881
0.0710243303376
0.0715793500508
0.0716794904326
0.0717194620797
0.0719230614099
0.071899762721
0.0720327137092
0.0721440078103
0.0722023659443
0.0726758675597
0.0727728905818
0.0727870995663
0.0727571170175
0.0728042625425
0.072987913923
0.0730238411326
0.0732080944431
0.0733626489402
0.0733825175645
0.0738120074632
0.0740573541061
0.074097430842
0.0743359032704
0.0745260527537
0.0747389651774
0.0749110175341
0.0749623125087
0.0752412937783
0.0753635158004
0.0755340466642
0.0758237482232
0.0756917795157
0.0759035504828
0.07592703088
0.0759370178296
0.0760281425177
0.0759616218099
0.0759038765008
0.0759667170597
0.0765030396641
0.0768281990404
0.0769569449641
0.0770460115583
0.077449504093
0.077679884276
0.0777766323596
0.0777619826783
0.0777718144731
0.0780244923311
0.0780873799741
0.0780957211128
0.0782618482514
0.0784080957478
0.0784825680601
0.0786590353095
0.0788335682159
0.0788442710721
0.0788248809407
0.0788483522208
0.0790629620288
0.0790733017521
0.0790624076475
0.0790864834182
0.0791922045887
0.0792550673342
0.0794421915362
0.0797084828953
0.0799406657473
0.0800075607322
0.0801129526364
0.0800073137617
0.0802717071731
0.0803350546975
0.0802654224328
0.0806499786932
0.0808105841018
0.0812623043145
0.0816542031904
0.0819277627181
0.0820098886338
0.0821387102872
0.0823303169402
0.0822588344322
0.082213876332
0.082515385331
0.0825437833798
0.0826289482897
0.0826807810016
0.0826723962306
0.0826105070476
0.082738788894
0.0827852476202
0.0829349128957
0.0829655311587
0.083064673454
0.0830690029937
0.083302626012
0.0836061103653
0.0843310601346
0.0844329025886
0.0846030273086
0.084796634698
0.0848178144972
0.0851623572232
0.0853189897571
0.0854280248159
0.0854419831034
0.0855978471745
0.0858636370891
0.0861023679605
0.0860717864386
0.0864095041874
0.0864706928621
0.0866221824476
0.0866748313855
0.0866592918717
0.0869567461567
0.0871220028117
0.0876107174159
0.0877356555001
0.087977524978
0.0880090249156
0.0879935487327
0.0881686059963
0.0882645987797
0.0884750132897
0.0884576475831
0.0885647695658
0.0887816945166
0.0889140414922
0.0889195609298
0.0891564817478
0.0893582993149
0.0893955855953
0.0895116207847
0.0894790396346
0.0895760503316
0.0899747638964
0.0900883484891
0.0902721867528
0.0903335719322
0.0903979291157
0.0907058694082
0.0907325943927
0.0908322419108
0.0907963929356
0.0908854276249
0.0910999092422
0.0910730771541
0.0912215534008
0.0912686661537
0.091585791971
0.0917073347128
0.0917978589327
0.0922082911101
0.0923772531988
0.0924420108306
0.0924835672357
0.0924997297357
0.0925784066071
0.092623920732
0.0926925930813
0.092633335494
0.0926346303753
0.0929193884159
0.092940866151
0.0931387791449
0.093302173249
0.0934737606815
0.0936083876772
0.0936249145939
0.0935902523359
0.0935817358347
0.0936065582724
0.0939806976349
0.0941703869181
0.0941711256198
0.0942411159581
0.0941397141879
0.094232953942
0.0942657061964
0.0943607744136
0.0943928449126
0.0946078712995
0.0946959873533
0.0947078683788
0.0948502116503
0.0948319221486
0.094975484668
0.0951414473076
0.0952080155663
0.0952242258579
0.0952929864335
0.0953201212815
0.0953304734629
0.0953629226254
0.0956123513363
0.09578728054
0.0959151088802
0.0961982326964
0.0961795915869
0.0962141233035
0.0963546542027
0.0964212126361
0.0964597914579
0.0968678226736
0.0972451647261
0.0973808394315
0.0976717549043
0.0980276619365
0.0981756049187
0.0981743576429
0.0983180572747
0.0982817819821
0.0982968257391
0.0984575507128
0.0984798077048
0.0984794026098
0.0986269522727
0.0985739748888
0.0985477630646
0.0985265153099
0.0985510722516
0.0986899389112
0.0988080717251
0.0988572110232
0.0989248151846
0.0990188030627
0.0991761717091
0.0991630311609
0.0992648720067
0.0992718429902
0.0993841460171
0.0994383653803
0.0994611898354
0.0998094210902
0.0997668892564
0.0998707054496
0.0999178576671
0.0999591025701
0.0999534348342
0.100056277114
0.100117628321
0.100086939641
0.100463855979
0.100551268585
0.100596327872
0.100802558453
0.100904271556
0.100855706919
0.101163340121
0.101272830844
0.101258910266
0.1012835945
0.101437094593
0.10144555179
0.101707253541
0.101723495711
0.101945059185
0.102079895708
0.102169918764
0.102243732468
0.102326071142
0.102293325786
0.102538208293
0.102650327753
0.102826186042
0.102869122571
0.102968398437
0.103049844668
0.103064057038
0.103326201327
0.103530989264
0.103779548918
0.103764194013
0.103924583133
0.103877742231
0.104048628777
0.104034501251
0.104115657769
0.104219803181
0.104303739113
0.10431752105
0.104310308371
0.104411697673
0.104443002122
0.104579139323
0.104617480252
0.104888726398
0.105070335211
0.105106326605
0.105102919989
0.105148982692
0.105289221389
0.1052848598
0.105247475582
0.105261998022
0.105259453519
0.105320552569
0.105385827771
0.105402890675
0.105461384479
0.105561495809
0.105515597726
0.105498695241
0.105498460538
0.105545570136
0.105561880737
0.105751402198
0.105880572042
0.106019832257
0.106188859616
0.106261052547
0.106432420455
0.106780174461
0.106743503237
0.106855225312
0.106961906453
0.107142641319
0.107250162258
0.107255565546
0.107332173946
0.107471335329
0.107511249867
0.107511865625
0.107559039263
0.107717461148
0.107708442666
0.107754438504
0.107779453045
0.107778895571
0.107750615648
0.107755106646
0.107874961382
0.107895910377
0.10802673048
0.108006667672
0.108066164116
0.108155615536
0.108303981994
0.108274148305
0.108353964401
0.108341193221
0.108464829754
0.10854528221
0.108580506571
0.108593891494
0.10859183823
0.108757915306
0.108810840676
0.108871926711
0.108919431375
0.109091861435
0.109079223432
0.10942812522
0.109544167656
0.109686333924
0.109741565425
0.109788624335
0.109927080839
0.110028224739
0.11002015801
0.110068601349
0.110053001541
0.110081774615
0.110145823061
0.110209037364
0.110191123632
0.110302254178
0.110366603236
0.110413407528
0.110393904795
0.110616637224
0.11056814289
0.110739325774
0.1108019994
0.1108080857
0.110813415795
0.110990357431
0.111201619631
0.111451959336
0.111432817764
0.111555122965
0.111601305299
0.111678420442
0.111623695073
0.111828699301
0.11184258359
0.111867906524
0.111897024847
0.112072236712
0.112087995602
0.112184509467
0.112367773458
0.112392098432
0.11253217536
0.11254494683
0.112576113199
0.112601020436
0.1127313167
0.112731784398
0.112727443886
0.11273496422
0.112979364201
0.113086490805
0.113087353973
0.113096669754
0.113113781595
0.113209326862
0.11321345813
0.113197453039
0.11331251351
0.113293150163
0.113271367365
0.113379688382
0.113463687246
0.113458040232
0.11369591634
0.113698597237
0.113727267113
0.113735477439
0.113742323364
0.113828873351
0.113864428714
0.113817013686
0.113924481568
0.113922969545
0.114065815281
0.114190625696
0.114202448991
0.114462990035
0.114490755411
0.114540126179
0.114570315756
0.114642810535
0.114751632693
0.114866913132
0.1148677204
0.114841196501
0.114861939752
0.114945716664
0.114926552369
0.114971522561
0.115099616645
0.115072840533
0.115118084162
0.115099694837
0.1150757842
0.115132953668
0.115121037718
0.115330466907
0.115373486088
0.115379150128
0.115379611136
0.11547083856
0.115532931284
0.115560045454
0.115587202892
0.115673601053
0.115673748515
0.115690279408
0.115863854865
0.115986713674
0.115940827447
0.116189120117
0.116230401899
0.11628244768
0.116351453164
0.116467034076
0.116439597965
0.116430630884
0.116436481349
0.116461194934
0.116433374362
0.116493903693
0.116502431309
0.116688334785
0.116647504268
0.116685625495
0.116715337781
0.116736802627
0.116832922412
0.116794270727
0.116814365657
0.11691403256
0.11702870932
0.117073746409
0.117154499301
0.117247255294
0.117274993625
0.1174049011
0.117403054094
0.117428169742
0.117379422523
0.11742114666
0.117406220253
0.117426462732
0.117384732839
0.117530509153
0.117487648236
0.117479910826
0.117507997077
0.11759982484
0.117696587589
0.117715166817
0.117837240797
0.117820444906
0.117861414282
0.117840574496
0.117874570914
0.117846584252
0.117970402929
0.11796848161
0.117971332198
0.118071948472
0.118120078857
0.11812909481
0.118169515782
0.118222096236
0.118282281309
0.118278731155
0.118364856451
0.118449184581
0.118564049736
0.118583157104
0.118654775481
0.118624179311
0.118720120111
0.118673877837
0.118664559909
0.118878198751
0.11893250293
0.118905294051
0.11891307329
0.119024456371
0.118991360509
0.119064563461
0.11909267737
0.119167410775
0.119214314213
0.119333795309
0.119368267177
0.119463263863
0.119483914448
0.119505730265
0.119508302845
0.119543767382
0.119657604546
0.119690984109
0.11978447657
0.119785627694
0.119866878343
0.119850584847
0.119927644159
0.120061062583
0.120272143017
0.120256030058
0.120218936136
0.120174031055
0.120178524828
0.12020690288
0.120290319079
0.120368387962
0.120334070268
0.120560976145
0.120698791622
0.120773798901
0.120755471284
0.120752433709
0.120897292918
0.120898757011
0.121001445842
0.120962206844
0.120942878814
0.120954124854
0.121068694659
0.121072245837
0.121200954747
0.121248637584
0.121268847206
0.121363171803
0.121383868057
0.121438018527
0.121533268445
0.12155784155
0.121643819623
0.12167260684
0.12163186996
0.121703895675
0.121706677239
0.121786948673
0.121761707821
0.12175883524
0.121721436324
0.121779788231
0.121843798052
0.121862834683
0.121994760891
0.122025892718
0.122021693412
0.122039707268
0.122131050579
0.122229010112
0.122244483535
0.12234119646
0.122484771857
0.122605053183
0.122635986212
0.1226840484
0.122693910939
0.122665585264
0.122622643498
0.122641412149
0.122710577459
0.122692225756
0.122688921918
0.122649975191
0.122689621221
0.122768876404
0.122729266244
0.122882800407
0.123034360993
0.123086357334
0.123075667168
0.123125089373
0.123218460662
0.123351678541
0.123420304826
0.123411034534
0.123438583186
0.123434573763
0.12342274366
0.123439238593
0.123566716256
0.123600951419
0.123694408299
0.123774851136
0.12382460894
0.123806069158
0.12379139423
0.123769675316
0.123778518357
0.123777029838
0.123832894336
0.123907408278
0.123906778299
0.123921334181
0.123953077159
0.123940076265
0.12393001043
0.123937024435
0.123939555855
0.124017083363
0.124070570972
0.124075913387
0.124151559665
0.124148140282
0.124221868176
0.12441575121
0.124435043432
0.124496256475
0.124502620436
0.124503986827
0.124500758794
0.124485426073
0.124467046114
0.124446383638
0.124464682798
0.124510421832
0.124582818792
0.124581554941
0.124566292227
0.124680291482
0.124671594202
0.124671859201
0.124654854474
0.124645612932
0.124682789305
0.124747082231
0.124903478254
0.125051353866
0.125079604978
0.125125594864
0.125107382634
0.125094844227
0.125165603128
0.125269145446
0.125359899738
0.125382680716
0.125405191785
0.125428728443
0.12554997353
0.12556520297
0.125612665867
0.125676420801
0.125660672036
0.125640079539
0.125713188411
0.125686643811
0.125687302199
0.125667287771
0.125689814777
0.125710122647
0.125829007781
0.12585265245
0.125909797588
0.125972828737
0.125965380638
0.126021557098
0.126113980918
0.126227693195
0.126248459917
0.12633002697
0.126342898544
0.12632552818
0.126469829913
0.126462765784
0.126471134775
0.126562637258
0.12664524543
0.126711513466
0.126788838037
0.126830749269
0.126853014894
0.126853901882
0.126835860871
0.126809874974
0.126799119559
0.126851896995
0.126848460469
0.126898178533
0.126892572537
0.126871070555
0.126921315734
0.126892029972
0.126865192765
0.126907013623
0.126880049607
0.126861994964
0.126918863976
0.126901474298
0.126905239771
0.127049663333
0.127079693195
0.127101591464
0.127169997418
0.127139149555
0.127122533743
0.127280459173
0.127302610629
0.127345704565
0.127332939111
0.127319145344
0.127355715327
0.127508494229
0.127514849008
0.127591301588
0.127610942975
0.127598507001
0.127628568606
0.127660397089
0.127805577996
0.127787601072
0.1278330111
0.127882029175
0.127881759846
0.127940725665
0.127931796438
0.127937562265
0.127985918735
0.128115538174
0.128187385179
0.12818373547
0.1281770101
0.128148216112
0.128288553516
0.128330661772
0.128389564442
0.128386351515
0.128361079844
0.128395148922
0.128372629614
0.12844196178
0.128408149242
0.128394125018
0.128399423462
0.128475483189
0.128529934188
0.128608369469
0.12860833161
0.128709641034
0.128772876211
0.12878427026
0.128915693496
0.128972513177
0.128964792177
0.12902161665
0.128994333971
0.129050902691
0.12908919127
0.129133594238
0.129217377557
0.129191886326
0.129220104283
0.129293517888
0.129279286295
0.129386573149
0.129374810343
0.129342969731
0.129399032324
0.129467114319
0.129581402753
0.129561995597
0.129558204346
0.129531555124
0.12959901037
0.129646556178
0.129631243722
0.129620341773
0.129631983993
0.129718530556
0.129690754043
0.129682582544
0.129673480782
0.129745628488
0.12971752314
0.129753058423
0.129749570932
0.129708547523
0.129689941375
0.129745804938
0.129768891968
0.129756505903
0.129817259875
0.129886068352
0.129969826205
0.130006060503
0.129980734724
0.129973680322
0.129999497848
0.130061525195
0.130081151822
0.130204450852
0.130174365469
0.130367197949
0.130379047602
0.130371037572
0.130385857673
0.130440934911
0.130497243286
0.130547133334
0.130531119436
0.130504770774
0.130507559464
0.130565316068
0.130618044167
0.130611623136
0.130618931797
0.130606559202
0.130726439836
0.130697157731
0.130730235431
0.130892337924
0.130929680636
0.130920655083
0.130904002794
0.130882365341
0.130925153674
0.131053295562
0.131119167614
0.131206733777
0.131261663641
0.131248108255
0.131316816455
0.131326315158
0.131309903512
0.131299408128
0.131293477986
0.13127980828
0.1312778929
0.131279872907
0.131385737629
0.131480246
0.131459263139
0.131536108565
0.131568943101
0.131622978619
0.131638768224
0.13165706737
0.131665158804
0.131645441777
0.131684658995
0.131740418736
0.131776068417
0.13179656886
0.131907146411
0.132017232861
0.132134428649
0.132257593289
0.132256928266
0.132341279637
0.132399872006
0.132387546666
0.132386765679
0.132400025189
0.132386078741
0.132526605717
0.132552003972
0.1325283084
0.132564985922
0.132569610515
0.1325521557
0.13254166321
0.13254788095
0.132607976693
0.132690181228
0.13277793561
0.132728352653
0.132745277914
0.132740565416
0.132777861464
0.132737937255
0.1327360859
0.132916444378
0.132960344522
0.13295793895
0.132998053449
0.132992018015
0.133029466742
0.13307023944
0.133123921618
0.13313576273
0.133174352305
0.133158112323
0.133119989299
0.133135308289
0.133173952504
0.1331658472
0.133209226579
0.133374708535
0.133456291638
0.133461672247
0.133558507173
0.133533675054
0.133507358764
0.133527159132
0.133636491313
0.13362512513
0.133640309454
0.133633979532
0.133696811152
0.133656875307
0.133739368206
0.133742479663
0.133749275491
0.133713378548
0.133716710837
0.133721036163
0.133748238684
0.133755265469
0.133781239369
0.133788897729
0.133798623261
0.133880998973
0.133885537119
0.13389459168
0.13386018889
0.133836254543
0.133849235881
0.133878207491
0.133870360928
0.133859299516
0.133978160924
0.134080563653
0.134084966082
0.134052148365
0.134030371836
0.134042524359
0.134065172578
0.134073568542
0.134045507243
0.134053970912
0.134111731266
0.134142151109
0.134142707236
0.134174069072
0.134160767996
0.134160305784
0.134240665424
0.134205672131
0.134180555737
0.134175754391
0.134213234585
0.134268370139
0.134282612874
0.134328037691
0.134350008379
0.134444017029
0.13453837621
0.134541976343
0.134567786711
0.134550736497
0.134540797523
0.134517053942
0.134552598442
0.134539395104
0.134501979206
0.134524782262
0.134525927293
0.134542815567
0.134606807941
0.134648554813
0.134621189879
0.1346327163
0.134677106948
0.134702767022
0.134762783987
0.134796417582
0.134777238292
0.134823754678
0.134915325863
0.134924641503
0.13491040095
0.134885819498
0.134952240873
0.13502760732
0.135064218069
0.135064581182
0.135132892726
0.135113025641
0.135099574111
0.135076824848
0.135076295149
0.13511629796
0.135245180967
0.135365576955
0.135403094626
0.135418702768
0.135434922776
0.135439380467
0.135445198755
0.135439743344
0.135409623895
0.135380692947
0.135413542765
0.13543173343
0.135440863701
0.135438030245
0.135426927427
0.135474500441
0.135452469163
0.135433935369
0.135438975573
0.135440652916
0.135503458553
0.135478686127
0.135562489362
0.135603507529
0.135616225682
0.135569376933
0.135609949437
0.13562891559
0.13563467923
0.135673599131
0.135667131233
0.135631478478
0.135676061342
0.135675913672
0.135644641732
0.135631736375
0.135627390134
0.135619704313
0.13563203197
0.135606706168
0.135626192818
0.135628091717
0.135638193879
0.135699922802
0.135691850363
0.135686079866
0.1356573572
0.135655355456
0.135634287899
0.135632977965
0.135620411552
0.135648248313
0.13565376447
0.135648467228
0.135705044619
0.135766534964
0.135761002366
0.135755486191
0.135801251684
0.135763925841
0.135836021059
0.135841571986
0.135864678513
0.135861468295
0.135840741689
0.135861605099
0.135849008618
0.135838995088
0.135893902326
0.135917673685
0.135938378958
0.135935589401
0.135942517535
0.136016036775
0.135991428323
0.136014192107
0.13605643389
0.136068314677
0.1361597999
0.136141895734
0.136104110788
0.136242609741
0.136222845758
0.136282963467
0.136272573368
0.136319239388
0.136332892313
0.136356664968
0.136406862658
0.136428322458
0.136398822073
0.136426220226
0.136506115148
0.136474753902
0.136465460055
0.136518337668
0.13657357932
0.136552832004
0.136726052583
0.136805924283
0.136792038241
0.136856395716
0.13693155167
0.136939931753
0.136969046329
0.136983952353
0.136969692483
0.137095827456
0.137110729328
0.13716358659
0.137251231498
0.137220059835
0.137206607737
0.137243855008
0.137335722173
0.137350759307
0.137357972484
0.137371257474
0.137340592686
0.137379623011
0.13748046617
0.137590147191
0.137632309416
0.137647411011
0.137643148622
0.137678780742
0.13767284126
0.137680700394
0.137669515103
0.137726509918
0.137751161581
0.137796320268
0.137791812393
0.137829154494
0.137856916428
0.137849461903
0.137852228882
0.137868314119
0.137925430031
0.137923158207
0.137992180327
0.137966865466
0.137998733651
0.138105459456
0.138105452542
0.138096539862
0.138135795333
0.13811833401
0.138086252876
0.138071125755
0.13813002705
0.138149088538
0.138171340041
0.138152101633
0.138191149928
0.138238716465
0.138247624433
0.138252909835
0.138226145784
0.138195227917
0.138229818158
0.138213376618
0.138228899985
0.138220241837
0.138204789397
0.138249828099
0.13825267377
0.138216326885
0.138202576312
0.138235358832
0.138259192913
0.13826617276
0.13827813284
0.138282214205
0.138328973738
0.138315800893
0.138389216351
0.138432607603
0.138457040203
0.138453178912
0.138549605313
0.138533171599
0.138566155937
0.138581807555
0.138668276952
0.13868405196
0.138749044625
0.138722268524
0.138708513418
0.138751281652
0.138771472269
0.138777761482
0.138785513197
0.138796371766
0.138776477984
0.13877320139
0.13881100469
0.138841008661
0.138892409688
0.138955539342
0.138954961646
0.138936065456
0.138999881407
0.139008642614
0.139015721591
0.13902422741
0.139031461088
0.139082143355
0.139062543582
0.139123614207
0.139154178952
0.139135669923
0.139128295419
0.139205669874
0.139278918994
0.13926907978
0.139260162869
0.139234486087
0.139275100196
0.139287612408
0.139316054218
0.139334580289
0.139345364307
0.139362679279
0.139393953124
0.139378208034
0.139422014173
0.139450813813
0.139464501999
0.139529865784
0.139529291353
0.139564449953
0.139555545087
0.139555146717
0.139545569524
0.139591782896
0.139601081111
0.139677374411
0.139652388442
0.139637919427
0.139688032673
0.139715116242
0.139724546083
0.139754018784
0.139762282123
0.139765740827
0.139745897553
0.139762821893
0.139777387932
0.139789106209
0.139776935806
0.139774191761
0.13976546008
0.139746710383
0.139747386766
0.139750911534
0.139751496018
0.139803991642
0.139795467035
0.139782018683
0.13977169522
0.139733027366
0.139756848557
0.139754292922
0.139826581225
0.139854594832
0.139879843068
0.139848939504
0.139854900635
0.139857969098
0.139870848339
0.139914456257
0.139893312075
0.139973960979
0.139954712557
0.139960737651
0.139958628553
0.139980856129
0.14008244873
0.140101538039
0.140134478465
0.140197197181
0.14016585534
0.140165505891
0.140203871122
0.14022895905
0.140205553715
0.140232372973
0.140219425133
0.140269814664
0.140288836857
0.140298102931
0.140299850129
0.140307916083
0.140305389052
0.14028410239
0.14029611144
0.140290796288
0.140267334084
0.140279272386
0.140317953119
0.140302519244
0.140300116201
0.140337831194
0.140317432269
0.140310177669
0.140315157465
0.140338793343
0.140329880335
0.140368246948
0.140341911543
0.140359666798
0.140356168317
0.140339719897
0.140318708488
0.140324772891
0.140347189032
0.140361199526
0.140342720728
0.140326205946
0.140363206386
0.140399769462
0.14047192736
0.140458026944
0.14052023647
0.140526673679
0.140564410131
0.140595307973
0.140595283402
0.140617900975
0.140608742501
0.140661747334
0.140663345479
0.140640298535
0.140642984303
0.140640757937
0.140671322006
0.140651737237
0.1406952257
0.140716413568
0.140704839032
0.140709092711
0.140699767476
0.140724756926
0.14073436815
0.140715633106
0.140775058976
0.140767683919
0.140783596732
0.140839336266
0.140848531355
0.140902335077
0.140887466526
0.1409670942
0.140953081957
0.140958499265
0.141080278906
0.141063853719
0.141174020203
0.141244087585
0.141292679846
0.141276209295
0.141275582416
0.141252207634
0.141294456295
0.141279077508
0.141294701588
0.141321186714
0.141323921802
0.141330907276
0.141328429299
0.141286129783
0.141322698602
0.141306165815
0.141336041078
0.141485405049
0.141480622281
0.141491270853
0.141482671053
0.141455615836
0.141488917125
0.141491560237
0.141484623997
0.141484093902
0.14153318104
0.141546236235
0.141575468914
0.141592535533
0.14167553684
0.141663788736
0.14165623537
0.141656244849
0.141662941084
0.141689803868
0.141682961764
0.14167876886
0.141676780206
0.14169929168
0.141699861603
0.141679445416
0.141663810912
0.141683528033
0.141685521309
0.141689000467
0.141697941777
0.14166699881
0.141725839222
0.1417583225
0.141852319682
0.141863864099
0.141946346967
0.142032188313
0.142030720122
0.142023810359
0.142034029243
0.142042939617
0.142031103425
0.142037770164
0.142096599829
0.142086799231
0.142068867255
0.14207419208
0.142113347145
0.142118810236
0.142135833767
0.142158001002
0.142183235044
0.142205243774
0.142188145228
0.142183321332
0.14217668456
0.142171999523
0.142167491975
0.142230154997
0.142245594401
0.142267981059
0.142245957501
0.142334706893
0.142410928492
0.14243629214
0.142474674861
0.142472296363
0.142447336361
0.142431888412
0.142424610995
0.14247380522
0.142511105211
0.14258647971
0.142620039156
0.142600401754
0.142601894049
0.142663317042
0.142642293707
0.142661161806
0.142631126425
0.142634085919
0.14268307275
0.142716410001
0.142705067061
0.142725901699
0.142711042908
0.14269324733
0.142711682628
0.14268895672
0.142683886957
0.142726141838
0.142747914582
0.142758713243
0.142732723217
0.142723603776
0.142705474242
0.142683936546
0.142683507108
0.142703814187
0.142809017885
0.142836210158
0.142856639297
0.142867471511
0.142841123381
0.142879838084
0.142911085414
0.142909549403
0.142951860894
0.142932697477
0.142943910702
0.142927601648
0.142921429687
0.142933022587
0.142944946157
0.14298212108
0.14298188588
0.143021321422
0.143046480111
0.143069250796
0.143107333566
0.14310524712
0.143127929536
0.143147722772
0.143133291896
0.143121992375
0.14314382105
0.143162830132
0.143140311404
0.143167739167
0.143142477113
0.143132227664
0.14314548469
0.143182001552
0.143225757021
0.143257297938
0.143265040726
0.143255149408
0.143277625797
0.143297115446
0.143267254941
0.14325464742
0.143238431436
0.143298880084
0.143338498428
0.143328849536
0.143318959282
0.143310077269
0.143344704864
0.143318692256
0.143361853171
0.143386087237
0.143403660391
0.143452652378
0.143451953606
0.143468534753
0.143448024396
0.143465394712
0.143460383556
0.143469183012
0.143565885107
0.143604695361
0.143576820637
0.143613291633
0.143616335387
0.143591779876
0.143576781374
0.143578551716
0.143641970095
0.14367124891
0.14369447749
0.143724173471
0.14370036869
0.143736209652
0.143714386166
0.143701689875
0.143724468275
0.143772530509
0.143765273066
0.143777653792
0.143757351846
0.143751248833
0.143737059892
0.143736549756
0.143728360161
0.143762826467
0.143832332275
0.143862335159
0.14387495792
0.143853126297
0.143889411203
0.143878152959
0.143886160099
0.143868839844
0.143916604954
0.143887133762
0.143932412447
0.143929661982
0.143925560458
0.143901644481
0.143896522506
0.143955912895
0.143984246958
0.143981915769
0.143986296161
0.143962147072
0.143952217086
0.143924315384
0.143910123957
0.143936805712
0.143974870973
0.144021765732
0.14405752586
0.144077065886
0.144089044597
0.144071292193
0.144104416395
0.144120212313
0.1441379181
0.144157886239
0.144144415147
0.144139933849
0.144157944024
0.144178561548
0.144169087531
0.144133599099
0.14415291801
0.144185759964
0.144167588655
0.144235325278
0.144269738532
0.144279916488
0.144276299999
0.144299782835
0.144280466782
0.144296020796
0.144312106441
0.144286700516
0.144300874688
0.144308763461
0.14428531378
0.144262252499
0.144255791133
0.144245616921
0.144307934602
0.144312027777
0.144366705487
