
row1col1
West 0.0
East 2.16384958538e-05
North 0.0
South 0.0

row1col2
West 4.9613364995e-09
East 8.29582032224e-06
North 3.5889184873e-09
South 0.000779638517137

row1col3
West 0.0
East 3.92742359223e-24
North 4.68106990995e-05
South 0.00115852016459

row1col4
West 1.86552620631e-25
East 3.88785571314e-22
North 0.0024755524416
South 0.0281262509089

row1col5
West 3.20723595202e-12
East 2.39599504767e-22
North 0.000136336964801
South 0.01790177987

row1col7
West 1.98216069807e-05
East 1.00002948172e-08
North 4.75015503145e-10
South 0.00119456826157

row1col8
West 2.99005678945e-05
East 0.00508468977619
North 6.87528445556e-09
South 4.11094692328e-10

row1col9
West 5.07320730281e-07
East 0.000140896522575
North 0.00880107901783
South 0.120193481521

row1col10
West 0.00236356390068
East 1.3301868008e-12
North 0.00014088442298
South 0.0104950578063

row1col11
West 4.86749354788e-05
East 2.86758000554e-08
North 8.15976528418e-14
South 1.21656970918e-08

row1col13
West 0.129970744287
East 0.178005185223
North 0.198720753904
South 0.860175285231

row1col14
West 0.084674402156
East 0.114012613062
North 0.244502895293
South 0.919839299066

row1col15
West 0.0533136483512
East 0.000836490585938
North 0.0337319072942
South 0.53670876984

row1col16
West 0.011174375
East 0.0001128125
North 0.0248576218929
South 0.3875817039

row1col18
West 0.0328722433454
East 0.0109015052704
North 0.104558987308
South 0.577727897267

row1col19
West 0.246498919892
East 0.0141453709494
North 0.0164529927426
South 0.00559319377041

row1col20
West 0.0995722878898
East 0.000491625570161
North 0.00411846287136
South 1.74814115804e-07

row1col21
West 0.0227122093695
East 0.000446620573527
North 0.000451373166777
South 3.15747070788e-08

row1col22
West 0.00422805779366
East 0.0001613603516
North 8.02976674431e-05
South 2.58643766714e-09

row2col1
West 0.000232866016048
East 0.00149527057576
North 0.0
South 0.00021225483288

row2col2
West 3.45129079824e-05
East 0.0
North 6.94814161071e-05
South 0.0130715270974

row2col3
West 0.000440461626457
East 0.0242625325256
North 0.0
South 0.0

row2col4
West 0.00024542359179
East 9.84160669228e-10
North 0.00376659932798
South 0.143993506614

row2col5
West 0.00415779792259
East 0.00328250612863
North 0.000823096712224
South 0.195732033925

row2col7
West 9.4767061355e-14
East 7.35832421472e-11
North 4.75306844779e-10
South 0.0145813638655

row2col8
West 2.052817285e-05
East 0.0270901967515
North 1.20865209538e-11
South 0.00911560979802

row2col9
West 0.00188244116094
East 0.00573480659215
North 0.013928108382
South 0.41271601745

row2col10
West 0.115521420711
East 0.00129755242277
North 1.28941572899e-09
South 0.00647850293847

row2col11
West 0.013114701467
East 0.000448625864296
North 4.34769760758e-11
South 0.00117277230662

row2col13
West 0.901688534519
East 0.95
North 0.684529181432
South 0.809810039173

row2col14
West 0.899941759737
East 1.0
North 0.769300837115
South 0.825244610918

row2col15
West 0.0
East 0.0
North 0.0
South 0.0

row2col16
West 0.997257070734
East 0.562161990085
North 0.0459886000219
South 0.0765427938153

row2col17
West 0.936126991022
East 0.452147506315
North 0.363345978911
South 0.190218185027

row2col18
West 0.859380977779
East 0.249279641781
North 0.0883686936712
South 0.101396934971

row2col19
West 0.591531491738
East 0.0479090433138
North 0.000634757251752
South 0.0148253629663

row2col20
West 0.233717267165
East 0.0018930807764
North 0.00134806982836
South 0.00211437653297

row2col21
West 0.0457119767998
East 1.34934349668e-06
North 1.29053560265e-05
South 1.14383061147e-09

row2col22
West 0.00400808573885
East 0.000213318498151
North 3.89176633532e-09
South 1.0505739045e-10

row3col1
West 0.000508235324873
East 0.010931837254
North 0.0
South 6.5356627038e-18

row3col2
West 0.000787770267814
East 0.078859358817
North 3.31983672029e-05
South 0.0

row3col3
West 0.0187743389666
East 0.176269460158
North 0.000838009635145
South 0.00570133583545

row3col4
West 0.0340176936919
East 0.329144279048
North 0.00970718364935
South 0.0320809076099

row3col5
West 0.0390243322892
East 0.0695770751933
North 0.0585719245249
South 0.435011706378

row3col7
West 0.00556134991246
East 0.0890497056305
North 3.65683524485e-05
South 0.0020065549672

row3col8
West 3.64375415151e-05
East 0.314330893779
North 1.33553806095e-07
South 1.41264356706e-05

row3col9
West 0.0149379191108
East 0.0314917428688
North 0.161772031777
South 0.582230713655

row3col10
West 0.295133962025
East 0.00303359272096
North 5.04546040235e-07
South 0.00197630257179

row3col11
West 0.0568956237242
East 0.0016534903442
North 1.93760681186e-10
South 2.29491577402e-10

row3col13
West 0.857367610975
East 0.902499999228
North 0.9025
South 0.805905090761

row3col14
West 0.83573423062
East 0.949999999906
North 0.820170364861
South 0.736708468324

row3col15
West 0.66852650128
East 0.390572233043
North 0.999999999996
South 0.925279070894

row3col16
West 0.768755736017
East 0.130527602789
North 0.0998857174891
South 0.0416610222901

row3col18
West 0.0343894269806
East 0.0106335079378
North 0.585093612016
South 0.1066112939

row3col19
West 0.271594283178
East 0.00347163925853
North 0.000547647230658
South 0.00611791196218

row3col20
West 0.0704179379842
East 4.07439252084e-06
North 1.63950365479e-06
South 0.0

row3col21
West 0.00813903456181
East 1.17459124622e-05
North 1.61921574763e-08
South 7.69127480126e-10

row3col22
West 0.000437425974452
East 9.82132898838e-06
North 1.46326503094e-09
South 7.12404328466e-11

row4col5
West 0.0362486516746
East 0.0697099523706
North 0.158683648124
South 0.499829014133

row4col9
West 0.172776602743
East 0.166738561629
North 0.340239364505
South 0.629118050313

row4col13
West 0.809052261243
East 0.808461965529
North 0.857375
South 0.773741909407

row5col1
West 0.0
East 1.17369461824e-05
North 0.0
South 0.0

row5col2
West 0.0
East 0.0
North 2.38317302576e-05
South 0.000687421428212

row5col3
West 0.0
East 0.0
North 0.000223434895248
South 0.00620081840454

row5col5
West 0.336917761034
East 0.540284849684
North 0.137753088146
South 0.121786448148

row5col6
West 0.506071086106
East 0.568800092276
North 0.49457462388
South 0.435030355372

row5col7
West 0.538050804138
East 0.598736939238
North 0.538401977863
South 0.442004132857

row5col8
West 0.566807793259
East 0.630249409725
North 0.532639002943
South 0.444405396508

row5col9
West 0.59816309778
East 0.663420431289
North 0.53769909846
South 0.415116425427

row5col10
West 0.630166136826
East 0.698337296094
North 0.635117954755
South 0.599027892126

row5col11
West 0.663315211548
East 0.735091890625
North 0.685709140988
South 0.516119140054

row5col12
West 0.697114819632
East 0.7737809375
North 0.698560479105
South 0.589629239547

row5col13
West 0.729699442856
East 0.72731460728
North 0.81450625
South 0.735035634391

row5col14
West 0.7737809375
East 0.695609924002
North 0.651704768095
South 0.521954470095

row5col15
West 0.735091890625
East 0.659389097015
North 0.640430409842
South 0.52330629825

row5col16
West 0.698337296094
East 0.618472289876
North 0.524793700529
South 0.376169335409

row5col17
West 0.663420431286
East 0.57587784361
North 0.509456500305
South 0.509347818183

row5col18
West 0.626655626739
East 0.244126903134
North 0.146324025349
South 0.169802768927

row5col20
West 0.0
East 0.0
North 0.000347676230746
South 0.0382253996198

row5col21
West 0.0
East 0.0
North 0.0
South 0.0234346927819

row5col22
West 0.0
East 0.0
North 6.60462258609e-05
South 0.00478694538109

row6col1
West 1.4177109645e-05
East 0.000164167107599
North 0.0
South 0.0

row6col2
West 8.74057692211e-10
East 7.98731428841e-19
North 2.27367003438e-05
South 0.0110360302048

row6col3
West 0.0
East 0.0
North 9.85447052612e-05
South 0.0658799510021

row6col5
West 0.0654826949812
East 0.443597371284
North 0.118363293903
South 0.0253895325253

row6col6
West 0.272045565752
East 0.41819653884
North 0.540360087588
South 0.481774690426

row6col7
West 0.0643810473818
East 0.0590966346803
North 0.562651079226
South 0.183426556883

row6col8
West 0.0549622701634
East 0.0713277124803
North 0.57599720175
South 0.233522846016

row6col9
West 0.195073521867
East 0.589343948936
North 0.266891215379
South 0.037285479979

row6col10
West 0.273786307332
East 0.258306194225
North 0.663402107458
South 0.528928702797

row6col11
West 0.0566624833186
East 0.0822747158097
North 0.67278897732
South 0.0552055085965

row6col12
West 0.135302182149
East 0.205019518055
North 0.718013565498
South 0.234374544926

row6col13
West 0.315113087478
East 0.240697580006
North 0.773775114704
South 0.633910219724

row6col14
West 0.161245669304
East 0.0549337943501
North 0.699287759893
South 0.0973776822052

row6col15
West 0.0607812079066
East 0.000336325669474
North 0.688957069566
South 0.203345700709

row6col16
West 0.492284474265
East 0.25420912088
North 0.561298209121
South 0.0767195190342

row6col17
West 0.338429947949
East 0.409709391052
North 0.630249409661
South 0.555997158337

row6col18
West 0.59051119362
East 0.220849574288
North 0.223988647396
South 0.0306684128194

row6col19
West 0.509687806892
East 0.14104954382
North 0.0395778662034
South 0.043750505157

row6col20
West 0.389416693481
East 0.0498940780451
North 0.00103877074724
South 0.00261334902407

row6col21
West 0.24091027302
East 0.00796289171933
North 3.09895051023e-05
South 0.00193040009086

row6col22
West 0.0865439902883
East 0.00686550424723
North 3.41146874798e-05
South 0.0

row7col1
West 8.63354330817e-05
East 0.0144341493586
North 0.0
South 0.0

row7col2
West 0.00105124963323
East 0.0767505632887
North 0.0
South 0.00424117297569

row7col3
West 0.0081148928283
East 1.61974603509e-05
North 0.0102309137325
South 0.202598963317

row7col5
West 0.0732983190933
East 0.43300167728
North 0.029918082325
South 0.0430700742688

row7col6
West 0.275554915575
East 0.452152986001
North 0.513342082837
South 0.458378225748

row7col10
West 0.165149353969
East 0.169995450353
North 0.629404124299
South 0.378731167902

row7col17
West 0.464808431939
East 0.336372562818
North 0.598736938749
South 0.533486086473

row7col18
West 0.517582430777
East 0.0420155591957
North 0.0962111919666
South 0.0574145734307

row7col20
West 0.0
East 0.000552322438832
North 0.0470737078747
South 0.00157915944439

row7col21
West 0.000975751423156
East 0.0
North 0.0377420237721
South 0.000509683518456

row7col22
West 0.0
East 0.0
North 0.0103106232601
South 6.52985098707e-09

row8col1
West 6.63333324188e-05
East 0.0226284204559
North 0.00019486851078
South 0.0

row8col2
West 0.000129535142665
East 0.157081535057
North 1.03153070008e-07
South 0.0120979459132

row8col3
West 0.0336343411167
East 0.354236634211
North 0.0169610117828
South 0.0

row8col4
West 0.161177733828
East 0.425090697145
North 0.0765219951255
South 0.0563968028794

row8col5
West 0.253738855091
East 0.46163492218
North 0.0680212734139
South 0.0849699891237

row8col6
West 0.382302634479
East 0.369919461222
North 0.487674976898
South 0.437283411034

row8col8
West 0.00155744188738
East 0.0582698785591
North 5.18883013141e-06
South 9.12554879796e-05

row8col9
West 0.00465294889928
East 0.292006300126
North 8.07531613255e-09
South 1.14707616145e-06

row8col10
West 0.0372121775023
East 0.0746121563584
North 0.590132897153
South 0.128616238672

row8col11
West 0.49678180471
East 0.103734291077
North 0.0271770582613
South 0.00497182776806

row8col12
West 0.37145062483
East 0.0440563650126
North 0.0148619945969
South 0.00414257562472

row8col13
West 0.193643409045
East 0.0157960222594
North 0.00713680283701
South 1.76760397348e-06

row8col14
West 0.0824003497665
East 0.000705006611053
North 0.00014955178522
South 8.45996173729e-05

row8col15
West 0.00920524683308
East 0.000251009508749
North 0.0
South 5.13874564015e-07

row8col17
West 0.435377346056
East 0.176014951886
North 0.56880008782
South 0.49905453404

row8col18
West 0.359632189518
East 0.0423264727408
North 0.216770526683
South 0.0645143013517

row9col5
West 0.10989520021
East 0.393700239325
North 0.0636453972946
South 0.00781269201642

row9col6
West 0.247449085573
East 0.377170757816
North 0.463291212127
South 0.412839499528

row9col8
West 1.76599050619e-13
East 0.000571743212036
North 0.00192116811956
South 3.28890002841e-06

row9col9
West 6.94086238723e-05
East 0.0120366985962
North 0.00819331471079
South 1.80723391656e-14

row9col10
West 0.000759837624322
East 0.00147267048332
North 0.321106549948
South 0.0476850146264

row9col11
West 0.0067205739034
East 0.000144594491226
North 0.0867517382468
South 0.00181448822143

row9col12
West 2.24758606503e-06
East 3.54287622538e-16
North 0.0884480843427
South 0.00422669204515

row9col13
West 0.00921475724607
East 1.29984952591e-06
North 4.17744813305e-17
South 8.74029518583e-16

row9col14
West 5.08486384693e-17
East 2.69532912037e-07
North 0.00802691745226
South 0.000350256619056

row9col15
West 2.2183209432e-05
East 1.23352965409e-08
North 0.0
South 0.0

row9col17
West 0.389221262359
East 0.26944313434
North 0.540360064951
South 0.483308534855

row9col18
West 0.445254147869
East 0.139964219437
North 0.0347067670927
South 0.0344896804841

row9col20
West 5.46299303017e-10
East 2.35136195918e-05
North 0.0
South 0.0

row9col21
West 4.35667804637e-07
East 0.0
North 4.91173781127e-06
South 0.00036681623503

row9col22
West 5.303198567e-07
East 0.0
North 0.0
South 0.0

row10col1
West 1.72175480754e-06
East 0.000556107792139
North 0.0
South 0.0

row10col2
West 1.20860038852e-05
East 0.00882378897924
North 0.0
South 0.0

row10col3
West 0.000153336091961
East 0.0
North 0.00764698890647
South 0.0603851192984

row10col5
West 0.0634909209454
East 0.326614384146
North 0.0335652545259
South 0.000579635839366

row10col6
West 0.1500907382
East 0.313937386083
North 0.440126502351
South 0.391326360894

row10col17
West 0.381334045888
East 0.172465403931
North 0.513341951766
South 0.453215008722

row10col18
West 0.351562274929
East 0.0740636340228
North 0.0348006101161
South 0.0150166378036

row10col20
West 0.0
East 2.60997670012e-07
North 0.0
South 0.0

row10col21
West 0.0
East 0.0
North 3.34085393629e-05
South 0.00176739588923

row10col22
West 7.86734037776e-05
East 1.37796015039e-13
North 0.0
South 0.0

row11col1
West 0.000264201047641
East 0.0099930662666
North 0.0
South 9.32500901079e-05

row11col2
West 0.00112440876813
East 0.0842593941271
North 8.31560930716e-05
South 0.000881495549966

row11col3
West 0.0196503842178
East 0.239595383228
North 0.0016958906953
South 0.0068165026395

row11col4
West 0.0782328889882
East 0.327549846547
North 0.0227300019811
South 0.0577920486274

row11col5
West 0.101531862365
East 0.388578860515
North 0.0613541305282
South 0.0628931654816

row11col6
West 0.251561971405
East 0.322516209704
North 0.418119452481
South 0.369124557278

row11col8
West 1.25204013871e-06
East 5.15802771346e-05
North 1.23326218075e-16
South 1.05309503721e-23

row11col9
West 2.24373799835e-07
East 3.148019778e-24
North 4.08424902368e-05
South 0.000892603552373

row11col10
West 1.49684727108e-05
East 1.63817779293e-07
North 0.0
South 0.0

row11col12
West 2.50257507395e-06
East 0.000155259096267
North 1.01659411907e-07
South 0.0

row11col13
West 5.6414157357e-15
East 0.0
North 6.21812545373e-06
South 0.00224789338108

row11col14
West 7.22404108357e-11
East 0.00313476421245
North 0.0
South 0.0

row11col15
West 0.0
East 1.43512700179e-11
North 9.46868980333e-05
South 0.0347041270734

row11col17
West 0.344519665826
East 0.17909496031
North 0.487674365965
South 0.428290103823

row11col18
West 0.360522738131
East 0.0775578590494
North 0.00629879561693
South 0.0156138918407

row11col20
West 8.38780309344e-12
East 0.000643781355364
North 0.0
South 0.0

row11col21
West 3.8808230622e-07
East 7.44496775759e-06
North 0.000192378061729
South 0.0106765377491

row11col22
West 0.000303383184146
East 3.30597465476e-06
North 0.0
South 0.0

row12col1
West 3.26544020023e-05
East 0.00359077796616
North 0.0
South 0.0

row12col2
West 8.5315207709e-05
East 0.0221923309257
North 0.00297322224444
South 3.90717180964e-12

row12col3
West 1.31768690845e-06
East 2.55106491537e-07
North 0.102455383609
South 0.0146110103151

row12col5
West 0.0790635871599
East 0.323484128048
North 0.0795670127701
South 0.0254117001343

row12col6
West 0.166585201805
East 0.31314763074
North 0.397206837204
South 0.338848073797

row12col8
West 2.48279106858e-09
East 0.000229207170665
North 6.63508974441e-25
South 1.50257546852e-06

row12col9
West 1.50257546852e-06
East 2.22866153337e-06
North 5.7110456472e-05
South 0.00608524952308

row12col10
West 0.000243728891961
East 1.94392961388e-10
North 1.42017722464e-25
South 0.0

row12col12
West 0.000129725065267
East 0.00260820940826
North 1.77797606181e-06
South 3.29154099582e-05

row12col13
West 0.0002101896047
East 0.0243629362683
North 3.44834655089e-10
South 0.000617074617796

row12col14
West 0.00148711028686
East 0.0950612147717
North 0.000102126890233
South 0.00077156711375

row12col15
West 0.0103133667607
East 0.264557828888
North 7.88698916608e-05
South 0.00844211509294

row12col16
West 0.0711495161206
East 0.402956124807
North 0.0144347859241
South 0.0594156756937

row12col17
West 0.199244751668
East 0.224617320489
North 0.463288669393
South 0.405616337639

row12col18
West 0.385724691498
East 0.0894771488731
North 0.0268215468118
South 0.0377132351224

row12col20
West 6.53162126794e-11
East 0.00338668838134
North 0.0
South 0.0

row12col21
West 7.1215361388e-11
East 2.81554193782e-05
North 0.00174151985322
South 0.0346511210483

row12col22
West 0.00110070069635
East 2.07808637154e-14
North 0.0
South 0.0

row13col5
West 0.146157885694
East 0.347622434673
North 0.0943866669444
South 0.01655511385

row13col6
West 0.171409432061
East 0.215471499686
North 0.377302757736
South 0.317102038748

row13col9
West 0.00128884374817
East 0.000876884773514
North 0.000405663602197
South 0.0315952364016

row13col17
West 0.294174222141
East 0.265404424399
North 0.44011776228
South 0.374077852244

row13col18
West 0.414140674443
East 0.193424841386
North 0.109959761672
South 0.0468528106993

row13col21
West 0.00609397895744
East 0.00793211725825
North 0.00557056460617
South 0.0758501886991

row14col1
West 0.000953362448992
East 0.0220608240072
North 3.62421619018e-11
South 0.0

row14col2
West 0.00203364523923
East 0.0917722732384
North 0.00441335091689
South 0.000858175894826

row14col3
West 0.0202836906941
East 0.150304026173
North 0.00426102131303
South 0.00150190156923

row14col4
West 0.0524486740024
East 0.209418497359
North 0.031080621199
South 0.0076180947428

row14col5
West 0.017342077523
East 0.0732724076236
North 0.287785366284
South 0.0788842840817

row14col6
West 0.0876249464406
East 0.118995295415
North 0.358066104861
South 0.273318987322

row14col7
West 0.321622472749
East 0.0949527740583
North 0.0704329843867
South 0.0546464301426

row14col8
West 0.263321229714
East 0.0204966257627
North 0.024674440405
South 0.0115344986872

row14col9
West 0.128772605628
East 0.00572230180551
North 0.00129092590814
South 9.06918851265e-07

row14col10
West 0.0359431630892
East 2.73780102938e-05
North 0.00130971685089
South 2.820620243e-05

row14col11
West 0.00083001767023
East 2.07460608522e-06
North 0.0
South 0.0

row14col12
West 9.60319760535e-07
East 0.000275781416904
North 2.73189818702e-06
South 0.0

row14col13
West 2.63509687519e-06
East 0.0043273054001
North 0.000129152012886
South 0.0

row14col14
West 0.000359902171182
East 0.0295951052338
North 0.000349801795977
South 0.000684293889715

row14col15
West 0.00189011197718
East 0.173919616915
North 1.8478993382e-06
South 0.0412225037184

row14col16
West 0.0205823344168
East 0.357815403324
North 0.0441197527018
South 0.00427057023891

row14col17
West 0.156885407147
East 0.120591424954
North 0.41803610412
South 0.324351008314

row14col18
West 0.117912480359
East 0.0164174306343
North 0.365897384353
South 0.0758436126604

row14col19
West 0.295333187161
East 0.0851187605512
North 0.0449671594673
South 0.00169971899115

row14col20
West 0.229188708861
East 0.0322135355806
North 0.0192704539391
South 0.000470376617462

row14col21
West 0.148511584804
East 0.0134704762082
North 0.00933367755404
South 5.34878897557e-05

row14col22
West 0.0553503025448
East 0.0069547214879
North 0.00156885275247
South 2.29467981741e-07

row15col1
West 6.93870014417e-07
East 0.00240851977039
North 0.0
South 0.0

row15col2
West 6.6815514537e-05
East 0.00192183879341
North 0.0415202997181
South 0.000400159940808

row15col3
West 0.00619642439058
East 0.025981963331
North 0.00540069536031
South 4.4404243743e-06

row15col4
West 0.00490038307008
East 0.0959939822582
North 0.00545916160192
South 0.00474512595713

row15col5
West 0.0164356636868
East 0.243534083816
North 0.0145845608649
South 0.0100614346416

row15col6
West 0.0526259756571
East 0.0773100581217
North 0.337547525955
South 0.209769750323

row15col7
West 0.280592600324
East 0.0347344796337
North 0.0437201715828
South 0.00454499083653

row15col8
West 0.0217939311246
East 0.000578904310267
North 0.133722091705
South 0.0237793254095

row15col9
West 0.0225806183286
East 2.01556356719e-05
North 1.11613270474e-15
South 4.68147720752e-15

row15col10
West 0.00160462839933
East 2.58926680604e-07
North 0.0
South 0.0

row15col11
West 4.47609295479e-20
East 0.00033835686927
North 0.0
South 0.0

row15col12
West 8.1080922586e-08
East 0.00595970209545
North 0.0
South 0.0

row15col13
West 6.16983403257e-05
East 0.0761586516472
North 7.18216539181e-06
South 0.0

row15col14
West 0.0102380715198
East 0.260045496599
North 0.00154517763963
South 0.00914508395823

row15col15
West 0.146316843024
East 0.345269672511
North 0.0383911378111
South 0.0638814164414

row15col16
West 0.242644086301
East 0.371379270568
North 0.0941182108387
South 0.149807228135

row15col17
West 0.0985270597506
East 0.0688973135652
North 0.396512967698
South 0.330025779879

row15col18
West 0.247319491643
East 0.0071003014522
North 0.0257187028899
South 0.0125606835751

row15col19
West 8.25033242243e-06
East 1.78589176342e-06
North 0.0545624107028
South 0.00145299718622

row15col20
West 8.43507456592e-05
East 2.77152705946e-05
North 0.0186293027935
South 0.000537548798872

row15col21
West 0.00148043130388
East 9.37565960189e-06
North 0.0
South 6.01048922685e-06

row15col22
West 0.0
East 0.0
North 0.00276937691306
South 7.40572375304e-05

row16col2
West 0.000453072703999
East 0.000191395025952
North 0.0145619832517
South 0.000524989962861

row16col7
West 0.00477031335451
East 0.00185449455263
North 0.198095327459
South 0.0139491551656

row16col15
West 0.0338228143681
East 0.0274643620719
North 0.302913202651
South 0.124541823389

row17col1
West 6.3752656715e-06
East 0.000351805300236
North 3.22269187134e-06
South 0.0

row17col2
West 1.6069607312e-06
East 2.76170794512e-05
North 0.00502846312798
South 7.22952258909e-05

row17col3
West 0.000923629527348
East 1.69613648825e-05
North 2.34063916504e-06
South 1.00100955013e-06

row17col4
West 0.000169334924434
East 2.03070731794e-08
North 0.0
South 8.93282367369e-23

row17col6
West 1.86542572283e-05
East 0.0024898309834
North 6.11439354526e-09
South 0.0

row17col7
West 7.64107664928e-05
East 0.00170550612023
North 0.122706905368
South 0.00711204375432

row17col8
West 0.0368242538363
East 0.000171226482843
North 0.0
South 0.000111710876022

row17col9
West 0.00684240221374
East 1.44377218231e-06
North 0.0
South 0.0

row17col10
West 0.000594196198526
East 1.31900242155e-08
North 0.0
South 0.0

row17col11
West 1.67765541342e-05
East 5.87034524333e-16
North 0.0
South 0.0

row17col13
West 0.0
East 0.0129398436205
North 0.00023587466095
South 0.0

row17col14
West 0.00103520699249
East 0.12405549693
North 0.00389296860423
South 0.0

row17col15
West 0.0173545514554
East 0.0085212542603
North 0.256032748214
South 0.0749548317879

row17col16
West 0.0830628262463
East 0.00494241142572
North 6.41806105263e-14
South 3.61203563136e-08

row17col18
West 5.4654167926e-06
East 0.0
North 3.16534554542e-05
South 0.0018310086879

row17col19
West 9.32418260133e-24
East 2.91921221653e-09
North 2.054782522e-08
South 0.000117801209045

row17col20
West 0.0
East 0.0
North 2.42806913286e-14
South 1.69956572192e-07

row17col21
West 0.0
East 0.0
North 3.81562311882e-11
South 2.22033928191e-06

row17col22
West 0.0
East 0.0
North 1.58975902718e-11
South 1.69940090681e-07

row18col1
West 0.0
East 2.0881279018e-13
North 1.32265104512e-07
South 4.71221780498e-16

row18col2
West 3.6733754293e-09
East 0.0
North 0.000999439144872
South 4.4462154144e-07

row18col3
West 0.0
East 8.14836202359e-09
North 4.29724842053e-05
South 7.34377304329e-08

row18col4
West 0.0
East 0.0
North 7.83967265264e-06
South 5.90687096071e-25

row18col6
West 9.90566969149e-07
East 0.00280664850639
North 0.0
South 0.0

row18col7
West 1.18360375734e-07
East 7.13081126645e-05
North 0.0534228549859
South 0.000615280132206

row18col8
West 0.015353086313
East 0.000201397302823
North 1.89882006993e-09
South 8.51775432679e-11

row18col9
West 0.00353387142207
East 5.98448874031e-05
North 0.0
South 4.04561113063e-08

row18col10
West 0.000666126371183
East 4.98995693445e-07
North 6.46300664918e-09
South 2.63130375983e-08

row18col11
West 2.87122129352e-05
East 1.16374812669e-07
North 0.0
South 0.0

row18col13
West 2.40403763215e-07
East 0.00078008329051
North 0.0
South 0.0

row18col14
West 0.0
East 9.12917041049e-24
North 0.0224070868864
South 0.000329340710548

row18col15
West 0.00131017270574
East 0.00546939367661
North 0.182834019195
South 0.022340305933

row18col16
West 0.0818571871677
East 0.00652335134046
North 0.0072002132664
South 0.000627816965013

row18col17
West 0.0390081134492
East 0.00104531739273
North 0.000281799947105
South 0.000199319420469

row18col18
West 0.0130034587769
East 0.00053799305053
North 1.70793324827e-05
South 3.29345323112e-05

row18col19
West 0.00434217811811
East 0.000100292724158
North 1.9157244916e-06
South 1.80365263594e-07

row18col20
West 0.00106727739751
East 3.51030814467e-06
North 3.60670057671e-14
South 1.87925969978e-07

row18col21
West 0.000101573610343
East 3.81917204369e-07
North 3.81562327224e-11
South 7.01612493442e-12

row18col22
West 9.70380134268e-06
East 4.14097863429e-07
North 1.33070220757e-09
South 3.87796228177e-10

row19col1
West 0.0
East 0.0
North 1.66691495719e-12
South 0.0

row19col2
West 0.0
East 1.00920964482e-07
North 8.87528729452e-05
South 1.31267167865e-06

row19col3
West 4.44590058537e-07
East 0.0
North 2.12465188383e-06
South 5.68096613249e-08

row19col4
West 0.0
East 0.0
North 3.55209198187e-10
South 0.0

row19col6
West 0.0
East 1.33554856215e-07
North 0.0
South 0.0

row19col7
West 7.01064378178e-17
East 5.45255627171e-18
North 0.00465615478968
South 0.000255689353282

row19col8
West 0.0
East 0.0
North 0.00110275916967
South 2.7765308139e-05

row19col9
West 2.80730519727e-05
East 1.3728686021e-08
North 0.0
South 0.0

row19col10
West 0.0
East 0.0
North 4.30965988664e-05
South 1.08035227239e-06

row19col11
West 5.41549044789e-07
East 1.696344825e-12
North 6.32459290878e-14
South 0.0

row19col13
West 2.48707734125e-20
East 3.08230453962e-05
North 0.0
South 0.0

row19col14
West 3.17902029344e-07
East 0.00969734602199
North 0.0
South 0.0

row19col15
West 0.000105942580424
East 0.000184797462327
North 0.0782993605113
South 0.00796760307635

row19col16
West 0.00154382150427
East 1.47974378812e-05
North 0.0102544956838
South 0.000101980708786

row19col18
West 0.0
East 4.23234891944e-25
North 0.00101886226617
South 1.95486906678e-06

row19col19
West 1.95537054111e-06
East 0.0
North 6.59973542127e-05
South 0.0

row19col20
West 9.6073498858e-14
East 0.0
North 3.87184313792e-05
South 4.9353997408e-07

row19col21
West 3.3320919585e-07
East 3.5610931455e-20
North 4.95058542965e-20
South 0.0

row19col22
West 2.35152807908e-21
East 0.0
North 5.84078700425e-07
South 1.22794525166e-08
