0.281107520477
0.236772302292
0.18753906698
0.144036199092
0.148141879783
0.130787010964
0.116968318344
0.102347278551
0.104852818442
0.100670030695
0.0925473838065
0.0864282503314
0.0860453560752
0.0893218181835
0.0898993017772
0.0868900116759
0.0846271342305
0.0880281394295
0.0863973463794
0.0845831133343
0.0862279931959
0.0874381396714
0.0888258166951
0.0851247409995
0.0908373351959
0.0903231409142
0.0901471294773
0.0883462117048
0.0886270496646
0.0863175718325
0.0866113837464
0.0886371313868
0.0923515017428
0.0906538180653
0.0915030818891
0.096766494197
0.095443504782
0.0951365405072
0.0928118216975
0.0908475155084
0.0940116790452
0.0919473479406
0.0901110099503
0.0917323823945
0.0928046365075
0.0930961159112
0.0942381231355
0.0945716654433
0.0945775611531
0.0954208637486
0.0968876286715
0.0969906822983
0.0988180296059
0.0977186459802
0.096866641915
0.0974893855443
0.0970194419126
0.0972644118227
0.0965595818798
0.0964420487478
0.0983102176532
0.0982849861081
0.0979802311229
0.0972731085375
0.0978578567964
0.0978024540736
0.0986292579853
0.0997890625727
0.100030310892
0.0999369972825
0.0999953128614
0.0991820989688
0.100281492614
0.100438554249
0.101042362196
0.101497919468
0.101228941418
0.101257312497
0.102984651891
0.102888248039
0.102559455806
0.10255785671
0.102601224271
0.102389969402
0.102178265737
0.1013956387
0.100752217493
0.10144979632
0.101265635076
0.102167121669
0.102151658072
0.102603568383
0.103058728488
0.103121005782
0.10359341413
0.104680836144
0.10476511259
0.106164538052
0.107440325768
0.107556827119
0.110569789496
0.111471379749
0.11175230426
0.11183378636
0.111322002752
0.111776682869
0.111291608206
0.112269928942
0.11261763916
0.113942444034
0.114021989332
0.114342236474
0.115432601931
0.116342423328
0.117562894435
0.11765988846
0.117363779291
0.11688666772
0.116909711701
0.11813804765
0.118285526919
0.118163504703
0.119024867164
0.120789145115
0.122815816418
0.124747363817
0.125437845385
0.125689931953
0.127244743017
0.128720179909
0.12968182476
0.129945030336
0.12954706493
0.129762360216
0.129519521184
0.13020077209
0.130276486515
0.131222368356
0.131173089173
0.131036832572
0.131829535047
0.131570700043
0.131894076201
0.132429078366
0.132935821507
0.13404325153
0.133932322863
0.134415447574
0.13494075811
0.136186511164
0.13761355462
0.139225560842
0.14073601109
0.141229975209
0.141719094955
0.142094749662
0.14234421616
0.142513030223
0.142750007545
0.143846176829
0.144350110706
0.144845254067
0.145122527284
0.145536218389
0.146427162549
0.147525467827
0.147883884341
0.148948158937
0.149776402343
0.150239811188
0.150680701072
0.150862431307
0.150783347792
0.151739206402
0.152485847184
0.152697006917
0.152771929414
0.152815854339
0.1536050133
0.154100564087
0.15407702741
0.15503314445
0.155704478676
0.155834011023
0.156273069048
0.156386643643
0.156418048681
0.156697192922
0.15671601728
0.156849841342
0.157321537155
0.15749208523
0.157976213665
0.159000052727
0.158912199435
0.158868220996
0.15898929587
0.159114409225
0.15946880858
0.159446651335
0.159649030929
0.159986549953
0.160164608722
0.1605536995
0.160501766621
0.160736723794
0.160747943605
0.160838537495
0.161040986054
0.161189573643
0.16127886448
0.161562749081
0.161472531243
0.161857613332
0.162842636271
0.162747102746
0.162920092524
0.163282625629
0.163703194899
0.163765685274
0.163738455354
0.163840118784
0.163802934532
0.164241732652
0.164741408848
0.165143220383
0.16542022657
0.165832564513
0.166004746192
0.165996512632
0.166158450748
0.166583191204
0.166768594469
0.166830783526
0.166916960887
0.167178527057
0.167395362331
0.167157440032
0.168115514703
0.168757183476
0.168950721715
0.169359529565
0.169511259875
0.169567029032
0.170308972752
0.171155507691
0.171261559975
0.171831287857
0.172134751339
0.172376179194
0.172898412625
0.173130342613
0.173795882548
0.174393426357
0.174828825319
0.174758063232
0.174918766052
0.175031256869
0.175068551394
0.175093924471
0.17558691626
0.175519726404
0.17624034154
0.176562502894
0.17693445552
0.177275731768
0.17768713481
0.177594728287
0.177469943457
0.177429684153
0.177272081948
0.177244046187
0.177530362987
0.177711002113
0.178196554482
0.17812612206
0.178287395858
0.178660913424
0.17947064315
0.179448604489
0.179963300321
0.179828960014
0.179739742499
0.179772198394
0.179704797694
0.179894941308
0.180056747488
0.180493208346
0.180680065393
0.180666981864
0.180751045951
0.18074553492
0.181330020311
0.181957654714
0.181977235717
0.18207733611
0.182033755955
0.182766180377
0.183038076618
0.183246104645
0.183563937846
0.184085987492
0.184241579021
0.184165959855
0.184520368556
0.184776294168
0.185157781474
0.18570755206
0.185617345651
0.185916376014
0.186020038549
0.186176058014
0.186372599297
0.186331922782
0.186342983225
0.186865251417
0.186984858801
0.187157997159
0.187345050363
0.187435666554
0.187449524905
0.187321293551
0.187353175998
0.18756988567
0.187842924806
0.187842794928
0.187979543321
0.188317888185
0.18870217649
0.188849707681
0.189263629973
0.189261763953
0.189322652885
0.189673119214
0.190149260874
0.190173249164
0.190196417546
0.19067093807
0.190710821593
0.191200283763
0.191426604805
0.191612442848
0.191718809931
0.191731000604
0.191937131917
0.192194618824
0.192939031943
0.192904055349
0.192859725418
0.19298545483
0.193224398801
0.193411997866
0.193465677558
0.194114398293
0.194260242141
0.194601305095
0.194664646216
0.195005091541
0.195082926008
0.19508959981
0.195330986696
0.195416046696
0.195330452656
0.195620271935
0.195695489705
0.195795021998
0.19599428586
0.196190492191
0.196407314882
0.196575530614
0.196845898575
0.196915264737
0.197082171888
0.197371833134
0.197216489269
0.19754150422
0.197656599587
0.197621378933
0.198198894009
0.198539119432
0.198626951403
0.198902621597
0.1991317302
0.199258623615
0.199286554634
0.199448683627
0.199602544957
0.199804287889
0.200197924388
0.200566435217
0.20051275528
0.200563775114
0.200716374532
0.201341448308
0.201396064051
0.201339442732
0.201436994041
0.201517089612
0.201896562341
0.201741945684
0.201937885309
0.201966643545
0.202059452279
0.202151075658
0.202178133127
0.202390987791
0.202344052765
0.20268645218
0.202704374747
0.202655486017
0.203075770678
0.203409767769
0.203292513199
0.203613389176
0.204058511029
0.204117426776
0.204215164961
0.204148326256
0.204029824488
0.204174103993
0.204227695858
0.20450439854
0.204490134252
0.204727941901
0.205186273356
0.205118005295
0.205061039942
0.20518819454
0.205177007135
0.205253100849
0.205600805566
0.20572734126
0.205740394266
0.206183220509
0.206085024621
0.206125648878
0.206360526052
0.206412879345
0.206507252492
0.206432869616
0.206857411931
0.206958634591
0.207449287324
0.207528405163
0.207519431529
0.207526365183
0.207645365679
0.207784134182
0.207847580278
0.208000611361
0.208115476714
0.20816911941
0.208156598051
0.208235153481
0.208231476745
0.20840951911
0.208532407252
0.208644128247
0.208770033677
0.208918903131
0.20887271623
0.20892725977
0.209124239096
0.209353539695
0.209380667549
0.209394156248
0.209326767675
0.209322865177
0.209440773206
0.209489553563
0.209470055724
0.209657873026
0.209875706835
0.210056275064
0.210125827841
0.210191056456
0.210476957876
0.210736441892
0.210816200525
0.210763327083
0.210714192569
0.211056816784
0.211101095652
0.210982522021
0.210945855008
0.211169303805
0.211125954935
0.211183029847
0.211303013401
0.211456088084
0.211484788957
0.2116456617
0.211808261926
0.211716158928
0.211943584544
0.211995254171
0.212419880972
0.212710646591
0.212872482396
0.212752515586
0.212690458449
0.212773676571
0.213014597232
0.213100983506
0.213055395823
0.213146332173
0.213190195823
0.213460325905
0.21374892581
0.214002321933
0.214169069441
0.214168090754
0.214191496679
0.214695706787
0.214964946483
0.214923090088
0.214929739929
0.214893784591
0.214859228052
0.21481946155
0.215000566848
0.215147921503
0.215362966008
0.215354992251
0.215384732501
0.21546058345
0.215414457379
0.215533453778
0.215618013756
0.215550939672
0.215592508443
0.215530646369
0.215676288337
0.216014329496
0.216298267199
0.216393364449
0.216421981062
0.216532919397
0.216692502286
0.216852410593
0.216782416277
0.216992747183
0.217111856881
0.21725928512
0.217350974218
0.21737304788
0.21734585387
0.217273727892
0.217411371357
0.217708636561
0.217662021523
0.217723301248
0.217759870761
0.217940904095
0.218062854444
0.218098241529
0.218323864586
0.218282485545
0.218270595813
0.218353237476
0.218497411132
0.218453029905
0.218589379265
0.218696508604
0.21863892254
0.218707161529
0.218876504688
0.218734729967
0.218831019008
0.218948468948
0.2190625608
0.219102132304
0.219038964661
0.219030849158
0.219400327801
0.219338093072
0.219466461294
0.219659284171
0.219633349524
0.21969422638
0.219753679608
0.21980581855
0.219902502134
0.219841435247
0.219845522655
0.219862687246
0.219922754213
0.220010982555
0.220098305527
0.219977479273
0.220064260698
0.220225277243
0.220152421415
0.220145226509
0.220208514531
0.220297917932
0.220251975477
0.220210082463
0.220421760438
0.220326011431
0.220556916777
0.220837437761
0.220900342576
0.221057398066
0.221076556977
0.221147568558
0.221285668706
0.221382185038
0.221341004353
0.221446006214
0.221556607267
0.221633578922
0.221777052775
0.221944127833
0.221847280243
0.22197313535
0.222068271266
0.2222593813
0.222291331099
0.222214371939
0.222347661761
0.222590732834
0.222627715382
0.222733641398
0.222935873946
0.222858520546
0.222845763737
0.223034557086
0.22300257765
0.223028654908
0.223122103695
0.223127279303
0.223286810108
0.223259183061
0.223168469273
0.223356846839
0.223278243286
0.223596767592
0.223669321642
0.223692535094
0.223961749917
0.224066600036
0.224064807178
0.223969365002
0.223885388775
0.223892943668
0.224017463758
0.224103190502
0.224203012264
0.22428682089
0.224401526133
0.22443856059
0.224631337396
0.224690563279
0.224788863228
0.224810159666
0.22481517936
0.224757630978
0.224748175216
0.224969891933
0.225023326486
0.224868816642
0.224878317019
0.224864538163
0.224841930387
0.225063697469
0.22507740624
0.225080727039
0.225109055142
0.225201529096
0.2254825338
0.225425814257
0.225531419355
0.225616962051
0.225609251045
0.225556367311
0.225504175206
0.225648677448
0.225809703469
0.225830679775
0.225896872421
0.225841115377
0.225808228516
0.225761088181
0.225789038402
0.225739294224
0.225761670089
0.22583471639
0.225847915081
0.225926256405
0.226058895972
0.226113820917
0.226080827552
0.226103561145
0.226178759854
0.226187563176
0.226162430045
0.226379115907
0.22638220696
0.226403228984
0.226558543453
0.226527074664
0.226499021865
0.226413569721
0.226343020134
0.226334187599
0.226353819328
0.226371997728
0.226366652868
0.226329813061
0.226488056062
0.226727047258
0.226762265514
0.226845496156
0.226747583575
0.226706174173
0.226746218188
0.226837498778
0.227041568583
0.227207389933
0.227253226216
0.227434000511
0.227377126989
0.227298981125
0.227306676379
0.227284240801
0.227209074333
0.227426369338
0.227441745914
0.22765202894
0.227587200658
0.227612583605
0.227860598936
0.227803793711
0.227839431453
0.227900972874
0.227997807664
0.227957517924
0.227960471625
0.227939991972
0.227955423912
0.228069391171
0.22811119392
0.228206591559
0.228196429177
0.228147061958
0.228239193766
0.228302501959
0.228275079055
0.228300778812
0.228374020585
0.228455023739
0.228554452836
0.228719327538
0.228813079783
0.22890394803
0.22884184201
0.228838210599
0.228781825359
0.229108332758
0.22917967578
0.229084457098
0.228980407945
0.228981583085
0.229058499909
0.229044255321
0.229122179553
0.22920335996
0.229169805754
0.22917969889
0.22920825373
0.229251547148
0.229264707465
0.229329778204
0.229260460902
0.229232229951
0.229200938309
0.229196700852
0.229226271635
0.229276388661
0.229308173544
0.229322263727
0.22926513683
0.229322336435
0.229271579159
0.229294567231
0.229288782761
0.229292740499
0.229392364592
0.22949989457
0.22954390347
0.229496491437
0.229515127929
0.229572134321
0.22954915142
0.229798679356
0.229824494288
0.22989856009
0.229944190444
0.229993925491
0.229935190735
0.229940683149
0.229964854721
0.229929395629
0.229942694327
0.229890735233
0.229870813186
0.230038978149
0.230072281675
0.229987024957
0.229958703075
0.229892472402
0.22978012572
0.229883525204
0.229815036311
0.229779482058
0.22975319107
0.229757269297
0.229724562444
0.229618799031
0.229516813565
0.229558305437
0.229507868799
0.229473096774
0.229439676605
0.229561246596
0.229656997804
0.229823283074
0.229715543166
0.22967076538
0.229697926353
0.229789472421
0.229878399847
0.229901382534
0.230019492631
0.230057105459
0.230153617836
0.230213555159
0.230319440434
0.230520204761
0.230583231977
0.230519390242
0.230545350343
0.230546408359
0.230499192556
0.230418781015
0.230460700434
0.230471686844
0.230585936269
0.230719222131
0.230773907926
0.230825517833
0.23079409839
0.23070557003
0.230649078332
0.230623904111
0.23063225892
0.230637896671
0.230812862796
0.230903368264
0.230928756741
0.231029173499
0.231047112863
0.231159795023
0.231266444031
0.231322356501
0.231306236405
0.231348126613
0.231503129225
0.231520008755
0.231503738783
0.231469822466
0.231501158133
0.231581936579
0.231550529211
0.231588038834
0.231770256045
0.231892265619
0.23186987125
0.232008321233
0.231986185778
0.232000075775
0.231898183391
0.232052013665
0.232378288953
0.232352576414
0.232318244881
0.232310926815
0.232230023075
0.232338789667
0.232338828381
0.23241036549
0.232507776064
0.232548975417
0.232558011167
0.232787622232
0.232811419082
0.233008748161
0.233128112936
0.233113566119
0.233118462795
0.233195198295
0.233142036644
0.23321029068
0.233271962622
0.233288583905
0.233222173471
0.233286053414
0.233236374753
0.233322740143
0.233384516702
0.233331805419
0.233446940408
0.233465549113
0.233433045098
0.233433957478
0.233511740679
0.233702028964
0.233835991451
0.233784313296
0.23383963218
0.233986732181
0.234068696997
0.23406600709
0.234107990769
0.234102390948
0.234037562264
0.234105418156
0.23406477448
0.234107643851
0.234256623386
0.234308608919
0.234344820316
0.234373464241
0.234366766745
0.234411556776
0.234646873237
0.234751203141
0.234748137111
0.234758029523
0.234840656219
0.234865623556
0.234991612426
0.235045960352
0.235063975084
0.235041171911
0.235121458488
0.235259700218
0.235355381967
0.235500659116
0.235602054442
0.235640869605
0.235617434959
0.23566736785
0.235740591085
0.235878543115
0.235993118883
0.235925607542
0.235938605047
0.236046546511
0.236024436928
0.236019753507
0.235952685663
0.235994937377
0.236073292263
0.236255735085
0.236259500138
0.236186572573
0.236288788833
0.236262185702
0.236324851024
0.236290315439
0.236237150359
0.236386049639
0.236467517099
0.236443051874
0.236555378438
0.236578040762
0.236711674881
0.236740106843
0.236828675195
0.236863901144
0.237019657282
0.237032708286
0.237044227383
0.237166971414
0.237213599296
0.237248728718
0.237200120405
0.237298329833
0.237339017242
0.237326547392
0.237407620566
0.237462698745
0.23748187949
0.237461682752
0.237439736484
0.237434081846
0.237556867543
0.237580706518
0.237550858098
0.237615885317
0.237608623553
0.237605626001
0.237652697936
0.237701835665
0.237780581028
0.237827035965
0.237765377918
0.237761732352
0.237874752215
0.237945854671
0.238003073109
0.238130755294
0.238092724784
0.238188548617
0.238206274116
0.238246989502
0.238206873836
0.238234691892
0.238166613605
0.23821136839
0.238317170842
0.23841855212
0.23843093748
0.238420754741
0.238489708135
0.238504084684
0.238628544307
0.238594037315
0.238707449944
0.238806589061
0.238937609189
0.23895191366
0.238919359785
0.239006382065
0.239065090911
0.239120911168
0.239165528679
0.239222514079
0.239340453961
0.239337897522
0.239337715929
0.239489269669
0.239492550607
0.239588656541
0.239576678297
0.239580688444
0.239549641131
0.239603625906
0.239616466875
0.239725221397
0.239742932892
0.239835960603
0.239885061275
0.240044759594
0.240107316845
0.240138642798
0.240097276681
0.240105067467
0.240045705841
0.239962551143
0.239960649416
0.239918514938
0.239862279025
0.23980009316
0.239755315417
0.239722107172
0.239734002535
0.239770643183
0.239808770618
0.23982715907
0.239762568807
0.239812135082
0.239801485016
0.239855009013
0.239903474115
0.239947602722
0.239937208211
0.239934697351
0.239893293227
0.239954562032
0.239944157011
0.239937458415
0.240064296695
0.239993128859
0.239998954519
0.24005704392
0.240046194129
0.239990158755
0.240054335193
0.240078532329
0.240134912
0.24014134199
0.240081885408
0.240094643962
0.240117484218
0.240080658762
0.240083817641
0.240135062856
0.240267927139
0.240240068702
0.240165687976
0.24029228172
0.240221081157
0.240206775586
0.240193668349
0.24018756499
0.24018954928
0.240188101242
0.240256623304
0.240181514267
0.240309261557
0.240307322792
0.240306319441
0.240400626766
0.240380223665
0.240495090625
0.240581318336
0.240638694889
0.240599423301
0.240568989496
0.240566183103
0.240612077132
0.240730552095
0.240809455719
0.24089487498
0.240893337389
0.240901788671
0.240999789458
0.241097085938
0.241211893337
0.241205423706
0.241212947151
0.241232341597
0.241228154467
0.241162715279
0.241110122216
0.241115309231
0.241026492424
0.24098990126
0.240968732591
0.240959080257
0.24099150721
0.240971221193
0.241031902442
0.240977011647
0.241045193191
0.241048038217
0.241048374856
0.241067375183
0.241098525038
0.241019428881
0.24100741362
0.241008122832
0.241047849334
0.240984078976
0.241045376645
0.24104039436
0.241031043549
0.241076656914
0.24105253954
0.241028667755
0.240961840603
0.240965342896
0.240877335567
0.240921489144
0.24098391784
0.240982568279
0.241040994681
0.241024866155
0.24109559595
0.241101826454
0.241149048826
0.241174297268
0.241145251627
0.241210216641
0.241310798388
0.241336483904
0.241320768323
0.241429560192
0.241556589763
0.241536145551
0.241599654455
0.241559152776
0.2416181383
0.241546056909
0.241610219246
0.241658776596
0.241633673117
0.241572146193
0.241545851466
0.241590682907
0.241574408126
0.241605094717
0.241592594419
0.241663352634
0.241697553106
0.241646844479
0.2416943961
0.241714371489
0.241644707115
0.241633702898
0.241567386869
0.241638880711
0.24163090997
0.241652869583
0.241702021048
0.241731933063
0.241837509475
0.241840185906
0.241775544163
0.241748476699
0.241715176733
0.241840998509
0.241808709479
0.241886083875
0.24192599187
0.241995005483
0.241937945742
0.241921970441
0.241959126547
0.241875724984
0.241893807771
0.241942618465
0.241893364352
0.241871326559
0.241809027169
0.241925221263
0.242051499726
0.242031451499
0.242129822857
0.24207140191
0.242090234814
0.242102910301
0.242119236874
0.242097707454
0.242072292408
0.242059727257
0.242027012544
0.242082584869
0.242064615042
0.241988260242
0.241937222631
0.241982665361
0.242033721664
0.242079904059
0.242095630181
0.242083256618
0.242070801011
0.242183610662
0.242176648331
0.242140083891
0.242199997515
0.242181968233
0.242214122625
0.242173579333
0.242146997357
0.242185534458
0.242164201466
0.242178426957
0.24229215033
0.242247640455
0.242274717078
0.242235496084
0.242254406977
0.242263891351
0.242282143856
0.242324081857
0.242342616551
0.242300713961
0.242324951095
0.242383106098
0.242421196875
0.242427546763
0.242444662384
0.242502920754
0.242533951296
0.242502532639
0.242449160422
0.242513854264
0.242554801214
0.242617870198
0.242723520354
0.242715546822
0.242744075514
0.242761371987
0.242747097638
0.242915860477
0.243005291566
0.243002447416
0.242981282045
0.242929195748
0.242912631005
0.242879790785
0.242857959525
0.242816412068
0.242796153662
0.242824930794
0.242834204376
0.242865470228
0.242853107492
0.242876149841
0.242849814744
0.242905545288
0.242952348491
0.242985467527
0.242984610216
0.243020399041
0.243050474559
0.243072917614
0.243037289255
0.24310204624
0.243065892741
0.243016170299
0.243010665032
0.243094686335
0.243176590703
0.243155938491
0.24324083799
0.243267398097
0.243286849342
0.243255270092
0.243255254078
0.243275859464
0.243289865012
0.243330960568
0.243312973508
0.243288852047
0.243309965964
0.243341250898
0.243347052186
0.243315886134
0.243306124528
0.243312090224
0.243268499049
0.243216266882
0.24316881835
0.243165382709
0.243102020198
0.243189363347
0.243231082972
0.243286973468
0.243302193348
0.243299819589
0.243256309375
0.243237325038
0.243259708999
0.243217070111
0.243206638963
0.243191656574
0.243168425227
0.243185653805
0.243167724892
0.243234053505
0.243270832871
0.243337277392
0.243290605982
0.243263695151
0.243293914359
0.243309702004
0.243277779908
0.243326679009
0.243426351138
0.2434734076
0.24353205279
0.243563384668
0.243683797516
0.24363956645
0.24367774334
0.243720938227
0.24380174887
0.243799209665
0.243780740822
0.243809007498
0.243768844787
0.243803102057
0.243825139988
0.243799444697
0.243857533523
0.243848222144
0.243951072844
0.243943778212
0.243923910934
0.243848997052
0.243867532366
0.24388740827
0.243869783306
0.243901471813
0.243972560232
0.243976282525
0.243964840559
0.244000866367
0.244036198452
0.244061264787
0.244028562053
0.244092067063
0.244102688893
0.244085372043
0.24411519215
0.244199105597
0.244146093712
0.244124623552
0.244091603671
0.244122143304
0.244164978614
0.244182433785
0.244189247973
0.244160984738
0.244158897719
0.244245418239
0.244291147517
0.244345410256
0.244358906645
0.244336819495
0.244382419917
0.244409786581
0.244364622831
0.244323900791
0.244296463121
0.244392626555
0.244446875451
0.244481291262
0.244466713701
0.244502752213
0.244518630251
0.244492656515
0.244442160589
0.244428945809
0.244510110839
0.244490679778
0.244554785964
0.24461083363
0.244595146042
0.24458643604
0.244747444961
0.244703220264
0.244728847621
0.24470856458
0.244698579487
0.244685315208
0.24476272762
0.244787196091
0.244834822937
0.244834801769
0.244894924437
0.244950792521
0.24498226779
0.244934615452
0.244973188026
0.24505175071
0.245140431662
0.245129393227
0.245228202208
0.245204124616
0.245221807959
0.245234604569
0.245238329065
0.245243050665
0.245190355528
0.245127227464
0.245138954945
0.24521901556
0.245249973046
0.245261909712
0.245315894867
0.245362267312
0.245341186853
0.245391754079
0.245456084114
0.245514091497
0.245520718692
0.245584793633
0.245538784362
0.245563165756
0.245535440224
0.245521951101
0.245559937953
0.245601313241
0.245536596179
0.245515620691
0.245559216843
0.245587417177
0.245559719977
0.245525036614
0.2455055152
0.245483408041
0.245496159422
0.245495863432
0.245500350752
0.245514100018
0.245581680166
0.245566211363
0.245589218406
0.245588946353
0.245607026567
0.245576174983
0.24563036491
0.245578131828
0.24557854886
0.245560499159
0.245531537118
0.245521146541
0.245514557294
0.245557163344
0.245529021344
0.245570621189
0.245564635475
0.2455543555
0.245547220186
0.24557848697
0.245664260207
0.24575605968
0.245743019925
0.245754361739
0.245720212806
0.24581295728
0.24577509794
0.245800298043
0.245782373927
0.245850013854
0.245934534692
0.245973267621
0.245919467354
0.245930326232
0.245983559345
0.245938934935
0.245971954365
0.245991130786
0.245998761661
0.246074941738
0.246114415987
0.246118891552
0.246094200364
0.246115009114
0.246075010944
0.246125113901
0.246168990649
0.24611268141
0.246094967399
0.246132165665
0.246129259285
0.246148887007
0.24617553188
0.246208476723
0.246248211626
0.246254865514
0.246271147911
0.246225461014
0.246179507348
0.246178300402
0.246130680295
0.246142180475
0.246120169689
0.246103709614
0.2461301195
0.246117210915
0.246232222323
0.246273750894
0.246297677216
0.24628653711
0.246325595606
0.24630392973
0.246330857972
0.246397727708
0.246399752972
0.246360693647
0.246414463244
0.246409266546
0.246364482414
0.246372046019
0.24650762362
0.246552742166
0.246519501537
0.246546371825
0.246566696208
0.246574823948
0.246537068499
0.246514502226
0.246572357236
0.246509542987
0.246556922728
0.246636071309
0.246629519888
0.246591107673
0.24660913979
0.246542333693
0.246545995672
0.246547430025
0.246519863202
0.246469460507
0.246438750385
0.246492227976
0.246532657303
0.246547405623
0.24659616597
0.246662121691
0.246687123496
0.246751446686
0.2467545104
0.246758543098
0.246718328924
0.246755498906
0.246775916418
0.246802588001
0.246787567143
0.246796844946
0.246774022514
0.246730068546
0.246800871845
0.246771619795
0.246750720627
0.246749352302
0.246797753905
0.246827163893
0.246833620217
0.24680061804
0.246779563208
0.246771663829
0.246738255689
0.246681518512
0.246650792097
0.246635359329
0.246682045442
0.246740254336
0.246691350572
0.246719561019
0.246774997573
0.246828014908
0.246836203102
0.246895468702
0.246886744408
0.246850696835
0.246865446306
0.246838631653
0.246863423527
0.246857317053
0.246842739041
0.246891883315
0.246984359381
0.247136554808
0.247185192753
0.24731712052
0.247375171879
0.247353440835
0.247335678888
0.2473660247
0.24733084214
0.247285758878
0.247343064148
0.24735158337
0.247336462982
0.247357357341
0.247354249988
0.24734847492
0.247325979198
0.247302127908
0.247241421927
0.24721423688
0.247177540093
0.247104069106
0.247076184204
0.247092422565
0.247088069084
0.24712824994
0.247130405619
0.247118278208
0.24718983623
0.247160411778
0.247170305558
0.247161070903
0.24714935751
0.247198504998
0.24719475397
0.247153500612
0.247178835474
0.247177492988
0.247186697749
0.247158061611
0.247262662144
0.2472662331
0.247323746247
0.247295166886
0.24736940876
0.247389901276
0.247384631394
0.24740799471
0.247418199059
0.247453720424
0.247398796398
0.247348700845
0.247371817565
0.24740445082
0.247363614265
0.247454834139
0.247514765808
0.247581904297
0.247590476689
0.247601133029
0.247606125884
0.24762304616
0.247672747172
0.247748015242
0.247747052501
0.247688473587
0.247681254692
0.247656369593
0.247681925868
0.247700068389
0.247851346463
0.247884809253
0.247881441339
0.247825360302
0.247873163199
0.247879970106
0.247877179597
0.247817245145
0.2478116274
0.247794843541
0.247927821745
0.24791113687
0.247913816979
0.247911169513
0.247941705375
0.247946701907
0.247988073212
0.248061143352
0.248160999634
0.248294806142
0.24830144476
0.248324078613
0.248360408318
0.248310194461
0.248338120936
0.248328623802
0.248315700974
0.248293940607
0.248402024933
0.248432227724
0.248451470932
0.248413543652
0.248377207606
0.248336122546
0.24834341358
0.248322578347
0.24826669177
0.248326670586
0.248328267001
0.248462486016
0.248453345595
0.248453323342
0.248472136815
0.248526869376
0.248485761077
0.248450692008
0.248516942016
0.24848685568
0.248539826598
0.248603687717
0.248686429597
0.24874787293
0.248725995489
0.24868680893
0.248725723285
0.248738124616
0.248794217019
0.248784153257
0.248816431862
0.248834480078
0.248884333905
0.248872376076
0.24886601189
0.248895218003
0.248871452302
0.248868474237
0.248880631865
0.248888975129
0.248961446973
0.248938319093
0.248912793525
0.248986632399
0.248957049305
0.249010537688
0.249012246889
0.248980162943
0.248941898798
0.248928359138
0.248958883669
0.248926855255
0.248998994342
0.248993261072
0.24906016272
0.249042819102
0.24902202944
0.249031348558
0.249027591888
0.249024042501
0.24902728128
0.249045979387
0.249131600641
0.249147776014
0.249161359056
0.249107857065
0.249123730545
0.249130984189
0.24910813608
0.249129033921
0.249120179091
0.249154303962
0.249110384999
0.249144425381
0.249133971032
0.249099153165
0.249091683894
0.249064395489
0.249031495463
0.249014175377
0.24903487575
0.24901650703
0.249033702834
0.249076873514
0.249106980943
0.249087096561
0.249133358049
0.249092692454
0.249161317403
0.24915103483
0.249202180261
0.249246078751
0.249292380505
0.249307785395
0.249303348263
0.249319784171
0.249316394174
0.249351493791
0.249385161912
0.249346184282
0.249342488572
0.249356363198
0.249368816891
0.249411936607
0.249407812829
0.249424909342
0.249420320485
0.249406646609
0.249422099358
0.249392248218
0.249386918326
0.249366219439
0.24937252596
0.249378309902
0.249376897784
0.24940148711
0.2494271207
0.249401080556
0.249381246611
0.249415163973
0.249384188743
0.249388189334
0.249371152954
0.249399983181
0.249403548025
0.249415135469
0.249477702995
0.24948503262
0.249496109162
0.2495465181
0.249570863492
0.249602953859
0.24962343892
0.249609763885
0.249676537011
0.249632335703
0.249601828897
0.249659300502
0.249682201268
0.24966955436
0.249654631893
0.249618470351
0.249587758886
0.249605736528
0.249679387968
0.249710366901
0.249732526836
0.249766882481
0.249770049066
0.249788018161
0.249748834024
0.249851579897
0.249836510745
0.249866795974
0.24985013805
0.249835550347
0.249814693882
0.24986239277
0.249868575075
0.249882584999
0.249919055861
0.249919691177
0.249888597421
0.249920620945
0.249901827316
0.249913536175
0.249878496237
0.249909968691
0.249926450873
0.249955446913
0.249931810838
0.250016950446
0.250041399468
0.25004055265
0.250030085448
0.250029939662
0.249985589744
0.250042484711
0.250055705162
0.249997210687
0.250061256161
0.250072401021
0.250051982875
0.250042866403
0.250066409884
0.250044968747
0.250065070448
0.250074092997
0.250134471817
0.250124697709
0.250090922876
0.250134897019
0.250101688681
0.25010860202
0.250122114043
0.250221602167
0.250301037121
0.250348084109
0.250336873261
0.250395414854
0.250372975809
0.250324915616
0.250376216475
0.250455533337
0.250442993191
0.250464761132
0.250501221312
0.250509960725
0.250504522391
0.250521375167
0.250549850313
0.250545537354
0.250596246745
0.25057185111
0.250608023241
0.250629725102
0.250613493974
0.250678949899
0.250654616757
0.250658446795
0.25059289008
0.250656660724
0.250685475769
0.250639984906
0.250642314301
0.250589352942
0.25061092473
0.250660055792
0.250666568439
0.250665371059
0.250644832912
0.250644308124
0.250619204399
0.250603629882
0.250616338931
0.250639836707
0.250629171153
0.250692913835
0.250647788069
0.250654307608
0.250719757235
0.250697040349
0.250699828123
0.25070201522
0.250747365966
0.250722831132
0.250752115834
0.250772523471
0.2507554075
0.250795357529
0.250814080465
0.25086860957
0.250883002711
0.250818860008
0.2507945063
0.250798223753
0.250738685858
0.250760775052
0.250753681066
0.250775147474
0.250756921309
0.250777023106
0.250814439622
