
row1col1
West 5.06275662898e-15
East 1.06584350084e-13
North 6.62743157755e-11
South 1.68958868905e-07

row1col2
West 9.10333356841e-19
East 5.94994973607e-16
North 4.90466403714e-13
South 5.82574594878e-06

row1col3
West 0.0
East 3.11773637079e-10
North 0.0
South 9.47823473457e-05

row1col4
West 0.0
East 1.09871027168e-10
North 1.40890398195e-10
South 0.000234349601693

row1col5
West 3.96320388614e-10
East 5.63441164962e-11
North 1.09871027168e-10
South 0.0034321923924

row1col7
West 1.7126431136e-09
East 0.00140469714388
North 1.63971508153e-08
South 8.92507093148e-08

row1col8
West 6.17511947996e-09
East 0.0207507957476
North 9.95820113057e-07
South 2.22873674131e-05

row1col9
West 0.000848717374934
East 0.000467141887342
North 0.00288270420317
South 0.107605740668

row1col10
West 0.00206045259336
East 2.22368653731e-12
North 1.39379000581e-05
South 0.0229132172944

row1col11
West 0.00143422187362
East 2.22373184775e-12
North 0.0
South 3.52010370233e-16

row1col13
West 0.503487301282
East 0.404553681206
North 0.543556062525
South 0.902153600347

row1col14
West 0.531985640587
East 0.300017604339
North 0.452270438106
South 0.944571543545

row1col15
West 0.164607495912
East 0.0680520649247
North 0.105574523755
South 0.659438373712

row1col16
West 0.0107454054688
East 0.0132236261951
North 0.0470905047763
South 0.635667178192

row1col18
West 0.0218419085225
East 0.0504611995144
North 0.0249640408231
South 0.479473812422

row1col19
West 0.0384028766818
East 0.0179131477883
North 0.0368682357291
South 0.452403716522

row1col20
West 0.168492075502
East 0.00209391966983
North 0.00463398930729
South 0.0599813624707

row1col21
West 0.0387598963224
East 0.000166046646676
North 0.00166975192983
South 0.000126304351777

row1col22
West 0.00525589688456
East 0.000213592527446
North 2.67439613296e-05
South 0.000617204708884

row2col1
West 1.17198421299e-11
East 1.48870713084e-05
North 0.0
South 0.0

row2col2
West 0.0
East 2.44447255005e-06
North 2.80575897059e-09
South 0.000377452163973

row2col3
West 7.86764307708e-13
East 3.78780060819e-05
North 0.0
South 0.0020877304512

row2col4
West 2.80355206614e-12
East 0.00311108687804
North 3.16808482317e-11
South 0.00175765590225

row2col5
West 3.84772378477e-05
East 5.76756253415e-05
North 1.60721592306e-10
South 0.0512491919605

row2col7
West 8.92617215505e-11
East 0.000232803312454
North 9.34963190779e-06
South 8.33393710402e-08

row2col8
West 2.18710805489e-07
East 0.0653420943035
North 0.000187948529927
South 0.000170062641006

row2col9
West 0.00057561743583
East 0.00539563401503
North 0.00915658765795
South 0.356007399063

row2col10
West 0.000970598651276
East 4.32709685213e-06
North 0.000297715750735
South 0.168264605469

row2col11
West 0.0255162917609
East 6.59805454631e-07
North 1.27736396175e-11
South 7.66752607795e-10

row2col13
West 0.902383410605
East 0.95
North 0.853114452488
South 0.85651453457

row2col14
West 0.902074629496
East 1.0
North 0.87511400845
South 0.899226816133

row2col15
West 0.0
East 0.0
North 0.0
South 0.0

row2col16
West 0.99798369494
East 0.506861373553
North 0.195710171134
South 0.227752998871

row2col17
West 0.935550235661
East 0.465656994914
North 0.541281209375
South 0.514979466868

row2col18
West 0.855976245772
East 0.271147495037
North 0.156184812483
South 0.141095422237

row2col19
West 0.731952876593
East 0.0942114588249
North 0.130884825154
South 0.0664174558955

row2col20
West 0.376896146824
East 0.00713968533819
North 0.00865863624791
South 0.00358730199457

row2col21
West 0.093847098957
East 0.00232520725565
North 3.82109127414e-05
South 0.00229373608053

row2col22
West 0.0207862739655
East 0.0022136819825
North 7.19849847627e-05
South 3.05234023397e-05

row3col1
West 2.74542997918e-10
East 2.76818207993e-06
North 3.99248189283e-08
South 0.0

row3col2
West 8.21281881739e-10
East 0.00363897637031
North 2.42587247861e-09
South 3.62804162145e-07

row3col3
West 7.42252192554e-05
East 0.0278363461378
North 2.45668065258e-06
South 0.00180504402936

row3col4
West 3.2237732106e-06
East 0.100155748631
North 1.73596102141e-05
South 0.00438473661673

row3col5
West 2.79721325573e-05
East 0.00114052663636
North 0.00020333637264
South 0.250374126527

row3col7
West 0.00155253365618
East 0.018076746185
North 2.18631635048e-07
South 7.61985933878e-08

row3col8
West 0.00175834663302
East 0.193215255519
North 7.11460385023e-06
South 0.00875818912323

row3col9
West 0.0314785751662
East 0.0577716022898
North 0.0434403497856
South 0.581319148118

row3col10
West 0.415335025276
East 0.0041254548924
North 0.0013438405172
South 0.00973058730525

row3col11
West 0.0918199348043
East 3.97934511188e-07
North 6.59892677574e-07
South 5.36889668226e-14

row3col13
West 0.856796750378
East 0.900597702694
North 0.9025
South 0.81363410373

row3col14
West 0.723686145157
East 0.637288977406
North 0.949982678903
South 0.809403431624

row3col15
West 0.206787244261
East 0.111401389211
North 0.919005289182
South 0.271613118686

row3col16
West 0.255941592062
East 0.0711740677207
North 0.60493168478
South 0.0549734641775

row3col18
West 0.0279211313515
East 0.0527345933866
North 0.40659476406
South 0.0153052010809

row3col19
West 0.0281382427585
East 0.0107724655543
North 0.449370634805
South 0.0253572701684

row3col20
West 0.168754725495
East 0.00196215321212
North 0.0160103081174
South 0.00596432672183

row3col21
West 0.0280116918432
East 0.000289689114236
North 0.00104861731623
South 0.000887531214365

row3col22
West 0.0038500218849
East 0.000601402978786
North 0.000252081358939
South 1.93529711571e-06

row4col5
West 0.0179992054384
East 0.0395542522947
North 0.000288235832973
South 0.406526276978

row4col9
West 0.270105328983
East 0.236194263624
North 0.214665042524
South 0.629459262866

row4col13
West 0.814129825469
East 0.814162467637
North 0.857375
South 0.773583447736

row5col1
West 2.72949322687e-15
East 3.43163570163e-11
North 2.72949322687e-15
South 1.91796632661e-06

row5col2
West 2.29814469829e-13
East 0.0
North 2.4940604799e-09
South 0.000108252302751

row5col3
West 1.47503893476e-06
East 0.0
North 0.0
South 6.73471396526e-20

row5col5
West 0.0858851748969
East 0.515200132248
North 0.0164867702819
South 0.0632277191759

row5col6
West 0.156166214508
East 0.567461685192
North 0.272712500652
South 0.243781519013

row5col7
West 0.442388631743
East 0.59873693839
North 0.512950104153
South 0.467315143984

row5col8
West 0.520760856975
East 0.630249409694
North 0.569685670278
South 0.474504720805

row5col9
West 0.582062151332
East 0.663420431289
North 0.547392441912
South 0.498355162103

row5col10
West 0.622927865765
East 0.698337296094
North 0.65842537948
South 0.611005366773

row5col11
West 0.656161548554
East 0.735091890625
North 0.692475509535
South 0.637194264941

row5col12
West 0.692327786446
East 0.7737809375
North 0.730959009385
South 0.68356783593

row5col13
West 0.734746111653
East 0.734856539238
North 0.81450625
South 0.733973333087

row5col14
West 0.773780937499
East 0.660213558144
North 0.72454591156
South 0.58214070976

row5col15
West 0.735091890562
East 0.61446678096
North 0.666569201071
South 0.554442332079

row5col16
West 0.69833729399
East 0.523247373812
North 0.508536444107
South 0.496363832968

row5col17
West 0.657675804292
East 0.154349897286
North 0.254065578109
South 0.158408102936

row5col18
West 0.440026020481
East 0.0793954019815
North 0.072730664527
South 0.0747165687384

row5col20
West 1.13666380121e-05
East 2.08042032741e-07
North 1.13661283265e-05
South 0.0289371978129

row5col21
West 0.000122127003935
East 3.27831604611e-07
North 2.25784216362e-05
South 0.0109548755193

row5col22
West 2.74945606358e-06
East 3.27732805757e-07
North 2.37813959572e-10
South 0.00148744330169

row6col1
West 3.23455958451e-07
East 5.26634476613e-07
North 0.0
South 0.000103456062307

row6col2
West 1.08434178369e-06
East 4.03533386301e-06
North 8.50295046251e-08
South 0.00193147428044

row6col3
West 3.41357312606e-08
East 0.0
North 2.45849603473e-08
South 0.00111821525964

row6col5
West 0.0398100168866
East 0.393399669396
North 0.0479034783594
South 0.00227406098186

row6col6
West 0.1824506262
East 0.540359638286
North 0.384833053473
South 0.317809055928

row6col7
West 0.405179672901
East 0.456189389201
North 0.568800044724
South 0.418724488147

row6col8
West 0.150481888905
East 0.218536234276
North 0.592510356057
South 0.21344998107

row6col9
West 0.183418350043
East 0.256150945195
North 0.611907705789
South 0.180922729078

row6col10
West 0.179552016257
East 0.374047260424
North 0.663165649717
South 0.202612891236

row6col11
West 0.293828450701
East 0.367730009554
North 0.695236057948
South 0.281928615319

row6col12
West 0.336828049109
East 0.450772711957
North 0.733125536678
South 0.419505680627

row6col13
West 0.429874831984
East 0.374808780635
North 0.773758779784
South 0.555258405165

row6col14
West 0.713781151705
East 0.291713211229
North 0.331421111985
South 0.193485423694

row6col15
West 0.315977468652
East 0.315362768643
North 0.690088160441
South 0.320745067551

row6col16
West 0.550712488018
East 0.495947366048
North 0.663420341451
South 0.420078364291

row6col17
West 0.630248616309
East 0.373903656586
North 0.488781493302
South 0.419225756872

row6col18
West 0.596442984795
East 0.112661995706
North 0.162919848424
South 0.137033281058

row6col19
West 0.495134357504
East 0.0184025875594
North 0.054279198666
South 0.106239598283

row6col20
West 0.328856196941
East 0.00347740782687
North 0.000458423867487
South 0.00394932713127

row6col21
West 0.133156545192
East 1.62827812296e-05
North 0.000113297212512
South 2.67925891482e-05

row6col22
West 0.0291214629055
East 3.0523153399e-05
North 2.94417761474e-06
South 1.25439443825e-07

row7col1
West 0.0
East 0.00169373927717
North 8.11282872638e-13
South 0.000112421736077

row7col2
West 3.82099311743e-07
East 0.000268102884816
North 1.86209180384e-06
South 0.0181365503363

row7col3
West 5.52309214918e-05
East 0.000301112200723
North 1.77863692603e-05
South 0.0304583559523

row7col5
West 0.0645102881013
East 0.408412469508
North 0.0232553090513
South 0.0536346272904

row7col6
West 0.221570181237
East 0.373650810974
North 0.513339101901
South 0.329961675882

row7col10
West 0.110665614941
East 0.112954722219
North 0.615217978019
South 0.0656923880982

row7col17
West 0.419889610611
East 0.218312951882
North 0.598718866603
South 0.236056630563

row7col18
West 0.170281695358
East 0.174013494024
North 0.524448356438
South 0.0147464855381

row7col20
West 0.000129040108843
East 1.52476984873e-05
North 0.076291353616
South 0.00115738890023

row7col21
West 0.00204739831998
East 0.0
North 0.000265487530616
South 2.56348896462e-07

row7col22
West 5.03867292072e-06
East 0.0
North 0.00135089375561
South 3.31977488742e-07

row8col1
West 1.33298816203e-07
East 0.00653660504358
North 3.73851233038e-07
South 3.10561874428e-10

row8col2
West 3.73253598971e-05
East 0.0684202634082
North 0.000376473425699
South 0.00354985046445

row8col3
West 0.00144930677534
East 0.188727502626
North 0.000848100178201
South 0.0158612591793

row8col4
West 0.0111941702908
East 0.32047848384
North 0.0454532296817
South 0.0367308891572

row8col5
West 0.0577688809178
East 0.436466958626
North 0.0862362000097
South 0.0104796141657

row8col6
West 0.214486753278
East 0.33188588901
North 0.487659745616
South 0.320698114915

row8col8
West 0.000497236646749
East 0.024839098405
North 0.000215527272963
South 0.000116426604066

row8col9
West 0.0011357089465
East 0.146731159609
North 0.00185952239553
South 3.63235131613e-05

row8col10
West 0.00113911164694
East 0.0269824672893
North 0.525355984602
South 0.00985684548356

row8col11
West 0.337311963855
East 0.00308586718646
North 4.54221988996e-09
South 0.000103405684256

row8col12
West 0.135162132331
East 0.00072980317208
North 0.000409776371569
South 0.000541204734333

row8col13
West 0.0254905424777
East 7.67498536532e-06
North 9.44635910737e-05
South 4.32422505234e-06

row8col14
West 0.00300146083811
East 1.84316068584e-06
North 1.71618598399e-07
South 1.20574922599e-06

row8col15
West 0.000173450769191
East 1.52695126711e-06
North 4.3436202123e-08
South 7.11095665902e-08

row8col17
West 0.246345466783
East 0.136554054003
North 0.56868927521
South 0.198396935489

row8col18
West 0.0809333142289
East 0.039124225889
North 0.358915768909
South 0.0245186577096

row9col5
West 0.00553269725436
East 0.214181371016
North 0.0623973005281
South 0.0190114849137

row9col6
West 0.0679588390338
East 0.183682214165
North 0.463205658903
South 0.223229439108

row9col8
West 2.24450182618e-05
East 7.55582859446e-05
North 0.0023520418934
South 1.69167452932e-05

row9col9
West 3.51985808466e-05
East 0.00934961165859
North 5.34219804565e-05
South 1.34947132476e-12

row9col10
West 0.000370340430188
East 2.23921684211e-05
North 0.123766792154
South 0.00494446301284

row9col11
West 0.000463395674274
East 1.74162773181e-06
North 0.0442853039029
South 3.99524843815e-07

row9col12
West 0.00108436965137
East 5.86622474438e-05
North 0.0221230164908
South 0.000183522702368

row9col13
West 0.0029383131353
East 5.77232855304e-07
North 2.3615542816e-09
South 0.0

row9col14
West 0.000156598410233
East 5.34493156789e-09
North 2.99509128236e-06
South 5.8609832285e-07

row9col15
West 5.12952328514e-08
East 5.47869082746e-08
North 9.69075260155e-06
South 0.0

row9col17
West 0.234605002201
East 0.0568152509167
North 0.539865637623
South 0.16745713512

row9col18
West 0.0172067832552
East 0.0144021433038
North 0.180653895826
South 0.0149776048075

row9col20
West 2.4014302371e-20
East 7.90118008151e-12
North 0.0
South 0.0

row9col21
West 4.44348869178e-17
East 0.0
North 1.11009273504e-14
South 4.09660541536e-09

row9col22
West 0.0
East 0.0
North 0.0
South 3.25823960026e-14

row10col1
West 0.0
East 4.61714174126e-06
North 0.0
South 0.0

row10col2
West 0.0
East 4.93412315456e-07
North 0.0
South 0.000293870456417

row10col3
West 0.0
East 0.0
North 7.76020985634e-13
South 0.00179594028371

row10col5
West 0.000120996347969
East 0.151809787933
North 0.0339258920143
South 0.00605395958456

row10col6
West 0.0313472624687
East 0.205671471264
North 0.439830707175
South 0.162567031212

row10col17
West 0.223006531239
East 0.149982678837
North 0.511672094752
South 0.157340107974

row10col18
West 0.384946571318
East 0.0363674425563
North 0.0408272857803
South 0.011743173622

row10col20
West 1.20870341841e-14
East 0.0
North 0.0
South 9.13808040794e-11

row10col21
West 1.75156395268e-12
East 2.10555010892e-18
North 1.11026936374e-14
South 4.29110974457e-07

row10col22
West 1.20849603791e-09
East 0.0
North 0.0
South 2.48823120722e-18

row11col1
West 3.58285508538e-06
East 0.000735715700348
North 1.92829336649e-18
South 1.21608840848e-08

row11col2
West 0.0
East 0.0121771153256
North 1.78500552809e-06
South 1.6120549663e-10

row11col3
West 0.0
East 0.0535302663856
North 1.97765755424e-05
South 7.74397167222e-13

row11col4
West 0.000468215891253
East 0.150976615944
North 0.00585419679754
South 0.00689419258405

row11col5
West 0.00398772896286
East 0.314960898061
North 0.00593559326722
South 0.00195216840791

row11col6
West 0.0848982882715
East 0.177247296294
North 0.417242627071
South 0.190778254176

row11col8
West 0.0
East 1.85455562715e-15
North 0.0
South 8.66518707718e-15

row11col9
West 0.0
East 3.09741560202e-28
North 2.3259082815e-26
South 3.82729152881e-06

row11col10
West 3.10266527091e-12
East 0.0
North 5.73975145201e-28
South 0.0

row11col12
West 6.37306041725e-13
East 6.88049707666e-12
North 0.0
South 5.66721476045e-10

row11col13
West 3.34260509897e-13
East 6.33704922804e-19
North 2.51938552628e-19
South 2.96560863892e-05

row11col14
West 2.51938552628e-19
East 1.07265022968e-05
North 1.60249313344e-12
South 3.79255660261e-16

row11col15
West 1.60271381137e-12
East 6.12767256572e-07
North 2.02226428709e-17
South 0.00944672824304

row11col17
West 0.110593485473
East 0.0396252347532
North 0.482911268465
South 0.0827201220885

row11col18
West 0.0161379088577
East 0.0121811769914
North 0.20239252392
South 0.00276730878631

row11col20
West 0.0
East 3.52157384106e-08
North 6.19847906876e-15
South 0.0

row11col21
West 1.32192633754e-13
East 2.6906600375e-11
North 1.18513174679e-11
South 9.16957071044e-06

row11col22
West 1.48443102543e-07
East 2.48823120722e-18
North 0.0
South 1.91240760959e-14

row12col1
West 1.21608840848e-08
East 0.0
North 1.98420701517e-05
South 0.0

row12col2
West 5.05075457582e-10
East 1.92829336649e-18
North 0.00074494413887
South 0.0

row12col3
West 4.05956498209e-17
East 7.74397163431e-13
North 0.000631773230987
South 7.74397163431e-13

row12col5
West 0.00395371147481
East 0.19310135616
North 0.0316500392636
South 0.0132482591769

row12col6
West 0.042289416528
East 0.126065085922
North 0.394743209789
South 0.137162695605

row12col8
West 0.0
East 8.20099158246e-06
North 8.80913922897e-17
South 0.0

row12col9
West 1.47044122687e-11
East 1.80500598029e-13
North 6.04053874179e-15
South 0.000222830281508

row12col10
West 1.35242145309e-06
East 0.0
North 0.0
South 3.41170789891e-28

row12col12
West 7.31413129247e-10
East 0.000122882654131
North 0.0
South 5.0477748858e-11

row12col13
West 1.65689839277e-09
East 0.00328888241915
North 9.34590588009e-12
South 3.73097598185e-10

row12col14
West 1.6307470045e-08
East 0.0259636562656
North 5.16674619728e-17
South 1.44308500348e-05

row12col15
West 2.87654849864e-05
East 0.121775388825
North 9.47941601233e-05
South 0.00416782398264

row12col16
West 0.0021502296977
East 0.280491039057
North 0.0100163996541
South 0.0252579106747

row12col17
West 0.0368343372925
East 0.0110884852916
North 0.451807445811
South 0.115796576166

row12col18
West 0.0250309669039
East 0.0025327262922
North 0.060578370017
South 5.04832672483e-06

row12col20
West 0.0
East 3.30454097355e-06
North 2.13130474887e-14
South 9.18116406227e-11

row12col21
West 5.32649801321e-08
East 2.19938299352e-10
North 1.05714004447e-08
South 0.00013674802677

row12col22
West 2.83567261494e-06
East 5.80596985436e-12
North 4.82514537191e-13
South 0.0

row13col5
West 0.0299868414155
East 0.297495714921
North 0.0159972058183
South 0.00885470094863

row13col6
West 0.0399496655439
East 0.125109119775
North 0.370582325339
South 0.089107829598

row13col9
West 7.003872213e-06
East 1.49336182627e-06
North 5.87133151366e-14
South 0.00258876274639

row13col17
West 0.0674139280391
East 0.0266370238457
North 0.414857135821
South 0.035475650807

row13col18
West 0.12087812917
East 0.00169469254779
North 0.00202168910388
South 0.000480474600834

row13col21
West 6.75686098682e-06
East 7.15439193332e-06
North 1.93414442829e-07
South 0.00106844445042

row14col1
West 3.12568653925e-30
East 2.59778423167e-05
North 2.55333194927e-13
South 1.21284079252e-14

row14col2
West 1.7895040755e-08
East 0.00245530292033
North 2.15090767924e-10
South 3.9532552424e-07

row14col3
West 1.0619624909e-05
East 0.0572754348691
North 0.000482142883264
South 0.000620089232596

row14col4
West 0.00014536925281
East 0.115490807728
North 0.00130251570971
South 0.000139435772554

row14col5
West 0.0070598975
East 0.0480486134673
North 0.198541786957
South 0.00602772815106

row14col6
West 0.0132583715461
East 0.00376628967034
North 0.333818571887
South 0.0451567692166

row14col7
West 0.193357445549
East 0.000592524385002
North 0.00239722480518
South 0.00190621763212

row14col8
West 0.0719203078986
East 0.0
North 0.000343615992298
South 0.000682083952908

row14col9
West 0.0207139261232
East 5.86694963763e-06
North 4.2613233415e-08
South 1.1179732933e-05

row14col10
West 0.0019647908522
East 1.62156405923e-10
North 1.76516281366e-12
South 4.37234771373e-14

row14col11
West 7.1633728298e-12
East 2.15271116805e-05
North 0.0
South 3.44196196454e-12

row14col12
West 2.91511509269e-10
East 0.000638628177115
North 6.8749142764e-06
South 2.73052162945e-12

row14col13
West 6.17366716051e-09
East 0.00798095895095
North 1.19218922058e-05
South 2.13083901936e-05

row14col14
West 0.000276666648436
East 0.0565548861567
North 0.00198165739898
South 0.000109923344303

row14col15
West 0.00258170678033
East 0.216287067203
North 0.021572304936
South 0.00274780590059

row14col16
West 0.0127982706743
East 0.298208356643
North 0.0187733073494
South 0.000657127727845

row14col17
West 0.0272153417138
East 0.0106229877278
North 0.369969013127
South 0.00455333328617

row14col18
West 0.198591263786
East 0.000264782403168
North 0.0249875984164
South 7.93576926593e-05

row14col19
West 0.0800314108923
East 1.35364598882e-05
North 0.000103436263388
South 7.60753873877e-07

row14col20
West 0.0249643908918
East 9.23345053825e-05
North 0.000605098384071
South 5.48938026714e-05

row14col21
West 0.00615948046543
East 1.79375776861e-06
North 8.08466040765e-06
South 6.83680903368e-06

row14col22
West 0.000442024609522
East 3.48984154808e-06
North 3.63286143505e-16
South 0.0

row15col1
West 2.47319701285e-29
East 0.000188394145255
North 2.90065188304e-12
South 1.06524989604e-10

row15col2
West 2.36503954541e-14
East 0.00737406525247
North 1.70966124268e-05
South 2.14710327098e-06

row15col3
West 2.05812917926e-06
East 8.32069837976e-05
North 0.0218164965721
South 1.15156462708e-05

row15col4
West 8.07884996146e-07
East 0.00536333491622
North 1.77746121083e-05
South 2.30164122753e-06

row15col5
West 7.30703532317e-05
East 0.0640940649643
North 0.00250402477623
South 0.000612630834608

row15col6
West 0.00278716439495
East 0.0238201539663
North 0.265872823812
South 0.00686894271447

row15col7
West 0.18452178068
East 0.000184138122551
North 0.0198142813814
South 0.00769433103355

row15col8
West 0.0289161821605
East 1.80538236598e-09
North 1.00528446518e-06
South 2.19833279849e-05

row15col9
West 0.000565050247426
East 7.8804459056e-11
North 1.10496085582e-07
South 8.50402994103e-09

row15col10
West 6.1153853855e-07
East 2.86774359494e-12
North 1.90504558848e-05
South 1.3621782076e-13

row15col11
West 1.39961329087e-13
East 3.63012712937e-13
North 6.20022779619e-07
South 3.20427772668e-12

row15col12
West 2.98517108267e-14
East 1.06358236376e-05
North 2.13416251599e-09
South 4.1902335558e-08

row15col13
West 4.1902335558e-08
East 0.000327768714396
North 1.13547792273e-07
South 6.57135919613e-15

row15col14
West 2.78258965131e-06
East 4.50322948253e-07
North 0.00484917150832
South 0.000135457865328

row15col15
West 7.12493553332e-06
East 0.000722816555796
North 0.132656283906
South 7.96296524293e-05

row15col16
West 3.57684641027e-05
East 1.29786234305e-07
North 0.0193061586591
South 5.61151894619e-05

row15col17
West 0.000501050669321
East 4.75802487696e-07
North 0.0798210529986
South 0.000107082204571

row15col18
West 0.00547119321856
East 4.68370860149e-09
North 2.39355916234e-05
South 6.35877698263e-07

row15col19
West 2.19085927082e-17
East 2.66874147916e-08
North 0.00288287712821
South 2.99492122526e-08

row15col20
West 1.34033554265e-08
East 8.03968425781e-10
North 0.00231007832444
South 2.16993404969e-15

row15col21
West 3.04308641013e-08
East 4.06108505679e-15
North 0.000295709734457
South 1.0070688643e-07

row15col22
West 2.18197618171e-07
East 4.06108505679e-15
North 2.51835596842e-06
South 0.0

row16col2
West 1.7395843175e-05
East 1.15328423421e-08
North 0.00211563284782
South 1.04265198212e-06

row16col7
West 2.98700238173e-05
East 0.0049489595896
North 0.107426039303
South 0.00161473795719

row16col15
West 2.78892893967e-05
East 0.000156339543309
North 0.0722699142103
South 7.05583658109e-05

row17col1
West 0.0
East 1.99841861215e-05
North 1.98310260199e-24
South 0.0

row17col2
West 6.59592544329e-11
East 2.66252221002e-12
North 0.000494103484742
South 0.0

row17col3
West 1.12255517375e-05
East 3.79807634294e-15
North 0.0
South 2.88565751806e-12

row17col4
West 2.54841076707e-07
East 7.32872844288e-29
North 3.79807634294e-15
South 0.0

row17col6
West 2.38049313658e-05
East 0.00502945730444
North 1.80401793827e-10
South 0.0

row17col7
West 2.58282927539e-05
East 0.0008669255083
North 0.0507598720923
South 0.000102735876764

row17col8
West 0.0169847896281
East 1.9201336254e-07
North 0.00047212937681
South 1.4222150474e-07

row17col9
West 0.0035901830823
East 4.47070760711e-10
North 1.1165666817e-08
South 1.71146822172e-09

row17col10
West 0.000270772722983
East 5.6341512885e-15
North 1.19489175628e-13
South 6.75475217414e-16

row17col11
West 7.97030548324e-06
East 2.54909770349e-14
North 5.63413550408e-15
South 9.13861533237e-21

row17col13
West 1.67464319058e-12
East 0.000208559926541
North 1.27506936071e-22
South 1.33667964679e-16

row17col14
West 4.31331618849e-10
East 0.00457422567894
North 8.29048976238e-08
South 1.9090522414e-12

row17col15
West 4.54041863472e-07
East 1.20435476452e-06
North 0.0342356329875
South 2.27108273611e-09

row17col16
West 0.00147715269503
East 3.25675848557e-09
North 2.23830663319e-09
South 2.98706936151e-18

row17col18
West 2.02501175525e-23
East 5.14365088018e-12
North 3.73316447698e-20
South 1.33795787821e-06

row17col19
West 1.15342227469e-08
East 0.0
North 1.70013275135e-15
South 1.92290785529e-24

row17col20
West 1.39551496245e-11
East 6.55664868131e-25
North 9.11199811542e-26
South 2.07676863203e-08

row17col21
West 5.66386558136e-10
East 4.53212281175e-20
North 1.97085438479e-31
South 4.80079914243e-33

row17col22
West 5.57606473321e-12
East 0.0
North 0.0
South 0.0

row18col1
West 8.86114265471e-14
East 0.0
North 1.04959240986e-08
South 0.0

row18col2
West 0.0
East 1.97287662697e-16
North 6.03534692132e-05
South 7.521100843e-28

row18col3
West 5.77345242205e-06
East 0.0
North 9.04894215032e-12
South 1.54289320249e-27

row18col4
West 0.0
East 0.0
North 0.0
South 4.29957084654e-10

row18col6
West 0.0
East 0.0
North 0.000378860453412
South 5.81429528188e-08

row18col7
West 4.61578292092e-06
East 6.42770051801e-22
North 0.00642237970811
South 5.26053072739e-08

row18col8
West 0.000246893162528
East 5.49085467142e-15
North 3.65106141685e-09
South 1.15054583269e-09

row18col9
West 2.25480280423e-17
East 5.49586284926e-20
North 4.48178343467e-05
South 5.86962928297e-11

row18col10
West 1.42205308929e-14
East 2.24614030135e-14
North 6.70666997877e-06
South 5.87336425263e-18

row18col11
West 3.05673042038e-13
East 2.97314308015e-12
North 3.26786472941e-09
South 2.91385600805e-18

row18col13
West 0.0
East 1.70835114854e-15
North 4.88663219223e-08
South 0.0

row18col14
West 4.85085891998e-12
East 1.61423360991e-05
North 1.05544018833e-07
South 1.13172563241e-12

row18col15
West 1.04227789272e-06
East 1.10377238868e-05
North 0.0113201012036
South 1.71943464619e-06

row18col16
West 0.00277118040757
East 4.99291426076e-09
North 1.55622372411e-06
South 2.82655384853e-12

row18col17
West 0.000571088811123
East 3.73381405312e-09
North 1.27859128514e-06
South 2.13861815014e-06

row18col18
West 0.000106714925284
East 4.45968501966e-09
North 2.31069710361e-10
South 3.63427825627e-13

row18col19
West 1.07529771987e-05
East 2.68237418534e-10
North 1.35836183111e-25
South 2.23609697347e-11

row18col20
West 4.806181485e-07
East 3.00404496807e-14
North 3.88666506849e-14
South 6.22341330292e-14

row18col21
West 5.62374384708e-12
East 7.90108853719e-29
North 1.27443488638e-24
South 3.77069758998e-16

row18col22
West 0.0
East 0.0
North 4.80079914243e-33
South 9.45363419895e-18

row19col1
West 4.78742931185e-34
East 1.03974196499e-10
North 0.0
South 9.33548715811e-34

row19col2
West 4.78742931185e-34
East 1.58338965116e-26
North 3.36553442231e-07
South 0.0

row19col3
West 0.0
East 2.78716544142e-14
North 3.84168902842e-07
South 5.86771669323e-13

row19col4
West 1.67537401398e-08
East 0.0
North 0.0
South 0.0

row19col6
West 0.0
East 3.50960496782e-05
North 0.0
South 4.37124096751e-20

row19col7
West 3.15480571804e-07
East 0.0
North 0.000488289213244
South 0.0

row19col8
West 0.0
East 0.0
North 5.45756091493e-07
South 1.17547400492e-22

row19col9
West 8.85420062203e-23
East 3.90740938257e-21
North 6.0955616175e-07
South 0.0

row19col10
West 1.22089633496e-19
East 5.37271850208e-16
North 1.80065549688e-08
South 1.95433363522e-14

row19col11
West 0.0
East 1.20674552297e-21
North 3.37405059521e-12
South 6.1626836771e-22

row19col13
West 1.69798395895e-26
East 3.68349081071e-07
North 0.0
South 3.61471160153e-14

row19col14
West 5.58567715063e-20
East 1.90055648756e-05
North 1.08531451931e-08
South 0.0

row19col15
West 1.04209841924e-08
East 8.98097480743e-14
North 0.000823822510312
South 1.77731867308e-12

row19col16
West 2.87985275903e-05
East 1.17505279747e-18
North 6.83139314433e-21
South 8.83899845255e-14

row19col18
West 8.88531831846e-10
East 4.68400631418e-26
North 7.78671160618e-06
South 1.38096875521e-12

row19col19
West 3.67323346076e-07
East 0.0
North 3.52925440449e-10
South 1.67639584213e-11

row19col20
West 5.23428513889e-09
East 5.64408555211e-16
North 8.00240099452e-13
South 4.20769529283e-17

row19col21
West 8.38478377911e-11
East 1.38539312045e-27
North 1.29231940744e-15
South 2.45209497375e-20

row19col22
West 3.67877666473e-15
East 1.18851845645e-21
North 1.48619861172e-29
South 1.88406708506e-19
