
row1col1
West 1.717e-05
East 1.717e-05
North 1.717e-05
South 1.717e-05

row1col2
West 1.0000163115
East 0.902222418828
North 0.949965505944
South 0.902315434558

row1col3
West 0.950015495925
East 0.857326798181
North 0.902444109427
South 0.857113570827

row1col4
West 0.902514721114
East 0.813821705157
North 0.857210318571
South 0.812788815111

row1col5
West 0.857388792834
East 0.808557338653
North 0.806189992583
South 0.752973992034

row2col1
West 0.950012081214
East 0.902510163797
North 1.0000163115
South 0.902509288955

row2col2
West 0.950015493431
East 0.856437072585
North 0.949723417118
South 0.85693046935

row2col3
West 0.901239506127
East 0.807808220521
North 0.90251454166
South 0.810987268187

row2col4
West 0.848741985909
East 0.734695358115
North 0.857387769719
South 0.762569919614

row2col5
West 0.792980826186
East 0.71533192901
North 0.814263442981
South 0.696163106087

row3col1
West 0.902514659438
East 0.857388569424
North 0.950015495925
South 0.857388307668

row3col2
West 0.902514721129
East 0.814341046136
North 0.902441448788
South 0.814165003005

row3col3
West 0.857388985069
East 0.771815183974
North 0.855950458291
South 0.77165989453

row3col4
West 0.814519535677
East 0.71681820552
North 0.812990915865
South 0.729344963962

row3col5
West 0.773783278472
East 0.694034046984
North 0.73910655997
South 0.645239403742

row4col1
West 0.857375867343
East 0.814495708574
North 0.902514721129
South 0.814479326091

row4col2
West 0.857388984691
East 0.770616998765
North 0.856641468593
South 0.77189490875

row4col3
West 0.814516721527
East 0.702261555923
North 0.804576664471
South 0.706027577668

row4col4
West 0.762353408647
East 0.637089687914
North 0.773793157115
South 0.636032188096

row4col5
West 0.661537785951
East 0.601843343622
North 0.734428510472
South 0.46328312894

row5col1
West 0.813728030353
East 0.771822370957
North 0.85738898495
South 0.813801061989

row5col2
West 0.814519302788
East 0.712235087512
North 0.810252164023
South 0.764998156642

row5col3
West 0.773530456213
East 0.622561533197
North 0.747915129575
South 0.701513330853

row5col4
West 0.682201705233
East 0.513189799964
North 0.735054986609
South 0.604352361018

row5col5
West 0.694294594715
East 0.401122118333
North 0.528109361294
South 0.514831512696
