0.0
0.0
0.0
0.0
0.0
0.0
0.0
0.0
0.0
0.0
0.0
0.0
0.0
0.0
0.0
0.0
0.0
0.0
0.0
0.0
0.0
0.0
0.0
0.0
0.0
0.0
0.0
0.0
0.0
0.0
0.0
0.0
0.0
0.0
0.0
0.0
0.0
0.0
0.0
0.0
0.0
0.0
0.0
0.0
0.0
0.0
0.0
0.0
0.0
0.0
0.0
0.0
0.0
0.0
0.0
0.0
0.0
0.0
0.0
0.0
0.0
0.0
0.0
0.0
0.0
0.0
0.0
0.0
0.0
0.0
0.0
0.0
0.0
0.0
0.0
0.0
0.0
0.0
0.0
0.0
0.0
0.0
0.0
0.0
0.0
0.0
0.0
0.0
0.0
0.0
0.0
0.0
0.0
0.0
0.0
0.0
0.0
0.0
0.0
0.0
0.0
0.0
0.0
0.0
0.0
0.0
0.0
0.0
0.0
0.0
0.0
0.0
0.0
0.0
0.0
0.0
0.0
0.0
0.0
0.0
0.0
0.0
0.0
0.0
0.0
0.0
0.0
0.0
0.0
0.0
0.0
0.0
0.0
0.0
0.0
0.0
0.0
0.0
0.0
0.0
0.0
0.0
0.0
0.0
0.0
0.0
0.0
0.0
0.0
0.0
0.0
0.0
0.0
0.0
0.0
0.0
0.0
0.0
0.0
0.0
0.0
0.0
0.0
0.0
0.0
0.0
0.0
0.0
0.0
0.0
0.0
0.0
0.0
0.0
0.0
0.0
0.0
0.0
0.0
0.0
0.0
0.0
0.0
0.0
0.0
0.0
0.0
0.0
0.0
2.34848661854e-05
2.34848661854e-05
2.34848661854e-05
2.34848661854e-05
2.34848661854e-05
2.34848661854e-05
2.34848661854e-05
2.34848661854e-05
2.34848661854e-05
2.34848661854e-05
2.34848661854e-05
2.34848661854e-05
2.34848661854e-05
2.29120645712e-05
2.29120645712e-05
2.29120645712e-05
2.29120645712e-05
2.29120645712e-05
2.23665392242e-05
2.18463871492e-05
2.18463871492e-05
2.18463871492e-05
2.18463871492e-05
2.18463871492e-05
2.18463871492e-05
2.18463871492e-05
2.18463871492e-05
2.18463871492e-05
2.13498783504e-05
2.13498783504e-05
2.13498783504e-05
2.13498783504e-05
2.13498783504e-05
2.13498783504e-05
2.13498783504e-05
2.13498783504e-05
2.13498783504e-05
2.08754366093e-05
2.08754366093e-05
2.08754366093e-05
2.08754366093e-05
2.08754366093e-05
2.08754366093e-05
2.08754366093e-05
2.08754366093e-05
2.08754366093e-05
2.08754366093e-05
2.04216227699e-05
2.04216227699e-05
2.04216227699e-05
2.04216227699e-05
1.99871201578e-05
1.99871201578e-05
1.99871201578e-05
1.99871201578e-05
1.99871201578e-05
1.95707218212e-05
1.91713193351e-05
1.91713193351e-05
1.91713193351e-05
1.87878929484e-05
1.87878929484e-05
1.87878929484e-05
1.87878929484e-05
1.87878929484e-05
1.87878929484e-05
1.87878929484e-05
1.87878929484e-05
1.87878929484e-05
1.87878929484e-05
1.84195028905e-05
1.84195028905e-05
1.80652816811e-05
1.80652816811e-05
1.80652816811e-05
1.80652816811e-05
1.80652816811e-05
1.77244273098e-05
1.77244273098e-05
1.77244273098e-05
1.73961971744e-05
1.73961971744e-05
1.73961971744e-05
1.73961971744e-05
1.70799026803e-05
1.70799026803e-05
1.70799026803e-05
1.70799026803e-05
1.70799026803e-05
1.70799026803e-05
1.70799026803e-05
1.70799026803e-05
1.70799026803e-05
1.70799026803e-05
1.70799026803e-05
1.70799026803e-05
1.70799026803e-05
1.70799026803e-05
1.70799026803e-05
1.67749044182e-05
1.67749044182e-05
1.67749044182e-05
1.67749044182e-05
1.67749044182e-05
0.00103745942823
0.00102545137501
0.00102545137501
0.00102515707844
0.00102515707844
0.00102515707844
0.00101314413386
0.00100168496519
0.000990486232166
0.000990486232166
0.000990486232166
0.000990486232166
0.000979539156067
0.000968835348327
0.000958366789109
0.000958366789109
0.000958092272847
0.000958092272847
0.000957826907127
0.000957826907127
0.000957826907127
0.000957826907127
0.000947585925283
0.000937565179607
0.000937565179607
0.000927757641287
0.000927757641287
0.000927757641287
0.000917899912253
0.000908498870586
0.000908498870586
0.000908498870586
0.000908498870586
0.000908498870586
0.00089929166483
0.00089929166483
0.00089929166483
0.00089929166483
0.000899043279149
0.000890023975551
0.000880946379685
0.000880946379685
0.000880946379685
0.000880946379685
0.000872286026149
0.000872286026149
0.000872286026149
0.000872286026149
0.000872286026149
0.000863797164763
0.00085547475164
0.00085547475164
0.000847313938771
0.000847313938771
0.000847313938771
0.000847313938771
0.000847313938771
0.000847313938771
0.000847080953987
0.000847080953987
0.000847080953987
0.000838851263806
0.000838851263806
0.000838851263806
0.000838851263806
0.000838851263806
0.000838851263806
0.000838632290695
0.000838632290695
0.000838632290695
0.000838632290695
0.000838632290695
0.000838419854095
0.000838419854095
0.000838419854095
0.000838419854095
0.000838419854095
0.000830568434681
0.000830362246216
0.000830362246216
0.000830162034228
0.000822264263157
0.000822264263157
0.000822264263157
0.000814704970264
0.000814704970264
0.000807096651268
0.000807096651268
0.000807096651268
0.000807096651268
0.000807096651268
0.000799813479334
0.000792662728709
0.000792662728709
0.000792478966063
0.000792478966063
0.000792478966063
0.000785457057791
0.000785278329738
0.000785278329738
0.000785278329738
0.000778381812685
0.00077820791512
0.000778038654823
0.000778038654823
0.000778038654823
0.000778038654823
0.000778038654823
0.000771264200019
0.000771264200019
0.000764608595299
0.000758068740226
0.000758068740226
0.000758068740226
0.000757903934148
0.000757903934148
0.000757903934148
0.000757903934148
0.000757903934148
0.000751316309796
0.000751316309796
0.000751316309796
0.000751316309796
0.000751316309796
0.000751316309796
0.000751316309796
0.000751316309796
0.000751316309796
0.000751316309796
0.000751159900431
0.000751159900431
0.00074484266642
0.00074484266642
0.00074484266642
0.00074484266642
0.000744690216785
0.000744690216785
0.000738331416144
0.00073222562637
0.00073208065806
0.00073208065806
0.000725935198952
0.000725935198952
0.000720030412451
0.000720030412451
0.000714222425728
0.000714222425728
0.000714222425728
0.000714222425728
0.000714222425728
0.000714222425728
0.000714084401243
0.000714084401243
0.000708370853329
0.000702749459413
0.0006972180078
0.000691639618818
0.000691639618818
0.000691508050941
0.000691379542781
0.000686021618771
0.000686021618771
0.000680747412325
0.000680621858375
0.000680621858375
0.000680621858375
0.000680621858375
0.000680621858375
0.000680621858375
0.000675429422571
0.000675429422571
0.000675429422571
0.000670316870395
0.000670316870395
0.00066528237245
0.000660201454327
0.000660201454327
0.000660201454327
0.000655317796318
0.000655317796318
0.000655197853181
0.000650387085591
0.000650269807857
0.000645530310897
0.000640860512422
0.000636258886188
0.000636258886188
0.000631723950189
0.000631723950189
0.000631723950189
0.000627139564866
0.000627139564866
0.000627139564866
0.000627139564866
0.000627027358148
0.000626917564477
0.000626917564477
0.000626917564477
0.000622511732
0.000622511732
0.000622511732
0.000622511732
0.000618168393601
0.000618168393601
0.000618060935965
0.000618060935965
0.000618060935965
0.000617955740596
0.000617955740596
0.000613673575977
0.000613673575977
0.000613673575977
0.000613673575977
0.000613673575977
0.000613673575977
0.000613570572178
0.000613469692169
0.000613469692169
0.000613370870935
0.000613370870935
0.000613370870935
0.000613370870935
0.000613370870935
0.000613370870935
0.000613370870935
0.00061327404609
0.00061327404609
0.00061327404609
0.00061327404609
0.00061327404609
0.00061327404609
0.00061327404609
0.00061327404609
0.000613179157742
0.000613179157742
0.000613086148371
0.000613086148371
0.000608863874166
0.000604700242659
0.000600594040551
0.000600594040551
0.000600594040551
0.000596544087788
0.000592549236423
0.000592549236423
0.000592458050765
0.000592458050765
0.000588517183878
0.000588517183878
0.000588517183878
0.000588517183878
0.000588517183878
0.000584629214533
0.000584629214533
0.000584629214533
0.000584629214533
0.000580793084779
0.000580793084779
0.000580793084779
0.000580793084779
0.000580793084779
0.00124290387297
0.00124290387297
0.00124290387297
0.00124290387297
0.00124290387297
0.00124290387297
0.00124290387297
0.00124281617743
0.00124281617743
0.00124281617743
0.00124273015228
0.00124273015228
0.00124264575024
0.00124264575024
0.00124264575024
0.00124264575024
0.00123886043015
0.00123886043015
0.00123877760573
0.00123877760573
0.00123877760573
0.00123877760573
0.00123877760573
0.00123877760573
0.00123877760573
0.00123877760573
0.00123877760573
0.00123877760573
0.00123504209248
0.00122601508525
0.00122601508525
0.00122229499061
0.00122229499061
0.00122229499061
0.00122229499061
0.00122229499061
0.00122229499061
0.00122229499061
0.00122229499061
0.00121870313891
0.00121344825988
0.00121344825988
0.00121336846081
0.00120465119024
0.00120465119024
0.00119956116243
0.00119956116243
0.00119956116243
0.0011945506663
0.0011945506663
0.0011945506663
0.00118961785229
0.00118961785229
0.00118126029486
0.00117647752182
0.00117639917364
0.00117639917364
0.00117639917364
0.00117639917364
0.00117632223714
0.0011681556093
0.0011681556093
0.00156112604054
0.00155527846031
0.00155527846031
0.00155527846031
0.00155527846031
0.00155527846031
0.00155527846031
0.00155063898521
0.00155063898521
0.00155056342257
0.00154478848309
0.00154478848309
0.00153908483916
0.00153908483916
0.00153908483916
0.00153908483916
0.00153908483916
0.00153451460995
0.00153444038471
0.00153444038471
0.00153444038471
0.00153444038471
0.00153436746167
0.00153436746167
0.00152986493956
0.00152986493956
0.00152986493956
0.00152542863101
0.00152542863101
0.00152542863101
0.00151542342551
0.00151542342551
0.00151542342551
0.00151542342551
0.00151111523632
0.00150686903545
0.00150686903545
0.00150686903545
0.00150686903545
0.00150679738063
0.00150679738063
0.00150679738063
0.00150679738063
0.00150679738063
0.00150679738063
0.00150679738063
0.00150679738063
0.00150679738063
0.00150123242324
0.00150123242324
0.00150123242324
0.00150123242324
0.00150123242324
0.00150123242324
0.00149704688239
0.00149154937903
0.00149154937903
0.00149154937903
0.00149154937903
0.00148611811065
0.00148611811065
0.00148611811065
0.00148075188739
0.00148075188739
0.00148075188739
0.00148075188739
0.00148075188739
0.00147544954775
0.00147544954775
0.00147544954775
0.00147544954775
0.00147544954775
0.00147544954775
0.00147544954775
0.00147544954775
0.00147544954775
0.00147537912836
0.00147537912836
0.00147537912836
0.00147118374125
0.00147118374125
0.00146711568486
0.00146711568486
0.00146711568486
0.00146711568486
0.00146310452436
0.00146310452436
0.00146303648187
0.00146303648187
0.00146303648187
0.00146303648187
0.00146303648187
0.00146303648187
0.00145772999289
0.00145766420895
0.00145248626113
0.00145248626113
0.00145248626113
0.00145248626113
0.0014485308112
0.0014485308112
0.0014485308112
0.0014484661146
0.0014484661146
0.0014484661146
0.0014484661146
0.0014484024786
0.0014484024786
0.00144833987733
0.00144443898532
0.00144443898532
0.00144443898532
0.00144443898532
0.00143547414317
0.00143547414317
0.00143547414317
0.00143547414317
0.00143547414317
0.00143035466907
0.00143035466907
0.00143035466907
0.00143035466907
0.00143035466907
0.00142655956027
0.00142655956027
0.00141781632683
0.00141406214984
0.00141406214984
0.00141041782658
0.00140187982708
0.00140187982708
0.00139833108949
0.00139827144539
0.00139827144539
0.00139827144539
0.00139827144539
0.00139827144539
0.00139827144539
0.00139827144539
0.00139827144539
0.00139827144539
0.00138988363049
0.00138982492566
0.00138982492566
0.00138982492566
0.00138982492566
0.0013897671381
0.00138971024646
0.00138971024646
0.00138971024646
0.00138971024646
0.00138971024646
0.00138965423009
0.00138965423009
0.00138965423009
0.00138482428071
0.00138482428071
0.00138131225573
0.00138131225573
0.00138131225573
0.00138131225573
0.00138131225573
0.00138125793034
0.00138120442188
0.00138120442188
0.00138120442188
0.00138120442188
0.00138120442188
0.00138120442188
0.00138120442188
0.00137779216276
0.00137773945293
0.00137773945293
0.00137773945293
0.00137773945293
0.00137773945293
0.00137773945293
0.00137773945293
0.00137773945293
0.00137773945293
0.00137773945293
0.00137773945293
0.0013729121503
0.0013729121503
0.0013729121503
0.00137286098502
0.00137286098502
0.00136813926722
0.00136813926722
0.00136813926722
0.00136813926722
0.00136813926722
0.00136813926722
0.00136813926722
0.00136813926722
0.00136813926722
0.00136813926722
0.00136813926722
0.00136813926722
0.00136813926722
0.00136813926722
0.00136813926722
0.00136813926722
0.00136813926722
0.00136347030604
0.00136347030604
0.00136347030604
0.00136347030604
0.00136347030604
0.00136347030604
0.00136347030604
0.00136347030604
0.00136341988769
0.00136341988769
0.00136337020005
0.00135875311622
0.00135875311622
0.00135875311622
0.00135875311622
0.00135875311622
0.00135538460402
0.00135538460402
0.0013553356313
0.00135076956497
0.00135076956497
0.00135076956497
0.00135076956497
0.00135076956497
0.00135076956497
0.0013462536752
0.0013462536752
0.0013462536752
0.0013462536752
0.0013462536752
0.0013462536752
0.0013462536752
0.00134178713941
0.00134178713941
0.00134178713941
0.00134178713941
0.00134178713941
0.0013417388663
0.00133732087982
0.00133295065535
0.00133295065535
0.00133295065535
0.00133295065535
0.00133295065535
0.00132962505413
0.00132962505413
0.00132530182132
0.00132201831632
0.0013177413213
0.0013177413213
0.0013177413213
0.0013177413213
0.0013177413213
0.0013177413213
0.0013177413213
0.0013177413213
0.0013177413213
0.0013177413213
0.0013177413213
0.0013177413213
0.0013177413213
0.0013177413213
0.0013177413213
0.0013177413213
0.0013177413213
0.0013177413213
0.00131350982622
0.00131350982622
0.00131350982622
0.00131350982622
0.00131350982622
0.00131350982622
0.00131350982622
0.00131350982622
0.00131350982622
0.00131350982622
0.00131350982622
0.00131350982622
0.00131350982622
0.00130932310887
0.00130932310887
0.00130932310887
0.00130932310887
0.00130932310887
0.00130932310887
0.00130518046222
0.00130518046222
0.00130518046222
0.00130518046222
0.00130518046222
0.00130518046222
0.00130518046222
0.00130518046222
0.00130518046222
0.00130518046222
0.00130518046222
0.00130518046222
0.00130513287384
0.0013010336057
0.0013010336057
0.00129697703826
0.00129697703826
0.00129697703826
0.00129697703826
0.00129697703826
0.00129697703826
0.00129697703826
0.00129697703826
0.00129697703826
0.00129697703826
0.00129697703826
0.00129697703826
0.00129697703826
0.00129697703826
0.00129697703826
0.00129697703826
0.00129697703826
0.00129697703826
0.00129697703826
0.00129697703826
0.00129697703826
0.00129296250779
0.00129291558967
0.00129286932775
0.00129286932775
0.00129286932775
0.00129286932775
0.00129286932775
0.00129286932775
0.00129286932775
0.00129286932775
0.00129286932775
0.00129286932775
0.00129286932775
0.00129286932775
0.0012896271247
0.0012896271247
0.0012896271247
0.0012896271247
0.0012896271247
0.0012896271247
0.0012896271247
0.0012896271247
0.0012896271247
0.0012896271247
0.0012896271247
0.0012896271247
0.0012896271247
0.0012896271247
0.0012896271247
0.0012896271247
0.0012896271247
0.0012896271247
0.0012896271247
0.0012896271247
0.0012896271247
0.00128565398114
0.00128565398114
0.00128172158778
0.00128172158778
0.00128172158778
0.00128172158778
0.00128172158778
0.00128172158778
0.00128172158778
0.00127782932088
0.00127782932088
0.00127782932088
0.00127462764537
0.00127462764537
0.00127462764537
0.00127077489387
0.00127077489387
0.00127077489387
0.00127077489387
0.00127077489387
0.00127077489387
0.00127077489387
0.00127077489387
0.00127077489387
0.00127077489387
0.00126696105905
0.00126696105905
0.00126696105905
0.00126696105905
0.00126691543965
0.00126691543965
0.00126691543965
0.00126691543965
0.00126691543965
0.00126691543965
0.00126691543965
0.00126691543965
0.00126691543965
0.00126691543965
0.00126691543965
0.00126691543965
0.0012637535365
0.00125997803168
0.00125624028191
0.00125624028191
0.00125253972368
0.00124887580463
0.00124887580463
0.00124887580463
0.00124887580463
0.00124524798331
0.00124212511601
0.00124212511601
0.00124212511601
0.00124212511601
0.00123853286157
0.00123853286157
0.00123853286157
0.00123853286157
0.00123853286157
0.00123853286157
0.00123853286157
0.00123853286157
0.00123853286157
0.00123853286157
0.00123853286157
0.00123853286157
0.00123853286157
0.00123853286157
0.00123497565351
0.00123497565351
0.00123145298145
0.00123145298145
0.00123145298145
0.00123145298145
0.00123140799129
0.00123140799129
0.00123140799129
0.00123140799129
0.00123140799129
0.00123140799129
0.00122791935471
0.00122791935471
0.00122791935471
0.00122446426271
0.00122446426271
0.00122446426271
0.00122446426271
0.00122446426271
0.00122446426271
0.00122446426271
0.00122446426271
0.00122446426271
0.00122446426271
0.00122446426271
0.00122446426271
0.00122446426271
0.00122446426271
0.00122446426271
0.00122441988885
0.00122441988885
0.00122441988885
0.00122441988885
0.00122133533894
0.00122133533894
0.00122133533894
0.00122133533894
0.00121791331003
0.00121452387186
0.00121452387186
0.00121452387186
0.00121452387186
0.00121452387186
0.00121452387186
0.00121452387186
0.00121452387186
0.00121452387186
0.00121452387186
0.00121452387186
0.00121452387186
0.00121147693841
0.00121147693841
0.00121147693841
0.00121147693841
0.00120811962763
0.00120811962763
0.00120479398958
0.00120475021945
0.00120475021945
0.00120475021945
0.00120475021945
0.00120475021945
0.00120145580805
0.0012014126294
0.0012014126294
0.0012014126294
0.0012014126294
0.0012014126294
0.0012014126294
0.0012014126294
0.0012014126294
0.0012014126294
0.0012014126294
0.0012014126294
0.0012014126294
0.0012014126294
0.0011981490069
0.0011981490069
0.0011981490069
0.0011981490069
0.0011981490069
0.00119513900598
0.00119216527012
0.00119216527012
0.00119216527012
0.00119212267106
0.00119208063997
0.00119208063997
0.00119208063997
0.00119208063997
0.00119208063997
0.00119208063997
0.00119208063997
0.00118884737675
0.00118884737675
0.00118884737675
0.00118884737675
0.00118884737675
0.00118884737675
0.00118884737675
0.00118884737675
0.00118884737675
0.00118884737675
0.00118884737675
0.00118884737675
0.00118884737675
0.00118884737675
0.00118884737675
0.00118884737675
0.00118884737675
0.00118884737675
0.00118884737675
0.00118884737675
0.00118884737675
0.00118884737675
0.00118884737675
0.00118884737675
0.00118884737675
0.00118884737675
0.00118884737675
0.00118884737675
0.00118884737675
0.00118880590237
0.00118880590237
0.00118880590237
0.00118880590237
0.00118880590237
0.00118880590237
0.00118876497371
0.00118876497371
0.00118876497371
0.00118876497371
0.00118876497371
0.00118876497371
0.00118876497371
0.00118556164811
0.00118556164811
0.00118556164811
0.00118556164811
0.00118556164811
0.00118556164811
0.00118556164811
0.00118556164811
0.00118556164811
0.00118556164811
0.00118556164811
0.00118238784624
0.00118238784624
0.00118238784624
0.00117630503958
0.00117630503958
0.00117630503958
0.00117630503958
0.00117318907374
0.00117318907374
0.00117318907374
0.00117318907374
0.00117318907374
0.00117318907374
0.00117318907374
0.00117318907374
0.00117318907374
0.00117318907374
0.00117318907374
0.00117318907374
0.00117318907374
0.00117318907374
0.00117028592914
0.00117028592914
0.00117028592914
0.00117028592914
0.00117028592914
0.00117028592914
0.00117028592914
0.00117028592914
0.00117028592914
0.00117028592914
0.00117028592914
0.00117024553549
0.00117024553549
0.00117024553549
0.00117024553549
0.00117024553549
0.00117020566644
0.00117020566644
0.00117020566644
0.00117020566644
0.00117020566644
0.00117020566644
0.00116711802756
0.00116711802756
0.00116711802756
0.00116707867295
0.00116401897651
0.00116401897651
0.00116401897651
0.00116401897651
0.00116401897651
0.00116401897651
0.00116401897651
0.00116401897651
0.00116401897651
0.00116401897651
0.00116398012644
0.00116398012644
0.00116398012644
0.00116398012644
0.00116398012644
0.00116398012644
0.00116398012644
0.00116398012644
0.00116398012644
0.00116398012644
0.00116398012644
0.00116398012644
0.00116398012644
0.00116398012644
0.00116398012644
0.00116398012644
0.00116398012644
0.00116394177128
0.00116394177128
0.00116394177128
0.00116394177128
0.00116394177128
0.00116394177128
0.00116394177128
0.00116394177128
0.00116394177128
0.00116394177128
0.00116394177128
0.00116394177128
0.00116394177128
0.00116090963967
0.00116090963967
0.00115790470207
0.00115790470207
0.00115790470207
0.00115790470207
0.00115790470207
0.00115790470207
0.00115790470207
0.00115790470207
0.00115790470207
0.00115790470207
0.00115790470207
0.00115790470207
0.00115790470207
0.00115790470207
0.00115790470207
0.00115790470207
0.00115790470207
0.00115790470207
0.00115790470207
0.00115790470207
0.00115790470207
0.00115790470207
0.00115790470207
0.00115790470207
0.00115790470207
0.00115790470207
0.00115790470207
0.00115790470207
0.00115790470207
0.00115790470207
0.00115786683241
0.00115786683241
0.00115786683241
0.00115786683241
0.00115786683241
0.00115786683241
0.00115786683241
0.00115786683241
0.00115488872461
0.00115488872461
0.00115488872461
0.00115488872461
0.00115488872461
0.00115488872461
0.00115488872461
0.00115488872461
0.00115189969557
0.00115189969557
0.00115189969557
0.00115189969557
0.00115189969557
0.00115189969557
0.00115189969557
0.00115189969557
0.00115189969557
0.00115189969557
0.00115189969557
0.00115189969557
0.00115189969557
0.00115189969557
0.00115189969557
0.00115189969557
0.00115189969557
0.00115189969557
0.00115189969557
0.00115189969557
0.00115189969557
0.00115189969557
0.00115189969557
0.00115189969557
0.00115189969557
0.00115189969557
0.00115189969557
0.00115189969557
0.00115189969557
0.00115189969557
0.00115186276968
0.00115186276968
0.00115186276968
0.00115186276968
0.00115186276968
0.00115186276968
0.00115186276968
0.00114899398182
0.00114899398182
0.00114899398182
0.00114899398182
0.00114899398182
0.00114899398182
0.00114899398182
0.00114899398182
0.00114899398182
0.00114895751463
0.00114895751463
0.00114895751463
0.00114895751463
0.00114895751463
0.00114895751463
0.00114895751463
0.00114895751463
0.00114895751463
0.00114895751463
0.00114895751463
0.00114895751463
0.00114895751463
0.00114895751463
0.00114895751463
0.00114895751463
0.00114895751463
0.00114895751463
0.00114895751463
0.00114895751463
0.00114895751463
0.00114895751463
0.00114895751463
0.00114895751463
0.00114895751463
0.00114895751463
0.00114895751463
0.00114895751463
0.00114895751463
0.00114895751463
0.00114895751463
0.00114895751463
0.00114895751463
0.00114895751463
0.00114895751463
0.00114895751463
0.00114895751463
0.00114895751463
0.00114895751463
0.00114895751463
0.00114895751463
0.00114895751463
0.00114895751463
0.00114895751463
0.00114895751463
0.00114895751463
0.00114895751463
0.00114895751463
0.00114895751463
0.00114895751463
0.00114895751463
0.00114895751463
0.00114895751463
0.00114895751463
0.00114895751463
0.00114895751463
0.00114895751463
0.00114895751463
0.00114895751463
0.00114895751463
0.00114895751463
0.00114895751463
0.00114895751463
0.00114895751463
0.00114895751463
0.00114895751463
0.00114895751463
0.00114895751463
0.00114895751463
0.00114895751463
0.00114895751463
0.00114895751463
0.00114895751463
0.00114895751463
0.00114895751463
0.00114895751463
0.00114895751463
0.00114895751463
0.00114895751463
0.00114895751463
0.00114895751463
0.00114895751463
0.00114895751463
0.00114895751463
0.00114892149766
0.00114892149766
0.00114892149766
0.00114892149766
0.00114892149766
0.00114892149766
0.00114892149766
0.00114892149766
0.00114892149766
0.00114892149766
0.00114892149766
0.00114892149766
0.00114892149766
0.00114892149766
0.00114892149766
0.00114892149766
0.00114892149766
0.00114892149766
0.00114892149766
0.00114892149766
0.00114892149766
0.00114892149766
0.00114892149766
0.00114892149766
0.00114892149766
0.00114892149766
0.00114892149766
0.00114892149766
0.00114892149766
0.00114892149766
0.00114892149766
0.00114892149766
0.00114892149766
0.00114892149766
0.00114892149766
0.00114892149766
0.00114892149766
0.00114892149766
0.00114892149766
0.00114892149766
0.00114892149766
0.00114892149766
0.00114892149766
0.00114892149766
0.00114892149766
0.00114892149766
0.00114892149766
0.00114892149766
0.00114892149766
0.00114892149766
0.00114892149766
0.00114892149766
0.00114892149766
0.00114892149766
0.00114892149766
0.00114892149766
0.00114892149766
0.00114892149766
0.00114892149766
0.00114892149766
0.00114892149766
0.00114892149766
0.00114892149766
0.00114892149766
0.00114892149766
0.00114892149766
0.00114892149766
0.00114892149766
0.00114892149766
0.00114892149766
0.00114892149766
0.00114892149766
0.00114892149766
0.00114892149766
0.00114892149766
0.00114892149766
0.00114892149766
0.00114892149766
0.00114892149766
0.00114892149766
0.00114892149766
0.00114892149766
0.00114892149766
0.0011459959826
0.00114596040755
0.00114596040755
0.00114596040755
0.00114596040755
0.00114596040755
0.00114596040755
0.00114596040755
0.00114596040755
0.00114596040755
0.00114596040755
0.00114596040755
0.00114596040755
0.00114596040755
0.00114596040755
0.00114596040755
0.00114596040755
0.00114596040755
0.00114596040755
0.00114596040755
0.00114596040755
0.00114596040755
0.00114596040755
0.00114596040755
0.00114596040755
0.00114596040755
0.00114596040755
0.00114596040755
0.00114596040755
0.00114596040755
0.00114596040755
0.00114596040755
0.00114596040755
0.00114596040755
0.00114596040755
0.00114596040755
0.00114596040755
0.00114596040755
0.00114596040755
0.00114596040755
0.00114596040755
0.00114596040755
0.00114596040755
0.00114596040755
0.00114596040755
0.00114596040755
0.00114596040755
0.00114596040755
0.00114596040755
0.00114596040755
0.00114596040755
0.00114596040755
0.00114596040755
0.00114596040755
0.00114596040755
0.00114596040755
0.00114596040755
0.00114596040755
0.00114596040755
0.00114596040755
0.00114596040755
0.00114596040755
0.00114596040755
0.00114596040755
0.00114596040755
0.00114596040755
0.00114596040755
0.00114596040755
0.00114596040755
0.00114596040755
0.00114596040755
0.00114596040755
0.00114596040755
0.00114596040755
0.00114596040755
0.00114596040755
0.00114596040755
0.00114596040755
0.00114596040755
0.00114596040755
0.00114596040755
0.00114596040755
0.00114596040755
0.00114596040755
0.00114596040755
0.00114596040755
0.00114596040755
0.00114596040755
0.00114596040755
0.00114596040755
0.00114596040755
0.00114596040755
0.00114596040755
0.00114596040755
0.00114596040755
0.00114596040755
0.00114596040755
0.00114596040755
0.00114596040755
0.00114596040755
0.00114596040755
0.00114596040755
0.00114596040755
0.00114596040755
0.00114596040755
0.00114596040755
0.00114596040755
0.00114596040755
0.00114596040755
0.00114596040755
0.00114596040755
0.00114596040755
0.00114596040755
0.00114596040755
0.00114596040755
0.00114596040755
0.00114596040755
0.00114596040755
0.00114596040755
0.00114596040755
0.00114596040755
0.00114596040755
0.00114596040755
0.00114596040755
0.00114596040755
0.00114596040755
0.00114596040755
0.00114596040755
0.00114596040755
0.00114596040755
0.00114596040755
0.00114596040755
0.00114596040755
0.00114596040755
0.00114596040755
0.00114596040755
0.00114596040755
0.00114596040755
0.00114596040755
0.00114596040755
0.00114596040755
0.00114596040755
0.00114596040755
0.00114596040755
0.00114596040755
0.00114596040755
0.00114596040755
0.00114596040755
0.00114596040755
0.00114596040755
0.00114596040755
0.00114596040755
0.00114596040755
0.00114596040755
0.00114596040755
0.00114596040755
0.00114596040755
0.00114596040755
0.00114596040755
0.00114596040755
0.00114596040755
0.00114596040755
0.00114596040755
0.00114596040755
0.00114596040755
0.00114596040755
0.00114596040755
0.00114596040755
0.00114596040755
0.00114596040755
0.00114596040755
0.00114596040755
0.00114596040755
0.00114596040755
0.00114596040755
0.00114596040755
0.00114596040755
0.00114596040755
0.00114596040755
0.00114596040755
0.00114596040755
0.00114596040755
0.00114596040755
0.00114596040755
0.00114596040755
0.00114596040755
0.00114596040755
0.00114596040755
0.00114596040755
0.00114596040755
0.00114596040755
0.00114596040755
0.00114596040755
0.00114596040755
0.00114596040755
0.00114596040755
0.00114596040755
0.00114596040755
0.00114596040755
0.00114596040755
0.00114596040755
0.00114596040755
0.00114596040755
0.00114596040755
0.00114596040755
0.00114596040755
0.00114596040755
0.00114596040755
0.00114596040755
0.00114596040755
0.00114596040755
0.00114596040755
0.00114596040755
0.00114596040755
0.00114596040755
0.00114596040755
0.00114596040755
0.00114596040755
0.00114596040755
0.00114596040755
0.00114596040755
0.00114596040755
0.00114596040755
0.00114596040755
0.00114596040755
0.00114596040755
0.00114596040755
0.00114596040755
0.00114596040755
0.00114596040755
0.00114596040755
0.00114596040755
0.00114596040755
0.00114596040755
0.00114596040755
0.00114596040755
0.00114596040755
0.00114596040755
0.00114596040755
0.00114596040755
0.00114596040755
0.00114596040755
0.00114596040755
0.00114596040755
0.00114596040755
0.00114596040755
0.00114596040755
0.00114596040755
0.00114596040755
0.00114596040755
0.00114596040755
0.00114596040755
0.00114596040755
0.00114596040755
0.00114596040755
0.00114596040755
0.00114596040755
0.00114596040755
0.00114596040755
0.00114596040755
0.00114596040755
0.00114596040755
0.00114596040755
0.00114596040755
0.00114596040755
0.00114596040755
0.00114596040755
0.00114596040755
0.00114596040755
0.00114596040755
0.00114596040755
0.00114596040755
0.00114596040755
0.00114596040755
0.00114596040755
0.00114596040755
0.00114596040755
0.00114596040755
0.00114596040755
0.00114596040755
0.00114596040755
0.00114596040755
0.00114596040755
0.00114596040755
0.00114596040755
0.00114596040755
0.00114596040755
0.00114596040755
0.00114596040755
0.00114596040755
0.00114596040755
0.00114596040755
0.00114596040755
0.00114596040755
0.00114596040755
0.00114596040755
0.00114596040755
0.00114596040755
0.00114596040755
0.00114596040755
0.00114596040755
0.00114596040755
0.00114596040755
0.00114596040755
0.00114596040755
0.00114596040755
0.00114596040755
0.00114596040755
0.00114596040755
0.00114596040755
0.00114596040755
0.00114596040755
0.00114596040755
0.00114596040755
0.00114596040755
0.00114596040755
0.00114596040755
0.00114596040755
0.00114596040755
0.00114596040755
0.00114596040755
0.00114596040755
0.00114596040755
0.00114596040755
0.00114596040755
0.00114596040755
0.00114596040755
0.00114596040755
0.00114596040755
0.00114596040755
0.00114596040755
0.00114596040755
0.00114596040755
0.00114596040755
0.00114596040755
0.00114596040755
0.00114596040755
0.00114596040755
0.00114596040755
0.00114596040755
0.00114596040755
0.00114596040755
0.00114596040755
0.00114596040755
0.00114596040755
0.00114596040755
0.00114596040755
0.00114596040755
0.00114596040755
0.00114596040755
0.00114596040755
0.00114596040755
0.00114596040755
0.00114596040755
0.00114596040755
0.00114596040755
0.00114596040755
0.00114596040755
0.00114596040755
0.00114596040755
0.00114596040755
0.00114596040755
0.00114596040755
0.00114596040755
0.00114596040755
0.00114596040755
0.00114596040755
0.00114596040755
0.00114596040755
0.00114596040755
0.00114596040755
0.00114596040755
0.00114596040755
0.00114596040755
0.00114596040755
0.00114596040755
0.00114596040755
0.00114596040755
0.00114596040755
0.00114596040755
0.00114596040755
0.00114596040755
0.00114596040755
0.00114596040755
0.00114596040755
0.00114596040755
0.00114596040755
0.00114596040755
0.00114596040755
0.00114596040755
0.00114596040755
0.00114596040755
0.00114596040755
0.00114596040755
0.00114596040755
0.00114596040755
0.00114596040755
0.00114596040755
0.00114596040755
0.00114596040755
0.00114596040755
0.00114596040755
0.00114596040755
0.00114596040755
0.00114596040755
0.00114596040755
0.00114596040755
0.00114596040755
0.00114596040755
0.00114596040755
0.00114596040755
0.00114596040755
0.00114596040755
0.00114596040755
0.00114596040755
0.00114596040755
0.00114596040755
0.00114596040755
0.00114596040755
0.00114596040755
0.00114596040755
0.00114596040755
0.00114596040755
0.00114596040755
0.00114596040755
0.00114596040755
0.00114596040755
0.00114596040755
0.00114596040755
0.00114596040755
0.00114596040755
0.00114596040755
0.00114596040755
0.00114596040755
0.00114596040755
0.00114596040755
0.00114596040755
0.00114596040755
0.00114596040755
0.00114596040755
0.00114596040755
0.00114596040755
0.00114596040755
0.00114596040755
0.00114596040755
0.00114596040755
0.00114596040755
0.00114596040755
0.00114596040755
0.00114596040755
0.00114596040755
0.00114596040755
0.00114596040755
0.00114596040755
0.00114596040755
0.00114596040755
0.00114596040755
0.00114596040755
0.00114596040755
0.00114596040755
