0.0833319492606
0.220555180004
0.197209344138
0.143232807458
0.181253172829
0.132165592035
0.145015682082
0.15765838066
0.147841626807
0.133831673303
0.136127137911
0.121173515837
0.114246163162
0.118918199152
0.12957587023
0.128068702226
0.12929946209
0.125618539054
0.118776536294
0.116642289299
0.113316284512
0.110252897776
0.106753933584
0.107539266961
0.105177673779
0.110895675543
0.109232756835
0.11160754512
0.109101366808
0.115269367781
0.116559985033
0.119099553576
0.12930856091
0.12781281788
0.126925378278
0.133475475749
0.136902944497
0.134216791431
0.129946384963
0.133094109222
0.134582275104
0.137577007643
0.135638810681
0.138778985659
0.138329758237
0.13711201849
0.135228532902
0.134431093077
0.136606794518
0.137729181373
0.135395227672
0.132186339856
0.133910418421
0.132469720563
0.13050081166
0.131843385385
0.133785588736
0.131029991377
0.135465757656
0.135347293939
0.137417177932
0.137141155401
0.138987779981
0.138679792465
0.138485469494
0.137084739203
0.135435160172
0.134756436503
0.133409354312
0.131993878413
0.132733022196
0.132289961696
0.131659094268
0.132158355965
0.131550270734
0.129984601936
0.128553682419
0.129111216091
0.12814732915
0.126939300746
0.128734477513
0.127416970072
0.12682805817
0.127729278943
0.127003543669
0.126982054177
0.126165528709
0.126564175359
0.126493148001
0.125139621196
0.124588529827
0.123653269179
0.123427007887
0.124008044533
0.126030792228
0.126365777693
0.128120471793
0.128596599924
0.12803329472
0.128073637484
0.126630261519
0.127800834454
0.128578904104
0.128457733601
0.126875436016
0.126225615085
0.125668207272
0.126592231273
0.124932806755
0.125302016839
0.123989998777
0.122928693163
0.123319297923
0.124189569022
0.125295264084
0.125925823113
0.125676049396
0.126020047526
0.125511830888
0.124772676001
0.124888311835
0.125305297614
0.124527072143
0.123622698147
0.122326010769
0.123109070705
0.124705849686
0.125534627696
0.125719692968
0.126440178701
0.126376617818
0.127164180307
0.128333497285
0.127844328697
0.128553287744
0.12905799234
0.127999747054
0.128174740342
0.127237630344
0.127036832212
0.127585599611
0.12760768233
0.127264732017
0.127542341296
0.130216778235
0.129957981428
0.131134671505
0.131654089384
0.132030455191
0.130973984809
0.130765539583
0.130444587424
0.130605511598
0.131266108399
0.131289686155
0.130325155308
0.131570326083
0.130598183453
0.130281332263
0.129725332883
0.129737524259
0.129823353576
0.129314768024
0.129939352019
0.130239330143
0.130261149405
0.129664556196
0.129131645895
0.128250424718
0.129042451975
0.13021879494
0.130630127784
0.131129920681
0.131192198266
0.131147464065
0.130432198536
0.130852305887
0.130145116195
0.130203458938
0.130020222668
0.129407966604
0.128828438367
0.129501907475
0.129577059039
0.129740712487
0.129332942007
0.129036215483
0.128448010154
0.128135761225
0.128739794487
0.128979261801
0.128627205359
0.128104773846
0.127730436057
0.128294826436
0.127628875239
0.12851260578
0.129100259219
0.129036552702
0.129029725875
0.128489070397
0.128224003593
0.127605238082
0.12764712648
0.127951098927
0.127451434302
0.127979844759
0.12735661626
0.127532737784
0.127165771944
0.126865210039
0.127345627022
0.127310164669
0.127364712077
0.127577335227
0.127819035781
0.127305029367
0.127340546491
0.126925020709
0.12656079124
0.126484696527
0.127047394016
0.126367245286
0.126707643637
0.127104793128
0.126584796485
0.126652644739
0.126075696917
0.125752041467
0.125751130237
0.125539612519
0.126315845274
0.125928672293
0.125862167575
0.12551485702
0.125042747558
0.124844208641
0.124861019498
0.125084929244
0.124576754182
0.124168506072
0.124193370254
0.124285628273
0.125876857487
0.12568082775
0.126051256578
0.126148756742
0.126549056444
0.127181123937
0.12680439651
0.126807271407
0.127068400278
0.126786533045
0.126380985189
0.125909630043
0.126026673336
0.125470193623
0.125261786158
0.125245428364
0.125257411923
0.12524820232
0.125076369409
0.125021875535
0.125249827869
0.124814827326
0.125337446317
0.125002097655
0.124957508448
0.124985870794
0.124698276741
0.124205502084
0.123868548914
0.124120926574
0.123813840068
0.12356740699
0.124271797176
0.123842935815
0.123383809628
0.124027945238
0.123803550189
0.124065259911
0.124324280667
0.123803201792
0.123305968605
0.123009885285
0.123155634051
0.122888026185
0.123043019129
0.122710154571
0.122357889279
0.122283747122
0.121990550356
0.121945651153
0.121520175576
0.121737504791
0.122478156435
0.122020381396
0.121543511107
0.121733815851
0.121848272035
0.121627982901
0.121773809679
0.122587698133
0.123062136528
0.122810410614
0.122874654223
0.122772944686
0.123124653418
0.123192797036
0.123309651728
0.123516954524
0.12351908338
0.123287000562
0.123104769086
0.123090324431
0.122991615196
0.122780158292
0.122335305971
0.122445879658
0.122354234923
0.123044707117
0.122618007263
0.122691554011
0.122516476657
0.122380676755
0.122499288885
0.122473377894
0.122699518656
0.122719188969
0.122662767398
0.122694346626
0.122857203517
0.122999093213
0.123391799504
0.123412149288
0.122915948311
0.122980942896
0.122570293712
0.122356860197
0.122794231219
0.122839480448
0.122863302149
0.123596214301
0.123580682011
0.123195723771
0.12405330747
0.124207418866
0.123911718793
0.123774465536
0.123847333064
0.124798392086
0.12452725801
0.124936967729
0.124663366208
0.124482517007
0.124021866512
0.123615821828
0.123593205451
0.123530440295
0.123581374586
0.123452972508
0.123710757994
0.123922923946
0.123650470566
0.12420211802
0.124399054148
0.124106378829
0.124685658216
0.12451725206
0.124170347557
0.124401300931
0.124202617718
0.124048695051
0.123845488907
0.123782258338
0.123722283116
0.123592707375
0.123791238163
0.12385625816
0.123477453378
0.123566801595
0.123719229688
0.123274683729
0.123397691327
0.123239766001
0.123096550168
0.122788250867
0.122830440186
0.122620063717
0.122574263892
0.122395421328
0.122668624256
0.123023125932
0.122995749012
0.122802935187
0.123175952371
0.12306274838
0.122923489455
0.122789280088
0.122972279929
0.123057187552
0.123116356149
0.122967911673
0.12319045662
0.12308384421
0.123734600694
0.124040900255
0.124286216344
0.124553413578
0.12434801405
0.124253704281
0.124608667935
0.12469548068
0.124544771776
0.124304515517
0.124279372495
0.124052810174
0.12397120834
0.124409774477
0.124955005519
0.125116403184
0.125147343148
0.125052999816
0.124851604933
0.125337747839
0.125487405788
0.125965974324
0.126176944857
0.126291760395
0.126200990571
0.126076095835
0.126151272362
0.12638244236
0.126611436419
0.126884674525
0.126867884688
0.126541979319
0.126369824059
0.126170360611
0.126451028939
0.126805925012
0.127013285036
0.127408007184
0.127169803152
0.127316905889
0.127861243834
0.127909090414
0.128055079412
0.128160608551
0.128087444068
0.128073856844
0.128294437597
0.128305159135
0.128331018478
0.128731296576
0.128655258775
0.128620803069
0.128657538886
0.128566118947
0.12836849081
0.128209111068
0.128199248817
0.128049788566
0.128360236059
0.128298145601
0.128832191413
0.129011284504
0.12912800603
0.128851985553
0.129313561523
0.129600752925
0.129765793769
0.129582604783
0.129463176909
0.129776001041
0.129769651118
0.129678745389
0.129526362616
0.129400776424
0.129418069667
0.129236493596
0.129181165367
0.129470610125
0.129479564466
0.129416870231
0.12940552624
0.129180541012
0.129178848429
0.129311173874
0.129536615112
0.129489414601
0.129585254213
0.129452173233
0.129597442688
0.129571436621
0.129403214394
0.129121355133
0.128900780188
0.128713828524
0.128525580359
0.128300696784
0.128062359398
0.128077316807
0.128045689868
0.127939666771
0.128024703738
0.128093574382
0.128355293244
0.128336559537
0.12846684717
0.128257350961
0.127931471078
0.128021583936
0.128368771979
0.128345246338
0.128260331443
0.128079270778
0.12824241626
0.128001281598
0.127814091718
0.127882616239
0.127806771565
0.127778397196
0.12768459221
0.127996493148
0.128014739266
0.128116156194
0.12784783484
0.1278002703
0.128092455229
0.127899703653
0.127624629073
0.127320425853
0.127013123078
0.127015847086
0.127138803948
0.127393513542
0.127179278413
0.127369478255
0.127734251777
0.127884289694
0.128023148797
0.128067183154
0.12781756589
0.127719457737
0.127945066903
0.127673130699
0.127463483297
0.127603292841
0.127524279332
0.127512041205
0.127506421097
0.127469344036
0.127357589039
0.127326558483
0.127286965534
0.127176914576
0.127124741018
0.127215823879
0.127312318061
0.127409033869
0.127432619859
0.127533800518
0.127417120745
0.127202389679
0.127201043084
0.127227513834
0.127750080963
0.12792095497
0.127768078781
0.128179338249
0.128416403635
0.128422954385
0.12847216829
0.12842984621
0.12821149146
0.128273785334
0.128291516768
0.128226090434
0.128285428472
0.128368070906
0.128469427043
0.128339659986
0.12855406627
0.128464871326
0.12870533822
0.128620748681
0.128622128956
0.128792346902
0.128649816184
0.128685984204
0.128672461957
0.128630666499
0.128523048053
0.128618673711
0.128600810554
0.128643507193
0.128409685386
0.128288373257
0.128247674814
0.128475438398
0.128475828426
0.12847248043
0.128439194398
0.128321152441
0.128094540738
0.128092397668
0.128099201632
0.127884980364
0.127884715542
0.127909529427
0.127790952577
0.127792625714
0.127866199678
0.12774767336
0.127921828073
0.127757318127
0.12778716722
0.127625516546
0.127681798403
0.127584442815
0.127356256448
0.127207023232
0.127054718551
0.127053882722
0.127064222637
0.127077331296
0.127110260311
0.127104748034
0.126949990557
0.126764164791
0.126687243334
0.126771534237
0.12685564256
0.126770465583
0.126715764644
0.126921812926
0.12706208836
0.127203829938
0.127153984326
0.12710938217
0.127029986479
0.127130596511
0.127170036296
0.127352320699
0.127388881893
0.12717270319
0.12708302375
0.127340160944
0.127467834292
0.127467860772
0.127242233279
0.12702655675
0.127373986223
0.127310787458
0.12739109838
0.127352706726
0.127227555337
0.127247206994
0.12739986817
0.127355076458
0.127433805255
0.127441222592
0.12752043958
0.12775186566
0.12768480332
0.127886267763
0.127983086339
0.12826586375
0.128290329063
0.128219066173
0.128214810815
0.128143752292
0.128372532515
0.128302816965
0.128616872659
0.128847140666
0.128853367179
0.128705899573
0.128542746707
0.128562177113
0.128738229766
0.128692466149
0.12868035472
0.128828298952
0.128703757488
0.128720715872
0.128604455226
0.128512256972
0.128464094207
0.128399383179
0.128331646307
0.128386437158
0.128714221792
0.128682769661
0.128864566854
0.129078971325
0.129081308829
0.128953607266
0.128901412775
0.12890020687
0.129205454533
0.12918488278
0.129153588482
0.129083216181
0.129018752906
0.129182444876
0.129143731497
0.129310436485
0.129467218034
0.129314973325
0.129239926176
0.129252521441
0.129230149711
0.129125376973
0.129154792737
0.129241579322
0.129159102157
0.129317449808
0.12949320591
0.129429208609
0.129360669416
0.129198125495
0.129063640001
0.128942449463
0.12900218799
0.129076788217
0.129019244459
0.128926399388
0.128963937157
0.128965206098
0.128915452041
0.128799625219
0.128735406786
0.128564203243
0.128487960832
0.12845920724
0.128571409532
0.128566661766
0.128390984625
0.128504941154
0.128339795839
0.128253220535
0.128113125117
0.128075963983
0.127875484545
0.128149702866
0.128124619315
0.128143146755
0.128104336151
0.128148329386
0.128098577709
0.128538701288
0.12862808596
0.128434009459
0.128491696637
0.128416137519
0.128383625787
0.128258667651
0.128304858754
0.128212550527
0.12837483164
0.128497803776
0.1283294003
0.128298429729
0.128143815188
0.128387506941
0.128384022559
0.128501782722
0.128766600634
0.128730489279
0.128822946234
0.128792800307
0.128648603756
0.128608683895
0.128549711148
0.128715480228
0.128783969352
0.128676177487
0.128615481397
0.128833493888
0.128892830534
0.128740449425
0.128818764899
0.128750603626
0.128728485549
0.12858067757
0.128817751465
0.129149412746
0.12899690702
0.128841148115
0.129009290476
0.12906680736
0.129076572289
0.129395364263
0.129358053338
0.129510987173
0.129404658413
0.129395670715
0.129367826294
0.129222598027
0.129169543165
0.129008266593
0.129011265587
0.129168760991
0.129153607374
0.129094589143
0.129083550297
0.129014320392
0.128853219274
0.128701897603
0.12889753917
0.128755992767
0.128710994358
0.128682313236
0.128711739838
0.128821107387
0.1287590822
0.129139772874
0.129066111712
0.129084588354
0.129097548857
0.129038609684
0.129111224214
0.129105692308
0.129321988222
0.129513251437
0.129484941587
0.129532269433
0.129660513236
0.129629360327
0.12975574753
0.129666110941
0.129684473327
0.129722398235
0.129591565426
0.129513763167
0.129353703074
0.129176846836
0.129310970742
0.129331060546
0.129213984366
0.129349718317
0.129227412083
0.129220848719
0.129315694338
0.129423650968
0.12957958101
0.129689386171
0.129627468056
0.129541774027
0.129455585131
0.129500192864
0.129611734938
0.129777286002
0.129788471357
0.129722816192
0.129776733178
0.129811420379
0.129655052708
0.129608694026
0.129475916573
0.129467681194
0.12942350382
0.129390798335
0.129491061194
0.129549959201
0.129453553554
0.129304515583
0.129192317008
0.129084552998
0.129106952651
0.129100827526
0.12909298593
0.128976620577
0.128991533299
0.128992435058
0.129044947843
0.129056192965
0.129261175321
0.129225970753
0.129141970653
0.12926359017
0.129192462512
0.129330483925
0.129315296296
0.129187154345
0.129412722471
0.129402656076
0.129583000544
0.129631112705
0.129830004509
0.129918342964
0.129858434683
0.129915985232
0.129844036923
0.129849622017
0.129757850801
0.129918118611
0.129909462972
0.129801433519
0.129727597992
0.129636298207
0.129590583753
0.129535761154
0.129611748857
0.129942154628
0.130020376947
0.130283355851
0.130162270255
0.130067231272
0.130083317584
0.130030744351
0.129985721209
0.130003569785
0.129872048939
0.12974345687
0.129646241654
0.129633999943
0.12975778626
0.129749166144
0.129626077681
0.129511751896
0.129491824068
0.129436535589
0.129503130344
0.129611320149
0.129684250523
0.129575572083
0.129469107025
0.129594677189
0.129487670712
0.129488633308
0.129564886767
0.12952678952
0.129386289583
0.129506058329
0.129561562563
0.12942592217
0.129403197961
0.129339869816
0.129260105025
0.12929357271
0.129435684241
0.129365117639
0.129395100823
0.129480182904
0.12938878492
0.129314535202
0.129401307609
0.129355705455
0.129416313001
0.129463767312
0.129542989537
0.129498513071
0.129466101516
0.129454523545
0.1294188349
0.12929409451
0.129272252316
0.129177331331
0.129191627915
0.129242072346
0.12927328777
0.129248427859
0.129343995628
0.129189357101
0.129103009576
0.129220730282
0.12936834398
0.129484646663
0.129525801592
0.129574022771
0.129446991494
0.129561459122
0.129487186215
0.129434455444
0.129338648142
0.129204664926
0.129151917294
0.129346910229
0.129284483393
0.12923718343
0.129166841507
0.129146062659
0.129560496887
0.12943364089
0.129464771677
0.129493502354
0.129762772296
0.129803895878
0.129863202672
0.129936733711
0.129926914895
0.129916940288
0.129903945723
0.129963873632
0.129832784328
0.129804155868
0.130014215348
0.129971254265
0.129951430707
0.130032494819
0.129915408131
0.130012025343
0.129926336342
0.129791673372
0.129671625286
0.129720632963
0.12962294788
0.12950000641
0.129467576609
0.129413886
0.129402388468
0.129306927174
0.129284544251
0.129219025541
0.129208983549
0.129139972248
0.129040425266
0.129201951736
0.129261893807
0.129227254977
0.12926569083
0.129283615332
0.129264264063
0.129313731445
0.129263068835
0.129404755892
0.129516589152
0.129468162645
0.129499278839
0.129471203964
0.129411243461
0.129419871627
0.129561562881
0.129660146415
0.129621053143
0.129701668665
0.129751854533
0.129657178355
0.129592978039
0.129494372825
0.12945149067
0.129348363362
0.129416408878
0.129575567023
0.129606060892
0.129571287113
0.129550371911
0.129646277403
0.129686042906
0.129673956424
0.129800284217
0.129789114092
0.129822823385
0.129901095281
0.129766566725
0.129923170028
0.129895401367
0.130015887301
0.130055589397
0.129994878743
0.129892762535
0.129787343422
0.129907640538
0.129949640499
0.129883034016
0.129923576985
0.130087795354
0.129991567056
0.130025025084
0.129918087255
0.129813611666
0.129751342788
0.129682501728
0.129648700731
0.129602692878
0.129662193212
0.129775101613
0.129918516728
0.129886171814
0.12982685263
0.129786472246
0.129793237235
0.129915812157
0.129994893453
0.129862510593
0.12993309209
0.130019091161
0.130055114732
0.130122819562
0.13009669779
0.129992494156
0.13002471105
0.129904458664
0.129797830006
0.129777073971
0.129774306835
0.129823949976
0.129786752437
0.129761593335
0.129913003155
0.130021243042
0.130025560233
0.130270065772
0.130144804131
0.130196724648
0.130142797138
0.130248998594
0.130187944642
0.130074673568
0.130131079544
0.130017106478
0.130034961496
0.130031249501
0.13006057642
0.130003170704
0.129932540175
0.130140891546
0.130150085638
0.130122331051
0.130156113421
0.130348002877
0.130349197558
0.130312892368
0.130250559665
0.130219013395
0.130471472701
0.130497567962
0.130642210792
0.130558191309
0.130464072739
0.130533817018
0.130665069646
0.130619398855
0.130529427004
0.130490347813
0.130496832367
0.130527424205
0.130506070538
0.130424160814
0.13046211674
0.130388340432
0.130290790767
0.130226178714
0.130350142049
0.13029560658
0.130466498316
0.130512388744
0.130545742631
0.130508922607
0.130473979341
0.130419490876
0.130447703266
0.130437710827
0.13032914774
0.130493034594
0.130467367852
0.130459132674
0.130489643471
0.130470699558
0.130450356279
0.130499476547
0.130391437916
0.130265420565
0.130398570474
0.130325033125
0.130324745414
0.130341266184
0.130460068068
0.130464920386
0.130566238894
0.130573290318
0.130570162844
0.13071782279
0.130595115041
0.130594171591
0.130605702112
0.130586844151
0.130503637163
0.130413938661
0.130493157059
0.130481930318
0.13049013839
0.130473772326
0.130575159506
0.130603461767
0.130670443133
0.130563788907
0.13056916336
0.130493000112
0.130427584887
0.130464432627
0.130399503055
0.130318750047
0.130338846746
0.130447135057
0.130491372966
0.130476431866
0.13049405215
0.130514303845
0.130552334239
0.130531741849
0.130524642138
0.130554877527
0.13053800764
0.130657787023
0.130656095515
0.130718235071
0.130722952358
0.130702904184
0.13059373264
0.130669723939
0.130800281342
0.130774128885
0.130692946216
0.130702193561
0.13082955746
0.130997700893
0.131009367275
0.131001030385
0.130965738672
0.131027909019
0.130974687889
0.130881592469
0.130865707317
0.130854833734
0.130962509384
0.130948547543
0.130907482486
0.130891284762
0.130988981338
0.131034021271
0.131106220346
0.130993237474
0.13091793976
0.130880118806
0.130852560719
0.13088480744
0.13082919674
0.130843550721
0.130773982576
0.130763724904
0.130742545257
0.13085783024
0.130885666285
0.130809464021
0.130788093036
0.130694285357
0.130820414412
0.130845328696
0.130793860317
0.13080971583
0.130808767806
0.131034497732
0.130993810927
0.1309810598
0.130930889858
0.130995386608
0.130953012704
0.130953835507
0.130897005868
0.130911973857
0.130946028281
0.130878034777
0.130853535876
0.130886192286
0.130990398376
0.130989893079
0.130977267353
0.13088116511
0.130785499692
0.130865460547
0.13079676664
0.130728044033
0.130613946399
0.130695543584
0.130617679307
0.130503976553
0.130394537821
0.130443359913
0.130460473539
0.130431054097
0.130470456975
0.130357469478
0.130368022418
0.130370398374
0.130362413511
0.130433663846
0.130333544479
0.130462322243
0.130373118912
0.130297108981
0.130387006819
0.130417000049
0.130502874124
0.130575195417
0.130642714344
0.130654544047
0.130736004202
0.130780682719
0.130755227284
0.130804962363
0.130739409516
0.130631771631
0.130533144805
0.130599566339
0.130579255776
0.130509619098
0.13055305065
0.130549446346
0.130520409124
0.130552964571
0.130645185065
0.130686761713
0.130595289646
0.13057683099
0.130518198976
0.130511639074
0.130460713655
0.130427006881
0.130489515715
0.13055472726
0.130553618331
0.13060388147
0.130516719043
0.130550937814
0.13068390393
0.130734878084
0.130675418952
0.130682390922
0.130688284065
0.13062488103
0.130558037177
0.130522380644
0.130437975812
0.130497714022
0.130524483319
0.13047407599
0.130448731267
0.130340976916
0.130440846071
0.13038579341
0.130400426016
0.130426381251
0.130406369758
0.130548818077
0.130465931904
0.130421794489
0.130399526169
0.130316474727
0.130301143624
0.130286515951
0.13018003742
0.130154861154
0.130209670448
0.130105034626
0.130135091893
0.130160983155
0.130248597195
0.130218275444
0.130181310187
0.130124227146
0.130096674401
0.130016706107
0.130008618834
0.129992530992
0.129926996841
0.129858255074
0.129780587045
0.129808311054
0.129842321955
0.129923283606
0.130022592873
0.129988973697
0.129888894784
0.129875902908
0.129877247083
0.12994333146
0.129846266132
0.129947554422
0.129928436728
0.129867713796
0.129934625619
0.129912979315
0.129943738055
0.130032563013
0.130050050958
0.130161234033
0.13017185644
0.130071234549
0.130068925191
0.129985028049
0.130003339745
0.130071990874
0.130129371836
0.130075690979
0.130091437417
0.130094840084
0.130022919111
0.130001599969
0.130036793057
0.129974822549
0.129992241384
0.129953949628
0.129953045224
0.130048820883
0.130031930386
0.129942174494
0.12988929355
0.129854980084
0.129906100946
0.129916946021
0.12986630363
0.129902949779
0.129958907437
0.129929709628
0.130085338217
0.130057138941
0.130024343895
0.13001015234
0.12991031849
0.129895342269
0.129935300969
0.129981170758
0.129948769145
0.12994713735
0.129950159438
0.129967913224
0.129873060579
0.129827355128
0.129803644954
0.129800821712
0.129817244096
0.129879243252
0.129825274332
0.129788577904
0.129809934102
0.129766865667
0.129777478506
0.129686161047
0.129637510404
0.129550670674
0.129661177683
0.129652042651
0.129655102472
0.129687928627
0.129769487356
0.129816461946
0.129786560462
0.129812783956
0.129930778514
0.129970969182
0.130127378223
0.130129038652
0.130114213795
0.130252768983
0.130258976557
0.130273232238
0.130314671257
0.130278712594
0.130246692889
0.130261575195
0.130271688247
0.130312141525
0.130319594185
0.130279386316
0.130345439933
0.130515115509
0.130549223591
0.130532628074
0.130563266788
0.130500637927
0.130461900488
0.130364865408
0.130349257421
0.130403599484
0.13045686351
0.130459332191
0.130436805311
0.130367527694
0.130330545926
0.130372266092
0.130395469339
0.130342953856
0.130358283175
0.130333012285
0.130329515235
0.130443356318
0.130434532351
0.130493868531
0.130436252891
0.130421835358
0.130385504209
0.130345828353
0.130337762941
0.13035756321
0.13036806683
0.130378584778
0.130361438401
0.130285676589
0.130239725524
0.130242670907
0.130321302198
0.130366404015
0.130423943665
0.130417444631
0.130392178032
0.130420925755
0.130353785129
0.130517665785
0.130489279866
0.130648041907
0.130596086536
0.130586021339
0.130570382462
0.130580844567
0.13051544585
0.130458622216
0.130412154247
0.130381050616
0.130372108087
0.130373221213
0.13038922311
0.130367106062
0.130328839296
0.130404706495
0.13044921559
0.130543930555
0.130542732517
0.130567107952
0.130552536717
0.130632496552
0.130544269664
0.130563224579
0.130592864418
0.130620046172
0.130680945214
0.130652541585
0.130631299395
0.130550998856
0.130466263223
0.130549125255
0.130593189605
0.130558957417
0.130583293056
0.130677028436
0.130631029433
0.13063965617
0.130691611592
0.130734581769
0.130726887019
0.130769121674
0.13086205813
0.130813438625
0.130768492382
0.130702507437
0.130742733856
0.130713193105
0.130673153206
0.130623315021
0.130634144449
0.130573117595
0.130551766471
0.130487644696
0.130480548347
0.130470708773
0.130473888505
0.130457759737
0.130501295338
0.130446934159
0.130402646705
0.130419849889
0.130385120665
0.130362067474
0.130444752012
0.130469159308
0.130397549171
0.130488633762
0.130537158424
0.130529843711
0.130587535921
0.130585367726
0.130679450252
0.130625823517
0.130556647887
0.130630258514
0.130591019785
0.130615684036
0.130613907335
0.130597513678
0.130629908613
0.130666459619
0.130744329986
0.130913247372
0.130868706736
0.13083714327
0.130781168128
0.130820883272
0.130778093496
0.130781667475
0.130806111286
0.13085517644
0.1308014947
0.13084063895
0.130973502281
0.131009799357
0.131061531092
0.131008430009
0.131044869384
0.131053732849
0.131077507455
0.131048579628
0.131073926261
0.131133285055
0.131174247356
0.1311488945
0.131148681791
0.131166062398
0.13112289881
0.131094612255
0.131132400166
0.131173538928
0.131097832175
0.131100823945
0.131090719015
0.131074426719
0.131076882187
0.130994128838
0.130943124715
0.1310340159
0.131068171051
0.131053960766
0.131101471516
0.131142574326
0.131109346218
0.13104984755
0.131064483339
0.131099691151
0.13110040841
0.13114661136
0.131252528969
0.131247164472
0.131259466998
0.131297635722
0.131310744286
0.13134644222
0.131511514345
0.131561823177
0.1316061754
0.131655774787
0.131719357094
0.131681103944
0.131630575602
0.131568418473
0.131483707078
0.131445892724
0.131374819088
0.131476685081
0.131435570055
0.131417105358
0.131353312284
0.131371212093
0.13130839335
0.131328152547
0.131285276255
0.131344128029
0.131260505911
0.131218653903
0.131161650469
0.131110761773
0.131175165156
0.131130290399
0.131092449073
0.131080394898
0.131060988386
0.131084035728
0.131099852812
0.131119204697
0.131097953998
0.131076934831
0.131089665613
0.131093969088
0.131063232251
0.131064725369
0.131068644178
0.131080432996
0.131069649904
0.131060571568
0.131098336496
0.131083020712
0.131093682846
0.131071829165
0.131014659494
0.130974960546
0.131003105724
0.13099587449
0.130984873153
0.130916102354
0.130886692758
0.130872240601
0.130931360723
0.13098901625
0.130937679959
0.130982239646
0.130937514921
0.130916097493
0.131034520628
0.131024798241
0.131049458528
0.131082601975
0.131057729396
0.131050956105
0.131046729394
0.130988657298
0.130968712216
0.130929076126
0.131007890247
0.13114435647
0.131199036617
0.131202456691
0.13118575684
0.131210568621
0.131291094427
0.131359321239
0.131481985194
0.131455845336
0.131403374201
0.131392661842
0.131378097845
0.131372066659
0.131385535775
0.131386323929
0.131566265208
0.131590686248
0.131562776381
0.131520311807
0.131533932223
0.131483802781
0.131402103431
0.131367005247
0.131308114955
0.131277061605
0.131204872639
0.131242518615
0.131170495476
0.131094069547
0.131091187717
0.131025077232
0.131050507879
0.131075972868
0.131059014956
0.131081003959
0.131046028441
0.130970152572
0.130971324139
0.131057125073
0.131059419395
0.131001330913
0.131027593067
0.130997134986
0.131064124898
0.131122932968
0.131068601739
0.131058757789
0.131073164537
0.1310655073
0.13113112439
0.131125066754
0.131052698053
0.131009122352
0.130974897633
0.131028602739
0.131126274486
0.131057232332
0.131008896677
0.131023849322
0.131067349607
0.131077479214
0.131056519177
0.131025545192
0.131081180939
0.131050724567
0.13098585196
0.130948716983
0.130963793911
0.130953917889
0.131019534501
0.130986574155
0.130931955659
0.130942410256
0.130923917198
0.130940166172
0.130917784586
0.13097001807
0.130975359844
0.130995902741
0.130928294806
0.130994509558
0.131037497363
0.13104863733
0.131184078954
0.131146185852
0.131155671032
0.131101404152
0.131045197471
0.130999696879
0.130985185198
0.130947844015
0.130879860477
0.130823488694
0.130875055334
0.130936769677
0.130871343402
0.130841360011
0.130847665813
0.130833080621
0.130821172294
0.130834572114
0.130831053321
0.130795722232
0.130718390129
0.130680551222
0.130752929316
0.130826723812
0.130851393762
0.130866525878
0.130855419563
0.130797291612
0.130880481545
0.130854368397
0.130839905448
0.130792393799
0.130805682601
0.130783918355
0.130863434511
0.130814528575
0.130777605394
0.130770367471
0.130755557984
0.130731693297
0.130761729162
0.130840797839
0.130794805615
0.130810772197
0.130786042022
0.130733799126
0.130756175663
0.130754306475
0.130727592002
0.130833400791
0.130773323941
0.13081998824
0.130886624087
0.130823668891
0.130832483875
0.130835017139
0.130868782521
0.13082146669
0.130816563611
0.130847082879
0.130846635723
0.130901993532
0.130826474459
0.130850395073
0.130863940528
0.130843637138
0.130819793171
0.130876716814
0.130803043039
0.13077379047
0.130743063651
0.130749184564
0.130752157922
0.130737227364
0.130674510151
0.130636322252
0.130688400061
0.130705472609
0.130655705535
0.130591594296
0.1306607241
0.130594552502
0.13059526949
0.130522747523
0.130520992714
0.130520560231
0.130558504904
0.130547303362
0.130535765667
0.130506583323
0.130490664575
0.130442580264
0.1304362291
0.130489100929
0.130453906607
0.130395852746
0.130352007778
0.130404660155
0.130340157716
0.130317231484
0.130347004692
0.130367224872
0.130305744475
0.130312783876
0.130263528947
0.130196208864
0.130201842556
0.130198596755
0.130206981519
0.130133846037
0.130079744355
0.130108241137
0.130096979194
0.130033090717
0.130044304147
0.130059859563
0.130060805004
0.130105499166
0.130106238204
0.1300756405
0.130094548745
0.130097915051
0.130107567784
0.130103762289
0.130128526002
0.130164637766
0.130155955437
0.130154317186
0.130179308753
0.130150050203
0.130089946531
0.130067773641
0.130123292665
0.130128398156
0.130281744359
0.130270050363
0.130210105565
0.130216380415
0.13021481153
0.130169923361
0.130162771721
0.130244762308
0.130204998212
0.130267056311
0.130268802443
0.130229330631
0.130216103445
0.130285594042
0.130251918164
0.130308429515
0.130391756636
0.130382541032
0.13043082897
0.130418962157
0.130410431592
0.130404744095
0.13036677608
0.130321084776
0.130289690492
0.130292040497
0.13031714958
0.130257642213
0.130248809207
0.13023765185
0.130198601265
0.130175542121
0.130169660165
0.130144366722
0.13020084257
0.130247005877
0.130245475731
0.130260039137
0.13021115331
0.13016279975
0.130147496948
0.130091344397
0.130098582141
0.130095549295
0.130071783552
0.130073678595
0.1300615262
0.13010401861
0.130037013576
0.130038310242
0.130018172632
0.12998558104
0.130004933107
0.129949724463
0.129966845739
0.129974595831
0.130029117724
0.130013305633
0.129951957545
0.130001660817
0.13006810029
0.130052035208
0.130048266974
0.130027029753
