0.0
0.0857375
0.0930564991759
0.0737368547516
0.0589894838013
0.0491579031677
0.0421353455724
0.0368684273758
0.0360162579378
0.0368964401791
0.0335422183447
0.0307470334826
0.0283818770609
0.026354600128
0.0245976267861
0.0281509391745
0.026495001576
0.025023057044
0.0244555053119
0.0267244165268
0.0256712052588
0.0275555143733
0.0284777745271
0.0299172397957
0.0287205502038
0.0276159136575
0.0296097918554
0.0304993841212
0.0343298953007
0.0331855654574
0.0383590889338
0.0371603674046
0.036153989889
0.0350906372452
0.0388746058
0.0382685919555
0.040404554801
0.0397564855031
0.0412643908293
0.040258803071
0.0392768810448
0.0383417172104
0.0374500493683
0.0365989118827
0.0357856027297
0.0350435578321
0.0342979502186
0.0336352726737
0.033270836935
0.033189398245
0.0339799823787
0.0350620981022
0.0354737568027
0.0348168353804
0.036001983828
0.0375166288573
0.0372976425435
0.0367192765328
0.0360969159136
0.0354953006484
0.035305510655
0.0347360669347
0.0341847007929
0.0336608150667
0.0331429563734
0.0326407903677
0.0323020326861
0.0330878483819
0.0332904742236
0.0328148960204
0.0324083469129
0.0319582309836
0.0315204469975
0.0330043480248
0.0345001181604
0.0340757311955
0.0347662008073
0.0343204802841
0.0338860438248
0.0340126266128
0.0344117552118
0.0340512393254
0.0347855617431
0.0343714479129
0.0339670779374
0.0335721119149
0.0332001799593
0.032822905187
0.0324541084995
0.032093507294
0.0331472639199
0.0327869675729
0.0348957955154
0.0355585453931
0.0351842449153
0.0348177423641
0.0344587965665
0.0341071761934
0.0337626592622
0.0334735271948
0.0331421061335
0.0328171835243
0.032498570092
0.0322260626811
0.032945171241
0.0331992139079
0.0328889408807
0.0325844136503
0.0322854740755
0.0320360556978
0.0330050146071
0.0327723295125
0.0332031108885
0.0329118555299
0.0334517524383
0.0342304674046
0.0346523010027
0.0353742163508
0.0350769540285
0.0349767403922
0.0360340483534
0.0357386873013
0.0358396661151
0.0355506365496
0.0352950808389
0.0350149611497
0.0347444182613
0.034608237976
0.0344298657601
0.0341650206389
0.0340766888333
0.0338185320997
0.0343161371215
0.0340927079706
0.033840169393
0.0342549475593
0.0340049114457
0.0337584990439
0.0335156321443
0.0338886454862
0.0336483004827
0.0334655272225
0.0333085536826
0.0335149174832
0.0340953404762
0.0338750043906
0.0337195166806
0.0339781647041
0.0337501233303
0.0335251225081
0.0341781194368
0.033998949467
0.0338519159014
0.0336320982656
0.0340086958015
0.0338124000179
0.0336279226454
0.0334150876919
0.0334191196098
0.0332474617092
0.0330507008325
0.0331721002551
0.0329685904376
0.0330160916595
0.0328159941343
0.0332498554618
0.0335960971408
0.0340289192133
0.0338275646617
0.0336285789872
0.0334714307143
0.0332768293729
0.033084477758
0.0328943370813
0.0334103439629
0.033660620977
0.0341292163921
0.0339806467351
0.0343215369768
0.0345891479131
0.0343980476483
0.0342201883465
0.0342425217982
0.0345318339649
0.0350522612972
0.0349114287197
0.0347506635433
0.0345658195883
0.0344236432811
0.0347174662112
0.0345675249866
0.034387485794
0.0344048322938
0.0344732578281
0.0342964718905
0.0342783046195
0.0341586010323
0.0339860828452
0.0341053880214
0.0339486669537
0.0337797681131
0.0339443255442
0.0342216933987
0.0340539399997
0.0338878232192
0.0337701821836
0.0336070412069
0.0334504731265
0.0338826585955
0.0338917631883
0.0338059155973
0.0336464537312
0.0338083465674
0.0336637787745
0.0335072030593
0.0337814263232
0.0337246634203
0.0340318463467
0.033947305963
0.0337930000269
0.0344738888043
0.0343186010169
0.0341681370788
0.0340210205373
0.0345356679728
0.0352411039065
0.0355043589553
0.0355790489852
0.0355133711558
0.035381159485
0.0353036759438
0.0351861019624
0.0356161594393
0.0356710618191
0.0355256126732
0.0353880311135
0.0352387145265
0.0355074547822
0.0353588880258
0.0352236574355
0.0351644000652
0.0351742708488
0.0352066336588
0.035202474407
0.0350739560928
0.034937756924
0.0347963085154
0.0351170661984
0.0354670751288
0.0353252068283
0.035579519946
0.0354383313748
0.0353243342935
0.0352522267373
0.0351398535729
0.0351438721295
0.0352788521197
0.0353720117928
0.0352618738338
0.0355647734784
0.0358519336312
0.0360830941399
0.0360265804888
0.036012666754
0.0360235196735
0.036102537581
0.0362214876545
0.0361285985592
0.0364445578443
0.0363185826611
0.0363256216809
0.0362471783123
0.0365676845811
0.0367471364622
0.0366804290242
0.0366039954469
0.0364887832964
0.0365894735501
0.0364583284836
0.0363469362498
0.0362468528893
0.0362743912367
0.0364578456079
0.0365191169912
0.0363909797386
0.0363550504806
0.0364921717023
0.0363709591835
0.0362657096898
0.0361887626597
0.0360644026506
0.0361309157805
0.0362528248461
0.0364980494247
0.0363809997696
0.0364825200547
0.0363639860753
0.0362419592764
0.0361207487103
0.0360557073425
0.0361495090108
0.0360298086499
0.0361163367935
0.0360047078228
0.0359663437989
0.0362306804843
0.0362057127758
0.0361517851541
0.0360913666309
0.0361626648293
0.0360504952581
0.0359683964299
0.0359192487743
0.0358502052245
0.0357456126567
0.0356623447622
0.0357459566555
0.0356976696301
0.0359912694833
0.0359691606462
0.03596246986
0.0361797274707
0.0360927916924
0.0360865058002
0.0359839576871
0.0359265647996
0.0361852638338
0.0365799593452
0.036784538073
0.0366789069636
0.0368978929874
0.0371174214477
0.0370435594638
0.0371836644427
0.0371055589101
0.0370612585591
0.037177028034
0.0374258091226
0.0377100710568
0.0376217146295
0.0378507858208
0.0377627466668
0.0380055191221
0.0380528904551
0.0379425922219
0.0379543394247
0.0378449609249
0.037844358023
0.0380081696271
0.038200136649
0.0382288572049
0.0382958125067
0.038316250856
0.0384396463736
0.0385697754217
0.0389477907619
0.0388386933088
0.038998099648
0.0391509541156
0.0392819399405
0.0395622421754
0.0396223747743
0.0396918429342
0.039665936399
0.0398664331601
0.0398149800165
0.0397936631771
0.0396999760957
0.0395973473214
0.0398309725849
0.0401232193286
0.0401425884511
0.0400849200699
0.0400056646108
0.0402331016815
0.0402389878625
0.0401975430175
0.0402326604741
0.0401660545768
0.0404499681874
0.0403498864039
0.040271395739
0.0402468119941
0.0402426878548
0.0401785070963
0.0401009971752
0.0400303402613
0.0403442441285
0.0403535036717
0.0405479948767
0.0404628416523
0.040363232329
0.0403068216753
0.0403337126641
0.0404118381994
0.0405987853053
0.0405894696339
0.0405781488995
0.0405385852033
0.0404567948862
0.0404356033141
0.0407887847939
0.0408830386261
0.0408463922948
0.0410805174796
0.0410335429241
0.0410106010655
0.0410609280105
0.0412114184076
0.0412854305148
0.0414146489236
0.0414468791011
0.0415609930767
0.041512161067
0.0416782525003
0.0418383822716
0.0418520649993
0.0421598106427
0.0423034294711
0.0424084851372
0.0423529230611
0.0422717219774
0.0424248377605
0.0424060194132
0.0423498504554
0.0422830389221
0.0424004217648
0.0425127913131
0.0428221642549
0.0430874217511
0.0431736838592
0.043290919058
0.043596888763
0.0436414679022
0.0438501920399
0.0437835537618
0.0438123767365
0.0439443735306
0.0440210931029
0.0439921852215
0.0439624358173
0.043898549814
0.043968457987
0.0439899214098
0.0440607516233
0.0442694245579
0.0441760265158
0.0441329013082
0.0442276395976
0.0443546233288
0.0443912613591
0.0444848595491
0.0445978416587
0.044506735279
0.0445143536511
0.0444679709189
0.0444139364077
0.044552896844
0.044707242323
0.0446576117402
0.0448161556819
0.0448217440104
0.0450300526694
0.0449674988971
0.0452240651344
0.0452622238255
0.0455768596838
0.0458539685968
0.0463882342496
0.0465658179761
0.0465172435921
0.0464879920992
0.0464048119502
0.0465268230592
0.0464653970896
0.0464328005311
0.0465456475415
0.0464605483983
0.0464240402296
0.0467222363942
0.0468637368673
0.0468755168476
0.0468887192383
0.0470390172781
0.0470715867836
0.0472111579063
0.0472231775534
0.0474469026858
0.0474486122717
0.0478922033833
0.0479415000372
0.0480284940978
0.0481479286454
0.0480748116368
0.0483096573728
0.0482572111331
0.0482209316651
0.0481655527088
0.04836207431
0.0487367683969
0.0490032610522
0.0490760524882
0.0490993869105
0.0493213728349
0.0493668246288
0.0494883320509
0.0494805633697
0.0496943487658
0.0496818659111
0.049819002613
0.0498573288448
0.0499852222588
0.0500388516045
0.0501348315458
0.0501806081018
0.0501297847472
0.0502592912971
0.0502389091712
0.0503215566556
0.0507251255893
0.0509089405493
0.0510881646094
0.0510025508665
0.0510388168372
0.0509846818355
0.0511598012314
0.0510909948328
0.051187882096
0.0511543515798
0.0511298076772
0.051105430376
0.0510772803264
0.0511518405868
0.0511750567662
0.0514299958346
0.0513730443259
0.0517385362817
0.0516984622402
0.0517427418385
0.0519917858793
0.0519585756499
0.0521576447312
0.0522345382924
0.0521750013206
0.0523500068496
0.0524345190734
0.0523679837114
0.0523984660334
0.0524470824914
0.0524390748494
0.0526038966323
0.0528150043477
0.0528148036507
0.0529164702719
0.052927837727
0.0528791312071
0.0529228231235
0.0531339156243
0.0531909803175
0.0532936746451
0.0534014210398
0.0534733307027
0.05344483392
0.0534727201516
0.0534410595861
0.0534241367628
0.0534652342645
0.0537321330306
0.0537658102929
0.0538392122219
0.0541096130128
0.0540430776892
0.0540987687403
0.0543209373005
0.0545116564534
0.0545801685327
0.054733568853
0.0550194718663
0.0550122975262
0.0550256722362
0.0549763886269
0.0549736103318
0.0552072204152
0.0551912176719
0.0552999986909
0.0552645022537
0.0553754752217
0.0553939081997
0.055405708581
0.0553641374001
0.0554022088772
0.0553629169858
0.0554295681437
0.055549180554
0.055509340627
0.0555944586111
0.055791517821
0.0557939716625
0.055960726796
0.0561797220368
0.0565417805786
0.0566342457024
0.0567809093277
0.0567344389575
0.0567626711593
0.0568346836744
0.0567823532659
0.0568000741342
0.0567866700803
0.0568363717964
0.056981977373
0.0570689879781
0.0571024529736
0.0573098361725
0.0574881090472
0.0574949988569
0.057539867197
0.0577323463783
0.0581194413171
0.0582345061957
0.0584549800669
0.0586184783933
0.0585489819888
0.0586267935478
0.0586302543832
0.0585995528343
0.0586819070334
0.0586567359602
0.0586344865639
0.0587095521659
0.0588064637532
0.0587595683112
0.0588049097663
0.0589130975578
0.0589933747398
0.0589943367224
0.0591453851093
0.0591460554312
0.0591875877406
0.0591197946411
0.0590835748917
0.0593351209777
0.0594217453564
0.0594362584718
0.0593872490427
0.0594420901132
0.059431825287
0.059508919907
0.0595309642556
0.0594574777024
0.0596246171766
0.0601372952683
0.0601223692901
0.0601832041447
0.0601675729007
0.0603512434525
0.0604299563918
0.0606537987591
0.0605935363861
0.0605640477308
0.0608140058508
0.0608356096699
0.060853589268
0.0611659367832
0.0613542038501
0.0613418901215
0.06126715073
0.0612566951082
0.0612360179538
0.0613465821651
0.0615662793625
0.0617341590927
0.0618059337143
0.06205057656
0.062235209489
0.0623318050911
0.0623306049124
0.0623520999572
0.0625131417035
0.0625315475566
0.062519236071
0.062695822655
0.0628102303022
0.062829130569
0.0630083540258
0.0632566558819
0.0632946405902
0.0632355799476
0.0634186947004
0.0633842931498
0.0633560629162
0.0635663996257
0.0636888504118
0.0637951551463
0.0639490257837
0.0639209520177
0.0640018307113
0.0640961875997
0.0642831293262
0.0645645633866
0.0645242068854
0.0647616961619
0.064880414917
0.0650090218336
0.065106399573
0.0652091271369
0.0651966921119
0.0653950824373
0.0653899001898
0.0655042503024
0.0656582461812
0.0656765022032
0.0657681725581
0.0657399913923
0.0657169041782
0.065934241736
0.0660260190379
0.0662059369609
0.066280423647
0.0662866435096
0.0663777188646
0.0664729517143
0.0664601099671
0.0664249792474
0.0663595452671
0.0663668240198
0.0663877281388
0.0665683505843
0.0667489554647
0.06669944065
0.0668467254413
0.0667959064587
0.0668035135588
0.0667552190208
0.0667793462682
0.0669498906832
0.0670755614861
0.0670624554168
0.0671345645554
0.0671488447947
0.0674051244233
0.0675193730916
0.0677818304309
0.0678526940503
0.0678944788296
0.0679036875157
0.0678813910348
0.0679332447627
0.0678948872614
0.0680827052615
0.0683230063324
0.0684065417269
0.0686398597604
0.0687796236695
0.0688783184492
0.0691542842571
0.0691758476004
0.069265546744
0.0693851664857
0.0696214486847
0.0697944065542
0.0699461105605
0.070132091688
0.0701603304609
0.0702294580992
0.0702340686266
0.0705010161074
0.0704670905708
0.070706086726
0.0707510305846
0.0709042252671
0.0710180167811
0.0710224946034
0.0710661380054
0.0711483961408
0.0713252243485
0.0713924830508
0.0714425741216
0.0714583313903
0.0714951719272
0.0717008555312
0.0716953961032
0.0717222834369
0.071694892248
0.0717217701113
0.0718738066845
0.0720177592283
0.0721394556197
0.0721953598839
0.0723171200555
0.0724085060063
0.0724614538899
0.0725835467755
0.0726805667966
0.0728041356344
0.0728880909679
0.0730822661706
0.0730552307965
0.073245117166
0.0733920603966
0.0735388542096
0.0736116537404
0.0736904089348
0.0737038346614
0.0736997482355
0.0737438338573
0.0740315493501
0.0740453737261
0.0741647087972
0.0742088930006
0.0742819646516
0.0743380542868
0.0743706078453
0.0743720547719
0.074388314533
0.0744796584034
0.0745319364184
0.0745568147521
0.0747977207911
0.0749659385177
0.0749774437687
0.0750855256059
0.0751107045706
0.0751537186198
0.0752974596802
0.075476957484
0.0756277191125
0.0757874144972
0.0760226077872
0.076021929853
0.0760354444093
0.0760897879405
0.0762295409783
0.0763914372631
0.0766136146614
0.0767478199622
0.0767305836015
0.0768821015138
0.0768897314882
0.0770035454949
0.0770126949744
0.0773083563547
0.077384308802
0.0774468042961
0.0775384150685
0.0777705287882
0.0779368187691
0.0779994832075
0.0780399092583
0.0782051874264
0.0785036090103
0.0786779396704
0.0787744831671
0.0790372647363
0.0792046030663
0.0793754894771
0.0794952105525
0.079636875207
0.0797230893873
0.0799991370405
0.0800655319653
0.0800265557782
0.0800829466493
0.0801790437971
0.0803515701067
0.0804501884995
0.0805340331066
0.0806692086146
0.0807785748572
0.0807921828259
0.0807468164203
0.0809624039059
0.0809778965482
0.0810547039333
0.0810998126391
0.0812277538181
0.0812943560268
0.0814235103746
0.0815474656301
0.0816603264539
0.0817104568912
0.0817795153419
0.0819016631363
0.0820553796497
0.0821027364025
0.0822497607522
0.0822748814629
0.0823552712852
0.0823607136054
0.0825054183006
0.0825548067456
0.08263221217
0.0827470070672
0.0830962691572
0.0831788103939
0.0832787008423
0.0834150475335
0.0835520081225
0.0836594848522
0.0837336465726
0.0837901184033
0.0839545861196
0.0842016668179
0.0842090429771
0.0844020692795
0.0845355260203
0.084763369035
0.084759185291
0.0848135780431
0.0850733020096
0.0851224823599
0.0851424030106
0.0852386696028
0.0853428898685
0.0853445701649
0.0854669351824
0.0854935700609
0.0857267195554
0.0857737107026
0.086015362215
0.0860573992887
0.0861904586134
0.0863710712341
0.086457850854
0.0866573564545
0.0868032920914
0.08690236401
0.086958120387
0.0872369533402
0.0873449217938
0.0874046412577
0.0875815675046
0.0877611545502
0.0878789596301
0.0878689929894
0.0879434402546
0.0881153890839
0.0881541979575
0.0882639396714
0.0884700831465
0.0886175268686
0.0886772336025
0.0887955324539
0.0889911984059
0.0890700756816
0.089136663883
0.0892002418289
0.0894441719135
0.0895804172391
0.0895818114467
0.0897342659274
0.0897934721981
0.0899678848967
0.0899534763119
0.0900878549602
0.0901794225509
0.090431651332
0.0905951562108
0.0906261942152
0.0908304573676
0.0909764985684
0.0910547062839
0.0910483741026
0.0911619089853
0.0914764982825
0.0915859009439
0.0916085321903
0.091801494659
0.0918877790242
0.0919965560162
0.0920077601154
0.0922140798461
0.0923899856813
0.0924151789364
0.0925531272794
0.0924900251707
0.092643581164
0.0926345885097
0.0927260986438
0.0927889064543
0.092882274076
0.093041641021
0.0931867925185
0.0932320939344
0.093231388672
0.0932568161267
0.0934286104195
0.0935529617198
0.0935670936166
0.0936097722907
0.0937111231742
0.0937594059333
0.0939433888767
0.0939797284301
0.0941686709513
0.0943331747419
0.0945598638666
0.0946074615101
0.0945828616484
0.0946390432034
0.0948681876599
0.0949549655978
0.0950330089023
0.0950997287316
0.0952295234837
0.0954247192099
0.0955012750355
0.0956272470054
0.0956755198777
0.0957629675348
0.0958400098572
0.0960440220632
0.0961466747672
0.0962701987535
0.0964694535587
0.096651760464
0.0968084779482
0.0969029076282
0.0971554688785
0.0972287535395
0.0972727494046
0.0974343624979
0.0975670852584
0.097673601113
0.0977163547167
0.0977421536846
0.0978697515108
0.0981795864748
0.0981745589414
0.0983410674379
0.0984531017244
0.098490042567
0.0986095894278
0.0986988814075
0.0988425758672
0.0989719568423
0.0990249974276
0.0990822902852
0.099169024536
0.099431914923
0.0996692818724
0.0997815997628
0.09982299172
0.0998281741779
0.0998668943261
0.100009405496
0.100168597355
0.100199749719
0.100286952686
0.100360167112
0.100352509751
0.100412742224
0.100487118419
0.100562606704
0.100571194129
0.100555787754
0.1006984461
0.100765696671
0.100938969988
0.100975653216
0.101107765772
0.101222490599
0.101348286259
0.101475632146
0.101593726436
0.101797764347
0.101887028631
0.101981858231
0.102142410278
0.102317249181
0.10236573337
0.10237554317
0.102584403646
0.102756879867
0.102856371926
0.102992526957
0.103070761311
0.103137497838
0.103289846164
0.103319872528
0.103436193731
0.103587268493
0.103720424002
0.103821447331
0.103962824213
0.104104931144
0.104137804938
0.104400934184
0.104514208404
0.104587911832
0.104778258268
0.104977917551
0.105024911788
0.105079956882
0.105133908039
0.10520451976
0.105283675891
0.105411595777
0.105530957182
0.105615617793
0.105789865242
0.105981085824
0.106087759198
0.106118720487
0.106307849941
0.106386611068
0.106616211197
0.106704349523
0.106784300775
0.106851207304
0.10700235314
0.107116658009
0.107258456677
0.107400482645
0.107547728941
0.107679226199
0.107929259756
0.108075278486
0.108149992282
0.108230098705
0.108261164454
0.10835044069
0.108501637043
0.108599592656
0.10864035452
0.108789497738
0.108876262326
0.109101505465
0.109194575777
0.109269162979
0.10934332709
0.109492357435
0.10962967255
0.109909937736
0.110073838283
0.110221575178
0.110363268576
0.110515066457
0.110647246269
0.110744105422
0.110805450599
0.110938898369
0.111137813192
0.111234237898
0.111285659129
0.111444802505
0.111550701759
0.111648464055
0.111724377553
0.111908757209
0.111966446301
0.112093847924
0.112217922544
0.112435047201
0.112564424691
0.112744328894
0.112788112672
0.112860511077
0.112928108267
0.112934226861
0.113060132346
0.113225904018
0.113336199451
0.113492960712
0.113582378691
0.113703873144
0.113808528477
0.113895378203
0.114076548639
0.114159999767
0.114214710052
0.114320406188
0.114414079444
0.114542896342
0.114615558276
0.114855786836
0.114982349002
0.114990103211
0.115083616605
0.115181319101
0.115385158448
0.115429610477
0.115531627592
0.115681455326
0.115744652699
0.115754702775
0.115987368035
0.11602741855
0.116102615084
0.116165357901
0.116220898911
0.116257903658
0.11638293662
0.116461452336
0.116538740077
0.116618006136
0.1167722068
0.116929887965
0.117113583711
0.117182871696
0.117291762303
0.117396666856
0.117499858026
0.117575687156
0.117679044302
0.117734386437
0.117901712483
0.117958396548
0.118043513983
0.118104594988
0.118167551241
0.118280644656
0.11838200443
0.118476282785
0.118565364476
0.118642971374
0.118726510742
0.118809414193
0.118954247321
0.119141002962
0.119253282253
0.119352409034
0.119500250415
0.119693881421
0.119781946962
0.119929787255
0.119986938028
0.120221310005
0.120413453795
0.120592524029
0.12073041598
0.120834194109
0.120931510184
0.121010631555
0.121023979103
0.121081109993
0.121156768494
0.121433429639
0.121603525372
0.12164484233
0.12176318615
0.121891121749
0.121924715268
0.121981065703
0.12216316121
0.122293978187
0.122441583746
0.122526498644
0.122634580232
0.122798539661
0.123007392351
0.123130306428
0.123291939551
0.123434997955
0.123485221772
0.12352782336
0.123681379766
0.123747002817
0.123983390987
0.124054082933
0.124092139313
0.124247433644
0.12439938206
0.124468828738
0.124597619948
0.124611468323
0.124751428155
0.124807404582
0.124883741198
0.124940246211
0.125053632001
0.125171937285
0.125213307967
0.125288197591
0.125388045402
0.125568203352
0.125623234816
0.1256663773
0.125698705372
0.125872668524
0.125939451426
0.126016953927
0.126093617232
0.12615211722
0.126230107202
0.126476216512
0.126633635605
0.126691186851
0.126740005833
0.126874944925
0.127088024519
0.127236888232
0.127402506871
0.127491759502
0.127584713594
0.127730442675
0.127801951498
0.127960512407
0.128074346371
0.128211550987
0.128358431143
0.128506690032
0.12865039902
0.128856143782
0.12900854604
0.129114410115
0.129209458308
0.129361690308
0.129540302916
0.129740344746
0.129877044512
0.129934769127
0.129977893072
0.130071899754
0.130143230797
0.130164922517
0.130313922578
0.130528487638
0.130605706558
0.130861201169
0.130879823043
0.130977834617
0.131002096611
0.131129671462
0.131190105704
0.131245065732
0.131384219151
0.131444582741
0.131528984656
0.131575683696
0.131748970736
0.131882166439
0.1320308677
0.13219520131
0.132221891606
0.132370299038
0.132517396019
0.132598235015
0.132768962772
0.132888156993
0.132972342517
0.133035838665
0.133106903739
0.133209556672
0.13334155711
0.133403464748
0.133602472468
0.133617294262
0.133769600136
0.133893220982
0.133969337216
0.13403961793
0.134289617614
0.134391039773
0.134506333001
0.134655936136
0.134804288925
0.134861473966
0.135048835879
0.135159109337
0.135317922934
0.135496650559
0.13557074491
0.135679318833
0.135760012744
0.135848615187
0.13596320989
0.136038034414
0.136239850981
0.136387086337
0.136523871392
0.136611488311
0.13677883601
0.136999826201
0.137041045871
0.137123398308
0.137180267878
0.137294176185
0.137456327579
0.137655888279
0.137786736569
0.137871680454
0.137886602622
0.137939966916
0.138121004267
0.138222465438
0.13832926516
0.138456957257
0.138610277156
0.13876861701
0.138918621564
0.139010133051
0.139198736248
0.139367522775
0.13941526106
0.139512982077
0.139694772789
0.139796762131
0.139927876758
0.140090947183
0.140229671361
0.140265217278
0.140420815423
0.140587247418
0.140682580353
0.140758427867
0.140913793123
0.141045119557
0.141170393948
0.141306247607
0.141399523208
0.141503637567
0.141642963492
0.141761392872
0.141915834037
0.141969475036
0.142080805805
0.142134974688
0.142225944328
0.142385152658
0.142574239463
0.142701658084
0.142789267815
0.142938753226
0.142993064323
0.143095632376
0.143255175984
0.143276401191
0.143417052136
0.143532340906
0.143673827295
0.14371772083
0.14377175892
0.143836056871
0.14392884653
0.144109086478
0.144253162247
0.144354608786
0.144478870529
0.144597327284
0.144715920924
0.144799239807
0.144883309899
0.145035318537
0.145116911162
0.145237697446
0.145280895464
0.145352116882
0.145461842035
0.1455757685
0.145778550074
0.145862684601
0.145975899365
0.146031457041
0.146142323125
0.146234087534
0.146389311463
0.146421068405
0.146544301519
0.146777114381
0.146802970561
0.146883706252
0.147012724203
0.147118116186
0.1472863464
0.147387809481
0.14755773706
0.14759369877
0.147725372695
0.147757971233
0.147867964519
0.147968447863
0.14803693969
0.148118314858
0.148196292547
0.148413153964
0.148572757639
0.148775411279
0.148918249223
0.149001281519
0.149119760643
0.149305487617
0.149425315222
0.149516905669
0.149627608833
0.149805948829
0.149924514968
0.150041350367
0.150153157642
0.150245112788
0.150320645491
0.150397578829
0.150484043633
0.150650268556
0.150812166584
0.150923783802
0.151071823063
0.151178675025
0.151281836799
0.15140431427
0.151522610676
0.151733969715
0.151821270601
0.15192531645
0.152067948063
0.152190890424
0.152279215268
0.152448533315
0.152560162109
0.15269909274
0.152748990424
0.152873586692
0.152992546885
0.153092540874
0.153202174022
0.153312664262
0.153403890339
0.153579180138
0.153701938822
0.153824757049
0.153883137123
0.154010471593
0.154153784876
0.154251706316
0.154388253369
0.15449304175
0.154734452253
0.15489486363
0.154984925737
0.155040438734
0.155183905166
0.155347518691
0.155434303683
0.155627639677
0.155786317496
0.155849002706
0.155936335321
0.156001678368
0.156095170024
0.156275925795
0.156420284594
0.15653042996
0.156625208554
0.156744448015
0.156802813189
0.15702299359
0.157159352352
0.157271678218
0.157379962591
0.157469742753
0.157560055249
0.157709112216
0.157854810855
0.15795883515
0.158051292351
0.158168052004
0.158309631264
0.158466717131
0.158582236841
0.158771527969
0.158892451692
0.158979002888
0.159144774095
0.159324504715
0.159449109879
0.159536775
0.159777752417
0.159901620036
0.159972112317
0.160100530249
0.160189353084
0.160299489518
0.160358674706
0.160501941021
0.160675067552
0.160760583507
0.160822363601
0.160987292485
0.161214192504
0.161294950571
0.16140151344
0.161467318159
0.161645046854
0.161791121722
0.161923255103
0.162062028573
0.162206933348
0.162376714071
0.162470070066
0.162541535749
0.162611360352
0.162667622454
0.162853906377
0.162980390766
0.163067489994
0.163178987082
0.163326566983
0.16343210573
0.163616190456
0.163697960602
0.163801033545
0.163911614532
0.16405416103
0.164181219949
0.164282426314
0.164435462144
0.164536857148
0.164677294145
0.164848271093
0.165017186447
0.16511425504
0.165273815266
0.165466530091
0.165584070685
0.165736865728
0.165826374406
0.165945249646
0.166075628499
0.166199214965
0.166310873101
0.166466456031
0.166580441487
0.166694483677
0.166883080006
0.166987632349
0.167106532847
0.16723931151
0.167370711832
0.167452059558
0.16758772396
0.167719469133
0.167812148318
0.168009035268
0.168109430238
0.168233821794
0.168338037059
0.168469746536
0.168568790159
0.168661672133
0.168777493805
0.168897184062
0.168969872959
0.169141767915
0.169257004286
0.16935515985
0.169507370005
0.169664108615
0.169823566786
0.169897499794
0.170044092046
0.170159886007
0.170186658607
0.170399887234
0.170523363006
0.170636688395
0.170714428899
0.170789823794
0.170933965026
0.171027378079
0.171106729829
0.171152321535
0.171287442528
0.171359297027
0.17151091835
0.171601560457
0.171712654335
0.171833081091
0.171918651701
0.172043909234
0.172097648326
0.172173031667
0.172296045665
0.172446056755
0.172498379211
0.172612790876
0.17278816129
0.172923563463
0.173020391117
0.17313715365
0.173263700071
0.173424720439
0.17351682581
0.173640028537
0.173818365196
0.173972769122
0.174113680703
0.174210023982
0.174371431857
0.174461890007
0.174586375983
0.174658040814
0.174711430623
0.174816869789
0.174927378197
0.175024281789
0.175135937682
0.175188708784
0.175351213136
0.175416462222
0.175565998865
0.175651490216
0.17574868053
0.175816404375
0.175905561703
0.176009127535
0.17613567889
0.17626235677
0.176350215541
0.176476145579
0.176656896861
0.17678172074
0.176895896191
0.176980732008
0.177115564835
0.177195824981
0.177306298968
0.177483673469
0.177581801592
0.177734951472
0.177849413681
0.178016486762
0.178136069343
0.178353770525
0.178530304849
0.178642053304
0.178739359682
0.17888625431
0.179007555458
0.179103798561
0.179294779375
0.17942563204
0.179545792711
0.179611263487
0.179707711642
0.179869631826
0.180004806243
0.180130710255
0.180240159009
0.180397139054
0.180529184474
0.180690386732
0.180750269174
0.180883575607
0.181006480024
0.181097111601
0.181263337281
0.181350309933
0.181556704649
0.181660394933
0.181788196219
0.181914090532
0.182059010819
0.182171011039
0.182264365922
0.182367567259
0.182468562055
0.182606625202
0.182754606815
0.182832144282
0.182938177199
0.183012049231
0.183160513316
0.183319059229
0.18351795506
0.183628835545
0.183783124607
0.183903587189
0.183998746863
0.18408907357
0.184227316351
0.184329776305
0.184426839688
0.184475500039
0.184653388074
0.184810954963
0.184865736453
0.185003527967
0.185118038842
0.185246443249
0.185379938976
0.185458849018
0.185540272809
0.185642900402
0.185757482769
0.18586669045
0.185950988612
0.186038649342
0.18612117551
0.186282386772
0.186418986855
0.186498104287
0.186626192575
0.186715800181
0.186843022762
0.186940894583
0.18703210113
0.187163467747
0.187321750619
0.187413428886
0.187487850759
0.187607320656
0.187703117436
0.187795412592
0.187935836729
0.188050700897
0.18816876488
0.188416935387
0.188532599553
0.18863723371
0.188709800246
0.188850316343
0.188975337149
0.1890962039
0.189159724578
0.18925154802
0.189379018674
0.189480316957
0.189623003064
0.189720322155
0.189852775868
0.189974570895
0.190038949828
0.19017479901
0.190298745133
0.190397176372
0.190575084881
0.19067500362
0.190773395612
0.190878685606
0.190999869695
0.191061840111
0.191198010298
0.191307912097
0.191408255975
0.191481685569
0.191602541691
0.191827615554
0.191961610533
0.192064451078
0.192158733839
0.192233001024
0.192304538646
0.192440522449
0.192584011297
0.192668610089
0.192772740073
0.192905816563
0.193049419979
0.193145195647
0.193243208726
0.193313856356
0.193426587439
0.1935004722
0.193635505232
0.193794676713
0.193918212032
0.194052717201
0.194134145049
0.194222946994
0.194330716164
0.194428940197
0.194610422327
0.194728997398
0.1948153827
0.194944999525
0.195051036994
0.195183936641
0.195254667229
0.19540348622
0.195504363965
0.195645243193
0.195733166118
0.195871261471
0.195989973729
0.196152032622
0.19630480146
0.196485511885
0.196627342776
0.196735540855
0.196807433324
0.196929951235
0.197083151145
0.197183020592
0.197319358883
0.197444768147
0.19753076064
0.197676284605
0.19776631047
0.197849288796
0.198012167466
0.198104203055
0.198197751877
0.198298721682
0.198410185127
0.198500606555
0.198621078002
0.198745424563
0.19886736268
0.198955756707
0.199094407399
0.199220392786
0.199251088472
0.199428609139
0.19951255291
0.199645897114
0.199748780232
0.199860024609
0.199938839756
0.200000960115
0.200110684146
0.200200413766
0.200278958686
0.200352708862
0.200488028054
0.200624039697
0.200700511142
0.200891192602
0.201003302309
0.201087927604
0.201208674284
0.201309506412
0.201417638287
0.201547269495
0.201695598361
0.20176418805
0.201857258662
0.201979336886
0.202152437607
0.20228665332
0.202421191863
0.20254967337
0.202661896014
0.202824662556
0.202962605237
0.203102472275
0.20322834613
0.203304832037
0.203407694753
0.20358459553
0.203717629985
0.203753875456
0.203920360579
0.204045278515
0.204114442171
0.204237019137
0.204362421855
0.204471987358
0.204611615737
0.204771811158
0.204875023113
0.204962918026
0.205077358922
0.205223801442
0.205301687276
0.205388394118
0.205585474321
0.205722747616
0.205850715816
0.205987879825
0.206112960226
0.206233660363
0.206348067234
0.206479878103
0.206610521442
0.206784803956
0.206863612093
0.206989969099
0.207110204538
0.207232321328
0.207337409659
0.207458550373
0.207569460892
0.207660881375
0.20780885622
0.207898551772
0.208011224547
0.208142119382
0.208272709519
0.208346903446
0.208479269718
0.208574102311
0.208641545945
0.208748672675
0.208857729696
0.208956658133
0.209085279118
0.209198173196
0.209284616121
0.209363895359
0.209506248947
0.209669251043
0.20974944966
0.20985413742
0.209973218395
0.210134286903
0.210260006292
0.21033458159
0.210415284478
0.210482908704
0.210587864873
