
row1col1
West 0.0
East 1.25400498043e-05
North 0.0
South 0.0

row1col2
West 0.0
East 0.0
North 0.0
South 0.000395967144194

row1col3
West 0.0
East 8.3545333733e-25
North 0.0
South 0.000320545409341

row1col4
West 3.96840335232e-26
East 2.41725407388e-18
North 1.18545123547e-13
South 0.00552423571921

row1col5
West 1.1481956851e-19
East 2.41725407388e-18
North 0.0
South 0.00640643579147

row1col7
West 0.0
East 0.0
North 0.0
South 5.74684177444e-05

row1col8
West 0.0
East 0.00406662771074
North 0.0
South 0.0

row1col9
West 0.0
East 0.0
North 0.0
South 0.0498750583011

row1col10
West 0.0
East 0.0
North 0.0
South 0.016461151567

row1col11
West 0.00158098729661
East 0.0
North 0.0
South 0.0

row1col13
West 0.0
East 0.0207668622811
North 0.0
South 0.334041949811

row1col14
West 0.0175235230361
East 0.013210640625
North 0.0292421044414
South 0.626775579972

row1col15
West 0.000510406759766
East 0.0
North 0.008810953125
South 0.401263060762

row1col16
West 0.0090309375
East 0.0
North 0.0
South 0.297518638556

row1col18
West 0.000358577382696
East 0.0044216981273
North 0.0155193691604
South 0.415626796038

row1col19
West 0.119566304839
East 1.38829403277e-06
North 2.62206407358e-06
South 0.00840915131699

row1col20
West 0.00997250581927
East 4.65086370674e-07
North 4.24869856913e-06
South 1.99126255649e-05

row1col21
West 0.000887432358371
East 2.82747207746e-08
North 3.95516142155e-07
South 1.14942708024e-06

row1col22
West 2.00401616777e-05
East 2.03258809925e-08
North 5.79210209278e-08
South 2.41532647629e-09

row2col1
West 0.0
East 1.75761680287e-14
North 0.0
South 0.0

row2col2
West 9.66662355051e-28
East 9.27960125984e-20
North 0.0
South 0.00518182311639

row2col3
West 2.03507864221e-26
East 0.0197935638715
North 7.10737333842e-07
South 4.37684866798e-14

row2col4
West 0.000165084556422
East 8.93409852985e-17
North 8.56340782037e-05
South 0.108653153047

row2col5
West 5.36143273061e-05
East 1.07424152199e-16
North 0.0
South 0.103459089041

row2col7
West 0.0
East 0.0
North 0.0
South 0.00923381315428

row2col8
West 0.0
East 0.003440854882
North 0.0
South 0.0

row2col9
West 3.9273665969e-05
East 0.0
North 0.0
South 0.33332293341

row2col10
West 0.101908815002
East 3.968546109e-14
North 0.0
South 0.0

row2col11
West 0.00394395481803
East 0.0
North 0.0
South 0.0

row2col13
West 0.307477103271
East 0.947521598646
North 0.0335532208375
South 0.230405182821

row2col14
West 0.276315347749
East 0.99998677275
North 0.188978343408
South 0.369442658205

row2col15
West 0.0
East 0.0
North 0.0
South 0.0

row2col16
West 0.998591938976
East 0.169504175791
North 0.0386505742053
South 0.100014785925

row2col17
West 0.933323042541
East 0.0348229900934
North 0.0356211668882
South 0.145666682901

row2col18
West 0.833520052551
East 0.0296402400947
North 0.0180391325282
South 0.039057576033

row2col19
West 0.395238295272
East 2.96034264772e-05
North 0.00384579026651
South 4.45536194474e-06

row2col20
West 0.0971351294105
East 1.53136830104e-06
North 2.32218107336e-06
South 1.62151516295e-05

row2col21
West 0.0112032066772
East 1.28346756958e-10
North 3.06778704907e-07
South 1.91243983113e-08

row2col22
West 0.000265664251332
East 9.08394563113e-10
North 3.23021095192e-08
South 3.7576547866e-12

row3col1
West 0.0
East 0.00232838938435
North 0.0
South 0.0

row3col2
West 2.66445502416e-09
East 0.0349818108255
North 3.03413226277e-05
South 0.0

row3col3
West 5.64302788586e-16
East 0.125111072676
North 0.000350413640099
South 0.00221198124869

row3col4
West 0.00899604394608
East 0.295158086916
North 0.000474738626071
South 0.00780908537349

row3col5
West 0.00476759257003
East 0.00547478762629
North 0.00123437933577
South 0.427790306796

row3col7
West 0.0
East 0.0743904841989
North 0.0
South 0.0

row3col8
West 0.0
East 0.29700530263
North 1.76874779477e-05
South 0.0

row3col9
West 0.0
East 0.00596240815494
North 0.00762734204419
South 0.57808660723

row3col10
West 0.182449949663
East 0.0
North 0.0
South 0.0

row3col11
West 0.0217456348356
East 0.0
North 0.0
South 0.0

row3col13
West 0.85295649641
East 0.9025
North 0.877748617668
South 0.807005373564

row3col14
West 0.850192792444
East 0.95
North 0.934818716933
South 0.895890346088

row3col15
West 0.893619042846
East 0.872402440596
North 1.0
South 0.940564583378

row3col16
West 0.945583545731
East 0.170788528467
North 0.184278735514
South 0.19671654654

row3col18
West 0.000343508195984
East 0.0118619501541
North 0.54366755523
South 0.00699091292073

row3col19
West 0.224844356083
East 0.00201196314897
North 5.52013489176e-05
South 0.00117783563297

row3col20
West 0.0564443582687
East 0.0
North 1.06618967213e-05
South 0.00302890583283

row3col21
West 0.00697275623652
East 1.29574302986e-12
North 4.0261768086e-07
South 1.91243398409e-08

row3col22
West 0.000170435246687
East 0.0
North 1.60950329789e-09
South 4.98861066497e-12

row4col5
West 0.0245495536502
East 0.0152516028568
North 0.0600243387107
South 0.500189365239

row4col9
West 0.204498753258
East 0.133405106812
North 0.171846464597
South 0.629793485645

row4col13
West 0.811334089601
East 0.81241763833
North 0.857375
South 0.769474277084

row5col1
West 0.0
East 7.78305888506e-07
North 0.0
South 0.0

row5col2
West 0.0
East 1.26169484528e-25
North 0.0
South 0.000106219542411

row5col3
West 3.28520355104e-27
East 0.0
North 3.54677846267e-26
South 0.000240960178062

row5col5
West 0.137588476219
East 0.53949852379
North 0.126626149605
South 0.0747262987819

row5col6
West 0.408609906915
East 0.568800092274
North 0.463077086016
South 0.454941992208

row5col7
West 0.437280086042
East 0.598736939238
North 0.507771894312
South 0.370785039305

row5col8
West 0.53568310892
East 0.630249409725
North 0.539412653796
South 0.476055841811

row5col9
West 0.564049596262
East 0.663420431289
North 0.55752767351
South 0.408083151415

row5col10
West 0.584544099906
East 0.698337296094
North 0.630102213211
South 0.588029716133

row5col11
West 0.627392972239
East 0.735091890625
North 0.659830354133
South 0.568918862483

row5col12
West 0.6799180651
East 0.7737809375
North 0.717904001808
South 0.635130519493

row5col13
West 0.73338647419
East 0.72935576165
North 0.81450625
South 0.720733660328

row5col14
West 0.7737809375
East 0.643325332381
North 0.668917986471
South 0.531012319945

row5col15
West 0.735091890625
East 0.525823391001
North 0.597517248357
South 0.504157010676

row5col16
West 0.698337296093
East 0.525595027084
North 0.540585502469
South 0.293523886715

row5col17
West 0.66342043127
East 0.234968898558
North 0.520113515
South 0.453359390309

row5col18
West 0.486482596331
East 0.0822490536492
North 0.00525442324243
South 0.0746786862853

row5col20
West 0.0
East 0.0
North 0.0
South 0.0380786017171

row5col21
West 0.0
East 0.0
North 0.0
South 0.01363801381

row5col22
West 0.0
East 0.0
North 0.0
South 2.17292032657e-05

row6col1
West 2.43345361698e-27
East 0.000116582684061
North 0.0
South 3.2310989891e-26

row6col2
West 2.88648030439e-06
East 5.285545226e-24
North 4.3483832575e-28
South 0.00235626250145

row6col3
West 6.03716359961e-25
East 3.15437400252e-24
North 2.32272536832e-25
South 0.00600536805904

row6col5
West 0.0432396042366
East 0.432708648634
North 0.0448644084909
South 0.0429129613706

row6col6
West 0.246291836153
East 0.407431062374
North 0.54036008754
South 0.396583977382

row6col7
West 0.0841918802791
East 0.054590272969
North 0.558899115014
South 1.96764690417e-06

row6col8
West 0.0716098703194
East 0.0721550504099
North 0.578494201465
South 0.142870687303

row6col9
West 0.0681576604497
East 0.587442312728
North 0.0898543605839
South 0.0709099531514

row6col10
West 0.136996455734
East 0.280094458362
North 0.663403576048
South 0.204838661923

row6col11
West 0.108327376474
East 0.0903264958205
North 0.685583902906
South 0.0913008602313

row6col12
West 0.0475167950269
East 0.145285351412
North 0.723631957297
South 0.133538444798

row6col13
West 0.187848752946
East 0.0705069429778
North 0.771736802226
South 0.152684037855

row6col14
West 0.0877726479736
East 0.116839952768
North 0.689375626122
South 0.00739614763309

row6col15
West 0.019546864676
East 0.0357995419385
North 0.684219723937
South 0.128890523019

row6col16
West 0.410034226286
East 0.0507250624288
North 0.560196061723
South 0.0232050405107

row6col17
West 0.355371607142
East 0.381824316614
North 0.630249409447
South 0.441831514395

row6col18
West 0.591660815221
East 0.0249865536056
North 0.0532537035397
South 0.13239340274

row6col19
West 0.497839737122
East 0.0137143464721
North 0.0177306665421
South 0.0152123936106

row6col20
West 0.322260076846
East 2.74210159922e-11
North 9.71383425131e-05
South 0.000548579729184

row6col21
West 0.140715964215
East 0.0
North 2.94757398259e-10
South 0.0

row6col22
West 0.0208483474134
East 0.0
North 0.0
South 0.0

row7col1
West 7.66293934453e-26
East 0.000907353692523
North 3.31632122203e-28
South 2.3846848944e-25

row7col2
West 3.85087940093e-26
East 0.0250593164594
North 2.63997051001e-25
South 0.000784846521739

row7col3
West 0.00103684668913
East 0.000439943808987
North 4.33953930561e-09
South 0.104480846039

row7col5
West 0.00383226002397
East 0.429402977784
North 0.0245199042957
South 0.0387012549745

row7col6
West 0.259718543881
East 0.419383429391
North 0.513342082212
South 0.38613395067

row7col10
West 0.0293271505832
East 0.0854508896885
North 0.625280158255
South 0.0177754337519

row7col17
West 0.478231429668
East 0.316359128401
North 0.598736934528
South 0.420223120689

row7col18
West 0.546153006179
East 0.0826796162251
North 0.06367123103
South 0.0365864031584

row7col20
West 0.0
East 0.0
North 0.0211461439011
South 0.0

row7col21
West 0.0
East 0.0
North 0.0181491214549
South 0.0

row7col22
West 0.0
East 0.0
North 0.000594291595259
South 0.0

row8col1
West 6.12816478514e-19
East 0.00659483959924
North 1.99153816544e-26
South 9.11367980074e-19

row8col2
West 9.11367934332e-19
East 0.073717559555
North 3.72536837718e-19
South 6.61610087529e-18

row8col3
West 0.00297615642722
East 0.24955092956
North 0.00538560670408
South 0.00176139397311

row8col4
West 0.0123004769972
East 0.375117591382
North 2.98081232771e-15
South 0.0330477355766

row8col5
West 0.0409864539291
East 0.45639445815
North 0.0320272051827
South 0.0250167060426

row8col6
West 0.269512395266
East 0.363471570334
North 0.487674970047
South 0.322115337243

row8col8
West 0.0
East 0.0304148224103
North 0.0
South 0.0

row8col9
West 0.0
East 0.21330164127
North 0.0
South 0.0

row8col10
West 0.00380769393377
East 0.0178837958171
North 0.561746848197
South 0.0156977536312

row8col11
West 0.411587704315
East 0.0186041006013
North 0.0298009505386
South 3.79024835142e-10

row8col12
West 0.239148922986
East 2.96615483109e-05
North 0.0
South 6.52073191026e-06

row8col13
West 0.0714669288332
East 0.0
North 0.0
South 9.23724007162e-06

row8col14
West 0.0156707737567
East 0.0
North 0.0
South 0.0

row8col15
West 0.000500807258874
East 0.0
North 0.0
South 0.0

row8col17
West 0.36839064103
East 0.156718801134
North 0.568800020195
South 0.341196719271

row8col18
West 0.135250322491
East 3.95267696753e-07
North 0.349603352014
South 0.030282336766

row9col5
West 0.0453617591591
East 0.344603108501
North 0.0399709023563
South 2.89868492361e-20

row9col6
West 0.168222878888
East 0.297343761691
North 0.463291114727
South 0.277588394635

row9col8
West 0.0
East 0.0
North 0.00217717203388
South 0.0

row9col9
West 0.0
East 0.00804382720499
North 1.1213965624e-10
South 0.0

row9col10
West 2.53171918565e-09
East 0.0
North 0.171724873305
South 0.0

row9col11
West 8.79007462007e-12
East 0.0
North 0.0284787884059
South 0.0

row9col12
West 0.0
East 0.0
North 0.0393668010711
South 0.0

row9col13
West 0.000852419517754
East 4.24633428543e-05
North 0.0
South 0.0

row9col14
West 4.04899270933e-05
East 0.0
North 0.00147977722668
South 0.0

row9col15
West 6.9132086011e-05
East 0.0
North 0.0
South 0.0

row9col17
West 0.363818650251
East 0.22044514772
North 0.540359692589
South 0.362537325392

row9col18
West 0.426970844843
East 0.0155293202223
North 2.70209187612e-07
South 0.0152316642947

row9col20
West 0.0
East 1.03440503088e-07
North 0.0
South 0.0

row9col21
West 0.0
East 0.0
North 4.97738465074e-13
South 4.94634224092e-06

row9col22
West 1.36999078398e-07
East 0.0
North 0.0
South 0.0

row10col1
West 0.0
East 0.000334388911417
North 0.0
South 0.0

row10col2
West 0.0
East 0.00466276720447
North 0.0
South 0.0

row10col3
West 0.0
East 0.0
North 0.0
South 0.0344928358605

row10col5
West 0.0160614305259
East 0.2603050188
North 0.00513862101577
South 0.0188742447552

row10col6
West 0.0981867259058
East 0.26805999435
North 0.440125586083
South 0.270206312243

row10col17
West 0.347401237644
East 0.179956832941
North 0.513340257077
South 0.339369384604

row10col18
West 0.371045342069
East 0.00864336306233
North 0.0397890619907
South 0.000324112504567

row10col20
West 0.0
East 3.70405999219e-05
North 0.0
South 0.0

row10col21
West 0.0
East 0.0
North 1.19038970127e-26
South 0.00059236901577

row10col22
West 5.60168211673e-06
East 0.0
North 0.0
South 0.0

row11col1
West 0.0
East 2.70097927845e-05
North 0.0
South 0.0

row11col2
West 0.0
East 0.01475213684
North 1.11830868069e-07
South 0.0

row11col3
West 8.34282808428e-06
East 0.13810370401
North 0.0
South 4.52332937844e-11

row11col4
West 5.93582260404e-09
East 0.27104582478
North 0.0121511079783
South 0.00683114434456

row11col5
West 0.0127079926888
East 0.384143039687
North 0.0119785544119
South 0.0225787708589

row11col6
West 0.222004794256
East 0.278737429918
North 0.418114931893
South 0.138447386852

row11col8
West 0.0
East 2.79151641874e-08
North 0.0
South 0.0

row11col9
West 0.0
East 0.0
North 0.0
South 0.000193757779317

row11col10
West 9.83500171487e-10
East 0.0
North 0.0
South 0.0

row11col12
West 0.0
East 4.75249024049e-06
North 0.0
South 0.0

row11col13
West 0.0
East 0.0
North 0.0
South 0.000181053782343

row11col14
West 0.0
East 0.00151940437376
North 0.0
South 1.66587370804e-20

row11col15
West 2.08709893514e-05
East 2.67114711889e-20
North 9.36423179278e-21
South 0.0227730447581

row11col17
West 0.276690223556
East 0.0877348425894
North 0.487667831289
South 0.253956477463

row11col18
West 0.257428505986
East 4.74335103629e-15
North 0.0250393939932
South 0.00283788943488

row11col20
West 0.0
East 0.000116763968781
North 4.56916585136e-10
South 0.0

row11col21
West 3.33192994493e-07
East 1.19767283966e-06
North 3.72070667222e-13
South 0.0045305576595

row11col22
West 0.00011232996893
East 1.38370053201e-07
North 0.0
South 0.0

row12col1
West 0.0
East 4.35066556845e-06
North 0.0
South 0.0

row12col2
West 2.65599999652e-14
East 0.00036548837902
North 0.0
South 0.0

row12col3
West 0.0
East 0.0
North 0.011983016293
South 0.0

row12col5
West 4.90063834296e-05
East 0.256434947801
North 0.0167451403368
South 0.00276941223151

row12col6
West 0.0708212733355
East 0.162185986161
North 0.397172511299
South 0.155725161748

row12col8
West 0.0
East 2.3854142614e-06
North 0.0
South 0.0

row12col9
West 0.0
East 0.0
North 0.0
South 0.00368281698695

row12col10
West 0.00016558812501
East 0.0
North 0.0
South 0.0

row12col12
West 0.0
East 0.000357067780205
North 0.0
South 0.0

row12col13
West 0.0
East 0.00866861417256
North 0.0
South 2.62390558392e-21

row12col14
West 1.35863580712e-10
East 0.0420833976373
North 4.06984292353e-05
South 3.83659086459e-06

row12col15
West 0.000124243192569
East 0.187311171177
North 0.000197478646549
South 0.00798143552623

row12col16
West 0.00490519508466
East 0.39288327303
North 0.0253404850661
South 0.032762782496

row12col17
West 0.166404370992
East 0.10069220159
North 0.463261011673
South 0.228502174302

row12col18
West 0.297966089303
East 0.00374399491273
North 0.000151511568889
South 0.0184036821407

row12col20
West 0.0
East 0.00165304132793
North 0.0
South 4.44114955796e-10

row12col21
West 4.44115085046e-10
East 1.66970946042e-15
North 3.72817081204e-05
South 0.0219009085249

row12col22
West 0.000560083878604
East 0.0
North 0.0
South 0.0

row13col5
West 0.0342450895734
East 0.343802285825
North 0.03719392975
South 0.010668217571

row13col6
West 0.132389757151
East 0.120631936836
North 0.377109684231
South 0.155597543237

row13col9
West 0.0
East 0.0
North 0.0
South 0.0202231669506

row13col17
West 0.189884990058
East 0.136739350458
North 0.439998752074
South 0.192966047665

row13col18
West 0.408420086504
East 0.063724771501
North 0.0478455783265
South 0.0313417272066

row13col21
West 0.00196402468211
East 7.83808466421e-07
North 0.00156764908415
South 0.0517455543758

row14col1
West 1.57022443104e-09
East 0.003237569532
North 0.0
South 0.0

row14col2
West 9.88457897627e-06
East 0.050747324749
North 6.58432095135e-05
South 0.000407141523944

row14col3
West 0.00291728685843
East 0.109473036193
North 0.00862124623318
South 3.56070199128e-05

row14col4
West 0.00977283828823
East 0.185057720943
North 0.0169434210632
South 0.00284284589484

row14col5
West 0.00524335037959
East 0.0284708215581
North 0.274494259872
South 0.0268332879145

row14col6
West 0.0373115349993
East 0.0688093267507
North 0.356759805491
South 0.104844763237

row14col7
West 0.292068204665
East 0.00502301070815
North 0.029780646549
South 0.00874321588569

row14col8
West 0.191613400487
East 0.000688413123476
North 0.00407597523715
South 3.27727811971e-05

row14col9
West 0.0817991328409
East 7.90285895962e-08
North 0.000143124871003
South 1.41258088679e-07

row14col10
West 0.0104356270474
East 0.0
North 0.0
South 5.72293377754e-26

row14col11
West 0.000273608432364
East 3.94826054887e-34
North 0.0
South 7.69910807029e-34

row14col12
West 2.37103436119e-32
East 1.90505211118e-05
North 0.0
South 0.0

row14col13
West 0.0
East 0.00245775087815
North 0.0
South 9.68700966407e-20

row14col14
West 6.54153018361e-12
East 0.0324055842526
North 1.70176614362e-08
South 0.00180991698689

row14col15
West 0.000495004114908
East 0.136974714197
North 0.00294172564269
South 0.00278232988268

row14col16
West 0.00180864283484
East 0.325722411369
North 7.8131150623e-07
South 0.0598943887071

row14col17
West 0.100281694783
East 0.0518376904743
North 0.41708900863
South 0.123931100692

row14col18
West 0.0564136606968
East 4.39562561932e-05
North 0.354370506723
South 0.0163162952794

row14col19
West 0.281313235359
East 0.00647056523784
North 0.0124094636426
South 0.0025110734384

row14col20
West 0.19964914877
East 0.00496180717238
North 0.00462278654338
South 0.00267454682401

row14col21
West 0.116350281628
East 0.000257015194328
North 0.000984203882264
South 4.42334704542e-18

row14col22
West 0.0175140240954
East 0.0
North 0.0
South 0.0

row15col1
West 0.0
East 0.000985882619042
North 0.0
South 0.0

row15col2
West 2.99650291642e-12
East 3.76868009509e-05
North 0.0204012009654
South 3.64450569067e-08

row15col3
West 0.0
East 0.00393159063099
North 1.00525475001e-15
South 0.0

row15col4
West 0.0
East 0.041748348997
North 1.39536894059e-22
South 0.000847099257776

row15col5
West 0.0
East 0.163968767866
North 0.00762504580774
South 3.85190076565e-20

row15col6
West 0.00185712919256
East 0.0371052646007
North 0.328324100309
South 0.0658453722803

row15col7
West 0.273554715333
East 0.00292999387218
North 0.00370718543338
South 0.00887701808464

row15col8
West 0.0119162977114
East 1.97350726597e-06
North 0.0387623451396
South 0.0

row15col9
West 0.00317054035192
East 5.72293377754e-26
North 0.0
South 0.0

row15col10
West 3.19968494976e-05
East 3.94826054887e-34
North 1.20482816369e-24
South 5.72293377754e-26

row15col11
West 0.0
East 3.90951572899e-06
North 8.3121274713e-33
South 0.0

row15col12
West 7.69910807029e-34
East 0.000314341678698
North 3.86839145083e-14
South 3.65707633339e-35

row15col13
West 0.0
East 0.00923270666609
North 1.74302764287e-18
South 0.0

row15col14
West 2.68985979898e-05
East 0.103469994962
North 1.36134127414e-16
South 0.00219832356788

row15col15
West 0.0123303408441
East 0.302137206316
North 0.0146403149037
South 0.0245335676151

row15col16
West 0.0360393427517
East 0.354953240053
North 0.0758075129228
South 0.0536800854929

row15col17
West 0.105179971292
East 0.00195301252203
North 0.390786129076
South 0.00096598501005

row15col18
West 0.129062637302
East 1.61494509991e-19
North 1.3497477514e-05
South 2.77624187698e-20

row15col19
West 0.00151754250022
East 5.34745062991e-22
North 0.0379990768518
South 1.54783564564e-19

row15col20
West 0.00054510481274
East 2.95308669748e-13
North 0.0500801547694
South 1.04364649276e-24

row15col21
West 0.00188674572421
East 0.0
North 0.0
South 4.95732084062e-26

row15col22
West 4.95732084062e-26
East 0.0
North 0.00020384214027
South 0.0

row16col2
West 6.06697490677e-06
East 3.84919930359e-05
North 0.00601740679162
South 1.03534351316e-09

row16col7
West 0.0115498667871
East 0.0188573464445
North 0.198414235636
South 0.000413026990893

row16col15
West 0.0344010869528
East 0.00446030853221
North 0.234801404906
South 0.0111852907797

row17col1
West 6.89717665651e-14
East 0.000150382812145
North 1.07360485869e-10
South 0.0

row17col2
West 1.07365916461e-10
East 1.19319861583e-10
North 0.00176241666568
South 9.32269632978e-13

row17col3
West 0.000152810133785
East 1.30015963002e-11
North 6.938811907e-10
South 9.52946951888e-10

row17col4
West 5.9662773013e-06
East 0.0
North 0.0
South 0.0

row17col6
West 1.04150625173e-32
East 0.00127964944291
North 0.0
South 0.0

row17col7
West 2.63597555921e-12
East 0.00122041818169
North 0.124019894302
South 0.00105530866721

row17col8
West 0.0352864001441
East 0.0
North 0.0
South 1.25301084795e-05

row17col9
West 0.00458895698849
East 0.0
North 0.0
South 0.0

row17col10
West 0.000411017350403
East 0.0
North 0.0
South 1.53662511568e-26

row17col11
West 1.85565270067e-06
East 0.0
North 0.0
South 0.0

row17col13
West 0.0
East 0.00122651804775
North 0.0
South 0.0

row17col14
West 1.45075517132e-06
East 0.0263425987906
North 0.0
South 6.06395135425e-28

row17col15
West 0.000476100848359
East 0.00182169391966
North 0.167903922391
South 0.0108748723186

row17col16
West 0.0301650783728
East 2.43019470084e-21
North 3.29605703551e-24
South 9.46530911363e-05

row17col18
West 0.0
East 0.0
North 7.56532741467e-12
South 3.21733975348e-05

row17col19
West 0.0
East 0.0
North 0.0
South 5.17547475179e-07

row17col20
West 0.0
East 0.0
North 0.0
South 7.00720848046e-06

row17col21
West 0.0
East 0.0
North 0.0
South 1.41531193655e-06

row17col22
West 0.0
East 0.0
North 0.0
South 2.62966831903e-07

row18col1
West 0.0
East 0.0
North 2.75281758126e-06
South 0.0

row18col2
West 1.61393953931e-15
East 1.32951614859e-23
North 0.00011385700594
South 0.0

row18col3
West 0.0
East 0.0
North 2.66190311692e-06
South 0.0

row18col4
West 0.0
East 0.0
North 1.99877274083e-07
South 0.0

row18col6
West 0.0
East 0.00356424423959
North 0.0
South 0.0

row18col7
West 1.13874106642e-10
East 3.46705114711e-05
North 0.0512109809963
South 0.000372744814875

row18col8
West 0.0115682501736
East 2.83593193834e-21
North 0.0
South 2.17242090302e-12

row18col9
West 0.00165057864741
East 1.52967661765e-06
North 0.0
South 9.34663209503e-20

row18col10
West 0.000198331849561
East 0.0
North 0.0
South 0.0

row18col11
West 8.34493539124e-07
East 0.0
North 0.0
South 0.0

row18col13
West 0.0
East 7.51864766234e-05
North 0.0
South 0.0

row18col14
West 0.0
East 9.36815574328e-06
North 0.00248555014754
South 0.0

row18col15
West 0.000117251392777
East 0.00230592844306
North 0.105957586378
South 5.50330763795e-07

row18col16
West 0.052895064784
East 1.15790526357e-12
North 1.62000816942e-05
South 5.56497766268e-05

row18col17
West 0.0184601560411
East 0.000416708071654
North 0.000179674115973
South 1.90192594564e-06

row18col18
West 0.00628336221339
East 1.04004606618e-15
North 6.7018144475e-07
South 5.99608597467e-08

row18col19
West 0.00191797591763
East 1.46594263657e-10
North 3.2265776595e-09
South 0.0

row18col20
West 0.000482757417319
East 1.80991961963e-09
North 1.143083587e-11
South 8.75142399372e-10

row18col21
West 8.26484713174e-05
East 0.0
North 0.0
South 0.0

row18col22
West 8.33005516845e-06
East 0.0
North 0.0
South 0.0

row19col1
West 0.0
East 0.0
North 6.60408029228e-08
South 0.0

row19col2
West 0.0
East 0.0
North 6.76095978922e-07
South 0.0

row19col3
West 0.0
East 0.0
North 4.73838618313e-11
South 0.0

row19col4
West 0.0
East 0.0
North 1.1129815476e-10
South 0.0

row19col6
West 0.0
East 5.87642264261e-05
North 0.0
South 0.0

row19col7
West 0.0
East 0.0
North 0.00644677723575
South 0.0

row19col8
West 0.0
East 0.0
North 0.000593422916448
South 0.0

row19col9
West 6.37904436985e-06
East 0.0
North 0.0
South 0.0

row19col10
West 0.0
East 0.0
North 1.65957773056e-05
South 0.0

row19col11
West 3.40315000383e-09
East 0.0
North 0.0
South 0.0

row19col13
West 0.0
East 7.51154982948e-06
North 0.0
South 0.0

row19col14
West 0.0
East 0.000577440936863
North 0.0
South 0.0

row19col15
West 0.0
East 0.0
North 0.00933472904396
South 0.0

row19col16
West 5.89415660272e-24
East 0.0
North 0.00521268128228
South 0.0

row19col18
West 0.0
East 0.0
North 1.11417445319e-05
South 0.0

row19col19
West 0.0
East 0.0
North 3.75419022426e-06
South 0.0

row19col20
West 1.34286171793e-12
East 0.0
North 1.96539666289e-05
South 0.0

row19col21
West 1.14381210253e-06
East 0.0
North 0.0
South 0.0

row19col22
West 0.0
East 0.0
North 1.27739180255e-07
South 0.0
