0.117880557421
0.114752495548
0.117181457114
0.1159390801
0.11746905298
0.11713485162
0.119456155181
0.119890340954
0.118738370162
0.1199806258
0.121734210168
0.122078089967
0.123825305124
0.124863864687
0.124867515542
0.125826468391
0.126359541537
0.127609610552
0.128488416432
0.129481037569
0.129744792858
0.130694092212
0.131274339786
0.132259880649
0.133115199372
0.134320783922
0.135454485673
0.136328000392
0.137650304123
0.139132760118
0.139811455339
0.141136478667
0.142711753469
0.143761470526
0.144568674627
0.145260424545
0.146363717595
0.147151409196
0.148039810744
0.14923177734
0.149878123232
0.150803949986
0.151429110077
0.152120921492
0.153092532811
0.154117540542
0.155074384827
0.15607281349
0.156974033907
0.157863142788
0.158451342291
0.159343887415
0.159997849256
0.160679284008
0.161679238119
0.162626780374
0.163485355835
0.16452139523
0.165236453104
0.166023035223
0.166949522787
0.167669187576
0.168636209021
0.16957161431
0.170376473719
0.171267198632
0.172018558338
0.173037316996
0.173899223924
0.174609129587
0.17534183781
0.176148586539
0.177115433439
0.178035596114
0.17887138511
0.179841412965
0.180627779419
0.181449849669
0.182371975641
0.183107404053
0.183872867221
0.184694461831
0.18564275569
0.186438386705
0.187384366368
0.188169584861
0.188912730158
0.189785324895
0.190608778414
0.19138990488
0.192075709016
0.19295006678
0.193794003222
0.194553522049
0.195459818557
0.196329987362
0.197137943615
0.197914538368
0.198738325912
0.199444085131
0.200174655644
0.200981028325
0.201817136601
0.202510110991
0.203177762837
0.203765101918
0.204498713856
0.205271403211
0.205960116674
0.206729331233
0.207363213925
0.208138680073
0.208816424062
0.209453835704
0.210244234839
0.211054856372
0.211627733381
0.212239060526
0.212958300889
0.2135703751
0.214174088446
0.214923422784
0.215491409294
0.216105064994
0.216761572225
0.217364954486
0.217969159223
0.21849185625
0.219156846247
0.219807809505
0.220456260429
0.221099960146
0.221691732234
0.222222531709
0.222818393233
0.223386201139
0.223939957717
0.224523956246
0.225048622199
0.225688111856
0.226185718752
0.226671282134
0.227199746798
0.227713040565
0.228187882272
0.228766110914
0.229336481704
0.229804118868
0.23027167977
0.230722067784
0.231163585241
0.231670594786
0.232192414462
0.232687017577
0.233188858794
0.233646835888
0.234226965278
0.234735033492
0.235304088037
0.235773628402
0.236232541222
0.236705348059
0.237115601315
0.237525667839
0.238001230695
0.238535129152
0.239045079569
0.239441425159
0.239939736718
0.240411689597
0.240878989093
0.241259396872
0.241667893611
0.242151136904
0.242603499558
0.243063633234
0.243487194541
0.243905862287
0.244281349483
0.244704421758
0.245173371427
0.245548402941
0.245984855237
0.246308510452
0.246703901819
0.24710644747
0.247575058611
0.248022633753
0.248452028261
0.248884568255
0.249258033117
0.249653546401
0.249989745672
0.250371462894
0.250790988546
0.25126605718
0.251669473552
0.252028335938
0.252412796701
0.252844629778
0.253202800614
0.253570284597
0.253926421109
0.254280791356
0.254718204701
0.255073432127
0.255425069694
0.25578957228
0.256148234316
0.256558401655
0.256869431901
0.257255392777
0.257619802986
0.257966682885
0.258319341117
0.258703868337
0.259082939137
0.259376700591
0.259773290373
0.260111470875
0.26040778172
0.260728409692
0.261052350461
0.26138542049
0.261715092845
0.262036340248
0.262358909229
0.262723993782
0.263045872991
0.263385448111
0.263676841675
0.264012202828
0.26429833853
0.264599329637
0.264921816773
0.265195989468
0.265473112236
0.265812094355
0.266084283054
0.266421648741
0.266726162675
0.266977944121
0.267257010744
0.267564342297
0.26782943075
0.26808350799
0.268352588929
0.268599620277
0.268843689319
0.26917893867
0.2694626876
0.269758253672
0.270013873541
0.270221637547
0.270490348455
0.270715117267
0.270999019398
0.271292408867
0.271552615702
0.271795235609
0.272038073254
0.272223885528
0.272469340172
0.272739703789
0.272976327835
0.273238538185
0.273529876086
0.27376977855
0.274038131577
0.274282250828
0.274566440719
0.274854437764
0.275110532847
0.275335689568
0.275574625616
0.275772634474
0.276018201338
0.276287396101
0.276495281299
0.276706929035
0.276898419713
0.277127500218
0.27740596376
0.277631193257
0.277857075037
0.27807063559
0.27828588805
0.278520767647
0.278772282398
0.278988691836
0.279172725443
0.279381275612
0.279591571165
0.27980255744
0.280016629702
0.280209939503
0.280391383004
0.280607064376
0.280817023964
0.281006276411
0.281231397895
0.281421705689
0.281599244662
0.281763507755
0.28199217005
0.282158096227
0.282377864909
0.282600903673
0.282778024161
0.282998951315
0.283207792973
0.283432249962
0.283613042679
0.283821925926
0.283990827631
0.28415613263
0.284344920371
0.284541667943
0.284731156919
0.284895542938
0.285074681554
0.28526205816
0.285413280386
0.285569798769
0.285732846545
0.285928532331
0.286116925942
0.286296094183
0.286468107663
0.286645166349
0.286815066082
0.286972743858
0.287129446943
0.287317638637
0.287466247901
0.287628742012
0.287824533451
0.287995448424
0.288147550783
0.288351016145
0.288498830901
0.288705262724
0.288862229923
0.288987128542
0.28915054438
0.289336355708
0.289462157111
0.289610718352
0.289761051337
0.289927948747
0.290103236097
0.290264627091
0.290392640965
0.29052392567
0.290659608763
0.290795158863
0.290960373048
0.291091287927
0.291258844845
0.291415238145
0.291570776088
0.291725696131
0.291855747267
0.291991898695
0.292160905266
0.292308931349
0.292435459541
0.292581644669
0.292715963887
0.292875367192
0.293006835445
0.293157052561
0.293328096055
0.293466681718
0.293581286328
0.293694434264
0.293789157559
0.293916877926
0.294019155556
0.294156110264
0.294300652317
0.294445503545
0.294571180653
0.294689694269
0.29481199969
0.294931679336
0.295052028148
0.295173315413
0.295296825808
0.295434942166
0.295565978906
0.295694749705
0.295824994321
0.295934117576
0.296069818387
0.296186682764
0.2963315713
0.296456138818
0.296578728843
0.296692738253
0.29680403661
0.296888827427
0.297003859343
0.297116482187
0.297253546714
0.297368612103
0.297481228718
0.297584751844
0.297698037983
0.297797182508
0.297906469724
0.298038282593
0.298144501886
0.298277417078
0.298392095251
0.298521029986
0.298595501757
0.298698612989
0.298783136251
0.298902346668
0.298991661374
0.299090345279
0.299227803941
0.299327983661
0.299418598393
0.299525399186
0.299641844071
0.299760261581
0.299885429908
0.299957074857
0.300042774765
0.300169474033
0.30027878401
0.300377249715
0.300490918541
0.300578013235
0.300679498089
0.300780977416
0.300889310275
0.30097925364
0.301084142684
0.30119156769
0.301294103447
0.301410937726
0.301503577503
0.301592758112
0.301683945723
0.30178334793
0.301889770248
0.301953319243
0.302062605068
0.302138233633
0.302232865876
0.302308944988
0.30240925628
0.302518266726
0.302620481424
0.302738304692
0.302818297416
0.30288290999
0.302975453516
0.303070398088
0.30318512643
0.303278258635
0.303355016645
0.303463608617
0.303560085838
0.303642680985
0.303699440679
0.303808717546
0.303876576789
0.303952905704
0.304029272768
0.304111704092
0.304203360619
0.30429179267
0.304377396311
0.3044602071
0.304541365549
0.304626915381
0.304725163566
0.304819377987
0.304890296887
0.304974559152
0.305058446651
0.305124538813
0.305182589177
0.305265572892
0.305308916252
0.305396715719
0.305495114162
0.30557642605
0.305678604595
0.305766409807
0.305847309426
0.305920671934
0.30601470709
0.306077199799
0.306138033233
0.306227527385
0.306295599752
0.306363393759
0.306432902281
0.30650711873
0.306578849367
0.306662967493
0.306730329956
0.306797594732
0.306852467587
0.306931156521
0.307021983227
0.307104054683
0.307172959053
0.3072365806
0.307326479672
0.307398004501
0.307481974056
0.307534537192
0.307607415793
0.307681686677
0.307752805121
0.307826137878
0.30789185642
0.307956798118
0.308023881303
0.308095772258
0.308171733151
0.308267739648
0.3083230301
0.308379316688
0.308457548408
0.308521558068
0.308611599172
0.30866420944
0.308711838127
0.30876915767
0.308824763859
0.308899322088
0.308955860387
0.308992654493
0.309039453202
0.309119050629
0.309173203951
0.30924946667
0.309315265098
0.309388892363
0.309452994572
0.309534576565
0.309607518762
0.309653438081
0.309705571485
0.309751004572
0.309800527939
0.3098497959
0.309905832728
0.309958498819
0.310024020342
0.310075983511
0.310144040827
0.310211206126
0.310286306037
0.31034258815
0.310382569034
0.310431927475
0.310494448016
0.310549547491
0.310620382963
0.310673450456
0.310737830406
0.310784898242
0.310834971158
0.310897377567
0.310991418413
0.311049873066
0.311109298962
0.311180881101
0.311239802722
0.311311034991
0.311378685755
0.311428491803
0.311489673563
0.311551792208
0.311622982915
0.311664811688
0.311706495181
0.311767009384
0.311827910375
0.311869108405
0.311923030525
0.311956185836
0.312022137702
0.312080543541
0.312136357623
0.312199103767
0.312238569293
0.312284164509
0.312325034608
0.312376423672
0.312442253008
0.312506222432
0.312551762481
0.312598358212
0.312645244539
0.31270471895
0.312751688162
0.31281030042
0.312856387047
0.312911606531
0.312967563512
0.3130093109
0.313063283054
0.313128671374
0.313185454805
0.313218775751
0.3132655539
0.313321719891
0.313390424749
0.313452488058
0.313510209543
0.313563894944
0.313618074232
0.313673762469
0.313720500268
0.313770554643
0.313796430222
0.313855455545
0.313908073559
0.313943085222
0.314005193925
0.314044042422
0.314091579506
0.314142987779
0.314187590494
0.314235174042
0.314276141127
0.314329617061
0.314376751739
0.314407316698
0.314440396767
0.314500551607
0.314552360453
0.314588520786
0.314644603094
0.314704064688
0.314752974391
0.314809594082
0.314831607858
0.314888908578
0.314917712451
0.314959094453
0.315011079538
0.315038172061
0.315083876466
0.315133203854
0.315181263262
0.315223556765
0.315268351156
0.315321051593
0.315368304801
0.315410768115
0.315441373853
0.315487622318
0.315537151659
0.315571346229
0.3156110769
0.315636305147
0.315673818211
0.315722128176
0.315766052618
0.315810026582
0.31586729432
0.315918723758
0.315957657326
0.315989929169
0.316037320453
0.31606933373
0.316096433908
0.316154195936
0.316196038454
0.316244627531
0.3163014213
0.316332822718
0.316370505372
0.31641244412
0.316446562797
0.316470770006
0.31652021943
0.316543479704
0.316600726822
0.316647100786
0.316675813406
0.316710056298
0.316758263723
0.316791812349
0.316825745219
0.31687694282
0.316887282448
0.316935051757
0.316976143779
0.317004447059
0.31704301319
0.317096813569
0.317131258176
0.3171853483
0.317222468511
0.317259847504
0.317276408868
0.317302340075
0.317340737427
0.31738374448
0.317384334705
0.317421180149
0.317457916364
0.317487212418
0.317528155231
0.317563349607
0.317596029316
0.317644131562
0.317680239411
0.317719283461
0.317762290653
0.317808376396
0.317851402513
0.317888991984
0.317919775062
0.317951910486
0.317980924684
0.318021075317
0.318034401139
0.318069088063
0.318103735383
0.318141135564
0.318188893131
0.318213008177
0.318246705009
0.318271736604
0.318324505776
0.318366193553
0.318416966248
0.318462104939
0.318498842302
0.318518296074
0.31854073557
0.318587640419
0.318637285839
0.318668995921
0.31870457125
0.318731155434
0.318772477168
0.318806425397
0.318851787045
0.31888861221
0.318932031594
0.31896463121
0.318994880015
0.319028182671
0.31904596576
0.319076161246
0.319108604978
0.31915557193
0.319185638183
0.319214781817
0.319236649364
0.319272907612
0.319308989699
0.319340953229
0.319381074108
0.319408318822
0.319451035606
0.319488123638
0.31951322718
0.319550188057
0.319589899803
0.319633848849
0.319667845978
0.319695377726
0.319723305027
0.319749932881
0.319784192153
0.3198102198
0.319843449172
0.319861751739
0.31988331434
0.319922352007
0.319954210031
0.319972575647
0.320008595782
0.320048230484
0.320070751573
0.320104392095
0.320142626613
0.320155813652
0.320180181644
0.320204519931
0.320229058152
0.32026752228
0.320291086337
0.320318743664
0.320332699284
0.320350481043
0.320378698191
0.320397553384
0.320427443603
0.320441356619
0.320455304794
0.320484186777
0.320509175383
0.320529542403
0.320557142688
0.320587591211
0.320618045521
0.320660405493
0.32069118669
0.320723297124
0.320771153096
0.320792721555
0.320827088972
0.320870035103
0.320899484685
0.320933288532
0.320961569588
0.320997733484
0.321030375578
0.321065519676
0.3210864699
0.321113343193
0.321134974154
0.321156224458
0.321195581753
0.321221016304
0.321248988931
0.321273457374
0.321307577217
0.321336659324
0.321360147153
0.32139081362
0.321422789633
0.321454815589
0.321480846718
0.321505866188
0.321546486371
0.321571877492
0.321609716686
0.321625719047
0.321665166727
0.321700406644
0.321737344408
0.321769066088
0.321805455764
0.32185220786
0.321885584149
0.321911936535
0.321934886749
0.321949753263
0.321992839472
0.322014117388
0.322035614736
0.322062493926
0.322086892373
0.322105828762
0.322130150086
0.322160935188
0.322187233017
0.322234120166
0.322262346431
0.322301022841
0.322325457495
0.322347569244
0.322377911992
0.322375026437
0.322395511687
0.322416016782
0.322446687648
0.322461761756
0.322495149913
0.322530556534
0.322550897081
0.322579491272
0.322605571563
0.32262825161
0.322662612282
0.322679574905
0.322708559223
0.322734873217
0.322761357006
0.322780872734
0.322805479667
0.322842492166
0.322874676646
0.32289975866
0.32293563876
0.322966086375
0.32299365061
0.32301614566
0.323042766483
0.323061714494
0.323070933431
0.32309799446
0.32313198702
0.323160183673
0.32318192405
0.323202941474
0.32321715591
0.323250670169
0.323277918522
0.323291088677
0.323300475058
0.323327643723
0.323349176065
0.323365165267
0.323382633542
0.323392079609
0.323421956841
0.323452666198
0.323467330908
0.323486531804
0.323510892808
0.323552293285
0.323585807062
0.323609598939
0.323623544894
0.323637108631
0.323651764335
0.323670186271
0.323698153411
0.323709726062
0.323714278367
0.323738936153
0.323754962668
0.323768409403
0.32379811246
0.32381687994
0.323834747645
0.323863022696
0.323881940056
0.323907915758
0.323936135402
0.323957567667
0.323990511185
0.324009040029
0.324042177769
0.324065046142
0.324092109453
0.324108864873
0.324123065898
0.324138333684
0.324153605907
0.324169313451
0.324194390419
0.324205294237
0.324228415441
0.3242551293
0.324280293163
0.324300920748
0.32432189811
0.324332231259
0.32435159638
0.324365138716
0.324392208214
0.324421852961
0.324441189831
0.324449297477
0.324476374186
0.32449155399
0.324509564518
0.324529740496
0.324547394906
0.324573462977
0.324594748835
0.324625780352
0.32465840731
0.324680885735
0.324693921688
0.324714296204
0.324725165419
0.324755492068
0.324775637448
0.324794953949
0.32481296686
0.32483139058
0.324863499183
0.324887311123
0.324907727219
0.324934408672
0.32495971381
0.324993256167
0.325014650072
0.325036705106
0.325054954199
0.325067223819
0.325085400468
0.325106052234
0.325125440657
0.325144610913
0.325169914125
0.325196889072
0.325211564455
0.325223459622
0.325250842066
0.325256455923
0.325279392464
0.325292111583
0.325314189388
0.325337896185
0.325362420316
0.325395971631
0.325410706301
0.325422539424
0.325431180143
0.325445389636
0.325471513312
0.325487837726
0.325507446404
0.325541058059
0.325554077615
0.325566238099
0.325586782806
0.325607915372
0.325620699151
0.325647607555
0.325663699351
0.325670187315
0.325695250359
0.325729199771
0.32573716858
0.325764749286
0.325774896522
0.325801147262
0.325821969868
0.325846371763
0.325865420453
0.32588088605
0.325910063291
0.325931957547
0.325943988744
0.325959747101
0.325989144248
0.326012801062
0.326016120378
0.326032190836
0.326043833918
0.326060244647
0.326075681201
0.326086495254
0.326105363062
0.326113342414
0.326129620356
0.326151391287
0.32617746465
0.326180212332
0.326198195754
0.326225975676
0.326246247192
0.326255654981
0.326257809835
0.326277555023
0.326291406844
0.326308020295
0.326329485256
0.326342808706
0.326359966728
0.32638362969
0.32640288769
0.32641623112
0.326433594357
0.326456579522
0.326466985795
0.326478442559
0.326495378214
0.326504310561
0.326522882876
0.32653400445
0.32653602441
0.326547962719
0.326568522291
0.326580071372
0.326601401943
0.326612664739
0.326628200828
0.326643713351
0.326652881386
0.326664257935
0.326674122019
0.326685058141
0.326707430398
0.326724998855
0.326735940525
0.326744936619
0.326772921083
0.326778999116
0.326801789501
0.326812936146
0.326839337729
0.326849129687
0.326867191631
0.326880749844
0.32690561369
0.32692054272
0.326944118434
0.326964739442
0.326984862509
0.326995928253
0.327011287793
0.327019497125
0.327040349519
0.327054275467
0.327068061033
0.327084093642
0.327093628987
0.327112971596
0.327130372588
0.327141491421
0.327153179681
0.327180215586
0.327192928942
0.327201062063
0.327224526565
0.327244686185
0.327269338423
0.327283918644
0.32728589277
0.32730226646
0.327314454157
0.327331716309
0.327336371932
0.327352247716
0.327373597303
0.327388539544
0.327399592303
0.327423268205
0.327442533323
0.327459028014
0.327465623856
0.327481682404
0.327497944526
0.32751722521
0.327529977755
0.327543986933
0.327551952131
0.327557601081
0.327574764627
0.327593451375
0.32760896631
0.327618965148
0.327632403863
0.327651064165
0.327666414233
0.32767976225
0.327692917494
0.327719630026
0.327741556209
0.327762551313
0.327773992954
0.327787522202
0.327802811577
0.327819214881
0.327839982845
0.327863182429
0.32787967444
0.32789461854
0.327905201385
0.327915655512
0.327918663678
0.327931931765
0.327948792882
0.327967082944
0.327976280186
0.327985862195
0.327992058041
0.328008580437
0.32802575872
0.328036266382
0.328056920725
0.328071100998
0.328088260658
0.328102826652
0.328113421799
0.328127693292
0.32813206162
0.328150316156
0.328166662882
0.328175937935
0.328196922699
0.328200944702
0.328207051923
0.328225205848
0.328243744981
0.328262248445
0.328283420996
0.328296668095
0.328307835871
0.328321881302
0.328331206272
0.328345637492
0.328350517602
0.328369400035
0.328389341416
0.328404425291
0.328412654655
0.328424673305
0.328449815706
0.328466021739
0.328484451335
0.328493899551
0.328505318078
0.328517677915
0.328533228645
0.328559327432
0.328574973851
0.328583825175
0.328595046103
0.328601921198
0.328617861419
0.328629177012
0.328637885324
0.328649092665
0.328662563411
0.328662635542
0.328673658108
0.328691446242
0.328700975997
0.328710677247
0.328721872901
0.32874024237
0.328740381145
0.328748909544
0.32876635495
0.32877743701
0.328785681409
0.328811418966
0.328825053865
0.328839029192
0.328851053908
0.328863199916
0.328877928588
0.328888839273
0.328901753805
0.328923862781
0.328946715591
0.328957205403
0.328966428008
0.3289744037
0.328978250957
0.328988081162
0.328994346448
0.3290019711
0.32901342245
0.329029553956
0.329037663584
0.32905087038
0.329061596419
0.329069939815
0.329080424973
0.329089877588
0.329110652328
0.329122148213
0.329134512121
0.329143330154
0.329150583481
0.329172508736
0.329177395321
0.329188703838
0.32919699797
0.329213169656
0.329221149931
0.32923429543
0.32924472572
0.329258954854
0.329271992102
0.32927714225
0.329284962852
0.329292740265
0.329308352444
0.329318077589
0.329334286736
0.329341257555
0.329341011893
0.329350689728
0.329369106852
0.329384113223
0.329394105513
0.329404480877
0.329416268114
0.329424876714
0.329437787848
0.329447364267
0.329452588442
0.329465813136
0.329485561251
0.329500045761
0.329516696812
0.329528154469
0.329545872586
0.329549010358
0.329563880018
0.32956567927
0.329567796191
0.329578986219
0.329588298621
0.329594763101
0.329603460329
0.329615787702
0.329621080421
0.32962703855
0.329640267198
0.329653366236
0.329655388836
0.32966294085
0.329678414581
0.329695152083
0.329701662615
0.32971107163
0.329726342177
0.329735179519
0.329744199348
0.329748395985
0.329760512638
0.329771423917
0.32979073795
0.329806806648
0.32982178101
0.329835377462
0.329844311805
0.329859465156
0.329874395642
0.329891349684
0.329904942821
0.32991326984
0.329931627603
0.329939282486
0.32995982795
0.329980483757
0.329993909628
0.330003720945
0.330016037969
0.330023666378
0.330034525701
0.330037240984
0.330051211732
0.330061133413
0.330062472987
0.330074712231
0.330090699419
0.330104374338
0.330124618071
0.330136274995
0.330151636453
0.330151093205
0.330163447817
0.330178639674
0.330188140694
0.330204560736
0.330218837926
0.330225869842
0.330232762631
0.330245581598
0.330262323872
0.330282224743
0.330295930683
0.330315936655
0.330323890996
0.330342140161
0.330355639218
0.330362719894
0.330372171168
0.330375770682
0.330384084325
0.330395188381
0.330403300235
0.330417041382
0.330431572971
0.330440407827
0.330452411437
0.330460946436
0.330477807811
0.330480867172
0.330498110445
0.330513328324
0.330529148053
0.330542750911
0.330561079684
0.330575014576
0.330587779954
0.330593899298
0.330601189007
0.330611880331
0.330630568182
0.330633124128
0.330639630081
0.330656402489
0.330669369715
0.330676183886
0.330689391877
0.330693541746
0.330703828928
0.330716635018
0.330728993474
0.330735540631
0.330741671927
0.330752164439
0.330758648048
0.330775583207
0.330791456957
0.330796490409
0.330806536359
0.330820853053
0.330835890416
0.330842040629
0.330851717895
0.330858792065
0.330874544412
0.330886802185
0.330886158288
0.330901875403
0.330910695258
0.330922721149
0.330933537361
0.330947521081
0.330958855087
0.330965606076
0.330976914637
0.33098741375
0.330997412736
0.331010038341
0.331016621203
0.331014373131
0.331032156144
0.331039785747
0.33104817181
0.331055303069
0.331071182112
0.331080246509
0.331085923277
0.331097329862
0.331110779389
0.331123229212
0.331130891372
0.331144914662
0.331156662808
0.331168557888
0.331173925579
0.331182639554
0.33119326931
0.331203587575
0.331215479347
0.331230686634
0.331240692787
0.331245316192
0.331252281617
0.331257226826
0.331261961877
0.33127371956
0.331285118911
0.331296179434
0.331299103696
0.331309663566
0.33131654202
0.331322180787
0.331331818337
0.331339749118
0.331344697791
0.331360273943
0.331376510903
0.331378080378
0.331383930009
0.33138307339
0.331400134309
0.331399243313
0.331408488736
0.331415495779
0.331417539407
0.331431517059
0.331439706747
0.331448055979
0.331457434594
0.331472484312
0.331484341748
0.331488819928
0.331506260524
0.331519940296
0.33152668431
0.331537232515
0.331537809347
0.331554554318
0.331569848375
0.331584578693
0.331590226134
0.331602617054
0.331616901492
0.331638923851
0.331647522685
0.331654639157
0.33166593791
0.331674034043
0.331679867635
0.33168599113
0.331695500245
0.331706834273
0.331712416736
0.331714702208
0.331728485468
0.33174113989
0.331753879558
0.331758424429
0.331769061193
0.331777441304
0.331772331531
0.331787314492
0.331802345941
0.331814706276
0.331826393862
0.331829194195
0.33184411644
0.331855354367
0.331854101466
0.331867562055
0.331875860959
0.331883078406
0.331889115672
0.331895013763
0.331905570382
0.331908280645
0.331921932225
0.331923525607
0.331939492554
0.331945618643
0.331952705759
0.331949835763
0.331955150053
0.331967859692
0.331975660484
0.331984844234
0.331995159376
0.33200871172
0.332011047127
0.332013193613
0.332026386292
0.332035416559
0.332057794124
0.332067774248
0.332076779858
0.33208168768
0.332093326777
0.332099784512
0.332116618079
0.332129814789
0.332128395343
0.332132375496
0.332135152294
0.332144177718
0.332158729471
0.332167488957
0.332172179791
0.332174483954
0.332179321419
0.332187538239
0.332188464398
0.332192035685
0.332199152047
0.332201978943
0.332205623752
0.332211408106
0.332222904124
0.332228348621
0.332228905876
0.33223687935
0.332241051067
0.332247479945
0.332260821838
0.332264597122
0.332270843199
0.33227884001
0.332286899027
0.332294227588
0.332294666244
0.332300425036
0.332304358452
0.332313455986
0.33231930691
0.332325492216
0.332329226421
0.33234664901
0.332352336582
0.332365415197
0.332383186543
0.332388275209
0.332395766855
0.332404011935
0.332408967458
0.332414143168
0.332422642818
0.332420591907
0.332432346502
0.332441227182
0.332452837564
0.332462927096
0.332471005646
0.332474722463
0.332484947263
0.33248775563
0.332494294863
0.332506134035
0.332514918562
0.332520389625
0.332533746607
0.332541173512
0.332544189386
0.332557981183
0.332564913941
0.332568981094
0.332573251802
0.332580362955
0.33258425914
0.332588746005
0.332591834223
0.332598165498
0.332603229538
0.332608486785
0.332611765836
0.332622401067
0.332628993995
0.332633786606
0.332636357493
0.332638150305
0.332646712345
0.332653687416
0.332659687782
0.332659615013
0.3326582359
0.332667511788
0.332673993014
0.332679032866
0.332689126774
0.332700918318
0.332704630586
0.332719026737
0.332733186834
0.332739809452
0.332743412879
0.332753390788
0.332756357384
0.332769922147
0.332781832631
0.332785212726
0.332789896704
0.332797024959
0.332801204982
0.332810945622
0.3328233457
0.332833065281
0.332841327465
0.332847019025
0.33285912245
0.332866341637
0.33287308564
0.332876908459
0.332883288352
0.332889461701
0.332897529353
0.332903791242
0.332912709597
0.332921187185
0.332927764099
0.332933035765
0.332943819187
0.332946455831
0.332950069875
0.332948456548
0.332959348624
0.332969119034
0.332981881518
0.332994647474
0.33300645334
0.333012409413
0.333021992386
0.333031012958
0.333040901357
0.3330500289
0.333058762254
0.333064740305
0.33307310925
0.333082313313
0.333094373169
0.33310013792
0.333104012631
0.333115281616
0.333122175559
0.333136087605
0.333144620407
0.333153443759
0.333160622029
0.333168405675
0.333177259688
0.333187817243
0.333198443129
0.33321580361
0.333217356277
0.333221326994
0.33322841659
0.33323510574
0.33324431965
0.333245068043
0.333246733121
0.33325344779
0.333258287948
0.333277934186
0.333287737441
0.33329272625
0.333302557522
0.333309186006
0.333315247865
0.333324309975
0.333329778466
0.333339808514
0.333350595695
0.333355344849
0.333360113582
0.333366853927
0.333376646756
0.333382424842
0.333394238019
0.333399147596
0.333403163711
0.333407391176
0.333410969702
0.333419039191
0.333429290269
0.333435978104
0.333435891827
0.333442159253
0.333443743487
0.333452838368
0.33345613869
0.333463954882
0.333471718436
0.333478958041
0.333484312281
0.333485170639
0.333490180456
0.333496225812
0.333504681769
0.333514595472
0.333518382125
0.333523386457
0.33353357195
0.333543787845
0.333555102156
0.333560114147
0.333560143762
0.333573011688
0.333576720761
0.333586534875
0.333590944033
0.333593075874
0.333598948753
0.333604280929
0.333605605228
0.333609516398
0.33361307443
0.333614144179
0.333623378195
0.333637427674
0.333642298269
0.333649222851
0.333656525439
0.333662469338
0.333671799241
0.333680130792
0.333678109489
0.333682440466
0.333690756066
0.333701513302
0.333715391798
0.333718895665
0.333723610976
0.333727230941
0.333735712203
0.333744546953
0.33374997802
0.333753003824
0.333756041659
0.333756463579
0.333759676104
0.333766324328
0.333769893398
0.333774133904
0.333784090791
0.333791126263
0.333803391135
0.333810904459
0.333818643357
0.333825398799
0.333826577136
0.333836619009
0.333846226701
0.333858380143
0.33386733491
0.333873773498
0.333883582994
0.333885011369
0.333893250013
0.333901228773
0.333908132245
0.333910314755
0.333918780482
0.333923975808
0.333927948494
0.333932916866
0.333937587812
0.333935711551
0.33393681451
0.33393992947
0.333943042966
0.333944711808
0.333953731661
0.333961923032
0.333968720396
0.333974255742
0.333969546536
0.333976284314
0.333984591471
0.333985526049
0.333995459389
0.334000826099
0.334015422401
0.334022329352
0.33402852042
0.334038642635
0.334045696119
0.33405101629
0.334058558385
0.334066557383
0.334072854258
0.334074205295
0.334075396825
0.334081793293
0.334091108062
0.334094823655
0.33409998025
0.33410790714
0.334119334665
0.33412501227
0.334128559117
0.334134093541
0.334138283205
0.334143021584
0.334149275602
0.334153862814
0.334164024025
0.334171028573
0.334173429405
0.33417526568
0.334183630754
0.334184489815
0.334194001666
0.334204410019
0.334209139714
0.334211667336
0.334217195351
0.33422400249
0.334227994953
0.334229103023
0.334237714074
0.334241000717
0.334246686494
0.334255447549
0.334257567559
0.334256921073
0.334260320197
0.334265363594
0.33428117808
0.334285516169
0.334290074935
0.334294451815
0.334305511123
0.334306889562
0.334310383767
0.334312812531
0.334314533769
0.334318910752
0.334324859761
0.334326576028
0.334332154337
0.334341572902
0.334345827666
0.334352976325
0.334357519656
0.334358775537
0.33436750375
0.33437793584
0.334383010115
0.334389782191
0.334394601196
0.334396244731
0.33440018085
0.334407563246
0.33441131081
0.334418665428
0.334425107149
0.33443063548
0.334435847776
0.334440962808
0.334439099147
0.3344458595
0.334451284029
0.334452892067
0.33446678347
0.334472808467
0.334483632919
0.334489356471
0.334492760744
0.334489893322
0.334496132009
0.334496945876
0.334499404158
0.334499622614
0.334500087724
0.334504709195
0.334512572698
0.334519048387
0.334521621515
0.334526180868
0.334529489137
0.334533658892
0.33453702204
0.334542780708
0.334549289462
0.334549514404
0.334560505877
0.334563956176
0.334569494366
0.334581267189
0.334587479963
0.334598361598
0.334606799319
0.33460793668
0.334614258915
0.33462460303
0.334631484021
0.334636251643
0.334644456421
0.334651734064
0.33465703983
0.334664108573
0.334662113073
0.334668754757
0.334674105905
0.334681498307
0.334686376583
0.334690701112
0.334692750038
0.334696532595
0.334702471179
0.334707418291
0.334720349081
0.33471947665
0.334731687162
0.334737783066
0.334740510553
0.33474806247
0.334750725164
0.334762811681
0.334775000384
0.334779816494
0.334785925078
0.33479297814
0.334800341861
0.334806144182
0.334815117546
0.33481971873
0.334823495583
0.334827496503
0.334835643586
0.334837082212
0.334838386822
0.334845469497
0.334849227585
0.334850897435
0.334858485251
0.3348624532
0.334865406713
0.334868460175
0.334872577059
0.334881573249
0.334892659133
0.334899883857
0.334903823626
0.334909406655
0.334917388894
0.334920579753
0.334929722529
0.334937561839
0.334936598281
0.334937636273
0.334943317703
0.334945863299
0.334953758396
0.334959911465
0.33496400373
0.334969253898
