
row1col1
West 0.0
East 4.54261633238e-07
North 0.0
South 7.27195623367e-11

row1col2
West 0.0
East 1.06302474963e-08
North 1.14223939028e-08
South 4.04330158372e-05

row1col3
West 1.37516188115e-11
East 5.73831791715e-05
North 1.32548877893e-07
South 7.21051100987e-08

row1col4
West 1.0661072465e-06
East 0.00237114068758
North 5.23976551138e-08
South 1.70190234719e-07

row1col5
West 2.52782056406e-06
East 3.78338694902e-05
North 5.62218503564e-06
South 0.0267527742474

row1col7
West 2.02370955209e-10
East 0.000211145431531
North 4.18152013917e-08
South 8.81347413121e-09

row1col8
West 5.7982575971e-09
East 0.00409810668654
North 2.30960823733e-05
South 2.38117002916e-08

row1col9
West 5.14096154063e-07
East 4.87032018206e-05
North 3.85026111498e-05
South 0.0392364744449

row1col10
West 3.44604265914e-06
East 1.15361847963e-07
North 3.7316698449e-07
South 0.00936523820415

row1col11
West 0.0
East 8.15935414404e-08
North 4.19926831009e-07
South 0.0045107582764

row1col13
West 0.0559128161507
East 0.539546802954
North 0.0411315598302
South 0.065024418432

row1col14
West 0.128420265948
East 0.833224133245
North 0.318205762168
South 0.287393843686

row1col15
West 0.210836745731
East 0.171836373473
North 0.439658108261
South 0.969436354087

row1col16
West 0.204704353707
East 0.154174086123
North 0.17861175437
South 0.814294456356

row1col18
West 0.0034837776852
East 0.00643261925403
North 0.0027488396829
South 0.261649013102

row1col19
West 0.00676892962281
East 0.00270038821046
North 0.00800589525101
South 0.190641697645

row1col20
West 0.00196184527729
East 0.00178022413911
North 0.00220132812528
South 0.13524241166

row1col21
West 0.00553009957783
East 0.00192791162543
North 0.000370267733744
South 0.0318047077618

row1col22
West 0.00109290789488
East 0.00247907729393
North 2.56418147608e-07
South 0.0244378292569

row2col1
West 3.96409186097e-11
East 6.79954446217e-05
North 0.0
South 1.43934297219e-09

row2col2
West 3.82854174413e-11
East 4.24034163136e-07
North 2.29503051581e-09
South 0.00123394429564

row2col3
West 1.10749755533e-07
East 0.000714003397854
North 0.0
South 1.36760759948e-06

row2col4
West 2.18886050838e-07
East 0.0107197907787
North 1.10451458288e-08
South 0.000638204774822

row2col5
West 0.000110075962325
East 0.00655255594951
North 8.44172718698e-05
South 0.139378868774

row2col7
West 4.28163429179e-10
East 0.000226574523816
North 6.153685755e-09
South 0.00192232541948

row2col8
West 7.57780769956e-09
East 0.059307042092
North 5.86892761646e-06
South 0.0047698097161

row2col9
West 0.000903794188147
East 0.00125287212445
North 0.000768195328866
South 0.402080240461

row2col10
West 0.178446181628
East 0.00194880460482
North 1.54653808449e-06
South 0.00053101215055

row2col11
West 0.0434277992836
East 5.06964268487e-06
North 9.91979282213e-05
South 3.33200655908e-09

row2col13
West 0.468307712818
East 0.948295815272
North 0.235927532543
South 0.462898315339

row2col14
West 0.628705838529
East 0.999935130912
North 0.464061360993
South 0.676814932596

row2col15
West 0.0
East 0.0
North 0.0
South 0.0

row2col16
West 0.999947163722
East 0.640306978484
North 0.445465294953
South 0.502004749023

row2col17
West 0.945601299748
East 0.364734073319
North 0.324085303743
South 0.450422298836

row2col18
West 0.872011655436
East 0.170129478144
North 0.0436044823287
South 0.121428338581

row2col19
West 0.721893803539
East 0.0758207850052
North 0.0254981078751
South 0.0220387876617

row2col20
West 0.504040874653
East 0.0277834540789
North 0.0267759174096
South 0.00905799904208

row2col21
West 0.289604476727
East 0.0150733393775
North 0.00161944839201
South 0.00751262510595

row2col22
West 0.111243874091
East 0.0235926543436
North 0.000706616973627
South 0.00372460993359

row3col1
West 6.93960810716e-07
East 0.000147968955993
North 1.87507706884e-11
South 0.0

row3col2
West 1.71855483575e-09
East 0.00692785887727
North 2.69827755121e-05
South 3.26936527709e-05

row3col3
West 9.58798468336e-06
East 0.0363400626423
North 7.70781259746e-06
South 2.39350885661e-09

row3col4
West 0.000148352695784
East 0.127796101922
North 0.000251054214874
South 0.00382102763224

row3col5
West 0.000916619308413
East 0.0184222557683
North 0.00601545560753
South 0.328694296949

row3col7
West 4.69049810433e-05
East 0.0331564626961
North 0.000174557322383
South 9.60673014597e-10

row3col8
West 0.000910840264581
East 0.20517114406
North 1.27851155149e-05
South 0.00731870014361

row3col9
West 0.0102293182463
East 0.00292409042464
North 0.02739852596
South 0.570225099434

row3col10
West 0.109009602613
East 2.24220570054e-11
North 1.26871495259e-08
South 0.000404953032445

row3col11
West 6.96990653668e-08
East 4.9014944463e-07
North 0.00224060244004
South 0.0

row3col13
West 0.857277039062
East 0.9025
North 0.892105195209
South 0.812866848797

row3col14
West 0.855891721806
East 0.95
North 0.941161086021
South 0.901422532378

row3col15
West 0.894674325133
East 0.851938637643
North 1.0
South 0.947548885515

row3col16
West 0.545065417274
East 0.447841720902
North 0.940359557767
South 0.433801566028

row3col18
West 0.0352944220498
East 0.00759065116445
North 0.478413709443
South 0.0196633461982

row3col19
West 0.0193937439475
East 0.00630674602647
North 0.142009263936
South 0.00482425273482

row3col20
West 0.00574122654371
East 0.00328201836262
North 0.0948442370067
South 0.000764816403869

row3col21
West 0.0029238892452
East 0.00309637237466
North 0.0719152951264
South 0.00114368808155

row3col22
West 0.00569755394062
East 0.00502846562113
North 0.0258191769908
South 0.00168641042515

row4col5
West 0.0480092061681
East 0.0576216325606
North 0.0266945046074
South 0.454998815737

row4col9
West 0.247307687431
East 0.202013098763
North 0.160903786375
South 0.629298712713

row4col13
West 0.814137514831
East 0.813774809605
North 0.857375
South 0.77357420092

row5col1
West 3.95159557605e-23
East 0.0
North 2.02645926977e-23
South 5.30515914638e-06

row5col2
West 0.0
East 1.29734770995e-10
North 2.14958459251e-07
South 2.02941597365e-05

row5col3
West 3.66629303021e-12
East 2.75107751368e-21
North 1.45387498916e-09
South 4.82497442472e-05

row5col5
West 0.192930741351
East 0.53279278085
North 0.0885867961144
South 0.106291487861

row5col6
West 0.391719940364
East 0.568800043552
North 0.460432306372
South 0.39252876353

row5col7
West 0.459008434255
East 0.598736935556
North 0.480537884059
South 0.395209030706

row5col8
West 0.538475727503
East 0.630249409536
North 0.539395874435
South 0.364430892811

row5col9
West 0.575542814086
East 0.663420431286
North 0.541955186612
South 0.486561202276

row5col10
West 0.618183404378
East 0.698337296094
North 0.641480128337
South 0.594793896908

row5col11
West 0.652838291409
East 0.735091890625
North 0.683177570544
South 0.587319869229

row5col12
West 0.691912631065
East 0.7737809375
North 0.726885430683
South 0.662099027584

row5col13
West 0.734067841765
East 0.733924444786
North 0.81450625
South 0.730994117554

row5col14
West 0.7737809375
East 0.688662165858
North 0.719029059667
South 0.608634299635

row5col15
West 0.735091890621
East 0.642376089685
North 0.683472848611
South 0.576576656497

row5col16
West 0.698337295968
East 0.612561423521
North 0.623086084304
South 0.562260703125

row5col17
West 0.663420429083
East 0.473261514624
North 0.583451780576
South 0.540344042068

row5col18
West 0.599246124424
East 0.132115038939
North 0.0486091045729
South 0.100368842347

row5col20
West 2.09391752582e-05
East 2.37537655551e-05
North 0.000214766674868
South 0.0412605158233

row5col21
West 3.14189943946e-05
East 1.58480051245e-08
North 1.59570392079e-05
South 0.00928964295069

row5col22
West 0.000233837262544
East 4.71705886225e-06
North 1.66781148873e-10
South 1.2179212992e-06

row6col1
West 7.51235777092e-12
East 0.000137290848329
North 2.02645926977e-23
South 1.56560025638e-10

row6col2
West 5.07641357698e-07
East 1.62386754357e-09
North 1.10281337244e-07
South 0.00158309004421

row6col3
West 2.26102674589e-10
East 2.53384308633e-09
North 1.16340732925e-09
South 0.00453451274987

row6col5
West 0.0529704305963
East 0.4576572353
North 0.0756510390524
South 0.0452453406568

row6col6
West 0.278456678689
East 0.323345966863
North 0.54035934447
South 0.365589080625

row6col7
West 0.0537060435972
East 0.17214075013
North 0.548078364138
South 0.129052697286

row6col8
West 0.0890963982612
East 0.242061541636
North 0.551877631415
South 0.0996382491751

row6col9
West 0.119259562806
East 0.210047445404
North 0.609400184893
South 0.0454410619746

row6col10
West 0.182434989807
East 0.352393636779
North 0.662869953479
South 0.133408244316

row6col11
West 0.204444966927
East 0.296864609726
North 0.685614793313
South 0.217643826244

row6col12
West 0.157073294309
East 0.448736056149
North 0.730644860759
South 0.29569960003

row6col13
West 0.437321942527
East 0.343278762618
North 0.77315902511
South 0.540312888665

row6col14
West 0.394047366644
East 0.211690795935
North 0.719422998488
South 0.240887000193

row6col15
West 0.245596968233
East 0.175652345207
North 0.686369535555
South 0.256816732702

row6col16
West 0.337036536299
East 0.279357232835
North 0.656932392498
South 0.241258705179

row6col17
West 0.522232072576
East 0.418177245594
North 0.6302493865
South 0.497574563082

row6col18
West 0.584898381744
East 0.0248504582064
North 0.163308075451
South 0.112857314646

row6col19
West 0.440921029035
East 0.00595480113854
North 0.0713830340273
South 0.0275304006639

row6col20
West 0.243019449417
East 0.00325963851748
North 0.00412602727856
South 3.42608220324e-05

row6col21
West 0.0819898748391
East 3.38649899147e-05
North 1.12178517796e-05
South 4.70682721514e-07

row6col22
West 0.00619121978246
East 5.62786410308e-05
North 4.77205663256e-06
South 3.08766513273e-06

row7col1
West 9.33819559203e-12
East 0.000199407775991
North 4.01710713303e-24
South 2.66757401099e-05

row7col2
West 5.81067695619e-06
East 0.0125587610167
North 0.0
South 4.28896664535e-05

row7col3
West 2.10997265475e-06
East 6.02058410216e-05
North 1.11352010283e-08
South 0.0653705021439

row7col5
West 0.0478650204439
East 0.376162843693
North 0.0680679758711
South 0.0330429718417

row7col6
West 0.189530061473
East 0.391927776935
North 0.513335994769
South 0.314006296103

row7col10
West 0.102909820551
East 0.190594125187
North 0.611103470413
South 0.0869689149595

row7col17
West 0.420824990217
East 0.241956108426
North 0.598736652603
South 0.435629854005

row7col18
West 0.48461784891
East 0.071595931247
North 0.0627414763441
South 0.0321627111642

row7col20
West 0.00105116606576
East 2.53155913074e-06
North 0.039134477548
South 0.000130701144355

row7col21
West 0.0010976046637
East 2.60999670418e-08
North 4.35684653696e-05
South 3.28541800475e-14

row7col22
West 1.68482974603e-14
East 0.0
North 0.000194624750655
South 2.90973561842e-09

row8col1
West 1.32801465966e-07
East 0.00385121419035
North 0.0
South 2.68713741013e-05

row8col2
West 2.7971643118e-07
East 0.0413203775878
North 7.17877487867e-06
South 0.0

row8col3
West 0.00145343919632
East 0.202980542494
North 0.000905689045122
South 0.00134831826187

row8col4
West 0.0122010808836
East 0.335136506619
North 0.00374164569508
South 0.0294903060044

row8col5
West 0.0415533110576
East 0.437297203984
North 0.0357211601954
South 0.0213859416309

row8col6
West 0.1655002442
East 0.325662532036
North 0.487646607007
South 0.209081210758

row8col8
West 3.61880208147e-07
East 0.0310961122474
North 0.000116233729185
South 5.88743253956e-05

row8col9
West 0.00046402820587
East 0.181076189241
North 0.00478038045046
South 0.000196611740833

row8col10
West 0.0146856585169
East 0.0570379141864
North 0.522026069981
South 0.0100518169157

row8col11
West 0.350350381372
East 0.00772846896354
North 0.0488159681164
South 0.00550898423658

row8col12
West 0.163013761691
East 0.00389353480713
North 0.00909559568972
South 0.000141544977079

row8col13
West 0.0606933218989
East 0.000144492787267
North 0.00238960987001
South 7.50840003145e-11

row8col14
West 0.0130453698221
East 3.33632135739e-05
North 0.000565510279604
South 7.15765927873e-05

row8col15
West 0.00158511279735
East 2.7027896514e-08
North 9.75431839922e-10
South 4.11517512144e-11

row8col17
West 0.441642926898
East 0.222891989911
North 0.568798217248
South 0.404565623786

row8col18
West 0.418762123187
East 0.0785661343328
North 0.0676892984439
South 0.0461478005043

row9col5
West 0.00392912084666
East 0.231646149949
North 0.0296747195119
South 0.000117869107817

row9col6
West 0.0521226138807
East 0.188059904238
North 0.463107476533
South 0.174550837469

row9col8
West 0.0
East 0.000417391285972
North 0.0031067360291
South 4.163396712e-08

row9col9
West 1.90290275851e-08
East 0.0129515369481
North 0.0
South 0.0

row9col10
West 2.0115014622e-05
East 0.00241860870904
North 0.173874241666
South 0.000416381460049

row9col11
West 0.0112262627384
East 0.000351571402631
North 0.0563881724418
South 0.000419872977269

row9col12
West 6.88141541345e-11
East 5.59281483566e-06
North 0.0128710414402
South 0.0

row9col13
West 0.0
East 2.13503847957e-05
North 0.00686379114345
South 1.86983717295e-05

row9col14
West 0.00012570279897
East 2.60247741625e-17
North 0.00143558665405
South 8.92286044829e-14

row9col15
West 1.63232422937e-05
East 2.77507090612e-08
North 8.66267889972e-10
South 2.77067225631e-08

row9col17
West 0.418126265418
East 0.185137409275
North 0.540351629446
South 0.416589946794

row9col18
West 0.402414775207
East 0.0410735915141
North 0.0591385727085
South 0.0118936290906

row9col20
West 0.0
East 8.24865473742e-08
North 9.79204437462e-15
South 4.97649065108e-14

row9col21
West 9.79204437462e-15
East 0.0
North 1.82244769292e-12
South 1.08975205772e-05

row9col22
West 0.0
East 0.0
North 0.0
South 9.42606563461e-08

row10col1
West 1.91640973777e-12
East 1.10517419283e-05
North 0.0
South 0.0

row10col2
West 0.0
East 1.48664629868e-08
North 1.38906170437e-11
South 0.000458630453663

row10col3
West 0.0
East 1.23724996573e-10
North 2.15419336555e-07
South 0.000635693050772

row10col5
West 0.00880787797576
East 0.165334294057
North 0.00372170298914
South 1.09871790166e-06

row10col6
West 0.0315077868246
East 0.1515683282
North 0.439275923594
South 0.111012145049

row10col17
West 0.389495212271
East 0.183094587537
North 0.51330940234
South 0.339104606694

row10col18
West 0.36336748774
East 0.0147447806677
North 0.0618424821725
South 0.0164815556523

row10col20
West 3.31640701624e-12
East 1.78522208986e-05
North 1.1976182437e-13
South 0.0

row10col21
West 1.59916391092e-11
East 1.31001294084e-15
North 1.72891082569e-11
South 0.000499808767762

row10col22
West 1.19570122028e-05
East 0.0
North 0.0
South 6.80424110766e-09

row11col1
West 1.62503077527e-09
East 0.000299889700846
North 6.60450287263e-13
South 4.83391298626e-10

row11col2
West 9.62767798184e-08
East 0.00766833638149
North 1.33818351854e-13
South 9.21883076049e-08

row11col3
West 2.62104020263e-07
East 0.041110662785
North 4.96119599158e-07
South 2.14353553252e-06

row11col4
West 3.22869817018e-05
East 0.141618460133
North 0.00201954124747
South 3.13495872989e-07

row11col5
West 0.000382008812628
East 0.301702658623
North 0.00526938377557
South 2.92568412298e-05

row11col6
West 0.0462657409816
East 0.064558050157
North 0.415098507777
South 0.0613902953604

row11col8
West 5.01973828837e-36
East 3.95639307467e-11
North 0.0
South 0.0

row11col9
West 1.88397333539e-19
East 2.50255216591e-21
North 8.90963596642e-13
South 5.26817057897e-07

row11col10
West 8.94236576129e-09
East 6.28689861619e-15
North 0.0
South 1.67455293322e-15

row11col12
West 1.2115181924e-13
East 3.47643146899e-10
North 1.65412013445e-11
South 2.86888267413e-07

row11col13
West 8.82012898035e-12
East 5.35904957772e-11
North 4.40638198159e-11
South 0.0017701643114

row11col14
West 2.31610091016e-11
East 9.25653774741e-10
North 4.08832701873e-08
South 0.0100623060468

row11col15
West 0.000273495526971
East 0.0
North 7.30612511798e-05
South 0.00906059797537

row11col17
West 0.258449046674
East 0.128962620437
North 0.487565414846
South 0.295248955986

row11col18
West 0.317067952164
East 0.0107798711976
North 0.0327155289739
South 0.0103220708419

row11col20
West 1.31069191884e-11
East 0.000179576364084
North 0.0
South 3.07364801162e-11

row11col21
West 1.46465442092e-12
East 1.81246982627e-10
North 3.7395968644e-07
South 0.00444053544051

row11col22
West 6.54679583626e-13
East 1.07082377173e-11
North 6.40987317146e-12
South 2.62500355081e-05

row12col1
West 3.91805499539e-09
East 7.82636061627e-09
North 2.21432910071e-06
South 1.86112549797e-10

row12col2
West 1.97134454167e-09
East 1.32164106643e-07
North 0.0001645555915
South 7.18933708196e-07

row12col3
West 0.0
East 9.90171137385e-08
North 0.00123024236056
South 6.16975716284e-06

row12col5
West 2.88617299424e-05
East 0.0651570702865
North 0.000605556790184
South 0.00331115685844

row12col6
West 0.00864851986976
East 0.0581215242897
North 0.385892840359
South 0.0521924258185

row12col8
West 0.0
East 1.52364926991e-09
North 0.0
South 7.53865217842e-18

row12col9
West 3.86597547611e-18
East 1.10788367097e-15
North 8.80313620938e-13
South 1.74598986767e-05

row12col10
West 5.82767664571e-19
East 8.51848036354e-16
North 9.53091350657e-11
South 0.0

row12col12
West 6.12214959277e-09
East 0.00148258480797
North 8.76687751125e-18
South 1.56638143917e-06

row12col13
West 6.49551129544e-09
East 0.0188417451553
North 5.79500533401e-05
South 0.000615211094864

row12col14
West 0.000397155286628
East 0.0969863490451
North 4.08872048286e-08
South 9.75852168824e-05

row12col15
West 4.11581806763e-05
East 0.241739169528
North 0.000273561520255
South 0.0022234218876

row12col16
West 0.0167438873562
East 0.380738730469
North 0.0578069087211
South 0.0479951806737

row12col17
West 0.123277542995
East 0.0771393868852
North 0.462982073645
South 0.239232725425

row12col18
West 0.218774329092
East 0.000652889076135
North 0.0419233382931
South 0.0149156578713

row12col20
West 0.0
East 0.000702426505289
North 1.3102247573e-11
South 0.0

row12col21
West 8.41512846967e-13
East 7.86175606213e-07
North 1.00850830237e-08
South 0.0203561404691

row12col22
West 0.00125494106644
East 6.96128424101e-11
North 0.0
South 4.90426319365e-08

row13col5
West 0.00190708089061
East 0.105886570806
North 0.00036826090401
South 0.00115690397513

row13col6
West 0.0145071684462
East 0.0295576772093
North 0.350457524268
South 0.0240794391915

row13col9
West 8.67300621628e-16
East 8.90992513265e-10
North 2.176620625e-08
South 0.000349529552955

row13col17
West 0.211083142108
East 0.095229198872
North 0.439183974722
South 0.228475045261

row13col18
West 0.253935226728
East 0.0269890339251
North 0.00725458004395
South 0.0120619501051

row13col21
West 0.000488935326834
East 0.000196493835745
North 0.000107530062853
South 0.0543561365033

row14col1
West 1.01269148657e-14
East 3.68855334012e-10
North 0.0
South 1.18027050638e-14

row14col2
West 1.31338311132e-15
East 4.44582705556e-15
North 1.07973354553e-13
South 0.000100358798904

row14col3
West 4.71292827523e-09
East 9.13337255799e-06
North 0.0
South 0.000204127431457

row14col4
West 0.0
East 0.00644840208979
North 4.0334523663e-08
South 0.000192281527537

row14col5
West 6.53262468563e-09
East 0.0632322594235
North 0.00388200245523
South 0.000202930101807

row14col6
West 0.00415034660545
East 0.00167138697949
North 0.306125523635
South 0.00595255721798

row14col7
West 0.107911351376
East 0.00110294154939
North 0.00162349510811
South 3.78759380749e-05

row14col8
West 0.0267640045475
East 2.57427796635e-11
North 0.000368072944532
South 0.0

row14col9
West 0.00419829513338
East 8.77127219857e-07
North 7.28048403467e-10
South 9.83819543048e-10

row14col10
West 3.79913720174e-11
East 6.62169145937e-05
North 6.4201015939e-11
South 1.00123072777e-08

row14col11
West 2.64057782828e-10
East 0.0012546363865
North 4.70348171531e-07
South 1.4112109038e-06

row14col12
West 1.57141888763e-07
East 0.0131330299472
North 1.33915408357e-05
South 5.39225205634e-06

row14col13
West 0.000269035809667
East 0.0621701400768
North 0.000407439322396
South 2.03873252964e-05

row14col14
West 0.00187912295559
East 0.175985286076
North 0.0119670322043
South 0.00225778099035

row14col15
West 0.0120224640812
East 0.351094347337
North 0.0773300755217
South 0.0697047953714

row14col16
West 0.0759742879061
East 0.387456591966
North 0.0600451004775
South 0.0216423137603

row14col17
West 0.11445627039
East 0.130316776757
North 0.415534587948
South 0.0855863848071

row14col18
West 0.365950166166
East 0.0451228004749
North 0.0461941235338
South 0.00545891461268

row14col19
West 0.292710292592
East 0.0222548579359
North 0.0385652076407
South 0.00253733692777

row14col20
West 0.206544199401
East 0.00297275766393
North 0.0148318048456
South 0.00104715829753

row14col21
West 0.118449956503
East 0.000861850914531
North 0.0015754467064
South 1.72652238286e-05

row14col22
West 0.0191791382675
East 5.0805719078e-06
North 8.95146658075e-10
South 2.35872841094e-08

row15col1
West 7.67995677054e-19
East 8.76679014342e-05
North 3.64797946601e-20
South 1.42828873611e-15

row15col2
West 1.00517853139e-07
East 0.00447678986875
North 3.69287031293e-10
South 2.06923588937e-05

row15col3
West 1.67634004373e-07
East 0.0159504063807
North 6.47868040558e-08
South 9.41193047403e-05

row15col4
West 0.000959724037071
East 0.0443582457341
North 0.000217906755872
South 4.70976114956e-08

row15col5
West 4.37623499428e-07
East 0.114475926104
North 0.00406002687954
South 0.00539411700083

row15col6
West 0.00262011174689
East 0.00190233967642
North 0.243181785452
South 0.0135191087011

row15col7
West 0.148522491482
East 1.77921316805e-05
North 0.00297413624868
South 0.00091569323291

row15col8
West 0.00164321868993
East 4.96846245724e-16
North 1.51621336656e-12
South 6.54079693683e-13

row15col9
West 1.10229342455e-16
East 1.53008797714e-13
North 6.11213781121e-06
South 2.00415610358e-10

row15col10
West 7.74415097895e-15
East 2.53267328863e-08
North 2.19609187396e-06
South 1.98538007623e-11

row15col11
West 1.24874549965e-09
East 5.87988728528e-11
North 4.1014003531e-05
South 2.04484092051e-08

row15col12
West 1.10242635217e-07
East 9.78542604002e-10
North 0.000672977533392
South 2.47139892804e-11

row15col13
West 6.63098936742e-07
East 0.00296944431591
North 0.000115315009408
South 2.19312331425e-07

row15col14
West 2.16712912988e-05
East 0.0809967650434
North 0.00463668275447
South 0.001329244766

row15col15
West 0.00881131623155
East 0.00234017976705
North 0.298524192328
South 0.0157891262866

row15col16
West 0.0114447615215
East 0.00200636347113
North 0.127897555439
South 0.00684351847575

row15col17
West 0.000445624689813
East 0.00479539883357
North 0.204741937602
South 0.00450888083714

row15col18
West 0.00565828052303
East 0.000775803062674
North 0.0334664140609
South 0.000933241751676

row15col19
West 0.00244468505711
East 3.19344775654e-14
North 0.0360196877788
South 3.00586586869e-05

row15col20
West 6.42061077749e-07
East 4.64249654439e-18
North 0.0339528750315
South 0.00020700117302

row15col21
West 0.000904788826669
East 8.40079737165e-11
North 0.0
South 5.11856643684e-07

row15col22
West 4.22439855138e-10
East 0.0
North 0.000673925947767
South 4.30897593172e-11

row16col2
West 4.25366800633e-09
East 4.23182635877e-09
North 0.000973262614233
South 3.75971677559e-09

row16col7
West 0.00377070956287
East 0.00196042225708
North 0.0727642717686
South 0.000117910529826

row16col15
West 0.0183348256314
East 0.0124419466537
North 0.231524115466
South 0.00609528434425

row17col1
West 0.0
East 1.63815417033e-07
North 0.0
South 1.00453009387e-09

row17col2
West 9.10287100858e-09
East 1.76653479122e-08
North 0.000129320652902
South 5.40265775727e-08

row17col3
West 2.08521077715e-06
East 2.69719534103e-25
North 2.45440788535e-15
South 1.19543283813e-22

row17col4
West 0.0
East 0.0
North 0.0
South 9.83564594256e-13

row17col6
West 0.0
East 0.00365759640417
North 0.0
South 0.0

row17col7
West 9.5811544378e-06
East 1.22678146796e-06
North 0.02909341892
South 1.41695371738e-05

row17col8
West 0.00224946794961
East 5.76545389949e-13
North 2.35415045475e-18
South 0.0

row17col9
West 0.0
East 1.25918951415e-17
North 1.18290562048e-14
South 1.52272907681e-07

row17col10
West 3.20893066524e-10
East 0.0
North 0.0
South 0.0

row17col11
West 0.0
East 0.0
North 0.0
South 1.77133889949e-11

row17col13
West 1.18292682792e-18
East 1.63236433072e-05
North 4.37463479046e-18
South 0.0

row17col14
West 2.90270964392e-10
East 0.0120141378806
North 2.62525988938e-14
South 1.17177223547e-09

row17col15
West 0.000210642799105
East 0.00139812909073
North 0.158784974236
South 0.00257396536393

row17col16
West 0.078934909506
East 0.00101022011927
North 0.000997107002247
South 1.81810466889e-05

row17col18
West 8.7332871654e-20
East 1.62655786933e-17
North 7.41896436812e-10
South 2.85814489852e-05

row17col19
West 1.5439108833e-12
East 5.14718513074e-16
North 1.03257824731e-11
South 5.75755384316e-06

row17col20
West 0.0
East 2.33073373764e-16
North 1.23139172642e-16
South 1.53632032789e-08

row17col21
West 7.66675041167e-24
East 7.28951903339e-16
North 8.17084570604e-17
South 4.85618283249e-10

row17col22
West 1.42231279667e-12
East 1.8273049675e-28
North 7.28951903339e-16
South 1.15464288917e-18

row18col1
West 2.00476877084e-22
East 3.66608356818e-07
North 0.0
South 9.59358382035e-24

row18col2
West 3.34588847489e-10
East 1.33300585623e-10
North 1.83003539935e-05
South 7.15041338205e-13

row18col3
West 7.33557117723e-07
East 0.0
North 8.44466017705e-24
South 0.0

row18col4
West 1.84379513409e-09
East 0.0
North 0.0
South 0.0

row18col6
West 0.0
East 1.7099019328e-07
North 0.000279765855354
South 4.04409025215e-19

row18col7
West 3.29252694539e-06
East 2.24956037677e-08
North 0.00638268868219
South 7.89466690816e-08

row18col8
West 0.00101683304773
East 1.14394125286e-08
North 1.02978796559e-05
South 1.36582014285e-09

row18col9
West 0.000130903607259
East 2.59390553069e-15
North 1.4385744986e-13
South 1.21173366744e-15

row18col10
West 5.26553426972e-06
East 0.0
North 0.0
South 0.0

row18col11
West 6.31032070554e-08
East 0.0
North 0.0
South 3.99532796969e-13

row18col13
West 9.5742115453e-11
East 0.000366350351978
North 0.0
South 0.0

row18col14
West 1.30253616806e-11
East 0.0046428218056
North 9.39302105539e-10
South 1.07970367599e-10

row18col15
West 6.56483849126e-10
East 4.91648216271e-06
North 0.0471252474804
South 5.01822885721e-06

row18col16
West 2.92598395765e-05
East 0.000124362814166
North 0.0331612091148
South 6.11899878954e-06

row18col17
West 0.0108441494119
East 3.38359151599e-07
North 9.42970493164e-06
South 2.05021474383e-05

row18col18
West 0.00263093210462
East 1.56883228635e-09
North 2.1725656326e-09
South 2.21067975952e-12

row18col19
West 0.000490639790201
East 3.49627204827e-07
North 2.89786355773e-11
South 2.43515341801e-11

row18col20
West 2.96020894305e-05
East 8.79223867838e-14
North 1.17836961527e-12
South 6.64104115457e-12

row18col21
West 1.30106236412e-06
East 6.76053633722e-16
North 1.45750248304e-11
South 7.48335051475e-16

row18col22
West 5.73424484638e-11
East 6.24489124648e-18
North 3.92214784011e-17
South 3.28033608044e-28

row19col1
West 2.22886846871e-23
East 6.13042481093e-23
North 2.77213332508e-09
South 8.92435226876e-23

row19col2
West 4.33997902578e-16
East 5.14368731393e-16
North 1.29417388708e-06
South 4.73894526452e-15

row19col3
West 4.03459363598e-10
East 0.0
North 2.4416788387e-15
South 0.0

row19col4
West 1.15992684006e-13
East 0.0
North 0.0
South 0.0

row19col6
West 0.0
East 0.0
North 1.98708905221e-06
South 0.0

row19col7
West 0.0
East 4.82186779289e-15
North 0.000119870300783
South 0.0

row19col8
West 1.51685407778e-14
East 8.19107448571e-12
North 3.17730913173e-06
South 8.79486856981e-09

row19col9
West 2.70852210952e-11
East 5.28114320959e-18
North 6.11207849336e-06
South 8.19121962581e-12

row19col10
West 1.03775171877e-07
East 2.07817012354e-13
North 2.57409507105e-18
South 8.35989947941e-12

row19col11
West 1.14648033319e-10
East 3.00546164299e-15
North 7.88259579638e-18
South 0.0

row19col13
West 2.45087519249e-11
East 1.8806165591e-06
North 8.18023103448e-15
South 6.13688717277e-13

row19col14
West 2.9297226323e-11
East 0.000263970229376
North 1.2770315647e-09
South 0.0

row19col15
West 1.60997955787e-10
East 1.45990371063e-07
North 0.00654368279399
South 4.34373010938e-09

row19col16
West 4.92494679149e-09
East 4.56174056863e-10
North 0.00078067891525
South 1.46138208572e-07

row19col18
West 0.0
East 7.06444228527e-07
North 7.69765493052e-24
South 0.0

row19col19
West 8.69354889768e-13
East 4.54293956186e-13
North 4.67451216113e-05
South 1.45138398443e-10

row19col20
West 2.3769078962e-07
East 1.38028612488e-13
North 9.56407913511e-12
South 7.16037640725e-20

row19col21
West 0.0
East 1.73619475602e-28
North 3.73467642003e-08
South 0.0

row19col22
West 7.67218985499e-10
East 0.0
North 1.73510258828e-20
South 3.20390738838e-22
