0.0
0.0
0.0
0.0
0.01547561875
0.0128963489583
0.0233022276786
0.0205130537776
0.0182338255801
0.0201369009373
0.0183062735794
0.0244663381495
0.0253418961566
0.0275946185188
0.0348333621334
0.0328679365978
0.0309345285626
0.0295467133931
0.0289780817294
0.0275868441524
0.0294997577661
0.0281588596858
0.0269345614386
0.0258122880453
0.0282092965235
0.0271243235803
0.026874929469
0.0259151105594
0.0250214860573
0.0241874365221
0.0234961762809
0.0227619207721
0.024950953476
0.0262866512064
0.0255356040291
0.024826281695
0.0292222888513
0.0284532812499
0.0278844077904
0.0273439780038
0.026677051711
0.0260418838131
0.0254362586082
0.0248581618216
0.0243464239674
0.0247294300234
0.0242032719378
0.0237141805572
0.0237275120307
0.0234849262327
0.023024437483
0.0225816598391
0.0222738401502
0.0218613616289
0.0214638823266
0.0213927855256
0.0210174734988
0.0206551032661
0.02030501677
0.0204289157791
0.0208934826993
0.0205564910428
0.0213386694328
0.0210052527229
0.0218876255832
0.0215559948926
0.0212342636255
0.0220227946991
0.0221267962604
0.0221831399752
0.0220612308971
0.0227247378236
0.0224134400452
0.0223592393828
0.0238545161632
0.0254355444619
0.0251052127156
0.0261457512234
0.0260729022532
0.025746990975
0.0254291268889
0.0251190155854
0.0248276948512
0.0248152542997
0.0245233101315
0.0242381553625
0.0244920745309
0.0243057949463
0.0248586420712
0.0245824349371
0.0243122982894
0.0240480341776
0.0247113617671
0.024474958217
0.0242253812127
0.0240878075649
0.0238394796519
0.024427348482
0.0241806075882
0.0239388015123
0.0237017836756
0.0234694132474
0.0232415548663
0.0236340958914
0.0234090092638
0.0233323247861
0.023114265676
0.0229002446975
0.0227228552345
0.0225162838232
0.0223134344194
0.0221142073264
0.0219316967531
0.0222921638076
0.0220983189049
0.0219436592537
0.0221520820209
0.0219727324823
0.0217880876715
0.0216065202743
0.022213077958
0.0223248444685
0.0221433416679
0.0220583003813
0.0227370938397
0.0225879892012
0.0224101310185
0.0228713848777
0.0231129711094
0.022935179024
0.0228877920533
0.0227143996893
0.0225436147292
0.0223883523839
0.0222319788713
0.0220921645112
0.0221487074265
0.0220021680392
0.0224204003756
0.0226462261498
0.0224856146168
0.0224865365784
0.0223292880708
0.0221742235703
0.0220212978905
0.0220101292925
0.0219991126481
0.0222347943818
0.0221279311782
0.0223697303362
0.0226016378404
0.0230170053546
0.0229475717735
0.0227985615672
0.0228346674386
0.0228661051942
0.0227204612121
0.0225766608246
0.0224346692471
0.0231454593284
0.0231739903718
0.0230309410485
0.0228896469316
0.0231151594133
0.0230217008564
0.023162107014
0.0232171444241
0.0230789471358
0.0229423853185
0.0229102681194
0.0227762899432
0.0226438696529
0.0225129802329
0.0224790455097
0.022424447493
0.0223480272413
0.0222217672004
0.0224976495945
0.0224296161932
0.0224823971391
0.0228205472258
0.0231426905102
0.0230252525153
0.0229001152734
0.0228533015375
0.0227402728108
0.0229295015275
0.0233128552428
0.0232773816087
0.0232678368444
0.0231460157091
0.0230254635439
0.0229127820136
0.0236510713344
0.0238879054794
0.0237748981069
0.0237349046808
0.0236181789682
0.0235461826008
0.0235902184603
0.0234728541893
0.0238269489706
0.0238534117955
0.0237877940684
0.0241991403438
0.0240816687888
0.024013370996
0.0239159625486
0.0243654355319
0.0242494096484
0.0241541887466
0.0240608983794
0.0240300136991
0.0240927614919
0.0245423953323
0.0246789398389
0.0245887359082
0.0244759435417
0.0248206975626
0.0247638994274
0.0246518455838
0.0245408012343
0.0247025958712
0.0245923164254
0.0250886382028
0.0250254337929
0.0249241219908
0.0251210939541
0.0253408571935
0.0253641274891
0.0252543260714
0.0251454712176
0.0250760678355
0.0250054851059
0.0250203586692
0.0253803953927
0.0259452320749
0.0259176098747
0.0258602502304
0.0260493730066
0.0261562697496
0.026057005715
0.0259497752388
0.0263157959188
0.0262154802639
0.026108913271
0.0260323857313
0.025927416434
0.0263837510302
0.0266251469289
0.0265190706463
0.0271151315364
0.0271649588104
0.0274776836568
0.0273699280347
0.027565272432
0.0277810199693
0.0276921379249
0.0277564276545
0.028135117306
0.0280765582959
0.0283463180669
0.0282385373898
0.0282049487954
0.0283333778587
0.028255788083
0.0283187794147
0.0282131123274
0.0281082308689
0.0281028990404
0.0279991983059
0.027915027308
0.0278127744607
0.0277112679846
0.0276664739349
0.0275748017709
0.0275093578093
0.0279788383243
0.0278785557496
0.0279208517357
0.0278518300535
0.027839654531
0.0278973058089
0.0278941031561
0.0278578153472
0.0278625044629
0.0278045603299
0.0278460786309
0.0277533270803
0.0276576259524
0.0280603466019
0.0284653940736
0.0283931905875
0.0285648521917
0.0285947024404
0.0288948653163
0.0287975762075
0.0290225769708
0.0290569417251
0.0289912005743
0.0289668294072
0.0289588050168
0.0292707285023
0.0298550863059
0.0298038231029
0.0299405178724
0.0301263189865
0.0300531825558
0.0302562193534
0.0304802213052
0.0304455507968
0.0309791296847
0.0308801548295
0.0311024022303
0.0311267202421
0.0312599420389
0.0314253288552
0.031362979463
0.0315590692253
0.031488492394
0.0314812306114
0.0314159702539
0.0313675552422
0.0315233670251
0.0318494155652
0.0317765629748
0.0317369730845
0.0318029410867
0.0318107012859
0.0317197880835
0.0316331916379
0.0315379109402
0.0315471853929
0.0314803557463
0.0314574498396
0.0316385433903
0.0316516268221
0.0318135850692
0.0318353794864
0.0317605828061
0.0320045001657
0.0319756835545
0.0321059520423
0.0320337236568
0.0319970205402
0.0321032038737
0.032096463359
0.032039314484
0.031978852932
0.0320767816778
0.032251224934
0.032221912674
0.0323636315764
0.0326360868411
0.0328578078584
0.0327862066493
0.0327564096185
0.0326649112676
0.0327667860059
0.0326830461853
0.0328092976461
0.0327607217065
0.0326993075847
0.0330565763328
0.0333113496411
0.0333279398449
0.0333170581191
0.0332847627733
0.0332481806212
0.0334028519577
0.0334175820776
0.0334470688007
0.0335632375536
0.0336337978349
0.0337121742166
0.0336347667849
0.0338293266235
0.0339275329464
0.0340352392602
0.0339753485853
0.0344528890088
0.0346471290665
0.0348022483861
0.0348031842498
0.0349568263032
0.0349175284046
0.0349660339004
0.0350986398889
0.0350230579257
0.0350239887078
0.035017532087
0.034977617843
0.0350825176438
0.0350383080485
0.0350112653611
0.035017840454
0.0349336163959
0.0348488938215
0.0349000706566
0.0348289744205
0.0348096055658
0.034830945845
0.0348782585974
0.0348782782953
0.034907323272
0.0349281412097
0.0348764555953
0.0350463470839
0.0349937246217
0.0349653485186
0.0349153355958
0.0348540900332
0.0348527260604
0.0349157396975
0.0348519114771
0.0348662394073
0.0348600994206
0.0348202248596
0.0352519610035
0.0352407579672
0.0353681750633
0.0353145640085
0.0352481587113
0.0354182520379
0.0354221982453
0.0358181180121
0.0358290930332
0.0358345769738
0.0362325732456
0.0362163802039
0.0362026789692
0.0363052915609
0.0363348741624
0.0365171859453
0.0367544869804
0.0370159357007
0.037016272188
0.0371641475504
0.0373341432231
0.0373255796553
0.0376747158723
0.0377132371031
0.0377001715259
0.0376750383864
0.0377145089571
0.0377913809643
0.0377927245309
0.0378041866476
0.0377912007695
0.0381008004989
0.0380889897399
0.0384685714846
0.0384352848601
0.0384106354097
0.0384099922015
0.0385041991411
0.0385354429637
0.0385784611635
0.0390355742164
0.0392466131924
0.0392365868633
0.0392119194482
0.0392508575294
0.0392951961425
0.0392550502884
0.0392332530977
0.0391692060118
0.0393339063904
0.0398523140351
0.0398519927454
0.0400914036034
0.0401695032966
0.0402183118796
0.0405256633938
0.0404950465877
0.0404219029728
0.04050206486
0.0404951744431
0.0404479307355
0.0404963503037
0.0404920260739
0.0405353947203
0.0405016944952
0.0405804759685
0.040849227382
0.0408289884545
0.0408531508169
0.040837727784
0.0408133359411
0.0408029333909
0.0408298255932
0.0407979551248
0.0408370151353
0.0410219087902
0.0411620665282
0.0413100869668
0.0413839679689
0.041401866963
0.0413876029852
0.0414904618528
0.0416664659931
0.0416553824916
0.0417572115058
0.0418209197039
0.0419338573156
0.0419519073698
0.0419507459752
0.0421665207006
0.0422154225948
0.0422945069743
0.0423264037617
0.042510059611
0.0425517953997
0.0425463857167
0.0426253774799
0.0426800369804
0.0427140824185
0.0427130200386
0.0427222711183
0.0427001017528
0.0428276032534
0.0431920650244
0.0433235755253
0.0435754625128
0.0435467344578
0.0435323518861
0.0435896815887
0.0436457882531
0.0436219935231
0.0436094046525
0.0436358045299
0.043939840683
0.0440114612844
0.0440258548888
0.0441148237326
0.0440576711946
0.0441872769786
0.0442032322521
0.0442938430495
0.0443332934965
0.044453574998
0.0444323002301
0.0446026230021
0.0445768645074
0.0447535371647
0.0448808882233
0.0449181096307
0.0450580531828
0.0452729549454
0.0452730541439
0.045244025385
0.0451953603263
0.0453113447768
0.0453886583801
0.0454789737868
0.0455053562054
0.0455528730074
0.0456297875391
0.0456200224782
0.0457009273828
0.0458713449635
0.0459605143435
0.0460014712591
0.0460706126576
0.0461527184866
0.0461247430716
0.0461066407481
0.0461462273623
0.0463062856915
0.0464419811151
0.0464635471974
0.0466162958074
0.0467340104586
0.0467874073105
0.04697869508
0.0470825592916
0.0471096173447
0.0471293985593
0.0471024098616
0.0471436420058
0.0472385617359
0.0472517408024
0.0472640398496
0.0472487719603
0.0472752747427
0.0474103875505
0.04756912646
0.0475386488154
0.0476483917087
0.0477661822439
0.0477870824638
0.0478076901128
0.0478558676144
0.0478384107026
0.0479558667175
0.0480713667512
0.0481609910646
0.048215692887
0.0482329485915
0.0482318953461
0.0484931896681
0.0484894944205
0.0485512724839
0.0486551091378
0.048897166948
0.0491395579291
0.0492576690285
0.0493717375523
0.0496277235667
0.0496532432692
0.0498559850179
0.0499385859935
0.0499406139489
0.0500224432511
0.0500172044512
0.0502144908682
0.0503202382286
0.0505393670761
0.0506799697782
0.0507001394605
0.0509099228285
0.0510478936552
0.0511141847451
0.0512745369594
0.05134762548
0.0514713826366
0.0515014740268
0.0514798124171
0.0514854696937
0.0515520034212
0.0515769980134
0.0516018653776
0.0515848450065
0.0516944417475
0.051722663232
0.0519839735039
0.0521427590412
0.0522297203009
0.0522526254589
0.0523044816247
0.052441746852
0.0525064798023
0.0525194016734
0.0528017965186
0.0528392384404
0.0529079313509
0.052908623446
0.052966764333
0.0529526664488
0.0529730910635
0.0531170122011
0.0531337944224
0.0531952177186
0.0531691258143
0.0531419590671
0.0531140253576
0.0531854564713
0.0531789081663
0.0531995995102
0.0532247078284
0.0532286135323
0.0532748936658
0.0533472537305
0.0533612812814
0.0535298840625
0.0538140120343
0.0539328916522
0.0540146015424
0.0540586902899
0.0540489267169
0.054206418126
0.0541880246027
0.0542375217214
0.054255952225
0.054316052882
0.0542881494432
0.0544968131887
0.0546275907798
0.0546586333186
0.0546916556667
0.0546862594704
0.0546744928295
0.0547894070741
0.054826162142
0.0548539339331
0.0548880499711
0.0550605471928
0.055059410956
0.0550569743297
0.0550327670868
0.0550298014406
0.0550118043667
0.0551426620918
0.0552868277347
0.0552855192439
0.0552828557862
0.0553795824262
0.0556039836357
0.0559410519217
0.0561049487598
0.0564030134417
0.0565036208378
0.0565543450024
0.0566119186607
0.0565892446184
0.0566830795233
0.0568403642443
0.0568642193577
0.0569580918206
0.0570941727942
0.0572220119366
0.0572385136101
0.0573506164074
0.0574168774128
0.0575233897547
0.0576948734938
0.057793383939
0.0578848804893
0.0580131200269
0.0580420285217
0.0581701637314
0.058336264967
0.0584967943492
0.058474577082
0.0584493445964
0.0584712025466
0.0585517708941
0.0587703805773
0.0587461941575
0.0587567278875
0.0587446313155
0.0587309956254
0.0588409448744
0.0589820641602
0.0591289130136
0.0592341789315
0.0592765929683
0.0592998101624
0.0593624210633
0.059503219554
0.0595458347969
0.0596085681043
0.0596217943601
0.0597747266233
0.0598003459375
0.0598906475875
0.0601941593875
0.060244874126
0.0602548037734
0.0603580982301
0.0604742766807
0.0605446538824
0.060549946817
0.060505615551
0.0606484546648
0.0606331290632
0.0608316162055
0.0609345279843
0.0610451976971
0.0611007478841
0.0611984580205
0.0613100862396
0.0613585182837
0.0613447775604
0.0614333791655
0.0614858323012
0.0614983393741
0.0616092777301
0.061606209405
0.0616363158879
0.0616637016143
0.0616702812152
0.0617139669693
0.0618900172019
0.0619984516086
0.0620715103071
0.0621254678373
0.0622704279227
0.0622742333525
0.0623192968651
0.0623896841229
0.0624978203474
0.0625768196618
0.0625556619523
0.0626889921624
0.0626497455259
0.0626974317581
0.0627740016652
0.0628234133262
0.0630073247287
0.0630258122652
0.0633006429291
0.063277643976
0.0633579242015
0.0634161002662
0.0634536308578
0.0634577000745
0.0636303252212
0.063593732913
0.0636803844109
0.0637631389722
0.0638483464191
0.0638868129225
0.0639321946434
0.0641241065269
0.0642161120313
0.064216161871
0.0644327883804
0.0644296006159
0.0646151182174
0.0648541734835
0.0649798513961
0.0651333853266
0.0651488050981
0.0651256471405
0.0652877448844
0.0653788145842
0.0654079273459
0.0654972706341
0.0656489370352
0.0658448617588
0.065862584633
0.065888687135
0.0659819683537
0.065964595872
0.0659885243196
0.0661156951178
0.0662767803626
0.0663850608939
0.0664885447297
0.0665998210228
0.0667574062799
0.0667590489757
0.0667972773394
0.0667987516332
0.0667909487786
0.0667739728372
0.0668426463729
0.0669305262731
0.0670329527006
0.0671601812905
0.0671655418085
0.0672219974154
0.0672549913443
0.0673053034405
0.0673093160995
0.0673123879924
0.0674270394928
0.0675463236926
0.0677312602454
0.0678541369882
0.0678873865788
0.0679683320423
0.068089786312
0.0681840251387
0.068212038437
0.0684277788713
0.0684829368113
0.0685324514446
0.0685552183336
0.0686568436414
0.068735244331
0.0688451799492
0.0688771518285
0.0688744429565
0.068861669918
0.0689791772823
0.0691598814356
0.0691950742997
0.0693300849036
0.0694017440933
0.0693671138813
0.0695624428785
0.0696403348248
0.069758726231
0.0699383742875
0.0701186116065
0.0702777958881
0.0702906355294
0.0703054776144
0.0703239809438
0.070476576334
0.0705745493177
0.0706482876342
0.0707284305275
0.0708625192668
0.0708659584138
0.0709376451757
0.0710307379062
0.0711855802196
0.0712521205907
0.0712733394925
0.0713635800886
0.0714461009641
0.0715622538182
0.0716723395069
0.071664078175
0.0718353511904
0.071968059045
0.0720735176332
0.072293300313
0.0723093526661
0.0724226843033
0.0724324551128
0.0724972247115
0.0725101361461
0.0725517013885
0.0725908618929
0.072745709063
0.072812939204
0.0729153531859
0.0729264036065
0.0730502727665
0.0732044128596
0.0733253114368
0.0734122591299
0.073515524593
0.0735589738205
0.0735838400492
0.0736715597686
0.0737732541773
0.0737797417986
0.0738587063082
0.0739051710623
0.0738934519141
0.0739622070118
0.0739695722571
0.0740276558761
0.0740135486125
0.074092867073
0.0742155582583
0.0742914383137
0.0742978611759
0.0743531964169
0.0743816775889
0.0745243729328
0.0745452325437
0.0747153233726
0.0748096394644
0.0748471771608
0.0748987646261
0.0749601558982
0.0751323313782
0.0751666434856
0.0752036143564
0.0752096489684
0.0752832097177
0.0755344454166
0.0755726522981
0.0755685718861
0.0755757654739
0.0756264788041
0.0757011401899
0.0757134072498
0.0757750813431
0.0757936814035
0.0758103022056
0.0758830331848
0.0758934057883
0.0760254413409
0.0762466289557
0.0764405182479
0.0764697575377
0.0765061433668
0.0766229833173
0.0767073296664
0.0767345618516
0.0768330922662
0.076896127577
0.0769947890852
0.0770929294364
0.0772257004794
0.0772150910468
0.077265025508
0.0773892933612
0.0774797905995
0.077563673521
0.0776546794996
0.0776980186086
0.0778527845855
0.0779578675512
0.0779938568585
0.078095699801
0.0781142467906
0.0782687990692
0.0784201530745
0.0785355642703
0.0785672300036
0.0786905802532
0.0787909425884
0.0789656912589
0.0790560725162
0.0790983065639
0.0792696483112
0.0795420007015
0.0796087953325
0.0797167028257
0.0797202824732
0.079818661878
0.0798368665647
0.0799130195202
0.0799530214486
0.0801182509171
0.080225659003
0.0803099432396
0.0803361258404
0.080355400835
0.0804679453342
0.0805836961398
0.080741018464
0.0808174535903
0.0809320033098
0.0809531203219
0.0812515006475
0.0814296399895
0.0814800583726
0.0815372683404
0.0817808119438
0.0818832891114
0.0819791407186
0.0820321294424
0.0821819603293
0.0823091592245
0.082376000633
0.082574685833
0.0826264822498
0.0827788344563
0.0829107172896
0.0829307789204
0.0829402375387
0.083212851359
0.083394969365
0.083420355702
0.0835696799677
0.0836758103114
0.0837700815719
0.0838458551524
0.0839631371584
0.0841284067316
0.08419862333
0.0843272595901
0.0844424287093
0.0846021601703
0.0847195468856
0.084895265335
0.0850010122835
0.0850411457919
0.0850276304521
0.0850669476869
0.085129776829
0.0851639204616
0.0853064837756
0.085383708196
0.085465570677
0.0856105068591
0.0857063509513
0.0858116582716
0.0860867587543
0.0861490630685
0.086257806065
0.0864360303568
0.0865837734019
0.0867653631278
0.0868556518639
0.0869214923357
0.0870052556483
0.0870536319084
0.0871022380613
0.0873470679233
0.0874826204888
0.0875276471282
0.0876478084411
0.0876608513419
0.0878609385929
0.0879290543256
0.0879752544912
0.0881505907922
0.0882153522813
0.08846974469
0.0885089554698
0.0886553273022
0.0886494506792
0.0888174965423
0.0889898508327
0.0890632487922
0.0890919101511
0.0891173030131
0.089126546036
0.0892567788226
0.0892889268415
0.0893711796842
0.0895303560148
0.0896480356019
0.0899180505397
0.0900300607532
0.090083111231
0.0902185982468
0.0903836397066
0.0903983428693
0.0905780119418
0.0907153453015
0.0907948721271
0.0909451821284
0.0912065204649
0.0912924419641
0.0914784648507
0.0916064016961
0.0916987679832
0.0917662494035
0.0918707950142
0.0918890553977
0.0920982137428
0.09222837085
0.0922602678217
0.0922608442936
0.0923224464357
0.0923698735201
0.0924921217408
0.0925503940833
0.0926737759782
0.0927961596036
0.092875190072
0.0929386354001
0.0929982314781
0.0930775929933
0.0932083975589
0.0933069286537
0.0933251649307
0.0934091610784
0.0935502545045
0.0936921560895
0.0937886636633
0.0939552173321
0.0941271973911
0.0942776062546
0.0944292300887
0.0945771439361
0.0946441115752
0.0947878314182
0.0949290864541
0.0950173793739
0.0950860638802
0.0951816278486
0.0952358358687
0.0954251214618
0.095512325588
0.0956658685198
0.095751493475
0.09584689377
0.0958938138991
0.0960797318254
0.096175740216
0.0964409150414
0.0965953881981
0.0966710858496
0.0967618209501
0.0968854539131
0.0970267710913
0.0970743494518
0.0972247371429
0.097295022487
0.0974355098806
0.0974489336018
0.0975844567626
0.0977496343645
0.0977819352667
0.097867823548
0.0978572621097
0.0979023002049
0.0980379419849
0.0982306043583
0.0984106931866
0.0984749611015
0.0986090441446
0.0988633706369
0.0990491332112
0.0991169223938
0.0992384909424
0.0993660980711
0.0994060978258
0.0995671982228
0.0996120580414
0.0997252119812
0.0998977732257
0.0999656405474
0.100022347926
0.100102257481
0.10031760451
0.100463861507
0.100601093856
0.100724418292
0.100759797096
0.100823317479
0.100898853925
0.100933110403
0.101061256642
0.101154978935
0.101304995228
0.101378364841
0.101660496752
0.101778216752
0.101968611309
0.102037581799
0.102221753762
0.102438838749
0.10255678761
0.102627325014
0.102747185472
0.102990252576
0.10311579995
0.103199428305
0.103370872415
0.103434751403
0.103492617682
0.103628693847
0.103695407115
0.103855676819
0.103938279975
0.103994572043
0.104141562076
0.104204693082
0.10434651959
0.10443772489
0.104580947109
0.10469410563
0.104805435853
0.104935051076
0.104985010765
0.105098956062
0.105288034816
0.105459255693
0.105591651713
0.105693390305
0.10581275201
0.105916203769
0.106067995123
0.106143807386
0.10627513347
0.106336536951
0.106534193099
0.106601190235
0.106753916936
0.106816321376
0.106961379905
0.107041973191
0.107133514787
0.107276297898
0.10740641967
0.107503868928
0.107573659466
0.107718817496
0.107813090458
0.107881109863
0.107972564886
0.108177013397
0.108263941564
0.108395381385
0.108548986136
0.108734317806
0.108879079223
0.109066250252
0.109163292973
0.109331725886
0.109456799721
0.109573932169
0.109678155863
0.109736453206
0.109776013428
0.109987110477
0.110109119735
0.110273163796
0.110381401309
0.11060973571
0.110700707485
0.110872721032
0.111048714952
0.111080167144
0.11112323715
0.11132879146
0.111413224312
0.11156515736
0.111658633143
0.11180705644
0.111958250985
0.112014829781
0.112222160197
0.112410314084
0.11249006006
0.112658784024
0.11277027866
0.112838823452
0.113008786715
0.113125948797
0.113327614685
0.113493997899
0.113765389577
0.113889482243
0.114034071542
0.114114976596
0.11432169092
0.114524059151
0.114567039105
0.11465116344
0.114803470775
0.114880494255
0.114920737235
0.115079924201
0.115267547712
0.115353016025
0.115446076774
0.115551257925
0.115592612563
0.115716603497
0.115835486636
0.115882267353
0.115942378936
0.116065594999
0.116162926702
0.116321913422
0.116436643766
0.116460813024
0.1165679314
0.116685280979
0.116753998968
0.116849940354
0.11694856771
0.11702029825
0.117141785264
0.117403390828
0.117489060757
0.117610422103
0.117745157094
0.117941028042
0.11805028334
0.118146518722
0.118301497437
0.118394682712
0.118518189812
0.118643486976
0.118763737285
0.118802088288
0.118856066141
0.118958909949
0.11908406513
0.119183788445
0.119312319079
0.119467947
0.119602801672
0.119725478851
0.119790818347
0.119928833002
0.119973312361
0.12011008631
0.120241086442
0.120369322235
0.120449258468
0.120539714622
0.120681174717
0.120721694856
0.120834694823
0.120929599436
0.121089034087
0.121231813816
0.121443418054
0.121506940841
0.121621791828
0.121719368685
0.121950215951
0.122010745235
0.122241805284
0.122425097993
0.12251144972
0.122583640306
0.122671390635
0.122709486313
0.12291944461
0.122965322785
0.12303570481
0.123135718514
0.123269409775
0.123356726978
0.123536733048
0.123663042931
0.123788618146
0.123893338913
0.124096691562
0.124219077148
0.124311837488
0.124419438317
0.124519675883
0.124784659665
0.124931295177
0.125056847452
0.125230859335
0.125435223549
0.125523748744
0.125702368575
0.125877983607
0.125875577058
0.125968424609
0.126020591982
0.126139907684
0.126294682951
0.126468841479
0.126687547758
0.126760356585
0.126932549831
0.127132613112
0.127265533475
0.12734446258
0.127482759754
0.127564307243
0.127663828356
0.127761676397
0.127930971132
0.128069241888
0.128183165231
0.128346505877
0.128483591341
0.128570174493
0.128663516355
0.128773766398
0.128938287094
0.129013209915
0.12921813982
0.129364998687
0.129479771407
0.12957916362
0.129666144601
0.129950730226
0.130031062961
0.130169639423
0.130276626128
0.130362100292
0.130547162614
0.130669993988
0.130811561096
0.13092708898
0.131132775313
0.13124623775
0.131411029194
0.131523294263
0.131666923448
0.131824533138
0.131904387563
0.132012165774
0.132094489409
0.13217375664
0.13230332662
0.132483904048
0.132543846769
0.13265141718
0.132872116646
0.133067570343
0.133180556404
0.133288502967
0.133447587632
0.133621570402
0.133777043493
0.133806277148
0.133958570093
0.13410583181
0.134187081502
0.134354875511
0.134479835446
0.134681808759
0.13481492615
0.134927324514
0.13507670788
0.135148961019
0.135223070004
0.135343066421
0.135452399007
0.135500488319
0.135552738755
0.135793296797
0.135887184888
0.13597136648
0.136093374606
0.136273285122
0.136397800596
0.136542928088
0.13667509253
0.136828691336
0.136983315715
0.137106778302
0.137218536579
0.13732738348
0.137472717124
0.137534335669
0.13765499488
0.137713696785
0.137862271195
0.137955862525
0.138134035429
0.138249314523
0.138405631297
0.138521031436
0.138705674482
0.138819439715
0.138981284682
0.139113197046
0.139230050367
0.139347352115
0.139490786386
0.139624386003
0.139701847369
0.139789827054
0.139871695062
0.140005182782
0.140145053513
0.140401655356
0.140541015571
0.140598443334
0.140793283608
0.140970369757
0.141161541197
0.141410051697
0.141500427819
0.141576251489
0.141754953481
0.1418965566
0.142055139306
0.142182749508
0.142381731807
0.14257250539
0.142691064795
0.142761097815
0.142849655313
0.142873028337
0.14293690052
0.143065934518
0.14316625676
0.143277042939
0.1433823941
0.143441534228
0.143574020833
0.143714212311
0.1438338107
0.143926058744
0.144039085885
0.144110077566
0.144211912352
0.14430078495
0.144482630567
0.14460170013
0.144663222617
0.14477733142
0.144918508251
0.145030014702
0.145228259123
0.145375680657
0.145570141834
0.145635420507
0.145820840898
0.145940824358
0.1460059438
0.146147966656
0.146266160654
0.146474309926
0.146623286712
0.146723388548
0.146915545937
0.147063593092
0.147236120205
0.14730590846
0.147448390825
0.147523292865
0.147678873107
0.14779999819
0.14794876928
0.148072714685
0.148221611318
0.148382055352
0.148544072421
0.148626630585
0.148783686531
0.148931379484
0.149080826643
0.149221465225
0.149313432389
0.14938672163
0.149520287701
0.149666189928
0.149750705606
0.149836775984
0.149908254511
0.150068020424
0.150148940219
0.150394860448
0.150498386735
0.150656025154
0.150767335776
0.150908859188
0.150998188928
0.151124091694
0.151210172189
0.151400053901
0.151542725179
0.151647037428
0.15179194694
0.151858709111
0.151985154886
0.152099567416
0.152284661956
0.152362197036
0.152526076326
0.152631774132
0.152838687316
0.15300185741
0.15312298714
0.153211367714
0.153351766946
0.153437695585
0.153513601102
0.153657049869
0.153753725217
0.153920609226
0.15405440053
0.154180898471
0.154363528705
0.154484437411
0.15457728164
0.154710069902
0.154866272734
0.15499625601
0.155132614466
0.155207542951
0.155399090195
0.155542049796
0.15567138637
0.155798037949
0.155870255411
0.155970120266
0.156133032905
0.156228443031
0.156308235601
0.156453290648
0.156535425323
0.156692222609
0.156779245382
0.15687077599
0.156938778673
0.157020255078
0.157089108536
0.157241168164
0.157383731471
0.157546870428
0.157627898077
0.157752462611
0.157902162027
0.157980085298
0.158141035091
0.158262627044
0.15838297018
0.158502286382
0.158555174922
0.158665711833
0.158755291022
0.158930824611
0.159055899578
0.159162620635
0.159243595649
0.159334393251
0.159515418866
0.159607531628
0.159727851968
0.159826760883
0.159890700427
0.160029471483
0.160144305181
0.160266650863
0.160397668031
0.160439809452
0.160535932993
0.160643783895
0.160782215888
0.160978137848
0.161079760539
0.161214688743
0.161283153067
0.161404213736
0.161498887794
0.161620692597
0.16171110068
0.161850962112
0.162002112488
0.162066487069
0.162199488783
0.162289308628
0.16241925009
0.16254332247
0.162652608895
0.162772053685
0.16289324958
0.163070847488
0.16321903424
0.163381060613
0.163514357148
0.16366046043
0.163764370972
0.163954540674
0.164136917624
0.1642878474
0.164405682274
0.164531815581
0.164695465334
0.164855398829
0.165021362745
0.165126319296
0.165169233744
0.165231117799
0.165362268482
0.165521799065
0.165659181124
0.16578526933
0.165925011053
0.16603024163
0.166167256983
0.166290531325
0.166391110674
0.166569202885
0.166725528642
0.16688785702
0.166979909376
0.167054926821
0.167203670803
0.167353170364
0.167495238799
0.167627792913
0.16774222904
0.167880537464
0.168052559952
0.168192423769
0.168277208501
0.168371249847
0.16846975688
0.168656998755
0.168734449486
0.168874799723
0.168953924401
0.169103566556
0.16919265319
0.169271365321
0.169387454749
0.169564511701
0.169663903123
0.169724886683
0.169865140877
0.16998030119
0.170152173021
0.17023721994
0.170365450346
0.17050767219
0.170637269534
0.170749136142
0.17092749128
0.171097258507
0.171220364165
0.17138467788
0.171532106483
0.171665065282
0.17174976717
0.171873864714
0.171985205014
0.172095315219
0.172176272912
0.172296219199
0.172427603536
0.172616203011
0.172736342381
0.172921773491
0.172994594192
0.173144353261
0.173215689547
0.173309051148
0.173482905764
0.173579793792
0.173694033522
0.173840401373
0.174024022652
0.174173313203
0.174263932306
0.174396892674
0.17452529031
0.174636095171
0.174809136135
0.174899115545
0.175072474662
0.175235964574
0.175329650409
0.175475622249
0.175554791495
0.175637502149
0.175717537713
0.175887931525
0.176000908272
0.176184636506
0.176305289928
0.176392128701
0.176579720988
0.176641289536
0.176735996555
0.176845268388
0.177017824785
0.177142489081
0.177233323955
0.177392825298
0.177529521465
0.177652593465
0.177843623905
0.177900616828
0.178031910627
0.178184038706
0.17827612947
0.178378209598
0.178494367757
0.178665819453
0.17873619824
0.17885567142
0.178951373775
0.179050739183
0.179173683837
0.179320581533
0.179414333897
0.179562036577
0.179647983191
0.179789210085
0.179971019446
0.18007204382
0.180247561587
0.180368345637
0.180509365476
0.180674770773
0.180805392481
0.180903607927
0.18100330305
0.181147823022
0.181264321508
0.181391895001
0.181541671533
0.181627461294
0.181791387182
0.18195240796
0.182143369836
0.182247951844
0.18238484269
0.182554938031
0.182688946811
0.182848786275
0.182965637573
0.183106509581
0.183169200045
0.183325491381
0.18342994024
0.183492729072
0.183608472138
0.183699021514
0.183866084977
0.183984972334
0.18413135969
0.184256286062
0.184412890398
0.18452950751
0.184677303639
0.184796709357
0.184924317487
0.18504629486
0.185158139495
0.185314371293
0.185442323356
0.185625409053
0.1857437709
0.185818282154
0.185911232773
0.185997598261
0.186065192694
0.186147747639
0.186291502444
0.186382272239
0.186564978992
0.186736506832
0.18692514417
0.186992295694
0.187125673683
0.187195256764
0.187325922871
0.187445232896
0.187541642454
0.187622511055
0.187687642223
0.187842095755
0.187940074969
0.188069517042
0.188166504078
0.188291105384
0.188412535221
0.188516660744
0.188591925558
0.188676198397
0.188788433306
0.188869810014
0.188972070777
0.189143668314
0.189223400044
0.189324020539
0.189461363321
0.189546830004
0.189673460433
0.189804858796
0.189906652552
0.190041314163
0.190150214293
0.19022818749
0.190342623875
0.190420026051
0.190544067842
0.190630989681
0.190714151195
0.190811033518
0.190888371726
0.190995874552
0.191143323602
0.191280447625
0.191365189226
0.191520777465
0.191608277123
0.191706085306
0.191820262381
0.191893126215
0.191977813973
0.192119655582
0.192242924159
0.192311353564
0.192397360012
0.192565489324
0.192676755673
0.192783445486
0.192942887134
0.193084805806
0.193217395921
0.193374546573
0.19350033053
0.193601889494
0.193762720782
0.193838159822
0.193950665027
0.194134214121
0.194285656424
0.194437841999
0.194516516051
0.194628069718
0.194698968585
0.194772510455
0.194889540351
0.195002657785
0.195110563239
0.195229421875
0.195286633005
0.1953802488
0.195493288233
0.195618671294
0.195769969151
0.195893926855
0.196021645185
0.196140098651
0.196241634916
0.196313343553
0.196428005287
0.196562076538
0.196667334035
0.196781032099
0.196884593157
0.197004010327
0.197082862994
0.197226249844
0.197342640094
0.19748091504
0.197592030225
0.197666432306
0.197828549767
0.197938512071
0.198046050363
0.198141474746
0.19825800533
0.198376056269
0.198484178318
0.198541687302
0.198627966685
0.198686165015
0.19883108714
0.198960109962
0.199061964123
0.199201792548
0.199259048379
0.199331072282
0.199519851587
0.199639979083
0.199716628108
0.199840558582
