0.07737809375
0.0586552188745
0.078780460463
0.0690869432471
0.0841545382489
0.0712282935104
0.0715541357321
0.0738911187656
0.0846163670717
0.0873053545377
0.0861187220658
0.0797716735097
0.0785730664612
0.0752716584638
0.0850491024011
0.0799129036527
0.0758943929749
0.0819706144822
0.0867997407265
0.0907816776765
0.0913209067772
0.0959340445135
0.0942244315485
0.0938271779712
0.0953691360124
0.0957199220941
0.0934238773582
0.0940434499159
0.097435730577
0.0968766433259
0.096396542662
0.0988246420578
0.100321772454
0.0985394094948
0.0993450819848
0.0999174863563
0.100499837259
0.100650875798
0.104083905884
0.102312855693
0.102535739829
0.102364519107
0.105075575555
0.105813888894
0.103906800074
0.104128432221
0.105238781781
0.105748334271
0.104821816915
0.106159187176
0.107954509843
0.107485356317
0.108119488624
0.11071485587
0.11250942853
0.112072506977
0.112732957332
0.115213985665
0.11627960347
0.115873302369
0.115910855863
0.117505700345
0.117442523549
0.120479767491
0.122086409634
0.122375432791
0.12200348416
0.123424057112
0.123644646738
0.122630751905
0.122857348776
0.121490902681
0.122330914658
0.121227774902
0.120744162444
0.122061290673
0.121647597537
0.121931186003
0.121653933731
0.122349243653
0.122657079955
0.122135673493
0.12272554245
0.125545600144
0.126331277706
0.126075182484
0.1257472738
0.125797228221
0.126739576647
0.127700550436
0.128782873159
0.1298420985
0.130465909317
0.130079063596
0.130801999816
0.130945539013
0.133093679066
0.1333656674
0.133364851469
0.133110440091
0.133385807812
0.133856900042
0.135036562719
0.13752496063
0.138267086141
0.138876473768
0.141320959745
0.142195677222
0.143330025373
0.143048341955
0.143475049042
0.145199784319
0.146244783775
0.146669032603
0.146890428452
0.146864846615
0.147546438488
0.148366597001
0.147869010089
0.149114437557
0.149645566507
0.150851848246
0.151433021633
0.151729900934
0.15214519817
0.152662961957
0.15432359495
0.154357634764
0.155968372549
0.157321805544
0.157800454768
0.158324125075
0.158974597329
0.159889411192
0.160612051076
0.160888258485
0.161468069775
0.162063018142
0.163127702642
0.16371102007
0.163680279264
0.164178886779
0.164747703826
0.164963708636
0.165401835279
0.166456067412
0.166787552959
0.167658514757
0.167884147479
0.168679339343
0.168951384096
0.168766124506
0.169296861738
0.169459022907
0.170227540291
0.170559582154
0.171190365742
0.171516563398
0.172066998948
0.173130041357
0.173710737545
0.175072130806
0.175778956555
0.175973085885
0.176581171665
0.176494146983
0.17675965007
0.177116244453
0.177765273069
0.17817207038
0.179023360442
0.179379559389
0.180618112565
0.180995250803
0.181479436707
0.18145324202
0.181561910552
0.181863621333
0.182362534545
0.182781924531
0.182766081165
0.182978503232
0.182783283123
0.182905376052
0.183261151708
0.183628350946
0.183766930649
0.184288048071
0.184008997481
0.184149023776
0.184475428492
0.184767474519
0.185723478436
0.186174951236
0.186514507932
0.18666410938
0.187083260001
0.1878323908
0.188102352079
0.188673098961
0.188429712624
0.188782922973
0.189964621244
0.189916530768
0.190282861592
0.190036026371
0.190273594941
0.190725202298
0.190970219424
0.190789720806
0.191133207613
0.191821811638
0.191664141736
0.192289011777
0.193119922848
0.193214417089
0.193331154326
0.193540464386
0.194015045177
0.194533880769
0.194508084547
0.19520350243
0.195674103243
0.195714256973
0.196054536708
0.196308325737
0.196510511846
0.196799760093
0.196852561117
0.197169653584
0.197565619466
0.197717786368
0.197556407871
0.197785377837
0.198388394813
0.198853357461
0.199715412799
0.200629531239
0.200948000899
0.20145661615
0.202059714513
0.202358277263
0.202528173305
0.203030413113
0.203311568165
0.203344009033
0.203462528249
0.203659705341
0.204134185712
0.203860050833
0.204119707781
0.204116331188
0.20419079496
0.204269804639
0.20430633717
0.20498034437
0.205302951458
0.205666299407
0.206208272148
0.206859789586
0.207280572884
0.207661269596
0.208054214854
0.208245094752
0.209007816744
0.209401667789
0.209492788465
0.210062776694
0.210686856387
0.211125347693
0.210985057952
0.212122435057
0.211874638834
0.212167574865
0.212478974898
0.212973131341
0.212984438311
0.213555051112
0.214002140281
0.213896795256
0.214642151526
0.214647770054
0.214885470658
0.215243259853
0.215519869578
0.215982117036
0.216110985585
0.216536120566
0.217042409172
0.217183449977
0.217494300437
0.217528241134
0.21793143382
0.217975108028
0.218340089639
0.218341196379
0.218759422996
0.218959407361
0.218878366519
0.218794128952
0.21897093627
0.219522560725
0.219895369921
0.219854602197
0.220266460164
0.220454391582
0.22074746841
0.220985058412
0.221022608618
0.221238687736
0.221160354555
0.221314725916
0.221468934118
0.221890232338
0.222458589574
0.222638930573
0.22252645384
0.222802589307
0.222770718856
0.223360658922
0.223578863167
0.223664085969
0.223504983486
0.224114822063
0.224258827475
0.224707117243
0.224821097443
0.225168209476
0.225419519326
0.225506931176
0.225776194355
0.225827161008
0.225905947275
0.226333812052
0.226716925471
0.226917697799
0.227207302072
0.227170844666
0.22736014451
0.227952633245
0.228073590868
0.228203397304
0.228489998815
0.22853852855
0.22882551027
0.228989936814
0.229122134072
0.229154862687
0.229409399922
0.229694220734
0.230228692421
0.230261073807
0.230487836077
0.230656271173
0.23092506509
0.231286927123
0.231114118947
0.231422297785
0.231668213348
0.232051137871
0.232298016658
0.232697354156
0.232798385132
0.233132912758
0.23316308801
0.233501053157
0.233390928573
0.233327586019
0.233824416373
0.233907841372
0.234098947232
0.234288886568
0.234267954458
0.234529827024
0.235038711204
0.235005284196
0.235249780846
0.235552394425
0.235766646405
0.235964410549
0.236534092577
0.237010532496
0.236925806447
0.237173944598
0.237479115972
0.237755507194
0.237907190356
0.237767430297
0.237823301797
0.237708711498
0.237753328182
0.237898312203
0.237961745135
0.238059832207
0.238432044455
0.238470050697
0.238927664004
0.239245499604
0.239299051751
0.239425854186
0.239576395698
0.239551889439
0.239762633436
0.239714664054
0.240223488217
0.240338455769
0.240378906596
0.24071849056
0.240728507884
0.24078509065
0.240607897638
0.240885423403
0.240731635164
0.240840571029
0.241208816642
0.241274429337
0.241473569565
0.241803515985
0.24199060721
0.24208912355
0.242239240204
0.242329580187
0.242261363348
0.24240625013
0.24239280018
0.242405112911
0.242755259898
0.242665132598
0.242837535493
0.242857901749
0.243051998082
0.242926998724
0.243118515856
0.243198539461
0.243143329265
0.243331948024
0.243615823469
0.243601941896
0.243745313081
0.243844132558
0.244171863078
0.244139637625
0.244624861752
0.244717776166
0.244649820176
0.244886590319
0.245087782376
0.245189238256
0.245368940653
0.245455314616
0.245689355684
0.245643523558
0.245591203013
0.245698517929
0.245867951938
0.245843316681
0.246161482391
0.246374533613
0.246445464611
0.246803137799
0.247077582914
0.246878986929
0.247112163384
0.247133234498
0.24759980413
0.247641570459
0.247712835722
0.247873550866
0.247915530602
0.248090433914
0.248393592913
0.248554339247
0.248499539617
0.248647354671
0.248794628421
0.248768673262
0.248905181148
0.248994482603
0.249198022076
0.249297168857
0.249422304249
0.249660603107
0.249614914987
0.249669658319
0.249786250928
0.249943441838
0.249916972348
0.250154280022
0.250207844913
0.250342730581
0.250505231423
0.250674787822
0.250873094609
0.250945908895
0.250885874744
0.250972322055
0.251169946207
0.251095880346
0.251303139001
0.251330619527
0.251483064275
0.251567947119
0.251637263353
0.251754932384
0.251889203086
0.252120192108
0.252142164372
0.252304070438
0.252394902428
0.252440232617
0.252637462786
0.252564787315
0.252580647936
0.252533226057
0.252743949147
0.252686411574
0.252674287199
0.253012828261
0.253105194291
0.253164097486
0.253094198531
0.253350249118
0.253501888464
0.253371839099
0.253489880131
0.253686771903
0.253915749803
0.253978720033
0.253914343111
0.254141075135
0.254435673365
0.254788709104
0.254770195128
0.254724281071
0.254738587623
0.254861406279
0.255065394344
0.255042896358
0.255091321796
0.25516054434
0.255386095611
0.255264612609
0.255628735305
0.255771647478
0.255732548654
0.255897587599
0.256059577161
0.256023182069
0.255863237535
0.256026767934
0.256014368916
0.255972707091
0.255995130779
0.256319667582
0.256341724116
0.256317582488
0.256417307729
0.25633732262
0.256477686875
0.256356712021
0.256481686536
0.256767381263
0.257044605978
0.256936254297
0.25693672396
0.257128269979
0.257242587149
0.257639022385
0.257846280088
0.257833776711
0.257982071843
0.257918749642
0.258012463195
0.258273307859
0.258160209433
0.258287521741
0.258313562064
0.258232408562
0.258207905368
0.258463867822
0.258503348912
0.258448199499
0.258564021589
0.2588096049
0.259165042725
0.259264700201
0.25930799197
0.259531785759
0.25955630078
0.259432470245
0.259447599227
0.259362099304
0.259457690111
0.259525253922
0.25950591646
0.259514048799
0.25955580639
0.259549143825
0.259659716092
0.259756501748
0.259900192676
0.259752064246
0.25969418293
0.259860518807
0.259913765296
0.260031165339
0.260033136345
0.260022744671
0.260140498549
0.260027691585
0.260148094886
0.260438166944
0.260376089673
0.260335242405
0.260220713472
0.26008733828
0.260022751208
0.260182919164
0.260289722347
0.260476402837
0.260599934696
0.260590468004
0.260743302312
0.260744561412
0.260907012128
0.260994853715
0.260986044912
0.260960889909
0.260976430625
0.261113903971
0.261091967278
0.261197987859
0.261136100939
0.261333905164
0.261296858995
0.26151919591
0.261635963734
0.261600831155
0.261643140022
0.261553907301
0.261680649139
0.261600301655
0.261814360772
0.261747549444
0.261740780786
0.261815646647
0.262000673692
0.26202759265
0.262264515664
0.262368466974
0.262580943146
0.262740309395
0.262759521036
0.262886148561
0.262834492396
0.262813722687
0.262779822819
0.262768634126
0.262726380108
0.262664544324
0.262702456371
0.262791236085
0.262877760119
0.26295881026
0.262891882832
0.26296089611
0.262954207505
0.262989939418
0.263086931123
0.263040891338
0.262985436519
0.26311405074
0.263155621184
0.263103465697
0.263179880805
0.263161080815
0.26320027845
0.263447946039
0.263537370238
0.263631092749
0.263841247178
0.263814809919
0.263856912871
0.263961815325
0.26397536691
0.264084176829
0.264054044367
0.26416103262
0.264269733421
0.26442324271
0.26450715045
0.264569215671
0.26475414234
0.265021752845
0.264949198974
0.26514557654
0.265229150105
0.265254567991
0.265359518005
0.265550648733
0.265539623593
0.265511861681
0.26548004251
0.265512834124
0.265462419588
0.265439835167
0.265469953152
0.26546077396
0.265450726295
0.265427289619
0.265406688611
0.265640921516
0.265545758921
0.265543947961
0.265486012871
0.265452204463
0.265501591378
0.265615892369
0.26546489801
0.265494540741
0.265452713423
0.265649805377
0.265749389258
0.265692286026
0.265674323772
0.265594261617
0.265543216486
0.265604550516
0.265791939844
0.265744956491
0.265749258757
0.265946608641
0.266058637434
0.266242100982
0.266378109738
0.266455950893
0.266425560223
0.266472338
0.266499722752
0.266475485781
0.266502652004
0.266603142513
0.266537905949
0.266723246662
0.266794816983
0.266883018563
0.266881167984
0.266853829401
0.266839987155
0.26681752818
0.266785202986
0.266735456255
0.266821881141
0.266826547476
0.266816501867
0.266804272402
0.266990584576
0.266979948324
0.266964920354
0.267092772176
0.267066304089
0.267042320373
0.267215457635
0.267377999606
0.267529255237
0.267573759638
0.267650986576
0.267629219043
0.267568485572
0.267693110124
0.267755989096
0.267972266366
0.267980469687
0.267910209305
0.267961853366
0.268249248484
0.268424280911
0.26847482609
0.26856584124
0.268706707389
0.268664956087
0.268568502702
0.268621940943
0.26862409023
0.268577848468
0.268725358145
0.268883689361
0.268862641058
0.268799995424
0.268993314146
0.269080670779
0.26912379914
0.269122842507
0.269233332039
0.26927019624
0.269286821877
0.269279141954
0.269369637965
0.269398028091
0.269440763453
0.269436784167
0.269442155248
0.26944902007
0.269483381306
0.269463315911
0.269512270058
0.269529105272
0.269562877952
0.269660537125
0.26970012987
0.269785609389
0.270001746391
0.270158898612
0.270280678773
0.270319508709
0.270256970854
0.270414043134
0.270347859921
0.270375776632
0.270388402998
0.270390367906
0.270334823653
0.27038557876
0.270215143742
0.270257117924
0.270287610579
0.270408552501
0.270523012949
0.270531613315
0.270650870473
0.270670629165
0.270896017482
0.270947854055
0.270980933121
0.270943135761
0.271055464851
0.270988852608
0.270954940371
0.270962019936
0.271084589493
0.271177009333
0.271168490979
0.27125451599
0.271223283589
0.271364523759
0.271487882918
0.271603381977
0.27168670747
0.271803346414
0.271752579028
0.271771612301
0.271743223026
0.271677281402
0.271880097917
0.27191565172
0.271816816952
0.271919659912
0.271909106311
0.271987067944
0.272108733733
0.272175197017
0.272217735781
0.272416877118
0.272403535707
0.272343115427
0.272422151802
0.272341010746
0.272293340241
0.272243031753
0.272348064439
0.272376231211
0.272404170671
0.272391622406
0.272426032068
0.272359090498
0.272485078971
0.272507911
0.272494514601
0.27248752679
0.272492891455
0.272435313033
0.272581306444
0.272777428185
0.272851847782
0.272947506276
0.272913894344
0.272999941032
0.272950648996
0.273135810373
0.273171037121
0.273224120416
0.273350998366
0.27351884506
0.27363348761
0.273861875993
0.273927993968
0.273915470911
0.27394915132
0.274013942856
0.274020322469
0.273963355459
0.273962588257
0.273954908569
0.27390554495
0.273949196027
0.274040266968
0.274181330872
0.274221146544
0.274191746798
0.274257509776
0.274165191608
0.274145605383
0.274193651345
0.274143546666
0.274114106132
0.274138936659
0.274245672218
0.274190799966
0.274211161258
0.274170962207
0.274247912074
0.27425626764
0.274304921309
0.274478866205
0.27436615019
0.274344000671
0.274388207643
0.274431787517
0.274425024659
0.274468189956
0.274444626795
0.274565192958
0.274531281278
0.274530566644
0.274607599839
0.274621880539
0.274711573049
0.274865347002
0.274899798831
0.274899338042
0.275029726141
0.275141309491
0.27518959258
0.275354505843
0.275370741924
0.275332486654
0.275372042102
0.275470487021
0.27544023499
0.275446239408
0.275513705884
0.275519826556
0.275471531616
0.275503650292
0.275540825033
0.275597216261
0.275574521059
0.275580961336
0.275623749465
0.275678977123
0.275783770515
0.275780326203
0.275859498299
0.275883988323
0.275979925755
0.27596006116
0.276008657757
0.276051360084
0.276144834957
0.276124664951
0.27621234361
0.276367384197
0.276454605571
0.276507948467
0.276678620461
0.276634289614
0.276663375022
0.276843570394
0.276939795549
0.276891553191
0.27692473426
0.276920036118
0.276999902436
0.276925226762
0.276931779688
0.277082077279
0.277119800479
0.277231942902
0.277366167504
0.277436280196
0.277582130871
0.277638266425
0.277699646912
0.277693593064
0.277676215846
0.277737145318
0.277822922036
0.277816035903
0.277902240334
0.278043792306
0.27812006285
0.278116007556
0.278139650091
0.278293673572
0.278219850131
0.278374665902
0.278425554253
0.278442252815
0.278524970135
0.278576631759
0.2787156476
0.278700928981
0.278755880977
0.27877335851
0.27880002798
0.278935649914
0.278875428479
0.279080152945
0.27901425302
0.278958664773
0.279007080202
0.279090296881
0.279126878275
0.279096928156
0.279203599415
0.279146677716
0.279157081554
0.27917273358
0.27917250654
0.279156565768
0.27915676579
0.279147251287
0.279271028567
0.27942023759
0.279379375058
0.27937951897
0.279446263891
0.279463080197
0.279448116085
0.279364661324
0.279431749432
0.279470005629
0.279508660643
0.279468073722
0.279450555097
0.279469434418
0.279522356782
0.279642291087
0.279774051209
0.279804058121
0.27977226077
0.279720540174
0.279760517388
0.279791070076
0.279710587777
0.279701544689
0.27971138574
0.27973940442
0.279685283168
0.279690562967
0.279720065269
0.279844339995
0.279914417199
0.279934916202
0.27998048854
0.280055442416
0.280142189788
0.280121438445
0.280131538196
0.280161692796
0.280128806338
0.280138154432
0.280194534103
0.280152128441
0.28025961862
0.280219292746
0.280256437451
0.280176869836
0.280122606923
0.280207688124
0.280335657988
0.280330722545
0.280361051705
0.280245375374
0.280186578217
0.280115732087
0.280118613338
0.280177675493
0.280184456525
0.280249800497
0.280268929819
0.280457672389
0.280495319389
0.280677103918
0.280673650432
0.280668764702
0.280708963475
0.280752478455
0.280768875617
0.280787805228
0.280792873192
0.280818536081
0.280825323138
0.280864010283
0.280957771925
0.280870182787
0.280865025115
0.280833270303
0.280887316839
0.280894708154
0.28092861424
0.280942349738
0.280918118938
0.280932845074
0.280883803431
0.280927963662
0.281071351918
0.281141145392
0.281166661394
0.281128653519
0.281058608433
0.28107201318
0.281148948678
0.281206512197
0.281219983597
0.281184590618
0.281142774886
0.281175655724
0.281312134928
0.281373890233
0.281392778789
0.281413316416
0.28134025706
0.281329420441
0.281452646022
0.28145400935
0.281358499268
0.281452111976
0.281416021015
0.281486222956
0.28145436116
0.281473131006
0.28147658323
0.28142883379
0.281349235803
0.281391431796
0.281499501277
0.281479875866
0.281651159526
0.281588788696
0.281668361393
0.281787629503
0.281911177752
0.281936381686
0.282065426142
0.28198570918
0.281975908581
0.281906350106
0.281993238175
0.281981173104
0.281993467948
0.281970336273
0.282040805875
0.282021774351
0.282084241348
0.282068585261
0.282055924882
0.282107223655
0.282091519829
0.282161256195
0.282176384308
0.282324873988
0.282340031714
0.282297455318
0.282329438222
0.282414421932
0.282540878661
0.282554760098
0.282577563635
0.282532791346
0.282527650133
0.282585847274
0.28264095085
0.282556595786
0.2825749073
0.282596958445
0.282613647258
0.282715552244
0.282705042843
0.282798434045
0.282805538273
0.282882367086
0.282898086444
0.282922407561
0.282999569276
0.282997051422
0.283021871562
0.283145551917
0.283184081988
0.283319334866
0.283335679082
0.283344113714
0.283299494483
0.283303551366
0.283310314232
0.283350133583
0.283398918128
0.283451972974
0.283529946704
0.283506140944
0.283585973093
0.283589082961
0.28358315254
0.283588306235
0.283537311874
0.283605057409
0.283593912701
0.283562111892
0.283588390796
0.283508375042
0.283472057778
0.28358027404
0.283641530984
0.283638643189
0.283672311799
0.283675865346
0.28376359728
0.283775844694
0.283763480147
0.28374649738
0.283760115116
0.283776363104
0.283713202971
0.283777619724
0.28382876789
0.28391530295
0.283932575478
0.284070466709
0.284146585238
0.284211330242
0.284186446956
0.284183792665
0.284163749169
0.284238859683
0.284243100833
0.28422497135
0.284233458209
0.284263011602
0.284264901509
0.284234184669
0.284232997585
0.284169210069
0.28424024842
0.284353506303
0.284375526267
0.284437870466
0.284442012121
0.284459540222
0.284414601506
0.284518376109
0.284477132281
0.284482415325
0.284431336936
0.28444569261
0.284580572115
0.284529964885
0.284726471557
0.284741772522
0.284797042976
0.284747124689
0.284745344132
0.284830157553
0.284806624159
0.284852070621
0.28486195627
0.284877601712
0.284876965004
0.284863062407
0.284856592535
0.284968959955
0.285067952441
0.285067509431
0.285134736925
0.285205665056
0.285317920828
0.285294043202
0.285317916486
0.285352464067
0.285513558648
0.285562717893
0.285626972971
0.285639471656
0.285633265693
0.285641270724
0.285583271921
0.285608499584
0.28560591473
0.285560116372
0.285576784881
0.285654012561
0.285676081975
0.285628571228
0.28562427188
0.285621854566
0.285648192971
0.285695320829
0.285702283014
0.285746620697
0.285743781923
0.285724189082
0.285693186576
0.285746289749
0.285734526445
0.285727157071
0.28580786674
0.285931324498
0.285957376842
0.285960796967
0.285968280339
0.286016842234
0.286056901533
0.286041764986
0.28610530853
0.286117108594
0.28622976002
0.286268401599
0.286326215418
0.286292223327
0.286333382875
0.286360926867
0.286426850877
0.28644927159
0.28649934227
0.286495126602
0.286556057019
0.286581458595
0.286551753169
0.286612917368
0.286656930724
0.286815106527
0.286846804087
0.286789711649
0.286734371568
0.286804863384
0.286841957278
0.286883460245
0.286879680672
0.286869395742
0.286932557855
0.286937423441
0.286975260494
0.286941191372
0.286955633816
0.286872739483
0.286850408325
0.286809547849
0.286829984838
0.286895094339
0.286867167977
0.286885067514
0.286941626412
0.286945309225
0.286985106353
0.286901414226
0.286864597783
0.286903152634
0.287040165736
0.287089708495
0.287108770629
0.287142775222
0.287172405816
0.28717799769
0.287165487296
0.287195869529
0.287198108448
0.287212502932
0.287222114671
0.287181594622
0.287163854879
0.287139776185
0.287156632997
0.287148327849
0.287144121907
0.28715335478
0.287162316632
0.287124089836
0.287122721347
0.287115483717
0.287108286714
0.287114794064
0.287084679871
0.287082230689
0.287157173152
0.287204116812
0.287143540196
0.287115950666
0.287115893886
0.287095134814
0.28706548625
0.287092704341
0.287056539695
0.287149277123
0.287199838121
0.287251033459
0.287207143541
0.287164991842
0.287147448061
0.287077197113
0.287070378851
0.287012058276
0.287022648843
0.286966795112
0.286942243274
0.286962693114
0.286967665294
0.286978547405
0.286977877014
0.287007165513
0.286965449278
0.286926300732
0.286895115794
0.286878318437
0.286879195177
0.286915038621
0.286901668621
0.28695345771
0.286972703755
0.28705976851
0.287013323062
0.287011393746
0.287066913337
0.287056301918
0.286972591903
0.287002485626
0.287099272116
0.28713521818
0.287111428191
0.287057693736
0.287045477716
0.287065871368
0.287089721701
0.287159144404
0.287149644975
0.287126491165
0.287289993861
0.287264166134
0.287267070111
0.287228814782
0.287206175635
0.287275700294
0.287352596535
0.287365719394
0.287403527494
0.287543930503
0.287574787352
0.287508930756
0.287467150011
0.28743613958
0.287480971659
0.287457678497
0.287510289922
0.287517253483
0.28745601441
0.287447617138
0.287594585964
0.287615052924
0.287577582497
0.287585892224
0.287602730899
0.287571502178
0.28760754326
0.287680405318
0.287685656035
0.28767906925
0.287679958474
0.28776410792
0.28773641439
0.287753968653
0.287816037444
0.287768286649
0.287864808424
0.287815172151
0.287855855816
0.287792271803
0.287788120133
0.28778016497
0.287878650346
0.287887058471
0.287887820065
0.287956867537
0.287955016542
0.287996175444
0.288016827567
0.288017316336
0.288041208621
0.288101340721
0.288064881065
0.288155518044
0.28811253503
0.288155903384
0.28818381649
0.288144743173
0.288083024074
0.288075432363
0.288103856261
0.288125366276
0.288165227441
0.28814001707
0.288136849327
0.288098122356
0.288029139742
0.287996025428
0.288040341086
0.288046407795
0.288022320437
0.287986979437
0.287988973612
0.287931657928
0.287909416147
0.287880911695
0.287849165413
0.287935016991
0.287951308982
0.287900267807
0.287897039269
0.28792664487
0.287983082134
0.287983230329
0.28796414071
0.287939323689
0.28790338222
0.287884430468
0.287845257573
0.28781769007
0.287829302635
0.287812301988
0.287845271594
0.287850689215
0.287880780763
0.287900907989
0.287938741704
0.287948059108
0.287905027353
0.287945640862
0.288004522139
0.288041999801
0.288084205209
0.288128141553
0.288072083878
0.288079443175
0.288032395519
0.288055994026
0.288102953132
0.288152941931
0.288123726636
0.288172543332
0.288120837104
0.288138248025
0.288133505205
0.288112818643
0.288162844224
0.288184323189
0.288182626659
0.288260751874
0.288271517975
0.288369664784
0.288337631625
0.288320383758
0.288354510889
0.288408050074
0.288371782074
0.28836752432
0.288374632127
0.288448879595
0.288473021675
0.288478415867
0.288424902236
0.288455321164
0.288557645684
0.288652709661
0.288627285698
0.288656987751
0.288624439568
0.288626675997
0.288644402981
0.288642415714
0.288667377999
0.288645064525
0.288722125437
0.288715529855
0.288789847636
0.288758917472
0.288746883
0.288730193913
0.28873511222
0.288705952386
0.288653641557
0.288684741435
0.28868769085
0.28881218856
0.288826952997
0.288846374337
0.288853692521
0.288825172291
0.288822312359
0.288834688374
0.288784788463
0.288855781536
0.288831925406
0.288815696749
0.288836551145
0.288809604301
0.288841268202
0.28877814963
0.288873842068
0.28890345995
0.2888585936
0.28884691297
0.288876898914
0.288875647578
0.288929333624
0.288884641028
0.288894523472
0.288875731049
0.288939976618
0.288915244528
0.288947894859
0.289017430196
0.28899296692
0.288968859088
0.289087340573
0.289062420279
0.289095654679
0.289131149358
0.289063125492
0.289079930405
0.289108568383
0.28911909244
0.289129594983
0.289134689676
0.289166367681
0.289232516561
0.289279807814
0.289351609247
0.289362211246
0.289319951574
0.289294139946
0.289287984312
0.289321839745
0.289340320336
0.289292531034
0.289323383251
0.289313314293
0.289351896035
0.289333572671
0.289259530948
0.289251356961
0.289210961336
0.289282360057
0.289353865793
0.289388062966
0.289411538969
0.289451544249
0.289411587135
0.289343641494
0.289345487928
0.289368215805
0.289353640307
0.289371512846
0.289377247239
0.289394847165
0.289386944059
0.289383607572
0.28937732854
0.28948708288
0.289550976251
0.289536715142
0.289531037688
0.289554397795
0.289528899421
0.289507820218
0.289514221283
0.289496221959
0.289488746877
0.289592167714
0.289596563052
0.289605086309
0.289592425687
0.289696385081
0.289684451047
0.289745460592
0.289740367788
0.28973540781
0.289805610699
0.289784329466
0.289848521277
0.289891103531
0.289894542777
0.289946231582
0.289887499779
0.289874042362
0.289926243909
0.28994860913
0.290030123382
0.290003109307
0.289975905259
0.290029234027
0.290056430486
0.290043272787
0.290088139589
0.290079040931
0.290103823523
0.29010390282
0.290118319411
0.29012148418
0.290139399805
0.290103121639
0.290092261852
0.290059197963
0.290038290148
0.290066983594
0.290051953644
0.290012079468
0.289962147199
0.289952008051
0.28994308248
0.290009724319
0.290035738063
0.290028314223
0.290096822767
0.290039225127
0.290012872881
0.289970933044
0.289930994109
0.289912247183
0.28990667925
0.289921781743
0.289939926393
0.289963527769
0.2899628138
0.290037652226
0.290041403185
0.290017960911
0.290033850002
0.290043655536
0.28998595312
0.289973454927
0.29002243246
0.290013758996
0.290003227743
0.290057644177
0.290089945002
0.290053357917
0.290068177016
0.290034544145
0.290047741378
0.290075050246
0.290079388663
0.290053248422
0.290008043282
0.289973337555
0.290053245046
0.290063546124
0.290050373427
0.29004885118
0.290040653387
0.290015961214
0.289982330981
0.289953412961
0.289938132911
0.289956202187
0.290006401803
0.290032033943
0.290073466807
0.290056572318
0.290084217927
0.290087681282
0.290071008118
0.290155863462
0.290132134404
0.290131425242
0.290137064719
0.290134459184
0.290199688678
0.290198411024
0.290144229206
0.290148306964
0.290207741303
0.290246210905
0.290300536311
0.290289976577
0.290329968443
0.290316655352
0.290267941396
0.290238013331
0.290260714404
0.290290567329
0.290325615487
0.290255527707
0.290357256724
0.290364293224
0.290388634375
0.290422436965
0.290404359733
0.290393089329
0.29035120774
0.290326066194
0.29036016491
0.290373930389
0.290403168091
0.290377154243
0.290418053708
0.290380616242
0.290421705339
0.2903815639
0.290350478689
0.290400337579
0.290386489144
0.29040190031
0.290399496888
0.290377923489
0.290344895692
0.290359488185
0.290339651871
0.290385169329
0.290368431382
0.290378270882
0.290479776162
0.290440249477
0.290499782117
0.29048007921
0.290496943676
0.290439411261
0.290430742725
0.290430964354
0.290444947502
0.290433898161
0.290455672467
0.290525659192
0.290554108398
0.290568793484
0.290558307862
0.290584477889
0.290562722267
0.290546890164
0.29054862245
0.290518139957
0.290514866018
0.290506987064
0.290546241902
0.290505723881
0.290522928224
0.290575663672
0.290615970381
0.290617041787
0.290630903112
0.290604989622
0.29061607545
0.290577604395
0.290557021462
0.290575853459
0.290595860376
0.29054501165
0.290511120983
0.290527665048
0.290518424931
0.290493522674
0.290439265158
0.290511426681
0.290511839961
0.290495879586
0.290452001582
0.290462089584
0.290481120538
0.290449352571
0.290471373536
0.290494018202
0.290511142753
0.290539897619
0.290538084434
0.290557418034
0.290612782189
0.290592895855
0.290542429582
0.29058350666
0.290572662411
0.290597194348
0.290571399542
0.290580845159
0.290592090975
0.290652829005
0.290672755421
0.290752430341
0.29078199045
0.290732415367
0.29071581234
0.290744554083
0.290727506204
0.290741583833
0.290767037341
0.290737215192
0.290728681799
0.290767086334
0.290776903198
0.290804348463
0.290826087655
0.290804726639
0.290839501042
0.290845049123
0.290847475243
0.290829366746
0.290823185541
0.29076904478
0.290824878006
0.290913973863
0.290899356615
0.290911008746
0.290970192694
0.290977665506
0.291012888867
0.291077228306
0.291072303336
0.291031673037
0.29101648959
0.291063221
0.291105422764
0.291101088653
0.291083022803
0.291059239768
0.291047867383
0.291083749113
0.291098261887
0.29108650841
0.291071706856
0.29104832256
0.291065050844
0.291075328822
0.291114068366
0.291098952116
0.291097971809
0.291096822049
0.291049448668
0.291017349164
0.291071449578
0.291026819642
0.291029949762
0.291030463364
0.291033260966
0.29113868603
0.291110511207
0.291141320628
0.291176951188
0.291233334796
0.291205465847
0.291190324647
0.291197786597
0.291227077147
0.291273298868
0.291291149167
0.291323094498
0.291351981968
0.291353985115
0.291371151481
0.291344579145
0.29132399884
0.291325919255
0.291294162732
0.291307473903
0.29127885785
0.291261145422
0.291301696692
0.291324960575
0.291315404767
0.291372840904
0.291388569605
0.291340192797
0.29132331894
0.291319887882
0.29132482549
0.291317988335
0.291311650169
0.291333173535
0.291296585185
0.291342251931
0.291320886552
0.291315486533
0.291280239587
0.291277405716
0.291251727396
0.291209862804
0.291234926434
0.291242387094
0.291274307091
0.29128580116
0.291371721381
0.291389917963
0.291389249227
0.291445500209
0.291432027283
0.291421135264
