0.0540360087663
0.0288004009957
0.0192002673304
0.0144002004978
0.0146420773383
0.0122017311153
0.0104586266702
0.00951424163166
0.0112387046697
0.0101148342028
0.00919530382068
0.00842902850229
0.00804114581472
0.0122444371439
0.0158509442095
0.0148602601964
0.0192949507731
0.0182230090635
0.0184286147701
0.0224816488679
0.0214110941599
0.0204378626072
0.0196108245335
0.0187937068446
0.0180419585708
0.0173480370873
0.0167055171952
0.0161088915811
0.015553412561
0.0154419206381
0.0153376217425
0.014858321063
0.0144080689096
0.013984302177
0.0135847506862
0.0132073965005
0.014593775088
0.0142097283751
0.0138453763655
0.0135930523044
0.0132615144433
0.0129457640994
0.0126446998181
0.0123573202767
0.01301186946
0.0127290027326
0.0124581728872
0.0145248301234
0.0142284050189
0.0139438369185
0.0145658049065
0.0143311732094
0.0140744885388
0.013988791055
0.0153061233633
0.0150327997318
0.0147690664032
0.0145144273273
0.0142684200844
0.0145172614569
0.0157587817609
0.0155046078615
0.015282161904
0.0150433781243
0.0159254559092
0.0156841611227
0.0158433827395
0.0156103918168
0.0153841542543
0.0152688059457
0.0160373259973
0.0164580454003
0.0162461384287
0.0160265960175
0.0158129080706
0.0156048434907
0.0154021831856
0.0157139684249
0.0158661834741
0.0156678561806
0.0154744258574
0.0154788454088
0.0153718360644
0.015188838016
0.0152285795282
0.0150515030221
0.0148784972402
0.0147094234079
0.0145441489876
0.0143825473322
0.0152162556033
0.0150508615206
0.0160649144215
0.0166768190819
0.0169414002865
0.0167649273668
0.017276031653
0.0170997456158
0.0174728391829
0.0172981107911
0.0172359345558
0.0170669548052
0.0174825542142
0.0173144527313
0.0171495531815
0.016987764944
0.0168290007856
0.0166731767042
0.0169676200181
0.016813368927
0.0169848574253
0.0168332069126
0.0166842404797
0.0165439448737
0.0171848670922
0.0172884363623
0.017140671949
0.0170433455997
0.0169001242081
0.0167592898397
0.0166207833121
0.0164845473833
0.0163505266729
0.0162186675868
0.0164066897009
0.0167516659249
0.0171727505344
0.0177436665459
0.0176061187432
0.0179312539369
0.0178165386119
0.0177495533436
0.0178471934446
0.0177140054338
0.0175827905787
0.0174535053539
0.0173261075046
0.0172005560009
0.0172479094723
0.0171247101189
0.0170032582741
0.0169694934614
0.0169556440345
0.0168771754143
0.0167607811011
0.0167340032556
0.0166201664988
0.0165078680765
0.0166636638065
0.0172549639336
0.0171406926492
0.0170279249344
0.0169166313074
0.0173995809775
0.0178404707776
0.0178445145415
0.0177308552132
0.0176186346106
0.0176343958096
0.0175241808357
0.017415334992
0.0174052275012
0.0175421367303
0.0174503519214
0.0177069594148
0.0178940710925
0.0179806536279
0.0180870104054
0.0181462042702
0.0180513892728
0.0179458255929
0.0178414893976
0.017738359401
0.0177802907204
0.0178635653706
0.0177620678401
0.0176789847709
0.0181414623845
0.0180401134326
0.0179398905802
0.0181102088528
0.0180107022107
0.017912283073
0.0179840604103
0.0178868492729
0.017816755742
0.0177214789733
0.0177345196789
0.0176406862415
0.0175478405244
0.0175429216651
0.0179939485888
0.0179007156946
0.0183321402004
0.018238129225
0.0182545871187
0.0184921234342
0.0186099007579
0.0188330919147
0.0187389264552
0.0186456979653
0.0185533925299
0.0189224261917
0.0190945515965
0.0191513376217
0.0192001122082
0.0191633881015
0.019071256428
0.0189800063972
0.0188896254144
0.0188347445956
0.0187459014607
0.0190059319828
0.0189171192165
0.0189397497714
0.0188733943554
0.0188629563095
0.018776428987
0.0187410037908
0.0186987575209
0.0190394257319
0.0190554353191
0.0192122988772
0.0191265296858
0.0190794151495
0.0189949929586
0.019301787635
0.0196337973384
0.0196244028586
0.0195443577669
0.0194597501576
0.0193758719241
0.0192927136755
0.0193634652933
0.0193593764666
0.0192773452104
0.0192424969649
0.0191616461373
0.0190814718857
0.0191674717189
0.0190879386412
0.0191909333859
0.0195029048535
0.0194229749156
0.0194359160551
0.0193973311349
0.0199875956171
0.0202940304413
0.020212528311
0.0201624561878
0.0201593035674
0.0202631520572
0.0201871746993
0.0201076976335
0.0201161956617
0.0200376167724
0.0199596493919
0.0198822864098
0.0198055208252
0.0200657917469
0.0200544482664
0.0202064301201
0.0202730800445
0.020558872492
0.0204812918411
0.0204042945033
0.0205660295409
0.0204892906248
0.0205944140719
0.0208304435671
0.0207535784617
0.0206772785409
0.0206079055809
0.0205326942466
0.0204580299039
0.0205353994822
0.0204612644661
0.0203876627953
0.0203145887351
0.0202420366325
0.0201700009149
0.020098476089
0.0200372036259
0.0203487830464
0.0202773838076
0.0203603743078
0.0203794688479
0.0204615285632
0.0203907274263
0.0203204145731
0.0203802597473
0.0204552929773
0.0206634681719
0.0211220990938
0.0212700100827
0.0213019887201
0.0217129009422
0.0216400388585
0.0215676641466
0.0214957719328
0.0214243574081
0.0215516730919
0.021480545458
0.0214617868264
0.0213914203123
0.021587692223
0.021519404019
0.0214495358242
0.0217966645175
0.0220948674518
0.0224790775511
0.022415870152
0.0224962104079
0.0224895049053
0.0226181888293
0.0225466122824
0.0225112198465
0.0227164208995
0.0231444154706
0.0234051422853
0.0233358219984
0.0233691149817
0.023562205957
0.0234894830991
0.0234172077665
0.0233453758409
0.0233954555228
0.0233241279145
0.0233889052779
0.0233180298074
0.0232475825874
0.0232921545056
0.0232222080957
0.0234934110041
0.023692684404
0.0237110243813
0.0236406652585
0.0235843525799
0.0237867758454
0.0238450872226
0.0238063739089
0.0237743412824
0.0237050283341
0.0236396475301
0.0239200853129
0.0238509521183
0.0240292995186
0.0242953130528
0.024712328573
0.0246504543902
0.0245838659965
0.0246756164034
0.0246057138074
0.0248140295059
0.025033202523
0.024965033816
0.0250171959129
0.0252126786059
0.0251424483034
0.0250726081692
0.0250125359958
0.0251357665891
0.0253066950574
0.025747439027
0.0256768980982
0.0259132626164
0.0258426542714
0.0258698443202
0.0260966337976
0.0260758390874
0.0261191115721
0.0261096342671
0.026443067689
0.0263723642995
0.0264375349021
0.0263672223092
0.0268315296707
0.026760546788
0.0266899384851
0.026665568802
0.0266216802375
0.0265519899751
0.026616695506
0.0267196913111
0.0266502895155
0.0269446944521
0.0270561777087
0.0270250768007
0.0271445732332
0.0271451670034
0.0271829612533
0.0271136169643
0.0270484182253
0.0274264361994
0.0273775071738
0.0273083720546
0.027384690752
0.0274587995924
0.0273899805458
0.0276312348494
0.0278193274423
0.0278778221709
0.0280803470832
0.0280108412736
0.0280453293975
0.0280963692214
0.0280273363732
0.0281131148158
0.0280692233613
0.0280132122967
0.0280416994489
0.0279736370716
0.0279802156058
0.0281541764377
0.0282256589134
0.0281871564999
0.0285403084129
0.0284720301631
0.0287586862179
0.028723360435
0.028706117005
0.0286905565125
0.0286709350611
0.0286033149312
0.0287377483079
0.0288144881661
0.028998813677
0.0289589178017
0.0292034133477
0.0291967821759
0.0291604267542
0.02923152228
0.0291655280353
0.0292958782011
0.0292285313547
0.0291614934388
0.0293983872438
0.0293312676383
0.0294883182872
0.0295505721303
0.0296882125563
0.0297636350188
0.0298049298542
0.029963026859
0.0300373232952
0.0303908137196
0.0303228253221
0.0302551404441
0.0305769397981
0.0305169128058
0.0307016788449
0.0306337547767
0.0305992189503
0.0307614340535
0.0307020735697
0.0306554611812
0.0306950936467
0.0308327913194
0.030877456716
0.0312255223373
0.0313962524184
0.0315236414825
0.0314953022806
0.0314303235851
0.031467607831
0.0314000807755
0.0313328429152
0.0315884742071
0.0316056909511
0.0317141491624
0.0316468155124
0.0317355069818
0.0316684128867
0.0317735197306
0.0317066281101
0.0320478554981
0.0322438430941
0.0321888431201
0.0321216430301
0.0320601027035
0.0319934496834
0.0319292327348
0.0319936130832
0.0320645809138
0.0322597338168
0.0323465259478
0.0323855150287
0.0323988412078
0.0323325859088
0.0322781442289
0.0322124046276
0.03232291865
0.0322586190455
0.0321933181972
0.0321335750303
0.0322912789314
0.0322263065392
0.0323721110934
0.0324712799957
0.0326063374357
0.0325669060549
0.0327031350379
0.0327327540407
0.0329712000485
0.0329135038417
0.0329521065883
0.0330477644155
0.0329827097611
0.0329179107243
0.0328824624763
0.0329674010406
0.0329030115854
0.0331190293735
0.0331024966487
0.0330798973861
0.0330157890578
0.0329536548912
0.0333380459004
0.0332738107445
0.0333951131618
0.0334237132071
0.0333812333624
0.0333704450716
0.0334333679687
0.0334149857221
0.0336368653955
0.0338796551913
0.0338605321484
0.0339982727372
0.0339951691179
0.0339361721951
0.0339688752705
0.034193895777
0.0341969944595
0.0343619551063
0.0345100858215
0.0346036828601
0.0346831892
0.0346204976151
0.0345699221985
0.0346728428598
0.0346260544097
0.0345750750903
0.034511517967
0.034532217233
0.0347000072961
0.0346378992127
0.0345746913674
0.034600543474
0.034767342098
0.0348531906515
0.0347939174318
0.0347494607525
0.0347121246273
0.0348341904476
0.0349506882703
0.0352233761964
0.0353908471583
0.0353447468405
0.0352953713953
0.0353703851606
0.0353519937439
0.035339666423
0.0353079114766
0.0352489938373
0.0354509097281
0.0354478688189
0.0354198210775
0.0354477901236
0.0353856010182
0.0354398154527
0.035523276428
0.0354911678417
0.0354365507644
0.0355290460016
0.0354714694576
0.0355002380926
0.0358481070607
0.0359198341534
0.0359274631384
0.0359351223175
0.0358774416205
0.0359956681143
0.0359340316963
0.0359559692454
0.0360202966286
0.0360869753847
0.0360650520033
0.0361011418404
0.0362429935705
0.036195477594
0.0362769103917
0.0362157351633
0.0361570305378
0.0362697492141
0.0363271105721
0.0364572022274
0.03639837401
0.0365949338447
0.0365360721686
0.0365411560706
0.0365591927224
0.0366499583737
0.0367248995324
0.0369253594694
0.0368661441575
0.0368390017167
0.0368708639367
0.0368375921378
0.0368694537059
0.0369424179797
0.0370648545274
0.0371115141729
0.0372200256717
0.0373157699278
0.0372821539675
0.0373738596526
0.0373412769341
0.0375780557957
0.0375823254204
0.0375218063779
0.0374645064663
0.0375958501989
0.0376685337427
0.0376478679362
0.0378501379937
0.0378274231141
0.0377964918528
0.03785684067
0.0379554806055
0.0379792720295
0.0379730645779
0.0379413729986
0.0379060893709
0.0379621572444
0.0380225647917
0.0380464681865
0.0379977806594
0.038140058221
0.0380873418053
0.0380711341596
0.0380340133496
0.0380123112002
0.0380186830906
0.038076698923
0.0382028867957
0.0381485914035
0.0381608255687
0.0381426301664
0.0383016624404
0.0382876797061
0.0382413787726
0.0384564487985
0.0384036865058
0.0385423289895
0.0387332647957
0.0387564523707
0.0388249448513
0.0387945999411
0.0389946097392
0.0389514475879
0.0388926085432
0.038932410942
0.0388794290188
0.0388671827898
0.0388192475531
0.0389458840381
0.0389150572318
0.0389159537095
0.0389778317366
0.0389370275494
0.0390217074937
0.0390396628836
0.0390028674997
0.0391581111163
0.0391753256747
0.039150234563
0.0392595821152
0.0393317411779
0.0393557938324
0.0395381441016
0.0397136698273
0.0397705928957
0.040050646311
0.0401095835116
0.0402481099148
0.0404229195842
0.0403688958215
0.040473005301
0.0404157818679
0.0404376957305
0.0405739476615
0.0405419543619
0.0405781037456
0.0407718984427
0.0407145362375
0.0407049833342
0.0406719480415
0.0407299142964
0.0408257028196
0.0408774122054
0.0411117067755
0.041103694331
0.041072677161
0.0411133275833
0.0414408980736
0.0414689259319
0.041548031625
0.0415858010185
0.0415812266794
0.0417102092705
0.0416903004126
0.0417675754989
0.0418395174313
0.0418298631441
0.0419647120062
0.0420837953671
0.0420286500087
0.0422018845414
0.0422458472019
0.0422066181681
0.0422779078767
0.0422860015586
0.042265908956
0.0422293738009
0.0422023597965
0.042182380723
0.0421720774931
0.0422005933074
0.0423781644224
0.0424236688616
0.0425645059895
0.0425123442297
0.0426189533933
0.0426237535115
0.0425714899868
0.0426297471374
0.0426585618823
0.0426123740571
0.0427500270191
0.0428772039811
0.0429496086133
0.0430541320051
0.0431311401835
0.043231676523
0.0432361822229
0.0431882446701
0.0433347551253
0.0434992721895
0.0434510583341
0.043420352108
0.0435729763846
0.0436644008085
0.0436591593291
0.0436331140729
0.0438182555081
0.0438012304999
0.0437488026503
0.0438253659301
0.0441259011895
0.0441949230505
0.0442907534978
0.0443100043145
0.0444920387417
0.0446350648785
0.0446782598425
0.0447194695022
0.0449109815479
0.0449086378981
0.0451852037752
0.0452933197817
0.0453270439657
0.0453294383847
0.0453096502359
0.0452646737409
0.0454953199957
0.0454384987184
0.0454210240253
0.0454214118737
0.0455386955231
0.0456260467688
0.0457946324853
0.0458703351046
0.0458901977568
0.0462112987547
0.0461687963086
0.0463849837497
0.0463358841479
0.0464585213155
0.046649750958
0.0467136938095
0.0468043163795
0.0467909594825
0.0468767849774
0.0469257792805
0.0471624548696
0.0471065677877
0.0473415001969
0.0474642754522
0.047589685943
0.0475859171521
0.0476111130152
0.0476161695911
0.0480303844208
0.0480611780143
0.0480386868979
0.0479803234626
0.0480081816563
0.0479925140303
0.047963727116
0.0480636553139
0.048120411928
0.0480992540362
0.0480415100677
0.048058012657
0.048109806955
0.0480764811305
0.0481871389666
0.0482315497681
0.0481773069195
0.0481295568297
0.0481045604697
0.0481268922369
0.0482002677787
0.048249681085
0.0484302084292
0.0485547783042
0.0485334006879
0.0486488246953
0.0486283664756
0.0486057484618
0.0486983413064
0.0488402832985
0.0488445873617
0.0489999009384
0.0489728101591
0.0491055591668
0.0492357150044
0.0491877278389
0.0493126673926
0.0494124053718
0.049452884918
0.0494881816762
0.0494804353039
0.04949583407
0.0495890948977
0.0496270560414
0.0497144112046
0.0496699974665
0.0496725346775
0.049674945921
0.0496842857503
0.0497570969602
0.0499458737464
0.0501333761168
0.0502519192718
0.0503013770849
0.0503481846723
0.0503899439815
0.05075109103
0.0507502533527
0.0506924136445
0.0508822804158
0.0511801026936
0.0511584861298
0.0513142626683
0.0514360224683
0.0514121969147
0.0513768146836
0.0514335888953
0.0517369290818
0.051898318998
0.051847162917
0.0519797020293
0.0519512403514
0.0519915355536
0.0519543401294
0.0520458244521
0.0521318497797
0.0521477163903
0.052307124359
0.0524073672531
0.0523773779741
0.0523777831858
0.0524925255389
0.0526631812826
0.0528039328251
0.0528085717533
0.0528021366483
0.0529246154956
0.0530825800821
0.0531117672245
0.0531474907354
0.0532060924384
0.0532008135152
0.0532505545451
0.053342301606
0.0534351735066
0.0534229225379
0.0533909469143
0.0533719388892
0.0533212161891
0.0533628288505
0.0533797125408
0.0533459530445
0.0534255219052
0.0535325022805
0.0535954650239
0.0536425097434
0.053618021924
0.0535591656979
0.0536127105537
0.0536194709453
0.0535860063567
0.0536303206473
0.0536715786185
0.053626271204
0.053653817731
0.0537473388982
0.0538669243717
0.0540249335286
0.0539976625014
0.0539575761316
0.0540183207963
0.0541105157734
0.0541882566767
0.0542359355299
0.0543577685442
0.0544183759289
0.0544156083884
0.0544773212663
0.0545139571432
0.0544905414831
0.0544582215035
0.0544897829466
0.0545463747376
0.0545036398197
0.0544804908865
0.0544447745819
0.0546224976729
0.0547158295229
0.0546920901651
0.0547817162207
0.0549337401061
0.0550197285846
0.0551454106987
0.0553120329049
0.0553591721107
0.0553632147677
0.0554028640304
0.0555112420072
0.0554767587963
0.0555410840693
0.055535695102
0.0556052929399
0.0556192350569
0.0555861439564
0.0555627043377
0.0556097293685
0.0556260649369
0.0559072880013
0.0558651480568
0.0558356826873
0.0558106437711
0.0558466148862
0.0559208089053
0.0559074933523
0.0559490450656
0.0560147934424
0.056074165326
0.0560591523198
0.0560598959178
0.0560249425337
0.0560085429516
0.0560151011428
0.0560587152765
0.056193809869
0.0563141835455
0.0563649619396
0.0563688517851
0.0564047416337
0.0564300299415
0.0564663824905
0.0565744692913
0.0566813656242
0.0566663974225
0.0566670874292
0.0567657581782
0.0567606307618
0.0568273713391
0.0568886560644
0.056899970247
0.0569532072897
0.0571415103102
0.0571190752243
0.0571700111083
0.0572772680208
0.0572884123224
0.0574962886878
0.057535519703
0.0574780416613
0.0576197951727
0.0576186376432
0.0576840285117
0.057838696206
0.0579752381466
0.0581296574555
0.0581755670549
0.0581429308595
0.0582100511296
0.0582364516775
0.0582336138475
0.0582925480983
0.0583500288814
0.0584459850395
0.0585080021665
0.0585597771443
0.0585940715171
0.0586630580386
0.0587213066168
0.0587202528949
0.0587736380266
0.0588274568285
0.0588356219962
0.0589792368174
0.0589898162451
0.0590902153687
0.0590651696763
0.0592583995658
0.0593970707642
0.0594558467753
0.0595355760478
0.0595095118227
0.0596922181035
0.0596953206445
0.0596564617274
0.0598558556353
0.0598488167151
0.0598691792465
0.059850120278
0.0600446527767
0.0601889369532
0.0602780037966
0.0602515107142
0.0603218413847
0.0602918520422
0.0603247238137
0.0602965652295
0.0605104388893
0.0605693501449
0.0606676750773
0.060695795158
0.0607410783298
0.0609172076343
0.0611338277561
0.0611895382954
0.0612330876032
0.0612251421172
0.0612611332606
0.0612694326219
0.0612694136608
0.0612843265629
0.0613097559676
0.0613359600056
0.0615020944432
0.0615036071052
0.0614957216331
0.0615107029298
0.0615219255613
0.0616206615671
0.0616995647925
0.0617516010767
0.0617915678405
0.0618512597677
0.0618333692591
0.0618506741883
0.0619229500791
0.0620363261567
0.0620264508203
0.0620787603476
0.0621170805936
0.0621614839537
0.0622314819822
0.0623210839292
0.0623230768053
0.0623763507593
0.0625128696722
0.0625527131225
0.0625319250592
0.0627447505765
0.0627959720768
0.0628832898976
0.0631273370371
0.0631992408251
0.0632563409827
0.0634327814395
0.0635383679248
0.0636405837436
0.0636533656407
0.063817273792
0.0638087562848
0.0638802840195
0.0639161655617
0.0640506901463
0.0640540936646
0.0641247806909
0.0641341338199
0.0642053588698
0.064304635425
0.0643745909253
0.0645079892085
0.0645786866106
0.0645779565506
0.0646065628085
0.0646628054714
0.0649062076433
0.0649535919999
0.0651613377124
0.0652626063527
0.0653614502649
0.0654783789536
0.0655102772888
0.0655748406864
0.065606205441
0.0656513400792
0.0656667303942
0.0656905420455
0.0656951739753
0.0657462971111
0.0658941507735
0.066003349316
0.065981448526
0.0660917719066
0.0660564132429
0.0662059540508
0.0663951894573
0.066442712572
0.0665666523761
0.0665503210478
0.0665054426917
0.066493198643
0.0664853721482
0.0666074969335
0.066642694293
0.0667351279513
0.0667330666065
0.0667898187604
0.0668066431242
0.0668173630374
0.0668537766783
0.0669366131755
0.0671073219744
0.0671103236689
0.0671726870428
0.0672203443482
0.0672886510393
0.0673249384981
0.0673440478458
0.0674325255711
0.0675887418011
0.0675768698596
0.0676646736933
0.0676166394075
0.0677149130359
0.0677048708838
0.0676784693475
0.0677021387227
0.0677228753401
0.0678131645408
0.0678615250453
0.0679097342358
0.0680628066667
0.0681661779288
0.0681562526815
0.0681852150912
0.0682226995001
0.0682220570159
0.0683459950539
0.0683811695669
0.0685495593816
0.0685958333188
0.0687810912393
0.0688155944855
0.0689508740899
0.0691406857394
0.0692976313881
0.069265562944
0.0693751658226
0.0695651924576
0.0696417411722
0.0696661541741
0.0697327836219
0.0698312566724
0.0698533124044
0.0699172159731
0.0699973182909
0.069973466904
0.0701414490544
0.0702070397454
0.070192860213
0.0702414802774
0.0702745721109
0.0704023462219
0.0704751248732
0.0705357290032
0.0705252393558
0.0705936114189
0.0706631180284
0.0707093178302
0.070823432631
0.0708324691619
0.0708644730227
0.0708482250609
0.0709226766025
0.0710932631922
0.0711676350185
0.0712270974353
0.0712969230953
0.0714412788343
0.0714640546034
0.0715190309966
0.0715258960738
0.0715453372519
0.0715364926079
0.0716565309034
0.0717617591206
0.0717607487209
0.0718609895947
0.071851647775
0.0718348974148
0.0718236171093
0.0718656336971
0.0718741120401
0.0719341247794
0.0721358420812
0.0721348597724
0.0721847277944
0.0722874559276
0.0725567692353
0.0725761970794
0.0726604791082
0.0727128757805
0.0727186374754
0.0727166526481
0.072785102175
0.0727796460786
0.0727890484132
0.072853221779
0.0729501569379
0.0730396118182
0.0730596434746
0.0731043384247
0.0731125315952
0.073246736883
0.0733484957092
0.0733274047097
0.073407186072
0.0734928578462
0.0736173371128
0.0736534301838
0.0737175408028
0.0737192896674
0.0738172879966
0.0738865403806
0.0739715522469
0.0741532442602
0.0741606346649
0.0741948779604
0.0743065229784
0.0744233849621
0.074558466533
0.0746441115891
0.0746791222608
0.0747995737276
0.0748383572805
0.0749176741153
0.0749428164385
0.0751414466833
0.0751878347625
0.0751641860637
0.0752390285536
0.0753216590698
0.0754910071432
0.0755067144684
0.0755239646913
0.0755744595253
0.0756366278828
0.0756694166852
0.0757330760774
0.0757729739972
0.0758504365786
0.0759508671418
0.0760133708682
0.0761103663935
0.0762371493288
0.0763635931048
0.0764389671433
0.076499618938
0.0765874374036
0.0766791419972
0.0767557186222
0.0768808444491
0.0769515587046
0.0770280242786
0.0770382660586
0.0771160289553
0.077177812257
0.0772147363782
0.077291164616
0.0773435032685
0.0774829325194
0.0775639661178
0.0776094509169
0.0777223052107
0.0777280055491
0.077750836103
0.0778702464878
0.0780331652511
0.0782821323781
0.078295473713
0.0783650067067
0.0784270423387
0.0785247215516
0.0787017036135
0.0787294270724
0.0788416212852
0.0790147383352
0.0790222207881
0.0791361740936
0.0792003472383
0.0792141504684
0.0792673822074
0.0793219992344
0.0794678759253
0.0794838974591
0.0795842972709
0.0797036577722
0.0797968327774
0.0797634097008
0.0799098886996
0.0799503351428
0.0799645039357
0.0800161689871
0.0800598209725
0.0802048959091
0.0802601750581
0.0802901852068
0.080415315137
0.0804611379007
0.0805382975625
0.0806659917614
0.0807451719099
0.0808925956545
0.0809404823
0.0809479969793
0.0809623808699
0.081124562204
0.0812238722168
0.0812752207922
0.0814171868714
0.0815178538629
0.0815678930492
0.0815998308051
0.0816931575696
0.0817885473233
0.0818369688656
0.0818903449422
0.0819793272018
0.0820567804886
0.0822010659828
0.0822275226856
0.0822915562687
0.0823808798122
0.0824712063979
0.0825455485921
0.0825869847968
0.0826760704901
0.0827238094185
0.0826910610439
0.0828686865843
0.0829207393811
0.0829625209747
0.0829788789723
0.0831106301091
0.0831466358493
0.0833248156123
0.0833398323997
0.0834489710631
0.0835588605453
0.0836832959749
0.0837150366672
0.0837813643878
0.0838226445508
0.0839012185187
0.0839659186125
0.0840436301661
0.0841498664045
0.0842244674252
0.0841884702872
0.0842613285709
0.0843404583058
0.0844335453963
0.084573588533
0.0846284532299
0.0846101337803
0.0847399232242
0.0848995395945
0.0850204602303
0.0852211304233
0.0853342811136
0.0853849065927
0.0854490587081
0.0856476220026
0.0857747437678
0.085912584754
0.0860058270574
0.0860188580699
0.0860898877363
0.0862492985407
0.0862808017926
0.0862898898043
0.0863981843051
0.0864564239188
0.0865842368975
0.0867554712348
0.0867632009011
0.0868006009767
0.0868708784623
0.0869072798717
0.0869253971827
0.0869931029019
0.0871271167082
0.0871551710399
0.0871792702718
0.0872600036209
0.0873381170102
0.0874235512104
0.0875441945653
0.0876978706634
0.0877506628379
0.0878234614254
0.0878134333689
0.0878735538746
0.0879219278469
0.0880297026954
0.0880913717577
0.0882447342077
0.0883049523631
0.0884010699426
0.0884444677908
0.0885735600399
0.0886431671299
0.0887186293558
0.0887570430944
0.0889358479182
0.0890662793347
0.0890794070581
0.089189261912
0.0893443748558
0.0894964243614
0.0895511812675
0.089703988701
0.0897641926868
0.089839086137
0.0900062946921
0.0900039040823
0.0900922779705
0.0901616717908
0.0902108114215
0.090260560912
0.0903509495498
0.0904784606882
0.0905812034209
0.0907089861147
0.090754569274
0.0908522870086
0.090927143236
0.0910933933441
0.0911436623869
0.0911786264349
0.0912691428495
0.0913656715367
0.091382334145
0.0914247470964
0.0915020559993
0.0915871727932
0.0915959927667
0.0917350412316
0.0917668058245
0.0918687684453
0.0920081725629
0.0920752581923
0.092161322634
0.0922595707432
0.0922772676133
0.0923608619972
0.0924806426986
0.0926731949509
0.0927310018159
0.0927644368632
0.0928458719435
0.0929961544199
0.093097731097
0.0931043591781
0.0932077185047
0.0932774507045
0.0934211660785
0.0935269672092
0.093631303015
0.0937011361795
0.0937508130236
0.0938314792689
0.0938897439184
0.0941136783781
0.0941694725774
0.094241700829
0.094252143674
0.094349754286
0.0944826910594
0.0945674614665
0.094751409183
0.0949036460924
0.0949428328345
0.095102198873
0.0951740913523
0.0952722198397
0.0953548679188
0.0955460156323
0.0955741414997
0.0956897998756
0.0957743229657
0.0958266830838
0.0958196676044
0.0958302602771
0.0959916250449
0.0961402770989
0.0962652549815
0.0963737194871
0.0964689175111
0.0966139427607
0.0967242632527
0.0967447155331
0.0968124901141
0.0970148423072
0.0970491560395
0.0972229064485
0.0972763471952
0.0973631711744
0.0974275774231
0.0975514499498
0.097570094834
0.0976314391856
0.0977070752505
0.0978081333226
0.098013760525
0.0981129705591
0.0982029010433
0.0983077775786
0.0984081488338
0.0984865013394
0.0985307799573
0.0985999004148
0.0987012064435
0.0986911405869
0.0989331884376
0.099109827928
0.0991692587844
0.0991860232754
0.0993748382226
0.0993672365052
0.0994183174356
0.0994213770985
0.0994603919019
0.0995875943289
0.0996223254242
0.0996589673839
0.099728431554
0.0997698420177
0.0998516529057
0.099948653819
0.100047212596
0.100181764863
0.10039406751
0.100434772124
0.100471406653
0.100496657203
0.100649098759
0.100661383204
0.100758895971
0.100834811992
0.100899120648
0.10091631908
0.101017319049
0.101085264818
0.101132199487
0.101223229049
0.101319997644
0.101434769144
0.101562571755
0.101727212113
0.101787388832
0.101870648277
0.10202639564
0.102047477333
0.102123058404
0.102214984422
0.102285649446
0.102372001627
0.102473363123
0.102599101558
0.102792420829
0.102948655143
0.103009050411
0.103142835542
0.103196721573
0.103226662221
0.103256295694
0.103321602864
0.103380307946
0.103484548909
0.103633619998
0.103724596152
0.103812483636
0.103910429984
0.103991791355
0.104100561704
0.104183567708
0.104373836571
0.104434306563
0.104554709975
0.104677016429
0.104723466459
0.104784727435
0.104874670187
0.104966700253
0.10501526553
0.105099273945
0.105176296656
0.105264931502
0.105363897444
0.105452170584
0.105526955434
0.105602094183
0.105662497568
0.105737653326
0.10596630294
0.106048678519
0.106131876755
0.106267754609
0.106315018731
0.106400995406
0.106531930316
0.106581724179
0.10671711174
0.106797009945
0.106872045212
0.106888489983
0.106958265749
0.107033045568
0.107116107824
0.107210164227
0.107302165454
0.107336494192
0.107405719318
0.107506231413
0.107709018445
0.107745283332
0.107755826679
0.107917410666
0.108023247938
0.108102333628
0.108167734541
0.108288265215
0.108355552614
0.108551710223
0.108531101224
0.10863575352
0.108661331509
0.108665943896
0.108707802651
0.108803491177
0.108839466728
0.108960218673
0.109020137251
0.109078771945
0.109209511982
0.109304364137
0.109453599404
0.109566321977
0.109708442899
0.109748192754
0.109792400444
0.109947867417
0.110068024781
0.110182455832
0.110208251502
0.110246007379
0.110385521063
0.110482930652
0.110577900555
0.110606519413
0.110807371088
0.110980231863
0.111057563716
0.11118967644
0.111317924646
0.111418834636
0.111605474531
0.111834236479
0.111912436426
0.111996147741
0.112112749022
0.112235506664
0.112339322988
0.112555826553
0.112596308366
0.11270231424
0.112750925463
0.112844792016
0.112918220835
0.113024049949
0.113134583719
0.113192301814
0.113251863559
0.113292003573
0.113434344136
0.113517419802
0.113680940769
0.113805640282
0.113857002037
0.113933079108
0.114094956491
0.114161244828
0.114208082146
0.114378862751
0.114421835137
0.114511944737
0.114622442639
0.1146504241
0.114765225112
0.114844419779
0.11494732025
0.115067412426
0.115157507248
0.115267308995
0.115312515564
0.115531372026
0.115645571315
0.115827501714
0.115886837674
0.115979713794
0.116100894096
0.116239408002
0.116343640324
0.11640367415
0.116552875746
0.116691000515
0.116737059451
0.116826349859
0.116930097058
0.117007834251
0.117055050448
0.117152316278
0.117257617856
0.117388510209
0.117478799615
0.117533440143
0.117625539459
0.117776227553
0.117938932849
0.118065152238
0.118125364512
0.118198299678
0.118285030582
0.118346579364
0.118462344872
0.118524373562
0.118590281348
0.118714031817
0.118846107826
0.118900388509
0.119037422278
0.119111654447
0.119286654807
0.119385294794
0.119416969226
0.119559850082
0.119678941926
0.119760865405
0.119856693693
0.119982056895
0.120081191607
0.120119645096
0.120175401288
0.120239248559
0.120283236967
0.120394198272
0.120489593813
0.120628607554
0.120736395833
0.120766184996
0.120901985441
0.121035111869
0.121089886311
0.121202244906
0.121301783061
0.121379374346
0.121531123756
0.121643420544
0.121694804909
0.121754004732
0.121906160725
0.121986996906
0.122127435515
0.122245656662
0.122348878665
0.122400670876
0.122474477584
0.122589030264
0.122643059735
0.122728765453
0.122904976955
0.122995143135
0.123153975657
0.123277407312
0.123421527802
0.123566568661
0.123643541003
0.123706787795
0.123808223447
0.123893761542
0.124066137647
0.124162173388
0.124236529707
0.124354750376
0.124455967468
0.124581938184
0.124654071806
0.12473477558
0.124856803459
0.12498661053
0.125086758291
0.125197186217
0.125288340604
0.125360406996
0.125470960547
0.125622938165
0.125723922139
0.125837675195
0.125958139535
0.12605402258
0.126109445042
0.126149056148
0.126269965945
0.126419701626
0.126595614667
0.126705415844
0.126823469088
0.126955887574
0.127094347651
0.127219295557
0.127311965939
0.127435218855
0.12759417259
0.127658114259
0.127728518261
0.127842672368
0.127889022945
0.127914085633
0.128019949151
0.128135793726
0.128232353817
0.128303615385
0.128425899593
0.128522518804
0.128577233935
0.128710066771
0.128852205056
0.128941518547
0.129059870976
0.129100851714
0.129205908346
0.129320656642
0.129406875438
0.129504011434
0.129548921013
0.129661503912
0.129741976559
0.12985237707
0.129908221164
0.129995926949
0.13016903591
0.130247375086
0.130361198961
0.130519965757
0.130617298724
0.130748072171
0.130863757085
0.130970408517
0.13106419731
0.131143648575
0.131274102138
0.131376022732
0.131433878136
0.131528174713
0.131681215308
0.131729849412
0.13184836237
0.132018743369
0.132098755724
0.132241248394
0.132361043664
0.132527980271
0.132584923256
0.132687290753
0.132823509495
0.132931443587
0.133056728865
0.133209377025
0.133287545797
0.133330919802
0.133356030451
0.133437233691
0.133508860235
0.133728487975
0.133769244055
0.13390865535
0.13400696182
0.134033348783
0.134086352839
0.134189330125
0.134312547718
0.134383368062
0.134528363428
0.134700785369
0.134776620672
0.134864628685
0.134998321149
0.135081187133
0.135187625221
0.135236612981
0.135262955501
0.135372238144
0.135428678284
0.135612452675
0.135645880526
0.135781177899
0.135919862622
0.136034119332
0.136167481489
0.136287597691
0.136415559802
0.136519876522
0.136617781771
0.136752458805
0.13685807657
0.136947258892
0.137031896951
0.137158734346
0.137226706418
0.137329152589
0.137468135788
0.137599507693
0.137664489662
0.13776412516
0.1378811532
0.137982036201
0.138166681501
0.138259233073
0.138380633911
0.13849666151
0.13862488539
0.138706565726
0.138732325268
0.138821226312
0.138909116614
0.138988584909
0.139061899056
0.139133479245
0.139234515943
0.139336479683
0.139401939207
0.13950224758
0.139623004312
0.139723518999
0.13983148969
0.139955596598
0.140123332097
0.140243166792
0.140356849857
0.140495703133
0.140565588784
0.140652194958
0.140797845329
0.14090401656
0.141036552208
0.141161137653
0.141199360669
0.141320699366
0.141433983492
