
row1col1
West 0.0
East 0.0
North 0.0
South 3.82413371353e-06

row1col2
West 0.0
East 0.0
North 0.0
South 0.000229901342136

row1col3
West 0.0
East 0.0
North 0.0
South 0.00232850144906

row1col4
West 0.0
East 0.0
North 0.0
South 0.00540687240913

row1col5
West 0.0
East 0.0
North 0.0
South 0.00332163401851

row1col7
West 0.0
East 0.0
North 0.0
South 0.000725477249439

row1col8
West 0.0
East 0.0
North 0.0
South 0.00075538724989

row1col9
West 0.0
East 0.0
North 0.0
South 0.0271277615077

row1col10
West 0.0
East 0.0
North 0.0
South 0.00723553510285

row1col11
West 0.000363261484776
East 0.0
North 0.0
South 0.0

row1col13
West 0.0
East 0.00136003519398
North 0.0
South 0.156574846889

row1col14
West 0.0
East 0.0
North 0.00455351072141
South 0.411184901676

row1col15
West 0.0
East 0.0
North 0.002375
South 0.512325020884

row1col16
West 0.0350702294798
East 0.0
North 0.0
South 0.0

row1col18
West 0.0
East 0.000689425390287
North 0.0
South 0.0

row1col19
West 0.0
East 0.00858610376735
North 0.0
South 0.0

row1col20
West 5.50227163266e-08
East 6.49859124875e-07
North 0.0
South 0.0739272549776

row1col21
West 1.1583729753e-06
East 0.0
North 0.0
South 0.00381387742947

row1col22
West 0.0
East 0.0
North 0.0
South 0.000105257017408

row2col1
West 0.0
East 0.000201620569141
North 0.0
South 0.0

row2col2
West 0.0
East 0.0042135508522
North 0.0
South 0.0

row2col3
West 0.0
East 0.0306721906544
North 0.0
South 0.0

row2col4
West 0.0
East 6.7292743977e-09
North 0.0
South 0.0951831452625

row2col5
West 0.0
East 0.0
North 1.16215471805e-07
South 0.0445261888383

row2col7
West 0.0
East 0.0
North 0.0
South 0.0202462975627

row2col8
West 0.0
East 0.0
North 0.0
South 0.0189552725363

row2col9
West 0.0
East 0.0
North 0.0
South 0.252538776394

row2col10
West 0.0549567064006
East 0.0
North 0.0
South 1.86362630611e-11

row2col11
West 0.0
East 0.0
North 0.0
South 0.00092547358322

row2col13
West 0.00581367842711
East 0.697566908275
North 0.000637621848999
South 0.0102607365162

row2col14
West 0.0529533572395
East 1.0
North 0.0173307997006
South 0.268069453397

row2col15
West 0.0
East 0.0
North 0.0
South 0.0

row2col16
West 0.996800782311
East 0.0
North 0.0
South 0.0

row2col17
West 0.922894214807
East 0.0
North 0.0
South 0.0

row2col18
West 0.802265874483
East 0.0
North 0.0
South 0.0

row2col19
West 0.578537822583
East 0.0
North 0.0
South 1.03352319201e-05

row2col20
West 0.32033405797
East 0.0
North 0.0
South 6.30693049166e-09

row2col21
West 0.0840310648578
East 0.0
North 0.0
South 0.0

row2col22
West 0.00550095147427
East 0.0
North 0.0
South 0.0

row3col1
West 0.0
East 0.0
North 5.69403910164e-07
South 0.0

row3col2
West 0.0
East 0.000230539783212
North 0.0
South 0.0

row3col3
West 0.0
East 0.025040378358
North 0.0
South 0.0

row3col4
West 0.0
East 0.209294021658
North 0.0
South 5.88448154722e-08

row3col5
West 0.0
East 0.0
North 3.29687311806e-05
South 0.341471988938

row3col7
West 0.0
East 0.0976903396154
North 0.0
South 0.0

row3col8
West 0.0
East 0.298827078865
North 0.0
South 0.0

row3col9
West 0.0
East 7.51580647007e-11
North 4.051050447e-06
South 0.554237071098

row3col10
West 0.19928652622
East 0.0
North 8.85222495401e-13
South 0.0

row3col11
West 0.0253304494654
East 0.0
North 0.0
South 0.0

row3col13
West 0.449347517115
East 0.9025
North 0.101302618154
South 0.163044146545

row3col14
West 0.350788642948
East 0.532496475269
North 0.95
South 0.241288162229

row3col15
West 0.0673966117401
East 0.0
North 0.889816889765
South 0.0997961908443

row3col16
West 0.0
East 0.0
North 0.144795485953
South 0.0

row3col18
West 0.0
East 0.0
North 0.297917372586
South 0.000493272587883

row3col19
West 0.0397879953984
East 6.41195387408e-09
North 4.22016050781e-06
South 0.0

row3col20
West 0.0026107719004
East 5.88048935939e-08
North 0.0
South 4.31148622568e-09

row3col21
West 1.59950749615e-08
East 0.0
North 0.00395947059541
South 0.0

row3col22
West 9.42870071971e-06
East 0.0
North 0.0
South 0.0

row4col5
West 8.92918418484e-07
East 0.0
North 0.00151083689246
South 0.452465271834

row4col9
West 0.0
East 0.0
North 0.00016582081899
South 0.622951360189

row4col13
West 0.245287096513
East 0.158074147492
North 0.857375
South 0.27368961403

row5col1
West 0.0
East 1.84183484977e-06
North 0.0
South 0.0

row5col2
West 0.0
East 0.0
North 0.0
South 9.93199561109e-05

row5col3
West 0.0
East 0.0
North 0.0
South 2.62703155507e-05

row5col5
West 0.00120003401286
East 0.528619718447
North 2.32068070835e-08
South 1.94075765631e-06

row5col6
West 0.0156381269193
East 0.568800092216
North 0.00124313236829
South 0.00185178480696

row5col7
West 0.00628579429433
East 0.598736939234
North 0.00259565433348
South 3.51527506237e-05

row5col8
West 0.0201592396909
East 0.630249409724
North 0.00142597314697
South 0.000795940329985

row5col9
West 0.0594872506277
East 0.663420431289
North 0.00605089889711
South 2.84958203921e-10

row5col10
West 0.0678275566713
East 0.698337296094
North 0.0374166312659
South 0.036356181383

row5col11
West 0.116123035626
East 0.735091890625
North 0.0317149825644
South 0.014360466563

row5col12
West 0.067896875257
East 0.7737809375
North 0.0209635821715
South 0.00305522226618

row5col13
West 0.0463032087575
East 0.0498353678516
North 0.81450625
South 0.0254343385449

row5col14
West 0.7737809375
East 0.0612599318599
North 0.0506447565841
South 6.16014044807e-09

row5col15
West 0.735091890622
East 0.0128726930524
North 0.060131318085
South 0.00130149971767

row5col16
West 0.698337296029
East 0.0298445638454
North 0.0381590389889
South 4.53088896883e-09

row5col17
West 0.663420430473
East 0.000402440101399
North 0.00268566069043
South 0.0150847319946

row5col18
West 0.130894913146
East 2.71811126106e-05
North 5.70271850864e-07
South 6.52089647121e-05

row5col20
West 0.0
East 0.00141328400648
North 0.0
South 0.0

row5col21
West 0.0
East 0.0
North 0.0
South 0.0233515403663

row5col22
West 0.0
East 0.0
North 0.0
South 0.000101090576436

row6col1
West 0.0
East 0.0
North 4.2143979489e-09
South 0.0

row6col2
West 0.0
East 0.0
North 0.0
South 0.00109480515315

row6col3
West 0.0
East 0.0
North 0.0
South 0.00288943418093

row6col5
West 0.00011567820276
East 0.0424468441395
North 4.23769601582e-16
South 0.0

row6col6
West 8.45080068906e-05
East 1.32882603542e-08
North 0.540360086114
South 0.000196237395264

row6col7
West 2.79752849563e-07
East 0.000726832624839
North 0.15935941611
South 1.32882603542e-08

row6col8
West 1.22799311004e-05
East 0.0
North 0.197620201683
South 0.000443417817777

row6col9
West 0.0
East 0.0842703943765
North 0.0
South 0.0

row6col10
West 0.0
East 0.0047966411348
North 0.660092646456
South 0.00517373721942

row6col11
West 0.0062938649638
East 3.76059815394e-05
North 0.194566876404
South 0.00422958754965

row6col12
West 6.00720677773e-06
East 0.000430304968323
North 0.240912259689
South 0.000845455490149

row6col13
West 0.00029639105702
East 0.0
North 0.364803089334
South 0.00859841213553

row6col14
West 0.0
East 0.0
North 0.109700845137
South 0.0

row6col15
West 1.89525792497e-06
East 4.74682689992e-05
North 0.291434971046
South 0.0

row6col16
West 0.0182212685207
East 0.0
North 0.0
South 7.64810124975e-10

row6col17
West 1.13633860585e-05
East 3.57800966963e-05
North 0.630249402132
South 0.000367406348791

row6col18
West 0.583150979239
East 8.23510812789e-07
North 0.000148010757299
South 1.38084944344e-13

row6col19
West 0.495779067618
East 0.0
North 0.0
South 0.0

row6col20
West 0.362396510242
East 0.0
North 0.0
South 0.0

row6col21
West 0.20315935914
East 0.0
North 0.0
South 0.0

row6col22
West 0.0
East 0.0
North 0.0
South 0.00124227809914

row7col1
West 0.0
East 0.000136111051876
North 0.0
South 0.0

row7col2
West 0.0
East 0.00829878228238
North 0.0
South 0.0

row7col3
West 0.0
East 0.0
North 0.0
South 0.0444146125183

row7col5
West 0.0
East 0.0353527719808
North 0.0
South 0.0

row7col6
West 3.11254578981e-09
East 0.000198308706172
North 0.513342068153
South 0.000262406596442

row7col10
West 5.55884770273e-10
East 0.0
North 0.605986240483
South 1.98375085417e-07

row7col17
West 8.59313106865e-07
East 4.08208382983e-08
North 0.598736774898
South 1.71779004134e-05

row7col18
West 0.174969492115
East 0.0
North 0.0
South 0.0

row7col20
West 0.0
East 0.0
North 0.0338638850195
South 0.0

row7col21
West 0.0
East 0.0
North 0.0742870731332
South 0.0

row7col22
West 0.0114068236727
East 0.0
North 0.0
South 0.0

row8col1
West 0.0
East 0.000587924215775
North 0.0
South 0.0

row8col2
West 0.0
East 0.0204009558297
North 0.0
South 4.18354964169e-10

row8col3
West 6.0289867174e-10
East 0.141625597509
North 0.0
South 0.0

row8col4
West 1.52320888839e-08
East 0.279628823951
North 2.01855711046e-11
South 3.93602247173e-11

row8col5
West 1.50138962536e-10
East 0.417947249465
North 0.0
South 0.0

row8col6
West 1.95923873921e-07
East 6.13590914885e-09
North 0.487674873486
South 0.000155088661089

row8col8
West 0.0
East 0.0378743757248
North 0.0
South 0.0

row8col9
West 0.0
East 0.240350262976
North 0.0
South 0.0

row8col10
West 0.0
East 1.16493240882e-09
North 0.521977521391
South 0.0

row8col11
West 0.31463372002
East 0.0
North 0.0
South 0.0

row8col12
West 0.13640685365
East 0.0
North 0.0
South 0.0

row8col13
West 0.0386823024222
East 0.0
North 0.0
South 0.0

row8col14
West 7.80245942427e-08
East 0.0
North 0.0
South 0.0

row8col15
West 0.0
East 0.0
North 0.0
South 3.68536229742e-06

row8col17
West 0.00444244899664
East 7.8308626891e-10
North 0.568798418846
South 0.000528421108385

row8col18
West 0.125844148098
East 0.0
North 0.0
South 0.0

row9col5
West 0.0
East 0.0
North 0.0201610239064
South 0.0

row9col6
West 0.0
East 0.0
North 0.463290270723
South 2.4162439056e-09

row9col8
West 0.0
East 0.0
North 0.00109040164828
South 0.0

row9col9
West 0.0
East 0.0
North 0.0326782411498
South 0.0

row9col10
West 0.0
East 0.0
North 0.0933684653468
South 0.0

row9col11
West 0.0
East 0.0
North 0.00661751243294
South 0.0

row9col12
West 0.0
East 0.0
North 0.00601428793231
South 0.0

row9col13
West 0.0
East 0.0
North 0.00881148150343
South 0.0

row9col14
West 0.0012599980727
East 0.0
North 0.0
South 0.0

row9col15
West 9.28329173772e-05
East 0.0
North 0.0
South 0.0

row9col17
West 7.76057702399e-10
East 0.0
North 0.54034965006
South 1.53649820673e-06

row9col18
West 0.0
East 0.0
North 0.0
South 0.0245502324662

row9col20
West 0.0
East 0.0
North 0.0
South 3.69861022377e-12

row9col21
West 8.16452910333e-22
East 0.0
North 0.0
South 0.0

row9col22
West 0.0
East 0.0
North 0.0
South 4.94100901845e-10

row10col1
West 0.0
East 0.0
North 0.0
South 3.0276734746e-05

row10col2
West 8.09817064624e-11
East 0.0
North 0.0
South 0.0

row10col3
West 0.0
East 0.0
North 0.0
South 0.000383533091974

row10col5
West 0.0
East 0.0836489435304
North 0.0
South 0.0

row10col6
West 0.0
East 0.0
North 0.440121188435
South 1.7634815089e-05

row10col17
West 1.36251218553e-07
East 8.06694041725e-12
North 0.513295506906
South 0.000174135373038

row10col18
West 0.194162598001
East 0.0
North 0.0
South 6.11369511153e-18

row10col20
West 0.0
East 0.0
North 0.0
South 5.75932055251e-08

row10col21
West 0.0
East 0.0
North 0.0
South 5.56605960421e-06

row10col22
West 0.0
East 0.0
North 0.0
South 3.86830351114e-08

row11col1
West 0.0
East 0.00304641708202
North 0.0
South 0.0

row11col2
West 0.0
East 0.0223811993775
North 0.0
South 0.0

row11col3
West 9.69967182056e-17
East 0.0962388964724
North 0.0
South 0.0

row11col4
West 0.0
East 0.22575708683
North 0.0
South 0.0

row11col5
West 5.58804298491e-13
East 0.347999399739
North 1.14739111595e-10
South 6.61732402151e-22

row11col6
West 6.59919778027e-08
East 3.2034888315e-11
North 0.418097063763
South 3.18955766571e-06

row11col8
West 0.0
East 2.00786376583e-05
North 0.0
South 0.0

row11col9
West 0.0
East 0.0
North 0.0
South 0.00116970129893

row11col10
West 3.55441181409e-05
East 0.0
North 0.0
South 0.0

row11col12
West 0.0
East 0.000190712814729
North 0.0
South 0.0

row11col13
West 0.0
East 0.00245103485497
North 0.0
South 0.0

row11col14
West 0.0
East 0.0204066939281
North 0.0
South 0.0

row11col15
West 0.0
East 4.48602943898e-16
North 0.0
South 0.0773548381604

row11col17
West 8.33393079324e-07
East 2.44220499414e-11
North 0.487496990626
South 3.1562229775e-05

row11col18
West 0.037434631903
East 0.0
North 0.0
South 0.0

row11col20
West 0.0
East 0.0
North 0.0
South 2.69859267877e-06

row11col21
West 0.0
East 0.0
North 0.0
South 0.000149278262589

row11col22
West 5.47152549731e-06
East 0.0
North 0.0
South 0.0

row12col1
West 0.0
East 0.0
North 7.56912213239e-05
South 0.0

row12col2
West 0.0
East 0.0
North 0.000980554861281
South 0.0

row12col3
West 0.0
East 0.0
North 0.00804503883966
South 0.0

row12col5
West 0.0
East 0.0802376783397
North 0.0
South 0.0

row12col6
West 1.41402112644e-18
East 0.0
North 0.3970992985
South 1.57439916281e-07

row12col8
West 0.0
East 0.000370497457948
North 0.0
South 0.0

row12col9
West 0.0
East 0.0
North 0.0
South 0.00888406147185

row12col10
West 3.12095570666e-08
East 0.0
North 0.0
South 0.0

row12col12
West 0.0
East 0.0
North 9.45671922566e-06
South 0.0

row12col13
West 0.0
East 1.24827613936e-06
North 0.0
South 0.0

row12col14
West 0.0
East 0.0
North 8.20351054943e-05
South 0.0

row12col15
West 1.38129063357e-20
East 0.201830896236
North 0.0
South 0.0

row12col16
West 2.14024234383e-12
East 0.349852859551
North 0.0
South 0.0

row12col17
West 2.67077025507e-11
East 0.0
North 0.462725388933
South 1.9693492298e-06

row12col18
West 0.0466105034925
East 0.0
North 0.0
South 0.0

row12col20
West 0.0
East 7.95149493081e-05
North 0.0
South 0.0

row12col21
West 0.0
East 0.0
North 0.0
South 0.00137296797514

row12col22
West 1.86744383629e-05
East 0.0
North 0.0
South 0.0

row13col5
West 7.21465964554e-09
East 0.342575064007
North 0.0
South 0.0

row13col6
West 5.72667858496e-17
East 1.23816676602e-07
North 0.376913934164
South 1.38714719953e-12

row13col9
West 0.0
East 0.0
North 0.0
South 0.0384439270941

row13col17
West 2.27590706791e-10
East 1.94640336663e-06
North 0.438062419441
South 1.40481814324e-10

row13col18
West 0.36559764709
East 0.0
North 1.09130159621e-09
South 0.0

row13col21
West 0.0
East 0.0
North 0.0
South 0.00682970904403

row14col1
West 0.0
East 0.00355396669952
North 0.0
South 0.0

row14col2
West 0.0
East 0.066644212698
North 0.0
South 0.0

row14col3
West 7.24562966248e-16
East 0.126723702756
North 2.94413449241e-20
South 0.0

row14col4
West 3.40269118672e-14
East 0.204591694223
North 0.0
South 1.81819910417e-21

row14col5
West 0.0
East 0.0
North 0.284255637412
South 4.3863006023e-18

row14col6
West 6.19358182826e-16
East 1.86699944516e-12
North 0.355151277204
South 1.16430109745e-13

row14col7
West 0.293559010593
East 0.0
North 0.0
South 2.15993537257e-14

row14col8
West 0.20333755212
East 0.0
North 0.0
South 0.0

row14col9
West 0.113919255055
East 4.79219624746e-23
North 0.0
South 2.12396509583e-20

row14col10
West 0.0297182350644
East 0.0
North 0.0
South 0.0

row14col11
West 0.00440213415003
East 0.0
North 0.0
South 0.0

row14col12
West 0.0
East 0.0
North 0.0
South 1.17512179244e-06

row14col13
West 0.0
East 2.37036215514e-05
North 0.0
South 0.0

row14col14
West 0.0
East 0.000873801072507
North 0.0
South 0.0

row14col15
West 0.0
East 0.0145200920559
North 0.0
South 0.0

row14col16
West 0.0
East 0.142425803735
North 0.0
South 0.0

row14col17
West 0.0
East 2.2850988687e-11
North 0.407306524687
South 8.93181255439e-08

row14col18
West 0.0
East 8.1431232668e-14
North 0.259322273044
South 6.8453957699e-12

row14col19
West 0.152396492231
East 0.0
North 1.53652806205e-12
South 6.32363359727e-21

row14col20
West 0.0698558940208
East 0.0
North 0.0
South 0.0

row14col21
West 0.0258286914847
East 0.0
North 0.0
South 0.0

row14col22
West 0.000176707353635
East 0.0
North 0.0
South 0.0

row15col1
West 0.0
East 0.00215314698406
North 0.0
South 0.0

row15col2
West 0.0
East 0.0
North 0.0277480515108
South 0.0

row15col3
West 0.000752963667301
East 0.0
North 0.0
South 0.0

row15col4
West 0.0
East 0.0058648301983
North 0.0
South 0.0

row15col5
West 1.57491496066e-20
East 0.0854276789874
North 0.0
South 0.0

row15col6
West 0.0
East 0.0
North 0.31243276036
South 3.85349139211e-17

row15col7
West 0.236045402023
East 0.0
North 4.5472323633e-13
South 0.0

row15col8
West 0.00920611425653
East 0.0
North 1.10025468603e-20
South 0.0

row15col9
West 2.08346720455e-05
East 0.0
North 0.0
South 0.0

row15col10
West 0.0
East 2.22372072101e-06
North 0.0
South 0.0

row15col11
West 0.0
East 0.0
North 0.000554849581483
South 0.0

row15col12
West 3.79789238657e-05
East 0.0
North 0.0
South 0.0

row15col13
West 9.88958301645e-07
East 0.0
North 0.0
South 0.0

row15col14
West 0.0
East 0.00037922050841
North 0.0
South 0.0

row15col15
West 5.17010225329e-15
East 0.219106559385
North 0.0
South 0.0

row15col16
West 4.29938925413e-11
East 0.293468585
North 0.0
South 6.13659204652e-18

row15col17
West 3.43348165215e-10
East 4.18633308543e-09
North 0.360885139443
South 1.542338542e-07

row15col18
West 0.0828176206327
East 0.0
North 1.63179635075e-11
South 0.0

row15col19
West 0.00774062084604
East 0.0
North 0.0
South 0.0

row15col20
West 0.0
East 0.0
North 0.000990267234657
South 0.0

row15col21
West 0.0
East 0.0
North 0.002693277113
South 0.0

row15col22
West 9.58085526892e-05
East 0.0
North 0.0
South 0.0

row16col2
West 0.0
East 0.0
North 0.00832410506226
South 0.0

row16col7
West 0.0
East 0.0
North 0.149621181353
South 0.0

row16col15
West 0.0
East 0.0
North 0.149286662122
South 1.39243595774e-14

row17col1
West 2.73871732531e-24
East 0.000148064438831
North 0.0
South 0.0

row17col2
West 0.0
East 0.0
North 0.00228333267007
South 9.77840228216e-23

row17col3
West 2.07526171051e-05
East 0.0
North 0.0
South 0.0

row17col4
West 0.0
East 0.0
North 0.0
South 4.3705782812e-12

row17col6
West 0.0
East 0.00274633640297
North 0.0
South 0.0

row17col7
West 0.0
East 0.0
North 0.0799661377543
South 0.0

row17col8
West 0.0017098764763
East 0.0
North 0.0
South 0.0

row17col9
West 0.0
East 0.0
North 0.0
South 3.56096849018e-05

row17col10
West 0.0
East 0.0
North 0.0
South 3.54231442324e-08

row17col11
West 0.0
East 0.0
North 0.0
South 1.99579196018e-07

row17col13
West 0.0
East 0.0
North 0.0
South 2.71358190836e-12

row17col14
West 0.0
East 0.000193682646518
North 0.0
South 0.0

row17col15
West 0.0
East 0.0
North 0.0902785021677
South 1.07389741516e-15

row17col16
West 0.00607969544701
East 0.0
North 0.0
South 0.0

row17col18
West 0.0
East 0.0
North 0.0
South 1.04730799544e-05

row17col19
West 0.0
East 0.0
North 0.0
South 7.2152195239e-05

row17col20
West 9.33719337476e-06
East 0.0
North 0.0
South 0.0

row17col21
West 1.07386810811e-06
East 0.0
North 0.0
South 0.0

row17col22
West 6.6525772169e-09
East 0.0
North 0.0
South 0.0

row18col1
West 0.0
East 9.30153305751e-26
North 3.62940214611e-06
South 0.0

row18col2
West 0.0
East 0.0
North 0.000423546195795
South 0.0

row18col3
West 0.0
East 0.0
North 0.0
South 2.16206919164e-07

row18col4
West 4.48207645736e-09
East 0.0
North 0.0
South 0.0

row18col6
West 0.0
East 0.0
North 0.0
South 1.54831618368e-05

row18col7
West 0.0
East 0.0
North 0.0363812245919
South 0.0

row18col8
West 0.00778213042472
East 0.0
North 0.0
South 0.0

row18col9
West 0.00122607275872
East 0.0
North 0.0
South 0.0

row18col10
West 0.000106844454627
East 0.0
North 0.0
South 0.0

row18col11
West 6.79182228305e-06
East 0.0
North 0.0
South 0.0

row18col13
West 0.0
East 1.08407691391e-06
North 0.0
South 0.0

row18col14
West 0.0
East 0.00564358058956
North 0.0
South 0.0

row18col15
West 0.0
East 0.0
North 0.0450118467464
South 0.0

row18col16
West 0.0184361731641
East 0.0
North 0.0
South 0.0

row18col17
West 0.00628866402084
East 0.0
North 0.0
South 0.0

row18col18
West 0.00171870091087
East 0.0
North 0.0
South 0.0

row18col19
West 0.000420478954724
East 0.0
North 0.0
South 0.0

row18col20
West 1.3041347304e-08
East 0.0
North 0.0
South 0.0

row18col21
West 0.0
East 0.0
North 7.11407106583e-08
South 0.0

row18col22
West 3.62038786092e-09
East 0.0
North 0.0
South 0.0

row19col1
West 0.0
East 2.10497547141e-06
North 0.0
South 0.0

row19col2
West 0.0
East 0.0
North 5.84222236061e-05
South 0.0

row19col3
West 3.5655920948e-06
East 0.0
North 0.0
South 0.0

row19col4
West 5.32171357458e-10
East 0.0
North 0.0
South 0.0

row19col6
West 0.0
East 0.000533183300949
North 0.0
South 0.0

row19col7
West 0.0
East 0.0
North 0.00823606129066
South 0.0

row19col8
West 0.000446471011945
East 0.0
North 0.0
South 0.0

row19col9
West 2.07307648509e-12
East 0.0
North 0.0
South 0.0

row19col10
West 0.0
East 0.0
North 4.66307142428e-07
South 0.0

row19col11
West 6.17643065469e-11
East 0.0
North 0.0
South 0.0

row19col13
West 0.0
East 2.61567395529e-06
North 0.0
South 0.0

row19col14
West 0.0
East 0.0
North 0.000224690944704
South 0.0

row19col15
West 0.0
East 0.0
North 1.02558563351e-05
South 0.0

row19col16
West 0.0
East 0.0
North 0.000395532605399
South 0.0

row19col18
West 0.0
East 4.02559587348e-07
North 0.0
South 0.0

row19col19
West 0.0
East 0.0
North 1.68847738687e-05
South 0.0

row19col20
West 3.43986660122e-08
East 0.0
North 0.0
South 0.0

row19col21
West 0.0
East 0.0
North 3.59453905874e-13
South 0.0

row19col22
West 0.0
East 0.0
North 7.1629601994e-11
South 0.0
