0.00394990939064
0.00197495469532
0.0470072059062
0.0462585711459
0.0370068569168
0.0413432042594
0.0354370322223
0.0412623476509
0.0366776423564
0.0330098781208
0.0300089801098
0.0275082317673
0.0418775443684
0.0388862911992
0.036293871786
0.036459650916
0.034314965568
0.032408578592
0.0307028639293
0.0339177207328
0.0323025911741
0.0308342915753
0.0294936702024
0.0282647672773
0.0271341765862
0.0283933887915
0.0275861177184
0.0266514701896
0.0257324539762
0.0248747055103
0.0251159522518
0.0248021529743
0.0240505725811
0.025997614564
0.0254984186917
0.0267299551061
0.026085998113
0.0278995244785
0.0318184469277
0.0334227066663
0.0346986772354
0.0355352261015
0.0390169650294
0.0381302158241
0.0390023908892
0.0381545128264
0.0373617024453
0.038693090124
0.0387455811418
0.0379914871289
0.0372465560087
0.0365302760855
0.0358410255933
0.0356909872918
0.039352454947
0.0404354468229
0.039726053019
0.0390411210704
0.038379407154
0.0377397503681
0.0371210659358
0.036609718282
0.0378170428513
0.0390795503006
0.0388634712032
0.0382746307305
0.0400801838399
0.0418449418659
0.0416013109544
0.0424700422654
0.0421310640789
0.0421892229343
0.0442402168679
0.0453417286208
0.0455775047855
0.0458252427175
0.0460590753375
0.0482541729226
0.0476433606071
0.0470478185996
0.0464669813329
0.0459003108288
0.0454611121973
0.0450579825537
0.0453494619308
0.0454835380622
0.0467911604874
0.048364556391
0.0478211344091
0.0472897884712
0.046770120466
0.0462617495914
0.0462624740368
0.0459660923026
0.0462560196369
0.0457741860991
0.0453022872733
0.0448400190358
0.0453971905607
0.0452206082282
0.0447728794339
0.0458717441783
0.0454263874387
0.0459030567902
0.0454658848208
0.0468401511169
0.0464501000491
0.0461518544388
0.0457284429302
0.0460256295785
0.0456178774455
0.0464580877526
0.0460469542327
0.0456430335815
0.0452461376374
0.0448560847267
0.0444726993871
0.0440958121042
0.0442124495899
0.04384401251
0.0434816652992
0.0431252582066
0.0427746463512
0.0431169056765
0.0429938820896
0.0426526608032
0.0424426243763
0.0424213650597
0.0427571490515
0.0430051686865
0.0433604734757
0.0430319850403
0.0441410749691
0.0441242994813
0.0449047125395
0.0445745308297
0.0442654099834
0.0439446461429
0.0436356115409
0.0443524787714
0.0440379221844
0.0453384872426
0.0454121059832
0.0451179688902
0.0453404525099
0.0450299014654
0.0460692582696
0.0463998713894
0.0460884628566
0.0457812064376
0.04547801964
0.0456878885486
0.0453933481895
0.0452010402238
0.0449769521931
0.0448575615345
0.0447707398505
0.0444873807376
0.0444719696991
0.0441940198884
0.0439195228705
0.0436484147046
0.0435192437807
0.0434960863908
0.043232473746
0.0430828961393
0.0438054077579
0.0448410870779
0.0448642781685
0.0446505221736
0.0445741879141
0.0452896175992
0.0453963355706
0.0458636769687
0.0456173609234
0.0458646777507
0.0457487864817
0.0454917708273
0.0453404346273
0.0452981842141
0.0455585659793
0.045804123309
0.0456439165312
0.0453958517674
0.0451504687849
0.0449077243291
0.044863900736
0.045105320999
0.0449591683031
0.0447805322122
0.0453996128863
0.0456775522293
0.0462703303505
0.0462525490083
0.0460230001033
0.046019707218
0.0458480775107
0.046152932571
0.0463303079098
0.0464478250183
0.0463044951586
0.0472970052139
0.0470783182245
0.0469673257323
0.0470618365489
0.0471554297847
0.0469439859382
0.0469346470795
0.0472022938994
0.0477799457811
0.0479202213639
0.0478632797171
0.0476930212308
0.0474767734069
0.0478632751497
0.0481761705214
0.0488078471549
0.048904296157
0.0486809888686
0.0485678147761
0.0488525236968
0.0486462346918
0.0490795538815
0.0491277420067
0.0494058802752
0.0495866064687
0.0499875094515
0.0499101666667
0.0500863231441
0.0498832806677
0.0497023983751
0.0495674854124
0.0494652054333
0.049744602104
0.0495329229461
0.0503784559792
0.0504923785014
0.0504029101146
0.0504333808786
0.0509997686141
0.051036589881
0.0514764763863
0.0516653178689
0.051624935556
0.052293158606
0.0523232358942
0.0524913076966
0.0523400888164
0.0524793472074
0.0532371230817
0.0532453560822
0.0531109346233
0.0529775757847
0.0539257624615
0.0540550251825
0.0547536985799
0.0551179326829
0.055243874859
0.0554268081712
0.0556937950528
0.0556570856072
0.0556405860756
0.0555944883293
0.0556794105946
0.0556839411555
0.0557674068653
0.0560491000487
0.0567886432913
0.0572923199137
0.0571661141648
0.0573849250955
0.0571826457998
0.0573670259764
0.0575118010156
0.0578019089978
0.0576100522715
0.0580207759372
0.0582134470128
0.0580117008658
0.0578667007894
0.057894382963
0.0581103631538
0.0583876379237
0.0587288482254
0.0588644135181
0.0593566610327
0.0594982754542
0.0597332943832
0.0595305955452
0.0596220555129
0.0599183461305
0.06014928794
0.0600998172807
0.0600904709057
0.0607071070986
0.0608398533584
0.0613000231546
0.0616602914274
0.0617912662837
0.0615978034425
0.0616637596603
0.0619247539641
0.0619647490071
0.0619455756322
0.0619893035818
0.0619662892191
0.0621766590602
0.0622271661381
0.0620823612686
0.062123962878
0.0619833796887
0.0624481884178
0.0627079945184
0.0634082975006
0.0637268632969
0.0636538524633
0.0637690776077
0.0635892914197
0.0639551373228
0.0644555268698
0.0644655743996
0.0646644603123
0.0651674235555
0.0654330159445
0.0655526726877
0.0659412443924
0.0664156155332
0.0667421903759
0.0668293842774
0.0666514148434
0.0667867104372
0.0668226712522
0.0668785830603
0.0669389369568
0.067217622308
0.0675983550828
0.0679285102073
0.0680632674472
0.0681726956404
0.0686896456799
0.0689176769301
0.0694505447436
0.0698284865935
0.0696837766592
0.0698691747113
0.0703261028929
0.0706714113777
0.0708885231021
0.0710365736856
0.07133572963
0.0711672764256
0.0709908199478
0.0714109767259
0.0713642080969
0.0717116124517
0.0722378918924
0.0722543085646
0.0722601972857
0.0722065925112
0.0720707925629
0.0725386975576
0.0727180921231
0.0726521125247
0.0725935468538
0.0724206451973
0.0724713314786
0.0726451382242
0.0731994258094
0.0731493202036
0.0733842780668
0.0734881676235
0.073309286216
0.0734668376364
0.073543811098
0.0738157980588
0.0739856485249
0.0743007231345
0.0748658060996
0.0752726674894
0.075278975995
0.0755184042934
0.075430329968
0.0754765856126
0.0757009659094
0.0758924640154
0.0761130961908
0.0766617473123
0.0771352992874
0.0773456970642
0.0774642181974
0.0777548538111
0.0779146080756
0.0780031670518
0.0780567345424
0.0784445994313
0.0787302820791
0.0788330763391
0.0790313547056
0.0791558683582
0.0791613579471
0.0795621406331
0.0795841164145
0.0796489165234
0.079643295675
0.0801624479071
0.0806023964613
0.0809996155529
0.0816061524863
0.0819168023506
0.0818920340775
0.0823027082218
0.0824999254283
0.0827644225654
0.0830010822101
0.0831028856993
0.0832705246649
0.0835980512102
0.0838363330157
0.0840421844631
0.0846436547946
0.0850376529873
0.0850366540232
0.0856270629303
0.0861448415228
0.0864183435951
0.0868034648079
0.0869622604408
0.0869201609639
0.0870379523411
0.0870707429455
0.0877180396747
0.0878702898423
0.0880358453138
0.0881566274932
0.0887366407501
0.0889064361672
0.0888702458127
0.0890506388707
0.089117622747
0.0897252170096
0.0896887267361
0.0896832145852
0.0899608438889
0.0904192414713
0.0906256667169
0.0906653409117
0.0908991419379
0.0913652323589
0.0914876576951
0.0919945337968
0.0920250081928
0.0922211528274
0.0923351833545
0.0928410854929
0.0931488939539
0.0933206084224
0.0937471318158
0.0940829453053
0.0944095799977
0.0944786869142
0.0945781831518
0.0947632647699
0.095300099858
0.0955920760911
0.0960593769763
0.0963270392939
0.096481641533
0.0965007014034
0.0966470329933
0.0967073878397
0.0971859592956
0.0972290825368
0.0974732724158
0.0975262174067
0.0979885151578
0.0981182753445
0.0984218676731
0.0988497152258
0.0990586168337
0.0992604250479
0.0993294434279
0.0992368729171
0.0994130142787
0.0998827874653
0.100095548764
0.100677152878
0.100882872216
0.101076123144
0.101297444179
0.101608910552
0.101878304169
0.10206851443
0.102018672695
0.102219071259
0.10257408134
0.102932228594
0.103513160624
0.104062108664
0.104241037307
0.104327364567
0.10465508417
0.104518910766
0.104963172227
0.105150174244
0.10514412349
0.105143903786
0.105545620669
0.105536763015
0.105950755357
0.106114136089
0.106561331339
0.106629306393
0.106765112781
0.107337098075
0.108008125635
0.108248804993
0.108682897948
0.10878366152
0.108841906232
0.108954380171
0.109276456566
0.109626466953
0.109902955823
0.110326910999
0.110466457742
0.110614427655
0.111028945265
0.111254838616
0.112054868213
0.112461137855
0.112767620015
0.112955644912
0.113087912168
0.113220585378
0.113578578365
0.113828338756
0.114317518845
0.114750735066
0.115147037205
0.115590978659
0.115684780187
0.116032518908
0.116457574105
0.116773276998
0.116929068997
0.117295644359
0.117585192027
0.117853200428
0.117967264603
0.118012929823
0.118407778089
0.118632455998
0.118745749182
0.118949370914
0.119369378344
0.119689918197
0.120029279048
0.120404295232
0.120530509261
0.12055421642
0.120576679091
0.120814065786
0.120765733345
0.121047104251
0.121524491181
0.121848034587
0.122035926977
0.122285189221
0.122545555981
0.122660908626
0.122879186519
0.12319682612
0.123433647027
0.123569338542
0.12397136631
0.124264926458
0.124632623906
0.124892188809
0.125090525583
0.125292476055
0.125779601128
0.126375333059
0.126903324519
0.127283781761
0.127312919091
0.127411438576
0.12798591065
0.127980088142
0.128417113657
0.128561127435
0.128717077814
0.128976910612
0.129054510027
0.129538341295
0.129666773503
0.129714967127
0.130262102905
0.130459474115
0.130847003809
0.131027597291
0.131355475232
0.13139855887
0.13146688723
0.131736053585
0.131976929696
0.132229536042
0.132394074795
0.13275592329
0.132932603923
0.133182913925
0.133373670794
0.133636829203
0.133879295941
0.133854190748
0.134171649233
0.134613471989
0.134804335156
0.135357396827
0.135565829261
0.135766108535
0.136052248261
0.13630799182
0.136366921348
0.136413104704
0.136836338106
0.136973004777
0.137104345805
0.137411239729
0.137591893849
0.137828328246
0.138277147877
0.138579865537
0.138788403863
0.13904722018
0.13920924172
0.139440021769
0.139463586401
0.139491578436
0.139787999824
0.140135806081
0.140478131682
0.140825593134
0.140915011117
0.141326116043
0.141465670397
0.141809501005
0.14193984498
0.142273827497
0.142636310349
0.143022713354
0.143203769026
0.143314230869
0.143560936129
0.143896813696
0.144082104951
0.144259909541
0.144646914559
0.144859954605
0.145220765562
0.145600082905
0.145777641252
0.146234211202
0.146593116984
0.146762743379
0.146894878929
0.147078152214
0.147220882247
0.147242431642
0.147753875081
0.148215780054
0.14867361439
0.148964384828
0.149073208563
0.149347344473
0.149782670099
0.14996650278
0.15045921433
0.150912094562
0.151090638004
0.151096126677
0.151420111148
0.151766941509
0.15189691256
0.151960156349
0.15206965324
0.152417448643
0.152653582128
0.152750270091
0.153080620779
0.153332493501
0.153454681978
0.153665187302
0.153879937933
0.154096649423
0.154562188995
0.154770089226
0.155141730802
0.155323335255
0.155636922045
0.155900390974
0.156235960558
0.156462771782
0.156273297496
0.156629226494
0.156970829594
0.157185379688
0.157343927222
0.157409661067
0.15747642143
0.157571020948
0.15792123907
0.158409953287
0.158671123705
0.158876852534
0.158968127979
0.159231193899
0.159396153275
0.159700256248
0.15989580389
0.159909013419
0.160391293417
0.160682936461
0.160966287435
0.161103018106
0.16115408383
0.161429584402
0.161787683404
0.161838267093
0.161835396545
0.161999150122
0.162309884388
0.16254902236
0.162832337909
0.163117395239
0.163135290167
0.163390607716
0.163422659545
0.163550803902
0.163820572674
0.164058343804
0.164336452802
0.16457674915
0.16478348164
0.165023559302
0.165284554615
0.165316831135
0.165427242638
0.165774838574
0.16597648717
0.166122796621
0.166249568961
0.166607155306
0.166833939767
0.166963864332
0.167244886597
0.167603409791
0.167876656614
0.168007110051
0.168362629441
0.168660829534
0.168714217499
0.16885091167
0.169130775856
0.169387247352
0.169753432202
0.16978454124
0.169964200336
0.17004628387
0.170396323319
0.170558218499
0.170929205349
0.171252501867
0.171665570883
0.171913945401
0.172109128792
0.172403082279
0.17265502073
0.17268016119
0.172790818111
0.173094361784
0.173238521622
0.173343347247
0.17367550512
0.173958524829
0.17432032586
0.17449722491
0.174692364025
0.174967797155
0.175058833255
0.175439827715
0.175659088186
0.175815842409
0.176082671253
0.17652950009
0.176831622985
0.177101366866
0.17740218843
0.177691895018
0.177783649093
0.177961678884
0.178078320727
0.178311087404
0.178514206538
0.178887854761
0.179173939568
0.179291059969
0.179480310822
0.17994117818
0.180110194208
0.180480213769
0.180681942733
0.180971111943
0.181165951356
0.181517615744
0.181593501321
0.181990643771
0.182203883423
0.182531220979
0.182789071581
0.182903037253
0.183076025091
0.183496893516
0.183752672992
0.183987307611
0.184155194653
0.184454425945
0.184627307267
0.184735492331
0.184999759737
0.185177078481
0.185381263406
0.185608762036
0.185870310153
0.186011195716
0.18620981337
0.186428024983
0.18660593031
0.18684630579
0.186903603065
0.18713559093
0.187351363268
0.187358317752
0.187480525889
0.18760411891
0.187838960531
0.188093381213
0.188489983068
0.188543945192
0.188742352901
0.188895957514
0.189137838731
0.189329850697
0.189575940592
0.189763445132
0.189982761988
0.190195557521
0.190306326186
0.190609946991
0.190684862424
0.190868446527
0.191045994191
0.191148257187
0.191346537292
0.191457222712
0.191504289053
0.191631943945
0.191986741132
0.192034336137
0.192267576904
0.192358982935
0.19260477037
0.192803425772
0.192960305251
0.193167495221
0.19338677127
0.193643529601
0.193758589195
0.193832342479
0.193891216426
0.194170399111
0.194247123637
0.194544919838
0.194773109098
0.195003650942
0.195280874995
0.195463678677
0.195640309197
0.195875004924
0.196006429205
0.196234440411
0.196495680851
0.196801074866
0.196928692718
0.197143602192
0.197323506023
0.197358741222
0.197643630525
0.197910615981
0.198182824082
0.198423495341
0.198754161267
0.199017465029
0.199198648326
0.199425392302
0.199720181038
0.19993577542
0.200037875398
0.200287015526
0.200475114428
0.200697161409
0.200870442789
0.201023516792
0.201223788555
0.201321043344
0.201558917053
0.201920496548
0.202162703877
0.202259739055
0.202502458965
0.202752103272
0.202964799973
0.203073036012
0.203261619237
0.203379314482
0.20365223947
0.203974452172
0.20417987196
0.204482928238
0.204676266049
0.204884828834
0.205019711733
0.205276393709
0.205374752846
0.205503848331
0.20566914847
0.205796262352
0.205979287241
0.20626603264
0.206535801156
0.206753955468
0.206894459479
0.207207232449
0.207386167211
0.20767985799
0.207913159361
0.208115851211
0.208313237042
0.208628849574
0.208820153259
0.208870846258
0.209034810978
0.20927204003
0.20939728697
0.209526579002
0.209752030964
0.210025793508
0.210327923939
0.210504742008
0.2106981198
0.210989653957
0.21123846819
0.211606361411
0.211917314503
0.212287831569
0.212488297832
0.212625887158
0.212837635497
0.212812338057
0.213129916206
0.21322686123
0.213424357252
0.213660734661
0.213918592554
0.213935203428
0.214080844212
0.214196291934
0.214284299017
0.214393872405
0.214646286462
0.21484331818
0.215053460423
0.215310158073
0.215447793782
0.215574260819
0.215748628619
0.215959487562
0.216140026475
0.216334637025
0.216650265619
0.216942418821
0.217088133733
0.217194088212
0.217367034595
0.217561098713
0.217868658016
0.218105302835
0.218329424012
0.218495580074
0.218627563541
0.218744725149
0.218809653995
0.219010371144
0.219053126867
0.219218432184
0.21944746782
0.219584445571
0.219636364088
0.219850352946
0.219956998773
0.220197138273
0.220434455336
0.22065709307
0.22074733525
0.220975563982
0.221231149303
0.221326520048
0.221571684587
0.221710850247
0.221807767269
0.221868676271
0.222056741008
0.222193829291
0.222213187541
0.222354577632
0.222585211087
0.222696543125
0.22289144884
0.223095961261
0.223217500659
0.223370124352
0.223531493725
0.22376193493
0.223853828213
0.224026725032
0.224188434032
0.224384767946
0.224579223793
0.224649084447
0.224755967199
0.224960026503
0.225172994459
0.225420208826
0.225607876269
0.225657774979
0.225713713964
0.225890481639
0.226087764526
0.226312804858
0.226684488309
0.226932795983
0.227154223129
0.227300649012
0.227467465273
0.227778943416
0.228136930647
0.22839834071
0.228544976892
0.228692365865
0.228913154377
0.229026988743
0.229175820086
0.229448517362
0.229573454785
0.229843640802
0.230087876161
0.230364548003
0.230526585645
0.23073393746
0.230956190637
0.231085014473
0.231309774808
0.231498144034
0.231676584102
0.231891770521
0.232156815529
0.232278837684
0.232388385965
0.232625959717
0.232776892653
0.232835734365
0.232997886454
0.233271755506
0.233390951519
0.233578975361
0.233790153684
0.233895296059
0.234087946386
0.23433195805
0.234540527873
0.234638284291
0.23495518791
0.235052729097
0.235204371352
0.235345981381
0.235532400309
0.235765729872
0.235916809915
0.236057113072
0.236311914477
0.236505447992
0.236822799786
0.237053563961
0.237238022163
0.23745206507
0.237551732631
0.237748737882
0.237875083777
0.237975806107
0.238115946699
0.238321350732
0.238590204108
0.238682844777
0.238778952121
0.238925770501
0.239099188287
0.239212237986
0.239386067427
0.239565327399
0.239617978439
0.239698958888
0.23981471431
0.240005204244
0.240114704997
0.240325665419
0.240422762636
0.240609294721
0.240757594518
0.240878736383
0.241126584413
0.241394476087
0.241541035877
0.241636438712
0.241698676481
0.241728250846
0.241866752728
0.242146373798
0.242303987645
0.242452587891
0.242456858194
0.242623756055
0.242837059843
0.242916402078
0.243125505741
0.243324174145
0.24355592352
0.243625735892
0.243801813751
0.243953251964
0.244041644328
0.244286290876
0.24442626759
0.244522007637
0.2446768594
0.244834295446
0.245001558744
0.245261120508
0.245432945179
0.24553661271
0.245706331825
0.245811655458
0.245956403959
0.246093898737
0.246271640407
0.246305172397
0.246470488315
0.246583622995
0.246756654539
0.246920729678
0.247128549196
0.247259133076
0.247318774957
0.24740989699
0.247499638749
0.247616763408
0.247772214094
0.247944554535
0.248008373721
0.248170711199
0.24831209629
0.24844722316
0.248626517854
0.24884073418
0.249007657537
0.249170019825
0.249178079061
0.249325680469
0.24937333599
0.249624217604
0.249812858994
0.249980625136
0.25012372343
0.250200657868
0.250410231049
0.250416444735
0.250523835838
0.250590836339
0.250661383005
0.250758865551
0.250934105184
0.25108452711
0.251212651723
0.251348439916
0.251481286437
0.251532923041
0.251580138451
0.251724744459
0.251853554746
0.252014722932
0.252132775775
0.252236212628
0.252363226621
0.252511436011
0.252781706035
0.252922132809
0.252992913417
0.253189839338
0.25328149176
0.253342951732
0.253458709649
0.253645466816
0.253683093652
0.253910153819
0.254172171885
0.254242142878
0.254390024535
0.254486277559
0.254656754496
0.254786240199
0.254913076603
0.255071488742
0.255164305695
0.255276539163
0.255421125197
0.255479643711
0.255550587991
0.255847152493
0.256027503747
0.256186220825
0.256300111867
0.256370593186
0.256404138895
0.256505928722
0.256631046825
0.25674073062
0.25688081113
0.257030345275
0.257078865302
0.257181901937
0.257372473881
0.257371630317
0.25741411398
0.257482222068
0.257582568283
0.257670985735
0.257774729661
0.257921725284
0.257945553804
0.258163877657
0.258441831698
0.258589934279
0.258727439508
0.258858213763
0.259028133163
0.259111228604
0.25930223871
0.259474812012
0.259572437005
0.259642764807
0.259711023766
0.259840469573
0.260012382959
0.260121711966
0.260273101487
0.260413762443
0.260573145078
0.260689729652
0.260883252624
0.261075344755
0.261162278667
0.261375666473
0.261491093752
0.261616849818
0.261719845275
0.261783187939
0.261823700727
0.261857383629
0.262059035985
0.2621912536
0.262322141116
0.262481996678
0.262654490789
0.262805584094
0.26289457572
0.263067342937
0.263289581427
0.263382873836
0.263463672258
0.263582112802
0.263666627453
0.263729341071
0.26381144633
0.263957293018
0.263982989724
0.264161625931
0.264323750832
0.264399249659
0.264491800771
0.26464723027
0.26475225802
0.264822864014
0.265019038143
0.265206153333
0.265337833416
0.265464747685
0.265585993963
0.265745197808
0.265855694923
0.266027445882
0.266126409439
0.266310261742
0.266453856133
0.266601393768
0.266630631533
0.266670926393
0.266767641341
0.266886682397
0.266992407209
0.267105236318
0.267218156154
0.267334855203
0.267364607153
0.267507482555
0.267599749189
0.26771942572
0.267882775594
0.268012822312
0.268133961311
0.268260394942
0.268317161976
0.268432865392
0.268529335811
0.268611725603
0.268767303206
0.268800710538
0.268872607405
0.269013106438
0.269152000632
0.269203543879
0.269312531043
0.269479153015
0.269581788615
0.269642594433
0.269801102256
0.269905045101
0.269978770974
0.270179145747
0.270269063447
0.270449035143
0.270487014032
0.270683274213
0.270740971018
0.270829949422
0.270944969414
0.270999005532
0.271054008996
0.271202880766
0.27123771499
0.271306926405
0.271431702729
0.2715274477
0.271655378787
0.271819861489
0.271910720368
0.272086857233
0.272240984479
0.272342364106
0.272368177985
0.272496143639
0.272540814256
0.272636470938
0.272757044866
0.272921052347
0.273063368968
0.273206569049
0.273278994123
0.273463975212
0.273579678977
0.273673058181
0.273816652501
0.273856450394
0.273888576785
0.273969571349
0.2740728631
0.274232575286
0.274265224574
0.274327480657
0.274378617232
0.274479237472
0.274564384698
0.274669505613
0.274809295868
0.27492255598
0.275036876525
0.275217351131
0.275298174633
0.2754399445
0.275503615762
0.275759393056
0.275743901812
0.27582861359
0.275941814078
0.276064409985
0.276127862593
0.276219014053
0.276350962284
0.276449436216
0.276600484945
0.276702690025
0.276888806371
0.277073170312
0.277168560269
0.277236460129
0.277320603986
0.277331539797
0.277491308206
0.277650182916
0.277740415452
0.277841540497
0.277920628913
0.277943949793
0.278021156904
0.278153927639
0.278221527832
0.27828964563
0.278299803014
0.27831625863
0.278459896919
0.27862527106
0.278629336129
0.278713716233
0.2787640942
0.278839008201
0.27901477563
0.279172257916
0.279272124693
0.279423356056
0.279536873404
0.279648602098
0.2797036546
0.279800391453
0.279893611067
0.280004056419
0.28008788333
0.28021952072
0.280363364335
0.280473099211
0.280560382092
0.28062282189
0.280651742396
0.280802009143
0.280910764234
0.281044965045
0.281189015217
0.281361129834
0.281417279065
0.281547012974
0.281613823001
0.281692884461
0.281784309444
0.281906707278
0.282120993844
0.282203568133
0.28225725125
0.282303389985
0.282420689101
0.282456684324
0.282513314473
0.282639788709
0.282699030201
0.282825587419
0.282931125053
0.283037605011
0.283175386395
0.283225478767
0.283369230551
0.283475745694
0.283508510358
0.283577931201
0.283628045442
0.283700445049
0.283887870383
0.28404241215
0.284125746268
0.284223804155
0.284258584246
0.284408835639
0.284467021721
0.284560259479
0.284601615568
0.28462866728
0.284720117494
0.284819423884
0.284913072666
0.284962111016
0.285017554758
0.285011215677
0.285096013332
0.285116987922
0.285201718873
0.285250769746
0.285278627252
0.285418530443
0.28549930607
0.285626525609
0.285699875642
0.285825081769
0.28588543727
0.285964437787
0.286067175104
0.286114491411
0.286210020522
0.286318665279
0.286392156709
0.286450292374
0.286500941531
0.286565618471
0.286624251852
0.286708650542
0.286810113845
0.286855514501
0.286929278316
0.287010664665
0.287142686633
0.287188741746
0.287180816087
0.287358034226
0.287385393352
0.287504436409
0.287596529259
0.287679327299
0.28772530848
0.287797211872
0.287870052445
0.287944993409
0.288016539001
0.288034104044
0.28809191759
0.288181338471
0.288239126653
0.288306620469
0.288400664195
0.288412433754
0.288517934964
0.288629061128
0.288774054389
0.28885106607
0.288906203939
0.289036872914
0.289089159498
0.289184559536
0.289297027368
0.289329702928
0.289377389772
0.289399768039
0.289489332747
0.289587989069
0.289672087575
0.289806675021
0.289919633698
0.289951645076
0.290073852604
0.290141941002
0.290246135419
0.290376517085
0.290433196703
0.290545633837
0.290671987444
0.290716490938
0.29082722941
0.290936090871
0.290981605646
0.290996438459
0.291089632325
0.291212757785
0.291300320021
0.291441252097
0.291520795535
0.291592573896
0.291669492422
0.291689803836
0.291798006005
0.29192256965
0.292025965447
0.292122481832
0.292171640577
0.29227500993
0.292334993983
0.292530882888
0.292628612297
0.292685058549
0.29277902069
0.292876130052
0.292873345039
0.292965122263
0.292994844842
0.293063868366
0.293143819641
0.293237607145
0.293285371957
0.293322992797
0.293429942915
0.293529679417
0.293621288284
0.293695873625
0.293781128481
0.293848619837
0.293887108046
0.293948714221
0.294045206746
0.294178657496
0.294240599735
0.294266023169
0.29436171659
0.294435242119
0.294542063127
0.294592900731
0.294706120349
0.294785756629
0.29485703011
0.294919291652
0.294921291724
0.294955354518
0.295032979397
0.295156219943
0.295293477002
0.295403577371
0.295489367296
0.295535404499
0.295557986165
0.295649165667
0.295709240712
0.29582268766
0.29593411619
0.296073080786
0.29610537604
0.296197582396
0.296257384161
0.296317307694
0.296304571663
0.296388080178
0.296444164363
0.296530183993
0.296661953261
0.296802139285
0.296880700318
0.296889738713
0.29695279673
0.297042007054
0.297183638437
0.29729506527
0.297317640157
0.297365046379
0.297489992926
0.297487742511
0.29754720665
0.297576268098
0.297628971023
0.297693809192
0.297827755617
0.297826639947
0.297859889046
0.297911117301
0.298052855025
0.298079248159
0.298196300746
0.298296802699
0.298376229418
0.298467217363
0.298518423407
0.298600666298
0.298597560276
0.298642031969
0.298717914069
0.298771949626
0.298860574442
0.298873976964
0.298941764345
0.29892846815
0.298937277854
0.299023827645
0.299132178013
0.299212644124
0.299275730716
0.299293478513
0.299383309298
0.299406849023
0.299443270551
0.299517535849
0.299531080612
0.299624064003
0.299741683644
0.299801403128
0.299863266878
0.29987691685
0.300017686495
0.300031661584
0.30009434068
0.30016126577
0.300218316743
0.300284154355
0.300381643852
0.300431018362
0.300520448978
0.300565582553
0.30060097502
0.300675211579
0.30068047476
0.300768820123
0.30081150597
0.300885510908
0.300910509264
0.301000061075
0.301000094938
0.301028228532
0.301154973798
0.301221987795
0.301291198872
0.301396612497
0.301440656829
0.3014982223
0.301574144093
0.301586903572
0.301654673875
0.301723793666
0.301808673255
0.301935540815
0.301986672773
0.302070711125
0.302092684958
0.302176267478
0.302217619271
0.302305045397
0.30239705326
0.30238899688
0.302418415594
0.302492270028
0.302541563282
0.302588233833
0.302634053536
0.302726934724
0.30286750193
0.302919218096
0.302910817961
0.30292925425
0.303051940904
0.303085268487
0.303131662291
0.303185354871
0.303220843245
0.303286378662
0.303347546383
0.303415885207
0.303452579441
0.303550402214
0.30358407702
0.303656776388
0.30367582081
0.303765812369
0.303811228086
0.303853335479
0.303891782155
0.303974497496
0.304043119747
0.304187688144
0.304244062403
0.304342217199
0.304420912153
0.304528467157
0.304632367603
0.304621190964
0.304772148653
0.304845366896
0.304922240545
0.304976489342
0.305020372993
0.305130234285
0.305173959872
0.305242542019
0.305380921216
0.305472204419
0.30551214196
0.305554524408
0.305661070904
0.305677342704
0.305666479682
0.305702010474
0.305747447281
0.305789597483
0.305841965693
0.305857938858
0.305923782662
0.305908179023
0.305959697112
0.305973393452
0.306082552883
0.306183433861
0.306283198707
0.306321923025
0.306386641157
0.306526917313
0.306569655979
0.306628549511
0.306715864308
0.30678295313
0.306838754697
0.3068795675
0.306898047841
0.306913015323
0.306976622286
0.306998581293
0.307036590627
0.30710612762
0.307284831281
0.307353955749
0.307450332012
0.307500186536
0.307540937829
0.307608766836
0.307658401804
0.307715688196
0.307772952825
0.307838242555
0.307948850806
0.308023071909
0.308079988911
0.308162068839
0.308228415648
0.308243388357
0.308335947978
0.308404536445
0.308565712585
0.308620778478
0.308695318214
0.308725216128
0.308781263507
0.308786065278
0.308833527507
0.308914637028
0.308970076181
0.30899351291
0.309001012811
0.309115437499
0.309142572369
0.309201644407
0.309253235943
0.309292587523
0.309309759087
0.309329145516
0.309354257729
0.309464908539
0.309566976691
0.309567168072
0.309591544469
0.309659616215
0.30966710946
0.309788073697
0.309789917085
0.30984883353
0.30990496513
0.309982198797
0.310074125863
0.310117478023
0.310177942382
0.310234267673
0.31022796185
0.31026165024
0.310328737306
0.310369784771
0.310434580006
0.310460839689
0.310522213616
0.310577872766
0.310634763689
0.310708200656
0.310788163438
0.310815830088
0.310873175071
0.310961000212
0.311013818911
0.311052189765
0.311113801992
0.311252982201
0.311331840377
0.311348987523
0.311420513483
0.31150945727
0.311585557175
0.311631565002
0.311686561695
0.311712308596
0.311742671761
0.31179019413
0.311921535051
0.311988832674
0.312060088217
0.312121441799
0.31222203034
0.312312976202
0.312311250355
0.312379640831
0.312431709204
0.312572020498
0.312615531623
0.312645104185
0.312665535044
0.312716739271
0.31277846087
0.312810673486
0.312873586417
0.312934559166
0.312986650746
0.312989373665
0.313045325014
0.313131749671
0.313181055204
0.313219139804
0.313227432838
0.313302213266
0.31338316206
0.313469075584
0.313509015092
0.31359301006
0.313603991995
0.313675886402
0.31375880955
0.313813696261
0.313876603588
0.313913549995
0.313894640905
0.31394169123
0.313978905106
0.314075571279
0.314127453188
0.314132045277
0.314169036031
0.314231964444
0.314358000238
0.314419997686
0.314463116917
0.314581447513
0.314599949541
0.314610071137
0.314663550113
0.314715129395
0.314786073913
0.31478473449
0.314823313049
0.314880564651
0.314927308744
0.314961151977
0.315007754658
0.315046828019
0.315119461346
0.31517669066
0.315255322908
0.315307543858
0.315408072205
0.315417352454
0.315440138692
0.315485163579
0.315534026229
0.315536015248
0.315554526427
0.315623384371
0.31562751899
0.315681774798
0.315714744
0.315785171146
0.31584449274
0.315903883394
0.315927211354
0.315901986016
0.315949611969
0.315974944563
0.316054310556
0.31605492679
0.316062548921
0.316084667442
0.316127858788
0.316138847019
0.316179341967
0.316204934637
0.316320980821
0.316361442402
0.316371320358
0.316380541279
0.316403504753
0.316433105977
0.316469030195
0.316493035085
