
row1col1
West 5.77285510606e-15
East 9.02577507423e-09
North 8.09521206851e-09
South 7.58510728767e-07

row1col2
West 6.77830308597e-11
East 6.55456740409e-09
North 1.55499552819e-07
South 2.07866858412e-05

row1col3
West 2.56156622884e-13
East 1.32884746175e-07
North 6.31298738584e-09
South 0.000136146725447

row1col4
West 5.1282998298e-09
East 2.77125163807e-06
North 2.58315632713e-07
South 0.00159144873074

row1col5
West 4.88281984179e-05
East 3.31080146235e-05
North 8.35612950821e-05
South 0.0171350546384

row1col7
West 7.81028177613e-07
East 0.000985279075799
North 1.31532767227e-06
South 9.4881926524e-08

row1col8
West 8.25132297587e-06
East 0.0223656773194
North 0.000268945038914
South 1.7352357444e-05

row1col9
West 1.08372494003e-08
East 1.60211760339e-06
North 0.0007980635696
South 0.14821041423

row1col10
West 0.000149855557995
East 6.77563727267e-07
North 1.60215853393e-06
South 0.013539616347

row1col11
West 1.60268474549e-06
East 4.74945659183e-11
North 3.1431121226e-11
South 2.8102640418e-05

row1col13
West 0.55531660721
East 0.579616628527
North 0.673053711279
South 0.902109923756

row1col14
West 0.504750820345
East 0.489498219427
North 0.501850535653
South 0.947674949782

row1col15
West 0.216567503891
East 0.0612775116087
North 0.178586615224
South 0.850109745951

row1col16
West 0.394115614239
East 0.0232576272496
North 0.0248286243492
South 0.074621623713

row1col18
West 0.0213837704862
East 0.00588948627567
North 0.0498486576699
South 0.300262834135

row1col19
West 0.0680060475926
East 0.000420483573376
North 0.000108272347391
South 0.0108226605249

row1col20
West 0.00168081461221
East 0.000311393801139
North 8.93595333883e-05
South 0.0613514471887

row1col21
West 0.00196228269419
East 0.000159340123428
North 0.000365273859497
South 0.0143109255908

row1col22
West 0.000103921364322
East 0.000325341215646
North 4.04811810998e-05
South 0.00436717969848

row2col1
West 6.53261974738e-08
East 2.52427774676e-05
North 8.50249540771e-09
South 4.95597673709e-17

row2col2
West 5.71577812213e-08
East 0.00047084309905
North 2.47984723722e-08
South 2.85425035384e-06

row2col3
West 4.72191297552e-07
East 0.00403793566582
North 1.32822765925e-06
South 3.16409860549e-06

row2col4
West 5.76533283891e-05
East 0.0254321303709
North 1.19317802631e-05
South 0.0045273669669

row2col5
West 9.28507564385e-05
East 0.00150744775631
North 0.000668361092072
South 0.117358531695

row2col7
West 0.000283748000992
East 0.0183506146575
North 7.74557478669e-07
South 0.000856320369669

row2col8
West 0.00112717518585
East 0.11193680184
North 7.24577382254e-07
South 0.0089417718005

row2col9
West 0.00354317711408
East 0.00896955016242
North 0.00436456504602
South 0.42577263582

row2col10
West 0.152295294943
East 1.06667680744e-05
North 2.93181353674e-05
South 0.00443754372528

row2col11
West 0.0131457742101
East 4.57503040876e-06
North 4.18089475398e-07
South 0.000271856401188

row2col13
West 0.902344051221
East 0.95
North 0.854199254144
South 0.856556137597

row2col14
West 0.902181047458
East 1.0
North 0.888383826946
South 0.901486109233

row2col15
West 0.0
East 0.0
North 0.0
South 0.0

row2col16
West 0.985094874618
East 0.246826745909
North 0.0421249337842
South 0.0609075168574

row2col17
West 0.890203932173
East 0.172927385103
North 0.18050268897
South 0.239082833916

row2col18
West 0.744610202858
East 0.121173005836
North 0.0269060826804
South 0.0240926811791

row2col19
West 0.478297289245
East 0.0615336472449
North 0.00439455442256
South 0.010668200356

row2col20
West 0.283890456009
East 0.0125535068699
North 0.00429132460605
South 0.00256080186466

row2col21
West 0.119207075455
East 0.00576768595836
North 0.00101405672589
South 0.000318341003476

row2col22
West 0.039319740026
East 0.00720675162563
North 0.000506971899565
South 0.000276278824854

row3col1
West 2.20199749627e-08
East 8.63541393799e-05
North 1.40645567712e-07
South 2.30942320977e-16

row3col2
West 4.54934530293e-08
East 0.00188800403898
North 2.83693940437e-06
South 0.0

row3col3
West 6.25833385703e-07
East 0.0170614910925
North 3.18847248529e-07
South 2.54438197554e-05

row3col4
West 4.05722807517e-05
East 0.0998442312505
North 0.000481141628588
South 0.00171677497431

row3col5
West 0.00171374822068
East 0.0179188850194
North 0.00660429540088
South 0.287695402957

row3col7
West 0.00154943213959
East 0.0485959644796
North 2.92932087845e-06
South 1.07125324162e-06

row3col8
West 0.000373336690966
East 0.235657012053
North 0.00522620416163
South 0.00810091584198

row3col9
West 0.0271962551276
East 0.0283157758866
North 0.0304025392441
South 0.568156677897

row3col10
West 0.212760918288
East 6.79478047895e-05
North 0.00412161117613
South 0.00780165034246

row3col11
West 0.0132933915507
East 1.60042486807e-05
North 1.54362565389e-07
South 8.47978923275e-07

row3col13
West 0.857046787733
East 0.900278389576
North 0.9025
South 0.814111721856

row3col14
West 0.722291783379
East 0.594767748805
North 0.949995395071
South 0.757660156893

row3col15
West 0.238774911602
East 0.0741112742042
North 0.900559743013
South 0.431469184073

row3col16
West 0.410629125404
East 0.104714780967
North 0.162669037915
South 0.03750184138

row3col18
West 0.00154076338699
East 0.000339434954002
North 0.251063325104
South 0.0127943582975

row3col19
West 0.00119770874622
East 0.0013989294917
North 0.0791641054013
South 5.75114527017e-06

row3col20
West 0.0023494010025
East 0.000337996584327
North 0.0375503558111
South 1.6808864487e-11

row3col21
West 0.00049726612843
East 6.70766421221e-05
North 0.0143411954149
South 2.13216194798e-06

row3col22
West 0.00011488660912
East 0.000395796731504
North 0.00839268040377
South 9.14415025752e-06

row4col5
West 0.0274921708075
East 0.0241802638301
North 0.00372561564769
South 0.424363427879

row4col9
West 0.282963259107
East 0.279332401871
North 0.110245859443
South 0.627554891348

row4col13
West 0.814319465268
East 0.814374292549
North 0.857375
South 0.773608114462

row5col1
West 4.35782580949e-09
East 1.25473334649e-08
North 0.0
South 3.23951902777e-07

row5col2
West 1.73250772982e-09
East 3.3347727151e-10
North 2.38405374651e-08
South 9.28559592303e-05

row5col3
West 1.75158847462e-06
East 6.79179549206e-13
North 1.55139446882e-10
South 1.96113340163e-09

row5col5
West 0.158112930933
East 0.524013812438
North 0.0578264189659
South 0.0304475249276

row5col6
West 0.242497261727
East 0.568555902117
North 0.290578363181
South 0.148954928769

row5col7
West 0.365386273101
East 0.598690084616
North 0.388738712435
South 0.259941454828

row5col8
West 0.3958843513
East 0.630245071393
North 0.437342202718
South 0.289083409713

row5col9
West 0.459792733179
East 0.663420390728
North 0.453908954903
South 0.379626328716

row5col10
West 0.583378547101
East 0.698337295211
North 0.618951387743
South 0.508893545726

row5col11
West 0.629124059439
East 0.735091890577
North 0.673965504872
South 0.582163474488

row5col12
West 0.663997891314
East 0.7737809375
North 0.7089474055
South 0.638423825235

row5col13
West 0.734851545599
East 0.735002799122
North 0.81450625
South 0.734572507568

row5col14
West 0.7737809375
East 0.695260375907
North 0.733810151906
South 0.68996338838

row5col15
West 0.735091890625
East 0.655738186548
North 0.692646099802
South 0.625319569924

row5col16
West 0.698337296094
East 0.626267123088
North 0.657675355757
South 0.592184439801

row5col17
West 0.663420431289
East 0.556143650354
North 0.61569835523
South 0.582287569788

row5col18
West 0.622952844884
East 0.401095986775
North 0.299031627211
South 0.182042496987

row5col20
West 0.00509678009718
East 2.86946594572e-06
North 0.00179327496243
South 0.0955312693075

row5col21
West 0.00597744245542
East 2.13678740609e-05
North 4.63818411575e-05
South 4.26396667354e-10

row5col22
West 0.0
East 1.23434261676e-05
North 1.23449994852e-05
South 0.00517270553793

row6col1
West 1.13632506772e-08
East 0.0
North 1.00141816033e-08
South 5.97042960355e-05

row6col2
West 1.13624213668e-08
East 3.7390491704e-22
North 6.03453064111e-08
South 0.00141625416103

row6col3
West 8.17910129834e-08
East 3.88507311671e-09
North 1.17619027527e-10
South 0.00100536730929

row6col5
West 0.00760895481604
East 0.017925849727
North 0.22390831374
South 0.00829497907149

row6col6
West 0.0353406697117
East 0.0343386549106
North 0.537231766404
South 0.176706812348

row6col7
West 0.0517018981529
East 0.091414412003
North 0.443550113245
South 0.0803099648697

row6col8
West 0.0466424404903
East 0.102077814714
North 0.50976257817
South 0.118424277405

row6col9
West 0.0825621483163
East 0.121345055846
North 0.581925474198
South 0.0939922107455

row6col10
West 0.223817036942
East 0.385463177283
North 0.660525983967
South 0.0992144701746

row6col11
West 0.218373746653
East 0.416696035175
North 0.685503192571
South 0.209215963694

row6col12
West 0.296907430581
East 0.73057718323
North 0.495866135164
South 0.348907098052

row6col13
West 0.534200331279
East 0.550721974703
North 0.773772479673
South 0.697606341063

row6col14
West 0.537576205997
East 0.360848432419
North 0.734242093421
South 0.414577813153

row6col15
West 0.361571143035
East 0.40525406498
North 0.692514390435
South 0.389603031704

row6col16
West 0.427789835044
East 0.347629299336
North 0.662570899496
South 0.396540892451

row6col17
West 0.599984947063
East 0.50071189907
North 0.630249409725
South 0.532613837405

row6col18
West 0.59509944083
East 0.128789851585
North 0.280657286134
South 0.200848386938

row6col19
West 0.509196508463
East 0.0462447555985
North 0.0568321158201
South 0.0658862054086

row6col20
West 0.358335906808
East 0.0125526789604
North 0.00623885139804
South 0.00118352146553

row6col21
West 0.167471475418
East 0.000292371962689
North 5.16975667736e-05
South 7.21307873565e-06

row6col22
West 0.0447732733873
East 0.000508745807164
North 3.83096232206e-05
South 5.36036015013e-06

row7col1
West 1.707055963e-05
East 0.000728791815892
North 1.44017764578e-06
South 3.89924817666e-07

row7col2
West 1.77164008091e-05
East 9.12384444534e-07
North 4.28979102825e-07
South 0.00954277668411

row7col3
West 1.08908190743e-05
East 1.90394531042e-07
North 1.47272142158e-09
South 0.01671377564

row7col5
West 0.0162136697462
East 0.193753816549
North 0.0165618438965
South 0.00916496512786

row7col6
West 0.0306594999184
East 0.154568300395
North 0.50097491194
South 0.0982677731751

row7col10
West 0.144956718549
East 0.105724111313
North 0.605651228712
South 0.0312243752677

row7col17
West 0.549283671298
East 0.473868453558
North 0.598736939237
South 0.515255547867

row7col18
West 0.555960926295
East 0.169024851532
North 0.17948604125
South 0.115960620688

row7col20
West 4.20749320569e-13
East 1.04510257134e-09
North 0.0232516898817
South 0.00023334596478

row7col21
West 0.0
East 5.16208689735e-06
North 0.00604557081225
South 7.37765019562e-07

row7col22
West 7.38733463544e-07
East 0.0
North 0.00369140083923
South 1.25116967763e-05

row8col1
West 4.28694565095e-05
East 0.00345332463235
North 4.51914672756e-08
South 9.60008378599e-11

row8col2
West 6.64304147558e-07
East 0.0390644027818
North 4.29813193667e-05
South 0.00130894989685

row8col3
West 0.000241111159976
East 0.120740400103
North 1.51752257147e-05
South 0.00505502076311

row8col4
West 0.00184371726889
East 0.236766894808
North 0.00491961938677
South 0.0130561372761

row8col5
West 0.0167354983625
East 0.382544789078
North 0.032418733659
South 0.0157782855244

row8col6
West 0.0637888438185
East 0.0466664821388
North 0.452911600812
South 0.0404812146413

row8col8
West 2.61517829454e-06
East 0.0262216580773
North 1.83513319205e-05
South 3.15656640562e-08

row8col9
West 6.36580910577e-05
East 0.223297264989
North 0.00577333719166
South 0.00259509798773

row8col10
West 0.0118658233914
East 0.0160711017299
North 0.512953570094
South 0.00295684598866

row8col11
West 0.327941404557
East 0.00125836641502
North 0.0212526313676
South 0.000543480608768

row8col12
West 0.0429585830568
East 2.82397587772e-10
North 3.88487826956e-07
South 0.00186589727924

row8col13
West 7.1572304817e-16
East 1.45522490539e-06
North 1.47043884919e-05
South 0.0016792030305

row8col14
West 0.000145744369792
East 1.07743608096e-13
North 2.82073134796e-08
South 3.37992076342e-09

row8col15
West 5.95308755872e-07
East 4.43622074555e-14
North 7.17389466013e-14
South 3.12216479164e-14

row8col17
West 0.515289203896
East 0.436012409177
North 0.568800092262
South 0.482174681345

row8col18
West 0.52221402753
East 0.142295734268
North 0.138983323256
South 0.0747832527245

row9col5
West 0.00585851145401
East 0.00615330943838
North 0.234831405571
South 0.000543331085378

row9col6
West 0.00354058988064
East 0.00480584245108
North 0.219366901078
South 0.00115190755603

row9col8
West 6.46872982998e-18
East 1.24206327047e-16
North 0.000973227560124
South 3.15690477521e-08

row9col9
West 2.07857390768e-09
East 2.10099990443e-05
North 0.0388652676683
South 0.000470079193471

row9col10
West 0.000325985554116
East 5.17855309391e-06
North 0.0875809939088
South 0.000166968022065

row9col11
West 0.0043054628849
East 3.01588174557e-05
North 0.153332504086
South 0.00707475632607

row9col12
West 0.05226849825
East 1.17955300867e-08
North 0.000181588611497
South 0.000203179640393

row9col13
West 0.0122704220478
East 1.52099431083e-06
North 1.75316830664e-07
South 8.00584151006e-06

row9col14
West 0.00045793050077
East 2.08353975343e-10
North 2.86280761598e-08
South 6.48025377125e-12

row9col15
West 1.73185067448e-06
East 2.08552843977e-10
North 1.48302831778e-15
South 2.08429619861e-10

row9col17
West 0.492401934126
East 0.364699316127
North 0.540360087539
South 0.436941913426

row9col18
West 0.484718700228
East 0.147700937802
North 0.0439722540868
South 0.100057005879

row9col20
West 0.0
East 2.5762178395e-11
North 0.0
South 8.58618281491e-07

row9col21
West 2.70153763866e-09
East 1.3893935374e-12
North 9.98896235809e-11
South 5.43733810853e-06

row9col22
West 9.48580513707e-09
East 2.51367408244e-12
North 0.0
South 4.49899826599e-13

row10col1
West 3.0130657156e-11
East 0.0
North 0.0
South 8.69568305211e-08

row10col2
West 0.0
East 5.06054910281e-12
North 0.0
South 0.0

row10col3
West 8.01832961559e-15
East 2.46681032956e-11
North 8.69751318315e-09
South 1.44896484678e-05

row10col5
West 0.00139444425673
East 0.00129484598094
North 0.110182410683
South 0.00115552927005

row10col6
West 0.00235773276626
East 0.000241920511482
North 0.0501928991586
South 1.58245550708e-05

row10col17
West 0.443033807515
East 0.309749045179
North 0.513342082431
South 0.429805953868

row10col18
West 0.448721195971
East 0.10926798645
North 0.115918397712
South 0.0367602754221

row10col20
West 0.0
East 2.39761772049e-05
North 1.38537896305e-09
South 1.8058488867e-11

row10col21
West 1.83984519682e-07
East 1.32280833947e-08
North 8.00146205373e-11
South 0.000292846516626

row10col22
West 3.00465574215e-15
East 2.14708892541e-12
North 2.45576339855e-12
South 5.10115482957e-06

row11col1
West 1.23671293655e-10
East 3.86445039257e-06
North 5.87348410208e-12
South 1.56977164066e-16

row11col2
West 1.2364011319e-10
East 9.69126281648e-05
North 0.0
South 1.08807135122e-20

row11col3
West 8.0344618412e-10
East 0.00145752488047
North 2.09462679064e-10
South 2.9874153921e-10

row11col4
West 3.51095649328e-07
East 0.00968716319303
North 1.57709086596e-06
South 1.50675035243e-06

row11col5
West 4.28408108456e-06
East 0.00010594382864
North 0.0398463885963
South 0.000106088547256

row11col6
West 1.75135257742e-06
East 3.82238147242e-09
North 0.00221360485564
South 1.54900229193e-10

row11col8
West 6.44652349591e-31
East 5.22618427898e-05
North 4.66933668438e-10
South 4.43736645789e-20

row11col9
West 9.01063633717e-12
East 6.48538576363e-11
North 6.98317323527e-13
South 0.00102649296503

row11col10
West 3.94692435232e-10
East 6.64785467515e-12
North 1.08963529901e-13
South 1.10608429743e-09

row11col12
West 0.0
East 0.000556409944001
North 1.97745820036e-11
South 1.09018802222e-05

row11col13
West 9.33570461481e-06
East 1.69816527975e-05
North 0.000188346113452
South 0.00823537810854

row11col14
West 1.20574019886e-05
East 2.83127130755e-07
North 7.96521970585e-07
South 0.0289972908955

row11col15
West 2.36018547812e-10
East 4.67205592187e-08
North 0.000511354023617
South 0.0312718212912

row11col17
West 0.418683755269
East 0.331868217872
North 0.487674974286
South 0.393594375215

row11col18
West 0.429673055733
East 0.0911016515016
North 0.104421693731
South 0.0566752722399

row11col20
West 0.0
East 5.9389275524e-06
North 7.7016223366e-18
South 6.4063326078e-07

row11col21
West 1.61556083931e-07
East 8.19333229289e-07
North 3.2686626073e-07
South 0.00211808441551

row11col22
West 0.000102460423032
East 7.93419385293e-07
North 1.52788414652e-09
South 1.10320899104e-10

row12col1
West 3.06105469929e-16
East 5.68895274517e-21
North 3.02479810076e-08
South 0.0

row12col2
West 0.0
East 3.30114470339e-09
North 0.0
South 0.0

row12col3
West 1.63321171081e-20
East 9.28531801213e-15
North 7.24055074427e-05
South 2.98662922377e-10

row12col5
West 5.76166640558e-05
East 7.80469134736e-08
North 0.00459878106127
South 6.52096734867e-07

row12col6
West 6.78903056222e-05
East 7.78067173659e-08
North 1.63803615507e-06
South 3.69090797814e-12

row12col8
West 1.22281838642e-16
East 0.000154913142508
North 2.08684925758e-13
South 0.0

row12col9
West 5.5725823091e-06
East 2.46739376286e-12
North 4.9570524649e-10
South 0.013383211821

row12col10
West 1.75200192171e-05
East 1.37772977932e-10
North 6.64772318963e-12
South 6.12847084668e-10

row12col12
West 5.28043218661e-06
East 0.00212259121969
North 1.97377490432e-11
South 5.0379650687e-08

row12col13
West 5.60712090647e-05
East 0.0467020862783
North 8.74731535391e-07
South 0.000138751338306

row12col14
West 0.000215226558735
East 0.18278558607
North 0.000946687686159
South 0.0182823302811

row12col15
West 0.00335896768112
East 0.338883707005
North 0.00126512373376
South 0.0302124903114

row12col16
West 0.0428970776871
East 0.432974100978
North 0.202113929641
South 0.137442065742

row12col17
West 0.338084211069
East 0.263497256881
North 0.463291205886
South 0.357214389451

row12col18
West 0.386805175827
East 0.0321927487236
North 0.093585368188
South 0.027792826563

row12col20
West 4.41525905606e-07
East 5.07920067658e-05
North 5.33162115262e-09
South 8.42936316528e-08

row12col21
West 1.57774865067e-06
East 1.36928706367e-05
North 1.32837469506e-05
South 0.00961320210914

row12col22
West 0.000300394016222
East 4.00793923901e-08
North 1.54344562385e-08
South 9.9497044899e-11

row13col5
West 6.49832766981e-12
East 0.0
North 0.00024313632766
South 2.66632135431e-05

row13col6
West 1.05385120007e-08
East 2.91209238135e-08
North 1.0077694512e-10
South 0.00336652705872

row13col9
West 6.00930114891e-05
East 0.00196684567351
North 7.90579045263e-09
South 0.0775060838786

row13col17
West 0.353282056025
East 0.16371099901
North 0.440126536611
South 0.319957310562

row13col18
West 0.324703578312
East 0.0533334414426
North 0.0320713960709
South 0.0458602651676

row13col21
West 0.00039019795144
East 6.01268812585e-06
North 0.000108976850531
South 0.0392421268999

row14col1
West 3.40132634157e-15
East 1.92050339621e-06
North 2.88220359892e-12
South 0.0

row14col2
West 3.71226624422e-08
East 0.000181115413829
North 3.27204553086e-12
South 4.20181495577e-11

row14col3
West 1.18180902376e-06
East 0.00476907783818
North 5.53484767173e-05
South 1.19351874097e-05

row14col4
West 1.1802767224e-06
East 0.0148576338294
North 0.000343454477334
South 9.89480380389e-10

row14col5
West 3.11473926897e-06
East 0.0388445910673
North 2.70391645754e-06
South 3.53855276478e-09

row14col6
West 0.000214032301699
East 0.0837491553272
North 1.49668875134e-06
South 0.000194278796232

row14col7
West 0.0089242344592
East 0.141859085015
North 0.00561443367535
South 0.000707042191449

row14col8
West 0.00428351421562
East 0.191121581966
North 0.0102188464895
South 0.000965748412672

row14col9
West 0.00459882024912
East 0.238300254566
North 0.00398695570609
South 0.00121992286221

row14col10
West 0.02431801762
East 0.271244134234
North 0.0216163116953
South 0.00474873764642

row14col11
West 0.0397856071369
East 0.297910887105
North 0.042073047041
South 0.0183522643425

row14col12
West 0.0682234329981
East 0.320064918327
North 0.0801360396075
South 0.012869242644

row14col13
West 0.0671563502058
East 0.339521728803
North 0.0864002607419
South 0.0354965338278

row14col14
West 0.148732554788
East 0.358277866927
North 0.173902776485
South 0.043450171155

row14col15
West 0.196253027571
East 0.377336687669
North 0.252888847754
South 0.15357661148

row14col16
West 0.247992421158
East 0.397210773906
North 0.234358499837
South 0.159527013579

row14col17
West 0.290594768941
East 0.264189359347
North 0.418119753336
South 0.20315603575

row14col18
West 0.391510556661
East 0.0398844669366
North 0.0694321978054
South 0.0170122322744

row14col19
West 0.340896419003
East 0.00403701054473
North 0.0268751282906
South 0.00669885751299

row14col20
West 0.230741903107
East 0.000455158536811
North 0.0163530453531
South 0.00111375957034

row14col21
West 0.11617041198
East 5.83899685243e-05
North 0.000266165160649
South 1.18761746109e-05

row14col22
West 0.00700133903545
East 1.58520064436e-06
North 1.37486791751e-05
South 2.46534924325e-06

row15col1
West 6.38819547584e-18
East 1.34488325807e-16
North 7.48664048969e-09
South 1.12212438295e-14

row15col2
West 1.92127200857e-15
East 0.000241658090149
North 1.69705763688e-06
South 2.84746472945e-09

row15col3
West 1.82787701524e-08
East 3.28300211582e-13
North 0.001124245949
South 4.44588760416e-09

row15col4
West 1.43748466006e-06
East 5.41314677594e-15
North 2.42744444479e-17
South 1.805347503e-14

row15col5
West 7.85579130846e-13
East 1.87020943111e-08
North 3.4287047191e-05
South 8.88349479779e-10

row15col6
West 6.83554442251e-07
East 0.00534382662885
North 6.65585932424e-13
South 1.92128099677e-08

row15col7
West 6.21750073357e-06
East 0.000732039904574
North 0.0677774007501
South 0.000634503192269

row15col8
West 4.47475649411e-07
East 0.0125604532391
North 0.0011795794699
South 1.81483004599e-05

row15col9
West 5.70083248407e-05
East 2.07785220677e-06
North 0.0650076782918
South 0.00210685392887

row15col10
West 0.000123782993112
East 0.000190188593602
North 0.0521187878924
South 0.000174477663541

row15col11
West 2.23749095845e-05
East 0.00985620016425
North 0.100745737813
South 0.00362946110905

row15col12
West 0.000441749363606
East 0.00110738239555
North 0.1045300898
South 0.000260435650385

row15col13
West 0.00281666093704
East 0.00190426501374
North 0.14996307629
South 0.00298010933313

row15col14
West 0.00537725600807
East 0.0191853499615
North 0.202816479821
South 0.00369499992832

row15col15
West 0.0410464260267
East 0.0573702053915
North 0.354998382456
South 0.0418537146248

row15col16
West 0.0533123258801
East 0.0396421403977
North 0.304916052565
South 0.0289116257633

row15col17
West 0.0340940049592
East 0.00307044180157
North 0.348641675104
South 0.112763103931

row15col18
West 0.10919576095
East 0.0108856320489
North 0.00527703519444
South 0.00376201663923

row15col19
West 0.00085922963467
East 0.000286765785738
North 0.151781975585
South 0.00305297132668

row15col20
West 0.0357876060527
East 6.51360403468e-07
North 0.00238848863726
South 1.83340110693e-06

row15col21
West 0.00331691961253
East 5.07676530444e-06
North 0.0
South 0.0

row15col22
West 2.33475040084e-07
East 2.11972843537e-07
North 0.000378798294945
South 2.18781043786e-06

row16col2
West 3.50766595447e-28
East 5.15638740584e-09
North 4.21813488206e-05
South 7.85194618857e-20

row16col7
West 0.00121082747092
East 0.000782111503511
North 0.0283842194973
South 5.87207971498e-06

row16col15
West 0.0561639199216
East 0.0474231982718
North 0.322936961503
South 0.00651290827943

row17col1
West 6.0379153826e-17
East 9.11537099035e-08
North 0.0
South 2.6604903787e-19

row17col2
West 3.87171059164e-17
East 6.73394407102e-17
North 5.42549323691e-06
South 9.91110106126e-27

row17col3
West 4.35424514325e-07
East 0.0
North 2.42753104328e-11
South 1.21866421447e-22

row17col4
West 7.8042466398e-09
East 0.0
North 0.0
South 0.0

row17col6
West 6.39290835324e-24
East 6.35257025261e-05
North 6.39290835324e-24
South 0.0

row17col7
West 1.114890606e-11
East 6.51254189828e-07
North 0.0102685524519
South 2.84525598906e-07

row17col8
West 0.000896179006837
East 8.34080430683e-20
North 8.17814144457e-07
South 4.55113450253e-06

row17col9
West 8.90531986388e-06
East 4.15604490586e-21
North 2.5948280249e-17
South 2.54247509423e-11

row17col10
West 2.60030554456e-17
East 1.66138426083e-17
North 2.02790383756e-26
South 9.96244933488e-14

row17col11
West 6.09039244162e-23
East 1.66138477112e-17
North 2.70595273203e-30
South 9.87565845077e-15

row17col13
West 6.10933890223e-09
East 0.00547233608422
North 1.33306259929e-05
South 3.67967076639e-16

row17col14
West 3.4105851119e-05
East 0.0590188523764
North 0.00144525959587
South 7.32422515991e-05

row17col15
West 0.0063304015706
East 0.00293699305
North 0.276613534497
South 0.00766472647158

row17col16
West 0.0641480477105
East 1.19307348046e-09
North 6.68040723944e-05
South 3.24124797759e-06

row17col18
West 0.0
East 1.25706989456e-13
North 3.77457399907e-07
South 0.00035362102762

row17col19
West 2.01663684429e-08
East 0.0
North 3.73082264374e-08
South 0.000518704327428

row17col20
West 0.0
East 0.0
North 5.20444386771e-26
South 0.000397210759488

row17col21
West 1.81360013947e-05
East 3.79528631361e-29
North 0.0
South 0.0

row17col22
West 0.0
East 0.0
North 0.0
South 2.90149275044e-08

row18col1
West 0.0
East 0.0
North 1.03415628769e-11
South 0.0

row18col2
West 0.0
East 1.36525417119e-27
North 1.54943131162e-15
South 0.0

row18col3
West 9.89807001985e-26
East 0.0
North 2.47071944297e-08
South 0.0

row18col4
West 9.9232933165e-10
East 0.0
North 0.0
South 0.0

row18col6
West 0.0
East 3.00450168709e-05
North 2.42007267689e-08
South 4.45430532519e-11

row18col7
West 7.12248897211e-07
East 2.99536250806e-08
North 0.00264639366244
South 3.87015822499e-07

row18col8
West 0.000420064983179
East 5.02476642963e-08
North 8.19827726324e-08
South 1.94050821501e-21

row18col9
West 2.38522742455e-05
East 7.63927945223e-10
North 2.61752320837e-17
South 5.31897342792e-09

row18col10
West 6.70546994745e-07
East 5.06444024711e-15
North 2.40853301069e-18
South 4.86613343094e-23

row18col11
West 2.9977122117e-08
East 1.53994979217e-14
North 9.68311422505e-28
South 1.48164867619e-15

row18col13
West 2.09046783133e-15
East 0.000761357281362
North 0.0
South 1.40909257941e-08

row18col14
West 4.98178405965e-07
East 0.0283866514715
North 0.00070484279532
South 1.1308671044e-05

row18col15
West 0.000640529962816
East 0.00464883546127
North 0.20946684018
South 0.000124780331256

row18col16
West 0.133732702851
East 0.000122028375669
North 0.00401055717883
South 0.000146884871108

row18col17
West 0.0684887133515
East 3.53595792067e-05
North 0.000229658005717
South 0.000117375955789

row18col18
West 0.0301433881967
East 1.74388754407e-07
North 1.71522186141e-06
South 3.37282431311e-06

row18col19
West 0.0106482999943
East 7.70239050672e-08
North 9.21086204902e-08
South 9.77060652062e-06

row18col20
West 0.0025784715083
East 5.74272560879e-18
North 8.04267003067e-08
South 2.10712078239e-09

row18col21
West 0.00013245538461
East 1.49523981085e-11
North 0.0
South 7.97151189316e-10

row18col22
West 1.64036412898e-06
East 8.91468969108e-11
North 1.10022147249e-19
South 3.79528631361e-29

row19col1
West 0.0
East 0.0
North 1.77159111037e-22
South 0.0

row19col2
West 0.0
East 6.74847697267e-14
North 0.0
South 0.0

row19col3
West 0.0
East 0.0
North 2.10265092697e-10
South 0.0

row19col4
West 6.2790500333e-13
East 0.0
North 0.0
South 0.0

row19col6
West 1.13529498122e-11
East 1.15726003574e-06
North 5.4764868369e-13
South 8.43517326533e-33

row19col7
West 3.19181691211e-10
East 2.88843578297e-14
North 0.000109069480784
South 6.20524402199e-08

row19col8
West 1.77698686002e-07
East 3.18033053291e-44
North 4.08528045266e-20
South 1.08832614967e-13

row19col9
West 0.0
East 1.56297172525e-11
North 1.09730911374e-06
South 1.03419541887e-12

row19col10
West 2.94753602766e-08
East 1.40956477913e-41
North 6.8884381491e-22
South 3.02926901724e-42

row19col11
West 0.0
East 2.86806050929e-28
North 2.82571519893e-10
South 0.0

row19col13
West 5.35736131631e-09
East 3.25686569463e-05
North 0.0
South 8.11452423903e-10

row19col14
West 8.70679796247e-08
East 2.87751293148e-05
North 0.000943436358984
South 1.969409994e-07

row19col15
West 7.38676841855e-07
East 7.63829022561e-07
North 0.00662009901679
South 2.98536676705e-05

row19col16
West 3.84283749224e-07
East 4.1739746506e-08
North 0.00402609599302
South 9.3680396281e-13

row19col18
West 6.17878159624e-19
East 2.00688928868e-12
North 0.000947359944255
South 1.22217599833e-09

row19col19
West 1.44578198526e-07
East 1.13642443616e-06
North 0.000681983584944
South 1.20120134522e-08

row19col20
West 5.62643998298e-05
East 7.13178669869e-09
North 3.10493039478e-13
South 7.18050632655e-12

row19col21
West 2.4903480534e-06
East 5.74220024988e-18
North 6.53159782672e-11
South 5.75207133693e-09

row19col22
West 1.70331322905e-08
East 6.23934014731e-25
North 1.31354529417e-23
South 6.7988110575e-17
