0.0182966371865
0.0172719435261
0.0173859004648
0.0179585483054
0.0177210223181
0.0180373784217
0.0171529668656
0.0174673395582
0.0169655743806
0.01673252668
0.0162044858919
0.0165707269233
0.0166346034661
0.0170397401517
0.0167102610866
0.0169080226624
0.0167763052283
0.0169005614406
0.0170707196029
0.0172002040158
0.0172856355363
0.0174004381231
0.0177066476943
0.0176321571454
0.0176299890086
0.0178664811361
0.0179076804268
0.0180479817003
0.0182999483069
0.0182456097375
0.0182035679505
0.0182071488525
0.0181989234305
0.0182729341771
0.018290605391
0.0183738690603
0.0182826877841
0.0183884140231
0.0184230304982
0.0184840637025
0.0185889686452
0.0185881428456
0.0186506690197
0.0187318912893
0.0187103386184
0.0186351621867
0.0186779683075
0.0186497669614
0.0186922930901
0.0186777090355
0.0186247201439
0.0186602552821
0.0186858209075
0.0187658674391
0.0187823594196
0.0188416696227
0.0187486285183
0.0187940165715
0.0187608650396
0.0187111662552
0.0187030810065
0.0188332926419
0.0188177075948
0.0189113926686
0.0188574130164
0.0189198060046
0.0188785925789
0.0189099982585
0.0189196248661
0.018962211619
0.0190502106226
0.0191035135475
0.0191702660045
0.0191397752786
0.0192098770631
0.0192014134699
0.0191139852666
0.0191599709071
0.0191863863933
0.0192055432623
0.019219648206
0.0192352407707
0.0193372837332
0.0193833197059
0.0194541529811
0.0194265105976
0.019463141745
0.0194819338236
0.0195125472443
0.0195436213721
0.019605013461
0.0197026152831
0.0197017928496
0.0196983122479
0.0197928268797
0.0198910208518
0.0199242082261
0.0199563787466
0.020112908807
0.0202331673488
0.0202692718297
0.020329360683
0.0203203664544
0.0203329594959
0.0203370368607
0.0203857465148
0.0204162348862
0.0204302618022
0.0204850979388
0.0205099096717
0.0205440659155
0.0205484297918
0.0205609287011
0.0205924436253
0.020614438109
0.020620105956
0.0207489000266
0.0207562103042
0.0208270975296
0.0209042938041
0.0209610315716
0.0210139853728
0.0210293182824
0.021060213475
0.0210485715804
0.0210425179011
0.0210780508568
0.0211149299476
0.0211155781063
0.0211432279409
0.0211597006955
0.0211692432741
0.0211903536187
0.0212100744088
0.0212377958156
0.0212713611658
0.0213081568887
0.0213322934825
0.0213821293559
0.0214391694064
0.0214737240992
0.0214997974946
0.0215115477692
0.0215626101807
0.0216025950351
0.0216106908557
0.0216340004462
0.0216851639553
0.0217140757301
0.0217683369633
0.021822580736
0.0217978681923
0.0218586245689
0.0219190415703
0.0219384255299
0.0219938469852
0.0220862029827
0.0221606145852
0.0221733702609
0.0222377366987
0.0222844553591
0.0222968642718
0.0223703701928
0.0223979206206
0.0224479297114
0.0224693098093
0.0224771092038
0.0225327406399
0.0225921511717
0.0226214542457
0.0226716876977
0.0227404796922
0.0227493660678
0.0227946289932
0.0228245453906
0.022895185152
0.0229436167924
0.0230125863964
0.023040309316
0.0231183472674
0.023168543313
0.0231869560287
0.0232111326071
0.0232265198927
0.0232901628938
0.0232972790783
0.0233370087764
0.0233722102864
0.0233854929236
0.0234084753894
0.0234304145212
0.0234582251505
0.02348329791
0.0235420739026
0.0235940255515
0.0236129790185
0.0236802071647
0.0237627313373
0.023812355318
0.0238687600064
0.0239290763373
0.0239921340861
0.0240493724755
0.0240784504359
0.0241168232991
0.0241600104935
0.0242260643353
0.0242792573336
0.0243299068062
0.0243962313776
0.0244113755877
0.02443788483
0.0244620287174
0.0245291086418
0.0245885611691
0.0246686701095
0.0246711957738
0.0247010770503
0.0247312468119
0.0247858828342
0.0248408459085
0.0249161396668
0.024978213834
0.0250328680906
0.0250576014332
0.0251165307032
0.025136168061
0.025186228586
0.0252342656595
0.0252987868225
0.0253520763871
0.0253983883291
0.0254350291433
0.0254931706081
0.0255408463649
0.0255707301388
0.0256183008026
0.0256563529368
0.0256992777044
0.0257525658764
0.0257849720983
0.0258054100977
0.0258725261298
0.0259249469529
0.0259768928818
0.0259976243419
0.0260714123696
0.0261305844585
0.0261337150789
0.026200153643
0.0262462056059
0.026308713526
0.0263587331548
0.026392478126
0.0264191276557
0.0264702296122
0.0265192616178
0.0265541122322
0.0266044462329
0.0266456393326
0.0266898520382
0.0267298640794
0.026748301923
0.0267790241882
0.0268489648121
0.0269093065988
0.0269626283153
0.0270229857374
0.0270664158859
0.0270997886156
0.0271472343578
0.027208553809
0.0272320206251
0.0272761719484
0.0273321802927
0.0273720211934
0.0274220664536
0.0274619047994
0.0275419504403
0.0275790369185
0.0276388734717
0.0276904960759
0.0277701910551
0.0278208894759
0.02787249592
0.0279472477426
0.0279864844745
0.0280530968451
0.0280942639556
0.0281326285708
0.0281778212785
0.0282172971425
0.0282359793503
0.028290912203
0.028341610989
0.028383979924
0.028428438829
0.0284937051638
0.0285359155898
0.028606583811
0.0286497008576
0.0287039512272
0.0287446217289
0.0287478329694
0.0288224973419
0.0288669124256
0.0289249730617
0.0289707949742
0.0290302338012
0.0290904713216
0.0291356194644
0.0291835142487
0.029236334386
0.0292758542877
0.0293292412476
0.0293903923435
0.0294299396187
0.0294679893671
0.0295148055584
0.0295668024923
0.0296242700944
0.0297029500238
0.0297823340713
0.029840822106
0.0298766852571
0.0299580976772
0.0300072261344
0.0300558969832
0.030091468806
0.0301390485887
0.0301916863745
0.0302567023542
0.0303010347022
0.0303377531075
0.030367777786
0.0304204167225
0.030474879634
0.0305098409697
0.0305465797074
0.0306019624107
0.0306773370613
0.0307315880147
0.030800343871
0.0308707750882
0.0308970748948
0.0309487436365
0.0310230431688
0.0310673131665
0.0311124475968
0.0311852366586
0.0312508591637
0.0313088404351
0.0313754514086
0.0314360109985
0.0315046246751
0.0315692861692
0.0316404831923
0.0316794066246
0.0317154807717
0.031776471008
0.0318391016563
0.0318948439742
0.0319289426076
0.0319810736887
0.0320454191132
0.0320971146806
0.0321689415449
0.0322257851217
0.0322703545199
0.0323181232816
0.0323968873594
0.0324445042905
0.0324899256515
0.0325350064531
0.0325957641869
0.0326408170507
0.0326958728831
0.0327390940065
0.0328019952164
0.0328627817879
0.0328944558976
0.03295290558
0.0329920659682
0.0330418925207
0.0330978388773
0.0331551376786
0.0332089913624
0.0332571781626
0.0333388756622
0.0333725631787
0.0334336157181
0.0334840139489
0.0335467284923
0.0335874921054
0.0336394280468
0.0337092009082
0.0337694610424
0.0338212345379
0.0338880964118
0.0339127877514
0.0339785300538
0.034047908333
0.0341309119075
0.0341933257075
0.0342339490703
0.0342830396088
0.0343464038272
0.0343983726468
0.034453958472
0.0345235771942
0.0345852755424
0.0346167841735
0.0346656512244
0.0347335677445
0.0347844758573
0.0348419504024
0.0348924792919
0.0349323306643
0.0349875577833
0.0350308094002
0.035089266769
0.0351391597213
0.0352018721804
0.0352658939086
0.0353316093839
0.0353909867283
0.0354399684265
0.0354891966821
0.035557391336
0.0356188621575
0.0356742868521
0.0357465386963
0.0357838573881
0.0358270805885
0.0358869546134
0.0359601816017
0.0360246837975
0.0360928262328
0.0361444665097
0.0362025252903
0.0362561618726
0.0362946843392
0.0363512400326
0.0364359638128
0.0364939524408
0.0365481386356
0.0366136615623
0.0366619778137
0.0367148654612
0.0367777367829
0.0368488767706
0.0368850280294
0.0369526571949
0.0370012958873
0.0370489009347
0.0371183559068
0.0371704801048
0.0372325373851
0.0373121350393
0.0373916400146
0.0374619196743
0.0375247334549
0.0375887169734
0.0376633712421
0.0377220554616
0.0377817841506
0.0378450173033
0.0378929359092
0.0379471232919
0.0379967679335
0.0380453377948
0.0380910880182
0.0381457649508
0.038209632097
0.0382642325722
0.0383288558648
0.0383813840459
0.0384582969392
0.0385188245756
0.03859482707
0.0386635341507
0.0387426042521
0.0388008821924
0.0388650469633
0.0389223117122
0.0389910274964
0.039079134798
0.039152211929
0.0392113573771
0.0392634956037
0.0393287121675
0.0394082617588
0.0394601222006
0.0395095337201
0.0395789063057
0.0396434917898
0.039710916662
0.0397774715155
0.0398347179944
0.0399112194977
0.0399683862341
0.0400505937534
0.0401156747364
0.0401732565839
0.0402291975055
0.0402816433319
0.0403402323797
0.0404005320922
0.0404540615672
0.040521974141
0.0405741460482
0.04064027589
0.0407146800453
0.0407784531372
0.040833640853
0.0408913902966
0.0409558108788
0.0410186794203
0.0410923314291
0.0411661283254
0.0412415363756
0.0412908884389
0.0413479241321
0.0414242586389
0.0414666643324
0.0415489909175
0.0416180878073
0.041681364153
0.0417509986371
0.04181834591
0.0418781808634
0.0419441672023
0.0420065963038
0.042080965142
0.042145902114
0.0421978655285
0.0422621290662
0.0423332344194
0.0424079051262
0.0424666640458
0.0425292238299
0.0425941333573
0.0426421813582
0.0426985613382
0.0427584142387
0.0428140555028
0.042875618086
0.0429449224634
0.0429994539026
0.0430669833244
0.0431328870433
0.0432186609874
0.043292205502
0.0433515643779
0.0433875600582
0.0434481517354
0.0435145298351
0.0435830306165
0.0436421189228
0.043711489294
0.0437784164061
0.0438446461434
0.043904429403
0.0439752625602
0.0440274626995
0.0440818028806
0.0441448307201
0.0442090626473
0.0442668400069
0.0443313052813
0.0443935622186
0.0444625427277
0.0445127744226
0.0445764262485
0.0446461688441
0.0447179318107
0.0447811151423
0.0448449428991
0.0449178319246
0.0449856700401
0.0450718774511
0.0451347288265
0.0452004763624
0.0452606863202
0.0453143423366
0.0453864813612
0.0454477288461
0.0455185191372
0.0455765947173
0.0456594170102
0.0457256940721
0.0457926477067
0.0458518594969
0.0459378948292
0.0459998268299
0.0460669844744
0.0461462221297
0.0462002299503
0.0462668761501
0.0463557618679
0.0464332328136
0.0465015602914
0.0465629013159
0.0466376457676
0.0467193331033
0.0467960750297
0.0468575886433
0.0469204343026
0.0469871224236
0.0470649931577
0.0471325796681
0.0472068738177
0.0472746073669
0.0473479282701
0.0473977495509
0.0474574211844
0.047535981414
0.0476043154257
0.0476877920014
0.0477580752849
0.0478492859818
0.0479228841198
0.0479964479533
0.0480592129756
0.0481240727175
0.0481976576992
0.0482609304499
0.048313373702
0.0483845134722
0.0484662331149
0.0485408073893
0.0486109322161
0.048676434828
0.0487433747308
0.0488002581493
0.0488792043132
0.0489371260401
0.0490079924241
0.0490780277238
0.0491573509
0.0492235046039
0.0492836539483
0.0493604974738
0.0494250042672
0.0494923474766
0.0495608428638
0.0496279332944
0.0496919051526
0.049769481264
0.0498406548743
0.0498968248204
0.0499567277485
0.0500364151412
0.050107433044
0.0501866588824
0.0502547767104
0.0503182835554
0.0503810853792
0.0504635808051
0.0505317827197
0.0505942837543
0.0506701131728
0.0507435232011
0.0508157598017
0.0508889644552
0.0509482609673
0.0510309083301
0.0511076690858
0.0511681185468
0.0512491844778
0.0513268840058
0.0514143501614
0.0514800741908
0.0515423741365
0.0516359253065
0.0516995303562
0.0517831616151
0.0518471203676
0.0519221407178
0.0520045148486
0.0520842949404
0.052154808891
0.052233630693
0.0522974264729
0.0523884450941
0.0524650683207
0.052540543673
0.052616566073
0.052690260044
0.0527623745293
0.0528222603637
0.052895843772
0.0529707125456
0.0530300387561
0.0531025950558
0.0531833918542
0.0532657595163
0.0533548821122
0.0534218052223
0.0535036018463
0.0535808770581
0.0536466830379
0.0537196055511
0.0537886334888
0.0538597696151
0.0539295007789
0.0540116030511
0.0540936653764
0.0541748790237
0.0542320495694
0.0543157331137
0.0543769032021
0.0544410637723
0.054511321082
0.05458208783
0.0546618021584
0.0547486293767
0.0548128287365
0.0548922781894
0.05496836487
0.0550522284545
0.0551286079482
0.0551998447033
0.0552905229725
0.0553508089616
0.0554150383429
0.0555063142249
0.055579222065
0.0556629493769
0.055730142921
0.0558008389368
0.055873671848
0.0559628142621
0.0560468241483
0.0561196917602
0.0561899912615
0.0562841035155
0.0563682117706
0.0564473531811
0.0565325102095
0.0566139309983
0.0566924501299
0.0567622362256
0.0568489872097
0.056920878594
0.0569913555673
0.0570699675469
0.0571363602165
0.0572175760883
0.0573029090897
0.0573634249876
0.0574591584965
0.0575323170412
0.0575994450915
0.0576760957873
0.0577619747246
0.0578315139179
0.0579006632124
0.0579752374758
0.0580487248283
0.0581175326111
0.0581867940848
0.0582673838886
0.058353318864
0.0584250913822
0.0585015709404
0.0585753148348
0.0586401730839
0.0587153326225
0.0587899942127
0.0588728271094
0.0589467145678
0.0590212864983
0.059094588674
0.0591727684072
0.0592540931471
0.0593438941595
0.0594362996535
0.0595145264581
0.0596018122535
0.0596804758834
0.0597509615048
0.0598238053381
0.0599050680927
0.0599965927248
0.0600841317315
0.0601572629877
0.0602543492707
0.0603330133102
0.0604022772211
0.0604808401402
0.0605633109292
0.0606411414671
0.0607356375064
0.0608187727348
0.0609058629074
0.060973316903
0.0610559941909
0.0611419931481
0.0612200936389
0.0612901356724
0.0613910808325
0.0614746091041
0.0615656794167
0.0616420352599
0.0617139377597
0.0617951920626
0.0618844628604
0.0619662159087
0.0620429561844
0.0621247009629
0.0622102727485
0.0622968304268
0.0623659292357
0.0624586325929
0.0625337056666
0.0626072690724
0.0626929926417
0.0627886517195
0.0628811661706
0.06296816297
0.063049241736
0.0631292316459
0.063217017794
0.0633021053462
0.0633804567541
0.0634611270599
0.0635349248665
0.0636272136138
0.0637113976381
0.0638034053999
0.0638894882503
0.0639818355296
0.0640753573264
0.0641662476471
0.0642618165655
0.064336876191
0.0644343112838
0.0645344147102
0.0646420423003
0.0647259861801
0.0648084966329
0.0648885457741
0.0649881842325
0.065070976021
0.0651650949835
0.0652447137476
0.0653332139228
0.0654291893403
0.0655082347047
0.0656049999214
0.0657052446333
0.0658088094944
0.0658958040483
0.0659914380384
0.0661053271918
0.0661832871931
0.066281921243
0.0663779829203
0.0664701362817
0.0665538582766
0.0666327864464
0.0667192090477
0.0668084039696
0.0668904874788
0.0669752297959
0.0670603566714
0.0671615538021
0.0672531608123
0.0673494727124
0.0674335206932
0.0675247781001
0.0676260920945
0.0677110352189
0.0678018929524
0.0678941540394
0.06798376355
0.0680888787721
0.0681807019225
0.0682837254443
0.0683793798701
0.0684614556177
0.0685533663124
0.0686400684036
0.0687261484505
0.0688154894626
0.0689225523449
0.0690064852174
0.0690898716778
0.0691901146268
0.0692905293438
0.0693825627225
0.0694723479242
0.0695637965387
0.0696572613943
0.0697483633085
0.0698441071199
0.0699388290712
0.0700376316065
0.0701378137129
0.0702262271538
0.0703135318714
0.0704139713276
0.0705149231139
0.0705974654428
0.0706871854464
0.0707867093341
0.0708900758367
0.0709850355525
0.0710787884714
0.0711809210874
0.0712873532753
0.0713768578566
0.0714727943924
0.0715762302155
0.0716710822378
0.0717706220151
0.071868740917
0.0719538389802
0.0720476954144
0.072139705135
0.0722317825893
0.0723249157799
0.0724328789218
0.0725389880935
0.0726338255928
0.072734821698
0.0728387713006
0.0729521790935
0.0730445104396
0.0731481195961
0.073246532215
0.0733355002924
0.0734279545852
0.0735278093813
0.0736233250994
0.0737235340054
0.0738137203902
0.0739120577036
0.0739996146289
0.074092130422
0.0741863716939
0.074283946909
0.074376375507
0.0744605358617
0.0745485840497
0.0746275861753
0.0747331041792
0.0748428656391
0.0749425959623
0.0750418463471
0.0751249647936
0.0752177688792
0.075307064425
0.0753945196869
0.0754915734304
0.0755848470516
0.0756913625859
0.0758039138009
0.0759118330614
0.0760068927673
0.0761146130108
0.0762099299739
0.0763224654609
0.0764170808277
0.0765169874624
0.0766237458997
0.0767228623723
0.0768106708568
0.0769148573727
0.0770200501446
0.0771236328425
0.0772255462708
0.077321259931
0.0774226319303
0.0775307944647
0.0776266775805
0.0777181779853
0.0778088811375
0.0779100181961
0.0780203949967
0.0781177818539
0.0782231291589
0.0783272418304
0.0784398204358
0.0785371982865
0.0786430256647
0.078743363509
0.0788536555415
0.0789592367555
0.0790574036303
0.0791578356142
0.0792611156756
0.07937999791
0.0794862494259
0.0795948581216
0.0797012904668
0.0797977365042
0.0798977256032
0.0799984191676
0.0801024406375
0.0802049293052
0.0803072873557
0.0804164299239
0.0805271317558
0.0806344566447
0.0807384972339
0.0808356917204
0.08095155281
0.0810612150861
0.0811758553581
0.0812884972688
0.0813989259475
0.0814967497136
0.0816144041052
0.0817295057253
0.0818318830621
0.0819453696645
0.0820532038198
0.0821691250899
0.0822794221957
0.0823970948679
0.0825061957049
0.0826192246204
0.0827308657118
0.0828432264506
0.0829616792972
0.0830630012241
0.0831676104617
0.0832757473523
0.0833847406053
0.0834986564628
0.0835982437844
0.0837109513794
0.0838149549142
0.0839415734574
0.0840475635735
0.0841648671783
0.08428709376
0.0843948358087
0.0845010318316
0.0846179258966
0.0847292169552
0.0848434073651
0.0849587984845
0.0850639984622
0.0851744676149
0.0852857586478
0.0853937620499
0.0855021084279
0.0855995485234
0.0857232044565
0.0858398181512
0.0859542035357
0.0860756716192
0.0861825585595
0.0862943371063
0.0864139104125
0.0865201677505
0.0866186780123
0.0867201113836
0.0868413214832
0.0869568566399
0.0870716990085
0.0871880009005
0.0872999441438
0.0874204410774
0.08752802144
0.0876484448528
0.0877601352356
0.0878741584857
0.0879972841161
0.088108952477
0.0882210633332
0.0883355304703
0.0884496455624
0.0885568462148
0.0886703750122
0.0887924542754
0.0888984794385
0.0890093449613
0.0891342223037
0.0892582270557
0.0893834141115
0.0894943333855
0.0896011809731
0.0897168638812
0.0898285228769
0.0899424594664
0.090050497109
0.0901607159322
0.0902696798169
0.0903850673406
0.0904926261276
0.0906073315203
0.0907219693926
0.09083586574
0.0909543187635
0.0910655094587
0.0911768452492
0.0912945816543
0.0914098449264
0.0915343966547
0.0916567646214
0.0917662359501
0.0918741039655
0.0919954510082
0.0921032492383
0.0922228140598
0.0923373317471
0.0924585757572
0.0925811463117
0.0926877049202
0.092807547862
0.0929252272288
0.0930402148097
0.0931619738275
0.0932735025712
0.0933915360959
0.0935006202044
0.093612223755
0.0937199876555
0.0938433738495
0.0939624804561
0.0940799005282
0.0941972483303
0.0943111499704
0.0944209989011
0.0945372397554
0.0946513896853
0.0947671951765
0.094879110227
0.094999023217
0.0951110899757
0.0952221435911
0.0953470038195
0.095470275889
0.0955902857235
0.0957006491934
0.0958166194313
0.0959390952047
0.0960734702146
0.0961954702845
0.0963092695517
0.096429599372
0.0965405348627
0.0966645140323
0.096774349346
0.0968927473931
0.0970150178495
0.097127020148
0.0972506883305
0.0973710734226
0.0974760114709
0.0975949162018
0.0977079576787
0.0978309626517
0.0979571257055
0.0980763275894
0.0982014620618
0.09832773096
0.0984430230016
0.0985675803081
0.0986845404259
0.0988042087047
0.0989278343528
0.0990445706024
0.0991650642896
0.0992834607242
0.0994058841046
0.0995224591153
0.0996440354707
0.0997610583519
0.0998903622216
0.100011448163
0.100124292141
0.100244474551
0.100365273645
0.100486995664
0.100603917299
0.100725047517
0.100843178142
0.100960762592
0.101079720906
0.101201561798
0.10132425197
0.101441806172
0.101563138081
0.101687694829
0.101803024947
0.10191992891
0.102040711292
0.102165254043
0.102284253069
0.102408200142
0.102534680051
0.102653627539
0.102777546626
0.102905297448
0.103031267827
0.103149481066
0.103271119478
0.103396857257
0.103520289645
0.103645569883
0.103771772429
0.103882002368
0.10400742057
0.104131569625
0.104258074476
0.104373190657
0.104504000549
0.104628245988
0.104753532527
0.104876592695
0.105002661129
0.105117266928
0.10523559789
0.105364442256
0.105478329853
0.105603405288
0.105727364485
0.105849718913
0.105973892033
0.106094014167
0.106221945468
0.106345899426
0.106470365573
0.106604239394
0.106723456998
0.106846955172
0.106960293462
0.107079496712
0.107198304702
0.10731056297
0.107434476775
0.107556599763
0.10767213897
0.107797848848
0.1079218302
0.10804878876
0.108158388641
0.108286957404
0.10840989324
0.108527392063
0.108651913856
0.108778460711
0.10890143619
0.109032448315
0.109158108905
0.109289203081
0.109410473397
0.109528512818
0.109646898198
0.109776287311
0.10989231473
0.11000972637
0.1101290386
0.110256896688
0.110379920375
0.110518665412
0.110644577751
0.110768480933
0.110888222059
0.111010813087
0.11113666393
0.111269161981
0.11139139559
0.11151913721
0.111652880924
0.111775017462
0.111892994439
0.112013368118
0.112130031503
0.112256347223
0.112385941463
0.11251150918
0.112629349807
0.11275665775
0.112875445228
0.112996744944
0.113128653097
0.113252775674
0.113382349133
0.11350454516
0.113624687486
0.113749723691
0.113868883452
0.113984074478
0.11410019104
0.114228935732
0.114341613707
0.114464144419
0.114589495252
0.114709153593
0.114837438645
0.114963568503
0.115081368611
0.115198063727
0.115328840241
0.115454915435
0.115586571529
0.115707286824
0.115834351389
0.11595417917
0.116080144202
0.116205046047
0.116325044552
0.116451886193
0.116579255809
0.116700791338
0.116817231823
0.116945491589
0.117076602786
0.117199015893
0.117314962946
0.117437239814
0.117563302861
0.117679210533
0.117799813575
0.11791511067
0.118040161722
0.118165379231
0.118286640247
0.118409204815
0.118525325926
0.118641699955
0.118776662431
0.11890172039
0.119035433771
0.119156415748
0.119285553645
0.119413730616
0.119539654113
0.11965906071
0.119776863352
0.119900643433
0.120027739264
0.120154622883
0.120280161331
0.12040866933
0.120522727886
0.120652986709
0.120777958995
0.120899878945
0.121027808137
0.121151802591
0.121276651027
0.121404337521
0.121516613461
0.121645181741
0.121762030379
0.121888273277
0.122014100127
0.122130219792
0.122257982809
0.12238224644
0.12250993723
0.122636561477
0.122760815803
0.122880563383
0.122995911004
0.123121902716
0.123245539237
0.123374397387
0.123495354971
0.12361774398
0.123754662261
0.123884064842
0.124006547029
0.124115322038
0.124232844154
0.124352460872
0.124484073656
0.124604248438
0.124717079995
0.124839763222
0.124962017337
0.125084526415
0.125207398358
0.125331411458
0.125458528441
0.125583096951
0.125693632532
0.125816566514
0.125954166141
0.126078542472
0.126215123867
0.126343116433
0.126467424212
0.126588499669
0.126713077181
0.126835665951
0.126965373703
0.127093084914
0.127217601223
0.12734428903
0.127465642209
0.127586883991
0.127717993873
0.127847860068
0.12797296362
0.128105067031
0.12823834198
0.128359468238
0.128491349727
0.128611008649
0.128735618352
0.128863208354
0.128982332557
0.129106243943
0.129231027508
0.12935874107
0.129479527533
0.129602725449
0.129727357606
0.129848036011
0.129960515859
0.130080312516
0.130203488255
0.130339071076
0.130456879387
0.130582666111
0.13071443091
0.130836301961
0.130962264437
0.131084527841
0.1312160064
0.131342100411
0.131465364077
0.131591392904
0.131710341724
0.131832457297
0.131953687571
0.132073374111
0.132195313314
0.132326416562
0.132445241907
0.132572012848
0.132700037386
0.132830506062
0.132955099675
0.133073760949
0.133200708852
0.133323308294
0.13344573601
0.133575115123
0.133700246504
0.133824189922
0.133949369622
0.134075663092
0.134198806057
0.134327843483
0.134453994023
0.134583319536
0.134700561711
0.13482516878
0.134951246786
0.135067642194
0.135194258138
0.135316608199
0.13544096147
0.135571851901
0.135691024451
0.135814753863
0.135935292551
0.136058827908
0.136184284186
0.13630942015
0.13643708669
0.136556594327
0.136680572535
0.136810829758
0.136931696122
0.137057272886
0.137185739646
0.137307620346
0.137429979506
0.137558479909
0.137679813185
0.137803649512
0.137936965537
0.13806214016
0.138180859412
0.138309264455
0.138434241235
0.138561086211
0.138683399343
0.138801638083
0.138928642184
0.139053902093
0.139185127593
0.139321674814
0.139446713038
0.139567278431
0.139690234518
0.139818344029
0.139944951206
0.140074491792
0.140202341663
0.140327445747
0.14045470222
0.140587776043
0.140721148309
0.140849175975
0.140969694332
0.141095432722
0.141220923378
0.141343532708
0.14147115898
0.141599672481
0.141721477161
0.141841520562
0.14196628406
0.142091501721
0.142218669352
0.142340100172
0.142465411407
0.142594876971
0.142718344828
0.142845120297
0.142969877604
0.143096121635
0.143226971271
0.143348883829
0.143470247839
0.143596770308
0.143721970591
0.143852429426
0.143978590804
0.144111115268
0.144239873183
0.144367638269
0.144496011509
0.144618992687
0.144741178688
0.144866412405
0.144995700933
0.145121815073
0.145245584417
0.145368894458
0.145489884582
0.145619410978
0.145753017534
0.145874643129
0.145998427527
0.146122426046
0.146253493089
0.146370444206
0.146484822106
0.146612436659
0.146736807068
0.146859965238
0.146978394654
0.147103965438
0.147227787231
0.147355893179
0.147477960363
0.147594667657
0.147722547288
0.147856618276
0.147981621468
0.148106759734
0.148235649206
0.148355804481
0.148481786858
0.148610789948
0.148739005627
0.148861685494
0.1489850138
0.149105003279
0.149225895816
0.149345452971
0.149471231764
0.149600785954
0.149728185528
0.149853859448
0.149974091869
0.150096241272
0.150221836121
0.150344190485
0.150473913217
0.150595028448
0.150716906657
0.15083728118
0.150963302956
0.151098314269
0.151222206805
0.151348996894
0.151473439072
0.151603045755
0.151731621489
0.151861470627
0.151985728985
0.152107845963
0.152236531283
0.152359666663
0.152489193624
0.152613787538
0.152737956094
0.152861873289
0.152991494939
0.153108198371
0.153230062603
0.153356150304
0.153480432205
0.153601037676
0.153720290063
0.153845989183
0.153967613897
0.154091845208
0.154214204036
0.154338479595
0.154472521373
0.154594856498
0.154720108246
0.154846651761
0.154969879754
0.155093766375
0.155223633874
0.155345034065
0.155471720218
0.155594626397
0.155718824591
0.155847430689
0.155967283073
0.156093766183
0.156217310497
0.156344525008
0.156468459635
0.156592698264
0.156725251422
0.156848360642
0.156971653718
0.157088733093
0.157212229367
0.157341545388
0.157461330926
0.157589728775
0.157712719007
0.157831476228
0.157952481212
0.158069934305
0.158188840865
0.158305268571
0.158432914396
0.158559650785
0.158680625148
0.158801798967
0.158926063842
0.159054078404
0.159178189137
0.159302119478
0.159428464333
0.159553340054
0.159683116576
0.159802433767
0.159925908242
0.160050065972
0.160167306338
0.160291274254
0.160416265954
0.160537585242
0.16066685029
0.160789482981
0.160907218
0.161027589744
0.161142425303
0.161274704844
0.161390953008
0.161514704723
0.161634044966
0.161761793031
0.161886249979
0.162003505797
0.162125641241
0.162246470726
0.162369446866
0.162496604307
0.162619459568
0.162743862457
0.162868082327
0.162998432476
0.163119586937
0.163243313504
0.163370486919
0.16348963132
0.163612476813
0.163741948786
0.163863496589
0.163985761592
0.164119950246
0.164242855415
0.164363291782
0.164485307661
0.164607213074
0.16473032704
0.164860048709
0.16497947982
0.165102235508
0.165221490517
0.165344510072
0.165467220065
0.165588435958
0.165706050964
0.165828604235
0.165956364799
0.166075305814
0.166193484613
0.166317642297
0.16643812315
0.166558798887
0.166672597307
0.166791721567
0.166909576088
0.1670317373
0.167150177257
0.167274525926
0.167397380323
0.1675182813
0.167632906743
0.167754325616
0.167876463196
0.167999300853
0.168120310416
0.16824130507
0.168363415469
0.168482030111
0.168606524239
0.168727112153
0.16885458553
0.168976880174
0.169087738319
0.169208452598
0.169331165181
0.16945308268
0.169574094216
0.16969403341
0.16981881247
0.169938345814
0.170059646079
0.170184467679
0.170304872624
0.170428418282
0.170544320273
0.170661985839
0.170784265582
0.170904885408
0.171031441785
0.171156490611
0.171275134369
0.171394874634
0.171512212281
0.171639683158
0.171765932312
0.171887131217
0.172012068376
0.172133624737
0.172253663692
0.172377139372
0.172498513424
0.172623962454
0.172744494348
0.172862553103
0.17297730509
0.17310799993
0.173226169667
0.17334714565
0.173467258715
0.173588702564
0.17370770691
0.173832145516
0.173955691791
0.174082805981
0.174202151304
0.174326424799
0.174450408799
0.17456790158
0.174691210144
0.174813587425
0.174932521526
0.175048948297
0.17516953487
0.175297692773
0.175422186416
0.17554522252
0.175670834532
0.175785856841
0.17591033043
0.17604015007
0.176168201618
0.176294059671
0.176421708675
0.176537732465
0.176659324805
0.176784989333
0.176905153152
0.177029054155
0.177148571341
0.177277832352
0.177393176154
0.177516869001
0.177632561436
0.177751155696
0.17787079223
0.177990481508
0.178110693916
0.178230863995
0.178347370545
0.178466752788
0.178587100405
0.178709838223
0.178829236794
0.178946851336
0.179065714707
0.179187107078
0.17930493398
0.17942767257
0.179549998409
0.179664221955
0.179787546443
0.179911821251
0.180028142383
0.180148807387
0.180271807111
0.180395639206
0.180517780947
0.180637223021
0.180757314777
0.18088020889
0.181003039579
0.181123713732
0.18124246681
0.181359337975
0.181478987107
0.181595088168
0.181719850519
0.181841318967
0.181963018757
0.182081150027
0.182203635127
0.182328473215
0.182445347122
0.182566384485
0.182685985716
0.182802485257
0.182919984532
0.183035843536
0.183155255155
0.1832697967
0.183387743116
0.183511636676
0.183633657825
0.183751846586
0.183869348296
0.183987326887
0.184111304895
0.18423109295
0.184356717234
0.184483159768
0.18460531871
0.184733170469
0.184848752725
0.1849797154
0.185100412761
0.185223057388
0.18534145354
0.185465239951
0.1855743922
0.185695973388
0.185818805782
0.185938834188
0.186060213308
0.186183139453
0.186302841073
0.186425591662
0.186546667922
0.186666014862
0.186779288741
0.186898740627
0.187020351859
0.187140958173
0.187264491757
0.187380560066
0.187496453343
0.187611734985
0.187724434658
0.187842662913
0.187966289945
0.188086838725
0.188206348948
0.18832864953
0.188450101672
0.188569232978
0.188683880754
0.188802926065
0.188926247381
0.189042755729
0.189164222871
0.189287741864
0.189410232529
0.189529564656
0.189647126393
0.189761255514
0.189881558698
0.190002980298
0.190126187052
0.19024202022
0.190363815897
0.19048365452
0.190606063705
0.190725318362
0.190843131322
0.190965230544
0.19108173261
0.191205610881
0.191322885864
0.191439747986
0.191559394436
0.191678577092
0.191804697881
0.191926076291
0.192043128019
0.192159822152
0.192279783602
0.192401097953
0.192526104256
0.192646346959
0.192768930801
0.192890454548
0.193000438383
0.193113464758
0.193236560438
0.193355065003
0.193474367202
0.193592521862
0.193712504901
0.193828949446
0.193951570602
0.194070053456
0.194181691091
0.19430267359
0.194420298147
0.194540011022
0.194652664737
0.19477270081
0.19489025931
0.195010875784
0.195129339357
0.195245142194
0.195361772928
0.195477381736
0.195593395611
0.195709834116
0.195827880467
0.195946974553
0.196065591042
0.19618602472
0.196310224982
0.196428036297
0.196540419095
0.196664120202
0.196785685619
0.196908603988
0.197021564213
0.197137950745
0.197256573475
0.197375156006
0.197499002533
0.197618325969
0.197734953345
0.19784945408
0.197964834157
0.19808242918
0.198203306731
0.198320494288
0.198437866168
0.19855514434
0.198672145901
0.198787934276
0.198904358054
0.19901875097
0.199140258975
0.199260257941
0.199376885215
0.19948945121
0.199605148763
0.199727814385
0.199845032303
0.19996023285
0.200081678096
0.200201085173
0.200318264323
0.200439006558
0.200559020989
0.200670582916
0.200791105409
0.200905931915
0.201023352559
0.201136767016
