
row1col1
West 1.15410454287e-05
East 0.166086032848
North 1.1532929331e-05
South 1.1555214128e-05

row1col2
West 1.16020764572e-05
East 1.16080286714e-05
North 1.16260553229e-05
South 0.174827466375

row1col3
West 1.17252550074e-05
East 1.17433521447e-05
North 1.17477507667e-05
South 0.184028898689

row1col4
West 1.18761966129e-05
East 1.18756682283e-05
North 1.18604719598e-05
South 0.19371463655

row1col5
West 1.19356843394e-05
East 1.19432859817e-05
North 1.19315123239e-05
South 0.203910058418

row1col7
West 1.15033296516e-05
East 1.15061535032e-05
North 1.15131997061e-05
South 0.184028627859

row1col8
West 1.15566732658e-05
East 0.19371461665
North 1.15510893066e-05
South 1.15480246949e-05

row1col9
West 1.15445572162e-05
East 1.15466510717e-05
North 1.15422806246e-05
South 0.203910151772

row1col10
West 0.193714615787
East 1.15393911332e-05
North 1.15193139573e-05
South 1.15392152999e-05

row1col11
West 1.15173877117e-05
East 1.15091735273e-05
North 1.15220682347e-05
South 0.184028781552

row1col13
West 1.25702154775e-05
East 1.25786699625e-05
North 1.25844616874e-05
South 0.250348143011

row1col14
West 1.25324409551e-05
East 1.25144038545e-05
North 1.25292957892e-05
South 0.237830726449

row1col15
West 1.24451956271e-05
East 1.24225145698e-05
North 1.24238571517e-05
South 0.225939214224

row1col16
West 1.23483127e-05
East 1.23673895505e-05
North 1.23476080885e-05
South 0.214642238501

row1col18
West 1.15835390255e-05
East 1.15793222931e-05
North 1.15741873246e-05
South 0.193714639437

row1col19
West 1.14747240275e-05
East 1.14473794185e-05
North 1.14653522828e-05
South 0.184028868329

row1col20
West 1.13439474161e-05
East 1.13119315884e-05
North 1.13277026357e-05
South 0.174827457787

row1col21
West 1.121557303e-05
East 1.11928599109e-05
North 1.12027216921e-05
South 0.16608607051

row1col22
West 1.11172208394e-05
East 1.11172599682e-05
North 1.11066379558e-05
South 0.157781738354

row2col1
West 1.1612453209e-05
East 0.174827424223
North 1.15948119299e-05
South 1.16117036449e-05

row2col2
West 1.1695825537e-05
East 1.17013875582e-05
North 1.16808617746e-05
South 0.184028911974

row2col3
West 1.17884963108e-05
East 0.193714644183
North 1.17848758904e-05
South 1.17994622952e-05

row2col4
West 1.1927780117e-05
East 1.19467171752e-05
North 1.19357010421e-05
South 0.203910151772

row2col5
West 1.20245178551e-05
East 1.2056724209e-05
North 1.20264653918e-05
South 0.214642265023

row2col7
West 1.15459854146e-05
East 0.193714644183
North 1.15604323512e-05
South 1.15635719801e-05

row2col8
West 1.16092407229e-05
East 0.203910151772
North 1.16198157729e-05
South 1.16154164841e-05

row2col9
West 1.16532982701e-05
East 1.16689731893e-05
North 1.16662153096e-05
South 0.214642265023

row2col10
West 0.203910147106
East 1.16010543346e-05
North 1.16007513019e-05
South 1.1614670776e-05

row2col11
West 1.15828581869e-05
East 1.15818724203e-05
North 1.15791468692e-05
South 0.193714644183

row2col13
West 1.26840026114e-05
East 1.26736098432e-05
North 1.26720495733e-05
South 0.263524392874

row2col14
West 1.26212223197e-05
East 1.26167582035e-05
North 1.2625763305e-05
South 0.25034817323

row2col15
West 0.237830764569
East 1.24917809295e-05
North 1.25222580359e-05
South 1.25227425143e-05

row2col16
West 0.22593922634
East 1.23387052415e-05
North 1.23425509736e-05
South 1.23343310661e-05

row2col17
West 0.214642265023
East 1.20101154468e-05
North 1.20262667126e-05
South 1.20099727609e-05

row2col18
West 0.203910151772
East 1.16886509741e-05
North 1.16908771161e-05
South 1.17021383933e-05

row2col19
West 0.193714644183
East 1.14882646608e-05
North 1.14931641818e-05
South 1.15154288546e-05

row2col20
West 0.184028911974
East 1.1371104741e-05
North 1.13769345528e-05
South 1.13864625415e-05

row2col21
West 0.174827466375
East 1.12378911107e-05
North 1.12310148461e-05
South 1.12334717859e-05

row2col22
West 0.166086093057
East 1.11516055231e-05
North 1.11266642028e-05
South 1.11503089094e-05

row3col1
West 1.16594681109e-05
East 0.18402889063
North 1.16383688439e-05
South 1.16431317799e-05

row3col2
West 1.17204277004e-05
East 0.193714644183
North 1.17361341195e-05
South 1.17247680322e-05

row3col3
West 1.18500669777e-05
East 0.203910151772
North 1.18603098344e-05
South 1.18447354697e-05

row3col4
West 1.20219561572e-05
East 0.214642265023
North 1.20219370796e-05
South 1.20158342676e-05

row3col5
West 1.22226672833e-05
East 1.22247441331e-05
North 1.22172166131e-05
South 0.22593922634

row3col7
West 1.15910244848e-05
East 0.20391014059
North 1.15790539669e-05
South 1.15781114991e-05

row3col8
West 1.1673193932e-05
East 0.214642265023
North 1.16625644877e-05
South 1.16819696534e-05

row3col9
West 1.18166948421e-05
East 1.1804618774e-05
North 1.18312253623e-05
South 0.22593922634

row3col10
West 0.214642265023
East 1.17048691174e-05
North 1.16870073321e-05
South 1.16968752842e-05

row3col11
West 0.203910151772
East 1.16378242273e-05
North 1.1642924923e-05
South 1.16300011233e-05

row3col13
West 1.28644619489e-05
East 1.28743045686e-05
North 1.28894017941e-05
South 0.277394097762

row3col14
West 0.263524392874
East 1.27224038143e-05
North 1.27025779455e-05
South 1.27304711101e-05

row3col15
West 0.25034817323
East 1.26014432781e-05
North 1.26170895673e-05
South 1.2617134562e-05

row3col16
West 0.237830692074
East 1.24729712986e-05
North 1.24731392224e-05
South 1.24584895252e-05

row3col18
West 1.15572791539e-05
East 1.15464558321e-05
North 0.193714620579
South 1.15473576802e-05

row3col19
West 1.14539454048e-05
East 1.14571379021e-05
North 0.184028892118
South 1.1455387777e-05

row3col20
West 1.1338554122e-05
East 1.13303105985e-05
North 0.174827466375
South 1.13526640145e-05

row3col21
West 0.166086093057
East 1.11859359958e-05
North 1.11952221241e-05
South 1.11765752871e-05

row3col22
West 0.157781630472
East 1.11287157835e-05
North 1.11305532944e-05
South 1.11314259454e-05

row4col5
West 1.24980855272e-05
East 1.25057163427e-05
North 1.24991220672e-05
South 0.237830764569

row4col9
West 1.2117327571e-05
East 1.2122717208e-05
North 1.21267003573e-05
South 0.237830764569

row4col13
West 1.30693187921e-05
East 1.31234395972e-05
North 1.47304676274e-05
South 0.291993787118

row5col1
West 1.24010891715e-05
East 0.203910083598
North 1.24186720549e-05
South 1.24132158685e-05

row5col2
West 1.24767324912e-05
East 1.24684449098e-05
North 1.24659280851e-05
South 0.214642265023

row5col3
West 1.2547419561e-05
East 1.25589107978e-05
North 1.25518306971e-05
South 0.225939219622

row5col5
West 1.27536389189e-05
East 1.27656773649e-05
North 1.27795219055e-05
South 0.25034817323

row5col6
West 1.28272888449e-05
East 1.27821778968e-05
North 1.28358442736e-05
South 0.263524377937

row5col7
West 1.27502809452e-05
East 1.27370437391e-05
North 1.27268849386e-05
South 0.25034817323

row5col8
West 0.23783074525
East 1.25894061351e-05
North 1.26072300589e-05
South 1.2618603753e-05

row5col9
West 1.24776772538e-05
East 1.24721168985e-05
North 1.24356904418e-05
South 0.25034817323

row5col10
West 1.26941905685e-05
East 1.27100538528e-05
North 1.26876438433e-05
South 0.263524379798

row5col11
West 1.29179925357e-05
East 1.29180699665e-05
North 1.29089927713e-05
South 0.277394047873

row5col12
West 1.31220756498e-05
East 0.291993749815
North 1.30975621439e-05
South 1.31412929482e-05

row5col13
West 1.440373461e-05
East 0.307361881177
North 1.32887572132e-05
South 0.000345660938081

row5col14
West 2.16894600157e-05
East 1.35997822808e-05
North 6.67913601229e-05
South 0.323538822291

row5col15
West 1.38360843202e-05
East 0.340567162
North 1.38883750316e-05
South 1.38285022584e-05

row5col16
West 1.41328931071e-05
East 1.41221254862e-05
North 1.41144690992e-05
South 0.358491769852

row5col17
West 1.41529536322e-05
East 1.43142509736e-05
North 1.45630262435e-05
South 0.377359743451

row5col18
West 1.42110649608e-05
East 1.424009546e-05
North 1.42077244552e-05
South 0.358491719125

row5col20
West 1.36499847369e-05
East 1.36427324166e-05
North 1.3656274679e-05
South 0.323538811506

row5col21
West 1.3581207048e-05
East 1.3573251812e-05
North 1.35795031941e-05
South 0.307361881177

row5col22
West 0.291993751633
East 1.35267031246e-05
North 1.35041511625e-05
South 1.35133431731e-05

row6col1
West 1.2522330931e-05
East 0.214642237936
North 1.252809405e-05
South 1.25433036995e-05

row6col2
West 1.25980880085e-05
East 0.22593922634
North 1.25664201717e-05
South 1.2588983114e-05

row6col3
West 1.26508386904e-05
East 1.26377682574e-05
North 1.26471554411e-05
South 0.237830764569

row6col5
West 1.29380538334e-05
East 0.263524392874
North 1.29544170405e-05
South 1.29535442369e-05

row6col6
West 1.28993683843e-05
East 1.29445864465e-05
North 1.29757067521e-05
South 0.277394097762

row6col7
West 0.263524392874
East 1.27926272478e-05
North 1.28033225774e-05
South 1.28011013417e-05

row6col8
West 0.250348067793
East 1.26440679262e-05
North 1.26575632868e-05
South 1.26490718525e-05

row6col9
West 1.26020363872e-05
East 0.263524392874
North 1.25989707291e-05
South 1.26216119441e-05

row6col10
West 1.27045269261e-05
East 0.277394097762
North 1.26988987735e-05
South 1.27124051568e-05

row6col11
West 1.29420858884e-05
East 0.291993787118
North 1.29553643934e-05
South 1.29435908033e-05

row6col12
West 1.40026363159e-05
East 0.307361881177
North 1.3697889189e-05
South 1.35854564676e-05

row6col13
West 1.38271951639e-05
East 0.323538822291
North 1.49212799379e-05
South 1.33464092403e-05

row6col14
West 1.35851316842e-05
East 0.340567181359
North 1.35817227114e-05
South 7.03907123822e-05

row6col15
West 0.000564979048765
East 0.358491769852
North 1.47981313004e-05
South 1.68095803129e-05

row6col16
West 9.17022618718e-05
East 0.377359757739
North 3.46948251577e-05
South 2.04486489788e-05

row6col17
West 1.69529290783e-05
East 0.000444673922187
North 0.000131428352584
South 0.39722079762

row6col18
West 0.000760834140762
East 1.60545448899e-05
North 1.42496211254e-05
South 0.377359757739

row6col19
West 0.358491769852
East 1.41495531184e-05
North 2.45521575693e-05
South 1.47541798401e-05

row6col20
West 0.340567181359
East 1.65010985199e-05
North 1.43430826796e-05
South 1.373562549e-05

row6col21
West 0.323538822291
East 1.36293846055e-05
North 1.36573384324e-05
South 1.36435773732e-05

row6col22
West 0.307361840906
East 1.35495348979e-05
North 1.35459575425e-05
South 1.35360798608e-05

row7col1
West 1.26115432303e-05
East 1.2633318637e-05
North 1.26386389309e-05
South 0.225939088704

row7col2
West 1.27207985663e-05
East 0.237830707111
North 1.27034884463e-05
South 1.27219295132e-05

row7col3
West 1.27837500618e-05
East 1.27629859871e-05
North 1.27694281325e-05
South 0.25034817323

row7col5
West 1.31563703484e-05
East 1.31565070741e-05
North 1.30962307534e-05
South 0.277394045682

row7col6
West 1.33465479242e-05
East 1.43014674251e-05
North 1.3152032114e-05
South 0.291993787118

row7col10
West 1.25150776228e-05
East 1.24951764536e-05
North 0.263524392874
South 1.2491600172e-05

row7col17
West 0.00983446783133
East 0.000256976429474
North 0.000355811406347
South 0.418127155389

row7col18
West 0.00641754521441
East 0.00125690238256
North 2.58143443875e-05
South 0.39722079762

row7col20
West 1.36798100773e-05
East 1.36634468936e-05
North 0.323538747245
South 1.36425266016e-05

row7col21
West 1.35959713689e-05
East 1.35716333685e-05
North 0.307361881177
South 1.35700588532e-05

row7col22
West 0.291993676271
East 1.34850948817e-05
North 1.34800400609e-05
South 1.34703289323e-05

row8col1
West 1.26895271115e-05
East 0.237830764569
North 1.26685907692e-05
South 1.26802465959e-05

row8col2
West 1.27904629971e-05
East 0.25034817323
North 1.28107498466e-05
South 1.27960345508e-05

row8col3
West 1.29259174541e-05
East 0.263524392874
North 1.29174101236e-05
South 1.29359697496e-05

row8col4
West 1.31267097479e-05
East 0.277394097762
North 1.68277367721e-05
South 1.3168149914e-05

row8col5
West 1.6905021654e-05
East 0.000441722886675
North 1.3292926801e-05
South 0.291993787118

row8col6
West 1.33218723575e-05
East 2.8152195762e-05
North 1.72690697061e-05
South 0.307361881177

row8col8
West 1.2099562798e-05
East 0.225939211259
North 1.21035472695e-05
South 1.2104872085e-05

row8col9
West 1.21902582569e-05
East 0.237830764569
North 1.21769180191e-05
South 1.21774271026e-05

row8col10
West 1.23027844735e-05
East 1.22868760869e-05
North 0.25034817323
South 1.22845573781e-05

row8col11
West 0.237830764569
East 1.21450219542e-05
North 1.21376564172e-05
South 1.21222920573e-05

row8col12
West 0.22593922634
East 1.20089587615e-05
North 1.2004748057e-05
South 1.20106383846e-05

row8col13
West 0.214642265023
East 1.18447312769e-05
North 1.18683703949e-05
South 1.18495251545e-05

row8col14
West 0.203910151772
East 1.17247047032e-05
North 1.17239388928e-05
South 1.17190472212e-05

row8col15
West 0.193714613221
East 1.16619006035e-05
North 1.16473713588e-05
South 1.163427374e-05

row8col17
West 0.0274426389507
East 0.00263286865239
North 0.00793716849638
South 0.440133847778

row8col18
West 0.00697266561355
East 0.00106974887968
North 0.0032428004234
South 0.418127155389

row9col5
West 1.35048183608e-05
East 2.10126955162e-05
North 1.35092102006e-05
South 0.307361881177

row9col6
West 1.52434086436e-05
East 1.35759888466e-05
North 4.05644427568e-05
South 0.323538822291

row9col8
West 1.20707969358e-05
East 0.214642190731
North 1.20835133891e-05
South 1.208389284e-05

row9col9
West 1.21340988011e-05
East 1.21600911154e-05
North 0.22593922634
South 1.21542970748e-05

row9col10
West 1.21783852892e-05
East 1.21880074887e-05
North 0.237830764569
South 1.21665303505e-05

row9col11
West 0.225939064781
East 1.20682429045e-05
North 1.20823333157e-05
South 1.20651183385e-05

row9col12
West 1.19444990016e-05
East 1.1959078536e-05
North 0.214642217399
South 1.19453939579e-05

row9col13
West 1.18259771725e-05
East 1.18031777869e-05
North 0.203910151772
South 1.18034780745e-05

row9col14
West 0.193714644183
East 1.16814648396e-05
North 1.16834272089e-05
South 1.17001111113e-05

row9col15
West 0.184028801125
East 1.15424982921e-05
North 1.15695764592e-05
South 1.1548332785e-05

row9col17
West 0.0154722635007
East 0.0271558975121
North 0.00951858895708
South 0.463298787135

row9col18
West 0.0538777899676
East 0.00376606990702
North 0.00235226198232
South 0.440133847778

row9col20
West 1.44072088843e-05
East 1.44047440039e-05
North 1.44005314311e-05
South 0.358491652438

row9col21
West 1.44102240278e-05
East 1.43980958699e-05
North 1.43914824513e-05
South 0.377359757739

row9col22
West 0.358491701555
East 1.43340478908e-05
North 1.43177417215e-05
South 1.43364301638e-05

row10col1
West 1.32830317883e-05
East 0.263524388034
North 1.32799987234e-05
South 1.32982576894e-05

row10col2
West 1.33524152462e-05
East 1.33461318137e-05
North 1.33658269428e-05
South 0.277394097762

row10col3
West 1.3394323624e-05
East 1.34034971472e-05
North 1.34250494552e-05
South 0.291993705828

row10col5
West 1.36446572599e-05
East 0.323538822291
North 1.70660183266e-05
South 0.00019691105068

row10col6
West 0.00242733085276
East 2.99161387061e-05
North 1.87500089197e-05
South 0.340567181359

row10col17
West 0.148741859798
East 0.0575592346563
North 0.0599072181484
South 0.487682933826

row10col18
West 0.463298787135
East 0.0245299974181
North 0.0112975883066
South 0.0308438477158

row10col20
West 1.44706431146e-05
East 1.44986500489e-05
North 1.44833311134e-05
South 0.377359757739

row10col21
West 1.45579444444e-05
East 1.45544409822e-05
North 1.4415821232e-05
South 0.39722079762

row10col22
West 1.45017331378e-05
East 1.45045883919e-05
North 1.44060996856e-05
South 0.377359671457

row11col1
West 1.33229326363e-05
East 0.277394089848
North 1.33445238209e-05
South 1.33280013818e-05

row11col2
West 1.34120044904e-05
East 0.291993787118
North 1.34329824959e-05
South 1.34335990678e-05

row11col3
West 1.34973870664e-05
East 0.307361881177
North 1.34555914008e-05
South 1.34412739948e-05

row11col4
West 1.36559574729e-05
East 0.323538822291
North 1.3663151573e-05
South 1.36130662158e-05

row11col5
West 2.45503790369e-05
East 1.38811938155e-05
North 1.37772213296e-05
South 0.340567181359

row11col6
West 0.00110838972305
East 0.00113107634905
North 0.00249109196524
South 0.358491769852

row11col8
West 1.48322141317e-05
East 1.49873162894e-05
North 1.48299689221e-05
South 0.397220709527

row11col9
West 1.61343883726e-05
East 1.48918835292e-05
North 1.48876709222e-05
South 0.418127125353

row11col10
West 1.48435443997e-05
East 1.48079297815e-05
North 1.47597282982e-05
South 0.397220747533

row11col12
West 1.45976943786e-05
East 0.397220781894
North 1.46432248546e-05
South 1.46121710485e-05

row11col13
West 1.46987327002e-05
East 0.418127155389
North 1.50739452619e-05
South 1.4690893615e-05

row11col14
West 1.730471193e-05
East 0.000442310116681
North 5.0111887346e-05
South 0.440133847778

row11col15
West 2.05114799338e-05
East 1.65663599225e-05
North 3.38099228692e-05
South 0.463298766389

row11col17
West 0.114207708517
East 0.0428074334607
North 0.0677268272547
South 0.513350456659

row11col18
West 0.487682923596
East 0.0156064490448
North 0.00864975645148
South 0.0103332456818

row11col20
West 1.4537206162e-05
East 0.39722079762
North 1.4504794585e-05
South 1.45783276575e-05

row11col21
West 1.46414311594e-05
East 1.46217304779e-05
North 1.4630246687e-05
South 0.418127155389

row11col22
West 0.39722079762
East 1.45739248732e-05
North 1.45428032674e-05
South 1.45731133227e-05

row12col1
West 1.33204989057e-05
East 0.263524322456
North 1.33258555999e-05
South 1.33277628731e-05

row12col2
West 1.33988787495e-05
East 1.33892841468e-05
North 0.277394097762
South 1.34125728754e-05

row12col3
West 1.34056627732e-05
East 1.33905980915e-05
North 0.291993709343
South 1.34054324044e-05

row12col5
West 0.00216338250347
East 0.358491769852
North 1.3962865777e-05
South 0.00185313941049

row12col6
West 0.00205595895408
East 0.00170606003708
North 0.00315907622142
South 0.377359757739

row12col8
West 1.49528083703e-05
East 0.418127155389
North 1.49080669754e-05
South 1.49393334945e-05

row12col9
West 9.92707135513e-05
East 2.78473079025e-05
North 1.7679505958e-05
South 0.440133847778

row12col10
West 0.418127155389
East 1.48952083077e-05
North 1.50080983874e-05
South 8.06057512091e-05

row12col12
West 1.46097117577e-05
East 0.418127123229
North 1.45932389874e-05
South 1.45910597127e-05

row12col13
West 1.46761843203e-05
East 0.440133847778
North 1.56638398428e-05
South 1.46597093224e-05

row12col14
West 4.13161337119e-05
East 0.463298787135
North 5.80349213698e-05
South 0.000338644009514

row12col15
West 0.00091720775972
East 0.487682933826
North 3.85015258396e-05
South 0.00461905518675

row12col16
West 0.00319331163399
East 0.513350456659
North 0.0162378470264
South 0.0114128868224

row12col17
West 0.0654352517739
East 0.0711923768095
North 0.190222298768
South 0.540368901746

row12col18
West 0.513350449624
East 0.0142539240416
North 0.000480104889984
South 0.0209400632

row12col20
West 1.47139982171e-05
East 0.418126891173
North 1.46175653617e-05
South 1.47056110917e-05

row12col21
West 1.83445698713e-05
East 1.47991127382e-05
North 1.51055275033e-05
South 0.440133847778

row12col22
West 0.418127122895
East 1.45691211467e-05
North 1.45332926778e-05
South 1.46635641877e-05

row13col5
West 0.000184731113862
East 0.377359743477
North 0.000385419482028
South 1.42526882486e-05

row13col6
West 0.000612438843244
East 0.00342738094411
North 0.00950197669547
South 0.39722079762

row13col9
West 0.00329675136697
East 0.00199494403596
North 0.000117511410231
South 0.463298787135

row13col17
West 0.246783324016
East 0.0834891483441
North 0.152312815944
South 0.568809370259

row13col18
West 0.540368871315
East 0.0149274920017
North 0.00332376330128
South 0.0137827193843

row13col21
West 0.00054022298122
East 0.00173865866842
North 2.98529485078e-05
South 0.463298787135

row14col1
West 1.39661932267e-05
East 0.32353877993
North 1.39484129246e-05
South 1.39747609641e-05

row14col2
West 1.42257848265e-05
East 1.40538100962e-05
North 1.40698209339e-05
South 0.340567181359

row14col3
West 1.41652295532e-05
East 0.358491631084
North 1.41947206698e-05
South 1.41844545563e-05

row14col4
West 1.42334904187e-05
East 1.59417231115e-05
North 1.4244216748e-05
South 0.377359757739

row14col5
West 3.09616165419e-05
East 0.397220782151
North 8.17991366852e-05
South 0.000110491357015

row14col6
West 0.00201724835069
East 0.0253420971024
North 0.0205373448083
South 0.418127155389

row14col7
West 0.00100337275628
East 0.000808023878494
North 0.00410820108864
South 0.44013382782

row14col8
West 0.00139796322548
East 8.94076529647e-05
North 0.00047235263161
South 0.463298767325

row14col9
West 0.0037636606606
East 0.0216593789906
North 9.66578169812e-05
South 0.487682933826

row14col10
West 0.00835724413576
East 0.0125692508906
North 0.0059330626354
South 0.513350442794

row14col11
West 0.00448262431721
East 0.0519233037027
North 0.00788372822488
South 0.540368897799

row14col12
West 0.0428452530511
East 0.0245468181933
North 0.00740504381955
South 0.56880936256

row14col13
West 0.0222676275566
East 0.59874666878
North 0.0371338783568
South 0.0831792556135

row14col14
West 0.050944822786
East 0.143733047274
North 0.141677259112
South 0.630259690038

row14col15
West 0.118236148201
East 0.107525852155
North 0.288675325013
South 0.663431252184

row14col16
West 0.093575464213
East 0.0969318988464
North 0.127248519578
South 0.630259689361

row14col17
West 0.306149067686
East 0.15048065357
North 0.191701223674
South 0.598746705536

row14col18
West 0.0461708584995
East 0.0280134107096
North 0.0138548123569
South 0.568809363696

row14col19
West 0.0380333841226
East 0.0048201128421
North 0.0303805575232
South 0.540368901746

row14col20
West 0.513350456659
East 0.00290423111731
North 0.0114550585041
South 0.00445907508998

row14col21
West 0.487682933826
East 3.64154736069e-05
North 8.66316184832e-05
South 2.50093414991e-05

row14col22
West 0.463298687544
East 1.68882426254e-05
North 1.51321755617e-05
South 5.58141445222e-05

row15col1
West 1.40110458536e-05
East 0.340567168437
North 1.39743940067e-05
South 1.40401259758e-05

row15col2
West 1.53196951774e-05
East 0.358491769852
North 1.40399113422e-05
South 0.000107450629898

row15col3
West 0.000916201161265
East 0.377359757739
North 1.42087044255e-05
South 0.000122454433026

row15col4
West 0.00062153547778
East 0.39722079762
North 0.000505996567581
South 0.00160589501943

row15col5
West 0.00479041546186
East 0.418127155389
North 0.000369395707443
South 0.0239207396115

row15col6
West 0.0170301514241
East 0.440133847778
North 0.0400541085565
South 0.105802673942

row15col7
West 0.0434542038637
East 0.463298787135
North 0.0303652997843
South 0.0456225153953

row15col8
West 0.106481424804
East 0.487682933826
North 0.0188470797695
South 0.15503851934

row15col9
West 0.137708333335
East 0.513350456659
North 0.0384376647273
South 0.237169799025

row15col10
West 0.223881929759
East 0.540368901746
North 0.0489396538315
South 0.251616860018

row15col11
West 0.25392585638
East 0.568809370259
North 0.154854253565
South 0.299460503796

row15col12
West 0.340265605605
East 0.598746705536
North 0.18259210482
South 0.372156493977

row15col13
West 0.329866528022
East 0.630259690038
North 0.122868393535
South 0.356071294098

row15col14
West 0.346516468328
East 0.663431252671
North 0.364349829111
South 0.466358363242

row15col15
West 0.56478704363
East 0.599776800814
North 0.557434512042
South 0.698348687023

row15col16
West 0.663431252671
East 0.458763378444
North 0.389318953133
South 0.522470522735

row15col17
West 0.630259690038
East 0.388673848052
North 0.330238588165
South 0.434555473581

row15col18
West 0.598746705536
East 0.127726050116
North 0.150734522752
South 0.277211950126

row15col19
West 0.568809370259
East 0.025813989448
North 0.0424641952938
South 0.0930572975873

row15col20
West 0.540368901746
East 9.53189005876e-05
North 0.000943757424613
South 0.010191484036

row15col21
West 0.513350456659
East 0.000244017202118
North 5.31631878095e-05
South 0.00162132660763

row15col22
West 0.48768282089
East 2.50567552723e-05
North 1.51787177209e-05
South 3.47683885944e-05

row16col2
West 2.01646320032e-05
East 5.25426770566e-05
North 0.340567181359
South 1.46084575631e-05

row16col7
West 0.00356890851884
East 0.0303553079436
North 0.440133847778
South 0.00676831064978

row16col15
West 0.680235627346
East 0.671647521813
North 0.640450469634
South 0.735103881076

row17col1
West 1.35070156641e-05
East 0.307361861415
North 1.35096416681e-05
South 1.3484154432e-05

row17col2
West 1.35161519265e-05
East 1.37795722158e-05
North 0.323538822291
South 1.36001385082e-05

row17col3
West 0.307361881177
East 1.34947147531e-05
North 1.34918312626e-05
South 1.34771132932e-05

row17col4
West 0.291993787118
East 1.34435880088e-05
North 1.34387735741e-05
South 1.34321602685e-05

row17col6
West 4.15629026136e-05
East 0.397220768165
North 0.000120221372606
South 1.42547242421e-05

row17col7
West 0.000272356738134
East 0.00228140999285
North 0.418127155389
South 0.000686003645185

row17col8
West 0.39722079762
East 8.04877721487e-05
North 0.000492104512819
South 2.25766274883e-05

row17col9
West 0.377359757739
East 1.52487336569e-05
North 1.42126320207e-05
South 1.41960514113e-05

row17col10
West 0.358491769852
East 1.4167259522e-05
North 1.41771266169e-05
South 1.41607617799e-05

row17col11
West 0.340567181359
East 1.41490375664e-05
North 1.41242967e-05
South 1.41005267182e-05

row17col13
West 0.0180498876282
East 0.698348631473
North 0.0232263526107
South 0.00184247332448

row17col14
West 0.0806070440418
East 0.735103881076
North 0.245176257107
South 0.292696536219

row17col15
West 0.60773905839
East 0.745271770739
North 0.677188275424
South 0.773793559028

row17col16
West 0.524306166034
East 0.49173716261
North 0.507078449787
South 0.814519535787

row17col18
West 0.267781362688
East 0.416679027178
North 0.281978846122
South 0.90251472062

row17col19
West 0.281949260055
East 0.419592495649
North 0.415516779333
South 0.950015494561

row17col20
West 0.0634178497832
East 0.0388823937135
North 0.0910168592079
South 1.0000163115

row17col21
West 0.950015495925
East 0.00142004733559
North 0.0344900052708
South 0.0302318744891

row17col22
West 0.902514721129
East 0.000883359170089
North 0.00344187666193
South 6.10071044318e-05

row18col1
West 1.34156095581e-05
East 0.291993660812
North 1.34368023316e-05
South 1.33610067845e-05

row18col2
West 1.34733649303e-05
East 1.3486219787e-05
North 0.307361881177
South 1.34587489307e-05

row18col3
West 1.34125805636e-05
East 1.34172435241e-05
North 0.291993787118
South 1.34200871309e-05

row18col4
West 1.33516645098e-05
East 1.33912000937e-05
North 0.277394097762
South 1.33479647642e-05

row18col6
West 1.41812105144e-05
East 0.377359692343
North 1.42223305916e-05
South 1.42257369915e-05

row18col7
West 1.65867092662e-05
East 2.80384746885e-05
North 0.39722079762
South 1.41858560374e-05

row18col8
West 0.000271160786064
East 1.41733191698e-05
North 0.377359757739
South 3.2647898815e-05

row18col9
West 1.41714581344e-05
East 1.4159408775e-05
North 1.4165354356e-05
South 0.323538802944

row18col10
West 1.41133210437e-05
East 1.41201145901e-05
North 0.34056717217
South 1.41210146898e-05

row18col11
West 1.40971910542e-05
East 1.41173455041e-05
North 0.323538698262
South 1.4102760643e-05

row18col13
West 0.0251803127265
East 0.735103881076
North 0.0339274994488
South 0.00186225223696

row18col14
West 0.13978346309
East 0.773793559028
North 0.284182631176
South 0.0569419994895

row18col15
West 0.697170060782
East 0.814519535819
North 0.710750861413
South 0.626878798879

row18col16
West 0.768660555887
East 0.857388985072
North 0.767380499015
South 0.735278232193

row18col17
West 0.808184015157
East 0.902514721129
North 0.8495164719
South 0.850587238762

row18col18
West 0.852221884735
East 0.950015495925
North 0.789028153656
South 0.81093559444

row18col19
West 0.887669826826
East 1.0000163115
North 0.843877974219
South 0.848950448833

row18col20
West 1.717e-05
East 1.717e-05
North 1.717e-05
South 1.717e-05

row18col21
West 1.00001627876
East 1.717e-05
North 0.00356385135284
South 0.00736287717736

row18col22
West 1.717e-05
East 2.7220319865e-05
North 0.857388637807
South 4.23327117234e-05

row19col1
West 1.33380304616e-05
East 0.277394022153
North 1.33203626226e-05
South 1.33197738703e-05

row19col2
West 1.33953743697e-05
East 1.33688906988e-05
North 0.291993787118
South 1.33688779219e-05

row19col3
West 1.3306612881e-05
East 1.32939215941e-05
North 0.27739398244
South 1.33122128692e-05

row19col4
West 1.33007372882e-05
East 1.32738193584e-05
North 0.263524237996
South 1.32921686295e-05

row19col6
West 1.41525329186e-05
East 0.358491476741
North 1.41654013437e-05
South 1.41578318046e-05

row19col7
West 1.41844028285e-05
East 1.42443655196e-05
North 0.377359757739
South 1.42362506747e-05

row19col8
West 1.42056314853e-05
East 1.42182929653e-05
North 0.358491769852
South 1.4237410245e-05

row19col9
West 0.340567181359
East 1.42156674185e-05
North 1.41376674418e-05
South 1.41931060605e-05

row19col10
West 0.323538822291
East 1.42000799081e-05
North 1.41012978153e-05
South 1.41682914564e-05

row19col11
West 0.307361815153
East 1.41012494755e-05
North 1.41054951518e-05
South 1.40923243971e-05

row19col13
West 0.000345961019182
East 0.00560079410148
North 0.698348640833
South 0.00399306160799

row19col14
West 0.000973116644225
East 0.0119364466675
North 0.735103847661
South 0.0217678868444

row19col15
West 0.0638243501598
East 0.334401975631
North 0.773793556608
South 0.287262519932

row19col16
West 0.316596740197
East 0.241200640718
North 0.81451953543
South 0.292976677704

row19col18
West 0.398202273228
East 0.37703231667
North 0.902514721054
South 0.422836532194

row19col19
West 0.177425646208
East 0.174573188748
North 0.950015494959
South 0.316326815492

row19col20
West 0.0262788510179
East 0.00917819604126
North 1.0000163115
South 0.0460689258358

row19col21
West 0.950015495925
East 0.00012180408083
North 0.0143460524304
South 0.00392736986457

row19col22
West 0.902514551792
East 0.000102969330667
North 1.7127075e-05
South 0.000177964233408
