0.0116814272504
0.0854640581565
0.0775156099603
0.0869659194696
0.0769366165594
0.0661486229451
0.0792738112348
0.0958148360112
0.0879503441182
0.083788222008
0.0787635309921
0.0823763739333
0.0764748192257
0.0785408737864
0.0793131309776
0.0743560602915
0.0780452160583
0.0798011693615
0.0860630865229
0.082002404823
0.0806706716774
0.0837487811033
0.0834988909402
0.0841852558114
0.0845703198971
0.0822804771693
0.0821753803738
0.0808776099408
0.0835135137756
0.0891058751368
0.0943630756129
0.0953465792543
0.0948213485611
0.0955434014989
0.0958067762961
0.0963399881955
0.0953071242677
0.0936504461159
0.0960807409307
0.0984854983112
0.0981569597725
0.0998504267669
0.0989451677325
0.0995633591854
0.0997164635854
0.102504717723
0.102681905115
0.102886094181
0.102696609145
0.101104446892
0.104274212419
0.10599719669
0.105165866541
0.104880019117
0.103506112845
0.102367100684
0.101460037532
0.100978126352
0.0999878852631
0.0987386606583
0.0981821555557
0.097207826264
0.0973377112525
0.0970907699105
0.0983584372055
0.0981366856847
0.101681240509
0.100796042475
0.101030952322
0.103256164759
0.10330942452
0.103661800815
0.102871683461
0.102529807129
0.101419979296
0.100801606682
0.100287081686
0.100783698274
0.101866790012
0.102005116459
0.102282543297
0.101472373162
0.101581430302
0.101755885738
0.102611443107
0.102525453775
0.103077824313
0.102833437107
0.10237233242
0.10182740918
0.10187137683
0.102334110385
0.10239013619
0.10140666693
0.100905370454
0.100918241052
0.100729325151
0.100635951976
0.101730868507
0.101282229512
0.100472320813
0.100517775006
0.100203661102
0.0996931461472
0.100063270198
0.0997360302553
0.10086050323
0.100480995737
0.100617446759
0.102159556018
0.101784670467
0.10223373183
0.102013770431
0.102472946369
0.103376756053
0.103057342651
0.102249380397
0.102603306554
0.103599314195
0.103378193325
0.103502371731
0.103349025699
0.103852044101
0.103912074854
0.104134179278
0.104552299279
0.103945457114
0.103891197405
0.103452834479
0.102958780928
0.103705130051
0.103404742457
0.102883324563
0.102734571257
0.102457839887
0.102180619306
0.101944752538
0.102383586082
0.102352957924
0.102366471624
0.102460632986
0.101915377887
0.101768210103
0.103204037356
0.102612854075
0.102328219071
0.102949460923
0.103430949779
0.103661018946
0.103895032777
0.103704198104
0.103758532494
0.103781331058
0.103107426311
0.102969666945
0.104074154037
0.104381245902
0.104963840587
0.105036305002
0.105728569095
0.105374687742
0.105325921061
0.105205746699
0.104968680156
0.10438159404
0.104223129693
0.1046649257
0.104290801341
0.104532023973
0.1043691199
0.103936490307
0.104524675344
0.104485623904
0.104201423274
0.103675750312
0.103306866154
0.103788400711
0.103747010691
0.103470701377
0.103174204942
0.102896511005
0.102691857911
0.102485136304
0.102514940656
0.102348868127
0.103181905463
0.102953226199
0.102795944498
0.102878580261
0.102832277209
0.103208848195
0.103431827859
0.104083721298
0.10455687495
0.104127540432
0.104195544464
0.104062331414
0.103949320318
0.10369215472
0.103848477328
0.104116577908
0.103679257827
0.103687191656
0.103605576299
0.103876415849
0.103640996609
0.103766539923
0.103627943176
0.104176809452
0.104981187881
0.105266472535
0.10566358332
0.105763660036
0.106107573482
0.105614049885
0.105375262657
0.106021190441
0.105674211395
0.10551626729
0.105505368541
0.106113726076
0.105797216464
0.105574529176
0.105638858505
0.105771793672
0.106255399447
0.106286271633
0.1060888417
0.106487692996
0.10629912555
0.106160476617
0.105971432896
0.106940095733
0.106652836486
0.106699846547
0.107353993667
0.107021218938
0.107087693064
0.1069113898
0.107055867349
0.107493322097
0.107666905579
0.107657454709
0.107579374149
0.107581965346
0.107712888038
0.107760148576
0.107677244077
0.107614160127
0.107235108349
0.10746942551
0.107331840824
0.10783899162
0.107739204626
0.107955326141
0.107808920003
0.107998612706
0.108151866506
0.107920229845
0.107767435608
0.107642005415
0.107621738203
0.107669966752
0.10757633196
0.107255728945
0.107250446967
0.107355531612
0.107082618268
0.107254920932
0.107353287018
0.107515887861
0.107825272104
0.108175500276
0.108252228021
0.108765989194
0.10855610379
0.108569517199
0.108245932391
0.107942487436
0.107941134674
0.107794309743
0.107918270375
0.107841856396
0.108037684386
0.108308853024
0.108565178441
0.108746535576
0.108632729938
0.108443174127
0.108805418993
0.108599696124
0.108443876983
0.108509914403
0.108358352512
0.10831404511
0.108366342894
0.108227302798
0.10799775613
0.107889762492
0.107889760903
0.108507024056
0.108528544016
0.108523609938
0.108334803225
0.108311203757
0.108471052502
0.108592200631
0.108389724514
0.108220345495
0.108263913156
0.10810917196
0.108338665638
0.108956383181
0.109120440612
0.109103920181
0.109324918305
0.109487303776
0.109773952412
0.109537206258
0.109592384538
0.109874693845
0.110016653056
0.109927942129
0.110070074639
0.110865777602
0.110549301283
0.110621437391
0.110700647488
0.110941048994
0.110906263324
0.110938628477
0.110733480008
0.110805874202
0.110914910615
0.111320457274
0.111268331331
0.111277128547
0.111360769331
0.111291395594
0.111219224744
0.111325628838
0.111514284558
0.111238941623
0.111277096841
0.111144000806
0.111209337051
0.111299131198
0.111299343609
0.111238871015
0.111410118683
0.111133279524
0.11151513016
0.111973834895
0.112164971312
0.112155167449
0.112384934732
0.112487250773
0.112666218785
0.112889015238
0.11303749212
0.112980143304
0.112822788034
0.112630785374
0.112645833493
0.112591151331
0.112588900854
0.112709464166
0.112603002265
0.112781726692
0.112611127222
0.112698636225
0.112513969398
0.112515409262
0.112636702468
0.112940278058
0.11286494547
0.112737962718
0.112859134868
0.112933597752
0.113136408377
0.113033090123
0.112940340919
0.113118504091
0.113086756518
0.112973124841
0.113054370739
0.113021191729
0.112987040113
0.113072842058
0.113110703057
0.11343337169
0.113362246285
0.113629927361
0.113451813328
0.113350700147
0.113228829792
0.113235529262
0.113339664176
0.113426235473
0.113462290514
0.113319994801
0.113144389088
0.113047148631
0.113227627507
0.113096720881
0.113083688216
0.11305901515
0.113142054211
0.113272777031
0.113612375584
0.113887955489
0.114043803424
0.114418711841
0.114425619784
0.114343511297
0.114163531679
0.114011712576
0.113879970528
0.114075665267
0.114395461192
0.114695338635
0.114481469706
0.114893360232
0.114903715204
0.115119529045
0.114959251382
0.115048638022
0.114849700379
0.114933538416
0.114819032118
0.114985631499
0.114870053042
0.11521554269
0.115438195598
0.115263429072
0.115197001047
0.115428883126
0.115381165348
0.115420108469
0.115288674385
0.115230922079
0.115220632801
0.115345281379
0.115433370825
0.115391218934
0.115534467044
0.115581236568
0.115626095942
0.115644007961
0.115821022207
0.115971715143
0.115944468632
0.115953854193
0.116049798313
0.115987882288
0.116536089889
0.116438093246
0.116502236895
0.116755696177
0.116759732229
0.116999212575
0.116852568345
0.117277040356
0.117306348844
0.117138126099
0.117366920853
0.117656760873
0.117596418009
0.117444414167
0.117227390949
0.117032230245
0.117280464479
0.117735707699
0.117712239609
0.117835758547
0.118024851552
0.11812743776
0.118023339534
0.117817242189
0.117952666652
0.117899991103
0.117945952192
0.117900245954
0.117997096634
0.11801502758
0.118287334861
0.118315685887
0.118585738636
0.118551365515
0.118554282728
0.118482810745
0.118419344064
0.118557328972
0.11843063705
0.118372853181
0.118381098808
0.118327500562
0.118361388783
0.118418508617
0.118346033857
0.11827970664
0.118412957652
0.11858003345
0.118628054334
0.118578881752
0.118544795801
0.118328862889
0.118459560641
0.118622604527
0.118718927584
0.118811824933
0.119107338546
0.119193493309
0.119195951875
0.119079252544
0.11918550711
0.119482466976
0.119336548253
0.119283322485
0.119124841671
0.119213478328
0.119351721856
0.11929492712
0.119529603661
0.119555855474
0.119699255668
0.119760177743
0.119672069681
0.119667130823
0.119766357099
0.119875967673
0.119925227521
0.119921014598
0.120284791736
0.120279277888
0.120203153035
0.120301540652
0.12036458808
0.120468694955
0.12051759666
0.120763675648
0.120798788421
0.120816338336
0.120917606648
0.121155969558
0.121052401402
0.121078898251
0.121059216376
0.12106659314
0.121011877338
0.120911580543
0.121136891764
0.121528840264
0.121600045783
0.12179870914
0.121800028824
0.122136789984
0.122405794508
0.122544157641
0.122482516646
0.122453685317
0.122447027356
0.122570357272
0.122571834969
0.122471246836
0.122684039618
0.122690437514
0.122743576788
0.122636620424
0.123089378717
0.123138080765
0.123159785841
0.123071541784
0.122920349396
0.122973809497
0.122820122335
0.122876352007
0.122913356173
0.123035061021
0.123214302199
0.123351566579
0.123396837837
0.123666554794
0.123700097357
0.123641126943
0.123561393743
0.12394429263
0.123882164572
0.123932817858
0.123920876915
0.12382609087
0.12405922601
0.123968636257
0.124271211134
0.12434968107
0.124303038353
0.124360984464
0.124439434439
0.124495090633
0.124767865485
0.124848454938
0.12475943496
0.124728956878
0.12487249641
0.125002035196
0.125194393312
0.125158820578
0.125255916759
0.12529412402
0.125351396405
0.125293510025
0.125184161602
0.125259836981
0.125256244395
0.125418166634
0.125520567764
0.125460290318
0.125420816023
0.125352758983
0.125350483773
0.125362819856
0.125327637112
0.125411640425
0.125400497621
0.12546553618
0.125593719398
0.125722325866
0.12576829779
0.12569188951
0.125753954159
0.125743428639
0.125838361769
0.125870900572
0.125967155542
0.125919387606
0.126058569186
0.126045649197
0.126226411774
0.126301158864
0.126457230443
0.126602969898
0.126695743205
0.126719454679
0.126761211694
0.12699152453
0.126938216367
0.126927979961
0.126977383278
0.126924606417
0.126935780648
0.126865995481
0.127037407973
0.127179345488
0.12716890235
0.127280501613
0.12732575165
0.127255475884
0.127248008506
0.127195978238
0.127169995449
0.127168785316
0.127068401247
0.127089974046
0.127083507691
0.127196149586
0.127120470334
0.127347867053
0.127220807326
0.127271759875
0.127302425115
0.12736724963
0.127395519302
0.127515940962
0.127414679784
0.127517502078
0.127647707574
0.127664187751
0.12762027974
0.127533016068
0.127576893929
0.127569384599
0.127543225519
0.127469811613
0.127528259224
0.127495900202
0.127460745926
0.127516545543
0.12758408733
0.12778612995
0.127886208048
0.127910369687
0.127904071599
0.127967015754
0.127919129442
0.127821814078
0.127730318211
0.127905266895
0.128149357733
0.128022657268
0.127931044853
0.127902051148
0.127837399867
0.127981273095
0.128025392739
0.127889977404
0.128094624034
0.12811360346
0.128258796416
0.128322095957
0.128309136916
0.128226812462
0.128144021023
0.128188041418
0.128389240242
0.128548634154
0.128735734966
0.128793337291
0.128840987965
0.128762213798
0.129133740422
0.129035527082
0.129181085979
0.129560621259
0.129575832243
0.129553335487
0.129594544002
0.129684969666
0.12980112593
0.129812684108
0.129799843244
0.129912904355
0.129928039877
0.129905320363
0.129953149689
0.130143555123
0.130200465943
0.130239724303
0.130231383954
0.130335230346
0.130605403335
0.130634157239
0.130889685956
0.13091524567
0.130988217761
0.131046366649
0.131103010086
0.131085458511
0.131266180347
0.131259348747
0.131652892759
0.131787865816
0.131995903824
0.132072644864
0.132003450621
0.13211938638
0.132321774154
0.132475703101
0.132507747753
0.132693888043
0.132866421875
0.132891995341
0.132829526258
0.132858792364
0.13302731382
0.133218086911
0.133374579923
0.133552495727
0.133512430693
0.133479202479
0.133619142564
0.13357568596
0.133560150796
0.133696482821
0.133729017816
0.133942187036
0.133893683248
0.134026286455
0.13427217636
0.134342234192
0.134289273557
0.134632831719
0.134744125476
0.134844496793
0.134905535881
0.134888199974
0.134851659777
0.134893927347
0.134936816051
0.135083677502
0.135047868244
0.134970948761
0.135082762697
0.135209173475
0.135478217868
0.135683271996
0.135712180635
0.135923615686
0.136078014001
0.136089001695
0.136163472584
0.136245963908
0.136190666253
0.136141592168
0.136194265787
0.136166159432
0.136313990974
0.136352086951
0.136428103048
0.136470427919
0.136617734355
0.136542440988
0.136598601541
0.13669158918
0.136770575553
0.13668176885
0.136711642351
0.136721192591
0.136914291223
0.137045365771
0.137214966544
0.137297698809
0.137402891759
0.137428887565
0.137461269959
0.137469210623
0.137536082159
0.137699904357
0.137916133712
0.137951400162
0.138046953841
0.13817739041
0.138129237522
0.138135521305
0.138244098766
0.1383249886
0.138248647457
0.138348592419
0.138424408571
0.13835524787
0.13842503505
0.13848924348
0.138642378518
0.138558426138
0.138763457616
0.138852847414
0.138879443472
0.13897741762
0.13908479225
0.139064064124
0.139058750984
0.13912604027
0.139127663614
0.139181570799
0.139273251869
0.139613833791
0.139771482748
0.139717536838
0.139765876297
0.139769428354
0.13999666072
0.140068183766
0.140092998644
0.140122946026
0.140159516722
0.140336286191
0.140541145567
0.140819261724
0.140833569953
0.140770035948
0.140796301243
0.141008211633
0.140941278494
0.141002979787
0.141073654443
0.14106539158
0.141170120901
0.141253611137
0.141366493835
0.141278911308
0.141290350935
0.141382891548
0.141357958387
0.141441563742
0.141696427237
0.141797131025
0.141819648277
0.142036618161
0.142102410099
0.142109287986
0.142337705255
0.142334729062
0.142477207646
0.142523810048
0.142678941525
0.1428851043
0.142965882627
0.143066982733
0.143156674912
0.143259155943
0.143278543229
0.14334756295
0.143330841138
0.143451148054
0.143605348109
0.1436360998
0.143739918742
0.143824356282
0.143817094264
0.143924192765
0.143860264872
0.143832852632
0.144004517018
0.144126063221
0.144267525237
0.144484764317
0.144763856385
0.144861140184
0.145187250486
0.145358985283
0.145478972533
0.145587238246
0.14568542106
0.145673631558
0.145656551852
0.145821508749
0.146025344023
0.145970720105
0.146124105699
0.14620132009
0.146194114282
0.146177189317
0.146275640979
0.146382685505
0.146414780304
0.146594300399
0.146659958523
0.146629357177
0.146721248596
0.146871464232
0.146950559339
0.147090928502
0.147298644373
0.147371078225
0.147567433663
0.14761424421
0.147694031287
0.147704092114
0.147817386189
0.14789810981
0.147948291197
0.14813859477
0.148213917091
0.14826508876
0.148349844915
0.148451418199
0.148479132434
0.148584489894
0.148630326579
0.148660331505
0.14870333195
0.148852960198
0.148873578178
0.148992509887
0.149068218462
0.149186537787
0.149347669274
0.149394867739
0.149503532684
0.149504637305
0.149548836542
0.149644008918
0.149669841218
0.149763814537
0.149868456984
0.149952448482
0.150087131399
0.150181910216
0.150355264182
0.150417465009
0.150501874147
0.150437108776
0.150461332619
0.150521648115
0.150558673593
0.150652222625
0.150675463945
0.150761346027
0.150795633224
0.150898688604
0.15120868006
0.151190286266
0.151240746791
0.151275289891
0.151322912111
0.151425547452
0.151451383819
0.151593210739
0.151671111346
0.151647938946
0.151689476773
0.151766994659
0.151724282897
0.151836100322
0.151881756433
0.151916293869
0.151964729595
0.151919774431
0.152092361975
0.152170262128
0.152220928567
0.15224266537
0.152331986314
0.152476607505
0.152527844029
0.152619497873
0.1526719991
0.152661334393
0.152821686549
0.152923051606
0.15290169395
0.153028006003
0.153025295785
0.153076016179
0.153216228517
0.153343335326
0.153657627975
0.153672889973
0.153796685836
0.153921040486
0.154109618218
0.154115748998
0.154205628569
0.15424783796
0.154366254845
0.154468609058
0.154537158924
0.154592865953
0.154656005228
0.154773348162
0.154980251736
0.155127716882
0.155142321547
0.155340122128
0.155593041108
0.155647664855
0.155861940897
0.155967073356
0.155972151493
0.155909405162
0.156098500908
0.156090780808
0.156143000197
0.156168195916
0.15628559472
0.156408210652
0.156519424671
0.156618725416
0.156660435102
0.156695660456
0.156794817765
0.156861906326
0.156896429017
0.156921876343
0.157082575836
0.157136285242
0.157233383388
0.157296679279
0.157317540415
0.157347086043
0.157470488031
0.157509587555
0.157563829684
0.15766619085
0.157739390712
0.157892803679
0.158055708711
0.158123665082
0.158191515524
0.158214616132
0.15829043973
0.158322435131
0.158294038939
0.158401939824
0.158504075619
0.158500212829
0.158644891806
0.158733527885
0.158771512075
0.15890345304
0.158945746818
0.158955685334
0.159119373429
0.159213769137
0.159343844117
0.159515660788
0.159693757557
0.159745915024
0.159773213848
0.160038206205
0.160134295366
0.160143875387
0.160267797087
0.160408076572
0.160538420299
0.160597670223
0.160639125421
0.160659314044
0.160733173671
0.160748631901
0.160895103705
0.160994052157
0.161085863104
0.161162298369
0.161336437404
0.161437609793
0.161461866094
0.161477250058
0.161520410562
0.161582556068
0.161616935361
0.161756333366
0.162017849613
0.162054828431
0.162152853571
0.162295822132
0.162422155237
0.162533229027
0.162566494592
0.162585243437
0.162672304073
0.162710003544
0.162772439713
0.162823239099
0.162958515226
0.163112384332
0.163205431983
0.163359956693
0.163442813421
0.1634838448
0.163526765436
0.163658290367
0.163764941012
0.163820956433
0.163924104881
0.164027177632
0.164036320726
0.16420637567
0.164341283142
0.164444673583
0.164571140475
0.164688960616
0.164797510128
0.164854420961
0.165022027218
0.165111290664
0.165184166916
0.165279957933
0.165303937892
0.165397966047
0.165527694105
0.165571295013
0.165786268282
0.166011409056
0.166057398829
0.166092096061
0.166177649429
0.166290450523
0.166386642577
0.166421210155
0.166500652107
0.166530276769
0.166725994832
0.166902985641
0.166926202832
0.167116682109
0.167184197037
0.167330622269
0.167454977184
0.167455708145
0.167451944475
0.167532349852
0.167738067756
0.167828222187
0.167976695294
0.168109488051
0.168317965272
0.168547980494
0.168661105712
0.168728499976
0.168817058215
0.168970669239
0.169018302553
0.168998384888
0.169077844109
0.169094842279
0.169118624797
0.169252093825
0.169400453763
0.169491617786
0.169569430307
0.169705546181
0.169982247633
0.170060009192
0.17004810291
0.170171355013
0.170199513944
0.170390026749
0.170478042582
0.170503154457
0.170591683775
0.170668333278
0.17079167439
0.170883091319
0.17099162384
0.171032169975
0.171187863645
0.171205511189
0.171237300888
0.171285548677
0.171417380261
0.171435013471
0.171482065542
0.171561531519
0.171610577779
0.171802358463
0.17194158202
0.172062026911
0.172085742105
0.172283571679
0.172335918456
0.17235406316
0.172475760707
0.17250299691
0.172484118008
0.17249105404
0.172522677706
0.172570651191
0.172632765197
0.172638377556
0.172711392586
0.172752818944
0.172786107762
0.173007581968
0.17319717923
0.173312182997
0.173457411397
0.173518325808
0.173601332722
0.173689635798
0.173712081117
0.173715573329
0.173781796195
0.173790803963
0.173840516208
0.17391560026
0.174204705009
0.174302454118
0.174412618209
0.174615902577
0.174748750037
0.174759274919
0.174850833747
0.174890383723
0.174951903293
0.175108271757
0.175190500738
0.175254032508
0.17540012807
0.175603461404
0.175644767418
0.175741335941
0.175899466886
0.175895348745
0.175930797929
0.176116113309
0.176300246343
0.176423596433
0.176546925479
0.176550331182
0.176629066581
0.176770056791
0.176793786577
0.176799847224
0.176829453835
0.176830693794
0.177003262721
0.177011900193
0.177042789247
0.177200501599
0.177251297023
0.177327913841
0.17738070728
0.177425442368
0.177392202678
0.177433168411
0.177551028477
0.177619904789
0.177650830281
0.177725469421
0.177747614096
0.177784523069
0.177987499061
0.178113916652
0.178203612896
0.178320724283
0.178437148876
0.178461743736
0.178478657411
0.178549269564
0.178679694188
0.178676894343
0.178778130805
0.178920680065
0.178995544536
0.179103558298
0.179210548152
0.179294737612
0.179331376032
0.17941210353
0.179539847621
0.179637357225
0.179683384541
0.179737596742
0.179910062138
0.180004341031
0.180203182873
0.180354531716
0.180372766056
0.18051662435
0.180546527179
0.180604149857
0.180701642072
0.180790729573
0.180839440005
0.180920069206
0.181015656625
0.181151939953
0.181272126276
0.181350608493
0.18141914785
0.181519939035
0.181596579167
0.18174566972
0.181855963964
0.181964461635
0.182161245032
0.182243264484
0.18232533016
0.182328175824
0.182393598769
0.182505438227
0.182710297432
0.182774634646
0.182911564389
0.183084322419
0.183152451113
0.183266877017
0.183401877621
0.183578021671
0.183680779063
0.183768591994
0.183906822881
0.184053787005
0.184088413133
0.184085605492
0.184183439782
0.18429932296
0.184411232462
0.18453896411
0.184587260881
0.184566165329
0.18459835782
0.184605289341
0.184650746437
0.184749408481
0.184824900732
0.18492072956
0.18499532951
0.185063256546
0.185117525448
0.1851173192
0.185147242866
0.185253713859
0.18534122505
0.185383655946
0.185502607194
0.185654720627
0.185763475663
0.18590019223
0.185984395781
0.186069531021
0.186187060754
0.186279168171
0.186328482923
0.186384286456
0.18649270159
0.186617694459
0.186768447756
0.186822854104
0.186888435637
0.187027172722
0.187109067487
0.187168241392
0.187289949908
0.187520960098
0.187630618086
0.187655341511
0.187737843526
0.187808658729
0.18792864013
0.187981561538
0.188001755558
0.188006355259
0.188138670057
0.188179655811
0.188218333151
0.188336258298
0.188457158203
0.188591249874
0.188680504083
0.188767926907
0.188890145896
0.189103376009
0.189204130732
0.189272561494
0.189336794858
0.189416283198
0.189436805818
0.189510164189
0.189605322813
0.189721103067
0.189812701047
0.189914043902
0.189969465937
0.190011467759
0.19007790105
0.190126142973
0.190269986306
0.19034084964
0.190461162742
0.190478123165
0.190583584625
0.190736883632
0.190912292013
0.191003951975
0.190990984482
0.191054397336
0.191138599555
0.191205799305
0.19129101513
0.191306328402
0.191397436875
0.191474506378
0.191721090929
0.19179155407
0.191795572194
0.191873058281
0.191984347052
0.192090064726
0.192138359162
0.192234728109
0.192272553803
0.192441773813
0.192451745377
0.19257794484
0.19262555745
0.192794936882
0.192899261551
0.193002320112
0.193019395176
0.193097901976
0.19321277841
0.193328493278
0.193344678409
0.193478276094
0.193574839063
0.193676362096
0.193803061929
0.193832997045
0.193938496416
0.194087056088
0.19424666951
0.194352615325
0.194536193749
0.194618812034
0.194690142548
0.194765438009
0.194808154877
0.194950669424
0.194983018438
0.195073733738
0.195134316539
0.19520724987
0.195425127884
0.19547985444
0.195629166219
0.195741138089
0.195850875551
0.195905315717
0.195955949709
0.196000822384
0.196199977405
0.196270755575
0.196350805727
0.19639954313
0.196491890708
0.196575414824
0.19670959474
0.196781504608
0.196919664772
0.197005502467
0.19710798539
0.197183698648
0.197266339665
0.197353350592
0.197398433031
0.197421165725
0.197501069079
0.197542640305
0.19766724169
0.197825992898
0.197923700121
0.198012056288
0.198145377887
0.198239593524
0.198379063836
0.198481123052
0.198597191804
0.198704811688
0.198831044301
0.198920768648
0.19899424869
0.199088006476
0.199193164914
0.199315419011
0.199391833796
0.199455880869
0.199619061148
0.199716332316
0.1997886215
0.199868828523
0.199984855306
0.200090521223
0.200138209471
0.200166124951
0.200232879662
0.20038166313
0.200553038404
0.20057285004
0.200649061605
0.200790630039
0.20088907141
0.200977607569
0.201136757692
0.201191276628
0.201367555165
0.201444880766
0.201567038897
0.201712987228
0.201748480469
0.201912166729
0.201942935373
0.202048045125
0.202112588569
0.202163594286
0.202239971398
0.202363166321
0.202512749731
0.202587737358
0.202685075244
0.202764451402
0.202840473474
0.20292368882
0.202986946284
0.203073559805
0.203137606976
0.203268411747
0.203290552429
0.203372260297
0.203408796635
0.203552693424
0.203642092
0.20371016769
0.2038192606
0.204002758973
0.204039514711
0.204142507229
0.204225687488
0.204326566565
0.204429115512
0.204562889038
0.204758960432
0.204824923456
0.204881707317
0.204923465485
0.205039517041
0.20509817429
0.205225897992
0.205318021884
0.205411953993
0.205528007314
0.205627606529
0.205732857719
0.20577848046
0.205959548452
0.206107388643
0.206186471079
0.20633499258
0.206382010593
0.206480447405
0.206611089586
0.20664561353
0.206647877785
0.206706782549
0.206787208343
0.206883645735
0.207043179274
0.207125731854
0.207210928366
0.207321171382
0.20742061454
0.207576837073
0.207672681585
0.20781221405
0.207862060539
0.207870958407
0.207964969043
0.208081044229
0.208099679364
0.208232581097
0.208324666504
0.20835834057
0.208450024145
0.208525538843
0.208602497744
0.208715828277
0.208822889149
0.208981617619
0.209031967928
0.209114519778
0.209187895382
0.209297097361
0.20944102966
0.209512583277
0.209576643618
0.209754155126
0.209872340307
0.209991177198
0.21009897195
0.210284664256
0.210313021845
0.210419092799
0.210502577443
0.210553720345
0.210608450452
0.210684223111
0.210756362354
0.210916635719
0.210926273334
0.210975747755
0.211029214065
0.211122842315
0.211139456694
0.211227180316
0.211261454996
0.211297231278
0.211338765701
0.211427161939
0.211486106611
0.211546020645
0.211582058247
0.211641484739
0.211708288951
0.21177717989
0.21193366961
0.21201667866
0.212026836172
0.212141221266
0.212266269455
0.212417005389
0.212462509754
0.212578280147
0.21265577666
0.212731358526
0.212871872003
0.212985169158
0.213070579794
0.213104297505
0.213241709744
0.213316096177
0.213434620228
0.213530446875
0.213601759892
0.213696294166
0.213784096909
0.213825375968
0.213866297219
0.213989286695
0.214133864625
0.214187035327
0.214324158591
0.214369777783
0.214459616807
0.214530951339
0.214642642881
0.214795929894
0.214904888366
0.214982221321
0.215036282512
0.215126412028
0.215213203801
0.215327431344
0.215414834731
0.215473756732
0.215509574393
0.215567508221
0.215616057579
0.215663911331
0.215740193188
0.21590830041
0.215968032778
0.216065841312
0.216132608025
0.216293798563
0.216330566814
0.21640992061
0.216463203732
0.216546157875
0.216617878835
0.216670090481
0.216745242617
0.216869807454
0.216932431328
0.217076709995
0.217217603859
0.217343937819
0.217389692836
0.217541565915
0.217676852833
0.217796420702
0.21788319556
0.217962077311
0.218055303025
0.218163977194
0.218237159404
0.218377212678
0.218492357151
0.218528868872
0.218557448194
0.218601958262
0.218745515077
0.218844446093
0.21897730773
0.219045371564
0.219092418877
0.219186001814
0.21937397046
0.219428773997
0.219519556101
0.219642476482
0.219779671871
0.219894800024
0.219925809142
0.220012802223
0.220125383589
0.220203230945
0.22040553587
0.220456313576
0.220580082395
0.220657186405
0.2207084344
0.220779996566
0.2208225897
0.22088717516
0.220895574543
0.220974692717
0.221050464112
0.221151395214
0.221257775551
0.221298557249
0.2214015048
0.221455062711
0.221555521863
0.221620176959
0.221835757203
0.22189447531
0.222017129641
0.222082271858
0.22220586207
0.222298043479
0.22237823856
0.222434629326
0.222469620394
0.222598779398
0.222685699259
0.22274268372
0.222907736729
0.223031331427
0.223118531795
0.223231092328
0.223271139091
0.22333037286
0.22338378118
0.223512289378
0.223584557451
0.223684872959
0.223779001011
0.223954308613
0.224019345226
0.224059939731
0.224155982628
0.224235467449
0.224344696875
0.22441667711
0.224500429647
0.224562021762
0.224676492639
0.224781504856
0.224846170473
0.224885458301
0.224915620771
0.22504145207
0.225136158419
0.225208879606
0.225311868865
0.225426774419
0.225445703623
0.225494338738
0.225579575495
0.225657167143
0.225728525938
0.225746910886
0.225870635216
0.22594972591
0.226044788413
0.226234553563
0.226308278019
0.226441751338
0.226565900193
0.226638702417
0.22673245127
0.226785497021
0.226817891792
0.226892572471
0.227026254743
0.227108309693
0.22721475239
0.227314923678
0.227334709682
0.227432542961
0.227532039132
0.227604071393
0.227694934347
0.227772189378
0.227839944698
0.227911157648
0.228023959756
0.22811793703
0.228244467631
0.228308662927
0.228452031256
0.228550816599
0.228640889453
0.228682871078
0.228783462895
0.228874137405
0.228995195351
0.229091848465
0.229176885618
0.229242980324
0.2293159115
0.22951031829
0.229641771914
0.229704198971
0.229809706323
0.229915930477
0.229983663753
0.230011622172
0.230169334844
0.230229499297
0.230308021702
0.230474691292
0.23058883656
0.230664479836
0.230753169772
0.230825756576
0.230947182685
0.230995606087
0.231034394679
0.231123742577
0.231236671264
0.231254843091
0.231340084699
0.231435255992
0.23151501599
0.231605268487
0.231724459576
0.231760163903
0.231807708585
0.231873324476
0.232047453719
0.232146040886
0.232302403865
0.232395410837
0.232465234489
0.232600327211
0.232751778643
0.232828128905
0.232894266593
0.233022676115
0.23311368747
0.233223364191
0.233320076902
0.233385746821
0.233509361901
0.233611545533
0.23366522265
0.233712894085
0.233794292064
0.233926749124
0.234036944241
0.234069504705
0.234120738587
0.234168517891
0.234259638805
0.234354311471
0.234466288169
0.23453495916
0.234682271826
0.234791222835
0.234879805466
0.234954281954
0.23500907192
0.235080429463
0.235126132481
0.235199897681
0.235269700759
0.235351173091
0.235433764753
0.235509579276
0.235603182165
0.235706576233
0.235830752249
0.235945307007
0.236008838075
0.236155947236
0.236232952561
0.236289788209
0.236383898673
0.236450099525
0.236488393475
0.236545193524
0.236604321056
0.236718329662
0.236840812787
0.236936745803
0.236970480264
0.236994887692
0.237119372227
0.237239348261
0.237309213114
0.237350917159
0.237438351823
0.237526956038
0.237615270013
0.23779743905
0.23789486349
0.237978865367
0.238081378798
0.238163600326
0.238244657098
0.23829006192
0.238405496406
0.238490009993
0.238617807962
0.238665842348
0.23873036156
0.238799187917
0.238846270511
0.238918712398
0.238949322449
0.239004125008
0.239118013308
0.239223265797
0.239257922878
0.239360985348
0.239453725899
0.239492969978
0.239557382912
0.239642804127
0.239740971152
0.239845096093
0.239914666156
0.2399962813
0.240086365179
0.240170322007
0.24023311845
0.2403486546
0.240475367082
0.240575937637
