0.0176894547018
0.0128944628918
0.0131832542368
0.0142580560457
0.0122817710173
0.0134100461876
0.0128438716485
0.0176917019074
0.0240112557157
0.0259604288484
0.0285677322778
0.0267399741392
0.0246830530516
0.0292322192951
0.0276803283761
0.0259503078526
0.0271452790085
0.0272748422732
0.0278588756051
0.026603850277
0.0271454304169
0.0278134009602
0.0273262243271
0.0282167267224
0.0284405417022
0.0326335210019
0.0321466265663
0.0327981890318
0.0358205109925
0.0369358193673
0.037882966914
0.0380309701091
0.0389670824426
0.040893853266
0.0410786140636
0.0409241216031
0.0405086813529
0.0416857471197
0.0468157678612
0.048143518617
0.0500037383373
0.0492086097673
0.0500124422766
0.050616611104
0.051883977124
0.0533529904871
0.0542674306588
0.0562793475323
0.0562440839952
0.0568907669112
0.0565379363224
0.0579128847708
0.0578139452105
0.0594725179063
0.0605378990353
0.0611754019549
0.0611036878191
0.0623945254985
0.0620859390975
0.0621734160811
0.0646716082545
0.0650472796889
0.0654421791674
0.0657518993738
0.0660143227454
0.0668700133302
0.0672650223947
0.0681908086375
0.0695655156926
0.0707971045741
0.0719775179408
0.0726295518988
0.0730807984
0.0739624398651
0.074185373938
0.0753189442376
0.0764363110547
0.0766683946955
0.0772778994962
0.0791734066667
0.0790181621403
0.0797712970832
0.0804106746731
0.0820864288874
0.0818663981394
0.0834859626696
0.0844472119108
0.0852739115793
0.0862648794352
0.0868288739865
0.0871619083044
0.0892988071521
0.0899693312702
0.0903448933314
0.0912156353481
0.092099664589
0.0922614499718
0.0931512940858
0.0948129452074
0.0956989459688
0.0968338568581
0.0977685752425
0.0980550020604
0.0981926618448
0.0991881290738
0.100693377422
0.101079656497
0.101375419819
0.102753278739
0.102664247089
0.103156278112
0.103893311202
0.104431140133
0.10466610613
0.104946529591
0.106263151909
0.10745666529
0.10842714606
0.108885830723
0.10981806934
0.109595051315
0.10978814527
0.110169333429
0.111457384097
0.111772762681
0.111555686614
0.111496031405
0.111416213882
0.112196812643
0.112934910335
0.112762089931
0.113521536834
0.114180966414
0.114266449581
0.115087873657
0.115626778853
0.11528736405
0.115897179462
0.116232310882
0.117031964745
0.117236137095
0.117719740303
0.118109773087
0.118817221734
0.119512882914
0.119724993379
0.119701686693
0.119916664031
0.119914411208
0.120636002784
0.120966900115
0.12166073205
0.12208770929
0.1220560546
0.122617778361
0.122971752091
0.12318280921
0.123847196186
0.124370371738
0.124675935975
0.125044177262
0.125179515067
0.125448273117
0.12564088739
0.126382699411
0.12654904687
0.126911008343
0.127495881465
0.128349518342
0.128674447704
0.129066060737
0.1292580128
0.129084923891
0.129440051289
0.130035475054
0.130133990718
0.130782010333
0.131163106878
0.131624677594
0.132378249979
0.132649912293
0.132827067829
0.133071462396
0.133122817843
0.133457487748
0.133631443818
0.134030006179
0.134201913946
0.134502363909
0.134430375164
0.134880521783
0.134721323685
0.13495567169
0.135137605706
0.135204819735
0.135521755052
0.135617846788
0.135815607488
0.136317740322
0.136709050338
0.136569404867
0.1370725786
0.137536643128
0.137670992657
0.138240511517
0.138357975341
0.138601338895
0.139033806423
0.13931345448
0.139615500248
0.140091768784
0.140127196298
0.140229422287
0.140573022498
0.1408181659
0.141229900738
0.141417502571
0.141597890037
0.141793443789
0.142349080434
0.142321997123
0.142276291905
0.142553780566
0.142818512398
0.143119205872
0.143209756988
0.143591809951
0.143883473285
0.144508419725
0.144493056502
0.145025846783
0.145279083902
0.145787153801
0.146287639278
0.146579074543
0.146949263907
0.147151597065
0.147232455128
0.147304058275
0.147433480847
0.147860818008
0.14811102784
0.148250763226
0.148759800486
0.148772409434
0.14871318322
0.148843096867
0.148952096615
0.149528544606
0.149744806916
0.149946105773
0.150368673007
0.150436269445
0.15091367222
0.151018606954
0.151086753067
0.151173467434
0.151292418926
0.151579123428
0.151820631163
0.152194161817
0.152283040449
0.152812986314
0.153173967138
0.153252186684
0.153413265793
0.153639424321
0.153929471113
0.154074766643
0.154174880141
0.15430572986
0.154525953945
0.15482169013
0.154873473586
0.155010317744
0.155132882517
0.155511213803
0.155633590686
0.155580622252
0.155776538996
0.156008363014
0.156271764548
0.156272746463
0.156459449095
0.156673807325
0.156998000578
0.157244503894
0.157370351298
0.157445406621
0.157531326315
0.157723063411
0.158140930552
0.158547032737
0.158696939143
0.15890107659
0.15903461399
0.159479885276
0.159627836248
0.159818350316
0.159926677348
0.15991889172
0.160043984294
0.16047259276
0.160630200188
0.161075667249
0.161319764038
0.161311653768
0.16142105261
0.161649262249
0.162034405802
0.162253833272
0.162263814707
0.162473149638
0.162605332573
0.162914024433
0.163161459309
0.16329440892
0.163494296935
0.1634560177
0.163488436365
0.163680794611
0.163936976324
0.164051300292
0.16444574135
0.164515101473
0.164621412765
0.164631624723
0.164887518829
0.165004472177
0.165322701257
0.165493704957
0.165741364706
0.166057500039
0.166143296939
0.166303549362
0.16657238576
0.166677175429
0.166756867583
0.167102490655
0.167273873046
0.167212854904
0.167061730934
0.167163233559
0.16742300206
0.167525906088
0.167560752446
0.168065007429
0.168227157936
0.168267159279
0.168395854228
0.168499437574
0.168796123039
0.169005813065
0.169128637682
0.169257439009
0.169186722498
0.16939620114
0.169475989213
0.169591713791
0.169657529667
0.169784996482
0.169945552365
0.170060165137
0.170156791467
0.170245563256
0.170528556505
0.170632850866
0.170726241587
0.170760032181
0.170878898921
0.170982498353
0.171044805899
0.171160131842
0.17138276736
0.171340862024
0.171495088884
0.171584961226
0.171651515874
0.171885321023
0.171865359651
0.172064721756
0.172152599233
0.17240652394
0.172556750912
0.17264392825
0.172837180794
0.172916188034
0.173104217406
0.173182457284
0.17329028241
0.173341367344
0.173490319177
0.173708114721
0.173768471687
0.173683614865
0.173679347375
0.17381381733
0.173862812582
0.174057709302
0.17413432136
0.174197565961
0.174222702162
0.174247539137
0.174236672534
0.17426176612
0.174375406509
0.174363588622
0.174461040081
0.174540110544
0.174606420569
0.174569771013
0.174761032109
0.174865918607
0.175054204078
0.17518510935
0.175536636114
0.175647294121
0.17576550105
0.17576002837
0.175906568005
0.175993295597
0.176021759322
0.176141972622
0.176281708466
0.176290757194
0.176387743272
0.176496409383
0.176544899002
0.176478832067
0.176615230217
0.176758101268
0.17682379014
0.176894045175
0.176950353897
0.176908013427
0.176928036211
0.176998539448
0.177055796996
0.177042658085
0.176999396007
0.177167917762
0.177219639397
0.177258548848
0.177214399189
0.17736860835
0.177367080105
0.177359941452
0.177483307869
0.177594349796
0.177740753768
0.177695723364
0.177831517044
0.177974286836
0.177981143509
0.178109174703
0.178238544021
0.178307669665
0.178348745969
0.178338872556
0.178354658761
0.178322826692
0.178483989239
0.178588295819
0.178659401413
0.178694469283
0.178869738676
0.178957781082
0.179037731042
0.179032490839
0.179102408785
0.179248345067
0.179326930849
0.179491146043
0.179546550136
0.179675064631
0.179767634383
0.179972660825
0.180057874314
0.180203967693
0.18020703465
0.180141831282
0.180233598242
0.180337227783
0.180413075901
0.180416846513
0.180464222085
0.180528987107
0.18063735345
0.180748785728
0.180781805348
0.180896929115
0.180974341049
0.180994743832
0.180981546697
0.181057264019
0.181185307968
0.181203007452
0.181225832331
0.181262181112
0.181589420684
0.181629711711
0.181819691522
0.181880072362
0.181816147547
0.181992154139
0.182034132455
0.182016595881
0.18213158134
0.182239876064
0.182343284449
0.182337471893
0.182504780653
0.182485666067
0.182604762826
0.182734702187
0.182772946695
0.182874960384
0.182872178469
0.182926923022
0.18288807748
0.182968646603
0.183095980233
0.183096526649
0.183154281295
0.183255968004
0.18335124264
0.183482448017
0.183521559641
0.183636191582
0.183631226835
0.183606972147
0.183728328232
0.183841179176
0.183932867362
0.184027081642
0.184077664735
0.184177740148
0.184305531734
0.184355285234
0.184514788303
0.18446544162
0.184639427865
0.184816822003
0.184780013909
0.184804460068
0.184843385559
0.184869148359
0.184918630602
0.185014187181
0.185215902899
0.185249865971
0.185352556478
0.185454550992
0.185467287942
0.185501491107
0.185576806322
0.185624071568
0.185764109997
0.185819388317
0.185930719556
0.185952637118
0.185947691546
0.185983790222
0.186264450708
0.186412376363
0.18646435023
0.18659963259
0.186609270248
0.186668360984
0.186803546894
0.186821761261
0.186894935665
0.186966369422
0.187058868851
0.187084218131
0.187197560293
0.18735470731
0.187364737922
0.187379541662
0.187389670975
0.18751939992
0.187673199167
0.187722537888
0.187767877947
0.187794822118
0.187883194072
0.187981482687
0.18792151578
0.188019444594
0.188098549033
0.188212603157
0.188268452742
0.188404541597
0.188444576606
0.188515268992
0.188600821146
0.188807381843
0.188898100018
0.188925764351
0.188859457582
0.188848401334
0.188924851338
0.189156061361
0.189198476767
0.189153890936
0.189186624521
0.189231053665
0.18930230656
0.189354902409
0.189374997908
0.189436065293
0.189385838392
0.189487396964
0.189539860778
0.189532232361
0.18964679682
0.189655647254
0.189694014927
0.189761668569
0.18980433135
0.189880409019
0.189911996478
0.189871386371
0.18991791764
0.189964209782
0.190056344686
0.19003879716
0.190008540053
0.190085271258
0.190223949432
0.190310609545
0.190402289489
0.190454621109
0.190460188319
0.190531726162
0.190668166055
0.190701574758
0.190694721085
0.190779432542
0.19079200509
0.190877703655
0.19091913875
0.190999330694
0.191092610621
0.19116434097
0.191250888138
0.191323951588
0.191473043052
0.191390408717
0.191405639454
0.191483379762
0.191529463887
0.191538431425
0.191584652511
0.191633642775
0.191654295843
0.191621610688
0.191694092181
0.191708762692
0.191703403672
0.191770683855
0.191885436882
0.191983947941
0.19201311169
0.191992932788
0.19212018341
0.192193511997
0.192261711854
0.192341848179
0.192396550073
0.192435824288
0.192419856186
0.192460941637
0.192524729132
0.192607545393
0.192678667688
0.192728223679
0.192798362331
0.192848973602
0.192942863514
0.192988641619
0.192965349991
0.192971464421
0.193022825607
0.193148603328
0.193145720567
0.193269271168
0.193228896472
0.193223139538
0.19326000648
0.193318277505
0.193284283381
0.193265990211
0.193266417568
0.193255143637
0.193255107322
0.193323571088
0.193386411473
0.193343017731
0.19336582657
0.193474785179
0.193542723834
0.193708243918
0.193829273112
0.193812625686
0.193782854886
0.193776012284
0.193851399187
0.193885923352
0.193931735786
0.194082412322
0.19415404793
0.19414560611
0.194186006223
0.194264220463
0.194326081756
0.194368831728
0.194367948189
0.194484620712
0.194560122326
0.194600315881
0.19462865886
0.194635254749
0.194821391763
0.194870430927
0.194904665307
0.19498310594
0.19491903855
0.194938511663
0.194951898243
0.194918650093
0.194938990699
0.194901347888
0.194933734582
0.194870213332
0.194878028504
0.194941706985
0.194917551743
0.19500163861
0.195052167591
0.195204043005
0.195201561937
0.195253461697
0.195347827111
0.195285322394
0.195327654642
0.195344747576
0.195470897158
0.195519154598
0.195555281549
0.195557252749
0.195548135309
0.195613608644
0.195611328225
0.195662181885
0.195708642119
0.195690595848
0.195651006239
0.195703187293
0.195689571632
0.19574230738
0.195710913017
0.195777317706
0.195893928392
0.195923614121
0.195914552309
0.19597906538
0.196016703162
0.19604758187
0.196079402249
0.196130375323
0.196185031959
0.196221884126
0.196164076182
0.196272825859
0.196340598899
0.196282817504
0.196355993926
0.196447201807
0.196522466504
0.196538773952
0.196528324485
0.196602877345
0.196536634004
0.196555868022
0.196485162899
0.196609475511
0.196677194026
0.196709817753
0.196683724855
0.196717183897
0.196762322694
0.196809464029
0.196840216851
0.196902416906
0.196999100519
0.19704815749
0.197121905387
0.197167940438
0.197187316192
0.197269578117
0.197260792134
0.197261322191
0.197374991174
0.197346916381
0.197334047141
0.197371016764
0.197360050202
0.197380270304
0.197472331777
0.197517730946
0.197508742484
0.197503180703
0.197571984043
0.197553424817
0.197549132137
0.197491381382
0.197642335068
0.197726137377
0.197757509408
0.197781340876
0.197791398154
0.197856402963
0.197869447938
0.197919404545
0.19793149683
0.197995743205
0.197968723986
0.198021004081
0.197998147401
0.198036949942
0.198039185704
0.198071173533
0.198143724929
0.198195505432
0.198259133489
0.198316280288
0.198326445064
0.198440832319
0.198389172233
0.198419387052
0.198513199138
0.198530127664
0.198501731938
0.198483588619
0.198467514335
0.198545821662
0.198520952657
0.198599578193
0.19858070853
0.198613053978
0.198569461866
0.198598084644
0.198632592785
0.198688447072
0.198730123332
0.198740185635
0.198773092457
0.198759072142
0.198755969321
0.198825047993
0.198860579306
0.198839365755
0.198919370939
0.198967106192
0.199051981883
0.199095545546
0.199117267603
0.199113972886
0.199119426849
0.199188752392
0.199229220701
0.199235382084
0.199283791746
0.1993124637
0.199373694486
0.19944712968
0.19953514169
0.199699356951
0.199717310203
0.199758840613
0.199806330551
0.199854848693
0.199910126878
0.199866004511
0.199958204582
0.199934626359
0.199979165454
0.199977545321
0.200004524519
0.200058125506
0.200107712988
0.200210792529
0.200159747964
0.200185244666
0.200219578431
0.200263569163
0.200313441684
0.200343999093
0.200343313295
0.200307763906
0.200262846903
0.200292433125
0.200293014987
0.200387029254
0.200456103834
0.200460210082
0.200428570394
0.200465498169
0.20053050633
0.200584942664
0.200590775555
0.200673336495
0.200666832332
0.200676037522
0.200712434747
0.200735859722
0.200701093904
0.200673407402
0.200662738779
0.200661230574
0.200632060737
0.200634467348
0.200628038486
0.200644652187
0.20063234758
0.200656161115
0.200693810369
0.200671484678
0.200757676862
0.200810396947
0.200804340392
0.200840842355
0.200834391281
0.200788326351
0.200780930654
0.20077910403
0.200805591976
0.200862967304
0.200865579297
0.200887387227
0.20086564578
0.200982670145
0.201023586565
0.201059389036
0.201017206427
0.201051353441
0.201080649817
0.201075147292
0.201077669367
0.201071311792
0.201062883691
0.201084288981
0.201151784839
0.201128254088
0.201198109853
0.201236703156
0.201237195704
0.201269116238
0.201314810642
0.201344608286
0.201332556645
0.20134369738
0.201400011507
0.201448013602
0.201450036493
0.201460281244
0.201490419239
0.201523354628
0.201512094247
0.201564579205
0.20164628207
0.201657318216
0.201644630342
0.201685866496
0.201718134835
0.201749589996
0.201788147879
0.201849085589
0.201823730225
0.201846639299
0.20187409398
0.20192325113
0.201982959991
0.202050477714
0.202069973838
0.202085607667
0.202093687962
0.202096369364
0.202147968892
0.202134870628
0.202132894237
0.202142030629
0.202168184636
0.202260263213
0.202315241251
0.202325722881
0.202299419569
0.202334221025
0.202327759294
0.202325179317
0.202291554118
0.20230572963
0.202343071365
0.202328823055
0.202324832378
0.202359167568
0.202306729223
0.202337238601
0.202331554643
0.202323331356
0.202363898659
0.20235673244
0.202371532644
0.202465536622
0.202431125983
0.202434910365
0.202475091446
0.202479183457
0.202494743105
0.202558085553
0.202555916751
0.20257142653
0.202603371569
0.202586803074
0.202604837037
0.202675380947
0.202672839686
0.20264854886
0.202663370116
0.202661269652
0.202662208825
0.202686329869
0.20269960627
0.202766243269
0.202848037189
0.202894153498
0.202941494834
0.202979178414
0.203003710677
0.203045577112
0.20304454514
0.20300679684
0.203003802275
0.20298454685
0.202990260246
0.202981166827
0.203003654216
0.203020639208
0.20298425088
0.203011406312
0.202956548499
0.202957351421
0.202951112086
0.202948348041
0.20292355998
0.20293031155
0.202967214262
0.20295730776
0.203044563158
0.203020872626
0.203032692986
0.203063275221
0.203040358425
0.203040921137
0.203039167379
0.203100242249
0.203102815304
0.203123334664
0.203101350021
0.203148077877
0.203136225757
0.203121028715
0.203119194803
0.203168063254
0.203188338149
0.2032185186
0.203200957138
0.203183050584
0.203211108132
0.203192417233
0.203203210042
0.203250350454
0.203287990546
0.203355852589
0.203369414783
0.203402143329
0.203384151626
0.203418351518
0.203395908267
0.203389617524
0.203384797065
0.20338122716
0.203352928193
0.203437240631
0.203485410069
0.203512884055
0.203494773113
0.203558537248
0.203597261855
0.203700315131
0.203685263877
0.20368408292
0.203682800241
0.203725531181
0.203735234373
0.203700677315
0.203750778241
0.203805851271
0.203832466673
0.203835185572
0.203871156745
0.203936450761
0.203958270379
0.203982495455
0.20400554763
0.204048489242
0.204089624574
0.204090812095
0.204098398911
0.204114770772
0.204162688524
0.204162332015
0.20415082219
0.204195088034
0.204195635828
0.204223861984
0.204214605778
0.204177154306
0.204166371425
0.204177690524
0.204203658285
0.204208385479
0.204198928287
0.204224783453
0.204212449469
0.204248808455
0.204245612079
0.204304668119
0.204342367774
0.20432827222
0.20432040043
0.204325956428
0.204307697395
0.204271464258
0.204260092331
0.204291003507
0.204282180453
0.204294457476
0.204326743062
0.204320539145
0.204325108629
0.204340400759
0.2043686725
0.204379477548
0.204415192866
0.204407431679
0.204440288037
0.204439170457
0.204430707613
0.204511750096
0.204529256803
0.204594446123
0.204644733414
0.204642505624
0.204690156775
0.2046815325
0.20470014656
0.204698273808
0.204711501585
0.204711759142
0.204727434789
0.204726379911
0.204728372715
0.204802400238
0.204820720335
0.204803628895
0.204828871857
0.204850107439
0.204861647846
0.20484655685
0.204866445078
0.204844800367
0.204924554329
0.204938735075
0.204938431302
0.204959541766
0.204991981263
0.205024781022
0.205033560301
0.205042099205
0.205053522958
0.205105171805
0.20514336767
0.20515436208
0.205172933057
0.205151161466
0.20514445545
0.205121673073
0.205120650885
0.205096342112
0.205113106884
0.205089152049
0.205091222477
0.205077134327
0.205100447128
0.205087892407
0.205104901517
0.205154710132
0.205156021095
0.205226465822
0.205220329262
0.20520702006
0.205182807218
0.205166257849
0.205229796124
0.205224956504
0.205215093689
0.205218195802
0.205193564028
0.205206429044
0.205216588455
0.205239160298
0.205252103786
0.205238653358
0.205261169229
0.205247304349
0.205284496166
0.205279118937
0.205269768097
0.205288909531
0.205296829816
0.205306790807
0.205340556201
0.205369167061
0.205399662723
0.205421297889
0.205439884449
0.20550011643
0.20545802053
0.205439740408
0.205475801084
0.205462627934
0.205469866506
0.205545680962
0.205567434019
0.205540240707
0.205542792202
0.205572320912
0.205589102763
0.205566944444
0.205560109044
0.205541846518
0.205554402162
0.205550684123
0.205578712483
0.205566043766
0.205516444354
0.205516025703
0.205539050464
0.205515808903
0.205503176822
0.205502350674
0.205504710595
0.205471044826
0.205525564176
0.20553499926
0.205557400729
0.205624869544
0.205591378522
0.205625539366
0.205646266415
0.205707347623
0.205681043303
0.205711075037
0.205729128302
0.205740368834
0.20570747868
0.205749055022
0.20574857103
0.205773318356
0.205800012931
0.20581954516
0.205804201622
0.205793335706
0.205795179217
0.205781162874
0.20577367558
0.205831234199
0.205827596781
0.205823913815
0.205883334849
0.205859067288
0.205880089189
0.205898940946
0.205869002225
0.205912995348
0.205894080543
0.205882242887
0.205888705759
0.205916383689
0.205974417555
0.206020394243
0.206018928102
0.206048151214
0.206066061204
0.206118135891
0.206170172431
0.206204706793
0.206203710979
0.206237223364
0.206237368062
0.206206080104
0.206203504419
0.206261705986
0.206250735155
0.20625996628
0.206257939254
0.206269143195
0.206254235262
0.206237875249
0.206235444744
0.206240980346
0.206242307844
0.206226716253
0.20622890626
0.20617045161
0.206192204858
0.206201128462
0.206199428208
0.206177040489
0.20618797564
0.206182285386
0.206186794372
0.206207494005
0.206259758802
0.206293783097
0.206292899351
0.20627289448
0.206271097999
0.206310354027
0.206308123116
0.206345868912
0.206353629527
0.206368341224
0.206423233298
0.206419114733
0.206425906016
0.206471213158
0.206472330957
0.206450413935
0.206448007521
0.206460285601
0.206453095204
0.206468137411
0.206444086919
0.20653091524
0.206572230092
0.206546939719
0.206503982979
0.206516047648
0.206492327793
0.206520823058
0.206565144685
0.206567082903
0.206632211476
0.206631018098
0.206658218211
0.206657230238
0.206641817178
0.206650513612
0.20669044471
0.206686626476
0.206720223831
0.20676611605
0.206775337691
0.206798151955
0.20678576219
0.206797946347
0.206768544809
0.206765645413
0.20679470134
0.206817244334
0.206812781946
0.20682393267
0.206815075538
0.20676686925
0.206771012256
0.20677568964
0.206797019172
0.206814112762
0.206805871091
0.206843363542
0.206847166414
0.206840640757
0.20681485468
0.206818197085
0.206816360787
0.206828379058
0.206843349316
0.20689478388
0.206927553532
0.206937620826
0.206977424316
0.206973221123
0.206987644399
0.20696162367
0.206949592523
0.206926027366
0.206968738528
0.206970399385
0.206980387846
0.207024810159
0.20706933181
0.207069468813
0.207070402645
0.207079776125
0.2070833783
0.207073640379
0.207060949809
0.207069106226
0.207078330611
0.207090003363
0.207107978064
0.207117920834
0.207117218535
0.207083294714
0.207092326365
0.207108842273
0.207130107665
0.207131260122
0.207124657566
0.207169564534
0.207214189482
0.20718236106
0.207186396722
0.207185605745
0.207197751717
0.207209615917
0.207214317357
0.20726686069
0.20726112168
0.207255479088
0.207281124288
0.207298141431
0.207335414508
0.207319130923
0.207356283785
0.207339648595
0.207322680405
0.207338940462
0.207354909697
0.207340454684
0.20733828638
0.207333924992
0.207349435635
0.207363964878
0.207408149873
0.207468800165
0.207488348072
0.207508040642
0.207503618844
0.20747477116
0.207486615871
0.207551447101
0.207527592271
0.207530621367
0.207508681924
0.207528828142
0.207538084291
0.207546559298
0.207535431704
0.207517761233
0.207505894252
0.207527092146
0.20752656035
0.207542623342
0.207548507851
0.207534614649
0.207544813519
0.20750928508
0.207503627408
0.207489708117
0.207566270225
0.207583994194
0.207593493528
0.207606376013
0.207648070865
0.207622215417
0.207637984814
0.207651652624
0.20768841984
0.207706675868
0.207773884782
0.207742051198
0.20775043
0.207779281807
0.207806341794
0.207792840299
0.207759007125
0.207772755858
0.207795611862
0.207826168774
0.207816486753
0.207858510944
0.207860364186
0.20789031587
0.207878657924
0.207889202021
0.207892443692
0.207893077072
0.207945003026
0.207961104392
0.207937140873
0.207934622831
0.207945193687
0.207932137451
0.207952749606
0.207982293346
0.208007677256
0.208035514811
0.20802186579
0.20802084029
0.208006572873
0.208025539962
0.208022932043
0.208048481048
0.208067599989
0.208116392743
0.2081133067
0.208114401133
0.208119699418
0.208113678939
0.208120259539
0.208161390264
0.208185191602
0.208219658528
0.208228266908
0.208223407825
0.208225581884
0.208221761679
0.208213557156
0.208217885525
0.20820467739
0.208189511197
0.208210217959
0.208232171007
0.208272997032
0.208270314001
0.20827876648
0.20826816521
0.208304823352
0.208325769807
0.208313985275
0.208366013338
0.208357146441
0.208378794499
0.208352443754
0.208368013104
0.208375752659
0.208363240381
0.208380878665
0.208384677233
0.208411326137
0.208420560219
0.208418373687
0.208455242253
0.20847907877
0.208496640008
0.208547233265
0.208527414605
0.208521836332
0.208537353578
0.208553194755
0.208584013345
0.208586556059
0.208611322752
0.208596393702
0.208644013531
0.208655180919
0.208666494257
0.208645970385
0.20870024012
0.208755365861
0.208750377006
0.208764924741
0.208808266202
0.208842421461
0.208822432403
0.208797259978
0.208782222726
0.20880602231
0.208802610806
0.208798927433
0.20882010148
0.20883718375
0.208848156701
0.20883519001
0.208839084822
0.208833546594
0.208832648284
0.20881576971
0.208810358312
0.208808184419
0.208829478741
0.208831076533
0.208870570834
0.20888207055
0.208850375198
0.208848655425
0.208875242438
0.208924418294
0.208913024268
0.208922956088
0.208925049849
0.208980725823
0.208995734868
0.2090058918
0.209009862595
0.208986414317
0.208990528618
0.208986096458
0.209013788287
0.208997952752
0.208979799331
0.209045267111
0.209015512988
0.208996653023
0.208986382594
0.208976403571
0.208971818684
0.208986826769
0.208977052456
0.209003128361
0.209007146091
0.209022224836
0.209055668117
0.209069496632
0.209047245693
0.209061355835
0.209114461294
0.209123997738
0.209171122209
0.209163368832
0.209137438493
0.209160900121
0.209193738136
0.209214604727
0.209240436774
0.209239110478
0.209245583902
0.209247268638
0.209260480849
0.209255948728
0.209242572911
0.20923208674
0.2092365906
0.209229179106
0.209267170968
0.209283905814
0.209274045281
0.209256703955
0.20925053293
0.209247885356
0.209275218733
0.209270769515
0.2092882773
0.209262063378
0.209240416743
0.209225380775
0.209204807177
0.209215162552
0.209231451468
0.209236053256
0.209286322608
0.209307025626
0.209309051743
0.209310979362
0.209309394998
0.209309711049
0.20929959121
0.209300087027
0.209301281588
0.209315636831
0.209316663262
0.209306020351
0.209273822739
0.209288378671
0.209259432669
0.20926443251
0.209233650121
0.209251835108
0.209278167927
0.20924330728
0.20924562061
0.209217728744
0.209247142767
0.209225086014
0.20922055903
0.209233098
0.209231185216
0.209247644724
0.209237806338
0.209220814285
0.209192749051
0.209195914125
0.209212871488
0.209237235175
0.209255679236
0.20927331721
0.209281794475
0.209290746263
0.20929395255
0.209311781048
0.209314898229
0.209314500504
0.209315881008
0.20933954954
0.209370451298
0.209359032812
0.209368946438
0.209388567711
0.209408256335
0.209426053545
0.209427037664
0.20943639735
0.209430752912
0.209456028342
0.209478593898
0.209497209925
0.209491846308
0.209510519373
0.20947696888
0.209491621847
0.209496445805
0.209488242673
0.209518267168
0.209556969425
0.209557124242
0.209547524645
0.20956070839
0.209551238237
0.209550641146
0.209551059992
0.209552308977
0.209569821714
0.209599151744
0.209582595239
0.209605498697
0.209615036727
0.209661707166
0.209651162227
0.209647088094
0.209637376892
0.209653569523
0.209669229593
0.209681810269
0.209688237734
0.209662274939
0.20965683417
0.209666639448
0.209653557261
0.209656914952
0.209670546503
0.209662817835
0.209645800626
0.209676545154
0.209688091232
0.20968414571
0.209695851633
0.209722919495
0.209724988985
0.209761021252
0.209775762868
0.209781893569
0.209786043406
0.209755541519
0.209780237818
0.209799781461
0.2098138257
0.209795827596
0.209783238142
0.209783365672
0.209816700012
0.209836886351
0.209843451058
0.209849479204
0.209846577883
0.2098339215
0.209866907208
0.209855500484
0.209865477103
0.209907857749
0.209926382357
0.209913775602
0.209935468055
0.209964944289
0.209942451606
0.209942219232
0.209994051319
0.210008780079
0.209999141955
0.210014625462
0.210021768716
0.210010688699
0.209988645446
0.209990175472
0.209983997963
0.210019392395
0.210025442158
0.210062823354
0.210088385383
0.210128812751
0.210129995167
0.21013907075
0.210119044684
0.210131208067
0.210156508935
0.210156968311
0.210181415253
0.210185048868
0.210176627821
0.210171558144
0.210200407798
0.210189749104
0.210185198792
0.210217560841
0.210210990291
0.210210248745
0.210210586622
0.210182520137
0.210160905111
0.210196277473
0.210186052283
0.210178268054
0.210171730841
0.210188208602
0.210181735946
0.21022887519
0.210230468631
0.210237935063
0.210238282763
0.210235188678
0.210230128733
0.210246872654
0.210239227635
0.210269535574
0.210268114795
0.210308818419
0.210295758916
0.210318927191
0.210319030292
0.210328217203
0.210334202719
0.210322176642
0.210337058759
0.210344436331
0.210311875393
0.210272084952
0.210288852942
0.210310887055
0.210323462229
0.210319980815
0.210333955427
0.210322639839
0.210379423426
0.210348259461
0.210335878466
0.210331156323
0.210363610306
0.210393886314
0.210407750085
0.210418495144
0.210421184262
0.210424630483
0.210412395598
0.210433057678
0.21042547605
0.210436681824
0.210428013348
0.21041746987
0.21045900345
0.210456755322
0.210454118665
0.21045868669
0.210473167636
0.210472553432
0.210439573162
0.210424391973
0.210428978445
0.210452015035
0.210450087321
0.210467241971
0.210455400169
0.210455045655
0.210454334095
0.21046531453
0.210474717336
0.210494952516
0.210470361884
0.210463638688
0.210479000157
0.210479034364
0.21048270759
0.210491815045
0.210500940482
0.210503960899
0.210510488007
0.210498978488
0.210490470956
0.210476556003
0.210465567617
0.210457225762
0.210454311186
0.210463256556
0.210464249522
0.210467436332
0.210478209407
0.210500072969
0.210506395834
0.210510262705
0.210509110628
0.210513939144
0.210524066014
0.210520551691
0.210515033637
0.210536742445
0.210545571695
0.210558337374
0.210575829434
0.210575129178
0.210591878918
0.210585185566
0.210605607632
0.210608765242
0.210607011331
0.210644379902
0.210679442029
0.210672649943
0.210689958981
0.210681196252
0.210675955587
0.210663215183
0.21068089725
0.210676830622
0.210740142867
0.210733252589
0.210736659878
0.210736602832
0.210741739534
0.210742336664
0.210714815678
0.210733498979
0.210752245668
0.210748438503
0.210764488559
0.210764572572
0.210768052767
0.21077301486
0.210779444252
0.210778812341
0.210798591404
0.210801993608
0.210837312008
0.210832226203
0.210818016014
0.21081003242
0.210802511206
0.210798135382
0.210812334028
0.210817261713
0.21082892349
0.210796220681
0.210818194669
0.210819025607
0.210841584178
0.210848158035
0.21083788212
0.210846703421
0.210844700168
0.210854617528
0.210850534407
0.210867102719
0.210854281127
0.210830564921
0.210833177942
0.210870293008
0.210889896176
0.210907620615
0.210894597766
0.210906923458
0.210908073231
0.210929963192
0.210921404887
0.210916007012
0.210919669766
0.210911444005
0.210960363495
0.210982582746
0.21097594027
