0.0140018022637
0.0138110173183
0.0127694400867
0.0134798916044
0.0147444998618
0.0157289877676
0.0152851615903
0.0151278646472
0.0153465282426
0.0153667843597
0.0153522898073
0.0156014248259
0.0153538029294
0.0155866784003
0.0159095743554
0.0159492150322
0.01580757131
0.0157578578089
0.015947891325
0.0160640417241
0.016103586801
0.0160772667256
0.016096603041
0.0162267281941
0.0164976511669
0.0164288195385
0.0165088610993
0.0165743798869
0.0167529921814
0.0167695975624
0.0168185322713
0.0169241930979
0.0168764613992
0.0169811411269
0.0171988328208
0.0171822169145
0.0173413101932
0.0173483717515
0.0173344838686
0.0172324514852
0.0173630315405
0.0172595268309
0.0173954474439
0.0173781710276
0.017322215896
0.0172890261355
0.017300056397
0.0173350434584
0.0172391088513
0.0172602242926
0.0173053769288
0.0173438025734
0.0173516218362
0.0172612274675
0.017192722763
0.0171849338999
0.017237359183
0.0172001549042
0.017207670158
0.0171940688972
0.017318907709
0.0173117805111
0.0173412603188
0.0173772410301
0.0173165930004
0.0172818267484
0.0172779044377
0.0172341989967
0.0172992627915
0.0173052355925
0.017333504237
0.0173357277785
0.0173214700758
0.0173557895934
0.0173994502439
0.0174093138325
0.017415304544
0.0173611782794
0.0174273267641
0.0174119881104
0.0174214517611
0.0174606876047
0.0174822683392
0.0174986471945
0.01755784273
0.0176065814179
0.0175824712349
0.0176030300428
0.0176159627611
0.0176594073832
0.0176833705725
0.0177410357489
0.0178240788473
0.0178773453026
0.0178698973945
0.017882824826
0.0179182863491
0.0179598023363
0.0180284302236
0.0180591382979
0.0180772192477
0.0181056870333
0.018151095224
0.0182529580922
0.0182508047249
0.0182586785558
0.0182875176732
0.0183384348392
0.0183359340049
0.0183746111182
0.0184090280725
0.0184263011358
0.0185229852746
0.0185210374097
0.018583266767
0.0186450961621
0.01862931987
0.0186045048695
0.0186440041479
0.0186653833539
0.0187861876442
0.0188183540755
0.0188256727907
0.0189185606654
0.0189656367671
0.0190255248482
0.0190028815952
0.0190543839563
0.0191109343828
0.0191087741031
0.0191367943683
0.0191250560307
0.0191551844021
0.0192226173397
0.0193109486158
0.0193378519896
0.0193710688769
0.0193910842752
0.0193965628989
0.0194704837677
0.0194900087489
0.0195610670667
0.0195757535677
0.0196424938738
0.0196487081473
0.0196623444679
0.0196474171975
0.0196687426879
0.0197052918918
0.0197620116932
0.0197596646673
0.0197774772244
0.0198130398922
0.0198622904384
0.0199431674766
0.0200140367056
0.0200841649822
0.0201121511324
0.020159284079
0.0201922910792
0.0202265378432
0.0202643694977
0.0202871153076
0.0203165835777
0.0203730988252
0.0204199985456
0.0204566638294
0.0204676887905
0.0204942053834
0.0205356669336
0.0206069553956
0.0206498307523
0.0206626426952
0.0207009079915
0.0207310326323
0.0207820512081
0.0208269298284
0.0208455868958
0.020883901911
0.0208768749622
0.0208820838793
0.0209037100541
0.02093206852
0.0209796832942
0.0210513679749
0.0210934533957
0.0211322367585
0.0211755197008
0.0211996669606
0.0212473573647
0.0212570941463
0.0212695943289
0.0212861200552
0.0213354787632
0.0213591643091
0.0214130742132
0.0214408318324
0.0214886536609
0.0215222028861
0.0215987740888
0.0216496626637
0.0216790942159
0.0216948585607
0.0217591230775
0.0218289342892
0.0218395084611
0.0218738560065
0.0218934096471
0.0219072546441
0.0219670571938
0.0220279157589
0.022076891987
0.0220833171982
0.0221047393015
0.0221515570732
0.0221995076215
0.0222405508753
0.0222754555639
0.0222934517199
0.0223303810642
0.0223676491369
0.0224257489879
0.0224717434296
0.0225231396463
0.0225908893117
0.0226251339138
0.0226670049817
0.0227185622811
0.0227431856729
0.0227952132932
0.0228339544426
0.0228499123603
0.0229092252712
0.0229446266814
0.0229940029714
0.0230441401002
0.0230808850478
0.0231102425718
0.0231356097318
0.0231889817626
0.0232185512233
0.0232422017298
0.023270071641
0.0233341347041
0.0233763603797
0.0234070891042
0.0234780340716
0.0235389450767
0.0235715756496
0.023612416288
0.0236427780658
0.0236717121704
0.023720679399
0.0237499216653
0.0238081997341
0.0238599707711
0.0239062945118
0.0239280646275
0.0239523900814
0.0240263673858
0.0240677487237
0.0241027195176
0.0241715321733
0.0242287419422
0.0242561804319
0.0242957640971
0.024328065644
0.0243849873114
0.0244355892523
0.0244941646352
0.0245481218735
0.0245889993905
0.0246530587109
0.0246736095117
0.024773998267
0.0248027259936
0.0248721983912
0.024898569714
0.0249338234372
0.0249816291065
0.0250160547676
0.0250665188682
0.0251331483034
0.0252143777821
0.0252633242343
0.0253298609468
0.0253839777044
0.0254092211365
0.0254589723103
0.0254853696162
0.0255330724702
0.0255727752494
0.0256001813379
0.0256341830609
0.0256969561978
0.0257570392543
0.0257872260583
0.0258406915562
0.0258825587468
0.0259108628497
0.0259288279173
0.0259517099217
0.0259833888676
0.0260189666926
0.026082618391
0.0261271321461
0.0261869835046
0.0262307300916
0.0262811100849
0.0263102117034
0.0263511088008
0.0263734562525
0.0264368704012
0.0264969809345
0.0265426996094
0.02657046512
0.0266112765473
0.0266867264643
0.0267274166358
0.0267671691254
0.0268204792107
0.0268579412074
0.0269081082007
0.0269536812463
0.0269841285057
0.0270372236382
0.0270756653871
0.0270945322437
0.0271528157879
0.0272031134144
0.0272717534017
0.0273132930286
0.0273531547459
0.0273939505119
0.0274268742142
0.0274848891078
0.0275418845255
0.0276096155982
0.0276339009892
0.0277148958066
0.0277715754398
0.027823925851
0.0278593033001
0.0279232309103
0.0279678422678
0.0280032313454
0.0280350170819
0.0280745376366
0.0281272081205
0.0281502428676
0.0281908674773
0.0282621635073
0.0283017343785
0.0283468117442
0.0283944052159
0.0284334791869
0.0284865729149
0.028533328963
0.0285759193264
0.0286235290533
0.0286791187888
0.0287177674019
0.0287780253637
0.0288206730656
0.0288762667949
0.0289360449613
0.0290014545468
0.029055726408
0.0291006001126
0.0291805033369
0.0292255438678
0.029297461926
0.029351801352
0.0293950534245
0.0294440986566
0.0295054196692
0.0295581431038
0.0296132131108
0.0296754615522
0.029715243027
0.029753995687
0.0297924197803
0.0298510123324
0.0299005868093
0.029940461193
0.0300157170068
0.0300972039003
0.0301473067002
0.0301851509915
0.0302199895792
0.0302705519476
0.0303471682293
0.030399477366
0.0304747072681
0.0305424397056
0.0305990726925
0.0306497177975
0.0307001551311
0.0307432041933
0.0307983326486
0.0308559211832
0.0309144432505
0.0309840410448
0.0310469435586
0.0310990070759
0.0311429172364
0.0311892464909
0.0312436440633
0.0312806810863
0.03132949065
0.0313836450107
0.031434035924
0.0315065315572
0.0315433644606
0.0316158129579
0.0316741343589
0.0317270317939
0.0318018204648
0.0318549545196
0.031892208024
0.0319478802439
0.0320003476734
0.0320646705337
0.0321118932935
0.0321701691146
0.0322175290211
0.0322700032405
0.0323215197497
0.0323716545559
0.0324338673249
0.0324811815604
0.0325263880738
0.0325889146921
0.0326443865435
0.0327107684316
0.0327783343073
0.0328328721921
0.032910159446
0.0329408317982
0.0329979244914
0.0330521843412
0.0331060756844
0.0331738318477
0.0332253115524
0.0332762070667
0.0333259920955
0.033376227204
0.0334112721755
0.0334913274148
0.0335479376772
0.033606131465
0.0336598669089
0.0337051799406
0.0337672216185
0.0338099753587
0.0338715001291
0.0339407133818
0.0340179743263
0.0340695082378
0.0341043227642
0.0341596086118
0.034192867886
0.0342338401761
0.0342870465894
0.0343501634498
0.0344259878668
0.034487535087
0.0345321552581
0.0345879227454
0.0346555166878
0.0347194016471
0.0347865029731
0.034863957227
0.0349259200425
0.0349778148442
0.0350486073128
0.0351001073388
0.0351624822218
0.0352244424676
0.0352785341552
0.0353350237589
0.0353953529165
0.0354480801635
0.0355190217769
0.0355812464384
0.0356331086041
0.0356873546705
0.0357472658763
0.0358183870602
0.035882412892
0.0359275232612
0.0359971672146
0.0360424252937
0.0360938575714
0.036161469852
0.0362133856673
0.0362764487901
0.0363574607988
0.0364322229118
0.0364934726155
0.0365422420621
0.0365995847031
0.036673177747
0.036735699211
0.0368026063473
0.0368604305491
0.0369190041965
0.0370000314316
0.037062781341
0.0371116667406
0.0371656528904
0.0372480757543
0.0373183777996
0.0373742255323
0.037428498163
0.0374947333009
0.0375487661758
0.0376008089387
0.0376386801366
0.0376912319075
0.0377676565306
0.0378318651312
0.0379053245586
0.0379580025157
0.038024849381
0.0380854478587
0.0381416757164
0.0382177034279
0.038286615558
0.0383538867423
0.0384180240512
0.0384931664893
0.038551079376
0.0386115440967
0.0386903387204
0.0387500516404
0.0388052206656
0.0388703682351
0.0389395829511
0.0390053791405
0.0390777709046
0.0391329429043
0.0392102412838
0.0392810067999
0.0393778632825
0.0394483698201
0.0395180501573
0.0395864670273
0.0396475199104
0.039696622544
0.0397562515798
0.0398100935887
0.0398697700561
0.0399270804562
0.0400002187812
0.0400602130419
0.0401219906502
0.0401803525424
0.040250233026
0.0403335678851
0.0403968845271
0.040461829715
0.040520978343
0.0405841507404
0.0406551549021
0.040735317234
0.0408206119011
0.0408883937171
0.0409470100642
0.0410091635779
0.0410797604279
0.0411477905381
0.041226886816
0.041296525403
0.0413466633388
0.0414065678506
0.0414576743874
0.041538406503
0.041623206157
0.0417015202401
0.0417541023149
0.0418191802074
0.0418759714093
0.0419495632556
0.0420181603753
0.0420797584803
0.042140881255
0.0422057432923
0.0422812248582
0.0423501664116
0.0424216731359
0.0424760684135
0.0425289293521
0.042607776297
0.0426668760225
0.0427503179433
0.0428167042188
0.0428892873495
0.0429491438448
0.043021139327
0.0430936789077
0.0431696181037
0.0432281491785
0.0432931562216
0.0433644801087
0.043439535922
0.0435177901097
0.0435820025614
0.0436533849568
0.0437148187666
0.043795349132
0.0438800983974
0.0439528084962
0.0440378519726
0.0441064060715
0.044187046996
0.0442552437578
0.0443208781954
0.0443937773117
0.0444569742404
0.0445212544916
0.0446034862753
0.0446729393466
0.0447304049466
0.0447994790043
0.0448669629537
0.0449474199578
0.0450037688413
0.0450684524804
0.0451392425554
0.0452186201426
0.0452912402189
0.0453588942075
0.0454265106047
0.0454907797659
0.0455511883453
0.0456288848144
0.0456954225142
0.0457601640299
0.0458209031683
0.0458884160669
0.0459598135224
0.0460357571756
0.0461072930751
0.0461973049847
0.0462712073993
0.0463393899706
0.0464113605265
0.046478552406
0.0465618363983
0.0466355337136
0.0467142034415
0.0467943493651
0.0468702278242
0.0469514495313
0.0470246071767
0.0470938933742
0.0471594225584
0.0472418928359
0.0473171601859
0.0473924729935
0.047460670919
0.0475290875592
0.0475888366891
0.0476612419093
0.0477356912884
0.0478114174561
0.0478771540018
0.0479478502474
0.0480154720908
0.0480937969357
0.0481764445789
0.0482517799694
0.0483318112916
0.0484014577587
0.0484761823422
0.0485558473837
0.0486414972159
0.0487073536829
0.0487886860114
0.0488641198718
0.0489368163621
0.0490059030586
0.0490813172143
0.0491377676086
0.0492114679825
0.0492831852958
0.049360664658
0.0494336129545
0.0495204134963
0.0496005631629
0.0496920814314
0.0497634344042
0.0498397113151
0.0499119245285
0.0499804791598
0.0500396790823
0.0501273183848
0.0501897591641
0.0502576753786
0.0503333901031
0.0504101785747
0.0504835718596
0.0505760657133
0.0506447683133
0.0507154619206
0.0507967368391
0.0508635822008
0.0509439343421
0.0510284704256
0.0511005725886
0.0511627422868
0.0512358546487
0.0513135215166
0.0513913053469
0.0514558746993
0.0515276206565
0.0516217310087
0.0517067003325
0.0517760709893
0.0518625868254
0.0519351173353
0.0520254148355
0.052111037073
0.0521892741222
0.0522566498226
0.0523408451829
0.052431290063
0.0525003486092
0.052592449404
0.052664536648
0.0527396571044
0.0528228002344
0.0529134660455
0.0529946853492
0.053070875954
0.0531469084765
0.0532196722349
0.0532965451809
0.0533776288178
0.053452549392
0.0535375034701
0.0536194618593
0.0537045135692
0.0537951629283
0.0538624694976
0.0539537928202
0.0540294438888
0.0541069398518
0.0542055211963
0.0542720557442
0.0543608675234
0.0544245488753
0.0545026752402
0.0545880540572
0.054671083866
0.0547575376457
0.0548439955217
0.0549277969976
0.0550175458163
0.0550950763096
0.0551943747352
0.0552928474656
0.0553671712151
0.0554472152184
0.0555267048304
0.0556147907843
0.0556824938722
0.0557562083303
0.0558410042576
0.0559330096114
0.0560312708296
0.056116118844
0.0561840484828
0.0562726263065
0.0563680303233
0.0564478682069
0.0565371486056
0.0566294530896
0.0567175456626
0.056798269593
0.0568767742051
0.0569642146436
0.0570479998317
0.0571380533815
0.0572232823061
0.0573101697703
0.0574001685381
0.057489142206
0.0575788055133
0.05765310577
0.0577407686313
0.0578399855249
0.0579248826138
0.0580111039051
0.0581069157464
0.0581988816895
0.0582823880843
0.058374200247
0.0584622022614
0.0585565625384
0.0586398222651
0.0587349990386
0.0588271319703
0.0589351741534
0.0590239689591
0.0591189391142
0.0592009158569
0.0593010316195
0.0593902777575
0.0594785842645
0.0595615030081
0.0596577456347
0.0597495741833
0.0598337321426
0.0599182086507
0.0600216379336
0.0601042443788
0.0601972190815
0.0602853195459
0.0603832141128
0.0604738604857
0.0605533425935
0.0606464691795
0.060739859262
0.0608264104328
0.0609182380823
0.0610099812772
0.0610918565659
0.0611847500678
0.0612821698271
0.0613726664042
0.061469239037
0.0615701722481
0.0616605635001
0.0617547709491
0.0618430877585
0.061925912432
0.0620237647052
0.0621149138005
0.0622096765455
0.0623100400327
0.0624027122342
0.0624818556785
0.062582001312
0.0626744737783
0.0627664935032
0.0628634123028
0.0629694673588
0.0630773700723
0.0631694098114
0.0632681396725
0.0633671791873
0.0634712386928
0.0635739820583
0.0636683849392
0.0637496498517
0.0638348452595
0.0639282595906
0.0640355692754
0.0641405751926
0.0642307012541
0.0643279779011
0.0644229685527
0.064528500467
0.0646378343609
0.064739020786
0.0648269545049
0.0649276664883
0.0650273623767
0.0651217708655
0.0652183138942
0.0653153719303
0.0654183291103
0.0655150515978
0.0656068019684
0.0657087531913
0.0658140723925
0.065909543486
0.0659967891724
0.0660877725517
0.0661953209409
0.0663065150785
0.0664084559457
0.0665071319917
0.0665990516944
0.0666917795469
0.066797010223
0.0668804359303
0.0669866840992
0.067094064498
0.0671843074144
0.067294131273
0.0673933341209
0.0674932957525
0.0676031946125
0.0676977405927
0.067797313337
0.0678956527274
0.0679924461142
0.0681016450036
0.0681964763787
0.0682974211684
0.0684026054307
0.0684824102222
0.0685930801294
0.0686934445883
0.0687875964641
0.0688860117772
0.0689868269305
0.0690946751828
0.0692022227468
0.0692949613267
0.0693863785619
0.0694987442761
0.0696093557324
0.0697166658965
0.0698246144747
0.0699277919447
0.0700417932043
0.0701404735214
0.0702384057538
0.0703460543201
0.0704358888431
0.0705390114647
0.070647770342
0.0707482866085
0.0708587637754
0.0709672087702
0.0710690937653
0.0711715724988
0.0712807864044
0.0713889866855
0.0714931963735
0.0715991144916
0.0717027676939
0.0718040507377
0.0719034762465
0.0720264156789
0.0721352323982
0.0722362299131
0.0723422073207
0.0724547262544
0.0725452251437
0.0726463482334
0.0727586925996
0.0728770533326
0.0729822436761
0.0730990208498
0.0732037556843
0.0733175077013
0.0734297227116
0.0735488029951
0.0736423513656
0.0737517645493
0.0738533088594
0.0739577949774
0.0740597485182
0.074177506085
0.0742907288022
0.0743926293992
0.0745009593591
0.0745983485046
0.0747075602302
0.0748111859735
0.0749406698754
0.0750507758371
0.0751658915972
0.0752767245096
0.0753800402852
0.075495213718
0.0755935249593
0.0757014154243
0.0758075970891
0.0759249869106
0.0760328658392
0.0761551916691
0.0762583486567
0.0763635702571
0.0764710672502
0.0765708164782
0.076679353255
0.0767975973412
0.0769251395485
0.0770376724832
0.0771511242181
0.077264593201
0.0773713491945
0.0774709079009
0.0775789226224
0.0776968217667
0.0778167082075
0.077930804033
0.0780530634486
0.0781677426309
0.0782842387279
0.0784021529686
0.0785190870853
0.0786385963257
0.0787453293372
0.0788474913041
0.0789550192379
0.0790599458738
0.0791688337749
0.0792842693202
0.0794047356122
0.0795117729685
0.0796140292173
0.0797283126542
0.0798480097648
0.0799589017231
0.0800782407558
0.080189524403
0.0802956726784
0.0804179692178
0.0805246656169
0.0806441267525
0.0807622218093
0.0808948775391
0.0810099445668
0.0811369956374
0.0812492378903
0.0813607379473
0.0814698334637
0.0815774265753
0.0816928871871
0.0818261176992
0.0819468145461
0.0820542177512
0.0821606276935
0.0822668819391
0.0823773309044
0.0824939771704
0.0826137171702
0.0827225542221
0.0828402600505
0.0829529856314
0.0830762616065
0.0831929585487
0.083294983164
0.0834193049597
0.0835335079811
0.0836534304198
0.0837684287741
0.0838691852148
0.0839780365926
0.084105400121
0.0842145111433
0.0843355564
0.0844420659218
0.0845628731342
0.0846788727081
0.0847909853007
0.0849027271249
0.085010101962
0.0851327042288
0.08525500719
0.0853693602567
0.0854928611528
0.0856234561753
0.085742059649
0.0858523351656
0.0859769422059
0.0860999172923
0.0862152226822
0.086340696066
0.0864500371834
0.0865820625282
0.0866904083421
0.0868074921033
0.0869211903286
0.0870332970433
0.0871403944844
0.0872592893065
0.087374687837
0.0874888408383
0.0875990375022
0.0877180934342
0.0878289039785
0.0879344566162
0.0880501890189
0.0881689119479
0.0882952609949
0.0884027108989
0.0885229094241
0.0886393589853
0.088751529161
0.0888747598554
0.0889947678405
0.0891173715831
0.0892240518531
0.0893321205134
0.0894409939583
0.0895479682216
0.0896628025699
0.0897786205914
0.0898955146094
0.0900106453677
0.0901295292623
0.090247075033
0.0903645023418
0.0904907870058
0.0906139304772
0.0907236485151
0.0908463802763
0.0909750859575
0.0911039338618
0.0912263972328
0.0913327901698
0.0914509971046
0.0915797106224
0.0916867911504
0.0918128064071
0.0919331788236
0.0920590742322
0.0921693872518
0.0922976746383
0.0924281391529
0.0925551030157
0.0926774233169
0.0928034442978
0.0929221860367
0.0930380002351
0.0931661723305
0.0932885482658
0.0934117363096
0.0935329842171
0.0936510577371
0.0937745475275
0.0938975497282
0.0940197494306
0.0941380635803
0.0942589055069
0.0943794008765
0.0944959278004
0.094622046005
0.0947433013126
0.0948658098409
0.0949948003031
0.0951144594942
0.095243298664
0.0953647777186
0.0954935430278
0.0956192493718
0.0957381258645
0.0958612088248
0.0959732604021
0.0960920579595
0.096221463011
0.0963437776452
0.0964675122027
0.0965935912335
0.0967164875778
0.0968338815264
0.0969576247809
0.0970898045302
0.0972136050657
0.0973346328598
0.0974508611254
0.0975729174584
0.0976949889141
0.0978118557546
0.0979403603126
0.0980657942893
0.0981836201053
0.0983090946713
0.0984373723379
0.0985498455252
0.0986715601357
0.0988011434384
0.0989084364331
0.0990334354038
0.0991620118222
0.0992800686759
0.0994050230128
0.0995316541364
0.0996514991873
0.099775228979
0.0998952887982
0.100021655571
0.100139737104
0.100270174587
0.100393516778
0.10051697579
0.100635909892
0.100757153418
0.100883164682
0.101007380423
0.101125565589
0.101245528377
0.101371404487
0.101484855478
0.101606238319
0.10172770377
0.101846781432
0.101973241374
0.102096950497
0.102215694644
0.102340510119
0.102468302441
0.102580929515
0.10269695438
0.102820016456
0.102938842071
0.103057627221
0.103187683777
0.10331705594
0.10343848423
0.103555854356
0.103679141846
0.103806135372
0.10393702424
0.104050309564
0.104179798992
0.10430120753
0.104420161365
0.104541407121
0.104660394721
0.104778451376
0.104906357432
0.105020939376
0.105145466693
0.10527431864
0.105399622004
0.105522068659
0.10564100031
0.10575571788
0.105880036448
0.106004199734
0.106130342125
0.106253652277
0.106369496486
0.106488849796
0.106608022513
0.106731435302
0.106856183268
0.106978966671
0.107099626152
0.107221963141
0.107337524992
0.107458473346
0.107587855057
0.107712460774
0.107832464572
0.107960669613
0.10808872239
0.108213487681
0.108344352826
0.108464039501
0.108590983623
0.108716162749
0.108839920447
0.108965711838
0.109077964905
0.109210513902
0.109339851158
0.109463310779
0.109583593246
0.109714962099
0.109843344107
0.109965603278
0.110087540941
0.110201410306
0.110321699308
0.110435195826
0.11055337345
0.110680535581
0.11080815904
0.110934479553
0.111044761834
0.111170791504
0.111285396428
0.111413918131
0.11153735812
0.11166184692
0.111784795879
0.111904997379
0.112023548233
0.112145228987
0.11227109042
0.112390081543
0.112518671374
0.112635576523
0.112764841722
0.112890984197
0.113011109802
0.113135895198
0.11325959821
0.113399659567
0.11352032824
0.113646399071
0.113772319511
0.113897400555
0.114021656588
0.114134360249
0.114254239312
0.114381378152
0.114501824829
0.114637285553
0.114772388801
0.114891253083
0.115018468113
0.11514657977
0.115280171984
0.115408662406
0.115538001252
0.115667079422
0.115795326159
0.115920071935
0.11604318757
0.116160058752
0.116278753349
0.116399973653
0.116523089735
0.116661074123
0.116793599447
0.116924230707
0.117045360632
0.117169863017
0.117295776097
0.117420062704
0.117552714323
0.117685855417
0.117812186562
0.117934722077
0.118061429305
0.118193677618
0.118323096992
0.118445381795
0.118569574791
0.118697973185
0.118818008851
0.118937164576
0.11906153503
0.119188091548
0.119307200787
0.119435068721
0.119566580527
0.119684023577
0.119821294988
0.119944587826
0.120056140422
0.120179063455
0.120307090961
0.120441642886
0.120578075022
0.12070768617
0.120833661787
0.120954923343
0.12107746575
0.121209548762
0.121342162448
0.121470592783
0.12160085841
0.121733031927
0.121863664353
0.121987133012
0.122111578225
0.122230584819
0.122359143625
0.122489212402
0.122624200234
0.122752830949
0.122877408011
0.123010879877
0.123142267782
0.123261946346
0.123388450637
0.123510440186
0.123629646115
0.123764893727
0.123888240848
0.124021524978
0.124150316947
0.124281751597
0.124409049889
0.124533067324
0.124653781547
0.124775122369
0.124900152492
0.125026111623
0.125155250121
0.125282419799
0.125404538593
0.125531519864
0.125654058568
0.125776595686
0.125908752082
0.126041733534
0.126154795243
0.12628433563
0.126412164438
0.126536453159
0.126659174819
0.126789141131
0.126920758263
0.127049797699
0.127180292994
0.127301453036
0.127426987671
0.127553392208
0.127677958476
0.127800277154
0.1279169616
0.128043383461
0.128169092104
0.128298735199
0.128423241772
0.128547345076
0.128671026305
0.12879537817
0.128928703999
0.129051904155
0.129183056427
0.129314552307
0.12943403245
0.129563311615
0.129697977819
0.129826358636
0.129943560794
0.130065078274
0.130185232757
0.130308914983
0.130432791034
0.130562305128
0.130698462011
0.130829316121
0.130957147944
0.131082313332
0.131210729201
0.131342520243
0.131471442711
0.131593217494
0.131710664316
0.131839788617
0.131971296293
0.132090489787
0.132213259613
0.132337088091
0.132457582226
0.132591696966
0.132717433656
0.132853003184
0.132977598363
0.133101525783
0.133224426292
0.133353033275
0.133482589843
0.133611543066
0.133737392139
0.133859061886
0.133992688095
0.134114914221
0.134242955791
0.134370053362
0.134492913107
0.134616326798
0.134738622806
0.134864083111
0.134995289285
0.135123898519
0.135249562607
0.135380816192
0.135501084609
0.135628356312
0.135757856832
0.135885129266
0.136008125894
0.136128905499
0.136252065154
0.136377789618
0.136505953638
0.136636969973
0.136758384486
0.136869561048
0.136994445655
0.137117449471
0.137240181418
0.137372813217
0.137501056446
0.137630511771
0.137751203848
0.137886085196
0.138009197758
0.138136415399
0.13826227369
0.138383016296
0.13851667852
0.138638610439
0.138766811447
0.138895806381
0.139012613468
0.139141099418
0.13926636637
0.139383239091
0.139514083959
0.139641550032
0.139770058854
0.139894331623
0.140017427074
0.140133521053
0.140257392666
0.140387321225
0.140510063299
0.140627631441
0.140749297458
0.140874559284
0.140998338217
0.141126777946
0.141248557409
0.1413757373
0.141496503903
0.141623383635
0.14175194113
0.141878164907
0.142004663828
0.142125561984
0.142243533654
0.142372108403
0.142503644383
0.14263087407
0.142752525538
0.142880809524
0.143014346079
0.143133946547
0.143266373733
0.143390926442
0.143515878191
0.1436360642
0.143754070787
0.14388526786
0.144006186782
0.144134273052
0.144262548381
0.144388557476
0.144512297232
0.144632777124
0.144753462524
0.144881269667
0.14499956374
0.145129223089
0.145257826728
0.145385908927
0.145503413596
0.145631568757
0.145752062956
0.14587505818
0.14599396227
0.146117590933
0.146238797455
0.146363788581
0.14649051818
0.146621351318
0.146750264426
0.146875232855
0.147003238187
0.147128622874
0.147256960525
0.147386596085
0.147509835476
0.147633654428
0.147764037964
0.147884843591
0.148004353441
0.14812539265
0.148251515128
0.148373311258
0.148494794342
0.148620020097
0.148740742608
0.148857410477
0.148988990129
0.149117019087
0.149249824897
0.149368627355
0.149490939877
0.149606226801
0.149730581547
0.149859758362
0.149985100311
0.150105645761
0.150233185746
0.150349424582
0.150469349989
0.150595713266
0.150719398625
0.150839335953
0.150962326061
0.151084633921
0.151208256155
0.151328695845
0.151450754455
0.151574963964
0.151700643902
0.151829747735
0.151954680949
0.152076056381
0.152200894239
0.152317933433
0.152449152238
0.152574715044
0.152695931487
0.152816227126
0.152938673458
0.153064493429
0.153182885719
0.153307480841
0.153439709286
0.153562445788
0.153682762422
0.153810095956
0.153934638454
0.154063744545
0.154185217776
0.154312557192
0.154436623317
0.154556361832
0.154684307261
0.154806593315
0.154933659845
0.155062244996
0.155183189948
0.155306979495
0.1554290066
0.155550682407
0.155680232273
0.155806369795
0.15593434994
0.156057821177
0.156183743996
0.156308932862
0.156432856562
0.156557831602
0.156681422198
0.156800861731
0.156928527775
0.157057995051
0.157176380417
0.157306468257
0.157431393661
0.157558300107
0.157684172656
0.157810732348
0.157931869814
0.158052122108
0.158175097191
0.158305546406
0.158435150302
0.158552698634
0.158681702791
0.15880021961
0.158930799587
0.159057397454
0.159185094881
0.159320526763
0.159444167468
0.159570912031
0.159696213227
0.159815798767
0.159939143132
0.160060377378
0.160181033381
0.160305354829
0.160423735516
0.160545249957
0.160667652978
0.16078991309
0.160919238966
0.161039016895
0.161168708982
0.161295543649
0.161414527248
0.161537844061
0.161655142044
0.161778117722
0.161900863019
0.162022694072
0.162142952733
0.162262856668
0.16239320129
0.162524304144
0.162652937904
0.162777029002
0.162904476349
0.16303385076
0.163149531483
0.163267598317
0.163392025427
0.163516718224
0.163634531194
0.163755241288
0.163873350372
0.164000120873
0.164126150934
0.1642444397
0.164366269516
0.164488440444
0.164615476017
0.164743658623
0.164862966276
0.16498770957
0.165110472773
0.165236386284
0.165357634632
0.165479463253
0.165604050696
0.165724749252
0.165855948585
0.165981364142
0.166103764482
0.166222746728
0.16634888008
0.166473015135
0.166594342158
0.166714717913
0.166839871807
0.166961129579
0.167078675191
0.167202654873
0.167321443446
0.167439314899
0.167559207061
0.167679856376
0.167796017466
0.167914983642
0.168040200734
0.168159043139
0.168279324428
0.168406038088
0.16853271178
0.168650300129
0.168769577384
0.168889517879
0.169003819365
0.169129556199
0.169254097482
0.169385106215
0.169512964223
0.169634059183
0.169756422873
0.16988316132
0.170006272803
0.170128732051
0.170252380554
0.170379084513
0.170497954845
0.170620734724
0.170746097045
0.17086530531
0.170988993788
0.171104633214
0.171229862795
0.171347109816
0.17146779431
0.171588394572
0.171708116681
0.171827262969
0.171946313997
0.172061533373
0.17218280964
0.172312908631
0.172434899568
0.172556758676
0.172679804255
0.172806399838
0.1729294549
0.173049888192
0.173172507331
0.17329786003
0.173421270246
0.173547463438
0.1736717943
0.173793325972
0.173914363226
0.1740357706
0.174159105908
0.174279074586
0.174397248304
0.174519392367
0.174644520363
0.174761863258
0.174886306159
0.175010899353
0.175132160649
0.175250217583
0.175375322682
0.175489479098
0.175609197516
0.175730860788
0.175850958994
0.175973098435
0.176093463306
0.176217220223
0.176338681203
0.176463343679
0.176581053666
0.176704202974
0.176830679395
0.176949941959
0.1770756185
0.177197332302
0.177321017595
0.177447148211
0.177568930181
0.177687909235
0.177807686614
0.177929822303
0.178051867474
0.178170996265
0.178289789634
0.178409000044
0.178533465642
0.178662181578
0.178782249734
0.178893683629
0.179014124761
0.179131766512
0.179251176195
0.179375895531
0.179494338137
0.179616422298
0.179742538244
0.179862796434
0.179984950106
0.180107536852
0.180228981526
0.180347559939
0.180466935594
0.180585166035
0.180705745038
0.180826070561
0.180944418317
0.181066990721
0.18118585537
0.181306128316
0.181425073148
0.181550315007
0.181665120187
0.181788555383
0.181915672909
0.182037730519
0.182151645624
0.182269168971
0.182395699814
0.182513717234
0.182633572959
0.182753670843
0.182874576964
0.182999222478
0.183121212903
0.183249522336
0.18336665442
0.183482383695
0.183607426152
0.183728280217
0.183850920233
0.18397562161
0.184096517918
0.18421419751
0.184334226745
0.184459205586
0.184583189661
0.184702969412
0.184822232322
0.184938789801
0.185056915934
0.185174113479
0.185285720609
0.185406782398
0.185523080103
0.185640313441
0.185760581264
0.185884680569
0.186002889135
0.186121844723
0.186235311727
0.186358883137
0.186476071568
0.186595725444
0.18671721003
0.186839185602
0.186958082428
0.187081322842
0.187196011324
0.187313860991
0.187431923233
0.187551426536
0.187672048086
0.187790243339
0.187906630983
0.188023248227
0.188143901794
0.188260377828
0.188379136684
0.188501008189
0.188620517649
0.188738518377
0.188863192489
0.188979209662
0.189093895489
0.18921061859
0.189333048208
0.189448356455
0.189566798783
0.189694898254
0.189815355862
0.189932411997
0.190059594075
0.190177969241
0.190300047788
0.190420416298
0.190537715721
0.190655431218
0.19077233438
0.190890887747
0.19100537191
0.191118758883
0.191240552333
0.191362155923
0.191479708356
0.191599339303
0.191717419899
0.191841719833
0.191964714047
0.192083241326
0.192202189621
0.192323253734
0.192440024847
0.1925610404
0.192683488583
0.192798434685
0.192922649212
0.19303620887
0.193155060523
0.193276917032
0.193394459168
0.193509312834
0.193627860308
0.193745626638
0.193863187103
0.193984076915
0.194106161769
0.194228875801
0.194347412088
0.194473888495
0.194599069307
0.1947144634
0.194830142671
0.194949621615
0.195066398118
0.195176712206
0.195300344302
0.195408201163
0.195519942686
0.195638800094
0.195755526419
0.19587593565
0.195992818149
0.196110609354
0.196233442966
0.196344705421
0.196457831142
0.196574097946
0.196686034137
0.196804052974
0.196923693147
0.197039133487
0.197155930623
0.197271605491
0.19739230395
0.19751174422
0.197623760554
0.197739269196
0.197855379621
0.197972121978
0.198089507162
0.198205177011
0.198320786536
0.198439125127
0.198560827153
0.198677027402
0.198790190921
0.198902660864
0.199024947531
0.199142512391
0.199262111837
0.199386364248
0.199495732985
0.199607992765
0.19972824051
0.199841756623
0.199950448083
0.200066078705
0.200186517968
0.200305275424
0.200420440091
0.200541513001
0.200659191275
0.200775078774
0.200889909738
