
row1col1
West 0.0
East 0.0
North 0.0
South 6.51345851098e-09

row1col2
West 0.0
East 2.35210837324e-07
North 0.0
South 0.0

row1col3
West 0.0
East 7.01210831046e-06
North 0.0
South 1.45615491689e-08

row1col4
West 1.7111485727e-12
East 0.0
North 0.0
South 0.000123878845677

row1col5
West 0.0
East 4.18448112662e-09
North 1.47418680288e-11
South 9.57619626436e-05

row1col7
West 1.05878386922e-15
East 3.01988540209e-08
North 8.04990288575e-09
South 0.000665767990382

row1col8
West 3.27675505347e-07
East 0.00120504710645
North 4.93439400684e-14
South 6.35753507338e-07

row1col9
West 5.59983163542e-07
East 4.34658641048e-14
North 1.83712830471e-05
South 0.0193134283114

row1col10
West 1.4073549074e-11
East 4.8043431466e-07
North 1.10415897173e-08
South 0.0

row1col11
West 1.91726028203e-10
East 4.14880406327e-09
North 1.40353104436e-07
South 8.99250519152e-06

row1col13
West 0.0488086838929
East 0.426480166942
North 0.0821855095382
South 0.0714127385689

row1col14
West 0.0737051672192
East 0.766451255718
North 0.201824261547
South 0.289241157244

row1col15
West 0.164449034682
East 0.105601922202
North 0.293358535222
South 0.948953131316

row1col16
West 0.138293489076
East 0.0676910054431
North 0.322690888388
South 0.676667240722

row1col18
West 0.0179342168897
East 0.0115400237273
North 0.0164701717803
South 0.224749862448

row1col19
West 0.0222649692132
East 0.00283829567774
North 0.00330499870653
South 0.35146607852

row1col20
West 0.0750413858869
East 0.000927972842999
North 0.000546179798007
South 0.0104236389318

row1col21
West 0.00134076452739
East 0.000294478721399
North 0.000345030698566
South 0.0164609352465

row1col22
West 0.000161380310228
East 0.000538672991718
North 6.902850938e-05
South 0.00595507640833

row2col1
West 8.11895358327e-10
East 1.65263119909e-07
North 1.97769382157e-11
South 0.0

row2col2
West 0.0
East 7.83909595668e-06
North 0.0
South 1.8453477851e-07

row2col3
West 6.08829118533e-08
East 0.000224864606698
North 0.0
South 1.42123609877e-06

row2col4
West 1.96018201209e-07
East 5.91615040964e-05
North 9.21066268387e-10
South 0.00259977758615

row2col5
West 2.76640362358e-08
East 1.23506530938e-07
North 3.82928700543e-10
South 0.00579612425286

row2col7
West 0.000279426795601
East 0.00757675188285
North 1.07967987721e-05
South 0.000539739197731

row2col8
West 2.79548064397e-05
East 0.0486907622068
North 1.12065997143e-06
South 0.010265492684

row2col9
West 0.000405846339749
East 4.50818770262e-05
North 0.000277295926557
South 0.222649286027

row2col10
West 0.0276404459631
East 3.15298450526e-06
North 5.48963508361e-09
South 4.83227005523e-05

row2col11
West 0.00112892928936
East 7.19623300334e-07
North 1.06075699844e-07
South 8.69747603351e-07

row2col13
West 0.358095457116
East 0.946545295981
North 0.158700777016
South 0.59253776567

row2col14
West 0.51146022957
East 0.999852612684
North 0.369992658909
South 0.69520485677

row2col15
West 0.0
East 0.0
North 0.0
South 0.0

row2col16
West 0.999924339888
East 0.579334823447
North 0.211548918394
South 0.477504112084

row2col17
West 0.944638638087
East 0.263501307632
North 0.337014844034
South 0.220442725281

row2col18
West 0.865440058644
East 0.161805395334
North 0.0363537083264
South 0.0475465478264

row2col19
West 0.729621521247
East 0.0892015691139
North 0.0347136732981
South 0.0277369770561

row2col20
West 0.497195736782
East 0.0153780527968
North 0.00390613604239
South 0.0108000774451

row2col21
West 0.26095203367
East 0.00469871756802
North 0.00036589526656
South 0.00194872284231

row2col22
West 0.0654431996079
East 0.00444941244106
North 0.000208182035398
South 0.000120598339227

row3col1
West 2.0449935147e-09
East 1.92373422591e-07
North 0.0
South 0.0

row3col2
West 2.0449935147e-09
East 5.7030204278e-06
North 0.0
South 6.02047765645e-08

row3col3
West 4.52424644513e-08
East 0.000595559220472
North 1.4582317978e-08
South 1.25121818494e-07

row3col4
West 1.97182039937e-07
East 0.0148269827712
North 2.35228256557e-05
South 1.80567949374e-05

row3col5
West 9.81480112492e-05
East 0.00210973305238
North 2.37986809687e-06
South 0.0611783522569

row3col7
West 1.06586964867e-06
East 0.025286695469
North 2.24158995053e-05
South 0.000298255268125

row3col8
West 4.11244860266e-10
East 0.219924134059
North 5.37307262046e-12
South 0.0

row3col9
West 0.0270552170612
East 0.000379234283103
North 0.00342210411062
South 0.470463120127

row3col10
West 0.0150322987498
East 4.62311487756e-07
North 2.68133830775e-05
South 6.19132767834e-07

row3col11
West 6.45971552467e-05
East 5.17257695848e-08
North 6.70940176976e-10
South 5.42606164989e-09

row3col13
West 0.855697687935
East 0.9025
North 0.8864007618
South 0.801435354734

row3col14
West 0.849543216396
East 0.95
North 0.934593766243
South 0.893724455743

row3col15
West 0.868473785612
East 0.822991787036
North 1.0
South 0.928796536674

row3col16
West 0.580125095138
East 0.258982815954
North 0.935469240544
South 0.277348171552

row3col18
West 0.0198274898948
East 0.00427002123982
North 0.319082284257
South 0.0289525046701

row3col19
West 0.0160268081675
East 0.0028276339538
North 0.19773576825
South 0.00558620329199

row3col20
West 0.0100762326059
East 0.000671140999187
North 0.108983887591
South 0.000231269338429

row3col21
West 0.000378591266755
East 0.000191518896732
North 0.0293387455308
South 0.000508748937353

row3col22
West 0.000802207153145
East 0.00032708062229
North 0.00725493228788
South 7.54034805051e-05

row4col5
West 0.00390916425216
East 0.000101206428006
North 0.000865881907375
South 0.16210211125

row4col9
West 0.0817489837571
East 0.160471178427
North 0.046970743101
South 0.595002709072

row4col13
West 0.811000981552
East 0.813896079255
North 0.857375
South 0.771668573788

row5col1
West 0.0
East 0.0
North 0.0
South 2.68404259347e-10

row5col2
West 0.0
East 0.0
North 0.0
South 1.54946927051e-11

row5col3
West 0.0
East 0.0
North 0.0
South 9.95734024683e-09

row5col5
West 0.0242661573635
East 0.344706776812
North 0.0023325230082
South 0.00266553179172

row5col6
West 0.0231780322071
East 0.53601114181
North 0.0835428396639
South 0.0483018185893

row5col7
West 0.0575699748386
East 0.588198842281
North 0.10215109759
South 0.0124878211412

row5col8
West 0.101877049212
East 0.628372013347
North 0.252497253591
South 0.0330312101939

row5col9
West 0.235033134266
East 0.663207313233
North 0.192676790039
South 0.143169790432

row5col10
West 0.278334203949
East 0.698299266822
North 0.357783987429
South 0.213697456156

row5col11
West 0.368247893675
East 0.735087533563
North 0.521734457402
South 0.335365625488

row5col12
West 0.48020140327
East 0.77378085692
North 0.628033805949
South 0.545544916817

row5col13
West 0.730763917609
East 0.732165963927
North 0.81450625
South 0.731797051827

row5col14
West 0.7737809375
East 0.692411551292
North 0.713770111138
South 0.657253990168

row5col15
West 0.735091890624
East 0.623902243165
North 0.670877823453
South 0.64074080647

row5col16
West 0.698119044694
East 0.287214342175
North 0.358303939142
South 0.379368879767

row5col17
West 0.644348760649
East 0.0589503067972
North 0.0734399250691
South 0.182859535152

row5col18
West 0.320590585501
East 0.0167322518206
North 0.0141565479962
South 0.0320664119587

row5col20
West 4.00714863985e-10
East 1.21831902498e-06
North 4.03161818436e-10
South 0.0137297174235

row5col21
West 0.000324301448424
East 3.7596898773e-09
North 3.1666414834e-09
South 0.00860994395747

row5col22
West 0.000183706415786
East 0.0
North 7.31436234457e-12
South 1.13312936938e-05

row6col1
West 0.0
East 0.0
North 0.0
South 1.27035371312e-08

row6col2
West 0.0
East 6.37649432214e-31
North 0.0
South 1.03542045118e-07

row6col3
West 2.08916403868e-29
East 0.0
North 2.33154215238e-10
South 2.12973030159e-06

row6col5
West 0.00330466809767
East 0.0120505749727
North 0.056313177941
South 3.23339120743e-05

row6col6
West 0.00290276705958
East 0.0117454325391
North 0.441797571947
South 0.00881237300168

row6col7
West 0.00396006313648
East 0.107553769907
North 0.0390676343562
South 6.11481074513e-07

row6col8
West 0.000860045514117
East 0.00354069075352
North 0.340132873986
South 0.00891630326361

row6col9
West 0.00957668724108
East 0.00653900142654
North 0.402856225293
South 0.0301809489376

row6col10
West 0.0372058705211
East 0.602958382659
North 0.222656654433
South 0.0555984745932

row6col11
West 0.0664362901263
East 0.687668702387
North 0.221505685554
South 0.163439175396

row6col12
West 0.159152216243
East 0.734353480201
North 0.334192643842
South 0.477923162624

row6col13
West 0.440490898464
East 0.461385732332
North 0.773776053605
South 0.547509451093

row6col14
West 0.423596672354
East 0.327185966832
North 0.734071712271
South 0.468447932811

row6col15
West 0.653717931498
East 0.576828001268
North 0.698337296076
South 0.628966372431

row6col16
West 0.663420431102
East 0.550247252925
North 0.594589796318
South 0.588534745675

row6col17
West 0.630249408497
East 0.446579004092
North 0.516290481219
South 0.492366369365

row6col18
West 0.586880515315
East 0.0566610063833
North 0.0453728882653
South 0.122657685413

row6col19
West 0.444987831549
East 0.00254554525702
North 0.00810741401307
South 0.0346109612908

row6col20
West 0.241670806874
East 0.000433654962706
North 4.02708545293e-10
South 1.27335347021e-07

row6col21
West 0.0676282306523
East 2.66664379243e-05
North 5.55877890086e-05
South 6.72991424769e-06

row6col22
West 0.00360134563522
East 1.38779611298e-05
North 1.93974518374e-11
South 8.445156071e-11

row7col1
West 0.0
East 5.73227380954e-07
North 0.0
South 0.0

row7col2
West 2.25110762645e-09
East 1.05024286605e-06
North 3.28103032402e-29
South 8.77129557846e-06

row7col3
West 7.02723872132e-09
East 1.29932351413e-07
North 2.83498309461e-10
South 0.000113633201289

row7col5
West 1.58553145742e-05
East 0.000386582163928
North 0.00315711774155
South 1.58968498508e-07

row7col6
West 4.82883353856e-05
East 0.0257302773911
North 0.32277770188
South 0.000116985269051

row7col10
West 0.0681611188652
East 0.0252419966374
North 0.461169862157
South 0.00376860574695

row7col17
West 0.536064141459
East 0.377609264894
North 0.598736931147
South 0.459417669628

row7col18
West 0.530840607907
East 0.104284097659
North 0.111121333531
South 0.0592945517124

row7col20
West 4.42236277299e-05
East 2.48913966945e-06
North 0.0243771075002
South 8.57948467128e-20

row7col21
West 5.21990224807e-11
East 8.445156071e-11
North 0.00378110576066
South 9.30606230586e-06

row7col22
West 4.85974103349e-10
East 0.0
North 5.3950216332e-05
South 8.44515699619e-11

row8col1
West 1.33452260408e-10
East 1.04860871121e-08
North 0.0
South 0.0

row8col2
West 2.44447585357e-11
East 0.000168504580831
North 4.39076860475e-10
South 2.01518503292e-08

row8col3
West 2.01518503292e-08
East 0.00253641962812
North 3.76927976352e-07
South 3.63029350626e-08

row8col4
West 1.49188576946e-33
East 0.0150885574248
North 6.38139396944e-07
South 1.2882857837e-05

row8col5
West 6.54941507155e-08
East 0.0700728327
North 4.48807410487e-05
South 9.29763161746e-05

row8col6
West 0.000852874319082
East 0.00677545699604
North 0.20235900537
South 0.000858947204816

row8col8
West 1.63055482957e-09
East 0.000418052199183
North 6.75787867729e-10
South 0.0

row8col9
West 3.40488024972e-08
East 0.0452687845787
North 3.89006822386e-05
South 5.77321711802e-06

row8col10
West 0.00124296179669
East 0.00366057242402
North 0.298091343236
South 0.000963871543555

row8col11
West 0.125483120648
East 0.000935207930293
North 0.00150488003634
South 4.77931733342e-05

row8col12
West 0.0379426970941
East 0.000137063024221
North 0.000577311342345
South 1.15385356236e-05

row8col13
West 0.00779141770993
East 3.41308058473e-07
North 2.35180818889e-10
South 1.30432706629e-06

row8col14
West 0.000654531155602
East 3.99252660448e-12
North 1.38058682532e-11
South 2.54896250748e-11

row8col15
West 1.72888321465e-05
East 4.35171788316e-12
North 2.62042723497e-12
South 1.25808421665e-14

row8col17
West 0.482206777224
East 0.350164293291
North 0.56880005175
South 0.452802291253

row8col18
West 0.478316851425
East 0.0439268046956
North 0.0999278701033
South 0.0498613421059

row9col5
West 1.47159354437e-29
East 0.011293679614
North 7.17963996607e-25
South 2.02931810834e-12

row9col6
West 0.000329514691718
East 0.0038891370116
North 0.0747806487408
South 1.32138608017e-09

row9col8
West 3.05466284719e-07
East 0.000581053663983
North 0.0
South 0.0

row9col9
West 1.05333201627e-07
East 0.00604646291103
North 2.71258391339e-05
South 1.26697054173e-08

row9col10
West 1.16952596009e-05
East 7.28554445836e-05
North 0.0501946924573
South 5.33038396814e-05

row9col11
West 5.2347149056e-10
East 2.66942727571e-05
North 0.00638664338881
South 2.32379947253e-05

row9col12
West 2.61030450705e-05
East 7.28432421201e-11
North 0.00157941382311
South 3.77257831836e-10

row9col13
West 2.51167587235e-06
East 8.94222127608e-12
North 0.000734073244381
South 2.70047703545e-06

row9col14
West 1.46759420796e-05
East 7.1491486225e-14
North 1.36124725409e-10
South 3.68459184236e-12

row9col15
West 2.97099215856e-08
East 0.0
North 0.0
South 7.1491486225e-14

row9col17
West 0.446533117014
East 0.290262248881
North 0.540359932416
South 0.417110882805

row9col18
West 0.450766792287
East 0.0432779725883
North 0.0473999480305
South 0.0890227940102

row9col20
West 2.00088223604e-21
East 2.82858848586e-07
North 1.59796177966e-19
South 4.21238365482e-20

row9col21
West 3.59762845031e-17
East 1.59796177966e-19
North 2.72603711841e-18
South 1.64334860268e-05

row9col22
West 6.52375772693e-08
East 0.0
North 0.0
South 0.0

row10col1
West 1.15923626911e-29
East 0.0
North 1.15923626911e-29
South 4.47190752365e-14

row10col2
West 7.33445519845e-18
East 3.76519366491e-12
North 1.27639942956e-21
South 0.0

row10col3
West 0.0
East 5.28350470305e-24
North 0.0
South 8.87985428367e-10

row10col5
West 1.37932195962e-27
East 0.0020952542133
North 0.000142024550272
South 4.14195823965e-19

row10col6
West 3.0223424235e-07
East 5.58472048998e-06
North 0.0145021571685
South 0.0

row10col17
West 0.418187408664
East 0.30825304526
North 0.513341553691
South 0.347046599777

row10col18
West 0.443972352977
East 0.016924026042
North 0.0885607079534
South 0.0225571394909

row10col20
West 4.5453903126e-21
East 0.0
North 1.59796177966e-19
South 5.45005434256e-06

row10col21
West 3.79596036422e-08
East 1.99457930072e-08
North 4.32663555996e-15
South 0.000333362581294

row10col22
West 0.0
East 0.0
North 0.0
South 2.8390284261e-06

row11col1
West 0.0
East 2.07596237904e-11
North 1.64533862705e-24
South 0.0

row11col2
West 5.86588456434e-13
East 4.15372301001e-08
North 2.00072896243e-17
South 1.84428563679e-19

row11col3
West 9.25239082595e-16
East 1.06630951158e-06
North 4.4405025949e-24
South 3.77506245652e-12

row11col4
West 5.37503889882e-10
East 1.5758076158e-05
North 4.5897527282e-15
South 1.29297857367e-07

row11col5
West 3.90154040933e-10
East 5.85672768468e-10
North 0.000223438722439
South 2.06129604903e-07

row11col6
West 6.85709506834e-09
East 4.02979069696e-12
North 0.000173621871426
South 1.572696714e-12

row11col8
West 4.56099235412e-21
East 0.0
North 8.89367502469e-21
South 1.83650013388e-06

row11col9
West 2.73753525972e-25
East 2.06728755042e-16
North 2.54484490309e-10
South 2.20670715437e-05

row11col10
West 5.4314487992e-07
East 1.40386423575e-25
North 0.0
South 0.0

row11col12
West 0.0
East 0.0
North 0.0
South 5.07397295192e-05

row11col13
West 0.0
East 5.84329014954e-12
North 8.73154805092e-21
South 0.000358526711031

row11col14
West 1.81396814604e-09
East 1.3119955513e-17
North 7.21359682904e-08
South 0.00892816925799

row11col15
West 1.57671707899e-06
East 6.07027187434e-05
North 0.0
South 0.0368180531901

row11col17
West 0.337795785788
East 0.223275874461
North 0.487673403024
South 0.321498438405

row11col18
West 0.379797968362
East 0.0272838809865
North 0.0421811243871
South 0.053962646339

row11col20
West 2.61872412287e-18
East 0.000142839087618
North 1.31816319065e-20
South 1.23709477961e-12

row11col21
West 1.64181852971e-15
East 1.00409675393e-11
North 1.15933559473e-11
South 0.00288417356525

row11col22
West 0.000149563244788
East 1.8656308371e-16
North 1.63725388517e-11
South 0.0

row12col1
West 0.0
East 7.92144733119e-12
North 6.00200751849e-21
South 0.0

row12col2
West 0.0
East 0.0
North 6.15403769258e-10
South 5.9806772562e-21

row12col3
West 4.33607624987e-19
East 0.0
North 2.0617918288e-08
South 0.0

row12col5
West 3.83126382246e-08
East 1.04598114489e-09
North 1.35599021278e-11
South 2.7262061909e-06

row12col6
West 1.86848700965e-15
East 2.06101505539e-15
North 2.07950688352e-17
South 1.37192738823e-06

row12col8
West 9.70651000338e-10
East 5.45858829692e-05
North 3.6728138578e-13
South 1.56853651437e-19

row12col9
West 3.8203759952e-10
East 2.95550365421e-24
North 2.70694590568e-07
South 0.00076940120784

row12col10
West 1.23294673056e-05
East 2.22477560976e-21
North 0.0
South 0.0

row12col12
West 0.0
East 0.00206417413604
North 1.25278798409e-06
South 1.89978627298e-05

row12col13
West 4.54613161587e-06
East 0.0179214774454
North 2.26386872397e-07
South 2.84144584472e-06

row12col14
West 1.80494096449e-05
East 0.118127621309
North 1.17108923371e-10
South 4.20673112925e-10

row12col15
West 0.00499808390939
East 0.296021030794
North 0.000152846911243
South 0.0066771272647

row12col16
West 0.0284542610607
East 0.422626046292
North 0.0923951932972
South 0.0451764056853

row12col17
West 0.255647514837
East 0.171479394948
North 0.46328677121
South 0.264955177469

row12col18
West 0.344056843148
East 0.05988930648
North 0.040125777174
South 0.0401503000316

row12col20
West 3.62890156818e-13
East 0.000979670722631
North 7.01872691852e-14
South 3.62863017888e-13

row12col21
West 1.06983180168e-06
East 3.10765713543e-06
North 2.25251512904e-07
South 0.0137143011819

row12col22
West 0.000261296474909
East 0.0
North 0.0
South 0.0

row13col5
West 4.28867680674e-07
East 2.60131115552e-05
North 2.5770987096e-08
South 1.54446655689e-12

row13col6
West 2.88491365395e-07
East 5.88143400522e-14
North 2.42278601455e-09
South 0.000186574293973

row13col9
West 2.24687032303e-06
East 7.53531068861e-07
North 8.62763760725e-08
South 0.00600416433544

row13col17
West 0.259843081268
East 0.152335311828
North 0.440111299458
South 0.214780554951

row13col18
West 0.309841683736
East 0.0182989944686
North 0.0748111843637
South 0.0136591011193

row13col21
West 0.000161621283493
East 0.00308996634431
North 0.000174123791228
South 0.0409600244652

row14col1
West 5.78370474483e-24
East 5.59580773551e-08
North 2.92222220627e-20
South 2.7472597538e-25

row14col2
West 2.92222220627e-20
East 2.56341484536e-21
North 6.14979110518e-19
South 2.81344288948e-06

row14col3
West 1.21762205154e-22
East 7.52013179215e-08
North 1.09062568272e-09
South 0.0

row14col4
West 0.0
East 1.4189823385e-05
North 1.85043045167e-11
South 3.87433915456e-20

row14col5
West 3.40324927905e-09
East 6.89926697751e-05
North 2.9230247954e-08
South 0.00056316216927

row14col6
West 5.32158155358e-06
East 0.00142613717287
North 4.20781719545e-07
South 1.50164698837e-05

row14col7
West 1.05281582806e-06
East 0.000114576516523
North 5.20136162184e-05
South 0.00888331289804

row14col8
West 2.20544031713e-09
East 2.31137362696e-06
North 7.75984452736e-05
South 0.0144259150908

row14col9
West 0.000209330290626
East 3.24767207009e-05
North 1.51464578019e-08
South 0.0339701739994

row14col10
West 9.37531372954e-05
East 0.000117078833504
North 0.000193754979903
South 0.0128782253182

row14col11
West 1.40274658319e-06
East 0.00760745529453
North 8.06848087856e-05
South 0.000806092969716

row14col12
West 1.85246311247e-06
East 0.0576419379054
North 0.00104760296609
South 0.000248968678253

row14col13
West 0.00291713661119
East 0.170526741964
North 0.00562129200773
South 0.000850589663455

row14col14
West 0.00890625234833
East 0.302933479365
North 0.0292598954418
South 0.0196575559302

row14col15
West 0.0876540457524
East 0.376731307033
North 0.151006345349
South 0.095345420156

row14col16
West 0.153415953067
East 0.397017582071
North 0.160636797006
South 0.0701906430584

row14col17
West 0.183172756052
East 0.11298657822
North 0.418076019773
South 0.135221363153

row14col18
West 0.380095127405
East 0.036725121515
North 0.0319504348109
South 0.00605337077251

row14col19
West 0.308089947708
East 0.00428766889923
North 0.0347340071875
South 0.00155894496421

row14col20
West 0.199010985037
East 0.000114387428927
North 0.00522634110068
South 1.75920128017e-05

row14col21
West 0.104799774078
East 7.12946903003e-09
North 1.16062821006e-05
South 0.000247915904592

row14col22
West 0.0030382802198
East 2.1877499811e-16
North 0.0
South 6.88701896116e-26

row15col1
West 0.0
East 2.07596188118e-06
North 2.19925372922e-23
South 0.0

row15col2
West 4.85662368067e-12
East 6.54649745194e-05
North 1.73786835347e-09
South 5.37065006963e-08

row15col3
West 9.58001510378e-07
East 0.000445674258899
North 8.7895446618e-13
South 3.34861979851e-14

row15col4
West 3.38046967922e-07
East 0.00223821856936
North 9.22426127422e-09
South 5.16249442875e-08

row15col5
West 1.56054715173e-08
East 0.00891984008091
North 3.43621501482e-06
South 2.64709837684e-05

row15col6
West 0.00023650068735
East 0.0255899909624
North 6.2702683747e-05
South 8.03636891979e-05

row15col7
West 0.000756213812083
East 0.0574787518384
North 3.32332688348e-05
South 0.000491437359983

row15col8
West 0.00311515383011
East 0.0880235625564
North 0.000957005159568
South 0.000318510138796

row15col9
West 0.00680087807968
East 0.126882162777
North 0.00131643281159
South 0.00832270687741

row15col10
West 0.00883466054247
East 0.166891643451
North 0.00131024777896
South 0.0178791345959

row15col11
West 0.00313321732527
East 0.209490142505
North 0.000843851944478
South 0.0178814686946

row15col12
West 0.0345847328584
East 0.253129610297
North 0.0102281970546
South 0.0359781434795

row15col13
West 0.0321366854311
East 0.295680175926
North 0.0253234899062
South 0.0303716320712

row15col14
West 0.0226086726741
East 0.330329985984
North 0.0633996512544
South 0.0315469766517

row15col15
West 0.104665161895
East 0.0403641111982
North 0.356629537807
South 0.0610102185094

row15col16
West 0.0088030335662
East 0.197767689159
North 0.0365745410976
South 0.0108998844494

row15col17
West 0.016899120708
East 0.00922820284077
North 0.34650160914
South 0.0481625502322

row15col18
West 0.0976403151562
East 2.34868217073e-05
North 0.00389378792373
South 0.00010600813922

row15col19
West 0.000420234596518
East 5.27651564313e-11
North 0.0392982271539
South 0.00026240457883

row15col20
West 2.9038173402e-08
East 5.0786645743e-10
North 0.000632968083248
South 1.55775105125e-05

row15col21
West 6.67950792032e-06
East 1.35423923444e-06
North 0.0114576973383
South 9.68785842039e-07

row15col22
West 5.46747378114e-05
East 2.55499794685e-25
North 0.0
South 2.85490965094e-13

row16col2
West 9.65963346303e-10
East 2.15686069716e-15
North 7.39694774771e-06
South 1.08989611658e-12

row16col7
West 0.000691333349598
East 0.000984337335633
North 0.0210140025042
South 0.000108055826317

row16col15
West 0.0131898941897
East 0.014769536026
North 0.319467066601
South 0.0130382087878

row17col1
West 2.2435839618e-13
East 7.33683691288e-08
North 4.42398785929e-13
South 5.19070310022e-13

row17col2
West 2.24396392392e-13
East 4.06009462163e-18
North 8.41188798063e-07
South 2.73680770349e-18

row17col3
West 3.79939849617e-09
East 7.68227302348e-18
North 5.36007905004e-13
South 4.95610230783e-20

row17col4
West 1.22026941779e-11
East 2.69515381796e-19
North 7.93831263618e-18
South 0.0

row17col6
West 1.07060242345e-09
East 0.000330697489634
North 6.73004044157e-10
South 0.0

row17col7
West 2.44766671898e-06
East 3.29884166375e-05
North 0.00658105280971
South 1.31911880889e-09

row17col8
West 0.00129657863674
East 3.65583196151e-06
North 5.85920591626e-07
South 4.22545749354e-17

row17col9
West 0.000185015601196
East 5.53654541399e-13
North 7.03509445906e-06
South 9.95859357818e-08

row17col10
West 4.80714242294e-06
East 6.7846191964e-19
North 4.06032661672e-20
South 4.26603026632e-12

row17col11
West 8.47607533075e-11
East 0.0
North 0.0
South 0.0

row17col13
West 2.47819348618e-05
East 0.00190637162492
North 0.0
South 0.0

row17col14
West 2.52038634826e-06
East 0.0373434992649
North 0.000186958400583
South 7.47856295054e-09

row17col15
West 0.000580154097161
East 0.000642522778165
North 0.258100126278
South 0.000633361234759

row17col16
West 0.0324074453122
East 2.40796849583e-18
North 0.0
South 1.76114182538e-08

row17col18
West 6.82683979756e-28
East 0.0
North 4.97145625351e-09
South 4.03597411249e-05

row17col19
West 0.0
East 9.24730002293e-12
North 0.0
South 4.15253810236e-06

row17col20
West 1.16321079416e-07
East 3.25846400065e-11
North 3.95665350713e-14
South 0.0

row17col21
West 1.33766345143e-09
East 0.0
North 0.0
South 0.0

row17col22
West 0.0
East 0.0
North 0.0
South 3.46842628637e-14

row18col1
West 3.89613306353e-19
East 8.20238539692e-18
North 1.79679373073e-11
South 2.39091546565e-17

row18col2
West 0.0
East 5.07272313648e-24
North 1.99541763135e-08
South 1.94221016098e-20

row18col3
West 3.05955864588e-19
East 0.0
North 4.20679649317e-12
South 0.0

row18col4
West 0.0
East 1.64433727805e-20
North 1.64746533495e-17
South 0.0

row18col6
West 5.9056360611e-14
East 2.07829184837e-06
North 0.0
South 0.0

row18col7
West 1.08157839941e-10
East 1.0242783972e-07
North 0.000491316831088
South 1.91590833426e-10

row18col8
West 2.5632045735e-05
East 1.30095780319e-10
North 2.8066979403e-16
South 5.37286300342e-18

row18col9
West 6.45098663249e-10
East 8.07886410627e-12
North 1.63829000851e-05
South 1.87667599794e-18

row18col10
West 1.30095766605e-10
East 2.69902513755e-24
North 1.67510005798e-07
South 0.0

row18col11
West 5.99181685249e-11
East 0.0
North 0.0
South 0.0

row18col13
West 3.00359197578e-08
East 0.00103114874064
North 3.78753599545e-08
South 2.35100313661e-19

row18col14
West 3.86482174719e-08
East 0.0279699674469
North 2.45899674905e-05
South 4.80413225991e-19

row18col15
West 3.48927309024e-05
East 0.00117232496317
North 0.167972490438
South 2.47579551407e-05

row18col16
West 0.0657949002666
East 5.86768987532e-06
North 9.76899435441e-07
South 4.54201055646e-07

row18col17
West 0.0166483126808
East 1.07261736999e-06
North 0.00013566366061
South 6.07540651379e-05

row18col18
West 0.00368275391356
East 3.16032072894e-06
North 1.04494412421e-07
South 4.28166298266e-08

row18col19
West 0.000103012655873
East 1.13981842901e-14
North 2.19289350889e-13
South 8.24262419151e-21

row18col20
West 1.98657546955e-07
East 6.39415834304e-38
North 0.0
South 1.41340453693e-13

row18col21
West 5.94100815803e-10
East 0.0
North 1.31257230447e-16
South 1.05886175171e-26

row18col22
West 5.02959332125e-28
East 0.0
North 0.0
South 3.14918593238e-11

row19col1
West 0.0
East 0.0
North 5.14939433824e-13
South 0.0

row19col2
West 0.0
East 0.0
North 4.7609272678e-10
South 0.0

row19col3
West 3.60399138263e-12
East 0.0
North 0.0
South 0.0

row19col4
West 0.0
East 0.0
North 3.35067751401e-19
South 0.0

row19col6
West 0.0
East 0.0
North 3.2739718602e-12
South 0.0

row19col7
West 0.0
East 6.54466674738e-18
North 5.10470579114e-06
South 0.0

row19col8
West 7.20882454071e-18
East 0.0
North 6.80762998762e-09
South 3.36001279833e-18

row19col9
West 6.14602694622e-18
East 5.00881653962e-21
North 9.05349068481e-07
South 3.6173678889e-10

row19col10
West 8.66715261367e-09
East 4.82159477405e-15
North 1.94633841108e-21
South 0.0

row19col11
West 1.78942632261e-11
East 0.0
North 0.0
South 0.0

row19col13
West 2.78672953384e-27
East 0.0
North 2.4457256277e-05
South 1.7137487123e-33

row19col14
West 5.21494513547e-08
East 0.0
North 0.00147587092173
South 1.22425063525e-18

row19col15
West 0.0
East 2.37216282943e-21
North 0.0275654664878
South 2.49364909751e-15

row19col16
West 1.08310113964e-32
East 3.83607938925e-14
North 0.00826304529851
South 3.33000092686e-06

row19col18
West 2.87232179657e-08
East 3.81149548343e-14
North 0.000656475524201
South 9.36362707939e-06

row19col19
West 9.01034673998e-05
East 1.85068024489e-12
North 5.0782631675e-08
South 4.29700988025e-33

row19col20
West 5.97703005724e-06
East 4.67781815483e-14
North 1.13981842904e-14
South 3.24133061049e-12

row19col21
West 1.72773415261e-07
East 1.24857972894e-14
North 6.23471860828e-18
South 0.0

row19col22
West 2.41085139391e-09
East 4.45351390633e-25
North 2.44823009229e-26
South 6.9742217237e-37
