0.0121365452906
0.014443326402
0.0162906681154
0.0162220312673
0.0159536171225
0.0162331539645
0.0161992751828
0.0160861240526
0.016155612887
0.0163682252759
0.0164359835661
0.0163163509466
0.0160810782036
0.016286203694
0.0162783157777
0.0162487040777
0.0163011019445
0.0163194188158
0.0163015865918
0.0163502724664
0.0164028841126
0.0164130684989
0.0164609864425
0.0165963414192
0.0167748816224
0.0166902661166
0.0167496824576
0.0166758713218
0.0166608346738
0.016578245021
0.0165137292833
0.016492122926
0.0164669372067
0.0163690503836
0.0164740828091
0.016459643261
0.0165239036284
0.0165355152761
0.016544487807
0.0165850826703
0.0166802129396
0.0166646593971
0.0166327140876
0.0167124294702
0.0168688852835
0.016882731062
0.0169960844269
0.0169873686704
0.0169967045597
0.0169701395996
0.0170256683319
0.0170433665658
0.0171433010818
0.0172603988689
0.0173284013282
0.0174582782855
0.0174280213112
0.0173796382544
0.0174438496608
0.0174664623819
0.017492013068
0.0176028754255
0.0176222144634
0.0176676386764
0.0176131008104
0.0175917567315
0.017689492434
0.0178310270638
0.0179241459817
0.0179434009643
0.0179892027138
0.0180171053798
0.0180550542357
0.0180882859049
0.0181398251492
0.0181084709037
0.018044361522
0.01818615928
0.0183050644847
0.018360423874
0.0183982823168
0.0184248400544
0.0184667529838
0.0185010920169
0.0185009933498
0.0185825447531
0.018631880339
0.0186553942124
0.018651144045
0.0186669600057
0.018699801825
0.018684990815
0.0187343581163
0.018710582225
0.0187072381846
0.0186689958891
0.0187286104226
0.0186580287614
0.0187080212047
0.0187148025549
0.0187253668677
0.0187198280291
0.0187440343686
0.0187579756883
0.01877624848
0.0188187062125
0.0188770430667
0.0188928519078
0.0189413022844
0.0189316991549
0.0190227982517
0.0190178269864
0.0190427196864
0.019050342632
0.0190947205783
0.0191165610327
0.0191656194398
0.0192073267391
0.0192919125308
0.0192797206317
0.0192709388187
0.0192975610248
0.0193392016194
0.0193560888683
0.0193825468592
0.0193945918832
0.0194103154113
0.0194269608965
0.0194814184605
0.0194998460484
0.0195229563877
0.0195361863929
0.0195683589796
0.0195628509339
0.0195826039001
0.0196469147373
0.0196629913448
0.0197575413612
0.0198013034044
0.0198133053614
0.0197983250299
0.0198170271653
0.0198603092752
0.0198806463126
0.0199423207589
0.0199638017174
0.0199845619543
0.0200144838511
0.0200658932884
0.0201157073188
0.0201616366206
0.0202275277156
0.0202334770854
0.0202639812725
0.0202758813034
0.0203283907139
0.0203602986071
0.0203964259441
0.0204456852481
0.0204981271304
0.0205478535361
0.0205908973501
0.0206175950465
0.020662680428
0.0206926206872
0.0207330775606
0.0208414769812
0.0208600214636
0.0208763227529
0.020928619538
0.0209295419293
0.0209555959721
0.0209564849378
0.0209827048252
0.0209745979106
0.0210150143414
0.0210573524711
0.0210838488591
0.0211114549435
0.02116474314
0.0211906048778
0.0212534553153
0.0212810855937
0.0213191214654
0.0213287269967
0.0213822165207
0.0214295575591
0.0214301843116
0.0215277034656
0.0215326329624
0.0216120298574
0.0216536358632
0.0216688980377
0.021674456831
0.0217499155317
0.0217714652529
0.021864926417
0.0218858054313
0.0219216645835
0.0219322561305
0.0219525107088
0.0219829712337
0.022020712108
0.0220517673141
0.0220662489799
0.0221224501513
0.022145799252
0.0221814610809
0.0222069493201
0.0222355117217
0.0222435588093
0.0222970844677
0.0223600670706
0.0224105083161
0.0224447302368
0.0225093317679
0.0225564073699
0.022614086891
0.0226473118898
0.0226993189606
0.0227205375605
0.0227885522258
0.0228228354942
0.0228256104527
0.0228582497495
0.0228616740286
0.0228979086853
0.0229221377017
0.0229873910176
0.0230432631922
0.0230675226274
0.0230946461364
0.0231145648404
0.0231623661223
0.0232045706091
0.0232454353691
0.0232995531444
0.0233429515991
0.0234284442717
0.0235129080495
0.0235445083677
0.0235655276826
0.0236084647581
0.0237125979278
0.023739091591
0.0237841020383
0.0238305679585
0.0238758879738
0.0238954877327
0.0239155333307
0.0239711397286
0.0240168991997
0.0240701047852
0.0241075979638
0.0241235334223
0.0241577153274
0.0241907380238
0.024242424424
0.0242684918914
0.0242933679279
0.0243296361919
0.0243797760541
0.0244153213125
0.0244774795368
0.0245352913518
0.0245885748114
0.0246297589192
0.0246923229322
0.0247478155604
0.0247511967038
0.0247770557104
0.0248342813847
0.0248466585482
0.0248983801147
0.0249334172932
0.0249937549533
0.0250514595535
0.0251158448053
0.0251764236076
0.0252397658973
0.0252846843532
0.0253139659289
0.0253810941249
0.0254317221078
0.0254474847368
0.025478692001
0.0255178113485
0.0255637216827
0.0256312980214
0.0256903335948
0.0257204035366
0.0257644029673
0.025816216361
0.0258733148041
0.0259224814542
0.0259852172015
0.0260370354287
0.0260991179583
0.0261568822938
0.026213688238
0.0262498050561
0.0262741949348
0.0263348879919
0.0263744231961
0.0264141580505
0.0264675021465
0.0265233737096
0.0265735141059
0.0266322158788
0.0266880883757
0.0267420629032
0.026791027114
0.0268253419875
0.0268852060674
0.0269260438654
0.0269682348505
0.0269831453257
0.0270327900401
0.0270793347302
0.0271477018605
0.0271854072385
0.0272220273781
0.0272541889998
0.0273188560434
0.0273435238764
0.0274064792323
0.02745339614
0.0275117551768
0.0275547509977
0.0276021613786
0.0276531377277
0.0276951351509
0.0277507974632
0.0278027418329
0.027837274404
0.0278916679913
0.0279490377644
0.0279986540893
0.0280651534728
0.028113783219
0.0281706913323
0.0282346116903
0.0282801425495
0.0283330629156
0.0283733347644
0.0284057169783
0.0284637421067
0.0285232814967
0.0285587809153
0.0286151097916
0.0286563897891
0.028710339801
0.0287654766042
0.0288123347638
0.0288588110719
0.0289352163757
0.0289811833077
0.0290452491854
0.0291085077727
0.0291598735413
0.0292058495764
0.0292587902962
0.0293302425572
0.0293894536896
0.0294490357602
0.0295078153326
0.0295725517164
0.0296199050187
0.02966656093
0.0297170368822
0.0297944464036
0.0298341612531
0.0299180370791
0.0299999998991
0.0300379109809
0.0300947939284
0.0301578097045
0.0302026200562
0.0302564251359
0.0303097188765
0.0303701294487
0.030405917205
0.0304418311565
0.0304905722018
0.030562068864
0.0306263176784
0.0307273459901
0.0307789426637
0.0308189437404
0.0308798627274
0.0309350338831
0.0309851019687
0.0310445357343
0.0311107724295
0.031167462634
0.0312300206845
0.0312533604383
0.0313060060195
0.0313695296776
0.0314256517763
0.0314787062493
0.0315461356507
0.0316060637706
0.0316706515894
0.0317107410495
0.0317559358135
0.0317939225839
0.0318517517841
0.0319262411066
0.0319828611685
0.032068700765
0.032132203637
0.0321902148025
0.0322320992964
0.0322819769682
0.0323440617894
0.0324100038025
0.0324453846323
0.0325022495945
0.0325414248513
0.0326018612611
0.0326464631625
0.0326950017616
0.0327385838556
0.0327899040796
0.0328529560959
0.0329140930074
0.0329668099549
0.0330198336622
0.0330651437101
0.0331206615746
0.0331849072543
0.0332477776145
0.0332973488764
0.0333437043773
0.0333940771868
0.0334490573017
0.0335320924315
0.0335642839768
0.0336250334916
0.0336927763481
0.0337553804935
0.0338071772884
0.0338715531666
0.0339217627027
0.0339715266692
0.0340488118656
0.0341277513604
0.034173148012
0.034232783209
0.0342972279313
0.0343755704258
0.0344288449317
0.034482953779
0.0345494063457
0.0345961436582
0.0346430265752
0.0347148639631
0.0347723603879
0.034855340414
0.0349211510505
0.0349852247458
0.0350508064145
0.0350973377102
0.0351567297143
0.0352107910368
0.0352519402599
0.0353238901086
0.0353849881018
0.0354412826475
0.0355107121287
0.0355714396173
0.0356421483209
0.0357151936401
0.0357803199422
0.0358347045611
0.0358918312477
0.0359356147775
0.0359987747278
0.0360519407238
0.0361252136889
0.0361994112494
0.036258892238
0.0363148415263
0.0363542795002
0.036420490618
0.0364654171428
0.0365173366496
0.0365856226411
0.0366415861127
0.0367149337121
0.0367875942796
0.0368586996306
0.0369151660865
0.0369800557245
0.0370381010212
0.0370795248863
0.0371459572974
0.0372030868065
0.0372633120437
0.0373168792572
0.0373628565897
0.0374173005999
0.037482743678
0.0375405633147
0.0376018299516
0.0376648719463
0.0377313005088
0.0377820972236
0.0378281440726
0.0378908655967
0.037943678205
0.0380017871598
0.0380618680505
0.0381268182367
0.038187244737
0.0382462208834
0.0383094001345
0.0383681480109
0.038432827205
0.0385066087834
0.0385730241574
0.0386525158546
0.0387073496647
0.0387872383238
0.0388448302451
0.0389215828001
0.0389928789994
0.039056258733
0.0391257884238
0.0391975367861
0.039252205944
0.0393047066948
0.0393549492146
0.0394089714078
0.0394723847534
0.0395519810145
0.0396215807664
0.0396856877329
0.0397541646336
0.0398096847113
0.0398829119852
0.0399396057327
0.0400037594163
0.0400636227748
0.04011785073
0.0401829530546
0.0402421578886
0.0403097410506
0.0403692607249
0.0404325522091
0.0404925113356
0.040558154664
0.0406270763169
0.0406975666276
0.0407764716889
0.0408309219177
0.0408778701245
0.040952404731
0.0410097856394
0.0410746580189
0.0411373781374
0.0412073293451
0.0412697710191
0.0413328387961
0.0414017559045
0.0414709743078
0.0415430495019
0.0416158308746
0.0416795988991
0.0417397626566
0.0418094975677
0.0418936095161
0.0419458082225
0.0420049592854
0.0420662427111
0.0421172276754
0.0421857409327
0.0422454984626
0.0423017246438
0.0423573879378
0.0424201385433
0.0424792070716
0.0425496991961
0.0426156629402
0.04269272937
0.0427633478589
0.0428449876866
0.0429215445414
0.0429863367745
0.0430517318381
0.0431160530547
0.0431792569262
0.0432591459075
0.0433353267464
0.0434044029753
0.043467870199
0.0435374642799
0.0436223022833
0.0436938004567
0.0437562604306
0.0438251335009
0.0439047586317
0.0439589359742
0.0440356588839
0.0441046030763
0.0441855062895
0.0442687818612
0.0443495303624
0.0444125781367
0.0444880245715
0.044554021364
0.0446260678768
0.0446988522695
0.0447740455714
0.0448484779743
0.0449155008169
0.0449746539101
0.0450387355162
0.0451123406409
0.0451826941725
0.0452580424636
0.045337757049
0.0454051485779
0.0454718099915
0.0455548201263
0.0456292177046
0.0457068302284
0.045784788173
0.045857482507
0.0459298653065
0.0459881619715
0.0460675660282
0.0461541973672
0.0462227530507
0.0462979963206
0.046367664729
0.0464449685832
0.0465121910029
0.0465932429724
0.0466618559406
0.0467317677618
0.0467928448241
0.0468551092632
0.04692743391
0.0469941731793
0.047066532668
0.0471280648327
0.0472113906387
0.0472968695875
0.0473533323602
0.0474117005407
0.047492036016
0.0475560138952
0.047627747203
0.0477000374925
0.0477787203748
0.0478558269736
0.0479276772592
0.0480109030633
0.0480758058707
0.0481588868937
0.0482281995557
0.0482962090808
0.0483824094767
0.0484677010378
0.048547900888
0.0486236056806
0.048704503974
0.0487790288635
0.0488499284457
0.0489290972066
0.0489948696608
0.0490691454357
0.0491376285357
0.0492367426817
0.0493164019718
0.049389443373
0.0494676346559
0.0495482040903
0.0496144089947
0.049686337595
0.0497716686247
0.0498448424745
0.0499188031359
0.0500049913586
0.0500872703057
0.0501498850618
0.0502377660584
0.0503145754177
0.0503902277804
0.0504533347051
0.0505282995863
0.0506110302555
0.0506798219948
0.0507390275818
0.05080712528
0.0508849849214
0.0509628597258
0.0510528989942
0.0511246332881
0.0511993516663
0.0512865314107
0.051362005766
0.0514512102331
0.0515312779297
0.0516025370697
0.0516840274393
0.0517463497355
0.0518343931802
0.0519106114197
0.0519866761262
0.0520791762195
0.0521525757801
0.0522270491551
0.0523210785212
0.0524103439744
0.0524927666561
0.0525797534878
0.0526617453258
0.0527465434662
0.0528168250505
0.0528986549594
0.0529822469252
0.0530506442942
0.053126679384
0.0531942124686
0.053278122193
0.0533418158983
0.0534055074386
0.0534788617784
0.0535632967022
0.0536512427928
0.0537449521182
0.0538336854389
0.0539248024858
0.0540083895338
0.0540901591213
0.0541688542761
0.0542439668674
0.0543260292519
0.0543932885997
0.0544886284454
0.0545624106133
0.0546423799623
0.0547242713732
0.0548187963982
0.0549091118211
0.0549921658701
0.0550602415438
0.0551339238552
0.055205644854
0.0552891474026
0.055382654068
0.0554644006121
0.0555561844732
0.055623452218
0.0557056454613
0.0557785941156
0.0558594834111
0.055947072734
0.0560400202181
0.0561079591317
0.0562001735228
0.0562706963388
0.0563560510895
0.0564525078583
0.0565325987234
0.0566098271285
0.0567048672033
0.0567829891748
0.0568619257799
0.0569286223275
0.0570186862632
0.057112474865
0.0571959518288
0.0572727072974
0.0573642694672
0.057438123692
0.0575371739223
0.057628527457
0.0577052288804
0.0577878472758
0.0578774780108
0.0579718314112
0.0580582594135
0.0581492284295
0.0582227128054
0.0583126723008
0.0584032749075
0.0585033900882
0.0586042940655
0.058703940105
0.0587954321726
0.0588978162508
0.0589835971608
0.059069924528
0.0591487370287
0.0592472814313
0.0593364907824
0.0594140192015
0.0594982100471
0.0595984827939
0.0596997168391
0.0597799005326
0.0598738347676
0.059969260585
0.0600559159604
0.0601478037466
0.0602328437861
0.0603204896202
0.060400108844
0.0604934217531
0.0605957209568
0.0606759625168
0.060769067067
0.0608659615117
0.0609567976155
0.0610544442168
0.0611540790311
0.0612401837476
0.061323727238
0.0614097337184
0.0614988109319
0.0615915365302
0.0616780153619
0.0617736516703
0.061859793444
0.0619473511676
0.0620417488823
0.0621213313949
0.0622219409966
0.0623127378621
0.0624136274712
0.0625004397254
0.0625940775949
0.0626829837232
0.0627723382649
0.0628612530181
0.0629415769056
0.0630299238384
0.0631260576905
0.0632243214502
0.0633212268737
0.0634032891012
0.0634883980451
0.0635682318435
0.0636586703437
0.0637552869674
0.063852264311
0.063945133812
0.0640418924576
0.0641554013492
0.0642403427303
0.064338335878
0.0644401801231
0.0645330882754
0.0646223675584
0.0647120800937
0.0648207438475
0.0649111658332
0.0650177706247
0.0651148693901
0.0652047703273
0.0653005490749
0.0653984830056
0.0654844474112
0.0655744295192
0.0656699276051
0.0657595001819
0.0658556031729
0.0659545264409
0.0660507049116
0.0661458728699
0.0662443916177
0.0663582992242
0.0664590758465
0.0665501527746
0.0666557686914
0.0667456427499
0.0668285338409
0.06691989249
0.0670227792685
0.0671231557536
0.0672095884036
0.0672988063003
0.0674094228565
0.067514991995
0.0676073730987
0.0677241654929
0.0678263880862
0.0679176733425
0.0680243097139
0.0681181927439
0.0682199515668
0.0683267704941
0.0684287497607
0.0685278891338
0.0686338097084
0.0687471785376
0.0688395361196
0.0689400678061
0.0690351460667
0.0691313829855
0.0692371511128
0.0693384188387
0.0694285350062
0.0695294178802
0.0696414345727
0.0697513661534
0.0698486733891
0.0699305539273
0.0700273582602
0.0701327640988
0.0702261560642
0.0703363300338
0.0704482051664
0.070549958652
0.0706632824706
0.0707662295928
0.0708621987074
0.0709746033459
0.0710894295945
0.0711852087695
0.0712944079584
0.0713951011309
0.0714974510335
0.0716034723189
0.071702190342
0.0717901485271
0.0719142816974
0.0720079549357
0.0721107118925
0.0722193776206
0.0723351493421
0.0724343385814
0.0725326251818
0.0726477295007
0.0727371574996
0.0728444138364
0.072940504056
0.0730410129259
0.0731447638331
0.0732464651209
0.0733511135423
0.0734594724727
0.0735668623768
0.0736726153125
0.0737698327813
0.0738742428933
0.0739833255181
0.0740882536548
0.0741978784293
0.0743025424171
0.0744125146883
0.074505012796
0.07461229168
0.0747205869989
0.0748390240845
0.0749488399178
0.0750618122414
0.0751684842273
0.0752633822974
0.0753775797472
0.0754913386588
0.0755903820056
0.0756975626534
0.0758154928901
0.0759298459933
0.076021281759
0.0761275037141
0.0762479946498
0.0763625192278
0.0764688325841
0.0765745983844
0.0766899599996
0.076804430848
0.0769084257932
0.0770065433501
0.0771184080517
0.0772292125528
0.07733249562
0.0774423658702
0.0775471989912
0.0776617395671
0.0777707667093
0.0778798553555
0.0779910502186
0.0780924412611
0.0782077763615
0.0783226597434
0.0784243908397
0.0785313712175
0.0786312317927
0.0787445101814
0.0788591942251
0.078968665945
0.0790829098408
0.079200236088
0.0793130084
0.0794112191239
0.0795108149142
0.079625241219
0.0797385129167
0.0798469958541
0.0799468588375
0.0800559650248
0.0801689913888
0.0802795990264
0.080387296941
0.0804918389145
0.0806170492463
0.0807103632509
0.080841664164
0.0809511976625
0.0810676150915
0.081181558412
0.0812979883971
0.0814084144889
0.0815147815721
0.0816339444851
0.0817477534186
0.0818620948394
0.0819727772842
0.0820748459657
0.0821878472841
0.0822965111927
0.0824070625756
0.0825255133518
0.0826310559349
0.0827388709909
0.0828488970105
0.0829588177117
0.0830830393263
0.0831995143396
0.0833106485422
0.0834194195058
0.0835320971487
0.0836626944502
0.0837662962055
0.0838919030198
0.0840117244177
0.0841173625399
0.0842389962946
0.0843398583466
0.0844602633769
0.0845701997921
0.0846966035607
0.0848148786563
0.0849329606989
0.0850464958947
0.0851620788659
0.0852768957261
0.0853967358689
0.0855222104564
0.0856358345732
0.0857528740868
0.0858625362942
0.0859883509505
0.0861122610613
0.0862305756773
0.0863366636298
0.0864477674697
0.0865641397699
0.0866962663204
0.0868070125207
0.0869229361048
0.0870319807198
0.087147741406
0.0872698991687
0.0873834349732
0.087505714418
0.0876223993276
0.0877372893575
0.0878587034876
0.0879747058226
0.0880974422238
0.0882292162327
0.0883453151834
0.0884599136458
0.0885668558784
0.0886875913941
0.0888047059891
0.0889109258874
0.0890199194922
0.0891400100148
0.0892637387407
0.0893736767013
0.0894967855092
0.0896046079316
0.0897342156128
0.0898466838063
0.0899689729065
0.0900887864883
0.0902101884671
0.0903315427254
0.090449028607
0.0905577517467
0.0906733417968
0.090787684877
0.0909016789246
0.0910235773303
0.0911579915403
0.091286610504
0.0914005889594
0.0915256451284
0.091640624494
0.0917585198887
0.0918754581743
0.0919955388095
0.0921184920437
0.0922499435996
0.0923648010183
0.0924819175552
0.0925959217298
0.0927166352349
0.0928365286643
0.0929637224526
0.0930854535978
0.0932081990051
0.0933293305172
0.0934511301489
0.0935867190685
0.0937152381412
0.0938379537295
0.0939474035324
0.0940658995885
0.0941907829469
0.094296094271
0.0944237182638
0.0945423059752
0.0946753971676
0.0947942171895
0.0949163912781
0.0950342173843
0.0951540378341
0.0952761172966
0.0954002391175
0.0955227801487
0.0956385087625
0.0957693430216
0.0958919325362
0.0960185278405
0.0961433789015
0.0962589548581
0.0963797505284
0.0964890644859
0.0966057880454
0.0967254314527
0.096846184816
0.0969622556226
0.0970878141399
0.0972073590297
0.0973234606174
0.0974324307488
0.0975500821702
0.097676767085
0.0978024356302
0.0979313543007
0.0980454572457
0.0981741456459
0.0982970315052
0.0984176775474
0.0985492228774
0.0986790791278
0.0988017628521
0.098930322865
0.0990539657556
0.0991785370163
0.0993021854242
0.0994194252743
0.0995499366429
0.099672668223
0.0997977952413
0.0999135342387
0.100032450241
0.100153445633
0.100265218032
0.100376541156
0.100506301355
0.100619278532
0.100743300243
0.10086563852
0.100989538209
0.101118481959
0.101241565999
0.10136711927
0.101498418949
0.101635620805
0.101755927094
0.10187856321
0.102004428648
0.102120659712
0.102243136839
0.102365327908
0.102489316168
0.102619013236
0.102741323891
0.102852183928
0.102968135769
0.103087068282
0.103211694351
0.10333979086
0.10347157203
0.103600783435
0.103720323192
0.103851890241
0.103972196855
0.104088046956
0.104202491892
0.104313560215
0.104435646289
0.104569730459
0.104690797282
0.104815206135
0.10494057539
0.105057774613
0.105182589505
0.105295560612
0.105427512867
0.105548361971
0.105672793101
0.105776948132
0.105900687032
0.106023182352
0.106142109826
0.106257821844
0.106371571982
0.106499809959
0.106627036339
0.106752703518
0.106872565926
0.107000544733
0.107122798592
0.107250949409
0.107386667702
0.10750690817
0.107629104514
0.10775734357
0.107878483143
0.108001653407
0.108135875325
0.108272021978
0.108391122325
0.108517213597
0.108633967571
0.108755851088
0.108874750654
0.109010396863
0.109139266358
0.109265399106
0.109381607841
0.109500625343
0.109617596898
0.109752917119
0.109876666888
0.109997513702
0.110119422791
0.1102345875
0.110363884963
0.110487597132
0.110616197232
0.11075232463
0.110880717898
0.111002120155
0.111126343361
0.111249612599
0.111370262743
0.111485858836
0.111596620408
0.111717483744
0.11185508955
0.111983749721
0.112109996477
0.112236535864
0.112363744255
0.112488596657
0.112601963954
0.112724945238
0.112849660533
0.112975525129
0.11310486714
0.113234831284
0.113361299393
0.113483082067
0.113615310308
0.113727303844
0.113853813833
0.113971109255
0.114099508423
0.114230287553
0.114356217649
0.114481849864
0.114600019444
0.114732128025
0.11484805402
0.114973966858
0.115105234804
0.115221641634
0.115344401658
0.115468098431
0.11559004717
0.115715900291
0.115837749948
0.115967558234
0.116094449088
0.116221860492
0.116352599927
0.116478933234
0.116596788645
0.11672308686
0.116840522753
0.116973274424
0.117104297369
0.117229312688
0.117351771367
0.117469568795
0.11759706572
0.117719868397
0.117851094143
0.117976914061
0.118100188144
0.118226431396
0.118349914633
0.118473589965
0.118603903331
0.118732601461
0.118854859171
0.118982458641
0.119100856676
0.119225075326
0.119346508756
0.119467153453
0.119590804819
0.119716441522
0.11983824558
0.119958693335
0.120076932454
0.120201186395
0.120320510508
0.120443228792
0.12056418385
0.120698652282
0.120823440195
0.120957037398
0.121085701953
0.121211223573
0.121328625764
0.121459440627
0.121587798161
0.121703648079
0.121834262339
0.121957399772
0.122078598837
0.122197807978
0.122318732416
0.122445196337
0.122566987805
0.122690558362
0.122817274052
0.122940181199
0.123070929201
0.123202675068
0.123326766687
0.123464839222
0.123586499952
0.123716133537
0.123851708607
0.123964112407
0.124090419212
0.124231878064
0.124365213445
0.124495225257
0.124605901978
0.124728107071
0.124847501016
0.124972112774
0.125102725331
0.125229581473
0.125350598729
0.125477118017
0.125602584469
0.125732016338
0.125857469054
0.125978578699
0.126107313191
0.126241158714
0.126362794701
0.126492915195
0.126620347487
0.126750006132
0.126876519943
0.127005963424
0.127128453645
0.127248748503
0.127373437133
0.127499317652
0.127625135799
0.127752139694
0.127876611501
0.127998175597
0.128130380521
0.128253285171
0.128383525595
0.128509611191
0.128632108914
0.128758177632
0.128885414529
0.12901112747
0.129134619107
0.129262191029
0.12939038745
0.129521838442
0.129644758663
0.129774676432
0.129899186159
0.130027567529
0.130154551971
0.130279934772
0.130412268547
0.130535244161
0.130667364287
0.130789078679
0.130912510851
0.131028822636
0.131163547569
0.13128942474
0.131413162409
0.131533910378
0.131657605034
0.131785959569
0.131911172866
0.132036375115
0.132158498607
0.13228373083
0.132412289572
0.132541314384
0.132667191796
0.132796652316
0.132921815512
0.133048351745
0.133176586427
0.133300905156
0.133423089529
0.133546082795
0.133671402119
0.133787664825
0.133917842645
0.134043496659
0.134163840782
0.134285768285
0.134410722869
0.13453491609
0.134661511765
0.134780372933
0.134907373616
0.135036614393
0.135163180786
0.135287831199
0.135418506602
0.135543409926
0.13566478849
0.135789598944
0.13591472004
0.136051705935
0.136180969144
0.136298606496
0.136431205067
0.136554935987
0.136673136756
0.136798420695
0.136922034728
0.13704402622
0.137167276031
0.137293567923
0.137422134379
0.137548678242
0.137672677224
0.137793862301
0.137921895306
0.138048640233
0.138171229245
0.138295008555
0.138416772006
0.13854754512
0.138676571315
0.138802746473
0.138925947562
0.139050414529
0.139169399448
0.139293634264
0.13942385323
0.139542243064
0.139663553512
0.139783600333
0.139912123369
0.140044403986
0.14017835629
0.140308760809
0.14042897442
0.140554705984
0.140682277546
0.140812034778
0.140942013332
0.141070143454
0.141195223475
0.141326095585
0.141458366648
0.141584625659
0.1417076866
0.141826448356
0.141956665708
0.142077315255
0.142198155516
0.142324557723
0.142449794843
0.142573974384
0.142695470021
0.142820058127
0.142946745429
0.143077773856
0.143211680755
0.14333763256
0.143463937195
0.143587699255
0.143710172753
0.14383055746
0.143954258793
0.144084092644
0.144207111051
0.144335188617
0.144461768664
0.144592786109
0.144714173817
0.144837702869
0.1449651206
0.145091562212
0.145208333401
0.145335794115
0.145452703918
0.145573263416
0.145695319085
0.14582467153
0.145949907126
0.146071096066
0.14619705841
0.146322333925
0.146447749709
0.146577240216
0.146705260774
0.146829165126
0.146956122334
0.147082109351
0.147206478878
0.147336230314
0.147460440304
0.14758762649
0.147705960118
0.147827452676
0.147941264038
0.148065769016
0.148187641543
0.148309150127
0.148433139183
0.148563439714
0.148683161929
0.148806558272
0.148934810248
0.149066165394
0.149187643109
0.149309344003
0.149434555667
0.149560304393
0.149685665467
0.149808615602
0.149930525999
0.150050379124
0.150174318332
0.150297326275
0.150418227136
0.150539408151
0.150656937001
0.150777060586
0.150902068879
0.151028170886
0.151158243435
0.151284286345
0.151415281309
0.151540063213
0.151667153961
0.15178913627
0.151905130548
0.15202357934
0.152148022164
0.152272867736
0.152392004188
0.152510917921
0.15262855544
0.152752273097
0.152870776985
0.152998082186
0.153123532223
0.153247941753
0.153375271795
0.153489685979
0.153623038978
0.153747849443
0.153863302617
0.153984309654
0.154104293608
0.154230540301
0.154351391123
0.154476943768
0.154604906744
0.154738228817
0.154860926008
0.154984577519
0.155111924533
0.155234015149
0.155354203386
0.15547439521
0.155603693241
0.155728304142
0.155850467426
0.155975674793
0.156095300454
0.156213942963
0.156337646936
0.156460351772
0.156582605316
0.156704866219
0.156824203637
0.156940924966
0.157058219543
0.157187504523
0.157309982042
0.157434447913
0.157564401112
0.157685764592
0.157812134273
0.157936883059
0.158063047981
0.158180221003
0.158307486232
0.158431367628
0.158548862518
0.158669148818
0.158789147165
0.158911807996
0.159033168673
0.159156623873
0.15927961663
0.159410487444
0.159534462727
0.159665122238
0.159785648448
0.15991722054
0.160033723476
0.160159597524
0.160280706685
0.160395965421
0.160516084392
0.160639717316
0.160760341121
0.160886951536
0.161008704036
0.161121425702
0.161249943644
0.161370934204
0.161494963378
0.161622639167
0.161749843391
0.161867800518
0.16199103472
0.162115634258
0.162238655077
0.162370339646
0.162490231446
0.162614884622
0.162740586455
0.162861110304
0.162986595357
0.163109470646
0.16322965375
0.163353470986
0.163485422264
0.163605415813
0.163730602468
0.163854873132
0.163976982903
0.164102178245
0.164229379555
0.164348688638
0.1644738154
0.164602418552
0.164726813704
0.164852662953
0.164974948908
0.165096278485
0.165218717782
0.165347898362
0.165470152352
0.165590440471
0.165715492579
0.165843377253
0.165968913932
0.166087517465
0.166211940425
0.166336089579
0.166460387836
0.166572952659
0.166692831208
0.166814570443
0.16694020332
0.167065894538
0.167189984288
0.167312233819
0.167427785727
0.167548403097
0.167666529643
0.167787619907
0.167913842567
0.168036119766
0.168160946823
0.168283673529
0.168406582086
0.16853085307
0.168650113019
0.168782294077
0.168898186115
0.169022694945
0.16914453117
0.169266003363
0.169392110541
0.169515166372
0.169635150637
0.169758205641
0.16987673632
0.170001786672
0.170122676906
0.17024471294
0.170372258436
0.170495882953
0.170613293883
0.170742245921
0.170869632053
0.170992445053
0.171111117439
0.171233174792
0.171353276359
0.171477171742
0.171602520498
0.171724762084
0.171840548082
0.171962956759
0.172086006822
0.172212577656
0.17233510043
0.172459003998
0.172580877816
0.172705248251
0.172825765552
0.172947365781
0.173068026003
0.173188045274
0.173314824348
0.173438399899
0.173558514654
0.173675298341
0.173801479198
0.173924806314
0.17404179065
0.174163420116
0.174286090332
0.174406944469
0.174530296081
0.174653050239
0.174781048038
0.174900039386
0.175022518008
0.175144060564
0.175265048444
0.175391080503
0.17551366507
0.175639488357
0.175755106194
0.175878208507
0.176000922779
0.176120785436
0.176240774219
0.17635984017
0.176483475671
0.176609078624
0.176734350397
0.176855584653
0.176976659404
0.177098588261
0.177220206385
0.177337957646
0.177463830209
0.177587514209
0.17770855596
0.177826475447
0.177949955361
0.178068795187
0.178186980485
0.178311679095
0.178429362655
0.17855428997
0.178677784283
0.178800772593
0.178919777883
0.179033565347
0.179152497531
0.179275118749
0.179394843618
0.179514549204
0.179634509851
0.179757998807
0.179872494508
0.179989900789
0.18010838865
0.180230648969
0.18034737306
0.180468327762
0.180589891742
0.180712115735
0.180829993153
0.180952869087
0.18107912488
0.181200816356
0.181320742331
0.181444320951
0.181569379027
0.181690576671
0.181814835404
0.181937052128
0.182053022743
0.182169678249
0.182290463454
0.182412565914
0.182530915594
0.182649758182
0.182763470756
0.18288132758
0.182999748876
0.183121675992
0.183244537772
0.183359120643
0.183478221435
0.183597911107
0.183717156352
0.183836383757
0.183952232573
0.184070785162
0.184191371992
0.184312451937
0.184431963224
0.184545209987
0.184661658857
0.184782866532
0.184900628106
0.185018660264
0.18514602525
0.18526476033
0.185379093255
0.185498484075
0.185617550553
0.185739496513
0.185858852757
0.185977083735
0.186097343968
0.186218430687
0.186340040536
0.186454603451
0.186578441689
0.186696476266
0.186816360191
0.186935058784
0.187059815511
0.187182504086
0.187297336624
0.187419950571
0.187539308728
0.1876581465
0.187777548285
0.187897042348
0.188011518636
0.188128853666
0.1882529195
0.188373268738
0.1884923018
0.18861324698
0.188729765877
0.188846686908
0.188959032247
0.18907855581
0.189195975346
0.189309244552
0.189423208065
0.189545266254
0.189667134957
0.189782754391
0.189903192628
0.190022489556
0.190141456445
0.19025665115
0.190379693911
0.190495786966
0.190613524436
0.19072798311
0.190845766179
0.190964827079
0.191087036667
0.191202989562
0.191324402617
0.19144133702
0.191562771668
0.191681069594
0.191797347309
0.191912393044
0.192028583103
0.192148988818
0.192269251331
0.192385113104
0.192506875863
0.192624297531
0.192735807188
0.192854903325
0.192974353814
0.193087424922
0.193203887904
0.193322615066
0.19344585366
0.193562014595
0.193673836216
0.193792969718
0.193915341902
0.194033728786
0.194151920456
0.194266702235
0.194385462178
0.194501123907
0.194623676094
0.194744337194
0.194860024339
0.194980223956
0.195100661924
0.195219104902
0.195334407468
0.195452663438
0.195569626981
0.19568614258
0.19580862442
0.195923281298
0.196043180754
0.196168178214
0.19628915831
0.196405392861
0.196517947406
0.196633289599
0.196754606847
0.196875525945
0.196990544379
0.197110371119
0.197227714293
0.197346007384
0.19745898402
0.19757824738
0.19769562069
0.197817617396
0.197936584242
0.19805804965
0.198174623431
0.198284345281
0.198404186635
0.198531596009
0.198645498427
0.198766626503
0.198885362885
0.198997620749
0.199117414884
0.199231816253
0.199355912125
0.199476111673
0.19959568585
0.199717399095
0.199832453424
0.199954727853
0.200074046032
0.200195478831
0.200311138218
0.20042456608
0.200542987822
0.200661703686
0.200777092911
0.200891197565
0.201002303987
0.201115325794
0.201228883184
