
row1col1
West 1.41166722053e-05
East 1.41225406917e-05
North 1.41228888345e-05
South 1.41333066212e-05

row1col2
West 1.41670513356e-05
East 1.41744009975e-05
North 1.41622312854e-05
South 1.41898603677e-05

row1col3
West 1.42530351556e-05
East 1.4256854559e-05
North 1.42616886998e-05
South 1.45255671453e-05

row1col4
West 1.4370266245e-05
East 1.44004850699e-05
North 1.43648806301e-05
South 7.12649280486e-05

row1col5
West 1.44943366651e-05
East 1.44836771908e-05
North 1.44981335161e-05
South 1.57361876379e-05

row1col7
West 1.49224399527e-05
East 2.13898375752e-05
North 1.48294476796e-05
South 1.49934578954e-05

row1col8
West 1.49350909116e-05
East 1.49611152561e-05
North 1.49364736532e-05
South 0.00156411220246

row1col9
West 1.54167316946e-05
East 1.49989075443e-05
North 6.08886599777e-05
South 0.0163626193602

row1col10
West 1.49622699959e-05
East 1.48734076782e-05
North 1.49446015512e-05
South 6.85609350258e-05

row1col11
West 1.49290239845e-05
East 1.48663933701e-05
North 1.49345652183e-05
South 1.65726160248e-05

row1col13
West 0.00909110390864
East 0.291667353551
North 0.0153937222895
South 0.104079270008

row1col14
West 0.0403590182513
East 0.698648293447
North 0.155580921734
South 0.261335180528

row1col15
West 0.347632132018
East 0.506202968426
North 0.416080440906
South 0.812819072942

row1col16
West 0.359085427996
East 0.386849709095
North 0.405215995591
South 0.849363817729

row1col18
West 1.717e-05
East 1.717e-05
North 1.717e-05
South 1.717e-05

row1col19
West 0.900576139882
East 0.123670120224
North 0.22351189315
South 0.156735932305

row1col20
West 0.613077836597
East 0.0164024984368
North 0.0725930669364
South 0.033871002367

row1col21
West 0.252750991872
East 0.00276290213406
North 0.00950860710363
South 0.0018982298942

row1col22
West 0.0350852777993
East 0.000461858181243
North 0.000623468339482
South 0.00012297148903

row2col1
West 1.41264056959e-05
East 1.43454565925e-05
North 1.41342916147e-05
South 1.41091933e-05

row2col2
West 1.42055570234e-05
East 2.1912052273e-05
North 1.4187367498e-05
South 1.41836151762e-05

row2col3
West 1.4266938765e-05
East 0.000327287195911
North 1.42932472845e-05
South 1.43107643623e-05

row2col4
West 1.44358664727e-05
East 1.51631347574e-05
North 1.44135006859e-05
South 0.00291120408576

row2col5
West 3.61564243901e-05
East 1.52572282059e-05
North 1.45080896328e-05
South 0.000830761794559

row2col7
West 1.49364617508e-05
East 0.000860966617118
North 1.50228845675e-05
South 1.50339522094e-05

row2col8
West 4.0990711358e-05
East 0.0236372751651
North 1.48544152588e-05
South 4.13777746749e-05

row2col9
West 1.63287047625e-05
East 1.73962448227e-05
North 0.000711176644555
South 0.131303253954

row2col10
West 0.00144473530031
East 1.76152784163e-05
North 1.4958257088e-05
South 0.00012332124168

row2col11
West 1.50250507417e-05
East 1.50689567272e-05
North 1.49291422018e-05
South 0.000786079811077

row2col13
West 0.219126605925
East 0.753649220197
North 0.081906551169
South 0.287245622908

row2col14
West 0.396377048644
East 0.814313013618
North 0.321908711658
South 0.515689981203

row2col15
West 0.74220484314
East 0.857388985072
North 0.75232575949
South 0.76234743939

row2col16
West 0.804824464895
East 0.902514721129
North 0.761876288238
South 0.794016204027

row2col17
West 0.855165243824
East 0.950015495925
North 0.898814224874
South 0.901596979853

row2col18
West 0.897178595108
East 0.86819564246
North 1.0000163115
South 0.852003570886

row2col19
West 0.945200643082
East 0.0698704226432
North 0.410607013345
South 0.229417172805

row2col20
West 0.553426943217
East 0.00976259529661
North 0.0899496868413
South 0.0179155947332

row2col21
West 0.162663924555
East 0.00079735974519
North 0.0210877680344
South 0.00597372478802

row2col22
West 0.010569241149
East 0.00039080405912
North 0.00109115953073
South 2.52443523815e-05

row3col1
West 1.40845503611e-05
East 1.41007970478e-05
North 1.40837647874e-05
South 1.41065319685e-05

row3col2
West 1.41870330098e-05
East 1.58661001467e-05
North 1.42215621014e-05
South 1.41877989015e-05

row3col3
West 1.42597362035e-05
East 8.95225972183e-05
North 1.43592245585e-05
South 1.43466794642e-05

row3col4
West 1.69627201529e-05
East 0.0128831664522
North 1.45527380734e-05
South 1.59092449362e-05

row3col5
West 0.000121726716623
East 0.000516600138279
North 1.73258764047e-05
South 0.0453100111366

row3col7
West 1.50488053857e-05
East 0.0036555236856
North 2.61111163187e-05
South 1.50558688475e-05

row3col8
West 1.51086206074e-05
East 0.0568220010885
North 1.86149987482e-05
South 1.90495467454e-05

row3col9
West 0.000825532956327
East 0.00414140331328
North 0.0026378263201
South 0.342603308308

row3col10
West 0.100344630166
East 1.71072923743e-05
North 1.76916886702e-05
South 0.000392326086839

row3col11
West 0.0138720806774
East 1.88254841101e-05
North 1.58213502488e-05
South 1.51437169748e-05

row3col13
West 0.676547371496
East 0.735103881076
North 0.650969937407
South 0.635117864548

row3col14
West 0.645602639762
East 0.773793559028
North 0.736805113701
South 0.716171191383

row3col15
West 0.69948785869
East 0.786957702033
North 0.814519535819
South 0.752770890613

row3col16
West 0.534473161396
East 0.590728783103
North 0.856891059741
South 0.44304079788

row3col18
West 0.550335234852
East 0.330037742889
North 0.947288905676
South 0.483344568769

row3col19
West 0.805394305651
East 0.0425718443342
North 0.13274808953
South 0.0956100627944

row3col20
West 0.428620021651
East 0.00424992160654
North 0.0519142711358
South 0.00290289673404

row3col21
West 0.133417982196
East 4.96645908081e-05
North 0.00372087333082
South 0.0017202914568

row3col22
West 0.016139913172
East 6.77177772883e-05
North 0.000255821325387
South 3.40987637055e-05

row4col5
West 0.000211443781402
East 0.000358768427654
North 1.79339828145e-05
South 0.128415460806

row4col9
West 0.0725431372795
East 0.0405796937351
North 0.00720196741409
South 0.484810077721

row4col13
West 0.624132214018
East 0.623506624486
North 0.698348687022
South 0.589923719583

row5col1
West 1.37167964323e-05
East 1.37148777817e-05
North 1.37282854282e-05
South 1.37255529052e-05

row5col2
West 1.37475234987e-05
East 1.37284199069e-05
North 1.37375691692e-05
South 1.3755106536e-05

row5col3
West 1.37866954222e-05
East 1.38030191292e-05
North 1.37997200009e-05
South 1.65813231597e-05

row5col5
West 0.00854564601178
East 0.273441758951
North 0.000119339844979
South 0.00198930664496

row5col6
West 0.0182848865765
East 0.417837951673
North 0.0121919424982
South 0.0612782543612

row5col7
West 0.101256353664
East 0.487613750828
North 0.170048434277
South 0.200398227212

row5col8
West 0.228648836015
East 0.513338488468
North 0.245996809214
South 0.124886269508

row5col9
West 0.289883947963
East 0.540367800048
North 0.243506497669
South 0.147581681091

row5col10
West 0.368804559484
East 0.568809264232
North 0.378290683664
South 0.329208446243

row5col11
West 0.397052940124
East 0.598746692658
North 0.414771793303
South 0.239550783866

row5col12
West 0.4955117254
East 0.630259689049
North 0.471157575469
South 0.389933847869

row5col13
West 0.568821769659
East 0.553586662186
North 0.66343125267
South 0.555785139772

row5col14
West 0.629303819517
East 0.222632271551
North 0.348606291066
South 0.205031615751

row5col15
West 0.574005148508
East 0.0482805740261
North 0.197942684721
South 0.056982470456

row5col16
West 0.425118733316
East 0.0255407716955
North 0.0251639324037
South 0.0635583589596

row5col17
West 0.21939594472
East 2.69388212988e-05
North 0.00459526502007
South 0.0188956074811

row5col18
West 0.00060026040809
East 0.000712187568819
North 1.59721153234e-05
South 0.0609199129517

row5col20
West 6.98304931681e-05
East 1.51201515101e-05
North 0.000126124156987
South 0.009743182066

row5col21
West 0.000580070395794
East 1.5086758085e-05
North 1.51115042258e-05
South 1.51477752714e-05

row5col22
West 4.03450476725e-05
East 1.51001001772e-05
North 1.51179354708e-05
South 1.51026698638e-05

row6col1
West 1.37951048873e-05
East 1.37690351155e-05
North 1.37813978406e-05
South 1.37543851933e-05

row6col2
West 1.38347981803e-05
East 3.68094570332e-05
North 1.38154002082e-05
South 1.38242494107e-05

row6col3
West 1.38768307477e-05
East 1.38708074754e-05
North 1.38604185194e-05
South 0.000597044748934

row6col5
West 0.000219186593469
East 0.139797639849
North 0.00151667907921
South 0.000242133820638

row6col6
West 0.0173695897446
East 0.438429356967
North 0.100296734417
South 0.094271417221

row6col7
West 0.0847419920339
East 0.104604282606
North 0.462857384596
South 0.123447516806

row6col8
West 0.0446446422265
East 0.00711099545574
North 0.356888977978
South 0.0149766625462

row6col9
West 0.0159687796517
East 0.032943480383
North 0.364238293427
South 0.0383373324542

row6col10
West 0.0451979324734
East 0.134363811021
North 0.527944767398
South 0.0550092355894

row6col11
West 0.0626618949368
East 0.0798121271433
North 0.461678306574
South 0.0306155122939

row6col12
West 0.0812344242958
East 0.5477146537
North 0.267607666533
South 0.0774446241201

row6col13
West 0.243551546416
East 0.312626788199
North 0.630259435226
South 0.422301589655

row6col14
West 0.598734603033
East 0.188836013082
North 0.304146380593
South 0.230638877696

row6col15
West 0.568709716012
East 0.201109623491
North 0.210238628135
South 0.255510490089

row6col16
West 0.539836335352
East 0.15331383892
North 0.153850126736
South 0.141661859793

row6col17
West 0.511461021658
East 0.0739177123739
North 0.0751315490691
South 0.0954460813908

row6col18
West 0.387213429803
East 0.00140766623413
North 0.0049634607686
South 0.00827802444926

row6col19
West 0.197598824559
East 0.00112036591815
North 0.00117740232343
South 0.000503647655119

row6col20
West 0.072652241608
East 9.46672501806e-05
North 1.51717767039e-05
South 2.12871069703e-05

row6col21
West 0.0119214947096
East 1.51258227549e-05
North 1.51062969728e-05
South 1.51156622446e-05

row6col22
West 0.000602584177128
East 1.51543151929e-05
North 1.51429691757e-05
South 1.51150458628e-05

row7col1
West 1.38569505641e-05
East 1.38577271982e-05
North 1.38067164468e-05
South 1.3841953393e-05

row7col2
West 1.39155521175e-05
East 9.2285255092e-05
North 1.38903413586e-05
South 1.38906508295e-05

row7col3
West 1.4548054482e-05
East 1.40350633844e-05
North 1.40586948916e-05
South 0.00481369105739

row7col5
West 1.48453809163e-05
East 0.123185130845
North 0.00114938762233
South 0.000368314412527

row7col6
West 0.0182047235007
East 0.0807808618512
North 0.413137310477
South 0.0601505923492

row7col10
West 0.0327103813134
East 0.06703584783
North 0.43388314171
South 0.00305980057538

row7col17
West 0.10884783328
East 0.0159545236967
North 0.481746715371
South 0.0989207988157

row7col18
West 1.77082146279e-05
East 0.00261426598613
North 0.110499089796
South 0.00231760255155

row7col20
West 3.81659944116e-05
East 1.50703832882e-05
North 0.00484302957463
South 1.50270414771e-05

row7col21
West 5.29085898595e-05
East 1.5017961219e-05
North 0.000809135439619
South 1.50697127281e-05

row7col22
West 3.28623103821e-05
East 1.49758667139e-05
North 1.49889481709e-05
South 1.4926486618e-05

row8col1
West 1.39068796074e-05
East 5.56880316797e-05
North 1.39134256227e-05
South 1.38981464697e-05

row8col2
West 1.39878727163e-05
East 0.00313406763943
North 1.3917551489e-05
South 1.39795402538e-05

row8col3
West 1.40728101804e-05
East 0.0310287198588
North 1.5571095376e-05
South 0.000189660353822

row8col4
West 0.000426753037056
East 0.098532804511
North 0.00212557333105
South 1.44976830095e-05

row8col5
West 5.52831762156e-05
East 0.232734038559
North 0.00623619064278
South 0.000631437232417

row8col6
West 0.0175624399518
East 0.0518162751192
North 0.385517470187
South 0.0210942794495

row8col8
West 1.51763355241e-05
East 0.00314254084927
North 1.62690112816e-05
South 1.51654241928e-05

row8col9
West 1.52812519389e-05
East 0.0741981527443
North 0.0026043337226
South 1.52009667609e-05

row8col10
West 0.000697804391132
East 0.000999593733723
North 0.286469056404
South 0.00251496450205

row8col11
West 0.116344925375
East 4.47967243055e-05
North 6.62545922219e-05
South 1.63370225089e-05

row8col12
West 0.0343311586304
East 6.06909494412e-05
North 6.10293558416e-05
South 1.60128139426e-05

row8col13
West 0.00380641825549
East 1.48064248513e-05
North 6.67767921145e-05
South 1.96223263045e-05

row8col14
West 0.000186396951652
East 1.47401826373e-05
North 1.47225889034e-05
South 1.48598371533e-05

row8col15
West 2.07362521819e-05
East 1.46370053748e-05
North 1.46668376844e-05
South 1.46729155107e-05

row8col17
West 0.0818171142622
East 0.0140427143225
North 0.449178958472
South 0.0548842341215

row8col18
West 0.101509636364
East 0.00539421469955
North 0.000102105400228
South 0.000503787022506

row9col5
West 6.17163885941e-05
East 0.0703409937311
North 0.0025822901361
South 1.44106403763e-05

row9col6
West 0.0086797757824
East 0.00719437716658
North 0.34979641977
South 0.0381433348584

row9col8
West 1.7332996662e-05
East 0.000601776001654
North 1.84740050221e-05
South 1.75060569442e-05

row9col9
West 1.54177809959e-05
East 1.63663803376e-05
North 0.00745379997267
South 1.5108438225e-05

row9col10
West 1.51429068778e-05
East 1.50573456638e-05
North 0.0512577867534
South 2.43667811371e-05

row9col11
West 1.5330222022e-05
East 1.48074573557e-05
North 0.000199765731592
South 1.60455583775e-05

row9col12
West 1.48966035475e-05
East 1.48173873057e-05
North 0.00293809578838
South 1.51802149121e-05

row9col13
West 1.56237721679e-05
East 1.46817588798e-05
North 0.000196381525954
South 1.50401795668e-05

row9col14
West 2.49179385858e-05
East 1.46374118785e-05
North 1.62887760003e-05
South 1.46372805141e-05

row9col15
West 1.48403109899e-05
East 1.45869325828e-05
North 1.45938089851e-05
South 1.45718897474e-05

row9col17
West 0.0439526263791
East 0.00764696682331
North 0.411298519665
South 0.0102750965594

row9col18
West 0.0884844494479
East 0.00107738150166
North 1.49603285737e-05
South 2.24093849808e-05

row9col20
West 1.24293672135e-05
East 1.24153499067e-05
North 1.24346650607e-05
South 1.24409208917e-05

row9col21
West 1.24374994945e-05
East 1.24513521159e-05
North 1.2427912766e-05
South 1.24288605706e-05

row9col22
West 1.24677345009e-05
East 1.24503814125e-05
North 1.24630623912e-05
South 1.24455098818e-05

row10col1
West 1.3369250323e-05
East 1.33490616722e-05
North 1.33423199498e-05
South 1.33435400646e-05

row10col2
West 1.34069149904e-05
East 1.33896144542e-05
North 1.33841013572e-05
South 1.51906517206e-05

row10col3
West 1.3447244046e-05
East 1.34588258459e-05
North 1.34723088697e-05
South 1.34513942239e-05

row10col5
West 0.00826072613433
East 0.225643148158
North 0.00187645016375
South 0.00187325280395

row10col6
West 0.00181443485072
East 0.0134591052584
North 0.306528658948
South 0.00540723730339

row10col17
West 0.0330455055572
East 0.00247489663
North 0.365307813937
South 0.0276747682041

row10col18
West 0.0534008902776
East 3.45657320565e-05
North 0.000790472145008
South 1.46606261268e-05

row10col20
West 1.25060206316e-05
East 1.24764142915e-05
North 1.24848286821e-05
South 1.24931387114e-05

row10col21
West 1.24723410211e-05
East 1.24574848474e-05
North 1.24740295695e-05
South 1.24848939506e-05

row10col22
West 1.24843449066e-05
East 1.24585618669e-05
North 1.2492414049e-05
South 1.2467386214e-05

row11col1
West 1.33535135682e-05
East 3.4298569935e-05
North 1.33550944303e-05
South 1.33486530296e-05

row11col2
West 1.34272639054e-05
East 0.000516667579684
North 1.3418763396e-05
South 1.34201202164e-05

row11col3
West 1.34270812935e-05
East 0.00483586427494
North 1.35353860834e-05
South 1.35524607777e-05

row11col4
West 1.37222109928e-05
East 0.0298511035986
North 1.50882072332e-05
South 1.50688048457e-05

row11col5
West 0.000296569798744
East 9.9841826795e-05
North 0.141457701086
South 0.000154419829648

row11col6
West 0.00342158402992
East 0.00641983056343
North 0.188099104812
South 0.00352113251614

row11col8
West 1.25681423602e-05
East 1.25470187304e-05
North 1.255610482e-05
South 1.25611866886e-05

row11col9
West 1.25741482518e-05
East 1.25559542921e-05
North 1.25690469819e-05
South 1.25661290015e-05

row11col10
West 1.25546159298e-05
East 1.25351211951e-05
North 1.25312502608e-05
South 1.25316626232e-05

row11col12
West 1.37612349968e-05
East 1.37536216372e-05
North 1.37671026785e-05
South 1.43929443376e-05

row11col13
West 1.38424121914e-05
East 1.38536780029e-05
North 1.38614465845e-05
South 1.42373034807e-05

row11col14
West 1.39462619343e-05
East 1.39955636437e-05
North 1.39298987254e-05
South 0.000120608631638

row11col15
West 1.40287715843e-05
East 1.40245653653e-05
North 1.40522612319e-05
South 0.000121036611384

row11col17
West 0.0237187039775
East 0.00170636936631
North 0.312381473824
South 0.00397856049909

row11col18
West 0.0167519603159
East 1.45421153506e-05
North 1.46122790622e-05
South 0.000874305259295

row11col20
West 1.25630644908e-05
East 1.25946358468e-05
North 1.25517062693e-05
South 1.2578590531e-05

row11col21
West 1.25696608027e-05
East 1.26141901054e-05
North 1.25917771225e-05
South 1.41405758874e-05

row11col22
West 1.25625351833e-05
East 1.25719500524e-05
North 1.25558208067e-05
South 1.25540518319e-05

row12col1
West 1.33239736854e-05
East 1.33408886364e-05
North 1.33186540765e-05
South 1.33298916665e-05

row12col2
West 1.33959031091e-05
East 1.33935626815e-05
North 1.37275833401e-05
South 1.3397306836e-05

row12col3
West 1.34251737536e-05
East 1.34586197673e-05
North 8.12781813242e-05
South 1.34525891431e-05

row12col5
West 0.000207455185566
East 0.000519416459188
North 0.063159220468
South 1.44356039095e-05

row12col6
West 0.000127017489063
East 0.00138224616599
North 0.101716693412
South 0.000549713590477

row12col8
West 1.25903385637e-05
East 1.25791464598e-05
North 1.25746180164e-05
South 1.25767023169e-05

row12col9
West 1.26302114311e-05
East 1.26256802566e-05
North 1.26151777472e-05
South 1.26420021119e-05

row12col10
West 1.25552838293e-05
East 1.25680758677e-05
North 1.25548980837e-05
South 1.258031736e-05

row12col12
West 1.38172932913e-05
East 3.95422570137e-05
North 1.38135469782e-05
South 1.38161286489e-05

row12col13
West 1.38898553656e-05
East 0.000426064314148
North 1.38975853365e-05
South 1.39083945005e-05

row12col14
West 1.90823356068e-05
East 0.00398178528581
North 1.4054169506e-05
South 1.4332510297e-05

row12col15
West 1.40720361135e-05
East 0.0210819423535
North 1.46998455456e-05
South 0.000143279941093

row12col16
West 0.00017344255483
East 0.0789232331292
North 0.00024321820173
South 0.00133200868917

row12col17
West 0.00508647007806
East 0.00438334481955
North 0.255094828196
South 0.00194591369663

row12col18
West 0.0514288407763
East 1.43432407988e-05
North 0.000524766993389
South 3.65492445869e-05

row12col20
West 1.26638566337e-05
East 1.37515397328e-05
North 1.26484941723e-05
South 1.26602891683e-05

row12col21
West 1.27446334359e-05
East 1.26936845772e-05
North 1.27298464131e-05
South 3.82152670119e-05

row12col22
West 1.29714409717e-05
East 1.26101899991e-05
North 1.26231564413e-05
South 1.26207440066e-05

row13col5
West 1.58075040667e-05
East 0.000166297220495
North 0.0181419886043
South 1.55163711682e-05

row13col6
West 1.36340960437e-05
East 7.03163705572e-05
North 0.0436270341059
South 0.000308521153336

row13col9
West 1.28375864444e-05
East 1.28737125152e-05
North 1.28403281152e-05
South 1.43056149935e-05

row13col17
West 0.0237177894485
East 0.000115969772123
North 0.188454812451
South 0.00524638577968

row13col18
West 2.50319457827e-05
East 1.41101440597e-05
North 0.00513721026892
South 2.72279074813e-05

row13col21
West 1.30046181689e-05
East 1.30108048649e-05
North 1.29611357197e-05
South 0.000227161590726

row14col1
West 1.27031896049e-05
East 1.27056904265e-05
North 1.26965483292e-05
South 1.26643946976e-05

row14col2
West 1.27911468097e-05
East 1.41459284706e-05
North 1.27623648584e-05
South 1.28204644836e-05

row14col3
West 1.29812494425e-05
East 4.72926785728e-05
North 1.29534800386e-05
South 1.29791836603e-05

row14col4
West 1.32137857638e-05
East 0.000842072895075
North 1.3243715552e-05
South 1.34262033499e-05

row14col5
West 1.34531824069e-05
East 1.34277851786e-05
North 0.00436731358775
South 1.33670815812e-05

row14col6
West 1.39620230679e-05
East 0.000101608525459
North 0.0161566294318
South 1.38791826822e-05

row14col7
West 0.00504713724422
East 1.33028207233e-05
North 1.33177610355e-05
South 1.3306431983e-05

row14col8
West 0.000645208989277
East 1.31647831549e-05
North 1.3148194471e-05
South 1.31721648627e-05

row14col9
West 5.46137921779e-05
East 1.31123252881e-05
North 1.3052447371e-05
South 1.31005200275e-05

row14col10
West 1.3142743432e-05
East 1.3130790446e-05
North 1.31397994821e-05
South 1.31174492727e-05

row14col11
West 1.31737248859e-05
East 1.39685517756e-05
North 1.31760540237e-05
South 1.31798477249e-05

row14col12
West 1.3270572486e-05
East 3.27044158548e-05
North 1.32895444174e-05
South 1.32672605251e-05

row14col13
West 1.33469872428e-05
East 0.000315765449779
North 1.33493437762e-05
South 1.33561481151e-05

row14col14
West 1.34152687577e-05
East 0.00301640691295
North 3.32897589986e-05
South 1.34400972671e-05

row14col15
West 4.29603727386e-05
East 0.0309897055868
North 0.000326091768974
South 5.63784784568e-05

row14col16
West 0.000122905675314
East 0.068470648378
North 0.000703982600903
South 0.000246628979182

row14col17
West 0.00233555850516
East 0.00198051329271
North 0.129646333536
South 0.000654140777647

row14col18
West 0.0564270432576
East 6.67236844198e-05
North 1.5369342525e-05
South 1.68700463273e-05

row14col19
West 0.020129564219
East 1.61977126707e-05
North 4.25282974645e-05
South 1.56726874258e-05

row14col20
West 0.00530639351749
East 1.41986544435e-05
North 0.000149352572201
South 1.35501785863e-05

row14col21
West 0.00123631312831
East 1.33477484907e-05
North 1.31843849318e-05
South 1.42652764264e-05

row14col22
West 6.7258624253e-05
East 1.31968406176e-05
North 1.31752046502e-05
South 1.31751707163e-05

row15col1
West 1.26335994145e-05
East 1.26102298364e-05
North 1.2612214622e-05
South 1.26113161763e-05

row15col2
West 1.26419378991e-05
East 1.33257707043e-05
North 1.26458761932e-05
South 1.2624213753e-05

row15col3
West 1.28810690119e-05
East 2.3947938424e-05
North 1.29242386435e-05
South 1.29293879615e-05

row15col4
West 1.30932973108e-05
East 1.31440635169e-05
North 0.00012608573374
South 1.31260858779e-05

row15col5
West 1.32851890295e-05
East 1.32657776551e-05
North 1.37471029751e-05
South 1.32703592434e-05

row15col6
West 1.32978437932e-05
East 1.33017029031e-05
North 0.000289715002703
South 1.33240480541e-05

row15col7
West 1.31913055689e-05
East 1.31771064517e-05
North 0.000839049607408
South 1.32144283362e-05

row15col8
West 3.81345478666e-05
East 1.31474553904e-05
North 1.31589067344e-05
South 1.31523212875e-05

row15col9
West 1.31152407318e-05
East 1.31096571033e-05
North 1.30848234275e-05
South 1.3098074311e-05

row15col10
West 1.3089949911e-05
East 1.31129649758e-05
North 1.30974307392e-05
South 1.31066191567e-05

row15col11
West 1.31411525876e-05
East 1.31499828777e-05
North 1.31535612406e-05
South 1.31527007471e-05

row15col12
West 1.32227266623e-05
East 1.3253669606e-05
North 1.32561325267e-05
South 1.32416785705e-05

row15col13
West 1.33115836636e-05
East 1.40187396073e-05
North 1.33279316953e-05
South 1.33194142095e-05

row15col14
West 1.33782046116e-05
East 1.34200624529e-05
North 0.000100980694548
South 1.36032018804e-05

row15col15
West 1.35052998257e-05
East 1.54117919189e-05
North 0.0108252820507
South 3.9716724242e-05

row15col16
West 1.36091946925e-05
East 2.20766238406e-05
North 0.00733491488734
South 1.36126217001e-05

row15col17
West 1.3778345666e-05
East 1.37118789616e-05
North 0.00620497248708
South 4.29892568589e-05

row15col18
West 3.11094525199e-05
East 1.36964911181e-05
North 0.000208112656403
South 1.36920120942e-05

row15col19
West 1.51942580887e-05
East 1.35883828151e-05
North 0.00141658050225
South 1.35324080538e-05

row15col20
West 1.34317181616e-05
East 1.33849446481e-05
North 5.43143739796e-05
South 1.34473596787e-05

row15col21
West 1.32479398762e-05
East 1.32311523218e-05
North 7.14178829732e-05
South 1.32701493946e-05

row15col22
West 1.56050827524e-05
East 1.31363260169e-05
North 1.31366540992e-05
South 1.31187768154e-05

row16col2
West 1.2281365733e-05
East 1.22996129499e-05
North 1.23033916965e-05
South 1.22919829959e-05

row16col7
West 1.30194230817e-05
East 1.30321652393e-05
North 9.55418863058e-05
South 1.30372626105e-05

row16col15
West 1.3294506334e-05
East 1.32229473565e-05
North 0.00307601743034
South 1.32192476926e-05

row17col1
West 1.19580723286e-05
East 1.19593624431e-05
North 1.19623330613e-05
South 1.19855149029e-05

row17col2
West 1.20258886483e-05
East 1.20238077226e-05
North 1.20225695675e-05
South 1.20174448028e-05

row17col3
West 1.1914532826e-05
East 1.1913594239e-05
North 1.19260968604e-05
South 1.19015966379e-05

row17col4
West 1.18805203029e-05
East 1.19033953252e-05
North 1.18909497341e-05
South 1.19038217847e-05

row17col6
West 1.2737918537e-05
East 1.27441411139e-05
North 1.27487704171e-05
South 1.27278952206e-05

row17col7
West 1.27935461282e-05
East 1.27975455537e-05
North 1.89963221213e-05
South 1.28334028235e-05

row17col8
West 1.2962989257e-05
East 1.27009535548e-05
North 1.26892670917e-05
South 1.26596804725e-05

row17col9
West 1.25824611825e-05
East 1.25820729167e-05
North 1.25966137911e-05
South 1.25884379683e-05

row17col10
West 1.25122579511e-05
East 1.25082080289e-05
North 1.25358690644e-05
South 1.25086337202e-05

row17col11
West 1.24811878731e-05
East 1.2472514045e-05
North 1.24749699546e-05
South 1.24711916872e-05

row17col13
West 1.27479035713e-05
East 1.29058466154e-05
North 1.28025108337e-05
South 1.27987570597e-05

row17col14
West 1.28481658341e-05
East 2.73718572061e-05
North 1.28464238366e-05
South 1.27988271206e-05

row17col15
West 1.28901884811e-05
East 1.32842619022e-05
North 0.000753712333714
South 1.29592521009e-05

row17col16
West 0.000143906272433
East 1.27877450214e-05
North 1.28205743274e-05
South 1.28071409848e-05

row17col18
West 1.19179805171e-05
East 1.18984867973e-05
North 1.19017627267e-05
South 1.19019061286e-05

row17col19
West 1.18491910775e-05
East 1.18503167525e-05
North 1.18313497074e-05
South 1.18267870999e-05

row17col20
West 1.17962171642e-05
East 1.17827940097e-05
North 1.17929908732e-05
South 1.17790509457e-05

row17col21
West 1.1756819305e-05
East 1.17631905007e-05
North 1.17492246336e-05
South 1.17435162464e-05

row17col22
West 1.17423014803e-05
East 1.17510556824e-05
North 1.17441824651e-05
South 1.17327221382e-05

row18col1
West 1.19441691472e-05
East 1.1924579531e-05
North 1.19545354408e-05
South 1.19543251726e-05

row18col2
West 1.19390206367e-05
East 1.19196937066e-05
North 1.19177854836e-05
South 1.19426656988e-05

row18col3
West 1.18902240422e-05
East 1.18965104007e-05
North 1.18906460951e-05
South 1.1898031209e-05

row18col4
West 1.19022206676e-05
East 1.19048835788e-05
North 1.19089805395e-05
South 1.1882255549e-05

row18col6
West 1.27117636853e-05
East 1.26838321436e-05
North 1.26898232199e-05
South 1.26836975072e-05

row18col7
West 1.2686956435e-05
East 1.26784342805e-05
North 1.27116444253e-05
South 1.26862216127e-05

row18col8
West 1.26155937917e-05
East 1.26378451473e-05
North 1.25952251395e-05
South 1.26147744407e-05

row18col9
West 1.2567896793e-05
East 1.25679273684e-05
North 1.25650578237e-05
South 1.25662742225e-05

row18col10
West 1.2512417231e-05
East 1.25078191918e-05
North 1.25308935626e-05
South 1.25299832585e-05

row18col11
West 1.24650359688e-05
East 1.24746667123e-05
North 1.2478584793e-05
South 1.24706595505e-05

row18col13
West 1.27518352523e-05
East 1.27434339253e-05
North 1.27297381147e-05
South 1.27423478438e-05

row18col14
West 1.27591700647e-05
East 1.33999797855e-05
North 1.27609246482e-05
South 1.27334275587e-05

row18col15
West 1.27915339114e-05
East 1.2794147836e-05
North 3.98466893562e-05
South 1.27869170176e-05

row18col16
West 1.2643569617e-05
East 1.26461020774e-05
North 2.89404575185e-05
South 1.26401651108e-05

row18col17
West 1.36518525252e-05
East 1.22922597865e-05
North 1.23012030561e-05
South 1.22943108094e-05

row18col18
West 1.20267269855e-05
East 1.1992674388e-05
North 1.19685202493e-05
South 1.1981975003e-05

row18col19
West 1.18367771841e-05
East 1.18342549629e-05
North 1.18587797976e-05
South 1.18475567456e-05

row18col20
West 1.17701924885e-05
East 1.17750883251e-05
North 1.17682465193e-05
South 1.17683503813e-05

row18col21
West 1.1749191983e-05
East 1.17505279944e-05
North 1.1771285091e-05
South 1.17308277152e-05

row18col22
West 1.17292936737e-05
East 1.17334286437e-05
North 1.17306887439e-05
South 1.17551643254e-05

row19col1
West 1.19341213808e-05
East 1.19065205165e-05
North 1.1932900384e-05
South 1.19100343162e-05

row19col2
West 1.190152716e-05
East 1.19111183059e-05
North 1.19004159133e-05
South 1.18999635842e-05

row19col3
West 1.18840827948e-05
East 1.18847459376e-05
North 1.18745385682e-05
South 1.189170265e-05

row19col4
West 1.18703939386e-05
East 1.18830515964e-05
North 1.18958278623e-05
South 1.18811167569e-05

row19col6
West 1.26570090524e-05
East 1.26422164875e-05
North 1.26649105734e-05
South 1.26491969138e-05

row19col7
West 1.26456192887e-05
East 1.26294229446e-05
North 1.26330787756e-05
South 1.2659056548e-05

row19col8
West 1.26100115753e-05
East 1.2590084197e-05
North 1.25974701272e-05
South 1.25958850512e-05

row19col9
West 1.25750319262e-05
East 1.256446716e-05
North 1.25473449543e-05
South 1.25466235918e-05

row19col10
West 1.25482222144e-05
East 1.24966928287e-05
North 1.25276206652e-05
South 1.25259020997e-05

row19col11
West 1.2487333393e-05
East 1.24873840138e-05
North 1.24617564385e-05
South 1.24778554209e-05

row19col13
West 1.26651253995e-05
East 1.26736292628e-05
North 1.26643078614e-05
South 1.26856675177e-05

row19col14
West 1.26622699899e-05
East 1.26829134579e-05
North 1.26867252255e-05
South 1.26787743379e-05

row19col15
West 1.26790922521e-05
East 1.267959355e-05
North 1.35448608363e-05
South 1.2704156407e-05

row19col16
West 1.2608259462e-05
East 1.26116363871e-05
North 1.27088745979e-05
South 1.26299628476e-05

row19col18
West 1.18905333124e-05
East 1.18748743927e-05
North 1.18681388317e-05
South 1.18784281442e-05

row19col19
West 1.18002962471e-05
East 1.18080957146e-05
North 1.18111220976e-05
South 1.18020034604e-05

row19col20
West 1.17480153224e-05
East 1.17714130367e-05
North 1.17619122109e-05
South 1.17471625987e-05

row19col21
West 1.17497312504e-05
East 1.173690675e-05
North 1.17532368804e-05
South 1.17487632033e-05

row19col22
West 1.17529228147e-05
East 1.1763016005e-05
North 1.17478074094e-05
South 1.17703999494e-05
