
row1col1
West 1.43740970248e-05
East 1.43913353355e-05
North 1.43666481491e-05
South 1.43590482134e-05

row1col2
West 1.44417781882e-05
East 1.44485160452e-05
North 1.44401761998e-05
South 1.58183466154e-05

row1col3
West 1.45001964445e-05
East 2.88602815168e-05
North 1.45073653451e-05
South 1.4503588763e-05

row1col4
West 1.46183678214e-05
East 1.46448106116e-05
North 1.4623005584e-05
South 0.00100384010895

row1col5
West 1.46686225174e-05
East 1.47485706332e-05
North 1.61455722808e-05
South 0.00187761852769

row1col7
West 1.56686743691e-05
East 0.000101412341115
North 1.56700682612e-05
South 1.56626947167e-05

row1col8
West 1.67922795858e-05
East 2.58510795687e-05
North 1.57045971026e-05
South 0.00293031613802

row1col9
West 2.64308248882e-05
East 1.8380869992e-05
North 0.000223812673297
South 0.0214772250274

row1col10
West 0.000571668993923
East 1.87481990633e-05
North 1.59226505948e-05
South 1.56942756958e-05

row1col11
West 7.44598178724e-05
East 1.59225832936e-05
North 1.54977920285e-05
South 1.54391234761e-05

row1col13
West 0.451176762842
East 0.338988670967
North 0.529656491893
South 0.899874669562

row1col14
West 0.374017438084
East 0.914366011596
North 0.328765365163
South 0.570952320216

row1col15
West 0.300214641561
East 0.221717563214
North 0.434609363745
South 0.993110903554

row1col16
West 0.605722213135
East 0.107091681272
North 0.0691020299341
South 0.174397273917

row1col18
West 0.000857764711577
East 0.00171768443237
North 1.66972945404e-05
South 0.253831556531

row1col19
West 0.00887228965436
East 5.90729012444e-05
North 0.000105340905792
South 0.0724253812216

row1col20
West 0.00275903297397
East 0.000193825752384
North 0.000190074819032
South 0.0425867974162

row1col21
West 0.00819908582822
East 1.73406773327e-05
North 3.15072135752e-05
South 0.000110147014932

row1col22
West 0.000559189649441
East 1.6944455057e-05
North 1.66458593126e-05
South 1.86949911065e-05

row2col1
West 1.44078481457e-05
East 1.44365193253e-05
North 1.44074023859e-05
South 1.47639051056e-05

row2col2
West 1.44679955327e-05
East 1.44485190269e-05
North 1.45069142039e-05
South 0.000115313034169

row2col3
West 1.45055579001e-05
East 0.000390992000111
North 1.44562770434e-05
South 1.46418643682e-05

row2col4
West 1.49206755982e-05
East 4.79987310415e-05
North 1.47345681542e-05
South 0.0187723059877

row2col5
West 8.34414392332e-05
East 2.4007789109e-05
North 1.58617881505e-05
South 0.0440952507658

row2col7
West 1.5602676393e-05
East 1.56027509366e-05
North 1.55787478391e-05
South 0.000941294605257

row2col8
West 1.8554955673e-05
East 0.0343693736161
North 1.61019755915e-05
South 0.0013539935046

row2col9
West 0.000609262863227
East 0.00013860746212
North 0.000452542207978
South 0.202009318511

row2col10
West 0.00202234638488
East 1.89017513176e-05
North 1.57952688116e-05
South 0.00677058580817

row2col11
West 1.71377027932e-05
East 1.5573228986e-05
North 1.54741267781e-05
South 0.00292906801875

row2col13
West 0.899226263438
East 0.950015495925
North 0.837159739278
South 0.848417172831

row2col14
West 0.869347651868
East 1.0000163115
North 0.791917825465
South 0.868749999097

row2col15
West 1.717e-05
East 1.717e-05
North 1.717e-05
South 1.717e-05

row2col16
West 0.979739781754
East 0.214792646393
North 0.0703094817261
South 0.320473103126

row2col17
West 0.875581002951
East 0.0918326984577
North 0.21236106915
South 0.162303066319

row2col18
West 0.720889111151
East 0.0618027091307
North 0.0254051724602
South 0.0133325916957

row2col19
West 0.489084172454
East 0.00972244121358
North 0.00557608788281
South 0.00367569136683

row2col20
West 0.219963730215
East 0.00443580198901
North 0.00229822274482
South 0.000418836985899

row2col21
West 0.0597298956274
East 4.6817344042e-05
North 0.000345160227894
South 9.22648968822e-05

row2col22
West 0.0032516336864
East 1.66017725406e-05
North 1.7559106766e-05
South 1.66212076185e-05

row3col1
West 1.44613608219e-05
East 5.7713713657e-05
North 1.44474503818e-05
South 1.44561203699e-05

row3col2
West 1.45571822952e-05
East 0.0022015195305
North 1.45256840602e-05
South 1.58535401867e-05

row3col3
West 4.13984998955e-05
East 0.0234496470266
North 1.46739025721e-05
South 3.95041734458e-05

row3col4
West 2.47306163416e-05
East 0.123702340431
North 0.000330654102463
South 4.45820575487e-05

row3col5
West 0.000105609590558
East 0.00489103932505
North 0.00176080272248
South 0.280357366604

row3col7
West 5.92014205455e-05
East 0.017987193324
North 1.66456581331e-05
South 0.000139052947696

row3col8
West 4.72683694793e-05
East 0.171495742795
North 2.99026167119e-05
South 0.000201107792567

row3col9
West 0.00459642007863
East 0.0183103884964
North 0.0100288339081
South 0.528149091323

row3col10
West 0.235694615863
East 0.000478702354305
North 1.64022028257e-05
South 0.0197640161659

row3col11
West 0.0533107465046
East 1.80670461435e-05
North 1.55549938442e-05
South 1.57643811029e-05

row3col13
West 0.854076185359
East 0.893629167939
North 0.902514721129
South 0.811180930248

row3col14
West 0.556811184727
East 0.949586245852
North 0.622999091918
South 0.586682469749

row3col15
West 0.619754534611
East 0.459749024446
North 0.999981258864
South 0.706727505676

row3col16
West 0.833763022526
East 0.210335446435
North 0.238067928158
South 0.0870032139961

row3col18
West 0.00458312034862
East 0.000746234125968
North 0.11391225168
South 0.000657916686794

row3col19
West 0.00101635511673
East 5.1131283188e-05
North 0.0968622099304
South 0.000747811882272

row3col20
West 0.000802062167391
East 4.83032687656e-05
North 0.0183325548819
South 4.38786176918e-05

row3col21
West 0.000391644662589
East 1.81058836399e-05
North 0.00628396355788
South 1.66849347088e-05

row3col22
West 7.21496802162e-05
East 1.81288020353e-05
North 1.86005006315e-05
South 1.66282514851e-05

row4col5
West 0.0344653650445
East 0.0189571638154
North 0.00147622515064
South 0.437904597857

row4col9
West 0.141103750607
East 0.233998076983
North 0.131306247915
South 0.622062862716

row4col13
West 0.812839427539
East 0.811735255532
North 0.857388985072
South 0.769533929782

row5col1
West 1.45745136753e-05
East 1.46031778737e-05
North 1.45699539659e-05
South 1.56468303957e-05

row5col2
West 1.46297806092e-05
East 1.46289368867e-05
North 1.46378012843e-05
South 6.12422907526e-05

row5col3
West 1.46447234834e-05
East 1.46203957627e-05
North 1.46172307295e-05
South 0.000209864668375

row5col5
West 0.119512440742
East 0.531811857445
North 0.0863486350498
South 0.0516050634765

row5col6
West 0.277134099253
East 0.568808217038
North 0.365771931504
South 0.294539312232

row5col7
West 0.433661293996
East 0.598746515162
North 0.408677339479
South 0.358669294023

row5col8
West 0.446763458277
East 0.630259665618
North 0.479055367882
South 0.288335331546

row5col9
West 0.501569174132
East 0.663431250999
North 0.464892021383
South 0.474083811645

row5col10
West 0.573464346169
East 0.698348686911
North 0.615064860975
South 0.554840399613

row5col11
West 0.594655691295
East 0.735103881068
North 0.648426840082
South 0.545360531996

row5col12
West 0.666992848757
East 0.773793559027
North 0.717567743624
South 0.622329793548

row5col13
West 0.732002338671
East 0.730511923542
North 0.814519535819
South 0.703041864346

row5col14
West 0.773793558649
East 0.627582078225
North 0.681545451819
South 0.505574517036

row5col15
West 0.735103861536
East 0.493158777945
North 0.596583115994
South 0.447207638489

row5col16
West 0.690663116095
East 0.128914962615
North 0.239347921561
South 0.205920154079

row5col17
West 0.567792223268
East 0.0226528807874
North 0.0905350037116
South 0.0961190860447

row5col18
West 0.1764927363
East 0.014576789455
North 0.00177252415602
South 0.00266543299149

row5col20
West 1.64948542542e-05
East 1.57204403068e-05
North 1.56803226829e-05
South 0.0131973096787

row5col21
West 1.63969546438e-05
East 1.5482322067e-05
North 1.58226424648e-05
South 0.00129062130427

row5col22
West 1.55536009172e-05
East 1.55391744501e-05
North 1.55315963383e-05
South 1.56288806999e-05

row6col1
West 1.46865840225e-05
East 8.47463204314e-05
North 1.46666021627e-05
South 1.47134821771e-05

row6col2
West 1.50488050237e-05
East 1.49189532296e-05
North 1.46732356349e-05
South 0.00135317319445

row6col3
West 2.21138920588e-05
East 1.474470722e-05
North 1.65957017554e-05
South 0.00775227801395

row6col5
West 0.00501380188653
East 0.043143187518
North 0.296858281349
South 0.00529070155717

row6col6
West 0.0773744519977
East 0.257076440777
North 0.540357683433
South 0.312514412268

row6col7
West 0.0484869760201
East 0.0659309388946
North 0.538124939047
South 0.0313167356561

row6col8
West 0.0686972285547
East 0.142457706492
North 0.502432808207
South 0.0609959946581

row6col9
West 0.142399815657
East 0.144006433625
North 0.602397488337
South 0.109899197595

row6col10
West 0.269758408512
East 0.365451725295
North 0.66020517705
South 0.162382583808

row6col11
West 0.205334243576
East 0.216156149173
North 0.675175985221
South 0.236846055761

row6col12
West 0.229009756472
East 0.317635131724
North 0.718914129724
South 0.208466047512

row6col13
West 0.237991430071
East 0.32167549779
North 0.768155422646
South 0.366193339807

row6col14
West 0.370721059101
East 0.174846891001
North 0.705075568918
South 0.218316056344

row6col15
West 0.457958903206
East 0.386958342383
North 0.698347757699
South 0.490574352195

row6col16
West 0.663422122531
East 0.325105113851
North 0.366011134853
South 0.436361604707

row6col17
West 0.630212099674
East 0.211156789259
North 0.354816274585
South 0.192861881227

row6col18
West 0.526241049719
East 0.0224273817981
North 0.017831976472
South 0.0485470267804

row6col19
West 0.348740530112
East 0.0051438250927
North 0.0253634810824
South 0.0138245674598

row6col20
West 0.165041259269
East 0.000248810261307
North 0.000346087333261
South 0.000204074418879

row6col21
West 0.0370497217394
East 1.70023857496e-05
North 1.57072903972e-05
South 1.65808973825e-05

row6col22
West 0.00369227486928
East 1.54768905553e-05
North 1.5503991584e-05
South 1.54768276412e-05

row7col1
West 1.47441121077e-05
East 0.000666858646116
North 1.47773229215e-05
South 1.4768323818e-05

row7col2
West 1.47975470132e-05
East 0.0130575932596
North 2.4925941604e-05
South 0.000154947699526

row7col3
West 0.000347902448768
East 0.000147034802983
North 9.44331435757e-05
South 0.0565712063673

row7col5
West 0.000949559065019
East 0.186527783245
North 0.00907234751702
South 0.0141811170084

row7col6
West 0.0410293477982
East 0.245349211917
North 0.513288912614
South 0.237112684346

row7col10
West 0.109959368745
East 0.0616821694348
North 0.591362261849
South 0.0536679306091

row7col17
West 0.315695891304
East 0.105277471893
North 0.598523618988
South 0.271138280939

row7col18
West 0.344175567235
East 0.00445873669604
North 0.0236404411703
South 0.011718650717

row7col20
West 3.56268819858e-05
East 1.64784438899e-05
North 0.0208820334569
South 2.51074170924e-05

row7col21
West 0.000242791842835
East 1.54677248682e-05
North 1.87557211029e-05
South 1.69258423387e-05

row7col22
West 1.53978625522e-05
East 1.55328277869e-05
North 1.84537863812e-05
South 1.5415869594e-05

row8col1
West 1.47728425899e-05
East 1.47814329828e-05
North 4.21693837185e-05
South 1.47868074055e-05

row8col2
West 1.48630999118e-05
East 0.0119262495405
North 1.48355136589e-05
South 1.4812790135e-05

row8col3
West 2.00360329505e-05
East 0.151712357905
North 0.000776524496805
South 0.00773354702483

row8col4
West 0.00417142912027
East 0.297156033997
North 0.0174567591806
South 0.000751884827384

row8col5
West 0.0339139188463
East 0.4193650213
North 0.00878425591966
South 0.00879572974852

row8col6
West 0.10552408712
East 0.176010626871
North 0.487438319023
South 0.164720380198

row8col8
West 0.000153450308288
East 0.00767217699943
North 1.59158953176e-05
South 1.57984102353e-05

row8col9
West 0.000270060891222
East 0.111865654038
North 0.00128116374139
South 0.000579961744834

row8col10
West 0.00514822038543
East 0.0241517113639
North 0.461944809647
South 0.0140518787494

row8col11
West 0.25491932975
East 4.93062192191e-05
North 0.0106257779696
South 0.00108256534032

row8col12
West 0.0960375107762
East 1.64550830222e-05
North 0.000658780801453
South 5.15518020586e-05

row8col13
West 0.0200844022833
East 2.57258415569e-05
North 8.71853585305e-05
South 2.89759032636e-05

row8col14
West 0.00214594687197
East 1.54961060617e-05
North 1.74733038309e-05
South 1.54854671511e-05

row8col15
West 0.000180395538401
East 1.55109526956e-05
North 1.55085046053e-05
South 1.53168749109e-05

row8col17
West 0.178090696139
East 0.0999337498311
North 0.568062425543
South 0.199894650729

row8col18
West 0.275663865837
East 0.008236739131
North 0.0142318713639
South 0.00412053604434

row9col5
West 0.00258362081402
East 0.142882111918
North 0.00424032405147
South 0.00269600140763

row9col6
West 0.0164057310078
East 0.135138211235
North 0.462119988236
South 0.0964648859755

row9col8
West 1.59144627336e-05
East 0.00111150783874
North 9.17988371754e-05
South 1.59308888629e-05

row9col9
West 1.58494397308e-05
East 0.0215664461882
North 7.26240315285e-05
South 1.58420319345e-05

row9col10
West 0.000450423934327
East 0.000388955772942
North 0.161410711402
South 0.00634949872025

row9col11
West 0.0228409962316
East 4.83629346746e-05
North 0.000795349862801
South 2.37875740258e-05

row9col12
West 0.00178602485207
East 1.55908992217e-05
North 1.73342235845e-05
South 1.57379424754e-05

row9col13
West 2.19329612556e-05
East 1.55575876722e-05
North 0.000631508465407
South 1.55292262623e-05

row9col14
West 1.87157609857e-05
East 1.54897558845e-05
North 1.5401148103e-05
South 1.5478610294e-05

row9col15
West 1.54136946627e-05
East 1.54094531003e-05
North 1.54230520764e-05
South 1.53679512814e-05

row9col17
West 0.210902114633
East 0.066726069997
North 0.538247853728
South 0.130676093511

row9col18
West 0.296635043487
East 0.00875191379858
North 0.0143743256824
South 0.00247628234249

row9col20
West 1.30551930318e-05
East 1.3029859958e-05
North 1.30562131169e-05
South 1.30537108675e-05

row9col21
West 1.30944162782e-05
East 1.31097685223e-05
North 1.3111463252e-05
South 1.324112153e-05

row9col22
West 1.3088537472e-05
East 1.30984331958e-05
North 1.30791414815e-05
South 1.30790832083e-05

row10col1
West 1.40154538243e-05
East 1.40635554583e-05
North 1.40111465856e-05
South 1.40311800903e-05

row10col2
West 1.40201672969e-05
East 1.90401133462e-05
North 1.40117127344e-05
South 1.42432919609e-05

row10col3
West 1.4106422569e-05
East 1.40435466728e-05
North 1.53274584731e-05
South 0.00043371281314

row10col5
West 0.00398405398315
East 0.282143411981
North 0.0127727018591
South 0.000629638060808

row10col6
West 0.0328418272786
East 0.0759315622797
North 0.436224402941
South 0.112773434091

row10col17
West 0.112918356397
East 0.0132131971969
North 0.507649302853
South 0.101161112776

row10col18
West 0.00561205445162
East 0.00328245327315
North 0.077138731255
South 0.00205089417736

row10col20
West 1.31510810861e-05
East 1.31969054751e-05
North 1.31388440298e-05
South 1.3155634086e-05

row10col21
West 1.31932304636e-05
East 1.31386887112e-05
North 1.31791580117e-05
South 1.82760494946e-05

row10col22
West 1.32312917643e-05
East 1.31075174912e-05
North 1.31262930098e-05
South 1.31479211311e-05

row11col1
West 1.40497865528e-05
East 3.97028698726e-05
North 1.40624627801e-05
South 1.40322033998e-05

row11col2
West 1.40513669129e-05
East 0.000598562477371
North 1.39669304511e-05
South 1.41014528672e-05

row11col3
West 1.73402447165e-05
East 0.00636146814261
North 1.42428225079e-05
South 1.41666692062e-05

row11col4
West 4.92785114979e-05
East 0.0316745128237
North 1.43998335112e-05
South 1.67395723842e-05

row11col5
West 0.000710233105352
East 0.0027412721424
North 0.11762603216
South 1.95657632098e-05

row11col6
West 0.00381642105072
East 0.0681813585621
North 0.40602195749
South 0.0310442544456

row11col8
West 1.33869533932e-05
East 1.33857397612e-05
North 1.33967853082e-05
South 1.33797250543e-05

row11col9
West 1.34104115261e-05
East 1.34193333347e-05
North 1.3404733758e-05
South 1.54277770108e-05

row11col10
West 1.3390675606e-05
East 1.33821280191e-05
North 1.33991375826e-05
South 1.33753320084e-05

row11col12
West 1.45245583696e-05
East 1.45715913347e-05
North 1.45694793328e-05
South 1.45955507382e-05

row11col13
West 1.46633435497e-05
East 3.16798458333e-05
North 1.46853525182e-05
South 1.46686181381e-05

row11col14
West 1.4993358159e-05
East 1.48331942761e-05
North 1.48166912368e-05
South 0.000465315394953

row11col15
West 1.49122504986e-05
East 1.48627667478e-05
North 1.49027418598e-05
South 0.00174346036164

row11col17
West 0.12249953097
East 0.0138683785671
North 0.474924729885
South 0.0943764527601

row11col18
West 0.118522409113
East 0.00300218400005
North 0.00520818445032
South 0.000282453630555

row11col20
West 1.32262088169e-05
East 1.32385881912e-05
North 1.32426643359e-05
South 1.32321929453e-05

row11col21
West 1.32947510955e-05
East 1.3290725132e-05
North 1.32725086279e-05
South 7.04885727991e-05

row11col22
West 1.34186170001e-05
East 1.32113570094e-05
North 1.32372560046e-05
South 1.32328260735e-05

row12col1
West 1.4016999002e-05
East 1.39844870191e-05
North 1.43712010338e-05
South 1.40224765898e-05

row12col2
West 1.40793373855e-05
East 1.40474646795e-05
North 2.59229453711e-05
South 1.40769555127e-05

row12col3
West 1.41210613243e-05
East 1.41212828077e-05
North 2.38189768391e-05
South 1.41437837496e-05

row12col5
West 1.48116547532e-05
East 0.0595387130673
North 0.0049836469922
South 1.45461719939e-05

row12col6
West 0.00772506765942
East 0.00436560387749
North 0.36817966676
South 0.0528366707087

row12col8
West 1.34278824597e-05
East 1.36831994779e-05
North 1.34145730598e-05
South 1.34270289087e-05

row12col9
West 1.34994977013e-05
East 1.35242693581e-05
North 1.34887560092e-05
South 6.72284347066e-05

row12col10
West 1.35539260103e-05
East 1.33576507407e-05
North 1.3426909899e-05
South 1.34541223392e-05

row12col12
West 1.45561265892e-05
East 2.98089265654e-05
North 1.46027972909e-05
South 1.45920315046e-05

row12col13
West 1.4715060671e-05
East 0.000534027918884
North 1.4686586059e-05
South 1.47176965988e-05

row12col14
West 2.10099029107e-05
East 0.00867607159063
North 1.4829726296e-05
South 7.56191031874e-05

row12col15
West 1.67661047687e-05
East 0.0560340614278
North 1.7283490517e-05
South 0.000435988386523

row12col16
West 0.000535180433446
East 0.224346014363
North 0.002148683108
South 0.00131023691179

row12col17
West 0.0300829963304
East 0.0362586766919
North 0.438909395781
South 0.0539421835891

row12col18
West 0.160637947538
East 0.00538272992445
North 0.000672470055249
South 0.000209616837428

row12col20
West 1.33326903024e-05
East 3.0991764487e-05
North 1.33522076586e-05
South 1.33493228001e-05

row12col21
West 1.34700408858e-05
East 1.34362627969e-05
North 1.38816553505e-05
South 0.000442013200667

row12col22
West 1.33275301362e-05
East 1.33128746505e-05
North 1.33066313064e-05
South 1.33013156202e-05

row13col5
West 0.00844770514733
East 0.235591775068
North 8.20180364751e-05
South 0.00163339558443

row13col6
West 0.0329974356743
East 0.037438787709
North 0.322238508732
South 0.014287427676

row13col9
West 1.37138992312e-05
East 2.88130224386e-05
North 1.36603279374e-05
South 0.00077928348692

row13col17
West 0.0440826054259
East 0.00753795272366
North 0.39566462983
South 0.0321452442927

row13col18
West 0.0654035368332
East 0.00196861737214
North 0.00657984687315
South 0.000254299895338

row13col21
West 1.38335209738e-05
East 1.38218958554e-05
North 1.36990383668e-05
South 0.00315698277492

row14col1
West 1.36070354527e-05
East 1.60948179943e-05
North 1.36306317695e-05
South 1.36817439048e-05

row14col2
West 1.37005790442e-05
East 0.00110106944402
North 1.37760019464e-05
South 1.374203515e-05

row14col3
West 1.61962479411e-05
East 0.0296230549253
North 0.000193574790617
South 1.39182998139e-05

row14col4
West 0.000987311528388
East 0.0701247517882
North 0.000229845512536
South 4.86877708582e-05

row14col5
West 0.00068981513139
East 0.00350287577606
North 0.143730727335
South 6.68529623741e-05

row14col6
West 0.00530822559708
East 0.000586131795014
North 0.222791712903
South 0.000121042664184

row14col7
West 0.129797501521
East 3.83580870734e-05
North 0.0015813587065
South 6.40643062706e-05

row14col8
West 0.038761749024
East 3.71010064321e-05
North 0.000153504592111
South 3.47715059082e-05

row14col9
West 0.00803303067308
East 1.393235237e-05
North 1.57301384383e-05
South 2.48570601747e-05

row14col10
West 0.000110676731201
East 1.38988259027e-05
North 1.38544209494e-05
South 1.38469774712e-05

row14col11
West 1.3886036962e-05
East 3.16468614186e-05
North 1.38482717762e-05
South 1.38544633509e-05

row14col12
West 1.40172153051e-05
East 0.000878520784626
North 1.39938218344e-05
South 1.39718081993e-05

row14col13
West 1.81697236169e-05
East 0.00832235325271
North 1.41899296352e-05
South 1.41793854247e-05

row14col14
West 5.22943715944e-05
East 0.0520194362427
North 1.88614129612e-05
South 5.58088987723e-05

row14col15
West 0.00210708180057
East 0.178081613905
North 0.00640614137056
South 0.00433354263648

row14col16
West 0.00152320257471
East 0.26274615633
North 0.0221840795557
South 0.000640951640658

row14col17
West 0.0226632959926
East 0.00727616600826
North 0.34180840372
South 0.000589909710496

row14col18
West 0.202049462328
East 0.00143426504147
North 0.00114166828017
South 0.00018705700578

row14col19
West 0.104507941698
East 0.000475741988371
North 0.000941082614689
South 1.456205754e-05

row14col20
West 0.0455605961225
East 1.63534503943e-05
North 1.43275611484e-05
South 3.51048232202e-05

row14col21
West 0.0146089790252
East 1.45823761809e-05
North 1.40122985812e-05
South 1.40360825113e-05

row14col22
West 0.00106061363467
East 1.39967853432e-05
North 1.40108815852e-05
South 1.39817838256e-05

row15col1
West 1.36245195007e-05
East 1.56215175508e-05
North 1.36155266573e-05
South 1.36055856939e-05

row15col2
West 1.36038416939e-05
East 0.00143292130988
North 1.59778348099e-05
South 1.46058633908e-05

row15col3
West 1.37970216639e-05
East 3.14439617165e-05
North 0.00831256280653
South 1.45485489647e-05

row15col4
West 1.40553432108e-05
East 1.39894442201e-05
North 0.00228086729533
South 2.51078958596e-05

row15col5
West 1.40289359307e-05
East 1.4128763154e-05
North 0.00260045890968
South 1.61406251132e-05

row15col6
West 1.41190622681e-05
East 1.41137091829e-05
North 0.00572034725366
South 1.41384042585e-05

row15col7
West 0.000106968970112
East 3.04038032723e-05
North 0.0469793849068
South 1.39188389034e-05

row15col8
West 1.38349459745e-05
East 1.42252148431e-05
North 0.00271698131242
South 1.39525124986e-05

row15col9
West 1.38144858249e-05
East 1.38003250018e-05
North 0.000471909590752
South 1.37872244842e-05

row15col10
West 1.37929912178e-05
East 1.38102600247e-05
North 1.66029207876e-05
South 1.38192723762e-05

row15col11
West 1.38616746914e-05
East 1.3852247741e-05
North 1.38404185571e-05
South 1.38760928466e-05

row15col12
West 1.38818230702e-05
East 1.40022200786e-05
North 1.39782743834e-05
South 1.39798381315e-05

row15col13
West 1.41431027112e-05
East 9.28984681321e-05
North 1.41365598939e-05
South 1.41628271509e-05

row15col14
West 1.42787003355e-05
East 1.46373217633e-05
North 0.00237870564545
South 1.42959738777e-05

row15col15
West 3.99522850505e-05
East 0.000198318552917
North 0.0966650942885
South 0.000558901227663

row15col16
West 1.59009889241e-05
East 8.19142877839e-05
North 0.0215336313813
South 2.47994337038e-05

row15col17
West 2.5081564437e-05
East 1.69449807278e-05
North 0.0331856912197
South 1.47184487888e-05

row15col18
West 1.48120771678e-05
East 1.45998174116e-05
North 0.00730139331464
South 1.46269769139e-05

row15col19
West 1.66211340318e-05
East 1.43793899968e-05
North 0.000996839471747
South 1.44644365791e-05

row15col20
West 2.1303133848e-05
East 1.42130824209e-05
North 0.00176621480717
South 1.41994344049e-05

row15col21
West 6.69563295781e-05
East 1.40349565697e-05
North 1.40635368833e-05
South 1.40731483558e-05

row15col22
West 1.39686497313e-05
East 1.39520787047e-05
North 4.81226456181e-05
South 1.39546912411e-05

row16col2
West 1.3431025766e-05
East 1.33331782046e-05
North 0.000281350912782
South 1.33291402097e-05

row16col7
West 1.36318487935e-05
East 2.29955217715e-05
North 0.0107464030761
South 2.55316417114e-05

row16col15
West 0.000234336753012
East 0.000287543369637
North 0.0446426461478
South 0.000122566657779

row17col1
West 1.2922747492e-05
East 1.29635862427e-05
North 1.29486864503e-05
South 1.29495477813e-05

row17col2
West 1.30293733223e-05
East 1.30721301979e-05
North 5.75202770825e-05
South 1.30651152584e-05

row17col3
West 1.74856564179e-05
East 1.29289073954e-05
North 1.28998731569e-05
South 1.2898691407e-05

row17col4
West 1.28593001643e-05
East 1.28396793428e-05
North 1.28646012037e-05
South 1.28336613067e-05

row17col6
West 1.32482778616e-05
East 0.000124925946066
North 1.32756973023e-05
South 1.32791992027e-05

row17col7
West 1.33572585209e-05
East 1.32928564193e-05
North 0.00227357784114
South 1.33160251313e-05

row17col8
West 0.000337650438207
East 1.31849978524e-05
North 1.40365319361e-05
South 1.31894688125e-05

row17col9
West 3.47449528448e-05
East 1.30464437073e-05
North 1.30538571467e-05
South 1.30439854122e-05

row17col10
West 1.34759405572e-05
East 1.29542643795e-05
North 1.29663664837e-05
South 1.29469784404e-05

row17col11
West 1.2907204244e-05
East 1.29249991594e-05
North 1.2906537527e-05
South 1.29008530545e-05

row17col13
West 1.36055530079e-05
East 2.87611277784e-05
North 1.36219569327e-05
South 1.35952038992e-05

row17col14
West 1.36679553699e-05
East 0.0009311723197
North 3.7344883954e-05
South 1.36494825122e-05

row17col15
West 1.38230031644e-05
East 1.3755006498e-05
North 0.0180360518803
South 3.31124882861e-05

row17col16
West 0.00116026818791
East 1.36474656667e-05
North 1.36360260533e-05
South 1.36757425924e-05

row17col18
West 1.28315460905e-05
East 1.28322672994e-05
North 1.28150813595e-05
South 1.34960333053e-05

row17col19
West 1.26905408817e-05
East 1.26844801051e-05
North 1.26968771027e-05
South 1.27082154485e-05

row17col20
West 1.25564067489e-05
East 1.25604304291e-05
North 1.25728177641e-05
South 1.25533817087e-05

row17col21
West 1.24798916968e-05
East 1.25010023767e-05
North 1.249948932e-05
South 1.25011299378e-05

row17col22
West 1.24364826813e-05
East 1.24433096141e-05
North 1.24368805773e-05
South 1.24414094007e-05

row18col1
West 1.28544679315e-05
East 1.28635171982e-05
North 1.28626296126e-05
South 1.28345991982e-05

row18col2
West 1.28843713271e-05
East 1.29096058914e-05
North 1.44571982687e-05
South 1.29113229036e-05

row18col3
West 1.28603969626e-05
East 1.28589880231e-05
North 1.29414930425e-05
South 1.2862659332e-05

row18col4
West 1.27998282748e-05
East 1.28239029582e-05
North 1.28252053841e-05
South 1.28076792794e-05

row18col6
West 1.31900942077e-05
East 1.32029767015e-05
North 1.44161773215e-05
South 1.31878139554e-05

row18col7
West 1.31747402376e-05
East 1.31865560357e-05
North 3.38119044708e-05
South 1.32200372568e-05

row18col8
West 1.31489727182e-05
East 1.31372937214e-05
North 3.34011869077e-05
South 1.31480069336e-05

row18col9
West 1.30976877135e-05
East 1.30315145513e-05
North 1.30226577864e-05
South 1.30263420791e-05

row18col10
West 1.29367648112e-05
East 1.2941349466e-05
North 1.29408101938e-05
South 1.29561259098e-05

row18col11
West 1.29050979042e-05
East 1.29204606998e-05
North 1.2905030627e-05
South 1.29137723318e-05

row18col13
West 1.35577838427e-05
East 1.35392666316e-05
North 1.3540782417e-05
South 1.35336051277e-05

row18col14
West 1.35746233961e-05
East 0.000233223563701
North 1.3619938335e-05
South 1.35817571147e-05

row18col15
West 1.38965229896e-05
East 1.36490793979e-05
North 0.00499022999423
South 1.35111206272e-05

row18col16
West 0.00091875585226
East 1.35991955228e-05
North 1.35625094076e-05
South 1.35354384144e-05

row18col17
West 0.000148821047625
East 1.31814998354e-05
North 1.32612476707e-05
South 1.34215627878e-05

row18col18
West 2.94091041925e-05
East 1.29376103458e-05
North 1.29638816595e-05
South 1.29605063359e-05

row18col19
West 1.34597486385e-05
East 1.27338350814e-05
North 1.27296351452e-05
South 1.27447961621e-05

row18col20
West 1.25734544801e-05
East 1.2574775627e-05
North 1.25748511261e-05
South 1.25916187162e-05

row18col21
West 1.24818571008e-05
East 1.2507628538e-05
North 1.2499772641e-05
South 1.24961651239e-05

row18col22
West 1.24435820087e-05
East 1.24447615944e-05
North 1.24368352332e-05
South 1.24589134942e-05

row19col1
West 1.27996433726e-05
East 1.28152755677e-05
North 1.27918396164e-05
South 1.27995136738e-05

row19col2
West 1.28166658775e-05
East 1.28205197304e-05
North 1.28433659537e-05
South 1.28265426427e-05

row19col3
West 1.2833227537e-05
East 1.2807586583e-05
North 1.28277019351e-05
South 1.28098846576e-05

row19col4
West 1.27950272882e-05
East 1.28062815137e-05
North 1.27846374502e-05
South 1.27872084074e-05

row19col6
West 1.3164780381e-05
East 1.31655151908e-05
North 1.3143253503e-05
South 1.31420119721e-05

row19col7
West 1.31271855344e-05
East 1.3156037213e-05
North 1.31363442998e-05
South 1.31396171424e-05

row19col8
West 1.30850740393e-05
East 1.30993572891e-05
North 1.30988014122e-05
South 1.30963494884e-05

row19col9
West 1.30207043908e-05
East 1.30406708898e-05
North 1.3015242165e-05
South 1.30200275749e-05

row19col10
West 1.29794849175e-05
East 1.29767247831e-05
North 1.29642079065e-05
South 1.29865631413e-05

row19col11
West 1.29143861185e-05
East 1.29224838515e-05
North 1.29425590733e-05
South 1.29407531394e-05

row19col13
West 1.35762048651e-05
East 1.35294017813e-05
North 1.3560261853e-05
South 1.3533702069e-05

row19col14
West 1.35378232783e-05
East 1.35554814324e-05
North 2.09932151752e-05
South 1.35465335159e-05

row19col15
West 1.35551890572e-05
East 1.3567972054e-05
North 0.000196613042371
South 1.35761446093e-05

row19col16
West 1.35315655903e-05
East 1.35484426347e-05
North 2.60180990471e-05
South 1.35421768533e-05

row19col18
West 1.28327304589e-05
East 1.28372078016e-05
North 1.28760185533e-05
South 1.28440063735e-05

row19col19
West 1.27050706736e-05
East 1.27164888108e-05
North 1.27146290227e-05
South 1.27241594349e-05

row19col20
West 1.25810996645e-05
East 1.25747996346e-05
North 1.2570073252e-05
South 1.25755745709e-05

row19col21
West 1.2486664901e-05
East 1.24895951633e-05
North 1.24710130613e-05
South 1.24948464404e-05

row19col22
West 1.24197662424e-05
East 1.2425446545e-05
North 1.24335651531e-05
South 1.24427528114e-05
