0.135501804447
0.126745380879
0.0844969205863
0.064263888746
0.0680315434845
0.0566929529037
0.0485939596318
0.0429017602517
0.0381348980015
0.0416723271076
0.0378839337342
0.041871730923
0.0477587201615
0.0473339568301
0.0447766585876
0.0419781174259
0.0395088164009
0.0374836801892
0.0377114882594
0.0386699143078
0.036859728594
0.0351842863852
0.0336545348032
0.0322522625197
0.0329128719354
0.0316891331563
0.030515461558
0.0294256236452
0.0284109469678
0.0276430272221
0.0285861556739
0.0332069203403
0.0342110149703
0.0332048086476
0.0363013629242
0.0405777139541
0.0415723188135
0.0404783104236
0.0400502175544
0.0397161179878
0.0430566527048
0.0436110667625
0.0425968559076
0.0416287455461
0.0429258845339
0.041992713131
0.0416513223671
0.041853049158
0.0410382169707
0.0403365297415
0.0417434509122
0.0409406922408
0.0401682263494
0.0400550399842
0.0402405485382
0.0395219673143
0.0388285994667
0.0381591408552
0.0392072910102
0.03855383616
0.0379899667042
0.0373772253058
0.0367839360152
0.0376630752514
0.0370836433244
0.0365217699407
0.0359766688968
0.0362422474243
0.0357169974617
0.0352250107577
0.0347381234839
0.0342556495467
0.0347689268255
0.034299076463
0.0338417554435
0.0333964691877
0.0329777271227
0.0325549357494
0.0321428479551
0.0329910623556
0.0325837652895
0.0321864022982
0.0319383519347
0.0315581334593
0.031186861301
0.0308242233789
0.0324408989722
0.0331517978475
0.0327793057369
0.0334178690065
0.0338440318335
0.0334761619223
0.0331322302085
0.0327797596743
0.0324347095725
0.0320968480145
0.0323523445218
0.0320222185573
0.0323109932686
0.0319878833359
0.0316711716197
0.0313826964943
0.0311275701873
0.0313218647848
0.031382945694
0.0310868801686
0.0308152986223
0.0305299717832
0.0310778619503
0.0314106743935
0.0323805651744
0.0327756455109
0.032492366726
0.0322073459652
0.0327533690438
0.0324710124141
0.0321934823935
0.0319661931749
0.0316975697028
0.0314334232886
0.0313701940757
0.0311130613374
0.0309330728972
0.0306836126319
0.0309352877584
0.0306897696016
0.0304481178724
0.0309914919515
0.0308050794869
0.030568117337
0.0305359333073
0.0313101713903
0.0310747565678
0.0308428553994
0.031250710264
0.0310485169085
0.0314538167306
0.0312258905224
0.0311923845709
0.0310191838527
0.0311632620405
0.0309438024486
0.0314722444195
0.0312536871666
0.0310381444965
0.0314127976164
0.0312103400642
0.030999459388
0.0311502588667
0.0313627567474
0.0311550563716
0.030955960112
0.0307536335754
0.0305783009802
0.0304139550827
0.0302189938322
0.0304986970731
0.0303122551961
0.0301216120816
0.0299745836925
0.0303947443565
0.0302071224777
0.0300218027079
0.0298668342761
0.0301547813033
0.0301944626268
0.0300946610268
0.0309955893838
0.0309680683702
0.0310727708969
0.0308910587864
0.0307114596074
0.0305339367195
0.0303584543245
0.0315896557121
0.0317333509026
0.032090789598
0.0326799881996
0.0324974184331
0.0323168772196
0.0326369497211
0.0324576258215
0.0328410292356
0.032662545381
0.0328833380496
0.0327065459095
0.0325316445945
0.0324088529978
0.0327148908126
0.0325427071768
0.0328958867204
0.0328068900953
0.0326485471871
0.0327813916445
0.0326642769474
0.032836102285
0.0326694215628
0.0325044244842
0.0323654547758
0.0322103534398
0.0320501029251
0.0323382212275
0.0324933216319
0.0323340406435
0.0323048600035
0.0322073056097
0.0321502204742
0.0324523828758
0.0323058640983
0.0321520266502
0.0323564369516
0.032203812249
0.0320526206422
0.0321826256576
0.0320329390266
0.031884638383
0.0317690235255
0.0318870703113
0.0318876232879
0.0317742444731
0.0318012178476
0.0317641961031
0.0318404440933
0.0317031906093
0.0319061901788
0.0317650123462
0.0316433946678
0.0315046078491
0.031892756647
0.0319555234573
0.0319312658209
0.0320946385097
0.0321273715283
0.0319900750688
0.0318539470897
0.0325886054221
0.0324715625829
0.032335127446
0.0323218355902
0.0321871612753
0.0320536045895
0.0319211516779
0.0319373139848
0.0319227334527
0.0322793550139
0.0322608981127
0.0323454456054
0.0322204445649
0.0325469446663
0.0327803809449
0.0326804371863
0.0325507529117
0.0324276905955
0.0327889945791
0.0327134596805
0.0325883701559
0.0325299796474
0.0324308625081
0.0323056468228
0.0324661502606
0.0324939482743
0.0324606991913
0.0326979610013
0.0325741050885
0.0328285424277
0.0327051268547
0.0325861540749
0.0328376982761
0.0327156250483
0.032946208161
0.0331041774957
0.0331419256135
0.0336280522318
0.0335053221142
0.0333834845792
0.033313743428
0.0335363442972
0.0334157099652
0.0333048986073
0.0333431406368
0.0333617884065
0.0333294596942
0.0338207976237
0.0341993311494
0.0340793334962
0.034417074744
0.0345596603631
0.0344483053899
0.0345834641569
0.0344881566392
0.0348626972731
0.0348168109002
0.0351949487262
0.0352328200674
0.0355414721636
0.0356929807651
0.0358692985065
0.03578486854
0.0359595136998
0.0359591439616
0.0360467048984
0.0359503392664
0.0361945321357
0.0362724241152
0.0365314798033
0.0364120958824
0.0364608095868
0.0363509382914
0.0365407410801
0.0367150184285
0.0367974541228
0.0367017708853
0.0365845128314
0.0367231171181
0.0366065357939
0.0367925223752
0.0371247166472
0.0370736704285
0.0371550223738
0.0375797106427
0.0374677848695
0.0373934525765
0.0374139455
0.0372984703596
0.0371837058354
0.037600071889
0.0374850869597
0.0373880475566
0.0372870437626
0.0371815964423
0.0375085862077
0.03745779284
0.0375345710626
0.0374221921073
0.0376386751927
0.0377194882112
0.0379282956122
0.0378160817198
0.0380309296423
0.0379280632745
0.0380682669013
0.0379697533457
0.0378590543564
0.0377834934853
0.0380141750683
0.038060480946
0.0380931329073
0.0379836698817
0.0378748341514
0.0380523346252
0.0380817108157
0.0379847454707
0.037884027377
0.038155388552
0.0380582725058
0.0379567781223
0.0378504566149
0.0382023658213
0.0382107490485
0.0384343205602
0.03839872084
0.0385550779648
0.0386850570888
0.0388016911876
0.0387632408377
0.0387331991861
0.0390715317497
0.0391577056819
0.0391393574936
0.0390523437815
0.0389667842906
0.0389241802205
0.0390982347459
0.039079850065
0.0390358727964
0.0392891355466
0.0391849203329
0.0391380392643
0.0391959120864
0.0393103035198
0.0393962356688
0.0394759149723
0.0393776226574
0.0392972792626
0.0392509587357
0.0391612074951
0.0390699239677
0.0390397853585
0.0390128048584
0.038979631742
0.0392298964389
0.0391592392547
0.039092512286
0.0390124408155
0.0389136751425
0.0388154082861
0.038720396335
0.0389083541216
0.0389236251723
0.0392377147797
0.0391720326887
0.0393613505529
0.0395140331195
0.0394282297022
0.0393337237775
0.0395336219672
0.0394851253523
0.0393970853225
0.0394936267855
0.0393992652896
0.0394916711983
0.0393958176274
0.0394877843977
0.0394019441199
0.0393124134324
0.0392179124386
0.0391538381803
0.0390942346778
0.0391479031519
0.0390637015974
0.0391176954652
0.039310458957
0.0392175264299
0.0391309035564
0.0390667185995
0.0392357138544
0.0393780189742
0.0394245109279
0.0394080280458
0.0395070870943
0.0395890404319
0.0397620350225
0.0396721638185
0.0398659668708
0.0400091126329
0.0400591092471
0.0403508815468
0.0403071195754
0.0405167963974
0.0406655169863
0.0407487654597
0.0409302969559
0.0409941341745
0.0409049942032
0.0408827094173
0.0411132866089
0.0414380501913
0.0413908744542
0.0414512026433
0.0413823497384
0.0414303377456
0.0413424805322
0.0412725000719
0.0413933459055
0.0415171226274
0.0415831049684
0.041509836623
0.041447611581
0.04136397052
0.0414210556968
0.041527174426
0.0417569275369
0.0418699542857
0.0419560182095
0.0422589070638
0.0423862844209
0.0425304003611
0.0425436831205
0.0424546030772
0.0423642741345
0.042330264992
0.0422799188088
0.042258932415
0.0422133424728
0.0422539357062
0.0423540001291
0.042280532147
0.0422242079245
0.04227705063
0.0422433822652
0.0424120766691
0.0425356376745
0.0424715850543
0.0423905188564
0.042383993813
0.0424438502629
0.0423845845808
0.0425114856394
0.042663356668
0.0426494489855
0.042777495188
0.042958025858
0.0429934959931
0.0430044914744
0.0433556875348
0.0435476357543
0.0435285382228
0.0436262864881
0.0437106776975
0.0437399973857
0.0436871307209
0.0437924452266
0.043714541717
0.0437466619759
0.0438222035889
0.0440339509763
0.0440714085502
0.0440594768195
0.044013755127
0.0439490581778
0.0440621489846
0.0440120326604
0.044029692861
0.0441250570794
0.04408158293
0.0440899312146
0.044059944425
0.0441876719592
0.044164869806
0.0442796099167
0.0443979194505
0.0446649197676
0.0447508277192
0.0449911866548
0.0450085002583
0.0449433792866
0.0449716951889
0.04500543971
0.0451946381648
0.0451254516004
0.0450931749991
0.0451319309118
0.0450493112735
0.0451775031257
0.0452734152928
0.0453348995693
0.0453812317541
0.0452990237586
0.0452149810429
0.0453809794812
0.0453113187013
0.0453326832245
0.0452887259375
0.0453466166169
0.0453473817013
0.0454347721933
0.045486675075
0.0454339773803
0.0456414055116
0.0459220993389
0.0460353554454
0.0461766710146
0.0460979075057
0.0461952812694
0.046143546459
0.0460636811964
0.0460891373121
0.0461899331831
0.0462797849749
0.0462958106009
0.0464404476444
0.0466274503796
0.0467890540868
0.0469329396451
0.0469672920407
0.0471463644934
0.0471461613894
0.0473557685518
0.0472765771242
0.0473050091524
0.047441654269
0.0476130985113
0.0476160376217
0.0476046584811
0.0475948478972
0.047701428385
0.047650602489
0.0479071718823
0.0479713888849
0.0480585583407
0.048040527396
0.0481227707557
0.0481565752019
0.0480929822838
0.0480249922494
0.0479499264563
0.048106797935
0.0481818128448
0.0484541750693
0.0484914595482
0.0484750132782
0.0485794990024
0.0485541712942
0.0485748394246
0.0485173150521
0.0486936815522
0.0487818541265
0.0490348139901
0.0489596059021
0.0490429316816
0.0491954220783
0.0491547006168
0.0493211263898
0.0494695088157
0.0495614086827
0.0496883635373
0.0496485097267
0.0497022908148
0.0497744889615
0.0497038318443
0.0498411725218
0.0501361933449
0.0501933801452
0.0502132104935
0.0502569995858
0.0503752846051
0.0504681808848
0.0504068097293
0.0506315686371
0.0505651416303
0.0506898507938
0.0506683288894
0.0507583998647
0.0508406167637
0.0508966786481
0.0509351688106
0.0510899185398
0.0514351584184
0.0514873912024
0.051491523862
0.0515778453832
0.0516906678738
0.0517644759049
0.0518204685195
0.0518725530721
0.0520212412775
0.0520213347652
0.0520492235812
0.0520925172715
0.0520285532876
0.052017635475
0.0520086438597
0.0520974447185
0.0521491452578
0.0521714419975
0.0521596626901
0.0521242205523
0.052160579184
0.0521727256023
0.0522572349204
0.0523040418609
0.0525005726113
0.0525381363913
0.0525576794724
0.0526686679044
0.0526497686191
0.052691229655
0.0527791936522
0.0527424537893
0.0527130814378
0.0527935424481
0.0527913313436
0.0530338980512
0.0532490216046
0.0532065433625
0.0533863536901
0.0534287919592
0.0534856838142
0.0537202953265
0.0536806273977
0.0536310149613
0.0536717049822
0.0537832494838
0.0537877732333
0.053944466573
0.0539342237224
0.0543118971108
0.0543513449795
0.0544349236601
0.0544088051426
0.0543502471963
0.0543012870613
0.054380097834
0.0543960725531
0.0544649087469
0.0544890314157
0.0545540451321
0.0545197771803
0.0545353082841
0.0547055086869
0.0548553200617
0.0547960494433
0.0549363616452
0.0550435444096
0.0551009493941
0.0553241719515
0.0554368220841
0.0553812495597
0.0558261715819
0.0558358819997
0.0557891667565
0.0557755061594
0.0558336025287
0.0559174466113
0.0559692936712
0.0560932439604
0.0560458523623
0.0560638354976
0.0561444000884
0.0561622481101
0.0562657896476
0.0563034475606
0.0563163099309
0.0563072174116
0.0564371728662
0.0566831436732
0.0568180102821
0.0568209193082
0.056741891604
0.0567323949661
0.0568068362386
0.0570047692795
0.0571061720581
0.0571110523993
0.0571707003821
0.0571744235137
0.0571937736111
0.0572082384712
0.0572300568978
0.0576476049249
0.0577103420894
0.0577374373396
0.0577107628718
0.0578317171675
0.0579878604285
0.0580519650821
0.0581953303457
0.0582050572989
0.0582025294508
0.0583060350599
0.0582792082315
0.0582982456048
0.058323385844
0.0586211475339
0.0586214641017
0.0588497028582
0.0588162569244
0.0589910840075
0.0591931827985
0.0592050829882
0.0592192300645
0.0593044292102
0.0594318754952
0.05953290065
0.0595585300498
0.0598008132877
0.0598507561907
0.060123229491
0.0602347759459
0.0603482345203
0.0604199449522
0.0604246564056
0.0604586379528
0.0607264463214
0.0607691045404
0.0609003564853
0.0610080174
0.0610616855066
0.0610564622935
0.0611151024871
0.0612225565656
0.0612573069513
0.0613346156293
0.0613300475887
0.061391323591
0.061385662279
0.0614850710021
0.0615420916622
0.0617839531647
0.0617523972815
0.0618155947691
0.0617821012531
0.061874720119
0.062004718762
0.0620319015137
0.0620901550677
0.0622232207495
0.0624293878266
0.0625509676421
0.062701774676
0.0627670193506
0.0629798976203
0.0630020415857
0.0632006920725
0.063171619898
0.063232052415
0.0632747556037
0.0633220815748
0.0633229084238
0.06330669397
0.0634302004322
0.0635785901135
0.063789312555
0.0638594065052
0.0639435190578
0.0640350874324
0.0641028804821
0.0640957695859
0.0641351450695
0.06416685175
0.0641232103163
0.0641513967531
0.0641027786791
0.0641021775754
0.0642154820027
0.064571200727
0.0647357332419
0.0648865087481
0.0649816285148
0.0649888739603
0.0650944716247
0.0652274091718
0.0652822176703
0.0653299299346
0.0654362947822
0.0656013149067
0.0655314983903
0.0656382576723
0.0656458267583
0.0657325508933
0.0657441378008
0.0657878571752
0.0658133333062
0.0658852472865
0.0660219705801
0.0660781207364
0.0661400156526
0.0661430691041
0.066162156799
0.0662239737846
0.0663607055443
0.0664265351561
0.0665223133369
0.0666116814064
0.0666614489712
0.0666498899733
0.066732936722
0.0668016869381
0.0669122274963
0.0669426146128
0.0669923045287
0.0671542894025
0.0672847149638
0.0674013211517
0.0673950993761
0.0673949894804
0.0674427120949
0.0675726814229
0.0676342257746
0.0677338877717
0.0678164529007
0.0679716444831
0.0681429653697
0.0681951580107
0.0681807353011
0.0682356051216
0.0682373451138
0.0682120893009
0.068190898233
0.0682852711415
0.0684441054677
0.0684953137395
0.0685910569841
0.0685876595214
0.068747133991
0.0687969774537
0.0690186612977
0.0690392299186
0.0691763819397
0.0692195514683
0.0693859405282
0.0693908894353
0.0694311354252
0.069590133709
0.0697268474144
0.0698097203394
0.0699380981292
0.0698906613943
0.0699616361872
0.0701071248566
0.0702232629104
0.070216323121
0.0704695053714
0.0705061371827
0.070665957757
0.0706881539332
0.0707553239876
0.0707636928352
0.0708503420757
0.070894995879
0.0710509323426
0.0711297882097
0.0712092974689
0.0712357246316
0.0713901068941
0.0714953096829
0.0716570044598
0.0717174409209
0.0718506756113
0.0718702854738
0.0720961692296
0.0721832900705
0.0722886439969
0.0723216579577
0.0725389246582
0.0727440978128
0.0729311280022
0.0729563638343
0.0730706603392
0.0731850650338
0.0734050985366
0.0733875900023
0.0734257393135
0.0735592240021
0.0736283873473
0.073874670128
0.0739401531867
0.074011608265
0.0739914008656
0.0741318996973
0.0741809108177
0.074244291176
0.0744067930751
0.0744335317199
0.0744963718115
0.0745217463309
0.0748468436371
0.0749227033812
0.0749053347031
0.0750018648792
0.0750344785906
0.0751645383122
0.0753901169079
0.0754513665715
0.0754859762117
0.0755964333753
0.0757536213983
0.0758370929501
0.0758640381103
0.0759163210176
0.0759590695091
0.0760170076992
0.0760687095999
0.0762006471488
0.0762589787621
0.076248938915
0.0764438437659
0.0765152240962
0.0766222927746
0.0768500154863
0.076863749953
0.0768585637676
0.0769303815956
0.0770290022722
0.0771647458654
0.0771838934513
0.077331742597
0.0774059403344
0.0774675580163
0.0775417198502
0.0775802680442
0.07763472631
0.0780541390804
0.0781589370287
0.0783390576097
0.0783461048552
0.0784683237071
0.0784866482509
0.0785288908621
0.0785599022127
0.0786634799719
0.0788560213714
0.0790694132806
0.0792244181726
0.0792751677016
0.0794028969707
0.0793384005383
0.079509686792
0.0796524389494
0.0796629181767
0.0797819915551
0.0797890518781
0.0799529980591
0.0800819162969
0.0801738817783
0.0801477095855
0.0802643375834
0.0803676580009
0.0803437857268
0.0804967547902
0.0806776987928
0.0806714691809
0.0807415638739
0.0808024719779
0.0810085221301
0.0811257513544
0.0812274838816
0.0813744982455
0.081455750556
0.0815425098493
0.0816548502664
0.0818008880202
0.08188996256
0.0820187956834
0.0820537746413
0.0820656284291
0.0820781189516
0.0822266092625
0.0823899960305
0.0825385149846
0.0825993699397
0.0826386900214
0.0826812318777
0.0827852431474
0.0828648103575
0.0830215396617
0.0830464019112
0.083153627973
0.0832258540557
0.0832659875445
0.0834071167537
0.0833747828554
0.0834009671384
0.083561264867
0.0836208306425
0.0837095317686
0.0837968902567
0.0838614947905
0.0839422295261
0.0840404091751
0.0843012963066
0.0843040873134
0.0844640842239
0.0845483425036
0.0846107607505
0.0847019728297
0.0849103740824
0.0849447343109
0.0850400390548
0.0850272315867
0.0851475028389
0.0853202551738
0.0854417774576
0.0855286855303
0.0855935153147
0.0857657745165
0.0857788965701
0.0858463181315
0.0859828683089
0.0861331580682
0.0863031409627
0.0863042450212
0.0863209021182
0.08638615657
0.0865143747839
0.0864534181234
0.086596385271
0.086630732926
0.0866573690992
0.0867712261027
0.0868413606175
0.0869403391927
0.0871160367446
0.0872247777845
0.0874654780637
0.0875843528838
0.0877754317964
0.0878885358711
0.0880351671909
0.0881127529703
0.0880760252588
0.0881598518148
0.0882761673756
0.0884646651565
0.0887100544596
0.0887419393649
0.0889087452806
0.0891531111651
0.0891736532489
0.0892794460376
0.0893425473012
0.0896494375093
0.0897405226718
0.0898614033951
0.0899995680373
0.0900949605931
0.0901761367083
0.0901927557399
0.0903509342098
0.0904048811253
0.0904208321162
0.0904134058517
0.090522797534
0.0907421067167
0.090839063428
0.0909003294065
0.090907222586
0.0910326747825
0.0911434530543
0.0913089019728
0.0914561294689
0.0915294965643
0.0916123735611
0.0916916029947
0.0918444988187
0.0919612782346
0.0922109232934
0.0922725194914
0.092465382088
0.0924261934503
0.0925280456257
0.0926835457464
0.0927345049872
0.0928692355632
0.0929550334932
0.092994598044
0.0931167113311
0.0932159488899
0.0933693882792
0.0933933974045
0.093515585846
0.0936455239252
0.0937591576221
0.0938672556771
0.0939454474121
0.0940642404517
0.0941008190269
0.0941947457362
0.0942471028533
0.0944227801611
0.0945608159541
0.094728966466
0.0948051601044
0.0948511129366
0.0951577475351
0.0952582650509
0.0955084872883
0.0955288581472
0.0955585541692
0.0956300829111
0.0957368272398
0.0957318095958
0.0959026042443
0.0959776842796
0.0961170190043
0.0962382441604
0.0963504198492
0.0964547363419
0.0964601272852
0.0964867082339
0.0966237828334
0.096762959283
0.0968575178135
0.0969626547966
0.0970076167765
0.0970417882498
0.0971550654833
0.0972062024709
0.0973563005791
0.0975179784851
0.0975270684412
0.0976074281443
0.097726277595
0.0978389111961
0.0979014743764
0.097995917078
0.0981185160497
0.098246326146
0.0984105690859
0.0984525218751
0.0984484279839
0.0985146392707
0.0985984044359
0.0986620012545
0.0988262485681
0.0989052828697
0.0989881107432
0.0990244387462
0.0992750596732
0.0993376401925
0.0994337328278
0.0996166378939
0.099654120596
0.0996396017343
0.0997033864284
0.0997954128153
0.0998908626853
0.100029143006
0.100262781704
0.100414732313
0.100431914556
0.100551884796
0.10081403311
0.100956911192
0.101050768383
0.101214313588
0.101475889148
0.101473332956
0.101559864357
0.101678844524
0.101796967626
0.101970150162
0.102051540444
0.102169390848
0.102300734956
0.102532871074
0.102571221217
0.102814073078
0.102902289047
0.102996054502
0.103145603281
0.10316797485
0.103165135461
0.103228313765
0.103416242924
0.103521721835
0.103566639741
0.103687165849
0.103897412815
0.103898707465
0.103901525235
0.104052274264
0.104182848813
0.104267469148
0.104384153048
0.104451232407
0.104585665784
0.104688718056
0.104912845197
0.10496873263
0.105233031375
0.105316722998
0.105345907412
0.10547215129
0.10556234677
0.105628958891
0.10576263871
0.105831539186
0.105893564262
0.106036131095
0.106175868868
0.106272370058
0.106384124301
0.10658968983
0.106591539186
0.106706915101
0.106766851139
0.106908109201
0.106945103567
0.106968454288
0.107204972272
0.107225270252
0.10729826917
0.107369114282
0.107489080312
0.107486131797
0.107553352489
0.107690504707
0.10781418335
0.107970493889
0.108071481301
0.108226592331
0.108292223696
0.108347489381
0.108453566162
0.108599787345
0.108874018519
0.10897836827
0.109061488922
0.109196184471
0.109363030551
0.109507581729
0.10969592084
0.109823127394
0.109945237878
0.110073708031
0.11012932221
0.110312183645
0.11047647437
0.110603800066
0.1108121333
0.110912482965
0.111023383624
0.111127031197
0.111155885348
0.111273966005
0.111357141642
0.111421581558
0.11149106625
0.111505905542
0.111589477118
0.111762064936
0.111794311328
0.111872694218
0.112025231817
0.112195007918
0.11235044771
0.11247423566
0.112718312246
0.112841950965
0.113025060704
0.113063603488
0.113241415581
0.113295694014
0.113474940702
0.113545736045
0.113651697246
0.113740018382
0.113906938201
0.114016417262
0.114240383852
0.114365310531
0.114416445313
0.114464336081
0.11447925551
0.114565868075
0.114769801926
0.114806680711
0.114909761156
0.115042001779
0.115115196148
0.115227990005
0.115336584737
0.115471841771
0.115480687085
0.115576785234
0.115639699142
0.115613778654
0.115638306923
0.115729559759
0.115867628253
0.115958194301
0.116081830846
0.116228461892
0.116316290863
0.116471938278
0.116559354325
0.116661284789
0.116805768681
0.116882122066
0.117062797431
0.117102040367
0.117108795368
0.117159147892
0.117424382901
0.117592783342
0.117705758898
0.11781868922
0.118009286099
0.118096257751
0.118143657314
0.11826691692
0.118306387349
0.118418274214
0.118583888855
0.118613591222
0.118735499866
0.118825756999
0.118905819781
0.119147729668
0.11927480537
0.11929045132
0.119463957812
0.119652462728
0.119661808947
0.119839350541
0.119841506053
0.119965282966
0.120081575645
0.120213562598
0.120308326841
0.12046057777
0.120602827828
0.120775158762
0.120826345284
0.120854787807
0.121013386545
0.121170151138
0.121276248153
0.121451035078
0.121577667359
0.121742918506
0.121814869192
0.121943609516
0.121989418865
0.12211140306
0.122142061763
0.122274734028
0.122374742175
0.122584988225
0.122608606961
0.122756414777
0.122810086883
0.12290054017
0.123037933722
0.123158712277
0.123270223392
0.123363300714
0.123614568865
0.123659188479
0.123838084588
0.124115889097
0.12421093664
0.124336674223
0.124384400144
0.124616038862
0.124736276133
0.12491982631
0.125067152684
0.125112273467
0.125207034153
0.125335537808
0.125549377769
0.125648616809
0.125667641831
0.125828455092
0.126000547597
0.126160025441
0.126267083676
0.126331208214
0.126591933207
0.126699296753
0.126813212101
0.127007992722
0.127096305739
0.127250733368
0.127313399215
0.127376333658
0.127452778822
0.127523967733
0.127634802315
0.1276830219
0.127811528442
0.12786842945
0.127927160344
0.128013629853
0.128193371177
0.128248138478
0.1284506969
0.128578979787
0.128712596584
0.12899637041
0.129207965703
0.129368576701
0.129528206666
0.12962709311
0.129686052059
0.129815009012
0.129900059893
0.130072286686
0.130220086641
0.130283561738
0.130441590863
0.130531591691
0.130689223775
0.130785595887
0.130929562756
0.131118355189
0.131233615776
0.131288531449
0.131336075068
0.131468762935
0.131542205794
0.131643730177
0.131780583559
0.131859415994
0.132118044634
0.132129034651
0.13226286709
0.132459400203
0.132601249381
0.132784599585
0.132884573604
0.132942357328
0.133016802282
0.133065866907
0.13313318858
0.133295531332
0.133459424202
0.133612401067
0.133701210205
0.133816963347
0.133886006006
0.13393571836
0.13406433585
0.134183483044
0.134356301127
0.134506137743
0.134571621728
0.13462033205
0.134798499797
0.134915857185
0.134971789822
0.135083965561
0.135209203772
0.135359268437
0.135456714397
0.135557584044
0.135641769575
0.135794667795
0.135987781395
0.136137407877
0.136313085125
0.136512445392
0.136650622041
0.136781463088
0.136956313825
0.137091764637
0.137154787384
0.1372453713
0.137429317285
0.137504380009
0.137730525344
0.137873428191
0.137970942067
0.138009247765
0.138213918077
0.138327920948
0.138462876154
0.138594279407
0.138721119883
0.138895096169
0.138997043239
0.139170216294
0.139287733935
0.139345561126
0.139481436678
0.139622139763
0.13973468458
0.139873513634
0.139965414916
0.140169762643
0.14026754008
0.140366331593
0.140558158792
0.140684615494
0.140733267917
0.140821413701
0.140931674013
0.140993063331
0.14107795296
0.141208267792
0.141304456608
0.141374046363
0.141510622041
0.141636412843
0.141693139998
0.141758089548
0.141861107273
0.141969109388
0.142071049564
0.142129050489
0.142198961557
0.142338949941
0.142499992672
0.142653689677
0.142793207851
0.142950181186
0.143085995989
0.143109379978
0.143243893486
0.143387806933
0.143462666092
0.14366833784
0.143767988696
0.143863365349
0.143981096283
0.144028404777
0.144107520533
0.144206496026
0.144355569816
0.144461186301
0.144577024514
0.144820363014
0.144940403827
0.145070195708
0.14522889435
0.145320701785
0.145412190175
0.145453823218
0.145552033718
0.145635686929
0.145786987736
0.145856203442
0.145905029493
0.145997897265
0.146066942849
0.146150691343
0.146208745621
0.146316295241
0.146466651544
0.146540542122
0.146713013261
0.146779017131
0.146853318656
0.146900996095
0.147005080444
0.147202867857
0.147299821633
0.147397362036
0.147493768752
0.14759328319
0.147647855942
0.147709226309
0.14781090959
0.147943122164
0.14807570746
0.148224383552
0.148338470736
0.148348680483
0.148502059081
0.148603423088
0.148708255892
0.148781794378
0.148867216529
0.149049749209
0.149197426696
0.14925878185
0.149341456244
0.149491918352
0.149641631423
0.149864549461
0.149939908726
0.15012490911
0.150268043999
0.150486022617
0.150646575975
0.150797962044
0.150905916194
0.150963028811
0.15102523139
0.151192069843
0.151284385709
0.151358934999
0.151442102815
0.151616867861
0.151732336907
0.15185732344
0.15207243008
0.152222149581
0.152253520732
0.152366830509
0.15247071989
0.152550211809
0.152675206662
0.152783077607
0.152889349712
0.153026963703
0.153115671065
0.153220744342
0.153309678515
0.153450563885
0.153552905127
0.153634399844
0.153774175156
0.153824847769
0.153896270272
0.154069298175
0.154255775537
0.154342771257
0.154390018401
0.154531213097
0.154639245148
0.154748784947
0.154816801222
0.154954357171
0.155102577332
0.15526498648
0.155318797104
0.155413841101
0.155491688287
0.155709858568
0.155773329559
0.155836804463
0.155903915243
0.15604517886
0.156159292361
0.156301975053
0.156472398573
0.156541587881
0.156636957853
0.156736400862
0.156836593863
0.156912473486
0.156991847287
0.157089017761
0.157186190006
0.157327580581
0.157469285408
0.157541866674
0.15774184832
0.157905368296
0.158002651957
0.158126821924
0.158249449185
0.158353807827
0.158464629833
0.158702623939
0.158778172384
0.158869938575
0.158992470069
0.159067515276
0.159157451231
0.159253719701
0.159361510959
0.159484115192
0.159699082911
0.159773741709
0.159848460391
0.160013172381
0.160058796291
0.160197256519
0.160345310706
0.160507622838
0.160592329999
0.160705815113
0.160874801901
0.160935935359
0.161044076846
0.16116372641
0.161296496369
0.161412718161
0.1615238396
0.161601087193
0.161672613298
0.161818155749
0.161876154699
0.161976520715
0.162082355047
0.162182747476
0.162248483949
0.162426725234
0.162680988824
0.162832307197
0.163013098623
0.163059802845
0.163180001634
0.163406513698
0.163568694602
0.163696093828
0.163815989005
0.163931284825
0.164070823591
0.16420569852
0.164336941772
0.16443253578
0.164587148215
0.164702700069
0.164786571695
0.1649454579
0.165070714513
0.165140309754
0.165267351611
0.165385028212
0.165490065853
0.165610970999
0.165745848824
0.165857008045
0.165978483491
0.166043512731
0.166152699519
0.166243467798
0.166474217729
0.166604745264
0.166701033983
0.166850578626
0.166989457127
0.167130135143
0.167299014533
0.167362697181
0.167611457416
0.167744817632
0.167900268876
0.168018355133
0.16811418587
0.168213201078
0.168359286253
0.168466044239
0.168516478922
0.168650600401
0.168815905617
0.168959719403
0.169045045767
0.169151732695
0.169343963541
0.169503192835
0.169561570652
0.169696258285
0.169832380287
0.16991367598
0.170005251305
0.170139052646
0.17025730505
0.17037800541
0.170447731489
0.170536751495
0.170593531043
0.170694532898
0.170846416413
0.170960030589
0.171016989985
0.171121415133
0.171277360247
0.171338233836
0.171420522921
0.171506100645
0.171689669215
0.171806044738
0.171890808678
0.171966967314
0.17210172659
0.172220501485
0.172336241963
0.172428563287
0.172570602531
0.172694749187
0.172794420461
0.172910274001
0.173023228519
0.173171904535
0.173326877891
0.173435040102
0.173612047814
0.173696212516
0.1737992459
0.17392979814
0.174089160047
0.174232687408
0.174327880536
0.174439700118
0.17454874883
0.174676456433
0.1747708776
0.174863865987
0.17495860126
0.174997317809
0.17512234712
0.175232179668
0.175361919124
0.175479737996
0.175597559811
0.175734753157
0.175873677261
0.175975649142
0.176058987001
0.176133037603
0.176235606186
0.176375914694
0.176478459147
0.176586830423
0.176703041711
0.176822672301
0.176916674564
0.177101697104
0.177207760989
0.177282657781
0.177396234254
0.177494661971
0.177628746911
0.177726812068
0.177809872619
0.1779601187
0.178023032586
0.178106286675
0.178228147195
0.178400536846
0.178572025445
0.178753089482
0.178928737645
0.179008157761
0.179149395566
0.179258436396
0.179365586128
0.179467519249
0.179575897062
0.179663770645
0.179774560309
0.179817364853
0.179921363976
0.179968447565
0.180093840383
0.180244662936
0.180329652389
0.18046678386
0.180609587075
0.18077799073
0.180930806192
0.18103960765
0.181143409095
0.181265748264
0.181438026083
0.181553439053
0.181634541006
0.181790420695
0.181939829529
0.182058114988
0.18223005119
0.18234351443
0.182499139705
0.182584312836
0.182720928654
0.182849998258
0.182972255324
0.183093326854
0.183177543204
0.183340831098
0.183490551605
0.183603928523
0.183718591098
0.183856032699
0.183998282577
0.184100647539
0.184248779406
0.184354876458
0.1844969032
0.184630469587
0.184800896214
0.184929448987
0.185068732345
0.185232912693
0.185388522147
0.185528932007
0.185693420604
0.185827733912
0.185973424956
0.1860849452
0.186241082658
0.186344571516
0.186418842283
0.186567292399
0.186708550583
0.18688529392
0.187056012764
0.18715271583
0.187250083354
0.187299874143
0.187473793168
0.187667109454
0.187840357715
0.187948052426
0.188104186821
0.188197571803
0.188288857194
0.188374104638
0.188507324613
0.188619539318
0.188742554981
0.188829176193
0.188939562558
0.189016527717
0.189191917539
0.189299180784
0.189486358635
0.18962385045
0.189757072417
0.189808058243
0.189927705333
0.190130083258
0.190247150089
0.190340568158
0.190433742177
0.190615355189
0.190712710318
0.190807946043
0.190933277288
0.19106977639
0.191202586986
0.191343774007
0.191431882412
0.19162167145
0.191773908573
0.191869606509
0.192010930329
0.192216248853
0.192354197632
0.192510401912
0.192634531342
0.192739925423
0.192937932551
0.193030343776
0.193135332388
0.193201759571
0.193293547268
0.193431008227
0.19351783384
0.193648881065
0.193801253818
0.19390301294
0.194072048988
0.194206202076
