0.0248230051674
0.0250077720413
0.0247070693913
0.0247948477495
0.0249583349159
0.0249396696635
0.0248370456097
0.0262635933871
0.026049964339
0.0270045914907
0.0271238507364
0.0273525692008
0.0277907447285
0.0273446594269
0.0271900695253
0.0273610599043
0.0278661444998
0.0276021333105
0.0281083631596
0.0278863384368
0.0280291245011
0.0281315871642
0.0281738077472
0.028135278628
0.0280232428604
0.0279356908624
0.0278796308385
0.0278413975356
0.0277244589674
0.0278159083628
0.0280416795422
0.0278011252591
0.0280852235848
0.0283036263508
0.0282972925277
0.0284460993851
0.0286097390444
0.0287520947315
0.02900306204
0.0293565633028
0.0293546947883
0.0295234395069
0.0293974514652
0.0294609479867
0.0295530091877
0.0295982253554
0.0296835040706
0.0297610059344
0.0299488612222
0.0299085606652
0.0297767018999
0.029645575548
0.0297305957594
0.029872375604
0.0300925325343
0.030192788058
0.0302960519055
0.0302110912485
0.0304614145858
0.0306853465734
0.0308553902367
0.0310370093403
0.0311924603523
0.0311843328603
0.0313008546166
0.0312909235172
0.0314017971154
0.0314740642627
0.0316719926923
0.031873018738
0.0319193261443
0.0319814822927
0.0320274422366
0.0321107015108
0.032299057261
0.0323430502171
0.0324743154315
0.0325693108338
0.0326720875311
0.0327462937739
0.0328599730053
0.0330272324133
0.0331277716051
0.0332009421974
0.03336353183
0.0334892790556
0.0336208849393
0.033649312711
0.0337699613028
0.0338349425967
0.0338688773521
0.0339159156463
0.0340197130134
0.0341759359529
0.0342179236775
0.0343231893707
0.0343529769207
0.0344084685184
0.0346130997591
0.0347368970696
0.0348871777784
0.0349453846546
0.0349293564799
0.0350442674297
0.0352011448991
0.0352631039602
0.0353978325723
0.0354532980521
0.035471838391
0.0356323271427
0.0357936825615
0.0359371064214
0.0360269752209
0.0360715526055
0.0361464605565
0.0362924381969
0.0364303590232
0.0365505967374
0.0366822532382
0.0368432330139
0.0369317459386
0.0370068878551
0.0370837482189
0.0372069247033
0.0373111376643
0.037369019648
0.0374265979617
0.0375285932408
0.0375495541839
0.037666458971
0.0376490291873
0.0377582901627
0.0378189715835
0.0379311609831
0.0380092639828
0.0381033899591
0.0382239406468
0.0383167547853
0.0383688983439
0.0385543390363
0.0386798600537
0.038757142191
0.0388615625892
0.0389034410686
0.0389329311777
0.0390181586726
0.0391450083127
0.0392755339544
0.0393880748262
0.0395624675467
0.0396768489064
0.0397518178701
0.0398405192622
0.0399009657778
0.0400438078937
0.0401191303056
0.0402731062663
0.0403612543373
0.0406426928373
0.0407007189628
0.04076261832
0.0408477195985
0.0409629174162
0.0410021532057
0.0410978844617
0.0412159633423
0.041345019143
0.0414378261216
0.04152666907
0.0416811679872
0.0417886878709
0.0418932516248
0.0420449250482
0.0421508733823
0.0422903139516
0.0423461441184
0.0424142243263
0.0424770714786
0.0426476857476
0.0427433778956
0.042897077894
0.0429616476989
0.043049627254
0.0431951406323
0.043278711956
0.043392840554
0.0435016044719
0.0435892889094
0.0437327319876
0.0438534821506
0.043967919293
0.0440497840444
0.0441550495539
0.0442640153268
0.044346036013
0.0444500274127
0.0445369564318
0.0446532057539
0.0447836818485
0.0449565625676
0.0450480305398
0.045186173209
0.045286099849
0.0454088534545
0.0455848243376
0.0457331573702
0.0458773967292
0.0460499545991
0.0461989881328
0.0463364775335
0.0464627898891
0.0465491643077
0.0466735490389
0.0468078752032
0.0469611881857
0.047123070332
0.0472698287086
0.0473787878648
0.0475448847746
0.0477506419644
0.0478933800199
0.0480110124857
0.0481262940413
0.0482225762109
0.0483245067406
0.0484279391171
0.048522109449
0.0486379196625
0.0487668472156
0.0488959386201
0.0490877197787
0.0492589759605
0.0493796114221
0.0495346063208
0.0496010655676
0.0497657825396
0.0498595656694
0.050003049449
0.0501357845337
0.0502830726706
0.0504254135849
0.0505208697825
0.0506532838738
0.0508111701848
0.0509668052931
0.0511579906114
0.0512434668017
0.0513726464307
0.0514581100446
0.051603509392
0.0517333718652
0.0519365623232
0.0520642396303
0.0521938987051
0.0523837485862
0.0525621406433
0.0527331286518
0.0528934022713
0.0530212126747
0.0531427372505
0.0533079904776
0.0534521957571
0.0535629536514
0.0537015956329
0.0538602585337
0.0539981638834
0.0541499056241
0.0543171119109
0.054482218624
0.0545993342273
0.0547455250605
0.0548562868552
0.0549947286055
0.0551567638026
0.0552723811456
0.0553740526116
0.05557096617
0.0557416947438
0.055875482584
0.0560380978779
0.0561648731853
0.0562924696349
0.0564409390385
0.0565667077862
0.0567030259564
0.056844905186
0.0569974283454
0.0571297934013
0.0573256226031
0.0574391053723
0.0575259037515
0.0576867331307
0.0578490971376
0.0580140896848
0.0581683942475
0.0583302204748
0.0584652779238
0.0586234530947
0.058760612389
0.0589266131006
0.0590450059831
0.0592309059943
0.0593700347441
0.0595214101864
0.0596589071391
0.0598300241541
0.0600042470389
0.0601389527094
0.0602706052262
0.0604065594159
0.0605478438898
0.0607175178021
0.0609161953255
0.0610802270587
0.0612890386603
0.0614552341195
0.0616162542024
0.0617739613792
0.0619825849698
0.0621438735211
0.062341709313
0.0624470833481
0.0625922168589
0.0627826959383
0.0629504016564
0.0630804933855
0.0632893125573
0.063460555273
0.0636538190979
0.0638047701329
0.063969469344
0.0641218667921
0.0643083879696
0.0644481522677
0.0646426615212
0.064858035421
0.0649845528915
0.0651839508816
0.0653686752437
0.0655704430522
0.0657396403527
0.0658809690149
0.0661304002936
0.0662354075938
0.0664030799271
0.0666345515698
0.0668289754276
0.0670183698106
0.0672045473511
0.0673544200009
0.0675060236767
0.0676708079529
0.0678369060141
0.0679718721459
0.0681781856921
0.0683585956758
0.0685293364921
0.0686843843302
0.068889274664
0.0690973824938
0.0692903966665
0.0694530670618
0.0696450587992
0.0698360671412
0.0700180662326
0.0702171524827
0.0704093350625
0.070580412094
0.070769204388
0.070990523478
0.0711665008257
0.071336735971
0.07151335558
0.0716944178825
0.0719094810005
0.0720736222507
0.0722465213595
0.0724183471624
0.0726298954829
0.0728465450536
0.0730453713398
0.073260229749
0.0734666357589
0.0737225353944
0.0738788481515
0.0741008547347
0.0742870050891
0.0744887145565
0.0747113593383
0.0748928117127
0.0750599771871
0.0752436081957
0.0754301455416
0.0756120961038
0.0757954429713
0.0760279583301
0.0762220921232
0.0764262780898
0.0766221954348
0.0768324309523
0.0770195142325
0.0772000307955
0.0774053552843
0.0776154471888
0.0778501599728
0.0780537722102
0.0782486147881
0.0784441210309
0.0786733169948
0.0788502954825
0.079069783604
0.0792719230352
0.079466667499
0.0796540253385
0.0798766453156
0.0801006599208
0.0803105019354
0.0805363013146
0.080752467332
0.0809765155244
0.0812023007286
0.081409693121
0.0816340411835
0.0818139294745
0.0820626687361
0.0822964542529
0.0825410951808
0.0827590927136
0.0829814788354
0.0832145675932
0.0834575945888
0.0836484308056
0.0838798309693
0.0840589835673
0.0842861733159
0.0844623448032
0.0846795218609
0.0848988686549
0.0851107509758
0.0852957253798
0.0854799200567
0.0857070706425
0.0858854097502
0.0860800429344
0.0863498673712
0.0865851621994
0.0868276703984
0.0870639667648
0.0872669727605
0.0874289097738
0.0876430593522
0.0878475308326
0.0880575721596
0.0883100799791
0.0885385924516
0.0887359954099
0.0889515203904
0.0891919539506
0.0894041533936
0.0896162891036
0.0898237663016
0.0900547822764
0.0902880128617
0.0904730453846
0.0906989406947
0.0909254245363
0.0911945136788
0.091422391144
0.0916777321761
0.0919117854656
0.0921650675877
0.0924156760017
0.0926817015648
0.0929053223589
0.0931534951843
0.0933836758944
0.0935864732073
0.093827508423
0.0940632139959
0.0942743817449
0.0945258351831
0.0947698873182
0.0949870293734
0.0952341135791
0.0954811619132
0.095750495444
0.0959700449309
0.0962139255748
0.0964796045576
0.0967213379596
0.096937874972
0.0971760443898
0.0974143842753
0.0976697700146
0.0979438547616
0.0981794907219
0.0984037081833
0.0986288350795
0.098873255581
0.0990953297497
0.0993395092753
0.0995854251142
0.0998306882582
0.100065888336
0.100315457894
0.100525950176
0.10075823402
0.100970153857
0.101204451444
0.101431662577
0.101685795222
0.101908315842
0.102172391431
0.102410559032
0.102639063244
0.102860479057
0.103090766885
0.103346022018
0.103581437572
0.103813262553
0.104032967162
0.104287251356
0.104522224846
0.104762746872
0.105002404517
0.105235163118
0.10545592448
0.105713441219
0.105980714577
0.106208687242
0.106460597215
0.106695383538
0.106961599693
0.107188434865
0.107406867898
0.107639660758
0.107908821236
0.108165789052
0.108426943486
0.108652751016
0.108909962795
0.109155721824
0.109437028241
0.109692261202
0.109935227082
0.110180374375
0.110433243865
0.110685890823
0.110932781409
0.11114070824
0.11139695108
0.111651977515
0.111914596511
0.112151464748
0.112401626518
0.112613234588
0.112878111547
0.113111141363
0.113363513952
0.113597551493
0.113864785183
0.114131376493
0.114395157799
0.114641195456
0.114899307482
0.11513866396
0.115410993952
0.115646894885
0.115921163435
0.116153143081
0.11641446235
0.116660489858
0.116913269237
0.117163563999
0.11742587231
0.117699819538
0.117965383946
0.11822968085
0.118498690881
0.118753414483
0.118995605797
0.119258852845
0.119529421901
0.119763331299
0.120007089349
0.120274946222
0.120519999104
0.120786631375
0.121042547148
0.121283646586
0.121535840526
0.121787340077
0.122055210503
0.122306696632
0.122581594696
0.122819199249
0.123062845863
0.123304415096
0.123558927568
0.123817948001
0.124066243123
0.124326958985
0.124571992509
0.124804439315
0.125051490198
0.125287731667
0.125550461536
0.125800570336
0.126056574579
0.126302049587
0.126527761564
0.12677815851
0.127035729244
0.127291939817
0.127540907748
0.127773094917
0.128014728599
0.12827013298
0.128507135263
0.128750801146
0.129006063227
0.129244533032
0.129485354774
0.129725317209
0.12996909325
0.130180112374
0.130421859342
0.130664298027
0.130913351939
0.131163365958
0.131432043068
0.131687604519
0.131945904945
0.132222209067
0.13247940322
0.132722689434
0.132946170134
0.133202177608
0.133458951582
0.133717458063
0.133962978961
0.134221167293
0.134480936755
0.134722235051
0.134952460726
0.135175765986
0.135433368612
0.135685254255
0.135927779138
0.136195248889
0.13642344365
0.136660920466
0.136915049125
0.137153038777
0.137414332835
0.137651351785
0.137909824863
0.138157470608
0.138412444688
0.138639108652
0.138890869877
0.139139721288
0.139374702605
0.139625447683
0.139847612376
0.140098187166
0.140361196976
0.140592035852
0.140834236134
0.141066158191
0.141306720871
0.141552452904
0.141801757743
0.142066766186
0.142304676133
0.142541167316
0.142777233195
0.143005302104
0.143260655294
0.143504242101
0.143749900689
0.143984738196
0.14422740751
0.144474128268
0.144727478882
0.144976275249
0.145210801344
0.145450220718
0.145680231422
0.145902781797
0.146143785606
0.1463810765
0.146596261547
0.146815067219
0.147052383231
0.147283553515
0.1475174143
0.147757946105
0.147999185484
0.148252979859
0.148466156045
0.148722374171
0.148962023231
0.149195829218
0.149444054291
0.149699628678
0.149931514962
0.150151600324
0.150382773833
0.150624918468
0.15085864264
0.151122621055
0.151360479177
0.151616180206
0.151829818892
0.152059137184
0.152332866958
0.152573708862
0.152813305994
0.153040384067
0.153288892831
0.153513294036
0.153752116931
0.153997889237
0.154206233942
0.154439348729
0.154683837972
0.154903446779
0.15515521616
0.155388134478
0.155627058111
0.155860045743
0.15612150159
0.156356734886
0.156569885748
0.156830853916
0.157043383568
0.157281674219
0.157531759213
0.157760224652
0.157995392658
0.158229478397
0.158455158958
0.158689517815
0.158929802426
0.159148992298
0.159396086107
0.159649375106
0.159876403587
0.160104867303
0.160339494972
0.160566210126
0.160784990061
0.161002521908
0.161249287201
0.161480102893
0.161697613939
0.161941841744
0.16218963818
0.162422592833
0.162646245591
0.162895528264
0.163142888702
0.163356105673
0.163586098047
0.16381429643
0.164036569533
0.164270470363
0.164500749989
0.164745761401
0.164969335725
0.165209660294
0.165433972604
0.165661639912
0.165910184403
0.166139758002
0.166376330942
0.166591324529
0.166827940254
0.16706583032
0.167293274828
0.167531793937
0.16776990044
0.167980468769
0.168190528656
0.168410611379
0.168625974155
0.168838518262
0.169056264241
0.169274966437
0.169498235219
0.169727148362
0.169970186465
0.170188791213
0.170411893958
0.170633903104
0.170882882187
0.171107521338
0.171317844918
0.171545074419
0.171766230922
0.172000803341
0.172245446932
0.172479870935
0.172699378488
0.17293276151
0.173153875344
0.17338249163
0.173610383907
0.173825279577
0.174060574351
0.174283744567
0.174519929244
0.174753283265
0.174977504511
0.175190231724
0.175436480735
0.175657910946
0.175874484217
0.176076372841
0.176292787142
0.176508547429
0.176728213755
0.176956011866
0.17718132246
0.177405751193
0.177624959469
0.177848329899
0.178064414731
0.1783015271
0.178506094244
0.178720632347
0.178933310361
0.179150716699
0.179375555124
0.179613884444
0.179819989915
0.180027447001
0.180235948365
0.180461506469
0.180682612168
0.180889213504
0.181102726647
0.181335647605
0.181547151519
0.181742149238
0.181947814862
0.182156169229
0.182373706022
0.182598008684
0.182804644118
0.183021942428
0.183238360327
0.183456682145
0.183657900199
0.183880173449
0.184095641567
0.184304381058
0.184525491224
0.184743761148
0.18496988126
0.185180137219
0.185394296655
0.185590485805
0.185802178684
0.186020309898
0.186234877597
0.186451214047
0.186666115536
0.186875675418
0.187078525848
0.187285476508
0.187491272465
0.187702194839
0.187910416936
0.18812326507
0.188333027108
0.188533842769
0.188754404666
0.188951772184
0.189155159805
0.189374205803
0.189579017646
0.189791924568
0.190004199004
0.190208627354
0.190426055719
0.190632522754
0.190838634709
0.191052596734
0.191264004594
0.191460033737
0.191666936155
0.191865591724
0.192054065637
0.192279798736
0.19247794632
0.192680807804
0.192901932773
0.193099575866
0.193303469903
0.193508939219
0.193720118252
0.193915867343
0.194098508381
0.194300818285
0.194500465769
0.194708768183
0.194907949728
0.195112081103
0.195326515191
0.195538407672
0.1957428586
0.195942190849
0.196139643055
0.196340463392
0.196534675642
0.196740027549
0.196935676008
0.197141063165
0.197335517557
0.197528291193
0.197725111586
0.197946887435
0.198148204754
0.198364090945
0.198562116748
0.198750348967
0.198938695851
0.199134506125
0.199320201006
0.199519308674
0.199713929012
0.199898611952
0.200088596042
0.200281503389
0.200471739155
0.200673357512
0.200870823922
0.201061375072
0.201251934531
0.201447552383
0.201651762315
0.201871633309
0.202074034782
0.202273640172
0.202477186156
0.202664832218
0.202852653091
0.203041105475
0.203240027155
0.203442586153
0.203630192132
0.203838997593
0.204025386984
0.204203496916
0.204379255002
0.204595438067
0.204781859604
0.20497772091
0.205163217309
0.205358792103
0.2055461718
0.205733945698
0.205913250011
0.206100108583
0.206289317618
0.206470188434
0.206655377098
0.206840599827
0.207035170639
0.207217655757
0.207400514495
0.207584892117
0.207776600319
0.207969034561
0.20816492017
0.208348947691
0.208545122635
0.208739655783
0.208913858928
0.209100705185
0.20929026193
0.209480207469
0.209655495089
0.209857527396
0.210043703761
0.210229039273
0.210408650193
0.210600787426
0.210778173275
0.210971783732
0.211162535547
0.211339465628
0.211519742567
0.211718988843
0.211906239229
0.212082887005
0.212270689646
0.212449475683
0.212627016476
0.212828713725
0.213019799216
0.213207036472
0.213389083457
0.213567777723
0.213744415326
0.213924604467
0.214111240598
0.214293729975
0.21446792821
0.214637638092
0.214821214451
0.214994091692
0.215164510305
0.215332151408
0.215512427617
0.215687592634
0.215862333848
0.216035055812
0.216207941337
0.216390595813
0.216572331014
0.216737994818
0.216916608659
0.217081401841
0.217245850109
0.217416797031
0.217593701825
0.217758832399
0.217930713999
0.218103972361
0.218280925756
0.218459762415
0.218638285953
0.218812456449
0.218996182699
0.219171474369
0.219343207283
0.219522749997
0.219689084882
0.219865027546
0.220022137804
0.220184882843
0.220350507658
0.220514969366
0.220682577158
0.220842340896
0.221014176068
0.221189502283
0.221353170318
0.221527846941
0.221698085556
0.221874113883
0.222050710894
0.222221127123
0.222379499205
0.222559444436
0.222731051366
0.222881491644
0.223039677556
0.22321230844
0.223368814784
0.223540647631
0.223704690244
0.223877391838
0.22404482944
0.224208552323
0.224367621909
0.224534880938
0.22469451698
0.224850493069
0.225001681565
0.225174376191
0.225340674296
0.225506708416
0.225663197503
0.225819940094
0.225985122532
0.226132349346
0.226293043795
0.226456903749
0.226614938375
0.226775340407
0.226947374771
0.227101557251
0.227265081477
0.227431924903
0.227594019278
0.227756852759
0.227916369898
0.228067963569
0.22821586999
0.228380401486
0.228545562721
0.22870646177
0.228866890403
0.229030855514
0.229176177302
0.229332499597
0.229488957907
0.229640911898
0.229794507621
0.229947718511
0.23010556331
0.230270993577
0.23042615333
0.230577763494
0.230738239691
0.230902000676
0.231053474225
0.231207775007
0.231353844828
0.231508137271
0.231658900299
0.231806763434
0.231967678905
0.232116034578
0.232266278434
0.232415486007
0.232556249571
0.232705142112
0.232863338517
0.23301760615
0.23317409536
0.233317631076
0.233473501821
0.233621908858
0.233766123234
0.233905815774
0.234063175078
0.234210398687
0.234354645881
0.234496224931
0.234632769708
0.234777974412
0.234931422388
0.235091800229
0.235236900346
0.235382070314
0.235522682481
0.23566236873
0.235807775054
0.235954915664
0.236102656471
0.236252125738
0.236402932602
0.236558134664
0.236711419781
0.236862028382
0.237011688573
0.237155403293
0.237304608242
0.23745498102
0.237592527333
0.237728594228
0.237867513196
0.238013963428
0.238158180523
0.238302765834
0.238447557861
0.238580617648
0.238728669358
0.238879281344
0.239023643913
0.239171735205
0.239313776141
0.239451044164
0.239597079893
0.239739727757
0.239873707432
0.240021923164
0.240161556442
0.240295428714
0.240448493069
0.240591998656
0.240730874785
0.240877687926
0.241022988393
0.241169819468
0.241303597523
0.241446047366
0.241582670692
0.241738246252
0.241867121021
0.242019828704
0.242161712349
0.242302803034
0.24243079038
0.242571856121
0.242716766144
0.242853008575
0.242990184175
0.243129785214
0.243266738698
0.243397416698
0.243541967321
0.243676493186
0.243800858392
0.243927398969
0.244059729395
0.244193400212
0.244323838623
0.244464505987
0.244597093742
0.244727841574
0.244863680667
0.244995607258
0.245135398272
0.24527470063
0.245409712038
0.245558697756
0.245691866017
0.245825691033
0.245956150656
0.246083279747
0.246210359432
0.24633813938
0.24647484687
0.246610719815
0.246744646815
0.246873605871
0.247002539296
0.247133779853
0.247258831689
0.247388877035
0.247512118477
0.247641240747
0.247785606649
0.247914855617
0.24805450545
0.248184693151
0.248314706444
0.248445360421
0.248578817684
0.248710017836
0.248842418564
0.248973671103
0.249096428727
0.249229984567
0.249354277158
0.249477048806
0.249608982979
0.249732578877
0.249864978028
0.249993140965
0.250115461798
0.250239329037
0.25036259046
0.250485430741
0.250613840196
0.250738555638
0.250861995042
0.250996889697
0.251123359945
0.25124756423
0.251376025498
0.251487568277
0.251620425951
0.251744361543
0.251866676631
0.251992617735
0.252108899768
0.252240065581
0.252359687964
0.252484556755
0.252603510881
0.252734972021
0.252856211528
0.252977168513
0.253098535249
0.253220842981
0.253349596572
0.253477440553
0.253594631346
0.253728339808
0.25384708244
0.253962321602
0.254075961196
0.254186106705
0.254305744176
0.254432274649
0.254558461479
0.254684741241
0.254807645332
0.254932885913
0.255069363071
0.255200587721
0.255321044822
0.255445290387
0.255568614162
0.255695862683
0.255815114114
0.2559344072
0.256060158991
0.25618129106
0.256303889262
0.256416075776
0.25653149033
0.256649968904
0.256767707894
0.256884692864
0.256999969546
0.257113685239
0.257235831561
0.257346388995
0.257469465893
0.257589478176
0.257703448956
0.257819494127
0.25793286872
0.258052864861
0.25816677787
0.258287429858
0.258403070815
0.25852536587
0.258638249594
0.258760416652
0.258877346474
0.259001573831
0.25912088453
0.259237516525
0.259351055429
0.259465418922
0.259588858638
0.25970458227
0.259813822236
0.259934980011
0.26004318404
0.26017236105
0.260289125499
0.260404429433
0.260509160305
0.260627181548
0.260746470371
0.260856503478
0.260969071447
0.261079555456
0.261183965898
0.261300576031
0.261407853358
0.261513837506
0.261627570514
0.261735083082
0.261851543
0.261968565008
0.262077281118
0.262182813309
0.262287409709
0.262391472952
0.262520871846
0.262630003588
0.262734004209
0.262844694911
0.262950815143
0.263063019966
0.263176999847
0.263279321017
0.263386688415
0.263505276933
0.263605347003
0.263714229263
0.263824746172
0.263928002467
0.264034633384
0.264139599075
0.264247728839
0.26436217552
0.264477840438
0.264590757652
0.264710842333
0.264821145316
0.264928719607
0.265034415251
0.265147791725
0.265257547959
0.265367093095
0.265478474708
0.265574647843
0.265675138399
0.265783480352
0.265891727056
0.26599318991
0.26608946396
0.266193362498
0.266301081563
0.266402235135
0.266507686031
0.266617052222
0.266725135977
0.266824570564
0.266930845625
0.267027455088
0.267130776087
0.267227788819
0.267318818584
0.267417684294
0.267513702781
0.26761392481
0.267714515427
0.267820713353
0.267919854186
0.268021564729
0.26813126752
0.268226334913
0.268327613756
0.268431011605
0.268533481519
0.268638558161
0.268738314693
0.268846416458
0.268950179381
0.269052293732
0.269166439149
0.269265280962
0.269374292252
0.269473881638
0.269581435765
0.269683525383
0.269784683714
0.269883160744
0.269986398267
0.270091730718
0.270192294199
0.270298405026
0.270393413532
0.270490605512
0.27058908877
0.270679895234
0.270780227462
0.270877691888
0.270973034734
0.271064732227
0.271166812787
0.271267259337
0.271370326341
0.271463266037
0.271559083064
0.271656753738
0.271754926818
0.271855461991
0.271957000168
0.272050658205
0.272147116793
0.272233382318
0.272324880809
0.272424016112
0.272518800228
0.272613121951
0.272711932237
0.272807815915
0.272906862932
0.273004048558
0.273095255592
0.273193078805
0.273283084685
0.273382297749
0.273483939784
0.273576936943
0.273675687031
0.27376459765
0.273866418587
0.27395893173
0.27405234172
0.274154874238
0.274244852532
0.274340195603
0.274431673558
0.274533400585
0.274627686364
0.274720956411
0.274817741105
0.274907802604
0.274993787685
0.27508215475
0.275171135792
0.275270596676
0.27537503021
0.275472960915
0.275561782374
0.275654014851
0.2757546753
0.275850134056
0.275941472709
0.276029074182
0.276122876954
0.276217973233
0.276310052973
0.276403198461
0.276494401941
0.276585954106
0.276679228087
0.276773268883
0.276860787383
0.276946935319
0.27703869343
0.277134504878
0.277224551675
0.277306304189
0.277394430159
0.277476502797
0.277567452678
0.277661290616
0.277750253302
0.277846302924
0.277936487895
0.278028463034
0.278121740609
0.278210005655
0.278302013581
0.278386778653
0.278478186874
0.27856232362
0.278653286375
0.27874687711
0.278835743005
0.278922978629
0.279015740424
0.279095676078
0.279182625444
0.279266599431
0.279358986369
0.279442891593
0.279535544837
0.279619621318
0.279700388496
0.279782490274
0.279873651583
0.279959177418
0.280047632577
0.2801268664
0.280211387291
0.280300543787
0.280381521121
0.280464695407
0.280546777539
0.280639024947
0.280722136351
0.280812679421
0.280899762881
0.280982682576
0.281068141522
0.281152383338
0.281234960865
0.281318496412
0.281397891342
0.281489833559
0.281569506471
0.281653076627
0.281739019622
0.281826416595
0.28191412682
0.282001906696
0.282082255664
0.282163124314
0.282239443419
0.282319369208
0.282401868797
0.28248362839
0.282578972203
0.282668373989
0.282748778953
0.282824286717
0.282909723676
0.282991984428
0.283081941648
0.28317129789
0.283254067633
0.283333325608
0.283413343937
0.28349938813
0.283582087706
0.283662666481
0.283743223558
0.283824385074
0.283905618313
0.28398892749
0.284065959595
0.284150652143
0.284232934109
0.284314653027
0.284389564776
0.284472312078
0.284546909981
0.284626984982
0.284716250934
0.284794619956
0.284865898903
0.284943074234
0.285026561071
0.285107043627
0.285193771925
0.285266894394
0.285341384439
0.285413923154
0.285497592374
0.285572190233
0.285662724477
0.285744478207
0.285826152673
0.285904179776
0.285980894274
0.286063484616
0.286140599672
0.286223003147
0.286299726642
0.286375763314
0.286458493059
0.286538817623
0.286620182418
0.286701671651
0.286789361386
0.286864841722
0.286949016686
0.287021858837
0.287097856087
0.287168790957
0.287249163007
0.287328252139
0.287407312566
0.287488458763
0.287567559081
0.287640764771
0.287719226898
0.287803859474
0.287880858808
0.28796021758
0.288040889732
0.288117313789
0.288196117667
0.2882802973
0.288361479046
0.288432106583
0.288509859865
0.288582510861
0.288648715542
0.288722300876
0.288796574477
0.288874098544
0.288952539291
0.289032333898
0.289102773582
0.289172626336
0.289246715471
0.289315533263
0.289390568643
0.289468528493
0.289539904353
0.289621759727
0.28969152671
0.289765292511
0.289842352773
0.28992260289
0.289995610745
0.290073845353
0.290152406341
0.290230361525
0.290307556284
0.290377356859
0.290451181515
0.290521689645
0.290588913658
0.290656771046
0.290728311195
0.290804280722
0.290884035353
0.290961622565
0.291033125145
0.291104612372
0.291179362937
0.291251892487
0.29133023733
0.291399601405
0.291467476417
0.291539630432
0.291606680266
0.291684237513
0.291753075937
0.291822602113
0.291895162261
0.291970938147
0.292044011936
0.292111402159
0.292186874096
0.292259164694
0.292333705006
0.292407243499
0.292483955746
0.292556929214
0.292627923889
0.292701703163
0.292774801481
0.292836834844
0.292907946961
0.292978096269
0.293050137787
0.293123474685
0.293192828241
0.293260610152
0.293327383557
0.293388372248
0.293454610825
0.29352711113
0.293603009806
0.2936712439
0.293746522557
0.29382226068
0.293892021202
0.293954079853
0.294023097227
0.294094563582
0.294165427195
0.294242716613
0.294317285835
0.294390574985
0.294459885551
0.294528479559
0.294597641628
0.294670671597
0.294745743079
0.294812579709
0.294884887412
0.294953348729
0.295021644898
0.295088235953
0.295165167022
0.295237586156
0.295305409514
0.295380265787
0.295450697546
0.29551699561
0.295581868508
0.295648792099
0.295717403426
0.295787288068
0.295857336829
0.295928052146
0.295995149771
0.296066165431
0.29613747138
0.296204818995
0.296277394212
0.296344608178
0.296413363017
0.296478196611
0.296548987746
0.2966183385
0.296682888378
0.296753387668
0.296823441879
0.296886161351
0.296954131984
0.297020879848
0.297085943905
0.29715185421
0.297220758688
0.297292907472
0.297360878552
0.297424294934
0.297499779978
0.297568247135
0.2976372066
0.297706809184
0.297767534909
0.297833926645
0.297894914983
0.29796497008
0.298028779077
0.298090989707
0.29815597169
0.298219647426
0.298290889501
0.298357978502
0.298423984476
0.298488551023
0.298554612055
0.298614337159
0.298680780451
0.298745346523
0.29881337195
0.298873815419
0.298937005241
0.299003539803
0.299063687501
0.299124068332
0.299181865429
0.299249289587
0.299312781783
0.299373445974
0.299435903937
0.299496758091
0.299559337847
0.299618944665
0.299677149937
0.299744474521
0.299811648494
0.29987032
0.299938278634
0.300002034742
0.300070075408
0.300132983884
0.30019569611
0.300259320246
0.300324116789
0.300386149805
0.300452057905
0.300517278294
0.30057731122
0.300641152557
0.300706821291
0.300765588214
0.300833980503
0.300895202042
0.300959202258
0.301019480549
0.301075863959
0.301138558934
0.301200290072
0.30125917076
0.301320216416
0.301384423757
0.301445686105
0.301503536195
0.301565699793
0.301621360323
0.301677642322
0.301737465819
0.301797030059
0.301855279931
0.301917186224
0.301974106033
0.3020326944
0.302091167908
0.302155338277
0.302222562261
0.302282956579
0.302342232071
0.30240216186
0.302459664075
0.302523746088
0.302578756536
0.302640352405
0.302699421887
0.302760663218
0.302821946751
0.302878280619
0.302930561164
0.302989485587
0.303043611252
0.303110597191
0.303177767795
0.303237252323
0.303301522443
0.303359441682
0.303417210537
0.303473624058
0.303535910912
0.303593391665
0.303660806879
0.303723027337
0.303784260773
0.303843735923
0.303899542898
0.303965505952
0.304025059723
0.304087511058
0.304143310239
0.304202656699
0.304263186313
0.304323929353
0.304380586941
0.304440276169
0.304496486831
0.30455729151
0.304618088376
0.304678938664
0.304737429366
0.304795837182
0.304850570444
0.304908696247
0.304965257997
0.305023054244
0.305081582911
0.305136104056
0.305190836677
0.305253659659
0.305313233868
0.305367104816
0.305420203155
0.305478424453
0.30553378476
0.305597203739
0.305655123277
0.305716184611
0.305776507617
0.30583637958
0.305892974787
0.305950517578
0.30600303123
0.306062423945
0.306115649977
0.306177834563
0.30623588691
0.306294345608
0.306350280474
0.306407789383
0.306472589823
0.306528205415
0.306582029869
0.306636279588
0.306686647682
0.306740652842
0.306790263193
0.306841807944
0.306895088433
0.306948286557
0.307014634825
0.307069243209
0.307129964905
0.307183443021
0.307243266652
0.307297867994
0.307356925039
0.307408795733
0.307461697938
0.307517306148
0.307575590961
0.307626390206
0.307691174739
0.307742724509
0.307801848815
0.307861521015
0.307913249018
0.307972882236
0.308031429111
0.308091752925
0.308145718999
0.308204170798
0.308258550539
0.308314352531
0.308368717283
0.308420604479
0.308474261045
0.30852977689
0.308587198956
0.308642263274
0.308700027743
0.308753484424
0.30880742292
0.308864537968
0.308917062231
0.308971719124
0.309027752542
0.309080910729
0.30913235248
0.309189906527
0.309244541712
0.309298590685
0.309350908793
0.309404107352
0.30945757427
0.309510687354
0.309565130767
0.309618889906
0.30966819033
0.30972105527
0.309774143006
0.309828209339
0.309874560954
0.309927806935
0.309979371258
0.310032626217
0.310087835289
0.310143214502
0.310192193961
0.310246648484
0.310303580275
0.310351074781
0.310403783679
0.310457627472
0.310510052892
0.310562928659
0.310614701365
0.310663193353
0.310721929481
0.31077284163
0.310822458195
0.310880518753
0.310929042908
0.31097936281
0.311030457113
0.311088314106
0.311145372779
0.311197105748
0.311252011348
0.311301905127
0.311355826597
0.31140643608
0.31145948271
0.31150945668
