
row1col1
West 1.25661804045e-14
East 6.43657317316e-15
North 7.84757098008e-18
South 4.06328910023e-07

row1col2
West 1.0072739844e-14
East 1.02788610125e-10
North 5.21246690888e-11
South 1.64614210005e-05

row1col3
West 8.36550937133e-13
East 4.2373837613e-08
North 3.47045500151e-12
South 0.000566048007572

row1col4
West 1.04479002388e-10
East 5.19291731327e-05
North 8.48526331966e-07
South 0.00227229431485

row1col5
West 5.80749833256e-07
East 4.91238247729e-07
North 0.000120296528131
South 0.00541278241811

row1col7
West 2.7341084118e-10
East 0.000307371330898
North 6.00665559421e-06
South 0.000648882824654

row1col8
West 7.24783787272e-07
East 0.00656810674243
North 7.17619703586e-05
South 0.00103927814705

row1col9
West 0.000218667545994
East 9.57419349687e-05
North 0.0039624023483
South 0.114971352897

row1col10
West 0.014540577253
East 3.97765946412e-09
North 7.47441619281e-06
South 1.15933706629e-10

row1col11
West 0.000166910888012
East 4.38766790379e-08
North 2.20896161108e-06
South 2.72406627417e-06

row1col13
West 0.516547920538
East 0.507583060725
North 0.527568106509
South 0.900677741252

row1col14
West 0.416409548904
East 0.384857147833
North 0.551639560149
South 0.94851944627

row1col15
West 0.167419138035
East 0.0663413144214
North 0.125084437253
South 0.785361236057

row1col16
West 0.0900573705522
East 0.0952902425797
North 0.187252473833
South 0.70818976185

row1col18
West 0.0204881443756
East 0.00694570108741
North 0.0311233492864
South 0.363855508798

row1col19
West 0.0185608979831
East 0.000720654810127
North 0.00250147208011
South 0.211850848876

row1col20
West 0.00622747165179
East 0.000441838870489
North 0.000425850789625
South 0.0463443700427

row1col21
West 0.000159703849337
East 0.000392524308909
North 0.000115882646346
South 0.0285735729259

row1col22
West 0.000802658226451
East 0.000545857077699
North 0.000167145313215
South 0.00617451967684

row2col1
West 4.82256927321e-10
East 4.36841212925e-09
North 3.60386137862e-12
South 3.96792590121e-05

row2col2
West 3.75655599453e-10
East 0.00116652143303
North 2.61230872581e-09
South 3.61196036367e-11

row2col3
West 2.20059277441e-05
East 0.0145683074209
North 3.15316231231e-07
South 6.70767067462e-05

row2col4
West 0.000593287840508
East 0.000624351353053
North 0.000108533678977
South 0.0616575472278

row2col5
West 0.000218053204847
East 0.00268661307045
North 9.72452962222e-05
South 0.0617511008361

row2col7
West 0.000345752239122
East 5.34939795149e-05
North 3.21374971663e-05
South 0.0252583131935

row2col8
West 0.000162949881611
East 0.0512924050071
North 7.17695288925e-05
South 1.41512703075e-07

row2col9
West 0.000100701980103
East 0.00455140152118
North 0.0121004916838
South 0.383737309953

row2col10
West 0.0814429361226
East 0.000223098497506
North 1.59575266158e-08
South 0.0179722757337

row2col11
West 0.00513050475802
East 0.000360364926001
North 4.44080488454e-08
South 0.000703637053163

row2col13
West 0.902034822366
East 0.95
North 0.845450724377
South 0.857093586601

row2col14
West 0.901673230983
East 1.0
North 0.893218236691
South 0.899773036069

row2col15
West 0.0
East 0.0
North 0.0
South 0.0

row2col16
West 0.99879276368
East 0.558246773027
North 0.230221875454
South 0.252742830557

row2col17
West 0.939553014311
East 0.263945201937
North 0.296146676843
South 0.44112957536

row2col18
West 0.857651958514
East 0.182137575213
North 0.072332712735
South 0.0572258245766

row2col19
West 0.705579934688
East 0.0679744417892
North 0.037099273716
South 0.0200077705694

row2col20
West 0.415869072741
East 0.0313233697642
North 0.00225843417629
South 0.000238922968609

row2col21
West 0.182557371849
East 0.00825518663328
North 0.00270295505957
South 0.00060428660574

row2col22
West 0.0554707893737
East 0.00668371416561
North 0.000216633291056
South 0.000193061475177

row3col1
West 6.31951648034e-06
East 0.00063801936634
North 6.86306315987e-08
South 1.22688681435e-06

row3col2
West 4.24249691148e-06
East 0.00819131901116
North 5.4319390568e-07
South 0.000264411809803

row3col3
West 1.94688385858e-05
East 0.0598753803313
North 0.000185661318357
South 0.000145283505702

row3col4
West 0.0025176669302
East 0.209173634957
North 0.00337024350677
South 0.00301283653112

row3col5
West 0.014117323012
East 0.048374415058
North 0.00389911579884
South 0.361635790501

row3col7
West 0.00483681372457
East 0.130692597384
North 0.000663654351677
South 0.00107557374397

row3col8
West 0.00023368679634
East 0.345555413327
North 0.000239090187346
South 0.010803605438

row3col9
West 0.0453098253302
East 0.0261776633574
North 0.0588441137535
South 0.586533743935

row3col10
West 0.297693936611
East 0.00183931877473
North 0.000873774090602
South 0.00912761688492

row3col11
West 0.0365843381526
East 0.000888503047719
North 4.00912646107e-05
South 0.00153176167497

row3col13
West 0.856485950334
East 0.901496515641
North 0.9025
South 0.814025267979

row3col14
West 0.727957454026
East 0.652287895537
North 0.949993413061
South 0.7721149971

row3col15
West 0.164211885143
East 0.0635172232426
North 0.910255168069
South 0.331043206873

row3col16
West 0.176388381534
East 0.0816452393349
North 0.655585088935
South 0.0352728453518

row3col18
West 0.0150193353932
East 0.0096324837209
North 0.316565219181
South 0.0332654426788

row3col19
West 0.0203187910066
East 0.000316468374188
North 0.355863526759
South 0.00693666079475

row3col20
West 0.106364865901
East 0.000486000375147
North 0.000965951496951
South 0.00142615467671

row3col21
West 0.0176944390237
East 0.000279167636796
North 0.00109254791289
South 8.63647323746e-08

row3col22
West 9.43568702219e-05
East 0.00130132154385
North 0.00797155070975
South 0.000376013106692

row4col5
West 0.0790144123914
East 0.0999251603509
North 0.0424696776493
South 0.483215028616

row4col9
West 0.431694623064
East 0.268888542649
North 0.261193180933
South 0.630059267109

row4col13
West 0.813858154809
East 0.814220413406
North 0.857375
South 0.773392311398

row5col1
West 0.0
East 0.0
North 2.37404862601e-09
South 0.000192013749276

row5col2
West 2.35863100077e-09
East 1.86521970598e-08
North 3.89362929864e-07
South 0.00154881971114

row5col3
West 3.03741674135e-06
East 4.64377884786e-11
North 3.81383409611e-10
South 2.62116553087e-08

row5col5
West 0.276233810203
East 0.539124516499
North 0.156800835894
South 0.103902065868

row5col6
West 0.466734455666
East 0.568800092275
North 0.520890091438
South 0.494905703347

row5col7
West 0.536291893889
East 0.598736939238
North 0.55431826288
South 0.526151285437

row5col8
West 0.562476002805
East 0.630249409725
North 0.594046789054
South 0.543479535701

row5col9
West 0.594611544419
East 0.663420431289
North 0.583395897375
South 0.57800418665

row5col10
West 0.627339697782
East 0.698337296094
North 0.660213047885
South 0.621909243202

row5col11
West 0.659904772754
East 0.735091890625
North 0.697637631922
South 0.646989268262

row5col12
West 0.69622788493
East 0.7737809375
North 0.733319403917
South 0.685463845899

row5col13
West 0.734780773317
East 0.73458072795
North 0.81450625
South 0.73428005548

row5col14
West 0.77378093601
East 0.649937226074
North 0.624985583225
South 0.593309195907

row5col15
West 0.735091785894
East 0.487587149834
North 0.597136206138
South 0.449376738079

row5col16
West 0.698330439085
East 0.462926974039
North 0.478841936378
South 0.197484405226

row5col17
West 0.663356943037
East 0.304483418253
North 0.360497131688
South 0.294316067378

row5col18
West 0.609259364458
East 0.234834572078
North 0.0823739765872
South 0.0566162610939

row5col20
West 7.22659474215e-05
East 1.82466530728e-07
North 0.00039200774063
South 0.0277404503203

row5col21
West 0.00247765504833
East 5.74707701217e-15
North 3.04978446575e-12
South 3.55658552253e-10

row5col22
West 1.92113246317e-11
East 9.12537920004e-13
North 1.61600686391e-09
South 4.86853490009e-05

row6col1
West 1.14974787817e-07
East 0.00400306637487
North 0.0
South 1.72870947601e-07

row6col2
West 4.33906389996e-05
East 2.17843444687e-09
North 4.34338826396e-07
South 0.0275842819951

row6col3
West 5.06481570905e-07
East 1.0362907721e-09
North 3.42522513294e-10
South 0.00475043283844

row6col5
West 0.159767550732
East 0.49455645998
North 0.163401742686
South 0.177667800334

row6col6
West 0.420023894828
East 0.485201186842
North 0.540360087643
South 0.446722158666

row6col7
West 0.26004614659
East 0.368331858576
North 0.5679814898
South 0.318080117383

row6col8
West 0.266582821834
East 0.28345114722
North 0.59552926012
South 0.241019498976

row6col9
West 0.287663384308
East 0.25155034908
North 0.628001020268
South 0.350814966925

row6col10
West 0.332083677684
East 0.455616083003
North 0.663341417458
South 0.357300400425

row6col11
West 0.412658673029
East 0.48042236746
North 0.695847327093
South 0.376807328385

row6col12
West 0.380462454876
East 0.500897436838
North 0.733738412762
South 0.388481597175

row6col13
West 0.42499939365
East 0.525604469787
North 0.773755544883
South 0.676564726889

row6col14
West 0.721837803948
East 0.14776573123
North 0.406322668783
South 0.272080840917

row6col15
West 0.167693468929
East 0.0776627544491
North 0.681448675057
South 0.116265594889

row6col16
West 0.500302127602
East 0.0328030873434
North 0.213143326112
South 0.0490893540913

row6col17
West 0.145410222005
East 0.125660480889
North 0.629285195068
South 0.233505135905

row6col18
West 0.0933917922716
East 0.00736629214923
North 0.495734717218
South 0.0240781974801

row6col19
West 0.312759697209
East 0.000308786785233
North 0.0242315398602
South 0.0275838557596

row6col20
West 0.148623727348
East 0.000808761568906
North 7.22824051769e-05
South 0.000233228813916

row6col21
West 0.0314668136967
East 7.8214906364e-06
North 7.89983681537e-05
South 5.15681223166e-05

row6col22
West 0.00188639404339
East 9.40298381492e-07
North 3.07995212419e-11
South 1.14479455039e-07

row7col1
West 1.1965792808e-05
East 7.31924513224e-05
North 3.27107954652e-06
South 0.00407734051063

row7col2
West 8.50707788288e-06
East 0.00201109620103
North 1.99943620242e-06
South 0.0809740589377

row7col3
West 0.00182682724732
East 0.00018527507706
North 2.40909310811e-08
South 0.0623431530763

row7col5
West 0.120441967822
East 0.47147288994
North 0.144212258578
South 0.173493316622

row7col6
West 0.3867390725
East 0.467518396379
North 0.513342083092
South 0.411365690658

row7col10
West 0.280359013471
East 0.211325687832
North 0.625490708796
South 0.240465710053

row7col17
West 0.238542126417
East 0.0465094557685
North 0.59476463129
South 0.12249474073

row7col18
West 0.316191947578
East 0.0283706278343
North 0.0466220549135
South 0.0137091425468

row7col20
West 3.3033352617e-10
East 6.51010190912e-10
North 0.0126421448873
South 1.93975536744e-08

row7col21
West 8.21265809563e-06
East 1.83651609204e-12
North 0.00202428508902
South 3.10523790338e-09

row7col22
West 1.91655387313e-05
East 7.31017961518e-10
North 1.20923775936e-07
South 2.64199807372e-08

row8col1
West 0.000875854040706
East 0.0382996322104
North 5.77402949439e-05
South 8.20594318709e-05

row8col2
West 0.00283059080258
East 0.18154011896
North 0.00175911331175
South 0.0125984243457

row8col3
West 0.00120318479453
East 0.300861744278
North 0.00462734566242
South 0.0135102256576

row8col4
West 0.0174245693537
East 0.399600773131
North 0.0327864339892
South 0.0531261517193

row8col5
West 0.0566477236386
East 0.460758257994
North 0.184971177125
South 0.135930605318

row8col6
West 0.37418649498
East 0.427340361726
North 0.487674977734
South 0.385790355967

row8col8
West 0.00223885804445
East 0.0305228092527
North 0.000908663429027
South 0.000307796844818

row8col9
West 0.00142469375959
East 0.233288311722
North 0.0115938960442
South 0.00173174868075

row8col10
West 0.0246062743415
East 0.0297178606897
North 0.573203071597
South 0.0604056853471

row8col11
West 0.383173531138
East 0.00286081416555
North 0.00736864313061
South 0.00769015446908

row8col12
West 0.15167592945
East 0.00137663190241
North 0.0072296930458
South 0.00220250930162

row8col13
West 0.0473287503991
East 0.000427804775958
North 0.000628308916065
South 4.06991206788e-05

row8col14
West 0.0121765250968
East 1.03352820259e-05
North 1.64207763668e-05
South 2.44159115333e-07

row8col15
West 0.000837940042788
East 1.04790766094e-05
North 4.13189711707e-06
South 1.56132420696e-08

row8col17
West 0.178403341546
East 0.0205875253393
North 0.555957244966
South 0.0504642104579

row8col18
West 0.00133890165149
East 0.00022649571238
North 0.11508146271
South 0.000833905520978

row9col5
West 0.0496821617131
East 0.404043554263
North 0.136369259547
South 0.0437655093288

row9col6
West 0.282033289553
East 0.385797491256
North 0.463291216758
South 0.388694310196

row9col8
West 1.99884048856e-05
East 0.0100056027848
North 0.000147955163815
South 0.000407409632882

row9col9
West 0.000559868723534
East 0.0923478244596
North 0.00890385050568
South 0.00111305988994

row9col10
West 0.00521088004105
East 0.00556001384967
North 0.372680548757
South 0.0342572034336

row9col11
West 0.143019356439
East 5.85999591259e-05
North 0.0135834277686
South 0.00189437104323

row9col12
West 0.0287685566692
East 1.76216421266e-09
North 0.00598230862349
South 0.000355996013009

row9col13
West 1.1424110373e-05
East 8.13521620799e-06
North 0.00186392359331
South 3.01234351967e-05

row9col14
West 4.56086266654e-08
East 1.9824951483e-12
North 0.000886616123003
South 1.6512965682e-05

row9col15
West 7.71316065878e-10
East 2.74160427483e-08
North 4.69488188183e-05
South 3.51214000393e-09

row9col17
West 0.0870339410363
East 0.020426803824
North 0.507269608168
South 0.0721854929136

row9col18
West 0.145310164365
East 0.0102218982386
North 0.00257411631546
South 0.000226778954481

row9col20
West 9.73131350164e-25
East 3.02349496633e-11
North 0.0
South 1.24468558394e-18

row9col21
West 8.27317799438e-20
East 3.49107092428e-16
North 2.53470045309e-15
South 1.16306690321e-08

row9col22
West 1.69451669894e-13
East 1.11943413121e-19
North 1.53292588201e-15
South 2.84679799285e-19

row10col1
West 4.14729804969e-07
East 7.58236722019e-06
North 7.01438063754e-10
South 0.000598566034795

row10col2
West 1.76186941207e-07
East 2.72265148067e-08
North 1.08980072837e-06
South 0.00469594410442

row10col3
West 1.09004633553e-06
East 0.00204465507911
North 0.000206240294466
South 0.046622235395

row10col5
West 0.0553985681386
East 0.359818521888
North 0.10634740318
South 0.0759133534525

row10col6
West 0.225766085516
East 0.321646326284
North 0.440126576537
South 0.352949784585

row10col17
West 0.0739827220488
East 0.0103892877255
North 0.443310128259
South 0.0271885089888

row10col18
West 0.0952779967496
East 0.00303305771967
North 3.86836502348e-05
South 0.000350982448619

row10col20
West 6.16319503527e-19
East 2.76955716843e-14
North 4.86866694834e-16
South 1.01429452603e-09

row10col21
West 1.82667483564e-11
East 8.61857398528e-15
North 1.92268730166e-15
South 4.26907010699e-07

row10col22
West 2.87832085696e-12
East 2.53966876261e-14
North 0.0
South 4.65506467871e-18

row11col1
West 1.23105095131e-05
East 0.00878127190323
North 1.80055865833e-05
South 3.15398986402e-06

row11col2
West 0.000207538323093
East 0.0934217005026
North 3.63447313863e-05
South 3.02221954769e-05

row11col3
West 0.00892465527551
East 0.206733491414
North 0.00584793080846
South 0.00148973378569

row11col4
West 0.0206674745513
East 0.309438201386
North 0.0151348231785
South 0.0427906584826

row11col5
West 0.0474577053502
East 0.388454244811
North 0.0923414057104
South 0.0483738898655

row11col6
West 0.286936331604
East 0.338263234541
North 0.418119829505
South 0.326462381208

row11col8
West 3.36873947823e-10
East 0.000286510535449
North 6.56894788042e-10
South 0.00030833395635

row11col9
West 3.36810632921e-10
East 0.0
North 7.74951071881e-12
South 0.00894064902114

row11col10
West 0.0
East 0.0
North 0.0
South 0.0

row11col12
West 0.0
East 1.68383380029e-08
North 2.60083761619e-11
South 0.0

row11col13
West 0.0
East 6.92731440982e-11
North 2.53764829768e-20
South 6.98386942889e-06

row11col14
West 0.0
East 1.204830299e-10
North 0.0
South 8.70144838149e-05

row11col15
West 5.34241746879e-19
East 4.05320683848e-17
North 0.0
South 0.000344976941151

row11col17
West 0.0573810005203
East 0.0032001136527
North 0.362723375043
South 0.0278689519986

row11col18
West 0.0421306737399
East 0.000396646302772
North 1.34311772925e-05
South 9.78845692019e-06

row11col20
West 1.38753988734e-13
East 6.42873928424e-08
North 4.1823363468e-14
South 1.72656437986e-17

row11col21
West 1.29328338188e-13
East 2.03356281768e-10
North 8.30875914898e-13
South 6.25773829791e-06

row11col22
West 6.04312380646e-09
East 2.6674236475e-12
North 2.87837666163e-19
South 1.29475456777e-11

row12col1
West 1.63291466171e-08
East 0.000950463004369
North 6.63571247678e-05
South 3.61997359678e-06

row12col2
West 1.03968625766e-05
East 0.000163776177511
North 0.01648089813
South 0.000148899798499

row12col3
West 3.6425475407e-06
East 0.000155475528653
North 0.0447110549802
South 8.92183396454e-06

row12col5
West 0.0427105694865
East 0.290272063387
North 0.0404251506123
South 0.0347418630151

row12col6
West 0.157508551935
East 0.304576566434
North 0.397211900642
South 0.246640198896

row12col8
West 3.94438037611e-14
East 0.00751696893188
North 6.58196664906e-14
South 9.47312481031e-05

row12col9
West 2.47194934549e-05
East 0.000204901060347
North 3.65695796939e-06
South 0.0724990933782

row12col10
West 0.00768437587441
East 2.31813367137e-09
North 0.0
South 1.91340246603e-06

row12col12
West 1.97570027405e-11
East 4.77849319494e-06
North 1.94405219753e-15
South 1.85812952477e-19

row12col13
West 5.72933326083e-11
East 0.000219376084518
North 5.55928901871e-19
South 3.31501091907e-12

row12col14
West 6.19698583423e-10
East 0.00268219463693
North 0.0
South 3.53187859707e-11

row12col15
West 3.32119801035e-05
East 0.017352417833
North 3.66757522621e-06
South 2.09742199871e-06

row12col16
West 4.73669099312e-05
East 0.0839365410875
North 0.000784787895582
South 0.00209190568493

row12col17
West 0.00313516009699
East 0.001463702616
North 0.278997537251
South 0.00597769155172

row12col18
West 0.0418097483841
East 1.35952567337e-05
North 0.000111194259408
South 1.89322396133e-07

row12col20
West 1.25275136578e-14
East 4.69795075197e-07
North 2.47187973243e-12
South 0.0

row12col21
West 3.93207275576e-11
East 8.4854443281e-09
North 4.92240201028e-11
South 5.76070494175e-05

row12col22
West 3.47937281561e-07
East 6.09800300324e-12
North 6.62340077247e-11
South 5.44594734766e-12

row13col5
West 0.024192181555
East 0.251457898805
North 0.0221579564791
South 0.00644923627194

row13col6
West 0.0993069801919
East 0.223055302221
North 0.377343504266
South 0.210848485081

row13col9
West 0.016277331189
East 0.00687327818448
North 0.00101441469534
South 0.180073276214

row13col17
West 0.00793181755926
East 0.00260129243592
North 0.177597903566
South 0.00162740752765

row13col18
West 0.0916438785015
East 0.00271038573091
North 0.00291501397727
South 0.000669578933777

row13col21
West 5.34395502475e-06
East 2.12592192287e-05
North 3.61163755981e-07
South 0.00037661288379

row14col1
West 0.0
East 0.000315889260573
North 0.0
South 5.73664898216e-05

row14col2
West 2.65676362945e-08
East 0.0250909914968
North 0.000190662707398
South 0.0

row14col3
West 0.00222575323499
East 0.155700258313
North 0.00384801730172
South 0.00411040325018

row14col4
West 0.0136922495229
East 0.256148440647
North 0.0157876075181
South 0.000837318131192

row14col5
West 0.0248077682727
East 0.325749324445
North 0.0340603821017
South 0.0163366625516

row14col6
West 0.165692543315
East 0.180191738628
North 0.358448641652
South 0.129287293002

row14col7
West 0.340361052739
East 0.122899975495
North 0.1156691125
South 0.084381931118

row14col8
West 0.322216995884
East 0.0725987957318
North 0.0936029821692
South 0.0347143503013

row14col9
West 0.302821906426
East 0.0577406388337
North 0.0215683688092
South 0.0252378441906

row14col10
West 0.277644764329
East 0.0459179594138
North 0.0510574269468
South 0.00159306681456

row14col11
West 0.243794451716
East 0.0100352654242
North 0.0257353141186
South 0.00326117298488

row14col12
West 0.199801639358
East 0.00108144740549
North 0.0198197535034
South 0.00871933722916

row14col13
West 0.055595425707
East 0.000165336267673
North 2.07168254594e-05
South 7.3584774924e-06

row14col14
West 0.0097280769898
East 5.86375484489e-05
North 7.7524046267e-05
South 0.000196968729124

row14col15
West 0.00167727116918
East 2.41031273823e-06
North 5.1274457925e-08
South 1.67808634333e-05

row14col16
West 2.24457549202e-10
East 0.00223852612647
North 4.77756734698e-26
South 2.09361066805e-06

row14col17
West 1.36685255781e-05
East 0.000872732899159
North 0.0344125007098
South 7.75906484884e-10

row14col18
West 0.00128545895325
East 8.62863464635e-05
North 0.0467862370824
South 0.00035709013614

row14col19
West 0.0206394200548
East 4.69457671949e-05
North 0.000534568045526
South 1.87740416889e-05

row14col20
West 0.00663410873308
East 6.8309008951e-06
North 4.91609978241e-07
South 4.13239421086e-06

row14col21
West 0.00181587579978
East 6.23821981636e-07
North 4.35314429046e-06
South 4.08341329681e-09

row14col22
West 0.00010779214848
East 4.05238633341e-08
North 2.82421332924e-08
South 1.03722678389e-21

row15col1
West 1.5526075127e-05
East 0.00202028129112
North 0.0
South 0.0

row15col2
West 8.61023691329e-06
East 0.029301760567
North 0.000391782127043
South 2.42100394282e-05

row15col3
West 0.000231074901516
East 0.00235511378856
North 0.0746297908329
South 0.001816011989

row15col4
West 4.41742367164e-05
East 0.00148171837703
North 0.045248725368
South 7.93527435446e-05

row15col5
West 0.000161731115773
East 0.117815118677
North 0.0188567902025
South 0.000995728805093

row15col6
West 0.0119619130727
East 0.0509315165681
North 0.282987648368
South 0.054505974336

row15col7
West 0.0889386650365
East 0.00474736202485
North 0.297976765748
South 0.0168334482317

row15col8
West 0.00577897026613
East 0.000580061280071
North 0.133477554835
South 0.00267267273277

row15col9
West 0.000308272335984
East 0.000199958514402
North 0.105430923573
South 0.0044282559037

row15col10
West 0.0157204701715
East 0.00294162840565
North 0.000270807383551
South 0.000196789351365

row15col11
West 0.000203566280332
East 0.00393809225856
North 0.0609651441512
South 0.000586433889101

row15col12
West 0.00202540792127
East 0.0102447544209
North 0.143790397116
South 0.00454776175148

row15col13
West 0.0980295913502
East 0.000847695540764
North 3.43273299046e-05
South 0.00987960240484

row15col14
West 0.0601332380347
East 0.000812257375249
North 0.000256690358138
South 0.000426212901605

row15col15
West 0.0331060705434
East 8.91826817764e-06
North 0.000107188539875
South 0.000272376648012

row15col16
West 0.000288512814036
East 2.41342735797e-10
North 3.98430983861e-19
South 1.98113031799e-10

row15col17
West 1.57149424818e-08
East 1.14568720669e-07
North 2.16870550183e-24
South 9.76338586458e-11

row15col18
West 2.33203091516e-14
East 1.30211455295e-12
North 0.00598063387521
South 1.1457001604e-07

row15col19
West 2.18215554769e-07
East 7.94886678627e-14
North 0.00215713043314
South 4.04112792217e-10

row15col20
West 9.116126501e-07
East 2.09989514017e-09
North 0.000305141477002
South 1.35752216414e-06

row15col21
West 8.84458913934e-06
East 1.94328860863e-16
North 5.39004751973e-12
South 8.30455662503e-12

row15col22
West 3.51476115892e-15
East 0.0
North 7.39785254392e-09
South 1.83567300764e-13

row16col2
West 8.00818632453e-05
East 0.000141844568696
North 0.00788053505133
South 2.25152307055e-07

row16col7
West 0.00728781813021
East 0.00897829463072
North 0.226094244401
South 0.0128064210329

row16col15
West 0.000100530661236
East 0.000452587751386
North 0.0158461785078
South 0.000134747142912

row17col1
West 0.0
East 1.26991873829e-05
North 0.0
South 9.64427001173e-11

row17col2
West 1.17572198236e-08
East 1.03070539381e-07
North 0.00175482212655
South 1.15325328643e-10

row17col3
West 0.000170127495667
East 2.38482208365e-08
North 0.0
South 0.0

row17col4
West 9.33591793458e-06
East 1.46508403009e-10
North 1.28444513951e-09
South 1.5138791755e-10

row17col6
West 0.0
East 0.0115529243958
North 5.24409817102e-06
South 1.03438171854e-05

row17col7
West 7.19586927664e-05
East 0.000103602958626
North 0.144524454359
South 0.00106380359784

row17col8
West 0.0254404527767
East 1.01141845237e-09
North 0.000155732770362
South 4.48522528371e-09

row17col9
West 0.00152336690993
East 2.09473407961e-09
North 1.7377107481e-13
South 1.09175760085e-06

row17col10
West 7.35659030919e-05
East 1.67938898536e-10
North 3.53490225917e-09
South 2.50749167004e-13

row17col11
West 1.2941129285e-06
East 1.11872988816e-15
North 3.2744366023e-10
South 8.17622805013e-15

row17col13
West 0.0
East 1.16303508271e-05
North 2.54832102436e-15
South 0.0

row17col14
West 1.01397691121e-09
East 0.000460829289487
North 1.63167394971e-10
South 8.89357808434e-19

row17col15
West 6.91553891159e-06
East 7.92316311364e-07
North 0.00657379871862
South 4.07046156079e-07

row17col16
West 0.000210705948965
East 1.20468160499e-11
North 9.14906724979e-12
South 6.71731768361e-06

row17col18
West 7.67514740143e-15
East 5.57094820697e-10
North 0.0
South 0.0

row17col19
West 0.0
East 1.75000872766e-28
North 1.68099811751e-16
South 4.48222516122e-08

row17col20
West 1.12253596117e-09
East 1.29915876715e-14
North 5.74618323027e-28
South 5.42440178247e-11

row17col21
West 0.0
East 4.80738161374e-29
North 1.52075996956e-28
South 5.4311842706e-09

row17col22
West 0.0
East 0.0
North 2.88351374901e-33
South 2.50078539442e-12

row18col1
West 5.96618346311e-08
East 2.18507659937e-06
North 0.0
South 2.98210168852e-09

row18col2
West 3.34171153011e-08
East 3.05632602944e-09
North 0.000144870376305
South 1.46947537763e-10

row18col3
West 1.50976624691e-07
East 0.0
North 6.42871541625e-08
South 0.0

row18col4
West 0.0
East 0.0
North 1.14368211045e-07
South 0.0

row18col6
West 9.75531664186e-11
East 0.00375635649735
North 7.16964036527e-12
South 1.03682007511e-09

row18col7
West 9.6702012365e-05
East 0.000322302191773
North 0.0618818797248
South 8.60552414612e-05

row18col8
West 0.0172859817158
East 2.14688461653e-11
North 4.64403808694e-07
South 1.45508031153e-12

row18col9
West 0.00276934854309
East 2.28941702538e-08
North 1.79966352601e-06
South 6.23060369889e-09

row18col10
West 0.000232613905037
East 1.21704162639e-13
North 5.78699333625e-10
South 3.89880380932e-09

row18col11
West 2.88092518188e-06
East 3.14705513182e-13
North 2.6094681503e-14
South 4.54185470124e-11

row18col13
West 1.01976513911e-11
East 0.0
North 8.94732269203e-08
South 0.0

row18col14
West 0.0
East 1.3988791352e-08
North 6.47596641329e-06
South 8.95313546741e-11

row18col15
West 4.50436393081e-08
East 2.18646366189e-06
North 0.00231201262061
South 5.45619183897e-08

row18col16
West 0.000696367296782
East 1.29310809802e-06
North 1.82498167888e-06
South 1.15410409937e-08

row18col17
West 0.000187712559336
East 6.46054576678e-08
North 7.52014415013e-08
South 3.04538649091e-06

row18col18
West 3.93879066704e-05
East 9.94982065896e-10
North 3.77838731447e-13
South 1.58695822582e-12

row18col19
West 6.01689865879e-06
East 1.57772511816e-08
North 1.87801791465e-12
South 1.55196208758e-12

row18col20
West 1.07806266925e-06
East 6.26647512282e-11
North 2.57724341699e-12
South 1.80871062509e-12

row18col21
West 1.46197658354e-07
East 3.48993730504e-28
North 4.08435426448e-13
South 1.15422361066e-12

row18col22
West 5.50290030911e-09
East 6.80537774482e-28
North 1.65800117764e-29
South 1.65772021989e-29

row19col1
West 0.0
East 8.55858797131e-08
North 1.19098302217e-07
South 0.0

row19col2
West 9.39502582139e-11
East 0.0
North 4.39193333085e-06
South 1.46947537763e-10

row19col3
West 7.59194114405e-09
East 0.0
North 0.0
South 0.0

row19col4
West 0.0
East 0.0
North 1.7219462316e-11
South 3.89554033074e-17

row19col6
West 1.20775395035e-09
East 0.000212701824946
North 5.04231286143e-21
South 2.07000212206e-19

row19col7
West 1.90620711253e-08
East 1.75701500113e-13
North 0.00526165589069
South 9.22591464229e-09

row19col8
West 4.49685166208e-05
East 1.25606769282e-07
North 0.000869842272422
South 1.17129685189e-05

row19col9
West 3.29939769392e-05
East 2.10105724136e-09
North 0.0
South 0.0

row19col10
West 0.0
East 0.0
North 6.8104548486e-06
South 6.66124769512e-14

row19col11
West 0.0
East 1.59132801419e-16
North 5.22783310686e-08
South 0.0

row19col13
West 4.12598623257e-13
East 9.96203460561e-11
North 1.31533137199e-19
South 9.64878219624e-17

row19col14
West 8.31006267207e-16
East 7.75636900624e-09
North 4.02332628176e-12
South 3.02186228994e-12

row19col15
West 1.81451964527e-10
East 2.95401742311e-11
North 9.19308134712e-06
South 4.85200002224e-11

row19col16
West 6.21357517046e-10
East 1.15306577194e-08
North 9.77424166836e-06
South 2.90819145371e-12

row19col18
West 4.88992121677e-13
East 3.4557145015e-14
North 1.3600159782e-06
South 2.26852980681e-13

row19col19
West 1.66505612346e-08
East 2.21574851096e-14
North 5.07992411295e-25
South 2.9427112429e-16

row19col20
West 7.05043470511e-19
East 3.93951024234e-23
North 8.90534015759e-09
South 9.24236819909e-18

row19col21
West 1.56390879808e-10
East 5.95196380239e-20
North 3.81961366667e-20
South 3.93511820326e-23

row19col22
West 3.52601066386e-17
East 0.0
North 1.25304500977e-18
South 0.0
