0.10672696786
0.067232962586
0.0923993056262
0.104695531302
0.104885926469
0.110139531609
0.128721954879
0.123785880985
0.123494998424
0.115469715803
0.107626914588
0.102789080988
0.0996170175995
0.0999717312648
0.105057057645
0.112689165027
0.111694548541
0.107692719857
0.106401175244
0.101200840221
0.103396566684
0.102630647129
0.100815983933
0.105225558066
0.102605393018
0.10080403543
0.100649933821
0.102916670819
0.102319813308
0.104680886851
0.102346208726
0.106727894286
0.10508517445
0.10563997688
0.104135451568
0.10591513786
0.104439977602
0.10812733517
0.107176754977
0.109052522425
0.109756785432
0.108583950345
0.106961885403
0.107369863237
0.10801301438
0.106983522561
0.107307686094
0.107589821014
0.109079185614
0.108533112587
0.109698371957
0.1124190019
0.110804668337
0.111393142442
0.110589360105
0.112238214533
0.112692173334
0.112857635032
0.112964035154
0.112927842124
0.11468098448
0.114154297222
0.115062470547
0.117812717626
0.117679766725
0.117362062469
0.122358882079
0.12581260341
0.127903386745
0.128183804362
0.127716455365
0.129299591146
0.12809844388
0.130529141912
0.131652499058
0.131740110492
0.131997306623
0.132614352341
0.132561624678
0.132982939299
0.134683517773
0.135607024052
0.134611311624
0.134912893201
0.135790198526
0.135782960347
0.13652536408
0.138392321573
0.13913729473
0.139667139737
0.139438938972
0.138914254321
0.140416589227
0.141504452889
0.142091262151
0.143495865639
0.143788876091
0.143657989855
0.14408724697
0.144575871782
0.145758251111
0.145471196846
0.146433586302
0.1463158647
0.146460606785
0.147030386595
0.14724836373
0.147109191098
0.147679759962
0.147879903693
0.149992017885
0.151228234706
0.152279591273
0.15398521698
0.156772617598
0.157006810065
0.157740239954
0.158377235092
0.159242784217
0.158902769847
0.159427063911
0.160488528585
0.161104047123
0.161959794825
0.162646438105
0.163606529668
0.164336699042
0.163878167531
0.164935451308
0.165784213933
0.165930939073
0.166321259731
0.167520367985
0.167986449526
0.168687743172
0.168035700091
0.168870083858
0.169683335478
0.170192715959
0.170843190438
0.171697890227
0.172701919711
0.172917740866
0.175042004883
0.175280795623
0.176231043986
0.176067350138
0.177033976365
0.177493605122
0.177588025688
0.17813705359
0.179033923372
0.179231704487
0.179416989576
0.180165510287
0.181046597237
0.181388983669
0.181416150674
0.181728320875
0.182110287575
0.182810267302
0.183464360756
0.184761403181
0.185910194314
0.186917014596
0.186775075017
0.187563194308
0.187772364964
0.188471063954
0.18845409334
0.188183354845
0.187744232894
0.187888362557
0.188619118579
0.189217160198
0.189712285788
0.189497412878
0.190098764222
0.190563100601
0.191180138338
0.191837410743
0.192686559033
0.192677442979
0.19325782872
0.193941392272
0.194913228332
0.194739182723
0.194984928738
0.195431130149
0.196004617202
0.195866779083
0.196447444645
0.197380694296
0.197386862898
0.197596828874
0.198282557023
0.198567194837
0.199745126642
0.199642796243
0.200171025936
0.200553043413
0.200584805339
0.200315170771
0.200776099529
0.201234737577
0.201504985382
0.201882842695
0.201857508741
0.202435434292
0.202723979732
0.202784850159
0.202702493361
0.20274502431
0.203265493597
0.203980622194
0.204429234643
0.204374469524
0.204699392343
0.205121455438
0.20521509712
0.20583326224
0.206062723618
0.206539294454
0.206710135489
0.207054328649
0.207778153889
0.208266240721
0.208988038944
0.209897118862
0.210215080268
0.210389929593
0.210429613827
0.210647529579
0.210901627646
0.210974125342
0.210866013659
0.211168953318
0.21156007634
0.212307727194
0.212797872236
0.213143601688
0.213599006505
0.213618707799
0.21412689931
0.214662826405
0.21491411185
0.215601965113
0.215688152152
0.215880186942
0.21621541234
0.2164767847
0.216667814501
0.217256906319
0.217506820133
0.217218877125
0.21743592787
0.218050051515
0.21814420938
0.21841419474
0.218475250415
0.218651832207
0.218586515544
0.218554241102
0.218795827666
0.218826601697
0.218755505048
0.219059966095
0.219431426126
0.219692592157
0.219756386196
0.219897979302
0.220945620715
0.221363140898
0.222019370945
0.222225285159
0.222194354432
0.22227332409
0.222156920329
0.222397861898
0.222757457518
0.22313625787
0.223448523264
0.223664676311
0.223901976098
0.22392801715
0.224195180045
0.224298618048
0.224562761568
0.224595934256
0.224697836913
0.224491898895
0.224484056108
0.224240305173
0.224514600394
0.224868670828
0.224856692361
0.2252535365
0.225502916778
0.225497572727
0.225688921081
0.226029510516
0.22625945519
0.226501261482
0.226358755807
0.22657165137
0.227026329114
0.227381113101
0.22748536383
0.227805530673
0.228019471354
0.228398744239
0.228387581602
0.228456521497
0.228491191889
0.228419472133
0.228270611586
0.228626443579
0.229146887162
0.229241972639
0.229494639511
0.229659451847
0.23014846894
0.230237380041
0.230325453019
0.230351376251
0.231159765629
0.231675945915
0.2317568932
0.232035013375
0.232647889192
0.232762493556
0.232911117254
0.233074165385
0.233359974096
0.233363313613
0.23361344126
0.233478255898
0.233740853492
0.234116929177
0.234067531737
0.234372135951
0.234816934777
0.235103520363
0.23559139494
0.235744246708
0.235942280307
0.236244687548
0.236756137604
0.237180590435
0.236922632721
0.237082910544
0.237232135277
0.2374688391
0.237866358187
0.238183149414
0.238823104808
0.239028407886
0.238982019891
0.239208247193
0.239159879574
0.239186458111
0.239213119901
0.239340858054
0.23949982402
0.239989448406
0.240547044917
0.240835303624
0.241366956633
0.241206291079
0.241333820299
0.241416489349
0.241314424858
0.241594839903
0.241648494853
0.242024392296
0.242105112703
0.242366966868
0.242557832529
0.242644078275
0.242849804575
0.243150457899
0.24347067569
0.243883753801
0.243756385206
0.243983390799
0.244302354153
0.244544683625
0.244675049518
0.244869492439
0.244808687418
0.245007352917
0.245223080473
0.245384219306
0.245715724956
0.245871334659
0.245998450836
0.246352065352
0.246211229247
0.246357577875
0.246810662703
0.246780975089
0.246803472257
0.246810556493
0.247016211814
0.24690497073
0.246764934647
0.246837232487
0.246981051206
0.247137926613
0.247029109748
0.247155991163
0.247506746736
0.248010477468
0.248010273509
0.248120747518
0.248483780192
0.248870363802
0.248952001144
0.248959211785
0.249113448635
0.2492254753
0.249181143666
0.249552688578
0.249520793244
0.24970596048
0.250071547126
0.25009050363
0.25010986503
0.250316367249
0.250423013225
0.250574733392
0.250502621556
0.250583135404
0.250970617973
0.251099198293
0.251103145847
0.251198231895
0.25141566017
0.25143042435
0.251595336757
0.251811041968
0.252018579823
0.252054234893
0.25240318573
0.252376889011
0.252442148073
0.252549750009
0.252707136495
0.252652109545
0.252745850365
0.252938051289
0.252904453915
0.252807880582
0.252962683467
0.253187633816
0.253195897118
0.253440452907
0.253316649212
0.253703934555
0.253780622408
0.253932039717
0.253931998175
0.253807618492
0.25417471755
0.254138820288
0.254244277916
0.254128968844
0.25423103547
0.254307021757
0.25431463848
0.254308876693
0.254461761613
0.254376718315
0.254454659794
0.254620417714
0.254910847069
0.25510613593
0.255210472975
0.255317193092
0.255540027886
0.255485225643
0.255388988783
0.255553467313
0.255632008165
0.255439456292
0.255595090011
0.255668101536
0.255978294367
0.256165361767
0.256219416167
0.256159958494
0.25628383706
0.256572703595
0.256737862297
0.256669820743
0.256727147399
0.256608569651
0.256849679555
0.256891534652
0.256999345806
0.256987873913
0.257520598169
0.257487674376
0.257591569666
0.257677411799
0.257562081897
0.257707159866
0.25777502735
0.257791795324
0.257842134054
0.257809915347
0.257832828664
0.257849100362
0.258091677973
0.258029324911
0.258181800987
0.258242585489
0.258344517647
0.258292021078
0.25839789102
0.258589437121
0.259004335807
0.259136304079
0.259374155147
0.259409920688
0.259663611491
0.259903460816
0.259908216677
0.259881917162
0.260048117719
0.260066769662
0.260347574876
0.26051677187
0.260679793312
0.260776105467
0.261015679214
0.261063751778
0.261121147665
0.261511238507
0.261876610923
0.2620122033
0.262078364616
0.262113603024
0.26231327865
0.262405605974
0.262735666923
0.262729309119
0.262732460229
0.262910846923
0.262939283762
0.263047776901
0.263172377862
0.263201883855
0.263208464859
0.263154588779
0.263181285491
0.263324609079
0.263321395295
0.263246948573
0.263399368824
0.263491591732
0.263508256677
0.263666320513
0.26377060134
0.263867174587
0.264040532867
0.264186749698
0.264150551092
0.264339017714
0.264410820416
0.264426278566
0.264401249316
0.264458367802
0.264548030896
0.264474581488
0.264534856353
0.264671536677
0.264857673021
0.264909608115
0.264870697996
0.26504376953
0.265152793533
0.265060434442
0.26502076705
0.264964541346
0.264936037798
0.265078007442
0.265107523635
0.265457788756
0.265428322342
0.265624203955
0.265714158367
0.265870933661
0.265905978603
0.265807063757
0.26589549988
0.265962080638
0.266243252854
0.26617946826
0.266388322475
0.266472700728
0.266476462643
0.266668270365
0.266608313035
0.266710046228
0.267060902794
0.267061647747
0.266982466168
0.266877531391
0.266935233719
0.267031353805
0.267093515093
0.267082422543
0.267116738426
0.267216231109
0.267501699532
0.267673125105
0.267699937592
0.267637873747
0.267608386943
0.267786981801
0.267801217755
0.267809867723
0.267827788248
0.267867741266
0.267755106215
0.267651000483
0.267716709073
0.267669243431
0.267662702189
0.267782636579
0.267842187342
0.267782497724
0.267858158088
0.267843502422
0.267915974837
0.268107632171
0.268222400037
0.268237992596
0.26814588056
0.268326176662
0.268247053548
0.268189002318
0.268375921399
0.268226702548
0.268252045729
0.268337176939
0.26847328413
0.268735937383
0.268735636392
0.268762829038
0.268782174249
0.268838100429
0.269111722355
0.269402357403
0.269303372003
0.269218051903
0.269073640296
0.269018904414
0.269203526575
0.269070844251
0.269047808552
0.268930676555
0.269068821234
0.269174862209
0.269274401264
0.269201340201
0.2691957396
0.269159633783
0.269173129922
0.269267356147
0.269328333448
0.269628723801
0.269593593508
0.269578105147
0.2697304393
0.269779843716
0.269834983277
0.26983984609
0.269930678979
0.270084874802
0.270113947819
0.270221842615
0.270137589047
0.270319853077
0.270490168116
0.270485932593
0.27053404796
0.270480109523
0.270526087732
0.270750958671
0.270915946363
0.270785835602
0.270844762458
0.270961243015
0.270964705889
0.271007750458
0.271037472531
0.271115813607
0.271094867542
0.271058185527
0.271133343784
0.271159897583
0.271278071708
0.271270011706
0.271148525129
0.271433861782
0.271582347846
0.271537483271
0.271552509325
0.271583053546
0.271691467968
0.271955933691
0.271902560654
0.271925975955
0.272086902861
0.272039860761
0.272061833879
0.271961644341
0.271948425453
0.271946437711
0.271930172958
0.271952946612
0.271949657581
0.272115403821
0.272198697231
0.272206441212
0.272471773299
0.27245140521
0.272605082868
0.272771148168
0.272745455081
0.272755959005
0.272766468717
0.272800235529
0.272828686602
0.272860477819
0.272916368928
0.27298787053
0.273055675484
0.273057144843
0.273080302936
0.273042369975
0.273045535386
0.273204930769
0.27315389257
0.273111164028
0.273311110858
0.27320692831
0.273248477468
0.273362191994
0.273384379221
0.273411529568
0.273554316449
0.27364139429
0.273729093946
0.273723595601
0.273768692136
0.27384902558
0.273909663852
0.274111134869
0.27442438203
0.274427055401
0.27454644972
0.274508647032
0.274577380786
0.274587913825
0.274645748211
0.274643201055
0.274687170984
0.274656351672
0.274668498381
0.274821650308
0.274833559857
0.274768873769
0.274892798901
0.275024882451
0.274912137799
0.275081530935
0.275276783686
0.275299957447
0.275367363722
0.275411996815
0.275577297403
0.275504984556
0.27549723396
0.275458117928
0.275625183527
0.275696853162
0.275729029091
0.275701921023
0.275646395298
0.27575553552
0.275775278755
0.275761478621
0.275758143925
0.275630709908
0.275762685353
0.275867481167
0.275841106038
0.275766584843
0.275813125706
0.275892977108
0.275946064401
0.276088125079
0.276174071293
0.276136281836
0.276143604299
0.276098314693
0.27617108631
0.276175004078
0.276069676972
0.276184407882
0.276161001778
0.27610122731
0.27612238945
0.276316419151
0.276263664328
0.276499383187
0.276483112162
0.276415933988
0.276495171035
0.276494581221
0.276443762572
0.27646316768
0.276493697173
0.2765578043
0.276635816233
0.276654863609
0.276631306304
0.27656236416
0.276555803742
0.276574928186
0.276487372922
0.276573634897
0.276699424469
0.276762467836
0.276719556225
0.276926252452
0.276959815773
0.277022554995
0.276941693567
0.276995387209
0.277011635794
0.276926181754
0.276906596417
0.276883164722
0.276960457266
0.276870245761
0.2769103163
0.276951574069
0.277006482002
0.276922437646
0.276898389652
0.276962695748
0.277019552546
0.277182267542
0.277397685486
0.277444607926
0.277552900741
0.277744261493
0.277791063274
0.277712148839
0.277694381555
0.277706049246
0.277771799522
0.277672184077
0.27770910531
0.277708495783
0.277660768094
0.277633321915
0.277738508594
0.277729956688
0.277720486502
0.277661229367
0.277674675086
0.277709417096
0.277768081674
0.277876158718
0.277980417928
0.278053402726
0.277994853354
0.278113629786
0.278253807647
0.278312779233
0.278322199113
0.278300475786
0.278388650837
0.278394501817
0.278359807899
0.27852107678
0.278523797947
0.278549828025
0.278605291574
0.278527635274
0.278460022145
0.278627431585
0.278606573126
0.278624310344
0.278583837037
0.278565052599
0.278545198132
0.278708000531
0.278686407166
0.278811529511
0.278851525042
0.278923487593
0.279001355437
0.278925021502
0.278960440651
0.279056261597
0.279068589436
0.279272529175
0.27924658738
0.279238795029
0.279275731669
0.279389190445
0.279325800769
0.2793189371
0.279342348919
0.279358612716
0.279253817782
0.279235909033
0.279230217835
0.279280103768
0.279353802784
0.279434514018
0.27941561031
0.279453647127
0.279378160183
0.279323698564
0.279393860007
0.279287909991
0.279244777512
0.279329257634
0.279486885912
0.279585369707
0.279633298518
0.279764434
0.279741142155
0.279758499157
0.279892557915
0.279878775955
0.27976666547
0.279748792525
0.279750072824
0.279695779433
0.279784099783
0.279842697942
0.279921223705
0.279885671296
0.279989527965
0.279895832988
0.28000068952
0.28015739023
0.280320957626
0.280329133915
0.280270276805
0.280344699485
0.280251727004
0.280211780121
0.280259010844
0.28025461479
0.280249298653
0.28043223787
0.28049644866
0.280589671734
0.280573505347
0.280691764928
0.280719295365
0.280685403245
0.28072221992
0.280822156944
0.280911510338
0.280926195512
0.280947214138
0.281117236
0.281086669438
0.28118917268
0.281148379683
0.281146254202
0.281195310405
0.281269813659
0.281256402316
0.281168939657
0.281174207446
0.281242420466
0.281271134732
0.281239661873
0.281196391536
0.281245702472
0.28129547878
0.281243470468
0.281379510744
0.281357174011
0.281302369943
0.281290210407
0.281355392883
0.28140802887
0.281542536787
0.281528906067
0.28160909294
0.281623639326
0.281581266379
0.281646414577
0.281633504768
0.28167093696
0.281711952439
0.28177900071
0.281734652249
0.281754600605
0.281851530594
0.281872127833
0.281915773571
0.281845588902
0.281913061703
0.281864281802
0.281880829728
0.281875606834
0.281869471803
0.281946413941
0.282026284558
0.282068458869
0.282136905153
0.282200890057
0.282335297106
0.282320715522
0.282385715945
0.28242948913
0.282580543389
0.28254675817
0.282631808608
0.282702928984
0.282584351005
0.282553091589
0.282512918114
0.282533196643
0.282621567469
0.282566266142
0.282640383704
0.282723368622
0.282837110708
0.282842818962
0.282793118332
0.282814994665
0.282876435742
0.283053759256
0.283092828423
0.283151850005
0.283077730031
0.283153490851
0.283184469909
0.283174946417
0.283126064379
0.28304818921
0.283020367654
0.282968837709
0.282943859568
0.282965335656
0.282976916618
0.282955009322
0.282944763649
0.28296418778
0.283018356862
0.283001123435
0.282956210093
0.283027809032
0.283104377613
0.283043091005
0.283103891449
0.283113303039
0.283223481921
0.283232253809
0.283193846544
0.283218079787
0.28322702407
0.283199770113
0.283250752074
0.283290912859
0.283214223065
0.283164668345
0.283177067751
0.283191281084
0.283252962428
0.283322022357
0.283313205682
0.283203527057
0.28314704528
0.283111346585
0.28308798936
0.283070024826
0.28304908969
0.283007607973
0.282986120423
0.283015172655
0.283123303815
0.283154987644
0.28317479049
0.283408402076
0.283463285931
0.283420249661
0.283496194075
0.283599437951
0.283542894116
0.283687227757
0.283715112394
0.283764909263
0.283651494119
0.28365137829
0.283610198995
0.283642373986
0.283671178357
0.283674910026
0.283646281232
0.283640202126
0.283624601331
0.283634695807
0.283633430156
0.283553098151
0.283616695638
0.283757463847
0.283790209507
0.283871993057
0.283955641832
0.284052715919
0.284140183096
0.284122416586
0.28417439838
0.284275999555
0.284295468014
0.284333611603
0.284288568145
0.284305393284
0.284393779496
0.284451320109
0.284427711094
0.284409183072
0.284445295492
0.284506287895
0.284469355808
0.284477944473
0.284567731244
0.284528819164
0.284516257737
0.284529230593
0.284545931085
0.284571380334
0.284579224213
0.28451186774
0.284457688299
0.284417804875
0.284519343178
0.284522454292
0.284582480036
0.284582889499
0.284531076201
0.284574124205
0.284598969434
0.284653109168
0.284621950641
0.284542873592
0.284586788409
0.284547037731
0.28469855669
0.28471857081
0.284729280776
0.284767486126
0.284727461313
0.28468561933
0.284764534756
0.28481895429
0.28489012475
0.284913117762
0.284928561823
0.284967870727
0.285011882728
0.285002205722
0.285070866235
0.285077724661
0.285029189245
0.285190517769
0.285207111956
0.285253832833
0.285330479791
0.285302220585
0.285455231203
0.285453131999
0.285477326281
0.285513314156
0.285488804372
0.285478308918
0.285447689982
0.285558942136
0.285610169878
0.285651729575
0.285628820683
0.285676674856
0.285790678786
0.285809014745
0.285773878683
0.285718308365
0.28572735025
0.285782324334
0.285744259317
0.285796751612
0.285826225642
0.285852899971
0.285794096477
0.285784875027
0.285770159101
0.285812157626
0.285795530162
0.28585195104
0.285845955837
0.285911920182
0.285900993569
0.286029293975
0.28604415354
0.286051210171
0.286074770875
0.286162748651
0.286179582885
0.286323021713
0.286303838347
0.286300415502
0.286317746095
0.286354446344
0.286308701193
0.286360013687
0.286348650482
0.286330983189
0.286385424946
0.286359764003
0.286396858631
0.286389812566
0.286432630252
0.286482118262
0.286500714785
0.286497199785
0.286483513015
0.286518914265
0.286510818943
0.286595001045
0.286550484968
0.286462606207
0.286529387957
0.286449397288
0.28643339226
0.286445898129
0.286465384422
0.286568561103
0.286533576222
0.286522714699
0.286531369982
0.286518241733
0.286582145055
0.286626176976
0.286620215447
0.286681410367
0.286609302796
0.286587046256
0.286527669824
0.286532154574
0.286496452188
0.28662242127
0.286614696672
0.286544635473
0.286546858765
0.286550774182
0.286632307109
0.286599456938
0.286616477942
0.286611155833
0.286561720664
0.28660822721
0.286611699875
0.286747500677
0.28674588278
0.286730682018
0.286766929281
0.286737925279
0.286778749925
0.286824343742
0.28676028033
0.286722230909
0.286754250621
0.286763935128
0.286712060999
0.286765661319
0.286734200438
0.286842713236
0.286882601175
0.286928900898
0.286901501041
0.286999694044
0.287003313799
0.287051794764
0.287024344488
0.28706302968
0.287099135928
0.28708177415
0.287162133858
0.287286221505
0.287311470153
0.287327350352
0.287341863955
0.28734765797
0.287349480123
0.287367636898
0.287359824258
0.287364155685
0.287441392743
0.287447590365
0.287404476345
0.287449440455
0.287431724658
0.287407761625
0.28739504118
0.287390941287
0.287412917745
0.287416083137
0.287433587216
0.287413939643
0.28744677473
0.287407515289
0.287339588546
0.287322217365
0.287253516125
0.287207088802
0.28720743748
0.287247855307
0.28723348188
0.287203155799
0.287313582211
0.287322076128
0.287265626406
0.287299745331
0.287400482034
0.287425604539
0.287395967311
0.287398476681
0.287422313794
0.287395272548
0.287375350154
0.287394825016
0.287372924365
0.287362110442
0.287435523434
0.28743471562
0.287376100858
0.287381633101
0.287446643044
0.287466523184
0.287407352797
0.287370444689
0.287308452215
0.287276586846
0.287345738
0.287328734846
0.287323940394
0.287303453168
0.287387687291
0.287334426301
0.287433691209
0.28747255141
0.287438971628
0.287394311234
0.287379514189
0.287407191935
0.287429381719
0.287453444882
0.287498777606
0.28760205295
0.287616079609
0.287635722293
0.287644575268
0.287709812624
0.287676783808
0.287638497114
0.287675444305
0.287703864952
0.287806540135
0.287781684305
0.287770566194
0.287732029674
0.287786070901
0.287810812262
0.287828340977
0.287888092851
0.287945990344
0.287902873314
0.287930490504
0.287855363601
0.287886237319
0.288019013858
0.288031702726
0.287984193973
0.288048166877
0.288137120233
0.288187765591
0.288210809234
0.288280679928
0.288313416435
0.288282554762
0.28825634873
0.288277328921
0.288337081036
0.288399013292
0.288369640163
0.288376798328
0.288442926086
0.28846059731
0.288469516325
0.28842176812
0.288406067847
0.288392713049
0.288334176802
0.288432500667
0.288382902968
0.288326142975
0.288344893169
0.28833580855
0.288329930327
0.288456551259
0.288430520581
0.288502198776
0.28856684515
0.288529839396
0.288557809122
0.288531318735
0.288487937302
0.28857367931
0.28858837362
0.288631615279
0.288644354347
0.288588257103
0.288544200819
0.288497545829
0.288482821924
0.288465845283
0.288438167964
0.28843587597
0.288469292622
0.288432309144
0.288428893591
0.288445831359
0.288537082178
0.288570233875
0.288562748684
0.288573853376
0.288591908112
0.288563276214
0.288538991708
0.288499832296
0.288486112096
0.288493605925
0.288482824974
0.288444378748
0.288424276589
0.288396437217
0.2883864837
0.288394601354
0.288396130796
0.288459420808
0.288466324885
0.288467288396
0.288449726446
0.288411194273
0.2884125885
0.288384886597
0.28836824302
0.28838019215
0.288437081774
0.288467342754
0.288492435482
0.288504219492
0.288453851117
0.288435303081
0.288525540916
0.288446459862
0.288490687215
0.288611317688
0.288635818074
0.288636810509
0.288588162635
0.288576909329
0.288559418972
0.288548661561
0.288564189625
0.288519477185
0.288624814547
0.288589791637
0.288719386295
0.288692965396
0.288688966784
0.288664314054
0.288740072999
0.288780517529
0.28873180168
0.288682526886
0.288744801768
0.288750579105
0.288785273372
0.288744803074
0.288804468837
0.288844011869
0.288847060465
0.288845013899
0.288887164984
0.288913526916
0.289022796219
0.288955033022
0.288967101572
0.288921202254
0.288952616375
0.288967246621
0.28904921786
0.288995540104
0.289063914089
0.289041234759
0.28900697625
0.289063016455
0.288997553804
0.288950625271
0.28894468283
0.288936937357
0.288999808502
0.28899503193
0.289049100431
0.289190730479
0.289218347003
0.289279390092
0.289340473202
0.289281026245
0.289366133671
0.2894201435
0.289414764799
0.28938459761
0.289436705587
0.289537733298
0.289581386837
0.289519917692
0.289536203617
0.289507605995
0.289463757973
0.289503035934
0.289499986904
0.289502843348
0.289523216939
0.289540399923
0.289565085675
0.289594735289
0.289592765536
0.289646251661
0.289660677214
0.289773114774
0.289880155536
0.289999157837
0.289932174706
0.289993689382
0.289948102701
0.289957330256
0.289921339829
0.289903884832
0.289872610623
0.289884559387
0.28987299814
0.289911475314
0.289881029508
0.289853628143
0.289912871504
0.28985302541
0.289811655925
0.289760000866
0.289762420011
0.289790715234
0.289834127171
0.289839036945
0.289759031933
0.289757050017
0.289782868575
0.289708354724
0.289663264965
0.289625673271
0.289703021406
0.289698138857
0.289723937668
0.289768506884
0.289806515712
0.289762465069
0.289770307836
0.289758197425
0.2896818948
0.289667273753
0.289674639621
0.289720900627
0.289747059318
0.289765292222
0.289776838451
0.289872073834
0.289907364727
0.289912318368
0.289897760968
0.289816667172
0.289818142212
0.289801101789
0.289762910309
0.289781345233
0.289762692282
0.289793169634
0.289917144531
0.289994544392
0.289955306069
0.28992213918
0.289921401218
0.289947357175
0.289892389511
0.289919180889
0.289909633099
0.289926294084
0.290027944719
0.290079423815
0.290092824388
0.290093467694
0.290068826719
0.290041062752
0.290038937986
0.290118327969
0.29010448147
0.290128693445
0.290164890111
0.290178966998
0.290161575329
0.29013423947
0.290112460296
0.290117115915
0.290089547811
0.290082051923
0.290063979326
0.290074880789
0.290157835791
0.29012797262
0.290159556788
0.290288351168
0.290333775772
0.290368025893
0.290389935331
0.290431159092
0.290402416143
0.290374174228
0.290433805249
0.290394104168
0.290394541149
0.290412893019
0.290479254062
0.290527753137
0.290518339454
0.290551438067
0.290516436131
0.290457873077
0.290476662104
0.290500722723
0.290470308848
0.290495895971
0.290569329541
0.290608733305
0.290620170969
0.290559072163
0.290546981053
0.290543851251
0.290549327397
0.290585646261
0.290589663934
0.290588647197
0.290565082336
0.290535006739
0.290531721714
0.290594873415
0.290646616616
0.290623216256
0.290650004533
0.290645570459
0.290676163736
0.290783556881
0.290748510758
0.290697759073
0.290638875134
0.290621141622
0.290644988041
0.290672478079
0.29066274261
0.290685011322
0.290690719082
0.290712207106
0.290739714023
0.290741438006
0.290750991551
0.290739722678
0.29076067379
0.290695047337
0.290709663139
0.290703532696
0.290752205036
0.290864347347
0.290905671512
0.290980253945
0.290989051465
0.290951761819
0.290920179071
0.290933487311
0.290936552721
0.290915844544
0.290931172042
0.290958815101
0.290940112239
0.290946735686
0.290906806001
0.290934789515
0.290981669178
0.291032777286
0.291009973859
0.291055434712
0.291046893421
0.291041291407
0.291073947952
0.291090771937
0.291070996115
0.291021897564
0.29106730358
0.291044095941
0.291088804714
0.29106065244
0.291009154529
0.291091580869
0.291103660455
0.291093088556
0.291040930823
0.29105396212
0.291029235816
0.290994900624
0.291035421728
0.29103589042
0.291036624459
0.291048051717
0.291012329271
0.290998973455
0.291062331961
0.2910816561
0.291065806746
0.29102624918
0.291059031971
0.291007487941
0.291030421885
0.291068491165
0.291069003416
0.291027711866
0.291003364072
0.290992123838
0.291025499319
0.291053921974
0.291088871146
0.291096908516
0.291170741078
0.291263292287
0.291216633695
0.291198995649
0.291149569319
0.291127122148
0.291171424283
0.291100964752
0.291116897982
0.29111266738
0.291086462407
0.291068890285
0.291069434131
0.291123082628
0.291171460743
0.291304893584
0.291311655753
0.291295959107
0.291341774063
0.291288719929
0.291330630441
0.29131648672
0.291270658135
0.291242584056
0.291260875134
0.291295449921
0.291372329721
0.291347687986
0.291390180731
0.291380623734
0.291382983646
0.291391952045
0.291486153405
0.291469339708
0.291484497326
0.291524733515
0.291529954375
0.291540709905
0.29148105747
0.291571283609
0.29154458868
0.291556492447
0.291591014894
0.291580175618
0.291525605486
0.291493749786
0.291517104852
0.291527503845
0.291548659694
0.291549629873
0.291509864703
0.291557359096
0.291610589204
0.291637279771
0.291641761128
0.291618302178
0.291579978667
0.29156817175
0.291497195944
0.291514680061
0.291508969947
0.29155130742
0.291590374578
0.291599099398
0.291604509808
0.291647560988
0.291623073824
0.291659549573
0.291691220386
0.291671663243
0.291682647182
0.291700406995
0.291682812859
0.29172165177
0.291728105164
0.291758395841
0.291821311972
0.291822188962
0.291857179197
0.2918961013
0.291890540221
0.291909401423
0.291941192702
0.291943651421
0.292001192166
0.291986566248
0.291993222528
0.291985345168
0.291955410325
0.291957161287
0.291902205858
0.291885441848
0.291912415096
0.291982620189
0.291967433105
0.291930981442
0.291916160394
0.291963577518
0.291950052089
0.291949456268
0.291948165304
0.29192550668
0.291941611677
0.29193588084
0.291962223026
0.291986729353
0.291981630779
0.292002728397
0.292037554132
0.292067750737
0.292060726797
0.292072009753
0.292045513905
0.292073584768
0.292149044971
0.292184590754
0.292164053244
0.292200250234
0.292199900908
0.292213785648
0.292209697688
0.292170296417
0.292159979869
0.29219413827
0.292222077801
0.292157945705
0.292091401345
0.292068079256
0.292100075258
0.292179825193
0.292172376514
0.292189077821
0.292198391459
0.292177733788
0.29217367931
0.292193119444
0.292265575267
0.292291723469
0.292270328702
0.292246175911
0.292306446137
0.29232878942
0.292353011904
0.292352620805
0.292382280496
0.292405909825
0.29243346916
0.292432291862
0.292451512431
0.292448541224
0.292434350817
0.292414575005
0.292413299212
0.292438437789
0.292389841371
0.292393683903
0.29243177758
0.292413952606
0.292379063278
0.292370866682
0.292379713041
0.292414645323
0.292394674261
0.292414701815
0.292420393456
0.292452967845
0.292501116003
0.292501737037
0.292483388481
0.292523252588
0.292526648164
0.29249894181
0.292510409032
0.292500454428
0.292480240534
0.292445452824
0.292459254995
0.292456354062
0.29250604153
0.29249354016
0.292443716885
0.292435806316
0.292497466395
0.292557159389
0.292610916925
0.292597033614
0.292628077472
0.292623379081
0.292582101209
0.292637737344
0.292642054783
0.292603788754
0.292708784624
0.292705145741
0.292771264248
0.292736216919
0.29270110007
0.292704073775
0.29267261415
0.292751104354
0.292727690709
0.292692782071
0.292649340479
0.292593931791
0.292602825386
0.292619799941
0.292641773179
0.292635201729
0.292591618135
0.292589320093
0.292585906132
0.292575586888
0.292531019154
0.29251501931
0.292492758203
0.292521540821
0.2925122887
0.292525465261
0.292591665409
0.292579052763
0.292537965315
0.292554444884
0.292531377327
0.292533269817
0.292554516491
0.292562742693
0.292549383522
0.292649206437
0.292630030161
0.292564371879
0.292626747921
0.292610455025
0.292639972164
0.292632235698
0.292685029649
0.292704081481
0.292689821307
0.292661012507
