0.105024185612
0.0751006423017
0.0706517524753
0.0693401120469
0.0669243627916
0.0697204879973
0.0727342229297
0.0731543418934
0.0743546999173
0.0727366497065
0.0730237550309
0.0714765206021
0.0703825447967
0.071691073088
0.0722910151138
0.0729606065063
0.0726683723496
0.0723671042963
0.0720845644914
0.0727389701348
0.0714718107191
0.0716753855612
0.0729450626308
0.072738090815
0.074045247029
0.0726394756595
0.0719392221342
0.0713062228205
0.0725649201118
0.0717877051079
0.0728780290912
0.073057215682
0.0734668470278
0.0729837466917
0.0739096645872
0.0733944139246
0.0730699764495
0.074017261696
0.0748040395652
0.0744821824684
0.074535968252
0.0748590932939
0.0754377582136
0.0756098858731
0.0760376003988
0.0763201042087
0.0766618359842
0.0763805999374
0.076726971563
0.0765810023337
0.0761964687876
0.0766859243832
0.0769418896439
0.0773050342315
0.0769877211362
0.0772200562283
0.0773573543015
0.0775455707024
0.0779629632817
0.0781596972835
0.0782808514748
0.0788306598143
0.0793253658837
0.0791662048815
0.0792131211215
0.0794112679729
0.0790659228558
0.0791849843809
0.0791015217346
0.0795548817953
0.0799067877442
0.080216260381
0.0807838838014
0.0814944753206
0.0813660396115
0.0816856606433
0.0819391383531
0.0822879912822
0.0823563951303
0.0827826030891
0.0831630138712
0.0831894600957
0.0835326585795
0.0840667975645
0.0837939889017
0.0837546333608
0.0840776844095
0.0845638044444
0.0847934037108
0.0849448966816
0.085147942804
0.0852243390312
0.0853587276151
0.0857659809837
0.0858962995503
0.0862647447534
0.0866485470007
0.0868049033879
0.0870342954461
0.0876366675014
0.087883052593
0.0881177851884
0.088345969316
0.0883277194941
0.0883394009112
0.0885786366081
0.0886948530079
0.0885909414629
0.0886918003569
0.0888039710294
0.0890717637119
0.0892392019678
0.0892452882907
0.0897451328214
0.089892250076
0.090068413958
0.0901219771012
0.090317447434
0.0904394764913
0.090651065183
0.0910320781808
0.0911393602513
0.0911095188862
0.0913595565677
0.0915085219663
0.0915070570879
0.0914845201032
0.0916019728954
0.0917358673407
0.0920410196492
0.092093178992
0.0920070051781
0.0923408828401
0.0922670011895
0.0927315104431
0.0928162121604
0.0929125416743
0.0932061386132
0.0933284966607
0.0932619861622
0.0931198125983
0.0931118669703
0.093350747342
0.0933923904654
0.0935670533082
0.0935975297304
0.0937384226603
0.09395800851
0.094411135678
0.0943335549905
0.0944601767155
0.0946856536706
0.0951726700084
0.0952363735212
0.0954459250467
0.0956157727918
0.0956793622217
0.09592882288
0.0959619675295
0.0960599606072
0.0960471058166
0.0962125437677
0.0963204693718
0.0965514098767
0.0965354816262
0.0968524685638
0.0971164530561
0.0970616251337
0.0971948428162
0.0974131336983
0.0974093811497
0.0977145869663
0.09779927952
0.0978893650873
0.097885469924
0.0980849264261
0.0981391266004
0.0984546361213
0.098539138025
0.0984985343444
0.0986283348109
0.0986825724277
0.0989116440497
0.0989415063492
0.0988805140889
0.0990448159167
0.0990424405943
0.0992282888532
0.0994806660525
0.0996945057292
0.0997809895161
0.0999314271527
0.0998708548695
0.0999484223144
0.100017876745
0.100031491982
0.100101672229
0.100344606019
0.100282461894
0.100214615216
0.100290312193
0.100459533684
0.100459650884
0.10054158507
0.100479849235
0.10051763347
0.10055600129
0.100572484817
0.100666612512
0.100944785652
0.100947781956
0.1009104984
0.101029286886
0.101005546151
0.100994314096
0.101061337285
0.101084611143
0.101279990458
0.101296739545
0.101546474833
0.101478216763
0.101551889489
0.1017381364
0.101980152971
0.102062311397
0.102061790791
0.102125447679
0.102398382005
0.102390793362
0.10253870885
0.102541668702
0.102644507196
0.102598235356
0.102734650978
0.102753646212
0.102832587819
0.102980126547
0.103127431885
0.10317168001
0.10339477682
0.103486473226
0.103604808054
0.103594430099
0.103806312321
0.103962818723
0.104038541913
0.104062163214
0.10411491369
0.104245226283
0.104360578129
0.104420687687
0.104581012201
0.104755301212
0.104913472746
0.104877604975
0.104878256977
0.105096567726
0.105164139591
0.105267796151
0.105207966569
0.105416370965
0.105491343463
0.10553139829
0.105583341236
0.10566941876
0.105687371461
0.105748427657
0.105930214438
0.105984200297
0.105955631124
0.10615087825
0.106268936465
0.106308836434
0.106388246329
0.106466190499
0.106587149731
0.106601588777
0.106609309522
0.106647784205
0.106593118022
0.106546705408
0.106652491423
0.106773280581
0.10669174357
0.106699089166
0.106821808958
0.106850553946
0.106932975325
0.107082039277
0.10706428442
0.107090968159
0.107100752521
0.107130015727
0.107053456486
0.107080042471
0.107099078287
0.107205072719
0.107414477062
0.107560487235
0.107665154136
0.107612600322
0.107704377904
0.107759128333
0.107787031285
0.107726250964
0.107942423081
0.10792809278
0.108164207468
0.108109680546
0.108089047027
0.108055201655
0.108101142701
0.108216824083
0.108177560128
0.108137898621
0.108145291931
0.108230906242
0.108254848749
0.108306353808
0.108318774246
0.108375588305
0.108427694604
0.10849354679
0.108766345097
0.10893647743
0.108894323287
0.109026015673
0.108963432607
0.108990876519
0.10913422426
0.109271103869
0.109307032893
0.109387360074
0.109498678789
0.1094513267
0.109550688475
0.109580563808
0.109614420401
0.109624926441
0.109649554327
0.109692134534
0.109846298586
0.109965011632
0.110064819376
0.110058525353
0.110153462604
0.110155959882
0.110285103882
0.110178300119
0.11023718534
0.110196622705
0.110243318041
0.110263330793
0.110364257179
0.110402883056
0.110522389693
0.110583307703
0.11054975319
0.110625103864
0.110615230946
0.110690290113
0.11074716271
0.110827090603
0.110818901952
0.111011465408
0.111035384313
0.110992368798
0.110998611854
0.111036404547
0.111054589041
0.111267311573
0.111347577356
0.111415796084
0.111458876972
0.111623432154
0.111804707891
0.111822563946
0.111876307734
0.111887792278
0.112021326464
0.112101567511
0.112142795105
0.112130238878
0.112199153891
0.112239881417
0.11228395084
0.112367724236
0.112492072608
0.112603501475
0.112530311867
0.112558458403
0.112542842658
0.112629817245
0.11257536657
0.112509417581
0.112631631424
0.11269838909
0.112661260235
0.112698998328
0.112756150264
0.112871805203
0.112936915063
0.112979977703
0.113132233029
0.11322560702
0.113263302139
0.113316068121
0.113371336809
0.11343447578
0.113468462225
0.113539220275
0.113601101991
0.113576734024
0.11365583276
0.113679337485
0.11374564023
0.113852550677
0.113940431342
0.114014775985
0.114082560723
0.114166347369
0.114206026137
0.114191110978
0.114290552931
0.114277751971
0.114355284673
0.114376307833
0.114377289612
0.114430616018
0.114561901167
0.114619902305
0.114689742139
0.114751602043
0.114831816133
0.114965755859
0.114943065454
0.114998531213
0.11499214747
0.115013775696
0.115033816793
0.115083279542
0.115132446406
0.11522383279
0.115266132664
0.11541449846
0.115499374219
0.115655549315
0.115873649423
0.115952486342
0.115940103508
0.115968302631
0.11603180367
0.116060086578
0.11613696048
0.116187890334
0.116254786185
0.116374091582
0.116481282998
0.116568296316
0.116630305859
0.116710685022
0.116751268893
0.116762943383
0.116822636381
0.116890022713
0.116951834836
0.116975014519
0.117047922471
0.117062455061
0.117092122327
0.117121529614
0.117205703909
0.117223079326
0.117302804473
0.117328801956
0.117411881861
0.11750162081
0.117615247583
0.117626577348
0.117664942252
0.117828607295
0.117831501163
0.118032980125
0.117975013606
0.117989564034
0.118070560489
0.118115088618
0.11823660019
0.118252314423
0.118329372097
0.118366637439
0.118475088043
0.118544752754
0.118555120457
0.118528416102
0.118543468101
0.118558650851
0.118588679014
0.118645538209
0.118668028407
0.11870945654
0.118811277238
0.118889776994
0.118914667231
0.118924472466
0.119003325451
0.119054360871
0.119102566279
0.119199418552
0.119247889066
0.119274598265
0.119364582172
0.119427702809
0.119449761782
0.119488118573
0.119536605948
0.119585869773
0.1196511361
0.119713522034
0.119791396697
0.119792641273
0.119878194179
0.119946629163
0.11993580689
0.119956872286
0.119962556624
0.120008670315
0.120056785329
0.120091784276
0.120173937516
0.1202125648
0.120196593764
0.120242469365
0.12037073817
0.120471914048
0.120557405187
0.120661194397
0.120732348729
0.120791599977
0.120789303767
0.120826195362
0.120836442344
0.120954888908
0.121054861065
0.121086615154
0.121141785745
0.121238133682
0.121285816004
0.121360524372
0.121482274046
0.121479648084
0.121550432571
0.121620897424
0.121693914018
0.121808026453
0.121821203968
0.121869906509
0.122018152263
0.122060106185
0.122145669847
0.122156669431
0.122185372764
0.122334630507
0.122388476209
0.12250716352
0.122519221929
0.122598427619
0.122710859957
0.12275089345
0.122881169333
0.122912177607
0.122960344609
0.123028433892
0.123092772515
0.123091454197
0.123101495534
0.123184942404
0.123259982705
0.123323241494
0.12334134444
0.123434729281
0.123489252852
0.123519390152
0.123573462585
0.123596698617
0.123710564505
0.123763545618
0.123819716611
0.123862207649
0.123923824628
0.123987374515
0.124029136477
0.12407065151
0.124215097759
0.124202173279
0.124320688654
0.124389475142
0.124439265983
0.124517795091
0.124569871001
0.124669643842
0.124756943866
0.124808016766
0.124905637879
0.124940653535
0.12496693103
0.125063961527
0.125157773424
0.125200303853
0.125218083332
0.125265688167
0.125347630722
0.125476709239
0.12556951422
0.125617966356
0.125734149754
0.125925022009
0.125955113868
0.126064078571
0.126065997797
0.12613193609
0.126184861194
0.126229195708
0.126289705447
0.126396376702
0.12647063553
0.126502489632
0.126550598761
0.126597208868
0.126645829209
0.126731152655
0.12680900221
0.126927947919
0.126954894386
0.126972380574
0.127000619756
0.127050454148
0.127117620848
0.127150561812
0.127213377829
0.127263266327
0.127288217444
0.127364895172
0.127409575135
0.127510112402
0.127574910281
0.12760226794
0.127662647936
0.127689173523
0.127714664615
0.127762488271
0.127792077851
0.127814540981
0.127894281381
0.127938626029
0.127914204342
0.128010538779
0.128059854253
0.128095811939
0.12813630353
0.12821305654
0.128279634439
0.128336528854
0.128407104651
0.128486863523
0.128512244349
0.128572148938
0.128596173568
0.128689586408
0.128681302365
0.128751530745
0.128802323488
0.128871991198
0.128940953024
0.129012877708
0.129067890712
0.129126865204
0.129286822935
0.129363633752
0.129454354429
0.129527072595
0.129613827764
0.129688218848
0.129756989132
0.129761198241
0.129787927525
0.129820278031
0.129940397338
0.130019828785
0.130092603076
0.130240055911
0.130340588553
0.130438328505
0.130530541313
0.130555511276
0.130632952883
0.130731562532
0.130813694361
0.130856780202
0.130926399766
0.131019541889
0.131130762559
0.131258262903
0.131293164622
0.131434518939
0.131534969037
0.131634261145
0.131643644831
0.131720474298
0.131761572057
0.131816287627
0.131832894406
0.131868397753
0.131981891154
0.132033341692
0.132095207686
0.13214925045
0.132249581504
0.132311512117
0.132331857078
0.132392008156
0.132444150693
0.132551615313
0.132618903974
0.132674499203
0.132753846699
0.132805548257
0.132936105034
0.133005361093
0.133072746409
0.133157504963
0.133210495444
0.133273256632
0.133384703436
0.133409790237
0.133466622887
0.133495415282
0.133559193631
0.133628554598
0.133645839983
0.133757220452
0.133849265144
0.133922142964
0.133991931343
0.134031273581
0.134053267937
0.134108147232
0.13415795267
0.134263782999
0.134356298851
0.134406444826
0.134464989937
0.134532374997
0.134646905639
0.134675037258
0.134714636471
0.134818344453
0.134903486986
0.134968670936
0.134984717744
0.135041611169
0.135116826377
0.135246459452
0.135330374843
0.135408202997
0.135429102422
0.135454995512
0.135534027885
0.135594825528
0.135716290872
0.135800415087
0.135875731373
0.135923858464
0.136025063745
0.136100387269
0.136203235566
0.136273052782
0.136334210834
0.136416834023
0.136468383657
0.136511745685
0.13655857509
0.136641964911
0.136660266142
0.136727316092
0.136795879802
0.136864039424
0.136932392598
0.137030397165
0.137163901938
0.137246096411
0.137323746112
0.137421446411
0.137483627169
0.137518259132
0.137555467944
0.137580295603
0.13764972469
0.137713639679
0.13779233515
0.137853281265
0.137919277045
0.13796659131
0.138060140583
0.138135481683
0.138215305717
0.138271004829
0.138363020379
0.138431818797
0.13853485761
0.138605534533
0.138679485237
0.138737210019
0.138806766789
0.138840605873
0.138937253134
0.138970917574
0.139027141661
0.139114845666
0.13919297604
0.139269703439
0.139365483452
0.139449898783
0.139494697692
0.139534346581
0.139627988573
0.139715046294
0.139859149939
0.139972489722
0.140024848241
0.140084706823
0.140198053579
0.140232100717
0.140293501004
0.140362445902
0.140438314592
0.140518442029
0.140585357015
0.140650899002
0.140699209412
0.140766344856
0.140859957348
0.140941772482
0.141032475485
0.141115034667
0.141180219327
0.141270180924
0.141344956779
0.14142814263
0.141533109901
0.141602553097
0.14169533128
0.141795037176
0.141934629559
0.14199095287
0.142022678702
0.142166128878
0.142238918417
0.142306848179
0.14238386528
0.142490750089
0.142591104972
0.142654185821
0.142708931281
0.142788138798
0.142886647932
0.142942064459
0.143006206005
0.143091006717
0.143146443403
0.143202483732
0.143322256803
0.143415857227
0.143457110832
0.143558638136
0.143629900999
0.143678068617
0.143751454371
0.143847301626
0.143910712578
0.143987820376
0.144086603232
0.144156240946
0.144229421446
0.14433146363
0.14438998877
0.144500507043
0.144550086427
0.144633878232
0.144733501481
0.144844856579
0.144956098
0.144998040142
0.145106885968
0.145185725587
0.145276305481
0.145345747662
0.145428160596
0.145486349063
0.145534335429
0.1456021179
0.145670434226
0.145736554559
0.145841465462
0.145963117054
0.146020336782
0.146050658124
0.146092478618
0.146135999243
0.146202657338
0.146301532278
0.146389656507
0.146451584607
0.14651126735
0.146610297536
0.146693167638
0.146759317767
0.146815680924
0.146890108852
0.146932045194
0.147048857716
0.147111329621
0.147193406987
0.147284688685
0.147405656719
0.147520467369
0.14759602362
0.147663628269
0.14772395587
0.147837733358
0.147933759811
0.147976733943
0.148098954686
0.148188524102
0.148253338941
0.148356410188
0.148445342506
0.148497299063
0.148541883293
0.148657433768
0.148742783848
0.148831747931
0.148889146907
0.148985125516
0.149054735686
0.14907923434
0.149128262424
0.149198651695
0.149297713262
0.149351035309
0.149433286329
0.149495974137
0.149604908219
0.14962716957
0.14970128013
0.149814040679
0.14990927285
0.150034353638
0.150132499414
0.150223280039
0.150320445735
0.150371208182
0.150405914405
0.150500177359
0.15057173357
0.150629639474
0.150703997033
0.150791153664
0.150852990975
0.150939718413
0.151024453017
0.151098833168
0.151189151498
0.15131127364
0.151421741689
0.151520110171
0.151597652091
0.151685296988
0.151789463582
0.151888981121
0.151959691664
0.152028791215
0.152091790338
0.15214495446
0.152222993948
0.152285840521
0.152366683905
0.152450337063
0.152515391152
0.152609308147
0.152658925228
0.152774080415
0.152865175386
0.152937853593
0.153017274362
0.153109123057
0.153208491755
0.153289943804
0.153370978962
0.1534643986
0.153537272283
0.153636039825
0.153753688496
0.153854137453
0.153945552587
0.154013029368
0.154103747496
0.154211771703
0.154267043328
0.154413839826
0.154448478902
0.154543587434
0.154607271559
0.154705159218
0.15477030435
0.154863595629
0.1549275611
0.154969417894
0.155080128544
0.155155537993
0.155233701228
0.155328907274
0.155381223235
0.155474491489
0.15554349568
0.155578095184
0.155640625302
0.155735951565
0.155847151457
0.155950105675
0.156016008598
0.156080064354
0.156154994314
0.156281347917
0.156373857348
0.156458233682
0.156504773065
0.156579300668
0.156662343339
0.156738304789
0.156874706808
0.156950882086
0.157033947624
0.157072214218
0.157153092685
0.157188079011
0.15728900501
0.157380953539
0.157494672116
0.157569636068
0.157654946723
0.157740856331
0.157783416637
0.157843429328
0.157928779501
0.157994176453
0.15805873765
0.158147792163
0.158252125681
0.15832178007
0.158417913235
0.158492630582
0.1585669394
0.158644180323
0.158733993599
0.158828889675
0.158895582414
0.158979600424
0.159056726177
0.159130033479
0.159195849336
0.159327781403
0.159423394317
0.159486445461
0.159567371328
0.15967306291
0.159782565613
0.159865123165
0.159966592704
0.160081195608
0.160141244001
0.160216581014
0.160309375249
0.160365699069
0.160457503058
0.160506731782
0.160601815851
0.160681529357
0.160807875052
0.160871470474
0.160981630947
0.16103356671
0.161136423281
0.16122568121
0.161296941407
0.161406679786
0.161483539644
0.16154521243
0.161605410975
0.161699051539
0.161785594324
0.161906079909
0.162003326752
0.162065047519
0.162163243679
0.16223754003
0.162339041682
0.16245058189
0.162538634268
0.162641268028
0.162745849143
0.162842997828
0.162943071394
0.163045269004
0.163116637888
0.163232631222
0.163304562512
0.16337849725
0.163466438967
0.163578586329
0.163721304645
0.163805752915
0.163933760927
0.164033160754
0.164121313421
0.164221204426
0.164294400298
0.16441206789
0.164515471551
0.164614310549
0.164720626358
0.164803227564
0.164904549371
0.164997037896
0.16508205335
0.165158503556
0.165250136505
0.165364831047
0.165423321693
0.165506496555
0.165544396191
0.165610650965
0.165697437224
0.165797648741
0.165872603993
0.165948247669
0.166019572102
0.166075005797
0.166176735135
0.166288974754
0.166350751194
0.166446210619
0.166568082232
0.166652413152
0.166697504659
0.166748457305
0.166825149393
0.166928871635
0.167028096412
0.16712099432
0.16718346574
0.167251698342
0.167364816766
0.167468379676
0.167565869704
0.167633231591
0.167718438427
0.167840753607
0.167931012308
0.168024363238
0.168122628088
0.16820080863
0.16829146928
0.168362989342
0.168429141655
0.168525871118
0.168638067494
0.168700277079
0.168780412358
0.168881560603
0.168989002716
0.169091807059
0.169155534602
0.169214021692
0.169307325801
0.16937911768
0.169467763704
0.169540870253
0.169659240851
0.169757175876
0.169839326125
0.169894173141
0.169987600259
0.170095581987
0.170179323779
0.170250102012
0.170327159068
0.170409002629
0.170486457274
0.170612772737
0.170732705762
0.170814823108
0.170893694323
0.170979030727
0.171078189807
0.171178113478
0.171275134626
0.171372840214
0.171462512566
0.171554702543
0.171652827874
0.171713002193
0.171782270527
0.171877571118
0.171959413213
0.172037420892
0.172138468744
0.172197713499
0.172277556874
0.172345564834
0.172476009521
0.172567700203
0.172655667218
0.172792399444
0.17290823204
0.172956255411
0.173030802754
0.173124014342
0.173198098802
0.17329894014
0.173391476083
0.173492418493
0.173559795807
0.173660103448
0.1737492486
0.173852161376
0.173959299271
0.174030410207
0.17414143012
0.174239648247
0.174369865668
0.174431164897
0.174518952356
0.174596142149
0.174666804667
0.174770495827
0.174839446842
0.174935156636
0.175034506976
0.175138584203
0.175227823702
0.175336194295
0.175425945296
0.175524614587
0.175590328423
0.175688286203
0.175768822132
0.175870498202
0.175981422377
0.176057731216
0.176153590237
0.176239703767
0.176346571751
0.176410577979
0.176489864964
0.176565552099
0.176659114758
0.176719966245
0.17677769675
0.176865331899
0.176938662611
0.177020069672
0.177108957437
0.177203097061
0.177293809775
0.17737926629
0.177498596303
0.177575579877
0.177645508053
0.177706891049
0.177791270633
0.177869901982
0.177941842314
0.17803017964
0.178140092134
0.178236347904
0.178302990261
0.178436778646
0.178533157621
0.178624168537
0.178701656382
0.178776552753
0.178886568455
0.178978577613
0.179068893024
0.179167829762
0.179271438665
0.179349072925
0.179441298921
0.179516026783
0.179610804244
0.179713542387
0.179794093975
0.179896078596
0.179981674495
0.180092468509
0.180191391736
0.180297121567
0.180384186146
0.180455637599
0.180538107354
0.180634434403
0.18073739754
0.180840350681
0.180941947618
0.181002252302
0.181076924129
0.181176427748
0.181280736252
0.181381318385
0.181460628116
0.181551566801
0.181631937261
0.181730223636
0.181818581731
0.181911105189
0.18198328017
0.182066976921
0.182170695474
0.182271709043
0.182345119831
0.182452731557
0.182547270616
0.182657908114
0.182737025095
0.182802502728
0.182905328669
0.182978629219
0.183081108135
0.183172664046
0.183261348
0.183360527223
0.183459089438
0.183564147742
0.183669911987
0.183746405245
0.183845124895
0.183899287859
0.183978944227
0.184047059804
0.184132794083
0.18421353355
0.184311107776
0.184452163979
0.18452816658
0.184613389275
0.184683270314
0.184759466534
0.184834767038
0.184939990803
0.185034461431
0.185076525592
0.185195228512
0.185292047299
0.18540515909
0.185504079435
0.185608635252
0.185703528673
0.185804735925
0.185912090163
0.186027163
0.18612807265
0.186225707142
0.186304624903
0.186377298145
0.186480350715
0.186559352373
0.186659593269
0.186741312421
0.186840990682
0.186916859529
0.186994398365
0.187117355729
0.187199924055
0.187311198744
0.1873874759
0.187474349937
0.187597432474
0.187707480152
0.187766817276
0.187874203807
0.187961880771
0.188036205919
0.188141045549
0.188226193275
0.188302127153
0.188389527829
0.188498212574
0.188592883661
0.188688532458
0.188780872125
0.188870577357
0.188953163654
0.18904536081
0.189112206407
0.189223313331
0.189337556777
0.189414434135
0.189521534752
0.189600908423
0.189698886711
0.189769406826
0.189847971152
0.189926199097
0.19000611242
0.190125264679
0.190222479565
0.190347192626
0.190453004644
0.190547907996
0.190628880584
0.190721398169
0.190807079275
0.190908060649
0.190987448318
0.19107602034
0.191178673343
0.191259879679
0.191330474675
0.191391294802
0.191468766507
0.191589201567
0.191664011207
0.19174810775
0.191841110864
0.191955576095
0.192041415027
0.192125028836
0.192203686477
0.192295033409
0.192410024575
0.192506886724
0.192570048362
0.192649406891
0.192742117549
0.192855505604
0.192952216312
0.193062945539
0.193170459657
0.193261427516
0.193342635547
0.193420648793
0.193532881099
0.19359697563
0.193690450561
0.193796936203
0.193889536332
0.193982941985
0.194085472752
0.194162776761
0.194243670436
0.194323257704
0.194389763668
0.194472759736
0.194540840095
0.194628725329
0.194723900335
0.194794375387
0.194905745407
0.195005053389
0.195106701568
0.195195711157
0.195286748159
0.19535003645
0.19544472813
0.195524331999
0.195623068278
0.195748135771
0.19583650323
0.19591921032
0.196017545697
0.196115920728
0.196189528206
0.196292604515
0.196408210048
0.1964816391
0.196557298437
0.196646400667
0.19673619887
0.196827148747
0.196919249933
0.196996656523
0.197090670136
0.197174018094
0.197257085679
0.197361662282
0.19745998488
0.197566197259
0.197654221049
0.197731453025
0.197844451895
0.197946615777
0.198034760937
0.198110851373
0.198218812386
0.198299842665
0.198393149028
0.19848678182
0.1986015237
0.198680292637
0.198788594926
0.198894461219
0.198973881608
0.199066020724
0.199170140851
0.199256699071
0.199325385174
0.199420077042
0.199523368465
0.19958150976
0.199677446872
0.199762995716
0.199860266116
0.199938263411
0.200031770804
0.200120861689
0.200200859198
0.200290238805
0.200388750558
0.200477112107
0.200578128925
0.200667837503
0.200743895674
0.200853842536
0.200961719594
0.201031972736
0.201112739184
0.201218603881
0.201306085599
0.201364798733
0.201453361319
0.201540053052
0.201661785915
0.201766433455
0.201843802865
0.201944971643
0.202026408913
0.202105183965
0.202181632267
0.202279651268
0.20236049622
0.202428658914
0.202521981133
0.202602272608
0.202693095002
0.202761055214
0.202860436184
0.202968214062
0.203037741832
0.20315193693
0.203240500683
0.203347113908
0.203418871375
0.2035053682
0.203591914004
0.203674633303
0.203778256874
0.203885449368
0.203960962147
0.204059279501
0.204142429109
0.204225531935
0.204320022599
0.204397502156
0.204464621484
0.204515581551
0.204625195551
0.204707412118
0.204784778031
0.204882927935
0.204972492948
0.205086662813
0.205184651927
0.205283826162
0.205372023397
0.205457910214
0.205532272797
0.205623933798
0.205720154307
0.205821203583
0.205936515078
0.206045183861
0.206141893966
0.206233486552
0.20630870216
0.20640919417
0.206480475221
0.206583463282
0.206654245043
0.206737078031
0.206825675335
0.206931676784
0.207013909399
0.20708905991
0.207175475919
0.207268559478
0.20736543953
0.207469687179
0.207566239292
0.207657664126
0.207754918245
0.207877372266
0.207944713654
0.208045807785
0.208140531149
0.208229481027
0.208329954896
0.208418434666
0.208501869665
0.208573946796
0.208692521292
0.208777460831
0.208854992078
0.208949107359
0.209049961691
0.209150639328
0.209238889432
0.209332267668
0.209412942553
0.209518121089
0.209624790245
0.20972151848
0.209798613463
0.209889321804
0.209980490407
0.210045475403
0.210114049386
0.21019182576
0.210276915612
0.210355269381
0.21041982665
0.210500984722
0.210561939942
0.210666007423
0.210764959543
0.210859727165
0.210976983188
0.211062689158
0.211153204436
0.211237644746
0.211332070888
0.211436440487
0.211505977126
0.211606188703
0.211684796079
0.211794702448
0.211900194452
0.211980100121
0.212057713418
0.212151111988
0.21223543104
0.2123194179
0.212424416566
0.212511387762
0.212591165351
0.212687368149
0.21277889673
0.212860043449
0.212970041512
0.213064558683
0.21314153851
0.213229046148
0.213322976956
0.213430311696
0.213536253114
0.213619816696
0.213709934711
0.21379095141
0.213877592297
0.213971612184
0.214050178032
0.214110988104
0.214213890951
0.214296833511
0.214384779183
0.21448003567
0.214580148267
0.214687897955
0.214787913056
0.214876939966
0.214976643856
0.215058571008
0.215153111717
0.215243671591
0.215327789899
0.215430379983
0.215536867273
0.215630067263
0.215732051452
0.215828040643
0.215928716835
0.216012689718
0.21610667696
0.216213531421
0.216315927852
0.216395211582
0.216482482908
0.216568636676
0.216656320865
0.21675005876
0.21680690641
0.216894311541
0.216976702213
0.217062142463
0.217170391462
0.217231611851
0.21731429848
0.217404049771
0.217498313033
0.217584461055
0.217670302155
0.21778097954
0.217882478813
0.217948671711
0.218037518904
0.218104784244
0.218198624348
0.218301066541
0.218388688194
0.218477827762
0.218570737491
0.21863229138
0.218743989177
0.218834207742
0.218951608843
0.219062078583
0.219143216686
0.219232798399
0.219322794874
0.219412686872
0.219535266972
0.21964685299
0.219737640596
0.219817945362
0.219924935408
0.220012009478
0.220088585351
0.220161118447
0.220242055844
0.220349424983
0.220465954714
0.220553746828
0.220668515658
0.220767962973
0.220851203616
0.220931358499
0.22100089856
0.221111128072
0.221213166231
0.221300086105
0.221386651446
0.221477039431
0.221564971163
0.221640167566
0.221747682612
0.221824546555
0.221928186289
0.222032485587
0.222118379598
0.222223431354
0.222302938205
0.222421150472
0.222494279529
0.222580730782
0.222643748684
0.222718354289
0.222798952594
0.222904309746
0.223001429903
0.223097480635
0.223195195586
0.223290349632
0.223387648215
0.223461555859
0.223551301791
0.223642328784
0.223730427658
0.223810470147
0.223887870548
0.223974793696
0.224072331956
0.224146862576
0.224244106965
0.224321489528
0.224431819955
0.224524945526
0.224602193088
0.224688833685
0.224784844051
0.224881121214
0.224952194748
0.225042169167
0.225114112196
0.225200628059
0.225307241424
0.225401244251
0.225473029369
0.225541074222
0.225633969112
0.225722173398
0.225811111777
0.225883936757
0.225970485149
0.22607105938
0.226160604833
0.226245962795
0.226333406707
0.226419457481
0.226504310171
0.226580860663
0.226674779559
0.226746337203
0.226819171282
0.226907696439
0.226993809315
0.22708495924
0.227190265458
0.227286353911
0.227373157664
0.227463135647
0.227536132415
0.227617647641
0.227701335406
0.22779136941
0.227874675456
0.227951601845
0.228041579033
0.22810616336
0.228201042588
0.228297698172
0.228394887443
0.228481691053
0.228582133814
0.22867040105
0.228781231543
0.228876761178
0.228984003274
0.229066709928
0.229164547065
0.229247295572
0.229338293878
0.22944096577
0.229531743385
0.2296246708
0.229708968963
0.22979529539
0.229881990526
0.229981997984
0.230081174479
0.230154014612
0.230244483071
0.230339879424
0.230415413657
0.230516248522
0.230585262009
0.230684022579
0.230763246058
0.230831421619
0.230930009514
0.231036960283
0.231116881985
0.231208628577
0.231292441029
0.231377338916
0.231469108913
0.231553735259
0.231635493034
0.23172746667
0.231808197967
0.23190211693
0.231998053921
0.232070776842
0.232149470539
0.232244242378
0.23233696036
0.232424299807
0.232507770993
0.232597371741
0.232679106705
0.232757083334
0.232843773736
0.232917665208
0.233003127347
0.233096039877
0.23316727426
0.233276624185
0.233374774439
0.233461827991
0.233544292828
0.233635589215
0.233724389921
0.233828943053
0.233932229331
0.234011510163
0.234100648467
0.234187235171
0.234271449697
0.234354126083
0.234426495793
0.234528432694
0.234620657361
0.234714935187
0.234791225467
0.234887174879
0.234971465076
0.235055098214
0.235135810295
0.235233405532
0.235323284049
0.235393734504
0.235507164174
0.235600745775
0.235687733674
0.235758942853
0.235836110396
0.235946452301
0.236030352041
0.23611970079
0.236194299599
0.236294983943
0.236373326002
0.236459341822
0.236564010744
0.236654864198
0.236732261418
0.236817370085
0.236902500471
0.236992024543
0.237070195441
0.237161921442
0.237260077543
0.237348687453
0.237432856288
0.237522896678
0.237596411243
0.237672814446
0.237746331362
0.237825753393
0.237915023928
0.237999076083
0.238078935745
0.238151338911
0.238238908348
0.238317383529
0.238407836357
0.238487344163
0.238598635362
0.238703471133
0.238791199169
0.238884512868
0.238971107064
0.23906569741
0.239147897143
0.23924584984
0.239322474983
0.239405212873
0.239510911574
0.239608382531
0.239696173816
0.239798814672
0.239881048144
0.239960144791
0.240042637448
0.240116018987
0.240217815528
0.240316780315
0.240395047189
0.24047733409
0.240569086204
0.240650209179
0.240745715855
0.240824242967
0.240911246971
0.241000114291
0.241087944529
0.241185876197
0.241274779402
0.241361082069
0.241441372743
0.241526536555
0.24159406226
0.241692670879
0.241773828461
0.241851204929
0.241949260923
0.242042111164
0.242117025591
0.24221916834
0.242310816717
0.242390074652
