
row1col1
West 0.0
East 0.00013294377825
North 0.0
South 0.0

row1col2
West 0.0
East 0.00289391440004
North 0.0
South 0.0

row1col3
West 0.0
East 0.0195343692012
North 0.0
South 0.0

row1col4
West 0.0
East 0.0567272126838
North 0.0
South 0.0

row1col5
West 0.0
East 0.0
North 0.0
South 0.135864782294

row1col7
West 0.0
East 0.000162336716455
North 0.0
South 0.0

row1col8
West 0.0
East 0.0
North 0.0
South 0.00569606591366

row1col9
West 0.0
East 0.000171073725936
North 0.0
South 0.0

row1col10
West 0.0
East 0.0
North 0.0
South 0.0182081364304

row1col11
West 0.00146212438104
East 0.0
North 0.0
South 0.0

row1col13
West 0.0
East 0.0
North 0.0
South 0.0516098097344

row1col14
West 0.0
East 0.0
North 0.0
South 0.137979714514

row1col15
West 0.0
East 0.0
North 0.0067746875
South 0.401263060762

row1col16
West 0.0
East 0.0
North 0.000759407651904
South 0.198085073026

row1col18
West 0.0
East 0.0
North 0.0
South 0.28454305831

row1col19
West 0.0360537338698
East 2.95962951845e-08
North 0.0
South 0.0

row1col20
West 1.46474313403e-07
East 0.0
North 0.0
South 0.00207972791525

row1col21
West 0.0
East 0.0
North 0.0
South 0.0033092989127

row1col22
West 0.0
East 0.0
North 0.0
South 0.000730575149628

row2col1
West 0.0
East 0.0
North 7.60281695927e-07
South 0.0

row2col2
West 0.0
East 0.0
North 0.000172400850082
South 0.0

row2col3
West 0.0
East 0.0
North 0.00316271118054
South 0.0

row2col4
West 0.0
East 0.035157801383
North 0.0
South 0.0

row2col5
West 0.0
East 0.0
North 0.0
South 0.25835274705

row2col7
West 0.0
East 0.0
North 0.0
South 0.00362893649765

row2col8
West 0.0
East 0.0567304734271
North 0.0
South 0.0

row2col9
West 0.0
East 0.0
North 0.0
South 0.326566288234

row2col10
West 0.115196375354
East 0.0
North 0.0
South 0.0

row2col11
West 0.0108214885409
East 0.0
North 0.0
South 0.0

row2col13
West 0.00032179765625
East 0.375107121673
North 0.0
South 0.00110468724804

row2col14
West 0.0140712049762
East 0.815974089764
North 0.0030002137124
South 0.106059489839

row2col15
West 0.0
East 0.0
North 0.0
South 0.0

row2col16
West 0.996800782311
East 0.00798931233251
North 0.000759407651904
South 0.00178786372828

row2col17
West 0.923376245482
East 0.0107734147772
North 0.0143412887169
South 0.00147891899414

row2col18
West 0.811690844289
East 6.02566057759e-05
North 0.0
South 1.51478742412e-05

row2col19
West 0.482915435007
East 0.0
North 6.95193811035e-08
South 0.0

row2col20
West 0.210419900348
East 0.0
North 1.51775872741e-08
South 0.0

row2col21
West 0.0630456974146
East 0.0
North 0.0
South 0.0

row2col22
West 0.0112836184463
East 0.0
North 0.0
South 0.0

row3col1
West 0.0
East 4.77275153798e-08
North 0.0
South 0.0

row3col2
West 0.0
East 1.67941764561e-05
North 0.0
South 0.0

row3col3
West 0.0
East 0.0
North 0.000313849636779
South 0.0

row3col4
West 0.0
East 0.0223983190195
North 0.0
South 0.0

row3col5
West 0.0
East 0.0
North 0.0
South 0.383079587545

row3col7
West 0.0
East 0.0454590351354
North 0.0
South 0.0

row3col8
West 3.42437320309e-05
East 0.22930888959
North 3.0031984878e-10
South 0.0

row3col9
West 0.0
East 0.0
North 6.32909712359e-15
South 0.532470781271

row3col10
West 0.0423677459444
East 0.0
North 0.0
South 0.0

row3col11
West 0.0
East 0.0
North 0.000556163314418
South 0.0

row3col13
West 0.29726291382
East 0.9025
North 0.0120827227473
South 0.137834278843

row3col14
West 0.261979292116
East 0.95
North 0.0885880376689
South 0.193718635675

row3col15
West 0.0686936470546
East 0.0263870647372
North 1.0
South 0.313898179675

row3col16
West 0.364984208909
East 0.00178786372828
North 0.0
South 0.0

row3col18
West 1.51478742412e-05
East 0.0
North 0.396123530474
South 0.0

row3col19
West 0.13807132127
East 5.74290539551e-10
North 0.0
South 0.0

row3col20
West 0.0351903440048
East 5.27108031154e-09
North 0.0
South 0.0

row3col21
West 0.00593959564256
East 0.0
North 0.0
South 0.0

row3col22
West 0.000610801695643
East 0.0
North 0.0
South 0.0

row4col5
West 0.0
East 0.0
North 0.0
South 0.478930011495

row4col9
West 0.0
East 0.0
North 0.0
South 0.617898661305

row4col13
West 0.111469841388
East 0.0359305601112
North 0.857375
South 0.242258032672

row5col1
West 0.0
East 4.2839947287e-06
North 0.0
South 0.0

row5col2
West 0.0
East 0.000102646358196
North 0.0
South 0.0

row5col3
West 0.0
East 0.0
North 0.0
South 0.00140017505924

row5col5
West 0.000184255726808
East 0.534764744883
North 0.0
South 0.0

row5col6
West 0.000765204945638
East 0.568800092159
North 5.17410417379e-06
South 0.0

row5col7
West 0.00536339828077
East 0.598736939229
North 0.000109520827667
South 0.0

row5col8
West 0.00481433795061
East 0.630249409724
North 0.000450388021851
South 0.000202799150623

row5col9
West 0.00778783071437
East 0.663420431289
North 0.0181893764598
South 0.000280848833

row5col10
West 0.086372567159
East 0.698337296094
North 0.0205062751215
South 0.000475714959948

row5col11
West 0.0424336337242
East 0.735091890625
North 0.0541617245349
South 9.72779079668e-12

row5col12
West 0.0179981860129
East 0.7737809375
North 0.000324827167144
South 0.000506084473853

row5col13
West 0.0328226036017
East 0.043892778486
North 0.81450625
South 0.0501294924229

row5col14
West 0.7737809375
East 0.020614059575
North 0.00982371873101
South 0.0

row5col15
West 0.735091890624
East 0.0409679943923
North 0.0546387505722
South 0.00607476848722

row5col16
West 0.698337296074
East 0.000187589369441
North 0.0286682197465
South 6.39524698257e-05

row5col17
West 0.663420431011
East 0.000443706546856
North 0.000200345618168
South 5.5264546197e-07

row5col18
West 0.145236364155
East 1.92928499552e-09
North 0.0
South 7.82738556741e-07

row5col20
West 0.0
East 0.0
North 9.09146237706e-17
South 0.0128489190239

row5col21
West 0.0
East 0.0
North 0.0
South 0.0100223599161

row5col22
West 0.000367241877367
East 0.0
North 0.0
South 0.0

row6col1
West 0.0
East 0.0
North 0.0
South 3.88270812682e-06

row6col2
West 0.0
East 0.000343850153771
North 0.0
South 0.0

row6col3
West 0.0
East 0.0
North 0.0
South 0.0112266296561

row6col5
West 0.0
East 0.0758807150663
North 0.0
South 0.0

row6col6
West 0.0
East 1.84824037393e-08
North 0.540360082428
South 1.49121846767e-05

row6col7
West 2.19989323901e-10
East 0.0
North 0.0949572074342
South 7.73222146457e-11

row6col8
West 0.0
East 0.0
North 0.0970997187189
South 0.0

row6col9
West 0.0
East 0.0
North 0.153561978023
South 0.0

row6col10
West 0.0
East 0.0
North 0.660391093632
South 3.58453606244e-05

row6col11
West 0.0
East 0.0
North 0.311729863021
South 0.0

row6col12
West 0.0
East 0.0
North 0.140544146338
South 0.0

row6col13
West 0.0
East 0.00172376236215
North 0.404507736412
South 0.00896835726294

row6col14
West 0.0128929835397
East 0.0
North 0.165913067754
South 0.0

row6col15
West 0.0
East 1.45025631044e-06
North 0.354255101257
South 0.00345202700719

row6col16
West 0.00924570643054
East 0.0
North 0.099485899367
South 0.0

row6col17
West 0.00357204269906
East 3.36857722386e-11
North 0.630249407021
South 0.000330941351229

row6col18
West 0.568058709307
East 1.11764529951e-10
North 3.14288405033e-12
South 0.0

row6col19
West 0.424227675613
East 7.06487280852e-06
North 0.0
South 0.0

row6col20
West 0.247382511573
East 1.55595971749e-07
North 5.0731533658e-16
South 0.0

row6col21
West 0.100618284183
East 2.57929071506e-09
North 0.0
South 0.0

row6col22
West 0.0147380400488
East 0.0
North 0.0
South 0.0

row7col1
West 0.0
East 0.000373102999344
North 0.0
South 0.0

row7col2
West 0.0
East 0.0
North 0.0
South 0.00525905145649

row7col3
West 0.0
East 0.0
North 0.0
South 0.0515234362803

row7col5
West 0.0
East 0.127319268713
North 0.0
South 5.45185594507e-14

row7col6
West 2.58990595943e-15
East 0.0
North 0.513342022639
South 7.11109980571e-09

row7col10
West 0.0
East 1.61339043264e-06
North 0.606745516151
South 1.14957713201e-07

row7col17
West 0.0
East 0.0
North 0.598736893838
South 0.00167530880876

row7col18
West 0.0809733156207
East 0.0
North 0.0
South 0.0

row7col20
West 0.0
East 0.0
North 0.013473176453
South 0.0

row7col21
West 0.0
East 0.0
North 0.0109399258916
South 0.0

row7col22
West 0.0
East 0.0
North 0.000575697571716
South 0.0

row8col1
West 0.0
East 0.00237787983
North 0.0
South 0.0

row8col2
West 2.27023353196e-18
East 0.0528515243462
North 0.0
South 0.0

row8col3
West 9.19851484537e-16
East 0.186936673999
North 3.13679830563e-15
South 0.0

row8col4
West 1.23007470354e-16
East 0.317172489775
North 0.0
South 0.0

row8col5
West 9.66459859973e-15
East 0.433168189083
North 2.88826868238e-19
South 0.0

row8col6
West 8.49675840941e-20
East 6.73130538446e-12
North 0.487674500207
South 2.64886919594e-13

row8col8
West 0.0
East 0.00818430672446
North 0.0
South 0.0

row8col9
West 0.0
East 0.0917273765177
North 0.0
South 0.0

row8col10
West 0.0
East 7.39225551389e-12
North 0.518642430842
South 6.26424359618e-06

row8col11
West 0.354530959024
East 6.14259700833e-10
North 0.0
South 0.0

row8col12
West 0.193917852523
East 5.52962063942e-14
North 0.0
South 5.52962063942e-14

row8col13
West 0.0550375018772
East 0.0
North 0.0
South 0.0

row8col14
West 0.0110945234067
East 0.0
North 0.0
South 0.0

row8col15
West 0.00112971778841
East 0.0
North 0.0
South 0.0

row8col17
West 0.0
East 2.90255960252e-16
North 0.568799720535
South 0.0

row8col18
West 0.163600755411
East 0.0
North 0.0
South 0.0

row9col5
West 0.0
East 0.0
North 0.0514387556893
South 1.18098008189e-14

row9col6
West 0.0
East 0.0
North 0.463285993308
South 2.3670323177e-10

row9col8
West 0.0
East 0.000310869332042
North 0.0
South 0.0

row9col9
West 0.0
East 0.015647917091
North 5.03978341105e-10
South 0.0

row9col10
West 0.0
East 0.0
North 0.145563753529
South 2.54905362548e-12

row9col11
West 0.0
East 0.0
North 0.0220050955905
South 0.0

row9col12
West 0.0
East 0.0
North 0.0438964935646
South 0.0

row9col13
West 0.00123995962894
East 0.0
North 0.0
South 0.0

row9col14
West 0.0
East 5.69790049966e-07
North 0.0
South 0.0

row9col15
West 0.0
East 0.0
North 0.000111978737947
South 0.0

row9col17
West 8.55985259159e-09
East 0.0
North 0.540357781878
South 1.13239618968e-14

row9col18
West 0.189129690248
East 0.0
North 0.0
South 0.0

row9col20
West 0.0
East 1.33191633334e-14
North 0.0
South 0.0

row9col21
West 0.0
East 0.0
North 0.0
South 7.84222289902e-09

row9col22
West 2.26389397781e-10
East 0.0
North 0.0
South 0.0

row10col1
West 0.0
East 2.21626769318e-05
North 0.0
South 0.0

row10col2
West 0.0
East 0.0
North 0.0
South 0.00068090637842

row10col3
West 5.02770718693e-07
East 0.0
North 0.0
South 0.0

row10col5
West 0.0
East 0.342664453546
North 2.58963095482e-15
South 0.0

row10col6
West 3.02541474037e-13
East 2.43013272133e-12
North 0.44009518514
South 2.42523253754e-09

row10col17
West 0.0
East 1.92348307074e-13
North 0.513329654717
South 2.29744954988e-10

row10col18
West 0.0
East 0.0
North 0.0165776239188
South 0.0

row10col20
West 0.0
East 0.0
North 0.0
South 8.37734929665e-06

row10col21
West 4.51345935467e-07
East 0.0
North 0.0
South 0.0

row10col22
West 1.89899404564e-08
East 0.0
North 0.0
South 0.0

row11col1
West 0.0
East 8.22138136892e-05
North 0.0
South 0.0

row11col2
West 0.0
East 0.00861339795847
North 0.0
South 0.0

row11col3
West 0.0
East 0.0363036779853
North 0.0
South 0.0

row11col4
West 0.0
East 0.0957028980681
North 0.0
South 0.0

row11col5
West 5.3044381635e-17
East 0.0
North 0.20441158196
South 9.88640736309e-17

row11col6
West 1.16802940366e-15
East 0.0
North 0.417920568263
South 2.72512774425e-08

row11col8
West 0.0
East 3.68451201896e-08
North 0.0
South 0.0

row11col9
West 0.0
East 0.0
North 0.0
South 8.72953896011e-05

row11col10
West 1.70582515312e-09
East 0.0
North 0.0
South 0.0

row11col12
West 0.0
East 1.83272872821e-05
North 0.0
South 0.0

row11col13
West 0.0
East 0.00050935615988
North 0.0
South 0.0

row11col14
West 0.0
East 0.00493275085516
North 0.0
South 0.0

row11col15
West 0.0
East 0.0
North 0.0
South 0.0302104968801

row11col17
West 1.92275957439e-11
East 0.0
North 0.487622000844
South 1.54751264454e-11

row11col18
West 0.0
East 0.0
North 0.0
South 2.15150321909e-05

row11col20
West 0.0
East 0.0
North 0.0
South 0.000146518595828

row11col21
West 2.9825924328e-06
East 0.0
North 0.0
South 0.0

row11col22
West 0.0
East 0.0
North 0.0
South 2.99192073914e-05

row12col1
West 0.0
East 0.0
North 2.08550565674e-06
South 0.0

row12col2
West 0.0
East 0.0
North 0.000125530848481
South 0.0

row12col3
West 0.0
East 0.0
North 0.00309849356622
South 0.0

row12col5
West 8.25343279688e-17
East 0.0545819972214
North 3.61878020212e-16
South 0.0

row12col6
West 1.56738147834e-13
East 0.0
North 0.396435755026
South 8.2881092351e-10

row12col8
West 0.0
East 1.78204055843e-05
North 0.0
South 0.0

row12col9
West 0.0
East 0.0
North 0.0
South 0.00134750606723

row12col10
West 1.16288872119e-05
East 0.0
North 0.0
South 0.0

row12col12
West 0.0
East 0.0
North 2.91300590416e-11
South 0.0

row12col13
West 0.0
East 0.0
North 1.11740145207e-05
South 0.0

row12col14
West 0.0
East 0.000700372973372
North 0.0
South 0.0

row12col15
West 0.0
East 0.114785941571
North 0.0
South 0.0

row12col16
West 0.0
East 0.293937208624
North 0.0
South 0.0

row12col17
West 3.90058470738e-14
East 4.64907330857e-15
North 0.463110419202
South 9.0915373449e-12

row12col18
West 0.114557060675
East 9.06252580994e-15
North 4.33763142716e-21
South 0.0

row12col20
West 0.0
East 0.00162748704258
North 0.0
South 0.0

row12col21
West 0.0
East 0.0
North 0.0
South 0.00950198480002

row12col22
West 0.00103807541267
East 0.0
North 0.0
South 0.0

row13col5
West 0.0
East 0.0676483662386
North 0.0
South 0.0

row13col6
West 9.26635252337e-14
East 0.0
North 0.374886753077
South 1.82523112891e-10

row13col9
West 0.0
East 0.0
North 0.0
South 0.00998456424832

row13col17
West 3.69948656489e-13
East 1.46254429113e-15
North 0.439511334971
South 4.58811249577e-07

row13col18
West 0.39967683097
East 2.04457115959e-20
North 4.30436033597e-19
South 0.0

row13col21
West 0.0
East 0.0
North 0.0
South 0.0318429873725

row14col1
West 0.0
East 0.0
North 0.0
South 9.42149102991e-05

row14col2
West 0.0
East 0.0521059632297
North 0.0
South 0.0

row14col3
West 0.0
East 0.109340416008
North 0.0
South 0.0

row14col4
West 7.11587350189e-26
East 0.193676296108
North 0.0
South 0.0

row14col5
West 1.49807863198e-24
East 0.287225273493
North 5.7291332252e-17
South 0.0

row14col6
West 4.94547240455e-12
East 4.90669468886e-13
North 0.351379619648
South 0.0

row14col7
West 0.311842681683
East 6.96062015165e-15
North 0.0
South 0.0

row14col8
West 0.177234776904
East 3.12572792218e-17
North 0.0
South 0.0

row14col9
West 0.0531604855589
East 0.0
North 0.0
South 0.0

row14col10
West 0.0
East 0.0
North 0.0
South 1.00736434473e-07

row14col11
West 0.0
East 3.89834129004e-09
North 0.0
South 0.0

row14col12
West 0.0
East 0.0
North 0.0
South 1.86516056303e-05

row14col13
West 0.0
East 2.82264547822e-05
North 0.0
South 0.0

row14col14
West 0.0
East 1.86100755088e-17
North 0.0
South 0.00509622533886

row14col15
West 0.0
East 0.00344283653524
North 0.0
South 3.91791063343e-16

row14col16
West 0.0
East 0.0798016607368
North 0.0
South 0.0

row14col17
West 6.50429773801e-19
East 0.0
North 0.413172877249
South 2.57141660402e-08

row14col18
West 0.0
East 0.0
North 0.333386678108
South 0.0

row14col19
West 0.245429397372
East 0.0
North 0.0
South 0.0

row14col20
West 0.152877794797
East 0.0
North 0.0
South 0.0

row14col21
West 0.0778757194226
East 0.0
North 0.0
South 0.0

row14col22
West 0.0
East 0.0
North 0.0
South 5.25793602248e-06

row15col1
West 0.0
East 0.00205001295433
North 0.0
South 0.0

row15col2
West 0.0
East 0.0
North 0.0208028796501
South 0.0

row15col3
West 0.0
East 0.000196243052025
North 0.0
South 0.0

row15col4
West 0.0
East 2.92125333235e-24
North 0.00782866352879
South 0.0

row15col5
West 2.06360331555e-25
East 0.0
North 0.0394050123503
South 0.0

row15col6
West 0.0
East 0.0
North 0.046663852691
South 0.0

row15col7
West 5.53064401847e-24
East 0.0
North 0.230892933776
South 0.0

row15col8
West 0.0
East 0.0
North 0.0240633562868
South 0.0

row15col9
West 0.000289199642437
East 0.0
North 0.0
South 0.0

row15col10
West 0.0
East 5.67832990689e-06
North 0.0
South 0.0

row15col11
West 0.0
East 0.000150056170596
North 0.0
South 0.0

row15col12
West 0.0
East 0.00209972861244
North 0.0
South 0.0

row15col13
West 0.0
East 0.0149340965317
North 0.0
South 0.0

row15col14
West 0.0
East 0.0824112989768
North 0.0
South 0.0

row15col15
West 0.0
East 0.277815712683
North 0.0
South 0.0

row15col16
West 1.45971034785e-11
East 0.335549346896
North 0.0
South 0.0

row15col17
West 0.0
East 0.0
North 0.380041925811
South 0.0

row15col18
West 0.0248856249968
East 0.0
North 0.0
South 0.0

row15col19
West 0.0
East 0.0
North 0.0168804725514
South 0.0

row15col20
West 7.72991450277e-05
East 0.0
North 0.0
South 0.0

row15col21
West 0.0
East 0.0
North 0.00794154096831
South 0.0

row15col22
West 0.000505353778107
East 0.0
North 0.0
South 0.0

row16col2
West 0.0
East 0.0
North 0.00604125768191
South 0.0

row16col7
West 0.0
East 0.0
North 0.14820924551
South 0.0

row16col15
West 0.0
East 0.0
North 0.203967641515
South 0.0

row17col1
West 0.0
East 7.94621515677e-07
North 0.0
South 0.0

row17col2
West 0.0
East 0.0
North 0.00155242957286
South 0.0

row17col3
West 0.000107378451595
East 0.0
North 0.0
South 0.0

row17col4
West 3.8121807277e-06
East 0.0
North 0.0
South 0.0

row17col6
West 0.0
East 0.00553695502294
North 0.0
South 0.0

row17col7
West 0.0
East 0.0
North 0.0788893649335
South 0.0

row17col8
West 0.0336917346514
East 0.0
North 0.0
South 0.0

row17col9
West 0.0
East 0.0
North 0.0
South 0.00013480598246

row17col10
West 6.16435190813e-06
East 0.0
North 0.0
South 0.0

row17col11
West 0.0
East 0.0
North 0.0
South 3.29147076293e-11

row17col13
West 0.0
East 0.00120576759337
North 0.0
South 0.0

row17col14
West 0.0
East 0.0346804356438
North 0.0
South 0.0

row17col15
West 0.0
East 0.0
North 0.132216875563
South 0.0

row17col16
West 0.060973781848
East 0.0
North 0.0
South 0.0

row17col18
West 0.0
East 1.99873847663e-07
North 0.0
South 0.0

row17col19
West 0.0
East 0.0
North 0.0
South 1.75899096807e-05

row17col20
West 7.36097174739e-08
East 0.0
North 0.0
South 0.0

row17col21
West 0.0
East 0.0
North 0.0
South 4.54111525358e-08

row17col22
West 2.99886061507e-12
East 0.0
North 0.0
South 0.0

row18col1
West 0.0
East 4.91911006257e-17
North 0.0
South 0.0

row18col2
West 0.0
East 0.0
North 0.000251753551299
South 0.0

row18col3
West 0.0
East 0.0
North 4.18142386404e-06
South 0.0

row18col4
West 0.0
East 0.0
North 1.31834316202e-08
South 0.0

row18col6
West 0.0
East 0.0
North 0.000355571025959
South 0.0

row18col7
West 0.0
East 9.10448949285e-05
North 0.0
South 0.0

row18col8
West 0.0
East 0.0
North 0.0114053371895
South 0.0

row18col9
West 0.0017083092428
East 0.0
North 0.0
South 0.0

row18col10
West 0.0
East 0.0
North 2.4948525468e-07
South 0.0

row18col11
West 6.55113954986e-09
East 0.0
North 0.0
South 0.0

row18col13
West 0.0
East 0.000372916071349
North 0.0
South 0.0

row18col14
West 0.0
East 0.0
North 0.00560743652657
South 0.0

row18col15
West 0.0
East 0.0
North 0.00891040340613
South 0.0

row18col16
West 0.0
East 0.0
North 0.0248265997848
South 0.0

row18col17
West 0.00746386328922
East 0.0
North 0.0
South 0.0

row18col18
West 0.00156628592145
East 0.0
North 0.0
South 0.0

row18col19
West 0.000321870962971
East 0.0
North 0.0
South 0.0

row18col20
West 4.50525867585e-05
East 0.0
North 0.0
South 0.0

row18col21
West 3.34262612408e-06
East 0.0
North 0.0
South 0.0

row18col22
West 9.19838001098e-08
East 0.0
North 0.0
South 0.0

row19col1
West 0.0
East 1.69719573501e-07
North 0.0
South 0.0

row19col2
West 0.0
East 0.0
North 2.10699619603e-05
South 0.0

row19col3
West 0.0
East 0.0
North 1.96141492512e-07
South 0.0

row19col4
West 4.79384800853e-09
East 0.0
North 0.0
South 0.0

row19col6
West 0.0
East 0.0
North 1.11810392019e-05
South 0.0

row19col7
West 0.0
East 8.21402901212e-05
North 0.0
South 0.0

row19col8
West 0.0
East 0.0
North 0.00158782594399
South 0.0

row19col9
West 5.48022330791e-05
East 0.0
North 0.0
South 0.0

row19col10
West 8.87803802474e-07
East 0.0
North 0.0
South 0.0

row19col11
West 0.0
East 0.0
North 1.28125026872e-14
South 0.0

row19col13
West 0.0
East 0.0
North 1.44145576913e-05
South 0.0

row19col14
West 0.0
East 0.0
North 1.66150025375e-05
South 0.0

row19col15
West 0.0
East 0.0
North 0.00020490201627
South 0.0

row19col16
West 0.0
East 0.0
North 0.0022717736607
South 0.0

row19col18
West 0.0
East 0.0
North 1.20036036584e-05
South 0.0

row19col19
West 1.02927729862e-07
East 0.0
North 0.0
South 0.0

row19col20
West 0.0
East 0.0
North 4.5764385477e-07
South 0.0

row19col21
West 0.0
East 0.0
North 2.06942442021e-08
South 0.0

row19col22
West 0.0
East 0.0
North 8.48159442931e-11
South 0.0
