0.00831881216938
0.0142399002386
0.024664093999
0.0283616298831
0.0233666146192
0.0194721788494
0.0228957247277
0.0257675637582
0.0245301284437
0.0280985780539
0.0282566625025
0.0310542862897
0.0293490250388
0.0292340202012
0.0302804285774
0.0311386934704
0.0305064575353
0.0311853486646
0.0335370774796
0.0338093882273
0.0338995816702
0.0417769084321
0.0471741579971
0.0452085680806
0.0451118210744
0.047475542743
0.0481974888597
0.0502208113232
0.0502162373595
0.050733845885
0.0498587353691
0.049985109304
0.0533020506227
0.0553443125842
0.0549210558289
0.056004076014
0.0591875359861
0.0637917604681
0.0635835539302
0.0683797276977
0.07136546567
0.0708047613883
0.0731024455623
0.0737340417107
0.0743824963703
0.0733685063908
0.0725998799537
0.073799705295
0.0754356974226
0.078277829358
0.0782312053098
0.0783975849944
0.0801609416069
0.0808661696275
0.0805673561319
0.0812460277085
0.0814977346974
0.0833121251316
0.0828167179627
0.0847951571357
0.0870311159159
0.0880214848356
0.0878136347921
0.0887819658201
0.0892874675737
0.0903307935
0.0909342751218
0.0911359338592
0.0930848331288
0.0967261933597
0.0966805786035
0.0972126912673
0.097629913078
0.0975011561669
0.0986448202269
0.100196561908
0.101122017419
0.100971687966
0.102425527958
0.102389918813
0.102707827521
0.10331788198
0.103214776934
0.102938511127
0.104310896567
0.104987392963
0.104553474947
0.107388944949
0.108377244496
0.110521402805
0.110357732645
0.1108933589
0.111653863604
0.11208541662
0.111770911186
0.112461726698
0.11292887763
0.114080192223
0.114002057351
0.116461971262
0.118254567625
0.118481643967
0.119214061681
0.119639805949
0.120892536843
0.120358187956
0.120703735353
0.120942369447
0.120672752419
0.120348580528
0.120504060901
0.121699971629
0.121962386061
0.122614421899
0.122890369248
0.123147534777
0.12325305338
0.124012868528
0.124206981441
0.124478890613
0.124707120578
0.124360278134
0.124431658569
0.124984740484
0.125119912043
0.125557053509
0.12635806748
0.127695908553
0.12834610817
0.129920640749
0.130116379299
0.130702162911
0.131847616376
0.131934423005
0.132458331879
0.132973809237
0.134376548307
0.134813776457
0.135228250039
0.135323059346
0.136155712597
0.136956561036
0.13777140189
0.137695322089
0.138371872255
0.13945763277
0.140626331986
0.141010762473
0.141344887151
0.141283414952
0.141684144678
0.142283686479
0.143227282927
0.143996067753
0.144850138861
0.145098888033
0.145866303519
0.146078682153
0.146610923434
0.147139658606
0.147368372015
0.147700396255
0.147932482459
0.148179911717
0.148889813806
0.150013870216
0.150114881275
0.150074805738
0.15093923088
0.150953270046
0.151081676494
0.151793193357
0.151946180648
0.151981357994
0.152685270705
0.153300153856
0.153198188229
0.154260682034
0.154396689196
0.154858415859
0.155383603291
0.155915454978
0.156650198139
0.157581159792
0.158039203517
0.158592729419
0.1584623607
0.159324718497
0.159629445361
0.160075852734
0.161032433892
0.161419785667
0.161849577644
0.162186500983
0.162119334776
0.162669419282
0.163227632584
0.163455855983
0.163745229326
0.164202238916
0.164507195129
0.165486035812
0.165826271748
0.166161828885
0.166127184374
0.166334693548
0.166482355958
0.166762726333
0.167047094842
0.167240669352
0.167672850741
0.168600912155
0.168962607108
0.169521722559
0.170247488327
0.170506326549
0.171147488237
0.171249825757
0.171601873591
0.172135260994
0.172238288658
0.172559598546
0.172915682555
0.173196100979
0.173488950902
0.17363869076
0.174342137676
0.175166519895
0.175500831469
0.175912715841
0.176076761426
0.176213680218
0.176136865452
0.176255915597
0.17662959843
0.177018934481
0.177871554144
0.17808860586
0.178580182472
0.179305130224
0.179592240228
0.17979502576
0.180247347001
0.180656441429
0.180830766451
0.18101393795
0.180961390367
0.181389182376
0.18226584188
0.182897725596
0.183224737077
0.183480812314
0.183964678197
0.184389560769
0.184596002733
0.185205524136
0.185282963726
0.18541820006
0.185978433296
0.186344045144
0.186766241862
0.187276329688
0.187950292391
0.187944381363
0.187933461522
0.188348338883
0.188993878291
0.189481618332
0.189821769256
0.190125505384
0.190459633471
0.190453161862
0.190963887691
0.191343059816
0.191602139995
0.192334190565
0.192689844744
0.192796285035
0.193483036759
0.193584456584
0.193476236018
0.193884691588
0.194030695732
0.194041515758
0.194340020618
0.194321723751
0.194522980107
0.194948599741
0.1957045071
0.195783064935
0.195784589169
0.19669492412
0.197018473563
0.197124291992
0.197866377484
0.198245130278
0.19838599486
0.198490495146
0.198616359346
0.198545754032
0.198642882277
0.198745540461
0.199022428343
0.199016522446
0.199222533669
0.199384269013
0.199424382258
0.199641649958
0.200323478637
0.2005014586
0.201015607943
0.201205583401
0.201165499774
0.201483387965
0.201675947083
0.202051635138
0.202519800931
0.202734465246
0.202732733728
0.203138866128
0.203492707558
0.203852696908
0.204272354628
0.204341576569
0.204735321738
0.2048281083
0.204889195147
0.205213504487
0.205652842592
0.205804026059
0.205732647917
0.206105803715
0.20624012218
0.206252173236
0.206771618403
0.207108936826
0.207329109322
0.207777733856
0.208317881479
0.20861557063
0.208928312958
0.209235105936
0.209290900799
0.209366980034
0.209608078865
0.210015932677
0.210006402559
0.210406113017
0.210640767805
0.21070941435
0.211051952632
0.211344074269
0.211371221846
0.211629545234
0.211912912961
0.212082710593
0.212259428407
0.212480122697
0.212603011951
0.212683319722
0.212553646095
0.212858574735
0.212970242932
0.213521617726
0.213608916273
0.214048714607
0.214089982983
0.214283939213
0.21449785201
0.214758184711
0.215435684505
0.215504271184
0.215810308363
0.216158545502
0.216428989504
0.21646960559
0.216643357656
0.216816897402
0.216946062314
0.217160562242
0.217160962763
0.217541882003
0.217784120823
0.218013290598
0.218260170624
0.218664255493
0.218959016527
0.219581916712
0.219716794165
0.220224204731
0.220337415233
0.220487830248
0.220591762515
0.221109906113
0.221636040825
0.221956729014
0.222088705199
0.222484810976
0.222602177008
0.223081991789
0.22333406039
0.223559252867
0.224140081533
0.224721157957
0.224926606761
0.225198492986
0.225306429764
0.225624030032
0.225878761375
0.226226906921
0.226379685786
0.226704185986
0.227039985766
0.227304365448
0.227398848528
0.227230690863
0.227355138256
0.227729420032
0.227954267085
0.22817446154
0.228317045578
0.22850100585
0.228769230622
0.229168681968
0.229242259674
0.229359350806
0.229536576077
0.229737192143
0.229714296288
0.229942509924
0.230058463603
0.230314827003
0.23068162974
0.231127528172
0.231215937228
0.231225921411
0.231389559537
0.231641746258
0.231688353116
0.231778675244
0.232181377786
0.232425792027
0.232696256301
0.232697188193
0.232898602279
0.2331452111
0.23322942259
0.233461015574
0.233662388531
0.234337200879
0.234602600382
0.23474662505
0.234850228782
0.235099495979
0.235261856697
0.235541816556
0.235801721158
0.235905136154
0.236045494792
0.236165092944
0.236619662045
0.23681849505
0.237057408888
0.23718822131
0.237463450844
0.237737586261
0.23791011212
0.237999123777
0.238290383399
0.238668695807
0.238934772795
0.23903452348
0.239607352824
0.239904598467
0.240103980368
0.240335330926
0.240416844396
0.240557645494
0.240648920342
0.240886956121
0.240892123129
0.240989164076
0.241173762151
0.241560106554
0.241669049008
0.24164801296
0.241799875757
0.241913093215
0.24225155917
0.242632148929
0.243014460976
0.243196289023
0.243356545671
0.243339064002
0.243455290039
0.243474602945
0.243748694197
0.243809899211
0.243969321072
0.244051833414
0.244374660967
0.244738542983
0.244956853247
0.245259390375
0.245411713917
0.245701252302
0.245814967543
0.245924089816
0.245960603631
0.246202641277
0.246381277615
0.246775954759
0.246733524358
0.246953120366
0.247185023988
0.247638575346
0.247728678134
0.247862297202
0.247931515345
0.248172687935
0.248528306251
0.24855655601
0.248643478027
0.248902320682
0.249182028413
0.249415179843
0.249556432113
0.249540907056
0.249830589374
0.250174627486
0.250497034873
0.250773184983
0.250826896162
0.250914443041
0.251268252577
0.251502225365
0.251672723927
0.251934926668
0.251971229969
0.252213093003
0.252301091701
0.252462575777
0.252667722954
0.252656082025
0.252611296889
0.252816472985
0.252915125883
0.253153480386
0.253441964433
0.253699144949
0.253751288125
0.253888979741
0.254190050745
0.254578671529
0.254790582273
0.254925218635
0.255134382968
0.255242873733
0.255375426355
0.255576209928
0.25574064822
0.25577448739
0.256030894109
0.256046980457
0.256376640265
0.256376247848
0.256516798773
0.256745707614
0.257077010537
0.257173072926
0.257337206832
0.257487296796
0.257757617663
0.258064635632
0.258095505516
0.258189528122
0.258331605938
0.258379122772
0.258547553253
0.258599576491
0.258824083325
0.259167601278
0.25925551036
0.259607036574
0.259783899998
0.259926584531
0.260015357186
0.260048284776
0.260171787844
0.260479384332
0.260610847081
0.260827715597
0.260880254865
0.261112692988
0.261257872339
0.261443516979
0.261833035564
0.262059360272
0.26209296682
0.26207992093
0.262097893077
0.262208094811
0.262285643812
0.262611740758
0.262720711449
0.262871944869
0.262999096926
0.263202833748
0.263475544098
0.263643574578
0.263784256059
0.264092463245
0.264407927831
0.264468192208
0.264539239939
0.264787043186
0.265098505356
0.265403537164
0.265473192523
0.265677509193
0.265813420316
0.266000084163
0.266065887026
0.266469303999
0.266638897302
0.266735870244
0.266825086825
0.26696246152
0.267235771969
0.267556763881
0.267818869759
0.267907143232
0.268096445119
0.268277665214
0.268484129728
0.268593597658
0.26878383869
0.268899957773
0.269040070369
0.269336905022
0.269416705536
0.26952029605
0.269664625479
0.269819742543
0.270105305949
0.270383040378
0.270584353035
0.27072438506
0.270881147779
0.271002580087
0.271235296903
0.271390478765
0.271418368914
0.271550111754
0.271687567689
0.271859440965
0.271912830118
0.272104253157
0.272332800928
0.272392684873
0.272531995642
0.272656265474
0.272913260548
0.273087835788
0.273209702752
0.273285294495
0.27338312704
0.273539418511
0.273669915599
0.27385281852
0.274029826625
0.274057252673
0.274230535592
0.274480023743
0.274596516102
0.274663433256
0.274630611822
0.27475994655
0.274947836139
0.275137710886
0.275237436604
0.275371810475
0.275441380334
0.275561087144
0.275632846796
0.275822755642
0.276044151596
0.276245861848
0.276294257268
0.276368711849
0.276493115559
0.276622072601
0.276658304727
0.276782755138
0.276791882503
0.277009101177
0.277004019185
0.27720406718
0.277313093247
0.277404247642
0.277574296464
0.27768386721
0.277898839294
0.277971716634
0.278159820348
0.278389799837
0.27848981687
0.278594402961
0.278784834422
0.278856432858
0.279101642184
0.279249925481
0.279593293331
0.279830570763
0.27989922339
0.280065905007
0.280398016021
0.280493226935
0.280695469483
0.280885442691
0.281057301222
0.281022842178
0.281303374271
0.281669785331
0.281683602
0.281826817061
0.281815071696
0.281954199445
0.281984846984
0.282244128542
0.282316742773
0.28242831142
0.282520859748
0.28263135807
0.282670289033
0.282677553353
0.282874034897
0.282879079635
0.283044364783
0.283176029266
0.283304405371
0.283403550287
0.283487049202
0.283622906384
0.283661063098
0.283724314725
0.283891367493
0.283874534012
0.284072062538
0.284154761603
0.284281863021
0.284414400989
0.284601283583
0.284770800613
0.284757987637
0.285082901928
0.285139405838
0.285365855312
0.285540879629
0.285682591007
0.285826234317
0.28586177097
0.285901287184
0.285908873213
0.286078143848
0.286185613877
0.286234611061
0.286354914594
0.286540377613
0.286666575115
0.286688433013
0.28672973911
0.286855690974
0.286914749691
0.286940422094
0.286974063029
0.287044915868
0.28711031612
0.287240760751
0.287452649485
0.28754870841
0.287556943356
0.28769010687
0.287799613037
0.287901587696
0.288108765601
0.288162216096
0.288349443862
0.288420145936
0.288554562733
0.288716841911
0.288742233019
0.288884584073
0.288879877481
0.288897488941
0.289057909295
0.289127363539
0.289340324059
0.289319952406
0.289334739287
0.289382185518
0.289424358852
0.289519795754
0.28964166916
0.28965645853
0.289767191159
0.289826601462
0.289972007615
0.290094312617
0.290136940668
0.290221336596
0.29033691171
0.290398527807
0.290637329542
0.290754234362
0.290845950268
0.290890890564
0.290979944064
0.291025214099
0.291060812343
0.291066163664
0.291106242799
0.291160104172
0.29119291923
0.291326004454
0.291410171802
0.291462233707
0.291494300944
0.291548754164
0.291667360297
0.291721826502
0.29182827592
0.291886475007
0.29208054808
0.292235483059
0.292422250673
0.292593801283
0.292647400143
0.292757233126
0.292932949869
0.29295394601
0.292988072974
0.293006030852
0.293060477871
0.293158021425
0.29329023097
0.293512300508
0.293568903323
0.293694102553
0.293737111982
0.293757232003
0.293996234674
0.293952948621
0.293984715388
0.294133545976
0.294295011037
0.294500328424
0.294615082293
0.294698746439
0.294849017079
0.29493537025
0.295126934368
0.295169544137
0.295300834638
0.295347062619
0.295372220748
0.295613936071
0.295687126283
0.295758818814
0.29579108812
0.295818646347
0.295928283292
0.296029186679
0.296083983359
0.296229487027
0.29622356602
0.29641595254
0.296470279149
0.296534727926
0.296639734835
0.296750445297
0.296856634669
0.296879156896
0.297042681642
0.297086882793
0.29715105487
0.297419893699
0.297458827469
0.297470135967
0.297527478077
0.297578727936
0.297614187532
0.297684839389
0.297685980298
0.297927868228
0.297949540581
0.298182332687
0.298388047486
0.298363757568
0.298382982047
0.298577082296
0.298637524961
0.298616951197
0.298676198749
0.29876912675
0.298914775983
0.299146496707
0.299162081148
0.299224798099
0.299407496745
0.29963906697
0.299737094612
0.299835320715
0.299962809524
0.299918233824
0.300037137158
0.300086877016
0.300053039378
0.300194712927
0.300266720495
0.30030080203
0.300404135887
0.300508130001
0.300528680107
0.300594999442
0.300691619075
0.300750213661
0.300853407818
0.300924346292
0.301029122003
0.301027131115
0.301004952669
0.301221905255
0.301366951046
0.301430149012
0.301576574021
0.301654145275
0.301604874736
0.30161123976
0.301571439765
0.301674736407
0.301695310982
0.301771589384
0.301854257903
0.301950187948
0.302005379589
0.302065043159
0.302177954624
0.302352490912
0.302482610243
0.302596217608
0.302574333349
0.30273268606
0.302775003317
0.302741126081
0.30279428854
0.302775477908
0.302790049329
0.302854880363
0.302903094852
0.302948931262
0.303053119932
0.303158928083
0.303207287291
0.303233562864
0.303394255872
0.303412160583
0.30343863129
0.303544564992
0.303549689115
0.303651664427
0.303701552316
0.303739720681
0.303726087264
0.303712608103
0.303858989722
0.303907549787
0.303948377534
0.304088937511
0.304120849445
0.304212432852
0.304234580363
0.304313418691
0.304505028548
0.304516325672
0.304614203526
0.304743404923
0.304753940038
0.304830621188
0.304916452518
0.304936550073
0.304941849041
0.304980335991
0.304989190699
0.305106826365
0.305140764072
0.305177167542
0.305202476643
0.305256966896
0.305414137861
0.305449068634
0.305626229886
0.305845714153
0.305950411236
0.305966432403
0.305962086468
0.305963102438
0.305999533227
0.306021765909
0.30613384413
0.306345010029
0.306370570702
0.306428147286
0.306459407263
0.306512223376
0.306490488235
0.306599475359
0.306709933319
0.306675866201
0.306816724969
0.306962172252
0.307054532554
0.307128446797
0.3071323033
0.307132779981
0.307152692804
0.307181553188
0.307163583291
0.307186127648
0.307161546104
0.307190550383
0.307183844323
0.307295328925
0.307377495967
0.307480568024
0.307579053939
0.307705558304
0.307713491319
0.307811867457
0.30780317444
0.307974048674
0.307991202646
0.308130235907
0.308188757809
0.308384572854
0.308393509209
0.308498849892
0.308490221908
0.308464035167
0.308537124636
0.308540121448
0.308617506305
0.308735824927
0.30872001227
0.308749652511
0.308822831874
0.308914716867
0.308943704881
0.308998907445
0.309055519199
0.309076860817
0.309079166675
0.309134780537
0.309118018136
0.309208059588
0.309353020903
0.309333101042
0.309399657735
0.309584370964
0.309718167294
0.309785588899
0.309941100492
0.310012912035
0.310052744115
0.310081583379
0.310225592763
0.310312765776
0.310370727266
0.310431035084
0.310549197091
0.310509706292
0.310617095313
0.310701063779
0.310785802873
0.310764165094
0.310859559864
0.310935447044
0.311000515891
0.311054692446
0.31126500528
0.31126166836
0.311300482471
0.311490542131
0.311520666027
0.311552707282
0.31166056667
0.311635379634
0.311554963839
0.311611365548
0.311708081363
0.311761944223
0.311712398822
0.311718378231
0.311782067865
0.311852546687
0.311873521174
0.312013892356
0.312050179758
0.312150572229
0.312172361827
0.312181147798
0.312293029118
0.3123080114
0.312294137063
0.312403358834
0.312441527626
0.312494700541
0.312608547457
0.312595853899
0.312546541739
0.312626200389
0.312697211993
0.312809014398
0.312883574887
0.312859553232
0.312895514713
0.31293898935
0.312939780731
0.312962742282
0.312957340145
0.313026238722
0.313087003026
0.31316536377
0.313318389157
0.313428394556
0.3134063181
0.313463567393
0.313507433462
0.313553907146
0.313535027417
0.313593475001
0.313660381873
0.313722270547
0.313811056298
0.313845792608
0.313867096296
0.313799857518
0.313850390081
0.313988736836
0.314075703436
0.314201663828
0.314218752861
0.31435599409
0.314351144036
0.314490917107
0.31451830717
0.31456891562
0.314612512855
0.314765093426
0.314752073407
0.314711666321
0.314765522112
0.314785741453
0.314859833979
0.314888683751
0.314940935104
0.314974893202
0.314988575035
0.315069408624
0.315235541793
0.315242183757
0.31535776903
0.315325019629
0.315365923264
0.315411704341
0.315439666538
0.315438371789
0.315501132653
0.315554077303
0.315643614466
0.315750257664
0.315810637325
0.315816546383
0.315902258961
0.31590379648
0.315871854486
0.315916055979
0.315921695052
0.316028961524
0.31598245374
0.31602061353
0.316053797311
0.316062768128
0.316094333245
0.316115958517
0.316049803306
0.316121588808
0.316198928711
0.316277161904
0.316316507449
0.316497006007
0.316596500396
0.316651913853
0.316658142878
0.316709476936
0.316649458315
0.316761929461
0.316794021955
0.316811596249
0.316910896242
0.31693672922
0.316988334143
0.316961869444
0.317059337063
0.317144428979
0.317123818594
0.317268721721
0.317286484785
0.31735030068
0.317402189379
0.317430735358
0.317476733873
0.317462580571
0.317549479878
0.317525029387
0.317537730018
0.317677692369
0.317855744936
0.317919880094
0.317986932852
0.31801584634
0.318030395587
0.318140403497
0.318124444611
0.318142755734
0.31811664535
0.318181694726
0.318195506008
0.318223606175
0.318244041343
0.318271480767
0.318279304766
0.318294647551
0.318335610771
0.318408312915
0.318474918104
0.318519375024
0.318624517409
0.318715781269
0.318657364252
0.318671309931
0.318775217163
0.318832175643
0.31893428372
0.318981138034
0.31899218413
0.319076511815
0.319094498557
0.319123678308
0.319121795771
0.319211595463
0.319270101475
0.319379269845
0.319422478376
0.319473843627
0.319543459207
0.319687418773
0.319722545315
0.319702743906
0.319782473752
0.319827581318
0.319848386218
0.319951816538
0.319983530874
0.320010481909
0.320090078316
0.32009134202
0.320241898398
0.320249673591
0.320282268426
0.320360382298
0.320374252122
0.320416267781
0.32040113884
0.320408543074
0.320503251725
0.320606521573
0.320570928479
0.320564791681
0.320582960459
0.320578740955
0.320575643834
0.320655718739
0.32059765549
0.320643124154
0.320706129134
0.320755289175
0.32080144017
0.320847718742
0.320873522572
0.320979694269
0.321056279357
0.321061881254
0.321088788826
0.321071680664
0.32114223421
0.321120248759
0.321131999904
0.321173417364
0.321249778054
0.321237345127
0.321321241806
0.321362698944
0.321352506144
0.321474041009
0.321512191094
0.321586841225
0.321662410071
0.321716471411
0.321753952011
0.321878597366
0.321918146445
0.32196057394
0.321989319584
0.322002883361
0.321990994914
0.322096354587
0.322199858052
0.322216444733
0.322218105047
0.32223225872
0.322220822352
0.322243248105
0.322247329657
0.322353814093
0.322472809465
0.322520541898
0.322499273236
0.322571954713
0.322708678367
0.322710071102
0.322757069511
0.322827624614
0.322887492074
0.322872552058
0.32300575032
0.32303903231
0.323054057376
0.323085975557
0.323060968062
0.323114384519
0.323162239844
0.323196838599
0.323181582392
0.323193299913
0.323176719841
0.323238797435
0.323252695815
0.323255086015
0.32325439699
0.323280372852
0.323273205509
0.323357096237
0.323325909772
0.323304175031
0.323322074841
0.323405316713
0.323416959028
0.323424747564
0.323464902733
0.323505216533
0.323517487136
0.323471552961
0.323513156564
0.323523990749
0.323512016588
0.323549735953
0.323599054914
0.323706322965
0.323784598378
0.323846224271
0.323873045647
0.323906971895
0.323932614942
0.323990032102
0.324018668322
0.324076967326
0.3240476902
0.32410995222
0.324093908203
0.32414654537
0.324153104156
0.32418380759
0.324227446245
0.324272661144
0.324264881452
0.324282078502
0.324369567614
0.324374128119
0.324379122958
0.324477042724
0.324553396984
0.324559948955
0.324539698699
0.324525443378
0.324513228371
0.324503076495
0.324546995154
0.324518809278
0.324570244564
0.324555053854
0.32461242858
0.324680010562
0.324702864474
0.324854687364
0.324877544457
0.324903553518
0.324964902385
0.324959478663
0.324954345699
0.324936164552
0.324904612691
0.324884983694
0.324930739247
0.324941588459
0.324929015659
0.324900892125
0.324882174624
0.324885543575
0.324855994598
0.324932797512
0.324903213895
0.324964913998
0.32496553477
0.325001907601
0.325031339924
0.325041124942
0.325031079151
0.324977151349
0.325008292573
0.325024033056
0.32507680025
0.32510255753
0.325120594534
0.325155115462
0.325212130291
0.325306367741
0.325316049449
0.325349683452
0.325399314417
0.32537547529
0.32541606035
0.325431945925
0.325377365759
0.325407004761
0.325468429115
0.325504161659
0.325562429802
0.325564405759
0.325563429988
0.325627804058
0.325614443952
0.325634661202
0.325672628321
0.325734302642
0.325752143107
0.325858841867
0.325911088585
0.325932981727
0.325937917245
0.326023421882
0.32612701201
0.326161391998
0.326170341532
0.326273371194
0.326237969091
0.326263794706
0.326302072443
0.326331944489
0.326456488315
0.326441359386
0.32645938011
0.326482113474
0.326505284902
0.326556939849
0.326555558845
0.326507160114
0.326555315958
0.326581412135
0.326655335896
0.326727521807
0.326752816395
0.326770028243
0.326755632074
0.32671789598
0.326769306528
0.326779433197
0.326817936699
0.32681228751
0.326932393455
0.326926702066
0.326902477038
0.326907576271
0.326976225947
0.326993605711
0.327047637577
0.327083288508
0.327163434786
0.327138469975
0.32721539293
0.327240505533
0.327284052239
0.327309970365
0.327423145986
0.327402535152
0.327483729784
0.327548799831
0.327568099246
0.32754263326
0.327560340259
0.327589315373
0.327641567183
0.327726373831
0.327750053872
0.32776485492
0.327796310349
0.327806811091
0.327870948067
0.327913155474
0.327934148229
0.328054028753
0.328044670764
0.32805545623
0.328051270493
0.32815599034
0.328165232171
0.32813240961
0.328149539541
0.328137270931
0.328159633509
0.328158879019
0.328250684754
0.32823282252
0.328234545709
0.328320931246
0.328308879479
0.32833364044
0.328361182489
0.328353220144
0.328312777565
0.328336863387
0.328437740876
0.328414361653
0.328404291303
0.328371797779
0.328410847117
0.328441791877
0.32852950123
0.328546466112
0.328579532367
0.328633279692
0.328644202417
0.328689617936
0.328729892181
0.328778543987
0.328785169912
0.328815021772
0.328787938299
0.328835800972
0.32891930127
0.329008499585
0.329010079461
0.329039135848
0.329046494749
0.3290639947
0.329077946215
0.32907635112
0.329056949432
0.329099258017
0.329140985422
0.329166348137
0.329227246985
0.329271108394
0.329309130179
0.329359324061
0.329395924821
0.329406436039
0.329410066995
0.32938660372
0.329420891941
0.329418416581
0.329477451114
0.32953636947
0.32952304099
0.329535650031
0.329553174976
0.329579477927
0.32955659237
0.329573386657
0.329590823104
0.329622735449
0.329658212187
0.329681159746
0.329675048747
0.329683186206
0.329707517583
0.329721267618
0.329832803043
0.32986155441
0.329947300191
0.329963622911
0.329965191639
0.32996002552
0.329985168361
0.330013799876
0.33005712495
0.330035101988
0.330110572902
0.330133910394
0.330158613112
0.33019922615
0.330233478732
0.330320529811
0.330415025079
0.330441441175
0.330473434798
0.330495555367
0.330500642606
0.330524369678
0.330552986798
0.330547242171
0.330570299688
0.330658680811
0.33069902671
0.330699467296
0.330815032556
0.330810654933
0.330874245211
0.330876752594
0.330912971338
0.33095730872
0.330931986501
0.331053866492
0.331032689567
0.331092358186
0.331090756908
0.33106950515
0.331157739289
0.331216659012
0.331243344496
0.331254466281
0.331260175658
0.331313241574
0.331307309451
0.331410293208
0.331429903503
0.331385222769
0.331458705259
0.331467451374
0.33147325335
0.331498791486
0.3314689385
0.331523483318
0.33149293877
0.331475807781
0.331564757664
0.33156983333
0.331654336926
0.331638520812
0.33165340213
0.331645142641
0.331646809052
0.331655773959
0.331638496068
0.331667549991
0.331721870288
0.331766723719
0.331805892065
0.331804615995
0.33186705878
0.331885798439
0.331893157517
0.331955065067
0.331922346659
0.33192770434
0.331896433535
0.331935693739
0.331933905085
0.332021153737
0.332025655557
0.332005144075
0.332014347385
0.331969853907
0.331984171738
0.332003876177
0.332063269866
0.332104365942
0.332103560069
0.332161084941
0.332223430567
0.332266754174
0.332342823967
0.332393708343
0.332447823229
0.332530242301
0.332581598169
0.332551116464
0.332567059813
0.332603797544
0.332635671671
0.33264852082
0.332690459821
0.332749369127
0.332757966524
0.332759044907
0.332846958917
0.332874466057
0.332829120751
0.332840497268
0.332872838229
0.332883808675
0.332975054956
0.332980056042
0.333008951715
0.332996787875
0.332996729873
0.333008374624
0.332979021691
0.332942248104
0.333012666491
0.332975284346
0.333005389965
0.333031452022
0.333068376953
0.333086582772
0.333099329319
0.333114992759
0.333130437883
0.333173861723
0.333188836246
0.333198237393
0.33316790755
0.333206850121
0.333228713631
0.333284919835
0.333352785047
0.333432545187
0.333526826502
0.333525370894
0.333536133653
0.333533855606
0.333528310624
0.333588074019
0.333634660092
0.33362205082
0.333633422928
0.333655403504
0.333724397101
0.333770322681
0.333740476825
0.333759893123
0.333817618065
0.3338183102
0.333833098411
0.333886133724
0.333919021801
0.333879428111
0.333864965501
0.333841245373
0.333830600621
0.33388113651
0.333881064677
0.333897553396
0.333893582177
0.333892016777
0.333853087573
0.333838552052
0.33385349344
0.333833244626
0.333808757564
0.333852835234
0.333910183051
0.333971294854
0.334040010935
0.334034314564
0.33404728406
0.334052645617
0.334032686836
0.334040836762
0.334087321777
0.33406975219
0.334042941966
0.334092821136
0.334122306278
0.334109580138
0.334116257537
0.334185464649
0.334200806131
0.33428652136
0.334274850525
0.334235526046
0.334247874564
0.334312723351
0.334378797745
0.334365072315
0.334365092039
0.334348084969
0.334412805337
0.334493446581
0.334573341788
0.334541763019
0.334610731688
0.334625788462
0.334629701535
0.334718956353
0.334787797979
0.334857982607
0.334842349777
0.334899029314
0.334916980534
0.334963737144
0.334991690521
0.335030040612
0.334995534686
0.33500267746
0.335004767996
0.33505042465
0.33512454813
0.335234667008
0.335261785829
0.335260351723
0.335254823748
0.33526241678
0.335254553319
0.335311826598
0.335294556758
0.335320546675
0.335310736747
0.335336126258
0.335340558857
0.335367727967
0.335380450161
0.335408582162
0.335417939492
0.335413123156
0.335450431873
0.335431394957
0.33546559826
0.335491278091
0.335507439116
0.335512764404
0.335510575386
0.335511706649
0.335549233724
0.335520171091
0.335585681134
0.335598120814
0.335589855156
0.335602864111
0.335580660617
0.335620440854
0.335643033862
0.335682838679
0.335646475772
0.335681282945
0.335689355056
0.335701507742
0.335737038024
0.335790768489
0.335890401498
0.335935154313
0.33602504012
0.33606564163
0.33609252308
0.336144455647
0.336154319328
0.336201952489
0.336296916969
0.336310866556
0.336293767481
0.336270014108
0.336258110993
0.336268712465
0.336299527808
0.336380048431
0.336370498282
0.33640288202
0.336432532374
0.336420721513
0.336470273413
0.336459399568
0.336467765511
0.336559479958
0.336574308462
0.336557611074
0.336662977386
0.33666334081
0.336685945234
0.336787599201
0.336846984813
0.336909289438
0.336921507535
0.336906545592
0.336934070754
0.336940714957
0.33696540362
0.337006302221
0.337065842395
0.337067015268
0.337160765432
0.337181207556
0.337162677755
0.337233460671
0.337263595832
0.337244699015
0.337235918197
0.337230701522
0.337296442709
0.337328406189
0.337357493426
0.337349816046
0.337301797962
0.337324688551
0.337410018653
0.337453942293
0.337478791689
0.337453260547
0.337483005953
0.337491354738
0.337491487139
0.337543123726
0.337549622701
0.337579807762
0.337583779093
0.33754596681
0.337563868525
0.337558717821
0.337602260227
0.337571603341
0.337567576939
0.337610361464
0.337632934938
0.337609743546
0.337602156252
0.337714780512
0.337730112595
0.337747975702
0.337742594461
0.337769590076
0.337805196923
0.337863185884
0.337881054843
0.337913169924
0.337917661106
0.337926287726
0.337889069602
0.337840563648
0.337871709688
0.337913455041
0.337919106679
0.337938658219
0.337961234498
0.338027358131
0.33813271634
0.338134761209
0.338109148294
0.33812595389
0.338116036936
0.338097514823
0.338147936751
0.338153081259
0.338194980843
0.338227292579
0.338220498398
0.338216440031
0.338192676287
0.338237473694
0.33820032445
0.338201059719
0.338199708686
0.338162844395
0.338250384951
0.338257160628
0.338250248099
0.338324560084
0.338402500455
0.338402138685
0.338459686247
0.338446116825
0.338476583614
0.338447361913
0.338443659778
0.338500043923
0.338549632569
0.338580155679
0.338566122092
0.338615458213
0.338587222748
0.338584900432
0.338594900995
