
row1col1
West 0.0
East 0.0
North 0.0
South 6.57786291442e-07

row1col2
West 0.0
East 0.0
North 0.0
South 7.48367179838e-05

row1col3
West 0.0
East 0.0
North 0.0
South 2.36037634431e-06

row1col4
West 0.0
East 0.0
North 0.0
South 0.00010412755646

row1col5
West 0.0
East 0.0
North 0.0
South 0.00557523609558

row1col7
West 0.0
East 0.0
North 0.0
South 0.00040700355298

row1col8
West 0.0
East 0.0
North 0.0
South 0.00113244355692

row1col9
West 0.0
East 2.21201000856e-13
North 0.0
South 0.0156280526125

row1col10
West 0.0
East 0.0
North 2.21201000856e-13
South 0.0102571277892

row1col11
West 0.0
East 0.0
North 0.0
South 0.000504700770454

row1col13
West 0.0
East 0.0
North 0.00214320662532
South 0.203508350469

row1col14
West 0.0
East 0.0
North 0.0
South 0.244676025651

row1col15
West 0.0
East 0.0
North 0.0
South 0.301662703906

row1col16
West 0.0
East 0.0
North 0.0
South 0.172891601158

row1col18
West 0.0
East 0.0
North 0.0
South 0.0433749664262

row1col19
West 0.0
East 0.00134964725987
North 0.0
South 0.0

row1col20
West 0.0
East 0.0
North 0.0
South 0.0257323225962

row1col21
West 0.00095638389327
East 0.0
North 0.0
South 0.0

row1col22
West 0.0
East 0.0
North 0.0
South 3.81954430989e-06

row2col1
West 0.0
East 0.000119362856187
North 0.0
South 0.0

row2col2
West 0.0
East 0.0
North 0.0
South 0.0020180352962

row2col3
West 0.000127176676853
East 0.0
North 0.0
South 0.0

row2col4
West 0.0
East 0.00539863783022
North 0.0
South 0.0

row2col5
West 0.0
East 0.0
North 2.31110821241e-11
South 0.0803142040393

row2col7
West 0.0
East 0.0
North 0.0
South 0.00921140481723

row2col8
West 0.0
East 0.0
North 0.0
South 0.0452768479541

row2col9
West 1.18590535146e-11
East 0.0
North 1.19759939324e-14
South 0.292089350112

row2col10
West 0.0903094879501
East 0.0
North 0.0
South 0.0

row2col11
West 0.00907834280962
East 0.0
North 0.0
South 0.0

row2col13
West 0.136872252485
East 0.95
North 0.00214320662532
South 0.0835033953768

row2col14
West 0.0793446166209
East 1.0
North 0.00583888190829
South 0.0010194865625

row2col15
West 0.0
East 0.0
North 0.0
South 0.0

row2col16
West 0.996632402433
East 0.0217924144903
North 0.0
South 0.0

row2col17
West 0.924003010999
East 0.0157661796954
North 0.00553349182707
South 0.00063259609375

row2col18
West 0.810640804947
East 0.000916652310618
North 2.12646356063e-05
South 0.000743201067182

row2col19
West 0.486073331595
East 8.93020130926e-07
North 0.0
South 5.47163701376e-06

row2col20
West 0.196143336704
East 2.05993212502e-06
North 0.0
South 0.0

row2col21
West 0.0210762851473
East 0.0
North 0.0
South 0.0

row2col22
West 0.0
East 0.0
North 0.0
South 0.000149543988015

row3col1
West 0.0
East 0.000467181029193
North 0.0
South 0.0

row3col2
West 0.0
East 0.0130840505041
North 0.0
South 0.0

row3col3
West 1.3839756318e-17
East 0.0522388569862
North 0.0
South 0.0

row3col4
West 0.0
East 0.155064249415
North 0.0
South 0.0

row3col5
West 0.0
East 0.0
North 1.52089214309e-11
South 0.319250937981

row3col7
West 0.0
East 0.0966249718077
North 0.0
South 0.0

row3col8
West 0.0
East 0.314346163096
North 0.0
South 0.0

row3col9
West 0.0
East 0.0
North 3.03073492881e-06
South 0.549660276137

row3col10
West 0.108437798979
East 0.0
North 0.0
South 0.0

row3col11
West 0.0074377971731
East 0.0
North 0.0
South 0.0

row3col13
West 0.304581790457
East 0.116122550623
North 0.9025
South 0.110267568516

row3col14
West 0.0967365547619
East 0.444284437439
North 0.0
South 0.0

row3col15
West 0.0
East 0.0
North 0.877913451263
South 0.117794955625

row3col16
West 0.218974660951
East 0.0
North 0.0
South 0.0

row3col18
West 0.0
East 0.0
North 0.510220047922
South 8.55019480663e-06

row3col19
West 0.223021734394
East 0.0
North 8.27809746028e-06
South 0.0

row3col20
West 0.0723488650799
East 7.91085218231e-11
North 0.0
South 0.0

row3col21
West 0.0160984516224
East 0.0
North 0.0
South 0.0

row3col22
West 0.00218294722316
East 0.0
North 0.0
South 0.0

row4col5
West 0.0
East 6.35839665592e-19
North 1.54138701199e-09
South 0.443064585013

row4col9
West 1.30778743343e-08
East 0.0
North 2.73300582701e-05
South 0.622103466257

row4col13
West 0.0507257519226
East 0.0
North 0.857375
South 0.180183923031

row5col1
West 0.0
East 0.0
North 0.0
South 1.14077068324e-06

row5col2
West 0.0
East 0.0
North 0.0
South 8.61609912529e-06

row5col3
West 0.0
East 0.0
North 0.0
South 0.000237560747356

row5col5
West 2.42424344787e-09
East 0.525920211404
North 0.0
South 4.2929495351e-06

row5col6
West 0.00059314331945
East 0.568800092165
North 0.000192453761105
South 1.54944350609e-09

row5col7
West 1.04092309969e-06
East 0.598736939229
North 0.00108077671622
South 3.19267584101e-07

row5col8
West 3.14888777122e-05
East 0.630249409724
North 0.000959795897575
South 2.01087333915e-15

row5col9
West 0.00549593461676
East 0.663420431289
North 1.1662141433e-09
South 0.000668135295895

row5col10
West 0.0147410759007
East 0.698337296094
North 0.0156796068524
South 0.00457199233345

row5col11
West 0.0134516655828
East 0.735091890625
North 0.0113671286994
South 0.0

row5col12
West 0.00525750876606
East 0.7737809375
North 0.0412952277102
South 0.000222036065151

row5col13
West 0.0554716796892
East 0.0449914930337
North 0.81450625
South 0.00830571233254

row5col14
West 0.7737809375
East 0.000615534762108
North 0.0383007825265
South 0.0068337512605

row5col15
West 0.735091890624
East 0.0134402162586
North 0.00100274393387
South 0.000306944019987

row5col16
West 0.698337296083
East 0.00874999929322
North 0.00209150843503
South 9.52323058689e-11

row5col17
West 0.663420431165
East 0.000641937327492
North 6.73237865529e-05
South 0.00171504447143

row5col18
West 0.176158229876
East 6.98098824645e-08
North 0.00042204764796
South 9.68904935438e-13

row5col20
West 0.0
East 0.0
North 0.0
South 0.0233554815645

row5col21
West 0.0
East 0.0
North 0.0
South 0.00559551575183

row5col22
West 0.0
East 0.0
North 0.0
South 0.00218176514641

row6col1
West 0.0
East 7.57886575762e-05
North 0.0
South 0.0

row6col2
West 0.0
East 0.0
North 0.0
South 0.00311139928127

row6col3
West 0.0
East 0.0
North 0.0
South 0.00916689294677

row6col5
West 0.0
East 0.275429145046
North 0.0
South 0.0

row6col6
West 0.000301714214787
East 0.0
North 0.540360085017
South 0.00121464262169

row6col7
West 6.19125921255e-08
East 0.0
North 0.0352930012626
South 0.0

row6col8
West 5.63383513802e-05
East 0.045280225134
North 0.0
South 2.67607169056e-06

row6col9
West 2.67607169056e-06
East 0.328624362801
North 0.0
South 0.0

row6col10
West 0.0
East 0.0
North 0.662345259919
South 6.26639003439e-05

row6col11
West 0.0
East 0.0
North 0.0996012416393
South 0.0

row6col12
West 1.83487312271e-09
East 0.0
North 0.213535326975
South 0.0

row6col13
West 2.21633661279e-05
East 0.0
North 0.355864513103
South 0.000553910962207

row6col14
West 6.95195991158e-07
East 0.0
North 0.238463247247
South 0.00323927225246

row6col15
West 0.00024632068127
East 9.23467359583e-08
North 0.262536517591
South 0.000305099320128

row6col16
West 0.0252283262683
East 5.38386316363e-06
North 0.0
South 0.0

row6col17
West 2.55733500272e-07
East 2.25300468592e-10
North 0.630249408479
South 0.000240588528551

row6col18
West 0.566524053395
East 1.74743797572e-14
North 1.93541054162e-13
South 0.0

row6col19
West 0.436826292398
East 3.63610023851e-16
North 0.0
South 0.0

row6col20
West 0.266582831182
East 0.0
North 0.0
South 0.0

row6col21
West 0.107579788075
East 0.0
North 0.0
South 0.0

row6col22
West 0.0282742630978
East 0.0
North 0.0
South 0.0

row7col1
West 0.0
East 0.000755191531507
North 0.0
South 0.0

row7col2
West 0.0
East 0.0225040455189
North 0.0
South 0.0

row7col3
West 0.0
East 0.0
North 0.0
South 0.0901680812004

row7col5
West 0.0
East 8.16018292299e-08
North 0.0438112426673
South 3.80446968405e-05

row7col6
West 3.87608688842e-09
East 3.8848039409e-08
North 0.513342052727
South 4.33199530218e-05

row7col10
West 1.75352479117e-12
East 0.0
North 0.616557812897
South 1.08062409379e-05

row7col17
West 3.15028794023e-08
East 0.0
North 0.598736918559
South 0.00035638391067

row7col18
West 0.097513424328
East 0.0
North 0.0
South 0.0

row7col20
West 0.0
East 5.08825914931e-06
North 0.0
South 0.0

row7col21
West 0.0
East 0.000351028500099
North 0.0
South 0.0

row7col22
West 0.0
East 0.0
North 0.00430807988793
South 0.0

row8col1
West 0.0
East 0.0
North 1.09086087546e-05
South 0.0

row8col2
West 0.0
East 0.0
North 0.000783451736279
South 0.0

row8col3
West 0.0
East 0.200283795369
North 0.0
South 0.0

row8col4
West 0.0
East 0.33409540151
North 0.0
South 0.0

row8col5
West 0.0
East 0.441723566354
North 1.80712309992e-06
South 0.0

row8col6
West 2.51454476143e-14
East 0.000809027676192
North 0.487674747422
South 0.000276402448639

row8col8
West 0.0
East 0.0
North 0.0
South 1.45218354349e-05

row8col9
West 0.0
East 0.135113133652
North 0.0
South 0.0

row8col10
West 0.0
East 2.33470769271e-07
North 0.547083360591
South 1.49238060689e-07

row8col11
West 0.399791329035
East 0.0
North 0.0
South 0.0

row8col12
West 0.198125407956
East 7.25970124756e-14
North 0.0
South 0.0

row8col13
West 0.0711524669085
East 0.0
North 0.0
South 0.0

row8col14
West 0.0103441867065
East 0.0
North 0.0
South 0.0

row8col15
West 0.000870907739252
East 0.0
North 0.0
South 0.0

row8col17
West 1.01812992424e-11
East 6.22114733342e-15
North 0.568799891476
South 2.17053573698e-05

row8col18
West 0.141502591532
East 0.0
North 0.0
South 1.30971522809e-13

row9col5
West 0.0
East 0.0
North 0.113603722758
South 0.0

row9col6
West 0.0
East 0.0
North 0.463288057975
South 7.76940754011e-12

row9col8
West 0.0
East 0.00356309858136
North 0.0
South 0.0

row9col9
West 0.0
East 0.0440916100291
North 0.0
South 0.0

row9col10
West 0.0
East 0.0
North 0.206769429303
South 7.65323388148e-08

row9col11
West 0.0
East 0.0
North 0.0724206406212
South 0.0

row9col12
West 0.00332363783744
East 0.0
North 0.0
South 0.0

row9col13
West 0.0
East 0.0
North 0.00936935245193
South 0.0

row9col14
West 0.000338633562211
East 0.0
North 0.0
South 0.0

row9col15
West 0.0
East 0.0
North 1.72293079868e-07
South 0.0

row9col17
West 0.0
East 2.87463493485e-07
North 0.540358473708
South 3.48301485254e-06

row9col18
West 0.072511588993
East 0.0
North 3.19033196586e-15
South 0.0

row9col20
West 0.0
East 0.0
North 0.0
South 1.04314345724e-06

row9col21
West 2.94661617422e-08
East 0.0
North 0.0
South 0.0

row9col22
West 3.43945272775e-14
East 0.0
North 0.0
South 0.0

row10col1
West 0.0
East 0.0
North 0.0
South 2.10170692612e-05

row10col2
West 0.0
East 0.0
North 0.0
South 5.97170038366e-05

row10col3
West 0.0
East 0.0
North 0.0
South 7.15021587269e-05

row10col5
West 0.0
East 0.0
North 0.0
South 0.0148614830023

row10col6
West 5.79549081914e-17
East 5.70533422805e-11
North 0.440105620407
South 1.44364516815e-11

row10col17
West 1.58164639464e-08
East 4.75423873441e-09
North 0.513333584259
South 1.65998577135e-06

row10col18
West 0.0799133720676
East 1.47952199067e-17
North 0.0
South 0.0

row10col20
West 0.0
East 0.0
North 0.0
South 1.39660885036e-05

row10col21
West 0.0
East 8.5581603653e-08
North 0.0
South 0.0

row10col22
West 0.0
East 0.0
North 0.0
South 9.14115135839e-06

row11col1
West 0.0
East 0.00112697245635
North 0.0
South 0.0

row11col2
West 0.0
East 0.0141927985009
North 0.0
South 0.0

row11col3
West 4.97493554142e-14
East 0.0596318311206
North 0.0
South 0.0

row11col4
West 0.0
East 0.16633126602
North 0.0
South 0.0

row11col5
West 0.0
East 0.311269654023
North 0.0
South 0.0

row11col6
West 1.44633367347e-10
East 2.67217347008e-14
North 0.418028107103
South 6.07457932889e-10

row11col8
West 0.0
East 0.0
North 0.0
South 2.6406009442e-05

row11col9
West 0.0
East 0.0
North 0.0
South 0.00126872519378

row11col10
West 0.0
East 0.0
North 0.0
South 2.2413396841e-07

row11col12
West 0.0
East 2.77045234093e-06
North 0.0
South 0.0

row11col13
West 0.0
East 0.0
North 0.0
South 0.000805833706233

row11col14
West 0.0
East 0.000699667846587
North 0.0
South 0.0

row11col15
West 0.0
East 0.0
North 0.0
South 0.0324331410335

row11col17
West 0.0
East 0.0
North 0.487639357255
South 2.6450816699e-07

row11col18
West 0.0
East 0.0
North 0.00281500969296
South 0.0

row11col20
West 0.0
East 0.0
North 0.0
South 0.000138641577919

row11col21
West 0.0
East 1.02710956558e-08
North 0.0
South 0.0

row11col22
West 0.0
East 0.0
North 0.0
South 0.000144058335351

row12col1
West 0.0
East 2.3214732467e-05
North 0.0
South 0.0

row12col2
West 0.0
East 0.0
North 0.000669333657181
South 0.0

row12col3
West 4.23637638422e-17
East 0.0
North 0.0
South 0.0

row12col5
West 2.73343325428e-21
East 0.0245845510755
North 0.0
South 0.0

row12col6
West 2.73343325428e-21
East 0.0
North 0.396772119723
South 2.94182420561e-19

row12col8
West 0.0
East 0.00082230356134
North 0.0
South 0.0

row12col9
West 0.0
East 0.0
North 0.0
South 0.0136885205443

row12col10
West 0.000272689541955
East 0.0
North 0.0
South 0.0

row12col12
West 0.0
East 0.000261394914601
North 0.0
South 0.0

row12col13
West 0.0
East 0.0108870912227
North 0.0
South 0.0

row12col14
West 0.0
East 0.0628846952834
North 0.0
South 0.0

row12col15
West 0.0
East 0.212862748837
North 0.0
South 0.0

row12col16
West 7.63765927795e-10
East 0.365639060269
North 1.72341869462e-14
South 0.0

row12col17
West 9.15771442743e-09
East 2.47109318777e-14
North 0.463169345317
South 9.97427897195e-12

row12col18
West 1.25274312021e-14
East 1.1603533151e-15
North 0.0
South 0.00964123292492

row12col20
West 0.0
East 0.00154792617793
North 0.0
South 0.0

row12col21
West 0.0
East 0.0
North 0.0
South 0.00972411881241

row12col22
West 0.00134133407673
East 0.0
North 0.0
South 0.0

row13col5
West 1.89883729268e-14
East 0.0
North 3.99755219512e-13
South 0.0308329015044

row13col6
West 0.0
East 0.0
North 0.375748309411
South 0.0

row13col9
West 0.0
East 0.0
North 0.0
South 0.0503096597179

row13col17
West 9.09634509108e-10
East 2.77370998777e-10
North 0.439620161492
South 3.82573960574e-10

row13col18
West 0.0970432180696
East 1.37165447122e-14
North 0.0
South 1.34204761961e-19

row13col21
West 0.0
East 0.0
North 0.0
South 0.0312618805556

row14col1
West 0.0
East 0.0052920486319
North 0.0
South 0.0

row14col2
West 0.0
East 0.0698642604904
North 0.0
South 0.0

row14col3
West 1.74205398725e-17
East 0.134731945552
North 3.56051339199e-16
South 0.0

row14col4
West 0.0
East 0.216103905193
North 0.0
South 0.0

row14col5
West 0.0
East 0.301479259159
North 1.89883729268e-14
South 0.0

row14col6
West 0.0
East 4.33385766403e-14
North 0.353994577029
South 6.82042066341e-14

row14col7
West 0.320181042784
East 7.7596193824e-22
North 0.0
South 0.0

row14col8
West 0.277451801928
East 0.0
North 0.0
South 0.0

row14col9
West 0.135702230419
East 0.0
North 0.0
South 0.0

row14col10
West 0.00287739592802
East 0.0
North 0.0
South 0.0

row14col11
West 0.0
East 9.80142937078e-06
North 0.0
South 0.0

row14col12
West 0.0
East 0.000221283656826
North 0.0
South 0.0

row14col13
West 0.0
East 0.0
North 0.0
South 0.00378696793292

row14col14
West 0.0
East 0.0
North 0.0
South 0.00353534080075

row14col15
West 0.0
East 0.0132441424561
North 0.0
South 0.0

row14col16
West 6.05538959437e-19
East 0.121885190757
North 0.0
South 0.0

row14col17
West 0.0
East 1.45991435149e-16
North 0.416529047993
South 3.18880386046e-10

row14col18
West 0.363084556561
East 0.0
North 1.39634098967e-11
South 0.0

row14col19
West 0.27200892988
East 0.0
North 0.0
South 0.0

row14col20
West 0.173462633585
East 1.65216217912e-17
North 0.0
South 0.0

row14col21
West 0.0865497005599
East 0.0
North 0.0
South 0.0

row14col22
West 0.000431404422182
East 0.0
North 0.0
South 0.0

row15col1
West 0.0
East 0.0
North 0.000275518787135
South 0.0

row15col2
West 0.0
East 0.0
North 0.0280444297244
South 0.0

row15col3
West 0.0
East 0.0
North 0.00727056478449
South 0.0

row15col4
West 8.24485579302e-06
East 0.0
North 0.0
South 0.0

row15col5
West 0.0
East 0.0
North 0.0107221480658
South 0.0

row15col6
West 0.0
East 0.0
North 0.0328591047075
South 0.0

row15col7
West 0.0
East 0.138283273397
North 0.0
South 0.0

row15col8
West 0.0
East 0.0
North 0.209295718131
South 0.0

row15col9
West 0.00697464583286
East 0.0
North 0.0
South 0.0

row15col10
West 0.00019973310674
East 0.0
North 0.0
South 0.0

row15col11
West 0.0
East 0.000380810378014
North 0.0
South 0.0

row15col12
West 0.0
East 0.00568666683931
North 0.0
South 0.0

row15col13
West 0.0
East 0.0453933194141
North 0.0
South 0.0

row15col14
West 0.0
East 0.143517709494
North 0.0
South 0.0

row15col15
West 0.0
East 0.308429393994
North 0.0
South 2.21915648716e-23

row15col16
West 1.68568793576e-15
East 0.353633523359
North 0.0
South 3.36200736257e-15

row15col17
West 8.27389663398e-14
East 0.0
North 0.389149323362
South 3.84541098343e-11

row15col18
West 0.0223962783152
East 0.0
North 0.0
South 0.0

row15col19
West 0.0
East 0.0
North 0.00155835836881
South 0.0

row15col20
West 0.0
East 6.69854415136e-06
North 0.0
South 0.0

row15col21
West 0.0
East 0.0
North 0.00850644475356
South 0.0

row15col22
West 0.000365373868809
East 0.0
North 0.0
South 0.0

row16col2
West 0.0
East 0.0
North 0.00944146558612
South 0.0

row16col7
West 0.0
East 0.0
North 0.0799076242588
South 0.0

row16col15
West 0.0
East 0.0
North 0.242127386429
South 0.0

row17col1
West 0.0
East 1.38945311539e-05
North 0.0
South 0.0

row17col2
West 0.0
East 0.0
North 0.00279730935832
South 0.0

row17col3
West 0.000287209390793
East 0.0
North 0.0
South 0.0

row17col4
West 1.76121573423e-05
East 0.0
North 0.0
South 0.0

row17col6
West 0.0
East 0.00224465483709
North 0.0
South 0.0

row17col7
West 0.0
East 0.0
North 0.0378545481943
South 0.0

row17col8
West 0.0
East 0.0
North 0.0
South 0.000251903693178

row17col9
West 0.0
East 0.0
North 0.0
South 3.67872418694e-05

row17col10
West 0.0
East 0.0
North 0.0
South 3.42584417892e-07

row17col11
West 0.0
East 0.0
North 0.0
South 3.15516798664e-11

row17col13
West 0.0
East 0.0
North 0.0
South 8.01274684467e-09

row17col14
West 0.0
East 0.0130207127679
North 0.0
South 0.0

row17col15
West 0.0
East 0.0
North 0.168882033881
South 0.0

row17col16
West 0.0134240788125
East 0.0
North 0.0
South 0.0

row17col18
West 0.0
East 0.0
North 0.0
South 0.000305842778559

row17col19
West 8.16397301479e-06
East 0.0
North 0.0
South 0.0

row17col20
West 0.0
East 0.0
North 0.0
South 5.43608019147e-09

row17col21
West 0.0
East 0.0
North 0.0
South 5.6206576288e-13

row17col22
West 0.0
East 0.0
North 0.0
South 4.54945886035e-12

row18col1
West 0.0
East 0.0
North 0.0
South 4.81212804644e-08

row18col2
West 0.0
East 0.0
North 0.00051676979302
South 0.0

row18col3
West 0.0
East 0.0
North 7.08843511623e-06
South 0.0

row18col4
West 8.31452357726e-08
East 0.0
North 0.0
South 0.0

row18col6
West 0.0
East 0.000767551829039
North 0.0
South 0.0

row18col7
West 0.0
East 0.0
North 0.0149449667947
South 0.0

row18col8
West 0.0044167418733
East 0.0
North 0.0
South 0.0

row18col9
West 0.00062942007686
East 0.0
North 0.0
South 0.0

row18col10
West 6.50079179575e-05
East 0.0
North 0.0
South 0.0

row18col11
West 1.928554202e-07
East 0.0
North 0.0
South 0.0

row18col13
West 0.0
East 0.0
North 0.0
South 6.16716031049e-07

row18col14
West 0.0
East 0.0
North 0.0
South 1.8534906313e-05

row18col15
West 0.0
East 0.0
North 0.0959664566084
South 0.0

row18col16
West 0.0438788207066
East 0.0
North 3.42966888173e-25
South 0.0

row18col17
West 0.0138505395723
East 0.0
North 0.0
South 0.0

row18col18
West 0.00416649553439
East 0.0
North 0.0
South 0.0

row18col19
West 0.000129742775136
East 0.0
North 0.0
South 0.0

row18col20
West 0.0
East 0.0
North 0.0
South 7.35032533167e-07

row18col21
West 0.0
East 0.0
North 0.0
South 7.28092601506e-08

row18col22
West 9.05303869729e-10
East 0.0
North 0.0
South 0.0

row19col1
West 0.0
East 1.75504848076e-06
North 0.0
South 0.0

row19col2
West 0.0
East 0.0
North 4.22629835742e-05
South 0.0

row19col3
West 1.85713664111e-08
East 0.0
North 0.0
South 0.0

row19col4
West 0.0
East 0.0
North 0.0
South 0.0

row19col6
West 0.0
East 2.29053325124e-07
North 0.0
South 0.0

row19col7
West 0.0
East 2.35440852279e-05
North 0.0
South 0.0

row19col8
West 0.0
East 0.0
North 0.000524274698852
South 0.0

row19col9
West 0.0
East 0.0
North 6.74024718793e-07
South 0.0

row19col10
West 0.0
East 0.0
North 3.30646371028e-06
South 0.0

row19col11
West 9.18759709489e-08
East 0.0
North 0.0
South 0.0

row19col13
West 0.0
East 4.81631623326e-05
North 0.0
South 0.0

row19col14
West 0.0
East 0.000927759995571
North 0.0
South 0.0

row19col15
West 0.0
East 0.0
North 0.0128522833663
South 0.0

row19col16
West 0.0
East 0.0
North 0.00187138120315
South 0.0

row19col18
West 0.0
East 0.0
North 0.000776991060586
South 0.0

row19col19
West 0.000128721065965
East 0.0
North 0.0
South 0.0

row19col20
West 1.82397910973e-05
East 0.0
North 0.0
South 0.0

row19col21
West 1.62679852276e-06
East 0.0
North 0.0
South 0.0

row19col22
West 1.13417252256e-10
East 0.0
North 0.0
South 0.0
