
row1col1
West 0.0
East 6.23169098481e-07
North 0.0
South 0.0

row1col2
West 0.0
East 0.0
North 0.0
South 5.51714671007e-05

row1col3
West 0.0
East 0.000571209213661
North 0.0
South 0.0

row1col4
West 0.0
East 0.0
North 0.0
South 0.00653661538043

row1col5
West 0.0
East 0.0
North 0.0
South 0.0164252008744

row1col7
West 0.0
East 0.0
North 0.0
South 0.00311143728805

row1col8
West 0.0
East 0.0
North 0.0
South 0.0136680479865

row1col9
West 0.000463241785783
East 0.0
North 0.0
South 0.0608798406007

row1col10
West 0.00404132361715
East 2.0573853044e-22
North 0.0
South 0.0

row1col11
West 0.0
East 0.0
North 0.0
South 0.00063213654336

row1col13
West 6.93362208564e-07
East 0.213278974056
North 0.00924358464836
South 7.47818460723e-06

row1col14
West 0.00203557483135
East 0.0331771341853
North 0.0564717964729
South 0.615308122614

row1col15
West 0.0213257868515
East 0.049377334965
North 0.0256292343371
South 0.590493374076

row1col16
West 0.0829173627979
East 0.132922947327
North 0.0560091443424
South 0.850339969552

row1col18
West 0.0
East 0.0
North 0.0
South 0.0

row1col19
West 0.48665791672
East 0.28911766876
North 0.258774388349
South 0.902049172317

row1col20
West 0.782551388613
East 0.670485051063
North 0.777306112892
South 0.857375

row1col21
West 0.797436959025
East 0.0202151139665
North 0.0738924017288
South 0.080475973255

row1col22
West 0.194013722315
East 0.0036067821608
North 0.00794890746461
South 0.0044786655966

row2col1
West 0.0
East 0.0
North 0.0
South 7.99129892986e-06

row2col2
West 0.0
East 0.00089471164357
North 0.0
South 0.0

row2col3
West 1.81495228609e-05
East 0.00703394496848
North 0.0
South 0.0

row2col4
West 1.83669587809e-05
East 0.0539345780795
North 6.66677296056e-05
South 0.0

row2col5
West 2.67883801065e-05
East 0.0116485589984
North 7.21228869692e-05
South 0.150062347712

row2col7
West 0.0
East 0.0391264139881
North 0.0
South 0.0

row2col8
West 0.0
East 0.156045612141
North 0.0
South 9.09345386137e-07

row2col9
West 0.0107644685019
East 0.00222012936274
North 0.00272947829089
South 0.32735678675

row2col10
West 0.0532477947445
East 0.0
North 0.0
South 9.84464801861e-19

row2col11
West 0.0
East 3.58299064932e-20
North 9.8754494611e-22
South 0.00941207548514

row2col13
West 0.0443739211772
East 0.76085926856
North 0.0280813853264
South 0.210876195981

row2col14
West 0.191535468816
East 0.814488454822
North 0.174600599188
South 0.418716181671

row2col15
West 0.473746559449
East 0.857374996597
North 0.212473032034
South 0.554533213762

row2col16
West 0.806435807123
East 0.9025
North 0.774569703898
South 0.812853385926

row2col17
West 0.853028830263
East 0.95
North 0.892153786209
South 0.896009514668

row2col18
West 0.901660855053
East 0.9025
North 1.0
South 0.895386255214

row2col19
West 0.95
East 0.857375
North 0.839648834505
South 0.817923403011

row2col20
West 0.9025
East 0.766872017171
North 0.81450625
South 0.770198670231

row2col21
West 0.848185767751
East 0.0319498582248
North 0.106652820296
South 0.0265539455777

row2col22
West 0.213971757703
East 0.000151272567703
North 0.00890328296764
South 2.66146399061e-05

row3col1
West 0.0
East 0.000447183990551
North 0.0
South 0.0

row3col2
West 0.0
East 0.00605799821538
North 0.0
South 0.0

row3col3
West 0.0
East 0.0373719211179
North 0.0
South 0.0

row3col4
West 0.000437388636006
East 0.125073319772
North 0.0
South 0.0

row3col5
West 0.00690979022814
East 0.0218778000806
North 0.0118363804133
South 0.274941718365

row3col7
West 0.0
East 0.0
North 0.00220760122018
South 0.0

row3col8
West 0.0
East 0.0621454412783
North 1.87278110343e-08
South 9.09345386137e-07

row3col9
West 0.000392368273903
East 0.0407280192418
North 0.0132751999672
South 0.471168542047

row3col10
West 0.281633564807
East 0.000838349382539
North 9.11860522724e-20
South 0.0160486188775

row3col11
West 0.0800189678134
East 2.60108214107e-19
North 1.25608787005e-20
South 0.0

row3col13
West 0.695212997122
East 0.735091890625
North 0.68314412559
South 0.658785759888

row3col14
West 0.696225278737
East 0.7737809375
North 0.763064692478
South 0.728556218798

row3col15
West 0.726100890365
East 0.81450625
North 0.801922518804
South 0.759031615794

row3col16
West 0.768939435599
East 0.796063370851
North 0.857375
South 0.809251451102

row3col18
West 0.0915109210322
East 0.221426662202
North 0.949275584028
South 0.285788172149

row3col19
West 0.255754937094
East 0.189946123803
North 0.895956937017
South 0.327653517946

row3col20
West 0.17981015038
East 0.0394296856522
North 0.853850528036
South 0.0879235607213

row3col21
West 0.419669762642
East 0.00136446739725
North 0.00985673381576
South 0.0138499000228

row3col22
West 0.0306150472165
East 0.0
North 0.000151272567703
South 7.40063288878e-06

row4col5
West 0.0291357857598
East 0.0236841545849
North 0.0179875934308
South 0.359420842122

row4col9
West 0.0849568014751
East 0.135233895364
North 0.081445783672
South 0.512843698876

row4col13
West 0.657664196488
East 0.654842742758
North 0.698337296094
South 0.624423608132

row5col1
West 0.0
East 8.91295184848e-07
North 0.0
South 0.0

row5col2
West 0.0
East 0.0
North 0.0
South 0.000127463239959

row5col3
West 0.0
East 0.0
North 0.0
South 3.10998299582e-05

row5col5
West 0.0297295081924
East 0.420908051881
North 0.0453028275584
South 0.078103002603

row5col6
West 0.0940603399771
East 0.460769834385
North 0.0762969366898
South 0.153423714833

row5col7
West 0.113327080864
East 0.487615122746
North 0.19833650639
South 0.115867719149

row5col8
West 0.383186322471
East 0.513342083279
North 0.437082617073
South 0.419283810337

row5col9
West 0.425355562451
East 0.540360087663
North 0.430351091006
South 0.352422682291

row5col10
West 0.473552391452
East 0.568800092276
North 0.502505449161
South 0.461810674832

row5col11
West 0.527332781489
East 0.598736939238
North 0.536399820398
South 0.353766970634

row5col12
West 0.552871581643
East 0.630249409725
North 0.564003870887
South 0.520961720172

row5col13
West 0.595604032732
East 0.591606247559
North 0.663420431289
South 0.597415853325

row5col14
West 0.630244156232
East 0.309266827076
North 0.272830573704
South 0.317870636124

row5col15
West 0.596875125963
East 0.236575906337
North 0.106168478199
South 0.174217222812

row5col16
West 0.545724087249
East 0.0363897457982
North 0.114789159674
South 0.154490483491

row5col17
West 0.381721589102
East 0.00204318246127
North 0.0031171487988
South 0.24233286986

row5col18
West 0.0606781363021
East 6.43547577004e-08
North 0.000881042260673
South 5.53305032451e-08

row5col20
West 0.0
East 0.0
North 0.0
South 0.024720821948

row5col21
West 0.000392817772715
East 0.0
North 0.0
South 0.0

row5col22
West 0.0
East 0.0
North 0.0
South 0.000267917186424

row6col1
West 0.0
East 0.000221129040937
North 0.0
South 6.08147039294e-26

row6col2
West 0.0
East 0.0
North 1.30822385401e-08
South 0.00372598832649

row6col3
West 0.0
East 0.0
North 0.0
South 0.0062147028108

row6col5
West 0.0990580154898
East 0.395282326973
North 0.0349264529572
South 0.0528887932826

row6col6
West 0.304114112809
East 0.440126665236
North 0.300007259089
South 0.320606788997

row6col7
West 0.302643910134
East 0.463291229809
North 0.30943648551
South 0.36483336007

row6col8
West 0.38473885006
East 0.319296237365
North 0.487674979084
South 0.342314488263

row6col9
West 0.138017044774
East 0.497079442974
North 0.150249688546
South 0.117766495372

row6col10
West 0.10613102685
East 0.072077886795
North 0.540334376536
South 0.0885950414337

row6col11
West 0.0236923450905
East 0.519920231725
North 0.261572541715
South 0.0437318147451

row6col12
West 0.105664495415
East 0.598481953005
North 0.2790254902
South 0.119104455101

row6col13
West 0.503928896545
East 0.485538342444
North 0.630249409725
South 0.544720870925

row6col14
West 0.59873693923
East 0.386185001734
North 0.474237445989
South 0.437299139656

row6col15
West 0.568800092093
East 0.390030394711
North 0.441013572767
South 0.431757290325

row6col16
West 0.540360085757
East 0.381356085283
North 0.322027653994
South 0.338431782953

row6col17
West 0.513342071651
East 0.275244930413
North 0.185201345557
South 0.350544885741

row6col18
West 0.474205199601
East 0.0431583720383
North 0.00088148682278
South 0.0715494130515

row6col19
West 0.373228860934
East 0.00691574376533
North 0.0197730504476
South 0.014887687616

row6col20
West 0.217581850283
East 5.97634121512e-06
North 0.0
South 0.0

row6col21
West 0.0498540061797
East 0.0
North 0.0
South 0.0

row6col22
West 0.00679605031959
East 0.0
North 4.35835879201e-06
South 0.0

row7col1
West 2.2561494974e-25
East 0.000907881759779
North 0.0
South 2.88869843664e-27

row7col2
West 4.05339181674e-11
East 0.0212806828804
North 1.11888191997e-11
South 1.37213175741e-28

row7col3
West 0.00107885324191
East 0.00252380930215
North 1.46667543815e-07
South 0.0726989603413

row7col5
West 0.14014966878
East 0.396266251659
North 0.0261821343201
South 0.10592859443

row7col6
West 0.241957817295
East 0.348644237319
North 0.418120315901
South 0.318981242012

row7col10
West 0.0452204752684
East 0.0422076876164
North 0.497698157806
South 0.0206785625625

row7col17
West 0.363894836408
East 0.250711815915
North 0.487674916329
South 0.222096507506

row7col18
West 0.445357872309
East 0.0363526157815
North 0.0444674632064
South 0.00698010676164

row7col20
West 0.0
East 0.0
North 0.0337639289417
South 0.0

row7col21
West 0.000920704442536
East 0.0
North 0.0
South 0.0

row7col22
West 0.0
East 0.0
North 0.000613023534511
South 0.0

row8col1
West 2.88869843664e-27
East 0.00169484486346
North 1.18588672662e-25
South 0.0

row8col2
West 2.88869843664e-27
East 0.0367105624947
North 0.0
South 0.0

row8col3
West 0.000985943715709
East 0.18105493156
North 0.000234204375657
South 0.00785604021907

row8col4
West 4.93457391131e-08
East 0.295350314041
North 0.0330641929079
South 0.00021613413151

row8col5
West 0.0538122430911
East 0.112545136961
North 0.368085905265
South 0.0487347174417

row8col6
West 0.152722915053
East 0.24790644614
North 0.397214024482
South 0.271163655453

row8col8
West 1.2568901312e-07
East 0.00385405715408
North 5.6731272991e-08
South 9.02560863636e-09

row8col9
West 4.1539920084e-07
East 0.0949898677991
North 8.22908470882e-06
South 1.32837761776e-07

row8col10
West 0.00485360366295
East 4.04305774753e-06
North 0.409901958022
South 0.00346113793091

row8col11
West 0.227830792605
East 0.000455045419851
North 0.0150143672308
South 3.97835896894e-07

row8col12
West 0.0941507501313
East 9.82876070839e-13
North 0.000897624423012
South 2.30952010205e-08

row8col13
West 0.0277597329033
East 0.000217868283551
North 8.85951800763e-06
South 2.16544474435e-07

row8col14
West 0.00498149533488
East 0.0
North 2.0977795874e-09
South 0.0

row8col15
West 0.00026850873813
East 0.0
North 0.0
South 0.0

row8col17
West 0.280369999919
East 0.127062689398
North 0.463290638245
South 0.227427247738

row8col18
West 0.012927016847
East 0.000883157721949
North 0.292739362321
South 0.0247379839558

row9col5
West 0.00984333786169
East 0.0744705017491
North 0.250790578238
South 0.000415370849475

row9col6
West 0.10357380012
East 0.277829968575
North 0.377351629527
South 0.213170721568

row9col8
West 1.04453947971e-08
East 0.000551088010065
North 2.31049430336e-07
South 1.05301333343e-08

row9col9
West 1.05301394582e-08
East 0.0134520665624
North 2.42818179596e-06
South 9.69152743603e-10

row9col10
West 8.38017073994e-08
East 1.13559889087e-06
North 0.147525481862
South 3.19310189399e-06

row9col11
West 0.0204453945023
East 4.05623761517e-08
North 8.03740670768e-06
South 7.07803592889e-07

row9col12
West 0.000172924505844
East 0.0
North 3.46262472311e-10
South 3.15314055698e-08

row9col13
West 1.61699515742e-08
East 0.0
North 0.000755186661272
South 7.69602136718e-10

row9col14
West 0.0
East 0.0
North 0.000117068942464
South 0.0

row9col15
West 0.0
East 0.0
North 1.1189928277e-05
South 0.0

row9col17
West 0.293736872289
East 0.0969256335273
North 0.440124043279
South 0.25600755335

row9col18
West 0.292986160612
East 0.0262150377338
North 0.0175074000445
South 0.0318769380843

row9col20
West 0.0
East 5.47894841291e-07
North 0.0
South 0.0

row9col21
West 1.51881348849e-16
East 0.0
North 0.0
South 4.64107098838e-05

row9col22
West 9.65771270668e-08
East 0.0
North 0.0
South 0.0

row10col1
West 4.37628890583e-13
East 6.9257335495e-12
North 4.37648559105e-13
South 7.28744835392e-05

row10col2
West 5.41986789699e-13
East 6.05959984669e-11
North 6.9257335495e-12
South 0.00323251826234

row10col3
West 8.78109968531e-13
East 1.43344682391e-13
North 1.31581287045e-11
South 0.00329130898713

row10col5
West 0.0247226632011
East 0.247139662404
North 0.0094667077305
South 0.0343840503149

row10col6
West 0.106822498774
East 0.198328955798
North 0.358476020793
South 0.193409114296

row10col17
West 0.195127673453
East 0.254417806458
North 0.418110392633
South 0.227459658412

row10col18
West 0.387130857546
East 0.0193918168454
North 0.0421113915135
South 0.0159613285552

row10col20
West 0.0
East 0.0
North 0.0
South 2.2336801693e-05

row10col21
West 0.0
East 9.92210951521e-13
North 0.0
South 0.000896654481322

row10col22
West 0.0
East 0.0
North 0.0
South 2.91838955887e-07

row11col1
West 2.24221366572e-14
East 0.00717988120083
North 1.51379403121e-12
South 1.26778021493e-13

row11col2
West 1.06388412679e-09
East 0.0512642535333
North 1.68326856099e-05
South 4.33955100184e-06

row11col3
West 0.00469881232901
East 0.124640976846
North 3.8063334634e-05
South 0.000702591076108

row11col4
West 0.00567240503137
East 0.225208490751
North 0.0109354336108
South 0.000396394190223

row11col5
West 0.00436164456371
East 0.315766823299
North 0.0258624721451
South 0.00736216285082

row11col6
West 0.133094319045
East 0.187428292544
North 0.340526249809
South 0.159986052438

row11col8
West 9.68757474171e-26
East 1.6905164268e-26
North 3.77403397172e-26
South 5.33623693523e-06

row11col9
West 1.50550388612e-25
East 0.0
North 4.72885840861e-27
South 0.000254896352455

row11col10
West 1.77453214325e-06
East 0.0
North 0.0
South 1.13653628653e-25

row11col12
West 0.0
East 0.0
North 0.0
South 1.73413919561e-06

row11col13
West 0.0
East 6.05208527692e-05
North 0.0
South 0.0

row11col14
West 0.0
East 0.00215463718538
North 0.0
South 0.0

row11col15
West 0.0
East 0.0
North 0.0
South 0.0436100978284

row11col17
West 0.230450103104
East 0.1224854427
North 0.397162371099
South 0.163369982896

row11col18
West 0.036754086924
East 0.00529568519481
North 0.296436980731
South 0.0055872752886

row11col20
West 0.0
East 0.00033872520215
North 0.0
South 0.0

row11col21
West 1.52969074981e-23
East 0.0
North 8.41777778763e-09
South 0.00679400114

row11col22
West 0.000343911805083
East 9.73515550706e-16
North 0.0
South 0.0

row12col1
West 0.0
East 7.6425543561e-13
North 2.11840229076e-06
South 3.09412345113e-13

row12col2
West 7.04455655811e-13
East 6.98600370954e-13
North 0.00470193278774
South 7.64255424692e-13

row12col3
West 0.000160554304589
East 1.08332268646e-12
North 0.0106328138509
South 1.32116711489e-12

row12col5
West 0.00939526752138
East 0.0165253064437
North 0.192187593848
South 0.000573139063525

row12col6
West 0.040669783908
East 0.0865225704965
North 0.323291924225
South 0.132851573557

row12col8
West 3.76181214104e-25
East 0.000162150790962
North 1.18590792745e-25
South 1.13653628653e-25

row12col9
West 8.2184465924e-11
East 2.23422514521e-25
North 3.23269899975e-27
South 0.0038171649196

row12col10
West 0.000122961353236
East 2.21624575873e-25
North 5.398547361e-27
South 1.51504968607e-25

row12col12
West 0.0
East 0.00013671970105
North 0.0
South 0.0

row12col13
West 0.0
East 0.00328772870044
North 0.0
South 0.0

row12col14
West 0.0
East 0.0324214364247
North 0.0
South 0.00124612280019

row12col15
West 0.0
East 0.171447311563
North 0.000616417315558
South 0.000320988820675

row12col16
West 0.00165715139662
East 0.319332747993
North 4.49209264831e-05
South 0.025781110902

row12col17
West 0.136044995832
East 0.0306830813803
North 0.377198839987
South 0.159058651034

row12col18
West 1.22196509166e-07
East 0.000306823866714
North 0.118991517217
South 0.00124159059579

row12col20
West 0.0
East 0.00209089426728
North 0.0
South 0.0

row12col21
West 8.44781679328e-13
East 3.11479950005e-12
North 2.91776779656e-07
South 0.023509192488

row12col22
West 0.000669804689292
East 0.0
North 0.0
South 0.0

row13col5
West 0.000719394312021
East 0.0277806345
North 0.056201651525
South 0.0256037369212

row13col6
West 0.0107472181449
East 0.0819035089733
North 0.306473341994
South 0.0951737191212

row13col9
West 2.31548332956e-23
East 5.7556607775e-14
North 3.08801606688e-05
South 0.0201657625557

row13col17
West 0.205610187739
East 0.0570835660385
North 0.357956598364
South 0.158123523386

row13col18
West 0.203956596548
East 8.52733096163e-05
North 0.00231147751864
South 0.00344992492235

row13col21
West 0.000452779038139
East 5.128365527e-06
North 0.000420487398713
South 0.0562425737824

row14col1
West 0.0
East 0.00202755994471
North 0.0
South 0.0

row14col2
West 6.89823918588e-05
East 0.0409237790791
North 0.0
South 0.0

row14col3
West 0.00278271844626
East 0.139158125878
North 0.0107428837552
South 0.000745678488553

row14col4
West 0.0152833262851
East 0.20329476022
North 0.00662060057665
South 0.000261840304033

row14col5
West 0.0118428413524
East 0.260261445176
North 0.00656196420396
South 0.000432761933411

row14col6
West 0.110240471475
East 0.0982743813222
North 0.289479848588
South 0.0449543958652

row14col7
West 0.265943745969
East 0.0180255555329
North 0.0424141331938
South 0.0175120673114

row14col8
West 0.156442143229
East 0.00330410161049
North 0.0144297100209
South 0.00237257315769

row14col9
West 0.0732748167585
East 9.42871821168e-11
North 0.0
South 2.30260783437e-30

row14col10
West 0.00296681199855
East 0.0
North 0.0
South 0.0

row14col11
West 0.0
East 0.000149823321427
North 0.0
South 0.0

row14col12
West 0.0
East 0.00371344664345
North 0.0
South 0.0

row14col13
West 0.0
East 0.040205163528
North 0.0
South 0.0

row14col14
West 4.45675518992e-05
East 0.167222715823
North 0.0171471993285
South 0.00168007976956

row14col15
West 0.0231391773582
East 0.285982105608
North 0.0451638206928
South 0.0385229786613

row14col16
West 0.0539700177026
East 0.31544333713
North 0.0895288176273
South 0.00985965744771

row14col17
West 0.0753829145723
East 0.0891914508869
North 0.339178334355
South 0.0604586443521

row14col18
West 0.302717222014
East 0.0480652751642
North 0.0151648594932
South 0.00153581091981

row14col19
West 0.247753826973
East 0.0131443189678
North 0.0380759711888
South 0.00477111361559

row14col20
West 0.179475338776
East 0.0027082334152
North 0.0143230297836
South 0.000913979002126

row14col21
West 0.114173712423
East 7.14580767024e-08
North 0.00172711381152
South 6.35188891479e-05

row14col22
West 0.00586545350379
East 6.01296845842e-08
North 0.0
South 0.0

row15col1
West 0.0
East 0.0
North 5.82319860962e-05
South 0.0

row15col2
West 2.21317857641e-11
East 0.0295993410262
North 0.00149534288263
South 0.000668095248574

row15col3
West 4.890783982e-05
East 0.000571191000069
North 0.0701667154273
South 0.00300459690782

row15col4
West 0.0
East 0.0
North 0.0189046673436
South 0.0

row15col5
West 0.0
East 0.00139110617682
North 0.0221917866976
South 6.16334639402e-25

row15col6
West 5.2195563589e-05
East 0.0
North 0.156077095333
South 0.00362860591492

row15col7
West 0.00656677671734
East 0.000417223634592
North 0.219402948605
South 0.00534562908052

row15col8
West 0.0722470691539
East 0.0
North 0.0
South 8.44112776189e-05

row15col9
West 0.011260686107
East 0.0
North 0.0
South 0.0

row15col10
West 0.000404976108076
East 0.0
North 0.0
South 0.0

row15col11
West 1.86534203968e-05
East 0.0
North 0.0
South 0.0

row15col12
West 0.0
East 0.000136557520004
North 0.0
South 0.0

row15col13
West 0.0
East 0.00239050777721
North 0.0
South 0.0

row15col14
West 0.0
East 1.05370958167e-12
North 0.0444769076327
South 0.000119717280222

row15col15
West 0.00444151177936
East 2.24739309084e-06
North 0.236508000663
South 0.0128816670577

row15col16
West 0.0
East 0.0639091611273
North 5.18089094412e-05
South 0.00144201572682

row15col17
West 0.0
East 0.00217322389765
North 0.241631002345
South 9.30965306463e-06

row15col18
West 0.0553413751151
East 6.07097226839e-12
North 0.00187176271791
South 0.0

row15col19
West 9.05384446256e-08
East 2.5760624152e-18
North 0.0453537716155
South 0.000863756423153

row15col20
West 3.85315465072e-06
East 4.18708325143e-07
North 0.0194671388919
South 0.0

row15col21
West 0.0
East 0.0
North 0.0193968563859
South 0.0

row15col22
West 0.00210445525286
East 0.0
North 0.0
South 0.0

row16col2
West 6.95160124634e-06
East 0.000352317491999
North 0.0119270028477
South 1.88048925357e-23

row16col7
West 0.00344494301238
East 0.000528821940411
North 0.136121477436
South 0.00425827237121

row16col15
West 0.0504786486153
East 0.0196087790438
North 0.175631370147
South 0.00613463232212

row17col1
West 0.0
East 0.000163868235763
North 0.0
South 0.0

row17col2
West 8.37220769131e-08
East 8.10096455518e-09
North 0.00338052922382
South 7.78650287276e-06

row17col3
West 0.000377944237324
East 3.62952160573e-08
North 4.98626792202e-06
South 0.0

row17col4
West 7.64109811733e-07
East 0.0
North 0.0
South 5.85238207827e-09

row17col6
West 1.96788987557e-19
East 0.00757016036766
North 6.33593871503e-20
South 2.1088415555e-20

row17col7
West 0.000179612398925
East 0.000291302547424
North 0.0711777977786
South 6.359234897e-05

row17col8
West 0.0224828341141
East 4.65665959469e-05
North 0.00136075321514
South 3.46545539221e-05

row17col9
West 0.00255310697902
East 1.16506105682e-07
North 0.0
South 9.51756855753e-07

row17col10
West 0.000230706734699
East 0.0
North 0.0
South 2.85783488657e-07

row17col11
West 6.20354247649e-06
East 0.0
North 0.0
South 0.0

row17col13
West 0.0
East 0.000476325900984
North 0.0
South 0.0

row17col14
West 0.0
East 0.0128760585064
North 1.93515544826e-06
South 0.0

row17col15
West 0.000422393878164
East 0.00170443306826
North 0.116685860587
South 0.0059999186576

row17col16
West 0.0199445335275
East 0.0
North 8.7889408948e-16
South 3.02262301903e-15

row17col18
West 0.0
East 0.0
North 1.76876186681e-28
South 0.000418319815687

row17col19
West 1.37908678323e-05
East 0.0
North 0.0
South 0.0

row17col20
West 0.0
East 0.0
North 0.0
South 9.45343793359e-07

row17col21
West 3.5385269471e-08
East 0.0
North 0.0
South 0.0

row17col22
West 0.0
East 0.0
North 0.0
South 1.17293919094e-08

row18col1
West 0.0
East 3.1108116531e-06
North 0.0
South 0.0

row18col2
West 0.0
East 7.03440537701e-11
North 0.000344713396728
South 1.14045648935e-10

row18col3
West 0.0
East 3.11600725726e-09
North 2.88384356228e-05
South 7.10403509606e-09

row18col4
West 1.71642938397e-06
East 0.0
North 0.0
South 3.12018327846e-12

row18col6
West 8.46801535675e-20
East 0.000130021059689
North 2.22116667263e-20
South 0.0

row18col7
West 2.02000330287e-08
East 2.38627085775e-07
North 0.0114639147142
South 4.01401200069e-08

row18col8
West 2.75335760714e-18
East 2.27560863203e-21
North 0.00392809252412
South 1.42787529227e-07

row18col9
West 0.000323102399114
East 0.0
North 8.00025690088e-24
South 0.0

row18col10
West 0.0
East 0.0
North 1.62068850813e-05
South 8.88154155911e-14

row18col11
West 0.0
East 0.0
North 2.19917507488e-07
South 0.0

row18col13
West 0.0
East 0.000462148181314
North 0.0
South 0.0

row18col14
West 1.92094412171e-06
East 0.00727275728583
North 5.38369379855e-12
South 0.0

row18col15
West 8.35466615436e-05
East 0.000123533078461
North 0.0685258773802
South 0.00087546840734

row18col16
West 0.032372708296
East 0.000459776864185
North 1.28719647104e-05
South 2.2406380729e-05

row18col17
West 0.0134639530746
East 2.43729013214e-09
North 0.000225367380198
South 0.00034952555102

row18col18
West 0.0048952583616
East 2.57282914375e-18
North 3.26329919268e-11
South 1.38206591049e-11

row18col19
West 0.00118436294762
East 0.0
North 0.0
South 8.40161886734e-30

row18col20
West 0.000208520900592
East 0.0
North 5.04464790454e-12
South 0.0

row18col21
West 2.58130745265e-05
East 0.0
North 3.04464128743e-12
South 0.0

row18col22
West 1.48119166771e-06
East 0.0
North 0.0
South 0.0

row19col1
West 0.0
East 3.3944859378e-07
North 0.0
South 0.0

row19col2
West 0.0
East 0.0
North 2.196548127e-05
South 0.0

row19col3
West 7.25577415937e-07
East 0.0
North 2.94691229973e-07
South 0.0

row19col4
West 0.0
East 3.12018327846e-12
North 4.61474157065e-08
South 0.0

row19col6
West 0.0
East 5.65716896962e-07
North 0.0
South 0.0

row19col7
West 0.0
East 0.0
North 0.000551719789471
South 0.0

row19col8
West 0.0
East 0.0
North 0.000381450135631
South 0.0

row19col9
West 1.97327719321e-05
East 0.0
North 0.0
South 0.0

row19col10
West 0.0
East 0.0
North 2.99769823852e-08
South 0.0

row19col11
West 0.0
East 0.0
North 3.12455180715e-09
South 0.0

row19col13
West 0.0
East 0.0
North 1.70803663917e-05
South 0.0

row19col14
West 0.0
East 0.0
North 0.000208200123678
South 0.0

row19col15
West 0.0
East 0.0
North 0.0110567591746
South 1.41608763861e-12

row19col16
West 0.0
East 0.0
North 0.00104885710312
South 0.0

row19col18
West 1.3820646102e-11
East 5.09669794792e-21
North 1.05561371382e-06
South 0.0

row19col19
West 0.0
East 0.0
North 2.63212878673e-05
South 0.0

row19col20
West 0.0
East 0.0
North 2.55820989189e-09
South 0.0

row19col21
West 0.0
East 0.0
North 9.37980750302e-09
South 0.0

row19col22
West 0.0
East 0.0
North 2.94268256737e-08
South 0.0
