0.0668282519095
0.0717347545928
0.0712334881811
0.0699563946075
0.0719296120123
0.0710451312335
0.0710402876355
0.0713671975088
0.0722684395037
0.0726716741693
0.0732756189234
0.07497890451
0.0749963944169
0.0752482063975
0.0758770015749
0.0755482868483
0.0764628329455
0.076045602819
0.0763641194464
0.0765865488008
0.0771416416661
0.077500312189
0.0781349998365
0.0788567650352
0.079305368261
0.0794553942992
0.0796697392473
0.0803328899918
0.0809944446715
0.08100554301
0.0813248266624
0.0816419792412
0.0818552418126
0.0824999584536
0.0827567635495
0.083157163709
0.0837458294944
0.0838812517314
0.0843278753877
0.0846722051451
0.0845527691575
0.0850543879545
0.0853162432213
0.0857424168887
0.0862990383566
0.0867305907988
0.0870755266782
0.0873307823887
0.0878893648631
0.0880891513204
0.0885438893694
0.0890354273033
0.0894851264327
0.0898123665661
0.0903107399141
0.0906550977648
0.0909928495157
0.0914829598917
0.0918835369787
0.092326620212
0.0929632115812
0.0933353563726
0.0936724762137
0.0941554552167
0.0946171633407
0.095217021115
0.0955662814134
0.0960413761322
0.096693474365
0.0969430498629
0.0975121672237
0.0979821213365
0.0985779792317
0.0991391103319
0.0995757042648
0.0999362014762
0.100447952235
0.10101911127
0.101428155667
0.101943013194
0.102384969505
0.1028267504
0.103423377869
0.103699362654
0.104307010642
0.104797516076
0.105255884274
0.105829203149
0.106358274913
0.106887037176
0.107439283489
0.108010106983
0.108502200191
0.10889724113
0.109214708599
0.109684004472
0.110055776887
0.110553403189
0.111152216321
0.111660108599
0.112200659864
0.112612685994
0.113008633875
0.113573328862
0.114135610999
0.114496002928
0.114930470899
0.115446855375
0.115880915542
0.116372622706
0.116898423981
0.117530076982
0.117939393278
0.118434238555
0.118840912302
0.119260747109
0.119673485135
0.120162916008
0.120679236034
0.121257322
0.121728375467
0.122341619233
0.122887271261
0.123243648319
0.123664208663
0.124161894276
0.124684453154
0.125134069296
0.125492877896
0.125825084272
0.126328829896
0.126854098058
0.127349410818
0.127803450892
0.128136997599
0.1286261701
0.129097960502
0.12951556107
0.130061933674
0.130506524942
0.131028264007
0.131526000912
0.132105622578
0.132600376454
0.133088371119
0.133495442045
0.133973420056
0.134369760428
0.134790832795
0.135300173379
0.135736049305
0.136151066968
0.136589510278
0.137016210625
0.13744544482
0.137903756965
0.138277387103
0.138788575279
0.139187142446
0.139666812991
0.140081449532
0.140517176776
0.140949885954
0.141292723082
0.14172614625
0.142193851896
0.142506333984
0.142901147307
0.143291656271
0.14366591825
0.144128120557
0.144559676601
0.144968812033
0.145407273376
0.145759095672
0.146200356605
0.146599695582
0.146983080049
0.147345149255
0.147736898198
0.148096340107
0.148522297042
0.148899935372
0.149271767273
0.149679506629
0.150032483529
0.150456472508
0.150804121814
0.151131119789
0.151448769939
0.151813850717
0.15217402195
0.152500169252
0.15287233879
0.153286885491
0.153600013872
0.153992953449
0.154335161798
0.154717855221
0.155046500666
0.155410773354
0.155783413786
0.156170894242
0.156472616864
0.156767428543
0.157149158872
0.157500797858
0.157856191601
0.15813810654
0.158569181652
0.158910576544
0.159216695268
0.159535134695
0.159897908908
0.160280146022
0.160638656853
0.160939965227
0.161312102642
0.16165664077
0.161990249588
0.162302511483
0.162636070104
0.162934989327
0.16325833376
0.163606442569
0.16388730704
0.164244945075
0.164537860832
0.164827165876
0.165180697096
0.165504156509
0.165854810018
0.166149226884
0.166472680321
0.166810604928
0.16707951941
0.167385239318
0.167667185508
0.167952351221
0.168222837059
0.168524438877
0.168846893485
0.169084624692
0.169388354816
0.169730231034
0.170046088379
0.170327429873
0.170628634594
0.170911240834
0.171207315619
0.171479374591
0.171722920127
0.172028478122
0.172297456405
0.172595761718
0.172873655272
0.173178299545
0.173449515093
0.173769504226
0.174073756788
0.174322973128
0.17463836405
0.174896930958
0.175163682341
0.175417819861
0.175679322418
0.175951538824
0.176197127378
0.176441934311
0.176681484477
0.176963372994
0.177195066353
0.177486132147
0.177726081765
0.177992869854
0.178207156282
0.17844773496
0.178691915991
0.178903677845
0.179130835383
0.179380346674
0.17960523629
0.179853580885
0.180095959268
0.180334263893
0.180607812493
0.180844506105
0.181070265634
0.181326643362
0.181593927299
0.181847897851
0.182090830377
0.182375258697
0.182613341434
0.18286596324
0.183156691902
0.183363036966
0.183609172912
0.18384477845
0.184065166272
0.184289087597
0.184514102908
0.184747643415
0.184960615569
0.185208677949
0.185392100847
0.185655356913
0.185854521968
0.186028307663
0.186259996186
0.186492741307
0.186712229847
0.186948385672
0.187173287449
0.187372981551
0.187577694185
0.187806560651
0.187999606024
0.188241006896
0.188459973983
0.188659293332
0.188906465009
0.189109631191
0.189296465677
0.189475958239
0.189681183599
0.18988415597
0.190064512066
0.190259827797
0.1904437754
0.190636016831
0.190811113708
0.190984647266
0.191192374274
0.19140116926
0.191564261849
0.191735792718
0.191920623551
0.192121416068
0.192298687927
0.192453130377
0.192618101463
0.192806255376
0.193005893399
0.193184547591
0.193389048112
0.193575455837
0.193768510747
0.193906908163
0.194099108184
0.194273776929
0.194468637874
0.194647058462
0.194840676625
0.19501585152
0.195191096968
0.195368048804
0.195520788259
0.19572427855
0.195894417032
0.196042833413
0.196203048684
0.196367132181
0.196501325897
0.196651996843
0.196812874734
0.196974439733
0.19713510665
0.197331311249
0.197500100676
0.197654311622
0.19782165471
0.197981040887
0.198159597102
0.198303427066
0.198452948613
0.198592061496
0.198733271299
0.198890483738
0.199029552466
0.199176579835
0.19932373413
0.199474271724
0.199644686417
0.199790209292
0.199941997093
0.200090829621
0.200241384908
0.200382962743
0.200527630267
0.20067219466
0.200837067056
0.200996314935
0.201132567148
0.201270147462
0.201406415102
0.201535114509
0.201682916181
0.201827064949
0.201987419896
0.202119590649
0.202246176473
0.202387294154
0.202516278161
0.202662560648
0.202801212698
0.202945108417
0.203057429616
0.203195366664
0.2033467647
0.203430813122
0.203579860564
0.203688982164
0.203815812231
0.203942292248
0.204072633299
0.204201878581
0.204328624647
0.204486901063
0.204611645662
0.204745124165
0.204905013075
0.205005686631
0.205158802691
0.205280907427
0.205395110216
0.205539168022
0.205650759539
0.205792672684
0.205904034952
0.206041462106
0.206168001287
0.206277640418
0.206407024401
0.206547052619
0.20667461594
0.206801907714
0.206916913645
0.207047862574
0.207175755943
0.207295982424
0.207412207058
0.207535460559
0.207641596869
0.207757541069
0.207869896076
0.207992478345
0.208097171854
0.208209968134
0.208317751167
0.20842763508
0.208572131844
0.208667104996
0.208782036974
0.208880378084
0.208999002567
0.209106320321
0.209202185297
0.209302764432
0.209416289833
0.209538513543
0.209650722358
0.209765368127
0.209885121085
0.209993695831
0.210124091489
0.210213394827
0.21033351876
0.210423986535
0.210525930654
0.21063532983
0.210731906599
0.210837108409
0.210937322193
0.21103332071
0.211131547103
0.211224544158
0.211322677357
0.211438255987
0.211528485323
0.21162736654
0.211715936797
0.211827200131
0.211926320925
0.212037330891
0.212141715873
0.212250795139
0.212356846492
0.212457040722
0.212586912841
0.212685884323
0.212795631768
0.212905392374
0.213014847589
0.213127943042
0.213241810805
0.213329841626
0.213409761269
0.213505721896
0.213618051943
0.213724480448
0.213824467306
0.213916525929
0.214001121911
0.214088684311
0.214175539119
0.214279089433
0.214371710341
0.214457771476
0.214557683557
0.214637449789
0.214733528523
0.214840074875
0.214898320162
0.214989965668
0.215069108575
0.215141493972
0.215236271323
0.21531952364
0.215404129314
0.215497828847
0.215570511337
0.215693423535
0.215780654725
0.215877409685
0.215980791597
0.216068095476
0.216150892198
0.21623416137
0.216312934657
0.216391334972
0.216456303337
0.216545985071
0.216621496902
0.216693501171
0.216779873303
0.216837149531
0.216906921719
0.216995049688
0.217084588446
0.217174347051
0.217253892602
0.217319834798
0.217403510111
0.217490508383
0.21755502464
0.217644132085
0.217721719437
0.217806781305
0.217879885015
0.217967177274
0.218049361123
0.218119852765
0.218204101741
0.218283190721
0.218348303433
0.218423613684
0.218506896135
0.218578213395
0.218666678973
0.218742821541
0.21879472107
0.218903162368
0.218963111639
0.21904296486
0.219109902074
0.219180526161
0.219235633962
0.219287097127
0.219351722985
0.219427927058
0.219493435308
0.219570021811
0.219636374849
0.219707218848
0.219764956093
0.219863234204
0.219950125681
0.220035420194
0.220104834513
0.220170994072
0.22024048702
0.220324406239
0.22040004775
0.220466563347
0.220526761311
0.220611077905
0.220683753759
0.220755831872
0.220810198447
0.220906741279
0.22098704651
0.221063743028
0.221125646543
0.221195091151
0.221256079796
0.221335913871
0.221408617787
0.221456828756
0.221513378269
0.221594392238
0.22166868675
0.221743578003
0.221805784979
0.22188609933
0.221965934322
0.222040589167
0.222080127487
0.222148473799
0.222204090173
0.222272389254
0.222355818094
0.222437872509
0.222504139032
0.222571227839
0.22263105414
0.222691934006
0.22276283936
0.222836538101
0.222905154006
0.22295075339
0.223018537369
0.223088960336
0.223173862767
0.223229674599
0.223290501568
0.223345036048
0.223398855212
0.223466860318
0.223527095235
0.223598906676
0.223656607055
0.223725390214
0.223794984747
0.223852586429
0.22391661475
0.224011793118
0.224060167211
0.224095498831
0.224162303559
0.224224518082
0.224281968666
0.224339777609
0.224380792438
0.22444028724
0.224476860706
0.224560428109
0.224625173097
0.224675155031
0.224737523617
0.224782611577
0.224856790676
0.224926022604
0.224980373676
0.225029683993
0.225101686009
0.22516267281
0.225219687341
0.225263568081
0.225320916485
0.225387419897
0.225456969119
0.225513232501
0.225567102804
0.22561313014
0.225668966954
0.225719119256
0.225759684086
0.22582345372
0.225886421932
0.225942266122
0.225977963626
0.226024649305
0.226095498268
0.226165887401
0.226225119411
0.226259614852
0.226308813566
0.226356162161
0.226410287171
0.22645948177
0.22650562576
0.226552218389
0.226598009577
0.226649803697
0.226712705141
0.226762100964
0.226813188549
0.226853789502
0.226900669048
0.226949044773
0.22700579037
0.22705729961
0.227103406488
0.227143260295
0.227187275561
0.22723705537
0.227282814197
0.227332343489
0.227382703747
0.227436457675
0.22749299814
0.227543642477
0.227596564973
0.227653363233
0.227713357372
0.227768664459
0.227819261871
0.227865625644
0.227904791304
0.227954832855
0.228002135512
0.22806626099
0.2280967878
0.228137907697
0.228189381684
0.22823571127
0.22827836583
0.228312437294
0.228365415856
0.228413728342
0.22847090359
0.228517577119
0.228560170445
0.228602860633
0.228645724184
0.228691870934
0.228746099824
0.22878433948
0.228838827425
0.228884686227
0.228935295926
0.228983601515
0.229026178313
0.229067752181
0.229121328355
0.229164979346
0.229202802671
0.229232674925
0.229285440106
0.229330893118
0.22937357724
0.229426709203
0.229467142194
0.229499781366
0.2295533061
0.229587478743
0.229623896539
0.2296619487
0.229707674422
0.229751787667
0.229794625425
0.229842988758
0.229889551265
0.229943392124
0.229990852694
0.23003676604
0.230086528013
0.230126154863
0.230168199991
0.230224995556
0.230269869699
0.230322318828
0.230358615486
0.230397555056
0.23043013173
0.230463193969
0.230511914866
0.230547851669
0.230589215592
0.230636457348
0.230673892536
0.230709126782
0.230760674893
0.230802316471
0.23085037471
0.230891328463
0.230935494953
0.230968799912
0.231004848217
0.231049463405
0.23108630214
0.231126822962
0.231171273362
0.231213784659
0.231258197822
0.231287535505
0.231317882785
0.231353511266
0.231401398008
0.231436903844
0.231472294837
0.231503226571
0.231541400629
0.23157184934
0.231608240039
0.231639469672
0.231692592177
0.23172164479
0.23175322153
0.231786104033
0.231825054392
0.231854749291
0.231895908198
0.231938250925
0.231971364082
0.231998899466
0.232038660747
0.232070773295
0.232101179666
0.232135089598
0.232168939147
0.2321902959
0.232225225376
0.232259271882
0.232292969474
0.232328472475
0.232361436422
0.232392524869
0.232436998135
0.232480825768
0.232516619674
0.232559387629
0.232593000569
0.232623729014
0.232660625636
0.232696339657
0.232730444462
0.232769079962
0.232797885201
0.232830671441
0.232860174025
0.232886713705
0.232926915708
0.232958364036
0.233007567751
0.233048555505
0.233073286398
0.233106309321
0.233144474863
0.233184169229
0.23321947173
0.233260501935
0.233300143968
0.233334643727
0.233368623311
0.233409583366
0.233440636291
0.233475413457
0.233513772198
0.233535794701
0.233566415861
0.233603338707
0.23363836929
0.233678737695
0.233716201394
0.23374652651
0.233769854122
0.233792006714
0.233833243947
0.23387235617
0.233887790903
0.233933744841
0.233977450493
0.234007080113
0.234036646323
0.234084079382
0.234117211012
0.234150492194
0.234166730844
0.234197695427
0.234233508505
0.234268397288
0.234295896268
0.234331231127
0.234353666574
0.234379487796
0.234415934165
0.234432768101
0.234461839467
0.234501801605
0.234523737057
0.234542650231
0.234571851596
0.234603958886
0.234645764405
0.234673358282
0.234710784874
0.234737712589
0.234764088561
0.234800245634
0.234841071995
0.234873259152
0.234900701647
0.234936155515
0.234971253889
0.234993085059
0.23502000141
0.235054721554
0.235078217623
0.235109211108
0.235139906192
0.235167371259
0.235187861914
0.235215887514
0.23524115805
0.235273641422
0.235304666254
0.235331497234
0.2353572592
0.235395310788
0.235440026651
0.235459129893
0.235495122529
0.235523551918
0.235569012832
0.235598977825
0.235617193289
0.235643095814
0.235672622218
0.23569321395
0.235714876508
0.235736042196
0.235760997924
0.235797915063
0.235833581079
0.23585987759
0.23588895713
0.235912623707
0.235939658864
0.235965357625
0.235992824081
0.236023457333
0.236057113948
0.236087595222
0.236116662898
0.236146693434
0.236172172281
0.236199508761
0.23621843086
0.236242239877
0.236272614846
0.236298130734
0.236340341954
0.236364107494
0.23639268151
0.236409872349
0.236424764418
0.236454973767
0.236481104783
0.236510497429
0.236545636479
0.236572490488
0.236606092454
0.236631593783
0.236659362163
0.236691144571
0.23672000835
0.236747413846
0.236769298437
0.23678394652
0.236823826816
0.236853244105
0.23688123725
0.236907849008
0.236947035426
0.236983107685
0.237015016758
0.237047761999
0.237074592361
0.237101774517
0.237133413555
0.237156819925
0.237172760693
0.237187436687
0.237215316711
0.237250186063
0.237281164479
0.237315775767
0.237336947348
0.237368504741
0.237395658376
0.237424043047
0.237455738973
0.237487947214
0.237516799323
0.237552198467
0.237577993782
0.237613942762
0.237637367458
0.237663235208
0.23768645208
0.23769668933
0.237724125766
0.237746430673
0.237779614748
0.23779659279
0.237826544489
0.237851127686
0.237874080107
0.237888704138
0.237905152157
0.237927089116
0.237943494022
0.237963411731
0.237985514053
0.238013786165
0.238038627186
0.238076026006
0.238106971479
0.238130408819
0.238154933626
0.238195645902
0.238220849572
0.23824994935
0.238270671792
0.23830247236
0.2383343399
0.238364005566
0.238380167205
0.238406574966
0.238422305401
0.238440278788
0.238470325622
0.238495644685
0.238522706355
0.238551470363
0.238574648128
0.238598446798
0.238611629111
0.238627916191
0.238655736046
0.238689107782
0.238703750544
0.23872926942
0.238758412117
0.238779857796
0.238798723186
0.23883218046
0.238850543858
0.238874312814
0.238891990695
0.238915783111
0.238947102778
0.238972931878
0.23899807013
0.239017031991
0.239032418926
0.239045801453
0.239061130407
0.239078685994
0.239101672604
0.239128940021
0.23914272116
0.239166840907
0.239191049332
0.239213708202
0.239237998621
0.239253971041
0.239272810512
0.239301107034
0.239325153473
0.239351225012
0.239373452743
0.239397893557
0.239430145861
0.239452771317
0.239470426522
0.239498916923
0.239530212446
0.239543818888
0.239573773204
0.239596942608
0.239614467378
0.239628314714
0.239637244379
0.239656107191
0.239679841045
0.239698518111
0.239714137045
0.239739626824
0.239760535515
0.239786663127
0.239814610426
0.239833389905
0.239851023984
0.239871938554
0.239897525604
0.239916550311
0.239938569471
0.239963087208
0.23999237026
0.240004638669
0.240030774446
0.240047122675
0.240064356443
0.240089978208
0.24010085261
0.240118148386
0.240146440032
0.240168257951
0.240194806125
0.240214884605
0.240241009896
0.240256782596
0.240283498878
0.240311995144
0.240323225071
0.240335817542
0.240360399703
0.240376570308
0.240400105007
0.240419847273
0.240435171784
0.240447265034
0.240468465245
0.240493950756
0.240515408262
0.240522887403
0.240535207404
0.240563759971
0.240572915569
0.240588359002
0.24060800912
0.240625555829
0.240645830757
0.240671840634
0.240683086886
0.24069552775
0.24071003156
0.240732571073
0.240748088971
0.240766161649
0.240780947775
0.24079560754
0.240814903621
0.24083048698
0.240847118584
0.240867575344
0.240891934504
0.240914960906
0.240938807929
0.240957102315
0.240975535642
0.240987226852
0.241006163764
0.24102784123
0.241049762727
0.241073904017
0.241099469092
0.241119447275
0.241138446109
0.241157393809
0.241176296431
0.241201886754
0.241225422014
0.24124533577
0.241267405212
0.241281350108
0.241295640591
0.241296957271
0.241312480222
0.241326248417
0.241343881101
0.241363547316
0.241384847966
0.241403759633
0.241412984036
0.241432884843
0.241448530983
0.241470479103
0.241492501949
0.241508386106
0.24152258831
0.241548079121
0.2415662766
0.241587365201
0.241616776466
0.241628432873
0.241647685663
0.241664323702
0.241682071711
0.241698692061
0.2417128483
0.241736004771
0.241748178829
0.241770256985
0.241779715054
0.241795174355
0.241812919596
0.241823926244
0.241838820951
0.241856264004
0.241875172212
0.24189419505
0.2419094559
0.241931951581
0.241953884318
0.241969061286
0.241981757859
0.242005938239
0.242020439396
0.24203584103
0.242058295523
0.242072373724
0.24209228317
0.242111486345
0.242130670066
0.242145351529
0.24215922951
0.242169860809
0.242183916194
0.242197648684
0.242214523217
0.242229514565
0.242239777771
0.242256276129
0.24227398107
0.242295748702
0.242308668761
0.242320601087
0.242337277735
0.242347037607
0.242365403589
0.242380115299
0.242391936687
0.242400675623
0.242414662973
0.242423491306
0.242430466004
0.242449256182
0.242462017183
0.242478338287
0.242498741355
0.242517924323
0.242542543046
0.242555675595
0.242565150677
0.242581653616
0.242595142525
0.242612783446
0.242621300927
0.242640942151
0.24265813747
0.242669395773
0.242686856569
0.242707847147
0.2427285172
0.242745119134
0.242770713797
0.242782162675
0.242794810291
0.242821571339
0.242827619894
0.242846852369
0.242864818109
0.242887943312
0.242906583454
0.242924703256
0.242938965231
0.242934249698
0.242953185725
0.242977726568
0.242993029026
0.243012108627
0.243019806816
0.243036977491
0.243059979758
0.243071344372
0.243082742027
0.24309738976
0.243117777006
0.243137417891
0.243154761544
0.243162549965
0.243184062214
0.243188211163
0.243202904981
0.243217890592
0.243236078285
0.243246545089
0.243265822228
0.243275272532
0.243294306911
0.243310156466
0.243323393392
0.243344045326
0.243361902283
0.243377444469
0.243395873671
0.24340318625
0.243419023989
0.24343292359
0.243435933486
0.243454052291
0.243469749449
0.243486414264
0.243507494187
0.243524700439
0.243546527867
0.243559073453
0.24356556899
0.243585676003
0.243597915362
0.243607723991
0.243621537351
0.243636056449
0.243651170944
0.243663958595
0.243681453492
0.243685973394
0.243701316788
0.243717190953
0.243725128979
0.243741654164
0.243761938169
0.243776965029
0.243791738408
0.243799135786
0.243817709504
0.243830955518
0.243841974257
0.243850607887
0.243863144561
0.24387907017
0.243903257547
0.243919636248
0.243936623056
0.243956314531
0.243971118447
0.243982418589
0.243988737997
0.244007290928
0.244022562191
0.244037537573
0.24404369613
0.244059599405
0.244069040077
0.244080635186
0.244098333518
0.244115249685
0.244133279656
0.244149229311
0.244165258992
0.244178301228
0.244188233877
0.244201343283
0.244209207447
0.244218039148
0.24423078822
0.244245910953
0.244260115627
0.244267681019
0.244284282379
0.244290923215
0.244308761993
0.244315323814
0.244326292191
0.244346119431
0.244358031807
0.244366253178
0.244373588774
0.244389148585
0.244406698285
0.244424050236
0.244444574046
0.244451183522
0.244466723694
0.244474133372
0.244494543111
0.244509851382
0.244519432785
0.244540951738
0.244558257489
0.244568793858
0.244586091964
0.244592642156
0.244602521415
0.244609783357
0.244622949839
0.244633536606
0.244647096245
0.244659652871
0.244671199273
0.244678940982
0.244692683155
0.244708900936
0.244718924163
0.244734147803
0.244746111956
0.244753626925
0.244766826972
0.244782849046
0.244796789165
0.244806969983
0.244812411252
0.244834480575
0.244844825789
0.244855821876
0.244873474925
0.244889472644
0.244900490495
0.244914772898
0.244928935617
0.244931197238
0.244947987898
0.244964334946
0.244975618572
0.244984903882
0.244997139779
0.245015331963
0.245031016962
0.245045369302
0.245056734536
0.245074803444
0.245090542252
0.245108480056
0.245125167979
0.245134121261
0.245151812802
0.245160284487
0.245165312456
0.245177307913
0.245191470363
0.245204737319
0.245214320216
0.245230680795
0.245245878116
0.245254117588
0.245268744329
0.245279626934
0.245286449787
0.245304200804
0.245315824312
0.2453234385
0.24533642139
0.245345730172
0.245348731295
0.245368525755
0.245378499456
0.245390484914
0.245395412878
0.245406623633
0.245425344661
0.245435074327
0.245441268899
0.24544512173
0.245446637452
0.245459232373
0.245474884087
0.245485733274
0.245499039165
0.245507731824
0.245516293253
0.245530045309
0.24553821245
0.245549772073
0.245559030192
0.24557250859
0.245590880466
0.245607969925
0.245624065157
0.245635480671
0.245652298542
0.245667370712
0.245678528368
0.245689430713
0.245698060375
0.245705328914
0.245717529812
0.245727187999
0.245736720913
0.245750708864
0.245759246632
0.245763879358
0.245779971189
0.245793957948
0.245813373482
0.245826206181
0.245839224983
0.245848079095
0.245856225614
0.245865454686
0.245870250562
0.245881622824
0.245883644947
0.245890619805
0.245899253753
0.245913215168
0.245927372336
0.245940785432
0.245955515162
0.245968314902
0.245979781804
0.245982511994
0.245991501641
0.245997150335
0.246008200103
0.246020782566
0.246043987348
0.246056337055
0.246066298875
0.246076159247
0.246090382608
0.24610478295
0.246125940399
0.246131321599
0.246148197404
0.246161075224
0.246170786181
0.246180279615
0.246185595947
0.246195045393
0.246198731494
0.24621211265
0.246219830064
0.246231801429
0.246242958075
0.24624965289
0.246257194369
0.246267090763
0.246273906797
0.246283751719
0.246301482043
0.246311497501
0.246323870736
0.246335174748
0.246346413842
0.246358278185
0.246363328511
0.246379853447
0.246390927021
0.246403664491
0.24642186428
0.246431638515
0.246435597309
0.246451289194
0.246458342464
0.24646787538
0.246484422226
0.246495498082
0.246503044311
0.246517106548
0.246527592849
0.246534399259
0.246537019421
0.246548569017
0.246559296551
0.246574020626
0.246581903288
0.246591099702
0.246602759299
0.246615136746
0.246617541843
0.246623033764
0.246634221842
0.24664391017
0.246657164752
0.246670393866
0.246680351241
0.24668907104
0.246705837969
0.246720123281
0.246726756683
0.246738608708
0.246745307539
0.246754472828
0.24677221473
0.24677892016
0.24679011241
0.246794099315
0.24680649947
0.246814367427
0.246822045122
0.246830562858
0.246833971188
0.246841875783
0.246847484668
0.246861569493
0.246875452118
0.246883528951
0.246892770427
0.24689921699
0.246913279046
0.246926224297
0.246936746328
0.246945438418
0.246955083412
0.246959861749
0.24697114571
0.246980111838
0.24698648374
0.247000048423
0.247009800598
0.247021057524
0.247034674278
0.24704590901
0.247054614785
0.247058876516
0.247064034042
0.247072176514
0.247080431592
0.247094462477
0.247107786845
0.247116695437
0.247128258751
0.247132624587
0.247142048692
0.247144626948
0.247148694542
0.247157654507
0.247164449637
0.247179528829
0.247191961683
0.24719356257
0.247204269441
0.247211258722
0.247221903803
0.247232871081
0.247247248628
0.247257927258
0.247262133346
0.24727116844
0.247284283713
0.247291094765
0.247296545016
0.24730943464
0.24732311106
0.247325867947
0.247331277851
0.247350358047
0.247356961107
0.247368334128
0.247368512954
0.247380640054
0.247385245958
0.247400965935
0.247409773942
0.24741514271
0.24741923998
0.24742550508
0.24743193234
0.247436823779
0.247454452376
0.247467559963
0.247472232599
0.247486169392
0.24749304932
0.247512709049
0.247516660691
0.247526711217
0.247538489681
0.247546731082
0.247551457553
0.247564054393
0.247575269948
0.247585354186
0.247594262002
0.247606483679
0.247619053374
0.247623271764
0.247632647609
0.247643112658
0.247648575227
0.247654675209
0.247657340477
0.247670002438
0.247676462913
0.24768660122
0.247698886924
0.247705439269
0.247716037178
0.247724989905
0.247735808941
0.247748408097
0.247754333158
0.247769882637
0.247787954836
0.247790399718
0.247802262144
0.24780725769
0.247820004602
0.247826699424
0.247826958495
0.247834855545
0.247844935269
0.247858517126
0.247870831444
0.247880258772
0.247895186533
0.247905413169
0.247909209564
0.247920506636
0.24793108295
0.247938927709
0.24795278949
0.247954749898
0.247959620068
0.247968273155
0.247977206458
0.247986811731
0.248004122495
0.248010218452
0.248015671944
0.248024822884
0.24803261492
0.248041292359
0.248051805854
0.248057740057
0.248062380157
0.248069937068
0.248080410436
0.248084629431
0.24809010183
0.248095064671
0.248106052511
0.248116393508
0.248121418815
0.248126299863
0.248130194413
0.248138671264
0.248146616928
0.248149616982
0.248157458359
0.248161775504
0.24817675393
0.248177401413
0.248185107571
0.248197535236
0.248211066936
0.248224706111
0.248236685649
0.248240976252
0.248244205659
0.248251312141
0.248254640259
0.248261992572
0.248264110148
0.248271859718
0.248276667785
0.248285417231
0.248283664725
0.248289061453
0.248299563012
0.24831025873
0.248315204748
0.248325374994
0.248339614956
0.248348687551
0.248347371925
0.248346230144
0.248352517356
0.24836044497
0.248376619919
0.248384213129
0.248396555762
0.248408772873
0.248416283221
0.248422133125
0.248426717807
0.248437671248
0.248452751068
0.248462786268
0.248472918222
0.248472605997
0.248476791167
0.248482910334
0.24848640939
0.248498363039
0.248504610613
0.248513846404
0.24852303752
0.248536576552
0.248536173941
0.248542682692
0.248551568237
0.248554282627
0.248555210687
0.248562681473
0.248572388953
0.248581874469
0.248588932907
0.248595262416
0.24860251133
0.248611709127
0.248625162835
0.248633897545
0.24863730424
0.248633488184
0.248639530065
0.248647314086
0.248661640113
0.248667873465
0.248674305648
0.248682926966
0.248690410345
0.24869913542
0.248703552825
0.248716205431
0.248727860125
0.248735513883
0.248746939355
0.248753740115
0.248760762754
0.248763740646
0.248763235636
0.248770421266
0.248773843296
0.248791369367
0.248797706673
0.248806259715
0.248809537896
0.248814176671
0.248820534712
0.24882764949
0.248837871731
0.24884501817
0.248854438626
0.248861067737
0.248868158942
0.248880855367
0.248884040477
0.248891078824
0.248902432229
0.248905235269
0.248909233405
0.248918361087
0.248927963539
0.248932737014
0.248934943747
0.248942795013
0.248954078705
0.248961007724
0.248965644929
0.248972353154
0.248970950965
0.248977452034
0.248984993165
0.248994514175
0.249006176221
0.249013390002
0.249015042664
0.24902707922
0.249036511331
0.249049176111
0.249056023901
0.249066868778
0.249076360805
0.249084910351
0.249084148385
0.249090983498
0.249102721527
0.249116475515
0.249127544446
0.249133081974
0.249141343477
0.249149012888
0.249157741618
0.249161853224
0.249166558711
0.249174180737
0.249177693702
0.249183253167
0.249188976476
0.249197465146
0.249203622223
0.249214198133
0.249222678173
0.249228998647
0.249234148751
0.249242560608
0.249253280388
0.249260132873
0.249267709783
0.249272338633
0.249277407027
0.249285500855
0.249293003548
0.249299247395
0.249305345434
0.249310274428
0.249316493828
0.249325687112
0.249335894134
0.249347433133
0.249353587921
0.249355444158
0.249365559068
0.249370274469
0.24937442947
0.249389268051
0.249396004927
0.249396754692
0.249403025995
0.249411785063
0.249410229523
0.24941176473
0.249415435749
0.249420554421
0.249428547477
0.2494362067
0.249444339337
0.249450424699
0.249458602458
0.249468418151
0.249478113327
0.249486831822
0.249495730863
0.249503307788
0.249513548476
0.249519276771
0.24952996078
0.249529662187
0.249537428826
0.249548098067
0.249557580517
0.249565822015
0.24957037478
0.249574238699
0.249581409379
0.249587591926
0.249591448023
0.249598539639
0.249606085593
0.249614475848
0.249623478962
0.249626414085
0.249631730382
0.24964195656
0.249645652294
0.249653142503
0.2496603322
0.249667935747
0.249679436352
0.249681625328
0.249685078381
0.249687550054
0.249690089499
0.249695236503
0.249700581324
0.249709038933
0.249706402383
0.249707334566
0.249712506525
0.249722932021
0.249730119465
0.249734376703
0.249736074378
0.249744471914
0.249751459894
0.24975405694
0.24976082957
0.249764937176
0.249772199284
0.249781758788
0.249789874748
0.249795874897
0.24980311683
0.249806617869
0.24981717608
0.249820908465
0.249823346453
0.24982891033
0.249834082297
0.249842986259
0.24985043827
0.249860967428
0.249866079369
0.249873961351
0.24987554881
0.249878613431
0.249887410382
0.249888430999
0.24990258036
0.249910504464
0.249912921972
0.249921014235
0.249922289052
0.249925863179
0.249930466507
0.249932913347
0.249936787427
0.249946617287
0.249953049876
0.249958447045
0.249964773783
0.249977470307
0.249986425656
0.249992773241
0.24999807838
0.250003889443
0.250011163114
0.250016545152
0.250024235998
0.250032363555
0.250037440482
0.250046651189
0.250047775342
0.250055055406
0.250054788842
