0.0451538189826
0.0526462687622
0.0527611520021
0.0516644826622
0.0514179465968
0.049544451849
0.0478320623098
0.0469818966899
0.0465558708304
0.0471583864568
0.047633635786
0.0491990838271
0.0489934866548
0.0487704979869
0.0484223148071
0.0492156085058
0.0494575873805
0.0501839941879
0.0501788276751
0.0500768687336
0.0503866377452
0.0502666154063
0.0504068275525
0.0505923035894
0.0510027594549
0.0512961452496
0.05122957104
0.0514719247003
0.0514420423864
0.0515450670627
0.0517788389775
0.0518643437457
0.051937071607
0.0519853782808
0.0521952181574
0.0525877419357
0.0529097416788
0.0533373739261
0.0536228932155
0.0539828925563
0.0542362604887
0.0542095078496
0.0546668089265
0.0550309174602
0.055141150989
0.055041118351
0.0551740981936
0.0554340967582
0.0557005132881
0.056054848664
0.0560500793255
0.05623472906
0.0564359109683
0.0564826945631
0.056625812378
0.0568336028017
0.0570315584079
0.0572569061173
0.0574049365365
0.0575531029839
0.057743726644
0.0579880922629
0.0583603354919
0.0586013617183
0.0590158085161
0.0592188324669
0.0593196453021
0.0596011011785
0.0597991935409
0.0600217089989
0.0604096781292
0.0605850932057
0.0607293987637
0.0609273094977
0.061127736604
0.06128980733
0.0615537522057
0.0617768119298
0.062097363331
0.0623092805776
0.0625780207945
0.0629172832562
0.0631803124044
0.0635154479899
0.0638154482036
0.0640450478402
0.0642519569785
0.0644741478363
0.0647221034
0.0648462741322
0.0651112000549
0.0655420774973
0.0658515217202
0.0660321568705
0.0662476883395
0.0665468423861
0.0668755852199
0.0671673560206
0.067483821142
0.0677978231507
0.0681750725113
0.0684886331575
0.0686867069491
0.068872000112
0.0691868488568
0.0695167983809
0.069820470643
0.0701322930805
0.0704592739634
0.0706691780458
0.0709118590288
0.071236874419
0.0715969619902
0.0720012339914
0.0722120512819
0.0724707998712
0.0728222535319
0.0731055071896
0.0733899865429
0.0737499438404
0.0739379799507
0.0742503110676
0.0744532079518
0.0746841409357
0.0748427504054
0.0751567089843
0.0754438028021
0.0756231454677
0.0759927795477
0.0763416974028
0.076686191643
0.0770054983827
0.0773743925072
0.0776334182702
0.0779299048446
0.0780966778863
0.0784387845032
0.0787304233543
0.0790110620353
0.0793234710597
0.0795685481471
0.0799299459076
0.0802556545504
0.0805848742619
0.0810039726539
0.081197304219
0.0814970500566
0.0818246365126
0.082119325928
0.0823718509853
0.082662753512
0.0829262520674
0.0832803112319
0.0835784092747
0.0839955892001
0.0843126505505
0.084545468299
0.0848440289468
0.0852149711135
0.0855377941687
0.0858060393141
0.0861577261455
0.0864025152638
0.0866809896562
0.0870136189567
0.0872969659199
0.0875930070878
0.0879914085428
0.0882566135856
0.0886813781795
0.088979004776
0.0893391039448
0.0896438800798
0.0899280606372
0.0901962255063
0.0905345770168
0.0908441424097
0.0912402310722
0.0915856885466
0.0919831932122
0.0922446670214
0.0925165583492
0.092869847204
0.0932211562025
0.0935815390235
0.0939060776413
0.094186327147
0.0945525926858
0.0949166204079
0.0950877540358
0.0954601720637
0.0957679913004
0.0960203730079
0.0963248703108
0.0966266066205
0.0969772542386
0.0972575776103
0.0976270543624
0.0980177848767
0.0983087000251
0.0986296311396
0.0989201872083
0.0992291594874
0.099585987339
0.0998748482616
0.100245707719
0.100517854684
0.100830638712
0.101134277652
0.101481746839
0.101848758668
0.102165167546
0.102424206328
0.102744334453
0.103072772526
0.103339634029
0.103681229833
0.10399548543
0.104322480265
0.104638130623
0.104953215333
0.105268284424
0.105589923222
0.105913015258
0.106262846979
0.106612767641
0.106963498367
0.107277897061
0.10760964254
0.107955156589
0.108300641645
0.108684694452
0.10901885345
0.109356632725
0.109756178046
0.110016812733
0.110328780451
0.110647893973
0.110996714441
0.111343584951
0.111633447758
0.111971206397
0.11229365317
0.112573136953
0.112879394278
0.113231996996
0.113571443152
0.113912959338
0.114277226522
0.114694765168
0.115028870322
0.115387576173
0.115730869771
0.116072631333
0.116440045832
0.116785647496
0.117126295608
0.117521743203
0.117898035249
0.118310978487
0.118672046561
0.119008836083
0.119356730279
0.119717290507
0.120000251617
0.120391229218
0.120701360809
0.121061141257
0.121424031053
0.121849948273
0.122202123199
0.122578357574
0.122883080501
0.123210832155
0.123534086416
0.123863603603
0.124228447241
0.124533192995
0.124914409684
0.125306402917
0.125657975045
0.126048627923
0.126445829514
0.126807514608
0.127137159159
0.127482695495
0.127835033982
0.12821993083
0.128556630308
0.128912653403
0.129261300322
0.129623563052
0.130016734579
0.130387509544
0.130769414117
0.131116410719
0.131512415975
0.131878321457
0.132273260242
0.132616005086
0.133006152433
0.133383440121
0.133742639748
0.13411065116
0.134491186356
0.134844779894
0.135214281248
0.135557808222
0.135911369761
0.136276424092
0.136687973168
0.137068205985
0.137400818145
0.137762157025
0.138090867909
0.138471032392
0.138851691632
0.13922468067
0.139586368537
0.139974123966
0.140294424634
0.140664991283
0.141024208928
0.141367009583
0.141754998294
0.142107995879
0.14246754831
0.142810729739
0.143156509531
0.143580733781
0.143938994189
0.144273691503
0.144650646365
0.145027398836
0.14537633775
0.145743867802
0.146112970526
0.146445752577
0.146825368438
0.147215710044
0.147587508391
0.147940850773
0.148309168314
0.148649734991
0.149042969605
0.149431275107
0.149801520676
0.150170449412
0.150533284029
0.150903777267
0.151263954466
0.151626618236
0.152004668821
0.152349815603
0.152702393654
0.153062346814
0.153470224377
0.153855671869
0.154228717779
0.154572889938
0.154905506241
0.15529450655
0.155663378626
0.156050614211
0.156421273641
0.156809712797
0.157122327562
0.157474091435
0.157869699497
0.158275715882
0.158670010754
0.159037244843
0.159405082094
0.159733587068
0.160174906023
0.160584617479
0.160998286509
0.161377823385
0.161736592192
0.162096562079
0.162491525901
0.162882864209
0.163224701628
0.163584915417
0.163969041846
0.16431097498
0.164710002988
0.165059414198
0.165416167843
0.165831535693
0.16617877202
0.166557262528
0.166892012038
0.167241863149
0.167613898521
0.167998221844
0.168405748712
0.168780278505
0.169180754707
0.169537627318
0.169900400277
0.170250504543
0.170638300075
0.171001745922
0.171369896165
0.171715479243
0.172071817038
0.172414053678
0.172781660875
0.173168488881
0.17352117287
0.173882531852
0.174269896171
0.17464497094
0.175012045363
0.17539593063
0.175765857507
0.176131942297
0.176522663632
0.176898280946
0.177268308501
0.177637624765
0.177993064165
0.178383445958
0.178717185754
0.179076146603
0.179427017017
0.179756699945
0.180125133547
0.180483416665
0.180863314918
0.181197421958
0.181561864227
0.18190879001
0.182297107455
0.18265087645
0.183016484709
0.183394347014
0.183728277833
0.184094874396
0.184438137842
0.184810326706
0.185208253815
0.185589634015
0.185936911255
0.186278820754
0.18665433603
0.186996119566
0.187349661485
0.187709260598
0.188066357108
0.188447515505
0.188791441808
0.189129530734
0.189489548106
0.189834888798
0.190178637
0.19055798408
0.190929567397
0.191279753162
0.191627298825
0.191992681467
0.192345876199
0.192706934341
0.193045085023
0.193409180751
0.193734515824
0.19410174627
0.194464443255
0.194818073914
0.195171367247
0.195517651184
0.195863929792
0.196179727797
0.196531846682
0.196868366858
0.197195528954
0.197537816962
0.19789451657
0.198253118903
0.198614276218
0.198967654292
0.199290165527
0.199617806114
0.199963289642
0.200285483602
0.20061149432
0.200960783814
0.201279903734
0.201636087955
0.201992151622
0.202347759004
0.202693238276
0.203011148967
0.203360914503
0.203674123454
0.203990922413
0.204338729662
0.204659465208
0.204989782093
0.20535534964
0.205681165684
0.206003916653
0.206336061244
0.20668019116
0.206992493421
0.207350814993
0.207678437181
0.208030412405
0.208361500969
0.208697178093
0.209050278044
0.209355961032
0.209703781722
0.210030155528
0.210346616803
0.210682905185
0.211003084263
0.211328083775
0.211656257896
0.211980206413
0.212292610545
0.212601772517
0.212943196605
0.213261590364
0.213549346529
0.213883890556
0.214199860657
0.214526488341
0.21482777348
0.215149221411
0.215483269368
0.215815469721
0.216136577345
0.216469979916
0.216769907359
0.217114821061
0.217440298304
0.217751804323
0.218085268288
0.218386884384
0.218725037192
0.219029256282
0.219340615209
0.219647506565
0.219968485316
0.220254522204
0.220565155133
0.220880041629
0.221195089378
0.2215148677
0.221823873758
0.222130548074
0.222422524808
0.222740017149
0.223056259054
0.223349396419
0.223654669123
0.223965842381
0.224273187477
0.224581012981
0.224895250633
0.225191050186
0.225496133866
0.225811266331
0.226114156896
0.226407614239
0.226691971021
0.226992962234
0.22727631716
0.227555921657
0.227840291322
0.228132719725
0.228422836719
0.228692463944
0.228995907832
0.229285452263
0.229583345827
0.229893313048
0.230178061422
0.230472971245
0.230760003445
0.23105547143
0.231339995238
0.231629886496
0.231902035602
0.232202917253
0.232490441615
0.232787708568
0.233052112466
0.233340149448
0.233639394115
0.233927175809
0.234207306092
0.234466615941
0.234768277933
0.235050283926
0.235301715667
0.235587950842
0.235877559828
0.236140836164
0.236414497229
0.236686352246
0.236956201054
0.23723063804
0.237494029159
0.237768317134
0.238047025403
0.238319526261
0.238595569229
0.23888268602
0.23916214275
0.239415251038
0.239689939922
0.239986906514
0.240234125784
0.240506444964
0.24079090484
0.241072223954
0.241326935923
0.241601423051
0.241877232579
0.242142388157
0.242409915209
0.242642761134
0.242949764009
0.243190276267
0.243427046828
0.243696383165
0.243961496569
0.244231169414
0.244484836259
0.244747638571
0.244992454867
0.245259100832
0.245516458334
0.245791198609
0.246061488712
0.246322187852
0.246562371256
0.246838618455
0.247111188701
0.247369606748
0.247626193305
0.247874565977
0.248113975242
0.248381478437
0.248632868373
0.248890067033
0.249153720957
0.249410564137
0.249680507182
0.249942391479
0.250174922471
0.250422445862
0.250690054854
0.250936102599
0.251176737051
0.251413297651
0.251667597661
0.251910819419
0.252164531049
0.252416789465
0.25265571137
0.252880508484
0.253138410761
0.25337824222
0.253619242058
0.253864349637
0.254103016102
0.254343078386
0.254586841471
0.254841699788
0.255090253936
0.255320475536
0.25555362771
0.255789378044
0.256047135784
0.256290127332
0.256528599842
0.256753479307
0.256998711782
0.257231607503
0.257453439547
0.257689472703
0.257918720436
0.258153871589
0.258404150699
0.25863469815
0.258857540535
0.259090258189
0.259333592035
0.25956576148
0.259798391847
0.260025167315
0.260243444793
0.260462139974
0.260691330836
0.260914738735
0.261137278503
0.26137015124
0.26159320774
0.261817333077
0.262060093612
0.262279386119
0.262510949396
0.262721968769
0.262939509309
0.263143766802
0.263368822815
0.263586540603
0.263798384414
0.264023426312
0.26423755113
0.264441858442
0.264664578593
0.264885656911
0.265110270308
0.265314777691
0.265527894043
0.265753688214
0.265967088682
0.266181727769
0.266402871566
0.266621939505
0.266844812044
0.267060295342
0.267265150539
0.267479626269
0.267694615249
0.26790439806
0.268123141264
0.268328155874
0.26853462809
0.268751391138
0.268969811065
0.269178006076
0.269385999804
0.269601416619
0.269799612579
0.270009966532
0.27022102721
0.27043642437
0.270637763354
0.27084980266
0.27105784133
0.271250299717
0.271460454304
0.2716563992
0.271855081436
0.272047048045
0.272250800518
0.272449210832
0.272655635109
0.272839607802
0.27303329131
0.273237471692
0.273420181293
0.273616899762
0.273810427731
0.274013623736
0.274214003332
0.274395929655
0.274596519789
0.274782145584
0.274972291278
0.275161587914
0.275347729389
0.275537052133
0.275728984901
0.275922281448
0.276124937207
0.276319832516
0.276499690744
0.276702727393
0.276877016166
0.277064086059
0.277246362549
0.27742686993
0.277609632939
0.277807050787
0.277991847779
0.278172310939
0.278369965712
0.27855275223
0.278740409912
0.278928497849
0.279117218396
0.279298957593
0.279477698204
0.279659993967
0.279832627799
0.280000589977
0.280183963656
0.28037764533
0.280560252652
0.280740647008
0.280920519022
0.281100650302
0.281271311679
0.281458241667
0.28164649427
0.281834906865
0.282024887094
0.282203239097
0.282380931799
0.282566996742
0.282735790532
0.282922682624
0.283097355673
0.283261313901
0.283450116078
0.283611902842
0.28379060756
0.283977065308
0.28415136083
0.284319706142
0.284490464423
0.284654965695
0.284829069848
0.284998993331
0.285167339777
0.285331122807
0.285501371455
0.285667878033
0.285844354964
0.286006014804
0.286175132069
0.28635015531
0.286507454424
0.286687433695
0.286837460717
0.287001996743
0.287159048585
0.287326089651
0.287490142364
0.287656673093
0.287820101432
0.287991242971
0.288160838785
0.288330592844
0.288481458116
0.288644084896
0.288812347294
0.288974516582
0.289123790562
0.289283759202
0.289445447729
0.289613640328
0.289773229301
0.289937321372
0.290088532062
0.290240519636
0.290398041944
0.290563798294
0.290731058771
0.290888062184
0.291040076412
0.291189201181
0.291350034689
0.291509091501
0.291693777577
0.291850446363
0.291997427887
0.292164138185
0.29233644173
0.292508215551
0.292671800781
0.292827520954
0.292972479922
0.293127772768
0.293282632765
0.293433815173
0.293592658339
0.293749548704
0.293910472078
0.294063706326
0.294209999228
0.294372449453
0.294520508185
0.294661959086
0.294810651476
0.29495809785
0.295118781751
0.295266628674
0.295411790326
0.295567636414
0.295719340115
0.295889700321
0.296043025473
0.296202109616
0.296352079645
0.296499450418
0.296639496153
0.296779373826
0.296930311419
0.297070719827
0.297209700698
0.297353181447
0.297490658366
0.297649388481
0.29780021266
0.297943583221
0.298099234935
0.298236979921
0.298376061335
0.298517491167
0.298649349491
0.29878818632
0.298930405533
0.299078117438
0.299217184256
0.299370709169
0.299512985412
0.299658011995
0.299785417912
0.299928226163
0.300067809582
0.300203809944
0.300350122027
0.300483618327
0.300625555475
0.300772317931
0.300925179095
0.301067815715
0.301210736515
0.301345743002
0.301493824372
0.301641551801
0.301775414919
0.301913112742
0.302046188491
0.302184611312
0.302326096326
0.302471405466
0.302598999683
0.302739276474
0.302870253108
0.303009855105
0.303128692337
0.303264463796
0.30339515813
0.303518946415
0.303643880924
0.303782958726
0.303917686223
0.304049279021
0.304177847005
0.304306403268
0.30443369039
0.304562647248
0.30469433481
0.304836102613
0.304970681439
0.305104757428
0.30522631502
0.305340762738
0.30546166598
0.305603217141
0.305734300865
0.305858715814
0.305987471673
0.306112712346
0.306239213652
0.306357503016
0.306478782264
0.306608673217
0.306736651085
0.306861126174
0.306990328081
0.307110973297
0.307230518336
0.307344489981
0.307475016592
0.307598346877
0.307717481147
0.307845274272
0.30796880336
0.308100003241
0.308228370971
0.308366532071
0.308477874782
0.308597959461
0.30871133578
0.308831171676
0.308954664215
0.309076711694
0.309198849856
0.309315061801
0.309435834543
0.309559651873
0.309690305119
0.309816144943
0.309939986967
0.310056204344
0.310175182032
0.310299412399
0.310418534782
0.310543900382
0.310658859433
0.31077683497
0.310897602129
0.311013137956
0.311126760333
0.311243904891
0.311362499737
0.311481273787
0.311602134881
0.311714862525
0.311834229306
0.31194278908
0.312058644703
0.312165448214
0.31228758895
0.312405671327
0.312514000392
0.312622869504
0.31272827833
0.312840583723
0.312958821396
0.313077951713
0.313197688394
0.313318574329
0.313429654744
0.313548691284
0.313657087955
0.31377714736
0.313887102957
0.313998838094
0.314113242251
0.314229175716
0.314349016845
0.314466784867
0.314580246021
0.314684995547
0.314797344763
0.314893643389
0.314994405089
0.315098584857
0.315212399919
0.315326725834
0.315438693407
0.315540006951
0.315657220557
0.31577440286
0.315876496574
0.315985056306
0.316101744398
0.316207188904
0.316316755613
0.316417285762
0.316533398429
0.316643370888
0.316747749097
0.316850066112
0.316963152287
0.317080267754
0.31718845216
0.317299197785
0.317413635187
0.317522102916
0.317624652845
0.31773543307
0.317840373722
0.317946814485
0.318041124626
0.31814475518
0.318237383652
0.318337442457
0.318441684015
0.318554120731
0.318667341137
0.318789386631
0.318877173454
0.318978204217
0.31907687548
0.319194827845
0.319306892291
0.319414468131
0.319511803312
0.319608660158
0.319703147807
0.319807495566
0.319912268411
0.320011761264
0.320116218264
0.320214027668
0.320321781436
0.320429994601
0.320520600888
0.320616509972
0.320714005271
0.320807958162
0.320908698423
0.321002201884
0.321099655659
0.321204834724
0.321320251878
0.321425620978
0.321527043928
0.321621670052
0.321716418177
0.321816530385
0.32191432431
0.322011708157
0.322109874794
0.322209495788
0.322316607816
0.322405827315
0.322501406187
0.322594353286
0.322692635519
0.322798443649
0.322903994876
0.323004612355
0.323099000565
0.323190946053
0.323292798897
0.323396970664
0.323495858811
0.323595642428
0.323693128709
0.323788482613
0.323881665657
0.323981359914
0.324066521479
0.324162872437
0.324257688563
0.324354562629
0.324451539314
0.324550561137
0.324647722968
0.324751323398
0.324844696396
0.324935633554
0.325024862088
0.325118928689
0.325215214512
0.325312382648
0.325398735782
0.325481481983
0.325568323007
0.325663169272
0.325750823073
0.325839577416
0.325924872496
0.326018617498
0.326106710413
0.326194894769
0.32628329631
0.326376508
0.326476866357
0.326579761675
0.326667427769
0.326758324544
0.326855287637
0.326956585088
0.327053343108
0.327151518411
0.327242208911
0.327336061466
0.327426663374
0.327520702051
0.327612425739
0.327702391104
0.327797167711
0.327883917375
0.327973951923
0.328071862015
0.328164017159
0.328247152565
0.328334482435
0.328418619861
0.328504680047
0.328591936052
0.328682789401
0.328776269522
0.328862957627
0.328955355993
0.329039712186
0.32912923267
0.329210859481
0.329303789147
0.32940346121
0.32948582944
0.329574361708
0.329654991324
0.329742284347
0.329832023639
0.329916012937
0.330000132594
0.330093172005
0.330186360092
0.330273517799
0.330353451009
0.330440914522
0.330525317392
0.330607434688
0.330688893745
0.330768174492
0.330849941098
0.330927223406
0.33101167785
0.331086089751
0.33116041188
0.331230369234
0.331314734966
0.331391304437
0.331483577884
0.331562027657
0.331643147767
0.3317283708
0.331808174359
0.331893870295
0.331971666843
0.332049866858
0.332135524181
0.332212613084
0.332292443072
0.332376840453
0.332456475242
0.332530083273
0.332601515392
0.33268059064
0.332757631545
0.332836645691
0.3329147285
0.332993786071
0.333078615485
0.333152953836
0.333231654805
0.333317403124
0.333389819505
0.333466482531
0.333550635038
0.333622172666
0.333706261111
0.333784816822
0.333866882506
0.333949382264
0.334030548225
0.334112899247
0.334190032675
0.334269146203
0.334350183799
0.334431383887
0.334514802116
0.334582968965
0.334662770577
0.334743770389
0.334809529975
0.334880134082
0.334956592126
0.335033051287
0.335118138299
0.335196702277
0.335275614647
0.335353580454
0.335432966118
0.33550768539
0.3355842381
0.335661568131
0.335730414551
0.335810383932
0.335889728554
0.335965817466
0.336038790568
0.336125462238
0.336208385346
0.336289156007
0.336372049179
0.336444699889
0.336518483011
0.336597324276
0.336678179088
0.336743454417
0.336813477393
0.336887601978
0.336963206611
0.337037087992
0.3371046594
0.337169978281
0.33724433199
0.337319890178
0.337396403679
0.337476313996
0.337550751869
0.337623092363
0.337707324067
0.337780123934
0.337848494281
0.33791235534
0.337976042174
0.338052181275
0.338125952303
0.338198573841
0.338265140227
0.338339342752
0.33841346192
0.338485045899
0.338558699887
0.338625324298
0.338698046372
0.338769435771
0.338839184388
0.338916234436
0.338986021481
0.339057598317
0.339126278409
0.339199784192
0.339270863838
0.339330422494
0.339404053614
0.339479406783
0.339554758893
0.339621329004
0.339696616862
0.339767597586
0.339833667056
0.339911829857
0.339965896969
0.340030995737
0.340095186233
0.340164128154
0.340239766657
0.340302319576
0.340370609002
0.340446057953
0.340515201998
0.340590953302
0.34065158976
0.340726542357
0.340793240619
0.340857914819
0.340924230768
0.340995359317
0.341073158353
0.341143911585
0.341212904473
0.341277198505
0.341336682225
0.341398580086
0.341465884468
0.341531506287
0.341598926573
0.341663901331
0.341725061498
0.341783743804
0.341850904203
0.341917607683
0.341978039201
0.342036735823
0.342101945562
0.342166584817
0.342234414595
0.342307568302
0.342385729036
0.342452391285
0.342521584049
0.342579992607
0.34263888066
0.3427005371
0.342766404006
0.342821395939
0.342885897314
0.342947493525
0.343004853558
0.343070198853
0.343139902153
0.343209006565
0.343275956964
0.34334267813
0.343404673331
0.343466087606
0.343521573502
0.343589832813
0.343656959478
0.343722056087
0.343791003923
0.343853413404
0.343919375762
0.343981941527
0.344047236108
0.344112539839
0.344179339443
0.344243520618
0.344308517225
0.344378289347
0.344438521792
0.344502137808
0.344567658328
0.344631606794
0.344694839125
0.344755905192
0.344825768816
0.344883757143
0.344952604021
0.345009941752
0.345074198293
0.345138379099
0.345200743642
0.345268788889
0.34533115385
0.345393017977
0.345457982021
0.345530501302
0.345594252993
0.345652786686
0.345716128205
0.345768786284
0.345834096051
0.345894616194
0.345955283938
0.34601830276
0.346079121608
0.346141942671
0.346207714108
0.346262940676
0.346315161316
0.346375492471
0.346440412764
0.346497941203
0.346553712206
0.346607654676
0.34666986421
0.346729224105
0.346788216156
0.346847248946
0.34691094535
0.346970711963
0.347031158715
0.347086240701
0.347146177706
0.347194299536
0.347256312445
0.347302757062
0.34735842923
0.347414828154
0.347473321438
0.347533789857
0.347593978657
0.347649120188
0.347702435023
0.347756452652
0.347812302762
0.347866810429
0.347923478925
0.347977743665
0.348038890648
0.348098650021
0.348150912408
0.34821127172
0.348274497072
0.348328378813
0.34838565158
0.348448119712
0.348507087616
0.348562443618
0.34862316733
0.348683424671
0.348740040702
0.348803906052
0.348857681829
0.348906521911
0.348963225833
0.349020644686
0.349073656004
0.349125620144
0.349182644649
0.349241918721
0.349294604126
0.349352698263
0.349410231571
0.349469761032
0.349524896818
0.349582096393
0.349651530532
0.349710547705
0.34976739446
0.349825379342
0.349878026484
0.349936735067
0.349990024456
0.35005162815
0.350099462604
0.350153054462
0.350217650739
0.350270219899
0.350321539835
0.350376805419
0.35043792088
0.350500142972
0.350549669351
0.350599923445
0.3506541792
0.350713164799
0.35076843528
0.350828988741
0.350880831407
0.350935230701
0.35098537564
0.351036267072
0.351092897019
0.351149919283
0.351210109338
0.351261494931
0.351314313894
0.351369426826
0.351427509948
0.351479106056
0.351533328889
0.351588914889
0.35163710984
0.351694160334
0.351741949458
0.351797052722
0.351851418988
0.351892640623
0.351943729343
0.351997554981
0.352049915867
0.352104454413
0.352161602704
0.352208156264
0.352256313887
0.352310471948
0.35236570782
0.352417300949
0.352468093308
0.352520542635
0.35257640166
0.352627027097
0.352683536825
0.352734739803
0.352783457162
0.352830920972
0.35287590788
0.352930255759
0.352981095277
0.35303675024
0.353092127769
0.353144124527
0.353200334325
0.353248628721
0.353293643303
0.353343979244
0.353393236326
0.353446412405
0.353491872291
0.353545052537
0.353595534433
0.353650066423
0.353703033463
0.353750043241
0.353802092662
0.353854955223
0.353902360579
0.353949331676
0.35400147201
0.354050321186
0.354098815129
0.354142598215
0.354189311716
0.354237700502
0.354286674378
0.354337821209
0.354389716221
0.354435857466
0.354482941004
0.354530981972
0.35457911294
0.354628562601
0.354680449997
0.35472908586
0.354779013793
0.35483820275
0.354891052396
0.354938644252
0.354989244137
0.355033964254
0.355078814899
0.355129499887
0.355176101702
0.355225384597
0.355272533803
0.35531875237
0.355368482395
0.355412990844
0.355465400773
0.355517110451
0.35556638575
0.355614497931
0.35566298648
0.355710735473
0.355761698307
0.355811157245
0.355862992414
0.355910884392
0.355961883519
0.356014473028
0.356062515137
0.356109015081
0.356163058649
0.356219338101
0.356269060425
0.356312461196
0.356367870768
0.356408820247
0.356457975627
0.356507041158
0.356551588748
0.356600609958
0.356651318941
0.356698378145
0.356745995809
0.356792748425
0.356837063868
0.356882264679
0.356922286952
0.356965685778
0.357012201402
0.357058013314
0.357104305383
0.357156687989
0.357203515154
0.35724841311
0.357284717929
0.357330923962
0.357377246039
0.357427865487
0.35747236216
0.357519938891
0.357560431678
0.357605374304
0.357651598293
0.357701644941
0.357752350648
0.357803829626
0.357845789548
0.357892338193
0.357931071902
0.357979179014
0.358018715338
0.358064871048
0.358107938767
0.358155807078
0.358199640377
0.358240197045
0.358279723516
0.358329921093
0.358370449664
0.358417573854
0.35846411418
0.358506035079
0.358549710367
0.358596706202
0.358638481076
0.358689611396
0.358728194821
0.358772925211
0.358825442939
0.358870143885
0.358920792657
0.358964907362
0.359012955207
0.359057716399
0.35910470192
0.359146936084
0.359192275515
0.359238139805
0.35928144811
0.359320413386
0.35936151077
0.359410310787
0.359452609213
0.359501596398
0.359544495678
0.359587546681
0.359625978999
0.359665579142
0.359704638524
0.359755637841
0.359797547164
0.359835335723
0.359873200797
0.359917010867
0.359958809069
0.360001232343
0.360041603892
0.360075520649
0.360119858139
0.360164829142
0.360204371325
0.360249960834
0.360288735937
0.360334338325
0.360372992425
0.360409801717
0.360454139533
0.360491967097
0.360530426024
0.360576570454
0.360616423387
0.360657351823
0.360691715332
0.36073313338
0.360771755015
0.360805917093
0.360845591989
0.360890911169
0.360930035366
0.360973478849
0.361020886905
0.361058595331
0.361097692865
0.361144381506
0.361183100918
0.361218343192
0.361253815314
0.361292241497
0.361337882506
0.361379785267
0.361418990137
0.361462769675
0.361510681329
0.36154642193
0.361589090809
0.361625761374
0.361665579285
0.361706715727
0.361752433114
0.361793865623
0.361825659025
0.361867537258
0.361910388644
0.361947046971
0.361986811174
0.362030794491
0.36207152246
0.362114032177
0.362149974792
0.362186447714
0.362231749787
0.362267645589
0.362306663052
0.362352197237
0.362387774087
0.362430112154
0.36246922542
0.362510435687
0.36254756311
0.362592310319
0.362633971506
0.362670311354
0.362706450934
0.362747397912
0.362786038695
0.362821860217
0.362869769954
0.362905719007
0.362944473011
0.362977349566
0.363023542518
0.363066555651
0.363108290703
0.36314815438
0.363184634477
0.363230050623
0.363269139543
0.363307542307
0.363347442749
0.363382427134
0.363424355212
0.363461844786
0.363501444629
0.363534573085
0.36357647797
0.363616849159
0.363647601289
0.363685278435
0.363727747695
0.363763906364
0.363803213565
0.363847206774
0.36388493208
0.363920705599
0.363957546328
0.364001424124
0.364037957508
0.364085583195
0.364120702027
0.364160288747
0.364199684673
0.364238197467
0.364274755177
0.364311391884
0.364349459597
0.364386602344
0.364419204854
0.364462543793
0.36449597166
0.364539593942
0.364572788193
0.364611323451
0.36464490383
0.364681163935
0.364714371145
0.364749415369
0.364789733146
0.364828856608
0.364871750628
0.36490951455
0.364943773588
0.364987147315
0.365027972697
0.365069519694
0.365103142488
0.365133892198
0.365168332898
0.365210758166
0.365247949159
0.365287104496
0.365328239216
0.365362432743
0.365396219745
0.365430460641
0.365471203427
0.365508475276
0.365541245478
0.365580285003
0.365611712988
0.365646641818
0.365687971349
0.365719973976
0.365754750582
0.365795603345
0.365830369043
0.365862529736
0.365897495933
0.365933510892
0.365968105027
0.365998414873
0.366031642917
0.366068045046
0.366105663295
0.366136841687
0.366175199021
0.366208502865
0.366243998703
0.366280011942
0.366319662584
0.366354370832
0.366380688834
0.366425374802
0.366456861474
0.366495158875
0.366526918576
0.366561200159
0.366596485845
0.366632160867
0.366667969125
0.366708664578
0.366736778777
0.366778990675
0.366813498413
0.366848387894
0.366881959911
0.366913519993
0.366945714637
0.36698396885
0.367023069739
0.367055489226
0.367088833399
0.367126747585
0.367164388736
0.367198057894
0.367235290445
0.367272737247
0.367313419139
0.367356521327
0.367391483359
0.367422323187
0.367460550755
0.36749764587
0.367532301843
0.367567398875
0.367601606509
0.367625713455
0.367663063487
0.367696756842
0.367735878591
0.367768072498
0.367808005409
0.367841520916
0.367877534574
0.367904806351
0.367937011655
0.367970337402
0.36800323277
0.368043716772
0.36807800444
0.368109162503
0.368141274267
0.368178334085
0.368215530204
0.368246004153
0.368280165854
0.368308469097
0.368341364179
0.36836931311
0.368401562195
0.368436604312
0.368467379717
0.368494917625
0.368529252832
0.368561113323
0.36859493709
0.368626648165
0.368652836025
0.368687219838
0.368721696773
0.368754511966
0.368791898193
0.368828027816
0.368861441315
0.368900181849
0.368939210015
0.368970024797
0.369000800056
0.369041242295
0.369075290032
0.369110281761
0.369142828982
0.369174963867
0.369207155513
0.369236791223
0.369270805227
0.369307161649
0.369341574927
0.369371453884
0.369402866356
0.369438062049
0.369475254445
0.369508972773
0.36954008562
0.36957043166
0.369608925293
0.369640638524
0.369667501654
0.369698286688
0.369728277893
0.369762592935
0.369795819524
0.36982595741
0.369859795548
0.369892869754
0.369925861738
0.369962296988
0.369999113304
0.370027573908
0.370057775976
0.370086124929
0.370114428542
0.370143144214
0.370169430139
0.370199912426
0.370231162714
0.370259851979
0.370295674426
0.370331145072
0.370361026955
0.370393882814
0.370422450555
0.370451427209
0.370481910734
0.370512693007
0.370544179158
0.37057321338
0.37060354583
0.370632890069
0.37066717072
0.370698003243
0.370722800072
0.370749554822
0.370780589959
0.370812456808
0.370841689221
0.370872167656
0.370902211001
0.370934011742
0.370965665511
0.370998504184
0.371023856991
0.371055444425
0.371080483378
0.371109781738
0.371140361321
0.371171419235
0.37120023319
0.371235284938
