0.13055446609
0.0800159419317
0.102778667678
0.0827323892832
0.103129323813
0.104619080007
0.105462546706
0.0948285636892
0.086648599533
0.0841022704037
0.0835282439666
0.0817891474923
0.0907722514286
0.103019981827
0.110286916635
0.115585897327
0.121073324565
0.124077763019
0.124387956115
0.125594280424
0.129121343482
0.131940494964
0.131267598505
0.135245476958
0.136767851256
0.136205372322
0.137311347983
0.14024407118
0.14588195555
0.142261012982
0.141504031837
0.141914758747
0.138888106489
0.140121812796
0.140881917236
0.141896918725
0.143873576679
0.143142313351
0.145846395727
0.144633512121
0.143774758328
0.145619435114
0.149068532273
0.149072261911
0.14920313345
0.151481950495
0.150204247702
0.149662277351
0.149714460068
0.150641677169
0.151804513738
0.153149474749
0.153485320703
0.153536885475
0.154575466168
0.154472018811
0.155615474207
0.156019461516
0.157721886571
0.156501364695
0.157858380495
0.158376332543
0.159912337235
0.160641767296
0.16063689129
0.160686804519
0.160320612361
0.159699258529
0.161824496532
0.162696844681
0.163504068804
0.163157798559
0.165587556252
0.16722891531
0.167644628713
0.169094829528
0.167548123889
0.168223645027
0.168713920328
0.169238509617
0.170609907402
0.171382992013
0.171956679052
0.173586403307
0.175555285455
0.17613964054
0.176340642065
0.176755712118
0.177788496159
0.179681646691
0.179567220298
0.180700790071
0.182561812455
0.183469289403
0.18427614526
0.18426815125
0.186066119506
0.186663267419
0.187138346821
0.187030965993
0.188185130446
0.189275663229
0.189827443345
0.190465076263
0.190103142273
0.191685779698
0.191495751015
0.192177547119
0.194007799761
0.194383597142
0.195331494504
0.195376256782
0.195643586706
0.195272436449
0.195373716584
0.196309555278
0.196696563431
0.196529849522
0.198299157321
0.199001400945
0.199195247126
0.20043939015
0.201425008202
0.202552241798
0.203052889271
0.203516041851
0.204802585785
0.205638931526
0.206109058902
0.206859794453
0.207471612286
0.208135978065
0.209024647861
0.209482976642
0.209958874161
0.210944499096
0.211581538347
0.212430871265
0.21341812114
0.214373625392
0.21550559752
0.21599298214
0.216803210364
0.217229723526
0.21725483771
0.218093267828
0.219294513921
0.219260523609
0.219776333961
0.221380186881
0.222009726833
0.223036241017
0.224092166738
0.224572103219
0.224753868705
0.22552159611
0.225603725933
0.226482989524
0.227015425837
0.227626846628
0.227871350796
0.229102471907
0.229849412318
0.229929648125
0.230903862744
0.231224911066
0.231838155531
0.232337268603
0.232761653703
0.233231513352
0.233190988322
0.233582876991
0.233829824582
0.234795275001
0.235691800605
0.235548611533
0.236044195791
0.236118199593
0.236777098643
0.238339439363
0.23911725314
0.239582185766
0.239795487046
0.2399660287
0.23994066634
0.24070129027
0.240878561992
0.241742295741
0.242343369088
0.242551514206
0.243154069408
0.243752052399
0.244343065665
0.244090127476
0.24460990338
0.245545029908
0.24615079752
0.24736343728
0.247836992739
0.248596836122
0.248836590161
0.249213504665
0.249194877916
0.250310763052
0.250524262737
0.250628142998
0.250863689015
0.251247233891
0.251793731234
0.252260834591
0.252719341676
0.252749059309
0.253241535179
0.253616378702
0.25406865615
0.254085641197
0.254352601843
0.254473234706
0.25511181636
0.255374069286
0.255349749821
0.255668624186
0.256222669693
0.2565331348
0.256798579402
0.256879805548
0.256454681347
0.256585011307
0.256521336079
0.256686753296
0.257171023086
0.257437073979
0.258061162254
0.258179334525
0.258218022341
0.258674521341
0.258734290858
0.258460738621
0.259401119162
0.25991276922
0.259854892856
0.259740385118
0.259863165678
0.260234862505
0.260547733748
0.261412441795
0.262028161814
0.262421694599
0.262783454606
0.262944796745
0.263124961996
0.263654816587
0.264024434601
0.264427315114
0.264895702234
0.265525523231
0.266253151556
0.266399154428
0.266546148306
0.266793793931
0.267480330087
0.267761260985
0.268152447281
0.268689647842
0.269003892634
0.269051775179
0.269605634535
0.269509777876
0.270020314551
0.270456030337
0.270462805777
0.270793580703
0.270966990276
0.271565549404
0.27212652944
0.272802015645
0.273108410516
0.273719419438
0.27363746968
0.273394137004
0.273679856053
0.274124039865
0.274417073318
0.274400459625
0.274624836388
0.274913228577
0.27486983648
0.27491463309
0.27505544077
0.275069431606
0.275369043934
0.275715190315
0.27601590906
0.276025568081
0.276751707848
0.276897938942
0.277057881029
0.277212522559
0.277340707335
0.277467215016
0.277589227516
0.277808829
0.277726560626
0.278041069519
0.278177026408
0.278413523321
0.278196741759
0.278569189524
0.278852121643
0.27927101635
0.279642674419
0.280130220846
0.280386195257
0.280874267352
0.281118780241
0.281198344104
0.281399803905
0.281846742402
0.281676517237
0.281999160277
0.282143151886
0.282401219358
0.282572928511
0.282846526827
0.282938139741
0.283370329147
0.283477657399
0.283700752696
0.283747330451
0.284218299067
0.284471712007
0.284709076301
0.284485971328
0.284630625238
0.284663443585
0.284967320155
0.285114886737
0.285336881232
0.285811637598
0.286055095022
0.286228820391
0.286607997349
0.286611343698
0.287115822891
0.287429439894
0.28794016072
0.287974709248
0.288236937233
0.288403854151
0.28831777027
0.288329538074
0.288664255681
0.288867127519
0.288910158538
0.289292770559
0.289119473555
0.289315695594
0.289247379631
0.289533981255
0.289578804103
0.28986122766
0.290163464063
0.290199797982
0.290506450318
0.290746084752
0.290883962293
0.291265066555
0.291136703768
0.291110731292
0.291095326109
0.291536707375
0.291858343142
0.292078755827
0.292196404729
0.292146853829
0.292115508313
0.292412533444
0.292612139152
0.292887963171
0.293169957995
0.293349272715
0.293459671145
0.293363649475
0.293390421228
0.293484876127
0.293697626607
0.293758044868
0.293712219618
0.293750013348
0.293900033048
0.293967111289
0.29395747365
0.294047005684
0.294066720165
0.294454348669
0.294467183834
0.294640139021
0.294617704171
0.294844761996
0.294934700606
0.295038107896
0.295117502102
0.295141062232
0.295113422511
0.29507939054
0.295075461117
0.295237359493
0.29527266852
0.295457383679
0.295446920878
0.295644873425
0.295732216818
0.296053054289
0.296043386063
0.295960315025
0.295978254797
0.295954276148
0.296147907611
0.296275373542
0.296179505097
0.296185626329
0.296311766829
0.29652133001
0.296537571274
0.296529969645
0.296501869389
0.296532683597
0.2965926836
0.29675067276
0.296822263499
0.296993999535
0.296863822678
0.297120008185
0.297180962728
0.297393889896
0.29771594199
0.297863119324
0.297747026451
0.297882053894
0.297932806969
0.297870190701
0.297853881039
0.297977514812
0.298193294884
0.298261474902
0.298546449778
0.298626336246
0.298663305221
0.298902376244
0.299158456472
0.299102316009
0.299082171598
0.299178512448
0.299462053093
0.2993705796
0.299459861938
0.299639281185
0.299576371464
0.299444588613
0.299415816737
0.299592374428
0.299606142502
0.299751349854
0.299813484605
0.299813286509
0.300038524688
0.300124897248
0.300481716576
0.300455137602
0.30079036631
0.301178713697
0.301266585817
0.301384759852
0.301783559947
0.301724161956
0.30155279569
0.301616454535
0.301849989432
0.301923839961
0.302235677235
0.302188445463
0.302276767642
0.302325346425
0.302688058186
0.302766829844
0.302658123172
0.302642194587
0.302844189826
0.30273894994
0.302920648257
0.303121229826
0.30330315261
0.303446240267
0.30376071193
0.304102445492
0.30405376559
0.304025115658
0.304122825279
0.303992678441
0.304138284371
0.304031665633
0.304133858943
0.304346693199
0.304499495907
0.304682935676
0.305124696871
0.305178062333
0.305149898613
0.305248475034
0.30511240397
0.305118233199
0.305080059903
0.305125512347
0.305284548084
0.305155060249
0.305122373221
0.305331527941
0.305255219863
0.305343635949
0.30559909106
0.305623438098
0.305689209542
0.305507594569
0.305611056686
0.305714266087
0.305835249038
0.306010098356
0.306176708624
0.306357768634
0.306520414586
0.306500931377
0.30661998697
0.306548562529
0.306480296025
0.306703469689
0.306547811258
0.306371698987
0.306532657511
0.306780033494
0.306826593849
0.306918719371
0.306972402637
0.30712106078
0.307140418961
0.307428967231
0.307519046873
0.307497607266
0.30754157838
0.307628599685
0.307619106593
0.307678470583
0.307557603341
0.307859647521
0.307846559218
0.307862818758
0.307807925616
0.307899067099
0.308179352662
0.308167081038
0.308348437242
0.308472655957
0.308560023997
0.308706173746
0.308507597863
0.308596241484
0.308616988824
0.308842741135
0.309048620815
0.309312256625
0.309168322227
0.309301681836
0.309257303506
0.309367521559
0.309590278198
0.309708010519
0.309609560226
0.309520408082
0.309485999059
0.309503431162
0.309582226833
0.309700040143
0.309708629259
0.309900304757
0.309920572088
0.310179377014
0.310188759302
0.310173689112
0.31036966112
0.31037103709
0.310386378123
0.310484329429
0.310295686221
0.310319537972
0.310518252433
0.310415773403
0.310571291183
0.310555838495
0.310692969669
0.31063927653
0.31094160243
0.3108863875
0.310944318377
0.310863818972
0.310914938504
0.31086547943
0.310935055861
0.311012089707
0.311026296003
0.311083593398
0.311167433091
0.311130365441
0.311055198372
0.31089472457
0.310933869341
0.310889721855
0.310911756253
0.311036294947
0.311020583231
0.310962041758
0.311047550695
0.310911688689
0.311159188022
0.311132748847
0.311173983198
0.311242036467
0.311280842301
0.311411906502
0.311503330072
0.311452017846
0.311600004275
0.311773584792
0.311714937236
0.311764601035
0.311923950685
0.312140022791
0.312185245433
0.312106678934
0.312225647973
0.312341946831
0.312311617559
0.312329529477
0.312387028448
0.312376117615
0.312320901368
0.312170284276
0.312214827388
0.312232484848
0.312207528145
0.31227004914
0.312506174061
0.312643350401
0.312564405425
0.312567585019
0.312690155379
0.3126485228
0.312692646262
0.31258055579
0.312666448865
0.312864281927
0.3130321638
0.313274187015
0.313380737534
0.313400634552
0.31332309447
0.313467206054
0.313463823285
0.313479468427
0.313511827181
0.313710725989
0.313795263048
0.313809132905
0.313896671055
0.313955558658
0.313981238939
0.314073756104
0.314003272624
0.314052907637
0.314004796567
0.31403420271
0.314063728642
0.313929218428
0.31397159146
0.314023994953
0.314068672305
0.31402682926
0.314088484287
0.314100442158
0.314078714195
0.314049592721
0.313999777699
0.314163415801
0.314323614409
0.31430437539
0.314354760186
0.314426321156
0.31444637811
0.314516399715
0.314662956228
0.314684029317
0.314724500849
0.314926174821
0.314856662067
0.314965173441
0.314941187121
0.314876489141
0.314958973285
0.314912283882
0.314940921105
0.315023896677
0.31504612534
0.315244067992
0.315446130067
0.315470487047
0.315636368798
0.315825823613
0.31577760576
0.315831362508
0.315859219299
0.316251693388
0.31637052582
0.316485523121
0.316445074549
0.316513071108
0.316556754539
0.31659197669
0.316613338691
0.316690720865
0.31670630268
0.316605483467
0.316792558743
0.31693156083
0.316954542276
0.316894018401
0.316841253458
0.316981849859
0.316921866112
0.317063119052
0.317156211082
0.317266786369
0.317450160535
0.317371956523
0.317481609841
0.317449357002
0.317395753409
0.317494729568
0.317421145529
0.317422582827
0.317616762685
0.317591854851
0.317726476634
0.317719763522
0.317680992267
0.317801925631
0.317804947269
0.317823516076
0.317988359644
0.317865141915
0.317904736048
0.31801344792
0.318027618509
0.318121388988
0.318196481723
0.318251718346
0.318222375573
0.3183094424
0.318273584856
0.318616969881
0.318531920041
0.318576692129
0.31856350726
0.318728642407
0.318713022818
0.318667135474
0.318727941616
0.318937939184
0.318888697874
0.318934808906
0.319072649904
0.319041270561
0.318982726005
0.319021933409
0.318933541175
0.31895115888
0.318937973228
0.31891571306
0.318840618014
0.318807477859
0.318894429922
0.319085851442
0.319161592604
0.319150741641
0.319188709035
0.319264720808
0.319177560318
0.319180569808
0.319277373708
0.319366256939
0.319357035476
0.319381831534
0.319370665651
0.319449023926
0.319527351983
0.319471879108
0.319427822759
0.319527763592
0.319588399129
0.319610944604
0.319801133823
0.31973290873
0.319768927609
0.319788624149
0.319680106685
0.319672144246
0.319844330664
0.319883888968
0.319822836398
0.319799912402
0.319787925955
0.31973810158
0.319839921202
0.31980208316
0.319849017952
0.319839114483
0.319741027937
0.319844861052
0.319928705879
0.319953024318
0.31997957637
0.320024727548
0.32001422552
0.32012067676
0.320162340847
0.320069813591
0.320094715181
0.320079510355
0.320018707173
0.320124119482
0.320108724091
0.320147292367
0.320154239736
0.320080290851
0.320179535581
0.320224230933
0.32037985667
0.320403120558
0.320545821313
0.320673891711
0.32060720052
0.32054642096
0.320593512914
0.320644165206
0.320640527742
0.320662193354
0.320707971173
0.320618187589
0.320579478756
0.320524346858
0.320528819131
0.320673985761
0.320660853184
0.320639295225
0.320794627699
0.320922278017
0.320851277852
0.320966429258
0.32092972639
0.320810627809
0.320801518425
0.320768211322
0.320880487461
0.321014295841
0.321063995382
0.321005643299
0.320996818732
0.320958339249
0.320868118196
0.320788892309
0.320825451675
0.320887560837
0.320858952124
0.320980131194
0.320980521155
0.32092576609
0.320920152347
0.320857602306
0.320858721586
0.320947300398
0.321079666035
0.321103681668
0.321080025206
0.321133490544
0.321211052097
0.321216339247
0.321187117194
0.321143437899
0.321179222762
0.321185837853
0.321222037365
0.321134854235
0.321061599135
0.321025375889
0.321169927576
0.321147732726
0.321208527051
0.321210145676
0.321229446836
0.32121512407
0.321295515202
0.321319966339
0.321279016567
0.321334513313
0.321359347855
0.321469121217
0.32155083372
0.321517262432
0.321652250925
0.321755380244
0.321875535282
0.321827468874
0.321913598922
0.322042497966
0.322112623221
0.322253456303
0.322223287462
0.322270070069
0.32227473271
0.322370323291
0.322255086064
0.322233930328
0.322165230149
0.322150877444
0.322280220202
0.322325853812
0.32235746997
0.322418939672
0.322341644933
0.322479689834
0.32251936209
0.322505756728
0.322491876847
0.322380048628
0.322276676536
0.322346680857
0.322447089214
0.322415121667
0.322449605555
0.322359279512
0.322480018719
0.322640947543
0.322594085298
0.322595083295
0.322508341785
0.322401721814
0.322374010106
0.322399373219
0.322405904479
0.32240182457
0.322380807461
0.322403568918
0.322378745544
0.322462622387
0.322484887662
0.32251568064
0.322616494243
0.3226215482
0.322511180977
0.32255949612
0.32249563584
0.322485547058
0.322547428149
0.322573431086
0.322585339155
0.322598110685
0.322610598784
0.322527427604
0.322482563094
0.322444192513
0.322489237507
0.322495546982
0.322576947134
0.322607670918
0.32259650542
0.322565465925
0.322522607641
0.322689240876
0.322588010852
0.322647435226
0.322787232023
0.322863840033
0.322931600159
0.322973606581
0.322981191424
0.323061114523
0.323052477311
0.323183178938
0.323183170109
0.323220321974
0.323291454209
0.323268834061
0.323191241364
0.323308656577
0.323431991485
0.323364288172
0.32331092158
0.323328720448
0.323383997683
0.323413445518
0.323436596858
0.323504705997
0.323513367609
0.323481182964
0.32345080539
0.323436524789
0.323515115073
0.323577492245
0.32355009944
0.323492875651
0.323502509263
0.323520445161
0.32353720959
0.323539301902
0.323555897982
0.323548791145
0.32353973254
0.323593304071
0.323546363565
0.323498860231
0.323430285199
0.323499994787
0.323385606148
0.323493224195
0.323435007126
0.323490969823
0.323540047855
0.323501223648
0.323491692125
0.323577189684
0.323603289194
0.323711351676
0.32376572411
0.323801040928
0.323840008799
0.323878879394
0.323960648436
0.324019805521
0.323995919193
0.323959641319
0.323937638955
0.3239020015
0.32390434301
0.323938753265
0.3238431238
0.323900830926
0.323992311946
0.323977508678
0.323988890142
0.324013481972
0.324072841046
0.324046009674
0.324071524668
0.324056367734
0.324179264355
0.324199744244
0.32431316083
0.324349197901
0.324308617684
0.324280424767
0.324320076823
0.324313296402
0.324348296288
0.324502476802
0.324528421553
0.324459804436
0.324436599885
0.324456651425
0.324379841246
0.324472954028
0.32442702033
0.324414164658
0.324422356757
0.324382914856
0.324468281085
0.324498638987
0.324620065858
0.324699565869
0.32462120422
0.324601943873
0.324661740441
0.324782839354
0.324680238072
0.324650248568
0.324778082224
0.324959384744
0.324997411208
0.324967484208
0.325017162713
0.325015559412
0.325098626945
0.325147445589
0.32523224662
0.325269630488
0.325232920504
0.325295772353
0.325300808989
0.325258357783
0.325246215529
0.325354149837
0.3252848359
0.325370002068
0.325506483358
0.325447075896
0.325410021934
0.32542793213
0.325460746349
0.325427827803
0.325497613446
0.325479976363
0.325467170921
0.325442064317
0.325515994793
0.325426704612
0.325456119944
0.325519433472
0.325511342339
0.325431998074
0.325353194426
0.325333817292
0.325381172672
0.325417156922
0.325386011694
0.325367794547
0.325395674128
0.325458947434
0.325502086652
0.325616677448
0.325651374455
0.325833825607
0.32578079148
0.32588183207
0.325805930559
0.325865304603
0.325924710817
0.325929927787
0.325932782733
0.325958158133
0.325961524176
0.325976835689
0.32600960952
0.326134683806
0.326115413415
0.326111583513
0.326089624207
0.326036085551
0.326057740349
0.326072323489
0.326088167379
0.32609169021
0.326037350064
0.326074404257
0.32611418712
0.326227429631
0.326218299932
0.326279778547
0.326257331241
0.326308251054
0.326297113095
0.326254850973
0.326264932815
0.326278979178
0.326319833656
0.326391357965
0.326469920976
0.32651373397
0.326589739683
0.32660968113
0.326699963264
0.3267061683
0.326807071106
0.32682988103
0.326861993493
0.326837298333
0.326832846937
0.326730745297
0.326797864807
0.326774182859
0.32671669635
0.326755658275
0.32676079954
0.326708257017
0.326743853159
0.326706027413
0.326746477949
0.326762765901
0.326740080368
0.326765047309
0.326724662585
0.32673565507
0.326772977396
0.32676856175
0.326737721225
0.326770091376
0.326725885583
0.326747694716
0.326863830495
0.326833866694
0.326869117164
0.326908552522
0.326844445167
0.326790113276
0.326673317253
0.326670983542
0.326724590387
0.326799497635
0.326851589042
0.326771844444
0.326867577867
0.326938298973
0.326983737293
0.326921335088
0.326906911277
0.326877965522
0.326943007186
0.32704729102
0.326992402504
0.32700501301
0.327014617272
0.327021425799
0.327025895673
0.327053517994
0.327060072711
0.327086333086
0.327124577279
0.327114434529
0.32706153204
0.327090529295
0.327025627241
0.327139976804
0.327197841377
0.327140342763
0.327233995316
0.327226190683
0.327207740886
0.327161671451
0.327177653315
0.327178060832
0.327137460378
0.327188678299
0.327254250096
0.327289023321
0.327224816492
0.327303619904
0.32731226271
0.327298632015
0.327263604091
0.327256126551
0.327166193519
0.327253292349
0.327298689551
0.327286285795
0.32729252135
0.327251316777
0.327322467256
0.327308808505
0.327396137242
0.327376841533
0.327323766922
0.327370514062
0.327408901558
0.327397438751
0.327476418289
0.327637752173
0.327625514682
0.327668965168
0.327740255136
0.32785818603
0.327896606001
0.327917654186
0.327882426287
0.327879444605
0.327930554209
0.328053946967
0.327977359631
0.32808694641
0.328084467959
0.328147226416
0.328169539749
0.32814573463
0.32812862058
0.328247046987
0.328214467888
0.32821390591
0.328214707891
0.328300723253
0.328447067267
0.328412440829
0.328438695714
0.328544829035
0.328629107046
0.328618489941
0.328563021614
0.328555517146
0.328550242398
0.328507914781
0.32857938362
0.328600504743
0.328569087457
0.328536876377
0.328684953075
0.328673286795
0.32864370572
0.328583158507
0.328564189327
0.328476435918
0.328415260858
0.328495270412
0.328467889583
0.328573503661
0.328643699466
0.328638747763
0.328652090096
0.328687926525
0.328704978816
0.328679612009
0.328712130273
0.328611774111
0.328580413033
0.328624992403
0.328618121559
0.328578373578
0.328570232763
0.328555535093
0.32861533342
0.328799531357
0.328884277449
0.328870214792
0.328885287213
0.32888538541
0.328902875957
0.328911757901
0.328868079542
0.32889329499
0.328854102843
0.328901798713
0.328890061961
0.328888017394
0.328951813264
0.328935669256
0.328945832961
0.329010438805
0.329028924136
0.329005403555
0.329087799825
0.329030123634
0.329086588266
0.329051666269
0.329119150341
0.329143144445
0.329156300797
0.329238187756
0.329325361715
0.329292514936
0.329377487779
0.329375324985
0.32932928148
0.329296010209
0.329222083261
0.329284313692
0.329236166533
0.329202250039
0.329240362856
0.329214325159
0.32922475554
0.329214363353
0.329265156276
0.32930495851
0.329293855221
0.329299415589
0.329344706719
0.329333574228
0.329342787453
0.329339939179
0.329354430504
0.329341837335
0.329356458209
0.329348078336
0.32937518616
0.329389485619
0.329396355271
0.32934394717
0.329362238825
0.329406843335
0.329354607399
0.329365954044
0.329372989851
0.329343940897
0.329396953763
0.329414190544
0.329405775613
0.329466273238
0.329440581408
0.329431012411
0.329409303294
0.329447920599
0.329411380754
0.329506088154
0.329465170422
0.329397376211
0.329532793795
0.32959307507
0.329551421035
0.329482524276
0.329490179384
0.329450336727
0.329577614218
0.329584562134
0.32966835767
0.329618852081
0.329635700225
0.329724408896
0.329759935861
0.329834833054
0.329838244807
0.329901213346
0.329908951347
0.329855912029
0.329871493348
0.329841387797
0.329845349798
0.329867514479
0.329852303154
0.329909384458
0.329930454046
0.329857242731
0.329910159349
0.329865189461
0.329854818687
0.329839570179
0.329798123223
0.329841204415
0.329791652926
0.329879778994
0.329867385723
0.329845006792
0.329839073959
0.329814494645
0.329807352107
0.32984165026
0.329816488634
0.329873873276
0.329890644696
0.329917309082
0.329931191868
0.329868399622
0.329881753573
0.329827009923
0.32988484636
0.329907492769
0.329943314245
0.329951532376
0.330058151984
0.330081950696
0.330079688589
0.330068335008
0.330102142882
0.330173715609
0.330176109319
0.330286778973
0.330224383292
0.330150338056
0.330086056473
0.330116009142
0.330194713199
0.330234129074
0.330246505036
0.330297249946
0.330363996555
0.330381777105
0.330339296492
0.330339336708
0.330332353763
0.330288637726
0.330390240625
0.330362942812
0.330456248416
0.330451352657
0.330453061447
0.330450853246
0.330500043553
0.33046546948
0.330528245743
0.33061672458
0.330654476434
0.33065952312
0.330684942736
0.330716545982
0.3307904842
0.330806212667
0.330815907926
0.330823861552
0.330908141918
0.330937969133
0.330950611474
0.330918454323
0.330923957295
0.330903156392
0.330888033576
0.331001064731
0.331037687597
0.331010181841
0.331033577911
0.331076549952
0.331077325051
0.331143285508
0.331135426089
0.331104000073
0.33108645925
0.331091114528
0.331144416205
0.3311620298
0.331206202687
0.331218753596
0.33127083206
0.331331874897
0.331330620088
0.331360210639
0.331311681785
0.33133664899
0.3312703144
0.331249743943
0.331249032807
0.331221902965
0.331200712592
0.331161156948
0.331167939248
0.331201908128
0.331198067569
0.331143711591
0.331193448913
0.331229924576
0.331281470379
0.331280541379
0.331221011091
0.33133409469
0.331400346096
0.331337268562
0.331421760933
0.331417293296
0.331454099255
0.33145726286
0.33154276817
0.331533762546
0.331477501651
0.331439883036
0.331486436233
0.331555360584
0.331555027975
0.331588573537
0.331550045547
0.331547990027
0.331614326923
0.33161752268
0.331718770228
0.331748148264
0.331742006031
0.331778591959
0.331776433577
0.331718175327
0.331706506258
0.331697163147
0.331672808812
0.331729124831
0.331700129991
0.331709484311
0.331677170089
0.331635270704
0.331667792421
0.331763229343
0.331748964064
0.33169615439
0.33165443178
0.331655140252
0.331665195654
0.331693052934
0.331778360163
0.33183750747
0.331859255145
0.331864182854
0.331913668669
0.331852461397
0.331859591887
0.331830321164
0.331897450644
0.331930408046
0.33192743921
0.33189408845
0.331930381717
0.332017069527
0.332023452749
0.331983194974
0.331922841567
0.33190225398
0.331911494254
0.331947114174
0.3320121306
0.331988949389
0.332006855713
0.332006007567
0.332005356362
0.331967824065
0.331940612957
0.332056437021
0.332160544631
0.33212292532
0.332092327192
0.332081168709
0.332048926911
0.33209324573
0.332120792185
0.332156017957
0.332095107157
0.332159364061
0.332124542105
0.332099419901
0.332094784547
0.332135457729
0.332136680756
0.332108005115
0.332089993345
0.33208067929
0.332106971753
0.332103011296
0.332136498745
0.332171636072
0.332170428152
0.332184255622
0.332104824918
0.332100770516
0.332041291606
0.332041850802
0.332113844996
0.332129715565
0.332146589996
0.332211759248
0.332175292387
0.332117057191
0.33214061103
0.332134240221
0.332156159271
0.332266056673
0.33231790424
0.332363433394
0.332391006771
0.332391656007
0.332330697718
0.332368444461
0.332331528479
0.332328894685
0.332312558116
0.33237724894
0.332389423173
0.332525754185
0.332541438528
0.332588162392
0.33266441754
0.332644520364
0.332658070527
0.33268767137
0.332644454311
0.332689668258
0.332676468865
0.33269779182
0.332698229995
0.332661620687
0.332633958948
0.332671969338
0.332686815911
0.332738275519
0.332818389124
0.332786492181
0.332847640649
0.33283677109
0.332793420442
0.332801983753
0.332827005257
0.332869204826
0.332797439418
0.332827321361
0.332779985324
0.332743645653
0.332752516633
0.332749530184
0.332797797871
0.332765216747
0.332768984899
0.332702711639
0.332736811278
0.332715577901
0.332697161825
0.332793049277
0.332762780725
0.332834381233
0.33282493712
0.33282059514
0.332885513687
0.332861564746
0.332887109147
0.332907972727
0.332882953789
0.332975803826
0.33293644839
0.332940746203
0.332935266373
0.332951109432
0.332992603445
0.332994203633
0.33300619382
0.333007290145
0.333003747053
0.33309168256
0.333177426629
0.333219801758
0.333229243276
0.333218925258
0.333205354228
0.333217715053
0.333242765448
0.333304866553
0.333305064996
0.333321261014
0.333356998611
0.333333931622
0.333306129203
0.333326220383
0.333351695362
0.333362277356
0.333367899372
0.333352009707
0.333401637613
0.333405302792
0.333492831291
0.333507035794
0.33345094442
0.333469124228
0.333468149331
0.333403790772
0.333397292887
0.333413057329
0.333405474745
0.333449649152
0.333464423656
0.333470985588
0.333493042486
0.33353235275
0.333531409858
0.333501513823
0.333472800921
0.333492471909
0.333469710646
0.33354438271
0.333620248997
0.333574669157
0.333545918129
0.333596558462
0.333628029127
0.333617345211
0.333584571314
0.333638728
0.333593532048
0.333671329624
0.33366544501
0.333725554536
0.333729498393
0.333770263458
0.333841438415
0.333849276689
0.333857187869
0.333848977984
0.333829397197
0.333849609831
0.333886373839
0.333864460024
0.333911114889
0.333901182231
0.333878548021
0.334076589507
0.334068292215
0.334073328737
0.334113276034
0.334130373888
0.334099514952
0.334094595967
0.334061739013
0.334064941819
0.334142401243
0.334164245273
0.334133657585
0.334116887783
0.334107001708
0.334099830088
0.334132391672
0.334135331035
0.334097562108
0.334108776044
0.334051488603
0.334049238738
0.334065757948
0.33406296365
0.334088857843
0.334156062902
0.334243948363
0.334229632141
0.334202091054
0.334212335055
0.33422565567
0.334230254697
0.334239441266
0.334198870681
0.334244645065
0.334251279976
0.334272828749
0.334282114529
0.334314373048
0.334310556238
0.334298000782
0.334277807162
0.334355738371
0.334357863697
0.334380281513
0.334467992585
0.334494990114
0.334520330346
0.334555293572
0.334535911956
0.334563218653
0.334593492836
0.334555808877
0.334550329274
0.334547091735
0.33448715987
0.334555445084
0.334621379308
0.334655969358
0.334655197359
0.334715321149
0.33469617571
0.334664979068
0.334657399911
0.334700403208
0.334646902029
0.334679784473
0.334664188729
0.334642070737
0.334693519612
0.334693099182
0.334680414403
0.334678363226
0.334695774711
0.334718808657
0.334738217883
0.334725200991
0.334704710456
0.334724925354
0.334730952158
0.334719748278
0.334746463227
0.334707581819
0.334702754344
0.33472845671
0.334696482005
0.334707151623
0.334732561538
0.334672407655
0.334732455734
0.334744590294
0.334803723152
0.334840016683
0.334864770931
0.334858914294
0.334833052425
0.334844654442
0.334937001253
0.334976384342
0.335067256612
0.335079992457
0.335161247674
0.335170246078
0.335141987277
0.335147542572
0.335113001657
0.33514212893
0.3351347583
0.33515765283
0.335162135587
0.335172741615
0.335128521404
0.335141348242
0.335189752735
0.335127327929
0.335192477967
0.335157617988
0.335174163836
0.335196109634
0.335163578689
0.335196590431
0.335171838383
0.335184441901
0.33521411598
0.335274599584
0.335256354688
0.335293854852
0.335280322067
0.335279397916
0.335320089661
0.335289121883
0.335331793827
0.335339757795
0.335327476618
0.335322547009
0.33537976527
0.335388551936
0.335394493734
0.335382563146
0.33538108849
0.335366493607
0.335390644182
0.335424157339
0.335444571187
0.335415666488
0.335386390961
0.335440672417
0.335363725889
0.335371145648
0.335391530045
0.335388145455
0.335354398637
0.335328262499
0.335403832885
0.335418756383
0.335415681976
0.335384041953
0.335334028734
0.335307046585
0.335258553901
0.335258762685
0.335299530521
0.335355543799
0.33535292575
0.335385603105
0.335317591138
0.335283742551
0.33531577771
0.335353229571
0.335368128092
0.33533156679
0.335302284085
0.335256011201
0.335271506038
0.335281103638
0.335297579472
0.335310497375
0.335278141365
0.335300723975
0.335298664775
0.335289558291
0.335254874722
0.335233838953
0.335232835456
0.335228092311
0.335211366631
0.335217246218
0.335230483221
0.335242704882
0.335228985832
0.335304163374
0.335244095341
0.335238232719
0.33519872593
0.335176319296
0.3352448397
0.335251840266
0.335241032599
0.335192436689
0.3351722129
0.335191847744
0.335174291602
0.335147463271
0.335142502236
0.335165771277
0.335180472946
0.335166659953
0.335210767471
0.335203408199
0.335268265126
0.335251463612
0.335272814858
0.335240705941
0.335250301086
0.335260470955
0.335277287239
0.335271514119
