
row1col1
West 1.03007859054e-10
East 7.97122736542e-05
North 0.0
South 4.8172990913e-18

row1col2
West 3.11647846359e-11
East 0.00109211021483
North 3.77813877563e-07
South 6.82891833967e-05

row1col3
West 5.42484068607e-07
East 0.0108308063576
North 7.65439043707e-07
South 0.000137453515114

row1col4
West 2.28454678929e-05
East 0.00262569102759
North 0.00168152230242
South 0.0627411316469

row1col5
West 2.5186413553e-05
East 0.000373835537799
North 0.0113874137325
South 0.0636030883891

row1col7
West 1.0912621255e-05
East 4.27553630851e-08
North 3.23981884963e-05
South 0.00506060424073

row1col8
West 2.57469135531e-06
East 0.0310094024883
North 2.95489370731e-09
South 0.00110666850186

row1col9
West 2.33289109915e-07
East 0.00140361627936
North 0.0453154565826
South 0.263913389075

row1col10
West 0.00939684599836
East 8.99865781408e-05
North 0.00344238131114
South 0.087910635783

row1col11
West 0.00638377171933
East 9.46181283742e-06
North 2.72502178905e-06
South 4.52286141617e-12

row1col13
West 0.0125835019437
East 0.0906894363464
North 0.0453903556019
South 0.508050273499

row1col14
West 0.0122700859206
East 0.581017089191
North 0.0828603149985
South 0.442931348754

row1col15
West 0.0354521649829
East 0.0236767809472
North 0.32441465961
South 0.905531755862

row1col16
West 0.136937566148
East 0.00448311759329
North 0.0199121521316
South 0.270479019549

row1col18
West 2.54533203125e-07
East 0.00885497926514
North 0.00396831188551
South 0.144631779215

row1col19
West 0.00237793824822
East 0.00825590778007
North 0.00528595402279
South 0.207477806272

row1col20
West 0.0567606332555
East 0.00091206148983
North 0.00327584171599
South 0.000386345785106

row1col21
West 0.0114887885204
East 0.000186098218026
North 0.000402781770869
South 0.00315244716456

row1col22
West 0.00143679118106
East 0.000163331635282
North 4.00374831108e-05
South 0.000466495078547

row2col1
West 3.05481299182e-07
East 0.000153076399465
North 0.0
South 6.43118524542e-06

row2col2
West 7.85970305248e-12
East 0.000544244893354
North 1.47669977194e-06
South 0.00274914388523

row2col3
West 1.36876926605e-05
East 0.0244062745103
North 2.30553215886e-07
South 5.59794791914e-05

row2col4
West 0.000759517957175
East 0.175014893016
North 0.00250637119435
South 0.00622182210576

row2col5
West 0.0107851665041
East 0.0223132583216
North 0.0117386216935
South 0.325461745512

row2col7
West 0.00236783338744
East 0.00209579197089
North 0.000186676142172
South 0.0388840553225

row2col8
West 0.00102167406343
East 0.0805120728347
North 0.00110339810959
South 0.000137415560691

row2col9
West 0.0135179803768
East 0.0289461485661
North 0.0728499072839
South 0.49073400861

row2col10
West 0.272645178041
East 0.00195704023371
North 0.0023225932334
South 0.0143038433581

row2col11
West 0.0367529740898
East 0.000939455263953
North 1.01817737094e-07
South 6.26918193282e-07

row2col13
West 0.600635077025
East 0.942042222079
North 0.158800010712
South 0.529245641316

row2col14
West 0.641175673185
East 0.999647500245
North 0.280359720312
South 0.676208946345

row2col15
West 0.0
East 0.0
North 0.0
South 0.0

row2col16
West 0.99011163529
East 0.371020752819
North 0.0208108168277
South 0.321199183831

row2col17
West 0.892021854599
East 0.3450488493
North 0.223469537644
South 0.185738981221

row2col18
West 0.756931896662
East 0.111673538053
North 0.0121155009427
South 0.0152991320717

row2col19
West 0.543361074262
East 0.049448808852
North 0.026204588538
South 0.00152263368568

row2col20
West 0.286615087794
East 0.0172871321938
North 0.000382245951679
South 0.000141753547111

row2col21
West 0.0974116437081
East 0.00302780052824
North 0.00058594817078
South 2.14588184602e-06

row2col22
West 0.019025122997
East 0.00210516157388
North 5.22600258659e-06
South 2.92762171466e-05

row3col1
West 2.53644501939e-05
East 0.00211098792515
North 0.0
South 1.83420834703e-06

row3col2
West 4.44722217937e-05
East 0.0209440122503
North 1.76095055476e-05
South 0.000134294841977

row3col3
West 0.000654127778451
East 0.0871862163107
North 2.24058881186e-05
South 0.000288424165744

row3col4
West 0.00243315568888
East 0.250067913986
North 0.00258760015196
South 0.00985762888594

row3col5
West 0.0211800840235
East 0.0959898980328
North 0.0622496557575
South 0.450922661225

row3col7
West 0.0493855201452
East 0.147706600206
North 0.000796097205544
South 0.0136015287879

row3col8
West 0.0208004001935
East 0.365152799225
North 0.00334867420968
South 0.0282142365203

row3col9
West 0.0417621529935
East 0.0280876659551
North 0.21831050925
South 0.589463927075

row3col10
West 0.241252540213
East 0.000819390978099
North 0.0061731938873
South 9.22896569982e-05

row3col11
West 0.0184603497369
East 0.000509393117586
North 6.51379706531e-05
South 2.48960973281e-06

row3col13
West 0.857330254401
East 0.9025
North 0.858968916826
South 0.81286378231

row3col14
West 0.856812838807
East 0.95
North 0.935377365503
South 0.897974172731

row3col15
West 0.894197343831
East 0.870155431359
North 1.0
South 0.949178750707

row3col16
West 0.945044704903
East 0.476564892779
North 0.443113487111
South 0.360310873951

row3col18
West 0.000145029483216
East 0.000839279167148
North 0.166029213875
South 0.00422117904353

row3col19
West 0.00227124413511
East 0.000712945475047
North 0.0358923875949
South 4.21132615863e-06

row3col20
West 0.00193824125692
East 0.000953144460167
North 0.0345907965718
South 5.25883522089e-06

row3col21
West 0.000260491302809
East 0.000165394441909
North 0.011966100756
South 4.29429978767e-05

row3col22
West 0.00180380688043
East 0.000317026096958
North 0.000934838550517
South 1.90397922374e-05

row4col5
West 0.15023787533
East 0.104399757331
North 0.0807988878438
South 0.507504589681

row4col9
West 0.192790161914
East 0.23132465329
North 0.303135653717
South 0.629856821396

row4col13
West 0.813050623363
East 0.813547892465
North 0.857375
South 0.773715387252

row5col1
West 2.98513672309e-12
East 6.08668751884e-05
North 0.0
South 0.0

row5col2
West 3.26462987576e-06
East 0.00111245354308
North 5.69551188582e-07
South 7.23194923759e-06

row5col3
West 2.02755682458e-05
East 1.12712481642e-05
North 0.000212091210166
South 0.0114540675326

row5col5
West 0.460866958367
East 0.540316268922
North 0.219700337168
South 0.140888201678

row5col6
West 0.497208670994
East 0.568800092265
North 0.475338933957
South 0.42944135944

row5col7
West 0.539216483972
East 0.598736939238
North 0.531806998219
South 0.40070108157

row5col8
West 0.56771913671
East 0.630249409725
North 0.565927123584
South 0.433714884273

row5col9
West 0.598113454751
East 0.663420431289
North 0.553815229797
South 0.527558334238

row5col10
West 0.629582868988
East 0.698337296094
North 0.644032252036
South 0.595284979134

row5col11
West 0.663090173871
East 0.735091890625
North 0.691162008541
South 0.603714415892

row5col12
West 0.697059731658
East 0.7737809375
North 0.72788100845
South 0.63661723951

row5col13
West 0.734142094038
East 0.733627533027
North 0.81450625
South 0.734715208606

row5col14
West 0.7737809375
East 0.689127390897
North 0.691847784463
South 0.584390934228

row5col15
West 0.735091890625
East 0.659687967844
North 0.663203218573
South 0.555326759452

row5col16
West 0.698337296091
East 0.591020626669
North 0.606771187011
South 0.50340458931

row5col17
West 0.662159864212
East 0.321785159377
North 0.24087499149
South 0.201802654367

row5col18
West 0.545199739538
East 0.238917903
North 0.114788000659
South 0.0446865820993

row5col20
West 8.36371658145e-17
East 9.2550982297e-16
North 1.22142866459e-05
South 0.0449013843223

row5col21
West 1.16118653237e-13
East 5.17896460043e-06
North 4.1751645166e-05
South 0.0170052022287

row5col22
West 1.86039293806e-06
East 9.8284622996e-16
North 9.68447918992e-05
South 0.00242616610384

row6col1
West 2.31520602154e-11
East 1.69487961481e-05
North 5.90265521603e-07
South 9.82396553934e-05

row6col2
West 0.0
East 5.65147183979e-05
North 3.33391699216e-07
South 0.00428662688438

row6col3
West 8.59706461658e-06
East 0.000732763373154
North 0.000154326030299
South 0.056053395031

row6col5
West 0.0642090097411
East 0.153351954817
North 0.436613617389
South 0.0651129960409

row6col6
West 0.205962137026
East 0.403510492246
North 0.540360082531
South 0.451540336999

row6col7
West 0.132499998233
East 0.113536073009
North 0.557141757243
South 0.218174278162

row6col8
West 0.125205363278
East 0.0522951280538
North 0.578366912097
South 0.279041976299

row6col9
West 0.236511911702
East 0.225633164916
North 0.615935306003
South 0.18354460895

row6col10
West 0.277896545608
East 0.243883291597
North 0.663026517089
South 0.376818425892

row6col11
West 0.287390870462
East 0.300428522654
North 0.686376349411
South 0.328175512971

row6col12
West 0.273503889415
East 0.441900097768
North 0.724621971754
South 0.429185664281

row6col13
West 0.405867297448
East 0.347169276038
North 0.773736438125
South 0.652528360108

row6col14
West 0.295971848743
East 0.191129109188
North 0.719196284269
South 0.242379125782

row6col15
West 0.188277229998
East 0.251868402531
North 0.690533220383
South 0.378242041186

row6col16
West 0.542234380528
East 0.523803874507
North 0.66342043072
South 0.508345327918

row6col17
West 0.630249401642
East 0.298127999937
North 0.552345954612
South 0.500957380655

row6col18
West 0.576211335276
East 0.0702909862953
North 0.121654103401
South 0.138401593979

row6col19
West 0.453647301214
East 0.0680733170801
North 0.0345203799059
South 0.0691038086199

row6col20
West 0.306822645982
East 0.0171962790129
North 0.000200506469553
South 0.00157020164108

row6col21
West 0.159284038443
East 0.00497657733337
North 0.000425233426868
South 7.02971683912e-05

row6col22
West 0.0401825949641
East 0.00528170999546
North 0.000132539845643
South 1.14542211284e-05

row7col1
West 5.51387181513e-05
East 0.00728214757452
North 6.06816895396e-11
South 7.97058518177e-06

row7col2
West 7.37366836382e-05
East 0.0588520957623
North 0.000171496891057
South 0.000619083068401

row7col3
West 0.00117142767366
East 0.00849407878926
North 0.00221972295833
South 0.181442257259

row7col5
West 0.141785699411
East 0.436099290512
North 0.0399399649446
South 0.101745305367

row7col6
West 0.273235644699
East 0.387966659998
North 0.513342034231
South 0.427635906044

row7col10
West 0.146573514159
East 0.211247957782
North 0.621900341242
South 0.190247305478

row7col17
West 0.452324432176
East 0.297874642079
North 0.598736849953
South 0.451205653225

row7col18
West 0.50831332341
East 0.135349315999
North 0.0517851266035
South 0.0362649192612

row7col20
West 2.29977992749e-16
East 0.000266005310281
North 0.034532445102
South 2.45179489164e-05

row7col21
West 9.99298373437e-05
East 1.43720659585e-06
North 0.0309347370692
South 0.000481127806568

row7col22
West 5.59965780326e-05
East 0.0
North 0.00226421483484
South 1.81319129639e-05

row8col1
West 0.0050801966541
East 0.0331810308617
North 0.000279721053996
South 0.00143742009968

row8col2
West 0.00483820801674
East 0.126197541271
North 5.04544873979e-07
South 0.00347865678183

row8col3
West 0.0245506725931
East 0.303596449385
North 0.0104329458381
South 0.0541031506838

row8col4
West 0.0752684429136
East 0.390746259679
North 0.0590330789816
South 0.0303209151462

row8col5
West 0.139936216351
East 0.455640962574
North 0.133058952795
South 0.0341487476596

row8col6
West 0.278724206024
East 0.398006593
North 0.487674676155
South 0.39454971008

row8col8
West 0.0018615997858
East 0.0390936231515
North 1.79608695471e-07
South 3.25633742276e-05

row8col9
West 0.00148276693863
East 0.18798885414
North 0.01106523669
South 0.0016798660551

row8col10
West 0.0232587603674
East 0.0327043882529
North 0.553043577161
South 0.11966067497

row8col11
West 0.374668383616
East 0.00168449584486
North 2.24715069565e-05
South 0.00251770293113

row8col12
West 0.184726789081
East 0.00148115498486
North 5.54469337905e-07
South 0.000289112107973

row8col13
West 0.0512454934094
East 0.000259045770708
North 0.000147504463896
South 5.78835084531e-07

row8col14
West 0.0116098860083
East 6.38875485995e-06
North 0.000202375901175
South 1.09929313227e-07

row8col15
West 0.000607779353629
East 3.8311029334e-06
North 3.01620817934e-06
South 6.16790056694e-09

row8col17
West 0.334395966069
East 0.157941473487
North 0.568799429527
South 0.419688244713

row8col18
West 0.361721672627
East 0.0305752925833
North 0.0893031674734
South 0.0253280113145

row9col5
West 0.0461733340596
East 0.348116758156
North 0.0250754290267
South 0.00983144920801

row9col6
West 0.18363614071
East 0.346915633134
North 0.4632883135
South 0.336955832652

row9col8
West 3.25444785782e-09
East 0.000216747133909
North 0.00195687233316
South 1.03098845308e-05

row9col9
West 1.37723247251e-05
East 0.0841037151225
North 7.9298812805e-05
South 1.24217156834e-06

row9col10
West 8.32808037141e-05
East 0.00066968476566
North 0.360235307978
South 0.0674793129747

row9col11
West 0.0600489371971
East 0.000325536793233
North 0.00526205123472
South 0.00141045966817

row9col12
West 0.0022106956387
East 6.17944605167e-09
North 0.025475738493
South 0.000381342793825

row9col13
West 0.000953361426402
East 3.55451439214e-07
North 1.12030960495e-06
South 2.76599598924e-09

row9col14
West 1.0782734372e-08
East 2.43793186849e-11
North 0.00129096741869
South 1.3625841809e-06

row9col15
West 5.30710962956e-05
East 1.60655047771e-08
North 3.64250259033e-17
South 2.34992468675e-11

row9col17
West 0.33756479896
East 0.113625522943
North 0.540356252938
South 0.422503289227

row9col18
West 0.320922110318
East 0.0317023678636
North 0.00602906907387
South 0.00880535673478

row9col20
West 1.45424436303e-14
East 6.76357493031e-07
North 0.0
South 0.0

row9col21
West 1.05393645393e-13
East 2.14086158648e-10
North 1.25592101067e-07
South 4.4821114381e-05

row9col22
West 1.1446993067e-06
East 2.63565128737e-11
North 2.11999069857e-19
South 0.0

row10col1
West 1.83226782822e-09
East 1.64263391735e-06
North 1.80797945395e-06
South 0.000119316908212

row10col2
West 1.34292922081e-06
East 0.00112569014325
North 0.0
South 0.0

row10col3
West 5.83136359342e-10
East 2.45329142069e-06
North 0.000842118450937
South 0.031999969187

row10col5
West 0.0219620800209
East 0.274432937519
North 0.0353009007384
South 0.00324605072202

row10col6
West 0.102203054274
East 0.247475158882
North 0.440110943667
South 0.301523663989

row10col17
West 0.244430412758
East 0.0984355500272
North 0.513326002429
South 0.356016885442

row10col18
West 0.290003335753
East 0.028086222288
North 0.00174486377639
South 0.000800932461354

row10col20
West 1.87408849166e-09
East 3.54020432841e-05
North 1.97773927619e-18
South 6.78700168752e-14

row10col21
West 1.25507945984e-08
East 2.21244849059e-11
North 1.55907787922e-07
South 0.000977650357442

row10col22
West 3.20728964151e-05
East 5.30661990148e-13
North 0.0
South 3.41504237507e-12

row11col1
West 0.000163595782231
East 0.00303088549228
North 8.48903674227e-06
South 1.08535445445e-06

row11col2
West 0.000192631893551
East 0.0264140646524
North 8.92474596818e-06
South 3.88819402505e-05

row11col3
West 0.00396018363511
East 0.114183698462
North 0.00192622507922
South 3.32782655998e-05

row11col4
West 0.00602202972019
East 0.237244151822
North 0.0150963266871
South 0.0215164641269

row11col5
West 0.024966822605
East 0.351967757975
North 0.0164606544179
South 0.0237757515098

row11col6
West 0.127566318867
East 0.23082595824
North 0.418053907187
South 0.285290574545

row11col8
West 1.40234589422e-08
East 6.99447287638e-07
North 0.0
South 0.0

row11col9
West 1.76079825532e-08
East 5.41952447508e-08
North 3.25144400869e-06
South 0.000576163737145

row11col10
West 4.02520491311e-05
East 1.4068825133e-09
North 4.99260737254e-08
South 0.0

row11col12
West 4.30155180503e-13
East 1.98223773863e-14
North 0.0
South 3.21065440241e-05

row11col13
West 1.82409908403e-08
East 2.20275816879e-07
North 3.55856861949e-06
South 0.000412650468626

row11col14
West 1.06030608053e-06
East 4.6373856185e-06
North 4.56091477276e-18
South 0.000818375523368

row11col15
West 1.54365442889e-14
East 3.24888671569e-13
North 7.23808171324e-08
South 0.00991442547803

row11col17
West 0.295347501142
East 0.145718285729
North 0.487618006806
South 0.338207723666

row11col18
West 0.313690168048
East 0.0413634048446
North 0.0123717199903
South 0.00085046293102

row11col20
West 1.16609654919e-13
East 7.3245777036e-05
North 4.08460175798e-16
South 0.0

row11col21
West 1.5870600951e-07
East 4.72841442049e-07
North 3.69999363127e-06
South 0.00674165922514

row11col22
West 0.000344314009372
East 3.4877005595e-08
North 4.54022351125e-15
South 3.69203155208e-10

row12col1
West 4.87052732375e-08
East 8.26086121065e-06
North 0.000196686671352
South 6.01548510469e-11

row12col2
West 1.11097220274e-06
East 4.03346483512e-05
North 0.00204628226125
South 3.8860995296e-05

row12col3
West 0.0
East 0.0
North 0.00827328246712
South 3.49903076708e-06

row12col5
West 0.0601682303772
East 0.244905726867
North 0.000142693228063
South 0.0159124623088

row12col6
West 0.0966819690037
East 0.197057507927
North 0.396931382256
South 0.213688001596

row12col8
West 2.5124584759e-17
East 0.000334537631112
North 0.0
South 1.93990392383e-09

row12col9
West 2.5124584759e-17
East 4.49147258629e-08
North 2.00119263669e-06
South 0.00542334105341

row12col10
West 6.97556472784e-09
East 0.0
North 2.57853851893e-06
South 0.0

row12col12
West 4.13437002867e-06
East 0.00047389826297
North 9.50749210626e-14
South 3.47274392437e-06

row12col13
West 2.01238570026e-05
East 0.00898370884415
North 1.89118242556e-06
South 5.85363335578e-05

row12col14
West 8.15187631254e-05
East 0.0465494067991
North 2.8062480886e-05
South 0.000227023895641

row12col15
West 0.00102826922809
East 0.163923487316
North 9.64080427007e-05
South 8.50799867223e-16

row12col16
West 0.00582823849838
East 0.36251712662
North 0.0239380245683
South 0.0388131777379

row12col17
West 0.146295526035
East 0.103006603436
North 0.463113605862
South 0.267577877175

row12col18
West 0.264074449681
East 0.0297294092436
North 0.00826939770035
South 0.0236607074757

row12col20
West 1.38933373225e-08
East 0.001486492812
North 0.0
South 0.0

row12col21
West 4.4156689848e-06
East 1.46672412937e-07
North 4.08393714056e-05
South 0.0239971588866

row12col22
West 0.00101232078435
East 0.0
North 1.32697433397e-10
South 0.0

row13col5
West 0.00857988185846
East 0.198508638209
North 0.0121385444725
South 0.0187783100518

row13col6
West 0.0534027886193
East 0.116822171575
North 0.376423858152
South 0.150693836479

row13col9
West 5.07954246787e-06
East 0.000417710117076
North 4.96004949169e-05
South 0.0253826611917

row13col17
West 0.199970570666
East 0.0952906018385
North 0.439581910408
South 0.174502983739

row13col18
West 0.257559087672
East 0.0284085289853
North 0.0242374759286
South 0.0187959471053

row13col21
West 0.00118040390459
East 0.00196035354714
North 0.000799680697666
South 0.0623340457277

row14col1
West 8.07876902111e-05
East 0.00333942126436
North 6.80421033016e-05
South 5.10772988865e-07

row14col2
West 0.000429793333695
East 0.0605932417233
North 0.000667083135746
South 0.000245024833846

row14col3
West 0.00232085802015
East 0.125007982075
North 0.00443475609498
South 0.000718536116941

row14col4
West 0.00537504168043
East 0.215367647677
North 0.00758827037444
South 9.11672612332e-05

row14col5
West 0.0160901010467
East 0.30464947668
North 0.0133654761121
South 0.0110702328551

row14col6
West 0.0908546828568
East 0.101737320229
North 0.355729911469
South 0.116623084592

row14col7
West 0.299666022868
East 0.0112689185217
North 0.0520918085209
South 0.0212274915978

row14col8
West 0.195086612009
East 0.00172185047566
North 0.0112336761912
South 0.00131221286809

row14col9
West 0.0954896808741
East 0.000639000679808
North 0.000664371542822
South 0.00120042286402

row14col10
West 0.019013709455
East 2.61370911518e-05
North 0.000163457351282
South 1.11184267712e-08

row14col11
West 0.00122890981584
East 8.39678713111e-06
North 5.15686012447e-06
South 3.23614245074e-09

row14col12
West 1.72232422504e-05
East 0.000114017753674
North 1.77285063906e-06
South 1.12098890401e-10

row14col13
West 4.83812188672e-06
East 0.00265451641081
North 1.1188365138e-05
South 4.49186721656e-05

row14col14
West 3.86269934932e-05
East 0.0263119572684
North 5.88678163766e-05
South 0.00139832483735

row14col15
West 0.00126217304668
East 0.114648567014
North 0.00305144118903
South 0.000232532631486

row14col16
West 0.00611575848294
East 0.283792667887
North 0.0219146393784
South 0.0214370418035

row14col17
West 0.0816754829329
East 0.135168371337
North 0.416640707637
South 0.14838002269

row14col18
West 0.380155851734
East 0.0318876858961
North 0.0342754407505
South 0.0103083857544

row14col19
West 0.317033219748
East 0.0171403935218
North 0.0411084390823
South 0.000650248118877

row14col20
West 0.228823116071
East 0.00403246317625
North 0.0141334996345
South 0.00328293989984

row14col21
West 0.139752025424
East 0.00160418211427
North 0.00409978220352
South 7.92193991489e-05

row14col22
West 0.0187812308898
East 0.00087583662724
North 3.5450428208e-05
South 2.61950150449e-07

row15col1
West 2.55641820514e-06
East 0.00179801436737
North 2.77604204037e-14
South 0.0

row15col2
West 6.72872741902e-05
East 0.000400046206241
North 0.024770254378
South 1.66157884645e-05

row15col3
West 1.3195542182e-06
East 0.000372418883177
North 0.0133964118301
South 5.43729658066e-05

row15col4
West 1.45091780057e-06
East 0.0145110417292
North 0.000562414362437
South 0.000559802762847

row15col5
West 0.000413234124563
East 0.116763388318
North 0.00240952985408
South 0.00485402240262

row15col6
West 0.0103546455216
East 0.01437520517
North 0.319689846587
South 0.107167772618

row15col7
West 0.254466461931
East 0.000445600939774
North 0.050549729644
South 0.00176006723308

row15col8
West 0.00341008889152
East 1.90424791548e-07
North 0.0175218641617
South 0.000605913131092

row15col9
West 0.000257429320117
East 1.81050280885e-06
North 0.0160193794671
South 1.01937389659e-08

row15col10
West 0.000373933549899
East 3.37514917794e-06
North 2.15738031846e-06
South 6.94202267631e-23

row15col11
West 3.81430006341e-06
East 0.000266326408131
North 8.37418766314e-07
South 3.74501286443e-15

row15col12
West 1.09673143429e-06
East 0.00453770659466
North 1.63848813939e-09
South 2.79878208528e-14

row15col13
West 7.30542672153e-05
East 0.0274485945003
North 1.3362373356e-10
South 0.000172183801537

row15col14
West 0.00018505033407
East 0.112907873463
North 1.84609317729e-05
South 0.0027193948797

row15col15
West 0.00562826949644
East 0.307305816148
North 0.0083562458245
South 0.0101307597622

row15col16
West 0.0485423312788
East 0.352726035236
North 0.0089534279356
South 0.0142299757207

row15col17
West 0.0188145730713
East 0.0078917130447
North 0.38946989366
South 0.0815675612269

row15col18
West 0.0915804612483
East 0.000695427295831
North 0.00211325400729
South 0.00339599101786

row15col19
West 0.00369668780965
East 0.000375679038633
North 0.0293901977591
South 0.000282948610693

row15col20
West 3.99924369043e-09
East 2.11708851601e-13
North 0.0326860872759
South 0.000671764763704

row15col21
West 0.000229691383294
East 5.99777233661e-06
North 0.0158766730591
South 1.4910530558e-05

row15col22
West 5.4954532516e-13
East 3.85094611903e-13
North 0.000575464729457
South 2.18726911301e-05

row16col2
West 5.82978408125e-05
East 4.93353019749e-05
North 0.00713456534594
South 2.64035054144e-06

row16col7
West 0.0053922983718
East 0.00431857807084
North 0.166131658754
South 0.00241944283859

row16col15
West 0.0169378828932
East 0.0121458146204
North 0.244406814395
South 0.013139776075

row17col1
West 6.04740889576e-07
East 7.2528569109e-05
North 2.01891352369e-07
South 6.09116938405e-09

row17col2
West 3.21827434134e-09
East 2.21187227311e-08
North 0.00171878513894
South 7.11944874673e-06

row17col3
West 0.000163901119765
East 5.70109870204e-09
North 0.0
South 1.74293770825e-08

row17col4
West 5.54391003601e-06
East 1.15265569596e-09
North 3.04928901775e-10
South 5.42207021478e-18

row17col6
West 1.4413954724e-09
East 0.00614923301395
North 6.63251673403e-05
South 0.0

row17col7
West 0.000212863566229
East 0.001422137671
North 0.0909936774692
South 0.00119290199965

row17col8
West 0.0166832914104
East 2.16869972988e-05
North 1.30765912177e-10
South 7.95392828953e-09

row17col9
West 0.00092335728292
East 6.88278322046e-07
North 2.61429254802e-21
South 3.96573445899e-06

row17col10
West 3.40849351596e-05
East 3.70932965016e-12
North 0.0
South 6.48817647656e-25

row17col11
West 2.1533264639e-07
East 3.99248783137e-20
North 0.0
South 4.52871302484e-10

row17col13
West 8.03936176464e-13
East 0.00167441983228
North 1.56400971788e-12
South 0.0

row17col14
West 1.62295660551e-07
East 0.0312111299559
North 6.44406504017e-15
South 2.28167041771e-05

row17col15
West 0.000205084007439
East 0.000303748938993
North 0.174909679128
South 0.00188623080336

row17col16
West 0.00591272907761
East 8.8192752005e-08
North 2.64377953386e-16
South 9.29224047205e-09

row17col18
West 4.25382986313e-08
East 1.26599957311e-12
North 5.78669407297e-11
South 1.73987200058e-06

row17col19
West 1.09595275501e-10
East 0.0
North 4.85103265767e-08
South 6.6503977652e-05

row17col20
West 6.39283189453e-23
East 1.05887006117e-11
North 3.0365951499e-24
South 3.32192233254e-06

row17col21
West 6.97493215384e-16
East 1.42843242079e-11
North 1.49896948438e-16
South 2.36486563133e-06

row17col22
West 5.24853984249e-11
East 0.0
North 2.27552950442e-13
South 1.85556172687e-07

row18col1
West 0.0
East 3.97248963124e-06
North 1.28235144927e-07
South 7.25528974402e-16

row18col2
West 3.86708217992e-08
East 5.05102117976e-08
North 0.000184295036392
South 3.96618121525e-08

row18col3
West 8.09200286418e-14
East 0.0
North 4.74191375878e-06
South 2.96453900197e-08

row18col4
West 0.0
East 0.0
North 5.52926687822e-08
South 1.94194232142e-17

row18col6
West 7.90540435891e-07
East 0.00486066034119
North 0.0
South 6.35020040991e-22

row18col7
West 0.000196506450964
East 0.000201808918487
North 0.0405680342584
South 9.65198466303e-05

row18col8
West 0.00816740801694
East 2.30993466533e-06
North 0.000548009733796
South 8.9497865392e-07

row18col9
West 0.00136245436617
East 1.66843513008e-07
North 1.40828716179e-05
South 2.17624332042e-12

row18col10
West 0.000169293865817
East 2.66228172552e-09
North 2.17376179691e-08
South 1.30719108338e-22

row18col11
West 5.24287384213e-07
East 1.62014515217e-10
North 9.46406188918e-35
South 0.0

row18col13
West 3.19041857809e-06
East 0.00226322568378
North 1.3047838266e-09
South 0.0

row18col14
West 1.35555162507e-08
East 0.0179939927716
North 3.68790199643e-05
South 2.36363890528e-06

row18col15
West 0.000163897145051
East 0.000680233009688
North 0.103200607796
South 0.000413102005279

row18col16
West 0.0447798449649
East 0.000159794647844
North 0.000169780476869
South 1.41431736317e-05

row18col17
West 0.0162249191288
East 5.68256115005e-05
North 0.000528789575824
South 0.000554873747223

row18col18
West 0.00575704872518
East 6.9339686913e-05
North 4.2561364934e-08
South 5.14501652915e-06

row18col19
West 0.00137847962004
East 3.80050788509e-07
North 4.19449661483e-06
South 5.60194026859e-11

row18col20
West 0.000286804964199
East 3.36818719787e-09
North 2.77258239829e-08
South 9.88047524222e-09

row18col21
West 5.04352025963e-05
East 7.21893594125e-09
North 4.88930508137e-13
South 6.52007521725e-12

row18col22
West 3.56044013636e-06
East 7.17010561748e-11
North 7.54994324498e-12
South 6.12118119341e-17

row19col1
West 3.83484966913e-11
East 0.0
North 1.06315196938e-07
South 2.61511995051e-20

row19col2
West 3.04426642964e-12
East 0.0
North 7.06354393527e-06
South 6.48337964739e-09

row19col3
West 2.19408779685e-23
East 0.0
North 3.18221792999e-07
South 2.40203185286e-08

row19col4
West 0.0
East 0.0
North 1.07864974777e-10
South 1.94194232142e-17

row19col6
West 2.75366301714e-07
East 9.62733927801e-06
North 1.50576454973e-13
South 0.0

row19col7
West 2.10642357171e-09
East 1.85223960725e-06
North 0.00455190591807
South 3.65405896202e-05

row19col8
West 0.000139996443459
East 0.0
North 7.022357779e-06
South 9.05636941508e-07

row19col9
West 4.58156488509e-11
East 6.45499123961e-11
North 1.30081204943e-06
South 0.0

row19col10
West 0.0
East 6.20915764604e-24
North 1.02228618653e-05
South 1.30719108338e-22

row19col11
West 1.27518058542e-08
East 0.0
North 0.0
South 0.0

row19col13
West 1.05353354534e-08
East 1.59630022641e-07
North 9.97116538212e-05
South 6.27776727275e-10

row19col14
West 1.72391433856e-08
East 4.17823598502e-08
North 0.00055841695337
South 1.03838400803e-06

row19col15
West 2.33460708203e-09
East 9.73642982488e-06
North 0.0106175759906
South 0.000119853090195

row19col16
West 0.000479823239199
East 0.0
North 1.95650428857e-05
South 1.20596112402e-06

row19col18
West 6.17077626636e-08
East 2.33279065701e-08
North 0.000775652272932
South 1.08516364514e-07

row19col19
West 8.88299311875e-06
East 3.20042712612e-09
North 1.14761153302e-09
South 2.37166072247e-22

row19col20
West 7.18339486463e-08
East 1.75898512874e-13
North 2.87587567181e-06
South 1.85587919162e-09

row19col21
West 7.35760327151e-12
East 1.95465446238e-16
North 2.18115389714e-06
South 9.67606572711e-12

row19col22
West 0.0
East 0.0
North 6.43249567015e-08
South 1.73101909528e-17
