0.0254792477016
0.0242659631363
0.0246422721826
0.0241674483474
0.0237047435366
0.0244694086148
0.0263409013107
0.0268441875035
0.0261448654984
0.0273293048861
0.0276278837025
0.0278714206609
0.0281375070032
0.0282186854013
0.0285667895634
0.0287351750404
0.0284822725018
0.029120760597
0.0291866187
0.0293018558844
0.0293940970906
0.0294842911838
0.0294936692302
0.0295460533036
0.0295738804418
0.0295085902283
0.0301556067015
0.0300060491645
0.0300675894361
0.0304510282097
0.0304189066041
0.0301711839043
0.0304373307334
0.0303191280425
0.0303837579374
0.0302192734224
0.0301975328761
0.0304931721946
0.0305907139338
0.0306213195232
0.0305167611282
0.0306832244995
0.0307697873887
0.0306806656967
0.0307537627424
0.0308534474078
0.0308378363222
0.0308872705514
0.0307610629849
0.0306451036544
0.0307829313203
0.0310696006256
0.0309093372234
0.0309113730681
0.0309896771456
0.0310091487584
0.0311405661965
0.0311374720102
0.0310961484763
0.0311934194422
0.0311873404146
0.031265570419
0.0313690819146
0.0314712349788
0.0316079671521
0.0316190871925
0.0316331622813
0.0317321590213
0.0317160753788
0.0317887747019
0.0318047876019
0.0318638000991
0.0318948878369
0.0318645116654
0.03189347332
0.0319491173775
0.0320231669642
0.0319864504885
0.0319770964891
0.0320200669025
0.0320587690791
0.0321129002339
0.0321250361217
0.0322026923379
0.0322334095052
0.0323118904326
0.0324699467189
0.0325688899133
0.0325960119873
0.0325867135768
0.0325657433872
0.0326611518452
0.0327546717504
0.0328699983911
0.0329114530747
0.0328308285594
0.0328624259557
0.0330425988049
0.0330687286918
0.0330575283357
0.0330949274998
0.0331478429009
0.0331695602829
0.0332043440579
0.0332282682069
0.0333634392037
0.0334141407176
0.0334931207112
0.0335992520462
0.0336633177203
0.0337020276528
0.0337648790474
0.0338735407969
0.0339121875503
0.033920537433
0.0340011023413
0.0340605455184
0.0341450687637
0.0342564392657
0.034274628321
0.034382219812
0.0344115092078
0.0344613700109
0.0345029637695
0.0346129819497
0.0346241455763
0.0346579344652
0.0347237454399
0.0348091522651
0.0348195090806
0.0349157311824
0.0349309785288
0.0349305176648
0.0350328690743
0.035095058669
0.0351877466041
0.0351393326268
0.0351867887201
0.0352453357001
0.0352966147029
0.0353379226625
0.0354303018308
0.0355126711467
0.0355877308795
0.0357310951948
0.03581771984
0.0358549292586
0.035904513526
0.0359901106574
0.0360577334045
0.0361664572018
0.0362374045744
0.0362719735697
0.036315506014
0.0364113869364
0.0364534938995
0.0364983266853
0.0365966494421
0.036692719821
0.0367186181014
0.0368282578393
0.0369138322929
0.0369743803608
0.0370077929396
0.037075364787
0.0371820846378
0.0372508770791
0.0373153122561
0.0373958400484
0.037444084927
0.0375465363221
0.0376374191627
0.0377446846059
0.0377719193927
0.0378182579492
0.03788700745
0.0379419831053
0.0379841251747
0.0380507251887
0.0381634744933
0.0382261181923
0.0382520402321
0.0383515245677
0.0383857665468
0.0384563639241
0.0385648728548
0.0386536541305
0.0387496252352
0.0388225522592
0.0389189228659
0.0389890455863
0.0390683516655
0.0391886103904
0.0392858802899
0.0392966354171
0.0393806848287
0.039509995149
0.0395221193683
0.0395833535444
0.0396834382639
0.039753306274
0.0398288711874
0.0399383946437
0.0400601128658
0.0401404443108
0.0401917437128
0.040320587019
0.0404229922475
0.0404989022631
0.0405482749627
0.040637946787
0.0407145959415
0.0407793421123
0.0408774377473
0.0409750814889
0.0410299947011
0.0411210023396
0.041206048799
0.0413332158514
0.0414761716304
0.0415522251707
0.0416480724739
0.0417480746218
0.0418412641169
0.0419243213499
0.0420399115347
0.042182747573
0.0422817511993
0.0423394716245
0.0424166163215
0.0425141866987
0.0426560179684
0.0427043142814
0.0427735567314
0.0428371378731
0.0429004298281
0.0429690368994
0.0430217949271
0.0431106568344
0.0431983744932
0.0432639207459
0.0433332196221
0.0434333197139
0.043506502059
0.0435898485989
0.0436803258833
0.0437829403919
0.0438584755201
0.0439617834441
0.0440498805579
0.0441027034776
0.0442115151299
0.0442832896002
0.0443508036052
0.0443963982453
0.044478836907
0.0445571720899
0.044679251787
0.0447904920022
0.044898545434
0.0449935401264
0.0451032760329
0.0452058436057
0.0453543769397
0.0454750544513
0.0455746394762
0.0457206234175
0.0458405895891
0.0459024975346
0.0459822550065
0.0460822007802
0.0461859977206
0.0463037919005
0.0464189528759
0.0465547229495
0.0466399697288
0.0467519446968
0.0468371519614
0.0469401666457
0.0470436464382
0.0471336296085
0.0472410654844
0.0473235530026
0.047406528525
0.0474855858608
0.0475951481672
0.0477046249007
0.0477930042975
0.0478562437498
0.0479551212269
0.0480425548215
0.0481273405001
0.0481943064794
0.0482872686826
0.0483832605
0.0484877595044
0.0486151534776
0.0487112887821
0.0488324902471
0.0489668094672
0.0490756793189
0.0491892023449
0.0492680431782
0.0493588484799
0.0494761363828
0.0495651140111
0.04968209306
0.0497516991844
0.0498447852679
0.0499361238202
0.0500461613103
0.0501496183553
0.0502584557564
0.0503642093149
0.0504462870616
0.0504990044836
0.0506214469869
0.050766541767
0.050846142675
0.0509342042243
0.0510402419655
0.051138215974
0.0512282210027
0.0513130419649
0.0514007084238
0.0514814878767
0.051577764397
0.0516786947681
0.0517592181957
0.0518487224348
0.051943111085
0.0520618588127
0.0521626879514
0.052244042335
0.0523646910986
0.0524720956707
0.0525922517441
0.0526924120794
0.0527850953894
0.0528885091166
0.0529665024953
0.0530667381656
0.0531490179645
0.0532286537445
0.0533181993698
0.0534044699993
0.0535162502041
0.0536119596621
0.0536969983309
0.0537822712968
0.0538990776314
0.0540403503358
0.0541577966679
0.0542525309335
0.0543455668531
0.0544232463647
0.0545197127634
0.0546410179725
0.0547454955898
0.0548337320601
0.0549211316543
0.055039743645
0.0551487251173
0.0552473882795
0.0553391602771
0.0554340196609
0.0555417325525
0.0556420106438
0.0557446057069
0.0558543774336
0.0559288962629
0.0560262595933
0.0561109431403
0.0561784360248
0.0562748824138
0.0563622406447
0.0564842210864
0.056611527544
0.0567099790464
0.0568098187514
0.0569148355308
0.0570085309447
0.0571383878278
0.0572355537073
0.0573227381525
0.0574288509186
0.0575188113078
0.0576283321212
0.0577203911951
0.0578166938253
0.0579071196695
0.0580006409149
0.0581090672559
0.0582105942437
0.0583051941465
0.0584046599434
0.0584993861524
0.0586120960241
0.0587118247835
0.0588046738852
0.0588961328067
0.0589799582251
0.0590649636727
0.0591533712393
0.0592523198957
0.0593349568857
0.0594243329125
0.0595266775835
0.0596088948871
0.0596997482632
0.0597999324999
0.0599032621016
0.0600035062962
0.0601085797327
0.0602102177303
0.0603074319908
0.0604001385362
0.0604883269621
0.0605837621091
0.0606862716485
0.0607958569766
0.0608891109113
0.0610007669062
0.0611161026392
0.0612137509378
0.0612910719689
0.0613838674537
0.0614827170461
0.0615922949357
0.0616779540506
0.0617927289877
0.0618746247732
0.0619662927097
0.0620635497265
0.062133004664
0.0622229841755
0.0623292304308
0.062439897891
0.0625443709045
0.0626379816335
0.0627252502702
0.0628148116812
0.0629005099726
0.0629741994123
0.0630548660734
0.063140821098
0.06322164852
0.0633197816897
0.0634270609691
0.0635281153755
0.0636343610095
0.0637243357965
0.0638147080178
0.0639053915605
0.0640016841412
0.0641122581905
0.0642069359191
0.064296333153
0.064412394163
0.0645138227336
0.0646000407416
0.0646998892717
0.064794722975
0.0648787168913
0.0649739054665
0.065074256209
0.0651708492349
0.0652801694818
0.0653580821328
0.0654489729893
0.0655484973331
0.0656343358716
0.0657501015006
0.065859940649
0.0659603388705
0.0660426190417
0.066120944006
0.0662218907737
0.0663374263674
0.0664342264334
0.066532721604
0.0666250344349
0.0667141985025
0.0668220562089
0.0669120870494
0.067022848385
0.0671317328787
0.0672082869193
0.0673076676141
0.0673906040694
0.0674809679436
0.0675792620116
0.0676647662803
0.0677614613302
0.0678534911519
0.0679455966997
0.0680457188805
0.0681120038609
0.0682055822986
0.0682833741229
0.0683752042658
0.0684768249534
0.0685631729115
0.068655654284
0.0687419165678
0.0688406749527
0.0689179221205
0.069008456333
0.069108824809
0.0692158607794
0.0693101027455
0.0693921364032
0.0694663692527
0.0695661566892
0.0696560866677
0.0697577605129
0.0698325295829
0.069925031473
0.069996113134
0.0700622253492
0.0701352088667
0.0702238930683
0.0703016326739
0.070390662173
0.070491346908
0.0705806202983
0.0706687946923
0.0707552092385
0.0708540290727
0.0709273831607
0.0710132736424
0.0711137026677
0.071199564986
0.0712968938144
0.071377136077
0.0714667972186
0.0715439930742
0.0716298601198
0.0717155937683
0.0717985768879
0.0718783475352
0.0719733315213
0.0720492508741
0.0721316688144
0.072213187356
0.0723040756956
0.0723943915039
0.0724669094585
0.0725552197511
0.0726451927618
0.0727328018936
0.0728301095082
0.0729025239081
0.0729829182116
0.0730696055439
0.0731604261422
0.0732460411122
0.0733306925475
0.0734215463522
0.0735099780316
0.0735874818474
0.073653084891
0.0737302891888
0.0738157984889
0.0738918241998
0.0739740478069
0.0740452600721
0.074121996873
0.0742049884591
0.0742890236166
0.0743656223751
0.074458421735
0.0745463687177
0.0746449468501
0.0747259627385
0.0748050417849
0.0748942758603
0.0749891665234
0.0750807055294
0.0751710822063
0.0752653191868
0.0753524524128
0.0754575256254
0.0755372026074
0.0756307844204
0.0757091563359
0.0757900755127
0.0758667990246
0.0759498420725
0.0760423630505
0.0761166180813
0.0762015527106
0.0762858797987
0.0763679765335
0.0764339981471
0.0765272656872
0.076614770909
0.0767080833542
0.0767804312961
0.0768839024469
0.0769723635999
0.0770346876874
0.0771182835512
0.077202800116
0.0772917367072
0.077377531751
0.0774429679813
0.0775126627284
0.0775798029529
0.0776530141173
0.0777320640711
0.0778023313961
0.077892242134
0.0779706743268
0.0780528461224
0.0781268110305
0.0782071765624
0.078275672895
0.0783440083593
0.0784260364086
0.0784912043764
0.0785621742261
0.0786446217253
0.0787185750865
0.0788023808017
0.0788849055411
0.0789800760727
0.0790599644376
0.0791380844322
0.0792042174239
0.0792831906107
0.0793556516705
0.0794389160146
0.0795165535161
0.0795922126579
0.0796774498263
0.0797569267111
0.079826713381
0.0799053262614
0.0799858633694
0.0800688643377
0.080145850215
0.0802173033107
0.0802890839683
0.0803727203168
0.0804470720121
0.0805148909382
0.0805970841996
0.0806637835603
0.0807371667377
0.080812957947
0.0808882189665
0.0809592230576
0.0810405115758
0.0811192476382
0.0811847897115
0.0812529628532
0.0813188397797
0.0813886676454
0.0814646444202
0.0815234228292
0.0815866366682
0.0816494213972
0.0817169984276
0.0817981530105
0.0818730625518
0.0819403161941
0.0820123649992
0.0820811161841
0.0821590300693
0.0822413237503
0.0823289506891
0.0824064944537
0.0824779345929
0.0825484437475
0.0826317755403
0.0827101185666
0.0827836252965
0.082850796808
0.0829220946947
0.0830015709163
0.083086015944
0.0831627181627
0.0832227150077
0.0832826220388
0.083359075784
0.0834430421819
0.0835120034041
0.0835929753015
0.0836475121492
0.0837225311527
0.083788594813
0.0838637830833
0.0839319015853
0.0839846220036
0.0840445344194
0.0841264604599
0.084183034388
0.084253077902
0.0843143786934
0.0843758061248
0.0844417988534
0.0845011423096
0.0845735682871
0.0846518065415
0.0847192141843
0.0847871127487
0.0848449939417
0.0849068368569
0.0849794140095
0.0850469779001
0.085107710547
0.0851742439848
0.0852357500684
0.085308535216
0.0853640008101
0.0854170256211
0.0854784632669
0.0855334360455
0.0856067280977
0.0856651333298
0.0857336222594
0.085802356564
0.0858570143982
0.0859227334112
0.0859922022427
0.0860606232935
0.0861243904865
0.0861983461809
0.0862640078276
0.0863348392697
0.0864030790375
0.0864658947453
0.0865281733248
0.0866006768081
0.0866534697861
0.0867205682514
0.0867770080173
0.0868383253876
0.0868999970297
0.086949495836
0.0870206812734
0.0870809383871
0.0871365215273
0.087207224258
0.0872767119439
0.0873372791199
0.0874062011819
0.0874692394309
0.0875267807201
0.087589224632
0.0876559866825
0.0877097939975
0.0877738139914
0.0878291605805
0.0878987215461
0.0879524096067
0.0880247405533
0.0880945585299
0.0881595981085
0.0882220668198
0.0882799875948
0.0883300420244
0.0883913779028
0.0884499748661
0.0885081834917
0.0885710870624
0.0886415070467
0.0886979336593
0.0887652336138
0.0888187566296
0.0888797159182
0.0889296891203
0.088983007466
0.0890582701694
0.0891139065054
0.0891663917346
0.0892302134253
0.089299334548
0.0893616829694
0.0894235229858
0.0894786752591
0.0895353544164
0.0895973959306
0.0896562508684
0.0897123958689
0.089761668531
0.0898331366994
0.0898944774551
0.0899618818152
0.0900206204074
0.0900658509586
0.0901201785818
0.0901633637933
0.0902256006181
0.0902776256604
0.0903348557616
0.0903899930178
0.090444652058
0.0905029478639
0.090571865097
0.0906357792517
0.0907029501419
0.0907567962792
0.0908264834725
0.090876215849
0.0909386274782
0.0909978302347
0.0910580861838
0.0911194747874
0.0911771736669
0.0912230650324
0.0912791631015
0.0913499430603
0.0914063500149
0.0914745086677
0.0915210450739
0.0915809854041
0.0916458928233
0.0917063893033
0.091757183882
0.0918156751242
0.0918688484337
0.0919291013647
0.0919878132156
0.0920438957661
0.0920945910557
0.0921379281118
0.0921897189229
0.0922480804037
0.0923007319302
0.0923516642314
0.0924101529297
0.0924563710181
0.0925090668047
0.0925646206443
0.0926166485804
0.0926678945421
0.0927281842517
0.0927856024629
0.0928418398004
0.0929009293243
0.0929510040724
0.0929981812897
0.0930492153041
0.0931090127282
0.0931688635505
0.0932224826044
0.0932773192534
0.0933252478044
0.0933809363252
0.093428555648
0.0934945659776
0.0935571790246
0.093607105939
0.0936668182229
0.093719316284
0.0937728650505
0.0938260739608
0.0938671081849
0.0939226464045
0.093968550031
0.0940256437093
0.0940774476398
0.0941306007752
0.0941778658093
0.0942379181551
0.0942922476256
0.0943401872215
0.0943824340632
0.0944344736723
0.0944957903924
0.0945523185933
0.0946048008391
0.0946635062945
0.0947182393417
0.0947704107581
0.0948109134172
0.0948530965984
0.0949059647376
0.0949535542216
0.0950062205599
0.0950613739092
0.0951164826341
0.0951761661547
0.095223706492
0.0952723988967
0.0953212204128
0.0953732143212
0.0954251466543
0.0954821126272
0.0955347708916
0.0955946387948
0.0956415343879
0.0956834241085
0.0957296246144
0.0957771868819
0.0958237087402
0.0958801383873
0.0959334637591
0.0959917123142
0.0960339022084
0.0960793721321
0.0961255168225
0.0961716543029
0.0962228026903
0.0962674917648
0.0963075519353
0.0963542547773
0.0964052725247
0.0964586969296
0.0965023348577
0.0965473326236
0.0965986143037
0.0966526759396
0.0966999167935
0.0967458013779
0.0967927255111
0.0968399557926
0.0968866268987
0.0969329859542
0.0969836047215
0.09702994639
0.0970769130109
0.0971293237426
0.0971747603781
0.0972283169688
0.0972753044757
0.0973179225787
0.0973628853405
0.0974056590914
0.0974558870069
0.097507388481
0.0975598259994
0.097602069006
0.0976431279435
0.0976910833157
0.0977307495191
0.0977817359512
0.0978269209599
0.0978732757772
0.0979276641526
0.0979851555985
0.0980348202812
0.0980879929697
0.098140564888
0.0981835949982
0.0982453048286
0.0982958567601
0.0983459357732
0.0983967516319
0.0984395002744
0.0984852696976
0.0985301804302
0.0985853192633
0.0986354519307
0.0986811230289
0.0987223366828
0.0987726047963
0.0988159248568
0.0988582621266
0.0988992476632
0.0989449276947
0.0989980552522
0.099043916588
0.0990911366012
0.0991384630864
0.0991867402173
0.0992303424719
0.0992678460479
0.0993064309356
0.0993442884843
0.099384975014
0.0994296627569
0.0994784644258
0.0995305279048
0.0995706857138
0.0996243967108
0.099670265892
0.0997190465955
0.0997592918419
0.0998068451696
0.0998604067895
0.0999082831933
0.0999507213464
0.0999876269598
0.100031841395
0.100069463601
0.100110828227
0.100160370256
0.10021541027
0.100269643163
0.100321449995
0.100368416606
0.100409622012
0.100448101108
0.100493112344
0.10053907138
0.100590472566
0.100638784852
0.100680059201
0.10072305526
0.100764206696
0.100801714374
0.100840744402
0.100876251921
0.100913114518
0.10095188011
0.100994046494
0.101033016737
0.101074621208
0.101118946514
0.101165959213
0.101209558078
0.101249713022
0.101290396292
0.101328016103
0.101365009414
0.101404891531
0.101444100605
0.101488694262
0.101519646051
0.101561251835
0.101604019725
0.101641419007
0.101681121742
0.101729649393
0.101777931163
0.101822074256
0.101866867567
0.10190901111
0.10195496916
0.102002630873
0.102044848868
0.102085182102
0.102128743675
0.102172792943
0.1022248013
0.102271760011
0.102314306816
0.102361640931
0.102404570627
0.10244826693
0.102500224424
0.102545965157
0.102591654778
0.102632648282
0.102669332804
0.102711398604
0.102755344752
0.102796627641
0.102842530671
0.102882868977
0.102919521695
0.10296587295
0.10301450596
0.103058689051
0.103103293107
0.103137949346
0.103182539024
0.103227688737
0.103266720171
0.103307400165
0.103348204727
0.103390892992
0.103426737731
0.103469637447
0.103507546265
0.103543396002
0.103577908422
0.103620048079
0.103669993693
0.103706446611
0.103745219391
0.103784159107
0.103823843963
0.103867195593
0.10391341574
0.1039629486
0.104004815191
0.10405030036
0.104088926295
0.104129653062
0.104177943381
0.104220855329
0.104260733515
0.104302101077
0.104339466182
0.104383862412
0.104429721868
0.104471460973
0.10451630282
0.104544591904
0.104596796395
0.10462466643
0.104664030635
0.104713598125
0.104749980641
0.104798741135
0.10484171778
0.104875148643
0.104921628108
0.104958772086
0.105000103872
0.105039504143
0.105076406029
0.105121792882
0.105153869177
0.105185108104
0.1052247242
0.105265846304
0.105311837424
0.105357443657
0.105398194172
0.1054399122
0.105482017593
0.105529551357
0.105569388043
0.105609875459
0.105651504942
0.105691090676
0.10573319075
0.105767426798
0.105808071188
0.105846738815
0.105885273759
0.105929691012
0.105963176494
0.105996068415
0.106034030212
0.106073623971
0.106110684699
0.10615490683
0.106195274631
0.106238260921
0.106279907257
0.106322477323
0.106352798909
0.106399413691
0.106441211156
0.106480894976
0.106510895375
0.106547444036
0.106590379427
0.106628872858
0.106666295166
0.106703884191
0.106744350516
0.106788455143
0.106827946764
0.106865320919
0.106903552428
0.106937959951
0.106982734012
0.107026466572
0.107069873579
0.107108518086
0.107149225518
0.107193168228
0.107240769558
0.107280801311
0.107325101055
0.107362960053
0.107399759625
0.107444271389
0.107484650909
0.107523601369
0.107564428793
0.107602101095
0.107637647563
0.107675305619
0.107711362932
0.107748760254
0.107785906269
0.107825843976
0.10785896733
0.107897246581
0.107940645776
0.107982365181
0.108022157318
0.108061711852
0.108099498117
0.108135145091
0.10817011795
0.108211343806
0.108253927292
0.108300826792
0.108339347376
0.108377083239
0.108421294937
0.108459887975
0.108506553955
0.108537709157
0.108570269593
0.108604998416
0.108641731849
0.108670242685
0.108713659577
0.108758485998
0.108796253377
0.108836371835
0.108873295463
0.108911438512
0.108955265447
0.108993982695
0.109038705592
0.109074968369
0.109118970974
0.109148172535
0.109187427459
0.109225423662
0.10925783925
0.109293909192
0.109334631725
0.109368019317
0.109400530332
0.109437898446
0.109486102218
0.10952281085
0.109556454907
0.109581199125
0.109609653198
0.109653845005
0.109694107273
0.109736295219
0.109778004206
0.109820457087
0.109859376677
0.109896616248
0.109936173081
0.109972020129
0.110012671614
0.11004918909
0.110092697486
0.110130420692
0.110165627003
0.110199461776
0.110230726783
0.110270655672
0.11030576846
0.110338460393
0.110377443041
0.110423091813
0.110462882022
0.110501368209
0.110538092201
0.110574254788
0.110608861747
0.110648003905
0.110688547246
0.110721752453
0.110758230456
0.110804075937
0.110848210192
0.110886853647
0.110925323154
0.110968488595
0.111011814907
0.111053758496
0.111096513642
0.111139639717
0.111177576904
0.111227304034
0.111264531309
0.111303548265
0.11134398468
0.1113835278
0.111428172998
0.111470168658
0.111511079549
0.111553236435
0.111592044174
0.111638454607
0.111682045482
0.111725065863
0.111768855689
0.111804333222
0.111847737337
0.111886225931
0.111923378191
0.111965921286
0.112006838466
0.112053386943
0.112092723063
0.112130331115
0.112168154573
0.112211023839
0.112249677802
0.112291360411
0.112334662682
0.112379313634
0.112419017379
0.112458990208
0.112504041907
0.112546229049
0.112585794353
0.112629879479
0.112667604283
0.112705017662
0.112745988914
0.112782753678
0.112825607072
0.11287292843
0.11291554703
0.112951428714
0.112992801728
0.113029979471
0.113067007392
0.113102576892
0.113141836501
0.113185240756
0.113223932504
0.113262575828
0.113295379849
0.113340921916
0.113389188447
0.113430589291
0.113473485952
0.113521152983
0.11356757892
0.113612714307
0.113646549068
0.113699466316
0.113745657854
0.113786052727
0.113825387099
0.113870916903
0.113916841238
0.113955483713
0.113995202503
0.114036600637
0.114079207713
0.114118224621
0.114169732013
0.114209460594
0.114250401699
0.114290892632
0.114335278399
0.114381487837
0.11443377534
0.114470564082
0.114512355642
0.114551397414
0.114591884445
0.114633102557
0.114672807675
0.114716485412
0.11476103818
0.114807909718
0.114849174385
0.114896903553
0.114933677279
0.114977283399
0.115024845041
0.115071221852
0.11511571605
0.115157916675
0.115205129826
0.115250448793
0.115293168442
0.115337697184
0.115382467222
0.115429003592
0.115474808817
0.115523482914
0.115563125464
0.115611581179
0.11565937093
0.115707142236
0.115749398508
0.115790515842
0.115842095346
0.115882093805
0.115924070352
0.115969438543
0.116008523739
0.116052766283
0.116098697836
0.116143786318
0.116189055929
0.116237390346
0.116285876268
0.116330568811
0.11638197635
0.116437976796
0.116483127996
0.116529381302
0.116576956579
0.116621177785
0.116671210347
0.116726800381
0.116768384219
0.116818913565
0.116864445514
0.116907834995
0.116948941987
0.116999192309
0.117037205921
0.117087131387
0.117135148222
0.117175840673
0.117217587672
0.11725824619
0.117305558861
0.117352587549
0.11740468959
0.117453053332
0.117498258357
0.117544862011
0.117586400277
0.117631586885
0.117679425276
0.11772568018
0.117767773639
0.117814397166
0.117863521816
0.117903002108
0.117950463817
0.117987380573
0.118040089419
0.118083888788
0.118128455053
0.118182779033
0.118228346747
0.118278711805
0.118325289893
0.118374100349
0.118416340602
0.118458833817
0.118504538779
0.118551720113
0.118599133396
0.11864573024
0.118699954001
0.118753213591
0.118802802335
0.118852301779
0.118899891949
0.118941910436
0.11898393729
0.119038648606
0.119083254873
0.119125441712
0.119168451602
0.119217942949
0.119263377091
0.119314747741
0.119365316443
0.119417888849
0.119467298249
0.119515209603
0.119571144911
0.119616286278
0.119659067747
0.119709180819
0.119760258638
0.119814319161
0.119863731388
0.119919055191
0.119969664481
0.120022367027
0.120074765251
0.120120165704
0.12016714691
0.120216192867
0.120269241484
0.120321392342
0.120366568307
0.120412825942
0.120464754883
0.120514593649
0.120563417362
0.120619043764
0.12067029224
0.120725154248
0.120778206056
0.120830136447
0.120885487715
0.120941507769
0.120997756565
0.121045564726
0.121089991712
0.121140322718
0.121194468489
0.121241549586
0.121297975174
0.12134932814
0.121397900824
0.121446822254
0.121497428189
0.121550928332
0.121602645102
0.121654381631
0.121714259781
0.121771256524
0.121825551492
0.121880139604
0.1219301648
0.121976546004
0.122038854817
0.122093702641
0.122140883066
0.122189088864
0.122240196866
0.122294148463
0.122345251431
0.122390335837
0.122435169876
0.12248841154
0.122541178417
0.122590877811
0.122647600341
0.122695580476
0.12274110342
0.122789726627
0.122843249926
0.122896493745
0.122951524958
0.123005811821
0.123061279751
0.12310999982
0.123164086025
0.12321175474
0.123267946
0.123320769321
0.123377912159
0.123430557722
0.123486124012
0.123541038115
0.123597992146
0.123652834848
0.123715441797
0.123765780271
0.123811998321
0.123867594013
0.123921053372
0.123974759947
0.124033755265
0.124085668253
0.124141426751
0.124199810785
0.124252604682
0.124310157257
0.124360300671
0.124418909698
0.124469350332
0.124513364006
0.124567920864
0.124618958126
0.124672731808
0.124718436478
0.124772709332
0.124825668714
0.124879610736
0.124932615131
0.124982232854
0.125043966383
0.125095381485
0.125150619805
0.125201371948
0.125249939079
0.125297766541
0.125351333042
0.125410645051
0.125460300496
0.125509567497
0.125564698173
0.125620147913
0.125681284272
0.125738841708
0.12579427477
0.125848067665
0.125902742309
0.125958887291
0.126012592397
0.126073757688
0.126133138543
0.126193544749
0.126248534388
0.126304074527
0.126362278002
0.126414430725
0.126469944518
0.126523466728
0.126580080497
0.1266370382
0.126692082219
0.126745300014
0.126798374728
0.126855699045
0.126908801597
0.126972657742
0.127025287388
0.127081509386
0.127136963218
0.127196768865
0.127257356716
0.127315613565
0.127367225913
0.127423193536
0.127481162882
0.127536969459
0.127589311793
0.127647581799
0.127701497174
0.127756024043
0.127806191478
0.127864825438
0.127919480179
0.127982220726
0.128039825959
0.128096472494
0.12815728518
0.128223253629
0.128285907504
0.128347955404
0.128404697241
0.12846023867
0.128512770555
0.128568183857
0.128628465857
0.128682662898
0.128742515574
0.128801532385
0.128865477309
0.128918566804
0.128975407472
0.129028536296
0.129087236694
0.129147587057
0.12920483175
0.129260977332
0.129315046548
0.129370748644
0.129424653569
0.129475354753
0.129535237639
0.129594908813
0.129655705221
0.129713730534
0.129769201123
0.129832370202
0.129889968858
0.12994834147
0.130005641904
0.130065234586
0.130128737578
0.130188890695
0.130240760904
0.1302949502
0.130353262124
0.130411476512
0.130470329937
0.130524550642
0.130582772698
0.130643755932
0.13070528119
0.130759648605
0.130817950898
0.130874268645
0.130930622903
0.130989736157
0.131047172032
0.131108255981
0.131171158916
0.131232933732
0.131292270777
0.131346615905
0.131402853329
0.131462495792
0.131525217158
0.131592228968
0.13165603877
0.131714646696
0.131773729349
0.131833533623
0.131890107069
0.131949297699
0.13201169873
0.13207256291
0.132133302701
0.132195618421
0.132248402815
0.132309805828
0.132369572499
0.132428258222
0.132488610633
0.132545130893
0.132607733467
0.132661834852
0.132718424051
0.132779473958
0.132841472639
0.132897482898
0.132955824972
0.13301899115
0.133078445102
0.133134034338
0.133194834436
0.133257514547
0.133320583089
0.133381158816
0.13344498677
0.133507185138
0.133570482108
0.133633379478
0.133689527397
0.133748017777
0.133803291612
0.133863152431
0.133918044739
0.133976740429
0.134038766741
0.134100724046
0.134161304441
0.134220236462
0.134282963735
0.134342370414
0.134399446224
0.134459883712
0.134520035314
0.134574508998
0.134634816286
0.134693231919
0.134755517933
0.134816592592
0.134874756971
0.134939110385
0.135005347396
0.135067290983
0.135132125575
0.135197050642
0.13525948099
0.135323411201
0.135388189587
0.135442961113
0.135502633792
0.13556787221
0.135627511892
0.13568469561
0.13574273915
0.135801698967
0.135864529315
0.135926994565
0.13598816268
0.136044302376
0.136104853787
0.136160918883
0.136219940389
0.136277042935
0.136339492474
0.136394963623
0.136459437966
0.136517289537
0.136578158972
0.136641989216
0.136706537318
0.136769046522
0.13683208719
0.136896244799
0.136955073971
0.137009063088
0.137075581378
0.137142980618
0.137200481775
0.137266226579
0.137330398616
0.137394156321
0.137456300969
0.137515430341
0.137578757458
0.13764093808
0.137707686569
0.137768232312
0.137832439519
0.137894103358
0.137955631458
0.138018877037
0.138082787527
0.138143958821
0.138207470067
0.138277087313
0.138340007621
0.13839850957
0.138459732626
0.138518612721
0.138587234622
0.138654199606
0.13872147538
0.138784327349
0.13885189292
0.13891033638
0.138975797624
0.139038339154
0.139096688507
0.139161729897
0.139224790477
0.139285993237
0.139350264883
0.139412502688
0.139470850828
0.139528394836
0.139592701683
0.139655773205
0.139718136377
0.139782707151
0.139841832281
0.139908307047
0.139974384055
0.140040224405
0.140103419102
0.140163605272
0.140234835805
0.140300965068
0.140369474643
0.140438580562
0.140505524727
0.14056843563
0.140631728629
0.140697826172
0.140763724398
0.14082787802
0.140890915003
0.140956176406
0.1410200681
0.141081541174
0.141144229226
0.14120702318
0.141276373013
0.14133682491
0.14140695267
0.141467645875
0.141531552253
0.14159850828
0.141660948632
0.141725098067
0.141790008386
0.141853984207
0.141922450116
0.141990709247
0.142052326139
0.142114576386
0.142180610875
0.142245240697
0.142311613475
0.142379846971
0.142448536122
0.142510518816
0.142574898132
0.14263888206
0.142706717482
0.142768025063
0.142832360875
0.14289438938
0.142957247898
0.143024971604
0.143089193399
0.143148799734
0.143211013229
0.143278850754
0.143337664937
0.143402873294
0.143471742977
0.143536506875
0.143602205528
0.143667184948
0.143730098885
0.143795778829
0.143858505049
0.143922998866
0.143986430567
0.144054105434
0.144118215325
0.144187269919
0.144249237874
0.144315603607
0.144380404209
0.144446499822
0.144505756013
0.144574426299
0.144640708426
0.144705604993
0.144767334306
0.144828924232
0.144887366272
0.144955231972
0.145023835615
0.145093056024
0.145162516093
0.145223489429
0.145284498435
0.145348819714
0.145413567627
0.145481389063
0.145547030691
0.145611857027
0.145673900057
0.145739368446
0.145804844829
0.145873241458
0.145943945554
0.146009837975
0.146080227488
0.146140585219
0.146206659945
0.146275526225
0.146342557361
0.146406044089
0.146470154341
0.146534585656
0.146598816795
0.146666320416
0.146737060122
0.14680238945
0.146870946806
0.146932433472
0.147000433901
0.147062262842
0.147124926288
0.147194049205
0.147258067882
0.147322195996
0.147389957042
0.147456631445
0.147525957374
0.147594635691
0.147665287606
0.147731053287
0.147799613568
0.147863659955
0.147933572017
0.147998757165
0.14806760797
0.148132036407
0.148201413556
0.14826609182
0.148335880364
0.148400354032
0.148470289323
0.148540723274
0.148606426525
0.148671533328
0.148736655958
0.148798838067
0.148860912064
0.148929450517
0.148994941805
0.149060658358
0.149130136735
0.149197840852
0.149258983166
0.149320412379
0.14938531564
0.149451233707
0.149522826656
0.149586013158
0.149660125583
0.149726960563
0.149793102302
0.14985937087
0.149925006098
0.149993889144
0.150057638728
0.150119371028
0.150183756133
0.150252408329
0.150321087085
0.150391567014
0.15045615576
0.150525451965
0.150591711177
0.150655841439
0.150721977305
0.150788496159
0.150852894479
0.150925009875
0.150987807863
0.151058591086
0.15112299317
0.151189304899
0.151257921623
0.151326376871
0.151391304804
0.15146402806
0.151528100582
0.15159489725
0.151661116002
0.151727199939
0.151790697687
0.151860632887
0.151926420271
0.151992664922
0.152059336506
0.152129158339
0.152197428217
0.152260078331
0.152325113205
0.152388185439
0.152459112593
0.152526316861
