
row1col1
West 1.66036860524e-21
East 3.31374760276e-05
North 2.2136512445e-21
South 0.0

row1col2
West 6.13055555961e-22
East 6.86393218205e-05
North 1.26305944683e-05
South 0.00193328050924

row1col3
West 3.23071570991e-05
East 3.79658798615e-06
North 5.69404453114e-07
South 0.00249913421755

row1col4
West 9.34890984409e-08
East 0.00747612823937
North 7.33092039066e-07
South 0.00144433908193

row1col5
West 0.000245031617753
East 0.00173439942775
North 0.0011711241785
South 0.0627907481013

row1col7
West 1.34275415965e-06
East 0.00572951173209
North 1.39894532648e-06
South 0.000252706913152

row1col8
West 0.000166129616169
East 0.0713784048232
North 0.00299219821425
South 0.00449952642982

row1col9
West 0.00852213787245
East 0.00765506975967
North 0.0327515628398
South 0.282758852602

row1col10
West 0.0785222584571
East 0.000526210757919
North 0.00361388790818
South 0.0017820987121

row1col11
West 0.0135687323782
East 4.29472859571e-07
North 0.0
South 3.101208869e-06

row1col13
West 0.650110664942
East 0.595457324545
North 0.652964449679
South 0.902310092988

row1col14
West 0.506067356089
East 0.405335623991
North 0.670459679373
South 0.949615164438

row1col15
West 0.199573110584
East 0.0965522584458
North 0.0784712217428
South 0.722610426878

row1col16
West 0.0882711313536
East 0.107485911095
North 0.127641945356
South 0.734481241781

row1col18
West 0.0102185086761
East 0.00406092112119
North 0.0212272506244
South 0.380640767824

row1col19
West 0.110811353001
East 9.79254530179e-05
North 0.00210932389401
South 0.0185423702304

row1col20
West 0.000935566592265
East 0.000945516903832
North 0.000107296426455
South 0.0273195740142

row1col21
West 0.000429242728618
East 0.00010220379534
North 4.10772046253e-05
South 0.0151494998932

row1col22
West 0.000246220393955
East 5.20190574062e-05
North 6.07656024104e-06
South 0.00317824460871

row2col1
West 1.28283617106e-12
East 0.0009244177215
North 5.37576207062e-11
South 0.0

row2col2
West 5.82508458155e-06
East 4.59982999857e-10
North 6.46908520196e-06
South 0.0166621448338

row2col3
West 6.36469976376e-05
East 0.000390008553341
North 9.34897759855e-08
South 0.0418644301509

row2col4
West 0.000345068001825
East 0.0116910292899
North 0.000148184465805
South 0.0671591568293

row2col5
West 0.000227824461375
East 0.00606592761599
North 0.00240848368246
South 0.244943686799

row2col7
West 2.48028524332e-05
East 0.000219157809347
North 4.56246211452e-05
South 0.00972819932519

row2col8
West 0.000122309049931
East 0.135449572096
North 0.000304573948192
South 1.28232105597e-06

row2col9
West 0.0124900573026
East 0.0295648611028
North 0.0372893449798
South 0.494683747238

row2col10
West 0.2054342232
East 0.00250744980909
North 0.00297419173059
South 0.00426816921533

row2col11
West 0.035809973928
East 0.000888817841362
North 3.74983987657e-09
South 0.000542608610938

row2col13
West 0.902389802383
East 0.95
North 0.855558536351
South 0.857117558976

row2col14
West 0.902306617747
East 1.0
North 0.899461284641
South 0.898762386449

row2col15
West 0.0
East 0.0
North 0.0
South 0.0

row2col16
West 0.998729224926
East 0.492925394113
North 0.288697255384
South 0.196567687537

row2col17
West 0.933394153394
East 0.212007914977
North 0.308478665318
South 0.35305463489

row2col18
West 0.8333764407
East 0.13293634452
North 0.0397522562288
South 0.0643735322377

row2col19
West 0.588686188094
East 0.0112819091091
North 0.0110015305828
South 0.0055904421816

row2col20
West 0.324610738833
East 0.00675447358872
North 0.0019103807431
South 0.00266050887038

row2col21
West 0.124943727377
East 0.00101761589638
North 0.000319379867741
South 0.000207515216499

row2col22
West 0.0285922229735
East 0.00109965841485
North 7.15820897639e-06
South 2.16764674796e-05

row3col1
West 2.02233335122e-06
East 0.00230700015109
North 6.54217437533e-13
South 6.18339438235e-05

row3col2
West 5.57478363727e-06
East 0.0681104567652
North 9.06199335704e-05
South 0.000703918958277

row3col3
West 0.000608023125334
East 0.191364088391
North 0.00418476166292
South 0.000627801864468

row3col4
West 0.00225835029393
East 0.364241295944
North 0.0017898298757
South 0.00727641586783

row3col5
West 0.00599879779138
East 0.0990063226214
North 0.0413332773934
South 0.473158156347

row3col7
West 0.0109046547883
East 0.0906932759411
North 4.6516657086e-10
South 0.00658899631835

row3col8
West 0.00560999095462
East 0.319079245785
North 0.00781739811682
South 0.0218445524489

row3col9
West 0.0553661552878
East 0.0244689670682
North 0.156032052514
South 0.592434407242

row3col10
West 0.265907296045
East 0.00067426954418
North 0.00512092363536
South 0.00329386723233

row3col11
West 0.0516566686771
East 0.000258492854206
North 1.83223265505e-06
South 8.4162121576e-05

row3col13
West 0.857304171765
East 0.902123131375
North 0.9025
South 0.814132320292

row3col14
West 0.808668258327
East 0.678595309492
North 0.949989798348
South 0.806287971029

row3col15
West 0.20161859509
East 0.112278666325
North 0.910255168069
South 0.503862045371

row3col16
West 0.196961730606
East 0.0934013223115
North 0.733657050485
South 0.068598448788

row3col18
West 0.0158877870316
East 0.00700517642011
North 0.404401094744
South 0.0231623251708

row3col19
West 0.121746194802
East 0.000621115886413
North 0.00139824126685
South 0.000886719755454

row3col20
West 0.000496868230299
East 7.18216815437e-05
North 0.0531672671093
South 0.000401419701179

row3col21
West 6.90417526246e-05
East 2.6139413346e-05
North 0.0122537201361
South 8.67530380248e-05

row3col22
West 1.98508782731e-05
East 6.37428081746e-06
North 0.0020506357339
South 3.28839207444e-05

row4col5
West 0.289564814951
East 0.311169921251
North 0.173894773213
South 0.512572482582

row4col9
West 0.390443471082
East 0.440322076381
North 0.358392376943
South 0.630148354703

row4col13
West 0.814243753218
East 0.814382244807
North 0.857375
South 0.773687374265

row5col1
West 2.34619963865e-10
East 0.000108364959785
North 1.12297746783e-06
South 1.15540783389e-14

row5col2
West 1.13564247868e-06
East 2.69326393631e-05
North 1.24421749334e-06
South 0.00189575668873

row5col3
West 4.10044922386e-07
East 7.5803930406e-10
North 1.15859143508e-06
South 0.00193525869967

row5col5
West 0.474555570755
East 0.540360087108
North 0.435551443566
South 0.377942515232

row5col6
West 0.501643959702
East 0.568800092245
North 0.522607491067
South 0.462857386882

row5col7
West 0.530709862493
East 0.598736939235
North 0.563043018141
South 0.502244534917

row5col8
West 0.555393285662
East 0.630249409724
North 0.588778031407
South 0.481113916165

row5col9
West 0.593438118551
East 0.663420431289
North 0.588209945654
South 0.570334694653

row5col10
West 0.626960529259
East 0.698337296094
North 0.658413384615
South 0.617563744299

row5col11
West 0.662115153004
East 0.735091890625
North 0.696737646977
South 0.65423054387

row5col12
West 0.697521113005
East 0.7737809375
North 0.733793735067
South 0.691067706682

row5col13
West 0.734963682384
East 0.734733929495
North 0.81450625
South 0.73504557521

row5col14
West 0.773780598679
East 0.64641874983
North 0.672036156523
South 0.623383541861

row5col15
West 0.734860036148
East 0.422620242842
North 0.553868064127
South 0.476597860065

row5col16
West 0.689065461998
East 0.222967913052
North 0.370211795031
South 0.315560591184

row5col17
West 0.591302519312
East 0.0520079827297
North 0.130875531616
South 0.160471130318

row5col18
West 0.24803580595
East 0.0451703735138
North 0.0249586320812
South 0.00890946728925

row5col20
West 5.39198746143e-06
East 6.69805741724e-06
North 1.84202202367e-06
South 0.0234598033881

row5col21
West 0.00019274804379
East 2.91356577743e-09
North 1.25168791974e-11
South 0.0031036483634

row5col22
West 1.90017773467e-13
East 9.68873000991e-15
North 0.0
South 0.000176667114665

row6col1
West 2.93377254682e-07
East 0.000314020601532
North 2.16763647945e-09
South 6.50931419248e-07

row6col2
West 1.0819385551e-06
East 0.000136578274274
North 1.3640988002e-05
South 0.0118604896409

row6col3
West 1.83761661823e-05
East 0.000355864850915
North 1.52312519264e-08
South 0.022274724681

row6col5
West 0.403205476723
East 0.423428543329
North 0.513342040345
South 0.366130646919

row6col6
West 0.333179588152
East 0.294892376448
North 0.539710462604
South 0.208700098276

row6col7
West 0.229091141074
East 0.216983459524
North 0.563030372155
South 0.219003468841

row6col8
West 0.26632595366
East 0.202160035163
North 0.580906323471
South 0.202194930267

row6col9
West 0.248825101297
East 0.43769344264
North 0.624528541926
South 0.279379649111

row6col10
West 0.370565319164
East 0.499456218642
North 0.663314675644
South 0.370893467732

row6col11
West 0.357453028587
East 0.463374619436
North 0.697879991478
South 0.458158210353

row6col12
West 0.551010015923
East 0.734881169526
North 0.656420228493
South 0.565279844292

row6col13
West 0.681897411713
East 0.683172503385
North 0.7737809375
South 0.726754969842

row6col14
West 0.735091889276
East 0.540995219109
North 0.691227442606
South 0.64537358293

row6col15
West 0.698337236134
East 0.474256270282
North 0.641074965019
South 0.567669757645

row6col16
West 0.663419858516
East 0.479206585942
North 0.483163936955
South 0.500551493803

row6col17
West 0.630246300647
East 0.334379085825
North 0.354568550047
South 0.445482654838

row6col18
West 0.568368106756
East 0.0692998718378
North 0.0366433434061
South 0.0804892972449

row6col19
West 0.418128715628
East 0.00657653142121
North 0.00608102244665
South 0.0271111337297

row6col20
West 0.22457921269
East 0.000400606379874
North 0.000892764446108
South 3.47377981998e-05

row6col21
West 0.0507418686132
East 2.89838244371e-05
North 2.27243018917e-05
South 1.97661173386e-06

row6col22
West 0.0035603898197
East 8.48065359222e-05
North 0.0
South 1.11685340398e-14

row7col1
West 4.05701009468e-10
East 0.00447634244937
North 6.1491248802e-09
South 6.48697449218e-05

row7col2
West 4.51561416359e-05
East 0.0011077416171
North 0.000478469977033
South 0.0609985084682

row7col3
West 1.34375692014e-05
East 8.88339255823e-12
North 5.55530360974e-05
South 0.131032558539

row7col5
West 0.380947346994
East 0.335395577056
North 0.487674531303
South 0.334510902625

row7col6
West 0.24339733932
East 0.243703622491
North 0.498564032125
South 0.0786832046677

row7col10
West 0.234838520419
East 0.262520147204
North 0.625346166359
South 0.217695111714

row7col17
West 0.43811802995
East 0.177003126548
North 0.598721966608
South 0.376647494159

row7col18
West 0.427571980178
East 0.0640196093215
North 0.0351039890388
South 0.0382021179986

row7col20
West 0.00178720704561
East 6.75635618965e-05
North 0.0437452967856
South 9.61984425487e-05

row7col21
West 0.00552081908259
East 7.93347397496e-07
North 1.35636639144e-05
South 2.64343412965e-05

row7col22
West 0.000346936232487
East 0.0
North 7.2268426584e-15
South 1.57652675051e-16

row8col1
West 1.72338528071e-05
East 0.0227672805386
North 1.98560776769e-08
South 5.68462153318e-05

row8col2
West 0.000772401083738
East 0.186227595355
North 0.000637686662016
South 0.000292299517727

row8col3
West 0.00338980304689
East 0.348790039225
North 0.00887699401651
South 0.0320885196339

row8col4
West 0.0399445730982
East 0.432867680786
North 0.122123364085
South 0.110694492352

row8col5
West 0.308799167751
East 0.201097099839
North 0.463288588238
South 0.327585836928

row8col6
West 0.0938700499479
East 0.0244159246171
North 0.382590477017
South 0.0570217883397

row8col8
West 2.82633064328e-05
East 0.0222245690824
North 1.17560167141e-05
South 1.0151194616e-05

row8col9
West 0.000261461084051
East 0.163716417335
North 0.0116154096703
South 0.000472968946273

row8col10
West 0.0254535542751
East 0.0401439729422
North 0.569052588982
South 0.0485722665446

row8col11
West 0.41560724036
East 0.0089022516413
North 0.0190518913613
South 0.00398244727689

row8col12
West 0.187130152327
East 0.000261469933161
North 0.00340291287161
South 0.00220347074689

row8col13
West 0.0654253237803
East 0.000124890756275
North 2.34911545403e-05
South 1.92892626036e-05

row8col14
West 0.00760391323604
East 2.307991166e-05
North 3.31720894665e-07
South 5.76827402527e-06

row8col15
West 0.000338030191016
East 2.73357550202e-06
North 1.15541361172e-07
South 7.92072107375e-16

row8col17
West 0.390890835387
East 0.147720319638
North 0.568741799214
South 0.335876786237

row8col18
West 0.355714179457
East 0.030513630003
North 0.0507594138225
South 0.00731114862849

row9col5
West 0.300715722889
East 0.172012765162
North 0.44011151474
South 0.252747168513

row9col6
West 0.320026373473
East 0.0701739891367
North 0.0597164950719
South 0.0173128124333

row9col8
West 3.4200035606e-12
East 0.00168622117552
North 2.10456994078e-05
South 6.86755862111e-06

row9col9
West 3.62832300019e-06
East 0.0408676826547
North 0.000316243739386
South 4.60232738144e-06

row9col10
West 7.160871539e-06
East 0.00704612052199
North 0.318617778315
South 0.0240124890277

row9col11
West 0.0285882815909
East 0.00123865649466
North 0.144717034009
South 0.00664591147501

row9col12
West 0.0341956510033
East 2.54872197656e-07
North 0.00124748443123
South 0.00021118906509

row9col13
West 0.000627767903997
East 1.6289358909e-06
North 0.00808355275211
South 3.98094608288e-17

row9col14
West 0.000358327090822
East 4.63273585051e-07
North 0.00015255569044
South 5.76982254528e-06

row9col15
West 1.4205000914e-05
East 8.50534644866e-08
North 2.24681781715e-17
South 2.00416224952e-12

row9col17
West 0.378302893052
East 0.156456084576
North 0.540156865506
South 0.233607914399

row9col18
West 0.327044362209
East 0.0483518569457
North 0.0358861397765
South 0.0176983845094

row9col20
West 1.15214411502e-21
East 1.2325388604e-18
North 2.33448745203e-19
South 5.73266137724e-10

row9col21
West 5.96107955849e-20
East 1.26204884156e-19
North 5.83190499619e-18
South 1.03314829982e-07

row9col22
West 4.03132729473e-18
East 4.68194652373e-19
North 1.26202271606e-19
South 1.67619510227e-18

row10col1
West 1.00220236149e-08
East 2.75105451086e-11
North 4.93948595807e-10
South 0.000179020579304

row10col2
West 5.61503485634e-10
East 9.25651539154e-08
North 2.31406774967e-13
South 1.10481945956e-16

row10col3
West 4.86453334236e-10
East 0.000116161280265
North 0.000143607570817
South 0.00493967377569

row10col5
West 0.279873162776
East 0.135503269326
North 0.418056795782
South 0.202571048539

row10col6
West 0.304969052307
East 0.0530467457926
North 0.0271130536847
South 0.00416934247812

row10col17
West 0.247815008042
East 0.136621452651
North 0.512658741559
South 0.197802517294

row10col18
West 0.341841153484
East 0.00487128990498
North 0.0119803080269
South 0.0296777160888

row10col20
West 4.90691681975e-18
East 6.37517856034e-08
North 3.2840202783e-14
South 2.36136012986e-20

row10col21
West 5.29720075185e-22
East 3.25131350488e-19
North 2.88713304703e-15
South 3.38069523748e-06

row10col22
West 7.52997767493e-18
East 2.23910214371e-11
North 5.7480403296e-20
South 7.02729514423e-08

row11col1
West 7.27308206149e-06
East 0.00510142381092
North 1.51396302688e-09
South 1.10802359605e-14

row11col2
West 1.14068145133e-05
East 0.0397114636665
North 4.86665468432e-10
South 2.49020029224e-08

row11col3
West 0.000111658440522
East 0.188322669371
North 9.06009610517e-05
South 5.56034377179e-06

row11col4
West 0.0139935151026
East 0.328479457031
North 0.0379121157756
South 0.0124329669819

row11col5
West 0.12872630502
East 0.117258855054
North 0.396979142026
South 0.211144188728

row11col6
West 0.255384363568
East 0.00644916306796
North 0.034333486433
South 0.00890959925942

row11col8
West 5.62518027559e-12
East 1.18409883553e-10
North 2.63941831168e-30
South 4.6947659464e-08

row11col9
West 5.6248339851e-12
East 3.73764783659e-16
North 2.71304958447e-11
South 3.50054413436e-05

row11col10
West 3.57762936303e-28
East 1.09927143136e-20
North 1.09927143136e-20
South 1.52230885778e-06

row11col12
West 0.0
East 0.0
North 6.87162833649e-23
South 6.76149944669e-09

row11col13
West 0.0
East 1.10146140413e-06
North 0.0
South 0.000186755107679

row11col14
West 1.17913498488e-17
East 1.19864167087e-09
North 9.68481603824e-07
South 0.00118434518887

row11col15
West 9.29763369173e-16
East 9.83337655723e-18
North 2.83401184777e-12
South 0.000277455482576

row11col17
West 0.168447917739
East 0.205157214267
North 0.485789528661
South 0.151560210976

row11col18
West 0.446604202138
East 0.0293340476498
North 0.0514788446269
South 0.0621367944284

row11col20
West 3.25605058321e-22
East 7.47240470469e-07
North 4.29944436122e-11
South 3.15173166056e-13

row11col21
West 6.51647668734e-10
East 1.32283084077e-10
North 3.840678046e-17
South 3.98877572711e-05

row11col22
West 1.51136471672e-06
East 1.01466486929e-17
North 1.23459697794e-09
South 6.83066120441e-18

row12col1
West 1.53223766037e-10
East 6.36923930818e-08
North 0.000153171350015
South 0.0

row12col2
West 8.23666775468e-10
East 0.000134459644523
North 2.98159395038e-07
South 4.37448268073e-08

row12col3
West 3.29399390014e-07
East 1.74029004789e-05
North 0.0215016048681
South 6.99724973081e-06

row12col5
West 0.144415014508
East 0.135069470136
North 0.376512709094
South 0.107234357845

row12col6
West 0.353980285184
East 0.0730876631498
North 0.0321103823403
South 0.0471658112933

row12col8
West 7.47021785016e-11
East 1.98526947813e-05
North 2.78306239674e-10
South 6.97856345344e-19

row12col9
West 1.15795650683e-08
East 4.16034567891e-09
North 3.17584670112e-09
South 0.00147743665302

row12col10
West 7.21353616006e-05
East 2.68181787595e-12
North 2.71706178798e-28
South 2.69631889e-12

row12col12
West 6.1706143553e-11
East 0.000326899809059
North 3.8501715285e-22
South 2.84795215861e-21

row12col13
West 6.15440703497e-06
East 0.00441562342773
North 5.86456973275e-08
South 6.5981079424e-05

row12col14
West 2.66348650188e-05
East 0.0305615945275
North 5.21064932937e-06
South 0.000237327482968

row12col15
West 0.000217971279918
East 0.12291149981
North 3.08223023205e-06
South 1.94880878158e-05

row12col16
West 0.0108840029567
East 0.280387692118
North 0.0143993853892
South 0.0498199489913

row12col17
West 0.0437446089176
East 0.0976499545203
North 0.453253808072
South 0.0732946964977

row12col18
West 0.093568195867
East 0.0355748293651
North 0.38386159534
South 0.0311441128644

row12col20
West 5.5540209432e-18
East 2.59510576541e-07
North 8.94501320666e-09
South 8.39957638999e-14

row12col21
West 2.44700717551e-08
East 9.35444278585e-10
North 9.85406272636e-09
South 0.00032537186823

row12col22
West 8.71067187868e-06
East 9.35444192958e-10
North 1.31410333988e-15
South 1.82411609058e-09

row13col5
West 0.0556300112902
East 0.0433876596189
North 0.34127847878
South 0.027797777855

row13col6
West 0.0372244078891
East 0.0272834170401
North 0.324430749229
South 0.0155101661

row13col9
West 3.69099372758e-06
East 1.838421738e-06
North 3.15130645385e-08
South 0.0102881062777

row13col17
West 0.0495958726889
East 0.0375759349406
North 0.406535599695
South 0.0365491859533

row13col18
West 0.0252431603036
East 0.0230698398567
North 0.294379866188
South 0.00776060208227

row13col21
West 2.290047255e-05
East 1.13968689788e-07
North 4.44956122452e-06
South 0.0019853880378

row14col1
West 5.16073702305e-07
East 0.00241608287161
North 5.13568114645e-07
South 5.25196575507e-07

row14col2
West 1.33256104917e-05
East 0.0530725183594
North 0.00131794925834
South 1.14434185907e-05

row14col3
West 0.00215281183517
East 0.115813717053
North 0.00266807646737
South 6.64144520099e-05

row14col4
West 0.00156138717711
East 0.204024695613
North 0.00351401044263
South 0.000340275286634

row14col5
West 0.0187774578528
East 0.0219585433697
North 0.283221278764
South 0.00175222863227

row14col6
West 0.0726144147949
East 0.0156235482686
North 0.285280652218
South 0.0088401478556

row14col7
West 0.235021283028
East 0.00794436344917
North 0.00892408342907
South 0.00618999822971

row14col8
West 0.12504761111
East 0.000480922628639
North 0.00645125027174
South 0.000217565186958

row14col9
West 0.0553385476121
East 0.000390207059084
North 0.000114566305037
South 1.74067739973e-05

row14col10
West 0.0162947452149
East 4.08841586051e-06
North 5.70737283469e-05
South 2.72299375934e-06

row14col11
West 0.0023905114574
East 2.3582379163e-08
North 1.36632965696e-07
South 1.41723548058e-09

row14col12
West 1.4863080467e-06
East 0.000194203502394
North 2.71454873575e-09
South 2.38754770776e-11

row14col13
West 1.71889638368e-09
East 0.00393259815325
North 4.64821297466e-09
South 1.95340352027e-15

row14col14
West 2.46182804007e-09
East 0.0448960676236
North 2.57873445089e-09
South 1.50456519544e-06

row14col15
West 0.00117025650813
East 0.212453776218
North 0.020930641031
South 0.00429520134171

row14col16
West 0.00868353259195
East 0.281598542368
North 0.0194471623133
South 0.00387125233929

row14col17
West 0.029460214159
East 0.00779833106523
North 0.348193381117
South 0.0048669721141

row14col18
West 0.0193271648532
East 0.00494771964672
North 0.186275355087
South 0.000556002416976

row14col19
West 0.100903939654
East 0.000887302746017
North 0.000451329768565
South 1.22614838785e-05

row14col20
West 0.0396455375331
East 6.07750180666e-06
North 4.86800377939e-05
South 2.54337701124e-05

row14col21
West 0.0113185761209
East 6.96301087789e-07
North 7.31217998987e-07
South 2.06389579906e-06

row14col22
West 0.000772570366757
East 1.24168083644e-05
North 8.93761536549e-10
South 2.1230896813e-10

row15col1
West 2.74534794728e-07
East 9.42647196205e-10
North 0.000103988595371
South 6.55138603348e-07

row15col2
West 1.47646894601e-07
East 1.47484696697e-05
North 0.0185059640551
South 5.11980654266e-06

row15col3
West 1.85810377721e-11
East 0.00279647553753
North 5.61656289294e-08
South 5.13208165771e-12

row15col4
West 3.01770805193e-05
East 0.000928680303226
North 0.0268800484209
South 0.000580805608981

row15col5
West 6.49658602464e-06
East 0.00163087089738
North 0.0307148583891
South 0.001487103446

row15col6
West 0.000150238153029
East 0.00160299595873
North 0.0741155372407
South 0.00467052052875

row15col7
West 0.00483628852051
East 0.000362181280537
North 0.158377349887
South 0.0093327592309

row15col8
West 0.0107746116357
East 1.40352668796e-05
North 0.00101152658959
South 8.46692976779e-05

row15col9
West 2.30611220067e-05
East 1.11033581493e-06
North 0.00259526174006
South 3.07188324776e-11

row15col10
West 7.67233169149e-07
East 5.1918540427e-08
North 0.00086928171741
South 3.80631938189e-11

row15col11
West 9.63375128889e-07
East 3.36634482676e-09
North 0.000217462073498
South 1.63113503648e-08

row15col12
West 2.45205630411e-06
East 1.55982918685e-11
North 2.71477802203e-09
South 2.90806895584e-10

row15col13
West 1.63851524308e-09
East 0.0
North 0.0
South 4.75117186263e-11

row15col14
West 1.87970346544e-12
East 0.00672634897486
North 8.08852699882e-09
South 2.93586552978e-07

row15col15
West 4.63745792542e-05
East 0.00176866251725
North 0.138385329154
South 0.000828686509192

row15col16
West 0.00253415109306
East 8.61789492664e-05
North 0.0452810637914
South 0.000670452697848

row15col17
West 0.000435843510987
East 2.17103949473e-05
North 0.0646592334888
South 0.00038798043531

row15col18
West 5.40431038019e-05
East 2.41093166414e-07
North 0.00857845619766
South 2.16653878248e-05

row15col19
West 1.33581942091e-06
East 8.95903075249e-19
North 0.0105289605133
South 1.38695834494e-07

row15col20
West 8.6580244404e-07
East 9.57637932974e-08
North 0.0030784137604
South 1.20859477329e-11

row15col21
West 0.000154938442677
East 6.81120078127e-08
North 2.76323559553e-07
South 1.82671361839e-06

row15col22
West 1.04298920298e-09
East 6.90061857699e-11
North 1.37004637222e-05
South 5.2179417671e-11

row16col2
West 3.23688128415e-07
East 2.13621483287e-05
North 0.00477326832189
South 7.95239031867e-07

row16col7
West 0.00341699528272
East 0.00497927489313
North 0.0952290691557
South 0.000355843003572

row16col15
West 0.00326517799932
East 0.00272749553196
North 0.0810103467081
South 0.00389591903958

row17col1
West 3.96714491773e-12
East 1.38715991179e-05
North 1.26220290547e-07
South 2.78806785587e-09

row17col2
West 7.87770300675e-08
East 9.21503322118e-10
North 0.00101577179228
South 7.24450727904e-07

row17col3
West 2.11649723345e-05
East 5.73525236079e-11
North 8.35841368609e-10
South 1.49577644613e-11

row17col4
West 1.93988721343e-09
East 2.0072282316e-11
North 1.5188759318e-13
South 2.11387821023e-31

row17col6
West 4.030656714e-08
East 0.00140863042094
North 4.28830699101e-15
South 3.10422507509e-07

row17col7
West 2.06710057371e-05
East 5.19860408212e-06
North 0.0491417603348
South 0.000891037656238

row17col8
West 0.00867745384769
East 1.54666586423e-05
North 2.99451056687e-05
South 2.4777946034e-07

row17col9
West 0.00144331506363
East 3.4936499857e-11
North 6.14870924134e-10
South 1.69294241263e-06

row17col10
West 9.21686505555e-05
East 8.72137824956e-12
North 6.3799768567e-11
South 2.01141044381e-10

row17col11
West 2.93741771216e-06
East 9.18426778789e-09
North 3.13163689954e-12
South 2.35801940526e-15

row17col13
West 5.21358036915e-13
East 0.000176815744445
North 3.66357501484e-14
South 0.0

row17col14
West 3.32734577216e-20
East 0.00490684360903
North 4.37317626554e-06
South 1.04365610015e-05

row17col15
West 9.43678388443e-06
East 0.000324592726359
North 0.0439241809319
South 0.000111282559112

row17col16
West 0.0144888036793
East 3.10000325546e-05
North 0.000486432045304
South 1.61843526517e-05

row17col18
West 3.27875026335e-14
East 3.20731775395e-14
North 3.27867594591e-14
South 8.58758688932e-07

row17col19
West 5.8613557241e-10
East 1.07456217999e-12
North 6.52595533592e-17
South 2.16803197634e-09

row17col20
West 0.0
East 0.0
North 0.0
South 2.8005213253e-08

row17col21
West 0.0
East 0.0
North 0.0
South 2.40760822564e-09

row17col22
West 5.21847192896e-12
East 0.0
North 0.0
South 0.0

row18col1
West 0.0
East 9.98750417951e-07
North 1.78202775846e-11
South 3.55462682189e-12

row18col2
West 6.38982582042e-09
East 1.46947072296e-11
North 0.000150138402699
South 7.51293174113e-10

row18col3
West 8.09079392894e-06
East 5.45104598659e-12
North 1.78898093812e-10
South 6.22349288436e-14

row18col4
West 1.32357741615e-07
East 2.11387821023e-31
North 0.0
South 0.0

row18col6
West 1.46817473199e-11
East 0.00153402753413
North 1.34244648757e-08
South 3.69471134399e-17

row18col7
West 3.62746048362e-05
East 1.71893593976e-05
North 0.0199228931173
South 0.000140463629883

row18col8
West 0.00409197209726
East 1.8968502825e-07
North 7.50738251716e-05
South 5.92201935967e-07

row18col9
West 0.000389438351245
East 3.26217769819e-08
North 4.60602308189e-06
South 4.71542252843e-08

row18col10
West 2.78405919129e-05
East 4.53995169885e-15
North 3.80092888732e-12
South 7.90757948618e-14

row18col11
West 3.71082830201e-07
East 1.21109896619e-15
North 6.45414731057e-17
South 6.89203547435e-16

row18col13
West 0.0
East 1.79860398071e-05
North 0.0
South 0.0

row18col14
West 1.6906308617e-09
East 0.0009551496797
North 0.0
South 2.36844806011e-19

row18col15
West 2.55748107616e-05
East 8.15425359004e-08
North 0.00755240168194
South 3.73874910361e-09

row18col16
West 4.94036644869e-05
East 1.41066850199e-05
North 0.00392472032934
South 6.50664117014e-08

row18col17
West 0.00094778125364
East 1.69098344197e-06
North 1.73919831035e-06
South 1.96058987985e-05

row18col18
West 0.000203286955586
East 1.36663335384e-07
North 2.2626246385e-09
South 1.34400714464e-13

row18col19
West 3.73219583981e-05
East 6.98931992325e-15
North 1.07018518451e-11
South 4.13848764642e-11

row18col20
West 4.77080748953e-06
East 1.74051820876e-15
North 7.10115572048e-11
South 1.40325286708e-18

row18col21
West 2.11818992111e-07
East 0.0
North 1.53948013517e-12
South 0.0

row18col22
West 0.0
East 0.0
North 0.0
South 2.45171455179e-19

row19col1
West 1.94036632791e-19
East 0.0
North 3.09837564778e-08
South 4.26468270999e-17

row19col2
West 7.32083014931e-26
East 0.0
North 9.61675859598e-06
South 6.6585852915e-09

row19col3
West 2.06629544137e-07
East 0.0
North 1.31020902826e-12
South 1.43436881525e-24

row19col4
West 3.97444354548e-10
East 0.0
North 6.13024680968e-31
South 0.0

row19col6
West 1.41611931662e-12
East 0.000170421407416
North 1.33433876823e-09
South 7.48769311876e-21

row19col7
West 9.34668996433e-11
East 2.52320802382e-12
North 0.00333516989583
South 2.2796420512e-06

row19col8
West 0.000120731541057
East 6.84336576872e-14
North 2.31043129978e-15
South 1.4690108819e-07

row19col9
West 3.97710223392e-08
East 2.86173305805e-13
North 7.91348277554e-07
South 3.60853547076e-08

row19col10
West 1.77035517264e-10
East 3.72216149372e-16
North 1.24502576793e-06
South 1.32646058264e-14

row19col11
West 2.90634364705e-08
East 2.20027380856e-19
North 0.0
South 3.7214287119e-16

row19col13
West 0.0
East 9.20203530718e-09
North 0.0
South 0.0

row19col14
West 0.0
East 6.84076804066e-21
North 4.00691134063e-05
South 2.36844806011e-19

row19col15
West 0.0
East 3.82526569581e-13
North 0.000102506734473
South 0.0

row19col16
West 3.50793257659e-08
East 0.0
North 3.04442103134e-05
South 1.86939653914e-12

row19col18
West 6.95069313351e-15
East 3.21931286961e-13
North 1.2887415382e-06
South 1.53228342407e-08

row19col19
West 1.9008747766e-08
East 0.0
North 0.0
South 0.0

row19col20
West 3.30157923842e-16
East 1.85515931914e-20
North 1.60449897995e-07
South 2.02648308434e-25

row19col21
West 3.59732106109e-09
East 0.0
North 0.0
South 7.51885987695e-20

row19col22
West 1.78750300324e-11
East 0.0
North 0.0
South 0.0
