rafaelbeirigo@LTI-PROJETO-TM:~$ cd ql
rafaelbeirigo@LTI-PROJETO-TM:~/ql$ ./RL-PRQL.py experiments/92/PRQL/
Running experiment 1 of 1000
*** output flushed ***
rafaelbeirigo@LTI-PROJETO-TM:~/ql$ time ./RL-PRQL.py experiments/92/PRQL/
Running experiment 1 of 1000
pr:  535 ql:  1465
Running experiment 2 of 1000
pr:  595 ql:  1405
Running experiment 3 of 1000
pr:  364 ql:  1636
Running experiment 4 of 1000
pr:  366 ql:  1634
Running experiment 5 of 1000
pr:  344 ql:  1656
Running experiment 6 of 1000
pr:  495 ql:  1505
Running experiment 7 of 1000
pr:  299 ql:  1701
Running experiment 8 of 1000
pr:  466 ql:  1534
Running experiment 9 of 1000
pr:  619 ql:  1381
Running experiment 10 of 1000
pr:  653 ql:  1347
Running experiment 11 of 1000
pr:  523 ql:  1477
Running experiment 12 of 1000
pr:  365 ql:  1635
Running experiment 13 of 1000
pr:  344 ql:  1656
Running experiment 14 of 1000
pr:  478 ql:  1522
Running experiment 15 of 1000
pr:  397 ql:  1603
Running experiment 16 of 1000
pr:  360 ql:  1640
Running experiment 17 of 1000
pr:  299 ql:  1701
Running experiment 18 of 1000
pr:  473 ql:  1527
Running experiment 19 of 1000
pr:  494 ql:  1506
Running experiment 20 of 1000
pr:  451 ql:  1549
Running experiment 21 of 1000
pr:  360 ql:  1640
Running experiment 22 of 1000
pr:  418 ql:  1582
Running experiment 23 of 1000
pr:  515 ql:  1485
Running experiment 24 of 1000
pr:  603 ql:  1397
Running experiment 25 of 1000
pr:  516 ql:  1484
Running experiment 26 of 1000
pr:  509 ql:  1491
Running experiment 27 of 1000
pr:  423 ql:  1577
Running experiment 28 of 1000
pr:  372 ql:  1628
Running experiment 29 of 1000
pr:  427 ql:  1573
Running experiment 30 of 1000
pr:  328 ql:  1672
Running experiment 31 of 1000
pr:  497 ql:  1503
Running experiment 32 of 1000
pr:  389 ql:  1611
Running experiment 33 of 1000
pr:  659 ql:  1341
Running experiment 34 of 1000
pr:  351 ql:  1649
Running experiment 35 of 1000
pr:  548 ql:  1452
Running experiment 36 of 1000
pr:  291 ql:  1709
Running experiment 37 of 1000
pr:  389 ql:  1611
Running experiment 38 of 1000
pr:  290 ql:  1710
Running experiment 39 of 1000
pr:  372 ql:  1628
Running experiment 40 of 1000
pr:  300 ql:  1700
Running experiment 41 of 1000
pr:  557 ql:  1443
Running experiment 42 of 1000
pr:  491 ql:  1509
Running experiment 43 of 1000
pr:  386 ql:  1614
Running experiment 44 of 1000
pr:  478 ql:  1522
Running experiment 45 of 1000
pr:  321 ql:  1679
Running experiment 46 of 1000
pr:  516 ql:  1484
Running experiment 47 of 1000
pr:  446 ql:  1554
Running experiment 48 of 1000
pr:  481 ql:  1519
Running experiment 49 of 1000
pr:  404 ql:  1596
Running experiment 50 of 1000
pr:  597 ql:  1403
Running experiment 51 of 1000
pr:  248 ql:  1752
Running experiment 52 of 1000
pr:  359 ql:  1641
Running experiment 53 of 1000
pr:  464 ql:  1536
Running experiment 54 of 1000
pr:  375 ql:  1625
Running experiment 55 of 1000
pr:  590 ql:  1410
Running experiment 56 of 1000
pr:  439 ql:  1561
Running experiment 57 of 1000
pr:  452 ql:  1548
Running experiment 58 of 1000
pr:  588 ql:  1412
Running experiment 59 of 1000
pr:  576 ql:  1424
Running experiment 60 of 1000
pr:  314 ql:  1686
Running experiment 61 of 1000
pr:  488 ql:  1512
Running experiment 62 of 1000
pr:  368 ql:  1632
Running experiment 63 of 1000
pr:  293 ql:  1707
Running experiment 64 of 1000
pr:  255 ql:  1745
Running experiment 65 of 1000
pr:  337 ql:  1663
Running experiment 66 of 1000
pr:  486 ql:  1514
Running experiment 67 of 1000
pr:  324 ql:  1676
Running experiment 68 of 1000
pr:  624 ql:  1376
Running experiment 69 of 1000
pr:  321 ql:  1679
Running experiment 70 of 1000
pr:  443 ql:  1557
Running experiment 71 of 1000
pr:  478 ql:  1522
Running experiment 72 of 1000
pr:  550 ql:  1450
Running experiment 73 of 1000
pr:  321 ql:  1679
Running experiment 74 of 1000
pr:  360 ql:  1640
Running experiment 75 of 1000
pr:  386 ql:  1614
Running experiment 76 of 1000
pr:  440 ql:  1560
Running experiment 77 of 1000
pr:  424 ql:  1576
Running experiment 78 of 1000
pr:  367 ql:  1633
Running experiment 79 of 1000
pr:  462 ql:  1538
Running experiment 80 of 1000
pr:  514 ql:  1486
Running experiment 81 of 1000
pr:  306 ql:  1694
Running experiment 82 of 1000
pr:  499 ql:  1501
Running experiment 83 of 1000
pr:  461 ql:  1539
Running experiment 84 of 1000
pr:  409 ql:  1591
Running experiment 85 of 1000
pr:  578 ql:  1422
Running experiment 86 of 1000
pr:  510 ql:  1490
Running experiment 87 of 1000
pr:  359 ql:  1641
Running experiment 88 of 1000
pr:  857 ql:  1143
Running experiment 89 of 1000
pr:  381 ql:  1619
Running experiment 90 of 1000
pr:  396 ql:  1604
Running experiment 91 of 1000
pr:  520 ql:  1480
Running experiment 92 of 1000
pr:  373 ql:  1627
Running experiment 93 of 1000
pr:  474 ql:  1526
Running experiment 94 of 1000
pr:  496 ql:  1504
Running experiment 95 of 1000
pr:  336 ql:  1664
Running experiment 96 of 1000
pr:  542 ql:  1458
Running experiment 97 of 1000
pr:  473 ql:  1527
Running experiment 98 of 1000
pr:  268 ql:  1732
Running experiment 99 of 1000
pr:  597 ql:  1403
Running experiment 100 of 1000
pr:  361 ql:  1639
Running experiment 101 of 1000
pr:  590 ql:  1410
Running experiment 102 of 1000
pr:  611 ql:  1389
Running experiment 103 of 1000
pr:  398 ql:  1602
Running experiment 104 of 1000
pr:  376 ql:  1624
Running experiment 105 of 1000
pr:  973 ql:  1027
Running experiment 106 of 1000
pr:  712 ql:  1288
Running experiment 107 of 1000
pr:  535 ql:  1465
Running experiment 108 of 1000
pr:  411 ql:  1589
Running experiment 109 of 1000
pr:  624 ql:  1376
Running experiment 110 of 1000
pr:  322 ql:  1678
Running experiment 111 of 1000
pr:  432 ql:  1568
Running experiment 112 of 1000
pr:  802 ql:  1198
Running experiment 113 of 1000
pr:  555 ql:  1445
Running experiment 114 of 1000
pr:  534 ql:  1466
Running experiment 115 of 1000
pr:  425 ql:  1575
Running experiment 116 of 1000
pr:  612 ql:  1388
Running experiment 117 of 1000
pr:  617 ql:  1383
Running experiment 118 of 1000
pr:  348 ql:  1652
Running experiment 119 of 1000
pr:  413 ql:  1587
Running experiment 120 of 1000
pr:  510 ql:  1490
Running experiment 121 of 1000
pr:  588 ql:  1412
Running experiment 122 of 1000
pr:  345 ql:  1655
Running experiment 123 of 1000
pr:  453 ql:  1547
Running experiment 124 of 1000
pr:  528 ql:  1472
Running experiment 125 of 1000
pr:  684 ql:  1316
Running experiment 126 of 1000
pr:  379 ql:  1621
Running experiment 127 of 1000
pr:  672 ql:  1328
Running experiment 128 of 1000
pr:  613 ql:  1387
Running experiment 129 of 1000
pr:  738 ql:  1262
Running experiment 130 of 1000
pr:  396 ql:  1604
Running experiment 131 of 1000
pr:  373 ql:  1627
Running experiment 132 of 1000
pr:  475 ql:  1525
Running experiment 133 of 1000
pr:  547 ql:  1453
Running experiment 134 of 1000
pr:  438 ql:  1562
Running experiment 135 of 1000
pr:  346 ql:  1654
Running experiment 136 of 1000
pr:  456 ql:  1544
Running experiment 137 of 1000
pr:  446 ql:  1554
Running experiment 138 of 1000
pr:  414 ql:  1586
Running experiment 139 of 1000
pr:  319 ql:  1681
Running experiment 140 of 1000
pr:  367 ql:  1633
Running experiment 141 of 1000
pr:  350 ql:  1650
Running experiment 142 of 1000
pr:  660 ql:  1340
Running experiment 143 of 1000
pr:  574 ql:  1426
Running experiment 144 of 1000
pr:  693 ql:  1307
Running experiment 145 of 1000
pr:  492 ql:  1508
Running experiment 146 of 1000
pr:  476 ql:  1524
Running experiment 147 of 1000
pr:  463 ql:  1537
Running experiment 148 of 1000
pr:  406 ql:  1594
Running experiment 149 of 1000
pr:  315 ql:  1685
Running experiment 150 of 1000
pr:  528 ql:  1472
Running experiment 151 of 1000
pr:  397 ql:  1603
Running experiment 152 of 1000
pr:  1128 ql:  872
Running experiment 153 of 1000
pr:  505 ql:  1495
Running experiment 154 of 1000
pr:  367 ql:  1633
Running experiment 155 of 1000
pr:  356 ql:  1644
Running experiment 156 of 1000
pr:  545 ql:  1455
Running experiment 157 of 1000
pr:  603 ql:  1397
Running experiment 158 of 1000
pr:  642 ql:  1358
Running experiment 159 of 1000
pr:  339 ql:  1661
Running experiment 160 of 1000
pr:  516 ql:  1484
Running experiment 161 of 1000
pr:  450 ql:  1550
Running experiment 162 of 1000
pr:  398 ql:  1602
Running experiment 163 of 1000
pr:  543 ql:  1457
Running experiment 164 of 1000
pr:  569 ql:  1431
Running experiment 165 of 1000
pr:  472 ql:  1528
Running experiment 166 of 1000
pr:  1067 ql:  933
Running experiment 167 of 1000
pr:  502 ql:  1498
Running experiment 168 of 1000
pr:  737 ql:  1263
Running experiment 169 of 1000
pr:  392 ql:  1608
Running experiment 170 of 1000
pr:  423 ql:  1577
Running experiment 171 of 1000
pr:  492 ql:  1508
Running experiment 172 of 1000
pr:  440 ql:  1560
Running experiment 173 of 1000
pr:  614 ql:  1386
Running experiment 174 of 1000
pr:  344 ql:  1656
Running experiment 175 of 1000
pr:  332 ql:  1668
Running experiment 176 of 1000
pr:  313 ql:  1687
Running experiment 177 of 1000
pr:  449 ql:  1551
Running experiment 178 of 1000
pr:  1073 ql:  927
Running experiment 179 of 1000
pr:  320 ql:  1680
Running experiment 180 of 1000
pr:  565 ql:  1435
Running experiment 181 of 1000
pr:  398 ql:  1602
Running experiment 182 of 1000
pr:  395 ql:  1605
Running experiment 183 of 1000
pr:  448 ql:  1552
Running experiment 184 of 1000
pr:  374 ql:  1626
Running experiment 185 of 1000
pr:  478 ql:  1522
Running experiment 186 of 1000
pr:  458 ql:  1542
Running experiment 187 of 1000
pr:  540 ql:  1460
Running experiment 188 of 1000
pr:  361 ql:  1639
Running experiment 189 of 1000
pr:  461 ql:  1539
Running experiment 190 of 1000
pr:  337 ql:  1663
Running experiment 191 of 1000
pr:  545 ql:  1455
Running experiment 192 of 1000
pr:  681 ql:  1319
Running experiment 193 of 1000
pr:  674 ql:  1326
Running experiment 194 of 1000
pr:  483 ql:  1517
Running experiment 195 of 1000
pr:  432 ql:  1568
Running experiment 196 of 1000
pr:  329 ql:  1671
Running experiment 197 of 1000
pr:  480 ql:  1520
Running experiment 198 of 1000
pr:  392 ql:  1608
Running experiment 199 of 1000
pr:  334 ql:  1666
Running experiment 200 of 1000
pr:  665 ql:  1335
Running experiment 201 of 1000
pr:  482 ql:  1518
Running experiment 202 of 1000
pr:  398 ql:  1602
Running experiment 203 of 1000
pr:  637 ql:  1363
Running experiment 204 of 1000
pr:  432 ql:  1568
Running experiment 205 of 1000
pr:  373 ql:  1627
Running experiment 206 of 1000
pr:  548 ql:  1452
Running experiment 207 of 1000
pr:  560 ql:  1440
Running experiment 208 of 1000
pr:  390 ql:  1610
Running experiment 209 of 1000
pr:  370 ql:  1630
Running experiment 210 of 1000
pr:  323 ql:  1677
Running experiment 211 of 1000
pr:  315 ql:  1685
Running experiment 212 of 1000
pr:  814 ql:  1186
Running experiment 213 of 1000
pr:  496 ql:  1504
Running experiment 214 of 1000
pr:  803 ql:  1197
Running experiment 215 of 1000
pr:  464 ql:  1536
Running experiment 216 of 1000
pr:  511 ql:  1489
Running experiment 217 of 1000
pr:  498 ql:  1502
Running experiment 218 of 1000
pr:  679 ql:  1321
Running experiment 219 of 1000
pr:  501 ql:  1499
Running experiment 220 of 1000
pr:  486 ql:  1514
Running experiment 221 of 1000
pr:  316 ql:  1684
Running experiment 222 of 1000
pr:  407 ql:  1593
Running experiment 223 of 1000
pr:  547 ql:  1453
Running experiment 224 of 1000
pr:  338 ql:  1662
Running experiment 225 of 1000
pr:  369 ql:  1631
Running experiment 226 of 1000
pr:  340 ql:  1660
Running experiment 227 of 1000
pr:  507 ql:  1493
Running experiment 228 of 1000
pr:  369 ql:  1631
Running experiment 229 of 1000
pr:  553 ql:  1447
Running experiment 230 of 1000
pr:  375 ql:  1625
Running experiment 231 of 1000
pr:  538 ql:  1462
Running experiment 232 of 1000
pr:  506 ql:  1494
Running experiment 233 of 1000
pr:  497 ql:  1503
Running experiment 234 of 1000
pr:  517 ql:  1483
Running experiment 235 of 1000
pr:  341 ql:  1659
Running experiment 236 of 1000
pr:  431 ql:  1569
Running experiment 237 of 1000
pr:  434 ql:  1566
Running experiment 238 of 1000
pr:  396 ql:  1604
Running experiment 239 of 1000
pr:  442 ql:  1558
Running experiment 240 of 1000
pr:  394 ql:  1606
Running experiment 241 of 1000
pr:  575 ql:  1425
Running experiment 242 of 1000
pr:  444 ql:  1556
Running experiment 243 of 1000
pr:  426 ql:  1574
Running experiment 244 of 1000
pr:  341 ql:  1659
Running experiment 245 of 1000
pr:  568 ql:  1432
Running experiment 246 of 1000
pr:  592 ql:  1408
Running experiment 247 of 1000
pr:  351 ql:  1649
Running experiment 248 of 1000
pr:  500 ql:  1500
Running experiment 249 of 1000
pr:  257 ql:  1743
Running experiment 250 of 1000
pr:  501 ql:  1499
Running experiment 251 of 1000
pr:  381 ql:  1619
Running experiment 252 of 1000
pr:  404 ql:  1596
Running experiment 253 of 1000
pr:  365 ql:  1635
Running experiment 254 of 1000
pr:  347 ql:  1653
Running experiment 255 of 1000
pr:  382 ql:  1618
Running experiment 256 of 1000
pr:  301 ql:  1699
Running experiment 257 of 1000
pr:  547 ql:  1453
Running experiment 258 of 1000
pr:  454 ql:  1546
Running experiment 259 of 1000
pr:  372 ql:  1628
Running experiment 260 of 1000
pr:  545 ql:  1455
Running experiment 261 of 1000
pr:  401 ql:  1599
Running experiment 262 of 1000
pr:  1068 ql:  932
Running experiment 263 of 1000
pr:  345 ql:  1655
Running experiment 264 of 1000
pr:  627 ql:  1373
Running experiment 265 of 1000
pr:  610 ql:  1390
Running experiment 266 of 1000
pr:  477 ql:  1523
Running experiment 267 of 1000
pr:  509 ql:  1491
Running experiment 268 of 1000
pr:  403 ql:  1597
Running experiment 269 of 1000
pr:  435 ql:  1565
Running experiment 270 of 1000
pr:  624 ql:  1376
Running experiment 271 of 1000
pr:  596 ql:  1404
Running experiment 272 of 1000
pr:  647 ql:  1353
Running experiment 273 of 1000
pr:  380 ql:  1620
Running experiment 274 of 1000
pr:  390 ql:  1610
Running experiment 275 of 1000
pr:  577 ql:  1423
Running experiment 276 of 1000
pr:  596 ql:  1404
Running experiment 277 of 1000
pr:  586 ql:  1414
Running experiment 278 of 1000
pr:  418 ql:  1582
Running experiment 279 of 1000
pr:  637 ql:  1363
Running experiment 280 of 1000
pr:  439 ql:  1561
Running experiment 281 of 1000
pr:  374 ql:  1626
Running experiment 282 of 1000
pr:  392 ql:  1608
Running experiment 283 of 1000
pr:  729 ql:  1271
Running experiment 284 of 1000
pr:  413 ql:  1587
Running experiment 285 of 1000
pr:  651 ql:  1349
Running experiment 286 of 1000
pr:  447 ql:  1553
Running experiment 287 of 1000
pr:  477 ql:  1523
Running experiment 288 of 1000
pr:  405 ql:  1595
Running experiment 289 of 1000
pr:  268 ql:  1732
Running experiment 290 of 1000
pr:  475 ql:  1525
Running experiment 291 of 1000
pr:  473 ql:  1527
Running experiment 292 of 1000
pr:  329 ql:  1671
Running experiment 293 of 1000
pr:  369 ql:  1631
Running experiment 294 of 1000
pr:  562 ql:  1438
Running experiment 295 of 1000
pr:  503 ql:  1497
Running experiment 296 of 1000
pr:  335 ql:  1665
Running experiment 297 of 1000
pr:  372 ql:  1628
Running experiment 298 of 1000
pr:  469 ql:  1531
Running experiment 299 of 1000
pr:  567 ql:  1433
Running experiment 300 of 1000
pr:  567 ql:  1433
Running experiment 301 of 1000
pr:  490 ql:  1510
Running experiment 302 of 1000
pr:  449 ql:  1551
Running experiment 303 of 1000
pr:  375 ql:  1625
Running experiment 304 of 1000
pr:  380 ql:  1620
Running experiment 305 of 1000
pr:  397 ql:  1603
Running experiment 306 of 1000
pr:  353 ql:  1647
Running experiment 307 of 1000
pr:  727 ql:  1273
Running experiment 308 of 1000
pr:  476 ql:  1524
Running experiment 309 of 1000
pr:  504 ql:  1496
Running experiment 310 of 1000
pr:  418 ql:  1582
Running experiment 311 of 1000
pr:  517 ql:  1483
Running experiment 312 of 1000
pr:  434 ql:  1566
Running experiment 313 of 1000
pr:  391 ql:  1609
Running experiment 314 of 1000
pr:  504 ql:  1496
Running experiment 315 of 1000
pr:  304 ql:  1696
Running experiment 316 of 1000
pr:  437 ql:  1563
Running experiment 317 of 1000
pr:  645 ql:  1355
Running experiment 318 of 1000
pr:  421 ql:  1579
Running experiment 319 of 1000
pr:  758 ql:  1242
Running experiment 320 of 1000
pr:  416 ql:  1584
Running experiment 321 of 1000
pr:  449 ql:  1551
Running experiment 322 of 1000
pr:  381 ql:  1619
Running experiment 323 of 1000
pr:  412 ql:  1588
Running experiment 324 of 1000
pr:  396 ql:  1604
Running experiment 325 of 1000
pr:  360 ql:  1640
Running experiment 326 of 1000
pr:  834 ql:  1166
Running experiment 327 of 1000
pr:  396 ql:  1604
Running experiment 328 of 1000
pr:  524 ql:  1476
Running experiment 329 of 1000
pr:  635 ql:  1365
Running experiment 330 of 1000
pr:  434 ql:  1566
Running experiment 331 of 1000
pr:  427 ql:  1573
Running experiment 332 of 1000
pr:  394 ql:  1606
Running experiment 333 of 1000
pr:  433 ql:  1567
Running experiment 334 of 1000
pr:  581 ql:  1419
Running experiment 335 of 1000
pr:  475 ql:  1525
Running experiment 336 of 1000
pr:  369 ql:  1631
Running experiment 337 of 1000
pr:  626 ql:  1374
Running experiment 338 of 1000
pr:  502 ql:  1498
Running experiment 339 of 1000
pr:  539 ql:  1461
Running experiment 340 of 1000
pr:  333 ql:  1667
Running experiment 341 of 1000
pr:  555 ql:  1445
Running experiment 342 of 1000
pr:  559 ql:  1441
Running experiment 343 of 1000
pr:  375 ql:  1625
Running experiment 344 of 1000
pr:  253 ql:  1747
Running experiment 345 of 1000
pr:  424 ql:  1576
Running experiment 346 of 1000
pr:  576 ql:  1424
Running experiment 347 of 1000
pr:  470 ql:  1530
Running experiment 348 of 1000
pr:  545 ql:  1455
Running experiment 349 of 1000
pr:  526 ql:  1474
Running experiment 350 of 1000
pr:  703 ql:  1297
Running experiment 351 of 1000
pr:  552 ql:  1448
Running experiment 352 of 1000
pr:  423 ql:  1577
Running experiment 353 of 1000
pr:  576 ql:  1424
Running experiment 354 of 1000
pr:  381 ql:  1619
Running experiment 355 of 1000
pr:  477 ql:  1523
Running experiment 356 of 1000
pr:  534 ql:  1466
Running experiment 357 of 1000
pr:  387 ql:  1613
Running experiment 358 of 1000
pr:  574 ql:  1426
Running experiment 359 of 1000
pr:  355 ql:  1645
Running experiment 360 of 1000
pr:  458 ql:  1542
Running experiment 361 of 1000
pr:  451 ql:  1549
Running experiment 362 of 1000
pr:  527 ql:  1473
Running experiment 363 of 1000
pr:  342 ql:  1658
Running experiment 364 of 1000
pr:  373 ql:  1627
Running experiment 365 of 1000
pr:  373 ql:  1627
Running experiment 366 of 1000
pr:  366 ql:  1634
Running experiment 367 of 1000
pr:  422 ql:  1578
Running experiment 368 of 1000
pr:  345 ql:  1655
Running experiment 369 of 1000
pr:  544 ql:  1456
Running experiment 370 of 1000
pr:  668 ql:  1332
Running experiment 371 of 1000
pr:  386 ql:  1614
Running experiment 372 of 1000
pr:  521 ql:  1479
Running experiment 373 of 1000
pr:  600 ql:  1400
Running experiment 374 of 1000
pr:  409 ql:  1591
Running experiment 375 of 1000
pr:  657 ql:  1343
Running experiment 376 of 1000
pr:  481 ql:  1519
Running experiment 377 of 1000
pr:  580 ql:  1420
Running experiment 378 of 1000
pr:  422 ql:  1578
Running experiment 379 of 1000
pr:  567 ql:  1433
Running experiment 380 of 1000
pr:  683 ql:  1317
Running experiment 381 of 1000
pr:  405 ql:  1595
Running experiment 382 of 1000
pr:  261 ql:  1739
Running experiment 383 of 1000
pr:  434 ql:  1566
Running experiment 384 of 1000
pr:  261 ql:  1739
Running experiment 385 of 1000
pr:  370 ql:  1630
Running experiment 386 of 1000
pr:  357 ql:  1643
Running experiment 387 of 1000
pr:  647 ql:  1353
Running experiment 388 of 1000
pr:  432 ql:  1568
Running experiment 389 of 1000
pr:  388 ql:  1612
Running experiment 390 of 1000
pr:  405 ql:  1595
Running experiment 391 of 1000
pr:  512 ql:  1488
Running experiment 392 of 1000
pr:  382 ql:  1618
Running experiment 393 of 1000
pr:  537 ql:  1463
Running experiment 394 of 1000
pr:  304 ql:  1696
Running experiment 395 of 1000
pr:  355 ql:  1645
Running experiment 396 of 1000
pr:  487 ql:  1513
Running experiment 397 of 1000
pr:  417 ql:  1583
Running experiment 398 of 1000
pr:  834 ql:  1166
Running experiment 399 of 1000
pr:  602 ql:  1398
Running experiment 400 of 1000
pr:  586 ql:  1414
Running experiment 401 of 1000
pr:  331 ql:  1669
Running experiment 402 of 1000
pr:  357 ql:  1643
Running experiment 403 of 1000
pr:  567 ql:  1433
Running experiment 404 of 1000
pr:  351 ql:  1649
Running experiment 405 of 1000
pr:  649 ql:  1351
Running experiment 406 of 1000
pr:  462 ql:  1538
Running experiment 407 of 1000
pr:  357 ql:  1643
Running experiment 408 of 1000
pr:  370 ql:  1630
Running experiment 409 of 1000
pr:  483 ql:  1517
Running experiment 410 of 1000
pr:  349 ql:  1651
Running experiment 411 of 1000
pr:  629 ql:  1371
Running experiment 412 of 1000
pr:  625 ql:  1375
Running experiment 413 of 1000
pr:  412 ql:  1588
Running experiment 414 of 1000
pr:  648 ql:  1352
Running experiment 415 of 1000
pr:  404 ql:  1596
Running experiment 416 of 1000
pr:  503 ql:  1497
Running experiment 417 of 1000
pr:  443 ql:  1557
Running experiment 418 of 1000
pr:  424 ql:  1576
Running experiment 419 of 1000
pr:  364 ql:  1636
Running experiment 420 of 1000
pr:  693 ql:  1307
Running experiment 421 of 1000
pr:  414 ql:  1586
Running experiment 422 of 1000
pr:  684 ql:  1316
Running experiment 423 of 1000
pr:  434 ql:  1566
Running experiment 424 of 1000
pr:  417 ql:  1583
Running experiment 425 of 1000
pr:  608 ql:  1392
Running experiment 426 of 1000
pr:  396 ql:  1604
Running experiment 427 of 1000
pr:  385 ql:  1615
Running experiment 428 of 1000
pr:  478 ql:  1522
Running experiment 429 of 1000
pr:  360 ql:  1640
Running experiment 430 of 1000
pr:  480 ql:  1520
Running experiment 431 of 1000
pr:  375 ql:  1625
Running experiment 432 of 1000
pr:  421 ql:  1579
Running experiment 433 of 1000
pr:  425 ql:  1575
Running experiment 434 of 1000
pr:  292 ql:  1708
Running experiment 435 of 1000
pr:  488 ql:  1512
Running experiment 436 of 1000
pr:  663 ql:  1337
Running experiment 437 of 1000
pr:  496 ql:  1504
Running experiment 438 of 1000
pr:  591 ql:  1409
Running experiment 439 of 1000
pr:  478 ql:  1522
Running experiment 440 of 1000
pr:  468 ql:  1532
Running experiment 441 of 1000
pr:  538 ql:  1462
Running experiment 442 of 1000
pr:  360 ql:  1640
Running experiment 443 of 1000
pr:  942 ql:  1058
Running experiment 444 of 1000
pr:  445 ql:  1555
Running experiment 445 of 1000
pr:  833 ql:  1167
Running experiment 446 of 1000
pr:  387 ql:  1613
Running experiment 447 of 1000
pr:  660 ql:  1340
Running experiment 448 of 1000
pr:  457 ql:  1543
Running experiment 449 of 1000
pr:  468 ql:  1532
Running experiment 450 of 1000
pr:  352 ql:  1648
Running experiment 451 of 1000
pr:  414 ql:  1586
Running experiment 452 of 1000
pr:  718 ql:  1282
Running experiment 453 of 1000
pr:  509 ql:  1491
Running experiment 454 of 1000
pr:  429 ql:  1571
Running experiment 455 of 1000
pr:  406 ql:  1594
Running experiment 456 of 1000
pr:  374 ql:  1626
Running experiment 457 of 1000
pr:  400 ql:  1600
Running experiment 458 of 1000
pr:  504 ql:  1496
Running experiment 459 of 1000
pr:  515 ql:  1485
Running experiment 460 of 1000
pr:  407 ql:  1593
Running experiment 461 of 1000
pr:  344 ql:  1656
Running experiment 462 of 1000
pr:  535 ql:  1465
Running experiment 463 of 1000
pr:  406 ql:  1594
Running experiment 464 of 1000
pr:  355 ql:  1645
Running experiment 465 of 1000
pr:  430 ql:  1570
Running experiment 466 of 1000
pr:  540 ql:  1460
Running experiment 467 of 1000
pr:  741 ql:  1259
Running experiment 468 of 1000
pr:  991 ql:  1009
Running experiment 469 of 1000
pr:  532 ql:  1468
Running experiment 470 of 1000
pr:  762 ql:  1238
Running experiment 471 of 1000
pr:  410 ql:  1590
Running experiment 472 of 1000
pr:  400 ql:  1600
Running experiment 473 of 1000
pr:  449 ql:  1551
Running experiment 474 of 1000
pr:  367 ql:  1633
Running experiment 475 of 1000
pr:  423 ql:  1577
Running experiment 476 of 1000
pr:  450 ql:  1550
Running experiment 477 of 1000
pr:  407 ql:  1593
Running experiment 478 of 1000
pr:  428 ql:  1572
Running experiment 479 of 1000
pr:  398 ql:  1602
Running experiment 480 of 1000
pr:  434 ql:  1566
Running experiment 481 of 1000
pr:  400 ql:  1600
Running experiment 482 of 1000
pr:  543 ql:  1457
Running experiment 483 of 1000
pr:  526 ql:  1474
Running experiment 484 of 1000
pr:  667 ql:  1333
Running experiment 485 of 1000
pr:  420 ql:  1580
Running experiment 486 of 1000
pr:  401 ql:  1599
Running experiment 487 of 1000
pr:  319 ql:  1681
Running experiment 488 of 1000
pr:  436 ql:  1564
Running experiment 489 of 1000
pr:  424 ql:  1576
Running experiment 490 of 1000
pr:  401 ql:  1599
Running experiment 491 of 1000
pr:  435 ql:  1565
Running experiment 492 of 1000
pr:  550 ql:  1450
Running experiment 493 of 1000
pr:  565 ql:  1435
Running experiment 494 of 1000
pr:  504 ql:  1496
Running experiment 495 of 1000
pr:  364 ql:  1636
Running experiment 496 of 1000
pr:  399 ql:  1601
Running experiment 497 of 1000
pr:  554 ql:  1446
Running experiment 498 of 1000
pr:  383 ql:  1617
Running experiment 499 of 1000
pr:  348 ql:  1652
Running experiment 500 of 1000
pr:  384 ql:  1616
Running experiment 501 of 1000
pr:  420 ql:  1580
Running experiment 502 of 1000
pr:  598 ql:  1402
Running experiment 503 of 1000
pr:  414 ql:  1586
Running experiment 504 of 1000
pr:  391 ql:  1609
Running experiment 505 of 1000
pr:  504 ql:  1496
Running experiment 506 of 1000
pr:  567 ql:  1433
Running experiment 507 of 1000
pr:  496 ql:  1504
Running experiment 508 of 1000
pr:  442 ql:  1558
Running experiment 509 of 1000
pr:  545 ql:  1455
Running experiment 510 of 1000
pr:  561 ql:  1439
Running experiment 511 of 1000
pr:  411 ql:  1589
Running experiment 512 of 1000
pr:  562 ql:  1438
Running experiment 513 of 1000
pr:  602 ql:  1398
Running experiment 514 of 1000
pr:  324 ql:  1676
Running experiment 515 of 1000
pr:  560 ql:  1440
Running experiment 516 of 1000
pr:  501 ql:  1499
Running experiment 517 of 1000
pr:  687 ql:  1313
Running experiment 518 of 1000
pr:  363 ql:  1637
Running experiment 519 of 1000
pr:  319 ql:  1681
Running experiment 520 of 1000
pr:  444 ql:  1556
Running experiment 521 of 1000
pr:  368 ql:  1632
Running experiment 522 of 1000
pr:  376 ql:  1624
Running experiment 523 of 1000
pr:  509 ql:  1491
Running experiment 524 of 1000
pr:  426 ql:  1574
Running experiment 525 of 1000
pr:  679 ql:  1321
Running experiment 526 of 1000
pr:  357 ql:  1643
Running experiment 527 of 1000
pr:  377 ql:  1623
Running experiment 528 of 1000
pr:  573 ql:  1427
Running experiment 529 of 1000
pr:  462 ql:  1538
Running experiment 530 of 1000
pr:  460 ql:  1540
Running experiment 531 of 1000
pr:  525 ql:  1475
Running experiment 532 of 1000
pr:  726 ql:  1274
Running experiment 533 of 1000
pr:  566 ql:  1434
Running experiment 534 of 1000
pr:  411 ql:  1589
Running experiment 535 of 1000
pr:  429 ql:  1571
Running experiment 536 of 1000
pr:  417 ql:  1583
Running experiment 537 of 1000
pr:  579 ql:  1421
Running experiment 538 of 1000
pr:  434 ql:  1566
Running experiment 539 of 1000
pr:  503 ql:  1497
Running experiment 540 of 1000
pr:  514 ql:  1486
Running experiment 541 of 1000
pr:  465 ql:  1535
Running experiment 542 of 1000
pr:  553 ql:  1447
Running experiment 543 of 1000
pr:  266 ql:  1734
Running experiment 544 of 1000
pr:  407 ql:  1593
Running experiment 545 of 1000
pr:  531 ql:  1469
Running experiment 546 of 1000
pr:  614 ql:  1386
Running experiment 547 of 1000
pr:  413 ql:  1587
Running experiment 548 of 1000
pr:  315 ql:  1685
Running experiment 549 of 1000
pr:  386 ql:  1614
Running experiment 550 of 1000
pr:  377 ql:  1623
Running experiment 551 of 1000
pr:  497 ql:  1503
Running experiment 552 of 1000
pr:  681 ql:  1319
Running experiment 553 of 1000
pr:  392 ql:  1608
Running experiment 554 of 1000
pr:  322 ql:  1678
Running experiment 555 of 1000
pr:  384 ql:  1616
Running experiment 556 of 1000
pr:  514 ql:  1486
Running experiment 557 of 1000
pr:  529 ql:  1471
Running experiment 558 of 1000
pr:  634 ql:  1366
Running experiment 559 of 1000
pr:  427 ql:  1573
Running experiment 560 of 1000
pr:  339 ql:  1661
Running experiment 561 of 1000
pr:  368 ql:  1632
Running experiment 562 of 1000
pr:  518 ql:  1482
Running experiment 563 of 1000
pr:  488 ql:  1512
Running experiment 564 of 1000
pr:  490 ql:  1510
Running experiment 565 of 1000
pr:  521 ql:  1479
Running experiment 566 of 1000
pr:  405 ql:  1595
Running experiment 567 of 1000
pr:  656 ql:  1344
Running experiment 568 of 1000
pr:  513 ql:  1487
Running experiment 569 of 1000
pr:  492 ql:  1508
Running experiment 570 of 1000
pr:  341 ql:  1659
Running experiment 571 of 1000
pr:  442 ql:  1558
Running experiment 572 of 1000
pr:  487 ql:  1513
Running experiment 573 of 1000
pr:  369 ql:  1631
Running experiment 574 of 1000
pr:  402 ql:  1598
Running experiment 575 of 1000
pr:  340 ql:  1660
Running experiment 576 of 1000
pr:  348 ql:  1652
Running experiment 577 of 1000
pr:  839 ql:  1161
Running experiment 578 of 1000
pr:  500 ql:  1500
Running experiment 579 of 1000
pr:  871 ql:  1129
Running experiment 580 of 1000
pr:  459 ql:  1541
Running experiment 581 of 1000
pr:  330 ql:  1670
Running experiment 582 of 1000
pr:  572 ql:  1428
Running experiment 583 of 1000
pr:  521 ql:  1479
Running experiment 584 of 1000
pr:  615 ql:  1385
Running experiment 585 of 1000
pr:  340 ql:  1660
Running experiment 586 of 1000
pr:  358 ql:  1642
Running experiment 587 of 1000
pr:  613 ql:  1387
Running experiment 588 of 1000
pr:  571 ql:  1429
Running experiment 589 of 1000
pr:  596 ql:  1404
Running experiment 590 of 1000
pr:  532 ql:  1468
Running experiment 591 of 1000
pr:  358 ql:  1642
Running experiment 592 of 1000
pr:  447 ql:  1553
Running experiment 593 of 1000
pr:  512 ql:  1488
Running experiment 594 of 1000
pr:  337 ql:  1663
Running experiment 595 of 1000
pr:  783 ql:  1217
Running experiment 596 of 1000
pr:  624 ql:  1376
Running experiment 597 of 1000
pr:  543 ql:  1457
Running experiment 598 of 1000
pr:  602 ql:  1398
Running experiment 599 of 1000
pr:  343 ql:  1657
Running experiment 600 of 1000
pr:  535 ql:  1465
Running experiment 601 of 1000
pr:  395 ql:  1605
Running experiment 602 of 1000
pr:  402 ql:  1598
Running experiment 603 of 1000
pr:  559 ql:  1441
Running experiment 604 of 1000
pr:  381 ql:  1619
Running experiment 605 of 1000
pr:  548 ql:  1452
Running experiment 606 of 1000
pr:  680 ql:  1320
Running experiment 607 of 1000
pr:  940 ql:  1060
Running experiment 608 of 1000
pr:  269 ql:  1731
Running experiment 609 of 1000
pr:  318 ql:  1682
Running experiment 610 of 1000
pr:  396 ql:  1604
Running experiment 611 of 1000
pr:  439 ql:  1561
Running experiment 612 of 1000
pr:  452 ql:  1548
Running experiment 613 of 1000
pr:  550 ql:  1450
Running experiment 614 of 1000
pr:  399 ql:  1601
Running experiment 615 of 1000
pr:  416 ql:  1584
Running experiment 616 of 1000
pr:  293 ql:  1707
Running experiment 617 of 1000
pr:  557 ql:  1443
Running experiment 618 of 1000
pr:  517 ql:  1483
Running experiment 619 of 1000
pr:  340 ql:  1660
Running experiment 620 of 1000
pr:  468 ql:  1532
Running experiment 621 of 1000
pr:  435 ql:  1565
Running experiment 622 of 1000
pr:  648 ql:  1352
Running experiment 623 of 1000
pr:  370 ql:  1630
Running experiment 624 of 1000
pr:  468 ql:  1532
Running experiment 625 of 1000
pr:  489 ql:  1511
Running experiment 626 of 1000
pr:  384 ql:  1616
Running experiment 627 of 1000
pr:  455 ql:  1545
Running experiment 628 of 1000
pr:  620 ql:  1380
Running experiment 629 of 1000
pr:  519 ql:  1481
Running experiment 630 of 1000
pr:  893 ql:  1107
Running experiment 631 of 1000
pr:  604 ql:  1396
Running experiment 632 of 1000
pr:  854 ql:  1146
Running experiment 633 of 1000
pr:  420 ql:  1580
Running experiment 634 of 1000
pr:  365 ql:  1635
Running experiment 635 of 1000
pr:  422 ql:  1578
Running experiment 636 of 1000
pr:  338 ql:  1662
Running experiment 637 of 1000
pr:  449 ql:  1551
Running experiment 638 of 1000
pr:  426 ql:  1574
Running experiment 639 of 1000
pr:  577 ql:  1423
Running experiment 640 of 1000
pr:  451 ql:  1549
Running experiment 641 of 1000
pr:  452 ql:  1548
Running experiment 642 of 1000
pr:  408 ql:  1592
Running experiment 643 of 1000
pr:  629 ql:  1371
Running experiment 644 of 1000
pr:  620 ql:  1380
Running experiment 645 of 1000
pr:  585 ql:  1415
Running experiment 646 of 1000
pr:  398 ql:  1602
Running experiment 647 of 1000
pr:  446 ql:  1554
Running experiment 648 of 1000
pr:  324 ql:  1676
Running experiment 649 of 1000
pr:  686 ql:  1314
Running experiment 650 of 1000
pr:  557 ql:  1443
Running experiment 651 of 1000
pr:  374 ql:  1626
Running experiment 652 of 1000
pr:  271 ql:  1729
Running experiment 653 of 1000
pr:  616 ql:  1384
Running experiment 654 of 1000
pr:  413 ql:  1587
Running experiment 655 of 1000
pr:  488 ql:  1512
Running experiment 656 of 1000
pr:  467 ql:  1533
Running experiment 657 of 1000
pr:  372 ql:  1628
Running experiment 658 of 1000
pr:  472 ql:  1528
Running experiment 659 of 1000
pr:  559 ql:  1441
Running experiment 660 of 1000
pr:  403 ql:  1597
Running experiment 661 of 1000
pr:  377 ql:  1623
Running experiment 662 of 1000
pr:  490 ql:  1510
Running experiment 663 of 1000
pr:  401 ql:  1599
Running experiment 664 of 1000
pr:  384 ql:  1616
Running experiment 665 of 1000
pr:  407 ql:  1593
Running experiment 666 of 1000
pr:  435 ql:  1565
Running experiment 667 of 1000
pr:  369 ql:  1631
Running experiment 668 of 1000
pr:  507 ql:  1493
Running experiment 669 of 1000
pr:  425 ql:  1575
Running experiment 670 of 1000
pr:  507 ql:  1493
Running experiment 671 of 1000
pr:  453 ql:  1547
Running experiment 672 of 1000
pr:  291 ql:  1709
Running experiment 673 of 1000
pr:  378 ql:  1622
Running experiment 674 of 1000
pr:  416 ql:  1584
Running experiment 675 of 1000
pr:  573 ql:  1427
Running experiment 676 of 1000
pr:  312 ql:  1688
Running experiment 677 of 1000
pr:  421 ql:  1579
Running experiment 678 of 1000
pr:  400 ql:  1600
Running experiment 679 of 1000
pr:  425 ql:  1575
Running experiment 680 of 1000
pr:  439 ql:  1561
Running experiment 681 of 1000
pr:  464 ql:  1536
Running experiment 682 of 1000
pr:  414 ql:  1586
Running experiment 683 of 1000
pr:  562 ql:  1438
Running experiment 684 of 1000
pr:  488 ql:  1512
Running experiment 685 of 1000
pr:  604 ql:  1396
Running experiment 686 of 1000
pr:  352 ql:  1648
Running experiment 687 of 1000
pr:  493 ql:  1507
Running experiment 688 of 1000
pr:  513 ql:  1487
Running experiment 689 of 1000
pr:  451 ql:  1549
Running experiment 690 of 1000
pr:  687 ql:  1313
Running experiment 691 of 1000
pr:  517 ql:  1483
Running experiment 692 of 1000
pr:  655 ql:  1345
Running experiment 693 of 1000
pr:  558 ql:  1442
Running experiment 694 of 1000
pr:  319 ql:  1681
Running experiment 695 of 1000
pr:  433 ql:  1567
Running experiment 696 of 1000
pr:  480 ql:  1520
Running experiment 697 of 1000
pr:  543 ql:  1457
Running experiment 698 of 1000
pr:  397 ql:  1603
Running experiment 699 of 1000
pr:  543 ql:  1457
Running experiment 700 of 1000
pr:  353 ql:  1647
Running experiment 701 of 1000
pr:  332 ql:  1668
Running experiment 702 of 1000
pr:  830 ql:  1170
Running experiment 703 of 1000
pr:  653 ql:  1347
Running experiment 704 of 1000
pr:  374 ql:  1626
Running experiment 705 of 1000
pr:  342 ql:  1658
Running experiment 706 of 1000
pr:  620 ql:  1380
Running experiment 707 of 1000
pr:  622 ql:  1378
Running experiment 708 of 1000
pr:  345 ql:  1655
Running experiment 709 of 1000
pr:  567 ql:  1433
Running experiment 710 of 1000
pr:  315 ql:  1685
Running experiment 711 of 1000
pr:  345 ql:  1655
Running experiment 712 of 1000
pr:  380 ql:  1620
Running experiment 713 of 1000
pr:  406 ql:  1594
Running experiment 714 of 1000
pr:  494 ql:  1506
Running experiment 715 of 1000
pr:  399 ql:  1601
Running experiment 716 of 1000
pr:  486 ql:  1514
Running experiment 717 of 1000
pr:  429 ql:  1571
Running experiment 718 of 1000
pr:  493 ql:  1507
Running experiment 719 of 1000
pr:  573 ql:  1427
Running experiment 720 of 1000
pr:  595 ql:  1405
Running experiment 721 of 1000
pr:  336 ql:  1664
Running experiment 722 of 1000
pr:  497 ql:  1503
Running experiment 723 of 1000
pr:  282 ql:  1718
Running experiment 724 of 1000
pr:  326 ql:  1674
Running experiment 725 of 1000
pr:  579 ql:  1421
Running experiment 726 of 1000
pr:  414 ql:  1586
Running experiment 727 of 1000
pr:  440 ql:  1560
Running experiment 728 of 1000
pr:  465 ql:  1535
Running experiment 729 of 1000
pr:  401 ql:  1599
Running experiment 730 of 1000
pr:  392 ql:  1608
Running experiment 731 of 1000
pr:  368 ql:  1632
Running experiment 732 of 1000
pr:  388 ql:  1612
Running experiment 733 of 1000
pr:  394 ql:  1606
Running experiment 734 of 1000
pr:  420 ql:  1580
Running experiment 735 of 1000
pr:  302 ql:  1698
Running experiment 736 of 1000
pr:  298 ql:  1702
Running experiment 737 of 1000
pr:  437 ql:  1563
Running experiment 738 of 1000
pr:  422 ql:  1578
Running experiment 739 of 1000
pr:  477 ql:  1523
Running experiment 740 of 1000
pr:  612 ql:  1388
Running experiment 741 of 1000
pr:  535 ql:  1465
Running experiment 742 of 1000
pr:  414 ql:  1586
Running experiment 743 of 1000
pr:  367 ql:  1633
Running experiment 744 of 1000
pr:  488 ql:  1512
Running experiment 745 of 1000
pr:  371 ql:  1629
Running experiment 746 of 1000
pr:  462 ql:  1538
Running experiment 747 of 1000
pr:  542 ql:  1458
Running experiment 748 of 1000
pr:  409 ql:  1591
Running experiment 749 of 1000
pr:  537 ql:  1463
Running experiment 750 of 1000
pr:  308 ql:  1692
Running experiment 751 of 1000
pr:  486 ql:  1514
Running experiment 752 of 1000
pr:  859 ql:  1141
Running experiment 753 of 1000
pr:  541 ql:  1459
Running experiment 754 of 1000
pr:  522 ql:  1478
Running experiment 755 of 1000
pr:  440 ql:  1560
Running experiment 756 of 1000
pr:  384 ql:  1616
Running experiment 757 of 1000
pr:  510 ql:  1490
Running experiment 758 of 1000
pr:  347 ql:  1653
Running experiment 759 of 1000
pr:  730 ql:  1270
Running experiment 760 of 1000
pr:  388 ql:  1612
Running experiment 761 of 1000
pr:  437 ql:  1563
Running experiment 762 of 1000
pr:  412 ql:  1588
Running experiment 763 of 1000
pr:  542 ql:  1458
Running experiment 764 of 1000
pr:  511 ql:  1489
Running experiment 765 of 1000
pr:  372 ql:  1628
Running experiment 766 of 1000
pr:  404 ql:  1596
Running experiment 767 of 1000
pr:  481 ql:  1519
Running experiment 768 of 1000
pr:  514 ql:  1486
Running experiment 769 of 1000
pr:  547 ql:  1453
Running experiment 770 of 1000
pr:  547 ql:  1453
Running experiment 771 of 1000
pr:  797 ql:  1203
Running experiment 772 of 1000
pr:  493 ql:  1507
Running experiment 773 of 1000
pr:  385 ql:  1615
Running experiment 774 of 1000
pr:  394 ql:  1606
Running experiment 775 of 1000
pr:  661 ql:  1339
Running experiment 776 of 1000
pr:  495 ql:  1505
Running experiment 777 of 1000
pr:  740 ql:  1260
Running experiment 778 of 1000
pr:  628 ql:  1372
Running experiment 779 of 1000
pr:  567 ql:  1433
Running experiment 780 of 1000
pr:  443 ql:  1557
Running experiment 781 of 1000
pr:  438 ql:  1562
Running experiment 782 of 1000
pr:  450 ql:  1550
Running experiment 783 of 1000
pr:  452 ql:  1548
Running experiment 784 of 1000
pr:  378 ql:  1622
Running experiment 785 of 1000
pr:  512 ql:  1488
Running experiment 786 of 1000
pr:  684 ql:  1316
Running experiment 787 of 1000
pr:  442 ql:  1558
Running experiment 788 of 1000
pr:  674 ql:  1326
Running experiment 789 of 1000
pr:  367 ql:  1633
Running experiment 790 of 1000
pr:  433 ql:  1567
Running experiment 791 of 1000
pr:  574 ql:  1426
Running experiment 792 of 1000
pr:  394 ql:  1606
Running experiment 793 of 1000
pr:  430 ql:  1570
Running experiment 794 of 1000
pr:  408 ql:  1592
Running experiment 795 of 1000
pr:  467 ql:  1533
Running experiment 796 of 1000
pr:  420 ql:  1580
Running experiment 797 of 1000
pr:  563 ql:  1437
Running experiment 798 of 1000
pr:  446 ql:  1554
Running experiment 799 of 1000
pr:  440 ql:  1560
Running experiment 800 of 1000
pr:  393 ql:  1607
Running experiment 801 of 1000
pr:  457 ql:  1543
Running experiment 802 of 1000
pr:  709 ql:  1291
Running experiment 803 of 1000
pr:  595 ql:  1405
Running experiment 804 of 1000
pr:  826 ql:  1174
Running experiment 805 of 1000
pr:  388 ql:  1612
Running experiment 806 of 1000
pr:  550 ql:  1450
Running experiment 807 of 1000
pr:  680 ql:  1320
Running experiment 808 of 1000
pr:  472 ql:  1528
Running experiment 809 of 1000
pr:  490 ql:  1510
Running experiment 810 of 1000
pr:  594 ql:  1406
Running experiment 811 of 1000
pr:  611 ql:  1389
Running experiment 812 of 1000
pr:  335 ql:  1665
Running experiment 813 of 1000
pr:  566 ql:  1434
Running experiment 814 of 1000
pr:  727 ql:  1273
Running experiment 815 of 1000
pr:  503 ql:  1497
Running experiment 816 of 1000
pr:  360 ql:  1640
Running experiment 817 of 1000
pr:  344 ql:  1656
Running experiment 818 of 1000
pr:  341 ql:  1659
Running experiment 819 of 1000
pr:  407 ql:  1593
Running experiment 820 of 1000
pr:  558 ql:  1442
Running experiment 821 of 1000
pr:  471 ql:  1529
Running experiment 822 of 1000
pr:  397 ql:  1603
Running experiment 823 of 1000
pr:  349 ql:  1651
Running experiment 824 of 1000
pr:  432 ql:  1568
Running experiment 825 of 1000
pr:  395 ql:  1605
Running experiment 826 of 1000
pr:  525 ql:  1475
Running experiment 827 of 1000
pr:  451 ql:  1549
Running experiment 828 of 1000
pr:  439 ql:  1561
Running experiment 829 of 1000
pr:  548 ql:  1452
Running experiment 830 of 1000
pr:  404 ql:  1596
Running experiment 831 of 1000
pr:  440 ql:  1560
Running experiment 832 of 1000
pr:  488 ql:  1512
Running experiment 833 of 1000
pr:  558 ql:  1442
Running experiment 834 of 1000
pr:  339 ql:  1661
Running experiment 835 of 1000
pr:  544 ql:  1456
Running experiment 836 of 1000
pr:  473 ql:  1527
Running experiment 837 of 1000
pr:  286 ql:  1714
Running experiment 838 of 1000
pr:  661 ql:  1339
Running experiment 839 of 1000
pr:  496 ql:  1504
Running experiment 840 of 1000
pr:  728 ql:  1272
Running experiment 841 of 1000
pr:  520 ql:  1480
Running experiment 842 of 1000
pr:  775 ql:  1225
Running experiment 843 of 1000
pr:  570 ql:  1430
Running experiment 844 of 1000
pr:  470 ql:  1530
Running experiment 845 of 1000
pr:  465 ql:  1535
Running experiment 846 of 1000
pr:  651 ql:  1349
Running experiment 847 of 1000
pr:  518 ql:  1482
Running experiment 848 of 1000
pr:  314 ql:  1686
Running experiment 849 of 1000
pr:  548 ql:  1452
Running experiment 850 of 1000
pr:  406 ql:  1594
Running experiment 851 of 1000
pr:  578 ql:  1422
Running experiment 852 of 1000
pr:  546 ql:  1454
Running experiment 853 of 1000
pr:  374 ql:  1626
Running experiment 854 of 1000
pr:  343 ql:  1657
Running experiment 855 of 1000
pr:  369 ql:  1631
Running experiment 856 of 1000
pr:  469 ql:  1531
Running experiment 857 of 1000
pr:  400 ql:  1600
Running experiment 858 of 1000
pr:  389 ql:  1611
Running experiment 859 of 1000
pr:  625 ql:  1375
Running experiment 860 of 1000
pr:  561 ql:  1439
Running experiment 861 of 1000
pr:  459 ql:  1541
Running experiment 862 of 1000
pr:  529 ql:  1471
Running experiment 863 of 1000
pr:  538 ql:  1462
Running experiment 864 of 1000
pr:  502 ql:  1498
Running experiment 865 of 1000
pr:  477 ql:  1523
Running experiment 866 of 1000
pr:  361 ql:  1639
Running experiment 867 of 1000
pr:  355 ql:  1645
Running experiment 868 of 1000
pr:  515 ql:  1485
Running experiment 869 of 1000
pr:  557 ql:  1443
Running experiment 870 of 1000
pr:  386 ql:  1614
Running experiment 871 of 1000
pr:  427 ql:  1573
Running experiment 872 of 1000
pr:  551 ql:  1449
Running experiment 873 of 1000
pr:  261 ql:  1739
Running experiment 874 of 1000
pr:  525 ql:  1475
Running experiment 875 of 1000
pr:  348 ql:  1652
Running experiment 876 of 1000
pr:  493 ql:  1507
Running experiment 877 of 1000
pr:  784 ql:  1216
Running experiment 878 of 1000
pr:  808 ql:  1192
Running experiment 879 of 1000
pr:  450 ql:  1550
Running experiment 880 of 1000
pr:  693 ql:  1307
Running experiment 881 of 1000
pr:  423 ql:  1577
Running experiment 882 of 1000
pr:  477 ql:  1523
Running experiment 883 of 1000
pr:  368 ql:  1632
Running experiment 884 of 1000
pr:  309 ql:  1691
Running experiment 885 of 1000
pr:  364 ql:  1636
Running experiment 886 of 1000
pr:  341 ql:  1659
Running experiment 887 of 1000
pr:  361 ql:  1639
Running experiment 888 of 1000
pr:  607 ql:  1393
Running experiment 889 of 1000
pr:  532 ql:  1468
Running experiment 890 of 1000
pr:  358 ql:  1642
Running experiment 891 of 1000
pr:  599 ql:  1401
Running experiment 892 of 1000
pr:  352 ql:  1648
Running experiment 893 of 1000
pr:  437 ql:  1563
Running experiment 894 of 1000
pr:  568 ql:  1432
Running experiment 895 of 1000
pr:  291 ql:  1709
Running experiment 896 of 1000
pr:  412 ql:  1588
Running experiment 897 of 1000
pr:  361 ql:  1639
Running experiment 898 of 1000
pr:  354 ql:  1646
Running experiment 899 of 1000
pr:  409 ql:  1591
Running experiment 900 of 1000
pr:  624 ql:  1376
Running experiment 901 of 1000
pr:  588 ql:  1412
Running experiment 902 of 1000
pr:  451 ql:  1549
Running experiment 903 of 1000
pr:  393 ql:  1607
Running experiment 904 of 1000
pr:  369 ql:  1631
Running experiment 905 of 1000
pr:  564 ql:  1436
Running experiment 906 of 1000
pr:  473 ql:  1527
Running experiment 907 of 1000
pr:  573 ql:  1427
Running experiment 908 of 1000
pr:  446 ql:  1554
Running experiment 909 of 1000
pr:  524 ql:  1476
Running experiment 910 of 1000
pr:  660 ql:  1340
Running experiment 911 of 1000
pr:  445 ql:  1555
Running experiment 912 of 1000
pr:  505 ql:  1495
Running experiment 913 of 1000
pr:  584 ql:  1416
Running experiment 914 of 1000
pr:  435 ql:  1565
Running experiment 915 of 1000
pr:  426 ql:  1574
Running experiment 916 of 1000
pr:  337 ql:  1663
Running experiment 917 of 1000
pr:  577 ql:  1423
Running experiment 918 of 1000
pr:  371 ql:  1629
Running experiment 919 of 1000
pr:  356 ql:  1644
Running experiment 920 of 1000
pr:  848 ql:  1152
Running experiment 921 of 1000
pr:  446 ql:  1554
Running experiment 922 of 1000
pr:  627 ql:  1373
Running experiment 923 of 1000
pr:  722 ql:  1278
Running experiment 924 of 1000
pr:  600 ql:  1400
Running experiment 925 of 1000
pr:  387 ql:  1613
Running experiment 926 of 1000
pr:  434 ql:  1566
Running experiment 927 of 1000
pr:  516 ql:  1484
Running experiment 928 of 1000
pr:  700 ql:  1300
Running experiment 929 of 1000
pr:  759 ql:  1241
Running experiment 930 of 1000
pr:  539 ql:  1461
Running experiment 931 of 1000
pr:  531 ql:  1469
Running experiment 932 of 1000
pr:  484 ql:  1516
Running experiment 933 of 1000
pr:  579 ql:  1421
Running experiment 934 of 1000
pr:  629 ql:  1371
Running experiment 935 of 1000
pr:  632 ql:  1368
Running experiment 936 of 1000
pr:  429 ql:  1571
Running experiment 937 of 1000
pr:  350 ql:  1650
Running experiment 938 of 1000
pr:  751 ql:  1249
Running experiment 939 of 1000
pr:  689 ql:  1311
Running experiment 940 of 1000
pr:  576 ql:  1424
Running experiment 941 of 1000
pr:  444 ql:  1556
Running experiment 942 of 1000
pr:  415 ql:  1585
Running experiment 943 of 1000
pr:  317 ql:  1683
Running experiment 944 of 1000
pr:  349 ql:  1651
Running experiment 945 of 1000
pr:  564 ql:  1436
Running experiment 946 of 1000
pr:  847 ql:  1153
Running experiment 947 of 1000
pr:  569 ql:  1431
Running experiment 948 of 1000
pr:  544 ql:  1456
Running experiment 949 of 1000
pr:  552 ql:  1448
Running experiment 950 of 1000
pr:  454 ql:  1546
Running experiment 951 of 1000
pr:  505 ql:  1495
Running experiment 952 of 1000
pr:  500 ql:  1500
Running experiment 953 of 1000
pr:  466 ql:  1534
Running experiment 954 of 1000
pr:  465 ql:  1535
Running experiment 955 of 1000
pr:  606 ql:  1394
Running experiment 956 of 1000
pr:  792 ql:  1208
Running experiment 957 of 1000
pr:  606 ql:  1394
Running experiment 958 of 1000
pr:  418 ql:  1582
Running experiment 959 of 1000
pr:  460 ql:  1540
Running experiment 960 of 1000
pr:  381 ql:  1619
Running experiment 961 of 1000
pr:  425 ql:  1575
Running experiment 962 of 1000
pr:  597 ql:  1403
Running experiment 963 of 1000
pr:  307 ql:  1693
Running experiment 964 of 1000
pr:  518 ql:  1482
Running experiment 965 of 1000
pr:  407 ql:  1593
Running experiment 966 of 1000
pr:  774 ql:  1226
Running experiment 967 of 1000
pr:  420 ql:  1580
Running experiment 968 of 1000
pr:  370 ql:  1630
Running experiment 969 of 1000
pr:  513 ql:  1487
Running experiment 970 of 1000
pr:  738 ql:  1262
Running experiment 971 of 1000
pr:  620 ql:  1380
Running experiment 972 of 1000
pr:  342 ql:  1658
Running experiment 973 of 1000
pr:  810 ql:  1190
Running experiment 974 of 1000
pr:  367 ql:  1633
Running experiment 975 of 1000
pr:  563 ql:  1437
Running experiment 976 of 1000
pr:  508 ql:  1492
Running experiment 977 of 1000
pr:  412 ql:  1588
Running experiment 978 of 1000
pr:  641 ql:  1359
Running experiment 979 of 1000
pr:  410 ql:  1590
Running experiment 980 of 1000
pr:  544 ql:  1456
Running experiment 981 of 1000
pr:  390 ql:  1610
Running experiment 982 of 1000
pr:  678 ql:  1322
Running experiment 983 of 1000
pr:  505 ql:  1495
Running experiment 984 of 1000
pr:  502 ql:  1498
Running experiment 985 of 1000
pr:  301 ql:  1699
Running experiment 986 of 1000
pr:  490 ql:  1510
Running experiment 987 of 1000
pr:  444 ql:  1556
Running experiment 988 of 1000
pr:  425 ql:  1575
Running experiment 989 of 1000
pr:  757 ql:  1243
Running experiment 990 of 1000
pr:  414 ql:  1586
Running experiment 991 of 1000
pr:  739 ql:  1261
Running experiment 992 of 1000
pr:  640 ql:  1360
Running experiment 993 of 1000
pr:  422 ql:  1578
Running experiment 994 of 1000
pr:  544 ql:  1456
Running experiment 995 of 1000
pr:  423 ql:  1577
Running experiment 996 of 1000
pr:  304 ql:  1696
Running experiment 997 of 1000
pr:  550 ql:  1450
Running experiment 998 of 1000
pr:  833 ql:  1167
Running experiment 999 of 1000
pr:  422 ql:  1578
Running experiment 1000 of 1000
pr:  402 ql:  1598

real	1248m59.924s
user	458m25.980s
sys	0m27.790s
rafaelbeirigo@LTI-PROJETO-TM:~/ql$ ./RL-PRQL.py experiments/92/PRQL/