0.0
0.0125172044871
0.0481611038027
0.080117702852
0.072456568986
0.060380474155
0.0517546921329
0.0491273164628
0.0436687257447
0.0496544290736
0.0525449923396
0.0511536256647
0.0472187313828
0.0439326814111
0.0499543761822
0.0493148171612
0.0464139455634
0.0471617093612
0.0446795141317
0.0424455384251
0.0404243223096
0.042689125841
0.0408330768914
0.0430900320209
0.0413970364526
0.0398300740628
0.0412207414586
0.0397485721208
0.0442908627373
0.0428893909403
0.0415058622002
0.0420798569416
0.0416895249868
0.0404633624872
0.0393072664162
0.0382153979046
0.0371825493126
0.0362040611728
0.0353226739217
0.0344396070737
0.0335996166572
0.035155576008
0.0345126678744
0.0357794254227
0.0370879298654
0.0387678804402
0.0379430319202
0.0377015522854
0.036932132851
0.0366453612759
0.036037729932
0.0355004557233
0.0350385284649
0.0343896668266
0.033764400157
0.0332641699796
0.0337635793887
0.0331814487096
0.034933189071
0.0369847182694
0.0363784114125
0.0358017146736
0.0363419053869
0.0373365631152
0.0367621544519
0.0362051521117
0.0378142194961
0.0379877648209
0.0374372175046
0.0369438793454
0.0364389748994
0.036953838985
0.0364476220126
0.0368446480589
0.0364369489691
0.0374937483663
0.0370068165693
0.03670156881
0.0362369919896
0.0362091067602
0.0357620807509
0.036426567571
0.0359876932629
0.0360084988223
0.0355848694244
0.0351710918729
0.0348171325515
0.0344214833179
0.0340347250784
0.0337670506408
0.0340539368308
0.0347163940391
0.0346909850118
0.034528008027
0.0342692292657
0.0339122581275
0.033562647219
0.0333385204324
0.0330835805399
0.0333192419018
0.0334251173965
0.0330974201671
0.0328777111895
0.033304507381
0.0330001329066
0.0328454933358
0.0325385261083
0.03251811084
0.0339795772165
0.033670671969
0.0334331863896
0.0338901766018
0.0343163023352
0.0340152821393
0.0337194970772
0.0334288117576
0.0331430954178
0.0328622217278
0.0327858773111
0.0325913852036
0.0323220349127
0.0320571002003
0.0317964733694
0.031540050197
0.0318205795632
0.0320682332252
0.0318157274517
0.0315950170281
0.0314969078635
0.0312546239568
0.0313040952263
0.0316531406696
0.0315465942095
0.0318902899816
0.0327961543535
0.0325550061597
0.032911908487
0.0330903441034
0.0328522840739
0.0326176249019
0.033095514087
0.0336416691106
0.0340865169451
0.0341968989781
0.0348067457887
0.0349023673786
0.0350512686181
0.034814435722
0.034580781791
0.0358155343299
0.0355985861859
0.0358484899116
0.035614186056
0.0356837635687
0.0354535457393
0.0355232609782
0.0355147801836
0.0354655661148
0.035254627158
0.0350386016219
0.0348543454292
0.0352245957276
0.0351639962142
0.0354462317556
0.0352566048926
0.0353158706537
0.0351992296861
0.0355678912558
0.0355096490019
0.0357085621473
0.0360280704382
0.0358633403632
0.0357624111762
0.0359793466813
0.0357737504146
0.0356698226365
0.0368752813152
0.0366681168134
0.0366635384639
0.0364854464718
0.0367575572648
0.036762090354
0.0368292111064
0.0367557839326
0.0369753639856
0.0367765717062
0.0366600607634
0.0369278099271
0.0368403118987
0.0366464155203
0.0364545494705
0.0362646820253
0.0361673648204
0.0367432283021
0.0374168512364
0.0372259489342
0.0376516678503
0.0377768221652
0.0376047112999
0.0387621310639
0.0385692846407
0.0385749883397
0.03840514724
0.0394959781678
0.039453245039
0.0394793355032
0.0402339933287
0.0405509359448
0.0404250442615
0.0402325440507
0.0400615736967
0.0399273126044
0.0401052064293
0.0399789570818
0.0403771145911
0.0403198643638
0.0403587935507
0.0402296644742
0.0400972091747
0.0400893649311
0.0407042886192
0.0405209359677
0.0407538866406
0.0416739452134
0.0421021444867
0.0420321080169
0.0418469445455
0.0418053059926
0.0417089849123
0.0418071386679
0.0420365096937
0.0421524213415
0.0421187720903
0.0420868130653
0.0421149534688
0.0420911988525
0.0419999567144
0.0418571343468
0.0423830466987
0.0422628156517
0.0421590462294
0.042606132533
0.0424369324507
0.0423185079482
0.0426182759252
0.0425059618987
0.0426547666391
0.0424827716124
0.0426327663785
0.0428367009855
0.0437167911663
0.0438031393889
0.043759821226
0.0436279022896
0.0436766227028
0.0438585499579
0.0437194095732
0.0435755245354
0.0434669490417
0.0435232223069
0.04353138994
0.0446125809615
0.0445878661585
0.0446466701292
0.0445841739404
0.0447548213468
0.0446027725753
0.044810620349
0.0448369624307
0.0447589836385
0.0451907473565
0.0450663696552
0.0450478973648
0.0451529644801
0.0450462036878
0.0452619420209
0.0453453691424
0.0452959158858
0.0451367635884
0.0450187414051
0.0449119701554
0.0448147023942
0.0446864729123
0.0451130198617
0.0451875374689
0.0453077412193
0.0453403346269
0.045362501878
0.0457488230652
0.0457409428855
0.045760163729
0.045788505664
0.0460059798464
0.0460439792638
0.0462803655086
0.0462121787622
0.0468742565466
0.0468986718824
0.0470002505444
0.0470537513149
0.0473680574226
0.0473995539518
0.0474288397431
0.0476945012103
0.0475960471315
0.0478601311845
0.0477993150055
0.0478279065534
0.0478537393182
0.0478962579197
0.0479555691261
0.0479686812111
0.0481791144535
0.048063650328
0.0481078579185
0.0479556178618
0.0478713252988
0.0482883438732
0.0482137200534
0.0485036870392
0.0487724189381
0.0488971281321
0.0488380762871
0.0488645295183
0.04872970196
0.0487155926465
0.0486476613604
0.0488825565276
0.0489474274194
0.049037407423
0.0489445111466
0.0489280583759
0.0488502519176
0.0492714461134
0.0493497290069
0.0495619501164
0.0498028340917
0.049901623948
0.0499356306918
0.0501163023004
0.0502099271749
0.0501307542745
0.0500458456571
0.0502160850287
0.0501874398118
0.0502817613497
0.0502621315143
0.0503368126239
0.0502311851542
0.0504001024116
0.0505514145755
0.05080465433
0.0510226256134
0.0514196902725
0.0513170830439
0.0512398071842
0.0512222494834
0.0512631576886
0.0511561256299
0.0512504347564
0.0511754227144
0.0511137051338
0.0512145429745
0.0511789262704
0.0515425336454
0.0514047006673
0.0517859718412
0.0519392997656
0.0518646218053
0.0520474614162
0.0520849659276
0.0520268520313
0.0519950612799
0.052017877817
0.0519130677542
0.0518131474364
0.0520068460029
0.0519404585914
0.0518189449469
0.0517892344527
0.051988157844
0.0521995567026
0.0522489035363
0.052545591994
0.0528230326424
0.0526881676428
0.0526869519606
0.0528378217126
0.0529168624155
0.053060726456
0.0529954046745
0.0531368826862
0.0531322974379
0.053582013166
0.0536542066203
0.0536690868689
0.0538749953834
0.0538909103436
0.054085472904
0.0543082119044
0.0542498046593
0.0543451773714
0.0543119719385
0.0544023892774
0.0543542181777
0.0545444821524
0.0544670560018
0.0546895696063
0.0546548794011
0.0546209153116
0.0546158901672
0.0547477161901
0.0548054258548
0.0547830515013
0.0549011405438
0.0549191749439
0.0548818437545
0.0547928714822
0.0547345481813
0.0550138103631
0.0553431414221
0.0553014868694
0.0557296197707
0.0556322027256
0.055885215958
0.056162702472
0.0562374717893
0.0567194426006
0.0566724826137
0.0567895323341
0.0567246700433
0.0568169816598
0.0568778720612
0.0569244657863
0.0573154237281
0.0573242307374
0.057421448388
0.0573988593953
0.0577049564437
0.0576067951715
0.0575690288005
0.0575766198891
0.0575790302774
0.0575959303862
0.0577605897924
0.057772446332
0.0578780938079
0.0577792584031
0.0580884632042
0.0581214645748
0.0581513050306
0.0580723065883
0.0581720388713
0.0582917238102
0.0583198467735
0.0584961844068
0.0586655844823
0.0585857591411
0.0587528278537
0.058915041736
0.0590355070295
0.0589437826275
0.0590790769844
0.0593481273202
0.05940179071
0.0595211928104
0.059673313046
0.0597468607358
0.0600263634097
0.0599774937527
0.0601116897791
0.0600680490402
0.0601049928317
0.0600107565163
0.0602119461481
0.0604105446545
0.0605447777355
0.0605057082518
0.0604979873944
0.0605806910895
0.0606381207252
0.0605818848101
0.0607392408857
0.0607239142136
0.0606872336908
0.0606913288727
0.0609220481845
0.0608876000729
0.061156402752
0.0611715403784
0.061274084282
0.0612119276578
0.0612774615331
0.061282965417
0.0613478461988
0.0613380405785
0.0615330016763
0.0615273114244
0.0614996009453
0.0614069358595
0.0613499962657
0.0614447655742
0.0615237481846
0.0615955934727
0.0617761759472
0.0619154067838
0.062030583353
0.0622287584828
0.0621854433228
0.0622576879507
0.0621769868028
0.0622490154734
0.0625719587192
0.0628382456778
0.0627590492998
0.0626993315836
0.0627385925073
0.0628806315504
0.0628207320344
0.0628011457655
0.062827865162
0.062786452078
0.0628266472214
0.0629034600953
0.062905225745
0.0629084676226
0.0631238737488
0.0631575034992
0.0633884641758
0.0635813210495
0.0636524398932
0.0636748003586
0.0636333943515
0.063709238791
0.0638660214443
0.0639321183467
0.0641048746966
0.0640677131577
0.0640797865428
0.0641721963196
0.064201333838
0.064141840329
0.064240260969
0.0642278788258
0.0643176504903
0.0644542268247
0.0644798926887
0.064491073655
0.0645218999729
0.0645731195483
0.0645486363185
0.0645554212275
0.0645970369664
0.0647182744955
0.0646980447835
0.0647368314905
0.0647292911901
0.0646945741154
0.0646619620718
0.0646402405683
0.0646112879084
0.0646083190938
0.0645532144039
0.0648518730484
0.0648747192256
0.0648793143839
0.0651073010547
0.065125380265
0.0652229069601
0.0652252033426
0.0652167980055
0.0652004687373
0.0652776944191
0.0653921744026
0.065369080833
0.06546854398
0.0655240181029
0.0654937447589
0.0654423247901
0.0655406861166
0.0655768653704
0.0656624948926
0.0657537810856
0.0657008912691
0.0657058062578
0.0656571411288
0.0657618395701
0.0658737679064
0.0660273561264
0.065991370488
0.0660740729037
0.0661437329299
0.0661012742138
0.0660963947108
0.06626816629
0.0662457868445
0.066205094985
0.0663746705055
0.0664070357491
0.0664567714686
0.0664705619035
0.0664117876422
0.0664689125149
0.0664577701928
0.0664695130252
0.0664354069401
0.0664646192024
0.0665423666434
0.0665192930991
0.0665062406089
0.0665351745697
0.0665080347389
0.0666173953021
0.0666586687015
0.0667476044951
0.0668936000464
0.0669231450567
0.0669772490692
0.0670316504804
0.0673209405459
0.0673412733033
0.0673317910974
0.0673361604845
0.0674106094522
0.0676862572817
0.0677040014347
0.0677288808494
0.0676935772197
0.0677898966638
0.0677869323843
0.0678483518867
0.0679059344568
0.0681731514035
0.0682279123252
0.0682163855672
0.0683422484179
0.0683839897113
0.0685299761375
0.0687357939774
0.0688171872826
0.0688994246044
0.0688808485278
0.0689167916025
0.068909806873
0.0689010687448
0.0688878268434
0.069012013545
0.0690046040721
0.0690564937304
0.0690585311303
0.0691218644767
0.0692328647705
0.0692156560931
0.0693072133147
0.0693456191938
0.0694479122479
0.0695676327652
0.069572645384
0.0696170830442
0.0695519109123
0.0697308075171
0.0699309173469
0.0700030688131
0.0701290766704
0.0701673079255
0.0702838099678
0.0702396148432
0.0703027559852
0.0704208825585
0.0704752671907
0.0704626001659
0.0705866123787
0.0708238391635
0.0708278882352
0.070880788051
0.0709676082648
0.0710628463983
0.0710719128677
0.071051833218
0.0710781149258
0.071059793164
0.0710576886947
0.0710701510243
0.071079226553
0.0710745735131
0.0711850946934
0.0713289128436
0.0713841999845
0.0716431354519
0.0717058264751
0.0717690868802
0.0718607459573
0.0719889362355
0.0721044245288
0.0722071259854
0.0722288272768
0.0723673604823
0.0723597811327
0.0723292043607
0.0724480289739
0.0725642852014
0.0726360420107
0.0726718222707
0.0727075187871
0.0728114394843
0.0727897968333
0.0729496459105
0.0730817758897
0.0730672684706
0.0730465592808
0.0731134432963
0.0731829596111
0.073262894735
0.0733011993787
0.0734277057905
0.0734784041324
0.0734646586858
0.0734971095158
0.0735647560035
0.0735321268874
0.0737375544934
0.0737879184536
0.073756258073
0.0738634968488
0.0739107237141
0.0741237855285
0.0741245066495
0.0742345293508
0.0742339106808
0.0742167315532
0.0742489911342
0.0743438650271
0.074423848128
0.074463778297
0.0744380148494
0.0744225854942
0.0744304956856
0.0745525061182
0.0746342285566
0.0746327888229
0.074752256957
0.0746968707285
0.0748416301837
0.0748677474374
0.0749861956366
0.0751940949257
0.0751840625866
0.0751564312058
0.0751809630037
0.075207646759
0.0752579577099
0.075421811546
0.0753992935412
0.0753836220651
0.0753992369508
0.0753922071072
0.0753546493347
0.0754909438638
0.075564981001
0.0756462475555
0.0756575848958
0.0758287397768
0.0759911507835
0.0759951540304
0.0760452344712
0.0760398311824
0.0760130511726
0.0759805222434
0.0759863836305
0.076007049596
0.0761922499434
0.0763654265925
0.0763538798898
0.0765410088744
0.0766780936801
0.0766383128902
0.0767545088448
0.0767344845841
0.07687940754
0.0768779764882
0.0768610959733
0.0769272269648
0.077026616393
0.0770122649835
0.0770653423497
0.0772078990355
0.0772529584744
0.0773894770246
0.0773858446435
0.077401447399
0.0774560161317
0.077630754476
0.0776677421729
0.0777204013447
0.0776821572597
0.0776720133079
0.0776900094511
0.0779232944873
0.0780088123458
0.0780899752293
0.0781822599793
0.0782070280808
0.0782266191133
0.0783101895206
0.0783389003188
0.0783536622318
0.0784268577813
0.0785699139621
0.0785869866324
0.0788729605082
0.0789267585016
0.0791815196934
0.0792853836425
0.0796223036938
0.0796358423689
0.0798109262233
0.0799843133417
0.0801358842413
0.0803563903852
0.080564032563
0.0807617832598
0.0808239518199
0.0809650664236
0.0810564037899
0.0810279622909
0.0810960686065
0.081121919521
0.0812716419001
0.0812650239722
0.08123375034
0.0812463231895
0.0812687247016
0.0812680336166
0.0813574114293
0.0814120679936
0.0815250395351
0.081562070973
0.0816089967781
0.0817500127651
0.0817854931358
0.081923834045
0.0820320959566
0.0822001261561
0.0822618453297
0.0822443350483
0.0823221377412
0.0823642885105
0.0824557661506
0.082460454958
0.082530819898
0.0825458114768
0.0825204758188
0.0825111433302
0.082555974595
0.0827595252277
0.0828503134531
0.0829778612287
0.0831612517997
0.0833704397552
0.0834413002325
0.083415945608
0.0834142312361
0.0835256596224
0.0835914639142
0.08368140982
0.0837153426977
0.083840756375
0.0838474629519
0.0838561750739
0.0838676909281
0.0839410869041
0.0839980644403
0.0840266009252
0.0840321813067
0.0840046753699
0.0839992347596
0.0841278518281
0.0841702351858
0.0843080412513
0.0842985038999
0.084447565998
0.0845028988203
0.0845219578155
0.0846117399111
0.0845833178532
0.0845692300642
0.0846146433872
0.0846522545245
0.0846783086945
0.0848447134117
0.0849183782664
0.0849737500627
0.0849779005839
0.0851040277175
0.0851483871326
0.0851300776693
0.0851592748426
0.0852776394929
0.0853610848068
0.085447725283
0.0854527783749
0.0854826832574
0.085620318308
0.0856562133374
0.0856339515166
0.0856040390607
0.085649682146
0.0858588150329
0.0858836604744
0.0859646588463
0.0859180907502
0.0859659259277
0.0859522499377
0.0859549373303
0.0860123764802
0.0860450069118
0.0861134715938
0.086175241721
0.0863211706668
0.0863227533202
0.086472301863
0.086619442157
0.0865668451479
0.0865472922513
0.0866121251943
0.0866315781733
0.0867382543315
0.0867371594323
0.0868950779606
0.0868995266811
0.0869693624527
0.0870942277906
0.0870888831357
0.0870781496901
0.0870801489461
0.0871466765716
0.0871786924771
0.0872901734514
0.0875150707478
0.0875467815692
0.087612533483
0.0876733419952
0.0876864885531
0.087835894551
0.0878769729965
0.0879348891372
0.0880813413853
0.0881557629175
0.0882769820677
0.0884533845962
0.0885374279354
0.088650840227
0.0887249524087
0.0887557041259
0.0888107015226
0.0888321365292
0.0888861332347
0.0888831488389
0.0889696422074
0.0889784952475
0.0889569704566
0.0890709042156
0.0892045513455
0.0892489581101
0.0892630202382
0.0892775332345
0.0893227927652
0.0893477382727
0.0893897768365
0.089535870849
0.0896628105498
0.089803042622
0.0898719370248
0.0900407998508
0.0900907138425
0.0901537964199
0.0902753573844
0.0903800224072
0.0904082113873
0.090556260749
0.0906588631258
0.0906996436835
0.0907238047056
0.0909896547056
0.0911246419239
0.091293288327
0.091406090764
0.0915746355822
0.091698416395
0.0917265345379
0.0917831572728
0.0919198101112
0.091894244055
0.0919017591151
0.0919543974493
0.0919642563401
0.09207593921
0.0922021367391
0.0922535539239
0.0923508820892
0.092352896503
0.0924439605466
0.0925690883483
0.0926778049145
0.0927403617955
0.0928778086959
0.0929553020631
0.0930600618231
0.0931093845606
0.0931452429203
0.0931600012634
0.0931748311594
0.0933698873125
0.093435746617
0.0934583681614
0.0935163834232
0.0935364867754
0.0935955559664
0.0937437094675
0.093834425201
0.093884934823
0.093965818103
0.0939725488439
0.0939960712267
0.0940803560255
0.0943209914325
0.0944262325302
0.094498268398
0.094584240443
0.0946364064923
0.0947894606925
0.0948259520568
0.0949043233662
0.0950703260273
0.0951720613105
0.095232850058
0.0952240985492
0.0952375015065
0.0953433808316
0.0954336390629
0.0955693450971
0.0958640899066
0.0959359801054
0.096054672246
0.0961946239303
0.0963668124615
0.0963942618611
0.0965953463757
0.0967807882771
0.0967997181447
0.0968036550295
0.0968542166193
0.0969166223006
0.097051745051
0.0970430184553
0.0971676371171
0.0973281945554
0.097427294867
0.0975437173064
0.097595221928
0.0976424053367
0.0978793522122
0.0979770783232
0.0980563849896
0.0982778462984
0.0983743972309
0.0984431946104
0.0985773129871
0.098729131389
0.0988037219704
0.0989227704926
0.0990380985873
0.0992364770213
0.0992435114989
0.099313097452
0.0993139648587
0.0996154308291
0.0997560604434
0.0997669345684
0.0997581718254
0.0998065549674
0.100008943932
0.100060150749
0.100100038738
0.100193025265
0.10021427506
0.100412733409
0.100584603987
0.10062432139
0.100760631459
0.100861321073
0.10087513932
0.10089602546
0.100998288991
0.101109939181
0.101171885747
0.101222052343
0.101255176639
0.101281430867
0.101451860266
0.101583153154
0.101651106517
0.101768302536
0.101800087681
0.101908809311
0.102042366937
0.102120821243
0.102244508085
0.102295844389
0.1023208679
0.102455266514
0.10257079937
0.102611372483
0.102718388864
0.102843610771
0.102859926029
0.103016430592
0.103167517085
0.103185129202
0.103296753055
0.103379269915
0.103450293601
0.103566242503
0.103692594468
0.103828208729
0.103884045262
0.103988031772
0.104145213767
0.104244113388
0.104311828429
0.104352082834
0.104333872826
0.104498154047
0.10457021602
0.104644133196
0.104721483459
0.104738754174
0.104754408812
0.104793262372
0.104957355077
0.105034375473
0.105169678193
0.105331606848
0.105358259657
0.105432731125
0.105499330846
0.105732543271
0.10584561969
0.105985038191
0.106027423003
0.106112728123
0.106308753475
0.106414782858
0.106447854456
0.106485237183
0.106545266396
0.106613693296
0.106777037767
0.10690205702
0.106940365671
0.107021225497
0.107116778652
0.107198935815
0.10724460777
0.107276827267
0.10745647697
0.107494645638
0.10768375906
0.107750727975
0.107799860937
0.107923208523
0.108035014405
0.108260790832
0.108508239497
0.108579830669
0.108638521956
0.108860259575
0.109098565051
0.109285467963
0.109384322317
0.109523886872
0.109669108637
0.109862007791
0.109876987913
0.109968944977
0.110031940923
0.110108049712
0.110191124322
0.110384742648
0.110509579083
0.110699109785
0.110804489579
0.110846845616
0.110902508863
0.111011318791
0.111114090765
0.111173586409
0.111402322573
0.111452937628
0.111600724911
0.111757069725
0.111850724653
0.111896198666
0.112055540274
0.112179299684
0.112324607778
0.112438856982
0.112612053165
0.11275725927
0.112797263451
0.112882685577
0.113040510841
0.113160642476
0.113319925143
0.113446458141
0.113556412745
0.113760583064
0.113924945776
0.114024756715
0.114158486958
0.114310209936
0.11442920079
0.114589425504
0.114577676543
0.114660256662
0.114746401893
0.114802180266
0.114947484916
0.115089682012
0.115201014267
0.115325718478
0.115404250344
0.11551575518
0.115575536873
0.115731070654
0.115771742951
0.115817826521
0.116039191138
0.116229345569
0.116268362442
0.116395997476
0.11652209897
0.116644362808
0.116693564593
0.116841008899
0.116981180272
0.117156592408
0.117367764344
0.117430582459
0.1175326961
0.117628852424
0.117766746747
0.117935526755
0.118011673493
0.118175591783
0.118254933786
0.118353512577
0.118523735369
0.118657153415
0.118821930089
0.118992966756
0.119087687454
0.119173826369
0.119266025401
0.119359415637
0.119512645494
0.119664397864
0.119743411331
0.119789259464
0.11986570031
0.119948652614
0.119978017827
0.120054285863
0.12012871594
0.120211152944
0.120310312678
0.120488767146
0.120543910786
0.120630507517
0.120842856915
0.120933075303
0.121076460741
0.121166780715
0.121228898408
0.121315187322
0.121385389201
0.121383739232
0.121459010166
0.121577835372
0.121702829789
0.121784141082
0.121927211142
0.12209703875
0.122180695763
0.122355235793
0.122397753757
0.122469849971
0.122614894036
0.122716601894
0.122768215504
0.122872903304
0.123015437733
0.123149630587
0.123344439251
0.123510770795
0.1237201279
0.12375302941
0.123838154381
0.123912894125
0.12398358309
0.124166541184
0.124263753742
0.124378935491
0.124493465003
0.12466293451
0.124825326381
0.124961790648
0.125110354852
0.125288528033
0.125516077541
0.125672890625
0.125845376895
0.125931518477
0.126031684868
0.126160589507
0.126350134473
0.126446061782
0.126511889452
0.126682158854
0.126836639918
0.126995689361
0.12718830458
0.127385586075
0.127498626984
0.127776438243
0.127941554719
0.127977847133
0.128079886423
0.128166481107
0.1283127451
0.128470493329
0.128557418815
0.128693276051
0.128910489215
0.1291056111
0.129258990167
0.129329179117
0.129450510656
0.129587073171
0.129733152298
0.129828423094
0.129910015986
0.130000436162
0.130148511972
0.13024039528
0.130307392833
0.130520050269
0.130557836512
0.130606912761
0.130771593265
0.130852516454
0.130990519867
0.13109377671
0.131255806796
0.131528278882
0.131671237434
0.131842487012
0.131970941236
0.132066902679
0.132271413451
0.132383337424
0.132465097225
0.132502949626
0.132562077708
0.132672425261
0.132798726154
0.132824799145
0.133001677176
0.133079094212
0.133229755248
0.133326380432
0.133426473656
0.133505809594
0.133649490401
0.133752881081
0.133839678328
0.133969444141
0.134034691546
0.134150187807
0.134218156684
0.134306516768
0.13440029597
0.134461538306
0.13459739538
0.134873872396
0.134997461429
0.135007397285
0.135084023545
0.13522276835
0.135266718554
0.135397364977
0.135714511981
0.135900586287
0.136132029316
0.136256879716
0.136413128096
0.136494123905
0.136611886288
0.13667052398
0.136798791561
0.136974496724
0.137057047456
0.137209556197
0.137335455927
0.137430875142
0.137479179135
0.137628404358
0.13781120019
0.137970066919
0.138101823959
0.138159139177
0.138224521496
0.138261179044
0.138405105699
0.138523589473
0.138644844294
0.138806702962
0.138861657801
0.139030757195
0.139229677845
0.139408608657
0.13946047511
0.139581877216
0.139636343139
0.139822274796
0.139952112288
0.140046058084
0.14015359377
0.140237699827
0.140463160392
0.140591119466
0.140709626796
0.140885333799
0.140992213876
0.141126791665
0.141194216934
0.141346819589
0.141484708829
0.14161229353
0.141804557815
0.141892523689
0.141983836049
0.142059306624
0.142167036736
0.142240766776
0.142314368931
0.142404226709
0.142511766514
0.142616757164
0.142724134694
0.142795666877
0.142896898195
0.143028143937
0.143133852762
0.143294829682
0.143386020242
0.143500736378
0.143644608971
0.143773908642
0.143845128243
0.143970994143
0.14413595322
0.144258485142
0.144376461773
0.14447350588
0.144616164261
0.144697953515
0.14479878871
0.144942517625
0.145000433791
0.145075108243
0.145169223485
0.145221069131
0.145340831232
0.145460473545
0.14564974392
0.145777955272
0.145864604062
0.146009212942
0.146123643419
0.14619187546
0.146357687156
0.146411965202
0.146498604129
0.146566353062
0.146738541344
0.146907155504
0.146993764571
0.147102555931
0.147172343503
0.147261517992
0.147348447676
0.147452039199
0.147500623767
0.147618821148
0.147799911315
0.147922378941
0.14804616152
0.14811674563
0.148172681697
0.148283217111
0.148408612319
0.148554306081
0.148728965954
0.148853181297
0.149010683592
0.149141314373
0.149241083542
0.149472090245
0.149542650936
0.149654395356
0.149799582192
0.149857597243
0.14997833229
0.150073715623
0.150131881322
0.150237346629
0.15036153564
0.150474025154
0.15059175812
0.15082443705
0.150886408743
0.150956109816
0.151072509494
0.151096385921
0.151233548134
0.151428006135
0.151542166175
0.151703646777
0.151801703096
0.151917913843
0.152095687994
0.15223053151
0.152311354778
0.152500369169
0.1525921709
0.152681469046
0.152761757765
0.1529775641
0.153081792369
0.153176548936
0.153216233521
0.153268553144
0.153406442556
0.153588243943
0.153721852716
0.153805315662
0.153926534692
0.154007789713
0.154106206682
0.154230308287
0.154394160467
0.154515720305
0.154603427009
0.154763404607
0.154880343885
0.154984786686
0.155148546405
0.155315460497
0.155484376039
0.155566651545
0.155647595332
0.155774134088
0.155937548044
0.156089877389
0.156227502953
0.15630370476
0.156443364195
0.156566278502
0.156770752529
0.156855371706
0.156942476762
0.157001142489
0.157106162575
0.157168669837
0.157260950837
0.157316585064
0.157409420958
0.157547344229
0.157760223821
0.157850164323
0.157962320332
0.158048244553
0.158109246067
0.15827460638
0.158338393961
0.158400289064
0.158522427879
0.158686408048
0.15874299574
0.15884082505
0.158875447678
0.159031807404
0.159111868289
0.159251879486
0.159385399898
0.159458877358
0.159536334133
0.159609773138
0.159710766453
0.15986684509
0.160028081897
0.160141406302
0.160214640445
0.160387504816
0.160467626483
0.160572229364
0.160712345754
0.160799644084
0.160968408588
0.161170072175
0.161275138756
0.161433716871
0.16164316951
0.161713996512
0.161882074625
0.161997240553
0.162088521279
0.162369205291
0.162433664641
0.162547153749
0.162664240291
0.162781323916
0.162957654518
0.163127961013
0.163269676055
0.163417902822
0.163526264289
0.163640496398
0.163754265438
0.163831434139
0.16394219016
0.164023569603
0.164180611751
0.164347133141
0.164481368366
0.164586215709
0.164747158831
0.164888713194
0.165011401762
0.165120681304
0.165316009626
0.16539637673
0.165542932631
0.165649233507
0.165774165874
0.165901138979
0.166016863676
0.166144720219
0.1662910728
0.166404826602
0.166531027941
0.166600238558
0.166716222808
0.166902674119
0.167027120315
0.167176341642
0.16728444365
0.167356292038
0.167477011655
0.167643120386
0.167758256424
0.167840766139
0.1679911962
0.168089163123
0.168222039911
0.168349559718
0.168474624973
0.168606887667
0.168707279778
0.168837420058
0.168915679284
0.16911180611
0.169206046409
0.169316707678
0.169475721078
0.169648900428
0.169799415576
0.169932204602
0.170062749911
0.170201653602
0.170330160934
0.170488411465
0.170628025515
0.170709058289
0.170822234818
0.170903091538
0.171062632084
0.171216192413
0.171289185085
0.171381749337
0.171454118963
0.171512865831
0.171651299709
0.171752975416
0.171857465932
0.17199945213
0.172130778405
0.172169421301
0.172208118834
0.172319806342
0.172442479686
0.172520987064
0.17259760791
0.172703884119
0.172804821159
0.172996297205
0.173135174487
0.173243049279
0.173410906909
0.173493062608
0.173589136045
0.173693880006
0.17386066859
0.174003539956
0.174159484735
0.174296034147
0.174386691287
0.174455401851
0.174531380767
0.174613761469
0.174844589131
0.17495874579
0.175120499425
0.175242680396
0.17541124071
0.175487223266
0.175574688451
0.175647328669
0.175766591621
0.17588518064
0.176061571311
0.176189439299
0.176304289704
0.176445620188
0.176538512464
0.176693594251
0.176768739991
0.176913589991
0.177065954237
0.177134018066
0.17720266654
0.177344118189
0.17749047521
0.177613182685
0.177702314935
0.17780367563
0.177960156092
0.178163282032
0.178278900866
0.178385660132
0.178561428118
0.178756797235
0.178863083923
0.178993467027
0.179114759432
0.179227950803
0.179373320419
0.179482419808
0.179614421201
0.17975067673
0.179847363637
0.179981753924
0.180109755504
0.18020863956
0.180338757308
0.180454501311
0.180586233702
0.180656326973
0.180713439777
0.18081506674
0.180995015967
0.181121680053
0.181179716274
0.181339829932
0.181509674208
0.181610143266
0.181761080082
0.181911975693
0.182025853624
0.182189465353
0.182263402676
0.182364509968
0.182474366886
0.182589776881
0.182708932337
0.182844935773
0.182993386523
0.183121696387
0.183250036171
0.183387472859
0.18350939976
0.183665563456
0.183804464808
0.183904284974
0.184037141055
0.184169211251
0.184302541871
0.184455266261
0.184580635167
0.184696644425
0.184838868053
0.18492015527
0.185011565064
0.185141396518
0.185287473648
0.185406247472
0.185528404331
0.18565894274
0.185755869792
0.18586440876
0.185959863538
0.186047682417
0.186145551417
0.186252532371
0.186346404951
0.186501935124
0.186616581665
0.186756230927
0.18684663587
0.186997254121
0.187169890191
0.187387990275
0.18750951368
0.187642054656
0.187811445283
0.187954797043
0.187989748889
0.188079299133
0.188157271889
0.18822659632
0.188407598666
0.188565658972
0.188704703441
0.188803542413
0.188918786186
0.189009416781
0.189097688837
0.189239101519
0.189347378698
0.189464031972
0.189555475117
0.189654454617
0.189814331365
0.189910487838
0.190003978967
0.19012271776
0.190246596547
0.190444096136
0.190541780211
0.190657696758
0.190814041212
0.190908316829
0.19106713679
0.191183600966
0.191243997002
0.191320574261
0.191444125053
0.191616682251
0.191767320934
0.191883835764
0.19199778681
0.192076235449
0.192206474301
0.192285906939
0.19244665876
0.192558936053
0.192704154886
0.192830916721
0.192930540622
0.193051041693
0.193200498531
0.193334364119
0.193420198661
0.193537456671
0.193629722556
0.193735944603
0.193797647321
0.193930313276
0.193994571376
0.194044519788
0.194206107587
0.194371884738
0.194463186572
0.194561173993
0.1946911544
0.194772975749
0.1948761645
0.19500518176
0.195205230958
0.195308322383
0.195362379833
0.195501115151
0.195656392459
0.195788787364
0.195927236694
0.196032757782
0.196115628514
0.196222810125
0.196347570997
0.196421405722
0.196524043408
0.1966634608
0.196769743365
0.196879750868
0.197008276567
0.197163623802
0.197284610643
0.19743693653
0.197601983553
0.197694435855
0.197816800017
0.197970568183
0.198072494693
0.198176814825
0.198260902225
0.198383573326
0.198497219729
0.198620461107
0.198703144553
0.198809513791
0.198906836174
0.199051592121
0.199207952643
0.199323766969
0.199505959607
0.199651349144
0.199729495028
0.19986181895
0.199963514339
0.200098601231
0.200236884967
0.200361878318
0.200466898927
0.200628746944
0.200753095783
0.200902680692
0.201024742584
0.201124251178
0.201252511215
0.201409424425
0.201523477303
0.201590383819
0.201698014015
0.201874115907
0.20194675135
0.202071446785
0.202165793144
0.202278238589
0.202354130455
0.202435601926
0.20252100912
0.202628296245
0.202725360073
0.202832160443
0.202890864738
0.203027004326
0.203178888799
0.203247553009
0.203346145589
0.203478992569
0.203563693673
0.203647575212
0.203746462102
0.203877332892
0.204035431939
0.204110499959
0.204215110611
0.204362891458
0.204465965154
0.204563988566
0.204645589625
0.204735845754
0.204879920692
0.204984008997
0.205064195857
0.20520297817
0.205304840491
0.205409058882
0.205540752491
0.205608453271
0.205745524569
0.205873447148
0.205988916878
0.206054310614
0.206116274496
0.206235778433
0.206340685642
0.206399886271
0.206524572836
