
row1col1
West 7.8918771537e-15
East 1.4617462712e-07
North 3.00843568575e-10
South 0.0

row1col2
West 1.54289894637e-10
East 1.72568462673e-09
North 3.40785501253e-09
South 5.6962566231e-05

row1col3
West 1.66135867883e-13
East 1.76575536902e-08
North 7.2089015982e-09
South 0.000217926083384

row1col4
West 1.33213236988e-06
East 4.47140573634e-16
North 1.85224924075e-05
South 0.00111919413307

row1col5
West 2.97878439498e-07
East 4.34805105273e-06
North 2.87525225749e-05
South 0.0027132138188

row1col7
West 1.54392046314e-07
East 8.50738648929e-06
North 4.67620475162e-07
South 0.00213778684006

row1col8
West 2.84600928877e-06
East 0.000179102873459
North 1.05749113207e-05
South 0.00226624844966

row1col9
West 1.41277978545e-05
East 0.000228025297265
North 0.00543174466851
South 0.14813100207

row1col10
West 0.0347095329334
East 9.67659386631e-06
North 0.000121121874064
South 0.000732724688738

row1col11
West 0.000343765524579
East 5.50028722041e-10
North 1.77067889944e-08
South 0.00104357433231

row1col13
West 0.206188643147
East 0.220217141847
North 0.131176629529
South 0.819852733164

row1col14
West 0.241726186268
East 0.249364847737
North 0.393674027141
South 0.942487032285

row1col15
West 0.126398916404
East 0.104923071747
North 0.111619626425
South 0.659438373712

row1col16
West 0.066916534222
East 0.0612615968226
North 0.111087480218
South 0.680173147811

row1col18
West 0.0048533386206
East 0.00241327247189
North 0.0107037565863
South 0.167283115277

row1col19
West 0.00521064165962
East 0.000801911482608
North 0.00127579836463
South 0.117307078629

row1col20
West 0.00761661335591
East 0.000274910531906
North 0.000812133927185
South 0.0701244879297

row1col21
West 0.0111008246292
East 1.11273438122e-05
North 4.06163285543e-06
South 0.0011930515598

row1col22
West 9.60535592491e-05
East 3.37207140767e-06
North 1.03321330206e-06
South 0.000581144426547

row2col1
West 1.20021615479e-11
East 2.18337459009e-06
North 3.00865294405e-10
South 7.38790135276e-16

row2col2
West 1.90525948225e-08
East 3.47498263613e-06
North 3.34674183303e-09
South 0.00114266492879

row2col3
West 2.56153248186e-08
East 0.000263746148099
North 2.45553485252e-17
South 0.00411200285562

row2col4
West 1.62854270696e-06
East 1.17379714833e-13
North 1.81545676238e-05
South 0.0331885921315

row2col5
West 1.83728894791e-05
East 0.000982711700684
North 3.07668080981e-05
South 0.0507973645821

row2col7
West 6.46631720902e-05
East 3.63397530521e-07
North 1.10715104078e-06
South 0.0217821226945

row2col8
West 2.5853059579e-10
East 0.084497103682
North 0.0
South 0.00662245453956

row2col9
West 0.00244653291238
East 0.00554930678327
North 0.011927342236
South 0.420963818313

row2col10
West 0.136018528651
East 0.000621021022875
North 0.00191604498235
South 0.00339656223249

row2col11
West 0.0181469902576
East 0.000214575380123
North 2.20865934763e-05
South 0.00021675887926

row2col13
West 0.839536609691
East 0.949996474595
North 0.512940840252
South 0.783374834687

row2col14
West 0.900269739946
East 1.0
North 0.867364743804
South 0.899854690401

row2col15
West 0.0
East 0.0
North 0.0
South 0.0

row2col16
West 0.995865473633
East 0.376366537464
North 0.277659832406
South 0.129354739299

row2col17
West 0.908498208586
East 0.18878286563
North 0.314222451082
South 0.244279370302

row2col18
West 0.754497893838
East 0.114020707729
North 0.0190891715891
South 0.0327122134058

row2col19
West 0.51984648879
East 0.0415363401256
North 0.006286396684
South 0.00441720445437

row2col20
West 0.270624597045
East 0.00666720043578
North 0.00108976612571
South 0.00014494580999

row2col21
West 0.0752699850095
East 0.00079281314434
North 0.00028406938691
South 0.000160191256559

row2col22
West 0.0138654998613
East 0.0013086078148
North 7.1422679272e-06
South 1.42134602825e-06

row3col1
West 2.36688742444e-09
East 0.000152761912408
North 3.00977918751e-08
South 3.68283267143e-08

row3col2
West 4.35406538116e-06
East 0.00939448834701
North 1.5162568992e-07
South 3.99744718691e-05

row3col3
West 0.000110843887392
East 0.0516901693572
North 1.18925777985e-10
South 0.000683726616171

row3col4
West 0.000241999152045
East 0.178488405017
North 0.000574559187149
South 0.00825372079977

row3col5
West 0.000475024713857
East 0.0235394711077
North 0.00327868078024
South 0.3440863219

row3col7
West 0.000324617098177
East 0.128032434258
North 0.000119992509437
South 0.00617391205207

row3col8
West 0.00186248160421
East 0.361849477532
North 0.00144882950039
South 0.0178364301845

row3col9
West 0.0394130754803
East 0.0505571196342
North 0.0993919549651
South 0.577078570787

row3col10
West 0.287699229147
East 0.000213251088341
North 0.00424336190519
South 0.00740946294909

row3col11
West 0.0336072868187
East 0.000220273365584
North 0.000411206991855
South 0.0

row3col13
West 0.857104303454
East 0.9025
North 0.900721905948
South 0.813181254231

row3col14
West 0.856444475074
East 0.934587047535
North 0.95
South 0.900093232546

row3col15
West 0.600977662265
East 0.199793966185
North 0.996268589954
South 0.644414575492

row3col16
West 0.154064041682
East 0.0225832836078
North 0.632646419335
South 0.0675423945594

row3col18
West 0.01167803084
East 0.00163505837965
North 0.190342999566
South 0.0204588533231

row3col19
West 0.0174622029933
East 0.000165619753522
North 0.0498829617102
South 0.000786436052232

row3col20
West 0.00173604199204
East 0.00039871794513
North 0.0283380511171
South 8.26929833359e-05

row3col21
West 0.0014160154994
East 1.35709473353e-05
North 0.008131389647
South 0.000218928040977

row3col22
West 0.000931111341814
East 3.09483148058e-05
North 8.66334729447e-05
South 1.18827184547e-06

row4col5
West 0.0426651001571
East 0.0413620028042
North 0.0275149887285
South 0.46369818682

row4col9
West 0.292648882147
East 0.239255562865
North 0.196425021522
South 0.627569147713

row4col13
West 0.813604267223
East 0.81437638055
North 0.857375
South 0.773709507995

row5col1
West 1.46375511466e-12
East 7.16575503127e-07
North 0.0
South 0.0

row5col2
West 1.06517355573e-09
East 1.93279609763e-15
North 5.87629977123e-09
South 4.63826303586e-05

row5col3
West 3.23714528593e-08
East 0.0
North 0.0
South 5.1216117389e-06

row5col5
West 0.206821303593
East 0.534096136663
North 0.102614346581
South 0.0305074277209

row5col6
West 0.305976191962
East 0.568743461708
North 0.350112209825
South 0.16199690411

row5col7
West 0.427493899429
East 0.598728726034
North 0.368552560557
South 0.25096785283

row5col8
West 0.448869471993
East 0.630248460366
North 0.433557014144
South 0.214336532357

row5col9
West 0.53067247945
East 0.663420424501
North 0.439497167794
South 0.463546076992

row5col10
West 0.60014998693
East 0.698337296024
North 0.620693110963
South 0.461463624079

row5col11
West 0.648082076389
East 0.735091890623
North 0.657846288369
South 0.491197422531

row5col12
West 0.690719791372
East 0.7737809375
North 0.721051469553
South 0.638163522661

row5col13
West 0.734908523336
East 0.734314631073
North 0.81450625
South 0.734165751081

row5col14
West 0.7737809375
East 0.695635649816
North 0.730269716086
South 0.630139944378

row5col15
West 0.735091890625
East 0.657998583888
North 0.685157222968
South 0.627778576066

row5col16
West 0.698337296094
East 0.607472647811
North 0.634948918441
South 0.592649500384

row5col17
West 0.662979905423
East 0.248360587854
North 0.287227806121
South 0.311110519326

row5col18
West 0.502365177296
East 0.121707766463
North 0.0381129388131
South 0.0386389808311

row5col20
West 1.69113374919e-14
East 1.25447034907e-05
North 1.02320988181e-08
South 0.0314035646677

row5col21
West 1.02490686751e-08
East 1.51506551641e-16
North 5.05257852541e-06
South 0.012616378639

row5col22
West 2.14972347891e-15
East 1.04559116228e-06
North 1.17351682307e-05
South 0.000877100221307

row6col1
West 4.23855873109e-13
East 7.14084750413e-08
North 2.67019371236e-15
South 2.155635133e-05

row6col2
West 1.20639386142e-07
East 1.04134945442e-06
North 1.51676776778e-07
South 0.000986376344227

row6col3
West 7.01044800031e-17
East 0.0
North 8.47059345777e-08
South 0.00132659083215

row6col5
West 0.00789122323603
East 0.0396085981385
North 0.258692846416
South 9.05393978662e-05

row6col6
West 0.0432172063529
East 0.121073517358
North 0.538690317263
South 0.12439928998

row6col7
West 0.0651633609175
East 0.0280826486714
North 0.488364432535
South 0.050056170169

row6col8
West 0.0855579975122
East 0.421230374757
North 0.140085194311
South 0.0311916704869

row6col9
West 0.0655408698046
East 0.232485190543
North 0.613445734351
South 0.136512430535

row6col10
West 0.181233662824
East 0.274463195812
North 0.659280861432
South 0.174503178567

row6col11
West 0.124340665631
East 0.218101248129
North 0.666177066549
South 0.232582655424

row6col12
West 0.181972583512
East 0.312570083831
North 0.728194988839
South 0.241176611435

row6col13
West 0.505836907807
East 0.475586617306
North 0.773616133897
South 0.553071852677

row6col14
West 0.463261478442
East 0.218874890018
North 0.729048641809
South 0.351875694863

row6col15
West 0.38548960164
East 0.305929881359
North 0.696730017104
South 0.407475779075

row6col16
West 0.591833874149
East 0.567708689501
North 0.663420431289
South 0.594389659769

row6col17
West 0.630249409724
East 0.484100957695
North 0.595880754741
South 0.544573293302

row6col18
West 0.591653390474
East 0.141130900553
North 0.0991093541174
South 0.237585867965

row6col19
West 0.500417312409
East 0.00398763436434
North 0.076510704744
South 0.0398166071894

row6col20
West 0.310685769989
East 0.0043446028101
North 0.00153069568774
South 0.000761558193266

row6col21
West 0.123341697511
East 0.000231654035053
North 5.70284842646e-06
South 9.79411969781e-05

row6col22
West 0.0219391713496
East 0.000248915039329
North 1.17635847899e-05
South 1.00038489203e-06

row7col1
West 6.16355323625e-13
East 0.000424735498515
North 3.83443368621e-08
South 1.57264536475e-06

row7col2
West 2.88215452394e-09
East 0.00712839824185
North 3.53744778083e-06
South 0.000159943953684

row7col3
West 3.91839075088e-05
East 0.00100958739465
North 4.71516896704e-06
South 0.0332892128557

row7col5
West 0.00124273397194
East 0.159605513876
North 0.0174504161709
South 0.00184296693628

row7col6
West 0.0285201716225
East 0.148631561896
North 0.505169886384
South 0.0637656415442

row7col10
West 0.133682464443
East 0.100275088475
North 0.599314244809
South 0.0809084503959

row7col17
West 0.519640353538
East 0.47601274887
North 0.598736939232
South 0.530315736177

row7col18
West 0.55823405589
East 0.0789188200015
North 0.115439735841
South 0.100095076548

row7col20
West 0.00143299086741
East 0.000205368032768
North 0.0373121643914
South 0.000236755255179

row7col21
West 0.00380455951743
East 2.38376064331e-09
North 0.000646259315618
South 2.14289447997e-05

row7col22
West 2.39919162945e-05
East 4.6483332896e-09
North 0.00186923217648
South 2.78551932346e-06

row8col1
West 2.35680978723e-07
East 0.000370416508534
North 0.0
South 9.29624639536e-14

row8col2
West 1.66258629804e-07
East 0.0149651277888
North 1.58303668063e-06
South 1.93891482867e-06

row8col3
West 0.000115528650204
East 0.103227090027
North 0.00205490059004
South 0.00493569414763

row8col4
West 0.0081682958708
East 0.201611164765
North 0.000873306174075
South 0.00484306599437

row8col5
West 0.0116737875953
East 0.337148474112
North 0.0106487888763
South 0.00550262442491

row8col6
West 0.0219647346439
East 0.0599834037126
North 0.46149183223
South 0.0192660670045

row8col8
West 6.35284163065e-05
East 0.0250906863143
North 1.21465768292e-07
South 2.58719584512e-10

row8col9
West 0.000214566144646
East 0.22928047287
North 0.00643256000217
South 0.000529504475301

row8col10
West 0.024836788293
East 0.00750079080953
North 0.496543323019
South 0.0191349756178

row8col11
West 0.256470328807
East 0.00650641258398
North 0.0107735812227
South 7.71723075035e-05

row8col12
West 0.0964953470653
East 0.000604661042667
North 0.00478505036967
South 1.58356950282e-05

row8col13
West 0.0214839633983
East 1.35163497334e-05
North 0.000353517026158
South 0.0

row8col14
West 0.00290479614287
East 2.78408741531e-06
North 1.62983874454e-06
South 1.64542111444e-07

row8col15
West 7.29341126441e-05
East 1.33385517857e-06
North 7.53235586443e-07
South 0.0

row8col17
West 0.521299971937
East 0.436171063361
North 0.568800092232
South 0.490985181611

row8col18
West 0.523575344203
East 0.153813873171
North 0.163555681425
South 0.0821970211819

row9col5
West 0.0016635725079
East 0.00927687723285
North 0.0747506706634
South 0.000430990278045

row9col6
West 0.00773807732916
East 0.0198863889499
North 0.353507400074
South 0.0165738628251

row9col8
West 2.15380441856e-10
East 0.00167561540695
North 6.34657356738e-05
South 3.01462264159e-06

row9col9
West 3.01482705141e-06
East 0.00364447587433
North 0.0390744193159
South 3.21159554632e-12

row9col10
West 0.00081737293383
East 3.76189556894e-07
North 0.187163663239
South 0.00117698756752

row9col11
West 0.0305041525522
East 5.49622792583e-06
North 0.000167676757144
South 1.29782531706e-05

row9col12
West 7.97050148926e-06
East 4.1043925592e-06
North 0.00691088799812
South 1.38592701953e-05

row9col13
West 0.000192259483413
East 5.96081547571e-13
North 0.0
South 2.21787864298e-10

row9col14
West 3.75474324257e-11
East 0.0
North 9.86303010176e-05
South 3.28301688163e-09

row9col15
West 1.45276974237e-13
East 1.34562797387e-14
North 2.2187527409e-06
South 0.0

row9col17
West 0.473986652928
East 0.37841863236
North 0.540360087367
South 0.466551131003

row9col18
West 0.48781197994
East 0.18093878167
North 0.1046513377
South 0.112150721004

row9col20
West 0.0
East 3.22201757961e-06
North 0.0
South 0.0

row9col21
West 1.47459130171e-09
East 1.34589641766e-09
North 8.97787144772e-08
South 9.05070628342e-05

row9col22
West 1.30801619367e-06
East 3.87712529693e-09
North 1.57219368585e-20
South 5.90751732876e-11

row10col1
West 0.0
East 3.03745574765e-07
North 7.44248934783e-12
South 1.5668398627e-10

row10col2
West 3.87856809493e-15
East 1.94181037189e-10
North 9.76050844846e-16
South 1.36074604932e-05

row10col3
West 1.07828699922e-11
East 4.73990687132e-07
North 4.91783432704e-09
South 0.000116443839097

row10col5
West 0.00038649110233
East 0.0270466069481
North 0.00238383054213
South 0.000338744611207

row10col6
West 0.0024902987832
East 0.0128527142886
North 0.238609195848
South 0.020266355903

row10col17
West 0.443718985442
East 0.306719660584
North 0.513342081534
South 0.417523130443

row10col18
West 0.44467058537
East 0.0601334772653
North 0.0746699723067
South 0.0617114009058

row10col20
West 7.43821379326e-09
East 1.04452637304e-05
North 0.0
South 1.49881791232e-12

row10col21
West 9.0034221299e-09
East 1.63875384282e-08
North 5.21506178323e-07
South 0.000800748436042

row10col22
West 8.52599893656e-10
East 2.11308727369e-10
North 3.73896722788e-23
South 2.70879492363e-05

row11col1
West 1.61437456905e-11
East 1.73366294584e-05
North 1.45568929535e-12
South 9.07142548606e-21

row11col2
West 7.48257544146e-11
East 0.000342289715387
North 1.77200730446e-10
South 0.0

row11col3
West 1.0268703754e-08
East 0.00372723258038
North 4.7467162849e-07
South 1.50485864348e-06

row11col4
West 1.01401237384e-05
East 0.0152557054838
North 5.35085258332e-05
South 0.000255592485429

row11col5
West 2.84431487801e-05
East 0.0530981727642
North 0.000791181725289
South 2.31706117314e-06

row11col6
West 0.000471694073335
East 0.00629015465047
North 0.134586289667
South 0.000807743519984

row11col8
West 6.348588399e-12
East 4.79773859276e-07
North 0.0
South 2.19892742429e-26

row11col9
West 1.41289246074e-16
East 3.37128989287e-10
North 7.10971996357e-05
South 0.00225216937549

row11col10
West 0.000139295266383
East 8.66735152807e-09
North 5.48964540689e-14
South 5.9267426795e-13

row11col12
West 3.81779274103e-11
East 1.69895520198e-05
North 4.73263875244e-06
South 0.000430694480681

row11col13
West 8.27459706411e-06
East 0.0
North 8.91249975188e-05
South 0.0183257499115

row11col14
West 0.00184237184336
East 2.36943967824e-06
North 3.27773990337e-07
South 0.0

row11col15
West 6.64258099235e-16
East 0.000406409507472
North 0.00109517635676
South 0.0572891675343

row11col17
West 0.424143012348
East 0.293032630019
North 0.487674970585
South 0.398322342013

row11col18
West 0.414313083293
East 0.0341211550817
North 0.0531578482197
South 0.0601868432693

row11col20
West 1.10419102552e-12
East 0.000109117813446
North 1.55200347023e-29
South 9.45788675089e-28

row11col21
West 2.33711260272e-06
East 3.10407524954e-06
North 2.38869583615e-06
South 0.00613332547219

row11col22
West 4.79229590269e-09
East 1.8245899477e-07
North 5.63286893645e-11
South 0.000613043162599

row12col1
West 0.0
East 1.49105201003e-13
North 1.55999666388e-09
South 0.0

row12col2
West 4.52773285514e-15
East 4.05810586726e-16
North 1.87514842995e-08
South 0.0

row12col3
West 0.0
East 0.0
North 0.000294536090755
South 9.73648079682e-17

row12col5
West 5.70757681602e-11
East 1.51260456723e-07
North 0.000207185990893
South 1.22764381343e-10

row12col6
West 1.8817192342e-07
East 2.33072416357e-06
North 0.0237167564341
South 6.92539966417e-08

row12col8
West 4.65135593785e-07
East 0.00167887955792
North 1.93089428886e-09
South 1.15746363389e-07

row12col9
West 1.15784905266e-07
East 5.46066410572e-08
North 9.57733351698e-07
South 0.0258687063221

row12col10
West 0.00169428785211
East 9.20553461285e-12
North 0.0
South 0.0

row12col12
West 0.000288304633782
East 0.00793325166308
North 2.05169013363e-06
South 3.29696152297e-05

row12col13
West 0.000208307731737
East 0.0745128458887
North 1.72373861175e-05
South 0.00135550607496

row12col14
West 0.00389927953523
East 0.182914287546
North 4.09141406786e-06
South 4.53827366273e-06

row12col15
West 0.00861840477271
East 0.341784181263
North 0.000157067421997
South 0.0202137543377

row12col16
West 0.0767772159694
East 0.428948753957
North 0.0808491841801
South 0.0869971331373

row12col17
West 0.281046205978
East 0.226551708836
North 0.463291191881
South 0.360364238944

row12col18
West 0.382088606644
East 0.0468946983807
North 0.0120635344565
South 0.0102507436671

row12col20
West 3.31128380941e-07
East 0.000870171157776
North 4.05181825066e-13
South 9.79086071801e-11

row12col21
West 9.32068451077e-08
East 2.69558460326e-08
North 5.44604579529e-07
South 0.0316881404482

row12col22
West 0.00603205405506
East 6.68103066098e-06
North 2.27634055378e-10
South 8.547185649e-07

row13col5
West 5.92046926672e-08
East 7.54227482231e-24
North 4.81307815657e-09
South 0.00175988900161

row13col6
West 9.94885613371e-07
East 2.06916459451e-05
North 0.00129095388468
South 1.28832788556e-09

row13col9
West 0.00357190371664
East 2.30514124301e-05
North 9.95105705428e-05
South 0.0912843508622

row13col17
West 0.355462724476
East 0.167774973061
North 0.440126482818
South 0.341886437928

row13col18
West 0.312735993788
East 0.039190853423
North 0.0508736153627
South 0.0606985027023

row13col21
West 0.000721445674293
East 1.8858517819e-05
North 0.000653086424073
South 0.0786848081673

row14col1
West 4.92706161663e-12
East 1.09480718996e-05
North 7.58003660998e-13
South 1.04662933998e-23

row14col2
West 9.26984685568e-11
East 0.00043834414993
North 3.30418637672e-07
South 6.33491183999e-09

row14col3
West 1.79829559738e-06
East 0.00162525794568
North 1.86561912387e-05
South 5.15372477656e-08

row14col4
West 3.54336392716e-07
East 0.00554325105038
North 6.30536101216e-05
South 2.59349557677e-07

row14col5
West 4.061303992e-05
East 0.0164521159161
North 8.92696369628e-09
South 2.31916708325e-06

row14col6
West 0.000898216865295
East 0.0355633420388
North 7.34145441047e-06
South 6.98984377313e-05

row14col7
West 0.000530754009105
East 0.0725217801718
North 0.00158853812374
South 0.00165998984388

row14col8
West 0.00107775772346
East 0.128516241707
North 0.000518064490408
South 0.00224386829426

row14col9
West 0.00696457616654
East 0.207237335872
North 0.00458265982936
South 0.00370760178528

row14col10
West 0.0206563753285
East 0.259945669245
North 0.0194466257525
South 0.0153440253138

row14col11
West 0.0425426520415
East 0.299525588524
North 0.0704443509614
South 0.0380303111282

row14col12
West 0.110322954915
East 0.320627976221
North 0.106262909961
South 0.0247668351352

row14col13
West 0.141749433834
East 0.339632479283
North 0.0986393380649
South 0.0415553352304

row14col14
West 0.130360752432
East 0.358252466293
North 0.22023760819
South 0.0760632456443

row14col15
West 0.180692099155
East 0.377323520812
North 0.189596697995
South 0.107910943296

row14col16
West 0.271589999417
East 0.397207815
North 0.261586315673
South 0.187476464006

row14col17
West 0.307952681796
East 0.261948340005
North 0.418119557291
South 0.25143576849

row14col18
West 0.393818082252
East 0.0558469516412
North 0.0743917686937
South 0.0184568467735

row14col19
West 0.349888386821
East 0.00519805379141
North 0.0120929670831
South 0.00270816452686

row14col20
West 0.266577848431
East 0.0152270242612
North 0.0122794038373
South 0.00238430082151

row14col21
West 0.172084397943
East 0.000154372994487
North 0.000485534291103
South 9.78441897884e-05

row14col22
West 0.00661746975919
East 4.54058631693e-05
North 2.22556565449e-05
South 1.58935204812e-07

row15col1
West 0.0
East 1.44517119768e-06
North 1.89342077244e-12
South 0.0

row15col2
West 2.01755864399e-08
East 1.59571969148e-08
North 0.000102543415794
South 2.22160895184e-10

row15col3
West 8.71355920398e-10
East 3.83232076325e-16
North 8.20943353225e-06
South 1.18097809342e-11

row15col4
West 2.45116405121e-08
East 6.31222776135e-09
North 0.000316889494027
South 5.63763758791e-15

row15col5
West 4.71654245116e-10
East 0.000252264658778
North 2.39894401931e-11
South 1.5999375633e-09

row15col6
West 2.4148755469e-07
East 0.00733943860444
North 1.57569118136e-05
South 1.22279856421e-05

row15col7
West 9.10394357545e-05
East 0.0386701118512
North 0.00436921576538
South 0.000220413983963

row15col8
West 0.000605993697818
East 0.0729987548047
North 0.00457174693241
South 0.00276912501267

row15col9
West 0.00249655066539
East 0.121806278739
North 0.00147978020263
South 0.00279386111938

row15col10
West 0.00699979685711
East 0.182796552938
North 0.00394065999784
South 0.0214511107906

row15col11
West 0.0033072675657
East 0.0216026319273
North 0.246118674428
South 0.00882832033083

row15col12
West 0.00734419839083
East 0.00934898960354
North 0.147941820356
South 0.000317297638958

row15col13
West 0.00300272210824
East 0.00183385207166
North 0.165157064923
South 0.00330963983037

row15col14
West 0.00934035822893
East 0.0301410521171
North 0.208941297317
South 0.0144240620043

row15col15
West 0.0368229804961
East 0.0561036348542
North 0.354033651438
South 0.0390264736701

row15col16
West 0.024518158898
East 0.0549269924121
North 0.318069266151
South 0.0144276975433

row15col17
West 0.0523631455464
East 0.00974183440117
North 0.362475949434
South 0.0568033862775

row15col18
West 0.130962277494
East 0.000232889912282
North 0.00848056212176
South 0.00184375919449

row15col19
West 0.00525438324714
East 8.90423088507e-10
North 0.0332437089876
South 1.14331788468e-07

row15col20
West 3.24485957307e-08
East 1.87634786915e-28
North 0.0430553494159
South 3.87062036692e-05

row15col21
West 7.09892533046e-05
East 5.66621607018e-08
North 0.0280737549102
South 2.01045600639e-08

row15col22
West 3.21165116395e-18
East 0.0
North 4.41097510456e-05
South 4.80865033259e-09

row16col2
West 2.92018147995e-07
East 2.22230023542e-10
North 1.76489807071e-05
South 2.11377846618e-12

row16col7
West 4.39046984795e-07
East 0.000429262539758
North 0.0146003654595
South 5.29184496105e-06

row16col15
West 0.0419629782161
East 0.0765185006111
North 0.321105061658
South 0.04982587366

row17col1
West 1.50489207186e-15
East 1.63267129449e-14
North 8.98580525793e-15
South 3.31197678111e-12

row17col2
West 5.53335403774e-14
East 1.70841711068e-11
North 2.31030074337e-06
South 4.00977919882e-09

row17col3
West 6.97943742798e-10
East 2.15563435814e-15
North 3.79812221379e-14
South 4.2548201392e-15

row17col4
West 7.75786461844e-14
East 1.19903662612e-16
North 0.0
South 3.12732598236e-24

row17col6
West 1.43880027971e-09
East 2.20675590572e-06
North 0.0
South 5.75589802683e-10

row17col7
West 9.15107634779e-12
East 4.44359761407e-06
North 0.0048939471953
South 3.55382007849e-07

row17col8
West 0.00136957207172
East 7.75159652837e-08
North 8.74194868479e-06
South 6.96459503078e-09

row17col9
West 0.000198022692769
East 2.50710158966e-08
North 7.83601995178e-07
South 1.14795048509e-09

row17col10
West 9.81446411818e-06
East 1.2871891888e-13
North 0.0
South 1.21587068965e-16

row17col11
West 2.73449059978e-07
East 2.51247332253e-13
North 3.0613839988e-13
South 5.57560035414e-14

row17col13
West 5.21283807128e-07
East 0.00602349041035
North 0.000136758855866
South 1.91222837005e-08

row17col14
West 1.10587693204e-06
East 0.0786608468184
North 0.0026290344214
South 0.00034579386636

row17col15
West 0.00797092540998
East 0.00918310495128
North 0.272466731214
South 0.0290676470849

row17col16
West 0.0647685983621
East 5.11034772296e-12
North 0.00226925705015
South 0.00184054403863

row17col18
West 4.01208594632e-06
East 6.85602350935e-07
North 1.70212378432e-08
South 0.00190384450008

row17col19
West 3.58601489064e-11
East 3.68100601923e-15
North 1.14366658079e-24
South 0.000336660616944

row17col20
West 1.19389637675e-08
East 2.244055614e-13
North 6.08476434874e-09
South 2.6832658049e-06

row17col21
West 2.21390909678e-27
East 0.0
North 1.40302312715e-10
South 2.62883075375e-08

row17col22
West 0.0
East 0.0
North 0.0
South 1.25755069781e-08

row18col1
West 6.16346664351e-17
East 3.82460329407e-10
North 1.29757192495e-15
South 1.0037480756e-15

row18col2
West 4.17358787549e-12
East 2.61808743064e-13
North 2.99320673227e-07
South 5.54459977753e-14

row18col3
West 3.279594355e-08
East 7.5164083905e-24
North 1.22928230098e-13
South 1.97311857155e-18

row18col4
West 1.80111163557e-09
East 0.0
North 0.0
South 0.0

row18col6
West 3.96893754077e-17
East 5.14493231385e-08
North 1.43880027971e-09
South 0.0

row18col7
West 1.67259694332e-10
East 1.28504330528e-09
North 1.91631374515e-05
South 3.16995942961e-08

row18col8
West 6.16861161929e-07
East 2.00112888834e-08
North 9.76284617535e-05
South 2.81750369563e-10

row18col9
West 7.88483820688e-08
East 8.02635896622e-16
North 1.52067429628e-05
South 4.47713930231e-12

row18col10
West 9.19680219635e-07
East 1.29179199754e-17
North 1.08525682328e-12
South 9.91408654287e-26

row18col11
West 1.34870112978e-08
East 6.84412287205e-17
North 9.34095520319e-12
South 4.73785609812e-28

row18col13
West 7.37886534679e-08
East 0.0024886191695
North 1.28665629644e-11
South 2.17677317573e-08

row18col14
West 3.71878661958e-05
East 0.06470675024
North 0.000727316639984
South 1.12735775451e-05

row18col15
West 0.00245903620851
East 0.0101043460857
North 0.209072075839
South 0.00129400944773

row18col16
West 0.13037540154
East 0.00175327551846
North 0.000334455306457
South 0.000706734715293

row18col17
West 0.0618032206828
East 2.80042085773e-05
North 0.0011824427943
South 0.00212207044037

row18col18
West 0.0244201254056
East 0.0001225257585
North 3.33192742852e-05
South 1.45972291147e-05

row18col19
West 0.0068069309504
East 5.39509908605e-07
North 7.59627554753e-07
South 8.02862343878e-10

row18col20
West 0.00114980205852
East 2.64521077299e-08
North 1.37855417861e-08
South 3.81867029106e-11

row18col21
West 0.000123355607217
East 3.25663643658e-08
North 1.02224634755e-09
South 2.38066544172e-29

row18col22
West 6.61108164938e-06
East 9.21237405871e-10
North 7.5434626984e-15
South 1.53595255379e-10

row19col1
West 0.0
East 3.85925045058e-24
North 1.00534796767e-12
South 1.55644051267e-17

row19col2
West 3.68700165592e-18
East 9.99001377001e-20
North 2.1381529228e-10
South 6.31989020228e-16

row19col3
West 0.0
East 3.0142840835e-24
North 3.56072665209e-10
South 1.01343795013e-19

row19col4
West 1.84610303657e-12
East 0.0
North 0.0
South 0.0

row19col6
West 0.0
East 1.25362029265e-08
North 1.34055079047e-30
South 0.0

row19col7
West 3.057706821e-15
East 1.45060560015e-09
North 4.80324649866e-07
South 4.08660577807e-08

row19col8
West 4.91014719045e-09
East 1.28735325367e-11
North 2.57849966506e-06
South 5.51000236125e-24

row19col9
West 2.15164113385e-08
East 0.0
North 1.59093909909e-23
South 3.82760146087e-18

row19col10
West 1.32067964441e-18
East 0.0
North 3.31414715751e-08
South 2.50352958806e-18

row19col11
West 4.73788774828e-10
East 4.73785605083e-28
North 0.0
South 5.51527670984e-36

row19col13
West 4.05036011448e-08
East 4.55326614957e-05
North 4.37110701213e-07
South 0.0

row19col14
West 1.79750081648e-11
East 0.0
North 0.00757014892767
South 3.8598538448e-15

row19col15
West 9.41851571536e-05
East 0.000164868360897
North 0.0185857075469
South 0.000878556945903

row19col16
West 0.000506310240834
East 9.00227364448e-06
North 0.0136639493726
South 2.67662103556e-07

row19col18
West 4.25669344811e-08
East 1.38161008175e-07
North 0.00063888641298
South 4.27855518743e-08

row19col19
West 4.96048848423e-07
East 1.11289280009e-08
North 0.000425676547707
South 4.96770225961e-07

row19col20
West 4.29904176815e-06
East 0.0
North 3.13174488487e-13
South 1.11289006749e-08

row19col21
West 2.39478927955e-10
East 5.87308879461e-11
North 2.71863312321e-06
South 4.64229761136e-29

row19col22
West 3.97605049571e-11
East 0.0
North 8.21845765524e-08
South 0.0
