
row1col1
West 3.31264336039e-06
East 0.000282359628791
North 0.0
South 0.0

row1col2
West 5.92614444204e-06
East 5.55960087261e-16
North 0.0013472206716
South 0.0104779203863

row1col3
West 3.34647688812e-17
East 1.04026516155e-14
North 1.62139280764e-11
South 8.51212445328e-05

row1col4
West 4.94125951834e-16
East 0.000634424589838
North 0.0035005517268
South 0.0289753993098

row1col5
West 0.000732677277633
East 0.00492010936696
North 0.00570507996025
South 0.097259289258

row1col7
West 0.0
East 0.0022882983885
North 0.00104199750116
South 0.00863148372131

row1col8
West 0.000474820412639
East 0.0718010910259
North 0.0
South 0.0

row1col9
West 0.00433972508227
East 9.32889536045e-05
North 0.157140718589
South 0.378569395412

row1col10
West 0.0
East 9.45839794155e-10
North 0.00393446791245
South 0.0337080506036

row1col11
West 0.00022113087253
East 1.09416047881e-05
North 8.77846464118e-10
South 0.000296879306167

row1col13
West 0.0
East 0.0219223325221
North 0.00133401029843
South 0.226498266239

row1col14
West 0.00134393709335
East 0.0
North 0.120034340206
South 0.520724172655

row1col15
West 0.000219984375
East 0.0001128125
North 1.04492578125e-05
South 0.301662703906

row1col16
West 0.0329728664453
East 0.0
North 0.0630613321945
South 0.369648257338

row1col18
West 0.0734177499262
East 0.015422597727
North 0.239705350096
South 0.670451857059

row1col19
West 0.339124071551
East 0.0418440287361
North 0.00947904961014
South 0.094250833356

row1col20
West 0.152049381939
East 0.0102498686665
North 0.0114967961339
South 0.0199984356294

row1col21
West 0.0441362569396
East 0.00237957190311
North 0.000524997742974
South 0.00857444885176

row1col22
West 0.0136545405711
East 0.000625703867471
North 1.02244302234e-06
South 0.000675609963584

row2col1
West 1.02054221027e-06
East 0.00352009473624
North 3.52833236813e-19
South 0.0031860886085

row2col2
West 0.000415851238775
East 0.000477303135134
North 0.00153121635695
South 0.0347527467596

row2col3
West 0.00273017201561
East 0.0139440866735
North 1.70879263616e-07
South 4.82484058894e-10

row2col4
West 3.59454039078e-06
East 0.0175599903506
North 0.0056103312169
South 0.112029570236

row2col5
West 0.0039286527072
East 0.014626026706
North 0.0180104642309
South 0.304459193039

row2col7
West 3.50556481099e-06
East 0.0
North 0.000881955198072
South 0.0452386031781

row2col8
West 0.00255897052057
East 0.0721080062545
North 0.0
South 0.000505899332958

row2col9
West 0.00487825040178
East 0.023128220759
North 0.201822711047
South 0.531760705869

row2col10
West 0.224691752437
East 0.00296694940741
North 1.49712736156e-07
South 6.83234574235e-05

row2col11
West 0.0316639419877
East 0.00138534091652
North 1.05038490322e-05
South 0.000815354112151

row2col13
West 0.640623185288
East 0.939880494397
North 0.0103373076241
South 0.288573680298

row2col14
West 0.57388971703
East 0.999788945375
North 0.124264667215
South 0.131440322186

row2col15
West 0.0
East 0.0
North 0.0
South 0.0

row2col16
West 0.996800782311
East 0.66016327348
North 0.0438768976763
South 0.213807663465

row2col17
West 0.938518575888
East 0.684625840512
North 0.253128324123
South 0.32752580085

row2col18
West 0.874247040205
East 0.526022949832
North 0.204191777225
South 0.147555312375

row2col19
West 0.737136585812
East 0.25182166301
North 0.0640831757569
South 0.0132454610919

row2col20
West 0.51547861122
East 0.11009747573
North 0.0107590610433
South 0.010141090239

row2col21
West 0.275628802638
East 0.0167274627132
North 0.0011965087512
South 0.0002214779121

row2col22
West 0.0762967240602
East 0.0131114800442
North 0.0
South 0.0

row3col1
West 0.00699437469411
East 0.039295447735
North 1.14083321356e-05
South 4.05143231134e-06

row3col2
West 0.0104439183489
East 0.0943281507469
North 0.00361477076151
South 0.00288110283822

row3col3
West 0.0243796292495
East 0.17881777359
North 0.00107844841948
South 0.0127292886105

row3col4
West 0.0313361633318
East 0.32266165823
North 0.0114153341184
South 0.040812555269

row3col5
West 0.05289912033
East 0.11481091761
North 0.149608466424
South 0.442743987927

row3col7
West 0.0447634221503
East 0.197352319779
North 0.00027590252532
South 0.00847485148147

row3col8
West 0.0452838065714
East 0.370701445097
North 0.000809022993626
South 0.0337335811158

row3col9
West 0.0400631831675
East 0.0550016297563
North 0.388659355613
South 0.594035398403

row3col10
West 0.30909092954
East 0.00376103633283
North 7.13501220254e-05
South 0.000445539799383

row3col11
West 0.0504552019473
East 0.00546572109422
North 4.479539619e-07
South 2.80623644786e-05

row3col13
West 0.857374612274
East 0.9025
North 0.815927504148
South 0.800297669409

row3col14
West 0.857336669484
East 0.95
North 0.915062261741
South 0.868271651009

row3col15
West 0.846706162331
East 0.792858486077
North 1.0
South 0.949964184961

row3col16
West 0.930041301786
East 0.273040406999
North 0.222336198006
South 0.123635511064

row3col18
West 0.0342512768877
East 0.0336765995167
North 0.630262272824
South 0.201983049914

row3col19
West 0.32482345071
East 0.0306457103488
North 0.0425266212363
South 0.020498172627

row3col20
West 0.138453051926
East 0.0068787056315
North 0.021017166456
South 4.51716845865e-06

row3col21
West 0.0359195045939
East 0.00289067539937
North 0.0122263968822
South 0.0048227471043

row3col22
West 0.0123346793963
East 0.00132083408789
North 9.69838075451e-10
South 0.000583705587467

row4col5
West 0.0566498105374
East 0.102082532526
North 0.145407812531
South 0.506055644758

row4col9
West 0.275913301714
East 0.309309033816
North 0.508252796534
South 0.629417769894

row4col13
West 0.79976663175
East 0.805385094268
North 0.857375
South 0.773775835896

row5col1
West 9.39862358133e-11
East 4.09816980594e-06
North 0.0
South 0.0

row5col2
West 9.39862358133e-11
East 0.0
North 6.49949942546e-06
South 0.000551458784988

row5col3
West 1.04558622681e-07
East 1.62212846939e-06
North 0.00389968628641
South 0.0286641861501

row5col5
West 0.503374646314
East 0.540358232707
North 0.228450744395
South 0.180258695295

row5col6
West 0.513197724015
East 0.568800092276
North 0.498387393395
South 0.477372476998

row5col7
West 0.540302796599
East 0.598736939238
North 0.470714253152
South 0.430353447441

row5col8
West 0.568743844986
East 0.630249409725
North 0.538027774935
South 0.467386735586

row5col9
West 0.59871276668
East 0.663420431289
North 0.53249086007
South 0.429046418563

row5col10
West 0.630242759705
East 0.698337296094
North 0.643313222725
South 0.606797889208

row5col11
West 0.66340329367
East 0.735091890625
North 0.66794748911
South 0.53728516847

row5col12
West 0.698236707807
East 0.7737809375
North 0.693966894893
South 0.547289995655

row5col13
West 0.726451473519
East 0.724874919128
North 0.81450625
South 0.73508927394

row5col14
West 0.7737809375
East 0.695007714582
North 0.544666300757
South 0.379064173111

row5col15
West 0.735091890625
East 0.662740673688
North 0.642472462305
South 0.423606161872

row5col16
West 0.698337296094
East 0.629819909984
North 0.546629185509
South 0.415720959091

row5col17
West 0.663420431288
East 0.597429796869
North 0.572928442888
South 0.494710296751

row5col18
West 0.630128636114
East 0.562439587059
North 0.241019503844
South 0.139813774517

row5col20
West 0.00126496406437
East 0.000971786513549
North 0.00312387186298
South 0.0491866666788

row5col21
West 0.000335055003717
East 0.0
North 0.00322440495592
South 0.0412951203446

row5col22
West 0.0
East 0.0
North 0.00201678281255
South 0.0258984249868

row6col1
West 9.47722986718e-06
East 0.000212696353469
North 0.0
South 0.0

row6col2
West 0.0
East 7.03151964736e-05
North 3.32136393445e-05
South 0.00849205421023

row6col3
West 0.000264667553694
East 0.00870782267542
North 0.00486647668478
South 0.0812547299847

row6col5
West 0.0778320655628
East 0.440134556674
North 0.0767775869651
South 0.0304887465314

row6col6
West 0.205251824896
East 0.4222976386
North 0.540360087587
South 0.483630906506

row6col7
West 0.11082898603
East 0.099165122838
North 0.560871166211
South 0.241079670909

row6col8
West 0.0509821688716
East 0.144117169175
North 0.583760240435
South 0.277008961312

row6col9
West 0.248334569834
East 0.362283652877
North 0.557556018453
South 0.110785964655

row6col10
West 0.181930257029
East 0.162807830479
North 0.66334497107
South 0.54574138921

row6col11
West 0.127444761212
East 0.0738570617778
North 0.670896426694
South 0.252680754696

row6col12
West 0.147391548619
East 0.113691904765
North 0.718444895644
South 0.453224909099

row6col13
West 0.448963738873
East 0.264080540399
North 0.773780627903
South 0.716109602536

row6col14
West 0.0710705972647
East 0.113986229007
North 0.661128995642
South 0.150600783672

row6col15
West 0.0689088414812
East 0.0765957546601
North 0.671034803915
South 0.326745900439

row6col16
West 0.374354708839
East 0.253203114058
North 0.608349836866
South 0.060387307383

row6col17
West 0.378675670543
East 0.369768695275
North 0.630249409679
South 0.562177314513

row6col18
West 0.587721471056
East 0.242979238574
North 0.184323948003
South 0.0941010400327

row6col19
West 0.501747740708
East 0.128469123014
North 0.0754109966894
South 0.0831451106932

row6col20
West 0.369421589449
East 0.107004579923
North 0.00578569024605
South 0.0213156163028

row6col21
West 0.254888232173
East 0.0613450422555
North 0.00214670136009
South 0.0034513421826

row6col22
West 0.150610799829
East 0.0566844099614
North 0.00177921017673
South 0.000228731928222

row7col1
West 0.00103406052805
East 0.0142674788171
North 0.0
South 0.0017455100332

row7col2
West 0.0012963914351
East 0.0719614908718
North 4.24639813391e-05
South 0.00609005888615

row7col3
West 0.00739799596653
East 0.000508105324662
North 0.0246887824269
South 0.187051848148

row7col5
West 0.130240295721
East 0.452325279815
North 0.00179475379514
South 0.0272946667001

row7col6
West 0.320125281954
East 0.424873056211
North 0.513342082757
South 0.46170017011

row7col10
West 0.283618260631
East 0.309263820577
North 0.628955991674
South 0.50454718805

row7col17
West 0.444026696381
East 0.306305372497
North 0.598736938705
South 0.539591865288

row7col18
West 0.525800774372
East 0.267752028065
North 0.0565996872478
South 0.0150727262271

row7col20
West 0.00130063403924
East 0.00105066013751
North 0.138665819636
South 0.0261893142555

row7col21
West 0.00682587906967
East 6.11193958468e-05
North 0.0314233087011
South 0.000732615025758

row7col22
West 0.0
East 0.0
North 0.0223302782888
South 0.000621304864493

row8col1
West 0.0101092342312
East 0.0747666070266
North 0.00112108921194
South 0.0

row8col2
West 0.021968140859
East 0.186200670886
North 0.00350154375485
South 0.00988516837246

row8col3
West 0.0764588293796
East 0.333732762477
North 0.0041251104613
South 0.0185161556328

row8col4
West 0.16101843914
East 0.404080362469
North 0.0585318789304
South 0.11355015994

row8col5
West 0.211997660492
East 0.453662114655
North 0.0842477696944
South 0.0339807524375

row8col6
West 0.251793520226
East 0.374554047472
North 0.487674975248
South 0.438773957991

row8col8
West 0.0178237699306
East 0.108515173448
North 0.00188610123177
South 9.82456950889e-05

row8col9
West 0.00603579768777
East 0.331461595899
North 0.0139208255134
South 3.31167566797e-05

row8col10
West 0.036775441775
East 0.090342999499
North 0.592695905461
South 0.32700713216

row8col11
West 0.487266284236
East 0.184103800001
North 0.0444638336545
South 0.0147036178952

row8col12
West 0.368627208476
East 0.0729376321087
North 0.0445529758319
South 0.000352045599745

row8col13
West 0.21191797838
East 0.0170287559893
North 0.0204079928843
South 0.000258363826293

row8col14
West 0.0861815018226
East 0.00504413161148
North 0.00189950035865
South 9.59743363487e-05

row8col15
West 0.0253879816924
East 0.00460114033798
North 3.81547243186e-05
South 0.0

row8col17
West 0.443737573285
East 0.197046131269
North 0.568800088019
South 0.510972812099

row8col18
West 0.354972661738
East 0.0226338497407
North 0.22501913573
South 0.0868726660433

row9col5
West 0.129516869048
East 0.380706753156
North 0.0186627937045
South 1.96492289129e-06

row9col6
West 0.234436271422
East 0.324651166501
North 0.463291204362
South 0.415566999373

row9col8
West 8.10900348919e-07
East 4.93347636581e-05
North 0.00978053833758
South 0.000454760539397

row9col9
West 3.36712124953e-05
East 0.0473306502974
North 6.92255394405e-12
South 3.28821312342e-13

row9col10
West 0.00182501307277
East 0.00333343631599
North 0.486715063043
South 0.212897923947

row9col11
West 1.84884201401e-13
East 1.53152649219e-10
North 0.150594789748
South 0.00362413401204

row9col12
West 0.00244775083304
East 0.0
North 0.0685259258824
South 0.00153529396687

row9col13
West 0.00526285998407
East 0.000371090831601
North 0.00138785313031
South 6.59230236897e-05

row9col14
West 1.2513282245e-09
East 3.20643198729e-07
North 0.0102744564356
South 0.000108718273508

row9col15
West 0.000191765954597
East 2.41591432204e-08
North 6.87187733382e-17
South 0.0

row9col17
West 0.404651427198
East 0.239403777729
North 0.540360068442
South 0.483828775746

row9col18
West 0.429513612586
East 0.183093898518
North 0.0291743800196
South 0.0317425145789

row9col20
West 5.14621695968e-10
East 4.83247286773e-06
North 0.0
South 5.24732951072e-08

row9col21
West 2.71752153581e-09
East 1.84834753382e-09
North 0.000248234227673
South 0.00139580157044

row9col22
West 7.97726248622e-05
East 3.59694907024e-09
North 0.0
South 0.0

row10col1
West 8.16144460334e-05
East 0.00088707426394
North 0.0
South 1.02116398261e-20

row10col2
West 0.000123072819109
East 0.0119642457225
North 0.0
South 6.04813463302e-08

row10col3
West 0.000250283746757
East 0.00165217077892
North 0.0163614714121
South 0.0667979322555

row10col5
West 0.0843707928728
East 0.31442561664
North 0.0111719473099
South 0.00705823504101

row10col6
West 0.129084104846
East 0.334152138739
North 0.44012647793
South 0.395869610127

row10col17
West 0.359162282037
East 0.200641248684
North 0.513342007607
South 0.460515948149

row10col18
West 0.404781738288
East 0.0846503029049
North 0.0176245034432
South 0.0281977307902

row10col20
West 5.47653283311e-08
East 0.000159236049078
North 0.0
South 1.27597881151e-05

row10col21
West 5.1764100132e-06
East 1.64251476911e-07
North 0.000316157311284
South 0.00540979400385

row10col22
West 9.69289485924e-05
East 6.3034683356e-06
North 0.0
South 0.0

row11col1
West 0.00251760698338
East 0.0192282425575
North 3.37170055519e-05
South 9.75646473908e-09

row11col2
West 0.00300637999858
East 0.0805219126632
North 1.25250569479e-05
South 0.000465619397054

row11col3
West 0.0218720824603
East 0.201604565402
North 0.00555557449375
South 0.00656945557675

row11col4
West 0.0768297952524
East 0.293134497951
North 0.0259588935549
South 0.0227052230049

row11col5
West 0.11180928237
East 0.374138727177
North 0.030349175041
South 0.0395088667694

row11col6
West 0.206986324053
East 0.308385106686
North 0.418119560821
South 0.374793954882

row11col8
West 3.92705669376e-05
East 0.00160844059562
North 1.51261196722e-05
South 0.0

row11col9
West 7.54209137532e-05
East 5.95694928197e-08
North 0.00207132538536
South 0.0118352363716

row11col10
West 0.00089719843505
East 6.27127667115e-10
North 0.0
South 0.0

row11col12
West 1.04219783587e-05
East 0.000634315256658
North 0.0
South 0.0

row11col13
West 1.74398926526e-12
East 0.000183261153826
North 0.000669477219559
South 0.0117336291558

row11col14
West 0.000264032952145
East 0.00231033628546
North 0.0
South 0.00481144302534

row11col15
West 5.17749729051e-05
East 4.62664082893e-11
North 0.00560144750919
South 0.0609904429275

row11col17
West 0.373480037678
East 0.249845261259
North 0.4876745975
South 0.438038782944

row11col18
West 0.400301071271
East 0.108359800966
North 0.0791675442152
South 0.0206375637375

row11col20
West 4.4481299996e-05
East 0.0012687500108
North 3.26553803552e-06
South 0.0

row11col21
West 4.88359383848e-05
East 2.69642341021e-05
North 0.00163016301366
South 0.0152103626352

row11col22
West 0.000844984589837
East 2.75338285275e-07
North 0.0
South 0.0

row12col1
West 2.36336763679e-06
East 0.000714184523259
North 0.0
South 0.0

row12col2
West 3.5388610749e-05
East 0.00908026500017
North 0.00221828479297
South 0.000476946148366

row12col3
West 2.44552379236e-05
East 0.00156402437963
North 0.0683409479462
South 0.008851637355

row12col5
West 0.0946685145429
East 0.302820605548
North 0.0116096423335
South 0.049751643815

row12col6
West 0.162747864782
East 0.265781962899
North 0.39721106115
South 0.353500944825

row12col8
West 1.0046878724e-09
East 0.00115199782734
North 2.4467686726e-06
South 6.65732875171e-10

row12col9
West 1.50417792526e-05
East 6.13704098418e-05
North 0.00280744804078
South 0.0331023676223

row12col10
West 0.00226849179934
East 0.000247490370463
North 1.37665098393e-06
South 0.0

row12col12
West 0.00452466652995
East 0.0248320480779
North 1.18283759639e-05
South 0.000735891633145

row12col13
West 0.00668459607022
East 0.0639365078369
North 0.000175401214979
South 0.00316439969176

row12col14
West 0.0128414733771
East 0.166012223062
North 0.000324620521092
South 0.0102635007423

row12col15
West 0.046070213445
East 0.325009666995
North 6.49088018491e-05
South 0.0329178733083

row12col16
West 0.119462616016
East 0.422112518819
North 0.0450919187145
South 0.050693103327

row12col17
West 0.262049507619
East 0.115999736689
North 0.463289319126
South 0.417532768052

row12col18
West 0.353462472308
East 0.07651552036
North 0.031519460091
South 0.0195338856785

row12col20
West 1.92135873356e-07
East 0.00233719981084
North 0.0
South 1.29322270982e-09

row12col21
West 6.05690615598e-06
East 3.80338329297e-05
North 0.00327010819484
South 0.0394008582098

row12col22
West 0.00276167436742
East 1.78068222898e-21
North 9.07670683161e-09
South 1.68653077851e-08

row13col5
West 0.238354561768
East 0.344760920952
North 0.024011514618
South 0.0473037133909

row13col6
West 0.226796380798
East 0.244622484483
North 0.377339242002
South 0.333772604826

row13col9
West 0.00376910718211
East 0.000746301289274
North 0.00483763877687
South 0.0902584493579

row13col17
West 0.278804402601
East 0.259543194572
North 0.440119282136
South 0.394314003047

row13col18
West 0.414196038046
East 0.2535569664
North 0.127742501521
South 0.101624870963

row13col21
West 0.00489714303303
East 0.00174928928188
North 0.00875005227903
South 0.0814134015484

row14col1
West 0.000260495249719
East 0.00278318021044
North 0.000147226172149
South 4.43381035337e-06

row14col2
West 0.000481041042951
East 0.0146368100427
North 9.79409228835e-05
South 0.00113216184372

row14col3
West 0.00255588275825
East 0.0388309199007
North 0.000691978682315
South 0.00869794689544

row14col4
West 0.00692020192313
East 0.107107705819
North 3.48820436799e-07
South 0.000133225320648

row14col5
West 0.00420953096543
East 0.0814504853215
North 0.236110226253
South 0.110038860236

row14col6
West 0.0701477012733
East 0.137841008098
North 0.358406190293
South 0.300020289468

row14col7
West 0.335913086545
East 0.213839840508
North 0.074018816579
South 0.043820208028

row14col8
West 0.309170409968
East 0.130681626603
North 0.0740643097866
South 0.0513562140175

row14col9
West 0.239965998192
East 0.0323451889793
North 0.00639757824494
South 0.00788300914033

row14col10
West 0.0981173938985
East 0.0041928496485
North 0.00274193296292
South 2.19350443636e-06

row14col11
West 0.0180264312492
East 0.000741943429418
North 0.000418727868433
South 1.32070227635e-06

row14col12
West 0.00337666918765
East 0.0013982898846
North 0.0
South 0.00455541238138

row14col13
West 0.000356965552677
East 0.0109032673757
North 0.000775364571923
South 0.0152229500287

row14col14
West 0.00128372913844
East 0.0704360763526
North 0.000558233695506
South 0.00122187689973

row14col15
West 0.0131872016274
East 0.194496038349
North 0.00334264834946
South 0.0118873812192

row14col16
West 0.0356309620957
East 0.352488837199
North 0.0159385080776
South 0.0266385049572

row14col17
West 0.151411463492
East 0.167495897458
North 0.418076844328
South 0.365134318465

row14col18
West 0.0592279337115
East 0.0195685674376
North 0.374407245072
South 0.141094158176

row14col19
West 0.310876860972
East 0.0926257295974
North 0.00189134625676
South 0.00587210413549

row14col20
West 0.241130441347
East 0.0507329119654
North 0.0406982375867
South 0.00570543669161

row14col21
West 0.155979014092
East 0.0304725697676
North 0.00663308645002
South 0.00142925308032

row14col22
West 0.0815506160489
East 0.0322093288806
North 0.00264021163067
South 0.000299479196565

row15col1
West 3.06000641903e-06
East 0.00386335021037
North 2.70703239702e-05
South 1.4781128596e-06

row15col2
West 0.000238591935885
East 0.0319070183359
North 0.0040117196854
South 0.00300288968118

row15col3
West 0.00492133585497
East 0.0926609345283
North 0.000905551571933
South 0.00275955897476

row15col4
West 0.0184627507868
East 0.175984191111
North 0.011624693758
South 0.0250439152158

row15col5
West 0.0503450316475
East 0.284347516769
North 0.0068270951074
South 0.0451627909738

row15col6
West 0.109500984204
East 0.0751425170764
North 0.339500543756
South 0.291609668621

row15col7
West 0.289005421079
East 0.102138737951
North 0.0636249373409
South 0.0211988688662

row15col8
West 0.0293117352534
East 0.00354910491541
North 0.240917406028
South 0.0919388693553

row15col9
West 0.0719375682284
East 0.00109826038026
North 0.0045159402464
South 0.00307868964755

row15col10
West 0.0129974783126
East 8.15308517711e-05
North 7.75659288889e-07
South 0.000144348533348

row15col11
West 0.000435326229901
East 0.0033083586642
North 2.50757264999e-10
South 0.0

row15col12
West 0.000249881904618
East 0.0623917009066
North 4.00536246534e-09
South 4.43580889499e-05

row15col13
West 0.0162700301441
East 0.164268268142
North 0.000439907803532
South 0.00257080423532

row15col14
West 0.0619367343698
East 0.279902187769
North 0.00688733783079
South 0.0522439936272

row15col15
West 0.187499728309
East 0.345832793516
North 0.0368065118503
South 0.0989192840983

row15col16
West 0.260977956184
East 0.372601940426
North 0.0759350495149
South 0.0755084396421

row15col17
West 0.165080920415
East 0.0922459620077
North 0.396933919458
South 0.360550440133

row15col18
West 0.294376216628
East 0.00925124611877
North 0.0354236794139
South 0.0256108983469

row15col19
West 0.00404906180599
East 5.73322461049e-09
North 0.095080300147
South 0.00262819250616

row15col20
West 0.00265797056884
East 0.000145884065396
North 0.0627747005513
South 0.00639174960929

row15col21
West 0.00944187438897
East 0.00171901338656
North 1.08973788176e-14
South 2.60159657888e-05

row15col22
West 0.000236723183682
East 0.0001788922074
North 0.0147166873923
South 0.0014454091279

row16col2
West 0.00107510576937
East 0.000262481152451
North 0.0135951338828
South 0.00106307874265

row16col7
West 0.0217021955715
East 0.0269585359638
North 0.22812522991
South 0.0725624168882

row16col15
West 0.0405605899707
East 0.0338122763791
North 0.305301812645
South 0.141768766362

row17col1
West 1.99116979046e-06
East 0.000302778524317
North 1.66357182537e-06
South 6.21108357616e-09

row17col2
West 4.97093523639e-06
East 5.02996817919e-05
North 0.0046966252446
South 0.000225651258594

row17col3
West 0.000891449305705
East 2.80108381676e-05
North 7.94503346944e-05
South 1.07757710031e-09

row17col4
West 0.000194831982276
East 1.68432546855e-05
North 3.14312267483e-07
South 6.81755217633e-08

row17col6
West 0.00386201321948
East 0.0532377445558
North 1.31196721937e-07
South 3.1457988499e-08

row17col7
West 0.0066111060558
East 0.00582370032713
North 0.175282646774
South 0.0623538418192

row17col8
West 0.0648169317066
East 0.00253078664439
North 0.00305797425056
South 0.0016234992109

row17col9
West 0.0211405925825
East 0.00221123619162
North 0.000915311880261
South 0.00090196327068

row17col10
West 0.00786863460289
East 0.000908946492788
North 2.53181680704e-07
South 0.000131649281832

row17col11
West 0.00283385852566
East 0.000543643191413
North 0.00010996118557
South 5.06143363841e-05

row17col13
West 0.000723662209557
East 0.00982504137284
North 5.12769898793e-05
South 2.33088579319e-07

row17col14
West 0.000367250027474
East 0.0845172561554
North 0.00107740504033
South 0.000187368424426

row17col15
West 0.00715915349782
East 0.0143811676498
North 0.260921823283
South 0.0980522093902

row17col16
West 0.090576972693
East 0.00707210776498
North 0.00115959781461
South 1.38120436343e-05

row17col18
West 0.0
East 1.72208675074e-15
North 0.000292364921444
South 0.00402577477646

row17col19
West 1.40391257988e-07
East 6.8646518492e-11
North 1.60014913847e-05
South 0.0014443358653

row17col20
West 2.72638594099e-05
East 1.61068109438e-12
North 1.1196259652e-05
South 0.000216150316047

row17col21
West 0.0
East 1.33894321205e-09
North 2.18595042208e-08
South 7.5870219782e-05

row17col22
West 0.0
East 3.22414572636e-08
North 2.05507574922e-07
South 1.90963199836e-05

row18col1
West 3.35918342132e-13
East 0.0
North 1.71993201459e-05
South 2.61110512491e-08

row18col2
West 3.6523859255e-07
East 5.49863644731e-07
North 0.00115632891062
South 4.39457790657e-05

row18col3
West 1.92497489296e-05
East 3.29565579142e-19
North 3.44730210108e-05
South 3.18433146926e-10

row18col4
West 1.63559587348e-20
East 2.37384739984e-08
North 1.05729654329e-05
South 1.29357184805e-10

row18col6
West 0.00162910179634
East 0.0190816372554
North 0.000381094375377
South 1.24976743532e-05

row18col7
West 0.00178847007537
East 0.00469671815609
North 0.124019964932
South 0.0222846356718

row18col8
West 0.0493520842758
East 0.00114602236649
North 0.00117729248555
South 0.000288601932821

row18col9
West 0.0139715739834
East 0.00127733834692
North 0.000737465144637
South 4.6626198598e-07

row18col10
West 0.0059152554634
East 0.000510163410654
North 0.000386402366922
South 3.13450207356e-05

row18col11
West 0.00216777757872
East 0.000173253921315
North 0.000153079973744
South 4.61622174808e-09

row18col13
West 5.2335484719e-05
East 0.000519315606852
North 0.0
South 0.0

row18col14
West 2.92433829905e-08
East 0.0117880245115
North 0.00656966325296
South 0.000583459565585

row18col15
West 0.000361304040871
East 0.00455839675014
North 0.204364763883
South 0.0357980836417

row18col16
West 0.112641153392
East 0.0192736002412
North 0.00707565631934
South 0.000638327446433

row18col17
West 0.0628369401011
East 0.00965917234639
North 0.00747938811302
South 0.00652279168006

row18col18
West 0.034345541317
East 0.00393438525738
North 0.000177079356502
South 2.87848639507e-05

row18col19
West 0.015152014356
East 0.00180310215305
North 6.03561762112e-05
South 9.35388713417e-05

row18col20
West 0.0063515558333
East 0.000342214571526
North 1.53615369456e-05
South 5.38259162841e-06

row18col21
West 0.00173742265707
East 2.26645023259e-05
North 1.28436060585e-06
South 6.9387069836e-08

row18col22
West 0.000330999337465
East 1.03470128476e-05
North 1.06211254373e-06
South 1.90625510013e-09

row19col1
West 2.68281242753e-09
East 4.28681319241e-14
North 4.99065512857e-07
South 1.95264584742e-08

row19col2
West 8.13106176951e-12
East 3.70419593923e-21
North 0.000222901197313
South 1.31023624583e-05

row19col3
West 0.0
East 0.0
North 9.4364845845e-07
South 2.8553249685e-09

row19col4
West 0.0
East 0.0
North 2.50516166873e-08
South 1.08361931105e-10

row19col6
West 1.61481426641e-07
East 0.0033154917917
North 7.2193875141e-05
South 2.39520661934e-06

row19col7
West 1.36944257371e-05
East 0.000169054044047
North 0.0592768915832
South 0.00961511550505

row19col8
West 0.000177640422646
East 0.0
North 0.00520780261808
South 4.19047021067e-05

row19col9
West 7.10455916323e-05
East 1.53045890601e-06
North 1.07258942458e-13
South 0.0

row19col10
West 1.35425047652e-08
East 3.44664244249e-07
North 0.00112585577648
South 0.000154359828698

row19col11
West 5.86035472473e-05
East 1.60321639254e-06
North 0.0
South 0.0

row19col13
West 2.5238465816e-09
East 0.000117101623104
North 3.56269030656e-11
South 2.08578089268e-06

row19col14
West 7.3480988387e-06
East 0.00965574701188
North 1.79187588151e-05
South 3.04221852065e-06

row19col15
West 0.000250272556766
East 0.000592216958842
North 0.092664445779
South 0.0153825894847

row19col16
West 0.00253021338328
East 0.000426631891319
North 0.0144076709718
South 0.00109881231457

row19col18
West 0.0
East 0.0
North 0.000850364789011
South 6.6090678254e-06

row19col19
West 2.55040359871e-08
East 6.73163499456e-11
North 0.00178422306329
South 0.000168394802323

row19col20
West 1.03157381307e-05
East 6.67943224747e-08
North 0.000113311215064
South 1.72432558061e-06

row19col21
West 6.71816916503e-06
East 1.52259648825e-07
North 7.85818879993e-20
South 0.0

row19col22
West 0.0
East 3.21585986825e-31
North 1.06271663649e-05
South 5.5303284546e-07
