0.0801327463368
0.0752839977863
0.0940320993825
0.0991513350961
0.103915632526
0.104357826152
0.104476042017
0.10149360899
0.100258353632
0.101076377762
0.098483782062
0.103794671566
0.105990213791
0.109287727234
0.108347496236
0.106040640463
0.107053379702
0.107673558518
0.106672009985
0.107397744503
0.106620518613
0.107393104371
0.110682131219
0.11142510175
0.109469384426
0.11031428973
0.110882135711
0.111530150611
0.111861365233
0.112528712539
0.113797806271
0.114469285102
0.114324091358
0.115030415249
0.115222077027
0.116045067071
0.116042854801
0.117167488589
0.117550207558
0.118363859008
0.11969957749
0.119813399385
0.119524803572
0.120674964682
0.120603974616
0.121537306845
0.122501924465
0.123798852117
0.12431080769
0.124913155371
0.125290888757
0.126272483887
0.12647533296
0.127044420918
0.127132708373
0.12775900977
0.128077133601
0.129066277246
0.129584674441
0.130319790434
0.131689160874
0.132106620461
0.132409176409
0.13375058848
0.13482880783
0.135171380571
0.136091615169
0.136710284031
0.136787100757
0.137211225032
0.13733471902
0.138204649515
0.138451381099
0.138913840977
0.139808729418
0.14038160723
0.14143931046
0.142342709876
0.142588948152
0.142943871224
0.143547999022
0.144071008829
0.144942950341
0.145486408459
0.146527884396
0.147126547799
0.147794379558
0.148214803004
0.149071764016
0.14918162545
0.149477078159
0.150162711329
0.150439206895
0.151650171275
0.15276451964
0.153570307629
0.154028236334
0.154493839854
0.155178036096
0.155611071897
0.156423086463
0.157136015586
0.157472108399
0.158032466267
0.158495900111
0.159585319357
0.160406364499
0.160898858356
0.161768139321
0.16197154561
0.162801404728
0.163790973505
0.164480919616
0.16518050763
0.16568749747
0.166076110475
0.166612093645
0.167378630477
0.167898575161
0.168107981476
0.168730300586
0.169392593491
0.170120015396
0.170786330692
0.17160104026
0.171980604611
0.172558035777
0.173376568993
0.173702606347
0.174092120832
0.174760643525
0.175157753672
0.17558553543
0.176102475986
0.176591463463
0.177069268488
0.177474213771
0.17801807173
0.178497582925
0.178963938397
0.179378100599
0.179972482483
0.180439283484
0.181134689096
0.181610054254
0.182043210135
0.182472788504
0.183079140228
0.183461432825
0.184192375578
0.184457232715
0.184870011294
0.185311661383
0.185613574933
0.1860745826
0.18664803281
0.187093611957
0.187745298556
0.188006974211
0.188285527029
0.188854180127
0.189269081909
0.18980887116
0.190041276754
0.190567797589
0.191090479184
0.191553850181
0.191988519542
0.192321450269
0.192830366938
0.19325202229
0.193720333157
0.194139968082
0.194528608426
0.195103513265
0.195902883548
0.196494783594
0.196975806025
0.197278493968
0.197667507997
0.19804524206
0.198238972342
0.198872420337
0.19928691682
0.199776298533
0.200109152061
0.200372528374
0.200769834122
0.201188801815
0.201499510725
0.201846533631
0.202312430026
0.20274070547
0.203007445807
0.203433231759
0.20380694914
0.204103135768
0.204482406525
0.204737175803
0.204959620718
0.205270564906
0.205534794587
0.205951086497
0.206359105059
0.206739749402
0.207239801445
0.207589458008
0.207749015097
0.208073464163
0.208401874046
0.208883208665
0.209349397464
0.209675764304
0.210209112072
0.210608316466
0.210992475694
0.211379277844
0.211810993206
0.212453763038
0.212935341738
0.213101934388
0.213451238828
0.213773420846
0.214124277016
0.214401409487
0.214663213734
0.215035301091
0.215342747235
0.215594629579
0.215831332409
0.21614130319
0.21639608804
0.216695198714
0.216947334227
0.217203431194
0.217651344292
0.217874295116
0.218116506004
0.21842276768
0.218751302617
0.219009907418
0.21930471467
0.219586274751
0.219881296222
0.220279787685
0.220633803916
0.220917522178
0.221098632282
0.221279703358
0.221679491444
0.221923847576
0.222150484168
0.22246795163
0.222618039121
0.222858454069
0.223228198506
0.223617015678
0.223850636537
0.224119761626
0.224423697465
0.224621126709
0.224897719234
0.225112551027
0.225416946164
0.225687101518
0.225877599166
0.2260463348
0.226400631526
0.226679922785
0.226761049631
0.226995240091
0.227223059926
0.22738814905
0.227589167933
0.227893759918
0.22811541004
0.228324838182
0.228574680724
0.228772537828
0.228991314593
0.229314493877
0.229527113207
0.229935881278
0.230187763025
0.230444867515
0.230659760976
0.230924677427
0.231126345939
0.231416042608
0.231588615142
0.231676142068
0.231849378778
0.232115046098
0.232389926478
0.232618317046
0.232805129437
0.2330103759
0.233235216566
0.233578141422
0.23383192706
0.234132754763
0.234491311909
0.234706949066
0.23501629384
0.235103520115
0.235226169083
0.235357309444
0.235500389427
0.235740994931
0.235999509083
0.236246116389
0.236415247631
0.236630909206
0.236795164482
0.236888957052
0.236994696894
0.2371886851
0.237380060667
0.237540163375
0.237765535277
0.237885884311
0.238069572893
0.238249874485
0.23838855948
0.238546984112
0.238746910393
0.238967390454
0.239172719429
0.239372875765
0.23966772559
0.239938282991
0.240103949258
0.240297399493
0.24045600253
0.240715491968
0.240849049351
0.240994175954
0.24116805663
0.241289475687
0.241484754341
0.241671728818
0.24178233705
0.24206888276
0.242223639
0.242310514578
0.242525763927
0.24269932412
0.242856891072
0.243062642792
0.24315313038
0.24332389096
0.243464265199
0.243617498711
0.24387639317
0.244009681965
0.244289056535
0.244519434004
0.244809296673
0.244978951004
0.245194959479
0.24539555644
0.245622212662
0.245801027755
0.245845956805
0.245950206516
0.246114344835
0.246244778845
0.246455791441
0.246723354098
0.246923203702
0.247101626208
0.247328297279
0.247444807916
0.24761141042
0.247762996366
0.247860592696
0.248046154079
0.248208133909
0.248382203785
0.248499056769
0.248633166625
0.248700342409
0.248792495256
0.248910461632
0.249073560238
0.249257312075
0.249394536706
0.249554136023
0.249596536279
0.249754895788
0.249857713889
0.250069815266
0.250168963479
0.25030447871
0.250383878388
0.250567643922
0.250775726145
0.250883962214
0.250960595557
0.251091562931
0.251219982843
0.251309936183
0.251432314463
0.251636802453
0.251830785203
0.251905180839
0.252069249695
0.252228244255
0.252323122126
0.252385811984
0.252486951531
0.252566019014
0.252655319563
0.252825896751
0.25291750804
0.253003729618
0.253149302706
0.253287287331
0.253462256413
0.253595488845
0.253804374163
0.253952252029
0.254058233746
0.2540786372
0.254194659897
0.254321641336
0.254457480666
0.254571843885
0.254691767637
0.254751465518
0.254959698154
0.255054694765
0.255201514392
0.255351037323
0.25551303737
0.255613574358
0.255744416977
0.255849427193
0.255932052842
0.255966791326
0.25603546759
0.256177416613
0.256292382686
0.256415874056
0.25649412939
0.256651068179
0.256762526489
0.25690277011
0.25699220802
0.257045374163
0.257177895355
0.257377317513
0.257459137556
0.257567224403
0.257687933932
0.257785565342
0.257883935346
0.258036822895
0.258055305962
0.25808019116
0.258124089613
0.258298234529
0.258432243301
0.258433355345
0.258536350653
0.258653982735
0.258805226776
0.258905351887
0.258967937261
0.259113133163
0.25924668907
0.259359789911
0.259425765851
0.259484709586
0.259563190707
0.259729724601
0.259721223493
0.259803363752
0.259936732877
0.259933217449
0.259955987564
0.260073089749
0.260171935027
0.260255913267
0.260461892831
0.260512654763
0.260627290268
0.260750343851
0.260864621233
0.260938640528
0.261000068439
0.261099676071
0.261153000149
0.261198238166
0.261305349067
0.261340771333
0.261378505448
0.261448146795
0.26148445894
0.261587707163
0.261651363749
0.261796490069
0.261847221874
0.261941707766
0.262087072996
0.262107952692
0.262214951748
0.262353560109
0.262418658747
0.26250708971
0.26258506751
0.262651235288
0.262801323853
0.262924687791
0.263022403958
0.263084487132
0.263183507331
0.263310246063
0.26329785684
0.263328324258
0.263328806847
0.263382698122
0.263475462775
0.263491633633
0.263578801252
0.263585309657
0.263656644414
0.263759485731
0.263840655562
0.263936532536
0.263988427986
0.264056375845
0.264135814344
0.264219712972
0.264301543313
0.264370941688
0.264465797004
0.264517373766
0.264655453314
0.264696922715
0.264779110343
0.264824373103
0.264934395126
0.264998395335
0.265068075613
0.265136002134
0.265212152181
0.26526487755
0.265333016113
0.265447845111
0.265619109925
0.265710455212
0.265837036648
0.265917045355
0.266004347337
0.266120125137
0.266211425523
0.266260105159
0.266339385325
0.266419236549
0.266493331475
0.266621767092
0.266652675159
0.266763525167
0.266850391799
0.266878886223
0.267022570226
0.267130632027
0.267214316462
0.267305898789
0.267347748174
0.267383789335
0.267482654036
0.267514197241
0.26754043564
0.267587533769
0.267652670027
0.267713393686
0.267773777684
0.267856356849
0.26787537557
0.267914207793
0.267944624269
0.267970338306
0.268011731611
0.268103542972
0.268181141709
0.268300403492
0.268412240814
0.268475081464
0.268513772117
0.26858324906
0.26866009517
0.268744940979
0.268804075431
0.268886311204
0.268951866519
0.269013092081
0.269085443541
0.269126383002
0.269167530036
0.269152389009
0.269232654161
0.269315756296
0.269382378773
0.269377054474
0.269461034896
0.269512076492
0.269548633836
0.269548818735
0.269640971863
0.269697608735
0.269716911548
0.269765503562
0.269775433217
0.269793437527
0.269830122242
0.269911839928
0.270016637497
0.270059895124
0.270146172409
0.27017878521
0.270223727958
0.270260708381
0.270309071501
0.270361631266
0.270432773362
0.270443079475
0.270496231868
0.270557174776
0.270538664891
0.270545919493
0.270577092753
0.270622240052
0.270693634299
0.270682794252
0.27072412665
0.270832372744
0.270920451166
0.270966946666
0.271003536257
0.271064677677
0.271174574903
0.27118035547
0.2711990425
0.271273763752
0.271301787835
0.271297976512
0.271334128511
0.271415405562
0.271499221561
0.27158885589
0.271657124034
0.271717116639
0.271747702431
0.271859296871
0.271887392606
0.271969592205
0.272048064678
0.272117511921
0.272192171564
0.272214412785
0.272227857774
0.27225975797
0.272260752951
0.2722869156
0.272323141176
0.27235697512
0.272418445227
0.272528924891
0.272519844279
0.272530651081
0.272542755921
0.272624346339
0.272634463378
0.272678907261
0.27268656035
0.27281534831
0.272862507182
0.272911893833
0.272988255682
0.273044960528
0.273142142396
0.2732026643
0.273219589328
0.273266997071
0.273279198416
0.273310003231
0.273363614043
0.273399856248
0.273493473388
0.273559897048
0.273634308538
0.273611270397
0.273731612753
0.273777122784
0.273819570521
0.273842449519
0.273844213331
0.273850785553
0.273903349652
0.273927689138
0.273962073542
0.273957664204
0.274010452108
0.274024982435
0.274059381032
0.274161929503
0.274189551154
0.274235677972
0.274292577148
0.27435302019
0.274393827147
0.27444332893
0.274512056928
0.274559393145
0.274612262844
0.274658819254
0.274658589971
0.274699005843
0.274734179615
0.27477702971
0.274793001717
0.274825436052
0.274869627808
0.274973085313
0.274973599775
0.275007611675
0.275057381634
0.275065544797
0.275084481327
0.275093452128
0.275152222948
0.275187030667
0.275242208414
0.275307963084
0.275320184853
0.275384022355
0.275436100516
0.275504692488
0.275538490017
0.275546834411
0.275602357056
0.275632258772
0.275688587254
0.275708038934
0.275705942344
0.275763370258
0.275839709351
0.275892571332
0.275946177394
0.275955924259
0.276007218638
0.276063340914
0.276052120907
0.276085425563
0.276119038191
0.276114484032
0.27611938826
0.276108910494
0.276116142465
0.276117246963
0.27616414745
0.276175350543
0.276199441576
0.276228372862
0.276278381975
0.276358573822
0.276347260243
0.276375317945
0.276421074976
0.276470923917
0.276509974499
0.276551934646
0.276569626267
0.276586727053
0.276640082038
0.276680681203
0.276737552468
0.276792829861
0.276830507648
0.276856820528
0.276947280397
0.276988849878
0.277020001566
0.277019641477
0.277052266247
0.277105390653
0.277112464577
0.277144135053
0.277167167506
0.277222727365
0.277234277149
0.277244768211
0.277266889864
0.27730194507
0.277357904036
0.27740642654
0.277442071264
0.277473291788
0.277544392467
0.277573910386
0.277606909185
0.277592751673
0.277631310387
0.277682845048
0.277737043961
0.277749713779
0.277786589022
0.277798229783
0.277805041213
0.277847204567
0.277809096788
0.277827466285
0.27786696334
0.277868249124
0.277884389604
0.277873783857
0.277911903733
0.277944695864
0.277958570271
0.277979483116
0.27801725502
0.278044509583
0.278114966013
0.278143616749
0.278163113032
0.278215194606
0.278276279651
0.278297422673
0.27835361019
0.278353979355
0.278366090296
0.278398325062
0.278457400819
0.278493901814
0.278480294676
0.278505626853
0.278557837715
0.278571905788
0.278570643985
0.278612327492
0.278633546994
0.278658316344
0.278670794361
0.278718474277
0.278757670302
0.27876592816
0.278757093017
0.278781610943
0.278824582593
0.27880863514
0.278805054908
0.278826675702
0.278907440905
0.278934083775
0.278962667258
0.278961703332
0.279013646826
0.279014694013
0.279033543025
0.279043381457
0.279060072872
0.279111055591
0.279147201431
0.279174383335
0.279232986768
0.279237480574
0.279248512878
0.279277580829
0.279337446373
0.279395090778
0.27943554789
0.279512440255
0.279531049163
0.279558227765
0.279552946904
0.279577646758
0.279610112186
0.279627327715
0.27972223179
0.279734965255
0.279749585458
0.279731716462
0.27971746067
0.279770722783
0.279767308268
0.279811219375
0.279830803025
0.279846064252
0.279852245609
0.279880894518
0.279963022914
0.279954890922
0.279998186358
0.280021283373
0.280031655678
0.280047478729
0.280100953503
0.280106681656
0.280124758276
0.280145198794
0.280137515901
0.280147407241
0.280166796319
0.280172751333
0.280196585104
0.280229096633
0.280246174268
0.280282684266
0.280308295956
0.280323319594
0.280351039981
0.280364648672
0.280392858987
0.28043655182
0.280443309047
0.28043353837
0.280459702239
0.28046407158
0.280476373214
0.280549679814
0.280599259288
0.280607278414
0.280608539169
0.280617788656
0.280628093218
0.280644683134
0.280656850745
0.28066296579
0.280673619391
0.280711719269
0.280747758892
0.280765428921
0.280790135023
0.280792871898
0.280844638729
0.280849478157
0.280870166384
0.280878559538
0.280926689298
0.280901326615
0.280948833625
0.280963497407
0.281007339211
0.281048111273
0.281071854751
0.281139113325
0.281174198802
0.281191654909
0.281211425235
0.281218809101
0.281229519511
0.281237835389
0.281269429536
0.281251497128
0.281265075206
0.281309388285
0.281318461702
0.281348968279
0.2813537323
0.281383805422
0.281428430614
0.281403478354
0.281412197249
0.2814235223
0.281446798101
0.281478094388
0.28148914436
0.281504777859
0.281505254417
0.28153865766
0.281543633742
0.281537824176
0.281580337294
0.281615747548
0.281607871569
0.281625600464
0.281666471674
0.281693113113
0.281713449631
0.281757324422
0.281788943314
0.281810311384
0.281861045378
0.281901714847
0.281926070912
0.281926405903
0.281917210821
0.281992902285
0.282050123338
0.282076401805
0.282086464891
0.282097208028
0.282132041298
0.282144538206
0.282165024308
0.282162321403
0.282204513027
0.282165134785
0.28220231665
0.28224123715
0.282268736332
0.282277289958
0.282320319504
0.282353280445
0.28241681712
0.282406555363
0.282426819622
0.282432506227
0.282492051315
0.28251896227
0.282502749382
0.282557193009
0.282575667468
0.282585068193
0.282620069884
0.282636561068
0.282668216199
0.282699685059
0.282758970907
0.282776975397
0.282774213906
0.282768840997
0.282854660587
0.282872557427
0.282893794651
0.282903104932
0.282921531885
0.282948172844
0.282971126573
0.28296358018
0.283017813727
0.283043691497
0.283039117066
0.283092637897
0.283148397504
0.283155215925
0.283173080033
0.283196489849
0.28320736093
0.283234631584
0.283240981594
0.283262694595
0.283277737515
0.283307171558
0.283351040758
0.283370535202
0.283399816516
0.283426541944
0.283458403098
0.283446236635
0.283462155614
0.283474534491
0.283491200806
0.283485566551
0.28351371456
0.283527470288
0.283537518604
0.2835508653
0.28360839351
0.283636143898
0.283653380144
0.283662386476
0.283697236622
0.283715428631
0.283722125236
0.283702101587
0.283742188541
0.283746363218
0.283766371447
0.283784480205
0.283801221211
0.283826795213
0.28382627005
0.283827610367
0.283862816397
0.283882195091
0.283917264395
0.283932503714
0.283962765986
0.283973332642
0.283987820192
0.28399030368
0.284004033613
0.284042550965
0.284018622105
0.284031238369
0.284039653466
0.284125830868
0.284148846338
0.284179069275
0.284186927189
0.284196725885
0.28422738371
0.284253286593
0.284295174255
0.284326787019
0.284335627399
0.284331955251
0.284365933894
0.284363344878
0.284385116132
0.28438210335
0.284354979261
0.284349245966
0.284365825766
0.284382942249
0.284414218057
0.284430896221
0.28445515846
0.284528858493
0.284562174688
0.284607719431
0.284638901209
0.284663582853
0.284689616636
0.284686818072
0.284687765354
0.284716061148
0.284728531997
0.28472083008
0.284724540478
0.284726905865
0.284754585312
0.284767064254
0.284772702193
0.284770699056
0.284816759571
0.284822918592
0.284847446524
0.284842527783
0.284857907637
0.284899368983
0.284890077033
0.284902189855
0.284900271366
0.284916998773
0.284934022475
0.284939299609
0.284935491037
0.284940873042
0.284922294843
0.284942421753
0.284946959327
0.284990880453
0.285048146831
0.285030830203
0.285042897557
0.285047151773
0.285058547604
0.285062739247
0.285070134511
0.285095532498
0.285089169525
0.285105278932
0.285091428072
0.28511658954
0.285127943612
0.285142326157
0.285127419049
0.285123387208
0.285176222353
0.285177009533
0.285223863725
0.285199210235
0.285200166709
0.285215309292
0.285235576362
0.285252188392
0.285283594004
0.28528197309
0.285314491305
0.285329254629
0.285371159777
0.285391786874
0.285378940621
0.285371624094
0.285355099226
0.285355291964
0.285363960537
0.285377129392
0.285390919616
0.285418140007
0.285442403949
0.285438802624
0.285449018673
0.285441333557
0.285443350692
0.285447431149
0.285459639561
0.285464786294
0.285498689789
0.285496744071
0.285507103419
0.285519542871
0.285515158709
0.285521387996
0.285556854043
0.285565532642
0.285572917707
0.285565722723
0.285567843723
0.285581837697
0.285579071664
0.285589985477
0.285640400347
0.28565581888
0.285647788181
0.285638737342
0.285646651283
0.285643019087
0.285639710544
0.285676160259
0.285705172005
0.285727424184
0.285764139305
0.285756935656
0.285769101009
0.285776877746
0.285786173071
0.2858082099
0.285832644831
0.28584524112
0.285847993719
0.28588382877
0.285901682306
0.285896426712
0.285893240653
0.285898967423
0.285920194419
0.285949243569
0.28596062331
0.285961827375
0.285968169457
0.285997825264
0.286015368247
0.286025477586
0.286029776945
0.286067894901
0.28607995001
0.286098830499
0.286097629435
0.286156775332
0.286168229192
0.286198455279
0.286192998609
0.286180060471
0.286219545674
0.286229430679
0.286238757952
0.286258671445
0.286262770774
0.286282034168
0.286279498038
0.286312475159
0.286319512622
0.286327386627
0.286370115868
0.286393237723
0.286424196451
0.286450323603
0.286503555521
0.286501886848
0.286518268659
0.286526122633
0.286534696778
0.286554378175
0.286561978917
0.286548725371
0.286556671614
0.286547024227
0.286567974265
0.286600193298
0.286619479644
0.286634218723
0.286647423952
0.286686948719
0.286723750257
0.286748192857
0.286773700545
0.286804582536
0.286810083359
0.286820476555
0.286840950545
0.286870750406
0.286915258837
0.286914412564
0.286911714119
0.286919980843
0.28693704677
0.286927919573
0.286923751391
0.286941341742
0.286957020677
0.286973265411
0.286964645899
0.286964565791
0.286981103532
0.286983996467
0.287012412548
0.287009898047
0.287027604167
0.287041114726
0.287036223595
0.287041813848
0.287045133979
0.287045664919
0.287052672805
0.28702484832
0.287041072214
0.287015806748
0.287020912863
0.287053797483
0.287036600025
0.287056602966
0.287075013009
0.287114526929
0.287124285413
0.287134201908
0.2871662943
0.287174674682
0.287196834503
0.287200533089
0.287239281386
0.287253820653
0.287279812084
0.287291471835
0.287316084163
0.287353444717
0.287368635041
0.287360850237
0.287357185812
0.287361345515
0.287363233221
0.287378227154
0.287379426317
0.287391273808
0.287396078752
0.287409423822
0.287418702056
0.287427110221
0.287467857154
0.287480582795
0.287471652706
0.287478569606
0.287481238422
0.287504735252
0.287522961716
0.287529801035
0.287556703005
0.287568692656
0.287564130694
0.28757500947
0.287594528518
0.28761763014
0.287621344815
0.287617061896
0.287646096929
0.287683412283
0.287701762734
0.287713055227
0.287737922163
0.287782409623
0.287786140312
0.287772306865
0.287758300174
0.287789646883
0.287802687474
0.287826966796
0.287813094886
0.287836471786
0.287863026808
0.287885774721
0.28791716597
0.287942637492
0.2879206324
0.287912194114
0.28790908516
0.287914290782
0.287927442738
0.287927481821
0.287954703385
0.287955967251
0.287979500739
0.287989770393
0.287994775922
0.287975382685
0.287979043623
0.287990176521
0.288026963232
0.288042997577
0.288059698286
0.288074217023
0.288099277822
0.28809096576
0.288082174801
0.288089468145
0.288118117524
0.288098329302
0.288118388229
0.288101153227
0.288095092436
0.288097945519
0.288112243201
0.288134137909
0.28815057092
0.28814388567
0.288179722082
0.288187585451
0.288203445163
0.288196454442
0.288217544186
0.288227810253
0.288264529802
0.288253121135
0.288274764676
0.288267095489
0.28828033021
0.288300010831
0.288303154556
0.288308312673
0.288309313527
0.288289383456
0.288312852002
0.288321009711
0.288308556343
0.288327611443
0.288326470501
0.288313341932
0.288306937831
0.288309936547
0.288307409945
0.288305260589
0.288316709351
0.288324006442
0.288325812428
0.288331700356
0.288348358957
0.288367475766
0.288378469655
0.288402419874
0.288402070144
0.2884182213
0.288422274996
0.28841400309
0.288416842478
0.288437205692
0.288455112148
0.28846611894
0.288478431197
0.288483037921
0.288482569813
0.288504910071
0.288511373403
0.288509158398
0.288503985901
0.288525530438
0.288523129846
0.288533616798
0.288553890269
0.288548291893
0.28856515926
0.288593640185
0.28861470236
0.288615508989
0.288619212267
0.288637753893
0.288649231598
0.288660734729
0.288673044326
0.288654769871
0.288667576024
0.288692994514
0.288713107885
0.288709410988
0.288713289075
0.288719214021
0.288721739122
0.288725606141
0.288724703063
0.288746117432
0.288768783372
0.288760611381
0.288763675794
0.288764852268
0.288760644803
0.288783582464
0.288805170692
0.288819602077
0.288835037433
0.288833981937
0.288826337058
0.288854359562
0.288872083235
0.288891348146
0.288887039756
0.288900147316
0.288900620529
0.28892607293
0.28891918249
0.288913887835
0.288904880312
0.288907754923
0.288917247564
0.28891503619
0.28892063996
0.288948461834
0.288941928238
0.288947887783
0.28893414898
0.288935424015
0.288947114462
0.288952110708
0.288977760651
0.288997266829
0.289011924957
0.289017469499
0.289026657393
0.289058790869
0.289036279771
0.289039717612
0.289072611456
0.289089051445
0.289110787007
0.289127743198
0.289132986144
0.289138032979
0.289142700901
0.289168728738
0.289182350954
0.289179365374
0.289204784501
0.289201730531
0.289214286519
0.289237961264
0.289230911262
0.289257215485
0.289260745227
0.28926296596
0.289280870646
0.289277450049
0.289283811104
0.28932565838
0.289351232811
0.289353749388
0.289354645629
0.289358201192
0.289372371454
0.289371808622
0.28940331792
0.289395724472
0.289413264904
0.289423377038
0.289424552778
0.289436840195
0.289443737493
0.289449117682
0.289472659095
0.289462627676
0.289485685497
0.289481025072
0.28949222264
0.289507461203
0.289522032019
0.289537074948
0.289548833808
0.289561877084
0.289564188383
0.289578445993
0.289571830332
0.289593930492
0.289609265562
0.289618680649
0.289617423516
0.289620303092
0.28960979173
0.289626526419
0.289627475685
0.289659337049
0.289646998128
0.289655550231
0.289656955938
0.289643084055
0.289646109176
0.289626964372
0.289623040478
0.289642012795
0.289640261712
0.289641618539
0.289648675962
0.289665545184
0.289661595082
0.289663467721
0.289673184819
0.289670571131
0.289663554494
0.289652276614
0.289672664508
0.289688486851
0.289670523648
0.289691313332
0.28971756194
0.289727329518
0.289733278751
0.2897543811
0.289758387818
0.289741205656
0.289783998939
0.28978022039
0.289788733287
0.28979913376
0.289807473645
0.289807163898
0.289811888633
0.289826007808
0.289829282225
0.289824045235
0.28981459026
0.289807923705
0.289823746329
0.289828219602
0.289832789988
0.289851874622
0.289847181615
0.289852044178
0.289856537868
0.289877064844
0.289893634889
0.289886776096
0.289910454736
0.289925433119
0.289938889298
0.289955987596
0.289955232928
0.289968237716
0.289975740724
0.289977233745
0.289979932894
0.289975502342
0.289961784942
0.289975804207
0.289977159729
0.289991801164
0.290000897225
0.290006604799
0.289991063627
0.289986624179
0.289991272245
0.290022411195
0.290029525194
0.290038599443
0.290042971204
0.29004999621
0.290050641852
0.29006241975
0.290062651227
0.290078559009
0.290078963896
0.290116107117
0.290125643446
0.290136680988
0.290146093341
0.29016614826
0.290164881161
0.29021132197
0.290228299738
0.290241737181
0.290259013125
0.290263813086
0.290264717408
0.290286042243
0.290269691927
0.290272599004
0.290290090055
0.290293858016
0.290312818901
0.290318005493
0.290315993563
0.290317101195
0.290314055457
0.290316229958
0.290314012238
0.290314969005
0.290325807863
0.290351629508
0.290365213222
0.290354463201
0.290380453185
0.290393113665
0.290386505392
0.290410904081
0.290416882043
0.290423532981
0.290433046983
0.290423308465
0.290428184881
0.290444072362
0.290446140365
0.290464312418
0.290472063935
0.290489539526
0.290495368744
0.290504401882
0.290528073094
0.290536865836
0.290540054315
0.290531957163
0.290511142911
0.290508606489
0.290519586857
0.290518706872
0.290512655885
0.290523750882
0.290536966769
0.290552440788
0.29056332257
0.29056874378
0.290590855547
0.290585922613
0.290594292374
0.290601367125
0.290602041166
0.290604209447
0.290599619024
0.290598964533
0.290605558439
0.290609385392
0.290633208811
0.290635603656
0.290631306945
0.290632537522
0.29062921975
0.290635989156
0.290638030859
0.290625105702
0.290626564629
0.290640647784
0.290639777378
0.290616168526
0.290604452673
0.29062015849
0.290620732978
0.290607745135
0.290617566594
0.290635885031
0.290637609733
0.290643804578
0.290650592027
0.290641308116
0.290633881173
0.290644661313
0.290649225998
0.290659188476
0.290663260119
0.290669913328
0.290670076614
0.290671283324
0.290672841324
0.290680842371
0.290667897967
0.290648420773
0.290657786515
0.290672134339
0.290661984074
0.290674002855
0.290682196681
0.29067053555
0.290696797907
0.290705033137
0.290705226345
0.290706574988
0.290725685317
0.290728575421
0.290752009903
0.290763115313
0.290775490169
0.290767109474
0.290782230194
0.290782920588
0.29079023816
0.290805048308
0.290810619629
0.290808197357
0.29081306165
0.290820365402
0.290814122531
0.290815287022
0.290822381642
0.290837352653
0.290836974193
0.290856268952
0.29088396655
0.29089706223
0.290886859627
0.29090078211
0.290920703721
0.290920636022
0.290933363733
0.290961112072
0.290962355644
0.290966145744
0.290974099876
0.29099021397
0.291004906471
0.291018406874
0.291028537193
0.291036595038
0.291052717207
0.291065926257
0.291074695774
0.291084970264
0.29112017881
0.291129279279
0.291109951313
0.291126428655
0.291115054604
0.291115885288
0.291125001746
0.291129990458
0.29111387299
0.291116477221
0.29111798808
0.291131312828
0.29115156039
0.29115907082
0.291159539017
0.291180716209
0.29118626897
0.291192782513
0.29119383213
0.291199751635
0.29122336652
0.29122901708
0.291214645924
0.291212925323
0.291204117789
0.291215889579
0.291204115972
0.291199652026
0.291207557069
0.291220451789
0.291221454527
0.291208222259
0.291197379718
0.291195623598
0.29121679751
0.291199766025
0.291204644478
0.291217902479
0.291234760348
0.291228888188
0.29123195627
0.291244725601
0.291242616151
0.291255087054
0.291251564439
0.291247657736
0.291249161043
0.291246948862
0.291239296233
0.291239498375
0.291228799932
0.291234987854
0.291227893812
0.291245144987
0.291243656714
0.291246338055
0.291233789752
0.291255993502
0.291258898356
0.291258378021
0.291251229822
0.291286089433
0.291299313455
0.291311580184
0.291302024571
0.291312635242
0.291315869866
0.291344290716
0.291361906451
0.291362492933
0.291348877506
0.291361372826
0.29137354004
0.291370501554
0.291396522407
0.291401520591
0.291433905175
0.291454425113
0.291460438365
0.291465428194
0.291454077669
0.291457108006
0.29147445979
0.291503319247
0.291520419849
0.291516504862
0.291518165564
0.291535159042
0.29152525648
0.291541305542
0.291547851051
0.291537283418
0.291529580397
0.291537772811
0.29154308824
0.291552460053
0.291557828176
0.291554792196
0.291548357599
0.29155975126
0.291564974152
0.291563364853
0.291561458148
0.291573417137
0.291587793958
0.291572221511
0.291564025804
0.29157149272
0.291568448716
0.291589991702
0.291598187299
0.291591662782
0.291625222304
0.291643380011
0.291651600644
0.291650631364
0.291673703506
0.291678758696
0.291708795107
0.291716973205
0.291724027968
0.291727269571
0.291736555436
0.291728309714
0.291731640184
0.291730232302
0.291730666316
0.291748754975
0.291759243411
0.291745061965
0.29176013519
0.29176605678
0.291760731061
0.291764831902
0.291755662101
0.291755880444
0.291765873
0.291780501821
0.291771301623
0.291756487309
0.291743813037
0.291780745303
0.291784433976
0.291802992585
0.291815166976
0.291813425281
0.291823325235
0.291811733397
0.291823464599
0.291818711545
0.291836047892
0.29183998165
0.291830815509
0.291834218281
0.291863274833
0.29185863837
0.291877172053
0.291880225305
0.291897175608
0.2918958212
0.2919010692
0.291918578283
0.291932124189
0.291957478159
0.291958267771
0.291959076981
0.291960716129
0.291977770019
0.291974313388
0.291965829565
0.291961635991
0.291957253498
0.291957100044
0.291943479775
0.291948598514
0.29194652505
0.291952545892
0.291962350797
0.291951523838
0.291966702561
0.291970925037
0.291971495877
0.291976655948
0.29198282275
0.291993711241
0.291997991347
0.292003292784
0.292007956883
