0.032951316355
0.0164756581775
0.0112663733414
0.00895669368491
0.00716535494793
0.00788917511795
0.0067621501011
0.00709773439019
0.00630909723572
0.00567818751215
0.00516198864741
0.00740185446954
0.00683248104881
0.00729806527837
0.00681152759315
0.00723128183282
0.00697670915805
0.00791037467847
0.00749403916908
0.00715213792652
0.00681155993002
0.00654464332627
0.00626009361643
0.00648251563783
0.00625543155175
0.00622150551508
0.00599107938489
0.00854061561221
0.00830021371409
0.00900047051958
0.00898477550775
0.00914898796484
0.00926117668277
0.00968615928681
0.00961326901997
0.00936642503805
0.00963682296799
0.0112209520901
0.0119816480204
0.0118952507958
0.0116051227276
0.0113562705243
0.0135653474857
0.0132570441338
0.012962443153
0.0126806509106
0.012525176521
0.0122642353434
0.0120139448262
0.0118867891844
0.0117488021911
0.011584733416
0.0117924470138
0.0115740683654
0.0113636307587
0.0111607087809
0.0111485453895
0.0109563290897
0.0114438732042
0.0112531419841
0.011171405498
0.0109912215383
0.0110546787425
0.0108819493872
0.0109790564488
0.0108390474187
0.0116179413523
0.0118373989437
0.0120572630716
0.0119111587188
0.01174339592
0.0123880423296
0.0122183431196
0.0120532303748
0.0123466028048
0.0122223520622
0.0120636202172
0.0119223030413
0.0118121121912
0.0117766418287
0.0116312511889
0.0114894066622
0.0115296439972
0.0125703614423
0.0124224748371
0.0122780274553
0.0124725202711
0.0123307870862
0.0127993850826
0.0126571696928
0.0133683886385
0.0132230800664
0.0130808964097
0.0130530932083
0.0131644757492
0.0130273457935
0.0129325740056
0.0128006089647
0.0128715681094
0.0132061436584
0.0131790273397
0.0131524427136
0.013024749095
0.0129080921317
0.01282903392
0.0127080052981
0.0133004626873
0.013177310255
0.01352737354
0.0134558170782
0.0134668563301
0.013626328503
0.0135057415251
0.0133872701082
0.0133717131692
0.0132564397798
0.0131431368757
0.0130937015857
0.0129836704799
0.0128754732259
0.0127896381419
0.0127052101905
0.0126019157987
0.0125002874455
0.0125552543335
0.0127660283489
0.0126655084406
0.0125665591559
0.0125353633578
0.0125603061126
0.0124644259132
0.0123699984442
0.0125465292246
0.0125538506142
0.0129781460142
0.0128827184699
0.0128121674292
0.0129309118857
0.0128829716299
0.012790950404
0.0129544797787
0.0128632510479
0.0128678968128
0.0130588074688
0.0129687467277
0.0128851603995
0.0128093325087
0.0127555495359
0.0127243006872
0.0126578611429
0.0125740342479
0.0124913103384
0.0124653099086
0.012393561058
0.0123412089123
0.0123113538389
0.0124639230268
0.012385037438
0.0123071441208
0.01223022447
0.0121814443858
0.0121779191979
0.0121708050373
0.0121714597197
0.0126046686309
0.0125287368921
0.012534718081
0.0124601066638
0.012393202661
0.0123250391953
0.0122717771292
0.0122122182779
0.0121416274208
0.012097001004
0.0120373126408
0.0121348216737
0.0120662633592
0.0119984753628
0.0119314447742
0.0118726322341
0.0119526287933
0.0119880681462
0.0120905141496
0.0120248048336
0.0119598058886
0.0121203017361
0.0121489763871
0.0120843541722
0.0120204157904
0.0119571504441
0.0118945475622
0.0118325967936
0.0119604521216
0.0120302286594
0.0120528117729
0.0119913178353
0.0119304482016
0.01198612467
0.0120984357376
0.0125129435589
0.0124760865605
0.012427979048
0.0123667574763
0.0123115070166
0.0123051987434
0.0122454647689
0.0125528209592
0.012529463635
0.0124774161412
0.0124286984873
0.0123905370296
0.0127077197765
0.0130113365557
0.0129505359176
0.0128949001062
0.0129898085319
0.0129299476631
0.0128706359765
0.0128118659493
0.0127793400255
0.0128347928262
0.0127769784441
0.0127196825767
0.0127260006315
0.0130272513062
0.0129696086013
0.0129124737616
0.0128637758263
0.0128076021328
0.0128279276081
0.012772395454
0.0131817060834
0.0131678104594
0.013134500819
0.0130786093261
0.0130557952931
0.0130471983131
0.013208068103
0.0131882146919
0.0131332637973
0.0130787689268
0.0130373540329
0.0131019237438
0.0130778619746
0.0130244829462
0.0129811515385
0.0129285962691
0.0128764648325
0.0128313848028
0.0127800592636
0.0127724661838
0.0128161575423
0.0127819347827
0.0127371869564
0.0127479040391
0.012698107539
0.0126915713658
0.0128025646461
0.0127531338946
0.012706739308
0.0126961541984
0.0128762211439
0.012913169178
0.0128905597645
0.0128419161427
0.0128273769211
0.0127793343109
0.0127316502277
0.0127460617079
0.0126988540719
0.0126689947576
0.0127927452292
0.0127533691331
0.0127068239903
0.0126811852221
0.0126390102049
0.0125933820092
0.0125913797378
0.0125462493444
0.012535835945
0.0124912244292
0.0124469293071
0.012523287022
0.012479190941
0.0124354043061
0.0123919238715
0.0123742160275
0.0123312499996
0.012302248821
0.0122598272734
0.0122176972827
0.0121789121034
0.0121373458505
0.0120985347614
0.0120575227792
0.0120856753461
0.0121077296098
0.0120670996446
0.0121466364092
0.0121270383422
0.0121391675221
0.0120989716031
0.012256643954
0.0122507582682
0.0122311400979
0.0122536984601
0.0122197449093
0.0121926445487
0.0122584857631
0.0122189422607
0.0121796530573
0.0121406157077
0.0121097812424
0.0121964927016
0.0121577736772
0.0122565813367
0.0122179170423
0.0121794959195
0.0121690818316
0.0121803594555
0.0121424144104
0.0121426201262
0.0121075204152
0.0120915845004
0.0120568578203
0.0120198735939
0.0119831155707
0.0119465816817
0.0119582270915
0.0124754713085
0.0124377810629
0.0124478900615
0.0125738274056
0.0125458996148
0.0125794422683
0.012542003452
0.0125829826983
0.0125475065747
0.012514078138
0.0125429541258
0.0126656744155
0.0129403309878
0.0129026040753
0.0129591469544
0.0129215842096
0.0129177594637
0.0128992961923
0.0128622292492
0.0128253747242
0.0127887307964
0.0127522956659
0.0127160675532
0.0127041969908
0.0126936610761
0.0126579042844
0.0127630695482
0.0127588583787
0.0127458433304
0.0128858965272
0.0128501023702
0.0128145065187
0.0129430667509
0.0129555719706
0.0129731971806
0.0129635358854
0.0129867608595
0.0129513745901
0.0129715901009
0.0129807902747
0.0129822681265
0.01294727549
0.0129605692972
0.012928613027
0.0128940445429
0.0129039493266
0.0128696303124
0.012835493362
0.0128322522789
0.0128004129399
0.0127683676785
0.0127751190592
0.0130034564438
0.01297113205
0.0129373530603
0.0129037495458
0.0129459649678
0.0129125128619
0.0128792331896
0.0128539815994
0.0128355256536
0.0128514589071
0.0128186745732
0.0127983966545
0.0130197205208
0.012986759203
0.0129539643566
0.012943269051
0.0129107482745
0.0128783905094
0.0130613209203
0.0130287490477
0.0130127498456
0.0129958314591
0.0129791764712
0.0129511536553
0.0129267822536
0.0128950211179
0.012863415674
0.0129152316812
0.0129399087672
0.0130783365552
0.0131014317434
0.0131303251507
0.0130986093895
0.0131070665678
0.0130960538093
0.0130646484045
0.0132976756644
0.0132659389683
0.0133306796634
0.0132990153412
0.0132675010868
0.0132895484935
0.0132828924722
0.0132578043736
0.0132298404844
0.0132489715445
0.0132180160036
0.0131872047774
0.0131565368594
0.0131367003003
0.013224639349
0.0131940974567
0.0131866088121
0.0131562947689
0.0131467034579
0.0131256581626
0.0131470655152
0.0132187408614
0.013203691609
0.0134037194895
0.0133733943323
0.0133847469208
0.0133634972867
0.0133334669557
0.0133072742886
0.013346763584
0.013403789597
0.0133789408647
0.0133544653443
0.0133248545564
0.0132953747897
0.0132660251764
0.0134162115197
0.0134054297889
0.0134163884758
0.0133870309518
0.0133578016266
0.0133286996622
0.0133043641703
0.0132755043782
0.0132832924318
0.0132575081881
0.0134642583478
0.0134418757806
0.0134451958442
0.0136198313991
0.0137160347266
0.0137222016854
0.0139231205683
0.0141094476465
0.0140851065511
0.0140796686646
0.0140499647223
0.014027890677
0.0139999473892
0.0139705973947
0.0139815813372
0.0139876496637
0.0140080559947
0.0140326500493
0.014007964828
0.0140425977927
0.0140169964283
0.0139880954047
0.013960808965
0.0139321420061
0.0140650738103
0.0140363108782
0.0140076653458
0.0140301230721
0.0140218179961
0.0140160046446
0.014004890787
0.0141500437401
0.0141641786521
0.0141444853971
0.0141213447649
0.0141162884069
0.0141007802123
0.014074085812
0.0140460497845
0.0142275082755
0.0142084199255
0.0142639041153
0.0142391502741
0.0142302979235
0.014202285526
0.0141773115123
0.0141774335958
0.0141496891074
0.0141220529958
0.0141067414234
0.0140792964012
0.014194694251
0.0141707315846
0.0141433220457
0.0141723868727
0.0141450797689
0.0141312320848
0.0141078870512
0.0141351643111
0.0141241224499
0.0141049257078
0.0142206548385
0.014193619373
0.014189852837
0.0142893413838
0.014297116903
0.0143531649401
0.0143413877389
0.0144269747806
0.0144561730182
0.0144988450984
0.0145063917254
0.0144793275617
0.0144903356716
0.0144634019622
0.0147639348435
0.0148302549878
0.0148028423169
0.0147755307997
0.0147559769665
0.0147683076639
0.0147826659143
0.0148954559426
0.0148682247617
0.0148410929647
0.0149871019028
0.014968669813
0.014977645403
0.0149519710698
0.0149967621381
0.0149696921704
0.014942719752
0.0149158443568
0.0150328407836
0.0152206642089
0.0152136221049
0.0151864549225
0.0151593845929
0.015138436495
0.0152204608501
0.0152051539805
0.0151782422035
0.0151514255212
0.0151373438805
0.0151106936272
0.0150841370479
0.0150692474563
0.0150447753306
0.0150663352937
0.0150541767174
0.0150373791854
0.0151528804825
0.0151920861765
0.0153390669631
0.0153125287849
0.0154805365853
0.0154553077355
0.0154342439113
0.0155340290404
0.015514515782
0.0154879498303
0.0155244373147
0.0155248698816
0.0154984220623
0.0154838742085
0.0154575857973
0.0154954688325
0.0155121378785
0.0154869350323
0.0154665296673
0.0154404917385
0.0154385607732
0.0154144955096
0.0154260944203
0.0154020388786
0.015376325959
0.0154319779122
0.0154063007443
0.0155444025671
0.015684461601
0.0156942096724
0.0156781099135
0.015732869005
0.0160153112891
0.0160151340999
0.0160002394364
0.0160416573226
0.0160288267829
0.0160073802462
0.0159870823881
0.0159978421141
0.0159718293626
0.0159459010682
0.0159535240808
0.015927709317
0.015901977961
0.0158823551825
0.0158595791846
0.0158340814688
0.0158086656077
0.0158575765972
0.0158322044746
0.0158449049284
0.0158638747089
0.0158851088294
0.0160126295844
0.0160230754963
0.0159989587578
0.0159747365784
0.0159870714156
0.0159792342541
0.0159540701057
0.0159513743573
0.0159263329533
0.0159013700489
0.0158776826824
0.015880562975
0.0158557883058
0.0158612639446
0.0158365963491
0.0158120053609
0.0159274131046
0.0159038828763
0.0158793019136
0.015874628941
0.0158521378767
0.0158302907991
0.0158184155
0.0157941541265
0.0158947000237
0.015870396201
0.0159363685786
0.0159565858558
0.0160234307691
0.0159990790507
0.0159853388457
0.0159638912996
0.0159397401781
0.0159434604966
0.0159283932191
0.0159044046751
0.0158804882771
0.0158786034521
0.0158810080368
0.0158628514588
0.0158391401711
0.0158299946884
0.0158243327705
0.0158079175349
0.0158445303135
0.0158897596795
0.0159376535885
0.0159940121021
0.0159703872688
0.0159468321254
0.0159312599935
0.01590783167
0.0158844721521
0.0159114762449
0.0159380424036
0.015914741172
0.0158915079732
0.0158847052312
0.0159504145746
0.0159272308325
0.0159182096945
0.0158951398254
0.0160086392414
0.0159855053697
0.0160002416899
0.0159771865866
0.0160145985936
0.0160380738176
0.0160615717438
0.0161422823118
0.0161417610516
0.0161626095169
0.0161395530126
0.0162325887277
0.0162114654151
0.0161884377654
0.0161797441717
0.016156826687
0.0161369929483
0.0162234916782
0.0162074493099
0.0162514785309
0.0162297541075
0.016206959509
0.0162951309061
0.0162739239023
0.0162511631696
0.0162284660143
0.0162058321705
0.0161832613736
0.0162219670836
0.0162030760885
0.0161806030287
0.0162330343386
0.01631871964
0.016296179972
0.0163750944673
0.0163525392408
0.0163413929245
0.0164429157364
0.0166070668004
0.016587910703
0.0165703518839
0.0165512946417
0.0165367310492
0.0165142014429
0.0165201560762
0.0165062254516
0.0166414447867
0.0166188954036
0.016651471147
0.0167149496936
0.0167314652663
0.0167226934899
0.0167423503488
0.0169451537674
0.0169224085945
0.016931090309
0.0169084248601
0.0169369686841
0.0170140973884
0.0170159487132
0.0170122518097
0.017016634621
0.0170621934589
0.0170750723395
0.0170524563496
0.0170640807556
0.0172797711654
0.0174576072761
0.0174493434948
0.0174321425572
0.0174092356681
0.0173876217036
0.0173648332085
0.0173589253322
0.0174033374668
0.0173806177051
0.0174046958987
0.0173820335343
0.0174216094151
0.0173989839483
0.0173854240262
0.01746417802
0.0174501196653
0.0174469399569
0.0174244277763
0.0174019736168
0.0173795772544
0.017395204839
0.0175185440592
0.0174960843873
0.0175882088363
0.0177102616473
0.0176876431777
0.0176650824084
0.0177699676537
0.0179546667842
0.0180264406631
0.0180446650077
0.0180217947099
0.0181239131946
0.0181010005357
0.018078145737
0.0180553485797
0.0180582898064
0.0180366413962
0.0180881707417
0.0181046146813
0.0180843410689
0.018167192875
0.0181674871227
0.0181448061151
0.0181221816686
0.0181888838506
0.0181672125309
0.0182814585594
0.0184075422959
0.0183847324542
0.018479390135
0.0185200017768
0.0185296709221
0.0185131173043
0.018506144519
0.0185662635585
0.0185504034837
0.0185789453611
0.0186667775359
0.0186672571293
0.0186669335766
0.0186889416363
0.0186661502441
0.0186900852753
0.018669357115
0.0186478741008
0.0186252431856
0.0186074549023
0.0185849277171
0.0185624550113
0.0186435842927
0.0186666141793
0.0186441242827
0.018753330318
0.0188436867197
0.0188432228457
0.0188206290533
0.0187980893778
0.0187796545263
0.0188499587213
0.0189357622375
0.0189537841689
0.0189312201401
0.0189763435516
0.018963931931
0.0189574831333
0.0189451232706
0.0190214014094
0.0190509419123
0.019028449655
0.0190635192874
0.0190448546308
0.0191400959783
0.0191201796815
0.0191031454094
0.0190807501628
0.019058407364
0.0190361168291
0.0191259559097
0.0191073926308
0.0193114768836
0.0192889955368
0.0193521292077
0.0195441016262
0.0195348836686
0.0195122476504
0.0194896640305
0.0196805165619
0.019717068169
0.0196943264526
0.0197975859623
0.0197755985693
0.0198620633985
0.0198833815626
0.0198605795195
0.0198673953276
0.0198501586516
0.019827472756
0.0198048386546
0.0197836404712
0.0197630957589
0.019740612146
0.0197269233794
0.0197837983013
0.0199169819628
0.0199468937873
0.0199787177195
0.0199580090412
0.0199354830716
0.0199318877705
0.0199494719906
0.0200186521402
0.0201523587085
0.0201330711594
0.0202116775819
0.0202161942828
0.0203685963636
0.0204061249627
0.0204391456164
0.0204468472175
0.0204240778999
0.0204094902411
0.0204382898331
0.0204156058266
0.0204443347813
0.020421694322
0.0204024848865
0.0204049059574
0.0204594631579
0.0206050602611
0.0206186549956
0.0206589570635
0.0207046031399
0.0206835119317
0.0206647035947
0.0207721266262
0.0207494000106
0.0208064379483
0.0208369631229
0.0208429773501
0.0208925406026
0.0208698066084
0.020847122036
0.020830628052
0.0208080351799
0.0207907452745
0.0207694926608
0.0207559280333
0.0207335134242
0.0207111471745
0.020688829128
0.020690879424
0.0206735771015
0.0207617455139
0.0207394689629
0.0207206884237
0.0206985035325
0.020721084848
0.0208011800556
0.0207808356376
0.0208258719973
0.0209355990215
0.0209803749172
0.0210163733307
0.0211226811587
0.0212206286178
0.0212290801791
0.021206615544
0.0211895944777
0.021167218982
0.0212645915962
0.0212991241749
0.0213125526364
0.0212916309059
0.0213121141979
0.0212919613568
0.0212770926193
0.0213305439963
0.0213173590753
0.0213031241103
0.0213021716661
0.0212799587655
0.0212577921418
0.0212958052849
0.0213378708394
0.0214028782976
0.0214261946355
0.0214076854112
0.0215302745981
0.0215111289043
0.0214970000521
0.0214812830411
0.0214591373884
0.0215209205889
0.0214987797241
0.0214965930526
0.0214745226286
0.0214828804375
0.0214608692895
0.0214888187559
0.0214675173198
0.021595581523
0.021653763456
0.0216349731752
0.0216129416343
0.021734229584
0.0217339486504
0.0217281922397
0.0218164275798
0.0218254643165
0.0218344827603
0.0218133552698
0.0218431743133
0.0218211327651
0.0218001324664
0.021778839296
0.0217569289949
0.021812829663
0.0217931849634
0.0218139338259
0.021795469517
0.0217743798435
0.0217595497477
0.0218141395108
0.0219092764194
0.0219326737777
0.0219178314321
0.0220563025506
0.022088091523
0.0221145854718
0.0220977105724
0.0222863662
0.0224851802666
0.0224629397322
0.0226072542079
0.0225849370764
0.0226038987099
0.0226096979759
0.0225919787652
0.0225697644301
0.0226319780821
0.0226295650826
0.0226959496167
0.0226792603054
0.022665850543
0.022646006072
0.022634650901
0.0226125683148
0.0226186841112
0.0226145788599
0.022602253419
0.022634486502
0.0226256448602
0.0226335110502
0.0226115793534
0.0225993164748
0.0226121300877
0.022590282619
0.0225742242917
0.0226243355668
0.0226035422574
0.0225908793914
0.0225846720812
0.0225636751683
0.0225420209695
0.0225995234784
0.0226104972707
0.0226237100357
0.0226138986846
0.0225922999275
0.0225791147581
0.0226463856133
0.0227152938175
0.0226969030085
0.0227615347169
0.0227399188244
0.0227360251568
0.0227260466068
0.0227563501139
0.0228007893254
0.0227792384848
0.0227577283446
0.0227362587896
0.0227923566027
0.0229043703407
0.0228912660255
0.0229725280536
0.0229509576047
0.0230430936088
0.0230237139116
0.023155488701
0.0231493641451
0.0231345331293
0.0231129322581
0.0231793398219
0.0231600575183
0.0231466629046
0.023126923006
0.0231072197988
0.0231435535321
0.0231988516863
0.0231962491199
0.0231812584022
0.0231631118109
0.0231426661258
0.0231224180793
0.02318018107
0.0231588168478
0.0231872488845
0.0231659174688
0.0231615346159
0.0231952464243
0.0231739663817
0.0231640553554
0.0231428428505
0.0231686354997
0.023149408569
0.0231776155098
0.0232254188023
0.0232747831368
0.0232851250982
0.0233530590131
0.0233318289594
0.0234906639306
0.0234995126006
0.0235243046915
0.0235408696633
0.0235460952782
0.0236377111335
0.0237491661173
0.0238084105965
0.0238471562631
0.0238256723386
0.0238060521607
0.0239117340553
0.0239735695995
0.0239520493396
0.0239496469903
0.0239281867331
0.0239079691869
0.0238964399756
0.0238764168054
0.023877450727
0.0238561505926
0.0238583750657
0.0238371298519
0.023931905754
0.023996526067
0.0240277895755
0.0240318690862
0.0240135620947
0.0240225673652
0.024001308456
0.0239972145922
0.0239839436281
0.0239639623782
0.0239904809377
0.0239913140106
0.0239708347603
0.023950997603
0.0239299510322
0.0239734797749
0.0239808305422
0.0239598131623
0.0239418350621
0.0239208885747
0.0239642349912
0.0240349596992
0.0241147921933
0.0241684047758
0.0241482588488
0.0242101235322
0.0242360590846
0.0242150025606
0.0242003278819
0.0241816115963
0.0242609844818
0.024241640316
0.0242940712825
0.0243304135226
0.0243310214635
0.0243246943899
0.024365003527
0.0244224457406
0.0244019376573
0.0244055462391
0.0244553610788
0.0244807521927
0.0246094918267
0.0246097989701
0.0245999074115
0.0246237387599
0.0247135904078
0.0247074063189
0.0246870121271
0.0246980057907
0.0247397040956
0.0247186490283
0.024758954864
0.0247384765797
0.0247236626023
0.0247142120514
0.0247921942102
0.0247972268034
0.0248264534536
0.0248054674405
0.0248350097447
0.0249037289064
0.0249193007504
0.0249602357868
0.0249439854756
0.0249847058323
0.0250350952648
0.0250874848123
0.0250664382647
0.0250454270004
0.0251496209329
0.0252513467693
0.0252491033768
0.02522925493
0.0252081954517
0.0252664037958
0.0252453484593
0.0252693206994
0.0254328413885
0.0254906513461
0.0256251502102
0.0256440196326
0.0256452094133
0.025737472261
0.0257802211199
0.0258304900121
0.0258107344601
0.0259471167582
0.0260433686989
0.0260218984857
0.0261281076418
0.0262376702603
0.0262304702531
0.026296991539
0.0263494981141
0.026394700023
0.0263797039337
0.026380373857
0.0264871706755
0.0267233223397
0.0267119889193
0.026738987956
0.0267675290353
0.0269219219825
0.0269513218351
0.0269600964799
0.0270349502625
0.0270624444708
0.0270448396901
0.0270462468256
0.0270243292836
0.0270889167961
0.0272181745018
0.0271968564979
0.0272323832028
0.027217647206
0.02721588653
0.0274510813488
0.0274841227504
0.0276001456806
0.0276602842313
0.0276681416064
0.0276509659039
0.0277141078699
0.0277412750219
0.027746223813
0.027789187334
0.0278662534531
0.0278878462224
0.0279087146682
0.0279584082069
0.0280004497528
0.0280516258714
0.0280806068164
0.0280582851894
0.0280974589849
0.0280940345639
0.0281470924271
0.0281419941171
0.0281574224377
0.0281968659061
0.0282059762349
0.0282672459432
0.0283082791509
0.028291156746
0.0283521220778
0.0283694243113
0.0284038168562
0.0284571187733
0.0284347643988
0.0284723242924
0.0285917479596
0.028645864633
0.0286234324759
0.0286898392252
0.028698223546
0.0287910527121
0.0287685772611
0.0287804681266
0.0288173508061
0.0288183777399
0.0288998374116
0.0289082523373
0.0289433599428
0.0289860328234
0.0290216319121
0.0290402965414
0.029249514043
0.0293096319446
0.0293560558947
0.0293390185815
0.0294320839219
0.0294463821413
0.029484066648
0.0295869486775
0.0296411542598
0.0297512669024
0.0297482609381
0.0297254128114
0.0297457944728
0.0297524853705
0.0297791689118
0.029757206044
0.0297344384801
0.0297489897488
0.0297892753033
0.0298625360853
0.029842929116
0.029820182981
0.0298247743056
0.0298808311918
0.0298915778349
0.0299061870871
0.0298857999782
0.0299654147375
0.0299426964549
0.0299301420953
0.0299832621288
0.0299988723083
0.0300248520938
0.030073926979
0.0300625536531
0.0301248527575
0.0302732031501
0.0302533526201
0.0302768208683
0.0302558733941
0.0302473152686
0.0302586737607
0.0302855599868
0.0302842870347
0.030407653277
0.0303949205528
0.0303782793189
0.0303785464396
0.0305053906378
0.0305128392826
0.0305525705648
0.030591254223
0.030568475925
0.0306422072565
0.0306966638763
0.0307894384422
0.0308322791479
0.030857266666
0.0308343924876
0.0308415002823
0.0308186716366
0.0308337901176
0.030905758389
0.0309400806456
0.030981021362
0.0309860024379
0.0309973090854
0.0310314628296
0.0310107653193
0.031055924524
0.0310803528448
0.0310575332025
0.0311023745369
0.0311209458215
0.0311699630261
0.0311677735652
0.0312283661078
0.0312093134458
0.0311915226316
0.0312575040692
0.0312828443653
0.031260884078
0.0313116940291
0.0312889053144
0.0313343786874
0.0313376974951
0.0313994650827
0.0314527579052
0.0315119867452
0.0314969453557
0.0315039873553
0.0315217584668
0.0315982922337
0.0317190522127
0.0318117342902
0.0318663554867
0.0319617751906
0.032023183806
0.0320615056132
0.032083781466
0.0322502356894
0.0323728441164
0.0324907174721
0.032546734004
0.0325353086308
0.0325916643569
0.0327284329322
0.0328149659912
0.0328606529917
0.0330039915756
0.0330426953736
0.0330191271172
0.0330428783047
0.0330267982715
0.0330032916535
0.0330956799596
0.0331541078601
0.0332970834779
0.0333016016068
0.0333309964664
0.0333073742152
0.0333102091371
0.0333504831142
0.0333603795372
0.0333504601851
0.0333988894307
0.033442626496
0.0334450044264
0.0334680512179
0.0334942578954
0.0334972424854
0.0334961542126
0.0335051724619
0.033577610132
0.0336163469081
0.0336326022878
0.0336124353519
0.0335888972319
0.0335790770948
0.0335866073176
0.0336457534822
0.0336585531896
0.0336961089518
0.0337003107111
0.0337035773887
0.0337150573677
0.0337457404996
0.0337800621762
0.0338178391702
0.0339146198892
0.033891084414
0.0339212418407
0.0339655816221
0.0341154325019
0.0342452232897
0.0342980157283
0.0342852167689
0.0342626226693
0.0343099142937
0.0342951151912
0.0342714796879
0.0343457962376
0.0343729493885
0.0343672034645
0.0343826173301
0.0343606271785
0.0344432866104
0.0345094435467
0.0345910809875
0.0346854556538
0.0347756785847
0.034759051852
0.0348062344915
0.0348034540627
0.034891039141
0.034902291105
0.034971844887
0.0349726750581
0.0349696931019
0.0351018474934
0.0351351922829
0.035236964194
0.0352925275489
0.0353875756233
0.0353662619513
0.0354399690041
0.0354514915394
0.035556423511
0.0356273137146
0.0357251108753
0.0358086124144
0.0357844500579
0.0358604616952
0.0359554167165
0.0360555263734
0.0360541809065
0.0361177876815
0.036197709766
0.0362860436292
0.0363199507338
0.0363923625769
0.0364227618159
0.0364189526564
0.0364180147489
0.0364004357195
0.0364205368075
0.0365074302652
0.0365931429125
0.0366789752573
0.0366634233499
0.0367355915771
0.0368029171193
0.036854020525
0.0368938415228
0.0368841438195
0.0369045183531
0.0369664384623
0.0370435661165
0.0370983640589
0.0371396151211
0.0371307753285
0.0371494073778
0.0372572785053
0.0372385976629
0.0373576083407
0.0374531869079
0.0374973878922
0.0375423747836
0.0375438600547
0.03763285395
0.0376356016026
0.0376701708526
0.0376933468476
0.0377846953897
0.0378943227872
0.0379129648058
0.0379303783221
0.0380043033334
0.0380831636846
0.0381571998847
0.0382257113971
0.0382562903004
0.0383236927257
0.0383367788484
0.0384318750268
0.0385827137269
0.0386496586601
0.038747069302
0.0387498526525
0.0387874891864
0.0388686420929
0.0388953066695
0.0389288625696
0.0389808425714
0.039182293151
0.0391569488475
0.0391924098381
0.0392290983483
0.0392646271802
0.0394276045748
0.0394628647971
0.0395708203123
0.0396120825305
0.039725186317
0.0397252802368
0.0398582290451
0.0398381272339
0.0398682462551
0.0399339915747
0.039969290298
0.0399958638629
0.0400257192156
0.0400779011562
0.0400740509397
0.04020663839
0.0403226326565
0.0403952054669
0.0404244673027
0.0404484957815
0.0405477399959
0.040627626347
0.0406373360017
0.0406409939241
0.0407108973948
0.0407539042658
0.0408360921484
0.0408412976626
0.0409498101193
0.041006531479
0.0410416132375
0.0411610236291
0.0412247503998
0.0412426870755
0.0412493902591
0.041365352788
0.0414598457623
0.0415415451558
0.0416054003561
0.0415995777974
0.0416285407947
0.0416182852754
0.0416679798012
0.0416594997884
0.0417579441587
0.0418237556852
0.0418019966953
0.0419345190363
0.0419711847174
0.0420250493129
0.0421315581206
0.0422576416716
0.0422961646646
0.0423209549225
0.0423775377935
0.0423753783102
0.0423972474341
0.0425194664763
0.0425139439432
0.0425270652383
0.0425555420635
0.0426852137935
0.0428101284323
0.0427947182634
0.0428675825516
0.0429397028645
0.0429647895111
0.0430807354532
0.0430545363221
0.0430904419569
0.0431394180057
0.0431858196488
0.0431598701076
0.0432119602693
0.0432734584058
0.0433491337598
0.0433450818441
0.0434078123202
0.0434178754504
0.0434772178004
0.0435027955609
0.0435552375688
0.0435976184039
0.0436404100995
0.0436392911419
0.0437233387677
0.0437249250531
0.0437262292707
0.0437925872924
0.0438491006673
0.0439023045031
0.0439377454669
0.043993131264
0.0440117872187
0.0440844218656
0.0440743334105
0.0440748975392
0.0442250344752
0.0442765683035
0.0443290473268
0.044452949461
0.0445098105662
0.044616092956
0.0447639791025
0.0448755891418
0.0449268622855
0.0450423133797
0.0450770907504
0.0451760772337
0.045212046803
0.0452543417013
0.0453482592063
0.0454358970023
0.0455451157191
0.0456090139314
0.0457753306248
0.0458351846164
0.0458798051592
0.0459956532215
0.0459846850204
0.0460465076727
0.0460466768022
0.046116694097
0.0462217456115
0.046279529441
0.0462957483937
0.0464555972178
0.0465700531869
0.0466087570525
0.046580997221
0.0466230222889
0.0467255318601
0.0468242654733
0.0469061342826
0.0470953320106
0.0471630890074
0.0471576598426
0.0471891635297
0.047221217045
0.0472842234273
0.0473224376113
0.0474244259574
0.0474390220538
0.0474482281489
0.0476615556674
0.0477030467598
0.0476824743583
0.0477194901237
0.0477356545917
0.0478556229434
0.0479009899812
0.0479658008442
0.0480360970965
0.0480450336602
0.0481422515872
0.0482006975793
0.0483295872023
0.0483500731475
0.0484301345813
0.0485525750687
0.0486495449947
0.0486317166711
0.0487224358251
0.0488399779083
0.0489611814332
0.0490656096238
0.0491446743978
0.0492072751799
0.0492636306352
0.0492791650624
0.0493384661432
0.0493595008907
0.0493839616121
0.0493740709771
0.0494822887382
0.0495346765315
0.0495808976486
0.0496760518618
0.0496933049325
0.0497589048682
0.0497698943699
0.0498514342453
0.0499891918026
0.0500595950544
0.0500577749187
0.0501448452104
0.0502382497909
0.0502615861709
0.0503749966864
0.0505687452553
0.0506293268126
0.0506785476891
0.0507791982577
0.0508810668916
0.0509464608938
0.0509963153709
0.0510200842102
0.0511381750529
0.051208969467
0.0513355821091
0.0513651934993
0.0514989704959
0.0514984093626
0.0515031773655
0.0515988692864
0.0516880968954
0.0517098052078
0.0518049790149
0.051850978023
0.0519163378456
0.0519643206874
0.0520926241483
0.0522351417145
0.0522292295715
0.0522240123582
0.052312223514
0.0524107124798
0.052470669975
0.0526238478922
0.0526975086468
0.0527921145175
0.0528997712846
0.0529851521743
0.053087550587
0.0531941526234
0.0532793420286
0.0532866971531
0.0533090398657
0.0533286304825
0.0533638922832
0.0534381441249
0.0535413580382
0.0535744546479
0.0536082345273
0.0536755711181
0.0537393821375
0.0538276575568
0.0539490297378
0.0539734066764
0.0540176156743
0.0540918337273
0.0541786164166
0.0542818421763
0.0543942971832
0.0545526472693
0.0547672344639
0.0548614999983
0.0548750802264
0.0549205406133
0.0550343060685
0.0550471030259
0.0550451478699
0.0550943510393
0.0551487224712
0.0553090241939
0.055330215325
0.0554066037013
0.0554265437331
0.0554463658443
0.0554910115021
0.0555453008023
0.0556508844914
0.0557245033156
0.0557592769117
0.0558813056281
0.055877819824
0.0559695886941
0.0560652642145
0.0561114295822
0.0561297480099
0.0561683668047
0.0561629894712
0.0561719836322
0.0563029283198
0.0564804474708
0.0566316627041
0.056793329583
0.0568358911083
0.0568777326718
0.056901592585
0.0571001934194
0.0571602897004
0.0572427516716
0.057284171926
0.057413279697
0.0575251884713
0.0575775363099
0.0576272401572
0.0577091991917
0.0577943389405
0.0578095971606
0.0579235660135
0.0579662705909
0.0580546920855
0.0581022632205
0.0582703892636
0.0583327304191
0.0584500428773
0.0585201517443
0.0585810161326
0.0586016757244
0.0587393492963
0.0587686435408
0.058827930593
0.0588210906708
0.05889969888
0.0589304089454
0.0589402143173
0.0590873908984
0.0591599133041
0.0592778790661
0.0593335669999
0.0594484236205
0.0594985580224
0.0595526031987
0.0595724970442
0.0596106883068
0.059652177873
0.059793533855
0.059795387672
0.0598296958878
0.059901012625
0.0599572100387
0.060005832585
0.060001132708
0.0600814763735
0.0600957004784
0.060185571062
0.0603071884016
0.0603229574152
0.0603703361978
0.0604721143996
0.0605045797061
0.0605426791208
0.0606504767569
0.0607156345938
0.0607122431228
0.0608023619262
0.0608807824992
0.0609978543795
0.0611214297855
0.0612257403525
0.0612409112825
0.0612972166325
0.0613204213755
0.0613734105795
0.0614577530715
0.0615735856191
0.0616531248652
0.0617046077864
0.0616991933877
0.0617407457241
0.0618391820743
0.0619275936913
0.0620037534735
0.0620163764663
0.062100430229
0.0621653594888
0.0622396545811
0.0622986945853
0.0623483912173
0.0624401434728
0.0625260429107
0.0625785995693
0.0626929202095
0.0627658491416
0.062853429059
0.0628993605357
0.062946510784
0.0630766878728
0.0631004007664
0.0631477499899
0.063218457323
0.0633707661648
0.0635195279445
0.0635720057218
0.0636462423502
0.0636929038191
0.0637581278099
0.0639155781325
0.0639775856145
0.0640328063948
0.06412042205
0.0641571851159
0.0642349723541
0.0643249250213
0.0643914647737
0.064489013203
0.0645558628627
0.0646353899195
0.0647833413273
0.0648400540936
0.0648579316811
0.0649330471141
0.0649803747839
0.0650088902979
0.0650355853799
0.0651490150057
0.065232222986
0.0652755182374
0.0653347563682
0.0654320413123
0.0654912209687
0.065500501841
0.0655958247456
0.0656984558196
0.0657938071748
0.0657776882783
0.0658658592574
0.0659297958547
0.0660322051481
0.0660818259038
0.0661289419801
0.0661985797942
0.0663419258211
0.0664183207123
0.0665354643802
0.066583319566
0.0667100096384
0.0668269517466
0.0668497300103
0.0669078194506
0.0669214152757
0.0670049452628
0.0670525902846
0.0672014838326
0.0673500480312
0.0674440882113
0.0674813352326
0.0676173878523
0.067649638942
0.0677230539219
0.067787989632
0.067832742818
0.067895624816
0.0680372713779
0.0682292966505
0.0683220294547
0.068404465557
0.0684866607363
0.0685569391795
0.0686453075412
0.0688426345046
0.0689804374928
0.0690349581888
0.0691537025029
0.0692588779576
0.0693330315213
0.0693814345899
0.0695200750896
0.0695747790831
