
row1col1
West 8.76495264949e-23
East 0.000443275962685
North 0.0
South 0.0

row1col2
West 1.21159001653e-23
East 5.28197884685e-07
North 0.000528064670194
South 0.0100320372666

row1col3
West 2.33040732543e-06
East 2.42303046194e-06
North 1.59175968268e-06
South 0.00110343383884

row1col4
West 0.0
East 0.00334326458275
North 0.00151067752574
South 0.0288357584886

row1col5
West 0.000535256694261
East 0.0128387172106
North 0.0432554034588
South 0.16485571199

row1col7
West 3.22165805496e-05
East 0.000864427799459
North 0.00263457313797
South 0.00966061247972

row1col8
West 0.000815791385221
East 0.0755094508503
North 2.79205873785e-14
South 6.10757458032e-06

row1col9
West 0.00503996795305
East 0.00290764017403
North 0.298727413946
South 0.399970595484

row1col10
West 0.0243236153646
East 1.23560119986e-07
North 0.00118565597267
South 0.0437737412797

row1col11
West 0.00578638270507
East 0.000228527703304
North 0.0
South 1.23367938004e-07

row1col13
West 0.0036894267586
East 0.0160005463046
North 0.0598194063877
South 0.408655380575

row1col14
West 0.00495951920751
East 0.210025072023
North 0.0803202880871
South 0.308335094182

row1col15
West 0.00998877904638
East 0.0362344281142
North 0.198747987442
South 0.659438373712

row1col16
West 0.0957452403011
East 0.0209816855195
North 0.0600212382802
South 0.489267201255

row1col18
West 0.0112299911022
East 0.00238250621355
North 0.284287038454
South 0.608011677026

row1col19
West 0.280975309171
East 0.0400767369482
North 0.00170925745045
South 0.0784123825041

row1col20
West 0.137206426741
East 0.00653133072939
North 0.0101821668658
South 0.0308451794539

row1col21
West 0.0299607104875
East 0.0110386902894
North 6.85950732542e-05
South 0.001444106792

row1col22
West 0.00551745722944
East 0.0159832376142
North 0.00216486328755
South 0.0455746690214

row2col1
West 2.7830758648e-05
East 0.00186820592399
North 3.63243701443e-07
South 7.20415544519e-05

row2col2
West 3.63816837243e-06
East 0.000592346423147
North 0.00115202006878
South 0.0407250036948

row2col3
West 0.00076936165111
East 0.0205188759855
North 0.0
South 0.00459076921848

row2col4
West 0.000996689372729
East 0.00886777108016
North 0.00253225306204
South 0.137982585474

row2col5
West 0.00357026395774
East 0.052628967113
North 0.0720959695261
South 0.304594363743

row2col7
West 0.000618425453874
East 0.00410157085333
North 0.00148524582532
South 0.0473941338832

row2col8
West 0.00236839009948
East 0.130647164056
North 2.90113322718e-07
South 1.3295975595e-05

row2col9
West 0.016566302811
East 0.0177224238517
North 0.239628884253
South 0.520981216909

row2col10
West 0.220435425713
East 0.0121803621665
North 0.00161274471448
South 0.0200434179042

row2col11
West 0.0613615632787
East 0.00773674423863
North 9.04940348655e-05
South 0.00223814074671

row2col13
West 0.715528787956
East 0.926065151609
North 0.0697998044152
South 0.460901446985

row2col14
West 0.60544530629
East 0.996632402433
North 0.0686349916371
South 0.584638848672

row2col15
West 0.0
East 0.0
North 0.0
South 0.0

row2col16
West 0.997394217198
East 0.748410624366
North 0.0802793965698
South 0.224268271056

row2col17
West 0.941076471807
East 0.711610287989
North 0.344814192829
South 0.323997272269

row2col18
West 0.878287559231
East 0.574557177864
North 0.0920335590458
South 0.0745682865106

row2col19
West 0.766538109537
East 0.377950071302
North 0.0483304390575
South 0.0044705958628

row2col20
West 0.616259383623
East 0.244223536972
North 0.00885843072625
South 0.0159176196243

row2col21
West 0.452787247066
East 0.144657646576
North 0.000298733700099
South 0.00124181542109

row2col22
West 0.3047788025
East 0.177920154944
North 0.000624349076845
South 0.00307236043986

row3col1
West 0.0181646989781
East 0.0476601402339
North 1.2483934151e-05
South 0.000186886867547

row3col2
West 0.017243094535
East 0.133912926386
North 0.000879086519341
South 0.000713950355967

row3col3
West 0.0368281081555
East 0.227685653643
North 0.000288308001083
South 0.0267025786743

row3col4
West 0.0762099972869
East 0.353900726064
North 0.0066229488356
South 0.0116096345535

row3col5
West 0.0386954191759
East 0.138527357406
North 0.16476501082
South 0.451106615778

row3col7
West 0.0742754369147
East 0.16104290511
North 0.00317015920084
South 0.00350601112465

row3col8
West 0.0246195154714
East 0.339162476032
North 4.99504839985e-05
South 0.00679754909449

row3col9
West 0.0112910027582
East 0.0243852864359
North 0.367226584784
South 0.588404009003

row3col10
West 0.280918035977
East 0.00967959259274
North 2.96554798579e-05
South 0.00324505108049

row3col11
West 0.0620331118741
East 0.00874283327579
North 1.83470266776e-07
South 0.00256422889072

row3col13
West 0.857371284947
East 0.9025
North 0.749740059864
South 0.792189653063

row3col14
West 0.857149542786
East 0.95
North 0.840759096866
South 0.870057563017

row3col15
West 0.841309461107
East 0.683905773643
North 1.0
South 0.94979715828

row3col16
West 0.900171183308
East 0.250754438025
North 0.209830460222
South 0.129386696847

row3col18
West 0.00242182656163
East 0.00673380699035
North 0.473693514341
South 0.0975874463357

row3col19
West 0.133341324425
East 0.0287259557856
North 0.0268477430904
South 0.000209433383644

row3col20
West 0.0279778856243
East 0.0146796291111
North 0.138958092365
South 0.01116604842

row3col21
West 0.0484501228707
East 0.0195276018515
North 0.0119278588743
South 0.00353864653341

row3col22
West 0.0220959815828
East 0.0151912107909
North 0.0826691865983
South 0.00138508320288

row4col5
West 0.104081859945
East 0.0883258191353
North 0.247897925911
South 0.503583074733

row4col9
West 0.278765286192
East 0.176389673574
North 0.412036405644
South 0.629189384633

row4col13
West 0.797967203851
East 0.787783274375
North 0.857375
South 0.773742288264

row5col1
West 7.16516701019e-10
East 8.53675329313e-06
North 0.0
South 0.0

row5col2
West 1.06923621359e-07
East 0.00112268800372
North 1.20283984324e-05
South 0.00013571588045

row5col3
West 2.70685380052e-06
East 5.1248607757e-07
North 0.0017031072878
South 0.0105136101142

row5col5
West 0.510677614201
East 0.540349962077
North 0.205770415099
South 0.261251279907

row5col6
West 0.512896833666
East 0.568800092276
North 0.465457050648
South 0.424460312838

row5col7
West 0.540116618966
East 0.598736939238
North 0.454319346472
South 0.376307773774

row5col8
West 0.568685168626
East 0.630249409725
North 0.520729799262
South 0.4517741254

row5col9
West 0.59857098134
East 0.663420431289
North 0.5138449692
South 0.348548915796

row5col10
West 0.630221810494
East 0.698337296094
North 0.620310588877
South 0.551837835929

row5col11
West 0.663246903508
East 0.735091890625
North 0.619185364666
South 0.565184238734

row5col12
West 0.697988917637
East 0.7737809375
North 0.692566985515
South 0.599388227883

row5col13
West 0.713663515576
East 0.7258493373
North 0.81450625
South 0.735033490141

row5col14
West 0.7737809375
East 0.696587700463
North 0.647904069853
South 0.330093209091

row5col15
West 0.735091890624
East 0.659825758085
North 0.547749951745
South 0.486109085434

row5col16
West 0.698337296075
East 0.620261832101
North 0.427716386091
South 0.386096183153

row5col17
West 0.663281427141
East 0.525666221098
North 0.306609024587
South 0.213947770816

row5col18
West 0.614000953243
East 0.52012430915
North 0.161500268668
South 0.151119514715

row5col20
West 0.00270848441663
East 0.000250656249957
North 0.0081456435601
South 0.110608115263

row5col21
West 0.00107243153599
East 1.35162505977e-11
North 0.00823969793693
South 0.0806171574884

row5col22
West 0.00173147822946
East 7.04736047384e-05
North 6.33954647737e-05
South 0.0046756349088

row6col1
West 1.51825258666e-07
East 3.72329007935e-05
North 0.0
South 7.40059640121e-08

row6col2
West 8.50392178896e-08
East 0.000198030097337
North 1.68463508151e-05
South 0.00152976619114

row6col3
West 7.37656461229e-05
East 0.00086214013352
North 0.001995359864
South 0.0432589664388

row6col5
West 0.229351374139
East 0.469858045692
North 0.0838501360603
South 0.0398390517964

row6col6
West 0.217556723645
East 0.219221942372
North 0.540360087628
South 0.484271270954

row6col7
West 0.0669196758454
East 0.096379510292
North 0.535241526606
South 0.208774779306

row6col8
West 0.0588921489329
East 0.0130811309515
North 0.579250514985
South 0.277986835524

row6col9
West 0.186357056989
East 0.235817625986
North 0.524001001667
South 0.0298037883548

row6col10
West 0.119427930461
East 0.322155414626
North 0.662160224451
South 0.387812423513

row6col11
West 0.0963052036565
East 0.262821513516
North 0.685342239692
South 0.490567132648

row6col12
West 0.233294537264
East 0.277105295144
North 0.722625069936
South 0.496208293059

row6col13
West 0.428363280731
East 0.247597064293
North 0.773773016697
South 0.723569508266

row6col14
West 0.278645478331
East 0.052444686337
North 0.645489903658
South 0.270934365962

row6col15
West 0.107096512919
East 0.161260715275
North 0.688244505873
South 0.442297947889

row6col16
West 0.547459972147
East 0.543519311624
North 0.663420395023
South 0.308707593129

row6col17
West 0.63024913754
East 0.219321327981
North 0.600837213783
South 0.550519137789

row6col18
West 0.581396434447
East 0.22028068937
North 0.107513080446
South 0.035363664334

row6col19
West 0.507644117261
East 0.185789768084
North 0.116873385768
South 0.0956946830165

row6col20
West 0.400207888522
East 0.151684457714
North 0.0119761751083
South 0.00308144720302

row6col21
West 0.28625636416
East 0.0837350928614
North 0.00760647351466
South 0.00487681159815

row6col22
West 0.171552150857
East 0.064826633397
North 0.000452504300365
South 0.00387729923731

row7col1
West 0.000376124850493
East 0.00347347610012
North 3.51528329058e-09
South 0.000820118185558

row7col2
West 0.000463716429299
East 0.0101293030834
North 4.43314362852e-05
South 0.0214296592652

row7col3
West 4.19188548269e-06
East 0.00669432697769
North 0.00739052469273
South 0.151449000123

row7col5
West 0.0969424728828
East 0.373838567314
North 0.0668207732906
South 0.0385169110986

row7col6
West 0.177823133768
East 0.403016605828
North 0.513342082883
South 0.461087244447

row7col10
West 0.108778696872
East 0.152380414999
North 0.619337875199
South 0.314594294088

row7col17
West 0.383232590614
East 0.105998606954
North 0.59873535385
South 0.52898738758

row7col18
West 0.361384334228
East 0.0407200452804
North 0.118028837142
South 0.0311326885366

row7col20
West 0.000317730300665
East 9.10709526176e-05
North 0.069075379269
South 0.00393241423744

row7col21
West 0.00145177875151
East 6.61816811618e-05
North 0.0687492344155
South 0.00931806186302

row7col22
West 0.000165718736854
East 0.00131057305222
North 0.0300599042304
South 0.00198112524561

row8col1
West 0.0194723739059
East 0.0698811422469
North 5.8193397452e-05
South 0.00114292827474

row8col2
West 0.0227738072655
East 0.18282123641
North 0.00197271122844
South 0.00485517314824

row8col3
West 0.0895525412917
East 0.284659894557
North 0.0241428698298
South 0.0341089964275

row8col4
West 0.130222571073
East 0.367713217289
North 0.0277038831168
South 0.0553820926184

row8col5
West 0.135196429655
East 0.444603901308
North 0.0386265761185
South 0.0505676240138

row8col6
West 0.190071094468
East 0.382571054421
North 0.487674976151
South 0.437876666431

row8col8
West 0.0440671328852
East 0.12668906305
North 0.0021382002572
South 0.00223567358662

row8col9
West 0.033390308536
East 0.284624431508
North 0.00523396723863
South 0.00297204663078

row8col10
West 0.0182217491152
East 0.0270652754867
North 0.561170791888
South 0.240829205789

row8col11
West 0.399684719023
East 0.0732846121756
North 0.0229952067722
South 0.00915900724211

row8col12
West 0.245784590611
East 0.0487287197272
North 0.0138803218505
South 0.00432939567402

row8col13
West 0.138817879073
East 0.0182577781009
North 0.0167097792799
South 0.000194579899963

row8col14
West 0.0653126623784
East 0.00614315366214
North 0.00346039580699
South 0.000774146071045

row8col15
West 0.0222867283422
East 0.00651314270222
North 0.000639004861006
South 1.64728796506e-05

row8col17
West 0.391668282516
East 0.0464340216805
North 0.568793145314
South 0.497394806869

row8col18
West 0.209560921055
East 0.00591037564186
North 0.0661838962008
South 0.0403066475992

row9col5
West 0.101841003871
East 0.348565288896
North 0.001805431345
South 0.0408981453795

row9col6
West 0.152561559889
East 0.274693599671
North 0.463291205705
South 0.415833255783

row9col8
West 2.09856291901e-17
East 2.22892339575e-05
North 0.0298526779562
South 0.00170395346705

row9col9
West 0.00291153777014
East 0.0909394687278
North 6.03953657997e-12
South 1.94600180059e-11

row9col10
West 0.00529227601274
East 0.00538577481311
North 0.414320570681
South 0.225805542246

row9col11
West 0.00687427649467
East 3.27350956946e-05
North 0.0897596440001
South 0.00226589009346

row9col12
West 3.13703059726e-08
East 0.000309994627959
North 0.0351855449044
South 0.0101604694518

row9col13
West 0.00408927101119
East 0.000672446905016
North 0.000303628063233
South 6.91768256667e-13

row9col14
West 1.59497520593e-05
East 2.24948246854e-10
North 0.0123042071301
South 0.000812181323286

row9col15
West 7.49319717129e-05
East 3.0082133299e-05
North 0.00242925143275
South 4.92771718977e-06

row9col17
West 0.292994446607
East 0.177277718306
North 0.540334960043
South 0.476380745801

row9col18
West 0.375883610612
East 0.099887749873
North 0.0171874266327
South 0.000237646525966

row9col20
West 8.02556294633e-07
East 1.70711429245e-05
North 6.92989418317e-14
South 3.61187363503e-07

row9col21
West 1.93098787379e-07
East 2.91386628045e-07
North 5.71981229364e-05
South 0.000266746431728

row9col22
West 3.25050142394e-06
East 2.19246560403e-07
North 0.0
South 3.67147319135e-07

row10col1
West 5.40873929706e-06
East 9.61499998513e-06
North 4.23802226735e-10
South 3.972771605e-05

row10col2
West 4.25774300711e-06
East 0.000917215618597
North 8.9161093761e-09
South 1.30376758777e-23

row10col3
West 8.12016799978e-25
East 4.97991044242e-12
North 0.000265739539304
South 0.0162534657694

row10col5
West 0.0801201127456
East 0.299712345614
North 0.0360824038693
South 0.017823980764

row10col6
West 0.131936811436
East 0.269624253742
North 0.440126517037
South 0.393841776219

row10col17
West 0.28089390069
East 0.0803194564667
North 0.51327329728
South 0.439273938736

row10col18
West 0.269266003467
East 0.0185897539229
North 0.015249528287
South 0.000550628866182

row10col20
West 6.62664713198e-06
East 3.96308297202e-05
North 2.58963798195e-14
South 1.75046785337e-08

row10col21
West 1.0445940811e-06
East 5.73138812423e-07
North 7.7885708332e-05
South 0.000675885300398

row10col22
West 2.46134955379e-05
East 1.19121204823e-06
North 0.0
South 1.32048767786e-06

row11col1
West 0.000672585580349
East 0.00705461208664
North 5.58525379284e-07
South 3.431653797e-06

row11col2
West 0.00130897121907
East 0.0374771618783
North 1.20120308535e-06
South 0.000146059722477

row11col3
West 0.00901771464534
East 0.13023561401
North 3.92340285036e-05
South 0.000535038661904

row11col4
West 0.0304475780226
East 0.244886314524
North 0.00819847299968
South 0.00263109316568

row11col5
West 0.050393380165
East 0.364657220239
North 0.0304910909359
South 0.0258579447647

row11col6
West 0.152522637064
East 0.213145015565
North 0.418119599127
South 0.371147309748

row11col8
West 2.44594454118e-05
East 0.00115819448422
North 3.10919643584e-10
South 0.0

row11col9
West 2.36729822303e-05
East 4.54938496905e-05
North 0.00249578730008
South 0.0119918737339

row11col10
West 0.000897924843575
East 1.13853552299e-05
North 4.67751175312e-17
South 3.83963684673e-09

row11col12
West 0.0
East 0.000359983760549
North 0.0
South 0.000561899046996

row11col13
West 8.23424819628e-06
East 9.2219390794e-26
North 0.000704949080536
South 0.00750567227014

row11col14
West 1.04137612729e-05
East 0.00304963175775
North 0.0
South 0.0

row11col15
West 6.87956655323e-25
East 7.95321412199e-06
North 0.005838084427
South 0.0533661421012

row11col17
West 0.297544003789
East 0.0656297203666
North 0.487513208547
South 0.426561656162

row11col18
West 0.23838995003
East 0.0305194937153
North 5.24242249468e-07
South 0.014314168652

row11col20
West 2.31566664443e-06
East 8.59133946276e-05
North 2.40230560132e-07
South 0.0

row11col21
West 3.42368397334e-06
East 2.5324417558e-06
North 0.000216960299562
South 0.00217145255923

row11col22
West 0.00011974234425
East 3.60958620346e-06
North 2.23753892435e-10
South 0.0

row12col1
West 1.07565870953e-05
East 0.000208392268299
North 3.28476971203e-05
South 0.0

row12col2
West 1.68765548295e-06
East 0.00510881892945
North 4.50242304087e-11
South 0.000144576957953

row12col3
West 1.39481640111e-07
East 7.25165941685e-10
North 0.0309553833344
South 0.00273526037652

row12col5
West 0.0833710755511
East 0.304564582964
North 0.000642464941806
South 0.0302931700685

row12col6
West 0.155894194651
East 0.277517107498
North 0.397209359335
South 0.35228590468

row12col8
West 8.63306953904e-07
East 0.00221704946463
North 0.0
South 0.0

row12col9
West 3.60854780854e-06
East 5.90118827259e-05
North 0.00266371041208
South 0.0474954100122

row12col10
West 0.00150821257078
East 1.01411774473e-06
North 0.0
South 0.0

row12col12
West 0.00167449673531
East 0.0144859122982
North 3.96247139692e-06
South 0.000619984353682

row12col13
West 0.00261872831233
East 0.046127327821
North 0.000722817596377
South 0.00146579774185

row12col14
West 0.0124295165551
East 0.12381664092
North 2.30480754653e-06
South 0.00256068372267

row12col15
West 0.0338736713752
East 0.274160952413
North 0.00131360747734
South 0.011983072705

row12col16
West 0.106237852199
East 0.389617014197
North 0.0508783955455
South 0.0532225034671

row12col17
West 0.180317937316
East 0.139241358537
North 0.462937598726
South 0.39037087522

row12col18
West 0.310028702143
East 0.0753929506893
North 0.0174503556299
South 0.00305532875703

row12col20
West 2.49885343193e-06
East 0.000384336299774
North 0.0
South 2.84670713856e-23

row12col21
West 1.28516957502e-05
East 1.92938028908e-05
North 0.000442885921233
South 0.0105449202868

row12col22
West 0.000656684429925
East 2.56436639164e-05
North 7.06832621586e-07
South 0.0

row13col5
West 0.106934110192
East 0.313767185671
North 0.0208721053801
South 0.0361368245786

row13col6
West 0.144400866858
East 0.169554485437
North 0.377330800937
South 0.336001930186

row13col9
West 0.00378861528599
East 0.00332402019059
North 0.0114576322927
South 0.11696670211

row13col17
West 0.225325723591
East 0.115618247213
North 0.439233191657
South 0.352618562126

row13col18
West 0.334818958054
East 0.123258482446
North 0.0140683415875
South 0.00071994908503

row13col21
West 0.00144873482949
East 9.00891539241e-05
North 0.000810550585289
South 0.0345577136653

row14col1
West 0.00584166424727
East 0.0197517859564
North 0.000374718243519
South 0.000240571570588

row14col2
West 0.00536320534555
East 0.0773213381344
North 0.00490879804765
South 0.00137803434645

row14col3
West 0.0201698869523
East 0.131820055688
North 0.00574861340615
South 0.00565133083018

row14col4
West 0.0284307295525
East 0.205306144783
North 0.00319374530789
South 0.0114383368275

row14col5
West 0.0196422134434
East 0.290455319575
North 0.159434389552
South 0.130748758197

row14col6
West 0.101135700508
East 0.160412096001
North 0.358403445831
South 0.315443681292

row14col7
West 0.333738936964
East 0.15051535979
North 0.0297030599558
South 0.0392091453339

row14col8
West 0.298810778226
East 0.156142557899
North 0.08817551839
South 0.0458798792499

row14col9
West 0.246133120444
East 0.0423687792313
North 0.0157083874502
South 0.00697755345628

row14col10
West 0.136282558597
East 0.0139193979723
North 0.00778093186787
South 0.000533102551026

row14col11
West 0.0566074625786
East 0.00648254941759
North 0.000616071157847
South 9.49581954484e-05

row14col12
West 0.0222963182323
East 0.000639203835397
North 5.34005719875e-07
South 0.000975320522003

row14col13
West 0.000946770502721
East 0.00174278512326
North 6.48810412875e-05
South 9.43353139843e-07

row14col14
West 0.000401211775561
East 0.0175958344272
North 0.000114171457416
South 0.00411993119879

row14col15
West 0.00179048795183
East 0.147959090671
North 0.00437893833535
South 0.00401562366081

row14col16
West 0.0272011527062
East 0.308395184406
North 0.00475515892225
South 0.0150240150409

row14col17
West 0.102805596814
East 0.0845372699409
North 0.415902844393
South 0.293672343249

row14col18
West 0.310145823929
East 0.0364733640092
North 0.145368683009
South 0.0292344803789

row14col19
West 0.21550718869
East 0.0451948933542
North 0.0229127158901
South 0.00295984986308

row14col20
West 0.135796947578
East 0.0328047546945
North 0.0153380204474
South 0.00138998633263

row14col21
West 0.0814105591668
East 0.00878972717977
North 0.00317204116629
South 1.09219854533e-05

row14col22
West 0.0294690321109
East 0.0048777023846
North 0.00360557258944
South 8.87773673309e-06

row15col1
West 0.00031711637723
East 0.00450738564309
North 0.000441534442816
South 2.78991867107e-05

row15col2
West 9.83837172896e-05
East 0.0108301322003
North 0.0371664602128
South 0.00246410417325

row15col3
West 0.00221227645531
East 0.0630754378148
North 0.00704885835958
South 0.0074653257817

row15col4
West 0.0184171328924
East 0.150480825546
North 0.0167919053035
South 0.0191909725608

row15col5
West 0.0601480629228
East 0.267827510515
North 0.0384935628267
South 0.0322802199784

row15col6
West 0.0618805005175
East 0.0899683858285
North 0.339859140411
South 0.310770907593

row15col7
West 0.307109110821
East 0.0716043176724
North 0.0250168941323
South 0.011403659172

row15col8
West 0.0351617351969
East 5.72454861374e-05
North 0.210771003587
South 0.0903311798622

row15col9
West 0.0736917601523
East 0.00144509765421
North 0.000355973911034
South 0.000668224203626

row15col10
West 0.0121346148588
East 0.000148373433465
North 0.00413848302675
South 1.57923396527e-11

row15col11
West 0.00096616061882
East 0.000847762745171
North 0.00618784891054
South 4.11557992514e-06

row15col12
West 0.000136937515639
East 0.0104346164486
North 0.000428335111923
South 7.82175125294e-07

row15col13
West 0.00186628010663
East 0.0908793918539
North 7.75172193881e-06
South 0.00254091793491

row15col14
West 0.0346959847039
East 0.197527764334
North 0.00173378769711
South 0.0157979462544

row15col15
West 0.112177237882
East 0.306753132261
North 0.0174998904841
South 0.0478958980689

row15col16
West 0.117649158664
East 0.35404368112
North 0.0527158171113
South 0.0673447673805

row15col17
West 0.0413823839023
East 0.0166649580704
North 0.38984676402
South 0.282128530356

row15col18
West 0.119919671179
East 0.00999459672931
North 0.0259442753487
South 0.000297329928705

row15col19
West 0.00179462216056
East 0.000265785152528
North 0.0586703990245
South 0.00526246983079

row15col20
West 2.64096577281e-10
East 4.21677335997e-07
North 0.0164656887019
South 0.00106316342888

row15col21
West 0.000311752614901
East 1.5727503164e-09
North 5.68525590263e-12
South 0.0

row15col22
West 0.0
East 0.0
North 0.00117773067144
South 1.56017856258e-05

row16col2
West 0.000354550147176
East 0.000998665532086
North 0.0155187310606
South 0.00120499588587

row16col7
West 0.02338490334
East 0.00793216790231
North 0.250269275363
South 0.0369173027338

row16col15
West 0.0298172889353
East 0.0268221377648
North 0.246209535457
South 0.050129836418

row17col1
West 1.5769499727e-05
East 0.00106179914261
North 1.66078124153e-05
South 9.89068208491e-07

row17col2
West 8.08173343896e-05
East 9.29883765463e-05
North 0.00573078187297
South 0.00024256552664

row17col3
West 0.00136331955811
East 3.77224657921e-05
North 4.51529200913e-07
South 4.31351158442e-06

row17col4
West 0.000300735404366
East 5.83368182764e-05
North 6.42389357584e-06
South 1.15647328316e-07

row17col6
West 0.000911764018987
East 0.0353335082556
North 0.000239332893953
South 6.08931610767e-05

row17col7
West 0.00348567896191
East 0.00179102090363
North 0.185051647591
South 0.0483091064813

row17col8
West 0.0696906873344
East 0.000824035190318
North 0.000774812269362
South 1.11030939807e-07

row17col9
West 0.0161164205842
East 0.000352588759325
North 0.000533860772953
South 0.000773458217617

row17col10
West 0.00389778579332
East 0.00015441132938
North 1.49669617873e-05
South 4.84503093767e-05

row17col11
West 0.000913046059368
East 0.000166288265644
North 3.11332130263e-05
South 6.25727256081e-07

row17col13
West 0.000581974762793
East 0.00735361560048
North 6.67820742633e-05
South 3.79489418515e-07

row17col14
West 0.000715988172703
East 0.0428529692139
North 0.000472187471863
South 0.000149713824454

row17col15
West 0.00284129769431
East 0.00431929682322
North 0.184277687356
South 0.0423588235178

row17col16
West 0.0348820917422
East 0.00452169625316
North 0.000870059045457
South 1.317056837e-05

row17col18
West 9.24890690782e-07
East 3.95933476025e-08
North 2.7619391432e-05
South 0.00110054265527

row17col19
West 8.05374116747e-08
East 7.84785280945e-08
North 1.25232422585e-05
South 0.000210430622644

row17col20
West 1.8257057783e-08
East 1.19032371384e-07
North 5.4598086673e-07
South 8.17026984429e-05

row17col21
West 9.31403337986e-22
East 0.0
North 1.949446985e-07
South 5.06028178684e-06

row17col22
West 0.0
East 0.0
North 1.05864660962e-12
South 4.6461324789e-08

row18col1
West 1.11725504208e-08
East 1.40448121728e-06
North 0.000117016144755
South 2.45809012963e-08

row18col2
West 1.53062578057e-06
East 4.55473280924e-06
North 0.00100942587639
South 0.000132015672433

row18col3
West 1.24571429305e-07
East 0.0
North 0.00014270000592
South 3.81320549038e-06

row18col4
West 2.17219394986e-09
East 1.698769115e-10
North 9.81005832872e-06
South 3.19152627177e-08

row18col6
West 0.000412820094809
East 0.00593247185991
North 0.0011952688
South 1.91568066864e-31

row18col7
West 0.000660560608523
East 0.000871533051091
North 0.110230804773
South 0.0162522334344

row18col8
West 0.0435957911808
East 0.00203015580151
North 0.00455181897095
South 1.53320472442e-06

row18col9
West 0.015007665624
East 0.000466623338119
North 0.000103971859867
South 1.53381132622e-05

row18col10
West 0.00278631916264
East 3.34812168907e-05
North 2.74345593341e-05
South 8.29820071698e-08

row18col11
West 0.000299177300354
East 2.29922999084e-05
North 5.93738529853e-13
South 3.45747822692e-12

row18col13
West 2.31822723779e-05
East 0.000637979535166
North 0.0
South 0.0

row18col14
West 1.17078448001e-05
East 1.2791965221e-06
North 0.00597232977281
South 0.000754279036145

row18col15
West 0.000392695866627
East 0.00349948767787
North 0.12042044315
South 0.00972966702067

row18col16
West 0.0632329319971
East 0.00415724159385
North 0.00170706922681
South 7.1350860625e-05

row18col17
West 0.0277031465806
East 0.00105453556033
North 0.000956031659945
South 1.08836770838e-05

row18col18
West 0.0114476494526
East 0.000788245378351
North 1.75407024513e-05
South 3.55318962069e-06

row18col19
West 0.0040914207463
East 0.000248337402797
North 3.22939072015e-06
South 1.51389934129e-07

row18col20
West 0.00141231592197
East 5.89149939611e-05
North 1.58264923815e-06
South 2.72651916935e-06

row18col21
West 0.000301699272744
East 1.43911511325e-05
North 8.45741868743e-08
South 5.22659875197e-08

row18col22
West 6.57038426124e-05
East 9.11737133171e-06
North 1.42188453365e-10
South 1.36421485768e-10

row19col1
West 4.56501815104e-08
East 2.97743432977e-18
North 3.10760282287e-06
South 1.53589633969e-08

row19col2
West 9.49818004259e-11
East 6.87112664506e-06
North 0.000396729031185
South 0.000114074889412

row19col3
West 6.57169427339e-05
East 7.10974771278e-13
North 1.05456620773e-05
South 7.50671797392e-06

row19col4
West 1.59016854014e-09
East 1.00139150098e-14
North 6.59697289071e-07
South 2.20187135563e-08

row19col6
West 0.000684192083426
East 0.00601472742782
North 0.0
South 9.42734429728e-05

row19col7
West 0.000443699306728
East 0.000447061470954
North 0.0459555739617
South 0.0109751664572

row19col8
West 0.000648548447358
East 5.0094087892e-14
North 0.00935277576338
South 0.000724543492429

row19col9
West 0.000678028258076
East 6.36710626372e-06
North 2.8299170015e-13
South 3.82535520619e-14

row19col10
West 0.0
East 1.57859354244e-35
North 0.000286015321603
South 2.51260009845e-05

row19col11
West 1.18981656937e-07
East 8.97682593353e-12
North 5.21345441298e-11
South 0.0

row19col13
West 0.000531907263449
East 0.00178974798392
North 2.97875878581e-06
South 0.00010698493608

row19col14
West 0.000308345170393
East 0.00846309490783
North 0.000148818331125
South 0.000459219121842

row19col15
West 0.00101883850992
East 0.000233045367703
North 0.0302041435051
South 0.00773103352131

row19col16
West 1.02359310884e-15
East 3.53356648413e-05
North 0.00602551817515
South 0.000227807757482

row19col18
West 0.0
East 1.06635065567e-07
North 0.00034260989313
South 4.67381510003e-06

row19col19
West 4.14854275978e-18
East 5.62697253944e-08
North 3.48855404563e-05
South 4.7162090485e-09

row19col20
West 7.48572423973e-07
East 8.2641115645e-10
North 0.00017578462159
South 2.6485337792e-06

row19col21
West 7.0573808277e-06
East 7.8514461083e-11
North 1.7025658695e-08
South 0.0

row19col22
West 2.07506431193e-15
East 1.32534626631e-10
North 2.84484433357e-06
South 7.48825877149e-09
