0.0
0.0
0.0
0.0
0.00170515180669
0.00142095983891
0.0012179655762
0.00106571987918
0.00094730655927
0.000852575903343
0.000775069003039
0.000710479919453
0.0048124436769
0.00446869769998
0.00417078451998
0.00463499937061
0.00576133402678
0.00932091155914
0.00883033726656
0.0122420608927
0.0117199593353
0.0157970514978
0.0151102231718
0.0173903692734
0.0166947545025
0.01605264856
0.0155970843142
0.015476068977
0.0149424114261
0.0144443310452
0.0152044983416
0.0147602589081
0.0173432813654
0.0168331848547
0.016352236716
0.0158980079183
0.0154683320286
0.0150985334729
0.0160325676648
0.0165279682792
0.0164226191717
0.0162939451682
0.0159150162108
0.0155533112969
0.0160177466414
0.0178434478014
0.0184495259974
0.0201093964608
0.0196990006147
0.0195689704293
0.0191852651268
0.0191702137017
0.0205858683373
0.0205122103755
0.0202230243669
0.0198618989317
0.0195134445645
0.0191770058651
0.0188519718674
0.0185377723363
0.0185468092924
0.018247667207
0.0179580216958
0.0186248194597
0.0183664369816
0.0180881576333
0.0178290341712
0.0175668424922
0.0178879234974
0.017990016147
0.0179761826265
0.0177265134234
0.0174836844724
0.017247418466
0.0170174528864
0.0167935390327
0.0165754411231
0.0163629354677
0.0161558097023
0.015953862081
0.0167624640924
0.0175513441034
0.0183787460223
0.0181599514268
0.0179598735299
0.0177510377912
0.0175924041314
0.0176915294534
0.0174927482236
0.0172983843544
0.0177333472651
0.0176953714702
0.0180490403351
0.0185275073632
0.0183446212877
0.0181535314826
0.0179663816735
0.0177830512483
0.017603424468
0.0175851694381
0.0174110588496
0.0172403621942
0.017863762804
0.0179327113248
0.0177619235979
0.017601215693
0.01743671835
0.0182069003132
0.0184872727682
0.0183192066522
0.0181956730778
0.0180397017617
0.0191421602348
0.0196530017569
0.0194821060894
0.0194044848427
0.0193328081434
0.0197343928675
0.0195685576333
0.0194284727284
0.0197144854229
0.0201871379502
0.0202372588567
0.020637230395
0.0207445818529
0.02069025274
0.0205273373641
0.020366967541
0.0202090840716
0.0204160150077
0.0202601675649
0.0201124779834
0.0207131360437
0.0205986600628
0.0217831144327
0.022221846128
0.0220596428716
0.021899790387
0.0217422379382
0.0216137391952
0.0218850863919
0.0222845584757
0.0221287224024
0.0219750507191
0.0218234986451
0.0221284201827
0.0221919675247
0.0222561321393
0.022423385794
0.0222738965554
0.0221466281318
0.0221350758584
0.0222420394349
0.0221174571307
0.0219747638589
0.0221802846596
0.0220390089611
0.0218995215626
0.0217938936715
0.0217988915491
0.0217777965148
0.0221726094993
0.0224545543971
0.0228142865349
0.0226760181317
0.0225394156128
0.0224044490523
0.0223806284688
0.0222481987145
0.0221173269574
0.022338124425
0.0222082516086
0.0226052989947
0.0230548189628
0.0229230771402
0.0233142606168
0.0233070739467
0.023176135329
0.0230466597127
0.0229186227143
0.0232420039424
0.0235762418534
0.0235176351528
0.0233898219183
0.0232880125231
0.0231628081547
0.0230389428704
0.022916395302
0.0228090093511
0.0227097509303
0.0226608566418
0.02323723246
0.0235604514373
0.0237036151326
0.0235820581319
0.0238488544972
0.0241009374137
0.0239792155076
0.0239665756126
0.0238467427345
0.0241423091816
0.0240227927995
0.0249595572944
0.0248372065233
0.0248299942813
0.025206981824
0.0251223804505
0.0255471596662
0.0260900799449
0.025965841469
0.0262705057274
0.0264089037617
0.0263016544165
0.0263703202609
0.0263906242912
0.0266653783454
0.0270436314231
0.0269246040481
0.0268016606506
0.027134380375
0.0272088261761
0.0274813893074
0.0273581543778
0.0275477774815
0.0279701801342
0.0278464182752
0.027723746829
0.0276021514482
0.0275050770869
0.0273854897952
0.0272669378913
0.0275384166073
0.0274299418175
0.0280171374918
0.028796828606
0.0287191615164
0.0287220695861
0.0286013886215
0.0287708406029
0.0286568835884
0.0285379753577
0.0284590863043
0.0287694866108
0.0286515788788
0.0285346336589
0.0284524869379
0.0283490499315
0.028325842287
0.028539194828
0.0284574409105
0.0283440646519
0.0283975089728
0.0283044336509
0.0282618274612
0.0281562720106
0.0280642825883
0.0279638251028
0.0279165929182
0.0278206074807
0.0280433647596
0.0279632560822
0.0278565260971
0.0277506077469
0.0276454918085
0.0275916720948
0.027806862067
0.0277790861138
0.0276754328074
0.0275725501576
0.0274913783523
0.0273924822749
0.027344125995
0.0272503323484
0.0271508785807
0.0275166534124
0.0274771305319
0.0273884172317
0.0275821549406
0.0278958731704
0.0279310141957
0.0285289602502
0.0284829249714
0.0286290408889
0.0285317162254
0.0286285735124
0.0285323045969
0.0284896097988
0.0287788557331
0.0292324710901
0.0293086839772
0.0292079668501
0.0293107987903
0.0292264854152
0.029390266396
0.0295667421878
0.0297431213226
0.029642976133
0.0297898161102
0.0301022985057
0.0303038892821
0.0302110689079
0.0302892350072
0.0302960472828
0.0301963892325
0.0302149210456
0.0301161794736
0.0301211382871
0.0301283857423
0.0300308828759
0.0303664482944
0.0302879512115
0.0302211527282
0.0301245995246
0.0303253286546
0.0303965922662
0.030388182029
0.0306511993848
0.0306932165782
0.0305969995983
0.0305125239534
0.0304218805358
0.0303274026459
0.0302335097585
0.0301401964568
0.0303020067852
0.0302574543763
0.0301782884813
0.0300862815042
0.0300709262685
0.0303223150433
0.0306284454045
0.0306396128193
0.0306593221112
0.0307830010959
0.0312698794238
0.0314233132962
0.0313875501957
0.0315669800763
0.0315860935603
0.0316135649237
0.0316064838021
0.0315306056703
0.0316772453075
0.0315851602921
0.0316960257104
0.0316044186997
0.0318513777733
0.0318184447411
0.0322024890194
0.0321357614156
0.0321022996526
0.0320298416133
0.0319416336339
0.031864291204
0.0317881930669
0.0317692217633
0.0318168359822
0.0320419723378
0.0322030938661
0.0321764007001
0.0323372693962
0.0323005211359
0.0324601615736
0.0323770768518
0.0324391525706
0.032422521032
0.0323657790732
0.0323849301775
0.0323470376595
0.0322784006571
0.0322385194194
0.0323852105756
0.0323524704175
0.0325434533729
0.0324566708306
0.0324181227567
0.0323321330412
0.0323255362446
0.0325110479778
0.0326190088462
0.032678528512
0.032632543362
0.0325473408989
0.0327227945579
0.0327855405701
0.0329974267643
0.0329144681032
0.0330649227743
0.0334152010336
0.0334020004641
0.0336333757528
0.0336810770676
0.0336176644241
0.0336392333178
0.0336375556844
0.0336822442012
0.0336672737052
0.0335968940294
0.0336492327971
0.0338871130069
0.0338875088127
0.0338722169747
0.0340931262003
0.0343190018163
0.0342342635402
0.0348145577916
0.0348373397531
0.0348019312796
0.0348559119103
0.0348143257256
0.0347735632612
0.0347531225966
0.0346742556023
0.0349940750466
0.0350626863879
0.03518159219
0.0353345514652
0.0352537725396
0.0354197389527
0.0353354062409
0.0354878022398
0.0355854141066
0.0355387364138
0.0355695406864
0.0355760977207
0.0358149901341
0.0359303729451
0.0358939208191
0.0359752000596
0.0359119298455
0.0358523042984
0.035979004873
0.035895912483
0.0359282021955
0.0359501733101
0.0359735513205
0.0361678455789
0.0362291631483
0.0362325415978
0.0362052518462
0.0361833009837
0.0361033564197
0.0363182847786
0.0363438614133
0.0363060061173
0.0363138368247
0.0362979197456
0.0364791352405
0.0369220585189
0.0368479312627
0.0367662285326
0.0370551221866
0.0369733227999
0.037305055484
0.0375418899037
0.0375594832316
0.0378460252575
0.037869686211
0.0378397228305
0.0378076549471
0.0377660307669
0.037884922589
0.0378093688606
0.0377692274582
0.0378395239984
0.0378276465806
0.0379607779584
0.0378812183595
0.0378490815697
0.0382885908249
0.0382686508696
0.0382983422418
0.0384321067625
0.0385685605385
0.0387507347976
0.0387365811845
0.0386809315574
0.0387160716894
0.0386712110941
0.038595573064
0.0386929336674
0.0387984702375
0.0388813061435
0.039230523617
0.0395252319651
0.039471016025
0.0395083193532
0.0395430808649
0.0395056564889
0.039557138239
0.0395635814758
0.0394831676923
0.0395216990335
0.0394565467337
0.0394191397888
0.0394371265493
0.0398922284521
0.0401314121754
0.0401278952074
0.0402689097
0.040337167981
0.040370121848
0.0403106730878
0.0403555675091
0.0403948923745
0.0404030649778
0.0405205994851
0.0405618214037
0.0405981439078
0.0405265103502
0.0404959947744
0.0405869071251
0.0405707486335
0.0406497416701
0.040605809415
0.0405870484131
0.040752504513
0.0408507930891
0.041252088693
0.0414633956293
0.0414080620421
0.0416600209107
0.0416225845885
0.0417509022941
0.0417940540757
0.0419171084858
0.0420322084603
0.0420547185557
0.0419765941079
0.0419359406204
0.0418901827722
0.0419328533677
0.0418600814897
0.041880254545
0.0419691121715
0.0420486774289
0.0422039091961
0.042182670377
0.042377529659
0.0423389090562
0.0425069709943
0.0424285448485
0.0423639885753
0.0423287705967
0.0424222671661
0.0427133973
0.0429370977398
0.043124718595
0.0430589069072
0.0431012398822
0.0432398460347
0.0431814917582
0.0431366836195
0.0431550572794
0.043088028087
0.043152154584
0.04341222879
0.0435790379062
0.0437012281468
0.0437469204128
0.0436963413024
0.0437430902058
0.0438127683885
0.0439035258914
0.0440572111319
0.0439818732799
0.0440852284326
0.0441405129988
0.0441959489234
0.0443518224329
0.0446220099273
0.0450438797101
0.0449976157147
0.0449499517905
0.045108545813
0.0450466984109
0.0451620390066
0.0451439668872
0.045142528904
0.045145780085
0.0453083086722
0.0453730039684
0.0455436537791
0.0454724296965
0.0454606141765
0.0456633960777
0.0459903279985
0.0460261323355
0.0459531785702
0.0459629251464
0.0460104643578
0.0459891650102
0.0459371091679
0.0460783553936
0.0461053421574
0.0461153561246
0.0463613228221
0.0465187462774
0.0465635535332
0.0466254819925
0.0465865869616
0.0467274135096
0.0466698827344
0.0468844082269
0.0469182756011
0.0468980857755
0.0470632849068
0.0469951810875
0.0469974997276
0.0469420843832
0.0468732246106
0.0469720717712
0.0469435032268
0.0468670480098
0.0471673928472
0.0472699051123
0.0474343291484
0.0474144423041
0.0477809249294
0.0479765663925
0.0480387382721
0.0481256203392
0.0480483721525
0.0480204958418
0.0480734233669
0.048449754016
0.0484624976921
0.0484431768606
0.0486124965795
0.048814994337
0.048924781754
0.0489851688832
0.0489957651272
0.049066459213
0.0494549615822
0.0495216039281
0.0496941977295
0.0496950977504
0.0497843608261
0.0497503504672
0.0498774856425
0.0500573658929
0.0500814752034
0.0501235051265
0.0501915725164
0.0502621599821
0.0503024666572
0.0502901695002
0.0503049361018
0.0502744564205
0.0502613541848
0.0503299717397
0.0504391042184
0.0506424316065
0.0508963924242
0.0511198487192
0.0511431714645
0.0511444587763
0.0511874467953
0.0512714954511
0.0512506523902
0.0513265810444
0.0513379103469
0.0513203773984
0.051376777687
0.0514589470559
0.0514775461283
0.0515847313202
0.0516557304836
0.0516925890945
0.0517740792644
0.0518975168321
0.0519117592288
0.0520162436832
0.0521095005746
0.0520800817337
0.0522045931248
0.0523544730886
0.0523087746534
0.0523654245663
0.0525882769861
0.0526195202638
0.052892350636
0.0530725830096
0.0532645817295
0.0534392625308
0.0534849447792
0.0535678753465
0.053497666306
0.0535447458493
0.0535692414173
0.0536317044175
0.0537457301178
0.0537387309636
0.0538669160874
0.0538526718371
0.0538434059072
0.053916946239
0.0540150722898
0.0541182054655
0.0542618094176
0.0544228394691
0.054400145976
0.054534375392
0.0545949025601
0.05469056834
0.0547202058631
0.0547431772058
0.0547844225191
0.054877815515
0.0548899039146
0.0549980571582
0.054976639952
0.055195742507
0.0555277366284
0.0556284807158
0.0556364514279
0.0555931874401
0.0559093706444
0.0559786260267
0.056054886876
0.0561383325784
0.0562637435282
0.0564311198763
0.0566016262553
0.056627053598
0.056949948925
0.0570241274334
0.0572372654408
0.057257920741
0.0572244039844
0.0572077780088
0.0573605149333
0.0574220577077
0.0574537861768
0.0575542333914
0.0576897673146
0.0576835063792
0.0578168305622
0.0578848538677
0.057822516143
0.0578394394172
0.0578160685954
0.0577936645183
0.0577700217078
0.0577303220852
0.057792234666
0.0578113675052
0.0578741255964
0.057846551802
0.057784197287
0.0578146995226
0.0578600653177
0.0579444310829
0.058005724538
0.0580344465443
0.0580910410164
0.0581927737151
0.0581982219302
0.0581560515605
0.0583896346449
0.058484758058
0.0587336420551
0.0586900977118
0.0586748230592
0.0586391296629
0.0587858514503
0.0589242230697
0.0589085510638
0.059134855945
0.0593075878914
0.0594807388993
0.0594741467734
0.0594635804892
0.059507321337
0.0597044330845
0.0598273528676
0.0598016459672
0.0599126861862
0.0601841360849
0.0603323575228
0.0603842249379
0.0604291434152
0.0603816275071
0.0605200259222
0.0606369203558
0.0606947741549
0.0606963221561
0.0609436687751
0.0611172375225
0.0610739707867
0.0610540276936
0.0611086902479
0.0612658105442
0.061306885718
0.0614157805224
0.0616028082731
0.0617334812465
0.0617713824818
0.0617464515131
0.061895945736
0.0619973422541
0.0622815603065
0.0623245248733
0.0623372432065
0.0625122062399
0.0624977216463
0.0625684460381
0.0627370626185
0.0628072750098
0.0628811740867
0.0630519113775
0.0630912207499
0.0631889988245
0.0632621263501
0.0632735795566
0.0633727911214
0.0634419013403
0.0634711579913
0.0636551723925
0.0637072628462
0.0637944823797
0.0639485365198
0.0640780135039
0.064156475249
0.064203774124
0.0643271619249
0.0644020140807
0.0643918068807
0.0644217263705
0.0645972597127
0.0647479103445
0.0648905620104
0.064873853225
0.0650060413325
0.0650870862765
0.0651132600926
0.0651681355335
0.0653153539172
0.0653807375577
0.0654521689028
0.0655329405694
0.0656856155656
0.0657171602578
0.0657951380648
0.0659419025056
0.0661779133445
0.0662545193877
0.0662714580991
0.0663997761432
0.0664865878076
0.0665431506317
0.0667263048659
0.0667829710311
0.067018609131
0.0669923214235
0.0672192673492
0.0672176346787
0.0672714939611
0.0672877045277
0.0674712961104
0.0675362983782
0.067568824992
0.067543872397
0.067673337072
0.0676892519815
0.0676735086332
0.0677574047021
0.0678843065359
0.067852322739
0.0680291754194
0.0681195323007
0.0681090184156
0.0682583512795
0.0683483618382
0.068457695959
0.0684403575453
0.0685670739714
0.0687467463108
0.0689602828096
0.0689703557799
0.0691182506184
0.069262749592
0.0692124714515
0.0692770951327
0.0693514844304
0.0693723790781
0.0694865521122
0.0696023459739
0.0697559770103
0.069872457888
0.0699417458868
0.0700311292429
0.0702066374507
0.0702048265915
0.0702898079962
0.0704857346257
0.0705924024508
0.0706418045971
0.0707051771975
0.0707363029423
0.0707703087338
0.070947616444
0.0710223476438
0.0711959641598
0.0713384546143
0.0716275822805
0.0717578503255
0.0718004210437
0.0717566573665
0.0718303150025
0.0719043459236
0.0722107362517
0.0723683738626
0.0723903260985
0.0725208851778
0.0727079676193
0.0728876305236
0.0730354786063
0.072984493453
0.0731229313206
0.0731983050493
0.0732428451746
0.0733144192829
0.0733845827798
0.0735264458046
0.0737817502815
0.0739566505595
0.0740050493649
0.0739578311977
0.0739869821641
0.0740692001809
0.0742013414792
0.0742987518799
0.0744746352183
0.0745957313351
0.0747607065656
0.0750363804583
0.0751934847733
0.0752616361261
0.0754210677222
0.0756087966536
0.0756064947486
0.0757836410108
0.0759580054601
0.0759197224245
0.0759559184992
0.0761647567188
0.0762607592045
0.0763689735708
0.0764963946423
0.0764974753174
0.0765996638236
0.0767038100136
0.0767091495841
0.07699282937
0.0770650676874
0.0770991710476
0.0772221043693
0.0773192076672
0.0773414378454
0.0773334875296
0.0774884310886
0.0774783407212
0.0775237170898
0.0775380075191
0.0776430061545
0.077697804216
0.0777129594883
0.0777431614272
0.0779761925445
0.0779641719769
0.0779308696989
0.0780533281869
0.0780804549402
0.0780944179204
0.0783010308653
0.0784664548495
0.0784872591757
0.0786510292965
0.0786603991784
0.0786121044166
0.0787385406226
0.0789130837416
0.0788921750619
0.0789585749972
0.0790648463995
0.0790165030583
0.0791497580982
0.0791789067842
0.0791897665743
0.0792306673463
0.0792839425271
0.0792221491729
0.0792446995533
0.0792686481334
0.079368739037
0.0794760501454
0.0794682054166
0.0795401271364
0.0796533072295
0.0798223809948
0.0799380103848
0.0799919956005
0.0802083290476
0.0803773876016
0.0804628356683
0.0806336358098
0.0807100498267
0.0808585118335
0.0810144352815
0.0811085602405
0.0812757296822
0.0814608513893
0.0814782849614
0.0815320730701
0.0815290379632
0.0815448871701
0.0815440825656
0.0818202817035
0.0819474580077
0.0819576388965
0.0821699152119
0.0822834000827
0.0823117850203
0.0823766041177
0.0823856171197
0.0826152447371
0.0826938231658
0.0827844808803
0.0827904828969
0.0828527783979
0.0829433068164
0.0829806805377
0.0829995450526
0.0831278365865
0.0831398238719
0.0833927642929
0.0834910341365
0.0835531374685
0.0836331283394
0.0836438622816
0.0836315697761
0.0838005728933
0.0838961506495
0.0840835287372
0.0841784202474
0.0842667577102
0.0844546187915
0.0845836283219
0.0846104270972
0.0847074426613
0.0847186659363
0.084675132927
0.0847641135396
0.084800033303
0.0849461201324
0.0850883368535
0.0851723434565
0.085279562523
0.0853208192354
0.0854431824137
0.0856315379665
0.0856990808019
0.0858512496556
0.0859973688575
0.0860564097615
0.0861076333987
0.0861664153053
0.0862858460486
0.0863176828305
0.0864279037548
0.0864120626733
0.0864889045357
0.0866541381545
0.0868472085072
0.0869943156265
0.0869922478415
0.0870142758458
0.0870504073901
0.0871710390459
0.087267742324
0.0872662141035
0.0875469368389
0.0876257107813
0.0876711713387
0.0878172633961
0.0878004076124
0.0880100890104
0.0881386193816
0.0884433640525
0.0885419477043
0.0886556935788
0.088672578362
0.0887333962782
0.0889443159064
0.0891173680404
0.089174355505
0.0893436604489
0.0894873212563
0.0896085011644
0.0896689861887
0.0897241034363
0.0898039917963
0.0899153716074
0.0899696150324
0.0901098589295
0.0902428806365
0.0903947397876
0.0905857831271
0.0907206978366
0.090900426975
0.0909260092755
0.0909483827034
0.0909787616338
0.0910884697355
0.0913513459213
0.0913407532883
0.0914292265865
0.091477569491
0.0915445798247
0.0915715026476
0.0916859803591
0.0917524776924
0.0919040024018
0.0920159602534
0.0922501365688
0.0923699880407
0.0924828269233
0.0924914044795
0.0925625261005
0.0925726143023
0.0927146019418
0.0928278969466
0.0929569533821
0.0930157441878
0.0930875409389
0.0932454265414
0.0933842893369
0.0933940516748
0.0936062185404
0.0938164351302
0.0939893930897
0.0942030015726
0.0943165294232
0.0943440169666
0.0946400479318
0.0947226398334
0.094777361487
0.0948807806785
0.0950113153248
0.0949950900577
0.0951575663796
0.0952546903685
0.0954352774289
0.0956012115891
0.0956719367002
0.0957751455733
0.09590325319
0.0961979307425
0.0963528519167
0.0964470171694
0.0965492087098
0.0966768263247
0.0967319741638
0.0968910484251
0.0969025385738
0.096879192279
0.0969017494393
0.097011645351
0.0970887999213
0.0971700295582
0.0974007502535
0.0974446033196
0.0974629895714
0.0975049334991
0.097681081742
0.0977887088025
0.0979249681586
0.0980020592981
0.0980430842885
0.0981139430303
0.0982023344608
0.0983012230551
0.0984621423446
0.098428395769
0.0985472284566
0.0985960739599
0.0987772700078
0.0989722518357
0.0991007316477
0.0990694559338
0.0992490599325
0.0993465232693
0.0994915498402
0.0995284841634
0.0995999650317
0.0997460641986
0.0999083510084
0.100115104625
0.100200164938
0.100384984771
0.10050803814
0.100632174334
0.100646193818
0.10071885753
0.100761195947
0.100847915623
0.100987818728
0.101152214818
0.101240518058
0.101485437516
0.101648943384
0.101739884514
0.101834655398
0.101938860403
0.102057547226
0.102064533787
0.1022236741
0.102238491076
0.102476067677
0.102563687167
0.102585307752
0.102803325442
0.103010907325
0.103174549305
0.103317806277
0.103450193695
0.103500201286
0.103574441265
0.103679935293
0.10384873355
0.103992614604
0.104070181016
0.104184547621
0.104380176149
0.104467916044
0.104581828368
0.10477139528
0.104887859073
0.104925545968
0.105075835332
0.105189326838
0.105329858626
0.105537048768
0.105621876876
0.105696388959
0.105888138218
0.106072636728
0.106369484499
0.106563015113
0.106733855421
0.106780293209
0.106894581236
0.107067455642
0.10726139208
0.107311352807
0.107393216542
0.107525641964
0.107643569801
0.107754379718
0.107790960764
0.107915845684
0.107885504417
0.107910455845
0.107997271756
0.108068288227
0.108170002744
0.108281186222
0.108452462481
0.108441733564
0.108564086384
0.108746515512
0.108791040104
0.108851995774
0.109015786996
0.10908199561
0.109245808017
0.109355346847
0.10943088548
0.109501687418
0.109606405567
0.109638874026
0.109659801991
0.109762059883
0.109912516966
0.110075127139
0.110100815533
0.110160923898
0.110254247571
0.110461289271
0.110577478393
0.110636209128
0.110765154137
0.110854609115
0.111066729819
0.111122002762
0.111271092281
0.111397917183
0.111528268617
0.111534927878
0.111574547534
0.111719336631
0.111767316931
0.111850729539
0.111909461702
0.111985057064
0.1122440388
0.112386762401
0.112499128157
0.112539586868
0.112565997094
0.11277756422
0.112863660283
0.112878952095
0.11301588236
0.113161478411
0.113332335446
0.113432342509
0.113473559744
0.113536290721
0.113674038261
0.113807535094
0.113876757005
0.114191450504
0.114282302274
0.11443379504
0.114478358787
0.114576513103
0.114705077053
0.114821072303
0.11486779063
0.114920626089
0.114964268194
0.114998792887
0.115207348079
0.115367420144
0.115538892193
0.115591533542
0.115648085504
0.115807109742
0.11588801734
0.115999603964
0.116086403513
0.116179162632
0.116217515303
0.116275109185
0.116388920747
0.116537356524
0.116609484812
0.116658297054
0.116703620433
0.116865204433
0.117060066088
0.117179320451
0.117273288894
0.117307664353
0.117378678272
0.117577342952
0.117659189112
0.117810538425
0.117946105719
0.118182544038
0.11827435236
0.11833161096
0.118421839598
0.118471200892
0.118579711359
0.118679800644
0.118883367266
0.119015562235
0.119213037019
0.119287017918
0.119387597323
0.119442055095
0.11959312449
0.119687115784
0.119754332436
0.119897407484
0.119940566581
0.120079490776
0.120118663311
0.120241243721
0.12046498325
0.120607749818
0.120743752028
0.120888172321
0.121038845799
0.121183436693
0.121286044442
0.121315260393
0.121374376049
0.121515818049
0.121633250206
0.121732698255
0.121776514075
0.121889517378
0.12192002109
0.121958719197
0.12212292225
0.1222897647
0.122330953098
0.122440516667
0.122482099686
0.122609916221
0.122732366945
0.122855101883
0.123001431601
0.123080301868
0.123324749688
0.123423428002
0.123520065264
0.123667819225
0.123873505343
0.123909393516
0.123925232059
0.124076574089
0.124155957267
0.124211241229
0.124278577023
0.124396362194
0.124505434583
0.124595518339
0.124707446499
0.124842860635
0.124977980865
0.125088508897
0.125214456332
0.125336808414
0.125378502275
0.125569306214
0.125658585314
0.125789350703
0.125889351552
0.126123455613
0.126257292226
0.126351241898
0.126477803212
0.126572293001
0.126669526226
0.126809475639
0.126899472732
0.126965898936
0.127074273565
0.12715167948
0.127286299232
0.127339051667
0.127381185318
0.127505544244
0.127554680079
0.127644655675
0.127750350232
0.127935676636
0.128045556475
0.128127369316
0.128252494226
0.128393120958
0.1284812744
0.128626384436
0.128924459465
0.129034189103
0.129164245609
0.129401985576
0.129555433508
0.129748967436
0.12997513383
0.130004933782
0.130171989651
0.130293918886
0.130350839545
0.130486177702
0.130579258022
0.130751540256
0.130861871324
0.130964589392
0.130986678979
0.131058149991
0.131055700259
0.13127690723
0.13131544009
0.131433370254
0.131458031909
0.131622161989
0.131743952754
0.131803928028
0.131859475148
0.131989866014
0.132079077604
0.132304533322
0.132464459321
0.132541448714
0.132675106097
0.132806242978
0.132936491799
0.133068604416
0.133171238058
0.133267837072
0.133375942577
0.133493649819
0.133591170814
0.133709926885
0.133880450459
0.133925272426
0.134050213907
0.134213251692
0.134269997876
0.134399911256
0.134451436324
0.134594028665
0.134753933336
0.134805003381
0.134878761921
0.135052971817
0.135103130488
0.13519197136
0.135357488606
0.135437512541
0.135542132416
0.135650070174
0.135839826872
0.13598937004
0.136140789184
0.136204949989
0.13626959876
0.136378881268
0.13654955984
0.136761306444
0.136818325621
0.13697853981
0.137042261563
0.137248510365
0.137348808355
0.137426815601
0.137514718716
0.137715685577
0.137803800571
0.137991596521
0.138079834738
0.138223122747
0.138421862026
0.13854561428
0.138720465436
0.138795302524
0.138874394705
0.13905773771
0.139216570562
0.139342046919
0.139457891074
0.139551714478
0.139724229722
0.139782194438
0.139953734786
0.14004020067
0.140200569582
0.14030303397
0.14039813116
0.140563824003
0.140660381541
0.140841428396
0.140979218774
0.141043710238
0.141213686288
0.141305689055
0.141431057602
0.141566094173
0.141705883702
0.141939154632
0.141986176317
0.142158266507
0.142258487897
0.142333383049
0.142455191954
0.142611856061
0.142759694898
0.142895169737
0.143023586727
0.143134285183
0.143294101689
0.14340524805
0.14360477051
0.14358492225
0.143683813814
0.143827796533
0.143914863385
0.143987241776
0.144088955817
0.144200960324
0.14433094961
0.144462990983
0.144636884628
0.144765905565
0.144807485142
0.144944149591
0.145055909897
0.14520578452
0.145266415144
0.145509673343
0.145730920606
0.145808078002
0.145906702537
0.146062623958
0.146139338631
0.146291388809
0.146472114806
0.14655520064
0.14679235968
0.14691840342
0.147022535997
0.14717698804
0.147273291506
0.147477470574
0.147638224839
0.147758623908
0.147828956248
0.147945558965
0.148008470701
0.14818255915
0.148248961873
0.148426327156
0.148521377037
0.148594533562
0.148749633252
0.148930486629
0.148978486795
0.149053094356
0.149062164242
0.149075753693
0.149220749973
0.14934594502
0.149522360759
0.149631210693
0.149773531478
0.149918508797
0.150037020746
0.150174298086
0.150282033958
0.15041655392
0.150486069957
0.150611069265
0.150795773003
0.150906358075
0.151080070515
0.151146907135
0.151267127388
0.151420015465
0.151616476336
0.151687614852
0.151810385519
0.152008408205
0.152103110673
0.152213723646
0.152358361023
0.152474433205
0.152589846991
0.152776145575
0.152945118975
0.153082660009
0.153225352896
0.153276783469
0.153481987849
0.153578673476
0.153680425175
0.15380017858
0.153861733899
0.153970674965
0.154147182467
0.154253008627
0.154360466024
0.154516374741
0.154612895299
0.154723446194
0.154869685965
0.155040037403
0.155159326852
0.155348673489
0.155499653436
0.155644001189
0.155838020423
0.156002716997
0.156118969883
0.156309080566
0.156417141563
0.156594067202
0.156696957467
0.156821189206
0.156926921403
0.156981568237
0.157112858287
0.157190435217
0.157284913507
0.157375725317
0.157461319341
0.157559606392
0.157687810846
0.157740467036
0.15782946457
0.157946689828
0.158042136363
0.158153572939
0.158235007759
0.158396678153
0.158519709336
0.158598253885
0.158702140911
0.158839280809
0.159064188062
0.15920480844
0.159380587022
0.159524075304
0.159644823926
0.159766527504
0.159861985813
0.159956536001
0.160043360991
0.160141510746
0.16026977884
0.160430517717
0.160514258526
0.160727104696
0.160894620008
0.160945390949
0.161022466717
0.161174410021
0.161319164074
0.161406559476
0.161606488108
0.161770027919
0.161897157266
0.162029101528
0.162149525114
0.162288595915
0.162406949253
0.162520680181
0.162626761971
0.162708363572
0.162824271801
0.162976215437
0.163063580645
0.16316074243
0.163295802529
0.163383843847
0.163544072212
0.16372858886
0.163854485155
0.164041205983
0.164163160403
0.164303663547
0.164430441423
0.164563195313
0.164695414969
0.164813418942
0.164927409785
0.165059749576
0.16515105298
0.165277163016
0.16534760726
0.165466922933
0.1655770875
0.165720400665
0.165876383934
0.165966399455
0.166123671931
0.166247107384
0.166383988969
0.166567272872
0.166698713035
0.16686416004
0.166946981749
0.167061615431
0.167263924779
0.167337655526
0.16751274386
0.167644057302
0.167823881028
0.167941546946
0.168057738333
0.168209284005
0.168312704192
0.168467441628
0.168595037906
0.168738490257
0.16882246569
0.168860471189
0.168996325246
0.169103026924
0.169186053872
0.169362246963
0.169488533426
0.169636358576
0.169765322155
0.169864699009
0.170017030672
0.170184171637
0.170294773836
0.170426383641
0.170569073119
0.170755250726
0.170825152819
0.170961954265
0.171126341013
0.171217525482
0.171321947596
0.171413965093
0.171568687576
0.171680907061
0.171813793557
0.171883137564
0.17197798917
0.172166644609
0.17223583233
0.172357528351
0.17248414085
0.172565952542
0.172700525684
0.172817467901
0.172981148552
0.173062666462
0.173200274995
0.173321591834
0.173544766806
0.173712761148
0.173862723409
0.174012365193
0.174094828864
0.17421214355
0.174359232977
0.174457668371
0.174566315945
0.174709345567
0.174825335812
0.174970225941
0.175070641714
0.175262971139
0.175384895486
0.175514137154
0.175628492488
0.175726932736
0.175867560836
0.176038495854
0.176167396331
0.176305580871
0.176421233533
0.176553837834
0.176649264973
0.17685465399
0.176981879026
0.177052324899
0.177158389925
0.177224542268
0.177388880496
0.177507770297
0.177653100789
0.177765645449
0.177827612359
0.177882342058
0.177987990407
0.178164770116
0.178231405798
0.178385540063
0.17844985808
0.178676915894
0.178755032557
0.178812494943
0.178916437423
0.179054848345
0.179184776882
0.179251454585
0.179338466212
0.179542400209
0.179711309527
0.179869061352
0.179976323668
0.180111775979
0.180192828474
0.180319111039
0.18041093116
0.180484790263
0.180576901513
0.180692784367
0.180820015515
0.180979764525
0.181094581737
0.181216123396
0.18136277119
0.181442899162
0.181559523135
0.181662400634
0.181807865722
0.181879708235
0.181991338554
0.182133007056
0.182252159058
0.182427821851
0.182560435968
0.182674776551
0.182866337473
0.182989438648
0.183091837201
0.18323313847
0.183334842098
0.183466976001
0.18355695581
0.183677607072
0.183762921516
0.183911438124
0.183960246839
0.18404899904
0.184155444427
0.184258760401
0.184368290351
0.184468587729
0.184594835152
0.184690102178
0.184832945894
0.184954843412
0.185067114418
0.185165595649
0.1853137664
0.185452146381
0.185548008913
0.185673949111
0.185796430096
0.185893448219
0.186010966751
0.186097945453
0.186181199022
0.186264108382
0.186422023889
0.186596383322
0.186660546432
0.186794362849
0.186911614796
0.187050852456
0.187191611046
0.187300620319
0.187425762779
0.187533980245
0.187635447576
0.187716313719
0.187889741089
0.188054582395
0.188153083757
0.18825122334
0.188335963746
0.188446021236
0.188627004343
0.18880502776
0.188926212835
0.18900562691
0.189142244942
0.189329375647
0.189438385944
0.189543302078
0.189680800663
0.189801813322
0.189903001466
0.189966918836
0.190120115737
0.190225529495
0.190356325425
0.190477178131
0.190651291137
0.190776917984
0.190904904135
0.191016693336
0.191141666597
0.191201752379
0.191333022764
0.191472179141
0.191570733345
0.19166643392
0.191835851923
0.191977601349
0.192060304931
0.192179388286
0.192350459827
0.192481072917
0.192586304185
0.192635343249
0.192795323278
0.192868453684
0.192975528319
0.193074012411
0.193210127336
0.193363183972
0.193491635746
0.193626166441
0.193734150843
0.193819689248
0.193961966385
0.1940267594
0.194141755828
0.194219220833
0.194308034292
0.194439742854
0.194576840106
0.194690572174
0.194816227549
0.194907745969
0.195044937525
