
row1col1
West 1.60499767259e-07
East 4.54376854038e-05
North 8.87468340419e-08
South 4.83096205538e-21

row1col2
West 3.18469212528e-08
East 0.000654208707909
North 8.65196370968e-06
South 2.43439227577e-13

row1col3
West 8.24938654765e-06
East 0.00716921958928
North 2.28847358194e-05
South 8.09757121801e-05

row1col4
West 3.43018850483e-05
East 0.00175699971945
North 0.000175937817321
South 0.0432224198678

row1col5
West 6.75276821365e-05
East 0.000653764804379
North 0.00207666136147
South 0.0674027101679

row1col7
West 0.000121221164296
East 0.00287008816033
North 0.000543544944551
South 3.12840295767e-06

row1col8
West 9.48238308849e-05
East 0.0602733421574
North 0.00211198234006
South 0.00304768940111

row1col9
West 0.00721940100061
East 0.000692042926062
North 0.035974278029
South 0.260635756966

row1col10
West 0.0539584730627
East 1.49621173718e-06
North 0.00312438685523
South 0.00160523444464

row1col11
West 0.00546053300399
East 2.29628468255e-09
North 2.0274673226e-10
South 2.31604546778e-06

row1col13
West 0.680301996942
East 0.640099898523
North 0.606200708703
South 0.902411429379

row1col14
West 0.681616732119
East 0.475061097636
North 0.623588825026
South 0.949461279196

row1col15
West 0.276416988839
East 0.0950266089011
North 0.417140126296
South 0.762173114745

row1col16
West 0.137588499893
East 0.0740391797186
North 0.0235405856733
South 0.538673281462

row1col18
West 0.00890910487635
East 0.00336222020519
North 0.00242071193126
South 0.279614529669

row1col19
West 0.061114845191
East 5.15300819467e-06
North 0.00488236272809
South 0.0133809750799

row1col20
West 0.00874191117154
East 0.0
North 0.000103814219594
South 0.000722310564188

row1col21
West 0.000719073713653
East 6.94247090921e-07
North 0.0
South 5.49620707406e-05

row1col22
West 5.02378442585e-06
East 4.75515521478e-07
North 8.08645015337e-08
South 0.000168261009726

row2col1
West 3.56664615453e-08
East 0.000968163972306
North 5.21561355506e-20
South 3.80677217609e-10

row2col2
West 5.89449062893e-10
East 1.13423956512e-05
North 7.17356590711e-08
South 0.00926325599199

row2col3
West 6.29461744705e-08
East 0.0137443013147
North 9.97106190243e-08
South 8.53884449372e-09

row2col4
West 2.61251735571e-07
East 0.158514570444
North 7.20274418741e-05
South 0.0277522857313

row2col5
West 0.0172954062969
East 0.0239681499071
North 0.00469264161857
South 0.332403124488

row2col7
West 9.75789262706e-06
East 1.12422027504e-09
North 0.000201720931121
South 0.00215756103876

row2col8
West 6.10829934498e-06
East 0.0690896071193
North 0.000935275101876
South 0.00147282634282

row2col9
West 0.00616433277043
East 0.0041124524756
North 0.0506039724369
South 0.465188462382

row2col10
West 0.106171245661
East 4.23353253689e-05
North 0.00126921292913
South 0.0051434546797

row2col11
West 0.00983447081123
East 0.000106785998438
North 3.46160785974e-06
South 0.000785325226945

row2col13
West 0.902477879678
East 0.95
North 0.85614753835
South 0.857249367668

row2col14
West 0.902409482651
East 1.0
North 0.899908652085
South 0.902157749704

row2col15
West 0.0
East 0.0
North 0.0
South 0.0

row2col16
West 0.985094874618
East 0.287365023246
North 0.121889760986
South 0.129139790587

row2col17
West 0.881886686603
East 0.143394647351
North 0.323460025724
South 0.25971515058

row2col18
West 0.730827451748
East 0.0128369712392
North 0.037080867969
South 0.0466647899564

row2col19
West 0.337382996076
East 0.00349359694
North 0.00271977478305
South 0.00389112528277

row2col20
West 0.101317032779
East 1.62681887555e-05
North 0.000183516101165
South 0.00169859137027

row2col21
West 0.0228216321139
East 6.13723645233e-06
North 9.70991941272e-06
South 0.000105767468394

row2col22
West 0.00257919057652
East 1.98950090892e-05
North 2.10167286956e-07
South 3.27968560048e-07

row3col1
West 4.67814579652e-06
East 0.00111496918089
North 2.17389854652e-08
South 6.411782776e-10

row3col2
West 3.13088708908e-05
East 0.0490581478813
North 8.99596799489e-05
South 1.23319428427e-06

row3col3
West 1.10388390985e-05
East 0.158895628922
North 0.00022014646429
South 8.43616597352e-05

row3col4
West 0.00307164440447
East 0.346632524307
North 0.000946319984155
South 0.0250377459226

row3col5
West 0.0384011627427
East 0.0984815071716
North 0.0309029626019
South 0.474771851135

row3col7
West 0.00120764470369
East 0.0484736174614
North 1.6938716866e-05
South 9.34328963739e-05

row3col8
West 9.36414377457e-05
East 0.310919092039
North 0.000939523777917
South 0.00963308593735

row3col9
West 0.0296801838649
East 0.0581759432017
North 0.100243614155
South 0.58902972582

row3col10
West 0.269277349875
East 0.00148667797328
North 0.000801584717543
South 0.00228049608977

row3col11
West 0.0315670953277
East 0.00141342754857
North 4.12039392216e-05
South 6.42456505175e-05

row3col13
West 0.857365792403
East 0.902306655525
North 0.9025
South 0.814396864226

row3col14
West 0.78821211713
East 0.744845759885
North 0.949999624797
South 0.847261339182

row3col15
West 0.317834795542
East 0.114340829287
North 0.964352067749
South 0.501438128193

row3col16
West 0.589092867526
East 0.118477008686
North 0.11673415722
South 0.0661978956799

row3col18
West 0.0152129226623
East 0.00663259067745
North 0.377786466594
South 0.0156359078734

row3col19
West 0.143120998281
East 0.00200637916827
North 0.0228924691514
South 0.00173418057254

row3col20
West 0.044827981881
East 0.000390022128022
North 0.00230563653187
South 0.00146318523761

row3col21
West 0.00853442103195
East 3.5204617989e-06
North 7.54515530967e-07
South 3.17004366691e-06

row3col22
West 0.000502407245689
East 1.78390977195e-08
North 3.21495114789e-05
South 9.07994409491e-07

row4col5
West 0.104059516046
East 0.218434637142
North 0.183130455606
South 0.512339703032

row4col9
West 0.455637983935
East 0.425008967769
North 0.35512959927
South 0.630069906392

row4col13
West 0.814421056925
East 0.814482639454
North 0.857375
South 0.773767855963

row5col1
West 6.91160570217e-10
East 1.07444252973e-11
North 5.7923909029e-24
South 4.61025015246e-06

row5col2
West 5.478467431e-09
East 2.02734033043e-05
North 8.52964292787e-10
South 1.75380738331e-08

row5col3
West 5.24929194588e-08
East 9.22465626425e-05
North 1.10023315736e-05
South 0.00320151579219

row5col5
West 0.496275309645
East 0.540360086334
North 0.391995398155
South 0.407881256265

row5col6
West 0.475887687121
East 0.568800092223
North 0.512441214626
South 0.416424390185

row5col7
West 0.504719435783
East 0.598736939234
North 0.550640823609
South 0.42840514625

row5col8
West 0.559956481296
East 0.630249409724
North 0.587210533804
South 0.52264282256

row5col9
West 0.591870010247
East 0.663420431289
North 0.586320243423
South 0.583202320353

row5col10
West 0.629425367871
East 0.698337296094
North 0.6604064131
South 0.615710018266

row5col11
West 0.661357188263
East 0.735091890625
North 0.69685653251
South 0.655515573282

row5col12
West 0.697091492379
East 0.7737809375
North 0.734560054217
South 0.690179710023

row5col13
West 0.735076539462
East 0.734905332042
North 0.81450625
South 0.735069614849

row5col14
West 0.773780810736
East 0.557268800098
North 0.674324931668
South 0.651805781842

row5col15
West 0.734237157362
East 0.247994587858
North 0.454870744756
South 0.308552620243

row5col16
West 0.661367145375
East 0.161490501157
North 0.227249716102
South 0.21478426672

row5col17
West 0.167614048457
East 0.0449692432433
North 0.085434177469
South 0.572906721296

row5col18
West 0.0581807222295
East 0.0343477247999
North 0.0131084305139
South 0.367644806546

row5col20
West 0.00170288287386
East 0.000285244852915
North 0.000440905688249
South 0.0613040684188

row5col21
West 0.00256776153284
East 7.46034679748e-05
North 0.000335145926386
South 0.0211336824593

row5col22
West 1.37734307257e-06
East 1.11932089549e-14
North 4.93384102641e-08
South 0.00986667691653

row6col1
West 6.34265196457e-08
East 2.53301766227e-07
North 1.126009044e-09
South 0.000323867001547

row6col2
West 4.83170498775e-07
East 0.00352079835821
North 8.33059016958e-10
South 1.06256549099e-12

row6col3
West 2.53301671293e-07
East 0.000831249607489
North 1.47036748482e-05
South 0.038229975283

row6col5
West 0.38878893499
East 0.441863845948
North 0.513341988522
South 0.370082030923

row6col6
West 0.260406573063
East 0.190149770646
North 0.539717382468
South 0.190827925262

row6col7
West 0.136993982379
East 0.297761736764
North 0.543548876351
South 0.115466242652

row6col8
West 0.132509864431
East 0.365558741584
North 0.590331617368
South 0.365519161529

row6col9
West 0.238611192716
East 0.459134695956
North 0.628092923029
South 0.324030507354

row6col10
West 0.41091020753
East 0.455095060695
North 0.663286073541
South 0.410106461905

row6col11
West 0.365547222967
East 0.541729117728
North 0.697580737063
South 0.408965880363

row6col12
West 0.444781081478
East 0.652339063185
North 0.734733972907
South 0.531934836198

row6col13
West 0.656478138292
East 0.688062701061
North 0.7737809375
South 0.726029284109

row6col14
West 0.735091890612
East 0.596201062658
North 0.713281945042
South 0.66881274746

row6col15
West 0.698337295767
East 0.486818576323
North 0.62340102873
South 0.621941068832

row6col16
West 0.663420427447
East 0.541515672578
North 0.523642000745
South 0.588103857647

row6col17
West 0.630249387058
East 0.491851030048
North 0.464169391656
South 0.534936593756

row6col18
West 0.598216081513
East 0.262138150229
North 0.11751230088
South 0.167326774325

row6col19
West 0.543133840101
East 0.0827095292846
North 0.0585788279884
South 0.0828381874331

row6col20
West 0.425540508714
East 0.023262489939
North 0.00636787871956
South 0.0181827473652

row6col21
West 0.236382649766
East 0.00183596382502
North 0.000337027651098
South 0.00107335702097

row6col22
West 0.0797731863946
East 0.000918560658809
North 8.97437947965e-05
South 4.70688456112e-05

row7col1
West 4.96478460688e-06
East 0.00342682862234
North 2.13016144789e-05
South 1.170158799e-11

row7col2
West 1.5646388863e-05
East 0.000142795667395
North 1.73232979343e-08
South 0.0302395570795

row7col3
West 0.000245529502171
East 0.000642368674774
North 0.000304302319322
South 0.147880363451

row7col5
West 0.417396128689
East 0.347060143134
North 0.487673991228
South 0.328337380634

row7col6
West 0.231857257097
East 0.118805043345
North 0.497947711444
South 0.0790568792841

row7col10
West 0.208062590644
East 0.244652995743
North 0.625517795947
South 0.153729090184

row7col17
West 0.454885262702
East 0.296555214552
North 0.598736680555
South 0.458420157968

row7col18
West 0.0806575500826
East 0.133850915366
North 0.505327975931
South 0.0457043134867

row7col20
West 0.00735514983744
East 0.000281847326974
North 0.161550546419
South 0.00181407589797

row7col21
West 0.0273017624063
East 2.00711814136e-07
North 0.000670065787773
South 3.97127869576e-05

row7col22
West 3.9271517182e-06
East 2.61493650714e-05
North 0.00500442594018
South 0.000160507308083

row8col1
West 5.02449827298e-05
East 0.00506544856488
North 5.31856172732e-06
South 1.30922721467e-07

row8col2
West 0.000101706789798
East 0.129975304176
North 7.92489860123e-06
South 0.000202204979447

row8col3
West 0.0111075735195
East 0.342335709579
North 0.00444473092061
South 0.0155439738926

row8col4
West 0.051726241965
East 0.429125962286
North 0.143937785123
South 0.123005285126

row8col5
West 0.277001827414
East 0.24751580779
North 0.463286086626
South 0.305109331785

row8col6
West 0.142063656611
East 0.107526498038
North 0.399992158832
South 0.032798412285

row8col8
West 1.20676146939e-06
East 0.0093494506206
North 2.50241992179e-05
South 1.72192384699e-05

row8col9
West 2.63901610269e-05
East 0.218437222562
North 0.0209269020712
South 0.000655623335454

row8col10
West 0.034509962008
East 0.0549212165437
North 0.562406499023
South 0.0343913909182

row8col11
West 0.406554231766
East 0.00351534327837
North 0.0172754926657
South 2.38075091279e-05

row8col12
West 0.188375479235
East 0.000191479694483
North 0.0105568421085
South 0.000166461772464

row8col13
West 0.0423767868554
East 2.52439748081e-05
North 6.87395024053e-05
South 2.53938078693e-05

row8col14
West 0.00237274557427
East 5.13384753e-07
North 1.54342377651e-06
South 1.77202753615e-07

row8col15
West 3.68695237688e-05
East 4.84598298449e-07
North 7.60512325224e-07
South 1.84843536152e-08

row8col17
West 0.471044318718
East 0.297066406363
North 0.568798697401
South 0.417654654547

row8col18
West 0.459202669919
East 0.0847749054666
North 0.0986011342607
South 0.0513440846226

row9col5
West 0.306428692425
East 0.174671426706
North 0.440095004301
South 0.254035771679

row9col6
West 0.321906055448
East 0.0153502227301
North 0.0342509799249
South 0.00620819596259

row9col8
West 4.13458186767e-06
East 0.00422485686875
North 1.94859652613e-05
South 6.11482302412e-05

row9col9
West 5.87720559469e-06
East 0.0785610503881
North 0.0040950950194
South 0.000613479396452

row9col10
West 0.00603531627967
East 0.00070915386852
North 0.265629918867
South 0.00753288322809

row9col11
West 0.0163691386391
East 3.40750645797e-05
North 0.0628436652715
South 0.000133753552446

row9col12
West 0.000196110459721
East 2.59436317851e-08
North 0.0196856393076
South 3.46149271967e-05

row9col13
West 1.85654315649e-06
East 7.46041929865e-06
North 0.00725841114212
South 0.000187464212818

row9col14
West 0.000676187308128
East 1.61082256466e-07
North 9.91053364855e-07
South 3.87491250181e-06

row9col15
West 3.17042476288e-05
East 8.56038199069e-09
North 1.0470121655e-08
South 1.34838540618e-08

row9col17
West 0.454779743573
East 0.237283585465
North 0.540353444074
South 0.369583966174

row9col18
West 0.415257252139
East 0.0441840413319
North 0.0589118735361
South 0.000497354496878

row9col20
West 1.69206869024e-11
East 3.32060273906e-13
North 0.0
South 1.43648237046e-07

row9col21
West 1.69288334851e-11
East 5.42528245095e-11
North 6.91553065766e-09
South 1.20642486308e-05

row9col22
West 2.12063891571e-08
East 6.565419687e-14
North 6.565419687e-14
South 0.0

row10col1
West 5.24715306724e-06
East 0.000824176643458
North 6.96569184058e-09
South 1.51052874537e-05

row10col2
West 9.8138859353e-07
East 2.4575139358e-05
North 0.000288587103978
South 0.0148754974205

row10col3
West 0.000739717141882
East 2.8147225456e-06
North 5.21588091715e-12
South 2.83538819344e-15

row10col5
West 0.275442519389
East 0.125652102612
North 0.417988467745
South 0.177543643989

row10col6
West 0.276173996824
East 0.017772207244
North 0.0191433380171
South 0.0151636759671

row10col17
West 0.342855346138
East 0.145590912578
North 0.513317316096
South 0.295601816719

row10col18
West 0.332462666916
East 0.0331793163328
North 0.00875131129704
South 0.0325109159107

row10col20
West 5.14630628774e-08
East 2.69057596736e-05
North 8.2411332012e-11
South 6.46303254983e-12

row10col21
West 1.95440009002e-08
East 4.46339850476e-09
North 2.23139516658e-09
South 0.000312143098176

row10col22
West 6.61107237796e-06
East 2.83703656533e-09
North 1.05573168672e-10
South 5.89640845964e-09

row11col1
West 0.000552677448349
East 0.0119596144173
North 1.31794478675e-05
South 5.60776021974e-05

row11col2
West 0.000586439131376
East 0.0814853634668
North 0.000367731477365
South 0.000331706799318

row11col3
West 0.00192230993551
East 0.196290797759
North 5.5220583563e-06
South 0.000434744908914

row11col4
West 0.0110837046856
East 0.332725957836
North 0.018361713649
South 0.0261986425628

row11col5
West 0.116453745013
East 0.0812137165042
North 0.396812508882
South 0.15991145748

row11col6
West 0.199507883301
East 0.0124781955586
North 0.0348256220951
South 0.0175976183382

row11col8
West 5.12318283628e-12
East 1.18683306156e-06
North 8.70224598557e-10
South 8.66392891996e-11

row11col9
West 5.19306117141e-10
East 2.54133881603e-08
North 5.01423935355e-08
South 2.35370337521e-05

row11col10
West 1.25051264959e-06
East 0.0
North 1.28740322196e-15
South 0.0

row11col12
West 1.5546133873e-07
East 5.46299967932e-05
North 2.39074121855e-29
South 1.33903907075e-07

row11col13
West 1.26021765745e-08
East 0.00275765440825
North 1.48216215573e-06
South 3.51681823686e-09

row11col14
West 4.44312443691e-07
East 0.000636767328472
North 0.000404130517707
South 0.024932341121

row11col15
West 4.02268738874e-05
East 0.000980310760194
North 0.00102870689719
South 0.0235875002194

row11col17
West 0.318144412891
East 0.109685645526
North 0.487595548774
South 0.251751629025

row11col18
West 0.311912537899
East 0.0152272497374
North 0.0134508380911
South 0.00830451662622

row11col20
West 3.90254367512e-13
East 1.56887607421e-08
North 1.88361074807e-14
South 0.000116955915515

row11col21
West 4.47761877228e-08
East 6.86926438864e-08
North 7.11987720296e-08
South 0.00195772671261

row11col22
West 3.6023374662e-06
East 6.81614874612e-08
North 9.75454516441e-14
South 2.04995713163e-12

row12col1
West 7.67514432601e-05
East 0.0
North 0.00128360474094
South 4.31396745449e-06

row12col2
West 1.16927875804e-05
East 1.17257521598e-07
North 0.0115952611393
South 2.98710578818e-05

row12col3
West 0.0
East 2.05143514776e-05
North 0.0219563457903
South 8.95422386065e-05

row12col5
West 0.177185959622
East 0.0765629279931
North 0.375958459579
South 0.13779690616

row12col6
West 0.19412585323
East 0.0078812191113
North 0.0145789017957
South 0.011742981573

row12col8
West 2.75816749598e-28
East 3.10234570251e-05
North 0.0
South 0.0

row12col9
West 2.00600544789e-07
East 1.36934468414e-09
North 4.19767720817e-07
South 0.000506841437161

row12col10
West 3.23832802559e-05
East 3.14934286343e-22
North 0.0
South 0.0

row12col12
West 9.03693481758e-09
East 0.000491241373392
North 2.77613528259e-07
South 9.21062627874e-10

row12col13
West 2.27999838387e-06
East 0.0121770962423
North 2.84095474467e-08
South 6.67673428136e-08

row12col14
West 0.000208809441538
East 0.110930827304
North 5.27540211649e-07
South 0.0015272307128

row12col15
West 0.000966773146655
East 0.261871803957
North 0.000402059724686
South 0.0118355856055

row12col16
West 0.037536969105
East 0.401182847111
North 0.0417934907024
South 0.0421884385894

row12col17
West 0.197657362401
East 0.14851466292
North 0.463070570595
South 0.239792813731

row12col18
West 0.31598884067
East 0.00793734768852
North 0.029543692241
South 0.0121744132619

row12col20
West 1.6780292577e-08
East 0.00144929411834
North 6.63335963795e-15
South 1.39371901733e-13

row12col21
West 1.5980203193e-07
East 4.49409385907e-06
North 2.33434085369e-05
South 0.0126929295414

row12col22
West 0.00146609574317
East 9.70718798814e-15
North 1.08557062162e-09
South 9.42956047494e-13

row13col5
West 0.158765488148
East 0.0607287861455
North 0.354697529931
South 0.144254676996

row13col6
West 0.192981093823
East 0.0117205515825
North 0.0289886289826
South 0.00873813086406

row13col9
West 4.84987473084e-05
East 8.08575761285e-05
North 1.41533657688e-06
South 0.00329534372829

row13col17
West 0.218739462744
East 0.0517596263438
North 0.439436113072
South 0.195649787458

row13col18
West 0.215557057226
East 0.0181799644682
North 0.0215547728541
South 0.00892256262297

row13col21
West 0.00026502981912
East 0.000646199501441
North 0.000142104231638
South 0.0370877304258

row14col1
West 0.000253844007538
East 0.0221003678086
North 1.09135136981e-06
South 1.50758597135e-07

row14col2
West 0.00102502804293
East 0.131229764538
North 0.00250190790146
South 0.00248757147021

row14col3
West 0.00156719875514
East 0.20770567757
North 0.0268488817264
South 0.00177572316398

row14col4
West 0.00667334998646
East 0.282195614876
North 0.0457757488403
South 0.00475410533136

row14col5
West 0.0433179784579
East 0.0286119168077
North 0.332022418483
South 0.0481227080527

row14col6
West 0.28932537105
East 0.0142568901587
North 0.0499811883889
South 0.0190939842121

row14col7
West 0.156724389094
East 0.000402109651239
North 0.00481773553465
South 0.00348618012365

row14col8
West 0.0610362589222
East 0.000289321087176
North 0.00024975211084
South 0.00027346140751

row14col9
West 0.0175020098311
East 4.24991044013e-05
North 4.00166929213e-05
South 0.000137466863157

row14col10
West 0.00163076472554
East 6.83863276825e-07
North 8.83897725255e-07
South 2.44197838014e-09

row14col11
West 1.06081637034e-06
East 0.000305883165147
North 1.74353967081e-07
South 3.54477225677e-09

row14col12
West 1.35899361607e-06
East 0.00637011421488
North 1.13426852736e-05
South 2.04515541395e-07

row14col13
West 2.67924937561e-05
East 0.0435607367786
North 0.000127413464439
South 0.000136604077547

row14col14
West 0.0013532210695
East 0.172356267269
North 0.0036064493249
South 0.000508111151005

row14col15
West 0.0191470643433
East 0.34662051261
North 0.0816091884672
South 0.0130550040695

row14col16
West 0.0886466157845
East 0.385574292051
North 0.0711517154432
South 0.0287893569124

row14col17
West 0.137002971029
East 0.102748710333
North 0.416018435317
South 0.0776690777973

row14col18
West 0.372899062822
East 0.0553366886153
North 0.0147068243936
South 0.00448151089268

row14col19
West 0.298185786283
East 0.00587938083554
North 0.0182690322322
South 0.00373391411871

row14col20
West 0.191876495594
East 0.00103420186452
North 0.0117390869284
South 0.000232058760495

row14col21
West 0.0946488259607
East 7.29118592342e-05
North 0.000617185008332
South 0.000128464895249

row14col22
West 0.0033210107366
East 6.31323820563e-20
North 2.16014559587e-06
South 4.64237145842e-07

row15col1
West 4.25013670515e-06
East 6.94774837507e-07
North 0.00179048831789
South 1.14836960261e-05

row15col2
West 3.63538216459e-05
East 0.0002363985324
North 0.0674783976602
South 0.000804463106488

row15col3
West 6.57463938811e-06
East 0.00212004441806
North 0.0191134261165
South 1.42729824343e-05

row15col4
West 0.000107718678369
East 1.64536350403e-05
North 0.0694955478309
South 0.00037787880498

row15col5
West 0.000971649200946
East 0.00543345263029
North 0.164433308848
South 0.00499378698536

row15col6
West 0.0214919354407
East 0.0109324260788
North 0.218727221765
South 0.0271550540163

row15col7
West 0.147036718291
East 0.000189607366026
North 0.0202697643675
South 0.00127674274934

row15col8
West 0.0202531419693
East 3.38492511094e-05
North 0.00146970535027
South 0.000223908137411

row15col9
West 0.00320467488117
East 7.49053160024e-06
North 1.87561873525e-05
South 2.51052178994e-05

row15col10
West 0.000274681068273
East 1.33150058563e-07
North 2.36547752371e-05
South 1.14341881169e-10

row15col11
West 1.67261230033e-06
East 5.60411513215e-11
North 4.96895157469e-06
South 9.640775849e-15

row15col12
West 7.83876403546e-09
East 4.80621066364e-05
North 0.000116477732058
South 5.6041096226e-11

row15col13
West 4.94599613836e-06
East 0.00348803960833
North 0.00012294654484
South 4.46696243316e-05

row15col14
West 1.39774140846e-05
East 0.000261898395638
North 0.0342388538259
South 0.00110914187002

row15col15
West 0.00312200475633
East 0.0167931223186
North 0.283409461007
South 0.00296324648321

row15col16
West 0.00538923712275
East 3.41916752457e-06
North 0.129756724795
South 0.00253919562166

row15col17
West 0.000451250348681
East 0.000117027942135
North 0.233177739578
South 0.0108846429613

row15col18
West 0.0107365004008
East 0.000157982626674
North 0.0611279196883
South 0.000202093225279

row15col19
West 0.00307734624113
East 8.99608198318e-05
North 0.0495687873224
South 0.000248997581021

row15col20
West 0.0071695300832
East 6.76682869607e-06
North 1.25593151789e-06
South 3.59037637225e-05

row15col21
West 1.53659590413e-05
East 8.40210810384e-07
North 0.0109987348377
South 7.24647669016e-05

row15col22
West 1.70230490546e-05
East 3.29574532317e-09
North 6.59963383879e-10
South 7.79524053892e-07

row16col2
West 0.000367232078488
East 0.000214195661798
North 0.0278055003608
South 3.48735157901e-06

row16col7
West 0.00168469838715
East 0.00472183977267
North 0.0863314557085
South 0.00102592590168

row16col15
West 0.00624031186159
East 0.00621075379145
North 0.209613005268
South 0.0135026723294

row17col1
West 7.02087641551e-16
East 3.84956368031e-08
North 3.01992830566e-11
South 3.60118878419e-12

row17col2
West 1.7455863725e-10
East 1.46283460549e-07
North 0.00927261352747
South 9.66538379437e-06

row17col3
West 0.00027933914875
East 1.66922098022e-08
North 4.49911461083e-08
South 4.87056766293e-08

row17col4
West 1.7088931629e-05
East 5.93385281659e-08
North 1.44422384725e-07
South 8.060153611e-14

row17col6
West 9.24399844823e-07
East 0.00389741940536
North 4.75005830391e-11
South 1.00952454939e-06

row17col7
West 9.01926361946e-05
East 0.000297596032803
North 0.0465906092957
South 0.000519910944261

row17col8
West 0.0173802104724
East 2.18320034131e-05
North 5.15878151482e-05
South 8.51639341776e-06

row17col9
West 0.00229707458917
East 1.23605906078e-06
North 3.95174554413e-07
South 1.36977621992e-07

row17col10
West 0.000311856691983
East 3.74461468493e-07
North 2.0177528806e-06
South 5.46991274966e-10

row17col11
West 1.8101911852e-05
East 2.16669748746e-09
North 1.30209508853e-08
South 1.31170770366e-08

row17col13
West 2.31009663382e-05
East 0.00406727498738
North 1.35029596624e-11
South 4.49424050255e-06

row17col14
West 3.84134117831e-05
East 0.03734630874
North 0.00064422405785
South 3.55524876115e-05

row17col15
West 0.00145173356305
East 0.0024783649029
North 0.14179168487
South 0.000204769745646

row17col16
West 0.0653869468777
East 0.00150863126347
North 0.00146196030344
South 8.39734147582e-05

row17col18
West 6.20261444376e-08
East 1.99674901389e-11
North 9.5938963775e-09
South 0.000317039708374

row17col19
West 3.84750104549e-08
East 0.0
North 8.77644725193e-17
South 7.65569812456e-06

row17col20
West 1.58268004079e-07
East 0.0
North 3.3815858843e-11
South 0.0

row17col21
West 1.21320758717e-25
East 9.44235793983e-29
North 0.0
South 5.15680060109e-08

row17col22
West 1.05170846666e-10
East 6.31868951597e-21
North 1.23214484362e-20
South 1.33025042441e-19

row18col1
West 3.23917846621e-12
East 2.08507162458e-05
North 1.43986826687e-12
South 2.19453830933e-13

row18col2
West 2.67845059331e-09
East 1.25403220408e-11
North 0.00233640061994
South 6.30842061917e-10

row18col3
West 0.00021901722391
East 1.14869919139e-14
North 1.58783141826e-18
South 3.20622863174e-11

row18col4
West 2.74770039782e-06
East 3.65152347461e-23
North 6.76028606508e-08
South 1.47698405217e-13

row18col6
West 1.8577279043e-16
East 0.0
North 0.000232329459978
South 5.85577238763e-08

row18col7
West 1.02413875511e-06
East 2.68829352364e-05
North 0.00910602577068
South 3.94778308984e-09

row18col8
West 0.000124903688163
East 7.77491979394e-06
North 0.00384945376165
South 2.54440569467e-06

row18col9
West 0.000587665632013
East 1.60723439575e-10
North 1.0299072117e-22
South 9.83247839863e-18

row18col10
West 2.39299511745e-05
East 2.34992846038e-11
North 4.99612999377e-10
South 0.0

row18col11
West 7.5575235023e-08
East 1.42424393163e-09
North 1.44648673741e-06
South 7.06593547634e-15

row18col13
West 1.06074522743e-10
East 1.12070195698e-15
North 0.00030994427629
South 3.19647102846e-12

row18col14
West 2.24122719769e-15
East 5.96192740157e-15
North 0.00441285767491
South 1.78583006974e-06

row18col15
West 0.000151074284078
East 0.000172172187758
North 0.0236033020446
South 1.7568158055e-07

row18col16
West 0.000626743315329
East 8.55731157725e-06
North 0.0254274138951
South 1.42795363216e-05

row18col17
West 0.00862953504101
East 2.41507845541e-07
North 0.000140883272486
South 3.60281322653e-06

row18col18
West 0.0026447468
East 2.96147724878e-06
North 1.29946924322e-05
South 6.06589506674e-07

row18col19
West 0.000385536418686
East 1.16111245371e-15
North 1.82796349642e-09
South 2.18315613786e-09

row18col20
West 4.67267148435e-05
East 1.7795017373e-15
North 2.48018305402e-29
South 1.35452404778e-11

row18col21
West 4.42032360804e-06
East 4.31173146334e-12
North 7.91477092012e-10
South 2.90587079742e-18

row18col22
West 3.792301977e-08
East 1.50873853085e-18
North 3.24035647839e-21
South 9.55280431943e-19

row19col1
West 9.74502954798e-15
East 3.22217547535e-06
North 5.09158655475e-10
South 3.90052035249e-14

row19col2
West 1.55125317381e-12
East 1.73899255625e-13
North 0.000190253632182
South 3.9094873291e-10

row19col3
West 1.91787127689e-12
East 2.74999733562e-13
North 3.62333361601e-06
South 5.75333230982e-12

row19col4
West 2.11582156504e-11
East 2.74999733657e-13
North 4.88416626742e-10
South 2.75039208548e-13

row19col6
West 6.43914259194e-18
East 6.4647167363e-05
North 1.11435958067e-16
South 1.423209543e-18

row19col7
West 3.78980984331e-11
East 3.40391163524e-15
North 0.00112137222588
South 1.55680853323e-09

row19col8
West 7.4912048457e-10
East 2.3028978831e-07
North 8.02964290322e-05
South 2.44662099263e-06

row19col9
West 1.00716628928e-06
East 1.80079942306e-25
North 1.64693221699e-05
South 4.49054656234e-07

row19col10
West 5.44703521963e-08
East 2.52728353767e-09
North 2.67400890605e-15
South 1.27616091795e-16

row19col11
West 3.35319974748e-14
East 1.86888306949e-09
North 1.24735461005e-07
South 9.5840828673e-10

row19col13
West 3.19636989309e-12
East 0.0
North 8.55694185194e-06
South 6.23310864481e-12

row19col14
West 2.07593669186e-16
East 2.32100276861e-37
North 0.000180342777678
South 1.10247631509e-38

row19col15
West 5.32333609451e-17
East 2.50163552579e-10
North 0.00103407210273
South 7.25213176524e-07

row19col16
West 2.80471198536e-09
East 6.65589402418e-09
North 0.00172828394558
South 4.71880518136e-09

row19col18
West 3.13894473523e-08
East 2.86425177239e-10
North 0.000126290771009
South 1.90299818245e-08

row19col19
West 1.20291756124e-06
East 7.12568022855e-19
North 2.18559800339e-13
South 2.87633200599e-10

row19col20
West 1.11958865654e-08
East 1.12851510658e-10
North 0.0
South 4.43580527111e-21

row19col21
West 0.0
East 0.0
North 1.81813176153e-07
South 0.0

row19col22
West 6.90898360729e-10
East 0.0
North 1.4376068258e-17
South 0.0
