
row1col1
West 0.0
East 0.0
North 0.0
South 0.0

row1col2
West 0.0
East 0.0
North 0.0
South 1.69468495207e-15

row1col3
West 0.0
East 9.63866490011e-15
North 0.0
South 0.0

row1col4
West 0.0
East 2.39125730086e-07
North 0.0
South 0.0

row1col5
West 0.0
East 0.0
North 0.0
South 9.10016731352e-05

row1col7
West 0.0
East 0.0
North 0.0
South 2.90956998281e-06

row1col8
West 0.0
East 0.0
North 0.0
South 4.29244470038e-06

row1col9
West 6.69538745939e-11
East 0.0
North 0.0
South 0.0

row1col10
West 0.0
East 0.0
North 0.0
South 1.21409043835e-05

row1col11
West 0.0
East 0.0
North 0.0
South 3.85298322368e-06

row1col13
West 0.0
East 0.00265833829002
North 0.0
South 0.0

row1col14
West 0.0
East 0.0
North 0.0
South 0.0438657631134

row1col15
West 0.0
East 5.01869164706e-07
North 0.0
South 0.0863301971819

row1col16
West 0.0
East 0.0
North 1.07521984947e-09
South 0.159296191644

row1col18
West 0.0
East 0.0
North 0.0
South 0.0

row1col19
West 0.930557159813
East 0.0
North 0.0
South 0.00923187914603

row1col20
West 0.690312227092
East 0.0
North 0.0
South 0.0

row1col21
West 0.0
East 0.0
North 0.0
South 0.00718301374953

row1col22
West 0.0
East 0.0
North 0.0
South 0.000225204651794

row2col1
West 0.0
East 0.0
North 0.0
South 9.40804278654e-13

row2col2
West 0.0
East 1.43365657487e-07
North 0.0
South 0.0

row2col3
West 0.0
East 8.16160101591e-06
North 0.0
South 0.0

row2col4
West 0.0
East 0.000347950182334
North 0.0
South 0.0

row2col5
West 0.0
East 0.0
North 0.0
South 0.00359868058423

row2col7
West 0.0
East 0.00013896366481
North 0.0
South 0.0

row2col8
West 0.0
East 0.00255773006452
North 0.0
South 0.0

row2col9
West 0.0
East 0.0
North 0.0
South 0.0320735654227

row2col10
West 0.0
East 0.0
North 0.0
South 0.00629226146595

row2col11
West 0.000746428024158
East 0.0
North 0.0
South 0.0

row2col13
West 0.0
East 0.0
North 0.0
South 0.153103325448

row2col14
West 0.0
East 0.367669255418
North 0.0
South 0.000622083549175

row2col15
West 9.50519114522e-08
East 0.857375
North 9.77446969215e-07
South 0.0186225569429

row2col16
West 0.00782806845937
East 0.9025
North 1.07521984947e-09
South 3.67494554886e-05

row2col17
West 0.0340327548178
East 0.95
North 0.0
South 0.000327444161489

row2col18
West 0.0640593280134
East 5.28027921669e-05
North 1.0
South 0.0

row2col19
West 0.269963871534
East 0.00110046505579
North 0.0
South 0.0

row2col20
West 0.00488363798488
East 0.0
North 0.382157252104
South 0.0

row2col21
West 0.106184036896
East 0.0
North 0.0
South 0.0

row2col22
West 0.00772233908248
East 0.0
North 0.0
South 0.0

row3col1
West 0.0
East 5.90409491303e-08
North 0.0
South 0.0

row3col2
West 0.0
East 2.28886918455e-06
North 0.0
South 0.0

row3col3
West 0.0
East 6.13763174593e-05
North 0.0
South 0.0

row3col4
West 0.0
East 0.00108503740079
North 0.0
South 0.0

row3col5
West 0.0
East 0.0
North 0.0
South 0.0191358576903

row3col7
West 0.0
East 0.0
North 8.75777674011e-08
South 0.0

row3col8
West 0.0
East 0.00756125214185
North 0.0
South 0.0

row3col9
West 1.49338579798e-17
East 0.0
North 0.0
South 0.162572867372

row3col10
West 0.0380542357729
East 0.0
North 0.0
South 0.0

row3col11
West 0.0
East 0.0
North 9.01940640385e-06
South 0.0

row3col13
West 2.82702577969e-08
East 0.735091890625
North 3.33350122057e-06
South 3.91023491151e-05

row3col14
West 0.000301473103823
East 0.7737809375
North 3.67886893645e-05
South 0.0

row3col15
West 0.000672283016574
East 0.000798713382294
North 0.81450625
South 7.28523295018e-06

row3col16
West 5.19186762492e-05
East 0.0
North 0.213671817452
South 0.0

row3col18
West 0.0
East 0.0
North 0.0926249999921
South 0.0

row3col19
West 0.0
East 0.00722601822629
North 0.0
South 0.0

row3col20
West 0.0
East 0.0
North 0.072092163209
South 0.0

row3col21
West 0.0
East 0.0
North 0.00953393942971
South 0.0

row3col22
West 0.000297232287509
East 0.0
North 1.20903271484e-08
South 0.0

row4col5
West 0.0
East 0.0
North 0.0
South 0.0617663378886

row4col9
West 0.0
East 0.0
North 0.0
South 0.305242997106

row4col13
West 0.0
East 1.00287606261e-08
North 0.698337296094
South 0.00666065911477

row5col1
West 0.0
East 0.0
North 0.0
South 8.63478843651e-09

row5col2
West 0.0
East 0.0
North 0.0
South 0.0

row5col3
West 0.0
East 0.0
North 0.0
South 6.46194093161e-12

row5col5
West 0.0
East 0.0
North 0.0
South 0.148833041588

row5col6
West 0.0
East 1.34027858477e-08
North 0.0
South 0.0

row5col7
West 0.0
East 0.0
North 0.0
South 0.0497536838103

row5col8
West 0.0
East 0.010403586568
North 0.0
South 0.0

row5col9
West 0.0
East 0.0
North 0.0
South 0.438311021725

row5col10
West 0.0
East 0.0
North 1.94473337917e-12
South 0.125640971955

row5col11
West 0.0
East 0.0
North 0.0
South 0.0526846115133

row5col12
West 0.0
East 0.0923525825321
North 0.0
South 0.0

row5col13
West 0.0
East 0.0
North 0.663420431289
South 1.71363456759e-06

row5col14
West 0.197021383077
East 0.0
North 0.0
South 0.0

row5col15
West 0.0191471403054
East 0.0
North 0.0
South 0.0

row5col16
West 0.00091969200672
East 0.0
North 0.0
South 0.0

row5col17
West 0.0
East 0.0
North 0.0
South 0.0346474444387

row5col18
West 0.0
East 0.0
North 0.0
South 0.0496563268436

row5col20
West 0.0
East 0.0
North 0.0
South 0.000846202369233

row5col21
West 0.0
East 0.0
North 0.0
South 3.52142649824e-06

row5col22
West 0.0
East 0.0
North 0.0
South 7.11894974702e-08

row6col1
West 0.0
East 0.0
North 0.0
South 5.26960312766e-06

row6col2
West 0.0
East 0.0
North 0.0
South 4.09798756641e-05

row6col3
West 0.0
East 0.0
North 0.0
South 3.82937187928e-07

row6col5
West 0.0
East 0.0
North 0.0
South 0.278346306379

row6col6
West 0.0
East 0.440124976915
North 0.0
South 1.21957756116e-08

row6col7
West 3.36289350803e-12
East 0.46329092425
North 2.71251480254e-13
South 9.09251223941e-11

row6col8
West 1.282784628e-10
East 0.487674935711
North 0.0
South 0.0

row6col9
West 1.12844955435e-09
East 0.513342080324
North 3.08374856875e-13
South 0.0

row6col10
West 1.21500041486e-10
East 0.540360087404
North 2.05901882231e-11
South 0.0

row6col11
West 2.82943877425e-07
East 0.568800092251
North 4.44914676213e-20
South 0.0

row6col12
West 3.94863431343e-09
East 0.598736939237
North 1.4404940998e-12
South 1.33461717948e-13

row6col13
West 0.00136553074902
East 5.45291728344e-11
North 0.630249409725
South 1.40320815614e-07

row6col14
West 0.598732137716
East 0.0
North 0.0
South 0.0

row6col15
West 0.568738870526
East 0.0
North 0.0
South 0.0

row6col16
West 0.539941385453
East 0.0
North 0.0
South 0.0

row6col17
West 0.51147440569
East 0.0
North 0.0
South 0.0

row6col18
West 0.337298785672
East 0.0
North 0.0
South 0.0

row6col19
West 0.116570254466
East 0.0
North 0.0
South 0.0

row6col20
West 0.0242318239808
East 0.0
North 0.0
South 0.0

row6col21
West 0.00183327305977
East 0.0
North 0.0
South 0.0

row6col22
West 6.52466923231e-05
East 0.0
North 0.0
South 0.0

row7col1
West 0.0
East 0.000122804767717
North 0.0
South 0.0

row7col2
West 0.0
East 0.0
North 0.0
South 0.00135524365033

row7col3
West 1.09948020278e-05
East 0.0
North 0.0
South 0.0

row7col5
West 0.0
East 0.387672966192
North 0.0
South 0.0

row7col6
West 0.0
East 0.0
North 0.418112945777
South 0.0

row7col10
West 0.0
East 0.0
North 0.472507045665
South 0.0

row7col17
West 0.0
East 0.0
North 0.478857994366
South 0.0

row7col18
West 0.0
East 0.0
North 0.0304383810123
South 0.0

row7col20
West 0.0
East 0.0
North 0.00138015423119
South 0.0

row7col21
West 0.0
East 0.0
North 1.69039679871e-05
South 0.0

row7col22
West 2.0148853183e-08
East 0.0
North 0.0
South 0.0

row8col1
West 0.0
East 0.0
North 2.08129050187e-09
South 0.0

row8col2
West 0.0
East 0.0103378399148
North 0.0
South 0.0

row8col3
West 0.0
East 0.0440459860229
North 0.0
South 0.0

row8col4
West 0.0
East 0.128775969999
North 0.0
South 0.0

row8col5
West 0.0
East 0.0
North 0.26822256515
South 0.0

row8col6
West 0.0
East 0.0
North 0.397145129223
South 0.0

row8col8
West 0.0
East 0.00485530334085
North 0.0
South 0.0

row8col9
West 0.0
East 0.0690365794962
North 0.0
South 0.0

row8col10
West 0.0
East 0.0
North 0.343335851674
South 0.0

row8col11
West 0.0938824072213
East 0.0
North 0.0
South 0.0

row8col12
West 0.0108036349069
East 0.0
North 0.0
South 0.0

row8col13
West 0.0
East 0.0
North 0.0
South 6.71372292042e-07

row8col14
West 0.0
East 0.0
North 0.0
South 9.0543020942e-10

row8col15
West 0.0
East 0.0
North 0.0
South 7.94309292052e-08

row8col17
West 0.0
East 0.0
North 0.437748559564
South 0.0

row8col18
West 0.0190261814902
East 0.0
North 0.0
South 0.0

row9col5
West 0.0
East 0.00583974160867
North 0.0
South 0.0

row9col6
West 0.0
East 0.0
North 0.377059892549
South 0.0

row9col8
West 0.0
East 0.0
North 0.000171980862855
South 0.0

row9col9
West 0.0
East 3.07473900079e-08
North 0.0
South 0.0

row9col10
West 0.0
East 0.0
North 0.116232395527
South 0.0

row9col11
West 0.0292195003227
East 0.0
North 0.0
South 0.0

row9col12
West 0.00492222152255
East 0.0
North 0.0
South 0.0

row9col13
West 0.000665805110694
East 0.0
North 0.0
South 0.0

row9col14
West 6.44230407305e-05
East 0.0
North 0.0
South 0.0

row9col15
West 2.92006204282e-06
East 0.0
North 0.0
South 0.0

row9col17
West 0.0
East 0.0
North 0.384439620401
South 0.0

row9col18
West 0.0
East 0.0
North 0.0
South 0.000640628161045

row9col20
West 0.0
East 0.0
North 0.0
South 5.20206446736e-24

row9col21
West 0.0
East 0.0
North 0.0
South 1.03855713468e-17

row9col22
West 7.90842890635e-20
East 0.0
North 0.0
South 0.0

row10col1
West 0.0
East 0.0
North 0.0
South 1.25018867354e-06

row10col2
West 0.0
East 0.0
North 0.0
South 2.32731903495e-05

row10col3
West 0.0
East 0.0
North 0.0
South 5.70846973892e-06

row10col5
West 0.0
East 0.00406363301318
North 0.0
South 0.0

row10col6
West 0.0
East 0.0
North 0.357579459932
South 0.0

row10col17
West 0.0
East 0.0
North 0.318418048887
South 0.0

row10col18
West 0.0234418491838
East 0.0
North 0.0
South 0.0

row10col20
West 0.0
East 1.57756742987e-13
North 0.0
South 0.0

row10col21
West 0.0
East 0.0
North 0.0
South 7.54723764064e-12

row10col22
West 1.1974121849e-16
East 0.0
North 0.0
South 0.0

row11col1
West 0.0
East 4.81176305178e-05
North 0.0
South 0.0

row11col2
West 0.0
East 0.000628143964463
North 0.0
South 0.0

row11col3
West 0.0
East 0.00391066944328
North 0.0
South 0.0

row11col4
West 0.0
East 0.0174565347623
North 0.0
South 0.0

row11col5
West 0.0
East 0.0
North 0.0
South 0.06138378584

row11col6
West 0.0
East 0.0
North 0.338180474197
South 0.0

row11col8
West 0.0
East 0.0
North 0.0
South 2.15602345635e-06

row11col9
West 1.04886693582e-08
East 0.0
North 0.0
South 0.0

row11col10
West 0.0
East 0.0
North 0.0
South 1.02767120772e-07

row11col12
West 0.0
East 1.4541247377e-07
North 0.0
South 0.0

row11col13
West 0.0
East 4.41453128739e-06
North 0.0
South 0.0

row11col14
West 0.0
East 0.000151601217636
North 0.0
South 0.0

row11col15
West 0.0
East 0.0
North 0.0
South 0.00131959871044

row11col17
West 0.0
East 0.0
North 0.244719089129
South 0.0

row11col18
West 0.0
East 0.0
North 0.0
South 1.26386529263e-14

row11col20
West 0.0
East 0.0
North 0.0
South 4.88715280076e-09

row11col21
West 1.86664439648e-10
East 0.0
North 0.0
South 0.0

row11col22
West 5.3843472182e-16
East 0.0
North 0.0
South 0.0

row12col1
West 0.0
East 0.0
North 5.09527924317e-07
South 0.0

row12col2
West 0.0
East 5.09400486884e-07
North 0.0
South 0.0

row12col3
West 0.0
East 0.0
North 7.21905723078e-05
South 0.0

row12col5
West 0.0
East 0.172545993369
North 0.0
South 0.0

row12col6
West 0.0
East 0.0
North 0.318148499029
South 0.0

row12col8
West 0.0
East 0.000185801392548
North 0.0
South 0.0

row12col9
West 0.0
East 0.0
North 0.0
South 0.0035001941947

row12col10
West 2.38724567339e-05
East 0.0
North 0.0
South 0.0

row12col12
West 0.0
East 0.0
North 3.24905616505e-09
South 0.0

row12col13
West 0.0
East 2.23028458633e-06
North 0.0
South 0.0

row12col14
West 0.0
East 0.000370866789686
North 0.0
South 0.0

row12col15
West 0.0
East 0.0100342998067
North 0.0
South 0.0

row12col16
West 0.0
East 0.0492741459569
North 0.0
South 0.0

row12col17
West 0.0
East 0.0
North 0.172759926687
South 0.0

row12col18
West 0.00874983962751
East 0.0
North 0.0
South 0.0

row12col20
West 0.0
East 1.74056628496e-07
North 0.0
South 0.0

row12col21
West 0.0
East 0.0
North 0.0
South 3.61454824073e-06

row12col22
West 7.23111008247e-08
East 0.0
North 0.0
South 0.0

row13col5
West 0.0
East 0.0145497929808
North 0.0
South 0.0

row13col6
West 0.0
East 0.0
North 0.295279787845
South 0.0

row13col9
West 0.0
East 0.0
North 0.0
South 0.02517950335

row13col17
West 0.0
East 0.0
North 0.100080862445
South 0.0

row13col18
West 0.0
East 0.0
North 4.27292231797e-06
South 0.0

row13col21
West 0.0
East 0.0
North 0.0
South 3.57048230765e-05

row14col1
West 0.0
East 7.45392948372e-18
North 0.0
South 0.0

row14col2
West 0.0
East 0.0
North 0.0
South 3.64345136647e-06

row14col3
West 0.0
East 0.00499372353598
North 0.0
South 0.0

row14col4
West 0.0
East 0.0780216501705
North 0.0
South 0.0

row14col5
West 0.0
East 0.168326394986
North 0.0
South 0.0

row14col6
West 0.0
East 0.0
North 0.269431831394
South 0.0

row14col7
West 0.231790671695
East 0.0
North 0.0
South 0.0

row14col8
West 0.178321157466
East 0.0
North 0.0
South 0.0

row14col9
West 0.121449771823
East 0.0
North 0.0
South 0.0

row14col10
West 0.065121773017
East 0.0
North 0.0
South 0.0

row14col11
West 0.0284602564899
East 0.0
North 0.0
South 0.0

row14col12
West 0.0111190103015
East 0.0
North 0.0
South 0.0

row14col13
West 0.00393072385862
East 0.0
North 0.0
South 0.0

row14col14
West 0.0
East 0.0
North 0.0
South 2.51244512142e-06

row14col15
West 0.0
East 0.000438478956579
North 0.0
South 0.0

row14col16
West 0.0
East 0.00956527109274
North 0.0
South 0.0

row14col17
West 0.0
East 0.0
North 0.050822276437
South 0.0

row14col18
West 0.0183466302876
East 0.0
North 0.0
South 0.0

row14col19
West 0.00555414692697
East 0.0
North 0.0
South 0.0

row14col20
West 0.00124400381066
East 0.0
North 0.0
South 0.0

row14col21
West 0.000241029206958
East 0.0
North 0.0
South 0.0

row14col22
West 9.29912511443e-06
East 0.0
North 0.0
South 0.0

row15col1
West 0.0
East 1.9417829712e-07
North 0.0
South 0.0

row15col2
West 0.0
East 0.000559293013968
North 0.0
South 0.0

row15col3
West 0.0
East 0.00371637096651
North 0.0
South 0.0

row15col4
West 0.0
East 0.0
North 0.0219902442708
South 0.0

row15col5
West 0.00104369542886
East 0.0
North 0.0
South 0.0

row15col6
West 7.79292700366e-06
East 0.0
North 0.0
South 0.0

row15col7
West 0.0
East 0.0
North 0.113462581211
South 0.0

row15col8
West 0.0
East 0.00021482306007
North 0.0
South 0.0

row15col9
West 0.0
East 0.0
North 0.00936459596041
South 0.0

row15col10
West 0.0
East 0.0
North 0.00491030682964
South 0.0

row15col11
West 0.0
East 0.0
North 8.33777431306e-17
South 0.0

row15col12
West 0.0
East 3.75457522666e-06
North 0.0
South 0.0

row15col13
West 0.0
East 0.0
North 0.00118204481372
South 0.0

row15col14
West 0.000346897837327
East 0.0
North 0.0
South 0.0

row15col15
West 7.01106084381e-05
East 0.0
North 0.0
South 0.0

row15col16
West 0.0
East 0.0
North 0.000604156037443
South 0.0

row15col17
West 7.05964337663e-06
East 0.0
North 0.0
South 0.0

row15col18
West 0.0
East 6.7176807814e-08
North 0.0
South 0.0

row15col19
West 0.0
East 0.0
North 0.000241023288281
South 0.0

row15col20
West 2.69247044227e-06
East 0.0
North 0.0
South 0.0

row15col21
West 5.07535079927e-16
East 0.0
North 0.0
South 0.0

row15col22
West 0.0
East 0.0
North 3.85503097495e-07
South 0.0

row16col2
West 0.0
East 0.0
North 6.11024727434e-05
South 0.0

row16col7
West 0.0
East 0.0
North 0.0434677501465
South 0.0

row16col15
West 0.0
East 0.0
North 1.43557247446e-05
South 0.0

row17col1
West 0.0
East 0.0
North 0.0
South 1.98076583797e-18

row17col2
West 0.0
East 0.0
North 5.1576687267e-06
South 0.0

row17col3
West 2.61173257972e-07
East 0.0
North 0.0
South 0.0

row17col4
West 3.44123084553e-09
East 0.0
North 0.0
South 0.0

row17col6
West 0.0
East 1.16850937199e-06
North 0.0
South 0.0

row17col7
West 0.0
East 0.0
North 0.0137952294485
South 0.0

row17col8
West 0.0
East 0.0
North 0.0
South 9.18495002411e-06

row17col9
West 0.0
East 0.0
North 0.0
South 2.16961781312e-06

row17col10
West 4.21591689752e-09
East 0.0
North 0.0
South 0.0

row17col11
West 0.0
East 0.0
North 0.0
South 1.12334905767e-16

row17col13
West 0.0
East 5.10712448208e-10
North 0.0
South 0.0

row17col14
West 0.0
East 1.39128810384e-07
North 0.0
South 0.0

row17col15
West 0.0
East 0.0
North 2.63277609298e-06
South 0.0

row17col16
West 9.19570548242e-09
East 0.0
North 0.0
South 0.0

row17col18
West 0.0
East 0.0
North 0.0
South 3.99235124233e-12

row17col19
West 0.0
East 0.0
North 0.0
South 8.7054056834e-14

row17col20
West 0.0
East 0.0
North 0.0
South 1.76975648439e-27

row17col21
West 0.0
East 0.0
North 0.0
South 2.47294683503e-16

row17col22
West 0.0
East 0.0
North 0.0
South 0.0

row18col1
West 0.0
East 2.93465977519e-11
North 0.0
South 0.0

row18col2
West 0.0
East 0.0
North 1.33059271286e-07
South 0.0

row18col3
West 0.0
East 0.0
North 5.21340375968e-09
South 0.0

row18col4
West 0.0
East 0.0
North 6.13728002313e-11
South 0.0

row18col6
West 0.0
East 8.85026086293e-06
North 0.0
South 0.0

row18col7
West 0.0
East 0.0
North 0.00334907056569
South 0.0

row18col8
West 0.000565103949665
East 0.0
North 0.0
South 0.0

row18col9
West 7.70498766491e-05
East 0.0
North 0.0
South 0.0

row18col10
West 5.88296443293e-06
East 0.0
North 0.0
South 0.0

row18col11
West 2.61196189967e-07
East 0.0
North 0.0
South 0.0

row18col13
West 0.0
East 0.0
North 7.18488076898e-18
South 0.0

row18col14
West 0.0
East 0.0
North 1.8887703381e-09
South 0.0

row18col15
West 0.0
East 0.0
North 2.99641729283e-07
South 0.0

row18col16
West 3.44347623123e-08
East 0.0
North 0.0
South 0.0

row18col17
West 2.20981641589e-09
East 0.0
North 0.0
South 0.0

row18col18
West 1.84189186064e-10
East 0.0
North 0.0
South 0.0

row18col19
West 1.26486854e-11
East 0.0
North 0.0
South 0.0

row18col20
West 7.40931901746e-13
East 0.0
North 0.0
South 0.0

row18col21
West 2.38754473262e-14
East 0.0
North 0.0
South 0.0

row18col22
West 1.64670361913e-23
East 0.0
North 0.0
South 0.0

row19col1
West 0.0
East 0.0
North 9.54026465037e-14
South 0.0

row19col2
West 0.0
East 0.0
North 2.38438624318e-09
South 0.0

row19col3
West 1.37839115231e-17
East 0.0
North 0.0
South 0.0

row19col4
West 0.0
East 0.0
North 1.11575241151e-13
South 0.0

row19col6
West 0.0
East 0.0
North 1.23114363304e-07
South 0.0

row19col7
West 1.29468260767e-09
East 0.0
North 0.0
South 0.0

row19col8
West 0.0
East 0.0
North 3.3099733744e-12
South 0.0

row19col9
West 1.71221465784e-24
East 0.0
North 0.0
South 0.0

row19col10
West 0.0
East 0.0
North 1.1094814999e-17
South 0.0

row19col11
West 0.0
East 0.0
North 1.37258824631e-09
South 0.0

row19col13
West 0.0
East 4.12704305904e-14
North 0.0
South 0.0

row19col14
West 0.0
East 0.0
North 4.07725678479e-12
South 0.0

row19col15
West 0.0
East 0.0
North 1.07829310151e-12
South 0.0

row19col16
West 0.0
East 0.0
North 1.19359738856e-09
South 0.0

row19col18
West 0.0
East 0.0
North 3.87677787748e-14
South 0.0

row19col19
West 0.0
East 0.0
North 2.68896128268e-14
South 0.0

row19col20
West 1.57110215228e-25
East 0.0
North 0.0
South 0.0

row19col21
West 0.0
East 0.0
North 4.04544887835e-18
South 0.0

row19col22
West 1.0267085177e-20
East 0.0
North 0.0
South 0.0
