0.081450625
0.0454487247069
0.0302991498046
0.0376927858344
0.0301542286675
0.0251285238896
0.0215387347625
0.0313463929172
0.0278634603708
0.0250771143338
0.0227973766671
0.0208975952781
0.019290087949
0.0179122245241
0.0172310427244
0.0196093599115
0.018455868152
0.0174305421435
0.0165131451886
0.0156874879292
0.0149404646945
0.0142613526629
0.0136412938515
0.0130729066077
0.0149449381003
0.0157539592059
0.015302508614
0.0147559904492
0.0142471631923
0.0137722577526
0.0133279913735
0.0133798986869
0.0143783600302
0.0162312933749
0.0157675421357
0.0153295548541
0.0149152425608
0.01533157004
0.0168233038611
0.0181485645048
0.0177059165901
0.0172843471474
0.0168823855859
0.0164986950044
0.0161320573376
0.0190919705224
0.0186857583836
0.0182964717506
0.017923074368
0.0175646128806
0.0176000351466
0.0172615729322
0.0169358828769
0.0166222554162
0.0163200325905
0.0160286034371
0.015747399868
0.0154758929737
0.0154205160568
0.0151635074558
0.0163944335631
0.0181679428516
0.0178795628063
0.0176001946375
0.0191030287042
0.0188135888753
0.018991530635
0.0187122434198
0.0184410514861
0.0181776078935
0.0179215852471
0.0188039330214
0.0186094542115
0.0183579751006
0.0181132020992
0.0183229778957
0.0180850171438
0.0178531579496
0.0176271686085
0.0180164227248
0.0179610051038
0.0177419684562
0.0185611917278
0.0183402251597
0.0193009283931
0.0190764989932
0.0188572288898
0.0186429421979
0.0184334709372
0.0182286545935
0.0200694111364
0.0218132218849
0.0215786711119
0.021349110781
0.0211243832991
0.0209043376397
0.0206888290042
0.0204777185042
0.0213326612573
0.021688134737
0.0214734007297
0.0218807687713
0.021668334123
0.0214599847565
0.0219939680172
0.0217864777529
0.0215828658113
0.0215718270776
0.0213739204072
0.0218925118057
0.0216952819696
0.0215015740949
0.0213112946781
0.0220015464792
0.0218843657188
0.0216957073937
0.0215102739971
0.0227448320565
0.022553699014
0.0223657515222
0.0221809106005
0.0223246853648
0.0221431838578
0.0219646097944
0.0217888929161
0.021723327063
0.0215522772436
0.0218060563961
0.0218633652801
0.0224644163164
0.0228836046938
0.0227102440522
0.0233495088448
0.0231752587788
0.0230035901953
0.0228683210019
0.0227479873819
0.0225831468936
0.0231215209107
0.0229563671899
0.0227935560751
0.0233372634267
0.0237436505706
0.0235787641083
0.023416151942
0.0237340805562
0.0235726242259
0.0234133497378
0.0237495634246
0.0235912330018
0.0237554585962
0.0241350320594
0.0244337163571
0.0242750558613
0.0241184425977
0.0248603194541
0.0247073734936
0.0252889851136
0.0256165895704
0.0254564858856
0.0266806393759
0.0265159440712
0.0264849497909
0.0268737610727
0.0278062685813
0.0276387609393
0.0274732593768
0.027309728071
0.027232389882
0.0270721993533
0.026913882398
0.0271847853437
0.0270328063817
0.0269165804423
0.0267627714112
0.02661071021
0.0269970903783
0.0276466432932
0.028022919029
0.0278672361455
0.0288540748075
0.0286955359349
0.0288192445273
0.0286626181983
0.0288483604836
0.0286932617713
0.0285398218688
0.0283880143056
0.0282991794264
0.0281502363768
0.0284292960031
0.0282812267531
0.0281346918994
0.0282284776268
0.0284606864034
0.0283154788197
0.0281717454247
0.0280294638822
0.0283194540134
0.0281778567433
0.0280376684013
0.0283939175677
0.0282594434106
0.0281209167272
0.0279837415237
0.0282860049143
0.0281493575476
0.0280228219747
0.0280148276563
0.0278814237151
0.0277492842662
0.0276183914159
0.0274887276065
0.0277970383461
0.027670801025
0.0275426954647
0.0278535586193
0.0277257900017
0.0275991882209
0.0279539533069
0.0278274648304
0.0277021158897
0.027656287843
0.0275328222723
0.0274177943397
0.0272964766656
0.0271762278697
0.0270570338878
0.0269388809014
0.0268217553323
0.0268961748627
0.0267802430745
0.026665306409
0.0274016264072
0.0272850237416
0.0271694092343
0.0275512946445
0.0277777624191
0.0277776000546
0.027738537517
0.0276234398509
0.0278130503849
0.0280895398895
0.0287209367788
0.0286037084655
0.0288939372928
0.0291818160892
0.029064147476
0.0289474239921
0.0291411466712
0.0296309410794
0.0297766200557
0.0296589259053
0.0295421584805
0.0295296480921
0.0294142979043
0.0295579856289
0.0294732434269
0.0297079027187
0.0295936415544
0.0294802559546
0.0297303313135
0.0299432863276
0.0301972752302
0.0300833232482
0.029970228048
0.0299426000557
0.0302990205475
0.0305218866421
0.0307431018768
0.0314204679052
0.0313049514791
0.0317869892026
0.0316709782931
0.0318675838266
0.0320051423258
0.0318896002957
0.0324241700788
0.0326484562076
0.0328711402926
0.0327541611456
0.0333826535721
0.0332646936654
0.0332482220715
0.0331315616432
0.0333478848542
0.0332316901335
0.0331163023205
0.0330017130391
0.0331687782528
0.0339417913644
0.0338255523529
0.033988095263
0.0341956187485
0.0343305201391
0.0344386671762
0.0343227120678
0.0345750525929
0.0344594169655
0.0343445522423
0.0342304507398
0.034401003883
0.0342874692168
0.0341746814891
0.0340699996115
0.0339586597435
0.0338480452166
0.0340165174724
0.0341838992929
0.03407362865
0.0339640671431
0.034144470774
0.034338897385
0.034751063919
0.0346407430812
0.0345311204765
0.0346790726256
0.0345700189381
0.0347304185652
0.0346218860072
0.0347430302535
0.0351322870838
0.0350235183931
0.0353634646554
0.0354485768902
0.0356975137999
0.0358643409748
0.0357549984718
0.0356463206649
0.0356363419795
0.0355339314614
0.0354269015473
0.035484668357
0.0356551552293
0.0355487219301
0.0359303007014
0.0358702095028
0.0360173639847
0.0359111180732
0.0358054971377
0.0357004956798
0.0361120457655
0.0365147386772
0.0368808597542
0.0370493210303
0.0369422420677
0.0371307250543
0.0370240275685
0.0373536995329
0.037334790925
0.0374488744088
0.037342485561
0.037236699483
0.0371315110664
0.0372044503055
0.0373534546586
0.0372488231329
0.0376622342415
0.0377961486308
0.0384580537177
0.0384756853568
0.038596546851
0.0389306436749
0.0389221765006
0.0390758143732
0.0389690498531
0.0390260107361
0.0393410482452
0.0394336448327
0.0393719548154
0.0392658309479
0.0393792309319
0.0392736565863
0.0391686468093
0.0392602215886
0.0392100366445
0.0391060312422
0.0391873214495
0.0390871280731
0.0391986109598
0.0395588524664
0.039455295261
0.0393522788243
0.0393002446306
0.0396916725666
0.0398447401481
0.0397417821633
0.0398826739602
0.0398149231156
0.0399326733127
0.0398305437135
0.0401341104865
0.0400343783852
0.0400948818528
0.0402218568355
0.0401495749296
0.0400484424991
0.0399692397768
0.0404922210054
0.040565574777
0.0406675325082
0.0407588523123
0.0410837698624
0.041102463787
0.0410997663904
0.0409985354387
0.0411084591845
0.0413572558758
0.0412583198588
0.0414758811291
0.0416061101288
0.0415051244246
0.041601844765
0.0417084526279
0.0416456745758
0.0416970670431
0.0420590964539
0.041958476606
0.0418583370437
0.041761877164
0.0418464762532
0.0419542013345
0.042310992995
0.0424179570964
0.0425198854326
0.042420073495
0.0428722200062
0.0429270560415
0.0428269929738
0.0429921543773
0.0432885830637
0.0437728435755
0.0441519507531
0.0440756059611
0.0441713804302
0.0442386689821
0.0443336319821
0.0442324136442
0.0443788719171
0.0443379017751
0.0445315803808
0.0444373993083
0.0443370891519
0.0442661750224
0.044347459049
0.0447487649253
0.0446982238689
0.0446670574914
0.0447440681482
0.0446923343887
0.0447216461133
0.0446227044184
0.045122362563
0.0451948391781
0.0450955098612
0.0452910518722
0.045212618114
0.0454449595878
0.0454832602008
0.0457369326355
0.0459131404259
0.0460746962233
0.04598178406
0.0460674644822
0.0464687857762
0.0466830783454
0.0465831145802
0.0466183876683
0.047180992403
0.0472305052227
0.0476328897526
0.0475709611536
0.0477993535816
0.0478384731798
0.0481211335808
0.0480845199076
0.0481459320121
0.0481704670789
0.0482469199012
0.0484450365653
0.0485136552522
0.0484130045152
0.0486319617197
0.0487431738957
0.0490129173085
0.0490833269821
0.0492853928198
0.0493679024576
0.0495614494726
0.0498338578231
0.0499069813306
0.0498266632183
0.0501829152845
0.0506594076398
0.0507302724729
0.0508728176777
0.0507807138072
0.0509376062343
0.0510287926956
0.0509796489995
0.0510766858793
0.0509993503227
0.0512399889968
0.0513363040238
0.0513641643491
0.0515553353977
0.0517952577731
0.0518297563176
0.051786617152
0.0518773270706
0.0522484758524
0.0522201299235
0.0526281960176
0.0528999743013
0.0529249390461
0.0529460604884
0.0528669912709
0.0531801696611
0.0533223027637
0.0535593919125
0.0538917419066
0.0537885010217
0.0536932073475
0.053729936175
0.0536275934394
0.0538362914758
0.0538661106397
0.0539401685639
0.0540904251482
0.0542560972262
0.0545060587124
0.0545647644291
0.0547142914505
0.0549466361241
0.0550957478918
0.0550709648426
0.0549851240946
0.0550362061094
0.0552212271262
0.0552004705331
0.0553088959615
0.0553821267807
0.0556691625172
0.0556901973835
0.0558638215675
0.0560733475355
0.05618556674
0.0562171791895
0.0562541359764
0.056383763972
0.0567040611503
0.0568025711766
0.0571766212152
0.0572686794103
0.0573281052132
0.0574137453579
0.057329628823
0.0573913523717
0.0579494062365
0.0582154789544
0.0586008346865
0.0587552926639
0.058768768242
0.0587603737294
0.0589598686432
0.0590662825277
0.0592164991435
0.0595934484412
0.0595789075019
0.0596433458589
0.0597396369019
0.0596657607211
0.0597240204987
0.059967921462
0.0600747437909
0.0603138121364
0.0604515583054
0.0605268376145
0.060524512055
0.060766039821
0.06090514166
0.0610968419573
0.0612854843576
0.0611805434597
0.0612764263847
0.0613978277544
0.0614005996679
0.0614471299366
0.061711956731
0.0616260352976
0.0617487141401
0.0619949164928
0.0622131122612
0.0626070027581
0.0626350255334
0.0629771895105
0.0630785222923
0.0630996864578
0.0630599501507
0.0631715447102
0.0633951106371
0.0636902348151
0.0639188880169
0.0639466095562
0.0640721061519
0.0640369919112
0.0640314720148
0.0645402248503
0.0645514248949
0.0647828613596
0.0650383409194
0.0652300665361
0.065532433995
0.0657374056125
0.0658645613387
0.0663142974551
0.0663031344793
0.0663901952932
0.0665691643238
0.0667370173139
0.0667183029916
0.0668514540402
0.0669851302436
0.0671372321389
0.0670871703151
0.0672428791393
0.0675901791726
0.0675799305102
0.0678009056059
0.0680021263177
0.0680613467469
0.0679666647027
0.0682264013447
0.068441377116
0.0687120963742
0.0687740487078
0.0689574440398
0.0691800051555
0.0692193194521
0.0694058083622
0.0695164963917
0.0697970861435
0.069888922887
0.0699278814235
0.0700977615367
0.0702234373774
0.0702635610094
0.0707471982263
0.0709846447412
0.0711075074685
0.0711339167727
0.0710797981767
0.0714301267819
0.0717330302177
0.071788573348
0.0718049357389
0.0721693856218
0.0725091545999
0.0725536932102
0.072657250011
0.0730696915507
0.0733468006314
0.0737007846685
0.0737138892194
0.0738585664619
0.0739602566149
0.0741336525862
0.0745941634913
0.0746728432946
0.0748174821782
0.0748402947706
0.0748425419653
0.0749555356367
0.0751147932766
0.075166985612
0.0753581662668
0.0753260846264
0.0754477356244
0.0757901193002
0.0759666062395
0.076196099898
0.0762531634671
0.0764725564745
0.076887610388
0.0770663182911
0.077139113472
0.0773892851761
0.0773929451317
0.0775846262505
0.0779945060283
0.0781654471293
0.0781770889553
0.0783567064992
0.0788382497039
0.0791209013344
0.0792643945584
0.0793061794669
0.079331607148
0.0793935519092
0.0796316823883
0.0800381498653
0.0802397065442
0.0805806570299
0.080782366236
0.080868887049
0.0811785758925
0.0813495330668
0.0813898929901
0.0814118710446
0.0815233106285
0.0814928610972
0.0816921604987
0.08180044173
0.0819875254401
0.0822101434478
0.082414652556
0.0823560232583
0.0825037196922
0.0826509012867
0.0827054039573
0.0826747904686
0.0830847397607
0.0831566547041
0.083227876772
0.0835239638483
0.0836975285223
0.0837508670133
0.083991109787
0.0842197183242
0.0844981906886
0.0848456191345
0.0849956380844
0.0853272683789
0.0853910647754
0.085645151959
0.0858073333907
0.0859653529273
0.0861553260876
0.0862678925083
0.086392337812
0.0868009311413
0.0869425494279
0.0871843290579
0.0873347373334
0.0874203536414
0.0874212387994
0.087682496855
0.0879125001974
0.0881841163602
0.0884565777939
0.0886932615951
0.0887885173695
0.0889038352878
0.0890185401369
0.0891625103801
0.0894573730717
0.0896946547329
0.0896794455507
0.0897506842517
0.0899452201665
0.0901995658337
0.0903669657482
0.0904252144546
0.0905347151221
0.0905982218673
0.0907562928855
0.0908702303469
0.0909505257483
0.0912163526875
0.0914799304961
0.0915266773047
0.0917574965438
0.09180170041
0.0918998706248
0.0921096763303
0.0921969888558
0.092447863188
0.0926157311021
0.0927266607268
0.0928667684352
0.0929037970884
0.0933281651609
0.0936249207871
0.0938804676851
0.0940064395069
0.0943358782259
0.0943635590181
0.0945057552135
0.0946977276142
0.0949189603624
0.0950532393008
0.0951662418198
0.0953522693082
0.0956199873333
0.0957179773226
0.0958512532531
0.0960805271204
0.0962288804285
0.0963856179806
0.0963924748776
0.0965080197064
0.0964998322422
0.0966376195939
0.0967271174372
0.0969104910494
0.0969386237601
0.0971239557743
0.0973461189742
0.0973669553912
0.097568567687
0.0977383025959
0.0979879259282
0.0983725426961
0.0986260622928
0.098683964122
0.0987332006931
0.0987719473241
0.0990075867583
0.0992392583701
0.0993169959701
0.0994498596071
0.0995071693785
0.0996045718604
0.099738210316
0.0998435535453
0.0999955841411
0.100120354266
0.100291377399
0.100526613756
0.100636913464
0.100833433908
0.100876379483
0.100982886401
0.101151606451
0.101381703407
0.101511937551
0.101556450078
0.101618966231
0.101832532192
0.102012876217
0.102154945007
0.102284192061
0.102337326776
0.102516351691
0.10278801179
0.102920673256
0.103076159437
0.103245282696
0.103398428581
0.103656767278
0.103903459535
0.104038038681
0.104288272374
0.104539174689
0.104675275473
0.104967937356
0.105136247215
0.105402801111
0.105494257225
0.105504526766
0.105556641625
0.105723988611
0.105745500932
0.105999761196
0.106053060963
0.106193884791
0.106350154204
0.106493589829
0.106653956124
0.106744424714
0.106907916745
0.107159668474
0.107314408566
0.107451863422
0.107427330326
0.107486765428
0.107634612039
0.107777651751
0.107896088776
0.108081183727
0.108292132948
0.108420016528
0.1084200434
0.108522547444
0.108668020722
0.108890845981
0.109179825614
0.109259389558
0.109384798514
0.109438758375
0.109602416985
0.109776381936
0.110050163529
0.110078091718
0.110331674551
0.11048625705
0.110702040584
0.110727786544
0.110796343785
0.111046518858
0.111294566614
0.111611974572
0.111876665287
0.112052960766
0.112104144269
0.112253033543
0.112418996428
0.112790904147
0.112885391093
0.113066002838
0.113222482788
0.113231334512
0.113525391295
0.113669076601
0.113831243651
0.114007759177
0.114179642938
0.114370267343
0.114655212106
0.114653546579
0.114858076391
0.115029969007
0.115238097905
0.115490490573
0.11560337109
0.115691986091
0.116022227293
0.116138810021
0.116388612655
0.116617502934
0.116714399119
0.116750902344
0.116801620451
0.116897332377
0.117261100249
0.117393101122
0.117637016115
0.117884480023
0.118004696587
0.118133941626
0.118250711231
0.118502161044
0.118695869848
0.118781226121
0.119031474111
0.11908058442
0.119156641069
0.119311084124
0.119519142003
0.119689209471
0.119925761528
0.120081724699
0.120287110713
0.120373005457
0.120500005586
0.120769244058
0.120832896455
0.120950315541
0.121024784074
0.121068797544
0.121236266907
0.121303707394
0.121542821841
0.121767387876
0.121899201851
0.122166460424
0.122210826602
0.122309317718
0.122349682781
0.122532156134
0.122678205997
0.122928693903
0.123001466055
0.123148087042
0.123295150618
0.12367071866
0.123897258203
0.124050833194
0.124292356926
0.124569080284
0.124804022242
0.125003404423
0.125085079934
0.125206876279
0.125389040517
0.125518372208
0.125572351695
0.125704692641
0.125837144854
0.125959776291
0.126096388841
0.126326042533
0.126501304659
0.126673368657
0.126817519553
0.126973331329
0.127145981585
0.127429456763
0.127524814599
0.127741625698
0.127994008792
0.128245100949
0.128372750512
0.128466911619
0.128746257335
0.128976416356
0.129095249214
0.129335369804
0.129448227958
0.129620357966
0.12963608178
0.129722994842
0.129998839077
0.130227913285
0.130388080002
0.130500963412
0.1306105485
0.13080007444
0.130997857573
0.13123532694
0.131330229791
0.131439887293
0.131574017076
0.131839035198
0.131748304297
0.131971776441
0.132209598413
0.132426399472
0.132725454353
0.132807192287
0.132906486264
0.133092406591
0.133251570267
0.133395234863
0.133442801812
0.133593674955
0.133624962569
0.133873011554
0.133993576041
0.134175299925
0.134262055913
0.134468378093
0.134561320577
0.134666907389
0.134775142916
0.134924962655
0.135089130495
0.135227405378
0.13536895174
0.1356765281
0.135787445666
0.135856312503
0.135981212556
0.136183343968
0.13641813058
0.136589032747
0.13672037626
0.136844522243
0.137061610444
0.137104858023
0.137189131464
0.137350493073
0.137595580929
0.137724154575
0.137864928042
0.138074222022
0.138291490411
0.13844525586
0.138559695694
0.138609906179
0.138786189794
0.139004878
0.139043404673
0.139121873161
0.139247782598
0.139373440527
0.139649038471
0.139761171813
0.139994601672
0.140281686347
0.140467512654
0.140530060607
0.140667701926
0.140927980383
0.14111495213
0.141237443638
0.141457087911
0.141620521335
0.141845316361
0.142005050049
0.142257383932
0.142454094189
0.142597285363
0.142785951759
0.142998914998
0.14324877474
0.143326419796
0.143517994248
0.143651210482
0.143811647022
0.143977520107
0.144083909194
0.144190725311
0.144321321794
0.144431785008
0.144718455326
0.144879405834
0.145065455048
0.145224975578
0.14542915505
0.145550819147
0.145757822631
0.145920169195
0.146088790721
0.146207644287
0.146277047779
0.146520007586
0.146618329541
0.146810862705
0.146952123825
0.147065772631
0.147242500398
0.14740000295
0.147503523674
0.147686216301
0.147722885363
0.147750759316
0.147901050887
0.14803137167
0.14824683554
0.148393719765
0.148447476857
0.148618710568
0.148828217465
0.148923662037
0.149037925785
0.149117638719
0.149278596692
0.149397062243
0.149592042328
0.149656480106
0.149786180532
0.149931774126
0.150123338543
0.150282651437
0.150440314165
0.150614110796
0.15072260695
0.150805288714
0.150920094472
0.151087296622
0.151202600692
0.151344062946
0.151471966823
0.151559124339
0.151737920007
0.151802547623
0.151900741726
0.151914820611
0.152081491291
0.152256236416
0.152509695428
0.152646540763
0.152737028167
0.152944880839
0.153161809549
0.153277147542
0.153399953251
0.15355058995
0.153688621175
0.153798053453
0.153897279262
0.153967178367
0.154095162636
0.154236022467
0.154298208043
0.15441511629
0.154533123671
0.154598682427
0.154737708411
0.154955950862
0.155115004953
0.155251803772
0.155393712953
0.15555611053
0.155811680904
0.15598150823
0.15607365181
0.156224871259
0.15636476872
0.15652180296
0.156738657738
0.156904307031
0.156994291646
0.15712365268
0.157180339235
0.157325659863
0.157393084419
0.157512442745
0.157557023191
0.157791741767
0.15805305207
0.158138901396
0.158218519284
0.158446643379
0.158508878873
0.158600384068
0.158728544716
0.158858244601
0.159041248037
0.159241236551
0.159303720479
0.159496197086
0.159587746389
0.159791177645
0.159943456803
0.160062298419
0.160186102961
0.160264677671
0.160376037749
0.160589099928
0.160647216312
0.160704669232
0.160814183077
0.160892132735
0.161011264768
0.16116101671
0.16129480613
0.161405489443
0.161465200089
0.161656486837
0.161736022347
0.161768303927
0.161852033843
0.161889384895
0.162016413825
0.162118616341
0.162252624711
0.162353385148
0.1623934663
0.162540537166
0.162663171994
0.162738161136
0.162832533202
0.162953636666
0.163035947106
0.163200452159
0.16334946717
0.163472349853
0.16370623304
0.16381397109
0.164031916986
0.164184936839
0.164332316509
0.164505560783
0.164560738564
0.164628657072
0.164808518125
0.164962783582
0.165058579883
0.165206192481
0.165278979264
0.16543906983
0.165544959856
0.165643591222
0.165705530931
0.165893440225
0.165957967006
0.166038663614
0.166120313194
0.166280205364
0.166477532919
0.166613069952
0.166684326157
0.166788481152
0.166866257116
0.166961830206
0.167143578791
0.167285221946
0.167346040438
0.167472052601
0.167596536143
0.167733857096
0.167859869078
0.168003720319
0.168143517206
0.168408612614
0.168589011826
0.168746049126
0.168822720805
0.168951455551
0.169124464473
0.169221050969
0.169369148922
0.169478889471
0.169667313155
0.169821092141
0.170018808023
0.170128420954
0.17022669278
0.170406202195
0.170561515481
0.170702489283
0.170798339781
0.170880077942
0.170976948355
0.171114372599
0.171220178701
0.171367985982
0.171414067701
0.171465671706
0.171648051293
0.171745245743
0.171924698795
0.172000839457
0.172116332678
0.17223188377
0.172390466294
0.172450404508
0.172526766967
0.172611355532
0.172715277119
0.172814638285
0.172986317807
0.173164813068
0.173229626716
0.173430980191
0.173603505808
0.173657548204
0.173802731694
0.173896882073
0.174068102611
0.174263344259
0.174320781933
0.174436425976
0.174516838801
0.174717692821
0.174907313153
0.174973640468
0.175093873756
0.175189874681
0.17532292434
0.175499460003
0.175671510886
0.175756307415
0.17586816535
0.176057813656
0.176128495469
0.176264568787
0.176406850462
0.176502483453
0.176602136038
0.176725929968
0.176770172492
0.176812551807
0.176872191114
0.176935054766
0.177126425577
0.177158495872
0.177374420202
0.177487037858
0.177599330462
0.177712956257
0.177778276113
0.177934886501
0.178046679084
0.178159241421
0.178281460401
0.178425903131
0.178595381079
0.178656295787
0.178766052593
0.178886096098
0.17912796606
0.179238205886
0.179327357099
0.179431761793
0.179530300373
0.179634937732
0.179737542461
0.179823905467
0.179966065643
0.18018271086
0.180294719216
0.180397557404
0.180523455639
0.180635669604
0.180711569575
0.180733660949
0.18079432539
0.180898595095
0.181034583626
0.181051623396
0.181168841965
0.181209114711
0.181301482795
0.181477145616
0.181538794512
0.181642549988
0.181782029275
0.181866504452
0.181933135372
0.182020024901
0.182217096711
0.182366098201
0.182467683597
0.182549511595
0.182684485912
0.182801729659
0.182952007332
0.183113052265
0.183197220542
0.183355522267
0.183533829983
0.183641078822
0.183791150379
0.183940866211
0.184078516766
0.184140217123
0.184242356959
0.184333190156
0.184420388515
0.184516121303
0.184625473639
0.184777252745
0.184932123835
0.185115274193
0.185242427947
0.185329284719
0.185526880207
0.18559811089
0.185693578573
0.185779725796
0.185886647081
0.185939281211
0.18602524091
0.186114602321
0.186267960466
0.186311640496
0.186392009811
0.186546332403
0.186611760723
0.186746504684
0.186858508543
0.186997045607
0.187088548188
0.187234624846
0.187319020904
0.187446281405
0.187542737688
0.18762147379
0.187719864775
0.187785008772
0.187875334863
0.187926512829
0.188008544785
0.188132666466
0.188260397246
0.188347832338
0.188388291476
0.18843931372
0.188490404617
0.188596092517
0.188733759767
0.188839377441
0.188935163363
0.189024734643
0.189157047594
0.189268328302
0.189369548394
0.189532845995
0.189613800401
0.189770715867
0.189818394904
0.189948863087
0.190033279189
0.190076603713
0.190166934855
0.190307215135
0.190373887808
0.190517434552
0.190609875659
0.190787386905
0.190870339568
0.191004418576
0.191101099717
0.191188606636
0.191207163955
0.19135074039
0.191404688491
0.191539140791
0.191590152643
0.191713870943
0.191785345428
0.191861525
0.192028898656
0.192141528905
0.192227541388
0.192342493256
0.192409389545
0.192606517034
0.19270784802
0.192859661989
0.192937744593
0.193019819174
0.193105995498
0.19313847148
0.193225648191
0.193317529588
0.193382027483
0.193467225379
0.193602449826
0.193676904326
0.193695034368
0.193717030955
0.193807676179
0.193858302201
0.194040882088
0.194165003277
0.194247818344
0.194331154119
0.194367450875
0.194492034292
0.194533401439
0.194575602633
0.194652510272
0.194704830505
0.19475612951
0.194910523425
0.194971659809
0.195155972747
0.195275818616
0.195351055423
0.195456391744
0.195577509165
0.195624843285
0.195728054266
0.195801378878
0.195914037888
0.195986618238
0.196077879714
0.196117585328
0.196148944906
0.196235790618
0.196297890158
0.196374738164
0.19642751389
0.196543687371
0.19668709664
0.19678883951
0.196888376989
0.196976199593
0.197101101731
0.197160453973
0.19728587893
0.197326300009
0.197474933091
0.197540637673
0.197658032004
0.197787972477
0.197873684747
0.197981937041
0.198104804173
0.198158516817
0.198238388463
0.198372938553
0.198545788617
0.198706969054
0.198788440269
0.198900428565
0.198957367399
0.199062851551
0.199087672911
0.199293440808
0.199331763321
0.199385863245
0.199491013921
0.199614755365
0.199736380235
0.199765424495
0.199861309011
0.199962218241
0.200062222081
0.200117803107
0.200161894053
0.200191796158
0.20025148368
0.200429321449
0.200535400326
0.200622934462
0.200669461823
0.20072138459
0.200835967866
0.200959423339
0.200999348985
0.201046334596
0.201078063121
0.201212288335
0.201285835769
0.201356501549
0.201461685149
0.201547012556
0.201633985518
0.201697953766
0.201776623999
0.201950602473
0.20205002325
0.202159037619
0.20221045862
0.202253556668
0.202423711862
0.202526414703
0.20259829836
0.202609116067
0.20266424723
0.202740709892
0.202824258684
0.202940246297
0.203084966321
0.203160594353
0.203268524006
0.203313476204
0.203379712306
0.203457812113
0.203535261722
0.203629032463
0.203752373035
0.203873404584
0.203960840722
0.204060972082
0.204190657375
0.204244678985
0.204430334515
0.204534941532
0.204580349759
0.204621660698
0.204684496987
0.204769407321
0.204849923196
0.205031098926
0.205058318005
0.205116665628
0.205170246979
0.205250922796
0.205356593692
0.205376899677
0.205434637849
0.205503717471
0.205550745393
0.205642896779
0.205755349973
0.205816976633
0.205955967642
0.206042099945
0.206099621729
0.206145794904
0.206253617342
0.206333253345
0.206357083854
0.206394673109
0.206474402354
0.206514273949
0.206602310781
0.20662251249
0.206688771254
0.206786001629
0.206885548304
0.206969530356
0.20704105338
0.207197372739
0.207293041577
0.207346343273
0.207409230141
0.20750378697
0.207595407795
0.207671379114
0.207795585644
0.207863134775
0.207957488773
0.208045341101
0.208065210412
0.208160483417
0.208242594095
0.208261550113
0.208328587233
0.208427079759
0.208560583075
0.208564410905
0.208672427437
0.208740907948
0.208771534588
0.208866376272
0.208934575208
0.208988297359
0.209028435035
0.209148206999
0.209209082977
0.209241898911
0.209337208219
0.209388875473
0.20944221778
0.209467585703
0.209508151157
0.209579883751
0.209719809825
0.209818956929
0.209904779424
0.21001185529
0.210039747631
0.210083084859
0.210159644783
0.210231545829
0.210329792763
0.210429243435
0.21054526584
0.210602804502
0.210717411113
0.21081968998
0.210895236243
0.211053428641
0.211084129844
0.211104926861
0.211153593504
0.211261303805
0.211326037642
0.21138702092
0.211459764842
0.21156082768
0.21160308075
0.211673085142
0.211753624553
0.211846509733
0.212036072903
0.212163288448
0.212244507677
0.212306145839
0.21240510502
0.212423749047
0.212446170526
0.212483723214
0.212599980168
0.212671622397
0.212686004098
0.212766728812
0.212771895148
0.212864567546
0.212994962763
0.213039123881
0.213067416338
0.21312699479
0.213217609059
0.213250468303
0.213357584854
0.213412502267
0.213457140024
0.213511880661
0.21354197377
0.21363095359
0.213697836769
0.213812024735
0.213902340517
0.213969803553
0.214024163657
0.214161098055
0.214294959186
0.214315090958
0.214392503398
0.214452169217
0.214511241903
0.214553353541
0.214625104282
0.214665681134
0.214769723212
0.214869693466
0.214955241783
0.215028680729
0.215078099219
0.215097139358
0.215208016365
0.21533527621
0.215403142841
0.215470021952
0.215507358393
0.215558630387
0.21559286411
0.215629731515
0.215680265587
0.215767678541
0.215843983122
0.215915063358
0.216004154795
0.216093394479
0.216140897225
0.216155572123
0.216247039169
0.21636460498
0.216463995926
0.216546313878
0.216584196637
0.216634199327
0.216654160013
0.216710771885
0.216759850237
0.216856232818
0.216931091063
0.217002356482
0.217058377535
0.217123241575
0.217226779322
0.21726254176
0.217324921928
0.217352538288
0.21734952074
0.217439235598
0.217524130644
0.217600712543
0.217658883155
0.217706686483
0.217774122797
0.217851482621
0.21796141879
0.218029680117
0.218101004236
0.2181649716
0.218194443345
0.218217245498
0.218295754561
0.218322331926
0.218450537128
0.21858705165
0.21864965296
0.218727162013
0.218793758553
0.218834621204
0.218856735488
0.218889394632
0.218981100309
0.219027815303
0.219094700111
0.219115920721
0.219177061987
0.219241969827
0.219276474728
0.219343916514
0.219409181566
0.219455967027
0.219513189995
0.219563915228
0.219634263475
0.219710468912
0.219868074021
0.22001211549
0.220129127218
0.220251323752
0.220315461785
0.220367959513
0.220464434571
0.220515945806
0.220576550111
0.220654385961
0.220731361842
0.220773946219
0.220851848601
0.220877706206
0.220882394378
0.220916427101
0.22100188655
0.221041697749
0.221085501942
0.221193226304
0.221231865065
0.221271722337
0.221324144378
0.221387116262
0.221420530918
0.22148634462
0.221592265569
0.221707359169
0.221761935045
0.221851081618
0.221940527526
0.221987932544
0.222036619751
0.222076653684
0.222138850216
0.222204458968
0.222245472337
0.222276052138
0.222421994792
0.222458258728
0.222556762773
0.222584893029
0.222711899341
0.222754285381
0.222814337406
0.222851715338
0.222930208927
0.22299674631
0.223068478589
0.223157595974
0.223210160886
0.22323941788
0.223266799034
0.223376980996
0.223417386686
0.223498524344
0.223613430573
0.223691138897
0.223746192333
0.22381585428
0.223822176285
0.223923294085
0.224025297657
0.224071484402
0.22413539515
0.224209648827
0.224250389236
0.224346193588
0.224357042125
0.224450184069
0.224511146751
0.224570305774
0.224587402787
0.224658454276
0.224729814946
0.22479743924
0.22486655171
0.224932487292
0.224960824926
0.225024091198
0.225085705976
0.225142817411
0.225216066422
0.225263146667
0.225332488028
0.225370476647
0.225468989911
0.225569434173
0.225626336759
0.225659842534
0.225724365346
0.225799150873
0.225846445886
0.225889334699
0.225930840498
0.22596472979
0.225983553313
0.226053382863
0.226061596958
0.226101806303
0.226134130749
0.226268445945
0.22633010743
0.226392710713
0.226471534865
0.226481085748
0.22659436208
0.226639658517
0.226724474987
0.226822635779
0.226874308548
0.226915858435
0.226965918577
0.227031867935
0.227065333642
0.227148331158
0.227199773934
0.227276638849
0.227301130284
0.227346773625
0.227443479777
0.227481614648
0.227531235937
0.227541294536
0.227589251347
0.227655010946
0.227673788289
0.227765707819
0.227841802224
0.227862772939
0.227878508814
0.22794597175
0.227971949157
0.228045624422
0.228140474336
0.228207294403
0.228266829504
0.228293063496
0.228315888479
0.22837557722
0.228467705903
0.228541821435
0.228570776424
0.228618038561
0.228682562383
0.228751915399
0.228787523939
0.228815811485
0.228861926944
0.228936456246
