
row1col1
West 1.43507189772e-05
East 1.43330551762e-05
North 1.43434176435e-05
South 1.4355693705e-05

row1col2
West 1.43466795131e-05
East 1.43446746276e-05
North 1.432589141e-05
South 1.43168061452e-05

row1col3
West 1.43654552831e-05
East 1.43824291324e-05
North 1.43684700095e-05
South 1.43680405461e-05

row1col4
West 1.44045180312e-05
East 1.44133115581e-05
North 1.44140966431e-05
South 1.44027766527e-05

row1col5
West 1.4438195406e-05
East 1.44627941145e-05
North 1.44606830284e-05
South 1.44634352098e-05

row1col7
West 1.49100281127e-05
East 1.48940471046e-05
North 1.48918644263e-05
South 1.4919301689e-05

row1col8
West 1.49522326338e-05
East 1.49870797796e-05
North 1.49364758572e-05
South 1.5077827175e-05

row1col9
West 1.4991807247e-05
East 1.49865098014e-05
North 1.50129843884e-05
South 0.000928612081439

row1col10
West 4.94475650924e-05
East 1.50314027157e-05
North 1.50665029238e-05
South 1.50439914957e-05

row1col11
West 1.5143178608e-05
East 1.5045795125e-05
North 1.50347980021e-05
South 1.50484465423e-05

row1col13
West 0.0282767827164
East 0.00387617671282
North 0.0106964675175
South 0.533504367265

row1col14
West 0.0127721972009
East 0.0461221031649
North 0.0313165654924
South 0.561604181387

row1col15
West 0.0131893548642
East 0.0380496252589
North 0.0558966845642
South 0.584412980894

row1col16
West 0.00649567451127
East 0.0531206483612
North 0.058131376577
South 0.714369299104

row1col18
West 1.717e-05
East 1.717e-05
North 1.717e-05
South 1.717e-05

row1col19
West 0.969452691826
East 0.109301270374
North 0.189213302329
South 0.11923118513

row1col20
West 0.805463913735
East 0.0054203052172
North 0.145449955901
South 0.059411306745

row1col21
West 0.241719992308
East 0.00226569323603
North 0.00451204955813
South 0.000143264443386

row1col22
West 0.0408690922773
East 1.7127075e-05
North 2.12191988014e-05
South 1.69698734157e-05

row2col1
West 1.43443232066e-05
East 1.4330424871e-05
North 1.43563126237e-05
South 1.43341984027e-05

row2col2
West 1.43427944856e-05
East 1.43202176271e-05
North 1.43333128779e-05
South 1.4293560041e-05

row2col3
West 1.43742630707e-05
East 1.4399858648e-05
North 1.43741344627e-05
South 1.43719916419e-05

row2col4
West 1.4444442794e-05
East 1.44814924595e-05
North 1.44661681052e-05
South 1.44619151874e-05

row2col5
West 1.45512011076e-05
East 1.45354646948e-05
North 1.45185070388e-05
South 1.652091192e-05

row2col7
West 1.48864056185e-05
East 1.48934328659e-05
North 1.49016954388e-05
South 1.83005296777e-05

row2col8
West 1.49648053637e-05
East 1.50017336757e-05
North 1.49803917838e-05
South 8.91224262322e-05

row2col9
West 1.50780478256e-05
East 1.51231177873e-05
North 1.5027393775e-05
South 0.0232051668325

row2col10
West 0.000769902414078
East 1.51098820778e-05
North 1.51108145596e-05
South 1.52522266975e-05

row2col11
West 1.50520451173e-05
East 1.50700492523e-05
North 1.5053674587e-05
South 2.37926257646e-05

row2col13
West 0.42645083851
East 0.773793235145
North 0.23630226158
South 0.322864879321

row2col14
West 0.449633371387
East 0.814519481514
North 0.274746539323
South 0.230629922912

row2col15
West 0.509002109544
East 0.857388977945
North 0.248688542981
South 0.475139656805

row2col16
West 0.536751109057
East 0.9025147204
North 0.400230825863
South 0.265009796735

row2col17
West 0.619776619982
East 0.950015495865
North 0.813302527456
South 0.767955119386

row2col18
West 0.756406501674
East 0.673652233566
North 1.0000163115
South 0.592005385254

row2col19
West 0.891822830372
East 0.0392582852208
North 0.276768002539
South 0.0115080337411

row2col20
West 0.122478152048
East 0.00713304620808
North 0.522336017223
South 0.00355900724491

row2col21
West 0.176802606802
East 0.000468390339489
North 0.00217337092406
South 4.97698232814e-05

row2col22
West 0.0208441639693
East 1.70030005558e-05
North 3.15841527585e-05
South 4.62699299341e-05

row3col1
West 1.43125106363e-05
East 1.43018614623e-05
North 1.43160288655e-05
South 1.43253694085e-05

row3col2
West 1.43257347814e-05
East 1.43151838547e-05
North 1.43118329129e-05
South 1.43380117516e-05

row3col3
West 1.4389060138e-05
East 1.44078566826e-05
North 1.44025774073e-05
South 1.44098044138e-05

row3col4
West 1.45053754955e-05
East 1.64111841979e-05
North 1.45231971395e-05
South 1.45073662965e-05

row3col5
West 1.46578108558e-05
East 1.4645025282e-05
North 1.46294710951e-05
South 0.000136394676275

row3col7
West 1.49693774852e-05
East 0.000214821058617
North 1.50057411745e-05
South 1.50440796596e-05

row3col8
West 1.50747293094e-05
East 0.00873874145774
North 1.65307755336e-05
South 8.61778745912e-05

row3col9
West 0.000267841797465
East 1.52504354538e-05
North 0.000211643873135
South 0.116052363723

row3col10
West 0.0108555269533
East 1.5150952462e-05
North 1.51084225889e-05
South 2.16108705027e-05

row3col11
West 0.000488344861942
East 1.51200988893e-05
North 1.50969485195e-05
South 1.51081726765e-05

row3col13
West 0.328297715761
East 0.181102628183
North 0.735102218629
South 0.297294596815

row3col14
West 0.121335531156
East 0.549398007843
North 0.189002156243
South 0.0638719573606

row3col15
West 0.0533052676948
East 0.0808107331431
North 0.78084672401
South 0.0934115562905

row3col16
West 0.0503503699616
East 0.0594395864278
North 0.607484557989
South 0.0746832326967

row3col18
West 1.717e-05
East 0.0121818403111
North 0.863142062496
South 0.0524323002263

row3col19
West 0.0301643889572
East 0.000339978187041
North 0.204538779962
South 1.7127075e-05

row3col20
West 0.0181949668326
East 1.71250360625e-05
North 0.135643482211
South 0.000200077363704

row3col21
West 0.0132379372673
East 1.69052616944e-05
North 1.75341316649e-05
South 1.70842573125e-05

row3col22
West 1.70248564961e-05
East 6.43941395786e-05
North 0.00156231612649
South 1.70086178286e-05

row4col5
West 1.48746234569e-05
East 1.47702278529e-05
North 1.47920667901e-05
South 0.00129900412307

row4col9
West 0.00623298894814
East 0.00498990732136
North 2.57922892899e-05
South 0.294386929948

row4col13
West 0.308951031664
East 0.346394381662
North 0.698341967819
South 0.338548255118

row5col1
West 1.36204853296e-05
East 1.35945133842e-05
North 1.36036966238e-05
South 1.36003004642e-05

row5col2
West 1.3591280912e-05
East 1.35941860013e-05
North 1.35487923399e-05
South 1.35780812182e-05

row5col3
West 1.35817445263e-05
East 1.35827697137e-05
North 1.3598404898e-05
South 1.35975383525e-05

row5col5
West 1.50084216672e-05
East 0.00838406354162
North 1.49167402911e-05
South 1.49312042729e-05

row5col6
West 3.31999470317e-05
East 0.0423039529042
North 0.000116803515198
South 1.50791478901e-05

row5col7
West 0.000342042790431
East 0.178586002563
North 1.53733551884e-05
South 0.00088432945271

row5col8
West 0.00269338807135
East 0.465112519604
North 0.0353100935879
South 0.0170408398413

row5col9
West 0.0348302101276
East 0.523690784602
North 0.0110600705319
South 0.0146898266569

row5col10
West 0.0771570069616
East 0.563020160488
North 0.154988718732
South 0.0495641148861

row5col11
West 0.0880986441839
East 0.596925175686
North 0.085804956831
South 0.0230507147293

row5col12
West 0.109801445333
East 0.629914264104
North 0.195802710195
South 0.0919956513169

row5col13
West 0.208925825858
East 0.250517622132
North 0.663407209461
South 0.100188096122

row5col14
West 0.628601491669
East 0.0510680354216
North 0.0757555212812
South 0.00653735482447

row5col15
West 0.587634933682
East 0.021618259
North 0.0883369718915
South 0.0169802566213

row5col16
West 0.531470155643
East 0.060893198418
North 0.0133088125056
South 0.000640726255403

row5col17
West 0.455501862207
East 0.00524672725833
North 0.0470133686123
South 0.0160148113918

row5col18
West 0.0810733280828
East 1.54780819692e-05
North 1.55337360927e-05
South 1.55233264053e-05

row5col20
West 1.48943564385e-05
East 1.49143711925e-05
North 1.48978240026e-05
South 6.5404776755e-05

row5col21
West 1.66981640829e-05
East 1.48250929112e-05
North 1.48404496838e-05
South 1.48432130439e-05

row5col22
West 1.47741263371e-05
East 1.47845788938e-05
North 1.48013627645e-05
South 1.47901470009e-05

row6col1
West 1.36006049506e-05
East 1.35963840965e-05
North 1.36158673582e-05
South 1.36047221436e-05

row6col2
West 1.35955629181e-05
East 1.36117127989e-05
North 1.35918903321e-05
South 1.35959140246e-05

row6col3
West 1.36203128468e-05
East 1.36371558814e-05
North 1.36291871352e-05
South 1.36360063634e-05

row6col5
West 1.49194994258e-05
East 0.00144585743403
North 1.49336029951e-05
South 2.47192253652e-05

row6col6
West 4.85452266797e-05
East 0.176310723416
North 0.000718213060162
South 0.000975502428148

row6col7
West 5.00096163896e-05
East 0.277403063132
North 0.00328052881651
South 0.000209047718039

row6col8
West 1.57266657469e-05
East 0.00491243860604
North 0.380145646942
South 0.0102812303903

row6col9
West 0.00281339803972
East 4.00935733287e-05
North 0.126092343131
South 1.67521195624e-05

row6col10
West 0.00216002144028
East 0.00491943890708
North 0.34205757112
South 0.00621440195698

row6col11
West 1.58711795414e-05
East 0.00623167905902
North 0.169055494711
South 2.28172661655e-05

row6col12
West 0.00335100779339
East 0.0204620104754
North 0.294321009929
South 0.00123175479158

row6col13
West 0.0106217366187
East 0.0002341207766
North 0.337055013115
South 0.00883236952817

row6col14
West 0.000908958219414
East 0.00112231149297
North 0.125546575839
South 0.000101241169234

row6col15
West 0.0018254201566
East 1.58021975947e-05
North 0.141674994326
South 1.61625461686e-05

row6col16
West 2.24393466496e-05
East 1.55617091182e-05
North 0.0892491560338
South 2.03148519102e-05

row6col17
West 0.00458999355518
East 0.00476620408108
North 0.359290188724
South 0.00190718151384

row6col18
West 0.127279183822
East 2.31873696752e-05
North 0.00138375139354
South 1.84512275525e-05

row6col19
West 0.0277102151466
East 2.13169219113e-05
North 6.78542812868e-05
South 0.000117808498286

row6col20
West 0.00414981352907
East 1.50081146686e-05
North 1.49981794882e-05
South 1.49196603027e-05

row6col21
West 0.000373675193927
East 1.48238643132e-05
North 1.48791718455e-05
South 1.48814464677e-05

row6col22
West 1.47857831225e-05
East 1.48002980299e-05
North 1.47730247742e-05
South 1.4770601128e-05

row7col1
West 1.36539461023e-05
East 1.36223646402e-05
North 1.36412490683e-05
South 1.3625246844e-05

row7col2
West 1.36643330011e-05
East 1.36725116273e-05
North 1.3651668005e-05
South 1.3675820528e-05

row7col3
West 1.37389888446e-05
East 1.37286635356e-05
North 1.37585020257e-05
South 1.53893959022e-05

row7col5
West 1.47913320421e-05
East 0.00662047205165
North 4.53328208554e-05
South 1.47954086111e-05

row7col6
West 0.000265105867624
East 1.54002458236e-05
North 0.100913047877
South 3.52610282549e-05

row7col10
West 0.000158668658305
East 9.03481290981e-05
North 0.147681066239
South 5.4281284077e-05

row7col17
West 1.53743688544e-05
East 1.84650120098e-05
North 0.234612592079
South 0.0012473094275

row7col18
West 0.0016678580329
East 1.52209817919e-05
North 1.67582153577e-05
South 1.57779227844e-05

row7col20
West 1.5550021531e-05
East 1.4824508716e-05
North 7.69641249422e-05
South 1.4825051348e-05

row7col21
West 1.48072851878e-05
East 1.47787568375e-05
North 3.28827245774e-05
South 1.48011326612e-05

row7col22
West 1.47127911012e-05
East 1.47317329749e-05
North 1.472363437e-05
South 1.47219993879e-05

row8col1
West 1.3668099735e-05
East 1.36529266449e-05
North 1.36756130239e-05
South 1.36812361771e-05

row8col2
West 1.37222297192e-05
East 1.69021513616e-05
North 1.37145003986e-05
South 1.3723053276e-05

row8col3
West 1.38948329389e-05
East 0.000101117062541
North 1.39103490048e-05
South 1.38923736174e-05

row8col4
West 1.41598608477e-05
East 0.00100513698148
North 1.42149423241e-05
South 1.42070275657e-05

row8col5
West 1.44687394784e-05
East 0.00676643056048
North 1.45527755525e-05
South 1.56870411905e-05

row8col6
West 0.000208502539066
East 1.47497322856e-05
North 0.0511628858053
South 0.000467548623987

row8col8
West 1.52571854969e-05
East 4.17085327795e-05
North 1.52563726386e-05
South 1.52473659875e-05

row8col9
West 1.53502590579e-05
East 0.00224322211184
North 1.53686427841e-05
South 1.52696382678e-05

row8col10
West 2.70500239019e-05
East 1.72171483046e-05
North 0.0420859833902
South 1.53941466492e-05

row8col11
West 0.00707828079334
East 1.53759750996e-05
North 1.53559326321e-05
South 1.53669361309e-05

row8col12
West 0.000681874945437
East 1.52980567648e-05
North 1.528322564e-05
South 1.5272385903e-05

row8col13
West 6.94281285687e-05
East 1.5160494996e-05
North 1.51307044372e-05
South 1.51051295394e-05

row8col14
West 1.74857027556e-05
East 1.50672253011e-05
North 1.50475381279e-05
South 1.50597261735e-05

row8col15
West 1.49791782786e-05
East 1.50121508174e-05
North 1.49906938898e-05
South 1.49996778549e-05

row8col17
West 9.25697248392e-05
East 3.25169899118e-05
North 0.136194513249
South 0.00111141239514

row8col18
West 0.00524637002057
East 1.72506019532e-05
North 2.0476771259e-05
South 1.49872100669e-05

row9col5
West 1.44437688483e-05
East 1.44182766644e-05
North 0.000274539329751
South 1.44287071979e-05

row9col6
West 1.44936492415e-05
East 1.51092280222e-05
North 0.0211343169006
South 1.44349059897e-05

row9col8
West 1.5260323627e-05
East 1.52600841071e-05
North 1.52595166116e-05
South 1.52740324376e-05

row9col9
West 1.5278204231e-05
East 1.88139378064e-05
North 2.07071517004e-05
South 1.52722457313e-05

row9col10
West 1.53318683948e-05
East 1.52966853469e-05
North 0.000161552057018
South 1.53250587288e-05

row9col11
West 1.53095982742e-05
East 1.5295502456e-05
North 2.35619965836e-05
South 1.52943479077e-05

row9col12
West 1.52087773371e-05
East 1.51964073885e-05
North 2.01337749308e-05
South 1.52545830836e-05

row9col13
West 1.50959257851e-05
East 1.50930737985e-05
North 1.54624743007e-05
South 1.50633476015e-05

row9col14
West 1.50294726083e-05
East 1.50281179484e-05
North 1.5045784688e-05
South 1.5043901514e-05

row9col15
West 1.49776183156e-05
East 1.49790960407e-05
North 1.49576106592e-05
South 1.49778591197e-05

row9col17
West 0.00135746291779
East 1.48613335993e-05
North 0.0711289428405
South 0.000204916375032

row9col18
West 1.48440681963e-05
East 1.76532736205e-05
North 0.000199144923696
South 1.48406303466e-05

row9col20
West 1.32415500928e-05
East 1.32306713108e-05
North 1.32397561833e-05
South 1.32145361796e-05

row9col21
West 1.3211250752e-05
East 1.32323772156e-05
North 1.32270785174e-05
South 1.32408008243e-05

row9col22
West 1.32158017825e-05
East 1.32176204787e-05
North 1.32385326759e-05
South 1.32197665928e-05

row10col1
West 1.31706983173e-05
East 1.31476047577e-05
North 1.31717826733e-05
South 1.31751791399e-05

row10col2
West 1.31802115824e-05
East 1.31944349614e-05
North 1.31871737494e-05
South 1.31770668674e-05

row10col3
West 1.32365536084e-05
East 1.32457678894e-05
North 1.32406167169e-05
South 1.32654184235e-05

row10col5
West 1.42585740756e-05
East 0.00102363666788
North 1.4265564174e-05
South 1.42016667144e-05

row10col6
West 1.43473906324e-05
East 5.77655272332e-05
North 0.00666807859917
South 1.81172182965e-05

row10col17
West 1.46532354767e-05
East 2.11046251783e-05
North 0.0321576126075
South 1.46423537438e-05

row10col18
West 0.00141703709751
East 1.56773257722e-05
North 1.46631419482e-05
South 1.464028875e-05

row10col20
West 1.32575895581e-05
East 1.32341498269e-05
North 1.32474245365e-05
South 1.3227329127e-05

row10col21
West 1.32467679358e-05
East 1.32374744117e-05
North 1.32340423932e-05
South 1.32480284946e-05

row10col22
West 1.32226030869e-05
East 1.32496336052e-05
North 1.3229262125e-05
South 1.32189495761e-05

row11col1
West 1.31952736082e-05
East 1.31718291456e-05
North 1.31842955673e-05
South 1.31998471084e-05

row11col2
West 1.32253738024e-05
East 1.32278736555e-05
North 1.32110510405e-05
South 1.32185619475e-05

row11col3
West 1.33662177082e-05
East 1.39384156119e-05
North 1.33559873707e-05
South 1.33876676948e-05

row11col4
West 1.36936748013e-05
East 2.5011127511e-05
North 1.36900369829e-05
South 1.37011563932e-05

row11col5
West 1.40331403598e-05
East 1.40290743456e-05
North 0.000151570735453
South 1.39815095121e-05

row11col6
West 1.4189154731e-05
East 1.41601548021e-05
North 0.00105982930394
South 1.41924653183e-05

row11col8
West 1.31654446325e-05
East 1.31805888793e-05
North 1.3170313707e-05
South 1.31576750121e-05

row11col9
West 1.31718532328e-05
East 1.31572984648e-05
North 1.31617829141e-05
South 1.31520528053e-05

row11col10
West 1.31374989212e-05
East 1.31222235133e-05
North 1.31374930817e-05
South 1.31182644979e-05

row11col12
West 1.35783570136e-05
East 1.35759698166e-05
North 1.35936783212e-05
South 1.35903744996e-05

row11col13
West 1.35926158745e-05
East 1.35847902296e-05
North 1.36018652624e-05
South 1.35940706602e-05

row11col14
West 1.359013584e-05
East 1.35974389914e-05
North 1.36106412528e-05
South 1.35905246056e-05

row11col15
West 1.3651777847e-05
East 1.36852865185e-05
North 1.3679751077e-05
South 1.4059876322e-05

row11col17
West 1.43512456056e-05
East 1.50742738773e-05
North 0.0123785577173
South 1.43683051413e-05

row11col18
West 0.000336979975888
East 1.44584283218e-05
North 1.44952891998e-05
South 1.4463853137e-05

row11col20
West 1.32745615207e-05
East 1.32771369182e-05
North 1.32578406537e-05
South 1.32544256993e-05

row11col21
West 1.3262035689e-05
East 1.32908995892e-05
North 1.32674612114e-05
South 1.32667455718e-05

row11col22
West 1.3242426754e-05
East 1.32511817098e-05
North 1.32423941042e-05
South 1.32705928551e-05

row12col1
West 1.31718751976e-05
East 1.31450660445e-05
North 1.31762786558e-05
South 1.31450774814e-05

row12col2
West 1.31628027012e-05
East 1.31525173021e-05
North 1.31784912871e-05
South 1.31688193045e-05

row12col3
West 1.32539449971e-05
East 1.32645675816e-05
North 1.32508918975e-05
South 1.32501701052e-05

row12col5
West 1.39772777301e-05
East 1.39812131834e-05
North 2.16392599038e-05
South 1.39485633282e-05

row12col6
West 1.40550686001e-05
East 1.39943476912e-05
North 0.000130397364101
South 1.40393464032e-05

row12col8
West 1.31607764521e-05
East 1.31601390393e-05
North 1.31826419025e-05
South 1.3164241196e-05

row12col9
West 1.31877687843e-05
East 1.31959361309e-05
North 1.31663092134e-05
South 1.31676237815e-05

row12col10
West 1.31257083379e-05
East 1.3123633682e-05
North 1.31343665315e-05
South 1.31160913652e-05

row12col12
West 1.3596341687e-05
East 1.35849047735e-05
North 1.35953503543e-05
South 1.36057627604e-05

row12col13
West 1.35988858927e-05
East 1.35954492216e-05
North 1.36219947565e-05
South 1.36057978638e-05

row12col14
West 1.36397021403e-05
East 1.43499012749e-05
North 1.36602590552e-05
South 1.36691862131e-05

row12col15
West 1.38056134723e-05
East 3.89968502439e-05
North 1.37376030995e-05
South 1.38089140047e-05

row12col16
West 1.39740630868e-05
East 0.000385237371438
North 1.40551689199e-05
South 1.40324426719e-05

row12col17
West 1.42201244824e-05
East 1.4199259561e-05
North 0.00417381621862
South 1.42465446899e-05

row12col18
West 1.42979707341e-05
East 1.42608752132e-05
North 2.44507339319e-05
South 1.42318088423e-05

row12col20
West 1.32652020765e-05
East 1.32449098306e-05
North 1.32754261209e-05
South 1.32502580591e-05

row12col21
West 1.32906594104e-05
East 1.32871653224e-05
North 1.3293386909e-05
South 1.32653192502e-05

row12col22
West 1.32402072962e-05
East 1.32590856748e-05
North 1.32722009891e-05
South 1.32683879863e-05

row13col5
West 1.3799988756e-05
East 1.37906578807e-05
North 1.412334044e-05
South 1.37990736151e-05

row13col6
West 1.3769665042e-05
East 1.38494219638e-05
North 2.32972794135e-05
South 1.37915701021e-05

row13col9
West 1.32522871511e-05
East 1.3239913299e-05
North 1.3241028328e-05
South 1.32376374006e-05

row13col17
West 1.40979507126e-05
East 1.41145351221e-05
North 0.0010515174395
South 1.40876387064e-05

row13col18
West 1.90212269698e-05
East 1.40548860122e-05
North 1.40568959102e-05
South 1.40454739237e-05

row13col21
West 1.33682303588e-05
East 1.33570238956e-05
North 1.33758012625e-05
South 1.33611320163e-05

row14col1
West 1.32220332286e-05
East 1.32158560559e-05
North 1.32244582911e-05
South 1.32008762073e-05

row14col2
West 1.3238282895e-05
East 1.32686877496e-05
North 1.32632138112e-05
South 1.32560224384e-05

row14col3
West 1.33339635115e-05
East 1.33156812706e-05
North 1.33426902372e-05
South 1.33331670447e-05

row14col4
West 1.34079931978e-05
East 1.33999320374e-05
North 1.33963863896e-05
South 1.34057189751e-05

row14col5
West 1.35467931397e-05
East 1.35423510084e-05
North 1.3562445115e-05
South 1.35389518228e-05

row14col6
West 1.35919243393e-05
East 1.35813082692e-05
North 1.39907852834e-05
South 1.35731168878e-05

row14col7
West 1.34513457663e-05
East 1.34683639423e-05
North 1.34716912695e-05
South 1.34403829582e-05

row14col8
West 1.33742078126e-05
East 1.33617866602e-05
North 1.33791736467e-05
South 1.33552724136e-05

row14col9
West 1.33110015683e-05
East 1.33189985306e-05
North 1.33304257639e-05
South 1.32981657278e-05

row14col10
West 1.33483119272e-05
East 1.33256097808e-05
North 1.33270508311e-05
South 1.333208036e-05

row14col11
West 1.33358127065e-05
East 1.33283111117e-05
North 1.33580761175e-05
South 1.33435809395e-05

row14col12
West 1.33781517396e-05
East 1.33827397958e-05
North 1.3383876633e-05
South 1.33970378093e-05

row14col13
West 1.346045909e-05
East 1.34580619238e-05
North 1.34589304692e-05
South 1.34544855788e-05

row14col14
West 1.35306737362e-05
East 1.35440428764e-05
North 1.35281243527e-05
South 1.35276588857e-05

row14col15
West 1.36125109343e-05
East 1.5339827758e-05
North 1.36100625857e-05
South 1.35994537404e-05

row14col16
West 1.378628818e-05
East 3.81773981403e-05
North 1.41054958333e-05
South 1.3765436177e-05

row14col17
West 1.38871750668e-05
East 1.3949416935e-05
North 0.000224882843197
South 1.38869517135e-05

row14col18
West 2.40963692509e-05
East 1.38894074717e-05
North 1.39236254482e-05
South 1.39099240239e-05

row14col19
West 1.39141037664e-05
East 1.374792731e-05
North 1.37423272115e-05
South 1.37563306602e-05

row14col20
West 1.36163008985e-05
East 1.36130388597e-05
North 1.36410382651e-05
South 1.36133180766e-05

row14col21
West 1.35012220515e-05
East 1.35163650729e-05
North 1.35028139252e-05
South 1.35085840119e-05

row14col22
West 1.35030384388e-05
East 1.35063247874e-05
North 1.35340199848e-05
South 1.35279785967e-05

row15col1
West 1.32301200074e-05
East 1.32215966935e-05
North 1.32458623842e-05
South 1.32477075056e-05

row15col2
West 1.32515267306e-05
East 1.32263792507e-05
North 1.3236387602e-05
South 1.32430498911e-05

row15col3
West 1.33271529693e-05
East 1.33108615169e-05
North 1.33143353733e-05
South 1.33348057652e-05

row15col4
West 1.33973195547e-05
East 1.33686413393e-05
North 1.33770802964e-05
South 1.33965974093e-05

row15col5
West 1.34376932444e-05
East 1.34282213618e-05
North 1.34422152103e-05
South 1.3437795702e-05

row15col6
West 1.34622680536e-05
East 1.34586597713e-05
North 1.34558326718e-05
South 1.34599568371e-05

row15col7
West 1.33938917716e-05
East 1.34086070089e-05
North 1.33935818325e-05
South 1.34187011367e-05

row15col8
West 1.33406810254e-05
East 1.33458777793e-05
North 1.33704454524e-05
South 1.33458934891e-05

row15col9
West 1.33022896912e-05
East 1.33103334471e-05
North 1.33004360552e-05
South 1.33249584687e-05

row15col10
West 1.33120277856e-05
East 1.33411987759e-05
North 1.33302832353e-05
South 1.33435526844e-05

row15col11
West 1.33702736815e-05
East 1.3344020467e-05
North 1.33570119235e-05
South 1.33582952317e-05

row15col12
West 1.33956639434e-05
East 1.33921622438e-05
North 1.33909190149e-05
South 1.34088665547e-05

row15col13
West 1.34323297684e-05
East 1.34277207115e-05
North 1.34421137227e-05
South 1.34291147137e-05

row15col14
West 1.34801109376e-05
East 1.34827302577e-05
North 1.34861490178e-05
South 1.35132736878e-05

row15col15
West 1.35177060013e-05
East 1.35260634969e-05
North 1.35117557827e-05
South 1.35134176203e-05

row15col16
West 1.37229383897e-05
East 1.37165723439e-05
North 1.39223679297e-05
South 1.3720863333e-05

row15col17
West 1.38269805428e-05
East 1.38338135902e-05
North 1.83280559687e-05
South 1.38323088898e-05

row15col18
West 1.38239694769e-05
East 1.38367971237e-05
North 1.38395642985e-05
South 1.38075083155e-05

row15col19
West 1.37402497422e-05
East 1.37109794823e-05
North 1.37148193238e-05
South 1.37289190895e-05

row15col20
West 1.35965813105e-05
East 1.36206991579e-05
North 1.36121762687e-05
South 1.36007478119e-05

row15col21
West 1.3547006665e-05
East 1.35736376362e-05
North 1.35530434834e-05
South 1.35475222074e-05

row15col22
West 1.35520456457e-05
East 1.35676062917e-05
North 1.35325999046e-05
South 1.35606857474e-05

row16col2
West 1.31196442167e-05
East 1.31462237449e-05
North 1.31251888625e-05
South 1.3140987035e-05

row16col7
West 1.34061413318e-05
East 1.34104227387e-05
North 1.33681864802e-05
South 1.33824642799e-05

row16col15
West 1.33314428871e-05
East 1.33179933058e-05
North 1.33153106297e-05
South 1.32965662027e-05

row17col1
West 1.30593518235e-05
East 1.30610482858e-05
North 1.30632580352e-05
South 1.30439308098e-05

row17col2
West 1.3073178832e-05
East 1.30692939895e-05
North 1.30822786557e-05
South 1.30838616681e-05

row17col3
West 1.30732996491e-05
East 1.30458083345e-05
North 1.3051739151e-05
South 1.30632221662e-05

row17col4
West 1.30654645154e-05
East 1.30778063295e-05
North 1.30770101267e-05
South 1.30546807636e-05

row17col6
West 1.32983167913e-05
East 1.32964234812e-05
North 1.32441936347e-05
South 1.32688834813e-05

row17col7
West 1.33212954123e-05
East 1.33160419304e-05
North 1.33251695927e-05
South 1.33031051895e-05

row17col8
West 1.32803000439e-05
East 1.32468998455e-05
North 1.32545453121e-05
South 1.3268134523e-05

row17col9
West 1.32281073191e-05
East 1.32054362642e-05
North 1.32135438843e-05
South 1.31960276364e-05

row17col10
West 1.31737206179e-05
East 1.31985674215e-05
North 1.31974976634e-05
South 1.31817501294e-05

row17col11
West 1.31810148022e-05
East 1.31829244928e-05
North 1.31794907641e-05
South 1.31563602082e-05

row17col13
West 1.30828406164e-05
East 1.30931138433e-05
North 1.31007770135e-05
South 1.30699983311e-05

row17col14
West 1.30946166919e-05
East 1.31214318715e-05
North 1.31009591638e-05
South 1.31212977149e-05

row17col15
West 1.31609715834e-05
East 1.31770539514e-05
North 1.3174833503e-05
South 1.31862873037e-05

row17col16
West 1.31481753726e-05
East 1.31636160883e-05
North 1.31775318473e-05
South 1.31472551593e-05

row17col18
West 1.31003750549e-05
East 1.30921367142e-05
North 1.31046566313e-05
South 1.3088721915e-05

row17col19
West 1.30846907185e-05
East 1.31080362318e-05
North 1.30892476418e-05
South 1.30982455262e-05

row17col20
West 1.31024307467e-05
East 1.3116515093e-05
North 1.31320822286e-05
South 1.31354261051e-05

row17col21
West 1.3128989741e-05
East 1.31245314531e-05
North 1.31212301355e-05
South 1.31067320366e-05

row17col22
West 1.31333784826e-05
East 1.31487438458e-05
North 1.31432122727e-05
South 1.31592927397e-05

row18col1
West 1.30358273968e-05
East 1.30307764013e-05
North 1.30462316082e-05
South 1.30592618209e-05

row18col2
West 1.30479770748e-05
East 1.30291176381e-05
North 1.30300823162e-05
South 1.3034893722e-05

row18col3
West 1.30314044422e-05
East 1.30431738287e-05
North 1.30501264192e-05
South 1.30342579824e-05

row18col4
West 1.3043307972e-05
East 1.3046932133e-05
North 1.30735746951e-05
South 1.30573144782e-05

row18col6
West 1.32425278029e-05
East 1.32733408204e-05
North 1.32558971589e-05
South 1.32424674957e-05

row18col7
West 1.32936915988e-05
East 1.32935608123e-05
North 1.32903301134e-05
South 1.32781687132e-05

row18col8
West 1.3249295433e-05
East 1.32427764512e-05
North 1.32578394629e-05
South 1.32683462745e-05

row18col9
West 1.32221282882e-05
East 1.3191554332e-05
North 1.32111054934e-05
South 1.31897853831e-05

row18col10
West 1.31957526742e-05
East 1.31837376339e-05
North 1.31711140486e-05
South 1.3180822879e-05

row18col11
West 1.31674047631e-05
East 1.31939918352e-05
North 1.31769893934e-05
South 1.3192926401e-05

row18col13
West 1.3069796253e-05
East 1.30758471706e-05
North 1.30812835823e-05
South 1.30642685257e-05

row18col14
West 1.30894007068e-05
East 1.30967002723e-05
North 1.3105153091e-05
South 1.31156320513e-05

row18col15
West 1.31116340045e-05
East 1.31136915818e-05
North 1.31133598074e-05
South 1.3115361871e-05

row18col16
West 1.30934057965e-05
East 1.312283788e-05
North 1.31032136179e-05
South 1.30968411386e-05

row18col17
West 1.30704349125e-05
East 1.31003062919e-05
North 1.30786095789e-05
South 1.30898137487e-05

row18col18
West 1.30871669912e-05
East 1.30898061451e-05
North 1.30901202634e-05
South 1.31052930308e-05

row18col19
West 1.30789048071e-05
East 1.31009109356e-05
North 1.30994686039e-05
South 1.3093850191e-05

row18col20
West 1.31107106822e-05
East 1.31178546319e-05
North 1.31302170505e-05
South 1.31123145068e-05

row18col21
West 1.31069139813e-05
East 1.31151554509e-05
North 1.31230036424e-05
South 1.31286747425e-05

row18col22
West 1.31342907248e-05
East 1.31617562371e-05
North 1.31665676851e-05
South 1.31567606099e-05

row19col1
West 1.30608280895e-05
East 1.30580051627e-05
North 1.30478314783e-05
South 1.30484528797e-05

row19col2
West 1.30517947797e-05
East 1.30454198031e-05
North 1.30224914907e-05
South 1.30577146969e-05

row19col3
West 1.3055067937e-05
East 1.30346140891e-05
North 1.30438352087e-05
South 1.30529902231e-05

row19col4
West 1.30496829825e-05
East 1.30372551766e-05
North 1.30367825282e-05
South 1.3060100558e-05

row19col6
West 1.32592520547e-05
East 1.32297094727e-05
North 1.32569888181e-05
South 1.32473553134e-05

row19col7
West 1.32520198023e-05
East 1.32433075287e-05
North 1.32613172914e-05
South 1.3250326111e-05

row19col8
West 1.32555387667e-05
East 1.32600194934e-05
North 1.32478560792e-05
South 1.32606729739e-05

row19col9
West 1.32261926933e-05
East 1.32200855017e-05
North 1.32166573071e-05
South 1.32246871041e-05

row19col10
West 1.3203933378e-05
East 1.31799195869e-05
North 1.31893669383e-05
South 1.31964864328e-05

row19col11
West 1.31927290295e-05
East 1.31977665832e-05
North 1.31812997769e-05
South 1.32080339463e-05

row19col13
West 1.30868973528e-05
East 1.30698054482e-05
North 1.30721202861e-05
South 1.30896698954e-05

row19col14
West 1.31168029592e-05
East 1.30922476794e-05
North 1.31162043688e-05
South 1.31014686131e-05

row19col15
West 1.30864489845e-05
East 1.31127968897e-05
North 1.31029073829e-05
South 1.30900895859e-05

row19col16
West 1.3091142113e-05
East 1.30847249562e-05
North 1.30802532071e-05
South 1.31060611014e-05

row19col18
West 1.31016542476e-05
East 1.31087085456e-05
North 1.30916063425e-05
South 1.31040091025e-05

row19col19
West 1.30984928431e-05
East 1.31222850749e-05
North 1.31075028768e-05
South 1.31017848439e-05

row19col20
West 1.313581523e-05
East 1.31052864647e-05
North 1.31200148451e-05
South 1.31284561838e-05

row19col21
West 1.31247344754e-05
East 1.31375097605e-05
North 1.31131195338e-05
South 1.31165254795e-05

row19col22
West 1.31386584121e-05
East 1.316464941e-05
North 1.31608274018e-05
South 1.31545210511e-05
