0.0277389573122
0.0138694786561
0.00945405697144
0.00709054272858
0.00567243418286
0.00472702848572
0.00405173870205
0.00354527136429
0.00315135232381
0.00283621709143
0.00257837917403
0.00272823348484
0.00251836937062
0.00233848584415
0.00218258678787
0.00204617511363
0.00192581187165
0.00181882232323
0.00172309483253
0.0016369400909
0.00155899056277
0.00148812735537
0.00577125225296
0.00553078340909
0.00530955207272
0.00510533853146
0.00491625191919
0.0047725438119
0.00460797333563
0.00445437422444
0.00431068473333
0.00417597583541
0.00404943111313
0.00393033019803
0.0065323207638
0.00635086740925
0.00617922234414
0.00601661122982
0.005862339147
0.00809078066833
0.00789344455447
0.00770550539841
0.00752630759844
0.00735525515303
0.00719180503851
0.00703546145072
0.00688577078156
0.00674231722361
0.00676174947471
0.00662651448522
0.00649658282864
0.00637164854348
0.00626586541646
0.00614983087171
0.00603801576495
0.00593019405486
0.00582615556267
0.0057257046047
0.00562865876394
0.00553484778454
0.00544411257496
0.00535630430762
0.00527128360432
0.00518891979801
0.00510909026265
0.00503167980413
0.00495658010556
0.00628074804518
0.00618972271119
0.00610129810103
0.00601536432496
0.00593181759823
0.00585055982291
0.00577149820368
0.0056945448943
0.005619616672
0.0055466346373
0.00547552393682
0.00540621350724
0.0053386358384
0.00527272675398
0.0052084252082
0.00629025141051
0.00621536746515
0.00614224549497
0.00607082403572
0.00600104444911
0.00593285076219
0.00586618951767
0.00580100963414
0.00573726227552
0.00567490072905
0.00613826198907
0.00689613253972
0.00682354167088
0.00675246311181
0.00668285009004
0.00699971243865
0.0069290082726
0.00685971818987
0.00679180018799
0.00672521391164
0.00665992057269
0.00659588287488
0.00653306494274
0.0064714322546
0.00641095157932
0.00635159091655
0.00629331944025
0.00623610744534
0.00617992629718
0.00612474838382
0.00607054707069
0.00601729665778
0.00596497233902
0.00604956672816
0.00599786102963
0.00650925240335
0.00645455280332
0.00640076486329
0.00634786598013
0.00629583429176
0.00624464864712
0.00619428857738
0.00614473426876
0.00609596653647
0.00604796679996
0.00600071705934
0.00595419987283
0.00590839833535
0.00625516024369
0.00620777266608
0.00616109768363
0.00611511934271
0.00606982216239
0.00602519111708
0.00667464227681
0.00679861362644
0.00674970273704
0.00670149057463
0.00665396227269
0.00660710338344
0.00656089986328
0.00651533805867
0.00647040469275
0.00642608685239
0.00638237197584
0.00633924784087
0.00629670255335
0.00665388249582
0.00663112318052
0.00664358789008
0.006600165747
0.00682881423905
0.00678475737299
0.00674126533855
0.00669832734276
0.00665593286591
0.00674906458621
0.00676016892651
0.00688304653249
0.00684055859093
0.00679859197381
0.0067571371447
0.00671618479837
0.0072194005526
0.00717617060917
0.00713345530792
0.0070912455132
0.0070495323043
0.00700830696919
0.00696756099844
0.00692728607937
0.00688747409041
0.0069020989494
0.0068628824781
0.00682410913076
0.00678577143902
0.0067954920401
0.00675773930655
0.00672040373027
0.00691321488297
0.00687543775246
0.00735437559076
0.00735621408772
0.00731666454961
0.00727753800122
0.0072388276927
0.00720052701708
0.00716262950646
0.00712512882842
0.00708801878244
0.00705129329652
0.00741380257721
0.00740478903955
0.00736700950364
0.00732961351631
0.00740099868236
0.00736380773421
0.00734307482496
0.00730654211439
0.00727037111383
0.0072345564778
0.00719909296565
0.00731390561837
0.00727840122216
0.0072464090149
0.00721157051002
0.00717706538796
0.00714288888611
0.00742345359816
0.0073884373076
0.00735374980851
0.00733692113614
0.00730279592155
0.00726898668117
0.0072354890467
0.00720229872997
0.00716941152116
0.00748854189492
0.00745465708997
0.00767729381131
0.0076428664848
0.00792050426661
0.00788530202542
0.0078504113085
0.00781582799877
0.00778154805141
0.00783660977421
0.00813896405237
0.00813703995486
0.00810196650678
0.0082376723666
0.00820246863854
0.00816756451667
0.00853549856533
0.00853735082115
0.00850147959921
0.00847483898743
0.00843952715832
0.00840450837343
0.00863021264037
0.00859469736201
0.00855947319249
0.00852453656722
0.00848988397955
0.00845551197963
0.00878532846358
0.00875004601995
0.00871504583587
0.00868032453772
0.00864587880543
0.00861170537142
0.00857780101956
0.00854416258419
0.0085107869491
0.00847767104657
0.00844481185647
0.00841220640528
0.00837985176526
0.00869353049413
0.00866034908003
0.00862741999608
0.00861048961488
0.00857799720123
0.00854574909146
0.00851374254055
0.0084819748445
0.00861405920146
0.00858215527849
0.00855048680883
0.00851905119556
0.00848784587983
0.00845686834012
0.00842611609161
0.00839558668548
0.00836527770828
0.00833518678127
0.00830531155983
0.00827564973283
0.00824619902204
0.00821695718153
0.00818792199715
0.00815909128589
0.00814297094182
0.00811449901545
0.00808622549971
0.00806124702546
0.00803335343714
0.00800565221839
0.00823075028314
0.00820256278217
0.00817456768735
0.00814676303536
0.00811914688947
0.00809171733917
0.00806447249965
0.00803741051139
0.00815036911678
0.00812320121972
0.00809621384026
0.00806940518516
0.00804277348487
0.00801631699315
0.00799003398661
0.00796392276443
0.00799792494117
0.0079719576524
0.0079461584367
0.00801845924143
0.00799267641429
0.00797971882768
0.00824256317647
0.00840699352917
0.00838030466082
0.00835378470936
0.00832743207621
0.00830124518289
0.00827522247072
0.0082493624005
0.00822366345221
0.00820919491113
0.00818377944701
0.00815852086847
0.00842572541964
0.00869129067909
0.00866471180851
0.00863829500422
0.00864914716188
0.00862293762502
0.00859688645395
0.00857099221764
0.00854525350227
0.00851966891095
0.00849423706345
0.00875169469124
0.00872572527079
0.00869990951555
0.00886016034581
0.00883410105068
0.00880819459598
0.00878243964102
0.00900679841758
0.00921739093671
0.00919067386154
0.00916411122032
0.0091377016779
0.00924457357829
0.0094637510179
0.00943671172927
0.00940982651067
0.00938309404899
0.00935651304602
0.00933008221821
0.00930380029647
0.00927766602597
0.00925167816595
0.00922583548951
0.00920013678341
0.0091745808479
0.00914916649653
0.00912389255593
0.00910066018356
0.00931120095229
0.00928569081269
0.00926032007277
0.00923508759301
0.00920999224629
0.00927271138518
0.00924765000306
0.00922272372272
0.00951261142707
0.00974180013638
0.00972312786073
0.0099197414258
0.00992420547022
0.00989788131778
0.00987169644657
0.0098456497541
0.00981974014948
0.00979396655329
0.00976832789739
0.00974282312481
0.00990888136944
0.00988314401524
0.0100294105933
0.0100034948036
0.0099777126005
0.00995206295372
0.00992654484358
0.00990115726086
0.0101061287985
0.01017163125
0.0103141957471
0.0102880838592
0.0102621038494
0.0102362547213
0.0102105354884
0.0101849451738
0.0101594828109
0.0102759928519
0.0104429135009
0.0104170005641
0.0103912159093
0.010365558586
0.0104083502085
0.0103827768665
0.010357328884
0.0103634264066
0.0103381497569
0.0103129961078
0.0102879645639
0.010263054238
0.010238264252
0.0102135937357
0.0101890418277
0.0101646076746
0.0101402904314
0.0101318340576
0.0101077106432
0.0100837018293
0.0100598068013
0.010092248602
0.0100684461289
0.0100447556674
0.0100211764288
0.00999770763151
0.00997434850153
0.00995109827192
0.00992795618292
0.0099049214818
0.00988199342281
0.0098591712671
0.00986057270536
0.00983790472213
0.00998602855667
0.00996317723274
0.00994043025276
0.00991778690366
0.00989524647888
0.00987280827825
0.0100084664713
0.0100083210068
0.0102417229001
0.0102187077924
0.0101957958916
0.0101729865048
0.0101502789456
0.0101276725337
0.0101051665947
0.0100827604604
0.0100848302625
0.0100856747773
0.0100634596346
0.0100413421409
0.0100557434485
0.0100337396335
0.0100118319051
0.00999001963513
0.00996830220114
0.00994667898596
0.00992514937776
0.00990371277004
0.0101162642413
0.0100945088343
0.0101437930419
0.0101220718577
0.0101994373516
0.0102080517157
0.0101863324568
0.0102266988474
0.0102809825198
0.0102739281889
0.0105895395091
0.0105672457417
0.0105450456456
0.010581091582
0.0105589554071
0.0106903755191
0.0106681039035
0.0106459248933
0.0107843733764
0.0108224986953
0.0108221632278
0.0107998494892
0.0107776275767
0.0109408151997
0.0110940870948
0.0111020842929
0.011079426978
0.0110568619536
0.0110343886569
0.0110120065299
0.0109917167119
0.0109695112236
0.0111202531365
0.0110978783817
0.0110755934853
0.0110533979072
0.0110312911114
0.0110092725662
0.0111414813734
0.0111462251389
0.0111471219583
0.0113261751041
0.0114732330584
0.0114506034074
0.0114280628495
0.0114056108597
0.0113832469168
0.0115203650735
0.0115001169585
0.0114776995765
0.0114553694217
0.0114331259859
0.011410968765
0.0113888972587
0.0116231568398
0.0116542084785
0.0117529983486
0.0121286623913
0.0122261648407
0.0122027878525
0.0122184136058
0.012195140437
0.012255630031
0.0122344536242
0.0122112823105
0.0121881986011
0.0122743319078
0.0122512164051
0.0122281878029
0.0122572886837
0.0122343349596
0.0122177970505
0.0121970468016
0.0121919253447
0.0122697024514
0.012246938625
0.0123057640476
0.0122830177185
0.0123708233942
0.0124018143316
0.0125151134609
0.01249214995
0.0124692705545
0.012446474813
0.0124907575972
0.0124680057618
0.0125599274622
0.0125395740323
0.0126310330303
0.0126081921026
0.0125854336331
0.0125836548737
0.0127600323423
0.0127371238462
0.0127189936074
0.0126962404882
0.0128048350392
0.0127820100213
0.0127592662313
0.0128606418323
0.0129439983076
0.0129210885761
0.0128982597977
0.0128755115441
0.0129479772082
0.012990832708
0.0129680417734
0.0129759479375
0.0129889107603
0.0129662425042
0.0129436532315
0.0129211425303
0.0128987099912
0.0128806696412
0.0129063760212
0.0128840852164
0.0128751376514
0.0128529773456
0.0129941234327
0.0129718350563
0.0129593082201
0.0129371555565
0.0129517062746
0.0130999997903
0.0131032124189
0.0130809658783
0.0132000851311
0.0131945757243
0.0133029938291
0.01328056045
0.0132962388904
0.0132738922705
0.0132516206391
0.0133525545896
0.013330225903
0.0133079717696
0.0132857918166
0.0133264732949
0.0134467573924
0.0135289766023
0.0135065776345
0.013618881845
0.013711822989
0.0136892334948
0.0136667183081
0.0137243550562
0.0137637173598
0.0137454796074
0.0137230196734
0.0137591135927
0.0137367046129
0.0137978387653
0.0137754396764
0.0138722528845
0.0138498058733
0.0139659410819
0.0142429919834
0.0143789861954
0.0143558688543
0.0146520915223
0.0146286106064
0.0146052048294
0.0146218648999
0.0147284498443
0.0147049968986
0.0147926419427
0.0148858428111
0.0148622519351
0.0148387357136
0.0148152937931
0.0147999773784
0.0147766703274
0.014753436569
0.0147302757581
0.0147071875516
0.0146841716086
0.0146612275905
0.0146383551605
0.0146155539843
0.0147331814275
0.0147283134783
0.0147639833183
0.0148438255161
0.0148616125083
0.0148386779211
0.0148158140106
0.0149391742967
0.014995080647
0.014972082057
0.0149688341759
0.015098851249
0.0150757995677
0.0153011432421
0.0154224504822
0.0154829326862
0.0154594380994
0.0155799541023
0.01574378131
0.015719999163
0.0157963521705
0.0157725624835
0.0157488443444
0.015725197431
0.0157016214228
0.0157317815588
0.0157082661902
0.015800310709
0.0157767633011
0.0159530748184
0.0159293703982
0.0160148003962
0.0162387608771
0.0162147390415
0.0162666141808
0.0162580607609
0.016234116636
0.0163784181546
0.0164223986317
0.0163983188683
0.0163743096167
0.0163503705675
0.0163265014134
0.0163027018486
0.0162789715694
0.0163864875991
0.0163627045982
0.0163389905336
0.0164855239107
0.0164617008992
0.0164379466411
0.0165591735427
0.0167765388955
0.0167533300948
0.0167292937532
0.0167053262837
0.0166814273906
0.01665759678
0.0167109183378
0.0166871136108
0.0166633766071
0.0167614932596
0.016818398956
0.0167945768612
0.0167708221556
0.0167471345537
0.0169013563295
0.0168775516023
0.0168538138363
0.0168334643178
0.0169301039191
0.0169131742698
0.0168923553613
0.0168687626862
0.0169205998495
0.0169347644594
0.0169112112404
0.0169951930217
0.0170296130501
0.0171027489457
0.017293303503
0.0174085427598
0.0173845309767
0.0174350151059
0.0174110329668
0.0174835883807
0.0174596054063
0.017495979463
0.0174720451546
0.017533278827
0.0175093589377
0.0175030126935
0.0175455494081
0.0175217103464
0.0174979359768
0.0174742260365
0.0176077695096
0.01763241927
0.0178185715107
0.017959350642
0.0179404954048
0.0179163818357
0.017892333001
0.0178683486404
0.0178655502105
0.0179633123767
0.0179393293161
0.0179154102104
0.0178939914996
0.0178763226012
0.0178525824649
0.0178903497601
0.0179745355551
0.0180033012909
0.0182580645777
0.0182863803656
0.0182697397627
0.0182594735202
0.0182354794683
0.0182115483928
0.0181876800463
0.0181638741824
0.0182526149414
0.0183593347653
0.0183353982141
0.0183244719478
0.0184270780265
0.0184031467563
0.0185191624099
0.0185651686876
0.0185521810942
0.0185702500848
0.0185462884718
0.0186448112959
0.0187369672659
0.0187128837605
0.0187832256158
0.0187644750693
0.0188171117132
0.0188365989906
0.0188125420314
0.0187885464421
0.018764611988
0.0188585691696
0.0188792721646
0.0189758720731
0.0190136307877
0.0189895629006
0.0189913342276
0.0190756096895
0.0192069418996
0.0191827517965
0.0191885378804
0.0191644316771
0.0191403859661
0.0191367051029
0.0192257079751
0.0192329688514
0.0192089576543
0.0191850063355
0.0191678062711
0.019143965716
0.0191201843922
0.0192887199129
0.0192648181534
0.0193585498141
0.0193346208279
0.0193107509256
0.0193445352567
0.0193207119375
0.0192969472241
0.0192732409008
0.0192495927524
0.0192260025652
0.0192024701263
0.0192735894706
0.0192510398052
0.0193268929579
0.0193033522843
0.0192798688874
0.0193606193505
0.0194152425412
0.0195051833601
0.0195618865802
0.0196106106816
0.0196712666223
0.0197235629726
0.0197534424848
0.0197296717959
0.019705958248
0.0199900351807
0.0200904241151
0.020227084178
0.0202093165589
0.0201851716168
0.0201610842998
0.0201613579569
0.0202248672796
0.0202984643038
0.020274356864
0.0203420955792
0.0203190509457
0.020324631251
0.0203418645076
0.0203178481386
0.020302508427
0.0202785949895
0.0203956170987
0.0203731521294
0.020349239979
0.0203789866588
0.0204722196955
0.0204482755789
0.0205412098364
0.0206487914354
0.0206760220594
0.0206826297281
0.0208770456674
0.0209689422462
0.0209446163271
0.0210352457397
0.0210108993904
0.0211626648984
0.021152325395
0.0211295614521
0.0212425344542
0.0212984506741
0.0212795437797
0.0212699259223
0.0212455338054
0.0213705551851
0.0213939436042
0.021375957569
0.0213924788414
0.0213680860491
0.0213437488213
0.0213850038225
0.0214581316591
0.0214483621744
0.0214240443034
0.0213997815126
0.0214333728551
0.0214113309332
0.0214857978705
0.0214624828938
0.0214383134311
0.0214178172696
0.0214823843779
0.0215231139511
0.0214989848996
0.0214793330793
0.0214553069797
0.0214313345697
0.0214983203849
0.0214743534725
0.0214504399386
0.0214312092246
0.0214111596072
0.0213873958341
0.0213636847522
0.021409956669
0.0213947847009
0.0213711440548
0.0213475555956
0.0214829556982
0.0215287067833
0.0217250448396
0.0218059479499
0.0217820116733
0.0218053756536
0.0218707045138
0.0218614616059
0.0219842994653
0.0219667989806
0.0220220252189
0.022200364516
0.0222566511296
0.0223246577643
0.0224451311498
0.0225762567328
0.022551797083
0.0225306981301
0.0225063406186
0.0225846275078
0.0226318307609
0.0226826948761
0.0226582786275
0.0227119316862
0.0228650337651
0.0229318637478
0.0229805951859
0.0229571051274
0.0229325520738
0.0229789297352
0.0229615357239
0.0230170199001
0.022997672118
0.0229732065093
0.0230310225425
0.023006573474
0.0230525283729
0.023031345996
0.0231058995098
0.0230814746689
0.0230571014116
0.0230327795746
0.0230139322156
0.0229897070238
0.0230223529772
0.0230579177422
0.0230406450791
0.0230995697171
0.023075381686
0.0230574721398
0.0231101907572
0.0230894256582
0.0230800883289
0.023250489327
0.023235167027
0.0233550412878
0.0233412071781
0.023344330417
0.0233240279128
0.0233104655725
0.0234728336614
0.0234485848663
0.0234243861203
0.0234652114346
0.023445327385
0.0234865799939
0.0234624416794
0.0235023313553
0.0234782264
0.0234638499636
0.0236290432251
0.0236081909777
0.0236484532351
0.0236243221604
0.0236002402825
0.023586571297
0.023808231366
0.0237960810261
0.0238083170781
0.0237879764055
0.0238687644325
0.0239021766236
0.0238787822517
0.0238546622696
0.0239807044277
0.0240386378154
0.024071710697
0.0241577765297
0.0243120507501
0.0244454093582
0.0244922834884
0.0245493559748
0.0246016683699
0.0245777935872
0.024824444143
0.0248802490618
0.0249145059016
0.0248896906567
0.0250055460082
0.0250467639185
0.0251712096504
0.0252534939469
0.0252888979695
0.0253330017632
0.0253913493162
0.02536625905
0.0254875582631
0.0254815263008
0.0255500174079
0.0256106047803
0.0256024134377
0.0256695327334
0.0256563228435
0.0257032374182
0.0256830625401
0.0256812771883
0.0256590115668
0.0258029333441
0.0259008286205
0.0259128399842
0.0259001217522
0.0259708338626
0.0260876350347
0.0261029014409
0.0261246986576
0.0261781932021
0.0264033442145
0.0263975292613
0.0265791411005
0.0266649785999
0.0267219434228
0.0267630575503
0.0268045115176
0.026783904636
0.0267798793233
0.0268139821127
0.0268891659588
0.0268918021876
0.0269790173352
0.0269777466864
0.0269519799751
0.0270835208292
0.0270591980835
0.0271745323554
0.0271537396267
0.0271697652229
0.0272001269802
0.0272086022481
0.0272163983169
0.0271913497795
0.0272528783496
0.0272380657971
0.0273231253977
0.0274760658121
0.0275173227873
0.0275744073765
0.0275528011418
0.0276060544169
0.0277877375511
0.0278982661218
0.0281123448448
0.0282293063573
0.0283025969933
0.0282761459681
0.0283156968026
0.0283948953337
0.028368432244
0.0283488245535
0.0283982215771
0.0285552980466
0.0286924939756
0.0287414347279
0.0287173540368
0.028700966034
0.0286875882432
0.0286910033798
0.0286645112253
0.0286922545446
0.0286658100703
0.0287037179152
0.0287631499729
0.0287367132541
0.0287176653388
0.0287157580818
0.0286990318099
0.0287773324612
0.0287510037032
0.0287486338162
0.0287230099875
0.0287137434333
0.0287830836625
0.0287736296619
0.0287768869184
0.028888321912
0.0288620836541
0.0288502105487
0.0289032222521
0.0289313319908
0.0290601610988
0.0290457782085
0.0291129294456
0.0290872774708
0.0291144710582
0.0292497934966
0.0292427854705
0.02923916751
0.0292128969193
0.0291969642571
0.0292885663302
0.0293281905441
0.0295375525746
0.0295729418042
0.0296058006972
0.0297190476721
0.0296925364788
0.0297316255773
0.0298145763798
0.029847074126
0.029892943949
0.0299465470183
0.030139283893
0.0303035061656
0.0303229466315
0.0303853977195
0.030359082791
0.030360899969
0.0303699638309
0.0303908333591
0.0303640572944
0.0303705461174
0.0304491537179
0.0304843101018
0.0305157918692
0.0305032251388
0.0304776703294
0.0305305206034
0.0305727536234
0.030607315737
0.0307053265594
0.0307701134985
0.0307432868956
0.030716507029
0.0307143225672
0.0308703848483
0.0309107911984
0.0308940268155
0.0308938894868
0.0309422457811
0.0309254977087
0.0310741316837
0.0311602830814
0.0312247928055
0.0311995136676
0.0312393227884
0.0313280555878
0.0313010951269
0.0312752249091
0.0312601181279
0.0312884261577
0.0313420043751
0.0313185321429
0.0312917183312
0.0313271203971
0.0313542125515
0.0314568118297
0.0314312433149
0.0315116937058
0.031579825819
0.03160135789
0.0317357222353
0.0317864309782
0.0318008461454
0.031804089807
0.0317771371885
0.0317753708711
0.0318111248218
0.0318257576886
0.0319036042711
0.0319157777047
0.0320324017837
0.0320896617653
0.0322102671571
0.0322539476813
0.0322926787216
0.0323190927837
0.0324209463902
0.0324493798325
0.032433257436
0.0325015776429
0.032625615415
0.0328645864763
0.0329908179977
0.0329734850843
0.0329460071801
0.0329659355748
0.0329745923741
0.0329471820729
0.0330332449607
0.0330058314794
0.0330478210968
0.0331489572887
0.0331327144395
0.0332192077238
0.0332298918829
0.0332859096929
0.0333749720675
0.0333912422291
0.0334270454159
0.0335256856592
0.0335690500846
0.033930623032
0.0339027653776
0.0338864068448
0.0339855125927
0.0339712806728
0.0340781411661
0.0341713839303
0.0341500067186
0.0341371516854
0.034160033263
0.0341778823222
0.0341973824366
0.034207391308
0.0342613736869
0.0342926368511
0.0342661424522
0.0343450378963
0.0344700602668
0.0345546498014
0.0345405466131
0.0346124401569
0.0346415450898
0.0346908224085
0.0347752028029
0.0348034111284
0.0348386188682
0.0349165995986
0.0349113528693
0.034967042446
0.0349408770481
0.0350065628799
0.0350797153542
0.0352059676048
0.0353152228773
0.0353059535909
0.0352783054981
0.0354051904063
0.0354338633422
0.0355217635363
0.0355365591432
0.0356165529168
0.035599130394
0.0356884910913
0.035714465033
0.0358034568755
0.0357863289974
0.0358253068986
0.0358923225256
0.0359235814105
0.0359708496264
0.0360173109892
0.0362009378703
0.0362365809072
0.036320164085
0.0363685525322
0.0364734146644
0.0365785391957
0.036612654478
0.0366709558702
0.0367752460403
0.0367464478836
0.0367883129479
0.0369173357989
0.0369590019428
0.0369922949998
0.0371198079264
0.0372178703893
0.0372630141368
0.037274428201
0.0373041743886
0.0373901929343
0.0374443458651
0.0374595798488
0.0375147401423
0.0374893010795
0.0377013636435
0.037750642104
0.037928840698
0.0379739792787
0.0380824644211
0.0381303193099
0.0381694605101
0.0382220370307
0.0382357042884
0.0382949269668
0.0383149795187
0.0383639690017
0.0384840669149
0.0385325948368
0.0386260309516
0.0386734245135
0.0387160226749
0.0388508685936
0.0388845963706
0.0388697705533
0.0389148356835
0.0389197939896
0.0389521614409
0.0389877396451
0.0390080234886
0.0390890950833
0.0391740901025
0.0391946234012
0.0392483015859
0.0393052754031
0.0394556384635
0.0394733835821
0.0396148837789
0.0398291300994
0.0398060393834
0.0397760423681
0.0398392113368
0.0398771427052
0.0399312041022
0.0399012031976
0.0398799426273
0.0399690241374
0.0399970920766
0.0400277332991
0.0400930333109
0.0401298224865
0.04015237694
0.040347162838
0.0404007741431
0.040467661668
0.0404862256645
0.0405400458174
0.0405370462856
0.0405981008596
0.0407146491247
0.0408107973565
0.0408873566069
0.0408836758319
0.0409896305974
0.0410731038471
0.0411343371719
0.041244748618
0.0412374051
0.0413036416468
0.0414370815675
0.0414776007146
0.0415248539594
0.0415506332826
0.0417041002618
0.0417370163219
0.0417350659045
0.0417072635374
0.0418826990783
0.0419889712985
0.0420392176259
0.0420845485036
0.0421319171458
0.042141758674
0.0422524861571
0.0422239988596
0.0422333447695
0.0422905595455
0.0423454778396
0.0424729133539
0.042566777385
0.0426241039968
0.0425955068429
0.0427316807561
0.0428074994997
0.0428696715072
0.0429840463653
0.0429815082412
0.0429897679184
0.0430045070874
0.0431562964268
0.0432380002751
0.0434044883845
0.0435476075941
0.0436481275342
0.04363908604
0.0437732999114
0.0438032313927
0.0438617153416
0.0439000165332
0.0440296138219
0.0440403584649
0.0440330277731
0.0441323254122
0.0441602681381
0.0443164483985
0.0444456355901
0.0445986242465
0.0447027417223
0.0446709248243
0.0447453175329
0.0447409489652
0.0447690812719
0.0447970726933
0.0448566494987
0.0448417140196
0.044947231013
0.0449921076321
0.0450694834748
0.0451439243421
0.0451812462433
0.0452573037888
0.0452936075113
0.0453190272236
0.0452999337194
0.0453170626441
0.045473704748
0.0454502161153
0.045481778937
0.0455743879614
0.0455948378121
0.0456389606211
0.0456675293939
0.045723601108
0.0457289631348
0.0457454926191
0.0458427370127
0.0459988669056
0.0461506711145
0.046266951171
0.0463458430984
0.046377591254
0.0465400186947
0.0466558861952
0.0467299723907
0.0467914067911
0.046850449828
0.0469333320971
0.0469832105302
0.0470158864464
0.047077127992
0.0471516502009
0.0471630961847
0.0472975089329
0.0473373441222
0.0474962447292
0.0476576023856
0.0477547818398
0.0477797590271
0.0477754048344
0.0478234944876
0.0478762537683
0.0479300034216
0.0479381721194
0.0480519686243
0.0481706589306
0.0483227903888
0.0483301081711
0.0483727596744
0.0484294977466
0.0485679366915
0.0486155237041
0.0488057654587
0.0489231766907
0.0489766738716
0.04900864285
0.0490516204148
0.0490962500202
0.0491355744549
0.049311183286
0.0493469116837
0.0494063806378
0.0494409970355
0.0494177694362
0.049587206934
0.0496508541716
0.0497069799043
0.0497894996507
0.0498689340253
0.0499369108866
0.0499855172863
0.0501269796344
0.0501202922902
0.0501101030997
0.0502819858595
0.0502552825796
0.050408010855
0.050475649127
0.0505836858476
0.0506402479538
0.0507449618356
0.0507606367847
0.0509413923137
0.0509439334171
0.0510450305964
0.0510689981679
0.0511958100458
0.0512595056509
0.0513256734978
0.0513299368251
0.0514739849669
0.051524971121
0.0515858490591
0.0516434463707
0.0516820578469
0.0517531197508
0.0517232546384
0.0517299115223
0.0518771485722
0.05189191383
0.0519083302532
0.0520331296879
0.0520202268988
0.0521035078238
0.0522033293655
0.0522781316732
0.0522940600459
0.0524169204776
0.0525048104528
0.0525956909038
0.0526453184062
0.0526956104766
0.0528888463834
0.0530572490087
0.0531151365927
0.0532374488689
0.0532431456969
0.0533621562512
0.0534777263302
0.0535670847816
0.053582737151
0.0535913933863
0.0536182181023
0.0536972114287
0.053762046
0.0537592287446
0.0538239164908
0.0539156278174
0.0539514048026
0.0540589687342
0.0541137377286
0.0541434822064
0.0541725264404
0.0542145789867
0.0543094528054
0.0543195934516
0.0543880868544
0.0544685459855
0.0545611142721
0.0545671336628
0.0546612970156
0.0547241314507
0.0547655061964
0.054817421938
0.054946836931
0.0549754905878
0.0550870163602
0.0552357933579
0.055345225747
0.0554753631597
0.0555198135841
0.0555916983273
0.0556569452934
0.0557270048423
0.0557481689958
0.0558011858082
0.0558575772016
0.0558764989062
0.0559976679796
0.0560120856085
0.0560706162386
0.0561291479061
0.0561876660255
0.0561810387246
0.0563723540225
0.0564587889281
0.0565326241435
0.0566680857939
0.0567269674337
0.0568011813834
0.056851378394
0.0568562771436
0.0568632305713
0.0568919329552
0.0569294054418
0.0570387087615
0.0571681288471
0.0572027339682
0.0573125625494
0.0574466401194
0.0575328316297
0.0575985673564
0.0576414407215
0.0576507629726
0.0576856510763
0.0578209086144
0.0579650731338
0.0580727216721
0.0582278624903
0.0582799352069
0.0583834828754
0.0585147804967
0.0586094128221
0.0586007777488
0.0587313596622
0.0588582939258
0.0589516138732
0.0590220628903
0.0591043197008
0.0591422375693
0.0593037532093
0.0594147484932
0.0594743644814
0.0595323107775
0.0596625538912
0.0597111327114
0.0598156054848
0.0600263658359
0.0600534704007
0.0601564599019
0.0601896925097
0.0603013682343
0.0603743172402
0.0604194496012
0.0605103849754
0.0606100245846
0.0607140018754
0.0608024241057
0.0608766070144
0.0609079884892
0.0609826024937
0.0610735793608
0.0611664371212
0.0613171069791
0.0614099896682
0.061409049093
0.0614525970635
0.0614950252377
0.0616733944027
0.0617408489565
0.0618049319358
0.0618692330943
0.0619715443127
0.0620842270226
0.062128947005
0.0622629357441
0.0623164167741
0.0624187157192
0.0624702902306
0.0625284229288
0.0625325062166
0.0626871141771
0.0626831771863
0.0628319850721
0.0629318853381
0.0630009226527
0.0630796143004
0.0631237316045
0.0631224101001
0.0632555954136
0.063408141447
0.0634218267679
0.0636013710235
0.0636357349534
0.0637494095368
0.0638094577166
0.06387992465
0.0639253702169
0.063910495722
0.0640934694755
0.064189963308
0.0643336717349
0.0643851049572
0.0644423911393
0.0645758636009
0.0646497409486
0.064758949439
0.0647758083811
0.0647848030708
0.064874859571
0.0650139462702
0.0650481488876
0.0651327590732
0.0651861428003
0.0653279756801
0.0654255170108
0.0655902631447
0.0656556916975
0.0657965423381
0.0659117158869
0.0658988657526
0.066010171841
0.0660071208533
0.0661071307622
0.0661827615999
0.0662672790223
0.0663255914954
0.0664800217658
0.0665068692413
0.0666226422403
0.0666833607652
0.0667872780386
0.066849391727
0.0670251437911
0.0671710575877
0.0672167372164
0.0672366882063
0.0674032435345
0.0675650170587
0.0676339652429
0.0676595207823
0.067774954018
0.0678677230042
0.0679445606845
0.0680062592068
0.0681043261911
0.0682478943425
0.0682555615844
0.0682404420936
0.0682761408972
0.0684117426494
0.0684114544681
0.0684433798247
0.0685523972231
0.0685879467805
0.0686095904263
0.0686351933764
0.0687301292205
0.0687797446629
0.0688200696109
0.0688479336593
0.0689342326893
0.0690316582923
0.0690602815329
0.0692133731671
0.0692522504239
0.0693354922521
0.0693585455721
0.0693717135592
0.0695187885565
0.0695694385588
0.0696110876458
0.0697010853048
0.0697462120935
0.0698728536842
0.0699998857341
0.070034894699
0.0701593248952
0.0702225137502
0.0703898615657
0.0704269035491
0.0704361642571
0.0705398231249
0.0706027146434
0.0706370242493
0.0707418632201
0.0708218534426
0.0708289057413
0.0708862078811
0.0709853880773
0.0711195675004
0.0712180029044
0.0712338114268
0.07127518806
0.0713472635799
0.0714396853931
0.0715987698575
0.071627495656
0.0717275081703
0.0717559901886
0.0718968974104
0.0719298077562
0.0719519122772
0.0720116881143
0.0722374976859
0.0723286821039
0.0724592842243
0.0725936154592
0.0727259771028
0.0727588153434
0.0728529454995
0.073007020519
0.0730643242652
0.0731929582325
0.0732538075066
0.0733506526833
0.073434869669
0.0735095382793
0.073648384972
0.0736509971932
0.0737956678112
0.0739150055201
0.0739223030023
0.0739527418311
0.0739899290531
0.0740166216405
0.0740715200922
0.0740998785958
0.0742805729391
0.0744015398296
0.074529847362
0.0746490752899
0.0747162218593
0.0747769973803
0.0748835520732
0.0749857983362
0.075109628811
0.0751456793816
0.0752889578118
0.0753837055192
0.0754533745454
0.0755108372124
0.0755687862128
0.0755545897319
0.07577062647
0.075876528607
0.0760135321818
0.0761030360079
0.0761837291047
0.0762754276592
0.0762976661578
0.0763236528177
0.0764653372931
0.0766191639403
0.0767783845095
0.0769314685234
0.0770026980199
0.0770857309605
0.0771820015154
0.0772068808385
0.0772496731586
0.0773607270977
0.0774068171903
0.0774511700982
0.0774674933106
0.0776272591934
0.0777152213183
0.0778762562568
0.0780472412163
0.0780755500433
0.0781673068658
0.0782850054784
0.0784815166827
0.0785120254694
0.0786086429575
0.0786638509376
0.0788314483738
0.078966390619
0.0790815044086
0.0791662585351
0.0792145125833
0.0792995851831
0.0793470251106
0.0794340962941
0.0795114950585
0.0796716258365
0.0798027251437
0.0798163581242
0.0799094898078
0.0799467151045
0.0800725354993
0.0802492182279
0.0803671813266
0.0805099292534
0.0805731199635
0.0806100530832
0.0806234051386
0.0807428736797
0.0808870260417
0.0809388298498
0.0809719057813
0.0810975710476
0.0812064692462
0.0813345426717
0.0814919759484
0.0815611039722
0.0817010366382
0.0818036523371
0.0819114593122
0.0819584366665
0.082102785552
0.0821774619315
0.0822114823234
0.0822994547105
0.0823517801654
0.0825529957124
0.0827430600449
0.0828057020893
0.0829145007835
0.0830231902048
0.0830332914942
0.0831167965824
0.0831888046436
0.0832962744531
0.0834315633354
0.0834258647266
0.0835414588951
0.0835953595537
0.0837162046974
0.0838074835169
0.0839210410047
0.0839506913408
0.0840762746072
0.0842404124089
0.0842886873648
0.0843179628408
0.0843589171412
0.0844296068683
0.0845473940186
0.0846759736872
0.0847154545213
0.0847732686324
0.084838831481
0.0850502060786
0.0851625437807
0.085212147838
0.0853446726024
0.0854147680325
0.0854910085718
0.0854973046604
0.0856178914274
0.0856399109275
0.0857173027594
0.0857978970413
0.0858647494617
0.0859869498212
0.0860158902766
0.0861493273514
0.0862979208171
0.0864280772969
0.0865468224595
0.0867116691142
0.0868775629409
0.0869681968415
0.0870824553972
0.0871920571006
0.0873149012749
0.0874554542322
0.0874749792584
0.0875874869801
0.0877057358106
0.0878144365036
0.0878697821533
0.0879497697825
0.0880098874423
0.0881007279219
0.0882011850645
0.0883385244559
0.0884136515571
0.0885299179348
0.0886103958621
0.0886445275557
0.0887028504627
0.0889021740658
0.0890686991195
0.089147713761
0.0892268771808
0.0893177173975
0.0894330968907
0.089516228252
0.0895443798826
0.0896345863468
0.0896998848916
0.0898075776073
0.0898147260359
0.0899141289053
0.0900358803529
0.0901252702099
0.0902462840413
0.0902863324329
0.0903755800353
0.0905061889153
0.090579437719
0.0906784158067
0.0907782061037
0.0908490289542
0.0909258858119
0.0910014471531
0.0911375774041
0.0912393562417
0.091339449355
0.0914046882914
0.0915331962692
0.0916174629069
0.0917034546254
0.09175746734
0.0918308877499
0.0919486927617
0.0919950605817
0.0920293683254
0.0921955401666
0.0923232934175
0.0924315021799
0.092492340173
0.0926308073319
