
row1col1
West 0.0
East 0.0
North 0.0
South 0.0

row1col2
West 0.0
East 0.0
North 0.0
South 4.49032684796e-13

row1col3
West 0.0
East 0.0
North 0.0
South 0.0

row1col4
West 0.0
East 0.0
North 0.0
South 0.000226807523834

row1col5
West 2.1560059682e-07
East 0.0
North 0.0
South 0.0

row1col7
West 0.0
East 0.0
North 0.0
South 2.58384946706e-06

row1col8
West 0.0
East 3.00772742328e-06
North 0.0
South 0.0

row1col9
West 0.0
East 0.0
North 0.0
South 0.000130024287943

row1col10
West 5.47055425256e-06
East 0.0
North 0.0
South 0.0

row1col11
West 0.0
East 0.0
North 0.0
South 6.10079191479e-12

row1col13
West 0.0
East 0.00231414216883
North 0.0
South 0.0

row1col14
West 0.0
East 0.062650005896
North 0.0
South 0.0

row1col15
West 0.0
East 0.0
North 0.0
South 0.337488182837

row1col16
West 0.0
East 0.0
North 0.0
South 0.201458019132

row1col18
West 0.0
East 0.0
North 0.0
South 0.0

row1col19
West 0.48665791672
East 0.0
North 0.0
South 0.0

row1col20
West 0.0389672748262
East 0.0
North 0.0
South 0.0

row1col21
West 0.0
East 0.0
North 0.0
South 0.00978259773214

row1col22
West 0.0
East 0.0
North 0.0
South 0.00883948692086

row2col1
West 0.0
East 0.0
North 0.0
South 3.50086984596e-09

row2col2
West 0.0
East 0.0
North 0.0
South 6.55172522603e-08

row2col3
West 0.0
East 0.00218172116847
North 0.0
South 1.982258703e-23

row2col4
West 1.62493121284e-20
East 0.0122666349305
North 0.0
South 0.0

row2col5
West 3.20620509529e-19
East 0.0
North 0.0
South 0.0451528326833

row2col7
West 0.0
East 0.000607108881169
North 0.0
South 0.0

row2col8
West 0.0
East 0.0
North 0.0
South 0.0102645791118

row2col9
West 0.00125176246583
East 0.0
North 0.0
South 0.0

row2col10
West 0.0
East 0.0
North 0.0
South 0.000299355616061

row2col11
West 0.0
East 0.0
North 0.0
South 3.70056418729e-06

row2col13
West 0.0
East 0.0
North 0.0
South 0.114473272496

row2col14
West 0.0
East 0.0
North 0.0
South 0.136355038005

row2col15
West 0.0
East 0.857375
North 0.0
South 0.000155179320269

row2col16
West 0.0
East 0.9025
North 1.20966904785e-06
South 0.000216399792533

row2col17
West 0.0104556052608
East 0.95
North 0.0
South 0.0

row2col18
West 0.0174644930918
East 0.0
North 1.0
South 0.0

row2col19
West 0.891053767759
East 0.0
North 0.0
South 0.0

row2col20
West 0.637918304306
East 0.0
North 0.0
South 0.0

row2col21
West 0.30274585704
East 0.0
North 0.0
South 0.0

row2col22
West 0.0914751414979
East 0.0
North 0.0
South 0.0

row3col1
West 0.0
East 4.36223734117e-07
North 0.0
South 0.0

row3col2
West 0.0
East 1.31461518213e-05
North 0.0
South 0.0

row3col3
West 0.0
East 0.0
North 0.00023764709029
South 0.0

row3col4
West 0.0
East 4.22307452345e-26
North 0.000127581938332
South 0.0

row3col5
West 2.00596039864e-27
East 1.17138468061e-16
North 2.76497078964e-17
South 0.134933393125

row3col7
West 0.0
East 0.0
North 1.2462078553e-05
South 0.0

row3col8
West 0.0
East 0.0427513227057
North 0.0
South 0.0

row3col9
West 0.0
East 0.0
North 0.0
South 0.12260385313

row3col10
West 0.0153602915629
East 0.0
North 0.0
South 0.0

row3col11
West 0.00104816978021
East 0.0
North 0.0
South 0.0

row3col13
West 0.0
East 0.735091890625
North 8.3436625624e-08
South 0.00416190222383

row3col14
West 0.00478575496478
East 0.7737809375
North 0.0
South 8.34691513176e-05

row3col15
West 0.00016914544477
East 2.54533203125e-07
North 0.81450625
South 0.000155179320269

row3col16
West 0.000155179320269
East 2.54533203125e-07
North 0.173088386912
South 0.0

row3col18
West 0.0
East 0.0111974804542
North 0.0
South 0.0

row3col19
West 0.0
East 0.0
North 0.194379384439
South 0.0

row3col20
West 0.0
East 0.0
North 0.0883715756245
South 0.0

row3col21
West 0.00414861828781
East 0.0
North 0.0
South 0.0

row3col22
West 0.0
East 0.0
North 0.01072474944
South 0.0

row4col5
West 1.47618743504e-08
East 0.0
North 2.33154672425e-09
South 0.271069961425

row4col9
West 0.0
East 0.0
North 0.0
South 0.240924276797

row4col13
West 4.63411459592e-08
East 0.0
North 0.698337296094
South 0.0205074149904

row5col1
West 0.0
East 3.31774840522e-15
North 0.0
South 0.0

row5col2
West 0.0
East 0.0
North 0.0
South 1.28788077074e-10

row5col3
West 0.0
East 0.0
North 0.0
South 2.30864630006e-06

row5col5
West 3.30506918041e-17
East 0.396053990033
North 1.47618794981e-08
South 5.69925598315e-08

row5col6
West 1.25957141041e-16
East 0.417721531945
North 0.0
South 0.0

row5col7
West 1.86193585765e-06
East 0.440015300262
North 0.0
South 0.0

row5col8
West 9.0065677546e-06
East 0.0
North 0.0
South 0.463267323749

row5col9
West 0.377074574295
East 3.53817298375e-11
North 0.0
South 0.0

row5col10
West 1.18968088946e-06
East 0.0
North 1.40843210426e-06
South 0.0256382302611

row5col11
West 1.68742168628e-06
East 0.598736938194
North 0.0
South 0.0

row5col12
West 0.0131178674164
East 0.630249409678
North 0.0
South 0.0

row5col13
West 0.0123756732043
East 1.80220278219e-10
North 0.663420431289
South 3.65084899227e-05

row5col14
West 0.630249386319
East 0.0
North 0.0
South 0.0

row5col15
West 0.598736514704
East 0.0
North 0.0
South 0.0

row5col16
West 0.568796154671
East 0.0
North 2.58640792236e-10
South 0.0

row5col17
West 0.127059721832
East 0.0
North 0.0
South 0.0

row5col18
West 0.0135540087758
East 0.0
North 0.0
South 0.0

row5col20
West 0.0
East 1.13119275554e-06
North 0.0
South 0.0

row5col21
West 0.0
East 0.0
North 0.0
South 0.000249561217022

row5col22
West 2.65561097126e-06
East 0.0
North 0.0
South 0.0

row6col1
West 0.0
East 0.0
North 0.0
South 1.30509965811e-06

row6col2
West 0.0
East 0.0
North 0.0
South 9.2009517545e-05

row6col3
West 0.0
East 0.0
North 0.0
South 0.000478924267599

row6col5
West 0.0
East 0.0
North 0.373651084357
South 0.0

row6col6
West 4.32633163614e-08
East 0.0
North 0.0
South 0.0

row6col7
West 0.0
East 0.0211232888635
North 0.0
South 0.0

row6col8
West 0.0
East 0.487669750807
North 4.10832087077e-05
South 0.0

row6col9
West 0.0
East 0.513341243239
North 2.94279349895e-09
South 0.0

row6col10
West 1.33102069065e-07
East 0.540360003153
North 1.3282044128e-06
South 0.0

row6col11
West 0.0
East 0.0
North 0.568800080865
South 0.0

row6col12
West 0.0
East 0.041185317852
North 0.0
South 0.0

row6col13
West 0.0
East 0.0
North 0.327703411862
South 1.11476812066e-09

row6col14
West 0.0514197226875
East 0.0
North 0.0
South 0.0

row6col15
West 0.0
East 0.0
North 0.0503093412524
South 0.0

row6col16
West 0.0
East 0.0
North 0.540334922744
South 0.0

row6col17
West 0.513231632483
East 0.0
North 0.0
South 0.0

row6col18
West 0.320195559854
East 0.0
North 0.0
South 0.0

row6col19
West 0.126698672227
East 0.0
North 0.0
South 0.0

row6col20
West 0.0288694286069
East 0.0
North 0.0
South 0.0

row6col21
West 0.00421532224509
East 0.0
North 0.0
South 0.0

row6col22
West 0.0
East 0.0
North 0.0
South 1.58262087973e-18

row7col1
West 0.0
East 7.58443782213e-05
North 0.0
South 0.0

row7col2
West 0.0
East 0.00160806619204
North 0.0
South 0.0

row7col3
West 0.0
East 0.0
North 0.0
South 0.015120292483

row7col5
West 0.0
East 0.0
North 0.349550056175
South 5.00443473094e-23

row7col6
West 0.018421394046
East 0.0
North 0.0
South 0.0

row7col10
West 0.0
East 0.0
North 0.461102540885
South 0.0

row7col17
West 0.0
East 0.0
North 0.487196148166
South 0.0

row7col18
West 0.0945692268827
East 0.0
North 0.0
South 0.0

row7col20
West 0.0
East 0.0
North 0.000102141579855
South 0.0

row7col21
West 0.0
East 0.0
North 9.50672307554e-05
South 0.0

row7col22
West 1.12759467966e-06
East 0.0
North 0.0
South 0.0

row8col1
West 0.0
East 0.0
North 2.61071679826e-06
South 0.0

row8col2
West 0.0
East 0.00165735262889
North 0.0
South 0.0

row8col3
West 0.0
East 0.0639634256763
North 0.0
South 0.0

row8col4
West 0.0
East 0.176764755998
North 0.0
South 0.0

row8col5
West 0.0
East 0.0
North 0.322472328949
South 0.0

row8col6
West 0.0
East 0.0
North 0.0
South 0.00101299335318

row8col8
West 0.0
East 0.0
North 0.0
South 0.0

row8col9
West 0.0
East 0.0518743719892
North 0.0
South 0.0

row8col10
West 0.0
East 0.0
North 0.316321733467
South 0.0

row8col11
West 0.142205440306
East 0.0
North 0.0
South 0.0

row8col12
West 0.0398332453464
East 0.0
North 0.0
South 0.0

row8col13
West 0.00756399799013
East 0.0
North 0.0
South 0.0

row8col14
West 0.000768451779518
East 0.0
North 0.0
South 0.0

row8col15
West 0.0
East 0.0
North 0.0
South 1.64126466755e-08

row8col17
West 0.0
East 0.0
North 0.461623611958
South 0.0

row8col18
West 0.435542421239
East 0.0
North 0.0
South 0.0

row9col5
West 0.0
East 0.0
North 0.285525622209
South 0.0

row9col6
West 0.0268394680791
East 0.0
North 0.0
South 0.0

row9col8
West 0.0
East 1.6992907446e-08
North 0.0
South 0.0

row9col9
West 0.0
East 0.0
North 0.00338897164099
South 0.0

row9col10
West 0.0
East 0.0
North 0.0267754140363
South 0.0

row9col11
West 0.0
East 0.0
North 0.0
South 0.0

row9col12
West 0.0
East 0.0
North 0.00237495181846
South 0.0

row9col13
West 1.67667863721e-06
East 0.0
North 0.0
South 0.0

row9col14
West 0.0
East 0.0
North 5.95504858176e-05
South 0.0

row9col15
West 2.78960740991e-06
East 0.0
North 0.0
South 0.0

row9col17
West 0.0
East 0.0106522694308
North 0.0
South 0.0

row9col18
West 0.0
East 0.0
North 0.407617822505
South 0.0

row9col20
West 0.0
East 0.0
North 0.0
South 2.47348512838e-10

row9col21
West 0.0
East 0.0
North 0.0
South 2.14948694081e-15

row9col22
West 6.18608567034e-30
East 0.0
North 0.0
South 0.0

row10col1
West 0.0
East 0.0
North 0.0
South 1.77353358569e-08

row10col2
West 0.0
East 0.0
North 0.0
South 1.10062420602e-10

row10col3
West 0.0
East 0.0
North 0.0
South 0.00022444089133

row10col5
West 0.0
East 0.0
North 0.240795215156
South 0.0

row10col6
West 0.0216527844185
East 0.0
North 0.0
South 0.0

row10col17
West 0.0
East 0.0265808367476
North 0.0
South 0.0

row10col18
West 0.0
East 0.0
North 0.37638878825
South 0.0

row10col20
West 0.0
East 0.0
North 0.0
South 4.05152903618e-08

row10col21
West 3.05416434607e-11
East 0.0
North 0.0
South 0.0

row10col22
West 0.0
East 0.0
North 0.0
South 2.0151107385e-11

row11col1
West 0.0
East 8.43615428635e-06
North 0.0
South 0.0

row11col2
West 0.0
East 0.000444726255645
North 0.0
South 0.0

row11col3
West 0.0
East 0.00747950559133
North 0.0
South 0.0

row11col4
West 0.0
East 0.0515843813106
North 0.0
South 0.0

row11col5
West 0.0
East 0.0
North 0.190792366929
South 0.0

row11col6
West 0.00276164812254
East 0.0
North 0.0
South 0.0

row11col8
West 0.0
East 0.0
North 0.0
South 1.74587618461e-16

row11col9
West 0.0
East 0.0
North 0.0
South 0.0

row11col10
West 0.0
East 0.0
North 0.0
South 1.13648030948e-20

row11col12
West 0.0
East 0.0
North 0.0
South 3.57449905006e-13

row11col13
West 0.0
East 0.0
North 0.0
South 2.43168587646e-10

row11col14
West 0.0
East 2.71152580319e-12
North 0.0
South 0.0

row11col15
West 0.0
East 0.0
North 0.0
South 7.9847940005e-06

row11col17
West 0.0
East 0.0
North 0.000381003845788
South 0.0

row11col18
West 0.0
East 0.0
North 0.339834857236
South 0.0

row11col20
West 0.0
East 0.0
North 0.0
South 2.44317345116e-06

row11col21
West 1.1778897096e-07
East 0.0
North 0.0
South 0.0

row11col22
West 0.0
East 0.0
North 0.0
South 1.62714919747e-08

row12col1
West 0.0
East 0.0
North 4.48881248127e-09
South 0.0

row12col2
West 0.0
East 0.0
North 1.54329147043e-16
South 0.0

row12col3
West 0.0
East 0.0
North 0.000304656374689
South 0.0

row12col5
West 0.0
East 0.0
North 0.133272606579
South 0.0

row12col6
West 0.0106419654681
East 0.0
North 0.0
South 0.0

row12col8
West 0.0
East 1.42255321329e-12
North 0.0
South 0.0

row12col9
West 0.0
East 0.0
North 0.0
South 1.58274191061e-10

row12col10
West 2.67361824557e-13
East 0.0
North 0.0
South 0.0

row12col12
West 0.0
East 3.84153378382e-08
North 0.0
South 0.0

row12col13
West 0.0
East 1.15102648062e-06
North 0.0
South 0.0

row12col14
West 0.0
East 2.25320111503e-05
North 0.0
South 0.0

row12col15
West 0.0
East 0.00029137154478
North 0.0
South 0.0

row12col16
West 0.0
East 0.00209554222165
North 0.0
South 0.0

row12col17
West 0.0
East 0.0
North 0.0
South 0.011623242049

row12col18
West 0.0
East 0.0
North 0.298311353352
South 0.0

row12col20
West 0.0
East 2.82250967551e-05
North 0.0
South 0.0

row12col21
West 0.0
East 0.0
North 0.0
South 0.000236292324616

row12col22
West 2.32099375487e-06
East 0.0
North 0.0
South 0.0

row13col5
West 0.0
East 0.0
North 0.083303153272
South 0.0

row13col6
West 0.0
East 0.0
North 9.94666893781e-05
South 0.0

row13col9
West 0.0
East 0.0
North 0.0
South 7.30819639871e-08

row13col17
West 0.0
East 0.0
North 0.0
South 0.0487948330936

row13col18
West 0.0
East 0.0
North 0.251845296087
South 0.0

row13col21
West 0.0
East 0.0
North 0.0
South 0.00139641996944

row14col1
West 0.0
East 5.68516752095e-09
North 0.0
South 0.0

row14col2
West 0.0
East 0.0
North 0.0
South 8.23914855802e-07

row14col3
West 0.0
East 0.00381776233492
North 0.0
South 0.0

row14col4
West 0.0
East 0.0145476289701
North 0.0
South 0.0

row14col5
West 0.0
East 0.0
North 0.0487602896877
South 0.0

row14col6
West 0.0
East 0.0
North 0.0
South 1.45486777147e-06

row14col7
West 0.0
East 0.0
North 0.0
South 9.60437469343e-05

row14col8
West 0.0
East 0.0
North 0.0
South 2.17734633126e-05

row14col9
West 1.79779082153e-06
East 0.0
North 0.0
South 0.0

row14col10
West 9.67979637416e-09
East 0.0
North 0.0
South 0.0

row14col11
West 1.21830098036e-12
East 0.0
North 0.0
South 0.0

row14col12
West 0.0
East 5.12817839433e-08
North 0.0
South 0.0

row14col13
West 0.0
East 2.52818283409e-06
North 0.0
South 0.0

row14col14
West 0.0
East 0.000446910757576
North 0.0
South 0.0

row14col15
West 0.0
East 0.0408244961372
North 0.0
South 0.0

row14col16
West 0.0
East 0.0844792026891
North 0.0
South 0.0

row14col17
West 0.0
East 0.144956691441
North 0.0
South 0.0

row14col18
West 0.0
East 0.0
North 0.203483845744
South 0.0

row14col19
West 0.0870501021547
East 0.0
North 0.0
South 0.0

row14col20
West 0.0276473091179
East 0.0
North 0.0
South 0.0

row14col21
West 0.00703579615176
East 0.0
North 0.0
South 0.0

row14col22
West 0.000189260644532
East 0.0
North 0.0
South 0.0

row15col1
West 0.0
East 0.0
North 5.9139525212e-23
South 0.0

row15col2
West 0.0
East 0.000155352263254
North 0.0
South 0.0

row15col3
West 0.0
East 0.0
North 0.000873381336474
South 0.0

row15col4
West 0.0
East 0.000192469745369
North 0.0
South 0.0

row15col5
West 0.0
East 0.0
North 0.0208035899833
South 0.0

row15col6
West 0.00728158081617
East 0.0
North 0.0
South 0.0

row15col7
West 0.00220127694161
East 0.0
North 0.0
South 0.0

row15col8
West 0.000252296382943
East 0.0
North 0.0
South 0.0

row15col9
West 0.0
East 0.0
North 3.80260988162e-08
South 0.0

row15col10
West 5.77041612827e-12
East 0.0
North 0.0
South 0.0

row15col11
West 1.99734239855e-17
East 0.0
North 0.0
South 0.0

row15col12
West 0.0
East 0.0
North 4.94317413356e-11
South 0.0

row15col13
West 0.0
East 6.42862301913e-06
North 0.0
South 0.0

row15col14
West 0.0
East 0.00059999567807
North 0.0
South 0.0

row15col15
West 0.0
East 0.0
North 0.0178354543943
South 0.0

row15col16
West 0.0
East 0.0
North 1.08811423634e-24
South 0.0

row15col17
West 0.0
East 0.0
North 0.00516907483669
South 0.0

row15col18
West 0.0
East 0.0
North 0.002913992937
South 0.0

row15col19
West 0.0
East 0.0
North 0.003158319885
South 0.0

row15col20
West 5.65376795994e-05
East 0.0
North 0.0
South 0.0

row15col21
West 0.0
East 0.0
North 2.76029133917e-05
South 0.0

row15col22
West 1.99058420295e-08
East 0.0
North 0.0
South 0.0

row16col2
West 0.0
East 0.0
North 2.05658434943e-05
South 0.0

row16col7
West 0.0
East 0.0
North 0.000379641311634
South 0.0

row16col15
West 0.0
East 0.0
North 0.00643243783477
South 0.0

row17col1
West 0.0
East 9.1627497042e-09
North 0.0
South 0.0

row17col2
West 0.0
East 0.0
North 2.03812861533e-06
South 0.0

row17col3
West 2.52549291846e-11
East 0.0
North 0.0
South 0.0

row17col4
West 0.0
East 0.0
North 0.0
South 1.26761166854e-12

row17col6
West 0.0
East 1.46959380322e-09
North 0.0
South 0.0

row17col7
West 0.0
East 0.0
North 6.97771854626e-05
South 0.0

row17col8
West 8.76700833232e-06
East 0.0
North 0.0
South 0.0

row17col9
West 0.0
East 0.0
North 0.0
South 2.60016831012e-10

row17col10
West 1.17568142882e-15
East 0.0
North 0.0
South 0.0

row17col11
West 3.38779235972e-18
East 0.0
North 0.0
South 0.0

row17col13
West 0.0
East 2.63414028065e-06
North 0.0
South 0.0

row17col14
West 0.0
East 0.000122751412103
North 0.0
South 0.0

row17col15
West 0.0
East 0.0
North 0.00200614761494
South 0.0

row17col16
West 0.000448477394003
East 0.0
North 0.0
South 0.0

row17col18
West 0.0
East 0.0
North 0.0
South 7.07953110737e-10

row17col19
West 1.14418194545e-11
East 0.0
North 0.0
South 0.0

row17col20
West 6.02785608424e-14
East 0.0
North 0.0
South 0.0

row17col21
West 0.0
East 2.62748754816e-20
North 0.0
South 0.0

row17col22
West 0.0
East 0.0
North 0.0
South 4.94792659695e-18

row18col1
West 0.0
East 1.28725595398e-12
North 0.0
South 0.0

row18col2
West 0.0
East 0.0
North 1.50374094977e-07
South 0.0

row18col3
West 3.90302256272e-09
East 0.0
North 0.0
South 0.0

row18col4
West 1.03187879134e-10
East 0.0
North 0.0
South 0.0

row18col6
West 0.0
East 8.19846635966e-08
North 0.0
South 0.0

row18col7
West 0.0
East 0.0
North 1.76493490602e-06
South 0.0

row18col8
West 0.0
East 0.0
North 6.88501653692e-07
South 0.0

row18col9
West 3.36636743526e-08
East 0.0
North 0.0
South 0.0

row18col10
West 5.92411221425e-11
East 0.0
North 0.0
South 0.0

row18col11
West 1.21832253799e-14
East 0.0
North 0.0
South 0.0

row18col13
West 0.0
East 7.54654145938e-09
North 0.0
South 0.0

row18col14
West 0.0
East 0.0
North 2.61398822516e-06
South 0.0

row18col15
West 0.0
East 0.0
North 8.00593045826e-08
South 0.0

row18col16
West 0.0
East 0.0
North 8.30329149551e-05
South 0.0

row18col17
West 1.35740863712e-05
East 0.0
North 0.0
South 0.0

row18col18
West 1.6477919821e-06
East 0.0
North 0.0
South 0.0

row18col19
West 1.93163624311e-07
East 0.0
North 0.0
South 0.0

row18col20
West 2.10539519103e-08
East 0.0
North 0.0
South 0.0

row18col21
West 1.4998017202e-10
East 0.0
North 0.0
South 0.0

row18col22
West 0.0
East 0.0
North 0.0
South 1.20947092186e-13

row19col1
West 0.0
East 0.0
North 2.64620878267e-26
South 0.0

row19col2
West 0.0
East 0.0
North 4.2460525512e-09
South 0.0

row19col3
West 0.0
East 0.0
North 2.19905462431e-15
South 0.0

row19col4
West 0.0
East 0.0
North 3.28613826976e-18
South 0.0

row19col6
West 0.0
East 0.0
North 6.02285435726e-10
South 0.0

row19col7
West 4.28581126696e-12
East 0.0
North 0.0
South 0.0

row19col8
West 0.0
East 0.0
North 1.50383551315e-12
South 0.0

row19col9
West 0.0
East 0.0
North 0.0
South 0.0

row19col10
West 0.0
East 0.0
North 4.25327723596e-18
South 0.0

row19col11
West 0.0
East 0.0
North 0.0
South 0.0

row19col13
West 0.0
East 0.0
North 5.50621747229e-12
South 0.0

row19col14
West 0.0
East 0.0
North 3.56061583094e-10
South 0.0

row19col15
West 0.0
East 4.39335511722e-16
North 0.0
South 0.0

row19col16
West 0.0
East 0.0
North 5.16048609107e-07
South 0.0

row19col18
West 0.0
East 5.87922564802e-18
North 0.0
South 0.0

row19col19
West 0.0
East 3.55922528534e-11
North 0.0
South 0.0

row19col20
West 0.0
East 0.0
North 1.86008218808e-09
South 0.0

row19col21
West 9.55164699705e-11
East 0.0
North 0.0
South 0.0

row19col22
West 3.57763638202e-12
East 0.0
North 0.0
South 0.0
