0.0
0.0220063334326
0.0146708889551
0.0110031667163
0.00880253337304
0.0150569649802
0.0223834047157
0.0195854791263
0.0196749461761
0.0188672737715
0.017152067065
0.0157227281429
0.0145132875165
0.0134766241225
0.0125781825143
0.0117920461072
0.0110983963362
0.0104818187619
0.0142170190902
0.0138716567683
0.0142331910362
0.0176723777781
0.0169040135269
0.0171410777174
0.0164554346087
0.0158225332776
0.0152365135266
0.0148655470622
0.0178012178532
0.0172078439248
0.0166527521853
0.0161323536795
0.0156434944771
0.0151833916983
0.0175023001517
0.0170161251475
0.0167090991363
0.0162693860012
0.0158522222575
0.0154559167011
0.015078943123
0.0147199206677
0.0143775969313
0.0140508333646
0.0137385926232
0.0134399275662
0.0149781737882
0.0146661285009
0.0154695954451
0.0151602035362
0.0159782389419
0.0156709651161
0.015375286529
0.0169424108525
0.0166343670189
0.0163373247507
0.0160507050182
0.0157739687248
0.0155066133227
0.0164120652608
0.0161430150106
0.0158826438008
0.0156305383436
0.015386311182
0.0151495987023
0.014920059328
0.0159770360544
0.0157859351868
0.0155571535174
0.0153349084672
0.0151446979026
0.0149343548761
0.0147297746724
0.0145307236633
0.0145473529675
0.0143559404284
0.014463993804
0.0152209834868
0.0150283128097
0.0148404588996
0.0154353290487
0.0152470933286
0.0150633934089
0.0148840672969
0.0147089606228
0.014537926197
0.0160968758698
0.0159139568258
0.0157351483222
0.0155603133408
0.0161183543275
0.0159431548239
0.0157717230516
0.0156039387638
0.0154396867768
0.0152788567063
0.0151213427196
0.0149670433041
0.0151598626912
0.015638513474
0.0154836767069
0.0159188729542
0.0157643207896
0.015612740782
0.0158832162685
0.0157333746056
0.0157583205534
0.0156124101779
0.0155136674471
0.0153726341067
0.0152341419076
0.0150981227834
0.0149645110773
0.0148332434363
0.0147042587108
0.015640106985
0.0165148834835
0.0163749268438
0.0162373224166
0.0168936780631
0.016754060889
0.0166167325211
0.0167730891042
0.0166378222566
0.0165047196785
0.0163737298398
0.0169928343292
0.016860077811
0.0172707262746
0.017340582299
0.0179715702204
0.0178354219611
0.0177342280434
0.017601883058
0.0174930064899
0.0173643814422
0.0184447201132
0.0183110627211
0.0192495618452
0.0191120649749
0.0189765184147
0.019560121962
0.0194233378924
0.0198540829417
0.0197171582318
0.0198037075213
0.0196689884225
0.0199046806238
0.0203767968612
0.0202409515488
0.0224117064456
0.0229221557453
0.0228201140258
0.0232008316295
0.0230511488448
0.0235123594291
0.023362599178
0.0233477896002
0.0237984324329
0.0245927377478
0.0244902950977
0.0243391204366
0.0242227660449
0.0246848223495
0.0245352173656
0.0243874148513
0.0242413824271
0.024512765446
0.0247042875986
0.0245589682598
0.0244603456239
0.0247916844575
0.0247029858445
0.0245610146615
0.024936380292
0.0247946963131
0.024654613283
0.0248196773026
0.0246810198875
0.0245439031104
0.0244083014357
0.0242741898894
0.0246879921304
0.0245538182601
0.0246590012256
0.0245264259502
0.0243952685921
0.0243211841607
0.0242043879949
0.0243208339687
0.0241934997594
0.0240674919482
0.0243437126829
0.024469608483
0.0248313027985
0.0252242109861
0.0252781418554
0.0252343549693
0.0259056834305
0.026511246904
0.0267845771433
0.0273764070006
0.0272415478528
0.0271080108535
0.0269757766543
0.0271668750352
0.027051176247
0.027492193133
0.0277924697209
0.027660124627
0.0277376248272
0.0279909880355
0.0282832838663
0.0281511189885
0.0280201835513
0.0278904604793
0.0286156196476
0.0284946613411
0.0283645487322
0.0282576619313
0.0281297992076
0.0286015508805
0.0286810467196
0.0289994349039
0.0292927707488
0.0293902992337
0.0296675867693
0.0298768433788
0.0300961858046
0.0299825063419
0.0298591643774
0.0297304610827
0.0296028625373
0.0302893887657
0.0301604977497
0.03009001935
0.0299630572431
0.0302363217084
0.0310648951597
0.0312610549156
0.0314524119232
0.0313224432789
0.0314665568585
0.0313743762287
0.0318242122781
0.0316948455615
0.0315739350871
0.0314466208327
0.0315867630909
0.0314604160386
0.0317135617914
0.0319638544335
0.0318375150879
0.0320015767964
0.0318760804169
0.0323719891603
0.032246028113
0.0322750025461
0.0325171840035
0.0324174912566
0.0326053576694
0.0325134508044
0.0326861494731
0.0328554371409
0.0327314543592
0.0326084037789
0.0331471386898
0.0335727531849
0.0337507378385
0.0336257351057
0.0338180294411
0.0336936984505
0.0338686322474
0.0339750421333
0.0338514965255
0.0342815834147
0.0341578231858
0.0342542675542
0.0341314924017
0.0343051351015
0.0341830527702
0.0340799379974
0.0345296274149
0.0344080442198
0.03428731424
0.0347033548929
0.0345984894748
0.0344783558308
0.0349421303403
0.0348359774748
0.034716266212
0.0348623683611
0.0347433841688
0.0349022523349
0.0347839396151
0.0346924212297
0.0345756117306
0.0344595861879
0.0344776803265
0.0343627547254
0.0344828926532
0.0346832804259
0.0347639979678
0.0349866777603
0.0352981031835
0.0354489284182
0.035333459596
0.0352187405713
0.0351079641827
0.0352318391016
0.0356497818218
0.0358103193801
0.0359795958823
0.0358650111821
0.0357511540037
0.0357304190304
0.035621736094
0.0359333703574
0.0361185322058
0.0360056617926
0.0363205092896
0.0362567124331
0.0364540600726
0.0368317596364
0.0368538547356
0.0372073077675
0.0374297442137
0.0373156291399
0.0374497780635
0.0373412330876
0.0374837897855
0.0377315717074
0.0376370841537
0.0379776965428
0.0381589158011
0.0380453475993
0.0380927976324
0.0382337582903
0.0384638500812
0.0389242505221
0.0390489612977
0.0393896696846
0.0397503866644
0.0398276879913
0.0397122454174
0.0399539159225
0.0400113216228
0.0398963465606
0.0402371269967
0.040575960116
0.04046035909
0.0410160620552
0.0412659896047
0.0413020631052
0.0416566717302
0.0418335390083
0.0417585114832
0.0418693188031
0.0419915142939
0.0421029822114
0.0419863534518
0.0419316874219
0.0420186777846
0.0421270073099
0.042126144368
0.0421923080258
0.0420773426089
0.0423840884552
0.0426250593668
0.0426891593229
0.0425758624361
0.0428684578214
0.0430216254948
0.0429089805734
0.042954219809
0.0430566038654
0.0431713862236
0.0430737561445
0.0429601050729
0.0430872239877
0.0429803413963
0.0430922711308
0.0432599387842
0.0431883710308
0.0434919953388
0.0435104350832
0.0434432252825
0.0439720797277
0.0440080320884
0.0440836760806
0.0440472435176
0.0444644602858
0.0443981450968
0.0442908766407
0.0441954492817
0.044482897493
0.0444196437171
0.0444834982042
0.0444235351706
0.0448532662651
0.044778791849
0.0446865423607
0.0447996030496
0.0451158476415
0.0455191532337
0.0455545092452
0.0458003487653
0.0456880930085
0.0455763861796
0.0460312145101
0.0459420513003
0.0460183523742
0.0460377655858
0.0461560318525
0.0463469740908
0.0463477301292
0.0468448340683
0.0467841140739
0.0467580149765
0.0468667382032
0.0469749157605
0.0474811987172
0.0473817035703
0.0476765063774
0.0476486759912
0.0476807639546
0.0478185981478
0.048020570271
0.0479183260498
0.0481173127565
0.0482153985802
0.0482608659895
0.0484190480615
0.048493577092
0.0485312268802
0.0489132502071
0.0489393142228
0.0489746253493
0.0492453054782
0.0494139540568
0.0495267446986
0.0498797968872
0.0497702379497
0.0499753841994
0.0499993340744
0.049933207295
0.0500060931174
0.0500958770824
0.0502796995365
0.0503092725365
0.0501977220431
0.050363981603
0.0502543272096
0.0503638991761
0.0504800603337
0.0504763047144
0.0507056860718
0.0510374763888
0.0509374049519
0.0512371723578
0.0511705275818
0.0512762190805
0.0517353497473
0.05196705522
0.0519780774095
0.0520748563591
0.0519633470307
0.0520304042228
0.0522306583242
0.052119529264
0.0521184825218
0.0526376369084
0.0530620089102
0.0532990249349
0.0535600507331
0.0537368414551
0.0537021789091
0.0536224676319
0.0540640371773
0.0541102945126
0.054503314187
0.0548264983623
0.055293870846
0.0554064785031
0.0556323009197
0.0559400322306
0.0561949866858
0.0561154903339
0.0562243626727
0.056220816421
0.0562270764588
0.0564157854225
0.0566458620498
0.0566178195684
0.0566724205593
0.0568008443111
0.0571064687408
0.0571817878186
0.0573774621745
0.0575737291931
0.0574828717749
0.0576609269883
0.0577669901574
0.0579608143829
0.0581160697773
0.0585574424161
0.0589204601834
0.0592253442333
0.0591102767875
0.0594565677029
0.0593758788625
0.0594971082259
0.0596786948448
0.0597563532707
0.0596403215168
0.0600031441895
0.0603151864203
0.0605601585501
0.0606690881748
0.0609085082196
0.0609957229981
0.0611515225872
0.0611379173983
0.061032604303
0.0612551154563
0.0615180816801
0.0616029521121
0.0618624960687
0.0622796694303
0.0628114661536
0.0631175670766
0.0630207262027
0.0629788316442
0.0631868734682
0.063308429109
0.0634867931576
0.0635997895994
0.0635992347666
0.0638112120636
0.0640277422264
0.0641616073756
0.0641897208052
0.0644187827741
0.0648254731296
0.0649190120591
0.065011684746
0.0650434661074
0.0652373490159
0.0654490447898
0.0656046457155
0.0657283589798
0.0658171710169
0.0660550693214
0.0660501225861
0.0660155582269
0.0662120505984
0.0663858435346
0.0664231140669
0.0665680808408
0.0665884162413
0.0667848414277
0.0669728368291
0.0669914391199
0.0669989707278
0.0673347983546
0.0676212837445
0.0678329986593
0.0682805222778
0.0685848660488
0.0685804600404
0.0686810010542
0.0687979389442
0.069222943912
0.0692343551156
0.069297413609
0.0696568856916
0.069882465861
0.0702715047397
0.0704675878521
0.0704685246591
0.0705355175118
0.0705598342624
0.0705498374867
0.0707539050195
0.0709483165666
0.0711527809671
0.0713393300038
0.071501307158
0.0717690564081
0.0719177785065
0.0723815939251
0.0727279294583
0.0731050947385
0.073267249567
0.0735423442939
0.0739868352479
0.074049648725
0.0742540914344
0.0744694824323
0.0744809735937
0.0747396031376
0.0747750235179
0.074783259162
0.0748706009165
0.0754471500491
0.0757680151785
0.0760950864922
0.0762203941889
0.0763620427554
0.076383662515
0.0765097401876
0.0766869006082
0.07677226868
0.0768167178192
0.0770402341464
0.0771438498166
0.0771836259554
0.0772680247777
0.0773635653266
0.0775827717044
0.0777155145768
0.0779396602558
0.0781547149404
0.0784384760283
0.0785430832074
0.078740278846
0.0789551815362
0.0790344882817
0.0791136342029
0.079404506207
0.079326319495
0.0796726754487
0.0799262493868
0.0800872668985
0.0800515581663
0.080097655034
0.0804897593889
0.0804229374528
0.0804822036944
0.0807882975986
0.0810694879481
0.0814366458062
0.0817809401614
0.0821701290619
0.0824064468404
0.0823930894838
0.0825253131943
0.0824954797763
0.0825366190894
0.0829595296885
0.0831713503498
0.0833398580906
0.0835782638376
0.0839530438532
0.0841463327505
0.0842680496174
0.0843250604117
0.0845457352702
0.0846925450844
0.084789967734
0.0850349797323
0.0854350276634
0.0854518996506
0.085817585938
0.085925801707
0.0860378728481
0.0862990949976
0.0864586837753
0.0866853849013
0.0866864281065
0.0867593321648
0.0870625017122
0.0872530861413
0.0873472385184
0.087570999111
0.0878618843873
0.0881050446817
0.0882593755415
0.0885706671804
0.088581521826
0.0886698386075
0.0888953007637
0.0890975361974
0.0894222913702
0.0898399635062
0.0900524035025
0.0903919327481
0.0907437315675
0.0909339216597
0.0910293574781
0.0913515153352
0.0916922497082
0.091852974229
0.0920262069289
0.091963185435
0.0920505290401
0.0922706321375
0.0924292856197
0.0926309016223
0.0927434371972
0.0928698466887
0.0930298922662
0.0933112989393
0.0935729571258
0.0938290889884
0.0941270512462
0.0943732304215
0.0944191211924
0.0944372072584
0.0946100417978
0.0948241630773
0.0948430505843
0.0949627325354
0.0952543132272
0.0953761325594
0.0957069806695
0.095738738036
0.0958356033886
0.096079363177
0.0962789700257
0.0964678646085
0.0965049148031
0.0967678497252
0.0969062721497
0.0971388088816
0.097249781943
0.0973871129562
0.0975032403497
0.0975991204383
0.0979102610519
0.0979845416019
0.0981490686052
0.0982990407192
0.098516866103
0.098688762559
0.0988769650237
0.0989647718288
0.0990614338061
0.0992902798034
0.0996571697438
0.0998279761863
0.0998977913746
0.100187263495
0.100299089566
0.100455443271
0.100548031632
0.100583747977
0.10092004135
0.101197880104
0.101285060148
0.101383095403
0.101542877907
0.1017773031
0.102111258081
0.102332761249
0.102547086899
0.102550104495
0.102693946362
0.102845121743
0.10302053132
0.10328036997
0.103485960218
0.103666556704
0.103771771722
0.103991179297
0.104106117687
0.104100660261
0.104457567173
0.104933396927
0.10492328239
0.104983775786
0.105192550742
0.105321570948
0.105415938078
0.105606529842
0.105882322772
0.106239615495
0.106300349288
0.106492253282
0.106654970271
0.106954694348
0.107180245512
0.107438806971
0.10768648243
0.108036641953
0.108339610942
0.108597479108
0.108681054833
0.10886141245
0.108959272121
0.10903165931
0.109131340635
0.109200748777
0.109466041134
0.109694921346
0.11002184638
0.110132038949
0.110271090687
0.11046385123
0.110649532144
0.110797760472
0.111031754477
0.111286330309
0.111461572125
0.111744489729
0.112025717468
0.112171825155
0.112358879287
0.112622401589
0.112734840946
0.11292281585
0.113025351199
0.113149198834
0.113242781204
0.113404207667
0.113660866508
0.113943211707
0.114143063366
0.114217912554
0.114355365393
0.114556546826
0.114745088827
0.114881751893
0.114966851304
0.115138114498
0.11530210102
0.115342900233
0.115510738146
0.11574553924
0.115815857494
0.116071947214
0.116196908489
0.116476825888
0.116682145263
0.117163764056
0.117392924236
0.11767966406
0.117787194102
0.118034164479
0.118078368899
0.118307492844
0.11830624901
0.118476905886
0.118705001169
0.118775458507
0.118874685461
0.119293239711
0.119438497273
0.119608500691
0.119797709327
0.11988013535
0.120300468579
0.12048901107
0.120578290798
0.120779777212
0.120896217609
0.121161913618
0.12132000451
0.121474303868
0.121634634368
0.121970717049
0.122263934287
0.122365032267
0.122517684503
0.122738054351
0.122782589754
0.123054464292
0.123309826144
0.123659841493
0.124015733748
0.124104225759
0.124311032144
0.124519295004
0.124657989454
0.124887216465
0.125112724504
0.12528779849
0.125538549082
0.125840461122
0.125944449151
0.126193949777
0.12642719275
0.126505925839
0.126671356046
0.12672411664
0.126876428579
0.127078157106
0.127240946588
0.127307261244
0.127475218288
0.127574994223
0.127752930771
0.127900192831
0.128130311237
0.128387109041
0.128593300767
0.128715761367
0.128919629149
0.128961540058
0.129066971096
0.129031723788
0.129057693404
0.129254288262
0.129485728489
0.129646608255
0.12978280996
0.130033661946
0.13024810126
0.130363345881
0.130590924385
0.130782641945
0.130908989971
0.131079568201
0.131329431461
0.131469451269
0.131721676348
0.131889758419
0.132132708359
0.132258063152
0.132413635582
0.132539857644
0.132719687166
0.132926120804
0.133102651623
0.133281975541
0.133461152529
0.133595886077
0.133753174316
0.133866152509
0.134130415752
0.134302454859
0.134503127713
0.1347178592
0.134955594856
0.135158388816
0.135275638629
0.135442889239
0.135785276066
0.135956764497
0.136107453892
0.136261639165
0.136568625506
0.136766785063
0.136939508979
0.137194752629
0.13737764875
0.137521543375
0.137653695813
0.137899407351
0.138044861017
0.138193286152
0.138359338337
0.138498424928
0.138771970988
0.138838469045
0.139193727668
0.139393481531
0.13962542146
0.139912888061
0.139962466905
0.140257112329
0.140313340594
0.14056261982
0.140762394401
0.140998362162
0.141207107381
0.141375268326
0.141475754048
0.141704703449
0.141865086735
0.142159598611
0.142365691902
0.142498999014
0.14258920806
0.142892279001
0.143093167333
0.143248480189
0.143418274807
0.143580413921
0.143658037591
0.143883623575
0.144302213641
0.144609228191
0.144818455961
0.144906099586
0.144978017023
0.145245444597
0.145281417526
0.145397081994
0.145646045262
0.145873664733
0.14599121448
0.146137350198
0.146241569731
0.146515672354
0.146757185988
0.147017184956
0.147176682029
0.147522970408
0.147670213106
0.14773111206
0.147901245532
0.148169957546
0.148313069644
0.148361444677
0.148443505012
0.148702131516
0.148798124817
0.148958271491
0.149015015373
0.149257848883
0.149456073819
0.149641167707
0.149802639986
0.150008162555
0.15030360498
0.150467867359
0.15064538108
0.150691275256
0.150820936112
0.150876948784
0.151035207885
0.151170038587
0.151300642514
0.151529237003
0.151713583126
0.151997996228
0.152110066855
0.152253338184
0.152318695811
0.152487828426
0.15274584936
0.152923177514
0.15303970774
0.153342029518
0.153527229121
0.153752388956
0.153988906209
0.154275070807
0.1544722014
0.154504255672
0.154699720312
0.154952471617
0.155076887516
0.15525922737
0.155437758313
0.155595419017
0.15564685423
0.155769922307
0.156000417071
0.156110662968
0.156258762493
0.156496798153
0.156647156101
0.156820805776
0.156951754718
0.157120419926
0.157215495902
0.157452723928
0.157560384728
0.15774016778
0.157845979885
0.157929542578
0.158094216096
0.15827461467
0.158408624722
0.158665762182
0.158841142726
0.15894409336
0.159099836121
0.159241615564
0.159332498177
0.159425210781
0.159673901947
0.159733496627
0.160001817876
0.160129722332
0.160236456828
0.160416329929
0.160510536879
0.160681516617
0.160817310975
0.161032838634
0.161248004437
0.161373929214
0.161507140227
0.161632393672
0.161748344177
0.161963705237
0.162063877403
0.162117151399
0.162136855666
0.162319840178
0.162493172455
0.162657964387
0.162811356501
0.162968734189
0.163149677442
0.163246940559
0.163331129311
0.163512544341
0.163823627715
0.164003219334
0.164133598479
0.164234868752
0.164286535785
0.164406192379
0.164546295098
0.164745869157
0.164962176235
0.16508419104
0.165325953042
0.165508062764
0.165692562177
0.165870344823
0.166000830794
0.166122595007
0.166294932036
0.166375836148
0.166551983354
0.166712721051
0.166765953324
0.166886164316
0.167084192182
0.167173334055
0.167338944748
0.167564269738
0.167741612506
0.167878145972
0.168019616803
0.16815120955
0.168236728646
0.168331358232
0.168441319866
0.168579024577
0.168724693494
0.168891801356
0.169062038093
0.16923863433
0.16948005051
0.16957629384
0.169722206488
0.169917373948
0.170126040464
0.170236478558
0.170371644755
0.170588905964
0.170677861567
0.170896878968
0.170985037441
0.171062979531
0.171238357615
0.171313691396
0.171425575105
0.171687080774
0.171862465489
0.172047674276
0.172125151577
0.172330390423
0.172415896395
0.172586857054
0.172757551742
0.172879627506
0.172986573377
0.173073744429
0.173219235682
0.173372951706
0.173486959117
0.173644418392
0.173763953767
0.173835686413
0.17401159579
0.174184040291
0.174359746927
0.174518571038
0.174739589847
0.174949896664
0.175045455116
0.175291384375
0.17547421862
0.175552279089
0.175660633379
0.175808338831
0.175881333982
0.176024136063
0.176167499331
0.176412457487
0.176575854526
0.176730863012
0.176893237969
0.176951706443
0.177101017462
0.177213489498
0.177308284632
0.177396645759
0.177568076206
0.177711171274
0.177810730893
0.177932123454
0.178111958946
0.178189327126
0.178329996385
0.178436202963
0.17869826605
0.178929192379
0.17905388958
0.179168262419
0.179252964541
0.179434797375
0.179527288742
0.179644211001
0.179865880543
0.179934037323
0.180028872515
0.180155271793
0.180334878707
0.180453950554
0.180562373605
0.180691255683
0.180849325336
0.18098279058
0.181097523915
0.181276997931
0.181359421555
0.18151316445
0.181593505233
0.181725742909
0.181834010565
0.182106465381
0.182199406704
0.182380524881
0.182548956383
0.182669752352
0.18273734006
0.182943682897
0.183108435355
0.183235267257
0.183360833325
0.183579605704
0.183748766054
0.183820894491
0.183997962783
0.184255260594
0.184415244887
0.184562809491
0.184772274547
0.184829112268
0.184947425078
0.185098024562
0.185237075247
0.185443913917
0.185579977961
0.185652345795
0.185879619365
0.186058590664
0.18617602428
0.186360251084
0.186530599088
0.186646832932
0.186728743819
0.186814334156
0.186910370682
0.187056580058
0.187218354088
0.187392901267
0.187548092643
0.187787489408
0.187931612255
0.188112152006
0.18824808705
0.188312945296
0.188411023597
0.188573159134
0.188866297242
0.189052840887
0.189131521066
0.189300675498
0.189322129137
0.189486501714
0.189705897631
0.189845937336
0.189986247732
0.190140620483
0.190275109835
0.190458820165
0.190584139498
0.190788889816
0.190918505513
0.191060033109
0.191192196453
0.191319145454
0.191434970697
0.191585664235
0.191713564142
0.191811257537
0.191931425368
0.191975953209
0.192097928696
0.192180305169
0.192261589631
0.192431991412
0.192532161212
0.19261256852
0.192698643158
0.192815901302
0.192963689736
0.193019566568
0.193058052848
0.193193362103
0.193288650272
0.193414398114
0.193560437065
0.193695251135
0.19379185569
0.193900887047
0.193964342523
0.194168992131
0.194254637056
0.194385148301
0.194436877956
0.19456072951
0.19478050768
0.194875460433
0.195047420084
0.195182948301
0.195308691246
0.195387778177
0.195480506995
0.195730474958
0.195797820713
0.195902927098
0.195982282726
0.196094847767
0.196215163654
0.19628304179
0.196386836169
0.196529719772
0.196654567957
0.196742981438
0.196829968201
0.196937075191
0.197109390547
0.197237570198
0.197289900596
0.197396097537
0.19751514787
0.197563573598
0.197685119659
0.19782080936
0.197935658723
0.198017435809
0.198100032562
0.198148650051
0.198234916245
0.198266335612
0.198355837109
0.198422706054
0.198515659603
0.198709356414
0.198847674778
0.198977863016
0.199093198296
0.199214601261
0.199317103595
0.199393106389
0.199466904881
0.199657002812
0.199834317148
0.199921234562
0.199990357856
0.200039623422
0.200170344125
0.20023641238
0.20032187139
0.200362901662
0.200453834486
0.200552207754
0.200636823847
0.200671781721
0.200749507587
0.200803740492
0.200934669998
0.20102882832
0.201088168607
0.201217637344
0.201329581382
0.201422225066
0.20155006074
0.201638455525
0.201774725199
0.201858105603
0.201951977532
0.202104196509
0.202259949479
0.202390862943
0.202484832987
0.202638828359
0.202694158375
0.202773889858
0.20279876219
0.202951394855
0.203069364229
0.203208944999
0.203262739182
0.203361653481
0.203427088895
0.203491901855
0.203558406567
0.203602906638
0.203658372589
0.203779640595
0.203898310764
0.203953404726
0.204137451413
0.204207579761
0.204318280243
0.204435275839
0.204499511364
0.204621821169
0.204720329072
0.204787870011
0.204943006832
0.205058397112
0.205249761838
0.205379696346
0.205459521759
0.205515426999
0.205537488015
0.205577036657
0.20565900596
0.205736289303
0.205782633113
0.205865811873
0.205988928494
0.20606918588
0.206155056461
0.206291352115
0.206434613678
0.206595746492
0.206682620827
0.206874734415
0.206994908051
0.207124204066
0.207236895066
0.20737418689
0.207429520398
0.207569891843
0.207717164846
0.207823243937
0.207894595317
0.207962939117
0.208151815874
0.208262331913
0.208358584215
0.208450399882
0.208562027165
0.208632760817
0.208778363044
0.208873850993
0.208915027867
0.209044647714
0.209145835203
0.209223783432
0.209333869419
0.209474392226
0.209507654104
0.209592477261
0.209722739965
0.209796010466
0.209900116011
0.21000931291
0.210069626027
0.210114181868
0.210244487689
0.210353516469
0.21044693064
0.21055090661
0.210666912254
0.210764015133
0.21089902581
0.211000981313
0.211069717509
0.211128968036
0.211174401382
0.211209183903
0.211328873719
0.211382022822
0.211480793038
0.211537348493
0.211602823582
0.211680064409
0.21181614051
0.211832320778
0.211887538712
0.211974478849
0.212027920916
0.21209927309
0.212168718824
0.212240088883
0.212387512644
0.212503047711
0.212612512078
0.212681751727
0.212805734631
0.212946506662
0.213068323813
0.213155889832
0.213239716875
0.213291573989
0.213388046425
0.213454460449
0.213571888227
0.2136415376
0.213765780024
0.213859374894
0.213995004166
0.214026255628
0.214079120263
0.214272026451
0.214331586916
0.214482740842
0.21458393579
0.214639161376
0.214740496275
0.214894004234
0.215029056836
0.21511110788
0.215179978177
0.215235095763
0.215317098666
0.215398009257
0.215471510962
0.215607771387
0.215714026174
0.215826926594
0.215942167298
0.216064746026
0.216136942755
0.21619007125
0.216335037732
0.216412872882
0.216537447536
0.216661732529
0.216803593061
0.216873729425
0.216958768346
0.217013834716
0.217042284863
0.217149557362
0.217179686441
0.217231610317
0.217341698846
0.217452592551
0.21751002673
0.217577174774
0.217790963768
0.217802861036
0.217955197759
0.218132641048
0.218261369996
0.218372365996
0.218446222707
0.218480731401
0.218613142051
0.21868690504
0.218778188446
0.218889104588
0.218969550901
0.21908458094
0.219160274612
0.219250227872
0.219338442132
0.219394063269
0.21942917449
0.21957830053
0.219655954774
0.219688293732
0.219760316572
0.219845707004
0.219951754924
0.220010763287
0.220104513507
0.220237228608
0.220320370901
0.220369030066
0.220565170837
0.220622017308
0.220724901068
0.220760163081
0.220822401176
0.220965745878
0.221051737141
0.221197364045
0.221266049322
0.221312161762
0.221391535345
0.221462125072
0.221471610542
0.221528946847
0.221609443448
0.22169902539
0.221798893373
0.221867399647
0.221917439238
0.222007119991
0.222119093428
0.222260053773
0.222336019681
0.222478963711
0.222541893485
0.222611074331
0.222678848115
0.222760266747
0.222841251536
0.222912291343
0.222975472643
0.223102759843
0.223199399417
0.223313662363
0.223378736418
0.223496941546
0.223681290078
0.223822288294
0.223839389029
0.223896063745
0.223980574813
0.224066352767
0.224116006862
0.224170268191
0.224328292689
0.224413912556
0.22450978629
0.224600328345
0.224653515089
0.224736001672
0.224811075848
0.224852813657
0.224899022894
0.225007202083
0.225172673011
0.225292909432
0.225324254646
0.225445043293
0.225551610489
0.225583253133
0.22560243022
0.225656930168
0.225695312078
0.225746087579
0.225889749403
0.225936181717
0.226039423462
0.226146522732
0.226206458319
0.226232737465
0.226236551706
0.226355281907
0.226442738233
0.226535729557
0.226672391256
0.226730639417
0.226789048168
0.226849978436
0.226901207259
0.226980277768
0.227036219324
0.227137359422
0.227199299724
0.227208336152
0.227239993949
0.227355912178
0.227397403307
0.227559088256
0.227625858799
0.227671867665
0.227735102866
0.227798066558
0.227850343755
0.227895340511
0.227980764381
0.228149136072
0.228242262238
0.228290515471
0.228341403701
0.228387784657
0.22844347922
0.228553358629
0.228618292484
0.228673877881
0.228716733832
0.228887361154
0.228947194662
0.229052771337
0.229119199555
0.229229815706
0.229290770215
0.229389401812
0.229444949884
0.229525031937
0.22958946697
0.229707118992
0.229735891003
0.2298086401
0.229865454919
0.22994079083
0.229960580733
0.230075963532
0.230098625781
0.230168082452
0.230209959257
0.230285037842
0.23042382245
0.23051261419
0.230614655765
0.230636135597
0.230653889946
0.230718231121
0.230787666311
0.230842329383
0.23092070306
0.231030750578
0.23112003086
0.231206404433
0.23126467445
0.23136600399
0.231407165716
0.231481353079
0.231583025495
0.23161312497
0.231733172378
0.231777862425
0.231885733888
0.23195374029
0.232083340193
0.232172154034
0.232212498409
0.232271142873
0.232322476442
0.232360577133
0.232391066037
0.232464516373
0.232560905571
0.232607730107
0.23269750335
0.232731388952
0.232816521983
0.232921755513
0.232952911739
0.233033585782
0.233105099935
0.233171627172
0.233262360714
0.233305637809
0.233423573963
0.233483130164
0.233565215336
0.233643904811
0.233731629103
0.233810039018
0.233889496514
0.233963364551
0.234015546274
0.234071292777
0.234125903599
0.234148281213
0.234185693468
0.234240724924
0.234286367824
0.234317867797
0.234369419424
0.234474505145
0.234596952791
0.234672025574
0.23476378837
0.234802847021
0.234857649531
0.234873995366
0.234966877465
0.234979578207
0.235043122375
0.235100250261
0.235229118753
0.235313711716
0.23540645318
0.23557332088
0.235627603012
0.235779960029
0.235862864446
0.235988044907
0.236082087563
0.236147212017
0.236231812359
0.236296417552
0.236355607832
0.236485407887
0.236520073798
0.236555880763
0.236634284612
0.2366759078
0.236735235606
0.236803114148
0.236895946448
0.236953143785
0.237048057006
0.237100036891
0.237163344707
0.237209049487
0.237284987101
0.237449652739
0.237466678454
0.237552793288
0.237594129144
0.237608227651
0.237679186013
0.237729166597
0.237765247109
0.237794939296
0.237836487206
0.237896949547
0.237969879595
0.238046961154
0.238121276916
0.238196264425
0.238238234375
0.238299712877
0.23832307108
0.238360570589
0.238543857106
0.238583290676
0.238592552517
0.238648807151
0.238751735077
0.238766559158
0.238790826936
0.238847320945
0.238870810781
0.238965309423
0.239067418652
0.239132082116
0.239181491826
0.239218089637
0.239285632265
0.239347247282
0.239411073484
0.239457520535
0.239492284571
0.239526113405
0.239566964028
0.239608943749
0.239619702837
0.239637264613
0.239685959639
0.239768573777
0.239861139925
0.239944529314
0.240020432346
0.240028371249
0.240081134212
0.240113884762
0.240180746896
0.240227111113
0.240256814975
0.240340130945
0.240385066725
0.240485151042
0.240550239438
0.240613470555
0.240648174485
0.240729191693
0.240775451352
0.240844281718
0.240864281036
0.240924044224
0.240985511721
0.241080294071
0.241153888109
0.241214835313
0.241257656711
0.241381066246
0.241407717359
0.241445815649
0.241529603937
0.241536425458
0.241589571434
0.241636102793
0.241630002323
0.241669043657
0.24173844445
0.241760883517
0.241772752879
0.24184749716
0.241911165738
0.242000637501
0.242023170618
0.242060371008
0.242123489887
0.242212163136
0.242269256909
0.242335673347
0.242428940049
0.242497378979
0.242536417461
0.242598719627
0.242648736787
0.242674580719
0.242677152714
0.242702789822
0.242722630008
0.242760388277
0.242784893475
0.24288803043
0.242911653595
0.242948175862
0.242998865999
0.243097761369
0.24319583487
0.243205832103
0.243280118346
0.243311581986
0.243353702858
0.243389261374
0.243435088434
0.243486842694
0.243536460488
0.243652578888
0.243667194653
0.243706839973
0.243749018934
0.24380626372
0.243888686501
0.243986464809
0.243993398172
0.244073900984
0.244125441609
0.244237661486
0.244293063159
0.244315154781
0.244386313669
0.244415408193
0.244448218335
0.244570253663
0.244625733796
0.244629321835
0.244636255935
0.244670192537
0.244703559835
0.244712051387
0.244749224007
0.24479645553
0.244872931187
0.244913834671
0.245013544194
0.245092527127
0.245200571074
0.245221864931
0.245305301209
0.245309603652
0.245400304727
0.245432773649
0.245459122302
0.245506098841
0.245607295349
0.245716110882
0.24574500841
0.245785850921
0.245808418123
0.245875336319
0.245911243124
0.245937936441
0.245985441837
0.246029856283
0.246078668339
0.24614378102
0.246249376649
0.24630972956
0.246377987344
0.246434925944
0.246469904843
0.246545928591
0.246653182936
0.246697903117
0.246739191977
0.246796218486
0.246856032047
0.246897171166
0.246973928165
0.247003777956
0.247039219065
0.24707136523
0.247162063208
0.247238943081
0.247345401119
0.247359639861
0.247415479883
0.247496512028
0.247580301845
0.247569010116
0.247598010109
0.247646970888
0.24769247749
