
row1col1
West 0.0
East 0.0
North 0.0
South 0.0

row1col2
West 1.0
East 0.876520163407
North 0.91259008563
South 0.804375000415

row1col3
West 0.95
East 0.766453644822
North 0.811080266146
South 0.796831593535

row1col4
West 0.902487535263
East 0.0534438370834
North 0.171016853461
South 0.135422144384

row1col5
West 0.840006323697
East 0.0534153707861
North 0.00821069330682
South 0.00647685319631

row2col1
West 0.565019212316
East 0.347142302445
North 0.999999999857
South 0.37603836027

row2col2
West 0.371706512053
East 0.259920093803
North 0.949994345687
South 0.167224915312

row2col3
West 0.728295545439
East 0.599385965251
North 0.9025
South 0.48363387567

row2col4
West 0.857375
East 0.396366480298
North 0.454860578236
South 0.418049617719

row2col5
West 0.814506194162
East 0.145662086165
North 0.219629972338
South 0.110209507593

row3col1
West 0.35617065138
East 0.296471761974
North 0.949999977175
South 0.336681751612

row3col2
West 0.100465072926
East 0.0801838481735
North 0.895016773819
South 0.0284043800346

row3col3
West 0.200495951063
East 0.224969105435
North 0.857371205312
South 0.106903919373

row3col4
West 0.232108770958
East 0.0985149210415
North 0.814499046086
South 0.0362230223289

row3col5
West 0.117779150867
East 0.0733043794034
North 0.773767816008
South 0.0578912122316

row4col1
West 0.112889434184
East 0.223912469026
North 0.902498622718
South 0.0280870133519

row4col2
West 0.856454363281
East 0.00610199375219
North 0.069728746747
South 0.0282495680314

row4col3
West 0.00254925006307
East 0.0384598673708
North 0.813955039865
South 0.0362985255869

row4col4
West 0.102927172965
East 0.0128198263
North 0.772816177081
South 1.93273266091e-05

row4col5
West 0.00189912846028
East 9.2265069414e-05
North 0.733893797682
South 1.5679623469e-05

row5col1
West 0.002521050552
East 0.000292528621686
North 0.829959701947
South 0.0088548081234

row5col2
West 0.00282441524139
East 0.00184611443102
North 0.778693412329
South 0.000967364036507

row5col3
West 0.000391376164272
East 0.000334238537563
North 0.739990163308
South 0.0342486413746

row5col4
West 0.000939848905352
East 1.0765696849e-05
North 0.696995721251
South 0.000485615595736

row5col5
West 4.15254564742e-05
East 1.28591465866e-06
North 0.644432624709
South 9.36676500562e-06
