
row1col1
West 0.0
East 1.82973810509e-05
North 0.0
South 0.0

row1col2
West 0.0
East 0.0
North 0.0
South 0.000418380404484

row1col3
West 0.0
East 0.0
North 0.0
South 0.000774797594566

row1col4
West 0.0
East 2.56055300483e-18
North 0.0
South 0.0

row1col5
West 0.0
East 0.0
North 0.0
South 0.000161169503132

row1col7
West 0.0
East 0.0
North 0.0
South 0.000363464199655

row1col8
West 0.0
East 8.20131343189e-07
North 0.0
South 2.76818779129e-08

row1col9
West 0.0
East 0.0
North 0.0
South 0.0582013927288

row1col10
West 0.0
East 5.54340367692e-06
North 0.0
South 0.0

row1col11
West 0.0
East 0.0
North 0.0
South 0.0012686601713

row1col13
West 0.0
East 0.0
North 0.0
South 0.0978698340086

row1col14
West 0.0
East 0.0
North 0.0
South 0.271882851694

row1col15
West 0.0
East 0.0
North 0.0
South 0.142625

row1col16
West 0.0
East 0.0
North 0.0
South 0.159395989328

row1col18
West 0.0
East 0.0
North 0.0
South 0.468726522123

row1col19
West 0.15608912407
East 2.23846464002e-08
North 0.0
South 0.0

row1col20
West 0.0313517748843
East 0.0
North 0.0
South 0.0

row1col21
West 0.00353751506195
East 0.0
North 0.0
South 0.0

row1col22
West 0.0
East 0.0
North 0.0
South 0.000213934246488

row2col1
West 0.0
East 0.000315360630125
North 0.0
South 0.0

row2col2
West 5.9999382716e-23
East 0.0
North 4.71407829829e-14
South 0.00683441901827

row2col3
West 0.0
East 0.0107660891412
North 0.0
South 0.0

row2col4
West 0.0
East 0.0
North 0.0
South 0.0832778740909

row2col5
West 0.0
East 0.0
North 0.0
South 0.0388772514795

row2col7
West 0.0
East 0.0
North 0.0
South 0.0101626887511

row2col8
West 0.0
East 0.0229203325143
North 0.0
South 0.0

row2col9
West 0.0
East 0.0
North 2.76818779129e-08
South 0.338715401

row2col10
West 0.102130303229
East 1.45386709828e-12
North 0.0
South 0.0

row2col11
West 0.0156053045339
East 0.0
North 0.0
South 0.0

row2col13
West 0.0173699030958
East 0.599693571301
North 0.0
South 0.0

row2col14
West 0.0223037871642
East 0.953930201013
North 0.0
South 0.0

row2col15
West 0.0
East 0.0
North 0.0
South 0.0

row2col16
West 0.998853125496
East 0.112422711587
North 0.0
South 0.0

row2col17
West 0.93987252094
East 0.0214427346299
North 0.0
South 0.00445579340223

row2col18
West 0.857419659862
East 0.00841735069636
North 0.00487843048949
South 0.000448637990312

row2col19
West 0.487829640039
East 3.0122936506e-05
North 0.0
South 0.0

row2col20
West 0.183500954166
East 0.0
North 0.0
South 0.0

row2col21
West 0.0324621348905
East 7.47441260148e-09
North 0.0
South 0.0

row2col22
West 0.00389322593393
East 0.0
North 0.0
South 0.0

row3col1
West 0.0
East 0.0020181594386
North 0.0
South 0.0

row3col2
West 2.42039884544e-10
East 0.0366774289781
North 2.83506366359e-12
South 0.0

row3col3
West 1.42450629205e-12
East 0.123563898694
North 1.0503831266e-23
South 5.26794108147e-08

row3col4
West 6.46269950583e-05
East 0.279618972929
North 0.0
South 0.0

row3col5
West 0.0
East 0.000170100947523
North 6.28318658063e-06
South 0.396987844364

row3col7
West 0.0
East 0.0675819617246
North 0.0
South 0.0

row3col8
West 0.0
East 0.267641611205
North 0.0
South 0.0

row3col9
West 0.0
East 3.0133535443e-05
North 2.05897329898e-12
South 0.557546744121

row3col10
West 0.173319386102
East 0.0
North 0.0
South 0.0

row3col11
West 0.0174633376724
East 0.0
North 0.0
South 0.0

row3col13
West 0.429498633875
East 0.9025
North 0.0604775959044
South 0.443340089109

row3col14
West 0.473761834249
East 0.95
North 0.279791877485
South 0.447254261323

row3col15
West 0.186765243001
East 0.0566831962016
North 1.0
South 0.437663062515

row3col16
West 0.476288635952
East 0.0
North 0.0
South 0.0112079175549

row3col18
West 0.0
East 0.000518795583428
North 0.549882610793
South 0.000168588638744

row3col19
West 0.23552689453
East 5.44091414591e-06
North 0.0
South 8.30593615772e-05

row3col20
West 0.0570548324646
East 0.0
North 0.0
South 0.0

row3col21
West 0.00959492964616
East 0.0
North 0.0
South 0.0

row3col22
West 0.000540281796245
East 0.0
North 0.0
South 0.0

row4col5
West 0.000148486922455
East 2.0945346673e-17
North 0.000222335809209
South 0.484369206038

row4col9
West 6.93484572475e-06
East 0.00179286277065
North 0.00267458610859
South 0.623274692497

row4col13
West 0.338091195316
East 0.347399019394
North 0.857375
South 0.450790508302

row5col1
West 0.0
East 0.0
North 0.0
South 3.95471029673e-07

row5col2
West 0.0
East 3.34888505584e-06
North 0.0
South 0.0

row5col3
West 0.0
East 0.0
North 0.0
South 0.000195152199788

row5col5
West 0.00991469859937
East 0.535744839234
North 0.00838882896521
South 0.000799259392179

row5col6
West 0.0144302570417
East 0.568800092264
North 0.0651475902394
South 0.0340688409276

row5col7
West 0.0948486925881
East 0.598736939237
North 0.107020923057
South 0.0125159275656

row5col8
West 0.165754616381
East 0.630249409725
North 0.0919128182539
South 0.0203320172098

row5col9
West 0.117720748163
East 0.663420431289
North 0.0206847494571
South 0.00923711111766

row5col10
West 0.142939604582
East 0.698337296094
North 0.147960591203
South 0.0904658354635

row5col11
West 0.254798988721
East 0.735091890625
North 0.284162360844
South 0.0377935913547

row5col12
West 0.2873730667
East 0.7737809375
North 0.0966202207491
South 0.0241246352968

row5col13
West 0.219908794104
East 0.318325590598
North 0.81450625
South 0.161226729427

row5col14
West 0.7737809375
East 0.143120923286
North 0.0992763564267
South 0.00558358621868

row5col15
West 0.735091890625
East 0.0897520165356
North 0.120410247412
South 0.0411851243811

row5col16
West 0.698337296089
East 0.154157515241
North 0.0783873833418
South 0.000719269664709

row5col17
West 0.66342043121
East 0.00948274551026
North 0.0510489264539
South 0.0987759537354

row5col18
West 0.276419400641
East 1.30615239661e-05
North 0.000696724606976
South 1.77190247056e-06

row5col20
West 0.0
East 0.0
North 0.0
South 0.0384706763918

row5col21
West 0.00220665236546
East 0.0
North 0.0
South 0.0

row5col22
West 0.0
East 0.0
North 0.0
South 0.00128872555713

row6col1
West 0.0
East 2.13003474145e-05
North 0.0
South 0.0

row6col2
West 0.0
East 0.0
North 0.0
South 0.000497971016003

row6col3
West 0.0
East 0.0
North 0.0
South 0.00320176089957

row6col5
West 4.58520899304e-09
East 0.090107275685
North 3.14459776205e-05
South 0.0

row6col6
West 0.00121262735565
East 0.000774175306301
North 0.540360087124
South 0.0222762942154

row6col7
West 2.65299327423e-05
East 0.0
North 0.211240991685
South 0.0015294042507

row6col8
West 0.0
East 0.0
North 0.254102749388
South 0.000848471850386

row6col9
West 0.00622967433162
East 0.26380236743
North 1.88830577677e-08
South 1.7569537261e-06

row6col10
West 0.00197844220352
East 0.0017961684047
North 0.661421486466
South 0.0170551809959

row6col11
West 0.000465311224495
East 0.0
North 0.300513290325
South 0.000716861691296

row6col12
West 0.0
East 0.0
North 0.307154002003
South 0.00376702604505

row6col13
West 0.0
East 0.00154067665682
North 0.470550258492
South 0.0031965566716

row6col14
West 0.00982646713405
East 0.0
North 0.31349027246
South 0.0031596684903

row6col15
West 6.04570441701e-05
East 0.00134526767562
North 0.482935169403
South 0.0025361267859

row6col16
West 0.166956760716
East 0.00114196521604
North 0.000223772116833
South 0.000668054193351

row6col17
West 6.43410645339e-05
East 0.00401499852579
North 0.630249408806
South 0.00425534596445

row6col18
West 0.565338100907
East 8.49603469476e-05
North 0.0
South 0.00215777983892

row6col19
West 0.425760993106
East 3.54484707809e-06
North 0.0
South 1.82264543921e-05

row6col20
West 0.255102087199
East 2.62530680206e-07
North 0.0
South 0.0

row6col21
West 0.0970578616076
East 0.0
North 0.0
South 0.0

row6col22
West 0.0222359610309
East 0.0
North 0.0
South 0.0

row7col1
West 0.0
East 9.44227159925e-05
North 0.0
South 0.0

row7col2
West 0.0
East 0.0061755658389
North 0.0
South 0.0

row7col3
West 0.0
East 0.0
North 0.0
South 0.0365563520433

row7col5
West 5.44760407635e-05
East 0.0985322330003
North 6.48564884963e-13
South 0.000116589033583

row7col6
West 0.00110705949651
East 0.0186942400048
North 0.513342075662
South 0.00607828625328

row7col10
West 0.00550925221815
East 0.0
North 0.608026247082
South 2.20935646648e-05

row7col17
West 0.0170497153918
East 0.00173402351099
North 0.598736923308
South 0.0156580444897

row7col18
West 0.220836849046
East 0.0
North 0.0
South 0.0

row7col20
West 0.0
East 0.0
North 0.00919844289866
South 0.0

row7col21
West 0.0
East 0.0
North 0.00217279473355
South 0.0

row7col22
West 0.0
East 0.0
North 0.00232913533296
South 1.12793240419e-09

row8col1
West 5.45294776597e-15
East 2.3010424421e-05
North 0.0
South 0.0

row8col2
West 0.0
East 0.00241426481711
North 0.0
South 0.0

row8col3
West 0.0
East 0.114157196084
North 0.0
South 2.07020020514e-14

row8col4
West 2.83445582698e-06
East 0.259819298823
North 0.0
South 0.0

row8col5
West 0.000409395737582
East 0.404882353807
North 2.11053449633e-12
South 1.24852367069e-09

row8col6
West 0.00212216503305
East 0.00468228369047
North 0.487674918773
South 0.015466771962

row8col8
West 0.0
East 0.00980887243788
North 0.0
South 0.0

row8col9
West 0.0
East 0.200471922566
North 0.0
South 0.0

row8col10
West 0.0
East 0.0
North 0.514880304495
South 1.96320693844e-05

row8col11
West 0.338686366465
East 6.02162998358e-07
North 0.0
South 0.0

row8col12
West 0.175913925028
East 0.0
North 0.0
South 0.0

row8col13
West 0.0678228419764
East 0.0
North 0.0
South 0.0

row8col14
West 0.0191563823734
East 0.0
North 0.0
South 0.0

row8col15
West 0.0031663087779
East 0.0
North 0.0
South 0.0

row8col17
West 0.00581119792978
East 1.80326685897e-06
North 0.568799915827
South 0.000549041773043

row8col18
West 0.0
East 0.0
North 0.0168249473198
South 3.08339078085e-10

row9col5
West 0.0
East 0.0628209529222
North 0.0
South 7.21453657976e-07

row9col6
West 6.69227359121e-07
East 0.000122554946865
North 0.463290713962
South 0.00285178226038

row9col8
West 0.0
East 0.000415587992627
North 0.0
South 0.0

row9col9
West 0.0
East 0.0
North 0.015730034586
South 0.0

row9col10
West 0.0
East 0.0
North 0.0494238711586
South 0.0

row9col11
West 0.0
East 0.0
North 0.00838998451778
South 0.0

row9col12
West 0.0
East 6.87506081001e-09
North 0.0081717902601
South 0.0

row9col13
West 3.26565388476e-10
East 0.0
North 0.000461887799487
South 0.0

row9col14
West 0.0
East 0.0
North 0.000549529534643
South 0.0

row9col15
West 0.0
East 0.0
North 0.000277727964078
South 0.0

row9col17
West 1.78421095935e-05
East 0.0
North 0.540358883249
South 0.00256011020119

row9col18
West 0.0257036320511
East 0.0
North 0.0
South 0.0

row9col20
West 0.0
East 0.0
North 0.0
South 2.00156702206e-09

row9col21
West 0.0
East 0.0
North 0.0
South 1.29603769722e-06

row9col22
West 3.0977297501e-08
East 0.0
North 0.0
South 0.0

row10col1
West 0.0
East 0.0
North 0.0
South 0.000303956459844

row10col2
West 0.0
East 0.0
North 0.0
South 0.00390050562055

row10col3
West 0.0
East 0.0
North 0.0
South 0.00926497619483

row10col5
West 9.2977789535e-06
East 0.0742931138676
North 3.72742480322e-06
South 8.11791326947e-05

row10col6
West 9.51687629741e-06
East 0.000164906467269
North 0.440123298908
South 0.00173138546316

row10col17
West 0.00027239673469
East 1.44739124536e-05
North 0.513335547992
South 0.000275291182627

row10col18
West 0.0519131967503
East 1.09084038825e-05
North 0.0
South 0.0

row10col20
West 0.0
East 0.0
North 0.0
South 1.58233289207e-07

row10col21
West 0.0
East 0.0
North 0.0
South 3.77876726935e-05

row10col22
West 1.15943521277e-06
East 0.0
North 0.0
South 0.0

row11col1
West 0.0
East 0.00641708467385
North 0.0
South 0.0

row11col2
West 0.0
East 0.0387567432472
North 0.0
South 0.0

row11col3
West 0.0
East 0.121663167967
North 0.0
South 0.0

row11col4
West 1.17247589566e-15
East 0.23368884233
North 3.76355234831e-11
South 5.20768811526e-10

row11col5
West 1.36331187047e-06
East 0.351496701741
North 0.0
South 8.75855220234e-08

row11col6
West 0.00510427787181
East 0.00301813174504
North 0.41810284711
South 0.000112832656025

row11col8
West 0.0
East 6.48175717768e-05
North 0.0
South 0.0

row11col9
West 0.0
East 0.0
North 0.0
South 0.00147570714003

row11col10
West 9.77292121038e-05
East 0.0
North 0.0
South 0.0

row11col12
West 0.0
East 4.02195671118e-05
North 0.0
South 0.0

row11col13
West 0.0
East 0.0
North 0.0
South 0.000675631709752

row11col14
West 0.0
East 0.00150518394155
North 0.0
South 0.0

row11col15
West 0.0
East 0.0
North 6.57904897185e-08
South 0.0346108587653

row11col17
West 0.00175615329578
East 0.000102744186735
North 0.487646198613
South 0.00778908407366

row11col18
West 0.110211809631
East 1.91604980782e-13
North 0.0
South 0.0

row11col20
West 0.0
East 0.0
North 0.0
South 5.42546605325e-06

row11col21
West 0.0
East 0.0
North 3.75505100643e-30
South 0.000402170403571

row11col22
West 4.54370891929e-07
East 0.0
North 0.0
South 0.0

row12col1
West 0.0
East 0.0
North 0.000165773636564
South 0.0

row12col2
West 0.0
East 0.0
North 0.000612895949226
South 0.0

row12col3
West 0.0
East 0.0
North 0.0110585698426
South 0.0

row12col5
West 1.82680695757e-10
East 0.0249951934945
North 3.84590938436e-09
South 0.0

row12col6
West 1.82680695757e-10
East 0.00126626070292
North 0.397108003583
South 2.23756873649e-05

row12col8
West 0.0
East 0.0
North 2.26659205987e-10
South 0.0

row12col9
West 0.0
East 0.0
North 0.0
South 0.00871659765576

row12col10
West 0.00018985787151
East 0.0
North 0.0
South 0.0

row12col12
West 0.0
East 0.000647977929852
North 0.0
South 0.0

row12col13
West 0.0
East 0.0105904778355
North 0.0
South 0.0

row12col14
West 0.0
East 0.0554779587868
North 0.0
South 0.0

row12col15
West 0.0
East 0.204973324425
North 0.0
South 8.63623178376e-12

row12col16
West 8.63623178376e-12
East 0.366449978797
North 8.63433493061e-05
South 0.0

row12col17
West 6.79085583678e-06
East 0.0
North 0.463186110668
South 0.00376669943244

row12col18
West 0.0918482293918
East 0.0
North 0.0
South 0.0

row12col20
West 0.0
East 0.000229884919011
North 0.0
South 0.0

row12col21
West 0.0
East 0.0
North 0.0
South 0.00258911376713

row12col22
West 6.50813479436e-12
East 0.0
North 0.0
South 0.0

row13col5
West 5.90719057505e-08
East 0.0458860143951
North 1.46535736306e-17
South 0.0

row13col6
West 6.17308363068e-08
East 1.13134249889e-05
North 0.376965446227
South 1.58803894173e-06

row13col9
West 0.0
East 0.0
North 0.0
South 0.0373196205944

row13col17
West 9.02451523204e-05
East 9.51478720104e-06
North 0.439709520972
South 2.53847640109e-05

row13col18
West 0.392783196591
East 1.52762529266e-07
North 0.0
South 1.12817737594e-11

row13col21
West 1.18101058294e-17
East 0.0
North 8.14480219194e-24
South 0.0102579885643

row14col1
West 0.0
East 0.00334378424501
North 0.0
South 0.0

row14col2
West 0.0
East 0.102563173414
North 3.26912333629e-11
South 2.44248171075e-14

row14col3
West 3.73482659449e-13
East 0.178058431499
North 5.74166070453e-12
South 2.7269792086e-13

row14col4
West 4.81255104785e-11
East 0.25564863048
North 1.40213218466e-08
South 0.0

row14col5
West 1.41649055753e-08
East 0.318387902731
North 1.35958713681e-05
South 0.0

row14col6
West 2.01708111941e-06
East 2.01649926317e-17
North 0.357359627739
South 9.5186459983e-06

row14col7
West 0.294297502063
East 3.04413988398e-13
North 0.0
South 0.0

row14col8
West 0.20129464544
East 9.93685610813e-05
North 0.000273922766361
South 3.91444139661e-20

row14col9
West 0.108140793064
East 0.0
North 0.0
South 0.0

row14col10
West 0.0121519076502
East 0.0
North 0.0
South 0.0

row14col11
West 0.000360677289684
East 0.0
North 0.0
South 0.0

row14col12
West 0.0
East 0.000200989428645
North 0.0
South 0.0

row14col13
West 0.0
East 0.00249126758387
North 0.0
South 3.17673398135e-21

row14col14
West 0.0
East 0.0172610482418
North 0.0
South 0.0

row14col15
West 8.51948046065e-09
East 0.079773711828
North 0.0
South 0.0

row14col16
West 0.0
East 0.234310304345
North 0.0
South 1.15818874794e-20

row14col17
West 2.07467490653e-21
East 2.27949221357e-06
North 0.415271643681
South 2.386338694e-09

row14col18
West 5.69336303418e-14
East 2.39578010035e-11
North 0.314185686784
South 3.69110823574e-07

row14col19
West 0.2155590375
East 3.22652237753e-13
North 1.55975848156e-10
South 0.0

row14col20
West 0.116382760098
East 0.0
North 0.0
South 7.54949638501e-17

row14col21
West 0.0418557384405
East 0.0
North 0.0
South 1.456514919e-20

row14col22
West 0.0018308354131
East 0.0
North 0.0
South 0.0

row15col1
West 0.0
East 0.00149537718782
North 0.0
South 0.0

row15col2
West 0.0
East 0.0
North 0.0495636656543
South 4.25982176139e-16

row15col3
West 0.0
East 0.0
North 0.0187026924743
South 0.0

row15col4
West 0.0
East 1.50866056576e-11
North 0.0153737667393
South 0.0

row15col5
West 0.0
East 0.0442515092369
North 0.0
South 0.0

row15col6
West 4.22873194503e-11
East 0.0
North 0.326466743598
South 1.52667252452e-07

row15col7
West 0.271581600826
East 0.0
North 0.0
South 0.0

row15col8
West 6.98049106238e-19
East 0.0
North 0.013960173443
South 2.71965675702e-24

row15col9
West 0.000710999366003
East 0.0
North 0.0
South 0.0

row15col10
West 1.62216367074e-05
East 0.0
North 0.0
South 0.0

row15col11
West 0.0
East 0.0
North 0.0
South 0.0

row15col12
West 0.0
East 0.0
North 5.67277460766e-06
South 0.0

row15col13
West 0.0
East 0.000755725543159
North 0.0
South 0.0

row15col14
West 0.0
East 0.0276326598433
North 0.0
South 0.0

row15col15
West 6.98272761229e-10
East 0.285405042682
North 2.27362261555e-08
South 0.0

row15col16
West 3.40188884198e-12
East 0.341520381495
North 0.0
South 2.50051352991e-10

row15col17
West 2.15321003482e-14
East 1.65179332806e-13
North 0.384392498334
South 2.39145701847e-09

row15col18
West 0.0603700034591
East 5.12491940211e-17
North 2.14068658088e-07
South 3.58655745058e-07

row15col19
West 0.0
East 0.0
North 0.0157302513364
South 0.0

row15col20
West 0.0
East 0.0
North 0.0185591711879
South 1.69528124983e-23

row15col21
West 0.00145578526563
East 0.0
North 0.0
South 0.0

row15col22
West 5.05014904857e-05
East 0.0
North 0.0
South 0.0

row16col2
West 0.0
East 2.18664510437e-14
North 0.0190021071298
South 0.0

row16col7
West 0.0
East 0.0
North 0.1995657538
South 1.69047922018e-17

row16col15
West 0.0
East 5.14514121398e-06
North 0.218736258728
South 9.30924054054e-07

row17col1
West 0.0
East 0.000596304846292
North 0.0
South 0.0

row17col2
West 0.0
East 7.96050190512e-18
North 0.00601824818067
South 0.0

row17col3
West 0.00107518474855
East 0.0
North 0.0
South 0.0

row17col4
West 9.8809639097e-05
East 0.0
North 0.0
South 0.0

row17col6
West 0.0
East 0.027787963603
North 0.0
South 0.0

row17col7
West 0.0
East 0.0
North 0.126726304261
South 0.0

row17col8
West 0.00680544163972
East 1.67973680941e-21
North 3.53628801981e-20
South 0.0

row17col9
West 0.000152902403023
East 0.0
North 0.0
South 0.0

row17col10
West 0.0
East 0.0
North 0.0
South 1.94315084524e-05

row17col11
West 3.06813306204e-07
East 0.0
North 0.0
South 0.0

row17col13
West 0.0
East 0.000409759919546
North 0.0
South 0.0

row17col14
West 0.0
East 0.00839147285276
North 0.0
South 0.0

row17col15
West 5.5009950191e-13
East 0.0
North 0.153220794598
South 7.08418162405e-08

row17col16
West 0.0180454964904
East 7.3413039337e-22
North 0.0
South 0.0

row17col18
West 0.0
East 3.32541358941e-07
North 0.0
South 0.0

row17col19
West 0.0
East 0.0
North 0.0
South 0.000127128623309

row17col20
West 0.0
East 2.48109980829e-13
North 0.0
South 0.0

row17col21
West 0.0
East 1.43004304466e-11
North 0.0
South 0.0

row17col22
West 0.0
East 0.0
North 0.0
South 4.471664865e-10

row18col1
West 0.0
East 0.0
North 3.20400798534e-05
South 0.0

row18col2
West 0.0
East 0.0
North 0.000358224948698
South 0.0

row18col3
West 0.0
East 0.0
North 3.12626963717e-05
South 0.0

row18col4
West 0.0
East 0.0
North 3.30595224603e-06
South 0.0

row18col6
West 0.0
East 0.0
North 0.00353427113918
South 0.0

row18col7
West 0.0
East 0.0
North 0.0555784033193
South 0.0

row18col8
West 0.0194046769225
East 9.9509831203e-19
North 1.81993824251e-25
South 1.58691098262e-19

row18col9
West 0.0045991652003
East 4.79996912124e-26
North 0.0
South 0.0

row18col10
West 0.000894647191542
East 0.0
North 0.0
South 0.0

row18col11
West 9.07468164967e-05
East 0.0
North 0.0
South 0.0

row18col13
West 0.0
East 0.0
North 2.32218820812e-06
South 0.0

row18col14
West 0.0
East 0.0
North 0.0
South 1.32864223414e-06

row18col15
West 0.0
East 0.0
North 0.0899993984874
South 7.44113353046e-17

row18col16
West 0.0446768766914
East 0.0
North 7.3413039337e-22
South 0.0

row18col17
West 0.0182474340033
East 8.66677038682e-26
North 0.0
South 0.0

row18col18
West 0.00598355469448
East 0.0
North 0.0
South 0.0

row18col19
West 0.00151197523817
East 0.0
North 0.0
South 0.0

row18col20
West 0.00023365083937
East 0.0
North 0.0
South 0.0

row18col21
West 0.0
East 0.0
North 0.0
South 1.90207909177e-07

row18col22
West 1.06370311603e-08
East 0.0
North 0.0
South 0.0

row19col1
West 0.0
East 0.0
North 1.4598093798e-06
South 0.0

row19col2
West 5.71932576827e-08
East 0.0
North 0.0
South 0.0

row19col3
West 0.0
East 3.42661468142e-10
North 0.0
South 0.0

row19col4
West 0.0
East 0.0
North 3.86388316039e-08
South 0.0

row19col6
West 0.0
East 0.0
North 0.000213045817434
South 0.0

row19col7
West 0.0
East 0.0
North 0.00158767513907
South 0.0

row19col8
West 0.0
East 0.0
North 0.00139820630291
South 1.58691098262e-19

row19col9
West 7.77835428828e-06
East 0.0
North 0.0
South 0.0

row19col10
West 0.0
East 0.0
North 3.76799189874e-05
South 0.0

row19col11
West 0.0
East 0.0
North 4.05460022726e-06
South 0.0

row19col13
West 0.0
East 3.54957814528e-05
North 0.0
South 0.0

row19col14
West 0.0
East 0.000892940576885
North 0.0
South 0.0

row19col15
West 0.0
East 0.0
North 0.0105638224268
South 1.45102103844e-16

row19col16
West 0.0
East 0.0
North 0.000771299592731
South 0.0

row19col18
West 0.0
East 0.0
North 7.2750151811e-05
South 0.0

row19col19
West 0.0
East 1.37413963673e-06
North 0.0
South 0.0

row19col20
West 0.0
East 0.0
North 3.33441323489e-05
South 0.0

row19col21
West 2.54452524514e-06
East 0.0
North 0.0
South 0.0

row19col22
West 0.0
East 0.0
North 1.6185199511e-12
South 0.0
