rafaelbeirigo@LTI-PROJETO-TM:~/ql$ time ./RL-PRQL.py experiments/137/PRQL/
/home/rafaelbeirigo/ql/tools//prepareFolders.sh experiments/137/PRQL/
[prepareFolders.sh] : Deleting output files...
experiments/137/PRQL/Q.out
experiments/137/PRQL/w.out
experiments/137/PRQL/parameters.out
experiments/137/PRQL/policy.out
experiments/137/PRQL/shell.out.gz
[prepareFolders.sh] : Deleting log file...
experiments/137/PRQL//../PRQL/log.txt.gz
[prepareFolders.sh] : Deleting graph files...
[prepareFolders.sh] : Deleting backup files...
experiments/137/PRQL/policies/policy.task4.in.gz~
[prepareFolders.sh] : Deletion is done
[prepareFolders.sh] : Uncompressing input files...
experiments/137/PRQL/rewards.in.gz
experiments/137/PRQL/transitions.in.gz
experiments/137/PRQL/states.in.gz
experiments/137/PRQL/policies/policy.task4.in.gz
experiments/137/PRQL/actions.in.gz
experiments/137/PRQL/goals.in.gz
[prepareFolders.sh] : Uncompression is done
Running experiment 1 of 10
pr:  225 ql:  1775
Running experiment 2 of 10
pr:  168 ql:  1832
Running experiment 3 of 10
pr:  271 ql:  1729
Running experiment 4 of 10
pr:  202 ql:  1798
Running experiment 5 of 10
pr:  197 ql:  1803
Running experiment 6 of 10
pr:  200 ql:  1800
Running experiment 7 of 10
pr:  221 ql:  1779
Running experiment 8 of 10
pr:  249 ql:  1751
Running experiment 9 of 10
pr:  254 ql:  1746
Running experiment 10 of 10
pr:  148 ql:  1852

real	4m54.584s
user	4m48.410s
sys	0m0.280s
rafaelbeirigo@LTI-PROJETO-TM:~/ql$ time ./RL-PRQL.py experiments/137/PRQL/