0.0
0.00268667729914
0.00179111819942
0.00424289418207
0.00339431534565
0.00448593373783
0.0148990994539
0.0130367120221
0.0115881884641
0.0104293696177
0.0116433077002
0.0167987978138
0.0163541449837
0.0151859917706
0.0141735923192
0.0132877427993
0.0125061108699
0.0118113269327
0.0111896781468
0.0169326883367
0.0161263698444
0.0153933530333
0.0147240768145
0.0141105736139
0.013668405253
0.0131426973586
0.0126559307898
0.0122039332616
0.0117831079767
0.0113903377108
0.0110229074621
0.0106784416039
0.0103548524644
0.0100502979801
0.00976314660928
0.00949194809235
0.00923540895472
0.00899237187697
0.0087617982391
0.00854275328312
0.00833439344695
0.00813595550773
0.00794674724011
0.00776613934829
0.00862309454091
0.0102063017248
0.00998914636895
0.00978103915293
0.00958142610899
0.00943709671999
0.0108491266863
0.0106691533373
0.0106866829371
0.0112417596696
0.0110373640393
0.0122947436993
0.0120790464414
0.0122047723381
0.0119979117899
0.014153431977
0.014642927631
0.0144067513788
0.0141780727855
0.0139565403983
0.0137821390166
0.0135733187285
0.0147886423295
0.0145872749965
0.0147386827353
0.014721381488
0.0145473473355
0.0164575167215
0.017292045174
0.0178674728598
0.0176292398883
0.0173972762056
0.0171713375535
0.0169511922003
0.0167366201471
0.0165274123953
0.016323370267
0.0161243047759
0.0159300360437
0.0157403927574
0.0155552116662
0.0162740823881
0.0171789779928
0.0181201259701
0.0179165290491
0.0182322245377
0.0180318704219
0.0178358718303
0.0176440882622
0.0174563851956
0.0172726337725
0.0170927105041
0.0169164969937
0.0167438796774
0.0165747495797
0.0164090020839
0.0162465367167
0.0169720608666
0.0168072835766
0.0166456750807
0.0164871448418
0.0163316057395
0.0161789739102
0.0160291685962
0.0158821120036
0.0159328553162
0.0157893160791
0.0156483400427
0.0155098591574
0.0158241078343
0.0156865068966
0.0157563015658
0.0156216323217
0.0154892456071
0.0153590838793
0.0152448543256
0.015118863794
0.0149949386809
0.0148730286104
0.0148621783428
0.014743280916
0.0146647584685
0.0145492879294
0.015539717859
0.0154192549299
0.0153696797627
0.0152523539629
0.0154226797682
0.0153364183368
0.0152219674537
0.0151092121392
0.0149981149911
0.0148886396992
0.0147807510057
0.0148955347163
0.0147891380397
0.0146842505359
0.015125756474
0.0154607158062
0.0153533497242
0.015809193002
0.0157009108581
0.0155941019407
0.0154887363871
0.0156654028108
0.015560966792
0.0161655851471
0.0160592326132
0.0159542703085
0.0158506711507
0.016975828111
0.0173382214504
0.0172277869189
0.0176342605776
0.0183498570678
0.0182351704611
0.0181219085328
0.0180100448999
0.0178995538269
0.0178060767737
0.0176981611569
0.0175915457282
0.0184228480489
0.0183131882391
0.0182048261785
0.018552904223
0.0184444077071
0.0183819082293
0.0187229266427
0.0191080678689
0.019292217243
0.0192050450393
0.0190965419599
0.0189892580163
0.018883172776
0.0192307697328
0.0191649078705
0.0190596061789
0.0189554553255
0.0188524365465
0.0192976343586
0.0191938836362
0.0190912425473
0.0189896933848
0.0193428563827
0.0196923018755
0.0195892008185
0.0198700340906
0.0197670805461
0.0196651883784
0.0195643412585
0.0194645231908
0.0193657185046
0.0192679118455
0.0196246057558
0.019526482727
0.0194293360468
0.0193331512149
0.0192379140168
0.0191813286418
0.019087761185
0.0199415983658
0.0206083398241
0.0205092612672
0.0204111308305
0.0209726522753
0.020948032698
0.0212142122313
0.0211146149908
0.0210159485656
0.0212970400839
0.0220583385094
0.0219566871799
0.0218559684314
0.0217561694888
0.0216572778093
0.0221852115487
0.0220852781634
0.0219862410415
0.022636427884
0.0227216527979
0.0233608849758
0.0232579735883
0.0231914889281
0.0235050632123
0.0234028672853
0.0233015561715
0.0232011184294
0.0231015428138
0.0233885020326
0.023288976492
0.0234714047405
0.0233723692774
0.0236344076418
0.023876316501
0.0237797091047
0.0236810381126
0.0239757445667
0.0242299081693
0.0243889042054
0.0242893576576
0.0241906204313
0.0244975409964
0.0247444763149
0.0246451009081
0.0252360328794
0.0251354909158
0.0250357469042
0.0249803420193
0.0250881953532
0.0249898102733
0.025263287577
0.0251649868471
0.0258048512392
0.0257052186089
0.0256063523835
0.0255082437537
0.0254108840447
0.0253142647137
0.0255431406049
0.0256128369304
0.0260478425019
0.0262553435599
0.02615737586
0.0262080863648
0.0264503440741
0.0266382693497
0.0265403345359
0.0267123816221
0.0266148911782
0.0267249461529
0.0269904354784
0.0269313890221
0.0271591538098
0.0270618091725
0.0269736061278
0.026877614647
0.0267823039567
0.0266876668403
0.0268906952442
0.026875617556
0.0270521996406
0.027306373161
0.0272115593653
0.0271174017204
0.0273669096458
0.0272805859317
0.0271871592675
0.0273327107021
0.0275167852405
0.0277141435957
0.0279101684484
0.0280767271194
0.0282702196459
0.0285101185768
0.0287484181816
0.0292849682873
0.0296300528395
0.0300430103797
0.0302121143751
0.0301130582624
0.0302808280884
0.0306995508592
0.0307162685261
0.0307288374413
0.0310310699077
0.0309312915479
0.0308321527929
0.0315026485158
0.0314063914447
0.0313066886148
0.0312099170865
0.0311114630893
0.0313280937085
0.0316863479412
0.031604119837
0.0315308966322
0.0314329745929
0.0315752195439
0.0314796886613
0.0320631914169
0.0320416307346
0.0322409791008
0.0321426834328
0.0320449853068
0.0324123488088
0.0327367027664
0.03263809824
0.032797555903
0.0327118081289
0.0332784879062
0.0332458080019
0.0331677619367
0.0330696324635
0.0332949339147
0.0332059969461
0.0333600482747
0.0335289102815
0.0338597833655
0.0341385344804
0.0343044942375
0.0344709596803
0.0343918859035
0.0343459396539
0.0343270084724
0.0342289313053
0.0345274604665
0.0347648348859
0.0348029026503
0.034704589366
0.0346068299593
0.0345096197628
0.0349212192172
0.0353411320127
0.0352426887481
0.0351447923904
0.0350492556091
0.034952434461
0.0349207096194
0.0350485390573
0.03516451044
0.0350684325426
0.0353501585729
0.0354155368468
0.0355088110819
0.0356321129646
0.0357446358239
0.0362385976989
0.036501396812
0.0364111748126
0.0363140783464
0.0365376863364
0.0366844545705
0.0369306601585
0.0368332177835
0.0372198682568
0.0373646569842
0.0373945073531
0.0373417642749
0.0375049367637
0.0374725457825
0.0375228241852
0.0376034034503
0.0377407592388
0.0376767758363
0.0378000084624
0.0378425368144
0.0378036363483
0.0377260438198
0.0378370199142
0.0377677297257
0.0379329857927
0.0380534001861
0.0383251605536
0.0382291075196
0.0381871944418
0.0380919645305
0.0379972083998
0.0384471988706
0.0383520325368
0.0383605757491
0.0382660915724
0.0381941220186
0.0383333521117
0.0384387733168
0.0385243109162
0.0386638927021
0.0388970420689
0.0390649088104
0.0392895395464
0.0395928014956
0.0394995625821
0.0394335154488
0.0393960732792
0.0396788642646
0.0398738814741
0.0398950064538
0.0398004685238
0.0398297808043
0.0398951907651
0.0400248491398
0.0401928854995
0.040098756962
0.0400978753613
0.0403173737098
0.040233790587
0.0405437301544
0.040689521888
0.0408014285869
0.0409185166959
0.0408244511403
0.0408909861826
0.0413231582208
0.0414587615022
0.0415078871957
0.0415067241456
0.0416605729888
0.0415663182987
0.0416147576276
0.0420303562246
0.0422217182829
0.0424044211943
0.0424518300812
0.042637731547
0.0427882269164
0.0429227803341
0.0430672962781
0.0430964378236
0.0430594744055
0.0431919864916
0.0431118757247
0.0433756642712
0.0435589190012
0.0435044589271
0.0436600840763
0.0437567820599
0.0436761753089
0.0435854010343
0.0438433698031
0.0438222766842
0.0438526101647
0.0438150552276
0.0437212328395
0.043636566199
0.0440471637391
0.0439534463694
0.0443092101509
0.044379271345
0.0444255095861
0.0443472063436
0.0446418989948
0.0445843622004
0.0446032229026
0.0445610126988
0.0445959431028
0.0446164277924
0.0445236701462
0.0445324747681
0.04471983571
0.0446897813243
0.0448509532851
0.0448095982468
0.0449907330814
0.0452114746624
0.0454874871895
0.0455817290256
0.0455882173533
0.0458324180874
0.0459426299193
0.0464049393648
0.0464611842004
0.0464474784402
0.0464669763735
0.0466540625263
0.0466294363118
0.0466214971136
0.0466850744795
0.0466797509583
0.0468509340247
0.0468830253083
0.0469681524122
0.0468914797259
0.0467989916002
0.0471756561065
0.0475103244755
0.0476285300414
0.0476102345054
0.0476935152974
0.0481098775943
0.0483581344162
0.0484683459048
0.0486938602143
0.0488546520827
0.0489292008295
0.0490204945711
0.0489262243892
0.048832316089
0.0490952772503
0.0490014048273
0.0495337397652
0.0496661208199
0.0497368543283
0.0496424769956
0.0497276529284
0.0497590600932
0.0497476075567
0.0498637405722
0.0499083274367
0.0502339774285
0.050663286236
0.0507801324095
0.0507570008317
0.0509563589053
0.0511914472089
0.0515080746904
0.0516584955896
0.0517658393098
0.0518112318891
0.0524041964836
0.0524533743529
0.0526648725351
0.0530653661297
0.0531758379702
0.0532881228158
0.0535807805461
0.0540766247714
0.0541262714628
0.0542210895956
0.0541846249899
0.0545483297368
0.0548371318597
0.0547452528706
0.0548391483728
0.0552345503935
0.0552411212585
0.0554335850106
0.0555407470326
0.0557403540372
0.0558216178552
0.0557226433555
0.0559017168834
0.0560772076315
0.0562124944493
0.056153306174
0.0561389010286
0.0561176269336
0.0562031435111
0.0563988793493
0.0564112322284
0.056598355799
0.0570459364268
0.0572801280596
0.0572624086153
0.0572320609046
0.0574166577809
0.0576560319491
0.0576969864983
0.0577118405475
0.0577402141215
0.0577236336986
0.0576700069904
0.0578410599635
0.0577897786983
0.0578055159422
0.0578090272801
0.057805581382
0.0580068161076
0.0582661932432
0.0585483560407
0.0587558678558
0.0590312819384
0.059116361356
0.0592392164625
0.0592890090032
0.0592114834717
0.0595354061957
0.0595990224522
0.0596065066224
0.0598726865674
0.0598446641783
0.0598108039665
0.0600828465597
0.0601957770158
0.060308740845
0.0604708955506
0.0604933455383
0.0607035725386
0.0609225742182
0.0610968539414
0.0610020765675
0.0610125573845
0.0609526085359
0.0610619220036
0.0609749444157
0.0611107605522
0.0610762616349
0.0614022758578
0.0613102429374
0.0616639792649
0.061833228217
0.0622330718949
0.062476109677
0.0627342119542
0.0629853480338
0.0632864239985
0.0633894778677
0.0635932249744
0.0638706725717
0.0641491494846
0.0643222244169
0.0645219344764
0.0646972046459
0.0649445722939
0.0651833344064
0.0655311187089
0.0657426908333
0.065806584882
0.0660336093098
0.0664947814582
0.0665106541472
0.0665275028908
0.0669699915465
0.0670938769745
0.067071023559
0.0673030646774
0.0673405928337
0.0673119706421
0.0675563927337
0.0675333659635
0.0676313163411
0.0678194982118
0.067821335919
0.0677884999688
0.0678025977041
0.0678464651822
0.0680117451127
0.0683271599782
0.0685090832979
0.0687627222168
0.0687877766939
0.069085064025
0.0691616401049
0.0691488298463
0.0692128643003
0.0693251147923
0.0694439196128
0.0695765799276
0.069875153742
0.0701637810719
0.0703310633641
0.0704867032973
0.0705956199686
0.0708906022121
0.0711760016951
0.07161458339
0.0720233204865
0.0723147714053
0.0724727940062
0.0725319899089
0.0726078057799
0.0726219877756
0.0728102750588
0.0728450817117
0.0728422758948
0.0729609155758
0.0732041620568
0.0732133802281
0.0733814815688
0.0736433482745
0.073693755997
0.0738400489331
0.0738862820338
0.0740594533159
0.0741087354291
0.0741255745356
0.0743464621545
0.0746349670355
0.0749867517447
0.0750350890405
0.075275145648
0.0755015587635
0.0759078538452
0.0762437000968
0.0764426717889
0.0764919137383
0.0767326991887
0.076898555738
0.0769421926217
0.0771758699762
0.077235524716
0.0775376010531
0.0776732950826
0.077666401948
0.0778672766853
0.0780566391546
0.0781533686333
0.0782143311353
0.0786675374571
0.0788368961163
0.0789670814525
0.0792135111386
0.0792264704325
0.0792516619903
0.0794070421908
0.0795928753962
0.079684293075
0.0799607881228
0.0803181753907
0.0804469965999
0.0806548851049
0.0808038062137
0.0809813631108
0.0810977119036
0.0813942281419
0.0816540664828
0.0817765213819
0.0819667024136
0.0821894036924
0.0825451432164
0.082478185909
0.0826661123605
0.082979237885
0.0831173412143
0.0833166261552
0.0834637137435
0.083785010251
0.0838755541987
0.0839145169797
0.083952681139
0.0842011313159
0.0844292901255
0.0845630482903
0.0848799146373
0.0850146713287
0.0850912869478
0.0852778733519
0.0854144614594
0.0855467136682
0.0855415851643
0.0860262894368
0.0863203206031
0.0864751628069
0.0867546750491
0.0869453926832
0.087051949639
0.0873503528413
0.0873818395589
0.0875313771662
0.0876791786365
0.0878593798555
0.0879977172858
0.0882211551944
0.0883838291928
0.088439359242
0.0887386476886
0.0889579065441
0.0891924464456
0.0894807762789
0.0896865760566
0.0896862671471
0.0898517126908
0.0900339913427
0.0902229119554
0.0904359505201
0.0905091248113
0.0909320702012
0.091077277434
0.09131031549
0.0915983262689
0.0916519568489
0.0918259803235
0.0920662329303
0.092359460201
0.092468202745
0.0925453657207
0.0929434969037
0.093100238532
0.0933687828223
0.0934143669942
0.0934808895967
0.0936480333178
0.0937963959149
0.0939480379176
0.0941700188337
0.09435310763
0.0944874165743
0.0945869648435
0.0948102472915
0.0949279713887
0.0952058041615
0.0952196599532
0.0953717732466
0.0954435039444
0.0955701258604
0.0956700607132
0.0958114118427
0.095911078486
0.0962694732927
0.0963871614263
0.0965457380452
0.0968126901553
0.0971456568775
0.0974177251617
0.0974826459901
0.097670756635
0.0977934035771
0.098031506222
0.0983099653011
0.0984709543782
0.0985734917553
0.0987389099358
0.0988369298466
0.0990221973791
0.0991285574306
0.0992021476618
0.0994248410848
0.0995179210347
0.0997237345588
0.0999042814885
0.100228837797
0.10043374588
0.10070948905
0.100865534182
0.101194126087
0.101504199229
0.101540081166
0.101628917913
0.101737688562
0.101909372467
0.102145587591
0.102272676581
0.102429994669
0.102673567671
0.102865063539
0.103173187001
0.103451090557
0.103738621695
0.10388179439
0.104101137859
0.104289859818
0.104540863954
0.104640701063
0.104855045048
0.104990881265
0.105298542456
0.105568229048
0.10561614837
0.105774626415
0.105989001127
0.106229639054
0.106415831693
0.106501455627
0.106644122499
0.106763005276
0.106928059902
0.107145424591
0.107209966958
0.107529825263
0.107660289157
0.107859438412
0.107916648336
0.108093934315
0.108291983299
0.108643163984
0.108980182306
0.109084832582
0.109354200064
0.10956638073
0.109716394433
0.10981341324
0.109945927423
0.110026092811
0.110068629633
0.110223646649
0.110222419369
0.110496739856
0.11057666423
0.110771048348
0.110920405075
0.111220749227
0.111512112453
0.111632830668
0.111798885559
0.111925689977
0.11219302838
0.112332885067
0.11235349865
0.11259409304
0.112703917351
0.112816676928
0.112926522073
0.112992357949
0.113198568842
0.113256013232
0.113201953569
0.113388058136
0.113606470449
0.113879766437
0.114119698737
0.114233054792
0.114340400768
0.114394985788
0.114654176785
0.114871087506
0.115184192654
0.115272064588
0.115526089243
0.115683161133
0.115844282726
0.115984768032
0.116135973074
0.116335547425
0.116327231835
0.116471461552
0.116512710357
0.116639174007
0.116813856877
0.116857741234
0.117000978751
0.117134164279
0.117273869123
0.117507998547
0.117719125787
0.117967838975
0.118215002881
0.118410672372
0.118537269998
0.118728168991
0.118910945966
0.119008259307
0.119049688939
0.119120204563
0.11918364552
0.119449150296
0.119597582072
0.119829531823
0.120112473597
0.120197504607
0.120323017368
0.120529553538
0.120675896837
0.120909479862
0.121118938454
0.121204578178
0.121556953314
0.121705124108
0.121908083333
0.122129730052
0.122309266363
0.122427755398
0.122696948211
0.122775848885
0.122956589275
0.12318222266
0.123389488554
0.123423305268
0.123651022871
0.123693787661
0.123923561023
0.124102322341
0.124295100725
0.124474565599
0.124585055058
0.124820369547
0.124853869962
0.124923491106
0.125042311065
0.125141413098
0.125300484004
0.125541637927
0.125784532837
0.126054075402
0.126103135263
0.12623789315
0.126343058403
0.126422626175
0.126515605481
0.126670514017
0.126829418437
0.12714798725
0.127271667269
0.127375420238
0.127395567114
0.127528441956
0.127753315783
0.127889310122
0.12797686931
0.128180443766
0.128281379204
0.128420529707
0.128632209887
0.128745756705
0.129074229509
0.129354747682
0.129593638982
0.129781655549
0.129848731582
0.130027305196
0.130205789245
0.13029380649
0.130603517204
0.130720817423
0.130891457244
0.130998592068
0.131134201761
0.131265499592
0.13144868007
0.131614602889
0.131728246437
0.131921741445
0.132130852041
0.132310992819
0.132633082703
0.132722421724
0.13284796495
0.132994595325
0.133114905036
0.133204997571
0.133229580306
0.133247690714
0.133557014153
0.133674366605
0.133833649116
0.134019106896
0.13417599161
0.134297184438
0.134483000866
0.134617864576
0.134786874637
0.134865305308
0.134957110362
0.135176399062
0.135286746525
0.135412081772
0.135536078714
0.135592509353
0.135530542121
0.135692790854
0.135934357283
0.136080335332
0.136289515816
0.136498640878
0.136613538078
0.136729618599
0.136815157945
0.136893162606
0.137146985251
0.137289244665
0.137394769319
0.137674674929
0.137911285003
0.138082294823
0.138098803213
0.138332872229
0.138402437095
0.138628897472
0.138803166321
0.139011992429
0.13909769059
0.139286778775
0.139387166424
0.139510658344
0.139673277807
0.139781831792
0.139918122085
0.140020425944
0.140184048758
0.140370254025
0.140548177534
0.140661225691
0.14078499073
0.140859247663
0.141023753924
0.14123610519
0.141373647408
0.141523822103
0.141657472725
0.141879306518
0.142010013956
0.142197477377
0.142353294038
0.142686674858
0.142869607003
0.14296781748
0.143201430019
0.143391207552
0.143509865845
0.143732230517
0.143851771852
0.144019141619
0.144165141733
0.144358405023
0.144514617308
0.144667080137
0.144828078879
0.145025986764
0.145142163078
0.145298537727
0.14550659084
0.145615995495
0.145762950706
0.145813513192
0.145933771664
0.145989591784
0.146193745736
0.146368556348
0.146634839975
0.146794913979
0.14690094101
0.146979003944
0.14713511997
0.147221785119
0.147316602744
0.14743904405
0.147592156997
0.147687112884
0.147902152097
0.148196162803
0.148404467234
0.148731518698
0.148862339036
0.149000853683
0.149109641755
0.149361776948
0.149588274288
0.149697895091
0.149900991545
0.14999638291
0.150144791036
0.150242461513
0.15058798863
0.150796707927
0.150978010828
0.151061276851
0.151266789219
0.151572571887
0.151679040813
0.151923857908
0.152004205882
0.152050295605
0.152221805577
0.152368628925
0.152470035467
0.152591928271
0.152676844835
0.15279992337
0.152926373362
0.153004260101
0.15316326759
0.153287235851
0.153361511195
0.153472033333
0.153653059669
0.153762746775
0.153779079831
0.153946232704
0.154102894978
0.154348361518
0.154569425709
0.154639951626
0.15469683143
0.154874674953
0.154964327251
0.155048930333
0.155099741268
0.155218213785
0.155339461514
0.155458344683
0.15557299476
0.155658691065
0.155797981001
0.155919283474
0.155942280417
0.156094903237
0.156274884611
0.156543137682
0.156617791507
0.156713514699
0.156773248147
0.156894190665
0.156938739267
0.157085605241
0.157159279071
0.157240087528
0.157419472781
0.157636696151
0.157750108901
0.157939146551
0.158078530916
0.158201660355
0.158394077799
0.158533091731
0.158748926616
0.158820873786
0.15893994965
0.159054659549
0.159250265427
0.159347624621
0.159475401745
0.159645673977
0.15979384347
0.159889985576
0.160056889142
0.160142283142
0.160260365504
0.160334612811
0.160559302913
0.160658008459
0.160860288008
0.161012151508
0.161135624403
0.161251166515
0.161418188182
0.161472496941
0.161550581465
0.16171535924
0.161828163065
0.161941262974
0.162093841524
0.162167877478
0.162273592791
0.162414551911
0.162540285266
0.162654939986
0.162772202156
0.162940885355
0.163023237982
0.163242662007
0.163446129776
0.163563694857
0.163782547441
0.163916830219
0.164079574726
0.164169708188
0.164348094199
0.164483094182
0.164637423097
0.164724834097
0.164803671122
0.164880391428
0.164974588442
0.165112866932
0.165327184915
0.165548435652
0.165741249027
0.165849688358
0.166057751872
0.166132030514
0.166242267891
0.166394091746
0.166490733284
0.166624515967
0.166648271223
0.166780895375
0.166814528193
0.167031404512
0.16706024781
0.16716528048
0.167294785663
0.167446524702
0.167569658551
0.167652406925
0.167786532072
0.167907600126
0.167959796053
0.168032009503
0.168241004061
0.168383545982
0.168501997154
0.168576494463
0.168686027186
0.168820986747
0.168959900485
0.169103477015
0.169213395922
0.16933391679
0.169496900037
0.169676794676
0.169745357215
0.169866308161
0.170011141803
0.170131354288
0.170329339904
0.170445895932
0.170539953771
0.170630789985
0.170742849325
0.170871142366
0.171092769571
0.171200425844
0.171287064694
0.171401221131
0.171633529817
0.171764920665
0.171855006571
0.171955441121
0.172132865668
0.172173074985
0.172262107186
0.172393741239
0.172474168045
0.172625628153
0.172706423013
0.172888764388
0.172963849991
0.173052933968
0.173179004535
0.173247495121
0.173336633621
0.173458076207
0.173652357223
0.17388633173
0.174036514121
0.174220957716
0.174313039147
0.174454102156
0.174514760513
0.174661066693
0.174775566771
0.174798629106
0.174923728007
0.175033201828
0.175192269352
0.175344448063
0.17540323792
0.175490333278
0.175590142769
0.175694654641
0.175796259567
0.175995516087
0.176145689901
0.176260056393
0.176287729866
0.176338547062
0.176401493334
0.176457173956
0.176548755972
0.176676567274
0.176730628813
0.176827912155
0.177019504216
0.177180269665
0.177270344434
0.177445475234
0.177558263972
0.177674779268
0.177764666794
0.177880423556
0.178035107591
0.178136376107
0.17818465992
0.17827645679
0.178337643452
0.178474032898
0.178602724137
0.178705053476
0.178799088378
0.178869343669
0.178945282016
0.179066344362
0.17918639382
0.179361585247
0.179544580235
0.179708278665
0.179775933534
0.179922009648
0.180001115312
0.180055835414
0.180102311117
0.180134549657
0.180276292455
0.180407697495
0.180544052983
0.180575397235
0.180704130237
0.180765159722
0.180878107309
0.180951975017
0.181038745763
0.181156493175
0.181308968008
0.181491149568
0.181613822479
0.181669257961
0.181838130076
0.182031780056
0.182125752794
0.182175743652
0.182291608058
0.182413024541
0.182572907691
0.182770682391
0.182847447411
0.182993380935
0.183112801169
0.183255089942
0.183376111286
0.183526738712
0.183607730278
0.183683212924
0.183750728031
0.183862363325
0.184088881034
0.184281544814
0.184382964843
0.184439967385
0.184529825128
0.184613796092
0.184650220208
0.184745359589
0.184856123083
0.184957894197
0.185000304767
0.185122769418
0.185283261939
0.185389088835
0.185501936728
0.185635296103
0.185724442479
0.185861389096
0.186006899377
0.186086888357
0.186122730595
0.186284846737
0.186373077404
0.186451636841
0.18657397352
0.186720452255
0.186808035337
0.186869172079
0.187014600571
0.187110333579
0.187188379295
0.187272217462
0.187299936115
0.187395610644
0.187470158246
0.187573571047
0.187661197934
0.187696558932
0.187738047849
0.187909735477
0.188116244418
0.188194699571
0.188368982629
0.188481326527
0.188571640714
0.188711573056
0.188864872073
0.188954017341
0.188984289632
0.189039895212
0.189107973423
0.189274634824
0.189356394735
0.189428895242
0.189572205507
0.18962739342
0.189776777643
0.189862294844
0.190063535636
0.190101128479
0.190168978426
0.190285373677
0.190377895093
0.190419498567
0.190514522254
0.190590247401
0.190759545259
0.190841991401
0.190947051632
0.191018793292
0.191123861845
0.191232365667
0.191320058745
0.191390982951
0.191492985108
0.191587996214
0.191659760461
0.191764592666
0.191854989144
0.191969861414
0.192076944468
0.192305657427
0.192371694648
0.192433789092
0.192542901771
0.192649734598
0.192665255194
0.192802512573
0.192953521965
0.193146746185
0.193184937471
0.193269356064
0.193410180945
0.193536567293
0.193665041499
0.193722860138
0.193786415573
0.193835880579
0.193996969627
0.194120764224
0.194183034286
0.194333276689
0.194528976031
0.19462568163
0.19475333106
0.194863140667
0.195010849031
0.195098631247
0.195286788742
0.195346901625
0.195555505726
0.195653980954
0.195808025028
0.195884587889
0.196016047866
0.196095603287
0.19619282466
0.196269793687
0.196374859451
0.196524889152
0.196624337014
0.196678675487
0.196791672272
0.196905191562
0.196959994768
0.197062628997
0.197135498951
0.197295020071
0.197382708686
0.197520289384
0.197641697587
0.1977738747
0.197949493716
0.198040252213
0.198096765779
0.198223158203
0.198262487097
0.198342778785
0.198372294707
0.198536172525
0.198573769109
0.198651319088
0.198764803773
0.198841763851
0.198923628513
0.199002679721
0.199076714341
0.199125704989
0.19927948828
0.199411845373
0.19946571129
0.199527000407
0.19964214555
0.199790240618
0.199837482105
0.199901032926
0.199932596831
0.19997003181
0.200024223275
0.200116335144
0.200241835535
0.200340039866
0.20039710876
0.200457795033
0.200561148113
0.200645125421
0.200758179017
0.200854136205
0.200892166378
0.200985506027
0.201065090666
0.201183306969
0.201281387338
0.201343914132
0.201439545494
0.201484824994
0.201606448061
0.20163686701
0.20168209022
0.201742970286
0.20181078084
0.20187308398
0.201908221858
0.202020517313
0.202076454961
0.202152611912
0.202184534797
0.20229809812
0.202376815156
0.20249842856
0.202582381629
0.202686543192
0.202796453501
0.202846424307
0.202951435192
0.203018597142
0.203041534096
0.203100296715
0.20321212907
0.203250176919
0.203402940374
0.203452625746
0.203526669178
0.203632446628
0.203715822465
0.203768235892
0.203954795204
0.204062575187
0.204159169608
0.20421653698
0.204318159001
0.20443014973
0.204484690229
0.204541371497
0.204714456613
0.204804603985
0.204954764353
0.205037640006
0.205133035763
0.205241267925
0.205288079249
0.205327589075
0.205396098566
0.205571577179
0.205681456995
0.205759226199
0.20581226134
0.205911839201
0.205966499814
0.206044312994
0.206162656645
0.206267091072
0.206334878144
0.206371692583
0.206478115052
0.206582438235
0.206637097635
0.206728802733
0.206851926459
0.206923163234
0.207018544876
0.207082296603
0.207153796658
0.207203268731
0.207248060435
0.207297298897
0.20739053861
0.207426732149
0.207586831107
0.207660875155
0.207707086628
0.207771275342
0.207904594439
0.20794263365
0.208029813513
0.208137695946
0.208244655055
0.208312839462
0.208376360664
0.208417798048
0.20850956465
0.208612599452
0.208665263808
0.208711295427
0.208812781962
0.208837418478
0.208903922642
0.208927180421
0.20900629589
0.20908255517
0.209100511978
0.209206520884
0.209250946034
0.209294029134
0.209340139864
0.209408184542
0.209514188593
0.209693281931
0.209768553504
0.209857045443
0.209885694692
0.209945382905
0.210025814737
0.210127380972
0.210178053332
0.210196664648
0.210314966515
0.210422522695
0.21047892356
0.210555895852
0.210632440255
0.210674015999
0.210753257787
0.210807797438
0.210909050803
0.210953368198
0.210985285255
0.21104519743
0.211148251346
0.211269702458
0.211339817775
0.211425867133
0.211503881536
0.211629349726
0.211714455564
0.21182151083
0.211849763124
0.211907999323
0.211974091179
0.21208173813
0.212195796748
0.212300182971
0.212316959575
0.212453830974
0.212528976747
0.212607071696
0.212665275683
0.212719070418
0.212818333938
0.212859336735
0.212965748589
0.212983592303
0.213073451513
0.21310565086
0.213186630624
0.213289642066
0.213360545042
0.213395719244
0.213485423679
0.213511657961
0.213589973273
0.213646237479
0.213732468312
0.21379459119
0.213958878953
0.214039169588
0.214107104847
0.214178098653
0.214245388561
0.214312087045
0.214346367974
0.214457773767
0.214519590007
0.214620236219
0.214661691513
0.214775678386
0.214925042532
0.214990461384
0.215087376726
0.21513752398
0.215211274709
0.215262656498
0.215316577563
0.215346364153
0.215415672864
0.215492763667
0.215578086322
0.215668387705
0.215778809234
0.215875006985
0.215985488468
0.216047453596
0.216156553822
0.216187413504
0.216319401748
0.216385847227
0.216420223485
0.216455564183
0.216521864321
0.216576296244
0.216650267239
0.216726969426
0.216777864684
0.216836924004
0.216865879133
0.216913795684
0.216993959005
0.217097751519
0.217154890203
0.217279249725
0.217309214821
0.217342374324
0.217478331712
0.217521184364
0.217555974414
0.217628760659
0.217664666125
0.217725369988
0.217812400529
0.217901293868
0.217922339551
0.218005984135
0.217998204062
0.218071171461
0.218188984651
0.218263909009
0.218327326938
0.218413354774
0.218466441756
0.218516357266
0.218567445636
0.218640285437
0.218645964208
0.218745055915
0.218818617463
0.218872415643
0.218959759215
0.219026665252
0.21915348435
0.219202373154
0.219306469459
0.219391134791
0.219418467249
0.219441420894
0.219501272439
0.219656669361
0.219703041109
0.219792084679
0.21983706278
0.219874781545
0.219946747316
0.219957630763
0.219987656726
0.220058201833
0.220144987628
0.220202979323
0.220264438817
0.220396099463
0.220453556567
0.220447004467
0.220517010004
0.220612921445
0.22065924409
0.220737162186
0.220863465716
0.220881546025
0.220923280182
0.220971519495
0.221030782833
0.221134182098
0.221177095277
0.221336578956
0.221422923167
0.22153860005
0.221641870472
0.221706749053
0.221756120503
0.221830719287
0.221951964165
0.222042552767
0.222115640546
0.222169859879
0.222235332563
0.222329534531
0.22234119629
0.222391105073
0.222494378514
0.22255906102
0.222578191596
0.222647569935
0.222713329943
0.222802170356
0.222869806006
0.222893320989
0.222945553542
0.2229884763
0.223106803037
0.223110463106
0.223203041231
0.223254202524
0.223269482565
0.223359617888
0.223386471336
0.223454927841
0.223478597192
0.223531265146
0.223571514112
0.223677097299
0.223752667123
0.223807083212
0.223899058057
0.223952182031
0.224046429069
0.224177665683
0.224229361761
0.224312263907
0.224391478408
0.22444148314
0.224427327134
0.224476625899
0.224480692217
0.224514610186
0.224594510472
0.224642392956
0.224684744361
0.224772715396
0.224795020091
0.224843418721
0.22487464404
0.224908580525
0.224929012577
0.225058847854
0.225122770028
0.225205260563
0.225276073209
0.225366917454
0.225494869848
0.225530937033
0.225572398473
0.225642469183
0.225728025916
0.225765581729
0.225828570727
0.225887090143
0.225987214112
0.226008094189
0.226047480592
0.226111286599
0.226160298784
0.226251741547
0.226273307661
0.226400080407
0.226454335658
0.226481353695
0.226512137256
0.226546303674
0.226627446487
0.226677740298
0.226741885475
0.226773189573
0.226811034625
0.226847348669
0.226936973732
0.226967799539
0.227127915346
0.227140178342
0.227147914563
0.2272302014
0.227294900065
0.227337084672
0.227381998944
0.227395175855
0.22744914746
0.227526058088
0.227572675353
0.227598417478
0.227716247636
0.227746494951
0.227792528217
0.227873789385
0.227863133928
0.227877737698
0.2278768034
0.227919514363
0.22795355683
0.227994643938
0.228060513212
0.228109850601
0.228188333062
0.228236046848
0.228320032533
0.228352277612
0.228385155277
0.228491401417
0.228495811678
0.228605952792
0.228674060107
0.228818371736
0.228882454577
0.228923379331
0.228968785523
0.22906891007
0.22912011148
0.229142443492
