
row1col1
West 0.0
East 2.04942323792e-05
North 0.0
South 0.0

row1col2
West 0.0
East 0.0
North 0.0
South 0.000363815893481

row1col3
West 1.01122675949e-05
East 0.0
North 0.0
South 0.0

row1col4
West 0.0
East 0.0
North 0.0
South 0.00100439102034

row1col5
West 1.96989888542e-08
East 0.0
North 0.0
South 0.0

row1col7
West 0.0
East 0.0
North 0.0
South 4.14074143765e-05

row1col8
West 3.45351459657e-14
East 0.00181611833997
North 0.0
South 0.0

row1col9
West 1.64041943337e-15
East 0.0
North 0.0
South 0.0537627818947

row1col10
West 0.00869927786333
East 0.0
North 0.0
South 0.0

row1col11
West 0.000901524793145
East 0.0
North 0.0
South 0.0

row1col13
West 0.0
East 0.00162554351563
North 0.0
South 0.063948951717

row1col14
West 0.0
East 0.0233973273438
North 0.00111137304883
South 0.289614992296

row1col15
West 0.0
East 0.0
North 0.0279415079493
South 0.559873331348

row1col16
West 0.114481635291
East 0.0
North 0.0
South 0.0

row1col18
West 0.0
East 0.0
North 8.85049759294e-05
South 0.0645192919233

row1col19
West 8.85049759294e-05
East 6.07321489179e-07
North 0.0
South 0.146917911638

row1col20
West 0.00889072650401
East 0.0
North 0.0
South 0.0

row1col21
West 0.000422145457163
East 0.0
North 0.0
South 0.0

row1col22
West 0.0
East 0.0
North 0.0
South 0.00133739744908

row2col1
West 0.0
East 0.0
North 4.08323314182e-07
South 0.0

row2col2
West 0.0
East 0.00300206068334
North 0.0
South 0.0

row2col3
West 0.0
East 0.0178314677659
North 0.0
South 0.0

row2col4
West 0.0
East 0.057492697949
North 0.0
South 0.0

row2col5
West 0.0
East 0.0
North 0.0
South 0.143406439889

row2col7
West 0.0
East 0.0
North 1.77103312645e-14
South 0.00192910902963

row2col8
West 1.06828168344e-05
East 0.0
North 0.0
South 0.0

row2col9
West 0.0
East 0.0
North 3.28740744838e-10
South 0.208934197674

row2col10
West 0.0129865106537
East 0.0
North 0.0
South 0.0

row2col11
West 0.0
East 0.0
North 0.0
South 0.000865523787336

row2col13
West 0.00350097224383
East 0.371542796756
North 2.572125e-05
South 0.0

row2col14
West 0.011677571557
East 0.871487843435
North 0.00111137304883
South 0.0822428166178

row2col15
West 0.0
East 0.0
North 0.0
South 0.0

row2col16
West 0.995865473633
East 0.0
North 0.000597698921777
South 0.0

row2col17
West 0.921538560206
East 0.0062578122444
North 0.0
South 0.0

row2col18
West 0.807926577198
East 0.000118139424267
North 0.00015872142089
South 0.000227565182681

row2col19
West 0.590062385611
East 5.29526896606e-06
North 0.0
South 0.0

row2col20
West 0.279099539103
East 2.58922764812e-07
North 2.70750814658e-07
South 0.0

row2col21
West 0.0930258687617
East 0.0
North 0.0
South 0.0

row2col22
West 0.017698347634
East 0.0
North 0.0
South 0.0

row3col1
West 0.0
East 0.0
North 1.80044071884e-10
South 0.0

row3col2
West 0.0
East 0.0
North 1.98812692318e-05
South 0.0

row3col3
West 0.0
East 0.0
North 0.0003232880993
South 0.0

row3col4
West 0.0
East 0.0349411273022
North 0.0
South 0.0

row3col5
West 0.0
East 0.0
North 0.0
South 0.292233748945

row3col7
West 4.21883962812e-10
East 0.0194009083414
North 0.0
South 0.0

row3col8
West 4.14426981227e-10
East 0.123527971009
North 0.0
South 0.0

row3col9
West 0.0
East 0.0
North 1.46550161029e-07
South 0.491944038423

row3col10
West 0.181924692604
East 0.0
North 0.0
South 0.0

row3col11
West 0.0251945345114
East 0.0
North 0.0
South 0.0

row3col13
West 0.41233303581
East 0.9025
North 0.00467193604569
South 0.0529665669664

row3col14
West 0.274057919976
East 0.95
North 0.0175631530381
South 0.0440418078116

row3col15
West 0.153982905655
East 0.00438089921174
North 1.0
South 0.264430971674

row3col16
West 0.333330208685
East 0.0
North 0.0
South 0.0

row3col18
West 0.0
East 0.0
North 0.264214278487
South 0.0

row3col19
West 0.0451006026477
East 0.0
North 0.0
South 0.0

row3col20
West 0.00205297944769
East 0.0
North 0.0
South 0.0

row3col21
West 0.0
East 0.0
North 0.00999184547441
South 0.0

row3col22
West 0.0
East 0.0
North 0.000946976926694
South 0.0

row4col5
West 0.0
East 0.0
North 0.0
South 0.427694752043

row4col9
West 5.89762308487e-05
East 0.0
North 0.0
South 0.609153928242

row4col13
West 0.079854247674
East 0.0217671653561
North 0.857375
South 0.0804125766039

row5col1
West 0.0
East 8.78586825736e-08
North 0.0
South 0.0

row5col2
West 0.0
East 5.31443916856e-05
North 0.0
South 0.0

row5col3
West 0.0
East 0.0
North 7.12915516442e-22
South 0.00105686832406

row5col5
West 2.39893260187e-10
East 0.520060509415
North 0.0
South 0.0

row5col6
West 1.26700363211e-05
East 0.568798449727
North 0.0
South 0.0

row5col7
West 2.87855840721e-05
East 0.598736725625
North 9.66669733854e-06
South 6.8750887359e-08

row5col8
West 0.00104427033278
East 0.630249392391
North 0.000443971940361
South 0.0

row5col9
West 0.0049225312005
East 0.663420431074
North 0.0
South 7.187311715e-13

row5col10
West 0.0227323456152
East 0.698337296091
North 0.0
South 3.18713190942e-06

row5col11
West 0.00871148688789
East 0.735091890625
North 0.0443703782899
South 2.34804377085e-05

row5col12
West 0.0255304307989
East 0.7737809375
North 0.0141821812935
South 8.80247194518e-05

row5col13
West 0.023881889665
East 0.0467819196028
North 0.81450625
South 0.00352010255821

row5col14
West 0.7737809375
East 0.0376157457625
North 0.0163445828613
South 0.0

row5col15
West 0.735091890625
East 0.0340512677325
North 0.0
South 0.0

row5col16
West 0.698337296094
East 0.00547405360484
North 0.0143257683464
South 6.67726844329e-06

row5col17
West 0.663420431289
East 0.00130161405519
North 0.00675326727037
South 0.000112785662045

row5col18
West 0.0705349295949
East 0.000612560627374
North 0.0
South 2.86523619167e-08

row5col20
West 0.0
East 0.0
North 0.0
South 0.0272870676502

row5col21
West 0.0
East 0.0
North 0.0
South 0.00622760021167

row5col22
West 2.03077202259e-05
East 0.0
North 0.0
South 0.0

row6col1
West 0.0
East 7.28768516455e-05
North 0.0
South 0.0

row6col2
West 0.0
East 0.0018276010716
North 0.0
South 0.0

row6col3
West 0.0
East 0.0
North 2.42791019886e-21
South 0.0137986293048

row6col5
West 9.97363986209e-08
East 0.10652985168
North 0.0
South 0.0

row6col6
West 5.61844404919e-08
East 8.0419527935e-07
North 0.540335761961
South 2.35199205887e-05

row6col7
West 0.0
East 0.0
North 0.0985377199873
South 0.0

row6col8
West 0.00320571093204
East 0.0
North 0.0
South 0.0

row6col9
West 0.0
East 0.115104041459
North 0.0
South 0.0

row6col10
West 0.0
East 3.40516325075e-06
North 0.658099740481
South 5.70086441169e-15

row6col11
West 0.0
East 6.30153334484e-09
North 0.153949269925
South 3.32054797731e-10

row6col12
West 1.32663859891e-07
East 0.0618015647715
North 0.0
South 0.0

row6col13
West 3.63727456094e-05
East 0.0
North 0.363361861226
South 0.0

row6col14
West 0.0
East 0.0
North 0.0716739031482
South 0.0

row6col15
West 0.0
East 0.0
North 0.0979376856154
South 0.0

row6col16
West 0.0
East 5.13667812276e-08
North 0.140607039621
South 0.0

row6col17
West 2.32927777941e-06
East 6.36729063849e-08
North 0.630249409724
South 0.00222417022482

row6col18
West 0.572231105553
East 0.0
North 0.0
South 0.0

row6col19
West 0.446363044494
East 2.66927156162e-12
North 0.0
South 0.0

row6col20
West 0.279865844992
East 0.0
North 0.0
South 0.0

row6col21
West 0.0748968467016
East 0.0
North 0.0
South 0.0

row6col22
West 0.00853250671754
East 0.0
North 0.0
South 0.0

row7col1
West 0.0
East 2.22975574342e-08
North 0.0
South 0.0

row7col2
West 0.0
East 0.0
North 8.73409297128e-05
South 0.0

row7col3
West 0.0
East 0.0
North 1.22634462338e-20
South 0.0481811550514

row7col5
West 5.79114909567e-09
East 0.458897673099
North 0.0
South 0.0

row7col6
West 5.79114909567e-09
East 1.52540260952e-07
North 0.513179662298
South 1.24181820103e-08

row7col10
West 1.13430477574e-09
East 1.27729710178e-05
North 0.595448819775
South 4.02360599293e-06

row7col17
West 1.72627733883e-06
East 0.0
North 0.59873693923
South 0.000150106683992

row7col18
West 0.254035081996
East 0.0
North 0.0
South 0.0

row7col20
West 0.0
East 0.0
North 0.0692008638741
South 0.0

row7col21
West 0.00780397435514
East 0.0
North 0.0
South 0.0

row7col22
West 3.62944342373e-05
East 0.0
North 0.0
South 0.0

row8col1
West 0.0
East 0.00181851947304
North 0.0
South 0.0

row8col2
West 0.0
East 0.0196404545763
North 0.0
South 0.0

row8col3
West 0.0
East 0.127615549232
North 0.0
South 0.0

row8col4
West 0.0
East 0.232714018073
North 0.0
South 0.0

row8col5
West 0.0
East 1.93287847031e-12
North 0.358065418209
South 0.0

row8col6
West 0.0
East 0.0
North 0.485784826675
South 7.96733539303e-10

row8col8
West 0.0
East 0.0151307965444
North 0.0
South 0.0

row8col9
West 0.0
East 0.158986044424
North 0.0
South 0.0

row8col10
West 0.0
East 0.0
North 0.482286322891
South 0.0

row8col11
West 0.293743746953
East 1.55679268742e-15
North 0.0
South 4.19628235535e-11

row8col12
West 0.0
East 0.0
North 7.9835522432e-16
South 0.0106164783164

row8col13
West 0.00170719402253
East 0.0
North 0.0
South 0.0

row8col14
West 0.000191808433149
East 0.0
North 0.0
South 0.0

row8col15
West 9.88462879863e-06
East 0.0
North 0.0
South 0.0

row8col17
West 9.25249434955e-05
East 8.52166445806e-11
North 0.568800092187
South 4.44818020529e-05

row8col18
West 0.0
East 0.0
North 0.0303259649022
South 0.0

row9col5
West 0.0
East 0.0
North 0.0196537203145
South 0.0

row9col6
West 0.0
East 3.90800430434e-12
North 0.455162936568
South 3.03095384438e-12

row9col8
West 0.0
East 0.0
North 0.00013020024886
South 0.0

row9col9
West 0.0
East 0.0
North 0.0107164186487
South 0.0

row9col10
West 0.0
East 0.0
North 0.0583821006937
South 0.0

row9col11
West 0.0
East 3.90197528091e-12
North 0.136122921263
South 1.10568573377e-10

row9col12
West 0.0465925468049
East 0.0
North 7.9835522432e-16
South 2.5007943294e-13

row9col13
West 0.000656868438174
East 0.0
North 0.0
South 0.0

row9col14
West 0.0
East 0.0
North 7.59797400459e-06
South 0.0

row9col15
West 3.74108909389e-09
East 0.0
North 0.0
South 0.0

row9col17
West 0.0002358849677
East 2.26807825432e-08
North 0.540360086951
South 0.00020937064198

row9col18
West 0.097994618876
East 0.0
North 0.0
South 0.0

row9col20
West 0.0
East 0.0
North 0.0
South 2.21549145555e-07

row9col21
West 0.0
East 0.0
North 0.0
South 1.03569439216e-05

row9col22
West 0.0
East 0.0
North 0.0
South 9.22485704837e-10

row10col1
West 0.0
East 1.9772744194e-08
North 0.0
South 0.0

row10col2
West 0.0
East 8.20321878297e-06
North 0.0
South 0.0

row10col3
West 0.0
East 0.0
North 0.0
South 0.00026038298642

row10col5
West 0.0
East 0.235765742742
North 0.0
South 0.0

row10col6
West 0.0
East 0.0
North 0.416749536597
South 0.0

row10col17
West 3.64178197976e-09
East 0.0
North 0.51334207856
South 3.96796244654e-05

row10col18
West 0.0211698273267
East 0.0
North 0.0
South 0.0

row10col20
West 0.0
East 7.75029509068e-06
North 0.0
South 0.0

row10col21
West 0.0
East 0.0
North 0.0
South 0.000172665519013

row10col22
West 2.52584593396e-06
East 0.0
North 0.0
South 0.0

row11col1
West 0.0
East 1.52249589767e-06
North 0.0
South 0.0

row11col2
West 0.0
East 0.000821852042783
North 0.0
South 0.0

row11col3
West 0.0
East 0.00571320984627
North 0.0
South 0.0

row11col4
West 0.0
East 0.0253959860729
North 0.0
South 0.0

row11col5
West 0.0
East 1.94273746819e-12
North 0.0977343254286
South 0.0

row11col6
West 0.0
East 0.0
North 0.3510865713
South 5.18537588131e-13

row11col8
West 0.0
East 4.00566899551e-09
North 0.0
South 0.0

row11col9
West 0.0
East 0.0
North 0.0
South 1.14784663761e-06

row11col10
West 5.23567065945e-08
East 0.0
North 0.0
South 0.0

row11col12
West 1.63721734044e-20
East 4.82102392177e-10
North 0.0
South 0.0

row11col13
West 0.0
East 0.0
North 6.86980323243e-18
South 0.00144305593009

row11col14
West 6.81166442734e-05
East 0.0
North 0.0
South 0.0

row11col15
West 0.0
East 0.0
North 0.0
South 0.0118654149764

row11col17
West 0.0
East 1.04483499621e-09
North 0.487674952765
South 4.87621730573e-06

row11col18
West 0.158847093258
East 0.0
North 0.0
South 0.0

row11col20
West 0.0
East 0.0
North 0.0
South 8.59739093178e-11

row11col21
West 0.0
East 0.0
North 0.0
South 0.00118711516797

row11col22
West 0.0
East 0.0
North 2.91682515439e-09
South 0.0

row12col1
West 0.0
East 1.12321326056e-06
North 0.0
South 0.0

row12col2
West 0.0
East 0.0
North 6.17865725172e-05
South 0.0

row12col3
West 2.08510112443e-06
East 0.0
North 0.0
South 0.0

row12col5
West 0.0
East 0.0171839215887
North 0.0
South 0.0

row12col6
West 0.0
East 0.0
North 0.268285509189
South 2.93068679503e-12

row12col8
West 0.0
East 0.0
North 9.48377509369e-11
South 0.0

row12col9
West 0.0
East 0.0
North 0.0
South 1.57364725798e-05

row12col10
West 8.63816134812e-08
East 0.0
North 0.0
South 0.0

row12col12
West 3.77355129015e-17
East 0.00180136923493
North 0.0
South 0.0

row12col13
West 1.96775455112e-17
East 0.0177231691838
North 0.0
South 0.0

row12col14
West 0.0
East 0.0695494553896
North 0.0
South 9.44949006954e-10

row12col15
West 4.32258640734e-09
East 0.193889195155
North 0.0
South 0.0

row12col16
West 3.39785081257e-08
East 0.355763437224
North 0.0
South 0.0

row12col17
West 0.0
East 2.06403691944e-22
North 0.463291103141
South 2.44872229735e-12

row12col18
West 0.0799590209153
East 2.46015267184e-18
North 0.0
South 0.0

row12col20
West 0.0
East 6.58706197908e-06
North 0.0
South 0.0

row12col21
West 0.0
East 0.0
North 0.0
South 0.00656329356271

row12col22
West 0.000267414160975
East 0.0
North 0.0
South 0.0

row13col5
West 0.0
East 0.0020449354687
North 0.0
South 0.0

row13col6
West 0.0
East 0.0
North 0.173369679712
South 0.0

row13col9
West 0.0
East 0.0
North 0.0
South 0.000148605123525

row13col17
West 7.36797565376e-07
East 7.29151726651e-11
North 0.440125928177
South 8.29335181802e-11

row13col18
West 0.408841033209
East 6.88657220305e-10
North 4.44224752559e-19
South 6.75377340049e-12

row13col21
West 0.0
East 0.0
North 0.0
South 0.0260980454061

row14col1
West 0.0
East 2.38563052185e-07
North 0.0
South 0.0

row14col2
West 0.0
East 3.53920649584e-05
North 0.0
South 0.0

row14col3
West 0.0
East 0.00165961726028
North 0.0
South 0.0

row14col4
West 0.0
East 0.0259281075792
North 0.0
South 0.0

row14col5
West 0.0
East 0.0551899727462
North 0.0
South 0.0

row14col6
West 0.0
East 0.0
North 0.104877165644
South 0.0

row14col7
West 0.0
East 1.84726597269e-06
North 0.0
South 0.0

row14col8
West 0.0
East 0.0
North 0.0
South 0.00170678773244

row14col9
West 0.0
East 0.00111027824835
North 0.0
South 0.0

row14col10
West 0.0
East 0.00611705437919
North 0.0
South 0.0

row14col11
West 0.0
East 0.025868825356
North 0.0
South 0.0

row14col12
West 0.0
East 0.0
North 0.0
South 0.100551308617

row14col13
West 0.0
East 0.0
North 0.0
South 0.0320170173552

row14col14
West 0.0
East 0.0
North 0.0
South 0.00122131133154

row14col15
West 0.0
East 2.19186434112e-08
North 0.0
South 0.0

row14col16
West 0.0
East 0.077460432903
North 0.0
South 0.0

row14col17
West 0.0
East 5.82126168243e-14
North 0.41811078825
South 2.25138670011e-22

row14col18
West 0.0
East 0.0
North 0.347276994683
South 0.0

row14col19
West 0.253877423991
East 0.0
North 6.22941707081e-13
South 0.0

row14col20
West 0.15864577322
East 0.0
North 0.0
South 0.0

row14col21
West 0.0747467042277
East 0.0
North 0.0
South 0.0

row14col22
West 0.0
East 0.0
North 0.0
South 1.71270678806e-05

row15col1
West 0.0
East 3.01951740642e-05
North 0.0
South 0.0

row15col2
West 0.0
East 0.00071871752095
North 0.0
South 0.0

row15col3
West 0.0
East 0.00280418391125
North 0.0
South 0.0

row15col4
West 0.0
East 0.0
North 0.0099276308388
South 0.0

row15col5
West 0.000270663800418
East 0.0
North 0.0
South 0.0

row15col6
West 0.0
East 0.0
North 0.00631121422577
South 0.0

row15col7
West 0.0
East 0.0165756291429
North 0.0
South 0.0

row15col8
West 0.0
East 0.0382632304529
North 0.0
South 0.0

row15col9
West 0.0
East 0.0739116270691
North 0.0
South 0.0

row15col10
West 0.0
East 0.125859917981
North 0.0
South 0.0

row15col11
West 0.0
East 0.189709385279
North 0.0
South 0.0

row15col12
West 0.0
East 0.253492031841
North 0.0
South 0.0

row15col13
West 0.0
East 0.298123987166
North 0.0
South 9.24397185415e-17

row15col14
West 9.46801014215e-17
East 0.33271107589
North 9.02011786298e-17
South 0.0

row15col15
West 1.89893338235e-15
East 0.357591103083
North 0.0
South 0.0

row15col16
West 1.54718323658e-12
East 0.377080723606
North 0.0
South 0.0

row15col17
West 1.62063235899e-11
East 0.0
North 0.397155858019
South 4.3901973532e-22

row15col18
West 0.040753960902
East 0.0
North 0.0
South 0.0

row15col19
West 0.0
East 0.000908609959609
North 0.0
South 0.0

row15col20
West 0.0
East 0.0
North 0.0312900241897
South 1.41690280218e-23

row15col21
West 0.00373248859656
East 0.0
North 0.0
South 0.0

row15col22
West 0.000375547996536
East 0.0
North 0.0
South 0.0

row16col2
West 0.0
East 0.0
North 0.000132559637928
South 0.0

row16col7
West 0.0
East 0.0
North 0.00605971669734
South 0.0

row16col15
West 0.0
East 0.0
North 0.331237261834
South 0.0

row17col1
West 0.0
East 7.48027598114e-07
North 0.0
South 0.0

row17col2
West 0.0
East 0.0
North 2.64715971596e-05
South 0.0

row17col3
West 4.34598192672e-06
East 0.0
North 0.0
South 0.0

row17col4
West 1.82574683833e-07
East 0.0
North 0.0
South 0.0

row17col6
West 0.0
East 0.00021125293508
North 0.0
South 0.0

row17col7
West 0.0
East 0.0
North 0.00201358492522
South 0.0

row17col8
West 0.000451751791092
East 0.0
North 0.0
South 0.0

row17col9
West 0.0
East 0.0
North 0.0
South 1.70040210694e-07

row17col10
West 0.0
East 0.0
North 0.0
South 8.93745567523e-10

row17col11
West 0.0
East 0.0
North 0.0
South 1.32817894029e-11

row17col13
West 0.0
East 0.0271102010376
North 0.0
South 0.0

row17col14
West 1.36949339314e-26
East 0.120778947908
North 0.0
South 0.0

row17col15
West 0.0
East 2.93391555604e-18
North 0.292387117733
South 1.75949226679e-20

row17col16
West 0.0132276587089
East 4.96809527437e-19
North 0.0
South 0.0

row17col18
West 0.0
East 4.15966467944e-05
North 0.0
South 0.0

row17col19
West 0.0
East 0.0
North 0.0
South 0.00127504387184

row17col20
West 0.000133235439051
East 0.0
North 0.0
South 0.0

row17col21
West 2.53198041337e-06
East 0.0
North 0.0
South 0.0

row17col22
West 5.96117985472e-08
East 0.0
North 0.0
South 0.0

row18col1
West 0.0
East 2.39162509032e-18
North 0.0
South 0.0

row18col2
West 0.0
East 0.0
North 5.17966530714e-08
South 0.0

row18col3
West 0.0
East 0.0
North 4.50874765312e-07
South 0.0

row18col4
West 0.0
East 0.0
North 5.00515137222e-09
South 0.0

row18col6
West 0.0
East 0.0
North 1.11144268504e-05
South 0.0

row18col7
West 0.0
East 1.21526880635e-05
North 0.0
South 0.0

row18col8
West 0.0
East 0.0
North 8.92074355575e-05
South 0.0

row18col9
West 4.71431211107e-06
East 0.0
North 0.0
South 0.0

row18col10
West 2.11135952589e-07
East 0.0
North 0.0
South 0.0

row18col11
West 9.51654437431e-09
East 0.0
North 0.0
South 0.0

row18col13
West 0.0
East 0.0
North 0.0039324145676
South 0.0

row18col14
West 0.0
East 0.0242974524012
North 0.0
South 0.0

row18col15
West 0.0
East 0.0
North 0.223362448557
South 7.30321720136e-17

row18col16
West 0.135117613425
East 0.0
North 2.58298565798e-17
South 0.0

row18col17
West 0.0668447330921
East 0.0
North 0.0
South 0.0

row18col18
West 0.0262133400742
East 0.0
North 0.0
South 0.0

row18col19
West 0.00746470611454
East 0.0
North 0.0
South 0.0

row18col20
West 0.000114532227687
East 0.0
North 0.0
South 0.0

row18col21
West 7.88685460764e-07
East 0.0
North 0.0
South 0.0

row18col22
West 4.6350136028e-09
East 0.0
North 0.0
South 0.0

row19col1
West 0.0
East 3.67509619203e-14
North 0.0
South 0.0

row19col2
West 0.0
East 1.6537827227e-11
North 0.0
South 0.0

row19col3
West 0.0
East 0.0
North 1.64525792218e-08
South 0.0

row19col4
West 2.94541918637e-12
East 0.0
North 0.0
South 0.0

row19col6
West 0.0
East 1.0895006779e-13
North 0.0
South 0.0

row19col7
West 0.0
East 0.0
North 6.3465811978e-07
South 0.0

row19col8
West 1.82346810566e-08
East 0.0
North 0.0
South 0.0

row19col9
West 0.0
East 0.0
North 8.38175531517e-08
South 0.0

row19col10
West 0.0
East 5.45551178823e-17
North 0.0
South 0.0

row19col11
West 0.0
East 0.0
North 2.44886243459e-10
South 0.0

row19col13
West 0.0
East 0.0
North 0.000184660715489
South 0.0

row19col14
West 0.0
East 0.00137109372938
North 0.0
South 0.0

row19col15
West 0.0
East 0.0
North 0.025861223191
South 9.58654585419e-17

row19col16
West 0.0
East 0.0
North 0.00520543932604
South 0.0

row19col18
West 0.0
East 0.0
North 0.00210639739901
South 0.0

row19col19
West 0.0
East 0.0
North 0.000521792747452
South 0.0

row19col20
West 1.74701985459e-05
East 0.0
North 0.0
South 0.0

row19col21
West 2.64240600406e-07
East 0.0
North 0.0
South 0.0

row19col22
West 0.0
East 0.0
North 1.6228697049e-15
South 0.0
