0.120034408974
0.0949340692918
0.0632893795279
0.0474670346459
0.0379736277167
0.0331404369628
0.0382668079926
0.0334834569935
0.046043255754
0.0414389301786
0.0383362794943
0.0392055476957
0.0363167776759
0.0337227221276
0.0423918199233
0.0414760160101
0.0420559096759
0.0397194702494
0.043530434208
0.0501953585211
0.0485898432555
0.0469653601828
0.0472727796864
0.0453030805328
0.0435641556467
0.0436359134211
0.0431012093105
0.0415618804065
0.0401684821232
0.0431701368161
0.0417775517575
0.0418894362161
0.0422510786456
0.0461981241266
0.0517001062347
0.0502639921727
0.051152279189
0.0509064832504
0.0517995862439
0.0535180826099
0.0523062874821
0.0541763423573
0.054554965061
0.0547474645136
0.053530854191
0.0531464571921
0.0523513819642
0.0530647269773
0.0522876718432
0.0512419184063
0.0502371749082
0.0529249215446
0.0520277221682
0.0528728260418
0.051911501932
0.0509845108261
0.0518471319753
0.0532510518982
0.0548397677262
0.054083218671
0.0538477795427
0.0529792669694
0.0542555148427
0.0545563535024
0.053717024987
0.0536809217043
0.0545158504616
0.0537141467783
0.052935680883
0.054104625885
0.0534308595532
0.0533322243235
0.0537332069381
0.05357211
0.0530738845604
0.0524361621306
0.0522452426258
0.051955906632
0.0515699315657
0.0527544850252
0.0548784240208
0.0542856044148
0.055452208442
0.0563970210064
0.0568002511235
0.0573025737848
0.0571608470808
0.0566085293786
0.0568876540485
0.0578278339221
0.0587482197072
0.0596289293708
0.0590372955055
0.0620950863422
0.0633882663135
0.0640657917606
0.0646966694684
0.0650885525928
0.0670197946664
0.0668302749229
0.0661685890326
0.0655198773754
0.0665468665407
0.0659870557114
0.0655410165036
0.0652806950577
0.0649434820425
0.0653165360377
0.064724321421
0.0656808866266
0.067047666026
0.0694891431551
0.0705461435532
0.0731086306567
0.0731966852701
0.07353280274
0.0748287941025
0.0746551915987
0.074314023288
0.0738262224396
0.0749546743451
0.0756657054694
0.0755128451203
0.0755607304419
0.0752021300925
0.0750141392699
0.074655137402
0.0744558205029
0.0751135046528
0.0753118059716
0.0752128801195
0.0751069261313
0.0755481378056
0.0757515919201
0.0765399484239
0.0766127581267
0.0780140714389
0.0781407840882
0.0793489641848
0.0798258890729
0.0798728123278
0.0793336064867
0.0794635753459
0.0799988117325
0.0809795417648
0.0814460583744
0.0825356407114
0.0833674912974
0.0830267654326
0.0829332539785
0.0827523716665
0.0830946674892
0.0835622774025
0.0843995138183
0.0841006983113
0.0844187410295
0.0839503044384
0.0843995998067
0.0840711949839
0.08474014216
0.0852595623972
0.0853499924705
0.0854804830762
0.0853256212217
0.0857494402209
0.0865263194432
0.0861976428962
0.0862889622083
0.0864056236459
0.087062292196
0.0885598063115
0.088435744444
0.0885837036583
0.0891943369286
0.0889369432383
0.0900624396509
0.0901563445718
0.0897643701718
0.0900927551521
0.0898977073484
0.0902805629105
0.0902565505451
0.0906508843143
0.0910097596248
0.0917494145146
0.0921423409399
0.0922197896319
0.0920524848607
0.092037900937
0.0923561098853
0.0923709172912
0.092584942056
0.0931425277301
0.0946964083509
0.0951685584021
0.0958047417433
0.0960400066447
0.0956575223988
0.0967776236709
0.0978444965727
0.0979062740358
0.0975665496497
0.0973448493343
0.0984393668247
0.0982909541856
0.0984476114037
0.0990109960283
0.0998092656189
0.100450408136
0.100257247205
0.100364840963
0.100988026581
0.101194628741
0.100866214811
0.101367136912
0.102076800565
0.101668487317
0.101640826402
0.101698268673
0.101779329423
0.101716847041
0.102040218892
0.103046867621
0.103742155136
0.103386625117
0.104969481783
0.105825405786
0.105739442179
0.106274572174
0.106325023959
0.106436466667
0.107031169583
0.107970462085
0.108152189181
0.108765400767
0.108755005511
0.109152482588
0.109144826486
0.109862930816
0.109651371528
0.10954022518
0.110067518702
0.110639391559
0.111909035213
0.112385114174
0.112897361245
0.114008073332
0.113888767845
0.113937613422
0.115143360783
0.115530553247
0.115578244282
0.116871663452
0.116711157382
0.117060510942
0.117687085858
0.118181063681
0.118442859924
0.118593612453
0.118848677271
0.119236892172
0.119881664863
0.120286581983
0.120917909663
0.120956324928
0.120972974638
0.121205019941
0.121700507435
0.122533898211
0.122487379147
0.1234838177
0.124143187828
0.124924603223
0.125441052513
0.125998051673
0.126417985173
0.126854009509
0.127627461987
0.128035231627
0.127828242578
0.128300874236
0.128698693512
0.12930761957
0.130049957616
0.130494568164
0.131303436883
0.132027878872
0.132641304212
0.133256210797
0.133401031939
0.133722631535
0.134063126555
0.134498447345
0.135159422958
0.135636772605
0.136141983717
0.136665950327
0.136979870637
0.137308625985
0.137990892587
0.138372146446
0.138873117289
0.139173551203
0.139230916777
0.139941666233
0.140230657837
0.140789944883
0.141419193929
0.141829638532
0.141789165112
0.142115305696
0.142157100125
0.14184998366
0.142135827636
0.142860960619
0.143050893283
0.143417356829
0.144322143672
0.145199883804
0.145428645033
0.145861001679
0.146020583074
0.146516828123
0.146951469393
0.147599889995
0.147977686125
0.148694986849
0.149079231535
0.149146142911
0.149696014768
0.149832282187
0.150344868068
0.150574937969
0.150987900057
0.151198921029
0.151357702941
0.152193485942
0.152807160339
0.152940496057
0.153839182453
0.154261697308
0.154613593106
0.154953895164
0.155626431845
0.156164510831
0.156776569604
0.156956869627
0.157752824862
0.158245490125
0.158444075205
0.159262754647
0.159511622056
0.160267137023
0.160479918792
0.161016662546
0.160955006836
0.161308708557
0.161477696223
0.161397135027
0.161997859853
0.162515232351
0.162533289856
0.163086960878
0.163604068756
0.163856287674
0.163838275903
0.164321929575
0.164620027152
0.164823589081
0.16542069224
0.16552627276
0.166074494332
0.166164173934
0.16634690949
0.166744652511
0.167043680155
0.167345378328
0.167940101226
0.168040398943
0.168105211404
0.168481277574
0.168807123894
0.169244232233
0.169999416022
0.170467574983
0.171073716901
0.171477339323
0.171584007307
0.17215551975
0.172411159998
0.172988576666
0.173018868493
0.17334097463
0.17352840005
0.17409400687
0.174730526316
0.174794378717
0.175202636088
0.175697017537
0.17634550824
0.176661078065
0.176755631072
0.177715142931
0.178082132313
0.178211440089
0.17867162901
0.178964352238
0.17930311712
0.179473353911
0.180020034796
0.180434052478
0.180937113557
0.181439537913
0.181648342434
0.181849912252
0.182150571856
0.182352834022
0.182770281559
0.182841228696
0.183188919738
0.183755042214
0.184162179718
0.184875830622
0.185214170274
0.185480074748
0.186002881186
0.186745477149
0.187107004692
0.187643432335
0.188249064542
0.188632678938
0.189090615606
0.1894578369
0.189762391104
0.189750944017
0.190267067804
0.190585338272
0.190995247504
0.191526547164
0.192087528565
0.192285403441
0.192462676503
0.192749147106
0.193186947748
0.193605236479
0.194344793163
0.19465052642
0.194826924892
0.19503077121
0.195367844095
0.195683586798
0.196027621399
0.196262269829
0.196448334111
0.196573083717
0.197223574353
0.197616820814
0.198203961249
0.198692968323
0.199063830188
0.199653583526
0.199982726326
0.200361009679
0.200630705404
0.200814650402
0.200941103092
0.20130264027
0.20183726207
0.202366834468
0.202846700071
0.202976991474
0.203268079736
0.203822438021
0.204397161958
0.204696948359
0.205134977414
0.205348385682
0.205519165467
0.205347737777
0.205685750236
0.206252434094
0.206520748721
0.20686482325
0.206814147226
0.207215719265
0.207492720386
0.207936264835
0.208123347532
0.20837811441
0.208613582981
0.208976596123
0.20916787611
0.209551383454
0.209800722201
0.210390422767
0.210694876243
0.211060167377
0.211421162667
0.211716467861
0.211917192324
0.212151346589
0.212308367408
0.212878021233
0.213423585828
0.213633365833
0.213774996143
0.213911496177
0.214302079572
0.214435566659
0.214524860544
0.214566233454
0.214870998262
0.215049046694
0.215593389944
0.216133954727
0.216406205459
0.216822750579
0.21706000606
0.21744043578
0.217791328377
0.218151351328
0.218349384189
0.218735453273
0.218984681748
0.219191006273
0.219648326576
0.219912854262
0.220302835516
0.220543347568
0.220778579658
0.220896581815
0.221114115822
0.221520467542
0.2219844935
0.222229595736
0.222635073334
0.222872301002
0.222990198254
0.223401089415
0.223827257875
0.224178800484
0.224715670073
0.224855848045
0.225232324513
0.225445370827
0.225689367186
0.225986069887
0.226336900894
0.226505632371
0.226931961574
0.227172154914
0.22743186723
0.227644976754
0.228080186121
0.228536767863
0.228781816048
0.229009442852
0.229527169777
0.229931440343
0.230310207487
0.23070127706
0.23090592184
0.231276541373
0.23160252647
0.231917696811
0.232114874125
0.232308739436
0.232652380007
0.232969663873
0.233088213034
0.23336432206
0.233639484769
0.23423352763
0.234652334473
0.23501391571
0.235270389888
0.235546786029
0.235785153794
0.235911822254
0.236080038677
0.236237599799
0.236567335303
0.236845793188
0.237115979927
0.237513567431
0.237911552023
0.238170608261
0.238440409254
0.238579399691
0.238643063231
0.238832819952
0.239158960163
0.239685871401
0.239946252489
0.240273370635
0.240504105697
0.240879306288
0.241250611664
0.241470156428
0.241682566663
0.241976575326
0.242156079748
0.242324720102
0.242564988126
0.242902575405
0.243371324461
0.243828426115
0.244201988418
0.244458033451
0.244899090774
0.245263817453
0.245575534471
0.245913973485
0.246122791546
0.246281342493
0.24647473111
0.246770625516
0.246935653015
0.24719102049
0.247485883002
0.247681385224
0.247995898235
0.24823944348
0.248320974897
0.248422178917
0.248760104091
0.249082431516
0.249199779828
0.249548833216
0.249653291759
0.249806672901
0.250049593488
0.250449252686
0.250675529876
0.250825742477
0.251035302615
0.251183517413
0.251390920355
0.251583220299
0.251932645979
0.252150514237
0.252325570906
0.252670549381
0.252834512851
0.253331547004
0.253523575895
0.253729084256
0.253880637424
0.253942580307
0.254106031601
0.254389975269
0.254706146461
0.255209616966
0.255505320576
0.255765397507
0.256183601689
0.256420795706
0.256728988981
0.257006819215
0.257127601852
0.25762629644
0.258061894573
0.258325542584
0.258391785921
0.258634154514
0.258852618979
0.259057695356
0.259133190601
0.259326110469
0.259511037878
0.259794622269
0.259966280342
0.260131217466
0.260245323383
0.260599461599
0.260790229227
0.261008023729
0.261194713745
0.261577600488
0.261748764117
0.261940157323
0.262044699553
0.262387030732
0.262701199497
0.263016805259
0.26318334571
0.263253027498
0.263591281936
0.263819744569
0.264055100865
0.264453727242
0.264649625656
0.264894892033
0.265456231348
0.265656178307
0.265918714553
0.266144760701
0.266543310186
0.266766868699
0.267039708274
0.267223428833
0.267434482812
0.267744142007
0.268000100497
0.268138029235
0.268466901177
0.268687965693
0.268793271525
0.269058549351
0.269187636697
0.269370081664
0.269632412871
0.269729087557
0.269809498572
0.269862022116
0.270053186274
0.270228199039
0.270606196601
0.270783367837
0.271100914058
0.271341479189
0.27152285744
0.271663404398
0.272068135977
0.272262879154
0.272624526895
0.27274922965
0.272933869752
0.273110227046
0.273294376696
0.273428038154
0.273607990601
0.273792705086
0.274000449442
0.274183912705
0.274260993577
0.274546596438
0.274732158834
0.274914075471
0.275293411339
0.275518689149
0.275608526185
0.275775259404
0.275856693728
0.276055257627
0.27644802043
0.276660921367
0.276905928649
0.277058615734
0.277296592633
0.277501600563
0.277927359312
0.278089532378
0.278304683751
0.278539602897
0.278850303466
0.27908016505
0.279115262276
0.27935278445
0.279615475352
0.279779854515
0.279798706842
0.280066955957
0.280361407129
0.280545364781
0.280783183887
0.281076623789
0.281382616991
0.281581753567
0.281807454872
0.282011029527
0.282166824125
0.282292624955
0.282526434071
0.2827616235
0.282870956334
0.282992961359
0.283201477449
0.283357171337
0.28347607091
0.283696215206
0.28396176072
0.284090456486
0.284349119443
0.284523735577
0.284617840719
0.284777111186
0.284922263695
0.285137805163
0.285373798458
0.285614630252
0.285897079861
0.286027771695
0.286147950216
0.286323899434
0.286584045988
0.286616510355
0.286870585563
0.287106416938
0.287358018984
0.287301836081
0.287518671272
0.287768239333
0.288063129012
0.288232127561
0.288344417874
0.288407507249
0.28852435843
0.288537177007
0.288749555806
0.289000918685
0.289181624684
0.289353022965
0.289575113579
0.289728886262
0.289901421772
0.289931361325
0.289969283708
0.290007838703
0.290272941704
0.290467381773
0.290634292805
0.290956186599
0.291161695593
0.29133969693
0.291469766423
0.29161054037
0.291912789509
0.2921451331
0.292307402673
0.292362972737
0.292424323591
0.292532040881
0.292739807675
0.292862630818
0.292995128239
0.293210511383
0.293360143387
0.293511667505
0.293599265724
0.293765562924
0.293885449743
0.293996319889
0.294076169866
0.294238550897
0.294315379962
0.294446337566
0.294674959602
0.294754982049
0.294954620814
0.294979504132
0.295084082444
0.295261878981
0.295447966141
0.295687028378
0.295847737275
0.296133244132
0.296272286189
0.296339126434
0.296578212506
0.29681243505
0.296922003864
0.297159460755
0.297377289893
0.29749888658
0.297627433109
0.297736316224
0.297849080003
0.298029543874
0.298229298212
0.298438169983
0.298596093847
0.298705013154
0.298804412841
0.29889611862
0.299025539856
0.299178641971
0.299276839238
0.299381209298
0.299501698059
0.299530435668
0.299559348583
0.299687371879
0.299876587498
0.300184190095
0.300356634167
0.300508174094
0.300828543102
0.301110149177
0.301316189496
0.301351488771
0.301529546404
0.301648053359
0.301806645474
0.301975302073
0.302131855961
0.302345214564
0.302474341171
0.302611498891
0.302708925627
0.30273567267
0.302868573614
0.303062182861
0.303149798155
0.303415246045
0.303634935472
0.303856626225
0.304129259005
0.304212435956
0.304374592614
0.304492885489
0.304675389557
0.304704914451
0.304709993236
0.304863885452
0.304946186751
0.305230706069
0.30535841638
0.305405211364
0.305468231407
0.305621019358
0.305801685013
0.306069422667
0.306072534452
0.306224963713
0.306344119044
0.306502376804
0.306679871529
0.306777897099
0.30683785757
0.306999553624
0.307092248248
0.307228216342
0.307333640101
0.307436955472
0.307542391936
0.307635231026
0.307709948464
0.307781181783
0.307874062561
0.307962380505
0.308183731857
0.308395087192
0.308493763017
0.308545872401
0.308693758163
0.308882168116
0.309011110775
0.30908908001
0.309169646279
0.309370883319
0.309468816539
0.309570211056
0.309660755001
0.309636515398
0.309737734977
0.309875017646
0.310137068428
0.3102539958
0.310488110871
0.310583034737
0.310698048058
0.310748767486
0.310826200286
0.3109524467
0.311032581476
0.311235417243
0.311295088806
0.311377325796
0.311443983428
0.311598398536
0.311716164252
0.311875412639
0.311946716245
0.312068273232
0.31224204137
0.312317688875
0.312573694722
0.31269210387
0.312843783627
0.312910483745
0.313075353178
0.313259517388
0.313364517057
0.313442108856
0.313590009362
0.313621404689
0.313765797895
0.313876912013
0.313918670998
0.314003711187
0.314144236475
0.314305030122
0.31439115553
0.314488125234
0.31454622492
0.314609530902
0.314741390036
0.314851471964
0.314927310727
0.31508887723
0.315287536068
0.315382758799
0.315451837915
0.315538767014
0.31554437949
0.315549004642
0.31562871096
0.315765593259
0.315941280254
0.316101013525
0.31636176786
0.316575249562
0.316673564934
0.316737569703
0.316786625664
0.316935153104
0.317092586363
0.317128620518
0.317303340792
0.317400167307
0.317533608628
0.317636383697
0.317733639664
0.317878038704
0.317904857052
0.317958863356
0.31803283366
0.318204322157
0.318436953687
0.318564514775
0.318632351004
0.31874875816
0.318883999885
0.318901135692
0.318923279805
0.319004409703
0.319118558879
0.319310819341
0.319369188636
0.31950821109
0.319628997856
0.319783210006
0.319913306268
0.320126987118
0.320423605868
0.320556366604
0.320631906508
0.320775223751
0.320870661077
0.320899675264
0.321092837959
0.321215058503
0.321377741819
0.321553142147
0.321645881209
0.321748058489
0.321806021847
0.321820697156
0.321853808024
0.32192439638
0.322026390535
0.322128293246
0.322202378723
0.322355498606
0.32248368644
0.322569593556
0.322586524586
0.32275199956
0.322863344168
0.32297724519
0.323144886219
0.323137014384
0.32322005119
0.323306678409
0.323367584064
0.32347521581
0.323541480898
0.323767533771
0.323892978724
0.323971835301
0.324021865436
0.324070905451
0.324253094795
0.324410209747
0.324580133813
0.324619331573
0.324755844343
0.324803191046
0.325010365731
0.325038722308
0.325069982724
0.325186902635
0.325350341067
0.325466722966
0.325540847715
0.325640851838
0.325778872445
0.325827676927
0.326024746934
0.32606305574
0.326295212284
0.326376358858
0.326575368469
0.326632981599
0.326705119083
0.326758286411
0.326861472645
0.32704080423
0.327178705341
0.327275555327
0.327350068785
0.327375471467
0.327445060363
0.327486472331
0.327640649859
0.327781780833
0.327935408374
0.327901043621
0.328025127216
0.328167072254
0.328238123449
0.328321991559
0.32852695465
0.328624517583
0.328786381935
0.328897382348
0.32899503799
0.329041681398
0.329081404694
0.329083933528
0.329217093846
0.329327887435
0.329457407834
0.329565568557
0.329657825316
0.329723386257
0.32974718096
0.329718479118
0.329793240888
0.329857890907
0.329874974929
0.329854556986
0.329916021605
0.329954478276
0.330007546624
0.329999815002
0.330006568157
0.330142499616
0.330175777614
0.330325541151
0.330386601078
0.330463787788
0.33062791217
0.330707513513
0.330788154723
0.330851940465
0.330979979317
0.331064547858
0.331103968739
0.331160440182
0.331255897814
0.331416866267
0.331532391965
0.331675745937
0.331808791102
0.3318704949
0.331933939086
0.332070725973
0.332285729587
0.332355104789
0.332466754159
0.332503503362
0.332554984806
0.332646534049
0.332684489884
0.332754547469
0.332832089093
0.332906288734
0.333053978557
0.333085598429
0.333085232488
0.333198933008
0.333344899017
0.33339792535
0.333481755637
0.333605253504
0.333720966433
0.333779749028
0.333803920155
0.333960679996
0.334021331651
0.334134628085
0.33433025451
0.334412729695
0.334513267307
0.334584498692
0.334624823502
0.334679965494
0.334771257132
0.334833649306
0.33496442564
0.335072003875
0.335057465597
0.33510598233
0.335221110083
0.335347117884
0.33538023144
0.335467838078
0.33545710893
0.335587707254
0.335691918564
0.335816675279
0.335900937988
0.336051542025
0.336054117728
0.336126674064
0.336202309984
0.336323299269
0.336383986941
0.336455591527
0.33655300036
0.336679862385
0.336720316777
0.336815221164
0.33695850917
0.337115022055
0.337264703097
0.337338260304
0.33740646628
0.337428516691
0.337518151009
0.337531323671
0.337584474609
0.337599974966
0.337762750827
0.337942659717
0.338122038368
0.338194501482
0.338271726727
0.338370174328
0.338464945415
0.338545422562
0.338748193967
0.338829020372
0.338837774555
0.338989606899
0.339064520169
0.339131422824
0.339197165045
0.339241413161
0.339243795506
0.339300873055
0.339305817539
0.339288695018
0.339404854958
0.339475284292
0.33957308418
0.339703969619
0.339660772808
0.33965092944
0.33976246297
0.339879050821
0.33998105263
0.340056506616
0.340128141307
0.340163325554
0.340374820822
0.340415039904
0.340452650382
0.340590505105
0.340720440765
0.340752356696
0.340871267406
0.340924887437
0.340969846225
0.341017417883
0.341059420003
0.341136818756
0.341157121984
0.341211361123
0.34127726704
0.341385683259
0.341448562773
0.341589124357
0.34160851892
0.341686129925
0.341797823121
0.341832255256
0.34186583928
0.341871381872
0.342000885682
0.342112759651
0.342163899681
0.342263195207
0.342304296479
0.342408086904
0.342424403782
0.342481332939
0.342518464622
0.342606950909
0.342653274285
0.342702263396
0.342794071112
0.342835579462
0.342838681586
0.342900245109
0.342992847424
0.343032598171
0.34310497687
0.343117887727
0.343214501516
0.343269342487
0.343350000253
0.343401398942
0.343493625294
0.343526010081
0.343652113096
0.34370695442
0.343824928704
0.343838398587
0.343873259004
0.343842216902
0.343901127798
0.343925456701
0.343975714506
0.34400932184
0.344117517528
0.344164085245
0.344319718994
0.344337627594
0.344421576469
0.344480125506
0.344541954294
0.344642840263
0.344718264613
0.344801467667
0.344884499838
0.344904777198
0.34498515821
0.344976573217
0.345079980037
0.345152055261
0.345222727393
0.345273630504
0.34534415964
0.345423470488
0.345463062073
0.345576510802
0.345662372268
0.345699911536
0.345703178177
0.345767995033
0.345863484494
0.345896404288
0.346006801447
0.346092397128
0.346214949937
0.346251767256
0.346286925314
0.346376503944
0.346485831845
0.346446752741
0.346537953801
0.346564357043
0.346635482571
0.346673445847
0.34667071595
0.34672247581
0.346749632394
0.346773648851
0.346878798232
0.346961861724
0.346940766286
0.3469985576
0.347063531363
0.347110543747
0.347300671959
0.347303089618
0.347378100074
0.347479957282
0.347536751531
0.347609807333
0.347715629176
0.347738912489
0.347849734215
0.347807346651
0.347850022843
0.347924239096
0.347953129148
0.347970822133
0.34806696133
0.348101109339
0.348238154251
0.348246491079
0.348250246762
0.348356805202
0.348492979059
0.348599821174
0.348612458368
0.348667976872
0.348682547629
0.348660046209
0.348645151049
0.348710362316
0.348715610544
0.348738181728
0.348755443644
0.348826022536
0.348924182062
0.348995517178
0.349025986993
0.349008399804
0.349048278372
0.349109113848
0.349201303489
0.349329970986
0.349352427096
0.349338037048
0.349374288697
0.349471549485
0.349541754918
0.34965282134
0.349786846034
0.349906465706
0.34993502782
0.349983431246
0.350047405043
0.35006348748
0.350214926759
0.350290693189
0.350380433252
0.350425038811
0.350483471344
0.350525548497
0.350653119927
0.35077595035
0.350930802906
0.351030854215
0.35106735592
0.351178776085
0.351308738227
0.351361165262
0.351403356029
0.351407513601
0.351569781371
0.351609696325
0.351601818988
0.351627118749
0.351668873786
0.351765341658
0.351883528271
0.351881692337
0.351927050623
0.352031341621
0.352055304774
0.35207475511
0.352198616058
0.352259660665
0.352291351804
0.3523810807
0.352489806507
0.35270860272
0.352767845231
0.352790594126
0.352862548267
0.352977415608
0.353014328169
0.353066953471
0.353162423907
0.353277746797
0.353282294014
0.353345541002
0.353436484515
0.353511835072
0.353473185612
0.35345141342
0.353539862364
0.353590769752
0.353653214888
0.353739137694
0.353788128921
0.353816831144
0.353881183655
0.354003285361
0.354077582481
0.354225358234
0.354217321972
0.354289416982
0.354269976992
0.354272684614
0.354416491413
0.354467341493
0.354491164799
0.354643915772
0.35464228724
0.354654945934
0.354646275975
0.354732221189
0.354787866525
0.354800180213
0.354906316549
0.354885567127
0.354892657713
0.354875245167
0.354894743132
0.354942064732
0.355005660776
0.355089486726
0.355141389285
0.355135197151
0.355214364467
0.355264601476
0.355311904754
0.355327430199
0.355384533345
0.355429673768
0.355407949718
0.355484895393
0.355470014603
0.355574133882
0.355645239996
0.35566984523
0.355801494302
0.355862721003
0.35587406644
0.355848188623
0.355926324696
0.35596657553
0.356066953887
0.356086823433
0.356103947814
0.356094691073
0.356177756821
0.356242543272
0.356278366532
0.35631422591
0.356423406135
0.356579855602
0.356622055418
0.356639347849
0.356666353923
0.356796543439
0.356868799974
0.356912805982
0.35695093344
0.357004679126
0.357116876924
0.357187387766
0.357236911022
0.357340975896
0.357361392532
0.35729509224
0.357304808187
0.357319671234
0.357350166671
0.357396626439
0.357459926946
0.357555506496
0.357621193236
0.357607525652
0.35764481223
0.357711479134
0.357731091459
0.357777940037
0.357932406523
0.357992292843
0.358001457312
0.358002894018
0.358045284543
0.358118554435
0.358217539746
0.358225986963
0.358273645871
0.358296272954
0.358356098889
0.358406359285
0.358460590214
0.358590630979
0.358693785509
0.358749397268
0.358770843154
0.358765327144
0.358848046432
0.358950960219
0.359009788552
0.359077890067
0.359124497114
0.359173929335
0.35929006382
0.359352504683
0.35932617431
0.35938588229
0.359372559772
0.359415905715
0.359426512909
0.359425812979
0.359504524915
0.359561093202
0.359678541128
0.359668439754
0.359726661223
0.359799962735
0.359798569117
0.359827243979
0.359877969219
0.359907573661
0.359992241521
0.360021957013
0.36009895674
0.360150873875
0.360169193892
0.360213500785
0.360325028109
0.360329027389
0.360359921816
0.360430415629
0.360511383183
0.360551018083
0.360636714608
0.360644026988
0.360694662728
0.360795251797
0.360834327894
0.360832669237
0.360864257267
0.36088593999
0.360947360258
0.360978824931
0.361009668892
0.360992308974
0.361012523837
0.361081515701
0.361151159863
0.361200503204
0.361294005248
0.361399947724
0.361425532917
0.361492285448
0.361509999522
0.361555470605
0.361591541645
0.361655917406
0.361741141848
0.361817732236
0.361860231673
0.361975128672
0.361989450805
0.361982303356
0.361984277936
0.362006753847
0.362004548559
0.362066540097
0.362089495647
0.362134773926
0.362151398384
0.362186128191
0.3621939674
0.36226025918
0.362318960229
0.362300060277
0.362389493511
0.36238888772
0.362502356099
0.362537680682
0.362609710311
0.362632045002
0.362659778415
0.362715157825
0.362716478529
0.362834974249
0.362878480541
0.362918066863
0.362932406258
0.362981902317
0.363035893466
0.363084819174
0.363142713357
0.363212826881
0.363234384273
0.363240149258
0.363257331297
0.363295401441
0.363341941929
0.363367682533
0.363410850605
0.363406407171
0.363490817226
0.363566811581
0.363651587534
0.363638052321
0.363627802568
0.363678499465
0.363709448196
0.363763081042
0.363764720798
0.363884927368
0.363918205855
0.363993001354
0.364043279481
0.364095988915
0.36412428801
0.364164097472
0.364135853376
0.364207754559
0.364210985162
0.36424348039
0.364305274091
0.364389133974
0.36437289842
0.364398739002
0.36442932656
0.364463916218
0.36454125484
0.364559884776
0.364629960473
0.364704829192
0.364754270213
0.364784174688
0.36487875278
0.364946428152
0.364928638034
0.364976712579
0.365003652857
0.365133345058
0.3652526842
0.365250327048
0.365315067799
0.365366068854
0.365353586179
0.365494729599
0.365605368027
0.365663062746
0.36568010431
0.365791268586
0.365785136149
0.365838316409
0.36585643034
0.365902925318
0.365973055316
0.366012970616
0.366001066256
0.36603878986
0.366107573198
0.366193694062
0.366301923389
0.366281962573
0.36631531442
0.366445372786
0.366465832476
0.366503506892
0.366500522674
0.366521080616
0.366605239458
0.366628718305
0.366708520206
0.366705951953
0.366811913689
0.366911655137
0.366961993243
0.366982808268
0.367031058578
0.367007645847
0.367040889958
0.367080648474
0.367113446346
0.367143049101
0.367172411758
0.36716697932
0.36720773859
0.367273029828
0.367306937362
0.367367048753
0.367421820672
0.367433724063
0.367433705562
0.367419389796
0.367451031929
0.367478515882
0.367524817278
0.367525306609
0.367544813279
0.367539901292
0.36756092663
0.36758478094
0.367701657546
0.36774438152
0.367742678326
0.367797715112
0.36784189964
0.367882048351
0.367882224079
0.367941551458
0.368021459358
0.368065970669
0.368125756864
0.368161880215
0.368213341572
0.368242683852
0.368266123304
0.368321333193
0.368339994272
0.368308054323
0.368323626291
0.36832551029
0.368374205098
0.368403180389
0.368416263183
0.368390880896
0.368401889541
0.368425081992
0.368429771236
0.368515915338
0.368543085082
0.368562553925
0.368596777592
0.368605932507
0.368600324544
0.368642279388
0.368629423396
0.368666572893
0.36864961143
0.368657908255
0.368724167141
0.368704841183
0.368690380171
0.368673424124
0.368750793261
0.368733336212
0.368799804128
0.368828618491
0.368858646229
0.368930385632
0.368994682702
0.369034581437
0.369040392406
0.369064296914
0.369123230769
0.369142967978
0.369122997149
0.369179838871
0.369160246368
0.369211905341
0.369217332959
0.369284350993
0.369277540574
0.369305322758
0.369293691894
0.369349306722
0.369373997184
0.369446590788
0.369421209024
0.369460137525
0.369477497299
0.369548852682
0.369632835174
0.369630059318
0.369605467582
0.369636954056
0.369722319975
0.369738301185
0.369771090342
0.369859080653
0.369849368861
0.369848712802
0.369855596469
0.369899985996
0.369968254192
0.370039400493
0.370046490085
0.370107994626
0.370139177067
0.370199629058
0.370254674323
0.370305185333
0.370303205171
0.370313404895
0.370291881879
0.370332099822
0.370401135407
0.370415108898
0.370462319585
0.370533853988
0.370554700823
0.370580985095
0.370597415939
0.37056821242
0.370695671626
0.370686948578
0.370702026202
0.370703192573
0.370747989359
0.370758333988
0.37079273665
0.370780744679
0.370759119461
0.370810439356
0.370796740954
0.370836865898
0.370829693606
0.370853720081
0.370854607393
0.370892897797
0.370916929939
0.370988206679
0.370989010913
0.371015163714
0.371032877867
0.371023255695
0.371019273691
0.371099348029
0.371107042754
0.371100195379
0.371132495963
0.371173858517
0.371197008936
0.371259714856
0.371228267431
0.371277246899
0.371261989698
0.371291966366
0.371303726598
0.37132707784
0.371336443247
0.371382693592
0.37141924836
0.371441731126
0.371446677456
0.371464628768
0.371458058159
0.371505884098
0.371523561162
0.371582226822
0.371589231981
0.371668462842
0.371683834157
0.371711097671
0.371690730383
0.371705478266
0.371742344465
0.371798018752
0.371793677817
0.371823342114
0.371894540055
0.371936544497
0.371900041354
0.371889170666
0.371948916042
0.371928459285
0.371997546477
0.37199605683
0.372019341148
0.372057203
0.372107495945
0.372137503214
0.372166616469
0.372167741418
0.37215248916
0.372268753415
0.372320705316
0.372336822783
0.372407357211
0.372401376505
0.372404690056
0.372378406075
0.372406261688
0.372379388293
0.372390566687
0.372417983994
0.372452470888
0.372520857381
0.372495707946
0.372508952015
0.372533383826
0.372542713131
0.372521308427
0.372553728489
0.372632869338
0.372669921957
0.372698047241
0.372732113395
0.372749142713
0.372828499322
0.372904097599
0.372971317229
0.372967885022
0.372996190115
0.372984186731
0.372992054246
0.372975546719
0.372988056907
0.373021638777
0.373066803614
0.373045033696
0.373060059932
0.373053918894
0.373155121532
0.373241024909
0.373242764351
0.373263067246
