
row1col1
West 1.4512156874e-05
East 0.358491707372
North 1.44540255503e-05
South 1.45033567897e-05

row1col2
West 1.4561562573e-05
East 1.4560482238e-05
North 1.45477916961e-05
South 0.377359757739

row1col3
West 1.46689069988e-05
East 1.46869657645e-05
North 1.46962763072e-05
South 0.397220667898

row1col4
West 1.47829301857e-05
East 1.52817630501e-05
North 1.47118784298e-05
South 0.418127146171

row1col5
West 1.49226715118e-05
East 1.49333041499e-05
North 1.48968180786e-05
South 0.440133777463

row1col7
West 1.497791113e-05
East 1.51350062294e-05
North 1.50610765067e-05
South 0.48768248878

row1col8
West 1.50820891135e-05
East 0.513350420982
North 2.94690954308e-05
South 1.52305128744e-05

row1col9
West 0.000229142668685
East 4.91073735971e-05
North 7.60933324522e-05
South 0.540368901746

row1col10
West 0.000645242476631
East 1.57337382824e-05
North 1.52931338648e-05
South 0.513350456659

row1col11
West 0.487682870436
East 1.54554113837e-05
North 1.61180881304e-05
South 1.61975630356e-05

row1col13
West 0.0398303944601
East 0.0898817091625
North 0.124435969058
South 0.902514700288

row1col14
West 0.0615925360079
East 0.21412257507
North 0.0474413821277
South 0.950015477373

row1col15
West 0.0460371920571
East 0.0385557588871
North 0.0218499246489
South 1.00001630035

row1col16
West 0.0896242870443
East 0.0306844328847
North 0.0105959721262
South 0.950015390551

row1col18
West 0.0432613504959
East 0.0247619108951
North 0.0729868414793
South 0.857388985072

row1col19
West 0.814519535819
East 0.00490627735048
North 0.00919334185396
South 0.0579677158354

row1col20
West 0.773793559028
East 0.000977285737181
North 0.00302295936337
South 0.00737380633234

row1col21
West 0.735103881076
East 5.36868403595e-05
North 5.10801627296e-05
South 0.00200207806492

row1col22
West 0.698348534614
East 1.66871682031e-05
North 2.86969930225e-05
South 0.00017193048089

row2col1
West 1.44914966966e-05
East 0.377359736332
North 1.44955414637e-05
South 1.44988168274e-05

row2col2
West 1.45743722084e-05
East 1.45960747642e-05
North 1.45546420849e-05
South 0.39722079762

row2col3
West 1.46237060855e-05
East 0.418127155389
North 1.47538159647e-05
South 1.4672931499e-05

row2col4
West 1.47792802131e-05
East 1.76135237042e-05
North 3.727071967e-05
South 0.440133847778

row2col5
West 1.48785047072e-05
East 5.38216075647e-05
North 1.49741913312e-05
South 0.463298787135

row2col7
West 4.93600843454e-05
East 0.00135948565257
North 1.51187233205e-05
South 0.513350456659

row2col8
West 0.000245149938574
East 0.540368790067
North 3.24229388031e-05
South 3.30453292274e-05

row2col9
West 0.000607129520659
East 0.00117361334211
North 0.00389021748601
South 0.568809370259

row2col10
West 0.540368901746
East 1.54164831802e-05
North 0.000100530145189
South 0.000630927181841

row2col11
West 0.513350449525
East 1.54978949094e-05
North 1.68496619502e-05
South 7.6691208526e-05

row2col13
West 0.503064256525
East 0.950015495925
North 0.218464794454
South 0.540671348855

row2col14
West 0.523013517688
East 1.0000163115
North 0.414438730217
South 0.726848271349

row2col15
West 1.717e-05
East 1.717e-05
North 1.717e-05
South 1.717e-05

row2col16
West 1.0000163115
East 0.267600784956
North 0.157898609055
South 0.363703688178

row2col17
West 0.950015495925
East 0.283385056616
North 0.394757903254
South 0.408689429503

row2col18
West 0.902514721129
East 0.10745195727
North 0.133454843672
South 0.127643191286

row2col19
West 0.857388985072
East 0.00548972509569
North 0.0254698341219
South 0.0127193598546

row2col20
West 0.814519535819
East 0.00177034527772
North 0.00944943683021
South 0.00146656976802

row2col21
West 0.773793559028
East 1.71008069614e-05
North 0.00150220045432
South 0.000114375615077

row2col22
West 0.735103812395
East 1.75083797365e-05
North 0.00010027362039
South 1.68937151888e-05

row3col1
West 1.44909359096e-05
East 0.397220627316
North 1.44547699601e-05
South 1.44180340655e-05

row3col2
West 1.45623803555e-05
East 0.418127155389
North 1.53826767881e-05
South 2.02317499019e-05

row3col3
West 3.56575022171e-05
East 0.440133847778
North 1.47055233945e-05
South 8.40567569739e-05

row3col4
West 7.55917742438e-05
East 0.463298787135
North 0.000154771853383
South 0.00177437114697

row3col5
West 0.00314502551929
East 0.0118589830537
North 3.93126235112e-05
South 0.487682933826

row3col7
West 0.000466459926535
East 0.540368901746
North 0.000537860534326
South 0.000131941631011

row3col8
West 0.000812478113844
East 0.568809370259
North 0.00212607492363
South 0.00487238289312

row3col9
West 0.0140025814322
East 0.0039347217334
North 0.021115543492
South 0.598746705536

row3col10
West 0.568809370259
East 1.54171215293e-05
North 0.000278083573429
South 1.57079983919e-05

row3col11
West 0.540368663686
East 1.5451323972e-05
North 1.82977927061e-05
South 1.55202834306e-05

row3col13
West 0.851145831564
East 0.902514721129
North 0.889294197561
South 0.805144713832

row3col14
West 0.848495199775
East 0.950015495925
North 0.944623568293
South 0.896817014935

row3col15
West 0.889882244477
East 0.841171292472
North 1.0000163115
South 0.940012347144

row3col16
West 0.950015495749
East 0.26519048717
North 0.519439428462
South 0.271585573724

row3col18
West 0.0621189992795
East 0.0114058442936
North 0.857388985072
South 0.0512353097666

row3col19
West 0.814519535819
East 0.000283061559254
North 0.0374775539366
South 0.00387748377987

row3col20
West 0.773793559028
East 2.06590434312e-05
North 0.0126600495246
South 0.000175160415025

row3col21
West 0.735103881076
East 4.81830683578e-05
North 0.00142914760852
South 1.94701143817e-05

row3col22
West 0.698348540929
East 1.84736603586e-05
North 3.65818830557e-05
South 6.52373657692e-05

row4col5
West 0.0328065496843
East 0.0302168861505
North 0.00244784756939
South 0.513350456659

row4col9
West 0.153081403901
East 0.206727017932
North 0.103878324596
South 0.630259690038

row4col13
West 0.804591929165
East 0.812247306925
North 0.857388985072
South 0.768502184228

row5col1
West 1.42006562843e-05
East 0.323538790536
North 1.42029728808e-05
South 1.42111796324e-05

row5col2
West 1.42637247073e-05
East 1.42598358628e-05
North 1.42728045253e-05
South 0.340567181359

row5col3
West 1.42752740086e-05
East 1.42568335774e-05
North 1.42802672739e-05
South 0.35849169969

row5col5
West 0.0421403626879
East 0.540368901746
North 0.0328921610079
South 0.0177262154298

row5col6
West 0.15988834931
East 0.568809370259
North 0.344890894469
South 0.326318504635

row5col7
West 0.340441478825
East 0.598746705536
North 0.382690969815
South 0.215429117632

row5col8
West 0.377205310944
East 0.630259690038
North 0.462891928931
South 0.242262306989

row5col9
West 0.469897012957
East 0.663431252671
North 0.433013035664
South 0.255839870473

row5col10
West 0.556810855426
East 0.698348687023
North 0.605793156763
South 0.522307518403

row5col11
West 0.59266253072
East 0.735103881076
North 0.648303052053
South 0.566051953725

row5col12
West 0.643286596474
East 0.773793559028
North 0.712329907995
South 0.598235141047

row5col13
West 0.720484929099
East 0.725106781332
North 0.814519535819
South 0.69588780898

row5col14
West 0.773793559028
East 0.596961545951
North 0.654908352891
South 0.510962526152

row5col15
West 0.735103881076
East 0.516595675837
North 0.615807201623
South 0.493538321168

row5col16
West 0.698348687023
East 0.408952703758
North 0.501533890419
South 0.318862379876

row5col17
West 0.663431252671
East 0.185671161042
North 0.419305409833
South 0.369573769422

row5col18
West 0.630259680897
East 0.0681031266372
North 0.0329947272048
South 0.0638392381014

row5col20
West 1.68700083453e-05
East 2.00437816847e-05
North 1.70529348516e-05
South 0.513350450903

row5col21
West 1.55104877106e-05
East 1.55300533735e-05
North 1.54669054601e-05
South 0.487682923651

row5col22
West 1.53492431772e-05
East 1.54747009065e-05
North 1.53976452657e-05
South 0.463298719757

row6col1
West 1.42775765261e-05
East 0.340567131098
North 1.42735248443e-05
South 1.43056763609e-05

row6col2
West 1.43645198633e-05
East 1.43602289381e-05
North 1.43627220619e-05
South 0.358491769852

row6col3
West 1.43963507196e-05
East 4.87251381527e-05
North 1.43678242025e-05
South 0.377359757739

row6col5
West 0.000243487442956
East 0.513350451357
North 0.0180104226351
South 0.0108704822675

row6col6
West 0.0375882745698
East 0.182586690439
North 0.540368901746
South 0.170490960134

row6col7
West 0.0780912060334
East 0.0660462606153
North 0.568809358016
South 0.00487948700408

row6col8
West 0.0116721110312
East 0.0745502119001
North 0.598746700907
South 0.0796209167513

row6col9
West 0.0580003238912
East 0.630259687162
North 0.105565977642
South 0.0555440098845

row6col10
West 0.119735819087
East 0.311246996073
North 0.663431252671
South 0.173328172087

row6col11
West 0.173689743076
East 0.226206850225
North 0.698348683861
South 0.0986219518642

row6col12
West 0.128875309791
East 0.322885762436
North 0.735103879254
South 0.285898358293

row6col13
West 0.249535279515
East 0.228537129988
North 0.773793558487
South 0.285764724298

row6col14
West 0.229664337472
East 0.0736817718823
North 0.73510387842
South 0.193499340588

row6col15
West 0.230028842256
East 0.136011998757
North 0.698348687023
South 0.214497285278

row6col16
West 0.663431233571
East 0.118354146466
North 0.169143562117
South 0.140693096062

row6col17
West 0.306781872758
East 0.133050392286
North 0.630259690038
South 0.190766118032

row6col18
West 0.598746705536
East 0.035658091247
North 0.0512682115127
South 0.0321820742674

row6col19
West 0.568809370259
East 0.00167608574424
North 0.00948307000356
South 0.00890612246859

row6col20
West 0.540368901746
East 0.000212130857439
North 0.000135807410904
South 6.16282709044e-05

row6col21
West 0.513350456659
East 4.79640296087e-05
North 1.55197877534e-05
South 1.54041791858e-05

row6col22
West 0.487682933826
East 1.54344187419e-05
North 1.53842661828e-05
South 1.53929947237e-05

row7col1
West 1.43118571886e-05
East 0.358491713581
North 1.43726857357e-05
South 1.43642405828e-05

row7col2
West 1.75878574725e-05
East 0.377359757739
North 1.43751688337e-05
South 1.44722299714e-05

row7col3
West 5.91883317129e-05
East 3.26289197346e-05
North 1.43897636244e-05
South 0.39722079762

row7col5
West 0.00987911907026
East 0.487682912542
North 0.00248182132679
South 0.00205822819245

row7col6
West 0.0578157419201
East 0.192059032741
North 0.513350456659
South 0.150218971898

row7col10
West 0.114997935089
East 0.130129873127
North 0.630259690038
South 0.057551268299

row7col17
West 0.218521557345
East 0.114565443285
North 0.598746705536
South 0.1600473058

row7col18
West 0.568809370259
East 0.0103976687721
North 0.0526803187495
South 0.00303035118253

row7col20
West 1.59318301212e-05
East 1.70342153194e-05
North 0.513350445545
South 6.65406950502e-05

row7col21
West 2.18926241687e-05
East 1.5383818595e-05
North 0.487682926732
South 1.53917259742e-05

row7col22
West 1.53632944154e-05
East 1.54036678863e-05
North 0.463298738743
South 1.53882555283e-05

row8col1
West 1.43845409882e-05
East 0.377359709303
North 1.44218673236e-05
South 1.44174549312e-05

row8col2
West 1.45134077512e-05
East 0.39722079762
North 1.45280815388e-05
South 0.000102887507705

row8col3
West 0.0002705593551
East 0.418127155389
North 1.46994369696e-05
South 0.00196391055536

row8col4
West 0.00160828026234
East 0.440133847778
North 0.00888217622074
South 0.00108914699086

row8col5
West 0.00510270539985
East 0.463298787135
North 0.0217705365277
South 0.00705444556755

row8col6
West 0.0795328097001
East 0.177634557711
North 0.487682933826
South 0.182832928193

row8col8
West 1.58936649421e-05
East 0.540368901746
North 3.21400332192e-05
South 1.56701321024e-05

row8col9
West 0.000174991848874
East 0.568809370259
North 0.00075721186582
South 1.57167336385e-05

row8col10
West 0.00887656481857
East 0.0215783578396
North 0.598746705536
South 0.00240524404336

row8col11
West 0.568809370259
East 0.00113537057827
North 0.021801965747
South 0.00147719135781

row8col12
West 0.540368901746
East 3.36652683529e-05
North 0.00122423968025
South 6.02132756706e-05

row8col13
West 0.513350456659
East 1.55508761552e-05
North 4.27215515162e-05
South 2.39700349291e-05

row8col14
West 0.487682933826
East 1.55027664896e-05
North 1.5472850172e-05
South 1.686258674e-05

row8col15
West 0.463298683488
East 1.54719490184e-05
North 1.54411047098e-05
South 1.52997137673e-05

row8col17
West 0.222038627168
East 0.0311801081906
North 0.568809370259
South 0.139718451955

row8col18
West 0.0276443520968
East 0.00273113727418
North 0.540368864604
South 0.00362698413181

row9col5
West 0.00431906538663
East 0.440133768425
North 0.00167749236251
South 1.50263886249e-05

row9col6
West 0.0170583775277
East 0.0474712644858
North 0.463298787135
South 0.0826878843668

row9col8
West 1.55733856951e-05
East 1.56579806353e-05
North 0.513350233551
South 2.69686745909e-05

row9col9
West 1.60177370493e-05
East 0.540368886279
North 1.58457841401e-05
South 1.5487548701e-05

row9col10
West 8.12198520043e-05
East 2.4879893553e-05
North 0.568809370259
South 0.00969354672633

row9col11
West 0.00270828001742
East 1.60997387248e-05
North 0.540368680379
South 2.18891091447e-05

row9col12
West 0.000395042740003
East 1.55139277997e-05
North 0.513350456659
South 1.58616823767e-05

row9col13
West 0.487682914789
East 1.55856220447e-05
North 1.55860566537e-05
South 1.55541744516e-05

row9col14
West 1.65298233839e-05
East 1.54613388906e-05
North 0.463298787135
South 1.54821325628e-05

row9col15
West 0.440133769045
East 1.52997657039e-05
North 1.53637645372e-05
South 1.53293270161e-05

row9col17
West 0.147699524771
East 0.0654336861861
North 0.540368901746
South 0.154526858253

row9col18
West 0.513350425901
East 0.000997517056439
North 0.0072742794801
South 0.0031826730364

row9col20
West 1.27385120871e-05
East 0.250348108025
North 1.27521602562e-05
South 1.2742471121e-05

row9col21
West 1.27506074981e-05
East 1.27436302972e-05
North 1.27470700574e-05
South 0.263524392874

row9col22
West 0.250348160905
East 1.26643608211e-05
North 1.26870978985e-05
South 1.26836796173e-05

row10col1
West 1.40916086549e-05
East 0.307361837935
North 1.40785867497e-05
South 1.40988399644e-05

row10col2
West 1.41504154018e-05
East 0.323538822291
North 1.41503170982e-05
South 1.41709011016e-05

row10col3
West 1.41398663253e-05
East 1.45161351735e-05
North 1.45483569448e-05
South 0.340567181359

row10col5
West 1.48414443803e-05
East 0.418127115055
North 1.48559379628e-05
South 0.00540751183413

row10col6
West 0.00690721802706
East 0.0927406396323
North 0.440133847778
South 0.11601973674

row10col17
West 0.0812554306485
East 0.0111134908447
North 0.513350456659
South 0.0722268269745

row10col18
West 0.487682897688
East 0.00157282001421
North 3.0475701607e-05
South 0.000748298598767

row10col20
West 1.27696951258e-05
East 0.263524368666
North 1.27763727404e-05
South 1.27778313613e-05

row10col21
West 1.28240968463e-05
East 1.28299779505e-05
North 1.28291197477e-05
South 0.277394097762

row10col22
West 0.26352438225
East 1.27699551307e-05
North 1.27961188402e-05
South 1.27895538183e-05

row11col1
West 1.41545789338e-05
East 0.323538798781
North 1.41599833349e-05
South 1.41446528938e-05

row11col2
West 1.42438678171e-05
East 0.340567181359
North 1.41628506279e-05
South 1.42423809229e-05

row11col3
West 1.50939291081e-05
East 0.358491769852
North 1.45998821309e-05
South 1.54114301849e-05

row11col4
West 4.76297550653e-05
East 0.377359757739
North 4.15575961087e-05
South 2.90162860749e-05

row11col5
West 0.00054241265262
East 0.39722079762
North 0.000200289165861
South 0.000121573179791

row11col6
West 0.0219606232869
East 0.0469457913755
North 0.418127155389
South 0.0209339733006

row11col8
West 1.28502118936e-05
East 0.250348158933
North 1.28554480667e-05
South 1.28281085993e-05

row11col9
West 1.28965447822e-05
East 1.28702846353e-05
North 1.28798745201e-05
South 0.263524392874

row11col10
West 0.250347974759
East 1.27989478611e-05
North 1.27945351351e-05
South 1.28180275525e-05

row11col12
West 1.43514918712e-05
East 0.3405671405
North 1.43263935255e-05
South 1.43372032601e-05

row11col13
West 1.44289766344e-05
East 1.44152873747e-05
North 1.44357803142e-05
South 0.358491769852

row11col14
West 1.44509198423e-05
East 0.377359749687
North 1.44355438694e-05
South 1.4449435952e-05

row11col15
West 1.45302271098e-05
East 1.45685914637e-05
North 7.66783921861e-05
South 0.39722079762

row11col17
West 0.0760005915548
East 0.014910890149
North 0.487682933826
South 0.0453128640008

row11col18
West 0.463298776084
East 1.51081366588e-05
North 0.00121399948039
South 6.49730359333e-05

row11col20
West 1.28701732428e-05
East 0.277394063343
North 1.28625847763e-05
South 1.28972440185e-05

row11col21
West 1.29341318565e-05
East 1.29052580217e-05
North 1.29432657933e-05
South 0.291993787118

row11col22
West 0.277394054391
East 1.288239301e-05
North 1.28848129932e-05
South 1.2882134298e-05

row12col1
West 1.4127549524e-05
East 0.307361833244
North 1.41238309223e-05
South 1.41207566544e-05

row12col2
West 1.41985690705e-05
East 0.323538822291
North 1.41830804105e-05
South 1.41429895315e-05

row12col3
West 1.42155274452e-05
East 1.41805379676e-05
North 0.340567181359
South 1.41868078677e-05

row12col5
West 1.4410746479e-05
East 0.377359749517
North 0.00860085069519
South 1.42630709206e-05

row12col6
West 0.00118964524491
East 0.0199825431962
North 0.39722079762
South 0.0107791466982

row12col8
West 1.28832528248e-05
East 0.263524354623
North 1.28840722254e-05
South 1.28973133154e-05

row12col9
West 1.29939287468e-05
East 1.30067513185e-05
North 1.30201802293e-05
South 0.277394097762

row12col10
West 0.263524356926
East 1.28558242078e-05
North 1.28435288337e-05
South 1.28530802611e-05

row12col12
West 1.43856904248e-05
East 0.358491743389
North 1.43751230424e-05
South 1.43828169574e-05

row12col13
West 1.44315818826e-05
East 0.377359757739
North 1.4451165611e-05
South 1.44117490522e-05

row12col14
West 1.44856817021e-05
East 0.39722079762
North 1.44760788319e-05
South 1.46173261414e-05

row12col15
West 2.60692780129e-05
East 0.418127155389
North 1.59404480453e-05
South 1.47526937507e-05

row12col16
West 0.000205067703368
East 0.440133847778
North 0.00784396506894
South 0.00536758918653

row12col17
West 0.0144159465586
East 0.00278957932976
North 0.463298787135
South 0.0387702539783

row12col18
West 0.440133823459
East 4.4312140041e-05
North 0.00185763814869
South 1.60860192211e-05

row12col20
West 1.30035277462e-05
East 0.291993767993
North 1.29875070648e-05
South 1.29773541857e-05

row12col21
West 1.31090363585e-05
East 1.30945284929e-05
North 1.30464840761e-05
South 0.307361881177

row12col22
West 0.291993766568
East 1.29803470214e-05
North 1.29651115855e-05
South 1.29998937334e-05

row13col5
West 5.52217094361e-05
East 0.358491769852
North 0.000716374776919
South 2.9476678825e-05

row13col6
West 0.000848609651723
East 0.0425120353696
North 0.377359757739
South 0.000193332386379

row13col9
West 1.32919745673e-05
East 1.32806408309e-05
North 1.32800234341e-05
South 0.291993787118

row13col17
West 0.0331939094812
East 0.0118657721728
North 0.440133847778
South 0.0128902509092

row13col18
West 0.418127155389
East 0.00176370281091
North 0.00174002728398
South 0.00200141603109

row13col21
West 1.9124112245e-05
East 1.37514612608e-05
North 1.58382025422e-05
South 0.323538822291

row14col1
West 1.31974117976e-05
East 0.277394058456
North 1.32150437748e-05
South 1.32036059587e-05

row14col2
West 1.32771912797e-05
East 0.291993787118
North 1.83889781071e-05
South 1.32724356892e-05

row14col3
West 1.3451992455e-05
East 0.307361881177
North 1.34681230671e-05
South 1.34725127112e-05

row14col4
West 2.70389473273e-05
East 0.323538822291
North 1.37941757078e-05
South 2.39818422168e-05

row14col5
West 1.47626264475e-05
East 0.0060968525565
North 0.340567181359
South 0.000340955036348

row14col6
West 3.77705859757e-05
East 0.0061777433872
North 0.358491769852
South 0.0040501276182

row14col7
West 0.340567181359
East 0.000100692810217
North 0.00288952504505
South 6.10065438323e-05

row14col8
West 0.323538822291
East 1.36333484982e-05
North 3.0067573823e-05
South 1.3633165394e-05

row14col9
West 0.307361881177
East 1.37349584679e-05
North 1.35171898399e-05
South 1.34647554266e-05

row14col10
West 0.291993787118
East 1.34625714834e-05
North 1.37365074607e-05
South 1.34639657696e-05

row14col11
West 0.27739403112
East 1.35242119222e-05
North 1.35184937974e-05
South 1.35113165076e-05

row14col12
West 1.35762922024e-05
East 0.32353871703
North 1.35833684992e-05
South 1.35497738504e-05

row14col13
West 1.37331915144e-05
East 0.340567181359
North 1.37877521729e-05
South 1.37814286792e-05

row14col14
West 1.39462159113e-05
East 0.358491769852
North 1.39407358995e-05
South 1.4006464316e-05

row14col15
West 1.39882274568e-05
East 0.377359757739
North 1.40277955243e-05
South 1.39475455881e-05

row14col16
West 1.60333037425e-05
East 0.39722079762
North 1.41922321092e-05
South 0.00011208285595

row14col17
West 0.000355412817215
East 0.00158130877268
North 0.418127155389
South 0.00316289700122

row14col18
West 0.00506358776795
East 0.00150263757361
North 0.39722079762
South 0.000165851084944

row14col19
West 0.377359757739
East 6.88145327223e-05
North 1.4095864914e-05
South 1.4097360186e-05

row14col20
West 0.358491769852
East 1.59030938326e-05
North 0.000277681874059
South 2.54944246242e-05

row14col21
West 0.340567181359
East 1.37531740754e-05
North 1.36398435541e-05
South 1.36070902858e-05

row14col22
West 0.323538822291
East 1.35934108451e-05
North 1.35932849819e-05
South 1.3547125238e-05

row15col1
West 1.32022584027e-05
East 0.263524345798
North 1.31955094192e-05
South 1.32238786441e-05

row15col2
West 1.32386327284e-05
East 1.32624786503e-05
North 0.277394097762
South 1.32203278659e-05

row15col3
West 1.34349056666e-05
East 0.291993671923
North 1.34103612342e-05
South 1.34577153075e-05

row15col4
West 1.36134660132e-05
East 0.307361881177
North 3.08357686911e-05
South 1.36510561976e-05

row15col5
West 1.37559882163e-05
East 0.323538822291
North 0.000228672083392
South 1.38215434987e-05

row15col6
West 0.000115113242536
East 1.52002684173e-05
North 0.340567181359
South 3.30464547104e-05

row15col7
West 0.323538822291
East 2.88796192056e-05
North 4.21630601238e-05
South 2.49634687406e-05

row15col8
West 1.45472546287e-05
East 1.35895850744e-05
North 0.307361881177
South 1.363436163e-05

row15col9
West 0.291993787118
East 1.35346622368e-05
North 1.35323498889e-05
South 1.35070964714e-05

row15col10
West 0.277394049034
East 1.3462733079e-05
North 1.34771955985e-05
South 1.34394647687e-05

row15col11
West 1.35137684868e-05
East 0.291993745793
North 1.35003848121e-05
South 1.35039184883e-05

row15col12
West 1.35886675197e-05
East 0.307361881177
North 1.35918255043e-05
South 1.35871549957e-05

row15col13
West 1.37105974943e-05
East 0.323538822291
North 1.37343883861e-05
South 1.37339579992e-05

row15col14
West 1.37526671441e-05
East 0.340567181359
North 1.38206534164e-05
South 1.38267129149e-05

row15col15
West 1.64235840143e-05
East 0.358491769852
North 6.05345172055e-05
South 0.000183527363749

row15col16
West 1.40838827273e-05
East 0.377359757739
North 0.00210927441
South 0.000364823740559

row15col17
West 5.70013166044e-05
East 0.000214250097037
North 0.39722079762
South 0.00024283734882

row15col18
West 0.377359735649
East 1.42169257363e-05
North 0.00294587286008
South 1.93053799051e-05

row15col19
West 1.40604351957e-05
East 1.40242226619e-05
North 0.358491756308
South 1.4047906518e-05

row15col20
West 1.38533856433e-05
East 1.38424103608e-05
North 0.340567181359
South 1.38526325745e-05

row15col21
West 0.32353872882
East 1.36684664328e-05
North 1.3685394625e-05
South 1.36863418081e-05

row15col22
West 1.36042488748e-05
East 1.35885255843e-05
North 0.307361857644
South 1.35789804679e-05

row16col2
West 1.30043583308e-05
East 1.29774741443e-05
North 0.263524392874
South 1.29507027191e-05

row16col7
West 1.92477422285e-05
East 4.76354439585e-05
North 0.307361881177
South 1.35875014342e-05

row16col15
West 1.3718640383e-05
East 1.40583948883e-05
North 0.340567181359
South 1.53791011392e-05

row17col1
West 1.26480566294e-05
East 0.237830764569
North 1.26576603416e-05
South 1.26588607861e-05

row17col2
West 1.27340763979e-05
East 1.27729086125e-05
North 0.25034817323
South 1.2772213415e-05

row17col3
West 0.237830764569
East 1.26882623782e-05
North 1.2718755106e-05
South 1.27131436893e-05

row17col4
West 0.22593922634
East 1.26131696204e-05
North 1.26267330638e-05
South 1.26205206759e-05

row17col6
West 1.3334832955e-05
East 0.277394062848
North 1.33457876648e-05
South 1.33491961803e-05

row17col7
West 1.34203398342e-05
East 1.33459052434e-05
North 0.291993787118
South 2.06378001852e-05

row17col8
West 0.277394097762
East 1.3259451243e-05
North 1.32626345204e-05
South 1.36248561173e-05

row17col9
West 0.263524392874
East 1.31141526146e-05
North 1.31215543892e-05
South 1.31092018623e-05

row17col10
West 0.25034817323
East 1.29943219643e-05
North 1.2978589428e-05
South 1.29752447652e-05

row17col11
West 0.237830592169
East 1.2889113543e-05
North 1.28762516419e-05
South 1.28866655672e-05

row17col13
West 1.31046937579e-05
East 0.291993735395
North 1.31261638199e-05
South 1.31211400463e-05

row17col14
West 1.31777104728e-05
East 0.307361881177
North 1.32026212114e-05
South 1.31921109141e-05

row17col15
West 1.33490936161e-05
East 1.37639950864e-05
North 0.323538822291
South 1.41847551246e-05

row17col16
West 0.30736184165
East 1.32602187528e-05
North 1.32862059083e-05
South 1.32574917339e-05

row17col18
West 1.25035254979e-05
East 1.2521808529e-05
North 1.25191305393e-05
South 0.250348140205

row17col19
West 1.24301297073e-05
East 1.24296774209e-05
North 1.24063427625e-05
South 0.237830741603

row17col20
West 1.2302588223e-05
East 1.231521801e-05
North 1.23037546956e-05
South 0.225939215592

row17col21
West 1.21736331244e-05
East 1.2177514674e-05
North 1.21684011209e-05
South 0.21464223216

row17col22
West 1.20989292601e-05
East 1.20980064282e-05
North 1.20896693101e-05
South 0.203910138746

row18col1
West 1.26291867736e-05
East 1.26276916522e-05
North 0.22593922634
South 1.2635495032e-05

row18col2
West 1.26679076532e-05
East 1.26493334676e-05
North 0.237830764569
South 1.26441771546e-05

row18col3
West 1.26320859551e-05
East 1.26321759821e-05
North 0.22593922634
South 1.26337793008e-05

row18col4
West 1.25536797725e-05
East 1.25493545426e-05
North 0.214642265023
South 1.25282092102e-05

row18col6
West 1.32274518128e-05
East 0.263524382386
North 1.32292889157e-05
South 1.32292322517e-05

row18col7
West 1.32708570482e-05
East 1.32888964443e-05
North 0.277394097762
South 1.32933639997e-05

row18col8
West 0.263524392874
East 1.31705123904e-05
North 1.32142186064e-05
South 1.32356230819e-05

row18col9
West 0.25034817323
East 1.3069060232e-05
North 1.30650513015e-05
South 1.30796841699e-05

row18col10
West 0.237830764569
East 1.29191420119e-05
North 1.2940953157e-05
South 1.29406147776e-05

row18col11
West 0.225938907811
East 1.28318205811e-05
North 1.28203952955e-05
South 1.28365481913e-05

row18col13
West 1.30467924215e-05
East 0.277394071352
North 1.30557455638e-05
South 1.30363635955e-05

row18col14
West 1.30761106312e-05
East 1.3097006349e-05
North 0.291993787118
South 1.30773157373e-05

row18col15
West 1.30750766362e-05
East 1.39153295733e-05
North 0.307361881177
South 1.31919383086e-05

row18col16
West 0.291993787118
East 1.31137245115e-05
North 1.31360174479e-05
South 1.31069156124e-05

row18col17
West 0.277394097762
East 1.29054069028e-05
North 1.29033399068e-05
South 1.29053683862e-05

row18col18
West 0.263524392874
East 1.26310701265e-05
North 1.26332616302e-05
South 1.26422185531e-05

row18col19
West 0.25034817323
East 1.24924683896e-05
North 1.24714493531e-05
South 1.24922011496e-05

row18col20
West 0.237830764569
East 1.23227883043e-05
North 1.23363012919e-05
South 1.23451371477e-05

row18col21
West 0.22593922634
East 1.21786231127e-05
North 1.21851112285e-05
South 1.21995696313e-05

row18col22
West 0.214642265023
East 1.2093761349e-05
North 1.2087305912e-05
South 1.20987578268e-05

row19col1
West 1.2564008547e-05
East 1.25640676501e-05
North 0.214642214985
South 1.25754952563e-05

row19col2
West 1.25941841583e-05
East 1.2594491531e-05
North 0.225939191016
South 1.25885997762e-05

row19col3
West 1.25593706873e-05
East 1.2555915886e-05
North 0.214642063363
South 1.25720570089e-05

row19col4
West 1.24769057693e-05
East 1.2452704299e-05
North 0.203910064612
South 1.24581439306e-05

row19col6
West 1.3177798844e-05
East 0.250348099956
North 1.31714119096e-05
South 1.31843556461e-05

row19col7
West 1.32111512238e-05
East 1.31990606555e-05
North 0.263524392874
South 1.32125562586e-05

row19col8
West 1.31157872555e-05
East 1.31095196558e-05
North 0.25034817323
South 1.31077517237e-05

row19col9
West 0.237830709738
East 1.30154377744e-05
North 1.30057636639e-05
South 1.30085808402e-05

row19col10
West 1.29065278813e-05
East 1.28907207577e-05
North 0.22593922634
South 1.29181776539e-05

row19col11
West 0.2146422407
East 1.27937133532e-05
North 1.27848938182e-05
South 1.27988153286e-05

row19col13
West 1.29685071399e-05
East 0.263524378948
North 1.29689697405e-05
South 1.29623409854e-05

row19col14
West 1.30264956223e-05
East 0.277394097762
North 1.3032881262e-05
South 1.30265637106e-05

row19col15
West 1.30811204709e-05
East 1.31120397627e-05
North 0.291993787118
South 1.31070813561e-05

row19col16
West 1.30660666344e-05
East 1.30478242088e-05
North 0.277394070777
South 1.3054039293e-05

row19col18
West 1.25499562136e-05
East 1.25424122356e-05
North 0.250348162838
South 1.25479752268e-05

row19col19
West 1.24415427643e-05
East 1.24472697803e-05
North 0.237830754598
South 1.24406876737e-05

row19col20
West 1.23134954627e-05
East 1.23162585483e-05
North 0.22593922634
South 1.23024361331e-05

row19col21
West 0.214642235388
East 1.2130974842e-05
North 1.21467036415e-05
South 1.21476437069e-05

row19col22
West 1.20768707599e-05
East 1.20924028051e-05
North 0.203910135608
South 1.20886039293e-05
