
row1col1
West 4.89710390852e-06
East 0.000253380521426
North 0.0
South 0.0

row1col2
West 8.65436498039e-09
East 8.18933850273e-06
North 0.000854846468193
South 0.0121773024427

row1col3
West 3.58683682978e-05
East 0.0
North 2.12496969309e-06
South 0.000605880721669

row1col4
West 8.07676481533e-07
East 0.00356807904021
North 0.00818176354094
South 0.0361875790756

row1col5
West 3.10188515289e-10
East 0.00342089573098
North 0.0226389282136
South 0.121913790733

row1col7
West 4.72449161445e-05
East 0.00892167180444
North 0.00271422424981
South 0.00567447887141

row1col8
West 0.00132944655207
East 0.0882767192018
North 0.00337835350542
South 2.49266504008e-06

row1col9
West 0.00432806458842
East 0.00569949444294
North 0.257290724348
South 0.452746897008

row1col10
West 0.0207923725861
East 5.17191864906e-13
North 0.00181597911159
South 0.0894481864979

row1col11
West 0.0104950910414
East 3.28948276434e-05
North 5.17191864906e-13
South 0.0

row1col13
West 0.0023259733519
East 0.115201958771
North 0.0640753067368
South 0.521732507219

row1col14
West 0.0422434090223
East 0.0536882153556
North 0.429748407793
South 0.91334201146

row1col15
West 0.0573333091083
East 0.00387142426798
North 0.0453821364239
South 0.401263060762

row1col16
West 0.00463125
East 0.0100691931612
North 0.071358337659
South 0.494351510952

row1col18
West 0.0476909424117
East 0.0534526907417
North 0.242973488649
South 0.679381926164

row1col19
West 0.405335313931
East 0.0381724462961
North 0.0122278114613
South 7.3010133985e-07

row1col20
West 0.168619509407
East 0.00914609652605
North 0.0128611062347
South 0.043918239958

row1col21
West 0.054303806877
East 0.0029918938984
North 0.00104420777961
South 0.00090746377306

row1col22
West 0.0158845830669
East 0.00138457981196
North 7.62123754127e-06
South 0.000566860276726

row2col1
West 0.000252058103903
East 0.00308198160705
North 4.00096877244e-11
South 2.21321902791e-05

row2col2
West 5.12779979477e-05
East 0.000578616749806
North 0.00236935084298
South 0.0448956546027

row2col3
West 0.00201870223183
East 0.00930731969782
North 0.0
South 0.00328946665647

row2col4
West 4.45025559349e-06
East 0.0160320266097
North 0.0049396702115
South 0.118914877474

row2col5
West 1.11260695216e-05
East 0.0191258154126
North 0.0287041225075
South 0.360968006891

row2col7
West 1.17741061804e-07
East 0.0106016399088
North 0.0018765042592
South 0.0565700010057

row2col8
West 0.00244803864752
East 0.235013928124
North 0.00212268206652
South 0.013164391728

row2col9
West 0.047765190388
East 0.061934901877
North 0.317133237227
South 0.556654852655

row2col10
West 0.348343157324
East 0.0249063761046
North 1.74450466719e-07
South 0.00540773602072

row2col11
West 0.110023561387
East 0.0100503455712
North 0.00017624311333
South 0.000168775854457

row2col13
West 0.758340341671
East 0.949996217935
North 0.101006459435
South 0.58778499533

row2col14
West 0.902107734354
East 1.0
North 0.743299137295
South 0.846136344045

row2col15
West 0.0
East 0.0
North 0.0
South 0.0

row2col16
West 0.996455160456
East 0.770385672974
North 0.0990997871866
South 0.1116312204

row2col17
West 0.940536224927
East 0.711335221229
North 0.244884330912
South 0.44770889143

row2col18
West 0.87854623293
East 0.479106446067
North 0.19014285103
South 0.115167104326

row2col19
West 0.706658497415
East 0.163093884281
North 0.0428418797248
South 0.0158118574926

row2col20
West 0.405793279332
East 0.0490964049331
North 0.0127338192793
South 0.00887178272423

row2col21
West 0.17142257384
East 0.00292201363296
North 0.000632454785104
South 0.000587196440912

row2col22
West 0.0249701491724
East 0.00508071537452
North 0.000106228602853
South 3.01008193698e-06

row3col1
West 0.00693087785173
East 0.0427672712461
North 5.26597236123e-06
South 0.00137793864675

row3col2
West 0.00889502259313
East 0.154103310336
North 0.00218163354735
South 0.00061895440407

row3col3
West 0.0440786325092
East 0.258396817942
North 0.00028520446181
South 0.0315436033315

row3col4
West 0.0781915483715
East 0.38785778157
North 0.00175245465145
South 0.0334517999268

row3col5
West 0.0746014996201
East 0.105725233354
North 0.216548217922
South 0.471594995982

row3col7
West 0.105334983121
East 0.272695621559
North 6.54124062468e-14
South 0.0222541570201

row3col8
West 0.10684257646
East 0.426919164497
North 0.00894006391447
South 0.0386754366831

row3col9
West 0.0940736494036
East 0.120931020329
North 0.474941097794
South 0.596090955434

row3col10
West 0.378949720966
East 0.0428745790129
North 0.0353295293222
South 0.0123890526369

row3col11
West 0.173323701671
East 0.058125650006
North 3.9029493013e-17
South 6.86873767953e-07

row3col13
West 0.857372827581
East 0.9025
North 0.874440980557
South 0.797493387271

row3col14
West 0.857350595042
East 0.949990106202
North 0.95
South 0.893533801446

row3col15
West 0.579265951689
East 0.17576816776
North 0.999999390623
South 0.895605451578

row3col16
West 0.653803634329
East 0.197079028435
North 0.132024992176
South 0.0330352317728

row3col18
West 0.0599737796841
East 0.0235322968551
North 0.61121501093
South 0.250182019237

row3col19
West 0.301143092684
East 0.0492257663987
North 0.0281862250731
South 0.0130169563489

row3col20
West 0.159054880541
East 0.00226393211873
North 0.0143944524058
South 1.06423139959e-05

row3col21
West 0.0250926331423
East 4.09731673798e-05
North 0.00638854603011
South 0.00035036307099

row3col22
West 0.00116237956915
East 3.19318211778e-06
North 6.50054906634e-06
South 0.0

row4col5
West 0.0849798536474
East 0.139237645671
North 0.323905686184
South 0.5089893277

row4col9
West 0.242983450326
East 0.184406231789
North 0.48534658839
South 0.629994475319

row4col13
West 0.797214059709
East 0.792541541901
North 0.857375
South 0.773779644922

row5col1
West 1.41031865045e-06
East 6.67380630393e-05
North 8.84087399023e-07
South 2.62881928362e-06

row5col2
West 1.7239704281e-06
East 0.000117949439035
North 8.19906966336e-05
South 0.0019213238246

row5col3
West 2.19698672545e-07
East 0.00079768439835
North 0.00158730777947
South 0.0209337437113

row5col5
West 0.505938353991
East 0.540358858456
North 0.192656389203
South 0.162720799139

row5col6
West 0.513150656514
East 0.568800092276
North 0.512457996568
South 0.454659922523

row5col7
West 0.540231177016
East 0.598736939238
North 0.534088272139
South 0.464345640617

row5col8
West 0.568749963345
East 0.630249409725
North 0.556251195545
South 0.460578348541

row5col9
West 0.598730936779
East 0.663420431289
North 0.553203140867
South 0.345349894622

row5col10
West 0.630247127251
East 0.698337296094
North 0.650908195343
South 0.590330122246

row5col11
West 0.663415466424
East 0.735091890625
North 0.675224846975
South 0.581162797623

row5col12
West 0.698305261132
East 0.7737809375
North 0.715123883018
South 0.535802881282

row5col13
West 0.730817867148
East 0.731417440668
North 0.81450625
South 0.735090254211

row5col14
West 0.7737809375
East 0.697335562511
North 0.658311616977
South 0.485181175451

row5col15
West 0.735091885898
East 0.652887446858
North 0.458216230115
South 0.504921966119

row5col16
West 0.698334528389
East 0.598035521735
North 0.348957550065
South 0.396414726982

row5col17
West 0.663378570963
East 0.431310852544
North 0.334680805663
South 0.289544257072

row5col18
West 0.580355164189
East 0.308254301379
North 0.142670225089
South 0.131592980454

row5col20
West 0.0
East 0.0
North 0.0
South 0.00979263943458

row5col21
West 0.0
East 7.72335010142e-14
North 3.97702432061e-05
South 0.00536164691315

row5col22
West 0.0
East 0.0
North 0.00132526562602
South 0.0130078041286

row6col1
West 5.12619761983e-06
East 0.00128300963744
North 1.94190230057e-07
South 4.88906735543e-13

row6col2
West 3.08783103132e-07
East 1.61312748332e-08
North 0.000172393336623
South 0.0167412845272

row6col3
West 0.000179248056331
East 0.0092067834845
North 0.00308066632383
South 0.124230358618

row6col5
West 0.166468801049
East 0.464085869421
North 0.058217236125
South 0.0650760376863

row6col6
West 0.272124006559
East 0.343770863592
North 0.540360087652
South 0.486920152276

row6col7
West 0.126560664019
East 0.0914438118177
North 0.561986022946
South 0.380179025878

row6col8
West 0.0840853240349
East 0.111213509792
North 0.577961779301
South 0.21583687755

row6col9
West 0.209119965651
East 0.541686137869
North 0.177072489957
South 0.0651531543755

row6col10
West 0.0830837832209
East 0.246830045882
North 0.6633753828
South 0.519821369047

row6col11
West 0.119176731773
East 0.123054607892
North 0.686224844197
South 0.395855324296

row6col12
West 0.0711146596254
East 0.293676451833
North 0.705546268239
South 0.334853481607

row6col13
West 0.35651438058
East 0.328455822952
North 0.773780834325
South 0.723566529246

row6col14
West 0.317270994618
East 0.350040570073
North 0.735091883891
South 0.622535979143

row6col15
West 0.698337151892
East 0.304112611318
North 0.687959495539
South 0.624719561845

row6col16
West 0.663419626576
East 0.555154906283
North 0.41077032122
South 0.390012094771

row6col17
West 0.63024651886
East 0.341424486633
North 0.629384013525
South 0.558802767707

row6col18
West 0.570987475841
East 0.143310173505
North 0.102862702092
South 0.0258296311315

row6col19
West 0.432487762901
East 0.0994395771896
North 0.0184915791365
South 0.0355832011175

row6col20
West 0.285458597351
East 0.0551070944687
North 0.000264006663624
South 0.002858393973

row6col21
West 0.164693880723
East 0.0196201126487
North 2.57080973253e-05
South 0.000173406864742

row6col22
West 0.0768632319643
East 0.0152050413465
North 0.000382733572193
South 3.25386203124e-08

row7col1
West 0.0020151079679
East 0.00940210305323
North 2.32230699383e-14
South 0.00162207950219

row7col2
West 0.000944302301185
East 0.0930762169686
North 5.34934526785e-09
South 0.00605572694533

row7col3
West 0.00582920440191
East 0.0304349038792
North 0.0367776784077
South 0.234735596008

row7col5
West 0.119403917382
East 0.424297247226
North 0.034860072045
South 0.0758946429899

row7col6
West 0.27097789425
East 0.408752643166
North 0.513342083214
South 0.462837398303

row7col10
West 0.214800525568
East 0.262734832436
North 0.628631918235
South 0.430078283246

row7col17
West 0.458507362614
East 0.279385714239
North 0.59873020887
South 0.537855391143

row7col18
West 0.496205613412
East 0.220911425021
North 0.0229056924774
South 0.0357681447314

row7col20
West 0.0
East 0.0
North 0.0474988935777
South 0.0

row7col21
West 0.0
East 5.68527837075e-07
North 0.00899023987871
South 8.69853476595e-05

row7col22
West 1.26846510666e-06
East 0.0
North 0.00109466542531
South 6.0456881564e-06

row8col1
West 0.00491159712409
East 0.0557296693529
North 4.99405653253e-09
South 0.00193711194525

row8col2
West 0.00900089967407
East 0.227902867681
North 0.00224518261406
South 0.0155356074848

row8col3
West 0.114102017453
East 0.363858448187
North 0.0156818966873
South 0.0773173096163

row8col4
West 0.20030243318
East 0.423368401592
North 0.0595303107198
South 0.0834061946043

row8col5
West 0.28419077215
East 0.461001568696
North 0.0489129606538
South 0.0979453834734

row8col6
West 0.362239040781
East 0.386544965148
North 0.487674978709
South 0.439975515645

row8col8
West 0.0254779687096
East 0.147043690782
North 8.66899334255e-11
South 7.50400844901e-05

row8col9
West 0.0279463976324
East 0.350878939039
North 0.0121977216876
South 0.00168897618572

row8col10
West 0.0656632929929
East 0.142904410357
North 0.588971809333
South 0.303827184785

row8col11
West 0.49718281309
East 0.204134278584
North 0.0495248776599
South 0.0146818711266

row8col12
West 0.398691311617
East 0.0896403264352
North 0.050490834618
South 0.00619853862709

row8col13
West 0.232566426072
East 0.0326109915036
North 0.0135960771336
South 3.62068462365e-05

row8col14
West 0.105869802572
East 0.0082669850925
North 0.000393028443222
South 9.39871660672e-05

row8col15
West 0.0313491944701
East 0.00744127056648
North 0.000155199141708
South 3.70043552403e-07

row8col17
West 0.399717587803
East 0.170531002986
North 0.568786959824
South 0.509859902631

row8col18
West 0.354336763464
East 0.0312661346219
North 0.177506679361
South 0.0294077819119

row9col5
West 0.179381554336
East 0.380112452821
North 0.0752234521491
South 0.0520923328861

row9col6
West 0.226094607494
East 0.345252104097
North 0.463291226511
South 0.417529446845

row9col8
West 2.23535492833e-12
East 0.00232971760633
North 0.0104930517729
South 0.000104179584437

row9col9
West 0.000400703677287
East 0.0853090177472
North 2.28964626703e-08
South 0.000575006778823

row9col10
West 0.00752206684464
East 0.0140363667537
North 0.451614160966
South 0.160039729533

row9col11
West 4.2931467249e-17
East 0.00289419485179
North 0.136495107036
South 0.0088306418156

row9col12
West 2.45070169315e-07
East 0.000550288298416
North 0.135932169246
South 0.0187941603944

row9col13
West 0.0169173105028
East 0.000146901642632
North 3.55961040196e-08
South 3.53558004136e-06

row9col14
West 9.21486074193e-09
East 1.16379711241e-11
North 0.0134605969458
South 0.000737537930046

row9col15
West 0.000784838586719
East 1.58604470941e-05
North 1.90134783478e-10
South 1.56816316206e-05

row9col17
West 0.331938489427
East 0.156981923597
North 0.540337712034
South 0.47814936324

row9col18
West 0.392961567512
East 0.0912445895517
North 0.00259550419364
South 0.00847778220335

row9col20
West 1.43414333789e-12
East 3.82705710051e-10
North 0.0
South 0.0

row9col21
West 4.9476924715e-13
East 2.69997406934e-08
North 4.51208565967e-06
South 0.000435213381735

row9col22
West 1.38309127033e-06
East 1.17883206018e-08
North 0.0
South 0.0

row10col1
West 7.94573400863e-06
East 0.000460240408266
North 7.28097999092e-08
South 0.0

row10col2
West 8.70538715811e-06
East 0.00727719769312
North 3.58779724061e-06
South 0.0043513918227

row10col3
West 2.66995134213e-06
East 4.17868620555e-06
North 0.00776097952029
South 0.0715588996441

row10col5
West 0.191853642551
East 0.391990764035
North 0.0142482192766
South 0.0439761038823

row10col6
West 0.26687198428
East 0.288475148297
North 0.440126643233
South 0.39688659379

row10col17
West 0.324619353317
East 0.207607670579
North 0.513296317762
South 0.458421035149

row10col18
West 0.378102466537
East 0.149410231449
North 0.0212709528128
South 0.0585249341784

row10col20
West 1.15061327169e-06
East 0.000182036831448
North 2.56198986655e-12
South 0.0

row10col21
West 5.39239475826e-06
East 8.38135971043e-06
North 3.01041564311e-05
South 0.00327254186416

row10col22
West 0.000250830358213
East 7.583893934e-10
North 1.02452486584e-14
South 0.0

row11col1
West 0.00954985973942
East 0.0381110271321
North 1.226122352e-05
South 2.27188638878e-10

row11col2
West 0.00881538870948
East 0.133226806387
North 0.000215015943505
South 5.63816083707e-06

row11col3
West 0.0478344772241
East 0.259031443397
North 0.00257776135858
South 0.00376722542121

row11col4
West 0.133193220901
East 0.335034474983
North 0.0530057220558
South 0.0802397524982

row11col5
West 0.200221762459
East 0.38713757234
North 0.0781171089578
South 0.041918075656

row11col6
West 0.285028116317
East 0.300160074251
North 0.418120178489
South 0.376614660773

row11col8
West 4.83384747489e-06
East 5.26462177419e-05
North 0.0
South 0.0

row11col9
West 0.0
East 5.25031668964e-07
North 0.0004346519672
South 0.00671216171483

row11col10
West 0.000369490852239
East 3.82398227353e-06
North 0.0
South 0.0

row11col12
West 1.4382496347e-10
East 0.000385546578608
North 4.66250003183e-11
South 1.69076576394e-08

row11col13
West 1.65380413559e-06
East 0.0
North 0.000395978927686
South 0.00606634112753

row11col14
West 9.46346906856e-05
East 0.00594867576827
North 0.0
South 2.26361991768e-10

row11col15
West 5.36290612025e-05
East 0.00203622385865
North 0.0104497395885
South 0.0680711885656

row11col17
West 0.324394093822
East 0.248071107529
North 0.487580015927
South 0.434839920368

row11col18
West 0.415096562684
East 0.0742350171286
North 0.00186324685694
South 0.00365955797093

row11col20
West 2.862704473e-06
East 0.000747708216244
North 3.32874682389e-08
South 1.25263992103e-13

row11col21
West 3.34130357799e-05
East 9.46576672014e-06
North 0.000720118827949
South 0.00929871391843

row11col22
West 0.000369218156391
East 1.24379989148e-05
North 0.0
South 3.41526497978e-05

row12col1
West 4.4142555434e-05
East 0.000557551215899
North 4.70708078039e-16
South 0.0

row12col2
West 4.78619653051e-05
East 0.00494743099876
North 1.51133454895e-15
South 2.76492275226e-16

row12col3
West 1.28377331978e-05
East 0.00374535800575
North 0.0633269220039
South 0.007343461089

row12col5
West 0.0890165227073
East 0.321742974873
North 0.027952390606
South 4.23674986422e-08

row12col6
West 0.167926403522
East 0.308310655659
North 0.397213528352
South 0.356978389389

row12col8
West 3.59949747919e-07
East 0.000950738425268
North 0.0
South 0.0

row12col9
West 3.06460664378e-06
East 4.7624638027e-06
North 0.00133312601466
South 0.0250003558442

row12col10
West 0.00117536737798
East 0.0
North 0.0
South 0.0

row12col12
West 0.00300570064548
East 0.0144261239298
North 6.43165959768e-11
South 4.03048019558e-05

row12col13
West 0.00468674630104
East 0.0395847433476
North 0.000162543394809
South 0.00250591353555

row12col14
West 0.011393139137
East 0.104003768166
North 0.000127756478088
South 0.00477646791823

row12col15
West 0.0296185322418
East 0.263794384482
North 0.00215170606048
South 0.00884756657733

row12col16
West 0.0687392566728
East 0.40543291402
North 0.0319961446432
South 0.0370311819322

row12col17
West 0.239797496656
East 0.170842566365
North 0.463097515258
South 0.409406984106

row12col18
West 0.348118247001
East 0.0842902098779
North 0.0401746274553
South 0.0186244909374

row12col20
West 1.7835422698e-12
East 0.000956256349762
North 5.44137902022e-15
South 1.25261810697e-13

row12col21
West 2.00882773123e-05
East 6.92888232955e-05
North 0.00180321946682
South 0.0235277976113

row12col22
West 0.00230459045729
East 3.43972925195e-05
North 3.26245033865e-08
South 8.07316161446e-14

row13col5
West 0.191216146009
East 0.33343488111
North 0.0369803280199
South 0.025923458748

row13col6
West 0.187970859279
East 0.267737079043
North 0.377348955767
South 0.338250177552

row13col9
West 0.003604249278
East 0.00102953014297
North 0.00498906946846
South 0.0769526121931

row13col17
West 0.294475653385
East 0.241984298105
North 0.439612414712
South 0.382318433327

row13col18
West 0.384412093501
East 0.220848865127
North 0.0671542021412
South 0.0263190963522

row13col21
West 0.00107830613232
East 0.00148413852103
North 0.00566701000971
South 0.0507341534837

row14col1
West 0.0065839329839
East 0.0419035090712
North 0.00206515886381
South 6.56768227318e-05

row14col2
West 0.0128932448342
East 0.116665724434
North 0.0130561524718
South 0.00172975077809

row14col3
West 0.0358598939626
East 0.175334361277
North 0.0345064783772
South 0.00355393953019

row14col4
West 0.0866379696905
East 0.220534576313
North 0.0169149023081
South 0.020825933022

row14col5
West 0.0237226783661
East 0.286173244013
North 0.194218648559
South 0.129569165922

row14col6
West 0.117924700716
East 0.146145929118
North 0.358463791746
South 0.316222566807

row14col7
West 0.320644598493
East 0.161130071915
North 0.0449500423365
South 0.101059548331

row14col8
West 0.278863943482
East 0.109893167608
North 0.0677796569907
South 0.0322215427259

row14col9
West 0.198566572596
East 0.0280945975534
North 0.00582843512268
South 0.00606693488462

row14col10
West 0.0831971706706
East 0.0013595619934
North 0.00314875102378
South 0.000386541293863

row14col11
West 0.00951613024258
East 0.000798057021034
North 4.82093793877e-06
South 5.39574889518e-05

row14col12
West 0.000771211741182
East 0.0158293192644
North 0.000366234790512
South 9.84244637068e-14

row14col13
West 0.00323742991638
East 0.0723251350352
North 0.000787432728873
South 0.00371089648534

row14col14
West 0.0214156350262
East 0.159413278544
North 0.00733035702749
South 0.0117916780093

row14col15
West 0.0569262307629
East 0.272974903927
North 0.0226671883834
South 0.0228169271426

row14col16
West 0.128094617443
East 0.356840635889
North 0.0853836724699
South 0.0642054695186

row14col17
West 0.17176313026
East 0.111073710278
North 0.416911892898
South 0.359814649293

row14col18
West 0.322349520356
East 0.00787364388463
North 0.225377053477
South 0.112299296049

row14col19
West 0.250953412066
East 0.0595471863105
North 0.0483476821765
South 0.00131165160022

row14col20
West 0.169374989502
East 0.0404958577849
North 0.0137762483109
South 5.5496190683e-05

row14col21
West 0.103978930451
East 0.026035177915
North 0.00300752916367
South 0.000245083547585

row14col22
West 0.052662106217
East 0.0193039932091
North 0.00729902437537
South 0.000614467021479

row15col1
West 0.000370146605772
East 0.00750007996884
North 5.64152791735e-07
South 5.21535587904e-12

row15col2
West 0.000566052930058
East 0.00434566652902
North 0.0619290330185
South 0.00690088001933

row15col3
West 0.00253656939208
East 0.0367547450414
North 0.000341485839639
South 0.000410987159688

row15col4
West 0.00389551922381
East 0.14299294707
North 0.0185556351484
South 0.00827840259401

row15col5
West 0.0244236886245
East 0.294841185761
North 0.00656341869875
South 0.01773051836

row15col6
West 0.126656632185
East 0.135030392597
North 0.340310411963
South 0.312171280384

row15col7
West 0.314752741005
East 0.0650442727124
North 0.0334457170215
South 0.0145266447229

row15col8
West 0.157433878478
East 1.58095639558e-06
North 0.149785419548
South 0.0727789640103

row15col9
West 0.0519471232351
East 0.00014608177291
North 0.0028798470744
South 4.29110684956e-13

row15col10
West 0.00663751331398
East 0.000208607269835
North 1.22390718469e-06
South 3.95784291801e-14

row15col11
West 0.000641078987567
East 0.00441882843681
North 4.2704654044e-16
South 2.74782710864e-09

row15col12
West 0.000110436190742
East 0.0310719268816
North 0.000358647318154
South 0.000533762651209

row15col13
West 0.00435616151751
East 0.108043975108
North 0.00516610473272
South 0.000227568349342

row15col14
West 0.0359298872641
East 0.215606756517
North 0.00587221786858
South 0.0148542909755

row15col15
West 0.0956819451542
East 0.331411586414
North 0.0538528764084
South 0.0334046349052

row15col16
West 0.192102008805
East 0.365770507563
North 0.0542815956069
South 0.0781308889381

row15col17
West 0.174658204275
East 0.102521307331
North 0.39456892612
South 0.358542364553

row15col18
West 0.286380659065
East 0.0105490394793
North 0.00509199730573
South 0.0234550384305

row15col19
West 0.0196791043825
East 6.07401075896e-06
North 0.0635982840205
South 0.00683526528552

row15col20
West 0.00178755482079
East 2.94642717083e-05
North 0.0212021350779
South 4.38647273964e-05

row15col21
West 0.00266528464413
East 0.000602016233305
North 1.07019755229e-06
South 0.0

row15col22
West 6.84013287227e-05
East 0.000210331747262
North 0.00733754748236
South 0.000484546203112

row16col2
West 0.000935169090813
East 0.00309629904187
North 0.0328857178442
South 0.00379598633851

row16col7
West 0.0507668415192
East 0.0455479238053
North 0.256722647174
South 0.0588230135483

row16col15
West 0.0160307859761
East 0.0303267901132
North 0.274548359186
South 0.100800261143

row17col1
West 0.000276732758484
East 0.00386094458448
North 1.99330770171e-05
South 1.57587175829e-06

row17col2
West 0.000415367293295
East 0.000167569948718
North 0.0156119353836
South 0.00238938022766

row17col3
West 0.00259112421961
East 1.72879364251e-05
North 6.23447958206e-06
South 3.61124100447e-06

row17col4
West 0.000268713163892
East 4.82135834771e-06
North 8.15379767511e-08
South 7.75108573535e-08

row17col6
West 0.000580731134654
East 0.0292496827207
North 5.54799795836e-05
South 0.0

row17col7
West 0.00258320301094
East 0.00102598738983
North 0.19168037219
South 0.0472251784624

row17col8
West 0.0672589344793
East 0.00154644351804
North 0.000218019296722
South 4.1483951595e-11

row17col9
West 0.0175280712328
East 0.00111929346261
North 0.000605630616887
South 0.000747460404236

row17col10
West 0.00531700917045
East 5.75395206229e-05
North 0.000482855488609
South 2.74910792481e-05

row17col11
West 0.000755206786201
East 5.45130925476e-05
North 2.42134325216e-07
South 2.60111133237e-07

row17col13
West 0.000369221087053
East 0.00807419960974
North 0.000312195351758
South 1.29034220565e-06

row17col14
West 0.000745344400914
East 0.0522365881769
North 1.96721358018e-07
South 0.00010645742129

row17col15
West 0.00192911955722
East 0.00560593884962
North 0.223738720964
South 0.0767928557535

row17col16
West 0.0723820597406
East 0.00900551099282
North 0.00311681719236
South 0.00163336265597

row17col18
West 1.2152628261e-05
East 1.04529638315e-13
North 5.14329540841e-05
South 0.000961547904151

row17col19
West 0.0
East 4.85539213043e-30
North 3.84386778097e-06
South 0.000245473090592

row17col20
West 2.89898585769e-28
East 1.11297223638e-07
North 6.00225230562e-09
South 6.83130863188e-05

row17col21
West 3.40295246838e-29
East 0.0
North 1.78527291754e-11
South 3.85541465232e-06

row17col22
West 7.50138748634e-12
East 9.46291033754e-33
North 6.948860484e-13
South 7.3217394261e-07

row18col1
West 0.0
East 0.000108111955028
North 0.000302674010033
South 4.77989717488e-06

row18col2
West 2.57158007894e-06
East 4.90871296804e-06
North 0.00734262219323
South 0.000190248571493

row18col3
West 6.57413029956e-08
East 0.0
North 0.000208392923004
South 2.05290280194e-06

row18col4
West 0.0
East 0.0
North 1.330751653e-05
South 4.35185379699e-09

row18col6
West 0.00330824239017
East 0.0257410172986
North 0.000269461799941
South 0.000371577963757

row18col7
West 0.00404045598762
East 0.00605467862557
North 0.120110174286
South 0.0217305522664

row18col8
West 0.056169041401
East 0.000921781514353
North 0.00203281751125
South 2.60845162344e-06

row18col9
West 0.0152810483131
East 0.000685753729029
North 8.22663323905e-16
South 1.13252845649e-09

row18col10
West 0.00404713242256
East 9.30916591528e-05
North 0.000111376428169
South 1.25577268606e-09

row18col11
West 0.000492363353766
East 0.000118770316531
North 1.34077230109e-06
South 1.86322380257e-08

row18col13
West 7.1463937653e-06
East 8.57814611685e-05
North 0.0
South 0.0

row18col14
West 0.0
East 0.0103976322086
North 0.0041993139956
South 0.00023157123686

row18col15
West 0.00167031062747
East 0.0093600999636
North 0.154949296005
South 0.0301242131251

row18col16
West 0.0690084337613
East 0.00184251424794
North 0.00370442679732
South 0.000263597792452

row18col17
West 0.0286443824936
East 0.00343953837415
North 0.000742385407114
South 0.000727166066586

row18col18
West 0.0137041282277
East 0.00183162590768
North 2.0716283214e-05
South 6.49067723321e-05

row18col19
West 0.00644287871527
East 0.000283054833794
North 5.71813659185e-07
South 2.49368275581e-05

row18col20
West 0.00143838737124
East 2.66581542162e-05
North 9.32507473673e-07
South 9.39492033295e-06

row18col21
West 0.00018210683531
East 3.90328933595e-06
North 3.52916345923e-11
South 1.76534967102e-09

row18col22
West 3.10845431623e-05
East 3.52001774086e-06
North 1.31690053953e-22
South 2.13597514608e-10

row19col1
West 0.0
East 7.26042226589e-06
North 5.13221101583e-05
South 3.52831029912e-06

row19col2
West 4.77999540066e-07
East 0.0
North 0.00106612141373
South 5.84633353833e-05

row19col3
West 0.0
East 1.10793832302e-10
North 2.46027834449e-05
South 9.10240625291e-07

row19col4
West 5.36466195011e-13
East 2.14579655079e-17
North 1.54347149936e-07
South 3.4937703895e-10

row19col6
West 0.000218970667795
East 0.00837364105544
North 0.0
South 4.45066342011e-12

row19col7
West 0.000400849349657
East 0.000235394588254
North 0.053655145061
South 0.0179707327117

row19col8
West 0.0
East 1.24355234348e-22
North 0.00455539542033
South 6.97188897052e-06

row19col9
West 0.000109730074292
East 4.38255779511e-08
North 0.0
South 1.24355234348e-22

row19col10
West 0.0
East 6.3405778248e-16
North 0.000153649358148
South 1.34666495018e-05

row19col11
West 2.70782029519e-06
East 1.86322380257e-08
North 0.0
South 0.0

row19col13
West 0.000126463075814
East 0.00154313836517
North 0.0
South 0.0

row19col14
West 0.000147134508487
East 0.0085684579098
North 3.53624846869e-05
South 0.0

row19col15
West 0.000179375675415
East 0.000257658633829
North 0.0765694037003
South 0.0285785458255

row19col16
West 0.0028918669709
East 2.68318234909e-07
North 0.00539727835534
South 0.000705317741597

row19col18
West 1.20587907553e-05
East 1.64369756259e-07
North 0.00180274669021
South 2.77994004729e-06

row19col19
West 1.20552592088e-05
East 2.14234707586e-30
North 0.000441849074144
South 5.49158509759e-05

row19col20
West 0.0
East 0.0
North 0.00013247556687
South 6.97131098918e-07

row19col21
West 1.3008745104e-06
East 6.98860892598e-12
North 8.17847098425e-30
South 0.0

row19col22
West 1.56671755968e-11
East 2.13597514608e-10
North 1.24514373606e-06
South 2.18391200912e-10
