0.0
0.00282808136751
0.0548282938283
0.0411212203713
0.032896976297
0.0347495913917
0.0446625199105
0.0390797049217
0.0385215335558
0.0395461299914
0.0390470420494
0.0494397209671
0.0522318578158
0.0555717088813
0.0518669282892
0.0511078347615
0.0481014915403
0.0521175577088
0.0493745283557
0.046905801938
0.0446721923219
0.0435647347597
0.0444850382067
0.0446159934095
0.0430270633702
0.0450260224714
0.0487362605889
0.0469956798535
0.0453751391689
0.04386263453
0.0424477108355
0.044242052492
0.0429013842346
0.0456549910723
0.047016834387
0.0457108112096
0.0453060781167
0.0461208539059
0.0459567661607
0.0471984308717
0.0484828886189
0.0511458892316
0.0529834881789
0.0533200679796
0.05213517758
0.0534549248957
0.0537291189006
0.0526097622569
0.0540382029148
0.0529574388565
0.0519190577025
0.0519235768135
0.0509438866849
0.050000481376
0.0502976006806
0.0502702774168
0.0505522382188
0.0507884121258
0.0499275915813
0.0497581622387
0.0489812244423
0.0510297127577
0.0502306782915
0.050099136967
0.0497551342031
0.0496022250053
0.050964339471
0.0503468415845
0.0496171772138
0.0505555994726
0.049998736255
0.0493043093626
0.0498652092343
0.0492348310809
0.049636835609
0.0519554236655
0.0512806779036
0.0515028438318
0.0513801753468
0.0513331926214
0.0524819984804
0.0528352744136
0.0527334564614
0.0521056772178
0.0519103375381
0.0523491073984
0.0541447571416
0.0535294758104
0.0532575584462
0.053595669606
0.0534297436344
0.0548135235949
0.0553571439551
0.054912148758
0.0547313404579
0.0546692170981
0.0560265286274
0.0556853758261
0.05581452402
0.0561695644255
0.0563270418703
0.0561447704819
0.0572666719821
0.058776697209
0.058225865756
0.0580369311497
0.0577898323894
0.0584279163654
0.0585316164436
0.0582408959677
0.0592802516201
0.0601866697953
0.0603128814229
0.0604948590334
0.0600205894376
0.0610389939988
0.0608642177507
0.0607619502666
0.0605243052007
0.0605168633304
0.060314075095
0.0599629962948
0.060229202851
0.0598665968272
0.0595015806456
0.0599218549426
0.0601506302256
0.0605408554011
0.0605858258486
0.0613186543994
0.0610297518391
0.0608645641885
0.0605864060117
0.0602788294627
0.0607632368779
0.0619020754823
0.0617685182883
0.0617511408811
0.0619634746129
0.0630662498617
0.0627463183203
0.0629850071514
0.063004638487
0.0629884765033
0.062630061569
0.0628577706645
0.0631594278464
0.0630611918179
0.0629300219318
0.0630465028184
0.0628193329777
0.063396779935
0.0630258493269
0.0632384996362
0.0631320750709
0.0632233957035
0.0639496829039
0.0637313909492
0.0637586593299
0.0638702399099
0.0640794489015
0.0648711790403
0.0646128609675
0.0649412874601
0.0650868476656
0.0656127185349
0.0658434032725
0.0657698071244
0.0662572801183
0.0662874576455
0.0665921585663
0.0668245254153
0.066766624227
0.066860256
0.0672771394945
0.0673906299049
0.0671784653687
0.0675501623794
0.0677063968616
0.0674823398991
0.0677293845048
0.0677078875888
0.06857904331
0.0692651744172
0.0690738714587
0.0688570923877
0.0689335701388
0.0689163781184
0.0687191954505
0.0686402933079
0.068456892414
0.0686380438814
0.0692192075001
0.0697401266173
0.0700167276423
0.0699809583206
0.07005477751
0.0702057727735
0.0703200656652
0.0713690799515
0.0719525603393
0.0722721067911
0.072454443057
0.0736236455986
0.0738244872877
0.0736770820103
0.0739208150426
0.0738919654618
0.0743585677269
0.0744949578063
0.0748468323636
0.0751887545921
0.0759116723376
0.0760532485583
0.076135463668
0.0761529849327
0.0761809965776
0.0766953765856
0.0767903136048
0.0771797690572
0.0770810623659
0.0773724452821
0.0775887778896
0.077487286021
0.0777696949737
0.0777272074346
0.0777230973967
0.0775805872818
0.0777831828285
0.0778559641264
0.0778052950921
0.0782678568527
0.0782598482166
0.0784293957909
0.0785569961153
0.078917802515
0.0789729942361
0.0794076937957
0.0798687787734
0.0802079701725
0.0804682393006
0.0804946019409
0.0806568631569
0.0804600765455
0.0804013173277
0.0807628392773
0.0809206590798
0.0813471877313
0.0815770052409
0.0817585844316
0.0818956572298
0.0821819960508
0.0823582049251
0.0824502671785
0.0825295718647
0.0826737444527
0.0834675216215
0.0837114977363
0.0837959848071
0.0841653348432
0.0845362105563
0.0846115954717
0.0848839338805
0.085388083872
0.0853906581197
0.0853472534607
0.085195205026
0.0854869084406
0.085569234146
0.0855599222423
0.0862385351804
0.0866545877679
0.0868629367157
0.087404957633
0.0876627658866
0.0881480325824
0.0881581970978
0.0881112151886
0.0882217113849
0.0889292931871
0.0892802683735
0.0895224903121
0.0897071753944
0.0897991952671
0.0899824069373
0.090153788547
0.0903263576823
0.0903917303776
0.0908667834975
0.0912929939269
0.0913239196279
0.0914907094761
0.0916482068212
0.0919820321911
0.0921407007297
0.0929765138208
0.0930963967334
0.0931985979265
0.0932866201336
0.0934040377534
0.0938345279373
0.0940913999608
0.0942780559055
0.0942958562489
0.094437441014
0.0943828387419
0.0945531608916
0.0949158319063
0.0950182826481
0.0950189761588
0.0950746645633
0.0953283983217
0.0956383064256
0.0956737857875
0.0957948559543
0.0960899214273
0.096105652619
0.0962771715529
0.0966735651535
0.0967768414215
0.0968813860775
0.0971300975489
0.0972074987562
0.0975011643932
0.097502982112
0.0976343403982
0.0975488373834
0.0976293070036
0.0976173029863
0.0980348367865
0.0980726772815
0.0985448093255
0.0985819142156
0.0985688969413
0.0987796384652
0.0990791719333
0.0993387356352
0.0993541422607
0.0994539047217
0.0994142163514
0.0994573115546
0.0995473323191
0.0996699818055
0.0999658221925
0.100050878558
0.100503598153
0.101303093644
0.101792947168
0.101964226662
0.102241556543
0.102423428423
0.102591758625
0.103054539021
0.103143877988
0.103395571445
0.103674785778
0.103720723377
0.103900126432
0.103888444263
0.104152200777
0.104339998475
0.104560905371
0.104782605421
0.105047352271
0.105095822007
0.10525772464
0.105482758502
0.105659958493
0.105862699677
0.105963213328
0.105970656651
0.106206254915
0.106179614076
0.106129204137
0.106311040691
0.106311436436
0.106274550471
0.106519107921
0.106579289048
0.106578382662
0.106604832322
0.106881009481
0.107312091624
0.107437897973
0.107834465753
0.108228332092
0.108458580008
0.108838285177
0.108905141607
0.109224047394
0.109559847632
0.109704710408
0.109750944437
0.10988407245
0.110117382902
0.110237034193
0.110282898136
0.110339596026
0.110309803226
0.11055793772
0.110466977114
0.110488284184
0.110539615996
0.110772347742
0.111232449435
0.111246829987
0.111273037671
0.111519767417
0.111706863896
0.111785857573
0.11178653868
0.111969272312
0.112112564289
0.112438590913
0.112719221213
0.112855419239
0.112874840437
0.112800922387
0.112849277987
0.112987433811
0.113513758171
0.11371729779
0.113772487398
0.114021633253
0.114218185326
0.114471317229
0.114436993129
0.114477128639
0.114514534795
0.114618542134
0.114736548964
0.11478919871
0.114863676887
0.114984972325
0.115355594054
0.115609385926
0.115786670781
0.115813124717
0.11585357986
0.115848337541
0.115992720802
0.115924576371
0.116493982062
0.116592984288
0.11670184841
0.11707743275
0.117108025592
0.117070571671
0.117361903082
0.117508255559
0.117798030578
0.117809192805
0.117870249477
0.118173578848
0.118136123384
0.118400072172
0.118482181564
0.118637652561
0.118712676765
0.118835339083
0.11888795587
0.119134176652
0.119383410532
0.119630884891
0.119751856606
0.119891512421
0.120063009689
0.120157928573
0.120243589358
0.120316450487
0.120275906358
0.120460324799
0.120483313414
0.120525469417
0.120482786142
0.120411577176
0.1206024615
0.120614694987
0.120757007965
0.120778467135
0.120828430004
0.121135799374
0.121340826937
0.121470590526
0.121580269022
0.121765417505
0.121917811108
0.121892564814
0.121993661598
0.122026973389
0.122322166106
0.122743129137
0.122987641169
0.12308055814
0.123413948639
0.123404118926
0.123512722907
0.123553389237
0.123576613455
0.123860494798
0.124051076099
0.124423355172
0.124617819038
0.124669851417
0.124800500353
0.124840466263
0.125035185893
0.125107039073
0.125213207987
0.125179629095
0.125308328992
0.125452770862
0.126021630316
0.126255352801
0.126385632428
0.126362780671
0.126764288289
0.126828126267
0.126819285554
0.126946190808
0.126983964618
0.127102749216
0.127164105744
0.127250149441
0.127270020465
0.127517179695
0.127687196288
0.127689153542
0.127897438401
0.128012192935
0.128094760694
0.128130661697
0.128342576327
0.128371824227
0.128486565229
0.128533214425
0.128543616202
0.128556559858
0.128884883969
0.128951554171
0.129143347671
0.129159794146
0.129293434898
0.129510561269
0.129504988299
0.129544885984
0.12964904103
0.129633253902
0.129609973227
0.129710030725
0.129840947535
0.129814923093
0.129898996704
0.129926427428
0.12999087891
0.130003845814
0.12995374797
0.130054517876
0.130209585621
0.130328190819
0.13044587123
0.130687987846
0.130884775878
0.131044429811
0.131131578052
0.131213323025
0.131312345424
0.13131764885
0.131303194639
0.13144393754
0.131623116526
0.131702123977
0.131802134889
0.131868192837
0.132244655153
0.132266163599
0.132694529251
0.132719482623
0.132668646734
0.132611370983
0.132659058055
0.132659428256
0.132825501027
0.132999850658
0.132974112274
0.133061989806
0.133311477477
0.133356343504
0.133432181757
0.133561238945
0.133690815515
0.133859984732
0.13386264009
0.133936319528
0.134062724407
0.134052562696
0.134141488
0.134268683901
0.134566835677
0.134699149406
0.134937519088
0.135146432033
0.135419916439
0.135361220185
0.135528759264
0.135924502683
0.135933983716
0.135925087032
0.13616053251
0.136517304129
0.136511812886
0.136611636021
0.136665041829
0.136750560329
0.137004747703
0.137129914777
0.137130824984
0.137186918435
0.137233817414
0.137663788939
0.137645899731
0.137726837154
0.137734810022
0.137823939463
0.137975597887
0.138134197487
0.138241138271
0.138263569876
0.138463428017
0.138461503736
0.13853292987
0.138600494424
0.138600105784
0.138667652814
0.138828873217
0.138857861795
0.139015174341
0.139027753277
0.13898758969
0.139105117854
0.139217386954
0.139555918068
0.139638342333
0.139699172804
0.139766281479
0.139984714218
0.139967043082
0.139898566008
0.139984404826
0.140091891142
0.140188677897
0.140163741705
0.14016728923
0.140160555081
0.140277207726
0.140235310813
0.140283963122
0.140282017813
0.140304786695
0.140266536022
0.140453907593
0.140454115554
0.140446127039
0.140497611505
0.140447751294
0.140676523796
0.140757328721
0.140775090627
0.14085060752
0.14086480342
0.141011538736
0.140968698487
0.141014948666
0.141078454913
0.141235544563
0.141284513459
0.141281889124
0.141254952297
0.141227503794
0.141268864669
0.141430838404
0.141453162367
0.14146396188
0.141475552894
0.141660632952
0.141925557269
0.141909710609
0.141997661029
0.142007510345
0.14198089667
0.142063221602
0.142072393667
0.142101593268
0.142187706697
0.142150832529
0.142124354453
0.142162031965
0.142237577335
0.142210299683
0.142352941542
0.142493393658
0.142489575053
0.142566735149
0.142534277758
0.142529087279
0.142559106925
0.142657283363
0.142739655055
0.142810566389
0.142792075071
0.142830275342
0.142801576632
0.142853282223
0.142843236765
0.142864813754
0.143108614881
0.143167923657
0.14329745677
0.143421026756
0.14348751056
0.143533664948
0.143858881579
0.143960143764
0.144056169406
0.144091597778
0.144263554169
0.144238856824
0.144207716199
0.144165772614
0.144196014241
0.144211776468
0.144303034094
0.14431964147
0.144377697595
0.144553131303
0.144647547252
0.144766475707
0.144815052022
0.144911161301
0.144978089472
0.145005801159
0.145001584005
0.1450970171
0.145154684481
0.145159992364
0.145301081001
0.14525959264
0.145294897715
0.145251722133
0.145261422196
0.145270652337
0.145310192729
0.145308552243
0.14527890547
0.145289715737
0.145293628188
0.145407735551
0.145475219522
0.1456332568
0.145576415828
0.145752958866
0.145736148454
0.145784793365
0.145815707164
0.145813772319
0.145881296668
0.145850985245
0.14592914969
0.145923286363
0.145915760067
0.145940686359
0.145954566961
0.14591528032
0.145871350071
0.145946539409
0.145967479762
0.146026866915
0.146146539164
0.146182643144
0.146176867654
0.1462123465
0.146186131485
0.146201302835
0.146193034214
0.146290272681
0.146434781034
0.146500850132
0.146605595689
0.14661265274
0.146599875712
0.146586844257
0.146680023917
0.146602105884
0.146581871215
0.146600148408
0.146609121468
0.146567189271
0.146609128778
0.146619567966
0.146658433255
0.14668975305
0.146790322354
0.146767313462
0.146774399596
0.146775085747
0.146746233035
0.146771919538
0.146843303379
0.146828905821
0.1468545322
0.146891719515
0.146990204459
0.147059209067
0.147148882642
0.147205579913
0.147171591313
0.14727911785
0.14735763112
0.147494073567
0.147582588866
0.147562029516
0.147543926921
0.147518053893
0.147662664005
0.147758683225
0.147795275687
0.147899594721
0.14798506891
0.148017254613
0.148078165026
0.148152671986
0.148172022448
0.148160185639
0.148229929936
0.148309043094
0.148312704625
0.148371066539
0.148395361449
0.14849382113
0.148565768043
0.148604905411
0.148683602921
0.14864982577
0.148748718224
0.148840985257
0.148865557952
0.14891312616
0.148936276141
0.149030630264
0.14911719827
0.149114561044
0.149172228819
0.149256877575
0.149288784036
0.149267348036
0.149449074348
0.149502856669
0.149477049568
0.149425450226
0.149560765082
0.149555599567
0.149517372016
0.149557180604
0.149659381934
0.149651712962
0.149739966469
0.149898853105
0.149861699383
0.149881918582
0.149873746718
0.149966907375
0.150009816788
0.150065550972
0.15008394189
0.150075227558
0.150095493831
0.15009345516
0.150089664014
0.150181910615
0.15022826515
0.150215289229
0.150158671743
0.15022766731
0.150233579159
0.15019401622
0.150310967339
0.150275260242
0.150281338556
0.150302037817
0.150444234054
0.150532347029
0.150509171989
0.150523900046
0.150586761783
0.150604493648
0.150563582877
0.15061455282
0.150611277184
0.150622787513
0.150696380823
0.150768436501
0.150764155349
0.150779593997
0.15081243431
0.15084302529
0.150823104681
0.1508991592
0.150872921314
0.150830411464
0.150899689911
0.150983973698
0.151082758256
0.151059972505
0.151060239829
0.151133892919
0.151243963868
0.15130269293
0.151351803888
0.151467169457
0.151587973907
0.151659774347
0.151795144885
0.151800934453
0.15182705571
0.151830843037
0.151805485822
0.151947328058
0.152008357233
0.152044860216
0.152041692045
0.152023596376
0.152070644058
0.152114437404
0.15212164395
0.1523479923
0.152298229174
0.152335291222
0.152343350514
0.152360843906
0.152439214433
0.152431141533
0.15252139302
0.152698279674
0.152668244452
0.152815083689
0.152753786174
0.152841303014
0.152797806574
0.15281978704
0.152802875333
0.152872519984
0.152846587565
0.152860110441
0.153001584112
0.153054030939
0.153095744371
0.153130596409
0.153202885074
0.1532423237
0.153401710423
0.153404444988
0.153506217863
0.153645441269
0.153715867298
0.153767603705
0.153778905373
0.153743361553
0.153915384613
0.154064024255
0.154083549166
0.154175854083
0.154261928478
0.154336154562
0.154364350714
0.154559236111
0.154590484307
0.154580314595
0.154707691856
0.154765186766
0.154917584611
0.154949510922
0.154946966439
0.155061332035
0.155141073801
0.155121498045
0.155122143482
0.155125548417
0.155106754015
0.155048343597
0.155025353044
0.155023413733
0.154981246169
0.155057859998
0.155100657683
0.155096216594
0.155066825322
0.155031370796
0.155130212589
0.155141684988
0.155405624715
0.155424280014
0.155374244603
0.155469867388
0.155418182771
0.155402964195
0.155388567814
0.155357973693
0.155360442809
0.155395698345
0.15540101275
0.155400109551
0.155404754702
0.155390393499
0.155450887725
0.155508193892
0.155644028812
0.155788044536
0.155809964788
0.155853075659
0.155893114716
0.155940023545
0.155980359451
0.155962789402
0.156005209158
0.156038325668
0.156043559229
0.156113402023
0.156100274183
0.156055612027
0.156042637287
0.156062674139
0.156132729535
0.156266695363
0.156303332115
0.156602023629
0.156730233542
0.156835678506
0.156783692809
0.156844464462
0.156943807078
0.157009101019
0.157113155216
0.157089590855
0.157104092932
0.157160802003
0.15725323124
0.15725787642
0.157248168036
0.157218586266
0.157208167214
0.157280668633
0.157264054357
0.157322608725
0.157302250122
0.15732551044
0.157357946389
0.157383697085
0.157422986606
0.157393779804
0.15738985702
0.157447611706
0.157571569192
0.157635068544
0.157717049153
0.157669127734
0.157716782895
0.157669028594
0.15772638594
0.157711059452
0.15768601865
0.157644846642
0.157656092658
0.157619088759
0.15763125183
0.15758937584
0.157584177706
0.157628231109
0.157649942474
0.157733023183
0.157861306381
0.157888185238
0.157909470697
0.157837233455
0.157868369498
0.157855976731
0.15806627594
0.158101416357
0.158182144685
0.15827959956
0.158345736201
0.158364260758
0.158347785722
0.158348801766
0.158331199248
0.158386077285
0.15839654934
0.158530402138
0.158643021233
0.15865609185
0.158708913916
0.158817577466
0.158840759392
0.158851428175
0.158889762753
0.158919804872
0.158905759657
0.158915271847
0.158997229126
0.158973716165
0.159074078758
0.159111897811
0.159132958055
0.159101094724
0.159250092778
0.159269963762
0.15937387291
0.159339919306
0.159528104028
0.15956428878
0.159577015963
0.159553185746
0.159556671702
0.159532342588
0.159535919293
0.159642449964
0.159600875133
0.15956584079
0.159635720769
0.159622324496
0.159617635852
0.159635428856
0.159701348135
0.159718049411
0.159655142309
0.159647671678
0.159703294049
0.159745496325
0.159795581027
0.159792221012
0.159883382144
0.159847916122
0.159841762358
0.159820457404
0.159839002874
0.159851019183
0.159851899918
0.159892107935
0.159956096894
0.160033635644
0.16008479404
0.160141505753
0.160158156078
0.160165904447
0.160176747087
0.16025643015
0.160266949287
0.160378152761
0.16045793348
0.16052145701
0.160493832925
0.160440056113
0.160424055748
0.160470891678
0.160428839579
0.160445304559
0.160450698629
0.160517633668
0.160502135067
0.160467973772
0.160581140999
0.160550771198
0.160520400888
0.16049608352
0.160566539416
0.160533716828
0.160525949961
0.160568604013
0.160701935788
0.160681962244
0.160797145996
0.160826995519
0.160941606271
0.160995331603
0.160985006944
0.161095108997
0.161155477243
0.161186563667
0.161277181944
0.161228214843
0.161183652441
0.161206057921
0.161213650321
0.161359599052
0.161326846686
0.161376412516
0.161443624784
0.161458653018
0.161514398258
0.161565322886
0.16160726148
0.161618764323
0.16169219716
0.161718710019
0.161776837653
0.1617914044
0.161819105922
0.161896492234
0.16194939241
0.16192101632
0.16193306976
0.161999306182
0.162005583748
0.16199413651
0.161946581544
0.162048085232
0.162042808974
0.162146893441
0.162144286662
0.162118250893
0.162127188592
0.162243576438
0.162235448091
0.16228693646
0.162273578924
0.16232584257
0.162555701568
0.162588034027
0.162563782799
0.162555362863
0.162566308643
0.162535851889
0.162579193544
0.162539071918
0.162581281021
0.162569634072
0.162578010394
0.162566216569
0.162667055955
0.162673574326
0.162763457414
0.162745672756
0.162768057104
0.162771160987
0.162731251117
0.162706037389
0.162829667884
0.162852036455
0.162848661603
0.162840397711
0.162855005358
0.162907615676
0.162899538195
0.162962614587
0.162995091506
0.163053626223
0.163072543251
0.163074298695
0.163085158511
0.163049325931
0.163128937757
0.163096525231
0.163071034743
0.163091778361
0.16312347501
0.163139655403
0.163268186242
0.163270576306
0.163243848107
0.163275753721
0.163237811548
0.163210606005
0.16318123464
0.163228376712
0.163256292771
0.163276384165
0.16328816146
0.16325588299
0.163232316097
0.163240248182
0.163296495283
0.163353395181
0.163342730721
0.163332727191
0.16332964539
0.16332780766
0.163332683786
0.163279462564
0.16329004943
0.16335341446
0.163323332647
0.163340590301
0.163417181434
0.163415791471
0.163384701773
0.163377354168
0.163404293264
0.163453082026
0.163454209646
0.163487793725
0.163462228186
0.163459993702
0.163421665189
0.163434832556
0.163376174985
0.163372214886
0.163376195136
0.163396373064
0.163369134153
0.163347182978
0.16340221395
0.163380837396
0.163400225997
0.163410581263
0.163376251527
0.163364940146
0.163340195507
0.163369044814
0.163336927389
0.163394686296
0.163392779255
0.163458873533
0.163454653883
0.163458274855
0.163451146624
0.163464330333
0.163440087228
0.163421113924
0.163385578006
0.163361663649
0.163334644181
0.163341145655
0.163362962605
0.163367856086
0.16334804622
0.163422137493
0.163482766095
0.163572735724
0.163588793821
0.163606023037
0.163684531356
0.163668519787
0.163754685285
0.16379650508
0.163796267244
0.163770755633
0.163796525636
0.163791445829
0.163767868332
0.16391614923
0.163933408975
0.163999689656
0.164139764621
0.164205347322
0.164221482492
0.164296847796
0.164405331792
0.164415503002
0.16442947408
0.164438485725
0.164398744538
0.164394008659
0.164477105455
0.164537947601
0.164546419874
0.164592644774
0.164611440909
0.164593818312
0.164595728764
0.164630312574
0.164677056055
0.164768537365
0.164752226102
0.164824630596
0.164837188905
0.164884018407
0.16490565153
0.164878294549
0.164911627846
0.164884347161
0.164903320483
0.165014567976
0.165007039597
0.165006346839
0.165002655681
0.164970814138
0.164968405131
0.165020526248
0.165031221145
0.165058669971
0.165066277783
0.165065669744
0.165170343332
0.165150846096
0.165169620226
0.165184048101
0.165209338372
0.165344716959
0.165350439764
0.165326911076
0.165387367963
0.165384942345
0.165375119931
0.165441690277
0.1654240576
0.16543910183
0.165498814692
0.165499776004
0.165526946317
0.165556068966
0.165725629595
0.165780187623
0.16587358587
0.165851572772
0.16588046254
0.165861500185
0.165931107363
0.165976091209
0.165967169186
0.165990523185
0.166048894039
0.166087305471
0.16605963173
0.166078304909
0.166195122241
0.166220827795
0.166234895583
0.166255547436
0.166246567933
0.166231943089
0.166291581403
0.166304816009
0.166428685823
0.166474554281
0.166532219512
0.166515234553
0.166560956555
0.166594497408
0.166567483582
0.166587207362
0.166619379256
0.16661003026
0.166646057934
0.166638979487
0.166654678704
0.166624742698
0.166668612391
0.166729838478
0.166809203355
0.166857865232
0.166885680666
0.1668991628
0.16689626601
0.166896117271
0.166910485871
0.166929938469
0.166955937398
0.166987741467
0.16695345425
0.167002820621
0.167020848939
0.167077667865
0.167047154425
0.167047588971
0.167050213422
0.167029283161
0.167048673525
0.167027378345
0.167022369729
0.167028067245
0.166988627605
0.167010706376
0.166968689167
0.166943513789
0.16698039323
0.167011440327
0.167025187784
0.167013341096
0.167036496749
0.167051365864
0.167077468409
0.167059830589
0.167108256131
0.167098381322
0.167047809092
0.167102828462
0.16711059987
0.167180258997
0.167179568228
0.167231452564
0.167234930277
0.167264610743
0.167311652424
0.16733268415
0.167310640378
0.16736394054
0.16737427791
0.167409759464
0.167401660605
0.167539172464
0.167486056233
0.16749201156
0.167501251556
0.167625608391
0.16762251945
0.167634856235
0.167631329556
0.167632709307
0.167707301157
0.167702473851
0.167693665587
0.167711870985
0.167715366187
0.167727118272
0.167756763013
0.167751661268
0.167751695437
0.167717916365
0.167725611929
0.167804330234
0.167802734076
0.167806347652
0.167817248888
0.167916723967
0.167872507356
0.167846569072
0.167813043738
0.167803573128
0.167796045899
0.167770610346
0.167772486778
0.167764420625
0.16782738176
0.167814658602
0.167789605097
0.167797024773
0.16777865667
0.16786042809
0.167920316545
0.167895265087
0.1679488397
0.167996959879
0.168042704542
0.168037851294
0.168071847409
0.168135933088
0.168190111754
0.168153398491
0.168185935297
0.168228063483
0.168244606464
0.168207563418
0.168175847764
0.168163293747
0.168137789331
0.168120617893
0.168155065141
0.168137620488
0.168177528481
0.168249290958
0.168239560376
0.168274107586
0.168325933487
0.16832082348
0.168407571973
0.168397104166
0.168418051217
0.168422471498
0.168488543235
0.168510047053
0.168511831631
0.16851406916
0.168515041417
0.168496986034
0.168512684271
0.168523149557
0.16852516699
0.168498011924
0.168532656308
0.16857312611
0.168608530188
0.168613581317
0.168659928408
0.168688718863
0.168713273747
0.168756376729
0.168722016445
0.168689936368
0.168727937753
0.168740953484
0.168747105783
0.168737861773
0.168784567495
0.168778338254
0.16882354079
0.168808224088
0.168796459672
0.168830337224
0.168818294915
0.168846374541
0.168936232903
0.168935198198
0.168948197247
0.168952154767
0.168965327103
0.169059272987
0.169053408451
0.169074528653
0.169098488027
0.169106660314
0.169122059969
0.169091252423
0.16916107601
0.169172244308
0.169189188507
0.169161199849
0.169208679607
0.169244620143
0.169242389651
0.169308961477
0.169314850241
0.169371392449
0.169388636386
0.16936664332
0.169395081504
0.169387957233
0.169404950058
0.169450369524
0.169418703341
0.169421813402
0.169403910932
0.169401282086
0.169410739545
0.169381338704
0.169377424327
0.169378646221
0.16944337958
0.169416493621
0.169394344384
0.16936918347
0.169483483125
0.169543737305
0.169537198285
0.169515027557
0.169523890567
0.169542824865
0.169549587738
0.169508075035
0.169521999123
0.169551949183
0.169581390834
0.169603975715
0.169640202353
0.169727835557
0.16975587472
0.169744650013
0.169790036493
0.169811682367
0.169788348698
0.169785521344
0.169802517308
0.169917211104
0.169938840818
0.169920374078
0.169914108849
0.169880434117
0.169863575647
0.169838662287
0.169847398399
0.169897146552
0.169999643943
0.169985478596
0.169978823808
0.16999401948
0.169974835829
0.169966736147
0.170035930004
0.170021661793
0.169994701577
0.169966448396
0.169939168522
0.169909174927
0.169962675142
0.169941036236
0.169979858307
0.169974769446
0.170005462711
0.170033069615
0.170069738577
0.170045712074
0.170017512373
0.170020129107
0.170030419997
0.17001422905
0.170074980783
0.17008924602
0.17010674317
0.17016331933
0.170164427704
0.170155719192
0.170150737289
0.170152653358
0.17018658509
0.170178067052
0.170233717258
0.1702196412
0.17029311416
0.170308574946
0.17038635157
0.170387978989
0.170392542049
0.170395212427
0.170392528566
0.170449103162
0.170506966159
0.170513920511
0.170494805126
0.170491187866
0.170543557904
0.170533178618
0.170506560722
0.170529012475
0.170535694659
0.170583867968
0.170593582184
0.170568956954
0.170592957976
0.170596679792
0.170562877324
0.170577818441
0.17063571717
0.170606433909
0.170552999115
0.170549266714
0.17055994135
0.170556611627
0.170583504695
0.170558233963
0.170533207193
0.170568815289
0.170550780196
0.170654370566
0.170693832413
0.170659800245
0.17067748021
0.170708398041
0.170717312315
0.170734392363
0.170722377531
0.170796364807
0.170811663345
0.170836708734
0.170829192997
0.170915612631
0.17087492675
0.17086738612
0.170887693628
0.170912818922
0.17091355295
0.170960660687
0.170950139601
0.170945091294
0.170926661958
0.170909459762
0.170956777841
0.170976609993
0.170954469451
0.170947123027
0.170995218467
0.171036449117
0.171026803976
0.171030153526
0.171011902003
0.170981431824
0.170968669371
0.170935585232
0.170924036684
0.170972975236
0.17103293697
0.171015855429
0.171059665452
0.171109004282
0.171096357267
0.171073877873
0.171107151476
0.171117245813
0.171123066506
0.171115488381
0.171079306979
0.171060974284
0.171056191238
0.171032414244
0.17101041732
0.17099784254
0.170965887941
0.171025759825
0.171023878006
0.171052390005
0.171032354806
0.171053715277
0.171063042247
0.171114290755
0.171139986274
0.171107978443
0.171148276234
0.171114247729
0.171074577753
0.171053789364
0.171018735268
0.171069201298
0.17105721012
0.171060960531
0.17108519401
0.171072590992
0.171066690263
0.171041948647
0.171091321711
0.171100867165
0.171143210966
0.171118745038
0.171149346707
0.171154658138
0.171170859806
0.171185782781
0.171165898763
0.171241740444
0.171257435686
0.171222839208
0.171239151698
0.171208620546
0.171216090972
0.171241304513
0.171240246636
0.171216425135
0.171184830231
0.171165016254
0.171145901197
0.171136317243
0.171152735196
0.171111556542
0.171084615964
0.171127222234
0.171188526263
0.171153350238
0.171136071007
0.171108261095
0.171112721525
0.171141347763
0.171160052639
0.171162412008
0.171139544562
0.171133985777
0.171149256353
0.17122085982
0.171231520048
0.171245756737
0.171265065457
0.171251048061
0.171317108059
0.171354689776
0.171372998871
0.171405672662
0.171421381807
0.171488528847
0.171494918509
0.171506243374
0.171555483188
0.171586447061
0.171601632514
0.171600955806
0.171588976535
0.171603697608
0.171630949617
0.171629686073
0.171683106033
0.171683484575
0.17171928127
0.171714772042
0.171716813053
0.171705203678
0.171713927471
0.171755735594
0.171738957983
0.171790002523
0.171846118131
0.171894505527
0.171937624998
0.171948374247
0.172023485616
0.172038771519
0.172027321368
0.172031705157
0.172059299207
0.172050586609
0.172066876354
0.172060588439
0.172071674459
0.172067920804
0.172091522195
0.172088505187
0.17211394987
0.172100731482
0.172133880836
0.172182764594
0.172220387063
0.172235618942
0.172222747039
0.172206379706
0.172256309078
0.172268902465
0.172247692765
0.172232107578
0.172267829114
0.172262995665
0.172246083361
0.172239668107
0.172258676687
0.172238893896
0.172207219336
0.172185239786
0.172213269368
0.172225572892
0.172263510147
0.172274664763
0.172274661217
0.172299249151
0.172312805179
0.172294265709
0.172266722098
0.172264609565
0.172280969899
0.172288290092
0.172307804576
0.172367660666
0.172363977854
0.17235133552
0.172362586015
0.172331310253
0.172344817641
0.172359583248
0.172342172113
0.172328547947
0.172284756447
0.172316190362
0.172315604467
0.172286796228
0.172241470333
0.172241546692
0.172224491671
0.172226281562
0.172303509994
0.172284474737
0.172285105179
0.172255254034
0.172285844519
0.17225216126
0.172230983704
0.172219624779
0.172185695003
0.172198442971
0.172167224088
0.172175904224
0.172174081949
0.172177155841
0.17224198416
0.172262385069
0.1722897419
0.172286721416
0.172289425202
0.172343706942
0.172333493879
0.172402428078
0.172434264714
0.172459278365
0.172507597544
0.172494584289
0.172560366728
0.172621568368
0.172672982321
0.172710397475
0.172699196603
0.172696744235
0.172767130685
0.172762556765
0.172762574412
0.172729503276
0.172708021011
0.172698032831
0.172670096138
0.172689284562
0.172666731585
0.172713563666
0.172797451451
0.172781232643
0.172803454974
0.172843182244
0.172843769806
0.17287843733
0.172863362627
0.17285635432
0.172849686173
