
row1col1
West 5.47060672391e-09
East 3.51002028708e-07
North 8.00251573332e-09
South 1.49890056433e-05

row1col2
West 3.68278425275e-09
East 3.89997055168e-07
North 2.15943394443e-05
South 0.000132859182881

row1col3
West 4.0591461862e-08
East 1.21252168198e-08
North 8.3728328662e-06
South 0.000327859093381

row1col4
West 9.01213255225e-07
East 0.0168314793995
North 0.000968749889559
South 0.00153130066893

row1col5
West 0.000997778991301
East 0.0065111908957
North 0.0326262794404
South 0.080197448526

row1col7
West 9.55935714119e-05
East 0.000891484752937
North 0.000457433664724
South 0.0068372115704

row1col8
West 0.000248030676226
East 0.130274902847
North 2.34379584034e-09
South 5.47886460551e-08

row1col9
West 0.0092301683946
East 0.0169448846571
North 0.199168257778
South 0.385363385842

row1col10
West 0.0273505604763
East 0.000288475905576
North 0.022087801837
South 0.163395851525

row1col11
West 0.0234273292111
East 0.000468399870413
North 0.0
South 0.00348340397953

row1col13
West 0.0328387153055
East 0.0225315009989
North 0.0393482888672
South 0.536527919566

row1col14
West 0.0419473371421
East 0.0572802993081
North 0.061670493473
South 0.429228666324

row1col15
West 0.0151375483219
East 0.00229792309842
North 0.0844310096006
South 0.459639912337

row1col16
West 0.0171813585938
East 0.0102015845503
North 0.0425269914277
South 0.352554895154

row1col18
West 0.0131948310104
East 0.0056205054972
North 0.114291713655
South 0.583515853681

row1col19
West 0.278740393434
East 0.00265604590805
North 0.000800223847577
South 0.0253579972789

row1col20
West 0.0844354842066
East 0.00136085646036
North 0.00282220248809
South 0.0020346949722

row1col21
West 0.0138109943607
East 0.000429255507114
North 0.000308999574934
South 0.00115946850602

row1col22
West 0.00276059951401
East 0.000363324627305
North 4.84503630698e-05
South 0.00092685624194

row2col1
West 8.15661296572e-07
East 0.000344136569632
North 2.8054393456e-09
South 4.7181572032e-07

row2col2
West 5.36956200383e-07
East 7.41922465005e-05
North 7.85392464643e-06
South 0.00304697040334

row2col3
West 2.82640602227e-05
East 0.0004848203425
North 2.25520276767e-06
South 0.00547957562254

row2col4
West 5.54695627026e-06
East 0.0403003138745
North 0.000990757011567
South 0.000750809743521

row2col5
West 0.000653699547366
East 0.0121163858628
North 0.0269882757373
South 0.227646548908

row2col7
West 0.0011052868431
East 7.77100454916e-08
North 0.000520458679418
South 0.0628094146792

row2col8
West 0.00158413128567
East 0.159015759796
North 0.00666943705966
South 6.98417715828e-08

row2col9
West 0.0324261843804
East 0.0832138430995
North 0.198494292554
South 0.53175673948

row2col10
West 0.371292031763
East 0.0234948868169
North 0.0123291593014
South 0.0746274090879

row2col11
West 0.138449672896
East 0.0353691120877
North 0.00120522622998
South 0.00154693778766

row2col13
West 0.670807752466
East 0.651831698029
North 0.139673398129
South 0.854950855761

row2col14
West 0.416226411112
East 0.985094874618
North 0.129131047668
South 0.571986980122

row2col15
West 0.0
East 0.0
North 0.0
South 0.0

row2col16
West 0.993767863979
East 0.522236952841
North 0.0243694038565
South 0.196844875666

row2col17
West 0.920554183572
East 0.486524187478
North 0.104741539966
South 0.291512037592

row2col18
West 0.815485934083
East 0.241726597668
North 0.134941303187
South 0.0183284029006

row2col19
West 0.581985085966
East 0.08947091668
North 0.0166307678304
South 0.000148768045448

row2col20
West 0.312758024449
East 0.0100468698053
North 0.00433894392147
South 0.00395320648628

row2col21
West 0.0876487897251
East 0.00156214076906
North 7.70711835651e-05
South 7.20873847726e-10

row2col22
West 0.0150169329202
East 0.00194987245922
North 0.000158762240892
South 5.93389241669e-05

row3col1
West 4.27573087218e-05
East 0.00186727713977
North 1.10414610331e-07
South 8.74834799776e-05

row3col2
West 0.000219503240088
East 0.02021458966
North 9.55336940509e-05
South 0.000634604425975

row3col3
West 0.00118635945498
East 0.0870577601593
North 3.57389174215e-05
South 0.00136765205749

row3col4
West 0.00458063309669
East 0.248370867844
North 0.00134694278362
South 0.0268315227223

row3col5
West 0.0483403367968
East 0.046106841374
North 0.0878113057157
South 0.402126327036

row3col7
West 0.0614139671387
East 0.207774662167
North 0.000278256062348
South 0.014913074635

row3col8
West 0.0386006891354
East 0.386028579691
North 0.018676073622
South 0.0110461392221

row3col9
West 0.0786083077302
East 0.12834877706
North 0.314184397082
South 0.593802977183

row3col10
West 0.421019213201
East 0.00841153994859
North 0.00137771717394
South 0.00715789623258

row3col11
West 0.104884335969
East 0.00253197580628
North 0.000622586251538
South 0.00135604387394

row3col13
West 0.857331732563
East 0.9025
North 0.793126606118
South 0.808874222403

row3col14
West 0.85704692435
East 0.95
North 0.88018671325
South 0.894768948575

row3col15
West 0.892169974455
East 0.818767345569
North 1.0
South 0.949244678685

row3col16
West 0.931988863323
East 0.395823605883
North 0.340183813112
South 0.195887136214

row3col18
West 0.000667093932012
East 0.00607812865439
North 0.174075572291
South 0.0109461220229

row3col19
West 0.00975181036325
East 0.00278797447409
North 0.114149857747
South 5.62365070323e-05

row3col20
West 0.0171117347461
East 0.00136759246226
North 0.074354480007
South 0.00194883131329

row3col21
West 0.0108738366774
East 0.000141491940322
North 2.29246770727e-05
South 0.000167776112234

row3col22
West 0.00142247004154
East 5.0196052372e-05
North 1.11565877564e-05
South 5.67838552148e-05

row4col5
West 0.0752463992352
East 0.0257531784859
North 0.148417380091
South 0.488658538063

row4col9
West 0.332331636146
East 0.334101093443
North 0.395112533408
South 0.629953495497

row4col13
West 0.812815397187
East 0.812123554683
North 0.857375
South 0.773496026481

row5col1
West 4.36179570177e-07
East 0.000117356576904
North 1.52595982637e-07
South 0.0

row5col2
West 4.36146367042e-07
East 1.6037435456e-05
North 3.47224253749e-06
South 0.00169064462775

row5col3
West 7.62248732488e-07
East 4.61251038871e-06
North 4.75971663764e-05
South 0.00127605523459

row5col5
West 0.471674798256
East 0.540135704955
North 0.160248376111
South 0.231389639696

row5col6
West 0.506488206092
East 0.568800092246
North 0.473884739785
South 0.42061433113

row5col7
West 0.532902459517
East 0.598736939236
North 0.470265692651
South 0.261686610014

row5col8
West 0.563580978777
East 0.630249409725
North 0.554624530344
South 0.459178870958

row5col9
West 0.597655486389
East 0.663420431289
North 0.541231136938
South 0.51098974314

row5col10
West 0.629730080239
East 0.698337296094
North 0.634233811809
South 0.592350544491

row5col11
West 0.661083856679
East 0.735091890625
North 0.671676982745
South 0.595382805141

row5col12
West 0.697406613151
East 0.7737809375
North 0.723182622821
South 0.679107157643

row5col13
West 0.734357016319
East 0.734491482552
North 0.81450625
South 0.73459650557

row5col14
West 0.7737809375
East 0.693485461988
North 0.706829396655
South 0.608013327354

row5col15
West 0.735091890625
East 0.658515290337
North 0.676288051114
South 0.495880348263

row5col16
West 0.698337296094
East 0.620061453773
North 0.589112925024
South 0.558210180318

row5col17
West 0.663420431284
East 0.545147693532
North 0.52521597674
South 0.495371432722

row5col18
West 0.620481023089
East 0.449827381513
North 0.161622245183
South 0.175319438001

row5col20
West 1.63019284923e-12
East 9.28607948602e-05
North 1.43430287993e-10
South 0.0109643412242

row5col21
West 2.78502591794e-10
East 1.5958142538e-06
North 0.00014576557052
South 0.0138883552365

row5col22
West 1.02830843344e-07
East 1.58743018282e-06
North 1.46682816153e-06
South 0.00319864588101

row6col1
West 1.05302541815e-08
East 0.000241349466953
North 1.46225804052e-06
South 0.0

row6col2
West 1.14667289145e-05
East 0.000197230719918
North 4.9651845579e-06
South 0.0120513602882

row6col3
West 7.2885184332e-20
East 2.41334105694e-05
North 4.36136729317e-05
South 0.0290175164397

row6col5
West 0.145018980818
East 0.473364559131
North 0.154453338696
South 0.0380800394505

row6col6
West 0.257301270148
East 0.311501201247
North 0.540360086632
South 0.440801395972

row6col7
West 0.13711489936
East 0.51691100016
North 0.229320274776
South 0.2108290123

row6col8
West 0.129469427944
East 0.207736460985
North 0.59591055387
South 0.400792977432

row6col9
West 0.280943041787
East 0.214928820748
North 0.610546431182
South 0.17893734444

row6col10
West 0.250631107857
East 0.235681487256
North 0.662976314465
South 0.270068286872

row6col11
West 0.139569555768
East 0.323915886179
North 0.686381193743
South 0.248215502671

row6col12
West 0.284919553132
East 0.303220316185
North 0.732736865903
South 0.415973494729

row6col13
West 0.37422248247
East 0.267619903534
North 0.773731357413
South 0.663240459734

row6col14
West 0.251366117736
East 0.200042373614
North 0.720507435303
South 0.405565267038

row6col15
West 0.211973917897
East 0.14647681222
North 0.658360795829
South 0.22899822436

row6col16
West 0.177263544361
East 0.328741532274
North 0.656075749372
South 0.187223392648

row6col17
West 0.478473026645
East 0.43199908516
North 0.630249409652
South 0.546065411362

row6col18
West 0.588194697856
East 0.138607305827
North 0.204379846407
South 0.125251649657

row6col19
West 0.470663917226
East 0.0213626864549
North 0.0163427139043
South 0.0198149944302

row6col20
West 0.282664548886
East 0.0185988926037
North 0.000160062956516
South 0.00188195161561

row6col21
West 0.120040710369
East 0.00587754360243
North 0.000634991644787
South 0.00116456556082

row6col22
West 0.0378180946163
East 0.00770219221732
North 0.000101395798309
South 0.000246704550107

row7col1
West 1.19563405078e-05
East 0.00277297932304
North 1.24261327896e-10
South 3.05513330736e-06

row7col2
West 2.74395551406e-05
East 0.0531393798141
North 4.48338485028e-16
South 0.00110600972252

row7col3
West 0.00216914172262
East 0.00269938118321
North 0.00145911161779
South 0.15356060664

row7col5
West 0.0340707215036
East 0.407138619679
North 0.0703416194739
South 0.0303645996118

row7col6
West 0.229896847326
East 0.377833019518
North 0.513342070936
South 0.424764865782

row7col10
West 0.0765917745813
East 0.146133498634
North 0.618789540617
South 0.201331341397

row7col17
West 0.467974590427
East 0.346458725792
North 0.598736937975
South 0.518612894617

row7col18
West 0.509897701675
East 0.175560504199
North 0.128202390293
South 0.065498274779

row7col20
West 5.44162667228e-05
East 2.27459213501e-06
North 0.0518717723635
South 0.00451746134192

row7col21
West 0.000306075653223
East 0.000116289913595
North 0.0192034021646
South 0.000339530634578

row7col22
West 3.08811252834e-05
East 7.52345534329e-07
North 0.00742906031574
South 8.76907051841e-05

row8col1
West 0.000530993390355
East 0.00650243928482
North 1.56317552792e-06
South 2.80372743801e-05

row8col2
West 0.000329195952688
East 0.0544824993406
North 0.000383402522014
South 0.00046385760521

row8col3
West 0.00375206759177
East 0.289103561333
North 0.00425544270925
South 0.0203975394033

row8col4
West 0.0303539763056
East 0.390961049961
North 0.051831075236
South 0.0598429820713

row8col5
West 0.0566433468897
East 0.457525199177
North 0.0238919314392
South 0.048350411476

row8col6
West 0.303040457264
East 0.34564113481
North 0.48767487869
South 0.391694949165

row8col8
West 0.00033605687838
East 0.0248770693975
North 1.55307802646e-08
South 1.168139087e-06

row8col9
West 0.00123230447132
East 0.21921210086
North 7.74703013153e-06
South 1.34326271863e-08

row8col10
West 0.0210378136636
East 0.0788531366335
North 0.548527728854
South 0.100831679671

row8col11
West 0.415510578186
East 0.0325330546953
North 0.000250420296676
South 0.00544869472192

row8col12
West 0.249380752375
East 0.00949091725339
North 0.00975196291814
South 0.000306084951044

row8col13
West 0.0865741176942
East 0.00179680817874
North 0.00172445726244
South 2.66629645523e-06

row8col14
West 0.0219948030363
East 6.58461860893e-05
North 1.03244018522e-05
South 4.93359550401e-05

row8col15
West 0.00195759916862
East 4.2797245173e-05
North 2.30676844298e-06
South 4.68495522697e-08

row8col17
West 0.444242460719
East 0.259907427665
North 0.568800082608
South 0.497096447676

row8col18
West 0.451686165989
East 0.0918617522342
North 0.0469380848578
South 0.110300773585

row9col5
West 0.0430325878116
East 0.347518508994
North 0.0731769204462
South 0.020115044965

row9col6
West 0.15577079407
East 0.235271329466
North 0.46328975148
South 0.346613445574

row9col8
West 3.65940306137e-11
East 0.00123825722705
North 4.79060632553e-05
South 1.16820637306e-06

row9col9
West 2.52838281857e-09
East 0.0339948531845
North 0.00670366864386
South 2.60357337482e-08

row9col10
West 0.000281701449893
East 0.00145080399292
North 0.274998113381
South 0.0572910167013

row9col11
West 1.80027577992e-07
East 0.000715337957833
North 0.080006697208
South 6.68902242638e-06

row9col12
West 0.00157014307718
East 8.42020917269e-10
North 0.0351752004655
South 4.08139042854e-07

row9col13
West 0.00175889108116
East 2.14951126323e-05
North 3.95408931654e-08
South 3.13682711073e-05

row9col14
West 9.16630612106e-06
East 2.27368380721e-09
North 0.00265134619656
South 3.95533969965e-06

row9col15
West 6.40581824793e-05
East 1.33982288076e-07
North 0.0
South 1.89906740941e-13

row9col17
West 0.429607898297
East 0.273411333515
North 0.54036003908
South 0.454238537692

row9col18
West 0.447700164498
East 0.140717861984
North 0.0479370316115
South 0.0374572240351

row9col20
West 3.15748294109e-07
East 3.49099921411e-05
North 0.0
South 3.02645590825e-08

row9col21
West 2.38004296395e-07
East 7.78278290537e-07
North 2.02001416665e-05
South 0.000423792732859

row9col22
West 3.18031166483e-05
East 6.56834027599e-07
North 2.56491308236e-07
South 9.66039274998e-26

row10col1
West 2.78640482595e-07
East 0.000164767413347
North 9.18774184832e-08
South 7.40847628636e-06

row10col2
West 5.02013052237e-07
East 0.00330089469778
North 5.48209992468e-06
South 4.50585573209e-05

row10col3
West 3.04870130104e-12
East 1.64216590331e-05
North 7.45493541194e-05
South 0.0323481192343

row10col5
West 0.0325652262799
East 0.329579417291
North 0.0720569060451
South 0.048476197807

row10col6
West 0.189431322967
East 0.232760993186
North 0.44011645623
South 0.327237413296

row10col17
West 0.394555915692
East 0.198529552586
North 0.513341852465
South 0.444191082564

row10col18
West 0.379210340729
East 0.0597372894298
North 0.040157843779
South 0.0417933600968

row10col20
West 5.99669289005e-07
East 0.000597068205494
North 0.0
South 8.70212926964e-06

row10col21
West 9.26926635418e-07
East 2.56687089538e-07
North 2.86257490846e-05
South 0.00423196872236

row10col22
West 3.21700232449e-05
East 4.12149817949e-08
North 6.06848651986e-08
South 6.84360436021e-09

row11col1
West 5.14138616086e-05
East 0.000927726300177
North 1.62868485522e-07
South 9.43500006051e-09

row11col2
West 3.26745596826e-05
East 0.0173840782169
North 3.24380474901e-06
South 6.59436355033e-06

row11col3
West 0.000715893996673
East 0.12379684453
North 0.000335332026997
South 2.71164955693e-06

row11col4
West 0.00187597476851
East 0.247397909655
North 0.00513246445289
South 0.0100869244151

row11col5
West 0.0097083561691
East 0.364051772434
North 0.0532663018223
South 0.0128998061709

row11col6
West 0.106570822835
East 0.234239465725
North 0.418073559415
South 0.287591177958

row11col8
West 0.0
East 3.93316698642e-08
North 0.0
South 2.49756520949e-06

row11col9
West 5.85046150196e-29
East 1.45735056188e-14
North 9.19665750917e-08
South 8.44538228488e-05

row11col10
West 1.4717998599e-07
East 1.96612973974e-11
North 0.0
South 0.0

row11col12
West 6.13303746927e-07
East 0.00255070439666
North 0.0
South 4.91275492676e-11

row11col13
West 4.55631466489e-08
East 3.65521185344e-05
North 0.000314111819711
South 0.0210494307111

row11col14
West 0.000266402321545
East 0.00108540898444
North 0.000572501821381
South 0.0187469060133

row11col15
West 0.000361401115942
East 1.32097137694e-05
North 0.00143509451524
South 0.0449266278227

row11col17
West 0.349283809832
East 0.215797418727
North 0.487673970161
South 0.409425194154

row11col18
West 0.382756739808
East 0.0151175673644
North 0.0511830946692
South 0.0574430815172

row11col20
West 1.20324595182e-05
East 0.00055695527854
North 0.0
South 4.12882199203e-06

row11col21
West 1.37389022044e-08
East 5.6881873073e-06
North 8.64635372425e-05
South 0.018447070897

row11col22
West 0.000603016491071
East 1.44327886125e-08
North 1.49019393244e-06
South 1.39654072076e-05

row12col1
West 9.04211369979e-09
East 9.00736919698e-08
North 2.71934041559e-05
South 7.33292468247e-09

row12col2
West 3.5636943534e-09
East 0.00164254955643
North 0.0
South 1.62975905168e-12

row12col3
West 1.60281225524e-05
East 2.17735500065e-09
North 0.0162836192312
South 1.22406706617e-05

row12col5
West 0.0253276062259
East 0.254447096785
North 0.0283963274595
South 0.00325692907221

row12col6
West 0.101022684607
East 0.153637005127
North 0.396962018275
South 0.187229377772

row12col8
West 3.78037659941e-11
East 9.43998406785e-05
North 5.97295332221e-16
South 8.35556596696e-12

row12col9
West 2.079566223e-09
East 1.50611443763e-20
North 2.07342721136e-07
South 0.00178507617633

row12col10
West 3.30902874328e-06
East 1.50611439728e-20
North 0.0
South 1.50611439728e-20

row12col12
West 0.000682850114179
East 0.00711636452879
North 2.26914181564e-05
South 1.76119137787e-05

row12col13
West 0.000449743166205
East 0.0863159868082
North 7.97333216866e-05
South 0.00372944097281

row12col14
West 0.00932622418023
East 0.199616144678
North 0.000401133055253
South 0.0131930394888

row12col15
West 0.0135714497588
East 0.335930317098
North 0.00163950806863
South 0.0126700547892

row12col16
West 0.0453025572853
East 0.428296155705
North 0.036338415653
South 0.0730914608665

row12col17
West 0.226010999746
East 0.179940003599
North 0.463287384355
South 0.369100734411

row12col18
West 0.346374895877
East 0.118830071205
North 0.0457449447817
South 0.0237665524917

row12col20
West 8.43927759303e-05
East 0.00137459445307
North 1.18973385294e-06
South 5.39586867124e-07

row12col21
West 1.30445094852e-05
East 2.2835834975e-05
North 0.000187416391742
South 0.0506858722246

row12col22
West 0.00201292843527
East 3.20572796372e-06
North 1.55035424443e-09
South 1.53583190856e-06

row13col5
West 0.0225249791516
East 0.225272371647
North 0.0221001507392
South 0.00872865918678

row13col6
West 0.0932182383659
East 0.0640706250118
North 0.376299253672
South 0.180624541311

row13col9
West 2.92942022209e-12
East 2.41215439465e-05
North 7.17943594534e-06
South 0.0140867886815

row13col17
West 0.308148867674
East 0.128371096995
North 0.440106803462
South 0.334751084819

row13col18
West 0.324539237307
East 0.0648995717955
North 0.029765471448
South 0.0172217557893

row13col21
West 4.07724178544e-05
East 0.00394338588461
North 0.000802598861577
South 0.114098734187

row14col1
West 6.56791071467e-05
East 0.00148524824448
North 1.34630853656e-05
South 2.68799921512e-06

row14col2
West 0.000205950008766
East 0.0518007052756
North 0.00320874811381
South 0.000209772739204

row14col3
West 0.00171825464739
East 0.112574273277
North 0.00396693612498
South 8.42633310432e-05

row14col4
West 0.00331137467943
East 0.202067633218
North 0.00700707079276
South 0.000858425784336

row14col5
West 0.00850971768922
East 0.298322421788
North 0.0339336721833
South 0.0106584299583

row14col6
West 0.0893478241793
East 0.1057679299
North 0.355309955721
South 0.135746942014

row14col7
West 0.295696401958
East 0.00219396589812
North 0.0267607579362
South 0.018644519605

row14col8
West 0.167269691794
East 0.00340080572985
North 0.00597298554481
South 0.00431795498676

row14col9
West 0.0630568153334
East 2.8328734612e-06
North 1.16178443443e-06
South 0.000133747647271

row14col10
West 3.61374414281e-06
East 4.73057539134e-05
North 1.24246993203e-08
South 4.66095893445e-06

row14col11
West 1.6081501496e-06
East 0.000336891576757
North 3.44170788811e-06
South 2.29074249806e-06

row14col12
West 6.40901851936e-05
East 0.00484877140935
North 6.36644784891e-05
South 1.60368087115e-05

row14col13
West 0.000105383535914
East 0.0291659252698
North 0.000967840880513
South 0.000225598219563

row14col14
West 0.000811346589345
East 0.10406436613
North 0.00564844489457
South 0.0159445286706

row14col15
West 0.00509129157754
East 0.250755171406
North 0.025854228463
South 0.00416338805853

row14col16
West 0.00875034586831
East 0.376620844761
North 0.0237472060173
South 0.0443732338479

row14col17
West 0.157585549363
East 0.207657279235
North 0.418031550277
South 0.27360883589

row14col18
West 0.390180687429
East 0.0468706193337
North 0.0770775083052
South 0.0316786966859

row14col19
West 0.348423347233
East 0.047672558966
North 0.0290757182373
South 0.0123892675399

row14col20
West 0.286999767813
East 0.0363533348292
North 0.0563348844868
South 0.00649315948188

row14col21
West 0.210249082198
East 0.00629184506293
North 0.00432761111014
South 0.000494609442166

row14col22
West 0.0520628690041
East 0.00928910732045
North 0.000835170117765
South 0.000237802554542

row15col1
West 6.97585616203e-06
East 0.000238123161403
North 3.75935883376e-06
South 1.12629904336e-16

row15col2
West 4.99179368005e-06
East 0.000220458956604
North 0.0188355506588
South 4.90450885517e-05

row15col3
West 4.42005692936e-05
East 0.00387734580414
North 0.00067999194064
South 2.47261612104e-05

row15col4
West 0.000184394325068
East 0.0374565399299
North 0.00128130139444
South 0.00220665777368

row15col5
West 0.00139096613554
East 0.158940583885
North 0.0134812965854
South 0.0134227034745

row15col6
West 0.0349891556029
East 0.0207131257425
North 0.31810637063
South 0.144612762658

row15col7
West 0.253824436933
East 0.0100495346244
North 0.042969617539
South 0.00366391673828

row15col8
West 0.0903554240945
East 0.000780611688064
North 0.00470702741349
South 0.00302925943619

row15col9
West 0.0186216430698
East 3.1175322362e-07
North 0.00218742620551
South 8.83977204003e-07

row15col10
West 0.00179658495182
East 3.67990582166e-06
North 5.82397087349e-07
South 5.37719718767e-09

row15col11
West 9.23549977313e-07
East 0.000382915560127
North 1.46107500164e-05
South 6.03667697997e-06

row15col12
West 6.08850639452e-06
East 0.00536524296945
North 1.26872528818e-05
South 0.00031162093097

row15col13
West 0.000177364758129
East 0.0353955485044
North 0.000355874680059
South 0.000363458202688

row15col14
West 0.00198495508213
East 0.159586196414
North 0.00346797095395
South 0.0010739645877

row15col15
West 0.0348597915928
East 0.332816817085
North 0.0306352711229
South 0.021212029264

row15col16
West 0.0698636557606
East 0.368239213143
North 0.161710332006
South 0.0386370578996

row15col17
West 0.104779527373
East 0.0421685809718
North 0.395619159888
South 0.264598728657

row15col18
West 0.215979728645
East 0.00392814708986
North 0.000315039148328
South 0.00308131687171

row15col19
West 0.000115438462852
East 0.000791474195626
North 0.0931188272538
South 0.00231527553935

row15col20
West 0.000379377181923
East 8.92287089413e-08
North 0.0562530728896
South 0.00133413119258

row15col21
West 0.000637168206929
East 8.42447920107e-05
North 0.0171035207829
South 1.04073597461e-06

row15col22
West 0.000348353792818
East 1.85104983572e-06
North 0.00724002151879
South 4.15084686077e-06

row16col2
West 8.44686624893e-06
East 0.000137815076912
North 0.00584214863418
South 7.0735007335e-06

row16col7
West 0.00658827603236
East 0.00836969717489
North 0.169316019201
South 0.00995811533027

row16col15
West 0.0278361094488
East 0.0244790832896
North 0.284267137082
South 0.0200183566675

row17col1
West 1.36294786716e-06
East 0.000245432821083
North 9.32425975916e-07
South 2.78498771424e-25

row17col2
West 2.45689827674e-07
East 1.2446505205e-06
North 0.00163409633863
South 7.48606707866e-07

row17col3
West 0.000127774455634
East 1.96897189392e-08
North 2.22063331202e-11
South 1.37326177536e-09

row17col4
West 5.19917327511e-06
East 1.16226198361e-11
North 1.16218631489e-11
South 2.97493667474e-15

row17col6
West 2.04030536802e-08
East 0.00894475431084
North 2.04035828819e-08
South 3.47923520779e-21

row17col7
West 6.44815182876e-06
East 0.000389057454222
North 0.0970257890275
South 0.000419403664299

row17col8
West 0.0120921794882
East 3.9186857749e-09
North 5.67058499338e-08
South 1.04845494301e-21

row17col9
West 0.000224297424386
East 1.36068455229e-12
North 4.78980727226e-11
South 2.69580047125e-07

row17col10
West 3.68813009564e-11
East 4.84882770538e-11
North 1.30247334701e-29
South 1.02506728442e-08

row17col11
West 3.96746186585e-12
East 4.84881414691e-11
North 4.08523757002e-30
South 4.98334700106e-08

row17col13
West 5.60742552308e-05
East 0.00512723517107
North 8.10414111053e-08
South 1.03968897646e-06

row17col14
West 0.000120726725578
East 0.0548127494409
North 1.70563747699e-06
South 0.000249862626479

row17col15
West 0.00879178095788
East 0.00678428983361
North 0.222924501084
South 0.0160254424579

row17col16
West 0.0684525369016
East 0.00140760799971
North 0.00060099868766
South 0.00171262232215

row17col18
West 4.83142690797e-15
East 1.06495017595e-07
North 1.68739143527e-09
South 0.000713411566939

row17col19
West 2.19276355536e-05
East 3.63763148728e-11
North 6.41976120287e-09
South 0.000260386316165

row17col20
West 3.12855385288e-06
East 0.0
North 1.92873344193e-10
South 0.000231570375585

row17col21
West 1.91533780728e-13
East 0.0
North 6.41581032602e-08
South 5.54941719111e-06

row17col22
West 5.57575349164e-09
East 1.97494867467e-12
North 2.91792677649e-10
South 1.36435408802e-06

row18col1
West 5.99085915125e-14
East 4.36636602646e-16
North 1.58711269359e-05
South 2.95789137817e-12

row18col2
West 1.29904454143e-10
East 3.11844195064e-14
North 0.000142018897952
South 1.31402667637e-07

row18col3
West 6.61424347174e-06
East 3.74470495634e-20
North 2.29963324127e-06
South 5.21929477088e-13

row18col4
West 3.11846377895e-14
East 0.0
North 3.04637174482e-08
South 8.70747525239e-11

row18col6
West 5.67305546059e-06
East 0.000600970374175
North 2.31962195532e-38
South 9.26726358465e-22

row18col7
West 6.00622762756e-06
East 1.11227132875e-05
North 0.0365331605924
South 6.01134985364e-05

row18col8
West 0.00772843950187
East 1.08645452017e-05
North 0.000381425572789
South 1.25149856697e-06

row18col9
West 0.00126956335084
East 9.36997058246e-07
North 1.88758560412e-08
South 1.44217808709e-09

row18col10
West 0.000149106744263
East 7.48500991187e-09
North 2.05532979702e-12
South 1.24910580065e-08

row18col11
West 4.69675594986e-06
East 4.88857514095e-08
North 1.33961178514e-09
South 7.97858496416e-12

row18col13
West 5.46007921542e-06
East 0.00061028892394
North 4.13158378153e-12
South 4.35253874639e-07

row18col14
West 2.082189067e-05
East 0.0252886414865
North 0.000429295875814
South 8.1798885368e-05

row18col15
West 0.00119755938268
East 0.00631706289715
North 0.150915020519
South 0.00783350243988

row18col16
West 0.0853057341903
East 0.00163518155828
North 0.00463422567394
South 0.000527444020668

row18col17
West 0.0429482128185
East 0.000793979758642
North 0.000387944968633
South 0.000883532750382

row18col18
West 0.0191642202005
East 0.000180568793866
North 2.23556586405e-05
South 5.36395095837e-05

row18col19
West 0.00792308136761
East 8.68527762092e-05
North 1.09612210699e-06
South 1.84308407416e-06

row18col20
West 0.00260123727
East 1.16339134622e-06
North 4.33966066165e-09
South 1.30623109566e-07

row18col21
West 0.000360013927185
East 2.46003990945e-07
North 6.49235196326e-08
South 5.3816644109e-10

row18col22
West 2.99690135484e-05
East 2.24621949612e-07
North 2.62703270631e-10
South 7.29921106514e-13

row19col1
West 5.73194108324e-10
East 0.0
North 5.73190857513e-07
South 6.07039150915e-12

row19col2
West 2.27762475814e-09
East 4.0047125761e-13
North 6.95505037216e-06
South 2.01924749782e-09

row19col3
West 3.3072981546e-07
East 1.38902506547e-12
North 3.50406602261e-14
South 8.18643825076e-13

row19col4
West 8.62914123518e-09
East 1.43984028995e-11
North 2.70796457151e-19
South 6.68554079457e-18

row19col6
West 1.74568965526e-06
East 3.52123243023e-05
North 4.54082456352e-07
South 3.85613453057e-07

row19col7
West 4.58706310891e-07
East 7.59061923765e-07
North 0.00424610667011
South 2.20196548485e-05

row19col8
West 0.00025857442273
East 9.36770625754e-15
North 2.38844763474e-06
South 5.54218868189e-07

row19col9
West 3.01162307355e-06
East 5.91158583289e-12
North 9.18957240072e-14
South 2.11053973422e-15

row19col10
West 2.89205737466e-13
East 1.3328852926e-10
North 1.00202787592e-05
South 1.17553489446e-08

row19col11
West 2.80605343862e-09
East 2.74441186503e-10
North 1.0345401032e-08
South 1.81476964963e-16

row19col13
West 5.25857786362e-06
East 0.000241336753675
North 8.95270206517e-06
South 0.0

row19col14
West 5.99826261453e-06
East 0.0047987352192
North 3.14669828799e-08
South 1.63592507377e-06

row19col15
West 0.000246788602416
East 5.28704429575e-05
North 0.0333376622484
South 0.00527892565594

row19col16
West 1.20442622964e-05
East 5.82643039344e-11
North 0.00777037853219
South 0.000149666654564

row19col18
West 2.18691896176e-07
East 7.53057625317e-09
North 0.00125104779788
South 4.28586052856e-07

row19col19
West 1.63822514756e-08
East 2.29597850151e-08
North 0.000408500244322
South 2.61745687883e-07

row19col20
West 6.8574984778e-08
East 5.71921162478e-08
North 0.000246599413889
South 2.50119402746e-07

row19col21
West 1.04820313073e-05
East 4.67541891841e-09
North 9.96628497616e-13
South 7.94948614662e-10

row19col22
West 5.71921162479e-08
East 0.0
North 1.2719046736e-06
South 2.63826622898e-13
