0.0
0.0481431349203
0.0326184101357
0.0244638076018
0.0446628324506
0.0372190270422
0.031902023179
0.0279142702816
0.0248126846948
0.0223314162253
0.0203012874775
0.0186095135211
0.017178012481
0.0231805852879
0.0226870743673
0.0212691322194
0.021649710166
0.0257247262679
0.0281585882008
0.0315006587908
0.0303487118318
0.0289692249303
0.0346334625013
0.0331904015637
0.0318627855012
0.0332457350303
0.0343998036448
0.0343703654195
0.0331851804051
0.0320790077249
0.0324639644714
0.0314494655816
0.0304964514731
0.0311322069576
0.0319533922995
0.0311116741089
0.0302708180519
0.0294742175769
0.0287184684082
0.028000506698
0.0273175675103
0.0272050910005
0.0286712516749
0.0280196323186
0.0277854729665
0.0271814409455
0.0300873504799
0.0294605306782
0.0296294047512
0.0318730573266
0.0319510089916
0.0326123750327
0.0319970472019
0.0315752041131
0.0312600108408
0.030788393728
0.0332277855856
0.0326548927307
0.0332178743065
0.0343309097348
0.0337681079358
0.0358528955655
0.0360635131942
0.0355000208005
0.0360627095012
0.0355163048117
0.0355790679018
0.0350856647667
0.034594771535
0.0342257716453
0.0337437185235
0.0332750557663
0.0338585234428
0.0345967721768
0.0347857151865
0.0343280084078
0.0338821901168
0.033447803064
0.0330244131518
0.0326116079874
0.0322824999321
0.0318888109086
0.0315185039119
0.0311432836273
0.0314811269653
0.0311150673494
0.0319938062499
0.0316302402698
0.0313352190825
0.0312513020763
0.0309078811744
0.0316045346399
0.0312647009341
0.0316750097498
0.0313415885945
0.0310486264829
0.0307285375501
0.0313358994119
0.0311871361693
0.0308752648076
0.0309835496464
0.0306929774691
0.031292744057
0.0310621385627
0.0307663086717
0.0304760604766
0.0301912374815
0.0307651729861
0.0304829236927
0.0302916864265
0.0306469975838
0.0303733636768
0.0301045728478
0.0305601024552
0.031187809154
0.0309189487303
0.0307645236613
0.0308088187438
0.0305499211073
0.0302953384314
0.0303123468287
0.0300638849694
0.0299413251356
0.0304629808272
0.0307500133256
0.0308552724807
0.030830734566
0.0305898694522
0.0303527386813
0.0303950144779
0.0309500236472
0.0313326039605
0.031097020472
0.0313117717665
0.0316243452279
0.0314083331955
0.0316161095512
0.0313870073081
0.0315771684345
0.0314263843419
0.0312035021834
0.031635977215
0.0314147466051
0.0311965886425
0.031736805386
0.0322472876528
0.0328643119337
0.0333345569724
0.0335114537143
0.0332880440228
0.0333590680152
0.0336798633875
0.0338933416864
0.0340620452724
0.0342763639337
0.0352000923135
0.0353367141251
0.0353644655031
0.035142047481
0.0355039649789
0.035914481158
0.0357031533598
0.0362290600929
0.0360081511899
0.0357899199706
0.035749970898
0.0357737521013
0.0355608131007
0.0356950819048
0.0355892324123
0.0354197624557
0.0352634019707
0.0355080068907
0.0358705396997
0.0357617633319
0.0361407229429
0.0359421247143
0.0358244106732
0.0360144068684
0.0358143268302
0.0358745230546
0.0362478747773
0.0365689246419
0.0365974197988
0.036399595908
0.0362729917131
0.0361108572949
0.036002703381
0.0360310944845
0.0364354109117
0.0364337021707
0.0366357849503
0.036715520519
0.036547697214
0.0365850652843
0.0367904857871
0.0366173247529
0.0366033864655
0.0364511693328
0.0366117631989
0.0364296151233
0.036249270494
0.0363971477406
0.0362712262738
0.0362520785223
0.0368080966838
0.0367380656856
0.0367812632443
0.0366052763388
0.0364578996074
0.0367421733079
0.0366111936375
0.0364493306316
0.0362841265804
0.0366361133231
0.0366503972052
0.0364815013655
0.0367786885658
0.0367820782207
0.0366177197452
0.0368413322085
0.0367158058616
0.0365957530358
0.0364927701893
0.0364362809375
0.0364069660977
0.0363160892491
0.036275755696
0.0365263138065
0.0364868211666
0.0363288695598
0.0363728827548
0.0366680431864
0.0365113421471
0.0363904405681
0.036309531662
0.0362799788571
0.0362327285635
0.0361407069969
0.0360717541649
0.0359220788364
0.0364507741899
0.036356440121
0.036907183135
0.0368110255289
0.0368548171245
0.0372385439111
0.0376780197075
0.0375862569997
0.037967639081
0.0381441259112
0.0383063821171
0.0386419123908
0.0391345035023
0.0395134779229
0.0394525998828
0.0393358354709
0.0392815299224
0.0391298637837
0.0389930750508
0.0389041281023
0.0389164687789
0.0394628573946
0.039403821543
0.0402193494063
0.0404149944081
0.0407088428679
0.0406782184945
0.0405621166578
0.0404511748416
0.0403506323439
0.0402388433489
0.0406723409486
0.0406988094577
0.0408555977203
0.0407473705771
0.0408105650551
0.0407635448834
0.0406174389877
0.0408640095111
0.0407445994155
0.0406476134887
0.040569009169
0.0404793400774
0.0404539252597
0.0409126561003
0.0410262328702
0.0410148062291
0.0413014702996
0.0412084232891
0.0412260201953
0.0411140329996
0.0410470421241
0.0412592097616
0.0411938137429
0.0412197834135
0.0411840969867
0.041133682198
0.0413506148042
0.0414636899295
0.0413735137391
0.0414402324131
0.0415248932361
0.0419269798862
0.041913236871
0.0418140058036
0.0418758123336
0.0420483146097
0.0422475348821
0.0422464334848
0.0423722874953
0.0423791470022
0.0423556882984
0.0424431979841
0.0424413559357
0.0424385395885
0.0423288195791
0.0422640531992
0.0421613930262
0.0420576839329
0.0420071631334
0.0419006020601
0.0421521732393
0.0422200544391
0.0427863507533
0.0431258828089
0.0432300458617
0.0432798573295
0.0432048081915
0.0434672373311
0.0437317378576
0.043871853105
0.0438345370634
0.0438519949092
0.0437875287501
0.0437292806964
0.0438993350483
0.0440598042379
0.0440495693374
0.0439429856088
0.0438804742746
0.0439049716371
0.0440147532495
0.0440250676294
0.0443569170341
0.0445536023477
0.0446722850921
0.044624525047
0.0446646354906
0.0448004863129
0.0447469765022
0.044735467315
0.0447776205355
0.0450207110382
0.045055885919
0.0452304335671
0.0452927412909
0.0452368127104
0.0451297708324
0.045142842653
0.0455974073668
0.046049204284
0.0460452811288
0.0459721544194
0.0461836588494
0.0462460393568
0.0464335215186
0.0464806228957
0.0464496377015
0.0464221127102
0.0466917185257
0.0466999200258
0.0467553335923
0.0469155256801
0.046947599201
0.046932374804
0.0470012545712
0.0471954203854
0.0474242763707
0.0473408283822
0.0473770984594
0.0474913715332
0.0476666050618
0.0478650385907
0.0478069865172
0.0477682676013
0.0477533588618
0.0479116537791
0.0481125671624
0.0481025024975
0.0482121235179
0.0482199936063
0.0482586450966
0.0483107212774
0.0483686974658
0.0483840463237
0.0489809511954
0.0489402729191
0.0490698342441
0.04919295243
0.049166953526
0.0493080227346
0.0493317508021
0.0495095691633
0.0498959226632
0.0501560723184
0.0501302636503
0.0502703029379
0.0503038278402
0.0505896770612
0.0507356591341
0.0507598044984
0.0508379641605
0.0508443636351
0.0508703669152
0.0508480537462
0.0511220518086
0.0511616628214
0.0512545728399
0.0512511651791
0.0511916585646
0.051123522401
0.0510238792823
0.0510245269496
0.0510216609773
0.0511967374257
0.0512171076582
0.0512683922089
0.0512452786048
0.0514172532814
0.0515126931453
0.0516575355454
0.051716925486
0.0517491364171
0.0517303400939
0.0517365939056
0.0518560154297
0.0519041164927
0.0518869901988
0.0518609260484
0.0518410596946
0.0518334624363
0.0519067729166
0.0521953997255
0.0522171705541
0.052216284479
0.0522640214778
0.0523016476049
0.05237521032
0.0523642080245
0.0526582503114
0.0527506321169
0.0526911844658
0.0529052652886
0.0528569261244
0.0529910963343
0.0530724151496
0.0535006042512
0.0537219796081
0.0538316529691
0.0540014745073
0.0540005804657
0.0539302112668
0.0542310500698
0.0543461845791
0.0544237541637
0.0545672608939
0.0545531603192
0.0547438953156
0.0548874648255
0.0548462044675
0.055085940422
0.0550759820403
0.0550626923933
0.0551574066776
0.0553183515288
0.0552939956914
0.0552879678797
0.0553716615285
0.0553838796052
0.0553662472789
0.0554293030287
0.0555458145386
0.055509238212
0.0556246800178
0.0555971273317
0.0556266588788
0.0556664548395
0.0557230354635
0.0558541365888
0.0561203765898
0.0561147104301
0.0561143604469
0.0564094655668
0.0564097073804
0.0565988323329
0.0569204513643
0.0569351522758
0.0572561112295
0.0572406902169
0.0571761792554
0.0571651932066
0.0571888362541
0.0572469494494
0.0576648305075
0.0576291397675
0.0577502111551
0.0578577443866
0.0577988930158
0.0579987434395
0.0582605731804
0.0583856560533
0.0583323655381
0.0584458323115
0.0585125213397
0.0588197476609
0.0588549576637
0.0588540203404
0.0588550131788
0.0588904412188
0.058875703303
0.0589553703287
0.0590232456329
0.0590750290436
0.0593185321388
0.0594900789927
0.0596950614937
0.0596649896219
0.0596483710974
0.0597381833527
0.0598313001914
0.0598876557482
0.0600610091329
0.0601518942846
0.0601504928259
0.0602546083446
0.0603559517377
0.0604019348039
0.0606056013442
0.0606841477567
0.060919067979
0.0608511881477
0.0608946651292
0.0610666769661
0.0610471124375
0.0610647393068
0.0611289993481
0.0610768950233
0.061212763104
0.061256817456
0.0612091252913
0.0612863563883
0.0613048687319
0.0614107727148
0.0615374014417
0.061526410238
0.0615378989916
0.0616232091806
0.06172005905
0.0620129141597
0.0620780184517
0.0621183927688
0.0621631999562
0.0622271603542
0.0624583205556
0.06256883693
0.0627898060412
0.0629363730174
0.0630214402546
0.0630068540119
0.0629921005962
0.0630370819023
0.0630025733127
0.0630348714002
0.0631969017515
0.0631780037423
0.0631781191756
0.0632003072949
0.0635355351339
0.0635472837063
0.0635129296383
0.0634783882024
0.063642311128
0.0636828439668
0.0638241748895
0.0638823749702
0.0640025926245
0.0639680364275
0.063956791933
0.0642399979001
0.0643962696054
0.0644327016616
0.0644629876179
0.064474261685
0.0646312714503
0.0648083090967
0.0647879493015
0.0648082307742
0.0648921692707
0.0648849516416
0.064913670247
0.0650462297262
0.0651574601668
0.0651258374408
0.0651275261661
0.0651182107117
0.0652729331344
0.0654150331458
0.0655562984852
0.0658911441077
0.0659069313853
0.0659935043526
0.0659998802892
0.0659856085769
0.0660945192337
0.0661290113394
0.0661788048353
0.0663101972093
0.0663102933095
0.0665646537109
0.0665662538213
0.0665561287762
0.0665262862526
0.0666693892277
0.0667214503377
0.066685926234
0.0667958969432
0.0669113204082
0.0670306073048
0.0671796501724
0.0672363626167
0.0674988353085
0.0676131416318
0.0677239272829
0.0677393332508
0.0677056289963
0.0677529316768
0.0677706798016
0.0679068690984
0.0679661273
0.06802642508
0.0681455450191
0.0683168996286
0.0683598754921
0.0684639731549
0.068526142701
0.0685478758802
0.0685995263371
0.0686043067452
0.0686873699204
0.0687303439741
0.0688099149881
0.0688631007689
0.0690820090347
0.0690645486493
0.0691127089554
0.0691287681443
0.0691267466659
0.0693278891589
0.0693107719348
0.0693614018333
0.0693897258384
0.0694127141107
0.0695071003151
0.0696322407989
0.0696914624896
0.0697341883973
0.0697758873021
0.0697619546956
0.0698068774216
0.0699140329795
0.0699863560291
0.0701182339217
0.0703108894678
0.0702746991469
0.0702501579653
0.0703822994659
0.0704682367853
0.0705488491548
0.0705568097914
0.0706165059743
0.0705912316255
0.0705962355396
0.0706795439339
0.0706655406252
0.0706439406076
0.0706925859787
0.0706437450155
0.0707748725092
0.0709213301465
0.070964341841
0.0710069553949
0.0710084744989
0.0711370606338
0.0713648441341
0.071371817329
0.0714992252532
0.0716046830607
0.0717436485787
0.0717461546919
0.0718783363083
0.0720111298346
0.0721536886797
0.0721601596996
0.0722162948208
0.0722765641484
0.0724152458366
0.0724443479531
0.0724630802167
0.0725332863808
0.0725965109639
0.0726776758911
0.0726581815551
0.0727745091307
0.0728859841642
0.0729773008417
0.0729956322828
0.0729957973866
0.0729664590704
0.0731294976043
0.0730923347874
0.0731513083654
0.0731925511961
0.0732242225493
0.0732278556215
0.0733052315004
0.0734429954862
0.0734664845732
0.0734496925503
0.0734351232372
0.0736175124429
0.0737892540643
0.0740146653589
0.0739855615644
0.0739869354416
0.0740522526442
0.0740726443934
0.0740577424177
0.0741681263768
0.0741227881546
0.0741554036035
0.074170819364
0.0743089254467
0.074381559124
0.0744291869664
0.0744656621149
0.0745327795612
0.0746259221138
0.0746212927572
0.0746917238213
0.0746838995253
0.0747516563869
0.0748975805061
0.0749580879271
0.075009797976
0.0750573299941
0.0751042298757
0.0751018359816
0.075165230929
0.0751448002035
0.0751762977154
0.0752775826647
0.075436586121
0.0755203935192
0.0755050566769
0.0756056204309
0.0757184818065
0.075759666829
0.0758484596394
0.0760999561019
0.076097324156
0.0761011547313
0.0761487692936
0.0762878452901
0.0765328810009
0.0765312665228
0.0766007432217
0.0766180935575
0.0766491930611
0.0766757206651
0.0768338557782
0.07682415125
0.0768416847558
0.0768801919213
0.0768622736754
0.0769282647827
0.0769584862062
0.0770734345679
0.077204367838
0.0772191581056
0.0771960190541
0.0773006672519
0.077332682174
0.0774296583406
0.0775386125759
0.0775387343108
0.0777045621074
0.0777252379144
0.0778749986902
0.0779663204608
0.0780869180864
0.0781008561212
0.0781072461825
0.0781357255291
0.078218722346
0.0782375396314
0.0782502613605
0.0783529876855
0.0784453271571
0.0785641629172
0.0785433041502
0.0785944459042
0.0786471216033
0.0787043653912
0.0787100067183
0.0786886237402
0.0787817394299
0.0789063600161
0.0789841597506
0.0789820759763
0.0791251329353
0.079126028098
0.0792817944515
0.0793297759992
0.0793652602627
0.0794001249605
0.0793911434433
0.079504434636
0.0796749616551
0.0797094708674
0.0797560507334
0.0798669765118
0.0798511422825
0.0798727803308
0.0799257883048
0.0799258674472
0.0799397231919
0.0800220632872
0.0800912244716
0.0800934278793
0.0801955062182
0.0801787230463
0.0801700667968
0.0802702341423
0.080359923927
0.0803762059812
0.0803477886912
0.0805707568978
0.0805545680249
0.0805719577248
0.0806168442508
0.0806681073734
0.080726001768
0.0807247490802
0.080807916538
0.0808553650029
0.0810210641505
0.0810528244342
0.0811193631473
0.0812107361049
0.0813146087908
0.0813303058268
0.0813599055812
0.0814841555888
0.0815768349459
0.08156325076
0.0816083721402
0.0816027564196
0.081730349554
0.0818240274752
0.0818466465131
0.0818511420164
0.0819650373058
0.0819558631872
0.0820424533601
0.0820211840847
0.082110914023
0.0821211279383
0.0821698708366
0.0822787573666
0.0823138611149
0.0824428880177
0.0824345169759
0.0824996951542
0.0826597013259
0.0827330105392
0.0829015593083
0.0829181377615
0.0829055069017
0.0828715757121
0.0829786260844
0.083040680147
0.0831576028833
0.0832705922645
0.0832685741364
0.0833072298322
0.083334705242
0.0834045904024
0.0834918161171
0.0834545751129
0.0835649851984
0.0835786371116
0.0836386742095
0.0836554088894
0.0837300372654
0.0837746686338
0.0839861852087
0.0840621036501
0.0841288643597
0.0841940273121
0.0842814268951
0.0843172908957
0.0843325899655
0.0843370484125
0.084362506812
0.0844651815732
0.0845743341719
0.0845835218315
0.0846443679529
0.0846393535595
0.0846731931298
0.0846740196176
0.0847665394742
0.084799298451
0.0848503379277
0.0848839814215
0.0849759243747
0.0849775861091
0.0850064513528
0.0851100471077
0.0851351976194
0.085138593539
0.0851411711699
0.0851858442806
0.0851956793743
0.0852239802266
0.0854198492402
0.0854153667
0.0855294136464
0.0856607321284
0.0856941856406
0.0857189132734
0.0858117842622
0.0858486321686
0.0859342234269
0.0859146212802
0.0859802270928
0.0859781500835
0.0859880228162
0.0860265638165
0.0860931717375
0.0860773284398
0.086117206414
0.0861360291648
0.0861483217561
0.0861875393316
0.086278333656
0.086325829342
0.0864269809854
0.0866203694007
0.0866600804696
0.0867209881111
0.0867368614115
0.0868233139367
0.0868663945047
0.086888257215
0.086886677499
0.0870545977119
0.087052134402
0.087213967423
0.0873224326393
0.0875005612107
0.0875740407337
0.0875622961893
0.087715667656
0.0878174322812
0.0879480858212
0.0881009453572
0.0881088415117
0.0881373410566
0.0881569225434
0.0883648131118
0.0884195917469
0.0885360406597
0.0886199326148
0.0886241196259
0.0886467769808
0.08866908733
0.0886621461108
0.0887265418742
0.088724765309
0.0888108539401
0.0889280176305
0.0890209975247
0.0890378126626
0.0890324345264
0.0891873185982
0.0891815807394
0.0892167111881
0.089278060465
0.0893467432583
0.0893960833743
0.0894646654371
0.0895283586194
0.0895895264694
0.0895800442543
0.0895803464711
0.0895779826159
0.0897334922736
0.0897681837727
0.0899162873017
0.0899728665957
0.08998211072
0.0899863921322
0.0900985804836
0.0901231807005
0.0902806445297
0.0903555087528
0.0905236801978
0.0905851068533
0.0906906195937
0.0907561174414
0.0907431529566
0.0908180826785
0.0908635059795
0.0909266172903
0.0909879889517
0.0910648653113
0.0913138833913
0.0913167156354
0.0913931965068
0.0913826495977
0.0914016049952
0.0914037218685
0.091530822147
0.0916303760811
0.0917819131871
0.0918756694369
0.0919358411948
0.0920373010616
0.092116379695
0.0921139139173
0.0921531725822
0.0921953605754
0.0923870907792
0.0924246046399
0.0925896581186
0.092661811908
0.0927454907776
0.0927796921558
0.0929053914266
0.0929325111017
0.0929421974098
0.0930660058374
0.0931290814568
0.0931942368882
0.0932591114062
0.0933614630908
0.093536163711
0.093654167066
0.0937194270318
0.0937733467388
0.0937897027167
0.0938943739177
0.0939679839982
0.0939587353706
0.0940321837923
0.0942044495445
0.0942881609629
0.0943049696003
0.0943619904078
0.0945109720297
0.0945115441186
0.0945536873817
0.0946237453268
0.0947168175506
0.0948259876893
0.094887450997
0.094989994512
0.0950472740569
0.0951247238874
0.0951172821954
0.0952413112211
0.0952536116616
0.095409196542
0.0954741255812
0.0955218451604
0.0955570539781
0.0957322305983
0.0957882179957
0.0958466357856
0.095859892833
0.0959532761107
0.0960240071993
0.0961120819028
0.0962130103568
0.096362396262
0.0963610169421
0.096460648023
0.0965532508834
0.0965830261638
0.0967229881804
0.0967346138706
0.0968312986324
0.0969050028473
0.0969598647232
0.0970405038239
0.0970892786259
0.097249587361
0.0972645947957
0.0975214987118
0.097565946079
0.0976737937006
0.0978439933203
0.0978995711048
0.0979745972668
0.0981048924192
0.0981049718338
0.0981260154545
0.098154164115
0.0982400068268
0.0983191879943
0.0983586813132
0.0985170676345
0.0985986034135
0.0987179419938
0.0987606379121
0.0988078740315
0.0989567659883
0.0990630449662
0.0991811359882
0.0992377506054
0.0992903418023
0.0993335819783
0.0994306712577
0.0994766233206
0.0995528290134
0.0995425426153
0.0995403192728
0.099744095219
0.0997842846036
0.0998692137334
0.0999018671532
0.0999190580478
0.100035658801
0.100050954134
0.100155571411
0.100238834888
0.100267557196
0.100344669837
0.100332192743
0.100366893314
0.100514641628
0.100547864423
0.100613164579
0.100598859866
0.100654155862
0.100905015607
0.101054775694
0.101130191354
0.101182980662
0.10126034496
0.101260945436
0.101320615131
0.101374226208
0.101408588139
0.101454981001
0.101568031728
0.101640176913
0.101700284245
0.101752041386
0.10192090954
0.10212279856
0.102257140694
0.102368723631
0.102446223474
0.102499017588
0.10269148074
0.102904928879
0.102953995054
0.103119884077
0.103182913517
0.103309312214
0.103464980448
0.103442813202
0.103519868264
0.103667341148
0.103732297929
0.103772840489
0.10384276371
0.103886563581
0.103929279495
0.103993028593
0.104148120993
0.104169468367
0.104309785504
0.104320884836
0.10439969936
0.104426482792
0.104499554882
0.104621792012
0.104718452824
0.104830083135
0.104835675371
0.104881616883
0.105067943024
0.105101679358
0.105210105783
0.105362437772
0.105457104544
0.105590684937
0.105741136522
0.105779492111
0.105890899747
0.106043586863
0.106177304221
0.10621596586
0.106305909537
0.106356173242
0.106376616325
0.106442331775
0.106598303523
0.106647745546
0.106709395492
0.106828612812
0.106911002826
0.10701428302
0.107073228022
0.107126698
0.107136101826
0.107148743593
0.107197130912
0.107310300092
0.107387353597
0.107569024341
0.107606783948
0.107653996037
0.107686255176
0.107838255149
0.108000554656
0.108102444432
0.108156370208
0.108239677002
0.108344776483
0.10845403086
0.108556013955
0.108658761439
0.108677618397
0.108819697294
0.108987118396
0.109084584853
0.109371275069
0.109471047002
0.109475706736
0.109589536371
0.109686365656
0.109763507243
0.109804951363
0.109905503735
0.110000954675
0.110132831624
0.110242534159
0.110354816309
0.110453406724
0.110645216203
0.110724103971
0.110785267853
0.110818325701
0.110903012597
0.111070572791
0.111128913051
0.11122830328
0.111354693609
0.111406545415
0.111588000943
0.111628762713
0.1117858928
0.111814704295
0.111858890068
0.111940313112
0.112015984923
0.11218141209
0.112292427514
0.112396718967
0.112444852998
0.112507317838
0.112689055581
0.112801890386
0.112920574544
0.11310177193
0.113215763502
0.113241318462
0.113268586161
0.113295214578
0.113334110274
0.113489041324
0.113686357627
0.113791256111
0.113942669836
0.113967817975
0.114037420968
0.114116274355
0.114362905644
0.114434912219
0.114576965852
0.114666595804
0.11483702046
0.114928023459
0.115060567005
0.11526257026
0.115328880851
0.115450400104
0.115565391084
0.115722280048
0.115847809595
0.115954212949
0.116063265537
0.116115529423
0.116152817813
0.116193289225
0.116293460254
0.116340811444
0.11652927019
0.116580735015
0.116682435401
0.116881713837
0.116944465945
0.117037860092
0.117102805617
0.11726026316
0.117353805619
0.117463087512
0.117523600082
0.117595899921
0.117719439112
0.117856621833
0.117958436304
0.118065317269
0.118243574609
0.118317156953
0.118437010206
0.118499492047
0.118527941705
0.118638380183
0.118737808376
0.118929965854
0.119061217824
0.119176221224
0.11925377644
0.119390659999
0.119510767635
0.119664158653
0.119716761726
0.119877454981
0.119926351136
0.120050150451
0.120201956069
0.120403457418
0.120540938989
0.1206740022
0.12071468606
0.12076852784
0.120903557394
0.121018859118
0.121162810545
0.121309747968
0.121514685321
0.121581506736
0.121647720944
0.12175867427
0.12182264172
0.122020095062
0.122206483546
0.122320562593
0.12238797772
0.122514329213
0.12261964758
0.122755662194
0.122803921615
0.12287847267
0.122930565002
0.123016817971
0.123056321677
0.123189070611
0.123204538911
0.12333409315
0.123452139882
0.123668739183
0.123750507855
0.123809794453
0.123944743807
0.124044609501
0.12410489723
0.12422012064
0.124323093288
0.124417150313
0.124508112265
0.124600571098
0.124743967205
0.124823558468
0.12501069705
0.125081126383
0.125165265334
0.125386210948
0.125426025135
0.125492654854
0.125653327572
0.12573038103
0.125950166252
0.126004122898
0.12620672773
0.126286748813
0.126401550768
0.126534401099
0.126643506861
0.126769153424
0.126862432263
0.126953766421
0.127059724986
0.127221286603
0.127375949528
0.127453803861
0.127542326451
0.127672877708
0.127711945888
0.127795505883
0.127897558565
0.128033254706
0.128137579757
0.128381514191
0.128458283457
0.128585618769
0.128629546302
0.128794752889
0.128911614178
0.129065255488
0.129159396671
0.129369882953
0.129490381253
0.129565717328
0.129640587524
0.129751702598
0.129895052875
0.130078022864
0.130238752149
0.130358932783
0.130460735089
0.130508288687
0.130634992146
0.130789949476
0.130914167848
0.130948928947
0.13101722139
0.13110230947
0.131237700576
0.131336650465
0.131457482592
0.13162435169
0.131796999875
0.132033273144
0.132100144737
0.132243517921
0.132412648102
0.132467392843
0.132539962545
0.132653267386
0.132735889142
0.132797009324
0.132910286372
0.133071476613
0.133188442271
0.133269021488
0.133384776211
0.133489948555
0.133654212777
0.133807328875
0.133890857188
0.133957550884
0.134034123743
0.134129922946
0.134230804886
0.134386516744
0.134422775226
0.134519151648
0.134666397637
0.13479296695
0.134878425629
0.134936643908
0.135022354778
0.135106593544
0.135234893685
0.135331724742
0.135468556662
0.135579268765
0.135645377016
0.135711702624
0.135813431587
0.135918528895
0.136039439402
0.136218245988
0.136302053667
0.136414527596
0.136503057088
0.136593871915
0.136650385739
0.136728531057
0.136892081561
0.13701067031
0.137069711911
0.137093864511
0.137179932472
0.137323589733
0.137461996065
0.137540876226
0.137632819565
0.137844074255
0.137985769979
0.138047881006
0.138175486502
0.138315019715
0.138443520346
0.138533385405
0.1386129734
0.138737011447
0.138883394493
0.138916122548
0.139095005345
0.139231309156
0.139428095807
0.139572044565
0.139660661809
0.139780651008
0.139879823633
0.140017355787
0.140102214117
0.140180590335
0.140331097248
0.140488536315
0.140548835405
0.140677955626
0.140797764701
0.140926735537
0.141008414506
0.141145079537
0.141299626845
0.141405311096
0.141494118247
0.141625059426
0.141679931156
0.141831347045
0.141973266198
0.142137676515
0.142216399501
0.14236483487
0.142502282282
0.142641439965
0.142764800871
0.142899271317
0.142992077153
0.143107522939
0.143293492158
0.143428884521
0.14351584948
0.143624467131
0.143734148498
0.14390051297
0.143995561659
0.144013339044
0.144107811106
0.14425914602
0.144344045107
0.144431966539
0.144533145304
0.144649579678
0.144778314741
0.144871873212
0.14497038655
0.145044709877
0.145217700208
0.145295027593
0.145407312776
0.145542183396
0.145660438833
0.145789752175
0.145905260097
0.146126645481
0.146272283641
0.146439033543
0.146558585999
0.146657038183
0.146722355508
0.146880792539
0.146962922057
0.147076893572
0.14725874573
0.147358255174
0.147387762927
0.147469760482
0.147646419595
0.14778005713
0.147948703536
0.148010461658
0.148185991348
0.148322283974
0.148474883855
0.148653820694
0.148814465935
0.148910093442
0.149057135555
0.149194311326
0.149335759829
0.149414048883
0.149514625899
0.149778883273
0.149821479405
0.149988033716
0.150058300171
0.150198634224
0.1503187091
0.150409635568
0.150533095241
0.150667756114
0.150776177117
0.150872832734
0.150986269584
0.151107314863
0.151205154934
0.151281048696
0.151346997068
0.151511411148
0.151596116902
0.151710685531
0.151834719688
0.151977012159
0.152075167838
0.152149590764
0.152378241042
0.152488836902
0.152548226327
0.152619832541
0.152748528373
0.152871761594
0.153012897206
0.153092320441
0.153201099225
0.153286700019
0.153397138429
0.153495614191
0.153603139205
0.153720149754
0.153827342769
0.153964885665
0.154088745775
0.154261986189
0.154386202579
0.154457058157
0.154508437849
0.154592912748
0.154710836897
0.154793666545
0.154829664681
0.15492335842
0.155057713534
0.155139039288
0.15523781745
0.155389688186
0.155549254566
0.155667201789
0.155784363736
0.155922151359
0.155991649848
0.156116152939
0.156284191745
0.156414608866
0.15654202879
0.15664529842
0.156702967766
0.156847419104
0.156981744422
0.157035102845
0.157141092041
0.157361248227
0.157387026322
0.157549625982
0.157602741653
0.157736456021
0.157873609125
0.157944029311
0.158025328799
0.158142361331
0.158277020999
0.158355549982
0.158452360114
0.15854960533
0.158644575403
0.158836734676
0.158957814752
0.159042020461
0.159185138284
0.159264997242
0.159370234102
0.159515757567
0.159608899776
0.159747152187
0.15982960027
0.159938806937
0.160021117976
0.160153721054
0.160347647582
0.160478356548
0.160674281911
0.160773492527
0.160956122596
0.161084683932
0.16123596229
0.161521641044
0.16163090385
0.16169876049
0.161849315976
0.161959001664
0.162100369608
0.162263186461
0.162366416473
0.162505906761
0.162667326173
0.162872378705
0.162958484552
0.163044069711
0.163161642714
0.163311108108
0.16342547881
0.163540350187
0.163585445588
0.163734838698
0.16390557435
0.164060409574
0.164180085186
0.164251637919
0.164368695875
0.164502543578
0.164655166044
0.164750610947
0.164859465977
0.164963887714
0.165042063191
0.165129521085
0.165188094011
0.165321371674
0.165414516293
0.165482997074
0.165579099496
0.16566346551
0.1657544381
0.165895491297
0.166045869809
0.166239054594
0.166346775457
0.16641420153
0.166550719496
0.166704131851
0.166887318498
0.166968909722
0.167069078747
0.16724995126
0.167336360467
0.167430515592
0.167591736963
0.167719902254
0.167844300134
0.167960368709
0.168117179338
0.168290360663
0.168401955985
0.168479316148
0.16860971111
0.168732538803
0.168859833272
0.168960449869
0.169130923568
0.169225054411
0.169358005238
0.169518727343
0.169647075362
0.169754301259
0.169889484118
0.170003324672
0.170083075896
0.170191672109
0.170369268549
0.170457501076
0.17058540496
0.170657043425
0.170832717617
0.170985274703
0.171076064976
0.17113689112
0.171244026814
0.171368720568
0.171461852647
0.171584031928
0.171667954018
0.17177144577
0.171888212706
0.171988770471
0.172023126872
0.172111844958
0.172248388688
0.172335140479
0.172501759322
0.172614808613
0.172745109309
0.172912108129
0.172982423165
0.173110871492
0.173275678233
0.173407013474
0.173511317835
0.173627141215
0.173718382863
0.173808307701
0.173916663968
0.174030215324
0.174138997703
0.174247692953
0.174318108043
0.174454552689
0.174531414938
0.174586483911
0.17471657921
0.174795500937
0.174912130367
0.175035226325
0.175110114965
0.175228163671
0.175300583491
0.17540555779
0.175585315779
0.175642471361
0.175726803558
0.175824646165
0.17598311322
0.176101647277
0.17617113909
0.176320742798
0.176372802466
0.176564389632
0.17672611926
0.176813705714
0.176931752947
0.17707335505
0.177178792081
0.177266593234
0.177411515026
0.177520162166
0.177628922169
0.17767805416
0.177820805453
0.177898681585
0.1780189927
0.17807668221
0.178156579787
0.178261254123
0.17834670359
0.178416771671
0.17845949527
0.178541144697
0.17863192817
0.178760405697
0.178906210895
0.178979502006
0.179051154114
0.179135741896
0.179257816806
0.179376806321
0.179557276352
0.179640312401
0.17975681454
0.179828578407
0.17999787546
0.18005862697
0.180179315934
0.180285238316
0.180495173953
0.180637731473
0.180703405618
0.180793900527
0.180856431484
0.180960909567
0.18103558393
0.181150313556
0.181298762729
0.181359294387
0.181460538805
0.181546143717
0.181639963358
0.181748108487
0.181800547773
0.181878775355
0.181996034889
0.182090831015
0.182172148308
0.18225418607
0.182331356042
0.182474551364
0.182592707613
0.182683034071
0.182789003063
0.182870010557
0.183018113293
0.183093227839
0.183218915841
0.183339119393
0.183416942862
0.183560268704
0.183649017045
0.183747360637
0.183977829599
0.184056658599
0.18415765604
0.184238983134
0.184350267854
0.184490297831
0.184546298839
0.184698366114
0.184788716851
0.184909100695
0.185022439179
0.185148245282
0.185214247244
0.185350246317
0.185428766755
0.185529640473
0.185637237215
0.185806928283
0.185976914897
0.186066603476
0.186183267534
0.186329906652
0.186432524026
0.186508076468
0.186696049685
0.186834950563
0.186891465626
0.186930889197
0.187098361345
0.187177679689
0.187273611569
0.187341545652
0.187445071884
0.187543156282
0.187648758652
0.187774508561
0.187890135852
0.187939072144
0.188006109468
0.188096893346
0.188198015006
0.188294826933
0.188370774396
0.188479616523
0.188616569922
0.18869817305
0.188815824212
0.188904955788
0.188991345312
0.189116065257
0.189237121885
0.189344468885
0.189484321514
0.189587324709
0.189760569035
0.189879680256
0.18997922341
0.190062124266
0.190224452345
0.190323490522
0.190400766849
0.190534770889
0.19061989788
0.190707948428
0.190776401253
0.190854201934
0.19099155202
0.191072958615
0.191138107401
0.191234082234
0.191316441866
0.191405437207
0.191499071263
0.191567211308
0.191712877842
0.191771641227
0.191893235287
0.192007595425
0.192101602623
0.192212657659
0.192321092123
0.192469208862
0.192569793611
0.192668834263
