
row1col1
West 1.69294869191e-05
East 1.70455175e-05
North 1.70011604147e-05
South 1.70028116992e-05

row1col2
West 1.70067776875e-05
East 1.70823203219e-05
North 1.70435805094e-05
South 1.7037866387e-05

row1col3
West 1.70455175e-05
East 1.708629625e-05
North 1.70475564375e-05
South 1.70435805094e-05

row1col4
West 1.70435805094e-05
East 1.717e-05
North 1.70475564375e-05
South 1.70475564375e-05

row1col5
West 1.708629625e-05
East 1.717e-05
North 1.717e-05
South 1.70842573125e-05

row1col7
West 1.67793422864e-05
East 1.67462375052e-05
North 1.66180764988e-05
South 1.66319389019e-05

row1col8
West 1.67362970647e-05
East 1.66850252063e-05
North 1.67521610649e-05
South 1.6715748744e-05

row1col9
West 1.66683107545e-05
East 1.66268474114e-05
North 1.65278552984e-05
South 1.67613950022e-05

row1col10
West 1.66960794188e-05
East 1.66875253284e-05
North 1.6718796313e-05
South 1.67512537378e-05

row1col11
West 1.67615402281e-05
East 1.67005170908e-05
North 1.67596363238e-05
South 1.67166131373e-05

row1col13
West 1.6922300926e-05
East 1.69718150067e-05
North 1.70087146781e-05
South 1.69699748656e-05

row1col14
West 1.6892499841e-05
East 1.70009715581e-05
North 1.70087146781e-05
South 1.70398033777e-05

row1col15
West 1.70047438473e-05
East 2.09447470923e-05
North 1.70415466692e-05
South 1.69991224463e-05

row1col16
West 1.70825572257e-05
East 2.21523304282e-05
North 2.8136737104e-05
South 9.70630270096e-05

row1col18
West 1.717e-05
East 1.717e-05
North 1.717e-05
South 1.717e-05

row1col19
West 0.185510760754
East 0.00179693895241
North 0.0132277155799
South 0.00208285307286

row1col20
West 0.0232156825517
East 5.65711630475e-05
North 0.000751748220021
South 6.59361373565e-05

row1col21
West 0.00133250688315
East 1.70416435187e-05
North 1.69737519973e-05
South 1.7127075e-05

row1col22
West 3.22548942658e-05
East 1.68979330997e-05
North 1.70011604147e-05
South 1.70455175e-05

row2col1
West 1.66860459086e-05
East 1.6875230371e-05
North 1.70398033777e-05
South 1.70107536156e-05

row2col2
West 1.69329831872e-05
East 1.69718150067e-05
North 1.70455175e-05
South 1.70067776875e-05

row2col3
West 1.70067776875e-05
East 1.708629625e-05
North 1.70031894124e-05
South 1.708629625e-05

row2col4
West 1.70416435187e-05
East 1.70842573125e-05
North 1.708629625e-05
South 1.70475564375e-05

row2col5
West 1.70475564375e-05
East 1.7127075e-05
North 1.70107536156e-05
South 1.708629625e-05

row2col7
West 1.65604165204e-05
East 1.66630849781e-05
North 1.6629757296e-05
South 1.65925305515e-05

row2col8
West 1.67453232611e-05
East 1.67919895087e-05
North 1.67298271643e-05
South 1.66970111768e-05

row2col9
West 1.6826001664e-05
East 1.68662371468e-05
North 1.6671504914e-05
South 1.67521877457e-05

row2col10
West 1.68255596139e-05
East 1.68090106396e-05
North 1.67090948611e-05
South 1.65864458224e-05

row2col11
West 1.66889692585e-05
East 1.6960396447e-05
North 1.6791449312e-05
South 1.67303622492e-05

row2col13
West 1.70435805094e-05
East 1.70030005558e-05
North 1.70398033777e-05
South 1.70475564375e-05

row2col14
West 1.70416435187e-05
East 1.70067776875e-05
North 1.69639801218e-05
South 1.70415466692e-05

row2col15
West 1.70822234723e-05
East 3.73438842599e-05
North 1.69678490184e-05
South 1.70005253239e-05

row2col16
West 1.79248453378e-05
East 0.00064450982852
North 2.77837644785e-05
South 1.708629625e-05

row2col17
West 4.73792438267e-05
East 0.00904801604319
North 0.000237029703643
South 0.000237068443456

row2col18
West 1.717e-05
East 0.000129935502222
North 0.142642047556
South 1.7127075e-05

row2col19
West 0.00239208425731
East 5.19790066583e-05
North 0.0251501980031
South 3.24082857647e-05

row2col20
West 0.000751753377016
East 1.708629625e-05
North 0.00161837525123
South 1.708629625e-05

row2col21
West 1.708629625e-05
East 1.70029037062e-05
North 1.7127075e-05
South 1.717e-05

row2col22
West 1.70475564375e-05
East 1.69992282665e-05
North 1.69939790219e-05
South 1.70475564375e-05

row3col1
West 1.70475564375e-05
East 1.717e-05
North 1.69622501591e-05
South 1.68525691182e-05

row3col2
West 1.7127075e-05
East 1.708629625e-05
North 1.7037866387e-05
South 1.70067776875e-05

row3col3
West 1.70842573125e-05
East 1.70475564375e-05
North 1.7127075e-05
South 1.717e-05

row3col4
West 1.708629625e-05
East 1.70067776875e-05
North 1.70379632366e-05
South 1.717e-05

row3col5
West 1.70475564375e-05
East 1.70435805094e-05
North 1.69682267316e-05
South 1.70842573125e-05

row3col7
West 1.67480202649e-05
East 1.66732574242e-05
North 1.64555925427e-05
South 1.6795523248e-05

row3col8
West 1.65788393115e-05
East 1.67140890965e-05
North 1.67617310225e-05
South 1.66468484706e-05

row3col9
West 1.6696067231e-05
East 1.669817305e-05
North 1.67759631068e-05
South 1.67911582141e-05

row3col10
West 1.67603010916e-05
East 1.65981355984e-05
North 1.67184736235e-05
South 1.67488102985e-05

row3col11
West 1.66687224488e-05
East 1.67228575592e-05
North 1.67377720322e-05
South 1.67471900712e-05

row3col13
West 1.717e-05
East 1.69639847221e-05
North 1.70785431902e-05
South 1.717e-05

row3col14
West 1.70107536156e-05
East 1.70416435187e-05
North 1.69640767292e-05
South 1.69329831872e-05

row3col15
West 1.70361230955e-05
East 1.70107536156e-05
North 1.70435805094e-05
South 1.68940639609e-05

row3col16
West 1.70435805094e-05
East 1.7127075e-05
North 2.7490795511e-05
South 1.717e-05

row3col18
West 1.7127075e-05
East 1.717e-05
North 0.00239212503606
South 1.7127075e-05

row3col19
West 1.717e-05
East 1.717e-05
North 0.00151657012044
South 3.24082857647e-05

row3col20
West 1.708629625e-05
East 1.717e-05
North 2.24834363556e-05
South 1.717e-05

row3col21
West 1.7127075e-05
East 1.708629625e-05
North 1.7127075e-05
South 1.7127075e-05

row3col22
West 1.70475564375e-05
East 1.717e-05
North 1.70823203219e-05
South 1.717e-05

row4col5
West 1.70030005558e-05
East 1.69347264787e-05
North 1.70067776875e-05
South 1.69975721396e-05

row4col9
West 1.69676696047e-05
East 1.69235287601e-05
North 1.67599444525e-05
South 1.69608472816e-05

row4col13
West 1.69757909348e-05
East 1.70475564375e-05
North 1.7127075e-05
South 1.71250360625e-05

row5col1
West 1.68484963406e-05
East 1.68919045783e-05
North 1.70842573125e-05
South 1.69111138003e-05

row5col2
West 1.6906949791e-05
East 1.69257790227e-05
North 1.69179039083e-05
South 1.68447864025e-05

row5col3
West 1.69549027172e-05
East 1.69564454455e-05
North 1.69584691292e-05
South 1.68063794793e-05

row5col5
West 1.68494474169e-05
East 1.68835395154e-05
North 1.69241505099e-05
South 1.7006680838e-05

row5col6
West 1.68890817789e-05
East 1.67375020585e-05
North 1.68328573174e-05
South 1.69070466406e-05

row5col7
West 1.67856617523e-05
East 1.68063788232e-05
North 1.67965335847e-05
South 1.68449116991e-05

row5col8
West 1.68629161893e-05
East 1.69201152984e-05
North 1.67758114317e-05
South 1.67063551248e-05

row5col9
West 1.68808618204e-05
East 1.69993202736e-05
North 1.69603226113e-05
South 1.69661057269e-05

row5col10
West 1.70011604147e-05
East 1.69737519973e-05
North 1.70048406969e-05
South 1.70067776875e-05

row5col11
West 1.69958240055e-05
East 1.70842573125e-05
North 1.708629625e-05
South 1.6968037875e-05

row5col12
West 1.70842573125e-05
East 1.70067776875e-05
North 1.7127075e-05
South 1.71250360625e-05

row5col13
West 1.70435805094e-05
East 1.7127075e-05
North 1.708629625e-05
South 1.70823203219e-05

row5col14
West 1.717e-05
East 1.708629625e-05
North 1.70475564375e-05
South 1.71230990719e-05

row5col15
West 1.717e-05
East 1.68790898588e-05
North 1.70107536156e-05
South 1.70435805094e-05

row5col16
West 1.69425763881e-05
East 1.68971098545e-05
North 1.68944322312e-05
South 1.68758437924e-05

row5col17
West 1.68757564892e-05
East 1.68805115518e-05
North 1.69141504569e-05
South 1.68886455976e-05

row5col18
West 1.68138406164e-05
East 1.68459601195e-05
North 1.68871588315e-05
South 1.69699748656e-05

row5col20
West 1.67865156962e-05
East 1.69679364251e-05
North 1.68463930127e-05
South 1.69312350531e-05

row5col21
West 1.6995727156e-05
East 1.69201284209e-05
North 1.69221258826e-05
South 1.69637179017e-05

row5col22
West 1.68857520097e-05
East 1.70009715581e-05
North 1.68621692554e-05
South 1.70417403683e-05

row6col1
West 1.68811376719e-05
East 1.6819918743e-05
North 1.69385036104e-05
South 1.68770705121e-05

row6col2
West 1.68578088231e-05
East 1.68950139166e-05
North 1.68456836712e-05
South 1.6862164885e-05

row6col3
West 1.68179828277e-05
East 1.6799984806e-05
North 1.68624135341e-05
South 1.67561684746e-05

row6col5
West 1.70842573125e-05
East 1.69271911009e-05
North 1.69644495999e-05
South 1.70107536156e-05

row6col6
West 1.69346344717e-05
East 1.6991000102e-05
North 1.67875047128e-05
South 1.70435805094e-05

row6col7
West 1.69012405112e-05
East 1.69460005747e-05
North 1.67955950869e-05
South 1.68448639323e-05

row6col8
West 1.6843514622e-05
East 1.68429710748e-05
North 1.68017644393e-05
South 1.66497063951e-05

row6col9
West 1.68485460353e-05
East 1.70475564375e-05
North 1.69639847221e-05
South 1.69992282665e-05

row6col10
West 1.70822234723e-05
East 1.699747529e-05
North 1.69699748656e-05
South 1.69582768454e-05

row6col11
West 1.70047486898e-05
East 1.70048406969e-05
North 1.70049375464e-05
South 1.69015213748e-05

row6col12
West 1.70359342389e-05
East 1.69348233283e-05
North 1.708629625e-05
South 1.6893033954e-05

row6col13
West 1.69261654644e-05
East 1.70435805094e-05
North 1.70475564375e-05
South 1.70842573125e-05

row6col14
West 1.70475564375e-05
East 1.70842573125e-05
North 1.708629625e-05
South 1.70435805094e-05

row6col15
West 1.70049375464e-05
East 1.69757909348e-05
North 1.70475564375e-05
South 1.708629625e-05

row6col16
West 1.68714532393e-05
East 1.69661008844e-05
North 1.6920584098e-05
South 1.68448111699e-05

row6col17
West 1.68840998269e-05
East 1.69659035292e-05
North 1.69474908474e-05
South 1.69329783447e-05

row6col18
West 1.69292980625e-05
East 1.69590069219e-05
North 1.69203733782e-05
South 1.70433916528e-05

row6col19
West 1.70028027285e-05
East 1.68070113757e-05
North 1.67540382103e-05
South 1.67776409249e-05

row6col20
West 1.68996812337e-05
East 1.68989495355e-05
North 1.6885939968e-05
South 1.68486836801e-05

row6col21
West 1.69158284597e-05
East 1.70397065281e-05
North 1.70359208979e-05
South 1.67127728411e-05

row6col22
West 1.69988735672e-05
East 1.70415466692e-05
North 1.70008841514e-05
South 1.6967752411e-05

row7col1
West 1.70009715581e-05
East 1.69125884128e-05
North 1.68085771247e-05
South 1.69989474029e-05

row7col2
West 1.6875230371e-05
East 1.66378511929e-05
North 1.69517882897e-05
South 1.69237822396e-05

row7col3
West 1.67419103623e-05
East 1.67152168891e-05
North 1.67390226889e-05
South 1.67643616349e-05

row7col5
West 1.69110225687e-05
East 1.70782579562e-05
North 1.69757909348e-05
South 1.6729146125e-05

row7col6
West 1.70042794642e-05
East 1.70064924535e-05
North 1.70358468322e-05
South 1.69903861465e-05

row7col10
West 1.69565287113e-05
East 1.6925237112e-05
North 1.69620665935e-05
South 1.68697579909e-05

row7col17
West 1.70415466692e-05
East 1.70433916528e-05
North 1.69549044015e-05
South 1.69718150067e-05

row7col18
West 1.69699748656e-05
East 1.70086178286e-05
North 1.69308488414e-05
South 1.71250360625e-05

row7col20
West 1.69178993309e-05
East 1.68494439212e-05
North 1.68054097655e-05
South 1.68444738231e-05

row7col21
West 1.68075428068e-05
East 1.67664348678e-05
North 1.68656775413e-05
South 1.68063478107e-05

row7col22
West 1.67910950577e-05
East 1.69989428025e-05
North 1.6890296272e-05
South 1.68274633197e-05

row8col1
West 1.70008749507e-05
East 1.68396864592e-05
North 1.70376734022e-05
South 1.68682318878e-05

row8col2
West 1.69030990658e-05
East 1.68834785493e-05
North 1.68397584402e-05
South 1.69180918218e-05

row8col3
West 1.68640004258e-05
East 1.68824185671e-05
North 1.68883951878e-05
South 1.69642607433e-05

row8col4
West 1.69068904344e-05
East 1.68395932549e-05
North 1.6863729005e-05
South 1.69160729564e-05

row8col5
West 1.68729853856e-05
East 1.67526986441e-05
North 1.68232878683e-05
South 1.68294742179e-05

row8col6
West 1.67663135529e-05
East 1.6852957256e-05
North 1.69327899602e-05
South 1.68827017004e-05

row8col8
West 1.67945388286e-05
East 1.67659775347e-05
North 1.68028006061e-05
South 1.68792226416e-05

row8col9
West 1.68770891125e-05
East 1.67842301807e-05
North 1.6914613943e-05
South 1.68580473508e-05

row8col10
West 1.68679602967e-05
East 1.67995791206e-05
North 1.68517951598e-05
South 1.67714209853e-05

row8col11
West 1.67982652752e-05
East 1.67572790921e-05
North 1.68202402947e-05
South 1.68403266547e-05

row8col12
West 1.67848965675e-05
East 1.66993228412e-05
North 1.67531500746e-05
South 1.67474755751e-05

row8col13
West 1.6788153043e-05
East 1.67063279088e-05
North 1.68061730569e-05
South 1.67991516831e-05

row8col14
West 1.67879076234e-05
East 1.67811124822e-05
North 1.67916303168e-05
South 1.68262618927e-05

row8col15
West 1.67677243084e-05
East 1.6832839181e-05
North 1.67535221446e-05
South 1.67593343897e-05

row8col17
West 1.7127075e-05
East 1.69699748656e-05
North 1.70823203219e-05
South 1.7127075e-05

row8col18
West 1.7127075e-05
East 1.708629625e-05
North 1.69384116034e-05
South 1.70398033777e-05

row9col5
West 1.68452381807e-05
East 1.67387921153e-05
North 1.68250647705e-05
South 1.6729429502e-05

row9col6
West 1.67194110354e-05
East 1.67079955261e-05
North 1.68625191122e-05
South 1.68389608514e-05

row9col8
West 1.67865998725e-05
East 1.68854052224e-05
North 1.67845386177e-05
South 1.67535794144e-05

row9col9
West 1.67721128326e-05
East 1.69060572266e-05
North 1.68823785469e-05
South 1.69989428025e-05

row9col10
West 1.6860149919e-05
East 1.68056119818e-05
North 1.68357962487e-05
South 1.68356702093e-05

row9col11
West 1.68006288932e-05
East 1.67705435444e-05
North 1.68602434661e-05
South 1.68345656864e-05

row9col12
West 1.67995311239e-05
East 1.68209768858e-05
North 1.67242870561e-05
South 1.68363350137e-05

row9col13
West 1.68069189918e-05
East 1.67507749524e-05
North 1.68271944373e-05
South 1.67915833584e-05

row9col14
West 1.67660566077e-05
East 1.67230879833e-05
North 1.67817943676e-05
South 1.67353362935e-05

row9col15
West 1.67324614046e-05
East 1.67468771355e-05
North 1.67583369561e-05
South 1.67197514633e-05

row9col17
West 1.68957336589e-05
East 1.69641687362e-05
North 1.70823203219e-05
South 1.69983353484e-05

row9col18
West 1.69697765662e-05
East 1.68417664967e-05
North 1.70087146781e-05
South 1.70010589648e-05

row9col20
West 1.66078611099e-05
East 1.66105593591e-05
North 1.66074563783e-05
South 1.65666823998e-05

row9col21
West 1.65765031417e-05
East 1.6652043611e-05
North 1.65273609958e-05
South 1.65151517152e-05

row9col22
West 1.66571006573e-05
East 1.66220243939e-05
North 1.65900137075e-05
South 1.65037095813e-05

row10col1
West 1.64839415311e-05
East 1.66258037119e-05
North 1.65381943083e-05
South 1.65852281698e-05

row10col2
West 1.65550626598e-05
East 1.68223388614e-05
North 1.66633683847e-05
South 1.67864270537e-05

row10col3
West 1.67168655716e-05
East 1.68382155293e-05
North 1.69587315793e-05
South 1.69163658235e-05

row10col5
West 1.69140543319e-05
East 1.68186862234e-05
North 1.67415711972e-05
South 1.68673211462e-05

row10col6
West 1.69659122699e-05
East 1.69620571743e-05
North 1.6796029437e-05
South 1.68910233699e-05

row10col17
West 1.70065888309e-05
East 1.70048406969e-05
North 1.69972043177e-05
South 1.69904645836e-05

row10col18
West 1.70024393231e-05
East 1.69718150067e-05
North 1.6968037875e-05
South 1.70048406969e-05

row10col20
West 1.65967751294e-05
East 1.63595028259e-05
North 1.64954237476e-05
South 1.67564243559e-05

row10col21
West 1.66383123952e-05
East 1.6421876064e-05
North 1.65133454221e-05
South 1.6633060923e-05

row10col22
West 1.64653695143e-05
East 1.65456750609e-05
North 1.65871130562e-05
South 1.65299479098e-05

row11col1
West 1.67962232468e-05
East 1.68992954705e-05
North 1.65888133946e-05
South 1.68179514591e-05

row11col2
West 1.69248920741e-05
East 1.69572636068e-05
North 1.66831521244e-05
South 1.70374061557e-05

row11col3
West 1.69350121848e-05
East 1.68825055586e-05
North 1.68329844521e-05
South 1.68904538248e-05

row11col4
West 1.67973919185e-05
East 1.68132142343e-05
North 1.67881850557e-05
South 1.68034876727e-05

row11col5
West 1.66721776067e-05
East 1.7127075e-05
North 1.67632873743e-05
South 1.68403543603e-05

row11col6
West 1.69682267316e-05
East 1.68846295696e-05
North 1.70030005558e-05
South 1.70475564375e-05

row11col8
West 1.69323265552e-05
East 1.67922414863e-05
North 1.68210010208e-05
South 1.71212589308e-05

row11col9
West 1.69067703773e-05
East 1.6732651664e-05
North 1.69600339277e-05
South 1.68708000594e-05

row11col10
West 1.68315109061e-05
East 1.67800959573e-05
North 1.6813144781e-05
South 1.67205006829e-05

row11col12
West 1.66890039085e-05
East 1.67614139248e-05
North 1.66257913447e-05
South 1.67595806985e-05

row11col13
West 1.675812182e-05
East 1.68477429633e-05
North 1.68457708719e-05
South 1.68392082284e-05

row11col14
West 1.67729438569e-05
East 1.69310461965e-05
North 1.69564454455e-05
South 1.68294539497e-05

row11col15
West 1.69562710801e-05
East 1.70415466692e-05
North 1.70842573125e-05
South 1.69289259055e-05

row11col17
West 1.69644495999e-05
East 1.69640767292e-05
North 1.7006492005e-05
South 1.68737071253e-05

row11col18
West 1.69643575928e-05
East 1.699903941e-05
North 1.70107536156e-05
South 1.69615086432e-05

row11col20
West 1.66636234107e-05
East 1.66247448409e-05
North 1.64882925905e-05
South 1.65511714778e-05

row11col21
West 1.65252666175e-05
East 1.6623270538e-05
North 1.66978220825e-05
South 1.66790288206e-05

row11col22
West 1.65569405006e-05
East 1.64994638018e-05
North 1.66481897526e-05
South 1.67093654661e-05

row12col1
West 1.69425763881e-05
East 1.68296699757e-05
North 1.68357334682e-05
South 1.7127075e-05

row12col2
West 1.68770705121e-05
East 1.690635706e-05
North 1.70396055504e-05
South 1.69619649712e-05

row12col3
West 1.69638005119e-05
East 1.69588233564e-05
North 1.6832733631e-05
South 1.682133892e-05

row12col5
West 1.68748740156e-05
East 1.68505301807e-05
North 1.68179514591e-05
South 1.67798351364e-05

row12col6
West 1.68375105723e-05
East 1.70842573125e-05
North 1.70011604147e-05
South 1.69347264787e-05

row12col8
West 1.69993202736e-05
East 1.68560606891e-05
North 1.70084384148e-05
South 1.70011604147e-05

row12col9
West 1.67753153169e-05
East 1.68814157626e-05
North 1.68821393251e-05
South 1.69735631408e-05

row12col10
West 1.68894456789e-05
East 1.67273991451e-05
North 1.67623817517e-05
South 1.68012558001e-05

row12col12
West 1.68298632613e-05
East 1.67868341483e-05
North 1.67128528328e-05
South 1.67531799973e-05

row12col13
West 1.6744755107e-05
East 1.6746478625e-05
North 1.69603877178e-05
South 1.68420080789e-05

row12col14
West 1.68867119641e-05
East 1.68926348613e-05
North 1.67888444581e-05
South 1.68385638731e-05

row12col15
West 1.69514287609e-05
East 1.67044132796e-05
North 1.69718150067e-05
South 1.69989428025e-05

row12col16
West 1.67967129864e-05
East 1.68484284618e-05
North 1.67721456732e-05
South 1.684676685e-05

row12col17
West 1.6917305403e-05
East 1.69229585619e-05
North 1.68646265459e-05
South 1.68631444956e-05

row12col18
West 1.69492510108e-05
East 1.69236766839e-05
North 1.69240585029e-05
South 1.68868830201e-05

row12col20
West 1.62685813849e-05
East 1.65292324901e-05
North 1.65318482288e-05
South 1.63483370842e-05

row12col21
West 1.6351034338e-05
East 1.68360613278e-05
North 1.66888577016e-05
South 1.67099255836e-05

row12col22
West 1.67575160237e-05
East 1.66826136712e-05
North 1.67786969985e-05
South 1.67875157987e-05

row13col5
West 1.67321190157e-05
East 1.68718215097e-05
North 1.66825064428e-05
South 1.68271320604e-05

row13col6
West 1.66948510264e-05
East 1.69989428025e-05
North 1.69757909348e-05
South 1.6921322144e-05

row13col9
West 1.69384116034e-05
East 1.70842573125e-05
North 1.6862776962e-05
South 1.70766015992e-05

row13col17
West 1.67489352491e-05
East 1.67145091777e-05
North 1.68880628238e-05
South 1.68681090008e-05

row13col18
West 1.66929372245e-05
East 1.68772027711e-05
North 1.68868865797e-05
South 1.68695162487e-05

row13col21
West 1.67395578823e-05
East 1.68295897731e-05
North 1.67016956895e-05
South 1.68126299165e-05

row14col1
West 1.70415466692e-05
East 1.70396145211e-05
North 1.70010635652e-05
South 1.69699748656e-05

row14col2
West 1.70008749507e-05
East 1.68996717909e-05
North 1.70415466692e-05
South 1.69716171794e-05

row14col3
West 1.69050128004e-05
East 1.70379632366e-05
North 1.68955452745e-05
South 1.69714250917e-05

row14col4
West 1.70007047376e-05
East 1.68622522917e-05
North 1.69294869191e-05
South 1.70475564375e-05

row14col5
West 1.68661168302e-05
East 1.68654689015e-05
North 1.68353860719e-05
South 1.69601431976e-05

row14col6
West 1.69512067139e-05
East 1.69205392209e-05
North 1.6846753049e-05
South 1.68888515422e-05

row14col7
West 1.69251586536e-05
East 1.68475580221e-05
North 1.68081960938e-05
South 1.68436084526e-05

row14col8
West 1.67795805266e-05
East 1.69243069098e-05
North 1.68309978724e-05
South 1.69530621517e-05

row14col9
West 1.69598010555e-05
East 1.68156957336e-05
North 1.69737519973e-05
South 1.70454206505e-05

row14col10
West 1.6862776962e-05
East 1.69236902325e-05
North 1.69604930544e-05
South 1.69309498191e-05

row14col11
West 1.69240444597e-05
East 1.69430110568e-05
North 1.699903941e-05
South 1.67328640894e-05

row14col12
West 1.68196891382e-05
East 1.68562131672e-05
North 1.68086450938e-05
South 1.68424758693e-05

row14col13
West 1.68303877507e-05
East 1.70455175e-05
North 1.6929394912e-05
South 1.70107536156e-05

row14col14
West 1.70803833312e-05
East 1.67917041727e-05
North 1.70415466692e-05
South 1.70048406969e-05

row14col15
West 1.68117911025e-05
East 1.70022424979e-05
North 1.70010635652e-05
South 1.67981411371e-05

row14col16
West 1.69236542248e-05
East 1.69333514575e-05
North 1.7000787544e-05
South 1.70315973248e-05

row14col17
West 1.69677570114e-05
East 1.70087146781e-05
North 1.68708751814e-05
South 1.70821314653e-05

row14col18
West 1.70396055504e-05
East 1.70455175e-05
North 1.68424808957e-05
South 1.70414500618e-05

row14col19
West 1.708629625e-05
East 1.6967752411e-05
North 1.70067776875e-05
South 1.70398033777e-05

row14col20
West 1.70030005558e-05
East 1.69675686269e-05
North 1.70415466692e-05
South 1.69660088773e-05

row14col21
West 1.70783543336e-05
East 1.69638802711e-05
North 1.67605803756e-05
South 1.68629434832e-05

row14col22
West 1.70028301127e-05
East 1.69697811666e-05
North 1.70008705804e-05
South 1.70397065281e-05

row15col1
West 1.70415466692e-05
East 1.70841558626e-05
North 1.69271819002e-05
South 1.69293854692e-05

row15col2
West 1.70475564375e-05
East 1.70375903659e-05
North 1.69313176174e-05
South 1.70087146781e-05

row15col3
West 1.69679414976e-05
East 1.70416435187e-05
North 1.70334863912e-05
South 1.70008749507e-05

row15col4
West 1.70433916528e-05
East 1.69620617747e-05
North 1.70435805094e-05
South 1.70435805094e-05

row15col5
West 1.70398033777e-05
East 1.68541591563e-05
North 1.68868745182e-05
South 1.70087146781e-05

row15col6
West 1.69010610974e-05
East 1.68906009738e-05
North 1.6882850106e-05
South 1.70107536156e-05

row15col7
West 1.69209994983e-05
East 1.6855501227e-05
North 1.68979461891e-05
South 1.68590138734e-05

row15col8
West 1.69149657653e-05
East 1.69362859983e-05
North 1.68452840712e-05
South 1.68139205598e-05

row15col9
West 1.69221824778e-05
East 1.70802864817e-05
North 1.69291970848e-05
South 1.69110225687e-05

row15col10
West 1.70005163532e-05
East 1.68737625225e-05
North 1.69516647475e-05
South 1.70028991059e-05

row15col11
West 1.68836865335e-05
East 1.68504434163e-05
North 1.68534062735e-05
South 1.67193235534e-05

row15col12
West 1.70048406969e-05
East 1.69110225687e-05
North 1.67364133715e-05
South 1.6842400929e-05

row15col13
West 1.69200278917e-05
East 1.70435805094e-05
North 1.69661008844e-05
South 1.717e-05

row15col14
West 1.708629625e-05
East 1.68112679625e-05
North 1.70435805094e-05
South 1.70107536156e-05

row15col15
West 1.69052064995e-05
East 1.68154592984e-05
North 1.68577030029e-05
South 1.67886549625e-05

row15col16
West 1.69109164216e-05
East 1.68624360758e-05
North 1.69367603189e-05
South 1.6916164504e-05

row15col17
West 1.68408802375e-05
East 1.69682267316e-05
North 1.70823203219e-05
South 1.70415466692e-05

row15col18
West 1.69661928914e-05
East 1.70802913242e-05
North 1.7039522514e-05
South 1.70455175e-05

row15col19
West 1.70455175e-05
East 1.69641733366e-05
North 1.70398033777e-05
South 1.70030005558e-05

row15col20
West 1.69367603189e-05
East 1.70842573125e-05
North 1.68974636216e-05
South 1.69310461965e-05

row15col21
West 1.69625126092e-05
East 1.69699748656e-05
North 1.69384116034e-05
South 1.70842573125e-05

row15col22
West 1.69699748656e-05
East 1.70455175e-05
North 1.70415466692e-05
South 1.67890122577e-05

row16col2
West 1.70415466692e-05
East 1.68196995931e-05
North 1.70086132282e-05
South 1.68911064062e-05

row16col7
West 1.69182797577e-05
East 1.69661977339e-05
North 1.69067611766e-05
South 1.69164225723e-05

row16col15
West 1.68166581159e-05
East 1.68410587881e-05
North 1.67500302403e-05
South 1.69677436703e-05

row17col1
West 1.68271187193e-05
East 1.69625126092e-05
North 1.699903941e-05
South 1.69259860507e-05

row17col2
West 1.69271865006e-05
East 1.69554234657e-05
North 1.68926751265e-05
South 1.68485931901e-05

row17col3
West 1.69555154727e-05
East 1.679666777e-05
North 1.68853361832e-05
South 1.6968037875e-05

row17col4
West 1.67835937212e-05
East 1.67970027533e-05
North 1.67811941128e-05
South 1.68875740018e-05

row17col6
West 1.68319633637e-05
East 1.67843042612e-05
North 1.66511836264e-05
South 1.67356200288e-05

row17col7
West 1.67113690714e-05
East 1.6873457505e-05
North 1.69568173726e-05
South 1.6809487383e-05

row17col8
West 1.67964724725e-05
East 1.67830740638e-05
North 1.67621970022e-05
South 1.67873470777e-05

row17col9
West 1.68040597972e-05
East 1.6793971031e-05
North 1.67342931035e-05
South 1.66841974967e-05

row17col10
West 1.67472523234e-05
East 1.67315806495e-05
North 1.69140543319e-05
South 1.6715657597e-05

row17col11
West 1.6789171842e-05
East 1.67276228768e-05
North 1.67936215344e-05
South 1.67412200535e-05

row17col13
West 1.69220384759e-05
East 1.69031726593e-05
North 1.67034646722e-05
South 1.68590920794e-05

row17col14
West 1.68347029764e-05
East 1.6833391428e-05
North 1.70415466692e-05
South 1.6968037875e-05

row17col15
West 1.6778311583e-05
East 1.7004743871e-05
North 1.69623239948e-05
South 1.69947097084e-05

row17col16
West 1.70007698326e-05
East 1.68427822419e-05
North 1.68839110579e-05
South 1.6857207579e-05

row17col18
West 1.66450462831e-05
East 1.66701750247e-05
North 1.66329651534e-05
South 1.65231816403e-05

row17col19
West 1.66416274302e-05
East 1.66066727483e-05
North 1.66330673659e-05
South 1.67307899227e-05

row17col20
West 1.66864259752e-05
East 1.67240723984e-05
North 1.67990101433e-05
South 1.66071083105e-05

row17col21
West 1.67272822756e-05
East 1.67714045944e-05
North 1.65878159783e-05
South 1.67262573006e-05

row17col22
West 1.67097153873e-05
East 1.69989428025e-05
North 1.70415466692e-05
South 1.68610103708e-05

row18col1
West 1.70011604147e-05
East 1.69990440103e-05
North 1.69566292181e-05
South 1.70012434511e-05

row18col2
West 1.70823203219e-05
East 1.70049375464e-05
North 1.67869070361e-05
South 1.67484194878e-05

row18col3
West 1.69696891595e-05
East 1.68937097337e-05
North 1.69951978854e-05
South 1.6952255976e-05

row18col4
West 1.70416435187e-05
East 1.69219420985e-05
North 1.68897932683e-05
South 1.66878823631e-05

row18col6
West 1.68755134921e-05
East 1.67968163271e-05
North 1.67804600707e-05
South 1.6888070623e-05

row18col7
West 1.68867250636e-05
East 1.69049692337e-05
North 1.6835965262e-05
South 1.67281137125e-05

row18col8
West 1.69244221199e-05
East 1.66536715026e-05
North 1.67221181962e-05
South 1.6782425767e-05

row18col9
West 1.66510942014e-05
East 1.67276491432e-05
North 1.67334108264e-05
South 1.6679987606e-05

row18col10
West 1.66469347052e-05
East 1.67526255207e-05
North 1.67361041796e-05
South 1.67351876949e-05

row18col11
West 1.66412808917e-05
East 1.67092063391e-05
North 1.66988070429e-05
South 1.68209803586e-05

row18col13
West 1.69569050093e-05
East 1.69673197478e-05
North 1.68884701281e-05
South 1.69661928914e-05

row18col14
West 1.69679410255e-05
East 1.69528705333e-05
North 1.69679410255e-05
South 1.69905701606e-05

row18col15
West 1.69561091805e-05
East 1.68662657577e-05
North 1.69269815204e-05
South 1.69121177922e-05

row18col16
West 1.68936081447e-05
East 1.6748002957e-05
North 1.68570903114e-05
South 1.67392749693e-05

row18col17
West 1.67162718932e-05
East 1.66451213041e-05
North 1.66695502316e-05
South 1.65849550434e-05

row18col18
West 1.66310669116e-05
East 1.65262983662e-05
North 1.66632545103e-05
South 1.66877722726e-05

row18col19
West 1.65905828654e-05
East 1.66970249444e-05
North 1.66524498903e-05
South 1.66937730603e-05

row18col20
West 1.66830332517e-05
East 1.66861535921e-05
North 1.66225422135e-05
South 1.66969657517e-05

row18col21
West 1.67490607094e-05
East 1.66133233637e-05
North 1.66908693399e-05
South 1.67454616228e-05

row18col22
West 1.6597628764e-05
East 1.66810379022e-05
North 1.68961573514e-05
South 1.65504364067e-05

row19col1
West 1.68462046283e-05
East 1.68315078796e-05
North 1.6969786009e-05
South 1.69608613247e-05

row19col2
West 1.68080653907e-05
East 1.68083947178e-05
North 1.68693368349e-05
South 1.6817469008e-05

row19col3
West 1.68613847812e-05
East 1.68654628014e-05
North 1.68437287892e-05
South 1.67306135154e-05

row19col4
West 1.68016132161e-05
East 1.64979306857e-05
North 1.68198530679e-05
South 1.660834803e-05

row19col6
West 1.67998617798e-05
East 1.68691708506e-05
North 1.68365796496e-05
South 1.68373938928e-05

row19col7
West 1.68223133577e-05
East 1.66947408022e-05
North 1.68247229016e-05
South 1.6818056106e-05

row19col8
West 1.67674591648e-05
East 1.67336399668e-05
North 1.67514094044e-05
South 1.67544128403e-05

row19col9
West 1.66934391559e-05
East 1.67293106023e-05
North 1.67771836328e-05
South 1.68782108871e-05

row19col10
West 1.6822842418e-05
East 1.65897407337e-05
North 1.66837421481e-05
South 1.68169451805e-05

row19col11
West 1.67378039463e-05
East 1.67086458713e-05
North 1.66526183347e-05
South 1.64647601058e-05

row19col13
West 1.70842573125e-05
East 1.69257005867e-05
North 1.69954557352e-05
South 1.70842573125e-05

row19col14
West 1.69697811666e-05
East 1.6883623852e-05
North 1.69345334939e-05
South 1.68463877562e-05

row19col15
West 1.68960883582e-05
East 1.68749104227e-05
North 1.6891599495e-05
South 1.67892829147e-05

row19col16
West 1.68463623974e-05
East 1.66624819096e-05
North 1.68391002614e-05
South 1.67118484989e-05

row19col18
West 1.66627919927e-05
East 1.66703396881e-05
North 1.66396419162e-05
South 1.66229591932e-05

row19col19
West 1.66346745947e-05
East 1.66252096692e-05
North 1.6733722735e-05
South 1.65823609095e-05

row19col20
West 1.65795483495e-05
East 1.66912044479e-05
North 1.6679134353e-05
South 1.66018694884e-05

row19col21
West 1.66695020735e-05
East 1.67456042275e-05
North 1.66961493852e-05
South 1.66661387626e-05

row19col22
West 1.66527768261e-05
East 1.66276978278e-05
North 1.66325260945e-05
South 1.65475079108e-05
