0.0
0.0118913442628
0.00792756284184
0.00594567213138
0.00475653770511
0.00396378142092
0.00647524304133
0.0288341652771
0.0256303691352
0.0300507051826
0.0273188228933
0.0250422543189
0.0231159270636
0.0214647894162
0.0200338034551
0.0187816907391
0.0181295029032
0.0171223082974
0.0167720497277
0.0185001576577
0.0176191977692
0.0168183251434
0.0160870936154
0.0154167980481
0.0148001261262
0.0177020443521
0.0170464130798
0.0164376126126
0.0158707983846
0.0153417717718
0.0148468759082
0.0143829110361
0.0153509780658
0.0161939689128
0.0157312840867
0.0152943039732
0.0148809444064
0.0144893406062
0.0141178190522
0.0155107168161
0.0166696003321
0.0163383805395
0.0182839995968
0.0178684541514
0.0183099409537
0.017911898759
0.0175307945301
0.017165569644
0.0168152518962
0.0164934845717
0.0161700829134
0.0158591197805
0.0155598911054
0.0152717449738
0.015062302591
0.0158090473524
0.0155541154372
0.0152859410331
0.0156320005161
0.0153888151824
0.0151365395237
0.0148924017895
0.0147720425968
0.0145412294312
0.0143175182092
0.0141005861151
0.0148803093541
0.0150296343485
0.0151535873373
0.0159347322269
0.0166565453867
0.0164252044785
0.0164396874511
0.016316310224
0.0160987594211
0.0163350410422
0.0161228976521
0.0165790461131
0.0175680706331
0.0173562599202
0.0183148246126
0.0183046738426
0.0180841356035
0.0184799698026
0.0182625583931
0.0187830512138
0.01862891677
0.0198203252187
0.0195976249353
0.0205038822391
0.0206725054259
0.02044780428
0.0202279354168
0.0200127446145
0.0198020841448
0.02000957735
0.0198032930475
0.0196976147961
0.0204582449497
0.0203434073321
0.0202692272165
0.0200705093026
0.0200069858669
0.0198146110028
0.0196259004219
0.020336976833
0.0201469116289
0.0199603661509
0.0197772435256
0.0195974504027
0.019856836415
0.0196898408237
0.0196082262631
0.019459210687
0.0192900001593
0.0191926752789
0.0190286353193
0.0188991758159
0.0187403592124
0.0199810903336
0.0198159573556
0.0196535314756
0.0199561857663
0.0198008176665
0.0199291998631
0.0198284844693
0.0201907165853
0.0201147531391
0.0199588248202
0.0198052953985
0.0199573269745
0.0198061351035
0.0197041479371
0.0206007679689
0.0204481696876
0.0206564000422
0.0205056233996
0.0208396857008
0.0207264842703
0.0210061071964
0.0208571277128
0.0211774440185
0.0210954117136
0.0209489157989
0.0214596129313
0.0213126292811
0.0212388521804
0.0211867490942
0.0210445561473
0.0209042591063
0.0209741427964
0.0208818410939
0.0212777154985
0.0213291517773
0.0211915443465
0.0210557011135
0.0209215883676
0.02079543171
0.0206646428313
0.0209724065408
0.0208421431462
0.0207134879416
0.0210148391174
0.0208921414699
0.0211473834734
0.021019989597
0.0208941213958
0.0211083231091
0.0209834217889
0.0208599898961
0.0207427116715
0.02084150614
0.0207210350062
0.0206652722247
0.0211186135263
0.0209986214039
0.0208799851248
0.0207626818376
0.0208016554436
0.0206860906912
0.0209576246078
0.0208769080788
0.0207628266139
0.0209150259144
0.0208244463114
0.0207124869227
0.020674065043
0.0206725576894
0.02106582458
0.0210129429297
0.0210906164863
0.0210816609236
0.0214414355202
0.0213390000823
0.0213956576419
0.0218864632361
0.0217801329387
0.0217498187394
0.0222890465981
0.0221776013651
0.0221983695645
0.0220884766459
0.0225142760665
0.0224579232967
0.022523243633
0.0224139074989
0.0223290550594
0.0222867403496
0.0221801052283
0.0224429527927
0.0224979917019
0.0227568601078
0.022650020389
0.0225441791722
0.0224393225249
0.0223354367725
0.0222445843016
0.0221425449241
0.0220577150076
0.0222159981632
0.0222243364238
0.0221242268002
0.0223076380746
0.0222442087576
0.0221453456076
0.0220473573527
0.0219859129198
0.0218979320385
0.0218023078811
0.0219959589039
0.0219007383026
0.0218709464367
0.0217770797138
0.022132089854
0.0220824528566
0.0219888831411
0.0222969469253
0.022217491491
0.0221245312756
0.0221090231912
0.0220706090521
0.0222268201466
0.0221353517509
0.0221113718496
0.0220211213523
0.0219316045988
0.0218428126774
0.0221004525456
0.0220116957081
0.0221322074125
0.0224424376619
0.0223533803696
0.0222939194695
0.0224082513154
0.02232037582
0.0225354450307
0.0225802727256
0.0224927522887
0.0226492472257
0.0225621347364
0.0224756897757
0.0223899047002
0.0223589148502
0.0222742219909
0.0223325659089
0.0222529447219
0.0222286936986
0.0223621161779
0.022430949094
0.0223478715048
0.0222654070343
0.0221835489202
0.0227649419746
0.0228758880503
0.0229329517561
0.0228498613512
0.0227888649402
0.0227068906059
0.0228757466238
0.0227940475288
0.0229093332634
0.0229806854356
0.0228994816001
0.023399250079
0.0235621780774
0.0237645852344
0.0236817818016
0.0237956454228
0.0237424668165
0.0236706084701
0.0235892661729
0.0235084810148
0.0236294153707
0.0235703602719
0.0234904607456
0.0234414202809
0.0233624929399
0.0236118246124
0.0235328552993
0.0234840746443
0.0234258347136
0.0233669947401
0.0234633024806
0.0234643530926
0.0233874207874
0.0233109913077
0.0234880259476
0.0235018276728
0.0234342504007
0.0236883032555
0.0236121350778
0.0237187628795
0.0236781374948
0.0238621263085
0.0238108005028
0.0239558667291
0.0238802961716
0.024123896459
0.0243311883196
0.0243333858842
0.0243316703161
0.0242561061226
0.0242250951876
0.024223729735
0.0241491951819
0.0240777185208
0.0240074370076
0.0239342436021
0.02410906543
0.024036007656
0.0240189882704
0.0239534091154
0.0238946199917
0.0238449647601
0.0237737857608
0.0237030304461
0.0238788386095
0.0239257101871
0.0239041250196
0.0239567953387
0.023886540807
0.0238166971204
0.0237600205425
0.0236909507153
0.0237177923549
0.0236492438221
0.0236390238458
0.0236164344712
0.0236514836339
0.0235955098102
0.0236988664601
0.0238658910028
0.0239108075491
0.0239142455959
0.0238569231948
0.0237899093656
0.0237459585581
0.0237209502252
0.0236548751549
0.0240793077933
0.0240126061097
0.0239462729437
0.0241353337989
0.0241222453776
0.0243593064244
0.0246925711837
0.0246252889733
0.0246842310895
0.0247762127697
0.0248710708269
0.0252618057562
0.0253722365018
0.02530421442
0.0253427631297
0.0255873449607
0.0255192935113
0.0254516030776
0.0253842707943
0.0255373878201
0.0254701841679
0.0258797990792
0.0259693735191
0.0259095484305
0.0259690743406
0.0261613624592
0.026197879708
0.0261985491265
0.0261594248014
0.0261046433817
0.0264274808097
0.0263880711683
0.0267182053687
0.0266502201133
0.0268267780109
0.0268812635559
0.0268190550843
0.0268523154856
0.0267848473562
0.0267837625494
0.0268541242273
0.026810714502
0.0267440211824
0.0267286190564
0.0266883611571
0.0267732978597
0.0269413439241
0.0268786280592
0.0269152295431
0.0269370715057
0.0270618712811
0.0271209280623
0.0270688291173
0.0270032871582
0.0274641607932
0.0278294836965
0.0278487603997
0.0277819768016
0.0278754324612
0.0280237240967
0.0280197438237
0.0280492653765
0.028113650389
0.02805005791
0.0279839021131
0.028017982456
0.0279522125441
0.0278960010613
0.0278308234887
0.0278453347688
0.0277897640121
0.0277270618747
0.0276836531278
0.0276596630252
0.0277204380154
0.0276639437726
0.0279102437071
0.0279981883282
0.0282795894258
0.0282151712266
0.0281510458375
0.0281268540362
0.0282212134832
0.0282620891255
0.0283265439005
0.0283434473799
0.0282867498848
0.0283965739203
0.028337952937
0.0282748394561
0.0282134642891
0.0282190568001
0.0282445045325
0.02827126021
0.0282501373193
0.0281880491054
0.0281262332083
0.0281472597445
0.0282099950053
0.0283393282982
0.0282872354778
0.0284427946199
0.0283866185018
0.0285412910321
0.0284863666216
0.0286191916397
0.0285595054204
0.0284983501626
0.028437456252
0.0286569752141
0.0286448846708
0.0286004040187
0.0285530879431
0.0286835253893
0.0286313922151
0.0285711155999
0.0286676977955
0.0287240567349
0.028766292988
0.0287773365572
0.0287237511989
0.0289785549482
0.0293291066963
0.0293405610843
0.0294311865589
0.0293768054827
0.0293163593809
0.0297009295042
0.0296448662856
0.0295861638896
0.0297034875973
0.0298647379912
0.0298040373042
0.0301252380708
0.0300642558075
0.0301826910185
0.0301233043142
0.0300664567121
0.0300060823011
0.0299459498716
0.0300489592219
0.0299889812593
0.0299394109518
0.0300224646034
0.0300377679678
0.0299952660631
0.030175089029
0.030125640504
0.0301209423087
0.0302064605818
0.030373352272
0.0303289709516
0.0304201033325
0.0303822830746
0.0303245170402
0.0303814736143
0.030503124918
0.03045048365
0.030466024228
0.0305854903394
0.0305828238241
0.0307062121442
0.030889701205
0.0308893182485
0.0311708103063
0.0312022455449
0.0312831987644
0.0312345706126
0.0311922198891
0.031225443477
0.03117950322
0.0312196918298
0.031190004215
0.0313483562571
0.0313716544318
0.0313225572961
0.0312641196892
0.0312773309633
0.0314635004861
0.0316434025431
0.0315885585656
0.0316708895843
0.0316654595182
0.0316825641584
0.0316281963138
0.031598787125
0.031662419462
0.0316069949064
0.0315999364437
0.0316571768891
0.0316079947127
0.0315564688165
0.0316363507277
0.0315933134008
0.0315362857592
0.0314877308794
0.0314351391131
0.0315249335222
0.0314684372256
0.0316103127312
0.0315792935551
0.0315230024793
0.0316341758093
0.0316630494414
0.0316979273827
0.0318682957134
0.0318135680265
0.0318751872368
0.0319007925646
0.0318477831936
0.0318434272074
0.0318862280662
0.0318815299445
0.0318258902762
0.0317704444743
0.0317512513777
0.0318639254854
0.0318122161773
0.0317643711655
0.0317293162447
0.031712997598
0.0317577979138
0.0320154829229
0.032259307803
0.032325857639
0.032343214807
0.0325222396754
0.032545403143
0.0326304282747
0.0325775591478
0.0326187497412
0.0326624073083
0.0326934266609
0.0327946444257
0.0328031940884
0.0327870778922
0.032738362013
0.0327695108343
0.0327326813468
0.032680169238
0.0327601401189
0.0329543382971
0.0329514682287
0.0329789025826
0.0329935269715
0.0329451945533
0.033168562123
0.0333084935905
0.0334970693844
0.033444391088
0.0335375150371
0.0335134729238
0.0334587123472
0.0335439958507
0.0335988180552
0.0336520590715
0.0335998487687
0.0336494272665
0.0336529857859
0.0336682457102
0.0338904754616
0.0338983772719
0.0340111518729
0.0340871067953
0.0342505256513
0.0343078667538
0.0343328805807
0.0344359112121
0.0345901737342
0.0345780872138
0.0345561634845
0.0346449518141
0.0346484141186
0.0346098248896
0.0345927473875
0.034564105285
0.0346222196942
0.0346356131279
0.0346335443948
0.0346878622409
0.0346336624562
0.0347290882514
0.0348957885191
0.0348759342874
0.0349399928361
0.0349241498765
0.0349578679719
0.0351003089058
0.0351345492684
0.0350842486194
0.0351818834131
0.0351278405814
0.0352642485346
0.0353573104807
0.0353600297175
0.0354468495933
0.0358801563062
0.0358842283555
0.0358870416258
0.0360332128417
0.0361904089445
0.0362512678464
0.0363517956657
0.0363262230727
0.0362774635642
0.0362925788416
0.0362954638012
0.0363631626936
0.0363406371159
0.0363576380815
0.0364458255779
0.0364003829996
0.0363625521392
0.0363279063941
0.0363900560342
0.0364075084937
0.0366063618819
0.036597690279
0.0366372960002
0.0365951742952
0.0365622984126
0.036553580018
0.0366415009249
0.0367257738509
0.0367115469263
0.036838785162
0.0368655715518
0.0369710734978
0.0369278381051
0.0370654075528
0.037080208263
0.0370388681425
0.0370673019481
0.0370195135028
0.0370979348275
0.0371550009567
0.037212629569
0.0371827573108
0.0372313280161
0.0372544738353
0.0372474722363
0.0372571230132
0.0373616579983
0.037483214003
0.0375072841452
0.0376737685411
0.0376518802584
0.0376742885179
0.0376440109483
0.0377110899722
0.0376966667744
0.0378246027872
0.0379012316785
0.0378489483432
0.0378284311859
0.037892849262
0.0378697168988
0.0379991231719
0.0379531631738
0.037919257618
0.0380437380905
0.0380071192091
0.0380433428578
0.0380354728877
0.0380723899161
0.0380262307299
0.0380660489557
0.0381583928458
0.0382252424685
0.0384675069578
0.0385761115891
0.0385233398907
0.0385003054895
0.0386409266812
0.0387431531688
0.0387259660576
0.0387066648007
0.0387316606141
0.0387763668882
0.0388048923977
0.038865457555
0.0389075871981
0.038877275098
0.0388494393199
0.0388041991299
0.0387521129565
0.0387354908339
0.0389772845642
0.039004669548
0.039002974876
0.0390518289928
0.0391185593439
0.0391058373206
0.0392987974716
0.0393684254192
0.0393537343451
0.0394408435813
0.0394074067256
0.0394507352037
0.0394917360688
0.0394495030256
0.0394284000628
0.0394465819119
0.0395026570764
0.0394568733282
0.0396216467045
0.0398365191072
0.039841738363
0.0397979063704
0.0399511504857
0.0399034440901
0.0399290554558
0.040029943195
0.0400234301807
0.040023040002
0.0401049170685
0.0401209473111
0.0404156700822
0.0404270235352
0.04062170143
0.0407600283302
0.0408976193175
0.0409209559303
0.041031587146
0.0410883442458
0.0410606790283
0.0411401634447
0.0412217812226
0.0412241472136
0.0412062740224
0.0413845439664
0.0414707445084
0.041527548879
0.0416032402531
0.041679869569
0.0417118770916
0.0417148237667
0.041723513801
0.0417517428875
0.0417387860424
0.04179241845
0.0417514472449
0.0417884485365
0.0418347887661
0.0418526478511
0.0420584901955
0.0420500585894
0.0421932399353
0.0421727493626
0.0421303215716
0.0421714920446
0.0422406464453
0.042192022951
0.0421546522159
0.0422571414277
0.0422530901576
0.0422538687546
0.0423725058516
0.0424669938351
0.0424520508092
0.0424971861674
0.0426025905047
0.0426900224907
0.042666042377
0.0426683433079
0.0427020938626
0.0429039474209
0.0428830846066
0.0429319358924
0.0429468594996
0.0430053348784
0.0431335837416
0.0431018006501
0.0433377923548
0.0435166638966
0.0436681123161
0.0436737998457
0.0437607802846
0.0437245302695
0.0439391756499
0.0441973416035
0.0443025842494
0.0445211235433
0.0446294108492
0.0447421331367
0.0447441165351
0.0447867936038
0.0448414277122
0.0449234695303
0.045006644273
0.0450263123961
0.0451346525627
0.0452685055438
0.045351084747
0.0453359029202
0.0456140977507
0.0456144990062
0.0455612732197
0.0455339063484
0.0457367315908
0.0457735082774
0.045866406104
0.0461285995233
0.0461329625786
0.0461504918279
0.0461562181601
0.0461304452213
0.0461612608707
0.0461868322103
0.0462634860181
0.046276805114
0.0464492825844
0.0467212924439
0.0469049821106
0.0469493850963
0.0471176847024
0.0471488821066
0.0472906450688
0.0473715508373
0.0474255008642
0.0474352826756
0.0475525794082
0.0476724460313
0.0477202071745
0.0478122791261
0.0479304325326
0.0479835717664
0.0480670218884
0.0482225634907
0.0482889108971
0.0482453664129
0.0482897206628
0.0483131346431
0.0484268374652
0.0485235194853
0.0485296838164
0.0486123770415
0.0486207366885
0.0486428171752
0.0486224332268
0.0487283861066
0.0487914239733
0.0489209245739
0.0489927432003
0.0489541313718
0.0490331159192
0.0492191807801
0.0492088249454
0.0491952499398
0.0493924089834
0.0494932564561
0.0494766387826
0.0494234181202
0.0495710386773
0.0497022566817
0.049676064325
0.0497351581637
0.0498264670879
0.0499300081075
0.0500567060677
0.0500399801827
0.050197869423
0.0505497767617
0.0504984955582
0.050511970855
0.0505701979359
0.0505507427546
0.0505713287833
0.0505665579741
0.0506717234997
0.0506820076308
0.0506938355224
0.0507565353361
0.0510248617408
0.051047967711
0.0511198773554
0.051166698115
0.0511429739764
0.05120963966
0.0512535116399
0.0513206930195
0.0512731652584
0.05132314709
0.0512947273829
0.0512552993619
0.0512682710732
0.0513659581865
0.0513395511631
0.0513610932096
0.0513069719312
0.0513999974326
0.0514513496939
0.0516291159037
0.0517818603601
0.0517917946084
0.051918227823
0.0519941087299
0.0520518301547
0.052052996041
0.0521978080369
0.0522990470839
0.0522701382287
0.0522394148626
0.0523295032861
0.0524568877765
0.0525127376973
0.0524697710706
0.0526827987011
0.0527826575834
0.052856011457
0.0529021177669
0.0530155766804
0.052961033906
0.0530156363583
0.0530277377891
0.0530943307786
0.0530883974464
0.0532317773302
0.0532799495983
0.0532714901343
0.0532785011635
0.0533324379175
0.0533292395701
0.053446332214
0.0535665391839
0.0536211563917
0.0536874441858
0.0537305951685
0.0537878153383
0.053782340876
0.0537876701399
0.0539579058415
0.0539082584953
0.0539833681908
0.0540277942502
0.05409336696
0.0542022169485
0.0542695179042
0.0542230181695
0.0543204923532
0.054439715389
0.054614769081
0.0548760973924
0.054925571007
0.0549163913685
0.0549339017406
0.055112677464
0.0551722722881
0.0552488363708
0.0553494096009
0.0553639834795
0.0554428099902
0.0555047604243
0.0556202269998
0.0557170002913
0.0556957820767
0.0558334960766
0.0558899728964
0.05593394252
0.0559108427586
0.0560569379447
0.0560490696947
0.0560658439712
0.0560723674236
0.0560447060433
0.0561407768476
0.0561920939885
0.0563051811959
0.0563806502918
0.056378328121
0.0564223417374
0.0565015696297
0.0565325907095
0.0565727115689
0.0566445190603
0.0566222525685
0.0566325512655
0.0566654989707
0.0566860394181
0.0567284639642
0.0568421198346
0.0568628486075
0.0568266372288
0.0568357260399
0.0568599304248
0.0569228161725
0.0569368991409
0.0570927152479
0.0571894364819
0.0574696654107
0.0575296151353
0.0576002830711
0.0576966709853
0.0577272647545
0.057826240517
0.0579582916262
0.0580807410136
0.0581174071319
0.0581248323593
0.0582343878731
0.0582759340696
0.0583410083237
0.0583712751503
0.0584585234761
0.0585792095717
0.0585909771287
0.058647250613
0.0588058729478
0.0588186329809
0.0589999045567
0.0590161410281
0.0589924168085
0.0589986367049
0.0590125141344
0.0590413122342
0.0591672937446
0.0591744774954
0.059182087384
0.0592103485498
0.0592124567548
0.0592368760831
0.059438038911
0.0594450303751
0.0594311861877
0.0594660544405
0.0595248590867
0.0595954084422
0.0595918101484
0.0595561902568
0.0595646805463
0.0595205547586
0.0595381873593
0.0595974593486
0.0595785653674
0.0597381696513
0.0599307655033
0.0601038915072
0.0601326181618
0.0601855744052
0.0602855023578
0.0603419030708
0.0604159381806
0.0604711301234
0.0605703646852
0.0605795973732
0.0606409409185
0.0607479735745
0.0609390331667
0.0609470023776
0.0610047219575
0.0610541158409
0.0610929913276
0.0611339227303
0.0612350672067
0.0614031895978
0.0614171152319
0.0614755944483
0.0615565652577
0.0616041844406
0.0616071553626
0.0616657977846
0.0617968452574
0.0618425176279
0.0619735243215
0.0620848025058
0.0621494824579
0.0622441176366
0.0623833655327
0.0624014296641
0.0625330560496
0.0626476607776
0.062737988149
0.0627919558134
0.0628226753564
0.062921274217
0.062932199361
0.0629363859358
0.063106974168
0.063214344597
0.0632357257329
0.0633286452477
0.0634244630163
0.0634324023896
0.0635258636467
0.0635763527934
0.0635824096909
0.0637326018678
0.0637339713208
0.0637071560908
0.0637291918905
0.0637818008975
0.0639402160841
0.0639209207456
0.0640005287407
0.0639842556819
0.0640357660309
0.064136379425
0.0641208687145
0.064336088327
0.0645249726996
0.0646174514171
0.0646464070656
0.0646973092076
0.0647174884434
0.0648349410603
0.0648915156558
0.0650243172809
0.0650555220878
0.0651034378674
0.0651045230424
0.0652110192159
0.0653247496254
0.0654271909923
0.0655675353883
0.0656607634291
0.0657682623628
0.0657845344636
0.0658842268524
0.0659450616304
0.0659876303146
0.0659961029781
0.0661023406614
0.066222786031
0.0662141521356
0.0662977784935
0.0664346392319
0.0665260795253
0.0666255449189
0.0666386141122
0.0667977596742
0.0668875766463
0.0668868478695
0.0669450163494
0.0670809268112
0.0673668187234
0.0674335000959
0.0674189605523
0.0676325883301
0.0676298660036
0.0677924600007
0.067836877701
0.0678434780577
0.0678667353365
0.0679629145827
0.0680339450759
0.0680497187313
0.0681454731226
0.0681739389101
0.0682531620512
0.0683924930665
0.0685441302629
0.0685531105596
0.0685513248163
0.0685595724475
0.0686387235872
0.0687377335125
0.0688006197912
0.0688585825879
0.0688923606192
0.0690886201422
0.0690670056058
0.0692354429408
0.0693211311221
0.0693439917364
0.0694230046522
0.0696405121858
0.0696821649725
0.0697994192731
0.0698638293544
0.0699323528123
0.0699982071209
0.0700164677154
0.0701733285786
0.070261490346
0.0703313060266
0.0704484995342
0.0706526902355
0.0707144717556
0.0707681283104
0.0708972631757
0.0709385917825
0.070949770398
0.0710768383514
0.0711128277813
0.0712789002515
0.0715265015593
0.0715544282618
0.0716850086839
0.0717964092584
0.0718546128222
0.0719070870277
0.0720272744648
0.0719993743312
0.0719624306649
0.0720735522859
0.0721602161827
0.0722188844076
0.0723392818267
0.0723245845067
0.0723513454465
0.0724468742538
0.0726556520595
0.0726874812109
0.0727868509466
0.072773550342
0.0729428057536
0.0730268297026
0.0731296132604
0.0732167087075
0.0733164605311
0.0734169001827
0.0734294145772
0.073511564122
0.07351230816
0.0735484823928
0.0735922601548
0.0737628262413
0.0738817075149
0.0739337292681
0.0739580863423
0.0740201061339
0.0740985674942
0.0742437396697
0.0742561759181
0.0742612702922
0.0743787295451
0.0743968700486
0.0745755705629
0.074707287461
0.0747374731238
0.0747790936961
0.0748694263243
0.0748849935962
0.0748762435743
0.0749555938582
0.075066124995
0.0750979063225
0.0753731505033
0.0754820168002
0.0756384742211
0.0757672062117
0.0757856744333
0.0758615528117
0.0760482339985
0.0760675121717
0.0761701409195
0.076267278599
0.0764356910544
0.0765566676003
0.0766370702862
0.0766704205497
0.0769005083575
0.077011019056
0.0770933594845
0.0771708776728
0.0772440084246
0.0773220750392
0.0774178797984
0.0774961663343
0.0775998979248
0.0776943931077
0.0778554372232
0.0779791731116
0.078024194435
0.0782851873121
0.0783042854342
0.0783278006584
0.0783515886692
0.0784166424914
0.0784893812467
0.0785406216082
0.0786454294341
0.0787878136732
0.0787545667622
0.0788124710367
0.0790471646438
0.0791252716825
0.0791224485665
0.079207796948
0.0792074936881
0.0793484403977
0.0794405164002
0.0795050289152
0.07967512307
0.0797305072646
0.079775373671
0.0798278692348
0.0798819572885
0.0800246138133
0.0801005034805
0.0801003898865
0.0800995264455
0.0802682787946
0.0802891603486
0.0804108283606
0.0804093648128
0.0805193816187
0.0805090064356
0.0805775401377
0.0807382370212
0.0808281654949
0.0809294763494
0.0809642831648
0.0810887828676
0.0811404886754
0.0811143747238
0.0812243120365
0.0813092059337
0.0814157089407
0.0814669224583
0.0815786024483
0.0816151753305
0.0817070187601
0.0817705815581
0.0818491753006
0.0819495046022
0.0820825388221
0.0821283478731
0.0821535901258
0.0821830264618
0.0822601181972
0.0823843344918
0.0824543952237
0.0824999285057
0.0826645722399
0.0827508378033
0.0828342387429
0.0828490513518
0.0829001502991
0.082918506625
0.0829659706081
0.0830700348065
0.0832568938193
0.0833429927921
0.0834949780644
0.0835600841559
0.0836780953593
0.0837851636661
0.083921485367
0.0839371546094
0.0840053235169
0.0840576708338
0.0841655121149
0.0842376951982
0.0843047428016
0.0844157017566
0.0845786382739
0.084691479374
0.0848192333812
0.0848779899906
0.0849510929366
0.0850592877163
0.0852711133077
0.0853709930298
0.0855212334529
0.0855499716871
0.0856922463641
0.0857551372206
0.0858724100176
0.0859809632824
0.0860609791111
0.0861784399791
0.0862231059657
0.0863916205577
0.0863891441478
0.0864302293927
0.086505187711
0.086548432844
0.086649726561
0.0867808594479
0.0869128047849
0.0869674631289
0.087006431399
0.0870727904589
0.0873095382343
0.087367137801
0.0873694044578
0.0874785361447
0.0875988466134
0.0876174259435
0.0877416396925
0.0877599948128
0.0877971152333
0.0878543624356
0.0879791966686
0.0881303322147
0.0882128049298
0.0883317239478
0.0883702690461
0.0884528694682
0.0885446050742
0.0885807372337
0.0887696193525
0.0888171177664
0.0888657076366
0.0888882823025
0.088980170392
0.0890391501286
0.0891074304686
0.0892821146092
0.0893800758711
0.0894965263472
0.0895755909155
0.0896818699758
0.0898801856681
0.0900048524326
0.09014099845
0.0902254127483
0.0902484220136
0.0902556179967
0.0903179342562
0.0903616269525
0.090476328024
0.0906295833305
0.0906903929814
0.0907752953086
0.0908405540727
0.0909210749417
0.0909224373355
0.0909616467921
0.0910067336442
0.0910511727334
0.0911003838181
0.0912611099202
0.0913394775518
0.0914853765736
0.0916897205345
0.0917200641013
0.0918014998576
0.0918781902148
0.0919950446246
0.0920577670463
0.0921678464574
0.0922270534547
0.0923315166052
0.0924398998771
0.0925225880468
0.0925580251777
0.092689942222
0.0928721636892
0.0929944934228
0.0930950195419
0.0932387316116
0.093264431713
0.0933978619392
0.0934461602906
0.0935601721009
0.0935755281588
0.0936035838544
0.0936640839653
0.0938038619733
0.0938450023188
0.0938265841967
0.0938624490455
0.0939491366407
0.0940170006342
0.0940474166397
0.094079951284
0.0941072982743
0.0941336223037
0.0942200802086
0.0943350211232
0.0943589562072
0.0944532702
0.0944537237661
0.0944866395985
0.0945371522674
0.09463671224
0.0948811566784
0.0950168025411
0.0951869463332
0.0952582728909
0.0953668950258
0.0954297153969
0.0954939384832
0.0956120177434
0.0957481291181
0.0957307401216
0.0958643584808
0.0959550909245
0.0960491080742
0.0961676285264
0.0963083636153
0.0963626585732
0.0964561541446
0.0965661280758
0.0966919332869
0.0967370709461
0.0968577261668
0.0969565046672
0.0971106435044
0.0972967142532
0.0973403480598
0.0974695005099
0.097552019232
0.0976539647871
0.0976726226176
0.0977517793506
0.0977613024373
0.0978058192437
0.0978374611329
0.0978843390377
0.0980092991457
0.098089453259
0.0981692417051
0.0981880312239
0.0982853919799
0.0983656926973
0.0984592044328
0.0985239982002
0.0986411240611
0.09873109795
0.0987877713417
0.0988858210975
0.0989291955233
0.0990097999889
0.0991012295406
0.0991883478152
0.0993012205659
0.0994222630658
0.0995112636436
0.099536212307
0.0996119754989
0.0996950089877
0.0997761627629
0.0998060459454
0.0999161063299
0.100033008966
0.100191843295
0.10022187545
0.100308193392
0.100372076589
0.100438371038
0.100535891192
0.100612015589
0.100684975312
0.100868147275
0.100981112223
0.10113947364
0.101314943475
0.101409911026
0.10147583556
0.10159946914
0.10180337851
0.101958334674
0.102028282681
0.10211831577
0.10220703463
0.102319066573
0.102455344015
0.102454430705
0.10258883077
0.10273876705
0.102802675289
0.102883433803
0.102994372801
0.103064254779
0.103192771955
0.103303258052
0.103340273126
0.103477773656
0.103597654694
0.10371903642
0.103897741308
0.103910437042
0.104067522638
0.104154143961
0.104269915467
0.104343625783
0.104457566726
0.104520482036
0.104580992973
0.104726972163
0.104875577455
0.105012552919
0.105139290377
0.105247340977
0.105344595378
0.105434016208
0.105600496533
0.105661598145
0.105726001257
0.105866997769
0.10594032283
0.106007197977
0.106059072968
0.106223007639
0.10630699245
0.106366013508
0.106506232839
0.106594335655
0.106750750804
0.106859402429
0.106934751238
0.107002813461
0.107119439477
0.10720910457
0.107320672642
0.107524076871
0.107573610376
0.107803881449
0.107921473388
0.107958801297
0.108100840884
0.108255310662
0.108374831349
0.108489828922
0.108612557653
0.108690660089
0.108751244679
0.108859127699
0.108928859711
0.109039846524
0.109109366457
0.109198120852
0.109314079631
0.109403158821
0.109501529669
0.109648896841
0.10972287623
0.109799491168
0.109909230268
0.110087871356
0.110191319005
0.110268053757
0.110346525418
0.110448393393
0.11053767149
0.110668858703
0.110715658499
0.110818708523
0.110841374409
0.110939466626
0.110997149264
0.111027591037
0.111127988827
0.111241402672
0.111399574801
0.111581660264
0.111777999021
0.111841491604
0.11196596042
0.112118953394
0.112196685989
0.112217171129
0.11229810857
0.112431072147
0.112546798533
0.11257386505
0.112671492974
0.112794542409
0.112834483861
0.112945073852
0.113073496407
0.113195905551
0.113290818705
0.113288919213
0.113366332358
0.113436249231
0.11352777331
0.113717791324
0.113772358207
0.113952810358
0.114129761277
0.114265916403
0.114417798709
0.114503845983
0.114532846451
0.114624030165
0.114755282777
0.114824974871
0.114911084669
0.115059970142
0.115116158382
0.115148672763
0.115204158896
0.115299410178
0.115342016688
0.115434442791
0.115557211666
0.115720652806
0.115753633913
0.115833704431
0.115940675771
0.115989817312
0.116114564891
0.11626587197
0.116348787084
0.116427994113
0.116539918596
0.116591717744
0.116618173365
0.116706059557
0.116789073065
0.116819593896
0.116876514784
0.116962085383
0.117041562535
0.117114801326
0.117221027697
0.117262247254
0.117337584848
0.117482732526
0.117568986759
0.117652431029
0.11778538999
0.117819126057
0.117940146917
0.118001748243
0.118197705063
0.118350800875
0.118406183335
0.118476886356
0.1186063658
0.118746387323
0.118821989216
0.118953322091
0.119004693764
0.119076139832
0.119158134736
0.119240102397
0.119345906724
0.119564274564
0.119617712932
0.119754110124
0.119842675805
0.119932119369
0.120033446758
0.12012667177
0.120187400638
0.12025519622
0.120442735042
0.120483809778
0.120588902831
0.120714694903
0.120789358708
0.120852270136
0.120867309713
0.120996843016
0.121029673049
0.121100797115
0.121202934935
0.121261813301
0.1213438292
0.121412805568
0.121540452746
0.12165446263
0.121732472272
0.121797871977
0.121891000343
0.122051186173
0.122093075879
0.122202407852
0.122273287425
0.122368008233
0.122457979478
0.122509185398
0.12262530485
0.122794470851
0.122883728035
0.123019716702
0.123138930853
0.123268185925
0.123330562413
0.123360787662
0.123482112747
0.12359066012
0.123684658344
0.123736984091
0.123830123119
0.123933408274
0.12409251944
0.124163354685
0.124323877504
0.124415740923
0.124552037284
0.124692777707
0.124857341708
0.125010621477
0.12509227026
0.125133152779
0.125208465221
0.125247288907
0.125347777449
0.125447126396
0.1255555591
0.125622891927
0.125729942755
0.125811642453
0.125944012556
0.12606005827
0.12614912531
0.126203736553
0.126315848581
0.126465725016
0.126561420461
0.126710101023
0.126799161512
0.126899361472
0.127001323856
0.12707818479
0.127178159864
0.127292640498
0.127373248691
0.127476814798
0.127531511209
0.127665171639
0.127765765198
0.127877303164
0.127958714909
0.128014307838
0.128114137008
0.128182885519
0.128260663707
0.128382231448
0.128445706995
0.128599512454
0.128645247122
0.128702330333
0.128846872775
0.128911281331
0.129039572834
0.129163715116
0.129291743654
0.129342593552
0.129476977781
0.129567315917
0.12969495259
0.12982522806
0.130008441164
0.130089554267
0.130139053579
0.13023355858
0.130362030882
0.130413567563
0.130512887787
0.130631723534
0.130829300126
0.130942996694
0.131058637034
0.131123173413
0.131224788669
0.131303628953
0.131360188719
0.13144652718
0.131611166232
0.131630758116
0.131755019969
0.131893213312
0.131976082875
0.13204880234
0.132152484521
0.132222320458
0.132338427516
0.132408882414
0.132536391422
0.132604056109
0.132786072684
0.132934930467
0.133031005299
0.133116557616
0.133213905483
0.133319282425
0.133410462102
0.133521822302
0.133627650697
0.133726835703
0.133832162952
0.133919319962
0.134004793527
0.134072987502
0.134179201687
0.134276374613
0.134348160759
0.134435704033
0.134543766698
0.134632236093
0.13474729264
0.134961828549
0.135223788308
0.135374673167
0.135462795356
0.135561666188
0.135736339607
0.135854937272
0.135969763539
0.136055506434
0.136102121003
0.136197713886
0.13632504697
0.136420548402
0.136543641837
0.136671497071
0.136718397272
0.136785395284
0.136858223751
0.136913557777
0.13703491258
0.137119779773
0.137190668897
0.137275484382
0.137405139312
0.137471179606
0.13755045564
0.137629409649
0.137703114565
0.137870535158
0.137986063719
0.138060751359
0.138204444408
0.138274334318
0.13832932594
0.138405689392
0.138528103533
0.138635487196
0.138762403052
0.138858040285
0.138938900208
0.139005638827
0.139097818618
0.139237573717
0.139341360096
0.13942196534
0.139538452431
0.139630204301
0.139673441915
0.139771384276
0.139859560094
0.139945780903
0.140036355255
0.140199105371
0.140301937903
0.140388540039
0.140488240143
0.140570220596
0.140712968352
0.140787021294
0.140844791694
0.140976116838
0.14114953721
0.141317229391
