
1
1 0.373250998125
3 0.946577688501
2 0.384957005389
4 0.429645230072

2
1 1.0
3 0.994375497241
2 0.991945865142
4 0.995865473633

3
1 0.228509576407
3 0.180196252168
2 0.425746667984
4 0.94391346462

4
1 0.0
3 0.00711358786934
2 3.96745205545e-14
4 3.73517691314e-18

5
1 0.0
3 0.0545187979094
2 0.0
4 9.54996421816e-05

6
1 3.72946002731e-16
3 0.0
2 0.18427726308
4 0.00188251512602

7
1 2.03155713182e-05
3 2.90547103479e-14
2 0.158926668154
4 3.69700727789e-16

8
1 0.0
3 0.00179516032392
2 0.121112559428
4 5.49811338763e-16

9
1 0.0
3 0.00266745117449
2 0.0711375701773
4 7.7831732166e-15

10
1 1.83877383962e-20
3 5.6765653518e-19
2 0.00335625732828
4 4.14199899282e-20

11
1 5.6765653518e-19
3 0.0042204734854
2 0.0632775338329
4 3.01188075207e-12

12
1 5.36487625439e-05
3 0.0042209224092
2 0.110103543015
4 9.35388274145e-19

13
1 0.000821406306322
3 4.04090071246e-06
2 0.115194701354
4 9.43518736966e-15

14
1 0.0
3 0.0
2 9.65020448665e-18
4 0.027971845536

15
1 0.0
3 0.0
2 0.0
4 0.00242941448037

16
1 0.892953466828
3 0.500960003789
2 0.229702904923
4 0.137760805014

17
1 0.947926500916
3 0.829916242985
2 0.845030882362
4 0.840937507374

18
1 0.893592566805
3 0.144257066866
2 0.190614118533
4 0.525628922291

19
1 3.73517691314e-18
3 0.0195005903909
2 7.3835021363e-07
4 0.0

20
1 0.000586143424928
3 0.166874960469
2 4.1854906273e-19
4 0.000151752121438

21
1 0.012450510249
3 0.375249468957
2 0.00928524292674
4 0.000365400461511

22
1 0.0239946273066
3 0.0389358771786
2 0.440115395836
4 0.0906111243578

23
1 0.00148578422691
3 0.0254024949768
2 0.418510605499
4 0.00985597905701

24
1 0.012976211176
3 0.0031428557638
2 0.269008671116
4 0.0188495813938

25
1 9.12954161303e-10
3 0.00181377488675
2 0.0625555589611
4 1.78469503185e-18

26
1 0.000164212173415
3 6.76761927439e-05
2 0.266090304763
4 0.002134311609

27
1 0.0176127494042
3 0.0608126656001
2 0.344836777129
4 0.0450067497067

28
1 0.00158430717561
3 0.00281168583788
2 0.00444295078424
4 0.26613334994

29
1 6.74312406453e-05
3 0.000413067005389
2 9.1897652995e-07
4 0.0729587216354

30
1 0.0
3 0.0
2 0.0
4 0.0105432481121

31
1 0.809658528351
3 0.826498305059
2 0.183259109705
4 0.27414115765

32
1 0.890355089561
3 0.745936604805
2 0.806518362338
4 0.775915988404

33
1 0.822903463729
3 0.182701645104
2 0.166598487105
4 0.764829273779

34
1 1.81118915521e-17
3 0.00403472030314
2 1.99053241437e-20
4 2.91179164717e-20

35
1 1.30161322252e-15
3 0.0323517533374
2 0.000263084548318
4 5.12500999424e-05

36
1 0.158649467454
3 0.00515040186868
2 0.00766132545433
4 0.000452429480035

37
1 0.00751962494477
3 0.477083033164
2 0.0711859737784
4 0.0785406476064

38
1 0.238890691043
3 0.179399437343
2 0.508173704923
4 0.160173040146

39
1 0.042004864133
3 0.0340820087177
2 0.010071541625
4 0.447603417151

40
1 1.40800533978e-12
3 0.266075419549
2 0.00382394163749
4 3.92156469358e-06

41
1 0.0330558347387
3 0.125208954321
2 0.423307734256
4 0.0699697211459

42
1 0.125819800637
3 0.0523608975811
2 0.103578756547
4 0.390253825394

43
1 0.0962531363777
3 9.55894489699e-05
2 1.77086220805e-10
4 0.00052848226935

44
1 4.63441362258e-14
3 2.84425842605e-06
2 3.04310957747e-20
4 0.0209128571568

45
1 0.0
3 6.05022897802e-05
2 1.04564014402e-16
4 0.00204026621665

46
1 0.278963194548
3 0.797360800172
2 0.327674869585
4 0.287953152371

47
1 0.845847268293
3 0.762187139158
2 0.763131220641
4 0.756988228128

48
1 0.746737579125
3 0.748187096557
2 0.723641712038
4 0.79383618191

49
1 0.545150508542
3 0.586613459311
2 0.675776249253
4 0.517954471777

50
1 0.327484246484
3 0.503458348208
2 0.590621536963
4 0.641002245814

51
1 0.331926138178
3 0.500930904257
2 0.548805984758
4 0.603949412651

52
1 0.370309627177
3 0.445476702203
2 0.500920992955
4 0.571492298203

53
1 0.434947220294
3 0.423213900378
2 0.437194608498
4 0.541296208174

54
1 0.161085514766
3 0.267627895205
2 0.254822069625
4 0.507456435454

55
1 0.158687359772
3 0.205671726903
2 0.223824691807
4 0.477262137942

56
1 0.0908573935165
3 0.041964952397
2 0.149885853232
4 0.450669057535

57
1 0.0
3 2.054957753e-08
2 0.00218447496117
4 0.230112886958

58
1 0.0
3 0.0
2 0.000671017130562
4 0.0

59
1 0.0
3 0.0
2 0.00302964889245
4 0.0

60
1 0.0
3 4.47173106986e-19
2 0.000322331331394
4 0.0

61
1 0.728211705884
3 0.111342209405
2 0.0349405999718
4 0.00148362017474

62
1 0.797213858003
3 0.613532462508
2 0.527375480124
4 0.424039129427

63
1 0.755264635493
3 0.679553802063
2 0.667931042304
4 0.753595650515

64
1 0.642449258007
3 0.64412021381
2 0.642277544663
4 0.714833775515

65
1 0.485430255399
3 0.508027058723
2 0.531050357067
4 0.67567690392

66
1 0.373800305591
3 0.478516324985
2 0.472375080625
4 0.63746775596

67
1 0.427199187808
3 0.25894324856
2 0.395382327558
4 0.602648417727

68
1 0.365306015689
3 0.287038871079
2 0.315929899766
4 0.561716917211

69
1 0.138727050075
3 0.129010855971
2 0.181862496399
4 0.530500897313

70
1 0.148575329956
3 0.102956242755
2 0.134579363661
4 0.494757342058

71
1 0.0804205751783
3 0.00969332795041
2 0.131532096986
4 0.416893117242

72
1 4.14289279242e-08
3 0.00191493582678
2 0.0377033077895
4 0.182206225042

73
1 1.03643549022e-05
3 0.0
2 0.00623102720015
4 0.0

74
1 9.01862817173e-05
3 0.0
2 0.0310993608344
4 1.61397505851e-06

75
1 0.0
3 0.000246593878299
2 0.00643986883742
4 0.000431637436966

76
1 0.422780306311
3 0.039249978584
2 1.36300063249e-05
4 9.68746647997e-06

77
1 0.751960042797
3 0.186907993174
2 0.152178943546
4 0.13240568142

78
1 0.71260409178
3 0.124894839557
2 0.192155123596
4 0.250177413582

79
1 0.675285603557
3 0.565608976519
2 0.550606213501
4 0.547520984541

80
1 0.580998746537
3 0.515094124801
2 0.475298548681
4 0.632559380202

81
1 0.538082434712
3 0.486955371986
2 0.43063663846
4 0.601409866917

82
1 0.48668591465
3 0.439185810053
2 0.337334267908
4 0.569079123443

83
1 0.477359601358
3 0.438400865602
2 0.382071919266
4 0.539197566296

84
1 0.391625141028
3 0.389184256555
2 0.366150886472
4 0.507818860808

85
1 0.318919790469
3 0.363139310191
2 0.302275817616
4 0.48029463429

86
1 0.22282289638
3 0.220820272333
2 0.214171176188
4 0.452778892028

87
1 0.0690405779417
3 0.112369712488
2 0.106538917509
4 0.430341448174

88
1 0.000226303918723
3 0.0344531820101
2 9.309400734e-05
4 9.29351728266e-05

89
1 3.9354542336e-06
3 0.00021119331142
2 0.133552581005
4 9.29500676155e-05

90
1 0.0
3 5.53962729203e-06
2 3.52498255293e-06
4 0.0402480290925

91
1 0.00832907501545
3 0.525439977472
2 0.00416464925977
4 0.0653479670267

92
1 0.705689986178
3 0.0589515235553
2 0.0511141128417
4 0.0532626593995

93
1 0.0370789472172
3 0.0191447709481
2 0.00502291344284
4 0.497740716749

94
1 0.0
3 0.00119562949939
2 0.0
4 0.0

95
1 4.40738855364e-07
3 0.0189625727013
2 0.0
4 0.0

96
1 3.57558617279e-16
3 7.86934040109e-19
2 0.0809632992114
4 2.51934628586e-07

97
1 0.0
3 0.0225328801628
2 1.10711209903e-23
4 0.000157075150315

98
1 3.49361548403e-16
3 0.138996585959
2 2.07057788355e-13
4 0.00012077088043

99
1 2.23747903916e-05
3 0.00366761269009
2 0.311302053173
4 0.00799181102394

100
1 0.455968827874
3 0.150775386166
2 0.168796380407
4 0.139550554203

101
1 0.420623122013
3 0.0682915849583
2 0.0360292170403
4 0.12890535729

102
1 0.405542150719
3 0.0656631806174
2 0.159904155727
4 0.203171097979

103
1 0.0206492216968
3 0.0163834672561
2 0.294306228664
4 0.0302219712874

104
1 0.011525434779
3 0.00795012130013
2 0.0146621442159
4 0.219000661771

105
1 1.39275804252e-23
3 0.000962113557934
2 0.0
4 0.033541451124

106
1 0.254785389478
3 0.00481645711714
2 0.0
4 8.12025134036e-07

107
1 0.422664532798
3 0.00508682642423
2 8.30015946123e-06
4 0.00906364697459

108
1 0.20110860531
3 0.00622708497709
2 0.0
4 0.0139052069582

109
1 2.14976576239e-05
3 0.0014488618114
2 0.0
4 0.0

110
1 4.40738855364e-07
3 0.0268350381903
2 2.57259092379e-07
4 9.33397401924e-05

111
1 0.00917080648264
3 0.189182616214
2 0.00203211252308
4 0.00199383977153

112
1 0.00308051815614
3 0.287009201618
2 0.000194280514747
4 0.00525636170704

113
1 0.0120171984928
3 0.355934275887
2 0.0189155284736
4 0.0250584913964

114
1 0.0886342850893
3 0.405497490018
2 0.0457699439446
4 0.082536519518

115
1 0.433452600991
3 0.0841021458089
2 0.0545000464704
4 0.167295404299

116
1 0.289148609428
3 0.0170156476346
2 9.75101781297e-08
4 0.0193506714982

117
1 0.377033283628
3 0.125763153674
2 0.0175977462065
4 0.0835724687209

118
1 0.0755609751918
3 0.0238302101479
2 0.0546241481514
4 0.347406829536

119
1 0.00415563141859
3 1.15776681932e-05
2 0.0
4 0.16599810549

120
1 0.000621788998977
3 3.85620886683e-19
2 3.85620886683e-19
4 0.0196480699525

121
1 0.042214590674
3 0.00491332064112
2 0.0
4 6.23298101048e-09

122
1 0.0993173979202
3 0.00117510071786
2 1.93284728294e-07
4 8.18923500624e-07

123
1 0.0309858722598
3 0.0
2 0.0
4 0.0017324905844

124
1 0.0
3 0.000856829347754
2 2.24620677838e-11
4 0.0

125
1 0.0
3 0.00771189821988
2 0.0
4 2.85012283295e-05

126
1 0.0482661083191
3 0.0
2 1.91187707473e-06
4 3.37926561564e-06

127
1 0.0
3 0.0238749140595
2 0.0
4 0.0

128
1 0.000724420267931
3 0.132266506323
2 0.00486622059704
4 0.000607339885659

129
1 0.296516098239
3 9.10706158577e-15
2 0.0240548435216
4 0.00421936214119

130
1 0.253286111914
3 0.000366358785146
2 0.00727892324345
4 0.00179530315239

131
1 0.0329285229153
3 0.00538505557402
2 1.82686533017e-06
4 1.98226207077e-06

132
1 0.146490288638
3 0.000548236301014
2 0.00538492374557
4 1.74870213194e-06

133
1 0.233619659435
3 0.00586569140396
2 2.33387723716e-05
4 2.5480857421e-06

134
1 7.33563806219e-17
3 8.24697053567e-18
2 0.0
4 0.074343678698

135
1 6.61560070196e-25
3 0.0
2 8.24697053567e-18
4 0.008617784048

136
1 0.0
3 0.0
2 0.0
4 0.0
