0.0600398308212
0.0549927856945
0.0561451239881
0.0561287337008
0.0549321776383
0.0557364122504
0.0568498183021
0.0575458003086
0.0577355009378
0.058725854117
0.0589597846816
0.058712191218
0.0594648680944
0.05950708338
0.0590046698456
0.0587186520194
0.0592080164422
0.0591426985512
0.0594725343329
0.0596216913522
0.0598883987966
0.0594414970999
0.0599576464437
0.0599527611356
0.0600545194954
0.0600675631633
0.0601357257465
0.0602865524687
0.0601022477243
0.0601748834968
0.0603230772908
0.0607144139125
0.0607561820693
0.0609694265678
0.0610846167174
0.0616467232533
0.0623381004193
0.0625408895577
0.0628868457169
0.0628902585707
0.0633352690058
0.0635679655847
0.0637547992312
0.063747243461
0.0641475429242
0.0642379732469
0.0643225322537
0.0646965132905
0.0646494636484
0.0647382084061
0.0649560905197
0.0652142636058
0.0653768186555
0.0656678615254
0.0659633916637
0.0660399820321
0.0662672698695
0.0665594769229
0.0667524225424
0.067134644829
0.0673388641244
0.0677253802569
0.0679328932272
0.0680841281361
0.0683626697203
0.0686101392871
0.0689477294202
0.0692397750396
0.0694213494524
0.0696625490728
0.0699801850909
0.0702235426067
0.0705324896878
0.0707801124403
0.0710766797925
0.0713421648398
0.0716187897639
0.0718537854698
0.0721906432338
0.0724854754353
0.0727682510079
0.0731323126177
0.0734206567222
0.0737369149426
0.0740705843592
0.0743956970675
0.0746969679557
0.0750865749247
0.0754296447467
0.0757689101637
0.0761394473656
0.0764716096149
0.0767280120574
0.077124933475
0.0775381611299
0.0779292394714
0.0782532556758
0.0785076112595
0.0789057576624
0.0792360558497
0.0795505813123
0.0797562757445
0.0799799775757
0.0802761223777
0.0805549074926
0.0808690437882
0.0811731361829
0.0815130095036
0.0817171032078
0.0821030186414
0.0824165098802
0.082785856539
0.0830395302384
0.0833019373973
0.083655478768
0.0839554704423
0.0842806869606
0.0845491429512
0.0848835851953
0.0853726875689
0.0857008895219
0.0860626313051
0.0863915339887
0.0865903221878
0.0870170846479
0.08731141617
0.0876158280594
0.0878866389842
0.0882578771889
0.0884911654507
0.0888268476654
0.089125909016
0.0894110621108
0.0896634696599
0.0900705028935
0.0904528215554
0.0907983469806
0.0910926359825
0.0913640543533
0.0916664709673
0.092004025462
0.0923522395843
0.0926424659036
0.0929965865994
0.0932877471779
0.0936077010304
0.0939227348949
0.094276311683
0.0946334184848
0.0949997496119
0.095301724801
0.0955974119703
0.0959054724731
0.0962327129042
0.0965729277813
0.0969589989182
0.0973236642685
0.0976828164067
0.0979652402641
0.0982596432127
0.0986043050091
0.0989286494391
0.0992619835403
0.0996520143813
0.100030946141
0.100385649657
0.100782880564
0.101113787281
0.101484496454
0.101841566566
0.102136973373
0.102401100121
0.10274423022
0.10311741877
0.103406969168
0.103784245163
0.104105101531
0.104331196205
0.104655729097
0.105000634625
0.105260097207
0.10556018
0.105840290868
0.106162540802
0.106513675074
0.106820660539
0.107105246259
0.107454138217
0.107745236385
0.108086409012
0.108437637285
0.108719429721
0.109018191464
0.109403086583
0.109742693106
0.110052950339
0.110404877209
0.110710917517
0.111019128094
0.111321165199
0.111678693864
0.111970786622
0.112253041592
0.11263096575
0.112944406474
0.113258483671
0.113543408592
0.113792210647
0.114123376227
0.114392586939
0.114694798685
0.11501058506
0.115332334132
0.115614331523
0.115972121574
0.116231544468
0.11653748442
0.116790194766
0.117146571542
0.117453987235
0.11773705236
0.118010066153
0.118322802579
0.118575478441
0.11889166195
0.119148550785
0.119388763869
0.119732974722
0.120011005569
0.120319824467
0.120580667806
0.120840368267
0.121086598398
0.121381419808
0.121685094053
0.121974029668
0.122216392448
0.122481324827
0.122773494031
0.123004937273
0.123257613811
0.12350594882
0.12377189548
0.124065259483
0.124385338098
0.1246314603
0.124915399699
0.125206888585
0.125481792502
0.125729821595
0.1259844597
0.126266840839
0.126560612282
0.126808735944
0.127058527907
0.127286776073
0.127601410079
0.127859581435
0.128074622664
0.128335061576
0.128585960325
0.128862102244
0.129105340922
0.129346688084
0.129591135946
0.129864573527
0.130119296633
0.13037049922
0.130597260166
0.130849519066
0.131099035632
0.131340456064
0.131578874505
0.131847807794
0.13215533127
0.132405771754
0.132662342863
0.132891056114
0.133138960234
0.133409692068
0.133620451221
0.133889973599
0.134131379592
0.134332501378
0.134543267716
0.134811785573
0.13503404628
0.135297631991
0.135575428872
0.135832833124
0.136072995961
0.136308763342
0.136551194724
0.136764920947
0.137007130244
0.137221050029
0.137405868639
0.137621335748
0.137862802093
0.138081304457
0.138311752284
0.138513656677
0.138730289298
0.138950999676
0.139163271029
0.139402263203
0.13963542287
0.139843212578
0.140062634223
0.140286844202
0.140553441673
0.140793513731
0.140958300776
0.141176162287
0.141371234077
0.141576867819
0.141793059412
0.141969963955
0.142149685324
0.142406640514
0.142583436212
0.14278388585
0.143002000685
0.14320114891
0.143400936954
0.143587551706
0.143825709856
0.144024754901
0.144216993097
0.144426008982
0.144627507096
0.144834974331
0.144997434544
0.145204173648
0.145374281525
0.145561973248
0.145770138087
0.145971727477
0.14616828984
0.146358231691
0.146564406409
0.146741955961
0.146923147367
0.147110291232
0.147282960356
0.14747584653
0.147664781189
0.14785977599
0.148039433347
0.148216528381
0.148378921234
0.148540539929
0.148715991356
0.148901390507
0.14907959555
0.149293640852
0.149454902511
0.149661575898
0.14983800094
0.150020934591
0.150225869044
0.150426950147
0.150591397008
0.150776513085
0.15093453494
0.151101093611
0.151278396438
0.151496317464
0.15170270764
0.151875625783
0.152022472205
0.152216332338
0.152373057375
0.152536380695
0.152649945728
0.152831260696
0.153005472512
0.153193670284
0.153357250585
0.153500747579
0.153672437947
0.153832789311
0.153976280022
0.154174444976
0.154327148327
0.154494849183
0.154668940959
0.154822908792
0.154973513623
0.155123895456
0.155289858479
0.155482013409
0.155644014615
0.155781474245
0.15595072925
0.156105876992
0.156262580251
0.156407002244
0.156572201312
0.156700889889
0.156852728036
0.156968274708
0.157109544722
0.157253498086
0.157377806368
0.157523356077
0.157655935079
0.157811177869
0.157968873762
0.158139047714
0.158297788092
0.158461840887
0.158564890296
0.158705086092
0.158825520147
0.15896821058
0.159070217306
0.159222120243
0.159347957884
0.159524058763
0.159643130813
0.159768207547
0.159890610387
0.160017746506
0.160177195887
0.160323889573
0.16045300382
0.160593589218
0.160723497458
0.160843892652
0.160988171362
0.161115534784
0.161246082115
0.161391908733
0.161541090063
0.161690780747
0.161835766598
0.161967532677
0.162089838284
0.16219346601
0.162340054166
0.162479758884
0.16263031813
0.162744515567
0.162864404605
0.163008137367
0.163142699092
0.163254343117
0.163370999346
0.163501246062
0.163606179716
0.163749205166
0.16384831052
0.163965567067
0.164091583775
0.164194177763
0.164332743131
0.164448455986
0.164590540249
0.164731514579
0.164867536291
0.164998124326
0.165118514218
0.165230287668
0.165350316911
0.165477551208
0.165575843846
0.165680080979
0.165813263239
0.165927581731
0.166039044064
0.166177611068
0.166301297927
0.166417423126
0.16657016815
0.166691722737
0.166805284195
0.166913933369
0.167020532757
0.167109210254
0.167234118929
0.167360010727
0.167457704208
0.167566594646
0.167654906566
0.167773932231
0.167873647434
0.167992010749
0.168114012483
0.16819964526
0.168289968537
0.168394236335
0.168492550747
0.168616189218
0.16871739302
0.168813065968
0.168944815803
0.169060274217
0.169159847795
0.169273120139
0.169371845707
0.169470728785
0.169578196071
0.169681160399
0.169781227111
0.169885338808
0.169984901631
0.170108065299
0.170203212225
0.170294546999
0.170395074156
0.170487740118
0.170578952321
0.170651719039
0.170762486594
0.170852569936
0.170977188953
0.171064169901
0.171165795535
0.171272159006
0.1713791827
0.171472227169
0.171568742411
0.171681002274
0.171796941533
0.171893377684
0.171990513221
0.172097722114
0.172207972326
0.172289538093
0.172368094171
0.172461433702
0.172551116746
0.172649055458
0.172737569337
0.172829021669
0.172931761919
0.173018154482
0.173098636014
0.1731936938
0.173270806774
0.173354888904
0.173448014534
0.17352960151
0.17361435144
0.173697247867
0.173787897499
0.173885157507
0.173975089835
0.174053514728
0.174147225604
0.174250447008
0.174355573051
0.174438183521
0.174535021048
0.174629206985
0.174712007776
0.174798320858
0.174881032649
0.174979863395
0.175055540413
0.17514232168
0.175219543046
0.17530088597
0.175383791327
0.175480383555
0.175571509253
0.175664864911
0.175750593033
0.175853680223
0.175932433469
0.17603045634
0.176107252292
0.176155904867
0.17624111416
0.17632209673
0.176396127379
0.176489387997
0.176575286541
0.176651942318
0.176717602414
0.176796245913
0.176876825605
0.176953861
0.177035375729
0.177118492118
0.177202532077
0.177284670433
0.177381895744
0.177463027164
0.177552523798
0.177630126053
0.177702399543
0.177784619021
0.177856127253
0.17794248738
0.178015937005
0.178089678306
0.178165455947
0.17823736831
0.178318938522
0.178409088855
0.178473906991
0.178552400921
0.178628196641
0.178691196247
0.178747050916
0.178831976005
0.178909425377
0.179011111774
0.17910004485
0.17917214233
0.179247308839
0.179339743727
0.17942853762
0.179495617863
0.179561020621
0.179645806132
0.179710241852
0.179776510905
0.179845969756
0.179922238446
0.179990954415
0.18006184205
0.180111360424
0.180191971865
0.180271254717
0.180343121115
0.18039781519
0.180488982133
0.18053490035
0.180600314179
0.180675238257
0.180747306501
0.180828733514
0.180897219374
0.180961907635
0.181028043147
0.181099781852
0.181171596817
0.181235197177
0.181294221154
0.181362410884
0.181414962263
0.181493978735
0.181560313877
0.181639283981
0.181688932878
0.181753075851
0.181832706843
0.181883236171
0.181951405871
0.182011913237
0.182081998944
0.182162571399
0.182241320401
0.18231258374
0.18237375812
0.1824270119
0.182483863349
0.18254584552
0.182608614318
0.182678901396
0.182735994096
0.182795157981
0.182841161678
0.182907948969
0.182966777573
0.183042193446
0.183093064299
0.183152302387
0.18320891984
0.183268791452
0.183327714959
0.183393099022
0.18346274672
0.183506303922
0.183563407411
0.183618128444
0.183669116705
0.183732083626
0.183800155821
0.18385386215
0.183908410563
0.183971961534
0.184032599159
0.184104750794
0.18415547891
0.184210602178
0.18425679213
0.184311233211
0.184387415485
0.184441194497
0.18449780789
0.18454781238
0.184614861047
0.18466836396
0.184725474584
0.184780525823
0.184842535143
0.184887973779
0.184951694681
0.18501473159
0.185073583597
0.185125865176
0.185189269924
0.18524335761
0.185312128037
0.185363952035
0.185416186529
0.185465811911
0.185521490159
0.185574797752
0.185621478062
0.18566805653
0.185723583543
0.185775296873
0.185835911526
0.185886352071
0.18592638609
0.185988457993
0.186036645261
0.186083318672
0.18613812441
0.186212464755
0.186263949201
0.186323285395
0.186383798486
0.186440868596
0.186492118963
0.18654427426
0.186579176108
0.18661481186
0.186664407154
0.186710661469
0.186742012743
0.186793345308
0.186848696865
0.1869106086
0.186967923912
0.187022981219
0.187061199809
0.187114401502
0.187167269244
0.187205242982
0.187264892362
0.187311686757
0.187359440218
0.187392751966
0.187430605625
0.187480776058
0.187541256356
0.187606890395
0.18766681106
0.187706512307
0.187748770028
0.187781016549
0.187830698513
0.187875721451
0.187931661131
0.187976270504
0.18801757198
0.188061396349
0.188109928899
0.188153239789
0.18820610172
0.188244172071
0.188282364538
0.188332869373
0.188373991211
0.188415151743
0.188463881475
0.188508998523
0.188550251352
0.188603041208
0.188658317384
0.188698941436
0.188735810586
0.188768739995
0.188810327209
0.188862317218
0.188900849451
0.188937202946
0.18897940112
0.189032088677
0.189071480328
0.189113151527
0.18915876607
0.189213362532
0.189265194458
0.189318447086
0.1893654288
0.189403805568
0.189449858173
0.189498637175
0.189541958738
0.189581747751
0.189644923053
0.189679707969
0.189726798459
0.189761183205
0.189801424947
0.1898380048
0.189866030424
0.18990196573
0.189952012785
0.190001060086
0.190038668021
0.190079157223
0.190111852978
0.190164484499
0.190203642049
0.190241825028
0.190288094585
0.190326818217
0.190365256032
0.190415311726
0.190454075909
0.190486431981
0.190526768151
0.190575544685
0.190624089236
0.190664454094
0.190706485317
0.190756869722
0.190799754562
0.190852577676
0.190900729441
0.190935965812
0.190974000528
0.19102181812
0.191067700518
0.191114778097
0.191154307645
0.191191551756
0.19122780719
0.191273648739
0.191308525607
0.191343665439
0.191386603075
0.191424569711
0.191469155656
0.191509978481
0.191545388355
0.191582418597
0.191617754857
0.191652638759
0.191696565165
0.191732833443
0.19177685287
0.191807925785
0.191843540542
0.191886602454
0.191923382571
0.191951500005
0.191985033827
0.192018704854
0.192058088228
0.192097232457
0.19213555324
0.19218280733
0.192221713832
0.192255810462
0.192294480785
0.192332527682
0.192374083843
0.192400424214
0.192447568416
0.192482079683
0.192515376153
0.192561059925
0.192584796163
0.192622745623
0.192665667492
0.19269585952
0.192732201598
0.192771343085
0.192822106682
0.192872319313
0.19291334003
0.192946994341
0.192969303943
0.193004405983
0.193037512171
0.193072390831
0.193099941049
0.193130490914
0.193169988765
0.193201586327
0.193224484447
0.193251038274
0.193283501515
0.193307430306
0.193339025243
0.193371903114
0.193412209051
0.193461963757
0.193500206885
0.19352901465
0.193575474893
0.193603048362
0.19364178844
0.193670187474
0.193706768005
0.193739922741
0.193792307586
0.193812534481
0.19383937188
0.193876381534
0.193907693674
0.19392917357
0.193967890607
0.194004433231
0.194023406456
0.194050821773
0.194078797128
0.194106175183
0.194144866119
0.194174493898
0.194212209026
0.194247688948
0.194279497161
0.194307353081
0.194324993987
0.194350212007
0.194384718013
0.194404754072
0.194442075852
0.194470756896
0.194504733642
0.194527027647
0.194555929953
0.19458797623
0.194619305864
0.194659022537
0.194697093914
0.194733666531
0.19476763788
0.194808624489
0.194846345036
0.19487875939
0.194913911141
0.194948487727
0.194971685882
0.194996893115
0.195029752121
0.195051104187
0.195083653725
0.195113823771
0.195140370758
0.195176014909
0.195214444307
0.195248475958
0.195274376736
0.195306483423
0.195323402084
0.19535314689
0.195386778071
0.19541782594
0.195448365294
0.195480163369
0.195517903231
0.195550164377
0.195579795144
0.195614307777
0.195654094785
0.195679208396
0.19571922768
0.195751622859
0.195780560817
0.19581440898
0.195840400717
0.19586444243
0.195891320845
0.195916175404
0.19595132843
0.195975713335
0.195995628386
0.196029519161
0.196060632949
0.196085783997
0.196118529301
0.196146455772
0.196170649338
0.196196959121
0.196228498052
0.196253772167
0.196283713689
0.196299528673
0.196336744986
0.196364579032
0.196399841085
0.196431217745
0.196468666136
0.196496052177
0.19652609009
0.196553067281
0.196579146814
0.196608163234
0.196627527279
0.196646939448
0.19667693576
0.196699329592
0.196724417987
0.196741597157
0.196757582587
0.196780670972
0.19679810209
0.196817298183
0.196853465543
0.196880309793
0.196900568451
0.196928802881
0.196956459195
0.196981579049
0.197012656341
0.197033387752
0.197058661611
0.197077487024
0.19711559106
0.197144192345
0.19717869616
0.197197151628
0.197223857535
0.19725076075
0.197277278683
0.197314745193
0.197337857913
0.197362115508
0.197395674098
0.197420239666
0.197447296523
0.197482696758
0.197512061236
0.197527220955
0.19754334397
0.197567922734
0.197595751406
0.197633524639
0.197658972347
0.1976844497
0.19770394291
0.197736397932
0.197767020351
0.19778912055
0.197816512449
0.197835722502
0.197855729636
0.197878277787
0.197917236023
0.19794358281
0.197957480291
0.197972919853
0.19800683558
0.198024276797
0.19804508281
0.19807338369
0.198096372573
0.19811818172
0.198144500842
0.198168236076
0.19819833074
0.198218171635
0.198234457821
0.198269918531
0.198291913037
0.198314145457
0.198339437923
0.198369490013
0.19839200315
0.198410377608
0.198428696025
0.198459358907
0.198478005291
0.198503488143
0.198531071125
0.198559934801
0.198585407481
0.198610630681
0.198637135874
0.198657594386
0.198678547214
0.198705618809
0.198737652505
0.198761305582
0.198774192378
0.198792019778
0.198807327218
0.198831850092
0.198850181032
0.198871942834
0.198903699968
0.198924305073
0.198947117622
0.198968084076
0.198996769715
0.199022403444
0.199047954553
0.199068725901
0.1990894887
0.199121349928
0.199139829998
0.199167760999
0.199201800115
0.199216641001
0.199232106087
0.199253949801
0.199277840492
0.199293425452
0.19931695596
0.19932868745
0.1993518098
0.199375327777
0.199405505779
0.199423660768
0.19943800013
0.199459967084
0.199483329923
0.199500698423
0.199517731133
0.199544396343
0.199573311127
0.199604560464
0.199627962095
0.199645455468
0.199659792935
0.199673633181
0.199700096937
0.199717592043
0.199738595333
0.199752986261
0.199772653836
0.199794044414
0.199815654516
0.199832969669
0.199851132456
0.199879169364
0.199901820165
0.199921585168
0.199941190644
0.199959296096
0.19998770449
0.200009677873
0.200033729694
0.200042140821
0.200066084901
0.200084507122
0.200102376525
0.200126155719
0.200144967989
0.200174468328
0.200187804427
0.200211014402
0.200227585049
0.20025483003
0.200274127298
0.200298179933
0.200312667051
0.200335023421
0.200347445094
0.200369519129
0.200381029004
0.200398998213
0.200429047865
0.20045150605
0.200482842902
0.20049685147
0.200517049992
0.200536443014
0.200567007727
0.200589717007
0.200613508042
0.200637926814
0.200651197316
0.200678773522
0.200696720071
0.200715673889
0.200735281266
0.200761747613
0.200787113541
0.200806394647
0.200827679974
0.200847829923
0.200870947416
0.200891677271
0.200904014018
0.200925138686
0.200943134767
0.200964506627
0.200984099543
0.200993001964
0.201016827615
0.201038252125
0.201064356641
0.201089597314
0.20110736812
0.20112835059
0.201150024445
0.20116999816
0.201180565026
0.201206556806
0.201221698496
0.201246820424
0.201277297412
0.201303193463
0.201323652917
0.201334529109
0.201354912786
0.201381433135
0.201397267001
0.201425040018
0.201448873532
0.201463532273
0.201471872103
0.201493519774
0.201519425725
0.201533203125
0.201549961552
0.2015665043
0.201587808173
0.201603338585
0.201625389998
0.201638601893
0.201658372722
0.201681599014
0.201698325188
0.201705308673
0.201718938143
0.201734928234
0.201755524209
0.20177508186
0.201789118728
0.201811614031
0.201828289707
0.201851358102
0.201864832921
0.201880874493
0.201895445731
0.201923877307
0.201941229848
0.201958838586
0.201966168383
0.201977145335
0.201999358491
0.202013739391
0.202035031509
0.202055060314
0.202076343692
0.202093542983
0.202114661415
0.202148382786
0.202164292779
0.202189597244
0.202212080844
0.202228567729
0.202253257427
0.202264135337
0.202277902508
0.202294960251
0.202310179753
0.202327030771
0.202343418931
0.202360188928
0.202378767417
0.202403921039
0.202424008899
0.202442032994
0.202458228097
0.202468777111
0.202489240319
0.202511019229
0.202518968572
0.202530840189
0.202548084093
0.202567081537
0.202584579202
0.20260332155
0.202624305985
0.202638812806
0.202653625754
0.202665182056
0.202682431052
0.20270896242
0.202717871843
0.202739306759
0.202762391303
0.202775619348
0.202788107694
0.202804489708
0.202820695984
0.202831808975
0.202854993235
0.202872180395
0.202882341657
0.202908167099
0.20293109337
0.202956826689
0.20297616047
0.202990990096
0.203003529752
0.203019354056
0.203023464279
0.203041976303
0.203056585577
0.203082552607
0.203099045092
0.203108381016
0.203116505389
0.203131049762
0.203150599293
0.203169282043
0.203183133012
0.203200852712
0.203216887198
0.203237168847
0.203249541413
0.203267484367
0.203279911472
0.203308156571
0.20332291782
0.203339812465
0.203356523121
0.203373236453
0.203390294791
0.203409999687
0.203424724109
0.203440709132
0.203455899511
0.203473682441
0.20348360353
0.203501969879
0.203515763946
0.203530989026
0.20355079325
0.20356631351
0.203577295316
0.203598868743
0.203624072168
0.203633422665
0.203651837788
0.203659114754
0.203677093093
0.203695738025
0.203708987989
0.203728244326
0.203740634612
0.203751538341
0.203764803936
0.203782311955
0.203789366894
0.203812408663
0.203827632218
0.20384316408
0.203856971717
0.203875841422
0.203896542004
0.203906102163
0.203914307326
0.203926586859
0.203939123194
0.203952589775
0.203967093626
0.203987781428
0.204007023767
0.204029917119
0.20404498915
0.204054497819
0.204066362259
0.204077150687
0.204087993281
0.204096260884
0.20410728545
0.204123164411
0.204137183985
0.204152806877
0.204163649217
0.204176920515
0.204190373826
0.204207672914
0.204216982868
0.204220710359
0.204233635153
0.204245081303
0.204260814393
0.204277668646
0.204291111992
0.204294404082
0.204306641516
0.204315494057
0.204327171026
0.204341327019
0.20435340972
0.204364674486
0.204381244664
0.204401491893
0.204413195773
0.204428870229
0.204453048788
0.204472511929
0.20448982016
0.204503627498
0.204523596738
0.204541631286
0.204550906298
0.204565860989
0.204578034021
0.204595872695
0.204609585626
0.20462894336
0.204636491446
0.204655989441
0.204664807233
0.204687299321
0.204700184443
0.204712945563
0.2047249789
0.204737141213
0.204755635257
0.204772037103
0.204783953124
0.20479546971
0.204810588862
0.204825451515
0.204838201889
0.204852125856
0.204868372481
0.204878125365
0.204888870994
0.204909684985
0.204921282684
0.204932550823
0.20494466643
0.204957328036
0.204969880668
0.204986810701
0.205003346809
0.205014235085
0.205030695839
0.205038452715
0.205055842848
0.205076645514
0.205087343301
0.205110108834
0.205126383313
0.205133735445
0.205150179875
0.205161298864
0.205171058004
0.205182864568
0.205205816818
0.205219467221
0.205229971141
0.205239893851
0.20525419125
0.205266382389
0.205277628359
0.205291606938
0.20530716164
0.205318878079
0.205332057487
0.205343102485
0.205360912771
0.205376336646
0.205393224235
0.205402186178
0.205403245284
0.205420548824
0.205432950165
0.205439042986
0.205451242952
0.205467506261
0.205477971002
0.20548807885
0.205506210935
0.205515944017
0.205529473281
0.205536431263
0.205547339378
0.20556410983
0.205574911458
0.205587363419
0.205605249616
0.205618807193
0.205627591686
0.20563872611
0.205644721937
0.205659201593
0.205675319933
0.205689224534
0.20570083689
0.205717281971
0.20572702934
0.205747091976
0.205756216998
0.205772082962
0.205779536625
0.205788143649
0.205798546621
0.205805260037
0.205823754824
0.205834404675
0.205850777547
0.205862962259
0.205875237106
0.205885639423
0.205902090329
0.205910249188
0.205924129839
0.205940380485
0.205946055808
0.205958231223
0.205966784778
0.205974140445
0.205984420856
0.205995835878
0.2060032937
0.206015530324
0.206021188378
0.206032993896
0.206048113065
0.206058696648
0.206070803807
0.206076754992
0.2060836616
0.206101711264
0.206112440794
0.206128242979
0.206141044124
0.206149728833
0.20615923563
0.20617841012
0.20618848942
0.206204116101
0.206220661623
0.206238694703
0.206258169656
0.206273158948
0.206284246826
0.206291885007
0.206305355142
0.206314282643
0.20632204052
0.206338119641
0.206353482121
0.206373417396
0.20638113698
0.206388801993
0.206401078627
0.206413809782
0.206424346471
0.206432608381
0.206449449373
0.206467188278
0.206481954325
0.206484917867
0.206493265699
0.206503249585
0.206508941577
0.206515848465
0.206528329357
0.206541546245
0.206561966837
0.206574563944
0.206583029578
0.206589085158
0.206602481594
0.206615234473
0.206625939407
0.206637132166
0.206649384364
0.206658857671
0.206680448806
0.206688226264
0.206702875436
0.206713180576
0.206727816922
0.206739753296
0.206753467427
0.206760207142
0.2067695132
0.206779405917
0.206791434725
0.206804027623
0.206815780059
0.206827061882
0.206836441191
0.206848703368
0.206855779644
0.206861535074
0.206876526559
0.206883163882
0.206893458311
0.206902371089
0.206914178404
0.206924114115
0.206930359669
0.206942504219
0.206955484117
0.20696790823
0.206982546293
0.206992223618
0.207001208846
0.207015701725
0.207027071681
0.207039423422
0.20705168771
0.207063595701
0.20707265648
0.207083312078
0.20709130878
0.207099771531
0.207106307801
0.207119148481
0.207132742623
0.207143483548
0.207155460868
0.207161287696
0.207171640664
0.207181719314
0.207195474826
0.207205174803
0.207214746067
0.207227681077
0.207235840694
0.207248629031
0.207257354798
0.20726871077
0.20728471688
0.207292021407
0.207300903246
0.20731254563
0.207325166204
0.207332325609
0.207347841185
0.207360837856
0.207371873126
0.207384334895
0.20739326581
0.207408714688
0.207421294004
0.207430198547
0.207443183736
0.207454143248
0.207465800057
0.207482313506
0.207491231331
0.207501736437
0.207512038043
0.207519391555
0.207535479089
0.207544300706
0.207558902855
0.207567326745
0.207574970463
0.207584213158
0.207593686828
0.207606441479
0.207618291418
0.207621756896
0.207637681489
0.207646590364
0.20765796342
0.207667882982
0.207677409861
0.207681423383
0.207687908642
0.207701738912
0.207718025319
0.207725054562
0.207736672762
0.207744860937
0.207755763433
0.207764457802
0.207777450257
0.207786462185
0.207792858951
0.207798932642
0.207808242794
0.20781841273
0.20782738684
0.207833815387
0.2078489127
0.207853463012
0.207863169112
0.207881171796
0.207894069574
0.20790228464
0.207916943582
0.207928236655
0.207936673414
0.207941692307
0.207950143841
0.207963522123
0.20797244477
0.207982337282
0.207994607332
0.208003343307
0.208012000782
0.20802345059
0.208033040494
0.208043351223
0.208052553528
0.208066232223
0.208070153556
0.208085768043
0.20809569926
0.20810919377
0.208118147106
0.208121340826
0.208127856767
0.208144025784
0.208159117351
0.208168765411
0.208176457159
0.208183154966
0.208192527957
0.20820293957
0.208219984078
0.208226647957
0.208237048629
0.208240495716
0.20824961789
0.208262661881
0.208273959176
0.208280491391
0.208290191524
0.208300277389
0.20830693611
0.208318236205
0.208324071196
0.208331325666
0.20834245685
0.208349026436
0.208359696695
0.208367544168
0.208370971964
0.208385448205
0.208390678882
0.208399413308
0.208410731127
0.208420125617
0.208423803667
0.208429333875
0.208435674034
0.208441658546
0.208453170911
0.208463340374
0.208481187306
0.208484275215
0.208499312449
0.208505121789
0.208515304941
0.208528356474
0.208538806934
0.208552161975
0.208560072462
0.208564798341
0.20857446434
0.208592972383
0.208596702907
0.208601321093
0.208609581115
0.208619165632
0.208627662115
0.208643070102
0.208654691622
0.208662681538
0.208667791141
0.208674901336
0.208683660992
0.208697212105
0.208708642199
0.208717747113
0.208721754109
0.208729535617
0.208741526059
0.208749292601
0.208763440601
0.208772149372
0.208786909548
0.208797760923
0.208812998918
0.208820224792
0.208828751444
0.208834064678
0.208846861138
0.20885304925
0.208866143912
0.208873324155
0.208882607553
0.208896582658
0.208899418221
0.20890454021
0.208908113535
0.208918809722
0.208926703518
0.208937692045
0.208949485987
0.208956086677
0.20896554029
0.208969462289
0.208972555966
0.208976528872
0.208985893879
0.208992365697
0.208997723973
0.209006223835
0.209018200752
0.209034751794
0.209043926042
0.209048872567
0.209060796737
0.209067967889
0.209078536897
0.209083561681
0.209089074937
0.20909601656
0.209103341511
0.20911423682
0.209123442308
0.209125722199
0.209136756397
0.209146887737
0.209158214398
0.209166084734
0.209176309256
0.209181482987
0.209190969555
0.209198525544
0.209206457447
0.209216298537
0.209222358907
0.209222313479
0.209227868978
0.209237879124
0.209247833819
0.209256470795
0.209263006276
0.209272401762
0.209284347136
0.209290844082
0.209299191325
0.209310200298
0.209318806932
0.209327229073
0.209337690688
0.209351413186
0.209362501473
0.209367030818
0.209375950022
0.209385619426
0.209398556315
0.209408226486
0.20941946634
0.20942464732
0.209433439248
0.209442776475
0.209448475029
0.209454167356
0.209460913029
0.20946830782
0.2094761103
0.209485957921
0.209498297927
0.209506111869
0.20951789562
0.209527793344
0.209535408402
0.209541538563
0.209548427646
0.209557597339
0.209573681114
0.209577973325
0.209584006688
0.209593574375
0.209603863686
0.209614677281
0.209619664236
0.209626117381
0.209633684482
0.209640787144
0.209651216946
0.209664407882
0.209679232789
0.209683236705
0.209690517885
0.209699710926
0.209701846214
0.209712246075
0.209726470668
0.209732784083
0.209737635873
0.209740884113
0.209751801819
0.209762522454
0.209767881256
0.209777758111
0.209786774656
0.209793730601
0.209800939376
0.209813843876
0.209823653646
0.209830141686
0.209835644464
0.209844025796
0.209850806635
0.209855783249
0.209859344518
0.209867433316
0.209876009635
0.20988089078
0.209885898086
0.209892940949
0.209902012442
0.209907424212
0.209922144182
0.209934590416
0.209942449559
0.209955081111
0.20997286791
0.209977751248
0.209987131806
0.209998816272
0.210012142221
0.210024592564
0.210032712019
0.210041446887
0.210043930328
0.210057371851
0.210062442444
0.21006768085
0.210071148988
0.210081558354
0.210087744904
0.210101803117
0.210107077206
0.210115435415
0.210120671198
0.210125424275
0.210130752847
0.210135754144
0.210143898677
0.210153004804
0.210155470054
0.210162870825
0.210171942268
0.210175089855
0.210185975332
0.210194480607
0.210200316559
0.210206712044
0.210213067541
0.210223725231
0.21023122199
0.210236493076
0.210239748706
0.210241548224
0.210251003287
0.210262921855
0.210273365189
0.21028160947
0.21028999334
0.21030034897
0.210305999187
0.210310634779
0.210315517115
0.210322103598
0.210326207856
0.210332262862
0.210340793351
0.21034831419
0.210355360603
0.210363863195
0.210375553197
0.210381255886
0.210387374886
0.210394787693
0.210401584179
0.210406888847
0.210415517081
0.21042577328
0.210430602389
0.210435283871
0.210446365053
0.210450786229
0.210459779006
0.210463754728
0.210471480935
0.210480547551
0.210484923765
0.21048850588
0.210491895788
0.210497477701
0.210505653141
0.210510649647
0.210517420795
0.210522946645
0.210529509581
0.210536367718
0.210543951588
