
row1col1
West 0.0
East 0.0
North 0.0
South 0.0

row1col2
West 0.0
East 0.0
North 0.0
South 1.7813802469e-08

row1col3
West 0.0
East 0.0
North 0.0
South 0.0

row1col4
West 0.0
East 0.0
North 0.0
South 0.000777716136863

row1col5
West 3.28722203354e-05
East 0.0
North 0.0
South 0.0

row1col7
West 0.0
East 0.0
North 0.0
South 0.000282879874951

row1col8
West 0.0
East 0.0
North 0.0
South 0.00260997648036

row1col9
West 0.0
East 0.0
North 2.43491679475e-09
South 0.00361555466045

row1col10
West 0.000325987989928
East 0.0
North 0.0
South 0.0

row1col11
West 1.64756085523e-05
East 0.0
North 0.0
South 0.0

row1col13
West 0.0
East 0.0236669934491
North 0.0
South 0.0

row1col14
West 0.0
East 0.0
North 0.0
South 0.194455320956

row1col15
West 0.0
East 0.0
North 0.0
South 0.459639912337

row1col16
West 0.0090309375
East 0.0
North 0.000836490585938
South 0.202929189861

row1col18
West 0.0
East 0.0
North 0.0
South 0.163159382491

row1col19
West 0.0
East 0.0
North 0.0
South 0.0533364955561

row1col20
West 0.0
East 6.10876185803e-09
North 0.0
South 0.0112973506512

row1col21
West 5.33932376742e-05
East 3.31238701171e-09
North 0.0
South 1.80592549854e-08

row1col22
West 0.0
East 0.0
North 0.0
South 0.000369379193172

row2col1
West 0.0
East 5.72096127779e-07
North 0.0
South 0.0

row2col2
West 0.0
East 3.32904548244e-05
North 0.0
South 0.0

row2col3
West 0.0
East 0.000800986780265
North 0.0
South 0.0

row2col4
West 0.0
East 0.0076658236061
North 0.0
South 0.0

row2col5
West 0.0
East 0.0
North 0.0
South 0.0285438133416

row2col7
West 0.0
East 0.0173270560926
North 0.0
South 0.0

row2col8
West 0.0
East 8.26617065066e-08
North 0.0
South 0.120575726852

row2col9
West 0.0301337630632
East 0.0
North 2.43491679475e-09
South 0.0

row2col10
West 0.0012974938386
East 0.0
North 0.0
South 0.0

row2col11
West 0.0
East 0.0
North 3.04903631251e-07
South 0.0

row2col13
West 0.00777733643042
East 0.167802858785
North 0.0
South 0.0

row2col14
West 0.00792730493905
East 0.762173114745
North 0.0
South 0.026828081709

row2col15
West 0.0
East 0.0
North 0.0
South 0.0

row2col16
West 0.997394217198
East 0.0155557620793
North 0.00042896953125
South 0.0019673905603

row2col17
West 0.925390151824
East 0.0042018068858
North 0.0155557620793
South 0.0

row2col18
West 0.811894733821
East 0.0009669821126
North 0.0
South 0.0

row2col19
West 0.53528274876
East 2.29043713787e-05
North 0.0
South 0.0

row2col20
West 0.229592798521
East 4.05813035807e-05
North 4.49757348332e-08
South 2.38830838698e-08

row2col21
West 0.0660073077706
East 3.5031988176e-06
North 8.57814611804e-10
South 2.48244983442e-08

row2col22
West 0.00649260715245
East 1.45394577025e-06
North 0.0
South 0.0

row3col1
West 0.0
East 1.80304466733e-09
North 0.0
South 0.0

row3col2
West 0.0
East 0.0
North 2.31319732743e-06
South 0.0

row3col3
West 6.48399150428e-08
East 0.0
North 0.0
South 0.0

row3col4
West 0.0
East 0.0
North 1.25381022963e-05
South 0.0

row3col5
West 0.0
East 0.0
North 0.0
South 0.0854539401672

row3col7
West 0.0
East 0.0
North 0.00063899934072
South 0.0

row3col8
West 0.0
East 0.268440723432
North 0.0
South 0.0

row3col9
West 0.0
East 0.0
North 3.61647175838e-08
South 0.469576173288

row3col10
West 0.0786606679981
East 0.0
North 0.0
South 0.0

row3col11
West 0.00403280156294
East 0.0
North 0.0
South 0.0

row3col13
West 0.155656833111
East 0.9025
North 0.0
South 0.00177959000788

row3col14
West 0.10550189063
East 0.95
North 0.0400432897617
South 0.00667736875683

row3col15
West 0.0712190750751
East 0.00032179765625
North 1.0
South 0.275073583662

row3col16
West 0.130005419665
East 0.0025635207185
North 0.026593983239
South 0.0

row3col18
West 0.0
East 0.0
North 0.360892152098
South 0.000568409779305

row3col19
West 0.0807507736565
East 8.57563663416e-09
North 0.0
South 0.0

row3col20
West 0.00495567780533
East 4.98193371133e-07
North 0.0
South 0.0

row3col21
West 6.63854652043e-10
East 1.82332797242e-08
North 0.0044919680024
South 2.48244983442e-08

row3col22
West 0.000163313857692
East 2.40888934657e-08
North 1.0534159027e-07
South 0.0

row4col5
West 0.0
East 0.0
North 0.0
South 0.188157155596

row4col9
West 1.51159234712e-05
East 0.0
North 0.00016355934944
South 0.600796488436

row4col13
West 0.021831039753
East 0.00423721638204
North 0.857375
South 0.104490743108

row5col1
West 0.0
East 0.0
North 0.0
South 8.15578420528e-09

row5col2
West 0.0
East 1.38407876453e-06
North 0.0
South 0.0

row5col3
West 0.0
East 0.0
North 0.0
South 6.24375793307e-05

row5col5
West 0.0
East 0.0
North 0.0
South 0.327069743472

row5col6
West 0.0
East 0.0
North 0.0
South 0.0236358964009

row5col7
West 8.81817563892e-15
East 0.128736929522
North 0.0
South 0.0

row5col8
West 3.86518328884e-06
East 0.630248670844
North 0.0
South 9.30581870438e-06

row5col9
West 0.0057237405485
East 0.663420416074
North 0.00166713825731
South 1.00304399209e-06

row5col10
West 0.0241887858788
East 0.698337295801
North 0.00158317504892
South 0.0

row5col11
West 0.00345866644049
East 0.735091890607
North 0.00534188910539
South 0.0

row5col12
West 0.0132376470739
East 0.7737809375
North 0.000265669632441
South 0.000571710574147

row5col13
West 0.00235352795411
East 8.79762747379e-05
North 0.81450625
South 0.00379930772336

row5col14
West 0.7737809375
East 0.00499703367755
North 4.10868118715e-06
South 0.0

row5col15
West 0.735091890625
East 0.00640788531165
North 0.0
South 0.0

row5col16
West 0.698337296093
East 1.08198488676e-06
North 0.0
South 0.0

row5col17
West 0.663420431285
East 2.28305347302e-07
North 0.0
South 0.0

row5col18
West 0.190079273468
East 1.80644180435e-07
North 0.0
South 0.0

row5col20
West 0.0
East 0.000270334766534
North 0.0
South 0.0

row5col21
West 0.0
East 0.0
North 0.0
South 0.0121379137627

row5col22
West 0.000580048220913
East 0.0
North 0.0
South 0.0

row6col1
West 0.0
East 8.62807867623e-06
North 0.0
South 0.0

row6col2
West 0.0
East 0.0
North 0.0
South 0.000259954311831

row6col3
West 0.0
East 0.0
North 0.0
South 0.000913973889996

row6col5
West 0.0
East 0.462146801318
North 0.0
South 0.0

row6col6
West 0.0
East 0.540181876034
North 0.0
South 0.0

row6col7
West 0.0
East 0.568757932157
North 0.0
South 0.0

row6col8
West 0.0
East 0.0
North 0.59872979484
South 1.04822653434e-05

row6col9
West 1.18957352442e-05
East 1.49405137328e-06
North 0.0856312829193
South 0.0

row6col10
West 0.0
East 0.00159097106695
North 0.647978347107
South 6.55131031287e-08

row6col11
West 0.0
East 0.0422763431852
North 0.0
South 4.43669368597e-08

row6col12
West 0.0
East 0.0
North 0.381967691392
South 0.000176778029351

row6col13
West 3.88317430645e-05
East 2.08079470971e-08
North 0.325576162696
South 0.00183338619275

row6col14
West 0.0
East 0.0
North 0.196552847862
South 1.13873350163e-06

row6col15
West 0.0
East 0.0
North 0.174508009888
South 0.0

row6col16
West 0.0
East 0.0853890150719
North 0.0
South 0.0

row6col17
West 0.0
East 0.0
North 0.630249409682
South 4.08432487017e-05

row6col18
West 0.559410311566
East 1.41748136889e-05
North 0.0
South 0.0

row6col19
West 0.418944618437
East 1.26380919348e-06
North 0.0
South 0.0

row6col20
West 0.227512852921
East 7.14253183388e-08
North 0.0
South 0.0

row6col21
West 0.0942513412684
East 0.0
North 0.0
South 0.0

row6col22
West 0.0
East 0.0
North 0.0
South 0.000181151856721

row7col1
West 0.0
East 0.000112616509215
North 0.0
South 0.0

row7col2
West 0.0
East 0.00328866220768
North 0.0
South 0.0

row7col3
West 0.0
East 0.0
North 0.0
South 0.0165256139883

row7col5
West 0.0
East 0.423928096998
North 0.0
South 0.0

row7col6
West 0.0
East 0.0
North 0.512261908842
South 2.87219094844e-12

row7col10
West 0.0
East 0.0
North 0.552371554399
South 5.12607294232e-09

row7col17
West 0.0
East 0.0
North 0.598736938578
South 1.31699919811e-05

row7col18
West 0.172937897037
East 0.0
North 0.0
South 0.0

row7col20
West 0.0
East 0.0
North 0.00728855294257
South 0.0

row7col21
West 0.0
East 0.0
North 0.0227245947022
South 0.0

row7col22
West 0.00261088963185
East 0.0
North 0.0
South 0.0

row8col1
West 0.0
East 0.000215657011469
North 0.0
South 0.0

row8col2
West 0.0
East 0.00524361857676
North 0.0
South 0.0

row8col3
West 0.0
East 0.057735216818
North 0.0
South 0.0

row8col4
West 0.0
East 0.141457247909
North 0.0
South 0.0

row8col5
West 0.0
East 0.0
North 0.289599031859
South 0.0

row8col6
West 0.0
East 0.0
North 0.478304757033
South 0.0

row8col8
West 0.0
East 0.00462656176343
North 0.0
South 0.0

row8col9
West 0.0
East 0.0645803930561
North 0.0
South 0.0

row8col10
West 0.0
East 0.0
North 0.409344484804
South 9.50991220045e-11

row8col11
West 0.0459259387958
East 0.0
North 0.0
South 0.0

row8col12
West 0.0
East 0.0
North 0.0
South 0.00197322640269

row8col13
West 0.0
East 6.39354165724e-06
North 0.0
South 0.0

row8col14
West 0.0
East 0.0
North 0.0
South 0.000139747309075

row8col15
West 1.01840371901e-05
East 0.0
North 0.0
South 0.0

row8col17
West 5.95484941042e-10
East 3.24119071102e-09
North 0.568800085302
South 5.58365173416e-06

row8col18
West 0.0
East 0.0
North 0.0222333519198
South 0.0

row9col5
West 0.0
East 0.050336251048
North 0.0
South 0.0

row9col6
West 0.0
East 0.0
North 0.433090029997
South 0.0

row9col8
West 0.0
East 0.0
North 0.000117448941829
South 0.0

row9col9
West 0.0
East 0.0
North 0.00326654791774
South 0.0

row9col10
West 0.0
East 0.0
North 0.234310430373
South 1.24694624628e-10

row9col11
West 0.103629703094
East 0.0
North 0.0
South 0.0

row9col12
West 0.0344024039482
East 0.0
North 0.0
South 0.0

row9col13
West 0.00702246133503
East 0.0
North 0.0
South 0.0

row9col14
West 0.000982469794068
East 0.0
North 0.0
South 0.0

row9col15
West 0.0
East 0.0
North 5.55419685088e-07
South 0.0

row9col17
West 7.21265365944e-07
East 1.44575337983e-13
North 0.540360035592
South 6.33712100842e-07

row9col18
West 0.116119379445
East 1.4292073515e-07
North 4.29723182369e-11
South 4.4159690771e-09

row9col20
West 0.0
East 8.33813785614e-09
North 0.0
South 0.0

row9col21
West 0.0
East 0.0
North 0.0
South 4.76442748735e-07

row9col22
West 1.79159811153e-08
East 0.0
North 0.0
South 0.0

row10col1
West 0.0
East 0.0
North 0.0
South 3.10566080174e-06

row10col2
West 0.0
East 0.0
North 0.0
South 3.50943791712e-05

row10col3
West 0.0
East 0.0
North 0.0
South 2.36640167583e-05

row10col5
West 0.0
East 0.0
North 0.0
South 0.00288322153691

row10col6
West 0.0
East 0.0
North 0.371521490327
South 0.0

row10col17
West 6.2304335348e-07
East 7.18489042427e-09
North 0.513341767869
South 5.43406944603e-08

row10col18
West 0.479741716628
East 7.48704236047e-09
North 1.51260851037e-07
South 0.0

row10col20
West 0.0
East 5.60162362644e-08
North 0.0
South 0.0

row10col21
West 0.0
East 0.0
North 0.0
South 5.28863291463e-06

row10col22
West 1.5348878012e-08
East 0.0
North 0.0
South 0.0

row11col1
West 0.0
East 0.000106173059
North 0.0
South 0.0

row11col2
West 0.0
East 0.00125458539171
North 0.0
South 0.0

row11col3
West 0.0
East 0.00671315656059
North 0.0
South 0.0

row11col4
West 0.0
East 0.0238180348893
North 0.0
South 0.0

row11col5
West 0.0
East 0.0
North 0.0
South 0.0685744041286

row11col6
West 0.0
East 0.0
North 0.298881095056
South 0.0

row11col8
West 0.0
East 7.52914827702e-08
North 0.0
South 0.0

row11col9
West 0.0
East 0.0
North 0.0
South 8.1287429785e-06

row11col10
West 3.36777859973e-08
East 0.0
North 0.0
South 0.0

row11col12
West 0.0
East 0.0
North 0.0
South 4.94486746194e-06

row11col13
West 0.0
East 0.0
North 0.0
South 0.000136580606378

row11col14
West 0.0
East 0.00100128473704
North 0.0
South 0.0

row11col15
West 0.0
East 0.0
North 0.0
South 0.0185294408632

row11col17
West 0.0
East 3.54767900966e-10
North 0.487671638962
South 5.81727416567e-09

row11col18
West 0.0
East 6.91797406883e-10
North 0.42202408075
South 0.0

row11col20
West 0.0
East 0.0
North 0.0
South 2.39420707996e-08

row11col21
West 0.0
East 0.0
North 0.0
South 4.42988167146e-05

row11col22
West 0.0
East 0.0
North 6.48259403344e-11
South 0.0

row12col1
West 0.0
East 9.36669941101e-08
North 0.0
South 0.0

row12col2
West 0.0
East 0.0
North 3.82965650065e-05
South 0.0

row12col3
West 0.0
East 0.0
North 0.000193371639378
South 0.0

row12col5
West 0.0
East 0.151151275986
North 0.0
South 0.0

row12col6
West 0.0
East 0.0
North 0.22146937546
South 0.0

row12col8
West 0.0
East 1.10397303376e-05
North 0.0
South 0.0

row12col9
West 0.0
East 0.0
North 0.0
South 0.000450258860953

row12col10
West 2.6531276548e-05
East 0.0
North 0.0
South 0.0

row12col12
West 0.0
East 0.000142472593352
North 0.0
South 0.0

row12col13
West 0.0
East 0.00364163192597
North 0.0
South 0.0

row12col14
West 0.0
East 0.0310538501377
North 0.0
South 0.0

row12col15
West 0.0
East 0.144310227119
North 0.0
South 0.0

row12col16
West 0.0
East 0.318896740548
North 0.0
South 0.0

row12col17
West 0.0
East 7.79191379425e-11
North 0.463270087367
South 5.09601065792e-11

row12col18
West 3.70595612564e-12
East 4.53975977614e-11
North 0.336117104041
South 6.84571123995e-12

row12col20
West 0.0
East 1.18653834379e-05
North 0.0
South 0.0

row12col21
West 0.0
East 0.0
North 0.0
South 0.000452006622202

row12col22
West 3.32103618125e-05
East 0.0
North 0.0
South 0.0

row13col5
West 0.0
East 0.0
North 0.0611325804762
South 0.0

row13col6
West 0.0054692863484
East 0.0
North 0.0
South 0.0

row13col9
West 0.0
East 0.0
North 0.0
South 0.00360937375692

row13col17
West 0.0
East 0.0
North 0.440016819621
South 3.05364026239e-13

row13col18
West 1.18493082702e-13
East 7.23120500593e-12
North 0.234955715107
South 0.0

row13col21
West 0.0
East 0.0
North 0.0
South 0.00206732535061

row14col1
West 0.0
East 0.0
North 0.0
South 7.5852048974e-09

row14col2
West 0.0
East 8.66440414152e-07
North 0.0
South 0.0

row14col3
West 0.0
East 0.00126764151115
North 0.0
South 0.0

row14col4
West 0.0
East 0.00549208824295
North 0.0
South 0.0

row14col5
West 0.0
East 0.0
North 0.019324233755
South 0.0

row14col6
West 0.0
East 0.0
North 0.0
South 8.86945202315e-14

row14col7
West 0.0
East 9.4212265333e-06
North 0.0
South 0.0

row14col8
West 0.0
East 0.00220375687158
North 0.0
South 0.0

row14col9
West 0.0
East 0.0216622243395
North 0.0
South 0.0

row14col10
West 0.0
East 0.0432359687471
North 0.0
South 0.0

row14col11
West 0.0
East 0.0800906067911
North 0.0
South 0.0

row14col12
West 0.0
East 0.130923592367
North 0.0
South 0.0

row14col13
West 0.0
East 0.193296230489
North 0.0
South 0.0

row14col14
West 0.0
East 0.0
North 0.0
South 0.257413059706

row14col15
West 0.0
East 0.000992259633216
North 0.0
South 0.0

row14col16
West 1.33751484984e-17
East 0.0712056245706
North 2.8158207365e-16
South 4.12167797029e-18

row14col17
West 5.22575059644e-32
East 0.0
North 0.41770058291
South 1.36857506879e-10

row14col18
West 0.0
East 0.0
North 0.136988957463
South 0.0

row14col19
West 0.0646568712543
East 0.0
North 0.0
South 0.0

row14col20
West 0.0249033578305
East 1.53411752824e-25
North 0.0
South 0.0

row14col21
West 0.00846158088193
East 7.28705825913e-27
North 0.0
South 0.0

row14col22
West 0.00035209988432
East 7.28705825913e-27
North 7.28705825913e-27
South 0.0

row15col1
West 0.0
East 1.58937861023e-06
North 0.0
South 0.0

row15col2
West 0.0
East 3.73009762163e-05
North 0.0
South 0.0

row15col3
West 0.0
East 0.0
North 0.000252274803177
South 0.0

row15col4
West 0.0
East 5.52561962287e-06
North 0.0
South 0.0

row15col5
West 0.0
East 0.0
North 0.000393579820298
South 0.0

row15col6
West 0.0
East 5.73418088357e-06
North 0.0
South 0.0

row15col7
West 0.0
East 0.000619239065022
North 0.0
South 0.0

row15col8
West 0.0
East 0.00238077656775
North 0.0
South 0.0

row15col9
West 0.0
East 0.0
North 0.00768049441338
South 0.0

row15col10
West 1.33602545585e-05
East 0.0
North 0.0
South 0.0

row15col11
West 0.0
East 1.87787534724e-05
North 0.0
South 0.0

row15col12
West 0.0
East 0.000565521406225
North 0.0
South 0.0

row15col13
West 0.0
East 0.0168842778052
North 0.0
South 0.0

row15col14
West 0.0
East 0.313218348706
North 0.0
South 0.0

row15col15
West 0.0
East 0.351043998068
North 0.0
South 7.47334754894e-15

row15col16
West 4.37300368482e-13
East 0.374014158131
North 2.8158207365e-16
South 0.0

row15col17
West 1.41122400091e-17
East 3.72156166493e-19
North 0.395920468852
South 3.50553662499e-16

row15col18
West 0.032650365609
East 0.0
North 0.0
South 0.0

row15col19
West 0.00107403254321
East 0.0
North 0.0
South 0.0

row15col20
West 0.0
East 0.0
North 0.000109693311871
South 0.0

row15col21
West 1.80981468271e-06
East 0.0
North 0.0
South 0.0

row15col22
West 0.0
East 0.0
North 9.55154001883e-07
South 0.0

row16col2
West 0.0
East 0.0
North 4.50100025332e-06
South 0.0

row16col7
West 0.0
East 0.0
North 0.000148998279925
South 0.0

row16col15
West 0.0
East 0.0
North 0.305651324647
South 1.97453238808e-16

row17col1
West 0.0
East 2.00160876679e-08
North 0.0
South 0.0

row17col2
West 0.0
East 0.0
North 4.34755345446e-07
South 0.0

row17col3
West 1.15083825051e-08
East 0.0
North 0.0
South 0.0

row17col4
West 0.0
East 0.0
North 0.0
South 2.67850546377e-18

row17col6
West 0.0
East 5.68708057063e-07
North 0.0
South 0.0

row17col7
West 0.0
East 0.0
North 2.9981915892e-05
South 0.0

row17col8
West 0.0
East 0.0
North 0.0
South 2.58779066633e-08

row17col9
West 1.37189747723e-09
East 0.0
North 0.0
South 0.0

row17col10
West 0.0
East 0.0
North 0.0
South 6.90791533981e-15

row17col11
West 1.87156529174e-17
East 0.0
North 0.0
South 0.0

row17col13
West 0.0
East 0.0
North 0.0
South 0.000329838765129

row17col14
West 0.0
East 0.0338330901698
North 0.0
South 0.0

row17col15
West 0.0
East 0.0
North 0.246530997484
South 0.0

row17col16
West 0.0
East 0.0
North 0.0
South 0.0035607335583

row17col18
West 0.0
East 0.0
North 0.0
South 0.000182661979378

row17col19
West 3.82698583029e-06
East 0.0
North 0.0
South 0.0

row17col20
West 5.42789201875e-08
East 0.0
North 0.0
South 0.0

row17col21
West 0.0
East 6.97146571155e-13
North 0.0
South 0.0

row17col22
West 0.0
East 0.0
North 0.0
South 2.2362764868e-09

row18col1
West 0.0
East 0.0
North 3.36231078198e-10
South 0.0

row18col2
West 3.46541958857e-13
East 0.0
North 0.0
South 0.0

row18col3
West 0.0
East 0.0
North 1.79306784029e-10
South 0.0

row18col4
West 1.65012641437e-12
East 0.0
North 0.0
South 0.0

row18col6
West 0.0
East 0.0
North 0.0
South 1.30258924106e-12

row18col7
West 0.0
East 0.0
North 4.23822764199e-06
South 0.0

row18col8
West 3.48418327567e-07
East 0.0
North 0.0
South 0.0

row18col9
West 0.0
East 0.0
North 6.62005234938e-11
South 0.0

row18col10
West 3.48232153781e-12
East 0.0
North 0.0
South 0.0

row18col11
West 0.0
East 0.0
North 2.81746592974e-21
South 0.0

row18col13
West 0.0
East 0.00459458140812
North 0.0
South 0.0

row18col14
West 0.0
East 0.0397038157922
North 0.0
South 0.0

row18col15
West 0.0
East 0.0
North 0.177022254749
South 0.0

row18col16
West 0.0954594918529
East 0.0
North 0.0
South 0.0

row18col17
West 0.0448917330935
East 0.0
North 0.0
South 0.0

row18col18
West 0.015815312947
East 0.0
North 0.0
South 0.0

row18col19
West 0.00434429871962
East 0.0
North 0.0
South 0.0

row18col20
West 0.0
East 0.0
North 0.0
South 1.984633012e-05

row18col21
West 1.43038403854e-06
East 0.0
North 0.0
South 0.0

row18col22
West 7.56794011358e-08
East 0.0
North 0.0
South 0.0

row19col1
West 0.0
East 0.0
North 1.25892119888e-17
South 0.0

row19col2
West 0.0
East 0.0
North 2.48761609935e-18
South 0.0

row19col3
West 0.0
East 4.67543574597e-16
North 0.0
South 0.0

row19col4
West 0.0
East 0.0
North 3.38711476193e-14
South 0.0

row19col6
West 0.0
East 4.81856995188e-10
North 0.0
South 0.0

row19col7
West 0.0
East 0.0
North 2.90764382536e-07
South 0.0

row19col8
West 0.0
East 0.0
North 4.75149183758e-09
South 0.0

row19col9
West 0.0
East 0.0
North 5.75611558566e-14
South 0.0

row19col10
West 0.0
East 0.0
North 1.36409235714e-13
South 0.0

row19col11
West 2.63761333346e-20
East 0.0
North 0.0
South 0.0

row19col13
West 0.0
East 0.0
North 1.33353426768e-05
South 0.0

row19col14
West 0.0
East 0.00125315884042
North 0.0
South 0.0

row19col15
West 0.0
East 0.0
North 0.019316153863
South 0.0

row19col16
West 2.71972614635e-06
East 0.0
North 0.0
South 0.0

row19col18
West 0.0
East 0.0
North 0.000491697322759
South 0.0

row19col19
West 0.0
East 0.0
North 0.000943908795836
South 0.0

row19col20
West 0.000166688887485
East 0.0
North 0.0
South 0.0

row19col21
West 0.0
East 2.47919417898e-11
North 0.0
South 0.0

row19col22
West 0.0
East 0.0
North 2.02990338614e-09
South 0.0
