0.101138035519
0.132994561428
0.150094223392
0.146379683608
0.151732792491
0.149334125478
0.149239666851
0.153543026047
0.153748024689
0.161898715052
0.162741020513
0.162555864839
0.163471677855
0.164855449774
0.167707886836
0.167772451043
0.170683012261
0.172842247713
0.176035974379
0.177622685495
0.178365122843
0.182058002696
0.184552661274
0.185912421256
0.189011527271
0.190093557104
0.191661485104
0.192360499627
0.194661594317
0.195517383595
0.197747880859
0.198967009274
0.20164211039
0.20198853422
0.204460538399
0.207232536321
0.208489668541
0.209018699629
0.210004044172
0.211222592005
0.211707500023
0.212677054752
0.215160503354
0.215396578347
0.21676185623
0.21814384391
0.2190038279
0.220273704181
0.220613203648
0.222305263731
0.222729319992
0.224391774764
0.225573513634
0.226947310854
0.227995780698
0.229052040726
0.229507898654
0.230859220933
0.231623875537
0.232635415695
0.233503581318
0.233986805062
0.235193420473
0.235888512531
0.236657768949
0.236862684261
0.238191157045
0.238564040038
0.239067511159
0.240128274521
0.241433496885
0.24195371151
0.242312396212
0.242949301052
0.243863849546
0.244859446767
0.245984134551
0.246703144323
0.247305227327
0.248273746917
0.249088996162
0.249360117817
0.249881522528
0.250722517759
0.251117164297
0.252222685033
0.252796894046
0.253418751797
0.254520479529
0.255014075574
0.255788625255
0.256906379759
0.257664862549
0.258343357769
0.258810157891
0.259301382106
0.259972287093
0.260794020106
0.261355998336
0.26208652501
0.262842821224
0.263304111091
0.264381838337
0.264856782093
0.265681567095
0.265908095041
0.266184068676
0.266862865068
0.267355123625
0.267864123884
0.268395819
0.268736043391
0.269541473829
0.270203866417
0.270854422095
0.271728970867
0.272258284307
0.273022255479
0.273741426311
0.274593812899
0.275168579765
0.275955243681
0.276583999281
0.27687875657
0.277323321347
0.277780586958
0.278195402487
0.278795456123
0.279055567944
0.279636910789
0.280321525515
0.280822894112
0.281410363132
0.281580662144
0.281944636206
0.282529218953
0.282894799972
0.28342018429
0.284170905996
0.284533154673
0.285003163562
0.285431471934
0.285973867911
0.2865268532
0.2867190837
0.28730453501
0.288023078157
0.288815181524
0.289370393379
0.289666195722
0.29018723898
0.290430005818
0.290779419435
0.291180038315
0.29153332382
0.291761797594
0.292123174008
0.292852517728
0.293451071328
0.294256790521
0.294790290036
0.295404747038
0.295822670393
0.296174568825
0.296631005798
0.297040792719
0.297450742177
0.297827999568
0.298115077768
0.298483964621
0.298837598945
0.299393673712
0.300045960606
0.30061911567
0.300938540868
0.301367750491
0.301485925129
0.301845747866
0.302268090213
0.30280331597
0.30326208995
0.303741001025
0.304046354602
0.304269598196
0.304654451852
0.305191330625
0.305641546438
0.306138432788
0.30663815626
0.306829286854
0.307228757274
0.307542784855
0.308005237101
0.308450096239
0.308771145468
0.309331487947
0.309479085026
0.310017668724
0.310260567846
0.310565252748
0.310960901529
0.311320475635
0.311702587686
0.312097570745
0.31242518055
0.312685809421
0.312987542652
0.313214551486
0.313523070317
0.313684533026
0.314234156784
0.314408429164
0.314747933976
0.315024290763
0.31535781436
0.315718832235
0.315995927035
0.316258496577
0.316410156915
0.316677770282
0.316998628676
0.317438996923
0.317633697875
0.317870808883
0.318255002546
0.318660290812
0.318877194299
0.319165749005
0.319405412504
0.319799226372
0.319892320687
0.320228561085
0.320429451535
0.320685086
0.320993286326
0.321323248658
0.32156967518
0.321798746378
0.322059528151
0.32230746515
0.322584935241
0.322882022517
0.323114252257
0.323468439483
0.323752024534
0.324007116999
0.324413708849
0.324572710893
0.324795001125
0.324892064577
0.325213812006
0.325610748309
0.325813411262
0.326148944219
0.326278531377
0.326560050836
0.326839943358
0.326863852537
0.327023460845
0.327343894615
0.327556176422
0.327805844665
0.328164181606
0.328499442521
0.32873963833
0.328874500946
0.329107326465
0.329352036609
0.329686227998
0.329934594425
0.330259643637
0.33045413714
0.330602784331
0.330912711032
0.33114166537
0.331294910673
0.331483419862
0.331682139429
0.331886606649
0.33209336299
0.332222780508
0.332373242391
0.332434014615
0.33267632665
0.332857844555
0.333040959415
0.333175599131
0.333277018894
0.333258677374
0.333474455244
0.333830143934
0.334048766278
0.334087867778
0.334236503038
0.334310549902
0.334523605585
0.334731929486
0.335032618021
0.335308152148
0.335527820801
0.33564365537
0.335805019466
0.335938280132
0.33610343347
0.336335466546
0.336515682347
0.336652579501
0.3369483185
0.337219064389
0.337422175273
0.33752108828
0.337567831939
0.337712823365
0.337933131298
0.338118134524
0.338215915162
0.338295026586
0.338373877071
0.338475465357
0.338505728581
0.33866548981
0.338769904065
0.338813518589
0.338998640071
0.339224583781
0.339395482503
0.339564402507
0.339720621656
0.339790596369
0.33995980216
0.340119465961
0.340314747426
0.340345532465
0.34032122942
0.340400253195
0.340578745344
0.340639766303
0.340839970217
0.340985414926
0.341220763512
0.341392406653
0.341541642827
0.341706569338
0.34179443148
0.341980900669
0.342207778524
0.34234377943
0.342437583872
0.342578199197
0.342632342678
0.342821879667
0.342913442794
0.34304576964
0.343183205235
0.343321643948
0.343491966934
0.343544086505
0.343626820691
0.343648700155
0.343698685143
0.343756960414
0.343832412765
0.343883907414
0.343908725611
0.344074891567
0.344241809831
0.344204009012
0.344306063115
0.344453008004
0.344585611112
0.344746708834
0.344834210356
0.344977676196
0.344922546822
0.345017628261
0.345118800473
0.345225633221
0.345439295695
0.345526772571
0.345609297564
0.345686413212
0.345810952683
0.345828670518
0.345968302027
0.346097464127
0.346162593591
0.34622544005
0.346420888305
0.346491297251
0.346598180674
0.346651627004
0.346797933163
0.346878210169
0.347031353802
0.347026550693
0.347090366641
0.347176026315
0.347245924264
0.347378890088
0.347474955718
0.347556835535
0.347569308737
0.347728047602
0.347840645967
0.347951485745
0.348140961932
0.348252317349
0.348393307232
0.348514912152
0.348683224638
0.34877659809
0.34880226709
0.348891091901
0.348956662949
0.349033151671
0.3491051279
0.349253555745
0.349264723021
0.349386734539
0.349465166013
0.349553740977
0.349595621774
0.349660130884
0.349764177919
0.349865972201
0.34990195913
0.350004604621
0.350206456612
0.35021277259
0.350297348613
0.350374169044
0.350512090533
0.350522773901
0.350600135142
0.350683754321
0.350761206744
0.350782680816
0.350929391354
0.350983391976
0.351004234446
0.351148469801
0.351194481483
0.351225740975
0.351286959114
0.351373668237
0.351409586867
0.351513449647
0.351678200441
0.351736239535
0.351905459367
0.352069460155
0.352059157371
0.352227215113
0.352294669323
0.352384255819
0.352475708446
0.352582019105
0.352601515032
0.352691767278
0.352772110339
0.352855340194
0.352928055629
0.352964096836
0.35306825196
0.353133722291
0.35324059854
0.353294387967
0.353384407802
0.353483379565
0.353574421441
0.353671397685
0.35377400066
0.3538167569
0.353908193397
0.353987209914
0.353978072151
0.354078553577
0.354167037029
0.354248629334
0.354284691297
0.354374533209
0.354373530854
0.35443990743
0.354440615311
0.354520137622
0.35452191314
0.354536930869
0.354598502599
0.354715995602
0.354781112036
0.354889060218
0.354989787287
0.355047384663
0.355135838791
0.355184075555
0.35524505701
0.355323492718
0.355399059992
0.355463338368
0.355502643398
0.355562663774
0.355588181197
0.355620797321
0.355653541925
0.355718674728
0.355796251439
0.355888795812
0.355978542963
0.356019491312
0.356111460021
0.356078725746
0.356089964472
0.356111153461
0.356216064242
0.356290723659
0.356417110341
0.356451107848
0.356532729045
0.356609148249
0.356661280538
0.356733225622
0.356792904006
0.356841756464
0.356901847954
0.356981157448
0.357000918806
0.357013982423
0.357087006095
0.357067629734
0.357101464644
0.357159570471
0.357197330865
0.357247280889
0.357305380245
0.357418429683
0.357477102315
0.357512724117
0.357557736345
0.357624316447
0.357658031377
0.357725296241
0.357733117072
0.357775228396
0.357800102589
0.357832572916
0.357911395702
0.357945393684
0.358003762861
0.358011099803
0.35805024352
0.358045008808
0.358124139706
0.358252911915
0.35834828958
0.358425474419
0.358425632664
0.358468358602
0.358503552924
0.358550336512
0.358536702412
0.358590020005
0.358663834755
0.35876595936
0.358817289696
0.358790781826
0.358792238825
0.358903912833
0.358892215865
0.358958069143
0.358972582634
0.359034579771
0.359068052145
0.359142340319
0.359227019065
0.359268505959
0.359369372529
0.35937795179
0.359428614753
0.359438206499
0.359474373956
0.359485399097
0.359522139725
0.359579268435
0.359577660915
0.359633779998
0.359676555561
0.359782895648
0.359791991036
0.359806733643
0.359843448856
0.359869715003
0.359933564815
0.360019590502
0.360086659403
0.360191028357
0.360216702644
0.360212912539
0.360241857729
0.36029024707
0.360326422314
0.36035083617
0.360451185882
0.360535280726
0.360537821481
0.360579117168
0.360588942879
0.360609772344
0.360609388513
0.360678209061
0.360729063158
0.360818658535
0.360847443091
0.360921591472
0.360967764883
0.36103219105
0.361078970468
0.361182024931
0.361312836195
0.361359968191
0.361425918176
0.361496271163
0.361498036278
0.361554615934
0.361576699004
0.36162577528
0.36171128025
0.361691697017
0.361713184619
0.361845592188
0.36184937821
0.3619240123
0.361969467408
0.361967903662
0.361995806943
0.361989586739
0.362027552662
0.362090778904
0.362104819083
0.362136829309
0.362173617824
0.362215173063
0.362348533466
0.36237932007
0.36246423973
0.362513103745
0.362601729289
0.362639688129
0.362668617836
0.362689139731
0.362734958588
0.362767749544
0.362775255975
0.362782869169
0.362782651911
0.36285067669
0.362829461226
0.362927128587
0.362935880709
0.362958450514
0.362959741857
0.362948089743
0.362976884916
0.363057414919
0.363137241936
0.36314023378
0.363137593242
0.363224959079
0.363259791134
0.363311055972
0.363378918036
0.363416727459
0.363450003509
0.363487316279
0.363539338002
0.363582985625
0.363598318089
0.363617659741
0.363618602568
0.363685066132
0.36372157707
0.363771493273
0.363812999029
0.363844322017
0.363846693159
0.363932946928
0.363945313184
0.363964817175
0.364001756475
0.36408191933
0.364105770524
0.364114261725
0.364158660662
0.364186534527
0.364229238051
0.364225696854
0.364217808903
0.364242225842
0.364244411918
0.364265003913
0.364322362832
0.364375045528
0.364430989567
0.364453823937
0.364481528344
0.364594431562
0.364652392722
0.364690742348
0.364700686211
0.364737911784
0.364743458388
0.364775589017
0.364850615076
0.364922133336
0.364931212674
0.36495102112
0.364971400528
0.364974889184
0.365006251789
0.365078299328
0.365090453239
0.36511745239
0.365168520698
0.365223967211
0.365243934093
0.365240272486
0.365264566934
0.365220714631
0.365291601509
0.365266555092
0.365278963122
0.365309426801
0.365298480419
0.365314316383
0.365343905555
0.365386762029
0.36539805843
0.365437976796
0.365483282896
0.365506064652
0.365478414922
0.365511429359
0.365562744528
0.365537028528
0.365522063526
0.365561426179
0.365590191977
0.365641804121
0.365709256529
0.365746777807
0.365775975052
0.365818931021
0.365863625032
0.36587706487
0.36589342026
0.365990255756
0.366010786688
0.366040250878
0.366096208776
0.366118792565
0.366158210922
0.366166686736
0.366230227908
0.36621732091
0.366252457084
0.366333028412
0.366369673616
0.36636241342
0.366405449525
0.366414243147
0.366436374173
0.36645207232
0.366480078494
0.36652157636
0.36652649557
0.366553564292
0.366599906432
0.366623338469
0.366689602361
0.366764271773
0.366829173742
0.366805181531
0.366820938262
0.366898897365
0.366938066585
0.366974182116
0.367053668918
0.367091565213
0.367172748572
0.3671933306
0.36722551397
0.367223108776
0.367268021537
0.367251677582
0.36730043801
0.367279716823
0.367328217584
0.367376473947
0.367373499423
0.367439213244
0.367509308562
0.367569572145
0.367600781406
0.367650926377
0.367644733942
0.367659572448
0.367704035678
0.367744011799
0.367787739638
0.367807431478
0.367850874623
0.367863969297
0.367895271825
0.367934982123
0.367978978029
0.367993144817
0.367961645049
0.367945438787
0.367978020283
0.367987416381
0.368009483595
0.368011000219
0.368014421623
0.3679947387
0.368027607363
0.368058307123
0.368090132941
0.368152438358
0.368182460854
0.368195296022
0.368214019771
0.368242515126
0.368271554699
0.368271957959
0.368286981257
0.36832928934
0.368358503686
0.368383827954
0.368417192991
0.368443446301
0.368468054408
0.368520243445
0.368584694038
0.368575519495
0.3686205423
0.368697928254
0.36871882965
0.368712552604
0.368743734463
0.368798133607
0.368818168773
0.368825872919
0.368880818567
0.368920386459
0.368938345233
0.368941171144
0.368974187746
0.369040327207
0.369023140158
0.369061245604
0.369090129307
0.369143529561
0.369175798983
0.369178990249
0.369213340982
0.369246031862
0.369242309331
0.369294223461
0.36934174661
0.369380845502
0.369431796429
0.369435139377
0.369478710529
0.369511524623
0.369516995963
0.369567640409
0.369603311187
0.3695909048
0.369622977646
0.369623294422
0.369637138992
0.369646838589
0.369675724129
0.369714383469
0.36972032776
0.369726235198
0.36976738417
0.369806986779
0.369891733576
0.369924028779
0.36997605073
0.369987698391
0.370029069055
0.370063620911
0.370061936718
0.370088701814
0.370106906352
0.370151147317
0.370161935035
0.370175239264
0.37020830578
0.370248341862
0.370294224995
0.370284259554
0.370303846461
0.370350974969
0.370393666943
0.370441059948
0.37045997587
0.370452620971
0.370477346466
0.37051125048
0.3705176317
0.370526061253
0.370515025172
0.370533939124
0.370541398222
0.370558322465
0.370574408276
0.370566964375
0.370594551701
0.370615530877
0.370652945415
0.370718262862
0.370753205666
0.37077625379
0.37076211017
0.370785032725
0.370784892655
0.370794766095
0.370851375868
0.370851377157
0.370896282492
0.370911367725
0.370903532949
0.370931338996
0.370954154386
0.370994168805
0.371004255899
0.371060830297
0.371099245178
0.371123144366
0.371136111644
0.371134342312
0.371135022815
0.371149770799
0.371134242637
0.371156056214
0.371153563349
0.371173436304
0.371176216101
0.371173257668
0.371205676625
0.371230575752
0.371177774649
0.371206217875
0.371218970801
0.371276395542
0.371275584122
0.371286470178
0.371319576339
0.371342165185
0.371349397432
0.371349878041
0.371339460292
0.371354007119
0.371361876767
0.371409659431
0.371405560149
0.371406924437
0.371401246199
0.371401048587
0.371436798147
0.371427052019
0.371430024938
0.371450887833
0.371460041848
0.371470564963
0.371473255767
0.371497977398
0.371510848274
0.371527195315
0.371559590526
0.371569939555
0.371608867587
0.371633489921
0.37165721402
0.371671164914
0.371689407604
0.371720780232
0.37174533639
0.371732165619
0.371740452621
0.371738301242
0.37171042178
0.371692193035
0.371684168921
0.37167988158
0.37171659315
0.371777008614
0.371768233632
0.371780613758
0.37182000099
0.371840470879
0.371846701177
0.371849085175
0.371904853691
0.371947004198
0.37195426466
0.37198027382
0.371988536442
0.372008297817
0.372004744739
0.371999396194
0.37201715376
0.372035715663
0.37203284132
0.372029732489
0.372020324038
0.37202428562
0.37201345486
0.372008336237
0.372015158993
0.372012490864
0.371988093628
0.372005909221
0.372065816287
0.372091834385
0.372082869723
0.372118051097
0.372097343946
0.372109395157
0.372126657763
0.372127689277
0.372157925744
0.372159547596
0.372169220987
0.372170079818
0.372213273416
0.372177971589
0.372188047797
0.372201309795
0.372222155313
0.372236307149
0.372284054907
0.372268138797
0.37227230741
0.372287716162
0.372291089416
0.372349728771
0.372403798346
0.372427388367
0.372458155368
0.372476765959
0.372456829272
0.372437425876
0.372465634722
0.372501541306
0.372498857097
0.372521765415
0.372525516087
0.372535582262
0.372526728712
0.372508776758
0.372517263101
0.372542026355
0.372559197479
0.37257736336
0.372588461929
0.3725883122
0.372616128544
0.372640495052
0.372659101189
0.372679031155
0.372693915656
0.372730803047
0.37274816578
0.372762487006
0.372766630536
0.372767489039
0.372794812895
0.372806874083
0.372816738493
0.372835956822
0.372845990114
0.372837844085
0.372832119322
0.372850154365
0.372867047828
0.372893671407
0.372865889933
0.372903661157
0.372939545705
0.372959345491
0.372956741901
0.372988919699
0.372988511976
0.372999219336
0.373015587485
0.373024266246
0.373053543763
0.373063779957
0.373064654914
0.373083157231
0.37312635979
0.373131277309
0.373160549701
0.373179664521
0.373167017789
0.373180538658
0.373188121653
0.373217363677
0.373228481906
0.373236820831
0.37323518679
0.37325454863
0.373260413807
0.373278662588
0.37328493774
0.373294805377
0.373280682241
0.373286211431
0.373298948434
0.373344277016
0.373361252275
0.373361179869
0.373380533031
0.373414705038
0.37341950758
0.373413478748
0.373425720129
0.373422974693
0.373428694162
0.373440732173
0.373461222828
0.373479510708
0.373483611019
0.373488033732
0.373487968237
0.373495246166
0.373506342879
0.373538574233
0.37352663575
0.373537006494
0.373557725313
0.373589595039
0.373617018472
0.373636544959
0.373636511544
0.373658206192
0.373667648626
0.373686582028
0.37367978164
0.373649553755
0.373688820508
0.373690980077
0.373702600713
0.373731051141
0.373747316779
0.373761601587
0.373778819812
0.373776848034
0.373796000654
0.373815429314
0.373820139157
0.373802500888
0.373825323505
0.373841118276
0.373852783484
0.373878924316
0.373887474605
0.373901932604
0.37390308361
0.373921567596
0.373909704459
0.373946212775
0.373947603064
0.373937934438
0.373970417356
0.37402035385
0.374058754229
0.374077847105
0.374032893431
0.373979560609
0.374002176138
0.373998106635
0.37402196795
0.374059935696
0.374063068333
0.374088549949
0.374109890748
0.3741067269
0.374117776359
0.37410574906
0.374115440421
0.37411147461
0.374116392753
0.374112072738
0.374089792598
0.374105509033
0.374122682521
0.374138103667
0.374157711863
0.37415299413
0.374147459728
0.374174220956
0.374176799237
0.374187823784
0.374180242511
0.374169092781
0.374188713234
0.374219955995
0.374243710302
0.374258874188
0.37428579037
0.37433417322
0.374359619312
0.37434850419
0.374398849091
0.374431974627
0.374442686039
0.374460409731
0.374457410052
0.374473736288
0.374511139988
0.374504304196
0.374528176167
0.37456956465
0.37457754296
0.374600764087
0.374605896848
0.374605563343
0.374614477601
0.374641843738
0.374644814148
0.374684935608
0.374716272261
0.374755006343
0.37476282855
0.374767605875
0.374734978077
0.374743594702
0.374765037506
0.37482687973
0.374837468097
0.374852593552
0.374873905588
0.374886692951
0.374893663725
0.374904610483
0.374919099829
0.374935322749
0.374951074624
0.374962070306
0.374960251817
0.374985637473
0.37501881223
0.375024511819
0.375031404842
0.375050725465
0.375061618822
0.375072796901
0.375085744475
0.375093454494
0.375113706434
0.375125276577
0.375137654745
0.375187676244
0.375207514734
0.375266382815
0.375265995808
0.375254171468
0.375242714614
0.375264553655
0.375271626284
0.375265908078
0.375270980144
0.375249393271
0.37527075117
0.375274205924
0.375265733679
0.375243039615
0.375258492954
0.375276148057
0.375317711793
0.375363809715
0.375379194388
0.375383798192
0.375409529863
0.375401274449
0.375414868941
0.37541173768
0.375433719734
0.375440107825
0.375440892127
0.375463949029
0.375477696723
0.375498363384
0.375487264911
0.375486698875
0.375510393434
0.375498585986
0.375502905621
0.375497399041
0.375525873537
0.375529415527
0.375520214508
0.375509369378
0.375525620032
0.375538706756
0.375543073126
0.375550752551
0.375588423602
0.375582157154
0.375606813834
0.375640800071
0.375621796152
0.375651148568
0.375668346249
0.375675974974
0.375698887278
0.375693998575
0.375691496031
0.375710025462
0.375705940242
0.3757205191
0.375730539009
0.375731882598
0.375716338221
0.375707345588
0.375685039254
0.375710080999
0.375707593127
0.375694614136
0.37571100122
0.375724788571
0.375747999199
0.375759256081
0.375750633136
0.375734661245
0.375747074791
0.375756401812
0.37577421799
0.375795432799
0.375818322259
0.375815798041
0.375823393536
0.375829652234
0.375853592329
0.375877376738
0.375881391129
0.375840290989
0.375849042462
0.375878053662
0.375904299103
0.375908054419
0.375920713388
0.375908882548
0.375914530758
0.375920729777
0.375935807536
0.375975338343
0.375980790715
0.375997151536
0.376016934692
0.376023079324
0.376016142741
0.376029671115
0.376031311847
0.376048527454
0.37604352041
0.376044274413
0.376078212311
0.376079239372
0.376085481756
0.376074597474
0.37610838506
0.376114292016
0.376126801815
0.376132574177
0.376153675278
0.376151226082
0.376189093173
0.376168868516
0.376180801393
0.376198627466
0.376192107418
0.376187910912
0.376235285022
0.376226054991
0.376243483206
0.376257524254
0.376285067429
0.376277408896
0.37628003597
0.376286900371
0.376309594184
0.376299273703
0.376315455966
0.37633590223
0.376346432321
0.376339032671
0.376338308901
0.376312874027
0.376328215525
0.376341265114
0.376357516268
0.376376979374
0.376378257142
0.376367862221
0.376389291386
0.376404070181
0.376417817584
0.376426083104
0.376441245639
0.376458968153
0.37647403285
0.376476147143
0.376492488457
0.376509662981
0.376522286852
0.376541344532
0.376540749483
0.376535239961
0.376544745648
0.376585125032
0.376610834589
0.376603202741
0.376601121595
0.376582863619
0.37657535535
0.376618618205
0.376646264564
0.376645573761
0.376655078554
0.376637477336
0.37663298277
0.376630828444
0.37666007901
0.376668438284
0.376689938517
0.376708151545
0.376711803162
0.376739006066
0.376750115268
0.37674351755
0.376756068583
0.37675654364
0.376769807655
0.376796297128
0.376814761048
0.376830746103
0.376820509311
0.376821054938
0.376839950997
0.376861861887
0.376876252992
0.376890543287
0.376901006803
0.376910738474
0.376918868534
0.37691346629
0.376907541004
0.376928722558
0.376937783315
0.376917436353
0.37691398021
0.376912937997
0.376916717145
0.376927634132
0.376938108953
0.37695384306
0.376969322169
0.376965272626
0.376965197127
0.376974489649
0.376993250261
0.37698292239
0.376999217941
0.376995911847
0.376992325747
0.376993271647
0.376992934788
0.376975843625
0.376986022716
0.37702098585
0.377033931595
0.37703663135
0.377065626115
0.377072480635
0.377081822364
0.377070269701
0.377055847293
0.37705549037
0.377064079612
0.37705102196
0.377066367731
0.377068219626
0.377042410603
0.377051712382
0.377070257085
0.377081289172
0.377073578539
0.377064750207
0.377092649943
0.377100176647
0.377115877043
0.377119238702
0.377122176644
0.377121420882
0.377123982332
0.377119185177
0.377122117911
0.377108768815
0.377118717552
0.377114374492
0.377105222335
0.37710453184
0.377097983476
0.377122567399
0.377111301645
0.377133140403
0.377123672744
0.377150525824
0.377168294784
0.377159603695
0.377151939199
0.377143249425
0.377130538056
0.377128867809
0.377129288443
0.377139611797
0.377142632933
0.377156533156
0.377152169796
0.377159797886
0.377173274857
0.377197491399
0.377210368409
0.377202613581
0.377200561268
0.377229209709
0.377235213153
0.377241173732
0.377261498958
0.377236361021
0.377255052105
0.377256166303
0.377273475898
0.37729479939
0.377299152243
0.377319218704
0.377331779341
0.377353326053
0.377369018593
0.377370212491
0.377390829263
0.377389245153
0.377413984031
0.377433954019
0.377443225439
0.377446162329
0.37745814534
0.377453290747
0.377485070659
0.377501470457
0.377514477308
0.377509500077
0.377528169295
0.377504046174
0.377544667859
0.377540939775
0.377568246155
0.377567851318
0.377596120278
0.377615618456
0.377617253308
0.377646569037
0.377652447167
0.377642524159
0.377640468623
0.377666045739
0.377685310438
0.377695039899
0.377708669607
0.377697484329
0.377678311802
0.377690083523
0.377716624013
0.377719212778
0.377747148469
0.377744787286
0.37776211476
0.377769516227
0.377765499211
0.377770932078
0.377791366923
0.377798442063
0.37779649704
0.377811108988
0.377806968407
0.377828462087
0.377837037317
0.377851852542
0.377845335665
0.377839702012
0.377850638276
0.37786038258
0.377866550981
0.377881340581
0.37790645506
0.377911220948
0.377930165871
0.377942466976
0.37792735825
0.377934264646
0.377926650578
0.377927494944
0.37793248122
0.37794107432
0.377946616175
0.377951624253
0.377973116761
0.377969302771
0.377981441679
0.377994357266
0.377977642651
0.377976709115
0.377987949651
0.377989803299
0.377984560384
0.377976448679
0.377986807204
0.377985735947
0.377980400828
0.377988067066
0.377997587663
0.378022723413
0.378024742817
0.378032396143
0.378036665809
0.378044405658
0.378071159259
0.378064732451
0.378063503418
0.378092159117
0.378096840301
0.378099032689
0.37808184706
0.3780903499
0.37812323647
0.378120258253
0.37811607628
0.378105205837
0.378112976916
0.378115748765
0.378121383594
0.378120233097
0.378123753413
0.378116569715
0.378110385527
0.378122424243
0.378123650869
0.37813572882
0.378144000895
0.378129319157
0.37813765097
0.378140640865
0.37812504148
0.378133317981
0.378137935255
0.378131986138
0.378135603673
0.378120752424
0.378139337545
0.378152562646
0.378195928049
0.378195092153
0.378189248457
0.378200671021
0.378199895041
0.3781982897
0.378218495276
0.378223902467
0.378246177277
0.378270027617
0.378277615644
0.378279105634
0.378299766205
0.37828629348
0.378275353997
0.378272045259
0.37826248464
0.378276340875
0.378291113867
0.37829722426
0.378301934622
0.378297655673
0.378302808237
0.37830759905
0.378315630553
0.378318294755
0.378327140196
0.378318799075
0.378340871926
0.378327079017
0.378330926994
0.378340702963
0.378325860443
0.378336458536
0.378339782415
0.378335561441
0.378332307635
0.378333587594
0.378328943137
0.378339919365
0.378349040686
0.378347264814
0.378362938673
0.378363347911
0.378352904943
0.378382414445
0.378380940543
0.378393042293
0.378408979308
0.378418764595
0.378414394406
0.378410174454
0.378411508887
0.378420256804
0.378421060657
0.378427941674
0.378455681033
0.378464979331
0.378478736106
0.378500882192
0.378514154917
0.37852158785
0.37852713182
0.378539109328
0.378539545226
0.378545639516
0.378552057962
0.378556383489
0.378546784418
0.3785652494
0.378570746537
0.37858545341
0.378569168795
0.378570930846
0.378595925662
0.378610202343
0.378617232519
0.378620301513
0.378597912945
0.378584395096
0.378604291873
0.378604252556
0.378622823793
0.378637049268
0.37862636262
0.378623868658
0.378633288788
0.378639543737
0.378638522586
0.378648937602
0.378639891695
0.378649598843
0.378650789826
0.378657771154
0.378668029124
0.378670890553
0.378671341513
0.378665085815
0.378677012705
0.378683099759
0.378699739583
0.378703174755
0.378704543538
0.378715360101
0.378704125403
0.378715370242
0.378715295894
0.378726966445
0.37873890308
0.378743359405
0.378759474424
0.378765633554
0.378773549914
0.378781415567
0.378795906476
0.378788527625
0.378803055756
0.378787381722
0.378797825989
0.378796645917
0.378802506085
0.378792483197
0.378800948876
0.378809121492
0.378824580077
0.378834789584
0.378853780556
0.37885356419
0.378892435483
0.378907188776
0.378887627942
0.378880204827
0.378886417491
0.378906842242
0.378901727849
0.378911059869
0.378915558702
0.378939384951
0.378947605506
0.378967951924
0.378975067168
0.37898476278
0.37897382754
0.378988273179
0.378969727721
0.378970710285
0.378983709774
0.378994197415
0.378996180535
0.37900865011
0.37902017264
0.379030453529
0.379036370111
0.379022718371
0.379031648849
0.379029273452
0.379033808724
0.379041176008
0.379029246585
0.37903750868
0.379051930292
0.379038177024
0.379048284758
0.379049228046
0.37906305795
0.379069624204
0.379085557355
0.379089581672
0.379109733417
0.379120105593
0.379109138319
0.379114494211
0.37910974671
0.379110234781
0.379123605882
0.379140219587
0.379147392429
0.379152395774
0.379157225291
0.37915625722
0.379151531452
0.379162973451
0.379164746598
0.379182112716
0.379188194241
0.379184795365
0.379203792209
0.37920092204
0.379204651379
0.379211714469
0.379232082526
0.379248122663
0.37924929759
0.379272753344
0.379271736263
0.379289575541
0.379286531418
0.37928906814
0.37928367086
0.379281101384
0.379280831714
0.379291014381
0.379288599772
0.379305463121
0.379307131193
0.379304449786
0.379315951417
0.379323190832
0.379324455125
0.379333921038
0.379338294855
0.379344726392
0.379330728593
0.379356978071
0.379368533722
0.379375643726
0.379398036875
0.379408968301
0.37941551846
0.379420161743
0.379434655554
0.379424568909
0.379401589209
0.379415915533
0.379415963064
0.379425588508
0.379420301097
0.379435090142
0.379443850882
0.379445902223
0.379457069948
0.379479564199
0.37948588132
0.379501383887
0.379506578144
0.379512567219
0.379521562743
0.379509739608
0.379520879024
0.379526127122
0.379519113146
0.379507970172
0.37949490601
0.37950688814
0.379516283608
0.379514651131
0.379526092361
0.379529699215
0.379524486293
0.379529874487
0.3795349815
0.37955153331
0.379561365694
0.379560705514
0.379571907944
0.379581490404
0.379575330791
0.379562068668
0.379568429992
0.379558637402
0.379563541056
0.379579478505
0.37957850703
0.379578116796
0.37958344914
0.379586641989
0.37959055242
0.37959022813
0.379609623818
0.379589685326
0.379599936731
0.37959701001
0.379611124763
0.379626200026
0.379627745344
0.379627024385
0.379625988587
0.379627754877
0.379619048429
0.379617024066
0.379623258653
0.379628878188
0.379652553211
0.379671451633
0.37968253223
0.379701047053
0.379702737114
0.3797073375
0.37969300619
0.379703400189
0.379687911393
0.379694747693
0.379689480713
0.379689753515
0.379694687127
0.379699683454
0.37971531308
0.379739012722
0.379752099748
0.37976884207
0.379780860278
0.379769904452
0.379757495417
0.379765029941
0.379782282159
0.379784009532
0.379795358473
0.379797383117
0.37980547662
0.379792826488
0.37981277938
0.379803032833
0.379805180496
0.37980725423
0.379816146454
0.379809692079
0.379795347574
0.379782038712
0.379774773367
0.379767130077
0.379788642196
0.37980664387
0.379798689098
0.379807463254
0.379821501472
