
row1col1
West 1.70842573125e-05
East 1.708629625e-05
North 1.70842573125e-05
South 0.902514682854

row1col2
West 1.71250360625e-05
East 0.950015396071
North 1.70842573125e-05
South 1.708629625e-05

row1col3
West 1.71250360625e-05
East 1.7127075e-05
North 1.717e-05
South 1.0000163115

row1col4
West 1.708629625e-05
East 1.71250360625e-05
North 1.70842573125e-05
South 0.950015453608

row1col5
West 1.70842573125e-05
East 1.70842573125e-05
North 1.70842573125e-05
South 0.902514688385

row1col7
West 1.61284600992e-05
East 1.61181540657e-05
North 1.61284600992e-05
South 0.487682907077

row1col8
West 1.61638343025e-05
East 0.513350429401
North 1.61688823049e-05
South 1.61721758594e-05

row1col9
West 1.61769484423e-05
East 1.61763408638e-05
North 1.61688823049e-05
South 0.540368901746

row1col10
West 1.61418676068e-05
East 1.61119328436e-05
North 1.61284600992e-05
South 0.513350430022

row1col11
West 1.60503509767e-05
East 1.60479186016e-05
North 1.60479186016e-05
South 0.48768288052

row1col13
West 1.49242645651e-05
East 1.49479671491e-05
North 1.49242645651e-05
South 0.44013383789

row1col14
West 1.48796110324e-05
East 1.4870953341e-05
North 1.48869539037e-05
South 0.418127155389

row1col15
West 0.39722079762
East 1.47480939458e-05
North 1.47755806472e-05
South 1.47466360991e-05

row1col16
West 0.377359591487
East 1.46019453997e-05
North 1.45918070571e-05
South 1.46193884547e-05

row1col18
West 1.3604118321e-05
East 1.3579492215e-05
North 1.35717275631e-05
South 0.340567160276

row1col19
West 1.3472297029e-05
East 1.34627928238e-05
North 1.34685864425e-05
South 0.323538813943

row1col20
West 1.3288433281e-05
East 1.32840966837e-05
North 1.32678161248e-05
South 0.30736185951

row1col21
West 1.31363624567e-05
East 1.3140629044e-05
North 1.3135634678e-05
South 0.291993787118

row1col22
West 0.277393815471
East 1.30373635058e-05
North 1.30373635058e-05
South 1.30381829899e-05

row2col1
West 1.717e-05
East 0.950015495925
North 1.7127075e-05
South 1.717e-05

row2col2
West 1.717e-05
East 1.0000163115
North 1.7127075e-05
South 1.7127075e-05

row2col3
West 1.717e-05
East 1.717e-05
North 1.717e-05
South 1.717e-05

row2col4
West 1.0000163115
East 1.7127075e-05
North 1.7127075e-05
South 1.717e-05

row2col5
West 0.950015495925
East 1.7127075e-05
North 1.7127075e-05
South 1.7127075e-05

row2col7
West 1.62094058195e-05
East 0.513350456659
North 1.61698916692e-05
South 1.61777727038e-05

row2col8
West 1.62497515757e-05
East 1.62507507313e-05
North 1.62180335665e-05
South 0.540368901746

row2col9
West 1.62243866172e-05
East 1.6247264887e-05
North 1.62423464021e-05
South 0.568809370259

row2col10
West 0.540368901746
East 1.6152037595e-05
North 1.61755059059e-05
South 1.61726858603e-05

row2col11
West 1.60632658523e-05
East 1.60479186016e-05
North 1.60482013916e-05
South 0.513350456659

row2col13
West 1.503675855e-05
East 1.50349649747e-05
North 1.50323273562e-05
South 0.463298787135

row2col14
West 0.440133847778
East 1.49337446934e-05
North 1.4943539357e-05
South 1.49416142572e-05

row2col15
West 1.477558492e-05
East 1.4738234924e-05
North 1.47589198176e-05
South 0.418127130783

row2col16
West 1.45535405507e-05
East 1.45061480005e-05
North 1.4539019812e-05
South 0.39722079762

row2col17
West 0.377359757739
East 1.41258145284e-05
North 1.41342784597e-05
South 1.41279936673e-05

row2col18
West 0.358491769852
East 1.37268595884e-05
North 1.37526250258e-05
South 1.37539098209e-05

row2col19
West 0.340567181359
East 1.35215157985e-05
North 1.35391007267e-05
South 1.35225271129e-05

row2col20
West 0.323538822291
East 1.33321860436e-05
North 1.334852905e-05
South 1.33614866778e-05

row2col21
West 0.307361881177
East 1.31763087438e-05
North 1.32052962349e-05
South 1.31934089133e-05

row2col22
West 0.291993787118
East 1.31027955913e-05
North 1.30802108543e-05
South 1.30836988226e-05

row3col1
West 1.70475564375e-05
East 1.7127075e-05
North 0.902514690759
South 1.7127075e-05

row3col2
West 1.708629625e-05
East 0.950015320862
North 1.7127075e-05
South 1.7127075e-05

row3col3
West 1.7127075e-05
East 1.7127075e-05
North 1.0000163115
South 1.70475564375e-05

row3col4
West 1.708629625e-05
East 0.85738893785
North 1.7127075e-05
South 1.708629625e-05

row3col5
West 1.708629625e-05
East 1.70842573125e-05
North 0.902514721129
South 1.70842573125e-05

row3col7
West 1.62500308967e-05
East 0.540368750383
North 1.62120752406e-05
South 1.62500308967e-05

row3col8
West 1.62923842773e-05
East 0.568809370259
North 1.62785295545e-05
South 1.62907577912e-05

row3col9
West 1.63189970039e-05
East 1.63085556459e-05
North 1.62975539625e-05
South 0.598746705536

row3col10
West 0.568809370259
East 1.62217006524e-05
North 1.62163620913e-05
South 1.62094058195e-05

row3col11
West 0.540368901746
East 1.61284600992e-05
North 1.6120973775e-05
South 1.61284600992e-05

row3col13
West 1.51880706525e-05
East 1.51716633058e-05
North 1.51649098726e-05
South 0.487682933826

row3col14
West 0.463298787135
East 1.49853864229e-05
North 1.49953345552e-05
South 1.49991666536e-05

row3col15
West 0.440133847778
East 1.48536297405e-05
North 1.4844757786e-05
South 1.48497365189e-05

row3col16
West 0.418127155389
East 1.47149572608e-05
North 1.47102387499e-05
South 1.47035496915e-05

row3col18
West 1.36057419179e-05
East 1.35981660125e-05
North 0.340567134587
South 1.3604118321e-05

row3col19
West 1.34684753527e-05
East 1.3473749347e-05
North 0.323538499582
South 1.34685864425e-05

row3col20
West 1.33029325087e-05
East 1.33069326381e-05
North 0.307361881177
South 1.33010687968e-05

row3col21
West 0.291993757848
East 1.31221296049e-05
North 1.314617128e-05
South 1.3135634678e-05

row3col22
West 1.30678505856e-05
East 1.30700386023e-05
North 0.277393969592
South 1.30700386023e-05

row4col5
West 1.69584691292e-05
East 1.69564454455e-05
North 0.857388985072
South 1.69397659313e-05

row4col9
West 1.64135519331e-05
East 1.64135519331e-05
North 1.63945320198e-05
South 0.630259690038

row4col13
West 1.54178985112e-05
East 1.54178985112e-05
North 1.5400095183e-05
South 0.513350456659

row5col1
West 1.59280365899e-05
East 1.59253281554e-05
North 1.59278598598e-05
South 0.487682858307

row5col2
West 1.60005701407e-05
East 1.60207795024e-05
North 1.6007798805e-05
South 0.513350422175

row5col3
West 1.60495999211e-05
East 1.60479186016e-05
North 1.60479186016e-05
South 0.540368865413

row5col5
West 1.6747545523e-05
East 1.67429304041e-05
North 0.814519535819
South 1.67768352626e-05

row5col6
West 0.773793559028
East 1.66661679737e-05
North 1.66619239338e-05
South 1.66583443877e-05

row5col7
West 0.735103881076
East 1.65940541418e-05
North 1.6620269124e-05
South 1.66290650314e-05

row5col8
West 0.698348687023
East 1.64997858602e-05
North 1.64959284759e-05
South 1.65195908807e-05

row5col9
West 0.663431252671
East 1.63916210855e-05
North 1.63979098301e-05
South 1.63920789377e-05

row5col10
West 0.630259690038
East 1.62019592838e-05
North 1.62094058195e-05
South 1.61909600087e-05

row5col11
West 0.598746705536
East 1.60251417871e-05
North 1.6007798805e-05
South 1.60387125118e-05

row5col12
West 0.568809370259
East 1.58309053656e-05
North 1.58483201096e-05
South 1.58276753925e-05

row5col13
West 0.540368901746
East 1.55991273255e-05
North 1.55829303977e-05
South 1.55789034228e-05

row5col14
West 0.513350456659
East 1.54226891268e-05
North 1.54178985112e-05
South 1.54105859244e-05

row5col15
West 0.487682933826
East 1.51884303199e-05
North 1.52261359925e-05
South 1.52151297048e-05

row5col16
West 0.463298787135
East 1.49594372562e-05
North 1.49616687369e-05
South 1.49421057042e-05

row5col17
West 0.440133847778
East 1.47013360772e-05
North 1.47017950913e-05
South 1.47009365563e-05

row5col18
West 0.418127146537
East 1.45553275394e-05
North 1.45553275394e-05
South 1.45262238178e-05

row5col20
West 1.39140724794e-05
East 1.39025451035e-05
North 1.39140724794e-05
South 0.340567164023

row5col21
West 1.38382474612e-05
East 1.38364602396e-05
North 1.38099776073e-05
South 0.323538822291

row5col22
West 0.307361837443
East 1.37754526632e-05
North 1.37754526632e-05
South 1.37784930674e-05

row6col1
West 1.60498338562e-05
East 0.513350456659
North 1.60429543304e-05
South 1.60342969105e-05

row6col2
West 1.60942278198e-05
East 0.540368901746
North 1.60825936243e-05
South 1.60937846916e-05

row6col3
West 1.61245563834e-05
East 1.61284600992e-05
North 1.61343847405e-05
South 0.568809370259

row6col5
West 1.6620269124e-05
East 1.66137489457e-05
North 0.773793559028
South 1.66146807999e-05

row6col6
West 1.65775005843e-05
East 1.65535996723e-05
North 0.735103881076
South 1.65555093578e-05

row6col7
West 1.65248088491e-05
East 1.65033715924e-05
North 0.698348675663
South 1.6537271655e-05

row6col8
West 1.64461888226e-05
East 1.64411019081e-05
North 0.663431244474
South 1.64546886547e-05

row6col9
West 1.6313340049e-05
East 1.62976644923e-05
North 0.630259622895
South 1.63020765595e-05

row6col10
West 1.61191905778e-05
East 1.60941762082e-05
North 0.598746705536
South 1.6125091255e-05

row6col11
West 1.59785756875e-05
East 1.59580195212e-05
North 0.568809358432
South 1.5967779308e-05

row6col12
West 1.57646243386e-05
East 1.5783650553e-05
North 0.540368890002
South 1.5769177561e-05

row6col13
West 1.55670341056e-05
East 1.5558165668e-05
North 0.513350448872
South 1.55730459543e-05

row6col14
West 1.53501687829e-05
East 1.53405384258e-05
North 0.487682912566
South 1.5342736256e-05

row6col15
West 1.51197058165e-05
East 1.51019900049e-05
North 0.463298759912
South 1.51122252247e-05

row6col16
West 1.48629473583e-05
East 1.48585732835e-05
North 0.440133832076
South 1.48497365189e-05

row6col17
West 1.45844532172e-05
East 1.45842329131e-05
North 0.418127155389
South 1.45660726234e-05

row6col18
West 0.39722079762
East 1.43966165695e-05
North 1.44170296874e-05
South 1.44070297321e-05

row6col19
West 0.377359757739
East 1.42082015923e-05
North 1.41955108646e-05
South 1.41955108646e-05

row6col20
West 0.358491769852
East 1.40284692314e-05
North 1.40077311995e-05
South 1.39956189955e-05

row6col21
West 0.340567181359
East 1.39110139537e-05
North 1.38948987472e-05
South 1.39028970413e-05

row6col22
West 0.323538736107
East 1.38099776073e-05
North 1.38143445258e-05
South 1.37889273411e-05

row7col1
West 1.61284600992e-05
East 1.61100625701e-05
North 1.61104528218e-05
South 0.54036887181

row7col2
West 1.61607997877e-05
East 1.61748647477e-05
North 1.61509241945e-05
South 0.568809280203

row7col3
West 1.62157535455e-05
East 1.62094058195e-05
North 1.61982766144e-05
South 0.598746705536

row7col5
West 1.64959284759e-05
East 1.64981859739e-05
North 0.735103881076
South 1.65105312878e-05

row7col6
West 1.6455113462e-05
East 1.64546886547e-05
North 0.698348612465
South 1.64430626665e-05

row7col10
West 1.58880402101e-05
East 1.58880402101e-05
North 0.568809370259
South 1.58693541695e-05

row7col17
West 1.43025117542e-05
East 1.43100693492e-05
North 0.39722079762
South 1.43149845958e-05

row7col18
West 1.42567230014e-05
East 1.42667554748e-05
North 0.37735972385
South 1.42378038724e-05

row7col20
West 1.39140724794e-05
East 1.39282789608e-05
North 0.340567166038
South 1.39140724794e-05

row7col21
West 1.38260833802e-05
East 1.3804346229e-05
North 0.323538822291
South 1.38099776073e-05

row7col22
West 0.307361865608
East 1.37410140316e-05
North 1.37457795965e-05
South 1.37410140316e-05

row8col1
West 1.61688823049e-05
East 0.568809370259
North 1.61671586035e-05
South 1.61688823049e-05

row8col2
West 1.62259518527e-05
East 0.598746705536
North 1.62451079854e-05
South 1.62500308967e-05

row8col3
West 1.63014057666e-05
East 0.630259690038
North 1.62787508925e-05
South 1.6292609445e-05

row8col4
West 1.6355570562e-05
East 0.663431252671
North 1.63743747909e-05
South 1.63743747909e-05

row8col5
West 1.64229209173e-05
East 1.64209147982e-05
North 0.698348687023
South 1.64164497273e-05

row8col6
West 0.663431226122
East 1.63782918859e-05
North 1.64025611553e-05
South 1.63736515938e-05

row8col8
West 1.5495278056e-05
East 0.487682893903
North 1.5495278056e-05
South 1.54713327612e-05

row8col9
West 1.55301608444e-05
East 0.513350456659
North 1.55359672734e-05
South 1.55292582155e-05

row8col10
West 1.56266760495e-05
East 1.5610110776e-05
North 0.540368901746
South 1.56208860564e-05

row8col11
West 0.513350456659
East 1.54870847758e-05
North 1.54565398609e-05
South 1.54687931792e-05

row8col12
West 0.487682933826
East 1.53176979797e-05
North 1.53025531171e-05
South 1.52971807913e-05

row8col13
West 0.463298787135
East 1.5153942828e-05
North 1.51501004759e-05
South 1.51501229394e-05

row8col14
West 0.440133847778
East 1.49878142864e-05
North 1.50009567439e-05
South 1.4984280808e-05

row8col15
West 0.418127100372
East 1.48126121776e-05
North 1.48143800034e-05
South 1.48034852467e-05

row8col17
West 1.40909919798e-05
East 1.40732851158e-05
North 0.377359757739
South 1.408901427e-05

row8col18
West 0.358491695077
East 1.4018951983e-05
North 1.40402246131e-05
South 1.40154747612e-05

row9col5
West 1.63316795728e-05
East 1.63344074477e-05
North 0.663431252671
South 1.63026209123e-05

row9col6
West 0.630259615649
East 1.62557615339e-05
North 1.62815928313e-05
South 1.62440140681e-05

row9col8
West 1.54565398609e-05
East 0.463298694918
North 1.54594522995e-05
South 1.54583845369e-05

row9col9
West 1.54816664305e-05
East 1.5487042989e-05
North 0.487682933826
South 1.5495278056e-05

row9col10
West 1.5530642967e-05
East 1.55311107927e-05
North 0.513350456659
South 1.55341133394e-05

row9col11
West 0.487682895037
East 1.54234710424e-05
North 1.54236472909e-05
South 1.54178985112e-05

row9col12
West 1.52865960595e-05
East 1.52810528278e-05
North 0.463298728781
South 1.53025531171e-05

row9col13
West 1.51287664512e-05
East 1.51136560253e-05
North 0.440133806592
South 1.51157465065e-05

row9col14
West 1.49650943751e-05
East 1.49784080362e-05
North 0.418127155389
South 1.49616687369e-05

row9col15
West 0.397220570894
East 1.47773440534e-05
North 1.48071188879e-05
South 1.47755806472e-05

row9col17
West 1.38462413761e-05
East 1.38477408342e-05
North 0.358491769852
South 1.38607732621e-05

row9col18
West 0.340567175103
East 1.37754526632e-05
North 1.37836353616e-05
South 1.37966496536e-05

row9col20
West 1.10243848769e-05
East 0.166086032251
North 1.10243848769e-05
South 1.10257402206e-05

row9col21
West 1.10682541278e-05
East 1.10573597161e-05
North 1.10520149142e-05
South 0.174827466375

row9col22
West 0.166086052186
East 1.10243848769e-05
North 1.10243848769e-05
South 1.10391328037e-05

row10col1
West 1.5342736256e-05
East 1.53183121971e-05
North 1.53409053806e-05
South 0.463298744865

row10col2
West 1.53397326937e-05
East 1.53650720549e-05
North 1.53584077116e-05
South 0.48768292097

row10col3
West 1.53794839663e-05
East 1.53811892291e-05
North 1.53847773544e-05
South 0.513350445201

row10col5
West 1.61303849661e-05
East 1.61618658985e-05
North 0.630259690038
South 1.61392676327e-05

row10col6
West 0.598746691702
East 1.60900590037e-05
North 1.61145742581e-05
South 1.60896958692e-05

row10col17
West 1.3604118321e-05
East 1.35947895981e-05
North 0.340567181359
South 1.35946969644e-05

row10col18
West 0.323538791061
East 1.35361827552e-05
North 1.35467539355e-05
South 1.35280495823e-05

row10col20
West 1.10520149142e-05
East 1.10539022862e-05
North 1.10620106745e-05
South 0.174827459822

row10col21
West 1.11101973213e-05
East 1.11174746838e-05
North 1.11194391533e-05
South 0.184028911974

row10col22
West 0.174827453212
East 1.1107482907e-05
North 1.11129721165e-05
South 1.10991266639e-05

row11col1
West 1.5379353765e-05
East 0.487682933826
North 1.53752734008e-05
South 1.53610408351e-05

row11col2
West 1.54190585324e-05
East 0.513350456659
North 1.54255592971e-05
South 1.54158470469e-05

row11col3
West 1.54878708199e-05
East 0.540368901746
North 1.55145901713e-05
South 1.5516013625e-05

row11col4
West 1.57346929302e-05
East 0.568809370259
North 1.57368297718e-05
South 1.57353017768e-05

row11col5
West 1.59368407683e-05
East 1.59570244657e-05
North 0.598746705536
South 1.59397696131e-05

row11col6
West 0.568809222421
East 1.59696849984e-05
North 1.59609255004e-05
South 1.59448582337e-05

row11col8
West 1.41617120292e-05
East 0.340567162108
North 1.41600220875e-05
South 1.41687739111e-05

row11col9
West 1.41573877142e-05
East 1.41548986666e-05
North 1.41600220875e-05
South 0.358491769852

row11col10
West 1.41488074427e-05
East 1.41246220323e-05
North 1.41246220323e-05
South 0.340567091165

row11col12
West 1.20941932942e-05
East 0.225939207862
North 1.20941932942e-05
South 1.21146927087e-05

row11col13
West 1.22143100844e-05
East 1.22069907938e-05
North 1.22158949102e-05
South 0.237830764569

row11col14
West 1.2303294142e-05
East 1.23052890046e-05
North 1.2307974134e-05
South 0.250348080168

row11col15
West 1.23969094707e-05
East 1.24007474194e-05
North 1.24007474194e-05
South 0.263524329056

row11col17
West 1.33344048088e-05
East 1.33230880097e-05
North 0.323538822291
South 1.33182346654e-05

row11col18
West 0.307361830954
East 1.32678161248e-05
North 1.32896969549e-05
South 1.32632481043e-05

row11col20
West 1.11632292832e-05
East 0.184028911974
North 1.11634982935e-05
South 1.11720424293e-05

row11col21
West 1.12025378554e-05
East 1.1205523214e-05
North 1.11995563016e-05
South 0.193714644183

row11col22
West 1.11725272392e-05
East 1.11632292832e-05
North 1.11548730021e-05
South 0.184028880599

row12col1
West 1.53409053806e-05
East 1.53590923444e-05
North 0.463298740573
South 1.53409053806e-05

row12col2
West 1.53537074113e-05
East 1.53815781644e-05
North 0.487682907996
South 1.5379353765e-05

row12col3
West 1.54273308432e-05
East 1.54619906703e-05
North 0.513350447547
South 1.54583845369e-05

row12col5
West 1.58123828758e-05
East 1.58385591888e-05
North 0.568809370259
South 1.58145873627e-05

row12col6
West 0.540368865312
East 1.5769177561e-05
North 1.58001623085e-05
South 1.58022978165e-05

row12col8
West 1.41955108646e-05
East 0.358491755683
North 1.42135223401e-05
South 1.42067562758e-05

row12col9
West 1.42559755316e-05
East 1.42747172973e-05
North 1.42735616113e-05
South 0.377359757739

row12col10
West 0.358491769852
East 1.41955108646e-05
North 1.41981371272e-05
South 1.41955108646e-05

row12col12
West 1.2154891785e-05
East 0.237830740243
North 1.21663141197e-05
South 1.2154891785e-05

row12col13
West 1.22495173646e-05
East 0.25034817323
North 1.22563606057e-05
South 1.22479727601e-05

row12col14
West 1.23725932041e-05
East 0.263524392874
North 1.23806072135e-05
South 1.23697455509e-05

row12col15
West 1.25598638822e-05
East 0.277394097762
North 1.25644502969e-05
South 1.2556926148e-05

row12col16
West 1.28278984256e-05
East 0.291993787118
North 1.28430212395e-05
South 1.28430212395e-05

row12col17
West 1.30785962566e-05
East 1.30878479771e-05
North 0.307361881177
South 1.30631455632e-05

row12col18
West 0.291993750244
East 1.30700386023e-05
North 1.30810237588e-05
South 1.30687644731e-05

row12col20
West 1.12755627817e-05
East 0.193714633056
North 1.12660912894e-05
South 1.12755627817e-05

row12col21
West 1.13742893824e-05
East 1.13674406439e-05
North 1.13574402908e-05
South 0.203910151772

row12col22
West 0.193714644183
East 1.12473738748e-05
North 1.12663674355e-05
South 1.12473738748e-05

row13col5
West 1.5651204155e-05
East 1.56500149781e-05
North 0.540368901746
South 1.56402244869e-05

row13col6
West 0.513350443012
East 1.557853785e-05
North 1.55864089547e-05
South 1.55515568642e-05

row13col9
West 1.44464352679e-05
East 1.44464352679e-05
North 1.44330291718e-05
South 0.39722079762

row13col17
West 1.29413718428e-05
East 1.29152096355e-05
North 0.291993766425
South 1.29294797562e-05

row13col18
West 1.28645265807e-05
East 1.28752092626e-05
North 1.2874343456e-05
South 0.2503481229

row13col21
West 1.16485125192e-05
East 1.16485125192e-05
North 1.16489759068e-05
South 0.214642265023

row14col1
West 1.49242645651e-05
East 0.418127106105
North 1.49242645651e-05
South 1.49099919177e-05

row14col2
West 1.50068067347e-05
East 0.440133847778
North 1.50420613218e-05
South 1.50183379012e-05

row14col3
West 1.51507741656e-05
East 0.463298787135
North 1.51501004759e-05
South 1.51745186676e-05

row14col4
West 1.53114752786e-05
East 0.487682933826
North 1.53079496225e-05
South 1.52969999755e-05

row14col5
West 1.54242050046e-05
East 1.5442006326e-05
North 0.513350456659
South 1.54360520438e-05

row14col6
West 0.487682933826
East 1.533567151e-05
North 1.53210437846e-05
South 1.53187937697e-05

row14col7
West 0.463298787135
East 1.50667775283e-05
North 1.50744446616e-05
South 1.50688808938e-05

row14col8
West 0.440133847778
East 1.4832447184e-05
North 1.48515087754e-05
South 1.48385840931e-05

row14col9
West 0.418127155389
East 1.46331339535e-05
North 1.46263598228e-05
South 1.46208945352e-05

row14col10
West 0.39722079762
East 1.44326505327e-05
North 1.44464352679e-05
South 1.44326131525e-05

row14col11
West 0.377359757739
East 1.42213722301e-05
North 1.42310885861e-05
South 1.42272562511e-05

row14col12
West 0.358491769852
East 1.39781309629e-05
North 1.3983904603e-05
South 1.39962920509e-05

row14col13
West 0.340567181359
East 1.37263694873e-05
North 1.37410140316e-05
South 1.37357511245e-05

row14col14
West 0.323538822291
East 1.34665847698e-05
North 1.34685864425e-05
South 1.34520787762e-05

row14col15
West 0.307361881177
East 1.32057795179e-05
North 1.3201559968e-05
South 1.32056869259e-05

row14col16
West 0.291993787118
East 1.30650909213e-05
North 1.30700386023e-05
South 1.30760791175e-05

row14col17
West 0.277394097762
East 1.28992961385e-05
North 1.29291606848e-05
South 1.29168206549e-05

row14col18
West 0.263524392874
East 1.2717637387e-05
North 1.27389230673e-05
South 1.27493856539e-05

row14col19
West 0.25034817323
East 1.24634227918e-05
North 1.2494219998e-05
South 1.24732506081e-05

row14col20
West 0.237830764569
East 1.22177175025e-05
North 1.22479727601e-05
South 1.22429052135e-05

row14col21
West 0.22593922634
East 1.19612779716e-05
North 1.19478545401e-05
South 1.19575692045e-05

row14col22
West 0.214642258333
East 1.1913910453e-05
North 1.1913910453e-05
South 1.19066682366e-05

row15col1
West 1.48497365189e-05
East 0.397220783247
North 1.48799476308e-05
South 1.48497365189e-05

row15col2
West 1.48980868006e-05
East 1.49149028668e-05
North 0.418127155389
South 1.49024238894e-05

row15col3
West 1.50625238218e-05
East 1.50922047483e-05
North 0.440133833208
South 1.50744446616e-05

row15col4
West 1.52360514309e-05
East 1.52332192567e-05
North 0.463298744315
South 1.52261359925e-05

row15col5
West 1.52830954346e-05
East 1.52822019682e-05
North 0.487682876215
South 1.53025531171e-05

row15col6
West 1.51610106765e-05
East 1.51314435643e-05
North 0.463298751392
South 1.51501004759e-05

row15col7
West 1.49735796841e-05
East 1.49825304326e-05
North 0.440133847778
South 1.49637164618e-05

row15col8
West 0.418127125187
East 1.47767265473e-05
North 1.48022498829e-05
South 1.4816063647e-05

row15col9
West 1.45972835043e-05
East 1.45923990385e-05
North 0.397220783101
South 1.45935485307e-05

row15col10
West 1.43896134943e-05
East 1.43672215392e-05
North 0.377359745441
South 1.43742933817e-05

row15col11
West 1.41678730626e-05
East 1.41414620952e-05
North 0.358491701871
South 1.41344357761e-05

row15col12
West 1.39169744548e-05
East 1.39181318339e-05
North 0.340567175007
South 1.39140724794e-05

row15col13
West 1.36750736694e-05
East 1.36474770051e-05
North 0.323538759557
South 1.36723948428e-05

row15col14
West 1.33619597037e-05
East 1.33602032998e-05
North 0.307361881177
South 1.33344048088e-05

row15col15
West 0.291993787118
East 1.30064609487e-05
North 1.30188337643e-05
South 1.30176666586e-05

row15col16
West 0.277394097762
East 1.29917739634e-05
North 1.30134642421e-05
South 1.3004770097e-05

row15col17
West 0.263524392874
East 1.28712581956e-05
North 1.28850645941e-05
South 1.28752092626e-05

row15col18
West 0.25034817323
East 1.26731140162e-05
North 1.26742509098e-05
South 1.26832841586e-05

row15col19
West 0.237830764569
East 1.24387656215e-05
North 1.24574283905e-05
South 1.2462984448e-05

row15col20
West 0.22593914418
East 1.2205456611e-05
North 1.22360013921e-05
South 1.22173528282e-05

row15col21
West 1.2004382406e-05
East 1.20039397319e-05
North 0.214642265023
South 1.20037134216e-05

row15col22
West 0.203909998652
East 1.1913910453e-05
North 1.19174684023e-05
South 1.1913910453e-05

row16col2
West 1.46283780021e-05
East 1.46283780021e-05
North 0.39722079762
South 1.46238973371e-05

row16col7
West 1.47755806472e-05
East 1.47773440534e-05
North 0.418127155389
South 1.4796689814e-05

row16col15
West 1.25898995154e-05
East 1.25883971408e-05
North 0.277394097762
South 1.25902530033e-05

row17col1
West 1.41600220875e-05
East 0.358491769852
North 1.41600220875e-05
South 1.41700564034e-05

row17col2
West 1.42810318945e-05
East 1.42904300261e-05
North 0.377359757739
South 1.42926353461e-05

row17col3
West 0.358491769852
East 1.41639300331e-05
North 1.41650156748e-05
South 1.41578013806e-05

row17col4
West 0.340567158063
East 1.40912211379e-05
North 1.40893905487e-05
South 1.40975672499e-05

row17col6
West 1.45190217338e-05
East 0.377359721957
North 1.45190217338e-05
South 1.45141255283e-05

row17col7
West 1.45795228439e-05
East 1.45995584564e-05
North 0.39722079762
South 1.45751854871e-05

row17col8
West 0.377359757739
East 1.44312840464e-05
North 1.44103191797e-05
South 1.4425436765e-05

row17col9
West 0.358491740265
East 1.43330972485e-05
North 1.43400688737e-05
South 1.43285085218e-05

row17col10
West 1.42604757876e-05
East 1.42344391574e-05
North 1.42310885861e-05
South 0.307361881177

row17col11
West 0.291993630931
East 1.41246220323e-05
North 1.41246220323e-05
South 1.41584182365e-05

row17col13
West 1.19153323304e-05
East 0.237830730651
North 1.1913910453e-05
South 1.19078095313e-05

row17col14
West 1.20096813145e-05
East 0.25034817323
North 1.20037134216e-05
South 1.20187756217e-05

row17col15
West 1.21538931537e-05
East 1.21732609507e-05
North 0.263524392874
South 1.2167189855e-05

row17col16
West 0.250348165845
East 1.19437698777e-05
North 1.19437698777e-05
South 1.19475440309e-05

row17col18
West 1.08872673696e-05
East 1.08761572935e-05
North 1.08872673696e-05
South 0.203910102399

row17col19
West 1.0791698358e-05
East 1.08050590544e-05
North 1.08058168305e-05
South 0.193714605752

row17col20
West 1.06968592844e-05
East 1.06795673484e-05
North 1.06714177974e-05
South 0.184028910608

row17col21
West 1.05740326147e-05
East 1.05783395828e-05
North 1.0565103131e-05
South 0.174827466375

row17col22
West 0.166086019021
East 1.04860627882e-05
North 1.04860627882e-05
South 1.0488745929e-05

row18col1
West 1.40893104772e-05
East 1.40796743753e-05
North 0.340567181359
South 1.40933492133e-05

row18col2
West 1.41206544507e-05
East 1.41458155307e-05
North 0.358491769852
South 1.41390922184e-05

row18col3
West 1.40834560788e-05
East 1.40602681314e-05
North 0.340567181359
South 1.40749098754e-05

row18col4
West 0.323538822291
East 1.40222185225e-05
North 1.40220755025e-05
South 1.40159937307e-05

row18col6
West 1.44103191797e-05
East 0.358491769852
North 1.44369892503e-05
South 1.4405712006e-05

row18col7
West 1.44503379102e-05
East 1.44717473098e-05
North 0.377359757739
South 1.44598407113e-05

row18col8
West 0.358491769852
East 1.43740314229e-05
North 1.43924981485e-05
South 1.43962334726e-05

row18col9
West 0.340567181359
East 1.42800895365e-05
North 1.42738938047e-05
South 1.42650426327e-05

row18col10
West 0.323538822291
East 1.42473153609e-05
North 1.42391195426e-05
South 1.42346413875e-05

row18col11
West 0.307361846684
East 1.41600220875e-05
North 1.41507027323e-05
South 1.41673383525e-05

row18col13
West 1.18544153627e-05
East 0.22593922634
North 1.18748095529e-05
South 1.18598929653e-05

row18col14
West 1.19285635166e-05
East 0.237830764569
North 1.1936620943e-05
South 1.19129490675e-05

row18col15
West 1.19279409648e-05
East 1.19327144054e-05
North 0.25034817323
South 1.19319145434e-05

row18col16
West 0.237830764569
East 1.17233526819e-05
North 1.17332134256e-05
South 1.17333715413e-05

row18col17
West 0.22593922634
East 1.13682701524e-05
North 1.13605541046e-05
South 1.13605541046e-05

row18col18
West 0.214642265023
East 1.10239017527e-05
North 1.10348810081e-05
South 1.10390086557e-05

row18col19
West 0.203910151772
East 1.08252478468e-05
North 1.08308432154e-05
South 1.08229561796e-05

row18col20
West 0.193714644183
East 1.07082232473e-05
North 1.07101209358e-05
South 1.07169306067e-05

row18col21
West 0.184028911974
East 1.05988319981e-05
North 1.06138072476e-05
South 1.06094334148e-05

row18col22
West 0.174827449139
East 1.05123436473e-05
North 1.05046525013e-05
South 1.05141841585e-05

row19col1
West 1.4018951983e-05
East 1.39992342249e-05
North 0.323538761986
South 1.4018951983e-05

row19col2
West 1.40519290984e-05
East 1.40459036664e-05
North 0.340567181359
South 1.40573619273e-05

row19col3
West 0.323538686144
East 1.39956099573e-05
North 1.40178574489e-05
South 1.39888360818e-05

row19col4
West 1.39476440646e-05
East 1.39489448415e-05
North 0.307361819379
South 1.39489448415e-05

row19col6
West 1.43499699383e-05
East 1.43754951718e-05
North 0.340567142069
South 1.43746482011e-05

row19col7
West 1.43972666919e-05
East 1.44161118964e-05
North 0.358491769852
South 1.44120389934e-05

row19col8
West 0.340567097772
East 1.43416349767e-05
North 1.43346051781e-05
South 1.43400688737e-05

row19col9
West 1.42380702805e-05
East 1.4222097559e-05
North 0.323538728067
South 1.42311694634e-05

row19col10
West 1.41741592015e-05
East 1.41710534199e-05
North 0.307361881177
South 1.41600220875e-05

row19col11
West 0.291993751431
East 1.40893104772e-05
North 1.40891359814e-05
South 1.40909919798e-05

row19col13
West 1.18247793243e-05
East 1.18189780003e-05
North 0.214642199616
South 1.18247793243e-05

row19col14
West 1.18619892286e-05
East 1.18474859257e-05
North 0.225939191843
South 1.18544153627e-05

row19col15
West 1.18333149142e-05
East 1.18301666972e-05
North 0.237830739785
South 1.18544153627e-05

row19col16
West 1.17633415398e-05
East 1.17657293325e-05
North 0.225939218832
South 1.17657293325e-05

row19col18
West 1.0914553754e-05
East 1.08966284566e-05
North 0.203910151772
South 1.0914553754e-05

row19col19
West 0.193714624574
East 1.07753615079e-05
North 1.07637408025e-05
South 1.07788022884e-05

row19col20
West 1.06795759218e-05
East 1.06626851189e-05
North 0.184028904604
South 1.06714177974e-05

row19col21
West 1.05629795048e-05
East 1.05593925929e-05
North 0.174827466375
South 1.0565103131e-05

row19col22
West 0.166086037405
East 1.05123436473e-05
North 1.0505356957e-05
South 1.05123436473e-05
