0.0128512156565
0.0394390159421
0.0262926772947
0.0197195079711
0.0202943171967
0.0340879917625
0.0295392370572
0.0264380715898
0.0235005080798
0.0217160735453
0.0205169540443
0.0255947599572
0.0268422425391
0.0249249395006
0.0232632768672
0.0250177100835
0.0331274081221
0.0312869965598
0.0348706615253
0.037877128449
0.0403295009238
0.0388644995673
0.0415225648035
0.0399134047344
0.0397008710779
0.0441339073465
0.0424993181856
0.0442640489677
0.0451798599026
0.0436738645726
0.0422650302315
0.0409442480368
0.0423494584321
0.0411038861252
0.0423611296986
0.0411844316514
0.0400713389041
0.0390168299856
0.0402147958834
0.0392094259863
0.0392729042189
0.040277135666
0.0393404580924
0.0400334869905
0.0391438539463
0.038347018601
0.0375311245882
0.0388325594926
0.0420778224979
0.041236266048
0.0404277118117
0.0396502558153
0.0420566307056
0.0412778042111
0.0414139804602
0.0411697836182
0.0405527544802
0.0401549908076
0.0404384656961
0.0397644912678
0.0391126143618
0.038481765743
0.0393788805725
0.0395255777184
0.0389174919074
0.0384092474027
0.0378619222245
0.0373051292506
0.0367909963394
0.0372131541507
0.036689025219
0.0366288075701
0.0363221057422
0.0375353015057
0.0373686229386
0.0368769305315
0.0376535856916
0.0388116853655
0.0385656026197
0.0380835325869
0.0386189287896
0.0405374147575
0.0413405950182
0.0411960510589
0.0407113916347
0.0402380033598
0.0397754975741
0.0404240381678
0.0400078866554
0.0395633545814
0.0391546844657
0.0387290900694
0.0383126482406
0.0379050668764
0.0375060661724
0.0371344400496
0.0373688653473
0.038007958558
0.0381698580551
0.0387867714596
0.0391688637595
0.0387967575636
0.0392591972124
0.0398502292142
0.0394848985792
0.0400458892473
0.0396716286001
0.0394232914432
0.0393904960377
0.0401901583873
0.0398473134774
0.0396644905753
0.0393134773844
0.0389686223196
0.0386719338866
0.0389126045789
0.039878137952
0.0395401876304
0.0400062364738
0.0418026114166
0.0414571352892
0.0411173227049
0.0415582133755
0.0419508890741
0.0423752819615
0.0426530820551
0.042322138209
0.043442570723
0.0434649470973
0.0435858347248
0.0433000262354
0.0429719957336
0.0428863401515
0.042807735781
0.0424906414419
0.0424702796066
0.0421602775657
0.0422463335889
0.0424190215442
0.0421160285332
0.0419605491085
0.0417043222711
0.0414126836538
0.0411250955728
0.0412877273895
0.0411751431606
0.0408950401459
0.0419362898746
0.0427472440681
0.0431857797438
0.0429146600689
0.042632326779
0.0423536841203
0.0421502076716
0.042398240652
0.042408589538
0.0426572649231
0.0423977350023
0.042193623623
0.0428809715944
0.0426146301559
0.0425413033449
0.0433141124597
0.0435880283632
0.0441951766635
0.0442227207674
0.0439579140562
0.0436962598059
0.0440041333317
0.0442761678415
0.0443929093907
0.0446395066006
0.0443814747706
0.0443793551849
0.0445193906792
0.0442664395958
0.0444535110882
0.0446854436101
0.0445601869483
0.0445384816455
0.0450658308257
0.0449142738512
0.0451139260433
0.0455612206209
0.0457986730171
0.0458526745293
0.0462512735028
0.0463767120991
0.046181315868
0.0465103188841
0.0467641915601
0.0470457081053
0.0468065719229
0.0467009366497
0.0469242651797
0.0472294717242
0.0478451048072
0.0482433476613
0.048779178547
0.0489425357793
0.0491255953028
0.048910400092
0.0492545985572
0.0491239071628
0.0493762188531
0.0493234241163
0.0495876848095
0.0500803436986
0.0499249806952
0.0502985133501
0.0505653311533
0.051576031146
0.0513437796227
0.0511855491641
0.0517977959289
0.0515579913181
0.0513439207907
0.0511452787123
0.0512901249826
0.0511217133879
0.0517431862951
0.0521362920634
0.0519024970318
0.0520066537229
0.0520065587541
0.0526767805561
0.05271356577
0.0529170306421
0.0535374802899
0.0540708707259
0.0545772192233
0.0550125382336
0.0548639465784
0.0547261371193
0.0555109043509
0.0554932064864
0.0554067012769
0.0558387032253
0.0556671149502
0.0558418730303
0.0563307682606
0.0564345693216
0.0564487220977
0.0562327536216
0.0564113954435
0.0566227022837
0.0569064716625
0.0566770100832
0.0565302107703
0.0563764853309
0.0563101305362
0.0565405314009
0.0565225242562
0.0566594340269
0.056437240168
0.0565806802302
0.0569153774011
0.0572796095926
0.0573503045556
0.0572260126495
0.0576004716588
0.0583914382922
0.0591135547451
0.0588977245127
0.058689629001
0.058468991298
0.0583579351257
0.0582672568701
0.0583567007699
0.0582230259564
0.0586575086796
0.0592289669218
0.0594780410331
0.0597625789585
0.0599192893281
0.0600611038631
0.0602603736006
0.0607735419192
0.0610207699656
0.0608028386442
0.0610183161204
0.0610297771442
0.0610485484021
0.0618667178308
0.06204565359
0.062252374864
0.0620980075871
0.0623548534448
0.0623377866935
0.0621800989407
0.0629711111017
0.0628753570549
0.0631962127852
0.0634531599827
0.0635678675
0.0636763888906
0.064094411482
0.0642021612942
0.0639942198006
0.064414239068
0.0642281505319
0.064716979682
0.0647338666455
0.0649138503158
0.0648944661911
0.0649928502885
0.0648838573497
0.0648442324749
0.0648212478426
0.0646841854754
0.0646952930666
0.0651202538066
0.0651570612239
0.06531950005
0.0657200671812
0.0657339101871
0.0661363951037
0.0661727153008
0.0660995721404
0.0665202813693
0.0667400677461
0.0665697952146
0.0670087199735
0.0672932906787
0.0675832853862
0.067712264077
0.0682076621181
0.0683063260031
0.068375410209
0.0683692484906
0.0688769258035
0.0687123554671
0.0687434607592
0.069041348446
0.0688352548686
0.0691539517904
0.0693192403153
0.0694444667142
0.0694564570456
0.0693690010891
0.069561927365
0.069737065658
0.0695337505978
0.0698904078443
0.0700027289574
0.0698939157364
0.0700931191432
0.0704653114711
0.0706454144699
0.0711303077578
0.0709975960033
0.0713181774871
0.0713848697753
0.0717991765676
0.0723354075926
0.0724797104274
0.072572617421
0.0725922549819
0.0731707738563
0.0734311646498
0.0732277542214
0.0732156097931
0.0736646213709
0.073764497244
0.074164724015
0.074023434367
0.0746825424612
0.0745066225787
0.0748563915962
0.0749068341275
0.0749041677999
0.0754672747028
0.0758172774811
0.0758323399076
0.0759380858414
0.0759077861966
0.0764700596586
0.0772481898074
0.0783359611248
0.0787024284748
0.0790415836697
0.0793324621373
0.0796001598164
0.0795471252684
0.0799092215136
0.0799984700311
0.0801213297929
0.0803801636466
0.0807591059113
0.0807136336935
0.0807433843183
0.0807553499655
0.0808969347438
0.0813875301147
0.0812451006109
0.0815738335634
0.0817526121617
0.0817989550279
0.0825296471843
0.0829140218791
0.0831013309043
0.0834959695215
0.0836924490031
0.0836894569815
0.0839184969025
0.0844964312322
0.0843208544947
0.0845784047017
0.0853976471324
0.0854520163486
0.0854242577978
0.0854816160659
0.0855586563413
0.0856555447816
0.0865236272327
0.0869841936877
0.0869662536182
0.0870506784792
0.0873473536187
0.0880272266685
0.0884115881169
0.0891669082514
0.0890886214888
0.0894060842042
0.0897005055137
0.0899921665399
0.0902489876504
0.090477836172
0.0906764801602
0.0904671302397
0.0911868703648
0.0913261003138
0.0914333576142
0.0917582167861
0.0919831425895
0.0918912777824
0.0919479552225
0.092084786396
0.0922205271144
0.0923397713698
0.0927008876323
0.0927642403388
0.0929280706978
0.0931994255423
0.0933578558302
0.0936288745685
0.0937193159288
0.0941883984761
0.0941766995869
0.0943963301355
0.0948284489828
0.0951902705916
0.0953737549272
0.0955576623658
0.095725644537
0.0961197777766
0.0963618210191
0.0967065406702
0.0968721767229
0.0970924744523
0.0973538403407
0.097656511337
0.0980537143199
0.0980415179153
0.0979388431701
0.09856915299
0.0987265209829
0.0990651138324
0.0992489326864
0.0996587345441
0.0998443121766
0.100056161037
0.100128505957
0.100497221961
0.100793589574
0.101226665837
0.101097704956
0.10191446075
0.102132348856
0.102565612908
0.102877274084
0.103020610018
0.103295653285
0.103714702559
0.104290763856
0.104655682664
0.104974526812
0.10517589124
0.10543117418
0.105645361455
0.105851010141
0.106081365782
0.106053170281
0.106572686759
0.106906524331
0.107156192407
0.107773210245
0.108368439454
0.108470461396
0.108702632878
0.108800557204
0.109450260487
0.109939408477
0.110502676485
0.111048256953
0.111146252483
0.111478078447
0.111711309069
0.111989429025
0.112078893328
0.112419885977
0.112325804803
0.112541598753
0.112943877131
0.113241655088
0.11357059564
0.11393173608
0.114242144139
0.114615500282
0.114766259333
0.115367176035
0.115581667319
0.115699204841
0.115898058686
0.115707262549
0.115653033534
0.115556898282
0.115888478694
0.116472503563
0.116671146717
0.116583884101
0.116703326449
0.116970756124
0.11778781862
0.117900883237
0.118039811894
0.118385548142
0.118622269068
0.118857814424
0.119396231161
0.119493510521
0.119909100625
0.120190258235
0.120559962622
0.120778564507
0.120760501235
0.120873697301
0.121063722277
0.121377687041
0.121781572349
0.122065025065
0.122204286797
0.122272461302
0.12239832782
0.122576133992
0.122601431977
0.123189513547
0.12328490181
0.123441941252
0.123495580135
0.123583546392
0.123872320942
0.123799765014
0.123919218532
0.124119432037
0.124471244041
0.124848085722
0.125116808196
0.125590225825
0.125817810964
0.125952897101
0.126260744647
0.126606357703
0.126805651838
0.127299907326
0.127583996263
0.127825976437
0.127936450226
0.128050788589
0.128577665311
0.128758279105
0.129089037506
0.1294272791
0.129534727002
0.129991110737
0.130110888651
0.130343602594
0.130737873843
0.131118528401
0.131430613842
0.13164610542
0.132195942611
0.132641300882
0.133029618633
0.133518325511
0.13382311653
0.134255219863
0.134382128056
0.13480834618
0.13506355314
0.135352198686
0.13559669007
0.135835036622
0.135883602263
0.136143395536
0.136361593555
0.136656447903
0.136909031616
0.137163708739
0.137496532322
0.137673560675
0.137852196193
0.138123757043
0.138232439009
0.138573499975
0.138851720898
0.139011822436
0.139140158441
0.139452424713
0.14000489082
0.140294809644
0.140602526877
0.14091334538
0.141642621772
0.141775943833
0.142250350973
0.14230488411
0.14237303914
0.142564841374
0.14277428956
0.142848602888
0.143074160066
0.143530275981
0.143675230993
0.144074207861
0.144128394412
0.144367074716
0.144573470826
0.144855928016
0.145356617862
0.145566386645
0.145895571563
0.145874746499
0.14590680934
0.145942692411
0.145899713096
0.145859995778
0.146213914121
0.146430965714
0.147000856365
0.147139020681
0.147666508265
0.147624784199
0.147987182642
0.147958432006
0.148307026364
0.148613735704
0.149116556247
0.149454881426
0.149568266588
0.149925530863
0.150399700863
0.150291338811
0.15039195414
0.150614248789
0.150703694951
0.150876918042
0.151050105141
0.151178203457
0.15148854181
0.15170377613
0.151814550885
0.152173497892
0.152418231711
0.152525108966
0.152669167472
0.152977033605
0.153058153278
0.153437784518
0.153501346681
0.153861750227
0.15418387024
0.154537831884
0.154903062169
0.155500359902
0.155484937501
0.15563761345
0.155695288766
0.155748581527
0.155887238692
0.156088696815
0.156417006363
0.156842478797
0.157241949801
0.157523892287
0.157749931359
0.158006791127
0.158305651918
0.158516728827
0.158642388196
0.158929913512
0.159247416811
0.159636273196
0.159852084603
0.159815816756
0.159990543598
0.160216875863
0.160572193431
0.161123697741
0.161349213479
0.161469178422
0.161608961988
0.161518743173
0.161888086895
0.162133811905
0.162275055308
0.162461846567
0.162642301202
0.162705565188
0.162964199519
0.163236113427
0.163400963583
0.16357938033
0.163830709739
0.164037197719
0.164324597858
0.164431169153
0.164407663368
0.164784668595
0.164869856801
0.164994389382
0.165180340893
0.165512321542
0.165741935199
0.166009199497
0.166264150989
0.166578195299
0.166787699174
0.166851840413
0.167115254714
0.167504767027
0.167521683814
0.167674490536
0.168113303997
0.168253753659
0.168613578317
0.168738596996
0.168842927971
0.16922593903
0.169330936706
0.169553016979
0.169721978412
0.169977679844
0.170374124459
0.170378505178
0.170315388229
0.170443818505
0.170654259233
0.170726346235
0.171117121997
0.171288258287
0.171658567641
0.172000896964
0.172067540834
0.172384716591
0.172662230321
0.172925665872
0.173092081551
0.17336269976
0.173513147783
0.173879057944
0.174194062266
0.174502017776
0.174530879069
0.174729179425
0.174838766652
0.174967324322
0.175145371418
0.175232047442
0.175243774143
0.175286729439
0.175558065508
0.175598077184
0.175749724137
0.176029869761
0.176353553371
0.176575646716
0.17689539413
0.177171244912
0.177281663654
0.177571951455
0.177751113815
0.178000300488
0.178085044709
0.178178622124
0.178512708991
0.178707881246
0.178878495309
0.179075435281
0.179408427527
0.179598301733
0.179835744894
0.180025610343
0.180184955478
0.180503906637
0.180854728258
0.181111907395
0.181393317534
0.18171508711
0.182151178567
0.182329768574
0.182827760286
0.183064933031
0.183220523265
0.183287918222
0.183478194561
0.18368426389
0.183798771988
0.183904544021
0.184144913004
0.184331008223
0.184550732884
0.184761585821
0.184994709381
0.185121354449
0.185285672352
0.185436315603
0.185753741362
0.185947199367
0.186125857651
0.186274819331
0.186363214671
0.186251459766
0.186454326753
0.186466198472
0.186617152357
0.186719090578
0.186904287453
0.187117325613
0.18744250544
0.187620982483
0.187735210137
0.187900993805
0.187970565555
0.188187477444
0.188529546087
0.188774612911
0.189103494195
0.189337031748
0.189494124539
0.189726317663
0.189930042592
0.190267459673
0.190539938877
0.19072901598
0.19089870524
0.191245228284
0.191422053503
0.191585601539
0.191840759469
0.19197948273
0.1920766574
0.192262634639
0.192441766137
0.192659903416
0.192783298946
0.19290050904
0.193136774406
0.193250840311
0.193412644203
0.193697276042
0.19416250339
0.194397960553
0.194530431932
0.194593651504
0.194757934652
0.194921770179
0.195248703876
0.195451479
0.195725945807
0.195886401666
0.196139684412
0.19633720975
0.196475016869
0.196536110688
0.196872717191
0.196990721006
0.1971832342
0.197362856921
0.197466253091
0.197495516844
0.197822423701
0.198179828565
0.198389042571
0.198615001359
0.19872270798
0.198988336626
0.199173124611
0.199410619611
0.199681252866
0.199887920432
0.200047993128
0.200251288148
0.200463361243
0.200592609368
0.200747106056
0.200946036976
0.201025304335
0.201211895046
0.201512558145
0.201674622934
0.201839971103
0.201920533945
0.202243577
0.202396409466
0.202480337147
0.202712145455
0.202788014929
0.203097061051
0.203403245521
0.203589017197
0.203785514493
0.203906695187
0.203978446113
0.204089665025
0.204335746891
0.204566207269
0.204708575452
0.204901102561
0.205014324831
0.205089844078
0.205208401351
0.205398962909
0.205575564823
0.205829765685
0.206023456308
0.206203923785
0.206606787418
0.206843965802
0.20693785969
0.207072921146
0.207201551526
0.207421186172
0.207571156968
0.207805138812
0.208034798208
0.208268498027
0.208328550787
0.20867334757
0.208854895967
0.20896035678
0.209119818516
0.209207530557
0.209259358858
0.209406728077
0.209589127222
0.209701775969
0.209775899254
0.20985590463
0.210107845786
0.210229203185
0.210530728425
0.210691631624
0.210866137721
0.21105778549
0.21125225032
0.211456604755
0.211674797051
0.2117793075
0.212019138847
0.21232279674
0.212443603855
0.212669122047
0.212881603393
0.212906591558
0.213027018089
0.213261800427
0.213422069656
0.21352645617
0.213621699466
0.213856266586
0.214031948031
0.214129480666
0.214296671714
0.214549323288
0.214680723323
0.21486303899
0.215058266548
0.215092852853
0.215313563
0.21550312245
0.215695734626
0.215830273873
0.216049797687
0.216227000796
0.216463492859
0.216732413518
0.21693742852
0.217075803389
0.217290546934
0.217465692467
0.217676448654
0.217779140604
0.217846428871
0.217953593508
0.218195543877
0.218304144952
0.218477174956
0.218527704711
0.218836817173
0.219064427109
0.219275621553
0.219523576696
0.219711092907
0.219819724369
0.219966078814
0.220095914726
0.220338322341
0.220570530123
0.220744429811
0.220882686178
0.221086621892
0.221226351741
0.221280649729
0.221436516675
0.221610347595
0.221736777429
0.221759499118
0.221941328563
0.222136513815
0.222315169178
0.222332071165
0.22251109238
0.222726140663
0.222926775064
0.223009256136
0.22311096734
0.223267965133
0.223525704857
0.223706145299
0.223884097129
0.224080409753
0.224264091877
0.224317539084
0.224406032044
0.224569021737
0.224797734322
0.225001852956
0.225217937118
0.22544609798
0.22564456072
0.225725636661
0.225749745101
0.225948105626
0.226058884462
0.226175785701
0.226328817937
0.22651843619
0.226724566781
0.226842071705
0.226942632962
0.227132572255
0.22717511625
0.22730969505
0.227636539008
0.227723734605
0.227881456643
0.22802645468
0.22815977755
0.228348928022
0.228552224585
0.22870986249
0.228805266348
0.228886790305
0.229059622252
0.2293923347
0.229616261467
0.229731407997
0.229815565844
0.22998280466
0.230147492083
0.230332111138
0.230438233679
0.23057975151
0.230823571111
0.230883778989
0.231090278656
0.231216657669
0.231310678643
0.231469259507
0.231614109855
0.231770151375
0.231918424117
0.232101659861
0.232196646631
0.23232936127
0.232535279086
0.23261839891
0.232752803087
0.232888741872
0.233117721448
0.233228505183
0.233338883863
0.233397347539
0.233567915587
0.233872050095
0.234078726024
0.234172333843
0.234381917852
0.234550140772
0.234723429855
0.23478539971
0.234933734854
0.235046577008
0.235204255131
0.235344327584
0.235497725398
0.23563129552
0.235795713272
0.235966539704
0.236157628781
0.236289058372
0.236344353796
0.236567755719
0.236756092039
0.236945074191
0.237103418645
0.23719918495
0.237245710425
0.237466160656
0.237608620074
0.237780638054
0.237883995168
0.237943319669
0.238045149344
0.238116288306
0.238282017371
0.23843519571
0.23848197184
0.238748439416
0.238936349879
0.239052749967
0.239179192133
0.239357571581
0.239535680571
0.239632223751
0.239733727196
0.239899529334
0.240156015063
0.240290017779
0.240475376309
0.240668406684
0.240819259011
0.240978802719
0.241047748936
0.24118623076
0.24146749479
0.241576112494
0.241674001389
0.241935819093
0.242135484258
0.242349693932
0.242539512294
0.242620256621
0.242702298873
0.242805568078
0.242924238833
0.243125419214
0.243242019335
0.243478651214
0.243540927215
0.243793586012
0.243917142516
0.244051965317
0.244162217082
0.244266575303
0.244424001467
0.244621742799
0.244798201546
0.245011019555
0.245143917078
0.245342742189
0.245414436578
0.245554736884
0.245774272196
0.245963246935
0.246086357256
0.24619782641
0.246320040431
0.246396481108
0.246546148201
0.246661806726
0.246739293424
0.246808384043
0.246942156137
0.247078945016
0.247201271215
0.247287756403
0.247531322237
0.247583735489
0.247807284859
0.247958925423
0.248168490029
0.248249713433
0.248362954694
0.248483104896
0.248766401233
0.248889778704
0.249016248897
0.249118268085
0.249257385909
0.249395339862
0.249445439581
0.249585400548
0.249762591089
0.249805687803
0.24992253848
0.250071494325
0.250126496184
0.250274831764
0.250461396076
0.250577151961
0.250658070505
0.250815739029
0.250946537717
0.251188441273
0.251421094114
0.251575155001
0.251697521522
0.251877407093
0.252033761016
0.25213795294
0.252228712424
0.252352229589
0.252364641055
0.252554097957
0.252641517301
0.252792075636
0.252889742324
0.253095947867
0.253217913794
0.253266990941
0.253347339218
0.253469587719
0.253596648866
0.253648383217
0.253752626747
0.253900641235
0.254059430216
0.254248197893
0.254411508828
0.254573513834
0.254700319816
0.25476651232
0.254960706707
0.25513600316
0.255244254556
0.25531803011
0.255453215106
0.255595074273
0.255749592896
0.255868674567
0.255985681195
0.256089281927
0.256224821797
0.256338302589
0.256465469977
0.256481226574
0.256563096383
0.256755013687
0.256793328874
0.256928261135
0.257062129351
0.25716891894
0.257276236758
0.257410655071
0.257595664247
0.25768232827
0.25783982059
0.257894664735
0.257976527882
0.258049225262
0.25818394378
0.258256013058
0.258394942647
0.25838253567
0.258579589832
0.258741704641
0.258862768373
0.258932743008
0.258983607642
0.259116898179
0.259168448589
0.259290450544
0.259395761885
0.25951509697
0.259624689012
0.259741869062
0.259891622212
0.259895950534
0.260032170312
0.260085138553
0.260240958299
0.260338662498
0.260361904394
0.260430862443
0.260603405062
0.260675714609
0.260680360234
0.26069748968
0.26084042231
0.260947892843
0.261028282074
0.261143510149
0.261214784399
0.261359832389
0.261407054252
0.261497839697
0.261537570294
0.261622449847
0.261690821767
0.26180432756
0.261915345018
0.2620367236
0.262134868499
0.262196136894
0.262399666416
0.262543516868
0.262741610236
0.262887375459
0.262996898499
0.263168982966
0.263330701996
0.263487330513
0.263644187691
0.263863805125
0.263996964327
0.264137016309
0.264281360172
0.264308148155
0.264590276855
0.264724818374
0.264804550395
0.264964521597
0.265072973337
0.265182390006
0.265290844259
0.265420102037
0.26550616616
0.265656101747
0.265725579169
0.26588280105
0.266066969255
0.266159918023
0.266257776702
0.266358851354
0.266431524732
0.266532730799
0.266676949484
0.266734349179
0.266882909832
0.266999924423
0.267054808038
0.267167509355
0.267161626404
0.267329321673
0.267447986068
0.267594924773
0.267736149277
0.267885294497
0.267978177057
0.26800452307
0.268154650757
0.268206775296
0.268341471365
0.268420046899
0.268530225572
0.268619737081
0.268682969795
0.268805311149
0.268898346416
0.268974881223
0.269046233754
0.26917935917
0.269302696217
0.269370568188
0.269517894457
0.269657909714
0.269713118512
0.269846894801
0.269920131989
0.270018766702
0.270058819298
0.270197913245
0.270294633459
0.270407276209
0.270473968299
0.270564870473
0.270644049303
0.270749473682
0.270793945591
0.27092423575
0.271033659563
0.271080266834
0.271189661953
0.27121051947
0.27134818275
0.271404701129
0.271476106765
0.271536381718
0.271642352243
0.271788574111
0.271894194964
0.272038893707
0.272107127821
0.272221363672
0.272303284521
0.272352594337
0.272459248831
0.272565543599
0.272725564345
0.272801009849
0.272905713937
0.272956679024
0.273012515651
0.273090403032
0.27314695081
0.273227266498
0.273346654089
0.273470911878
0.273565473514
0.273636230315
0.273739558563
0.273876325225
0.273922445833
0.274080600185
0.274188119323
0.274300920003
0.274444112771
0.274554032287
0.27462140365
0.274716935628
0.274813819759
0.274965368914
0.275020989117
0.275064156448
0.2751649076
0.275291361507
0.275380472693
0.275524949905
0.275582458455
0.275647239427
0.275720331152
0.275886929221
0.276019035268
0.276082374242
0.276120722422
0.276135821328
0.276206319183
0.276348058175
0.27636856141
0.276543255857
0.276697596059
0.276759706887
0.276784643694
0.276954253162
0.277088376614
0.277206562793
0.277279718771
0.277352821978
0.277407438482
0.277534353473
0.277554913051
0.27770558424
0.277755267574
0.277790651295
0.277871514018
0.277928850375
0.278088144894
0.278191029653
0.278361981108
0.278436152103
0.27848550686
0.278578709135
0.278724861736
0.278827411833
0.278862006927
0.278971325755
0.279017510507
0.279084502691
0.279098480871
0.279199991142
0.279276385957
0.279384398341
0.279444263748
0.279575867573
0.279632504708
0.279682013427
0.279848181425
0.279899575405
0.279952715323
0.279983320513
0.280060482917
0.280128246851
0.280246420797
0.280396417263
0.280420497446
0.280526026897
0.280567642915
0.280666531558
0.280799204105
0.280844055227
0.280937378866
0.280995097808
0.281111213272
0.281171239023
0.281264429735
0.281295006861
0.281349779984
0.281420529157
0.281515319877
0.28157010543
0.281747898986
0.281824895672
0.281926701351
0.281975360129
0.282017038183
0.282099254328
0.282169639789
0.282209325261
0.282285962107
0.282393122783
0.282558228074
0.282612447206
0.282652053824
0.282718936929
0.282753132852
0.282774378257
0.282876403794
0.282939541643
0.283034373784
0.28316231827
0.283228302138
0.283266339931
0.283374837458
0.283477931389
0.283588045125
0.283656045865
0.283710972124
0.283836964765
0.283876175124
0.284001276203
0.284078169514
0.284208205055
0.284326385118
0.284387702115
0.284533869924
0.284601351456
0.284646221365
0.284720591439
0.28475059559
0.284825764531
0.284877967954
0.285014921808
0.285078014591
0.285126520836
0.285293357952
0.285424843391
0.28547606437
0.285604563136
0.285616561439
0.285752542854
0.285819092188
0.285916891069
0.28598199409
0.286072522375
0.28615150841
0.286278723156
0.286280047318
0.286305098431
0.286374663746
0.286476925599
0.28656123717
0.286643257327
0.286677663538
0.286739626819
0.286818563761
0.286926238402
0.286992359259
0.287131792697
0.287221546947
0.287278563391
0.28742775022
0.287576820128
0.287721648603
0.287760669704
0.2878194321
0.287926922391
0.28795391544
0.288012518386
0.28807478427
0.288135786851
0.288219501889
0.288317988966
0.288396993407
0.288438150758
0.288437728884
0.288485849692
0.288558569371
0.28863172654
0.28871248222
0.288776033552
0.288823673471
0.288891352709
0.289107295841
0.289123310183
0.289248099442
0.289376164806
0.289434705788
0.289456768034
0.289545594263
0.289555640982
0.289589470087
0.289733992929
0.289809079528
0.289922219432
0.289985158666
0.290040328467
0.290173035514
0.290219675165
0.290271593656
0.29044478613
0.290554048809
0.290623303656
0.290719570511
0.29084137119
0.290913325224
0.290983065312
0.291110471178
0.291157800102
0.291264565582
0.291429011294
0.291537494333
0.291603762778
0.291673361621
0.291755609841
0.291767415317
0.291819396921
0.291826441444
0.291951523938
0.291988561173
0.291997951915
0.292047269542
0.292129711038
0.292248628861
0.292350804294
0.292499258826
0.292527175994
0.29257339374
0.292618003622
0.292689591611
0.292663785137
0.292714748306
0.29272245073
0.292815152111
0.292871761956
0.29294566199
0.293068860617
0.293174518777
0.293238177438
0.29330948516
0.293355568093
0.293404237345
0.293524263714
0.293645271713
0.293735833712
0.293809007782
0.293820253043
0.293870004268
0.293941757336
0.294062653754
0.294101512301
0.294182792196
0.294277746226
0.294373975339
0.294451576216
0.294488846576
0.294507796743
0.294565449591
0.294633247269
0.294735658478
0.294826396093
0.294911213094
0.294927339443
0.295032885695
0.295134285429
0.295200801859
0.295260672743
0.295350733203
0.295423826705
0.295567720872
0.295625723233
0.295670449487
0.295766097601
0.295800143721
0.295857575149
0.295931422743
0.295959320036
0.296033099141
0.296082446803
0.296171935345
0.2962083721
0.296274300896
0.296349303991
0.296416090758
0.296502314324
0.29654498697
0.296569162772
0.296626385921
0.296696369722
0.296718759147
0.296728867569
0.296755323898
0.296858820864
0.296896844478
0.296963803128
0.297076803026
0.297120932524
0.297200933487
0.297368299028
0.297511682309
0.297500546803
0.297588854996
0.297676147956
0.297754347447
0.297789028741
0.297820316418
0.297866137698
0.297911308444
0.297989378802
0.298057585638
0.29812540395
0.298148082866
0.298175159013
0.298227466363
0.298261551798
0.298291246054
0.29828247711
0.29833822353
0.298371887061
0.298428308669
0.298523637692
0.298551162998
0.298650148991
0.298708981593
0.298719184174
0.298774993967
0.298881007166
0.298978359312
0.299039467548
0.299135312911
0.29918500947
0.299251425043
0.299282117306
0.299293687188
0.299333452349
0.299404952615
0.299562093474
0.29958324477
0.299741285373
0.299804315411
0.299888873393
0.300019574681
0.300076869447
0.300187806306
0.300217624015
0.300298818266
0.300353695683
0.300441539359
0.300481508566
0.300541274789
0.300577376326
0.300735729033
0.300788835452
0.300820500948
0.300836929581
0.300892170965
0.300955802536
0.301005486138
0.301043472776
0.301099802213
0.301224011288
0.301311229411
0.301432236923
0.301522106123
0.30153641539
0.301614447179
0.301687427993
0.301720627385
0.301765859165
0.301813568927
0.301881153465
0.301938098127
0.302002765002
0.302071615781
0.302104922036
0.302180464228
0.302281064214
0.302316881627
0.302394361329
0.30242100104
0.302467753932
0.302526557547
0.302565378208
0.302723864087
0.302754154298
0.302824946999
0.302858553991
0.30287935556
0.302941182
0.302987737458
0.303024747542
0.30304637805
0.303149897483
0.303192784823
0.303222249284
0.303257729933
0.30328629408
0.303326537266
0.303370841365
0.303442964771
0.303439640473
0.303541179992
0.303548217793
0.303630071458
0.303627603583
0.303626995153
0.303695537007
0.30377346547
0.303858153661
0.30396668937
0.304101947278
0.304150626598
0.304254173492
0.304344426039
0.304384590482
0.304479913624
0.304593970744
0.304675746485
0.304677804692
0.304711544102
0.304737231507
0.304742338381
0.304759258106
0.304756047554
0.304823777443
0.304891874151
0.30495023209
0.304956462259
0.304955062354
0.304975657147
0.305035417946
0.305132792525
0.305168994018
0.30521689653
0.305238876284
0.305302612496
0.305339243094
0.305385269877
0.305454545957
0.305580713439
0.305649898554
0.305717521353
0.305808156888
0.305807596492
0.305869921649
0.305902634356
0.305959425441
0.306008866689
0.306086435342
0.306126055451
0.306204643103
0.306240387971
0.306313546855
0.306331082277
0.306326134003
0.306404179162
0.306483489216
0.306592108895
0.306662177603
0.306679453017
0.3067392279
0.30676350587
0.306865681712
0.30690090809
0.306972986688
0.307002159094
0.307013770233
0.307121593102
0.307168096391
0.307167263439
0.307214698271
0.307299154054
0.307306607392
0.307361842491
0.307427222684
0.307451187349
0.30758606481
0.30766552603
0.307799004161
0.307838236966
0.307943421524
0.308088092057
0.308136580494
0.308163126625
0.308257922476
0.30835984238
0.308338994046
0.308385513174
0.30841022399
0.308423707868
0.30847254477
0.308498988736
0.308595371218
0.308629546718
0.308653110905
0.308695874332
0.308713687088
0.308789508105
0.30880606013
0.308845878797
0.308882517283
0.308970163399
0.309032049943
0.309065561868
0.309112641307
0.309082089668
0.309145806707
0.309188294434
0.309268571377
0.309375171847
0.309416745651
0.30943199957
0.309530941996
0.309568722922
0.309637337163
0.309681416448
0.309741506989
0.309731011075
0.309854870758
0.309955999134
0.310026930478
0.310084766559
0.310143274389
0.310164558516
0.310185597566
0.310229360797
0.31031028979
0.31034662816
0.310377943789
0.310397959614
0.310444327651
0.310497302698
0.310534413215
0.310583939518
0.310670510447
0.310732712393
0.310789862598
0.31086900587
0.310923396869
0.310997074988
0.31108944465
0.31110910179
0.311099430784
0.311190326101
0.311219185183
0.311258006561
0.311300094114
0.311358845657
0.311427079094
0.311496136665
0.311507062308
0.311570766831
0.311597109044
0.31165091721
0.311718565099
0.311799741484
0.311855811383
0.311934961776
0.31199451305
0.312110501285
0.312168819243
0.312217103594
0.312300477838
0.312285923834
0.312375792999
0.312416777392
0.312473746811
0.312570126382
0.312617153677
