0.0
0.0
0.0256913274292
0.0206118342215
0.0469053760029
0.0405835605346
0.0483573376011
0.042312670401
0.0440378015958
0.0457106333201
0.04758621603
0.0438387658081
0.0404665530536
0.0440225135498
0.0465177209798
0.0477567411141
0.0462765536427
0.0464149394354
0.0439720478861
0.0460603204918
0.043866971897
0.0423488093322
0.0405075567526
0.0388197418879
0.0372669522124
0.0391312040503
0.0388993098321
0.0400041105384
0.0395956694657
0.0436895277685
0.0423036360879
0.0462578869114
0.0463588474598
0.0496222632976
0.0501997337636
0.0488052967147
0.0474862346413
0.0466113225227
0.0464882638304
0.0456015150102
0.0444892829368
0.0434448527145
0.0434846871662
0.044004172529
0.0445781626864
0.0436994591358
0.0443285817642
0.0442292490192
0.0433266112841
0.0451014115188
0.0442170701164
0.0438241012397
0.0435137122468
0.0427079027607
0.0423865665101
0.0432931638086
0.042533634619
0.0418002960911
0.0418686780444
0.0420264368824
0.0420508703563
0.0429048885764
0.0422529055574
0.0415927039081
0.0424793466663
0.0423259225426
0.0416941923553
0.0435407879789
0.0446896942483
0.0449837221848
0.0456881768019
0.0459750360564
0.0471674638181
0.0465300656584
0.0477372875607
0.0492387238098
0.0487841893984
0.0481587510728
0.0479382059551
0.0473389783807
0.0467545465488
0.0461843691519
0.0462813443598
0.0457303759745
0.0461086753156
0.0460152281002
0.0456357472059
0.0451559353237
0.0455099774859
0.0451639409295
0.0452656960913
0.0451077612074
0.0447296565245
0.0444659305231
0.0450634075867
0.0453670216797
0.0462512730866
0.0472125387815
0.0473722600158
0.0475619578469
0.0473801454171
0.0477328391847
0.047613197242
0.0471793148461
0.0484202344736
0.0480728569986
0.0480741490063
0.0477751098626
0.0478727728172
0.0476326919407
0.0484768039323
0.0483103908965
0.0481842472835
0.0477682902267
0.0480501629548
0.04842340003
0.0480945164887
0.0483099569503
0.0479965817744
0.0482520647772
0.0484144303335
0.0483303004638
0.0491425110251
0.0496501481092
0.0494874683174
0.0497172974396
0.0505145830771
0.050551327129
0.0509029150019
0.0508192266894
0.0512493494077
0.0512871518729
0.0514626482637
0.0522215984098
0.0525928890764
0.0525513385356
0.0529084322265
0.0529571801939
0.0532246217674
0.0530639865174
0.0530837128955
0.0532417179941
0.0533118446126
0.0530742468477
0.053138929757
0.0533342634989
0.0545794631387
0.0550452423367
0.0552547713727
0.0548864062302
0.0558221737849
0.0555006087207
0.0560256182293
0.0561718849811
0.0568768240696
0.0579397184141
0.0581971628846
0.0585990599647
0.0596424177803
0.0598494631147
0.0597244442869
0.0599965212399
0.0607044803139
0.0604793474372
0.0608980740305
0.0615076475009
0.061712875269
0.0619849297251
0.0619350525455
0.0616487500491
0.0620034242598
0.0617954009615
0.061883239455
0.0616770561043
0.0614518679751
0.0620701064171
0.0617964102048
0.0622549084808
0.0622910157467
0.0629758640146
0.0634023741158
0.0638623584082
0.064216596756
0.0652586223231
0.0657098213092
0.066156685395
0.0662260102601
0.0666204615997
0.0664984532074
0.0678633078816
0.0677454761288
0.0677961352888
0.0679147195682
0.0680678489837
0.0683627874477
0.068913803735
0.0688838376854
0.0687354804979
0.0686529363482
0.0689726471392
0.0692959115756
0.070007659909
0.0705794691044
0.0709223383847
0.070975278032
0.070968242509
0.0712159869894
0.0720875800737
0.0720057490648
0.0723121651642
0.0720853275936
0.0724096117747
0.0726819194718
0.0730933072079
0.0732576794379
0.0734178492292
0.0736335466455
0.0737696638084
0.0747439026731
0.0750798046981
0.0750586528756
0.0757837480497
0.0757488072194
0.0758163331907
0.0767068770692
0.0768337800718
0.0769573455465
0.0773194533583
0.0778792026538
0.0778351488413
0.0777671228869
0.0779996400021
0.0784498453213
0.0783972009528
0.0787532289894
0.0789513508723
0.0789497927317
0.0793954282075
0.0799251107123
0.079765117933
0.0802311569638
0.0801285536034
0.0799931586929
0.080403321984
0.0810418852891
0.0811822268208
0.0814773074037
0.0816176111633
0.0820022261398
0.0823225121259
0.0828592087399
0.0831376219827
0.0835167401852
0.0836821534208
0.0839347068239
0.084216692801
0.0845406837396
0.0845424912277
0.0845929857884
0.0848785112563
0.0849724516684
0.0852148496719
0.0855008170239
0.0856449175038
0.085967033463
0.086526054591
0.0869498753181
0.0870471991541
0.0875705511612
0.0878259456251
0.0879162262832
0.0879355015697
0.0883829031415
0.0886573789153
0.0886308909698
0.0889348867112
0.0889542587595
0.0893841299077
0.0897082165432
0.0900288055939
0.0902823085444
0.0905058193853
0.0904460688413
0.0904685948934
0.0908127376482
0.0914849553146
0.0920800024458
0.0921023089716
0.0918714833701
0.0928680778257
0.0929691257801
0.092965577307
0.0934796541965
0.0935386099938
0.0935411406949
0.0935386948434
0.0938978653757
0.0939892768693
0.0942282839007
0.0943149818771
0.0945098013599
0.0945102477859
0.0945099584073
0.0946238155521
0.0951596088157
0.0953144525012
0.0953651110475
0.0956423692176
0.0959635220186
0.0962104330118
0.096426719674
0.0963808878179
0.0966709605547
0.0966935266124
0.0968994330086
0.0975620208459
0.0979679161504
0.0980708807699
0.0980420916779
0.0983050205311
0.0986039008461
0.098688009384
0.0991558716216
0.0991742430642
0.0994461230906
0.0993550469574
0.0994925952111
0.0995517019983
0.0999968703151
0.100214537968
0.100265823121
0.100477613849
0.100547011697
0.101196996905
0.101493380887
0.101554548839
0.101759300337
0.101814670391
0.102565310397
0.10272838656
0.102968585347
0.102849490525
0.10284857411
0.103012292239
0.102968397513
0.103277546754
0.103517413676
0.103810239196
0.103933893864
0.104387631833
0.104395666755
0.104478283134
0.104512218205
0.104607816147
0.104555932866
0.104664182352
0.104806295298
0.105091689448
0.10522896614
0.105651544647
0.105836110423
0.106069528209
0.106207232649
0.106534431472
0.10644739691
0.107012143879
0.107284883141
0.107492619741
0.107857612895
0.10782112293
0.10782580215
0.107904174793
0.108083543137
0.108188858127
0.108410455126
0.108472906427
0.10899778894
0.108873135477
0.109031970019
0.109066462156
0.109095279015
0.109414460568
0.109474323326
0.10946357188
0.109883559089
0.110339168511
0.11035632414
0.110611523367
0.110573411585
0.110770885697
0.111093612664
0.111333850603
0.1113184208
0.111522224378
0.111581322021
0.111849863249
0.111967781294
0.112043610401
0.112048926922
0.112042051857
0.112129378909
0.112244941412
0.112615788234
0.112769921596
0.112790547803
0.112883573765
0.113161889137
0.113550877656
0.113722463505
0.113690481233
0.113881174234
0.114307175345
0.114567896038
0.115074179735
0.11512510396
0.115300316896
0.115670490783
0.115932974921
0.116277075274
0.116272785753
0.11621838958
0.116377033825
0.116659465351
0.116907212447
0.117210487508
0.117196500161
0.117225958136
0.117428472912
0.117538126119
0.117538093221
0.117674963451
0.117831337438
0.11813938347
0.118535812688
0.118515577851
0.118551879941
0.118678094379
0.118847926929
0.118820942748
0.118904071632
0.119108564479
0.119332993219
0.119259009823
0.119487865956
0.119733663203
0.119675178044
0.119861161125
0.120057141784
0.120118446888
0.120245552098
0.120540057583
0.120696876883
0.120921432644
0.121146151318
0.121206784683
0.121517512038
0.121549844268
0.121713375933
0.122056503827
0.121971455904
0.121978359374
0.122056875719
0.122257243306
0.122492094514
0.122669544402
0.123000475511
0.123063265195
0.123248352303
0.123445155245
0.123502160136
0.123504721235
0.123897195404
0.124202337526
0.124516981363
0.124525207968
0.124719462478
0.124655095711
0.124843487168
0.125007733282
0.125075153996
0.125287032654
0.125542108109
0.125680657116
0.125764903657
0.125883604864
0.126155293665
0.126709446287
0.126732552915
0.126851947691
0.126915549651
0.127160805404
0.127289594701
0.127397300189
0.127531781642
0.127563452564
0.12749583796
0.127663791949
0.127833557598
0.128045820596
0.12815057035
0.128390244672
0.128577566016
0.128797346255
0.128982917365
0.129094999048
0.129327421521
0.129486079575
0.129708898041
0.129916680336
0.129944135281
0.130056135129
0.130161436075
0.130372858173
0.130383062741
0.130542417657
0.130614553856
0.130661417841
0.130933649984
0.131002283052
0.131329395322
0.131373973258
0.131432278428
0.131553243612
0.131495111382
0.131590504579
0.131682948911
0.131785133282
0.131920337109
0.132079224842
0.132054669696
0.132060392414
0.13228950505
0.132431641819
0.13254672043
0.132600121595
0.132856743867
0.132887332553
0.132905377546
0.132907622585
0.133175400475
0.133206030373
0.133310164988
0.133298821703
0.13349918645
0.133474903604
0.133459074473
0.133432335678
0.133509984515
0.133613948386
0.13376479059
0.133866175983
0.13401197031
0.133967147017
0.134155581387
0.134275278141
0.134296581982
0.134397401561
0.134379612929
0.134727316257
0.134916337889
0.134945955284
0.135081185162
0.135219842626
0.135271708076
0.13533276237
0.135276034031
0.135354858202
0.135553985443
0.135549284714
0.135574522565
0.135608003503
0.135592470255
0.135555577599
0.135770480962
0.135849440308
0.135840097208
0.135989341556
0.135984004028
0.136201929546
0.136392966335
0.136434760898
0.136539783128
0.13657119049
0.136662776169
0.13674728133
0.136725000465
0.136825420902
0.137118968479
0.137226733536
0.137399748634
0.13742159995
0.137468212406
0.137510407482
0.137551187774
0.13757973676
0.137569411978
0.137803552716
0.137751910852
0.137752836728
0.137966806837
0.138002374064
0.137989505727
0.138089889252
0.13809941897
0.138325426606
0.13833325101
0.138259097175
0.138422155767
0.138507586909
0.138628067478
0.138764675269
0.138972728412
0.139069560341
0.139133536959
0.139314494119
0.139372138757
0.139401701609
0.139380987291
0.139422060091
0.139626241407
0.139679003907
0.139773774969
0.139733296018
0.139708974456
0.139823024521
0.140005196347
0.140325158434
0.140411185466
0.140369216656
0.140311941862
0.140344882381
0.140583927188
0.140611199142
0.140651976759
0.140659808792
0.140741193351
0.14086793308
0.140993567862
0.141019792829
0.141082714988
0.141058427394
0.14126402452
0.141464248924
0.141526230666
0.141551698201
0.141563646443
0.141753451865
0.141807484718
0.141932729895
0.142125653598
0.142147377089
0.142243277887
0.142272828527
0.142241095666
0.142134840879
0.142381272562
0.142365821478
0.142290638172
0.142520261684
0.142496200171
0.142614911648
0.142596049379
0.142728210098
0.142686569942
0.142887346392
0.142844181209
0.142790747614
0.142851749897
0.14304966506
0.143183039783
0.143236902908
0.14326637767
0.143233620946
0.143467879511
0.143539891119
0.143540426885
0.143597010675
0.143553231375
0.143643152101
0.143792464708
0.14386016585
0.143817803385
0.143761777318
0.143726173754
0.143942701998
0.143975933455
0.143966491912
0.144004852899
0.14417074516
0.144232136934
0.14436437403
0.144453660702
0.144550512984
0.144488813482
0.144462990656
0.144547999912
0.144626673002
0.144763074057
0.144909236864
0.144884687037
0.145035861661
0.145095398386
0.14513426186
0.145082455152
0.145115296597
0.145085444377
0.145095611605
0.145392644534
0.145415732245
0.145525948567
0.145545855522
0.145710322162
0.145757549001
0.145796228556
0.14608863659
0.146178569913
0.146454127299
0.146403202872
0.146579690838
0.146654101235
0.146661020919
0.146738318759
0.146800822518
0.146795220537
0.146852714523
0.147071195977
0.147243590016
0.147231519589
0.14731283185
0.147370213363
0.147535837997
0.147466841562
0.147620787567
0.147698587093
0.147748643821
0.147796976925
0.147986505257
0.147943934149
0.147953472014
0.147960816338
0.147941745001
0.14802399542
0.148093800992
0.148117836276
0.148201128783
0.148141548137
0.148124324479
0.148395659772
0.148441827796
0.148362593946
0.148577853246
0.148797105912
0.148792596542
0.148795384891
0.148863383782
0.148898084822
0.148883376231
0.148830533335
0.14892830693
0.148902123857
0.148875717856
0.148842809039
0.148981440133
0.148918139771
0.148984712096
0.149074356502
0.149119977977
0.149288216998
0.149357009931
0.149398005213
0.149356513042
0.149404243725
0.14944254698
0.149575390879
0.149610497142
0.149570672175
0.149529200975
0.149547426605
0.149522253835
0.149634288616
0.149721852997
0.149823411102
0.149929525145
0.149909363541
0.150119823931
0.150318479883
0.150298837939
0.150491370552
0.150425364675
0.150475116039
0.150513853727
0.150653382372
0.150692079392
0.150671289791
0.150777934452
0.150873285203
0.150940190507
0.150913804569
0.151168677919
0.151167010538
0.151144038272
0.151220141649
0.151246642414
0.151246627744
0.1512515115
0.151211046001
0.151240724491
0.151307787379
0.151363914218
0.151433725835
0.151581991561
0.151694464168
0.151692719625
0.151706313391
0.151708166114
0.151807521995
0.151828415734
0.151908610501
0.152011985149
0.152177105222
0.152178923374
0.152154838682
0.152161696152
0.152094534748
0.152055716447
0.152043138147
0.152072537487
0.152090848387
0.152189807662
0.152200592629
0.152185591959
0.152142165592
0.152116439014
0.152107985069
0.152239531204
0.152285730836
0.152387441606
0.152363938075
0.15247756028
0.152545377643
0.15265271606
0.152626107215
0.152669359178
0.152699518336
0.1526429235
0.152583386876
0.152748228512
0.152886612845
0.152840845719
0.152897351568
0.152902406842
0.152923854611
0.152876701311
0.152825932785
0.152957655108
0.15309208401
0.153246350062
0.15329064595
0.153348329565
0.153359378851
0.153420963568
0.153428136341
0.153477777653
0.15346829981
0.153491284415
0.153452694979
0.153512055585
0.153721614453
0.153720950789
0.153824149489
0.153862619623
0.1538517415
0.153828421067
0.15390351307
0.154002156921
0.15393881344
0.154062888508
0.15405271099
0.154108617696
0.154110761759
0.154161775325
0.154131378774
0.154110775779
0.154207634961
0.154238228606
0.154264311694
0.154379884032
0.154508161104
0.154519846198
0.154675681899
0.15475578324
0.154790581944
0.154963551079
0.155030987843
0.15501223002
0.155027068628
0.155003842161
0.154998772305
0.155123799489
0.155138308007
0.155169213855
0.155219504005
0.155371290951
0.155428060453
0.155420540925
0.155430742544
0.155559412188
0.155565176906
0.155600513977
0.155690088159
0.155820255067
0.155774304303
0.15583281385
0.155959846921
0.155943483992
0.155982107208
0.155954192838
0.155952757636
0.155907770368
0.155861154762
0.155912433451
0.155989396323
0.155975246385
0.156052464426
0.156072055623
0.156173810765
0.156234128366
0.156381498311
0.156509773461
0.156577459211
0.156701575975
0.156792304153
0.156777262059
0.15677686937
0.156780252968
0.156729665239
0.156664562367
0.156707846486
0.156674973165
0.1567038427
0.15680686265
0.156811757905
0.156782456841
0.156823063852
0.156762310082
0.156719194968
0.15678726048
0.156874317685
0.156902592231
0.157026748686
0.157019533576
0.156991922481
0.156950827488
0.156929565699
0.156978297378
0.157008636009
0.157006086165
0.157081179332
0.157202546554
0.157154067112
0.15713596819
0.157208806207
0.157201913012
0.157190364328
0.157197168899
0.157292641268
0.15728958182
0.157432038505
0.157455902054
0.157459841243
0.1575018939
0.157594538373
0.157626116086
0.157666533742
0.157719899652
0.157694647629
0.157736312334
0.157774484483
0.157857063211
0.157808334166
0.157772946264
0.157748759645
0.157708988533
0.157674571176
0.157686150859
0.157712454056
0.157765365381
0.157752568988
0.157898221298
0.15794299339
0.158010877473
0.158103753116
0.158148406534
0.158170193868
0.158257703282
0.158195403387
0.158146117284
0.158176260023
0.158136232388
0.158175408
0.158402889226
0.15846919488
0.158478853874
0.158454241109
0.158468961945
0.1584775802
0.158515640958
0.158511770255
0.158539211853
0.158530825063
0.158555607241
0.15849532176
0.158485587847
0.158417491178
0.158440938057
0.158461262785
0.158523168276
0.158507331111
0.158539571823
0.158601829865
0.158590959859
0.158563278247
0.158530257293
0.15850683724
0.158674327939
0.158639403397
0.15873384092
0.158823463578
0.158849473925
0.158847827863
0.158844393239
0.158918592099
0.158976916246
0.15898093623
0.159075528766
0.159133141294
0.159254860309
0.15919828791
0.159167084842
0.159264195495
0.159235112629
0.159198930976
0.159177505886
0.15912188858
0.159112259093
0.159089087648
0.159190094777
0.159253870568
0.159377764937
0.159411926806
0.159391193764
0.159382020274
0.159438111772
0.159399137746
0.159511276833
0.159466537667
0.159445036101
0.159509663821
0.159626688427
0.159723327159
0.159758660978
0.159869915581
0.159855536807
0.159884190863
0.159833339561
0.159905415174
0.159944017003
0.159975067939
0.160004105094
0.160012544428
0.159992143979
0.159978845036
0.159963243279
0.160009623633
0.160040400234
0.160106459408
0.160126239592
0.160127390111
0.160119437278
0.16022209908
0.160270350161
0.160292489501
0.160335775435
0.160353084597
0.16039732511
0.160438637622
0.160477185668
0.160472007594
0.160419832001
0.160418579745
0.16048564403
0.160563601428
0.160546353912
0.160525222855
0.160562108144
0.160652875769
0.160740433156
0.160774094245
0.160816283198
0.160818692343
0.160893174591
0.160998927889
0.160967288702
0.16097472125
0.161037367118
0.161168073066
0.161230261079
0.161273124284
0.161208565334
0.161245929544
0.161262418501
0.161256155896
0.161343073579
0.161312324384
0.161300819343
0.161307614577
0.161291742395
0.161354081567
0.161358331168
0.16142259164
0.161417571122
0.161440869347
0.161525192203
0.161618622745
0.161658291905
0.161658219934
0.161631133451
0.161609006243
0.161645348392
0.161665043098
0.16166469462
0.161741502825
0.16166905136
0.161722912297
0.161772060775
0.161751474483
0.16182504842
0.161973984844
0.161991521333
0.162044872788
0.161998842835
0.161970267544
0.162001669856
0.161984881105
0.162057554549
0.162056093203
0.162029370521
0.161979358924
0.162074867724
0.162088436155
0.162058499735
0.162037802869
0.162130591354
0.162180556106
0.162170482219
0.162163507061
0.162262700335
0.162307922334
0.162295253184
0.162356379475
0.162360967736
0.162322292751
0.162328873191
0.162265921263
0.162244979124
0.162223453314
0.162182188647
0.162229809455
0.162197551801
0.162281210933
0.16225405776
0.162248629178
0.162241494107
0.162244182746
0.162305007095
0.162403633435
0.162416933696
0.162544779773
0.16253683592
0.162647406826
0.162635712767
0.16274938896
0.162825234707
0.162841853747
0.162910103498
0.162909268739
0.162965884919
0.162950808532
0.163046901477
0.163020372649
0.163092353777
0.163157932829
0.163241988651
0.163236575322
0.163281902046
0.163432246729
0.163388107771
0.163376270494
0.163398261303
0.163439864775
0.163405198591
0.163370545811
0.163326588742
0.163308904033
0.163434434925
0.163554008834
0.163543752201
0.163574107182
0.163582033704
0.16360954306
0.163665858059
0.163745767964
0.163899185371
0.163867491131
0.163837152065
0.163793706633
0.163786628235
0.163944206171
0.164011294785
0.16399720368
0.164084654174
0.164122455618
0.164128022604
0.164160294159
0.16413283065
0.164200931133
0.164192366829
0.164201048293
0.164197753883
0.164222213495
0.164219219532
0.164225327267
0.164238277794
0.164251786417
0.164213642733
0.164287604071
0.164272326732
0.16437624622
0.164463469186
0.164552804054
0.164572590491
0.164584169672
0.164587019491
0.164648237773
0.164629032059
0.164726539008
0.164756530534
0.164734764576
0.164751472273
0.164727652047
0.164745656863
0.164812013228
0.164821874993
0.164909959696
0.164956494451
0.165061611842
0.165056076506
0.165230755933
0.165292759773
0.16529976553
0.165259790684
0.165235184175
0.165218389216
0.165204159326
0.165256193455
0.16537746884
0.165394255216
0.16537761822
0.165419394487
0.165420131972
0.165432536367
0.165451561586
0.165445587141
0.165444860247
0.165533566485
0.165515019659
0.165490169581
0.165454702665
0.16544912472
0.165440113961
0.16543520572
0.165548498891
0.165564765695
0.165623318184
0.165619934896
0.165619062986
0.16562881287
0.165726281245
0.165735900486
0.165718000983
0.165690399868
0.1656593606
0.165675901485
0.165784253053
0.165850206529
0.165839473043
0.165847258543
0.165879224471
0.165876431155
0.165940237256
0.166084579607
0.166134187552
0.166152122143
0.16612355705
0.166132382498
0.166128752778
0.166185298375
0.166163948847
0.166184787925
0.166266870151
0.166276049013
0.166274598392
0.166249357119
0.166416469357
0.166523133555
0.166473225733
0.166461303213
0.16649421781
0.166516897022
0.166528920282
0.166545967071
0.16653103866
0.166492140387
0.166462575883
0.166471601623
0.166504543356
0.166483542737
0.166526556295
0.166576121019
0.166571813518
0.166627720514
0.166633295095
0.166641797094
0.166609069175
0.166585787977
0.166579286113
0.166651924737
0.166678735324
0.166728648592
0.16681259381
0.166843236615
0.166823005495
0.166868395478
0.166901773279
0.16692455393
0.166967149398
0.167023713707
0.167099550109
0.167070875766
0.167096203358
0.167111305536
0.167240877978
0.167232495666
0.167283976424
0.167253266831
0.16724562796
0.167359612449
0.167405451535
0.167358476133
0.167368667107
0.167408148317
0.167441717445
0.167429854785
0.167446290304
0.167459567697
0.167466634622
0.167439414897
0.167463340225
0.167527296616
0.167603414472
0.167588540321
0.167587091243
0.167563995154
0.167527067493
0.167523352054
0.167492871231
0.167546959034
0.167511248053
0.167503112613
0.167533007328
0.167588087853
0.167581871716
0.16757327215
0.167631589206
0.167714831325
0.167749332475
0.167727504175
0.167834375736
0.167887797912
0.167877978424
0.167890637304
0.167928004606
0.167925548382
0.167948146753
0.167929320158
0.167882323916
0.167910422358
0.167873664631
0.167862103564
0.167914184738
0.16798284176
0.167999167406
0.167992997463
0.168044400758
0.168039600626
0.16808449161
0.168074192954
0.168140634136
0.168140857938
0.168176846234
0.168306100133
0.16825723209
0.168325244779
0.168383243318
0.168393982243
0.168515901921
0.168480281619
0.168499191647
0.168497626543
0.168474835664
0.168503301097
0.168464952214
0.168502381665
0.168521921619
0.168587829876
0.168547711456
0.168533465043
0.168547786187
0.168543924419
0.168556357365
0.168578447982
0.168594915455
0.168577346974
0.168533319559
0.168532387067
0.168546204718
0.168535965999
0.168512449523
0.168614588771
0.16862182318
0.168594613494
0.168695512381
0.168669245824
0.168647125587
0.168616360752
0.168603643644
0.168739380872
0.168807640801
0.168776559463
0.168861191243
0.16881859342
0.168812899467
0.168799568226
0.168809524123
0.168786406975
0.168788650144
0.168781552656
0.168821741335
0.168777972646
0.168760697141
0.168755319029
0.168740206887
0.168723977876
0.168767409353
0.168825173229
0.168834857743
0.16890633527
0.168938450493
0.168990813032
0.168990219702
0.169027676429
0.169094743574
0.169112912275
0.169096755624
0.169079226134
0.169057455235
0.169022199609
0.169022561377
0.168994021183
0.168979137678
0.168964713031
0.16899023967
0.169118094676
0.16911562232
0.16913083237
0.169143270303
0.16916954043
0.16920117377
0.169220266737
0.169187408043
0.169137951945
0.169107099635
0.169117079624
0.169077870157
0.169078651682
0.169095291795
0.169063718945
0.169065351577
0.169171455382
0.169205386598
0.16928023199
0.169334240263
0.169351972387
0.169365147577
0.169371114451
0.169348161206
0.169387901354
0.169398023732
0.169421007306
0.169523949995
0.169487674209
0.169476554275
0.169512264073
0.169609204033
0.169576704891
0.169589081366
0.169622432916
0.169633779853
0.169637099937
0.169682045911
0.169678847184
0.169712089346
0.169746530946
0.169780173059
0.169799946997
0.169803395439
0.169788396326
0.169833725115
0.169810519879
0.169844943374
0.169916241109
0.169896063845
0.169902313354
0.169923382278
0.169915698843
0.169923789763
0.16991646441
0.169965364777
0.169999109858
0.169994382723
0.17001288231
0.169998314171
0.170012425208
0.170005774146
0.170043058165
0.170060535338
0.170069493013
0.1700836709
0.170101355021
0.170177466689
0.170175350333
0.17016371061
0.17017517507
0.170151391031
0.170136628059
0.170178426028
0.170152644105
0.170163880683
0.170172506017
0.170149157424
0.170147091172
0.170176096577
0.170255633461
0.170316471101
0.170325015974
0.170356009971
0.170447547965
0.170504684374
0.170547616881
0.170534310319
0.170551322127
0.170521398831
0.170510003714
0.170566188963
0.170556234098
0.17063337944
0.170651518624
0.170644939499
0.170692550226
0.170760391566
0.170763539558
0.170831306353
0.170843212442
0.170804767935
0.170816803024
0.170893556211
0.170925074713
0.1708860206
0.170943138898
0.171006423941
0.170992477373
0.170975558755
0.17096969634
0.171004991581
0.170963411419
0.170966788559
0.171014134621
0.171111951982
0.17110584985
0.171096700211
0.171111388005
0.171065857341
0.171058610975
0.171083949566
0.171072787164
0.171200567645
0.171182015973
0.171176816263
0.171155475931
0.171122853677
0.17110379552
0.171116512266
0.171105583759
0.171074455522
0.171068469187
0.171071166676
0.171095493121
0.171082367043
0.171059630052
0.171030389849
0.171050693258
0.171086462644
0.171070129081
0.171139619138
0.171177044773
0.171228680285
0.171222099533
0.171187891591
0.17118496086
0.171167222198
0.171143959177
0.171203692019
0.171202927592
0.171258379286
0.171283047376
0.171288463645
0.171299547672
0.171265180749
0.171304944289
0.171316751072
0.17129888178
0.171293798581
0.171281209141
0.171294981522
0.171313116292
0.171297013795
0.17134183311
0.171357149395
0.171404465182
0.171427900699
0.171434666714
0.171474883179
0.171459074338
0.171443611754
0.171411954327
0.171417840361
0.171451147406
0.171512344702
0.171494018251
0.171467629408
0.171497775858
0.171519610896
0.171558762094
0.171595402247
0.171608809433
0.171570818011
0.171587080733
0.171587119951
0.171577085619
0.171554473686
0.171537239099
0.171561923417
0.171585964913
0.171549477488
0.171583866975
0.17158529254
0.171609142643
0.171611237343
0.171636006899
0.171590384592
0.171585323939
0.171656037582
0.171662730562
0.171627475052
0.171627290482
0.171602035446
0.17164129601
0.171660873581
0.171645770253
0.171599462848
0.171598530514
0.171590358031
0.171565226765
0.171541624425
0.171544392781
0.171549390432
0.171513971569
0.171496359814
0.171523210402
0.171491322862
0.171482882692
0.171461348157
0.171514497165
0.1715095179
0.171496401421
0.171480850409
0.171479824601
0.171511662271
0.171492768741
0.171541822421
0.171547220753
0.171529862536
0.171573270982
0.171592953717
0.17163509628
0.171635739029
0.171634882794
0.171648911265
0.171662459285
0.171678094537
0.171674998332
0.17163981799
0.171638800841
0.171616286807
0.171615562832
0.17164031578
0.171613750997
0.171614432364
0.171598218573
0.171676837976
0.171722090699
0.17175234829
0.171740021916
0.171712952879
0.171709693486
0.171687420189
0.171691755079
0.171704864482
0.171767152398
0.171763484354
0.171773921757
0.171761965461
0.171828119975
0.171893815855
0.171867296301
0.171853479465
0.171900669103
0.171897183404
0.171916508332
0.171907027803
0.171981619253
0.172005792045
0.172014616243
0.17202094942
0.172015101631
0.171990371772
0.171974495381
0.172005587092
0.17198197349
0.17194306806
0.171969679342
0.171957926269
0.17195261449
0.171985425214
0.172028856572
0.17202369151
0.172023153509
0.172008468232
0.171980584563
0.171997572057
0.171962491398
0.172049940289
0.172012460056
0.172008127287
0.172001436242
0.171999239873
0.172001708798
0.17203252222
0.172035709719
0.172003000364
0.172029207145
0.172044794585
0.172029620171
0.172030661289
0.172014096663
0.17199611529
0.171962777886
0.171939904295
0.17192058523
0.171933104057
0.171975906493
0.17198592502
0.171963493408
0.172029049227
0.171995828778
0.172031282538
0.172039263866
0.17204500058
0.172039016079
0.17205367569
0.172028188878
0.172010022157
0.17197168356
0.171989052681
0.171979376206
0.17196725196
0.172024952936
0.172054912115
0.172092562359
0.172118223246
0.172099743059
0.17211531462
0.172068877088
0.172084805395
0.172107959475
0.172107246419
0.172080853832
0.172163324116
0.172183029055
0.1722169703
0.172218093291
0.172295492228
0.172359971805
0.172379865005
0.172350921803
0.172381440063
0.172426007779
0.172439466052
0.17242399499
0.172406236612
0.172408200841
0.172424021415
0.172457330352
0.1725131177
0.172521965354
0.172496993927
0.172499606239
0.172479722354
0.172447027837
0.172434081477
0.172470270432
0.17252822156
0.172517147461
0.172525731141
0.172506389584
0.172530326944
0.172539308891
0.172546532805
0.17256637088
0.172583274426
0.172598197718
0.172624552599
0.172589888852
0.172590384256
0.172600172951
0.172590001396
0.172561748113
0.172580507918
0.172577330592
0.172581200755
0.17255884111
0.172547661961
0.172518795323
0.172494397789
0.172565029984
0.17258003962
0.172617009015
0.172622869022
0.172700292554
0.172690335755
0.172693733009
0.172706392679
0.172718888292
0.172748996264
0.172724871798
0.172773209433
0.172756175064
0.172737037972
0.172722779454
0.172745598345
0.172777730768
0.172798525055
0.172762765777
0.172778877952
0.172763644289
0.172806267
0.172827818593
0.172822501615
0.172867141819
0.172891528785
0.172901225711
0.172887598238
0.172900973428
0.17287885767
0.172909878563
0.172935227459
0.172967683295
0.173001804528
0.172984532916
0.172970411987
0.172949095662
0.172951237724
0.172976367758
0.172953256655
0.173001157348
0.172972878525
0.172974198861
0.172979782789
0.172983424817
0.172947387854
0.172950481947
0.17296360694
0.172948623986
0.172936225528
0.172925778547
0.1729645461
0.172947766327
0.172948251699
0.172934961519
0.172980076372
0.17296125168
0.172971584452
0.173004428302
0.173037038283
0.173025117619
0.173057422236
0.173053160576
0.173084081792
0.173104542435
0.173134658749
0.173113545652
0.173100780612
0.173124192403
0.173152523086
0.173163133537
0.173215639093
0.173289876074
0.173280197401
0.173272902393
0.173305238166
0.173342854856
0.17336393787
0.173455169377
0.173449152339
0.173479714512
0.173504444354
0.173604781074
0.173648694713
0.173653811214
0.173669232499
0.173693644718
0.173672990082
0.173701957676
0.173759026456
0.173782021431
0.17383859905
0.173872579856
0.173840029842
0.173844077881
0.173885613337
0.173889957268
0.173906869588
0.173890544995
0.173851850153
0.17387702089
0.173877754657
0.173852308882
0.173832073324
0.173795448217
0.173804366676
0.173808078713
0.173809813889
0.173820763301
0.173830922382
0.17382910567
0.17380823451
0.173824564652
0.173806722108
0.173778723831
0.173814913339
0.173812923807
0.173818413601
0.173825074939
0.173810745897
0.173842934062
0.173854354035
0.173852138643
0.1738872701
0.173888931852
0.173884187407
0.173924260034
0.173937019883
0.173908739459
0.173927341965
0.173954325447
0.173928812537
0.173973808257
0.173960053373
0.173970145022
0.173964346839
