
row1col1
West 0.0
East 1.74342501837e-05
North 0.0
South 0.0

row1col2
West 0.0
East 0.0
North 1.02826710039e-05
South 0.000339273446158

row1col3
West 0.0
East 0.0
North 0.0
South 0.00041061364315

row1col4
West 0.0
East 0.0
North 0.0
South 0.000861511879205

row1col5
West 0.0
East 0.0
North 0.0
South 0.00315610654975

row1col7
West 0.0
East 0.0
North 0.0
South 0.000329609711089

row1col8
West 0.0
East 0.00877112988898
North 0.0
South 0.0

row1col9
West 0.0
East 0.0
North 0.0
South 0.0889324370631

row1col10
West 0.0
East 2.69420586658e-06
North 0.0
South 0.00871826137514

row1col11
West 0.00019729887638
East 0.0
North 0.0
South 0.0

row1col13
West 0.000395281469474
East 0.0180785363362
North 0.000614140002261
South 0.298847480906

row1col14
West 0.0112937341733
East 0.008810953125
North 0.00381156042171
South 0.658062707205

row1col15
West 0.0
East 0.0
North 0.008810953125
South 0.301662703906

row1col16
West 0.00463125
East 0.0
North 0.0
South 0.446502405978

row1col18
West 4.50781961649e-06
East 0.0
North 0.0118054046496
South 0.526711300944

row1col19
West 0.156775492243
East 0.0
North 0.0
South 2.7887756582e-05

row1col20
West 0.0213725817756
East 0.0
North 4.14443731579e-07
South 0.0

row1col21
West 0.00170913245546
East 0.0
North 0.0
South 0.0

row1col22
West 8.63378520061e-05
East 0.0
North 0.0
South 0.0

row2col1
West 0.0
East 5.49661401434e-05
North 0.0
South 0.0

row2col2
West 0.0
East 0.000254328760086
North 0.0
South 0.00281305318062

row2col3
West 1.71502098135e-07
East 0.00981475025649
North 0.0
South 0.0

row2col4
West 0.0
East 0.00373439175809
North 0.0
South 0.0577951815656

row2col5
West 0.0
East 0.0
North 0.0
South 0.0924292112489

row2col7
West 0.0
East 0.0
North 0.0
South 0.0095828559066

row2col8
West 0.0
East 0.0729135845008
North 0.0
South 0.00206558738555

row2col9
West 0.00281426434672
East 0.000128214155604
North 0.00186091439268
South 0.369512368692

row2col10
West 0.0933978941518
East 0.0
North 2.90667246605e-05
South 0.0

row2col11
West 0.00237806142763
East 0.0
North 0.0
South 0.0

row2col13
West 0.121413558298
East 0.947747452353
North 0.0211384059833
South 0.288315247667

row2col14
West 0.391448371693
East 0.999982905692
North 0.248344478304
South 0.333867429344

row2col15
West 0.0
East 0.0
North 0.0
South 0.0

row2col16
West 0.998271270449
East 0.137160973743
North 0.0517799406763
South 0.229760852747

row2col17
West 0.937562925708
East 0.134526595704
North 0.118352604756
South 0.143112521381

row2col18
West 0.853481701022
East 0.000797844967334
North 0.0476464741333
South 0.0147720396402

row2col19
West 0.406188422376
East 1.97001972778e-06
North 0.0
South 1.01679651318e-07

row2col20
West 0.0855405797152
East 0.0
North 0.0
South 5.74290539551e-10

row2col21
West 0.0109721992732
East 0.0
North 0.0
South 2.72788006287e-11

row2col22
West 0.000609953998535
East 0.0
North 0.0
South 0.0

row3col1
West 0.0
East 1.15077306469e-05
North 0.0
South 0.0

row3col2
West 0.0
East 0.0226745948722
North 0.0
South 0.0

row3col3
West 0.0
East 0.0918504587353
North 0.000168244496932
South 3.35214120134e-18

row3col4
West 0.0
East 0.244228032981
North 0.000167924995253
South 0.00693562797011

row3col5
West 1.22952981375e-05
East 0.00888849884975
North 0.00383899850353
South 0.389002692198

row3col7
West 0.0
East 0.0815912426654
North 0.0
South 0.0

row3col8
West 1.22866284098e-05
East 0.338630708274
North 0.000486506900805
South 0.0100548832356

row3col9
West 0.0261023669368
East 0.00818595181628
North 0.00421564528306
South 0.582453079092

row3col10
West 0.288571988667
East 0.0
North 0.0
South 0.0

row3col11
West 0.0348506770888
East 0.0
North 0.0
South 0.0

row3col13
West 0.854704363433
East 0.9025
North 0.882584021749
South 0.812107514536

row3col14
West 0.848489986364
East 0.95
North 0.930123140296
South 0.887518014969

row3col15
West 0.899324683198
East 0.849404407386
North 1.0
South 0.944580977193

row3col16
West 0.944265735022
East 0.169696388308
North 0.142395324236
South 0.280160522177

row3col18
West 0.0220620106153
East 5.80335703125e-08
North 0.525395936179
South 0.0246910598931

row3col19
West 0.177113312351
East 0.00167787929312
North 0.0129501078776
South 0.0

row3col20
West 0.0461898899192
East 2.72788006287e-11
North 0.0
South 0.00117753619207

row3col21
West 0.00458139777279
East 0.0
North 0.0
South 2.72788006287e-11

row3col22
West 0.000183855793603
East 0.0
North 0.0
South 0.0

row4col5
West 0.00736454684452
East 0.0666170050305
North 0.0208304025948
South 0.485348778241

row4col9
West 0.0296237185852
East 0.0536420828082
North 9.21674172216e-08
South 0.629585479537

row4col13
West 0.812129895321
East 0.813560438589
North 0.857375
South 0.770813320845

row5col1
West 0.0
East 2.4558259361e-05
North 0.0
South 0.0

row5col2
West 0.0
East 0.0
North 0.0
South 0.000572259288652

row5col3
West 0.0
East 0.0
North 0.0
South 0.00234133999626

row5col5
West 0.074854587128
East 0.538158709393
North 0.0535462864941
South 0.0914788584139

row5col6
West 0.381416267859
East 0.56880009227
North 0.487597007551
South 0.450310342764

row5col7
West 0.43339008025
East 0.598736939238
North 0.507115002812
South 0.419890807195

row5col8
West 0.511575993259
East 0.630249409725
North 0.520049539639
South 0.380118435606

row5col9
West 0.52169972667
East 0.663420431289
North 0.484380137111
South 0.467092659355

row5col10
West 0.595027776477
East 0.698337296094
North 0.640116877214
South 0.592550469335

row5col11
West 0.619468292615
East 0.735091890625
North 0.67129008304
South 0.572122550193

row5col12
West 0.675249884148
East 0.7737809375
North 0.718270050993
South 0.584818576586

row5col13
West 0.726215542038
East 0.732255408027
North 0.81450625
South 0.699300570845

row5col14
West 0.7737809375
East 0.604923644428
North 0.710139849284
South 0.523899652805

row5col15
West 0.735091890625
East 0.60293866522
North 0.612989117148
South 0.502838630415

row5col16
West 0.698337296092
East 0.468277398727
North 0.538930094447
South 0.286212102036

row5col17
West 0.663420431248
East 0.250635893598
North 0.506533607519
South 0.517829420189

row5col18
West 0.484639718281
East 0.0720000198683
North 0.0283773812818
South 0.0541820308381

row5col20
West 0.0
East 0.0
North 0.0
South 0.0154103548923

row5col21
West 0.0
East 0.0
North 0.0
South 0.00832314390121

row5col22
West 0.0
East 0.0
North 0.0
South 0.00119463736965

row6col1
West 0.0
East 1.31313869475e-05
North 0.0
South 0.0

row6col2
West 0.0
East 0.0
North 0.0
South 0.00715577757315

row6col3
West 0.0
East 0.0
North 0.0
South 0.0254107632009

row6col5
West 0.0691996913385
East 0.445106943034
North 0.0561340950801
South 0.0187129188571

row6col6
West 0.241068136831
East 0.397057436584
North 0.540360087427
South 0.326881813476

row6col7
West 0.115588581931
East 0.0823764137851
North 0.55818954522
South 0.114087852788

row6col8
West 0.00912397264527
East 0.0597210856289
North 0.553180059086
South 0.0865279050212

row6col9
West 0.0467797739354
East 0.607559700824
North 0.238014134958
South 0.0722227759932

row6col10
West 0.253247731217
East 0.313682345582
North 0.663410118464
South 0.256429609304

row6col11
West 0.0847103910198
East 0.169620401518
North 0.685573796185
South 0.159082331936

row6col12
West 0.115833335459
East 0.127570599101
North 0.714922711687
South 0.150233718072

row6col13
West 0.14131419004
East 0.132000590377
North 0.768404161359
South 0.136439997613

row6col14
West 0.104417922622
East 0.000236187270556
North 0.704485413094
South 0.0281450198293

row6col15
West 0.143252370466
East 0.0378620082946
North 0.69511812224
South 0.159293658222

row6col16
West 0.613699468283
East 0.0356189829634
North 0.223118192902
South 0.0250642525078

row6col17
West 0.383557451038
East 0.32859505924
North 0.630249409349
South 0.402595299259

row6col18
West 0.58661514668
East 0.0580013030233
North 0.0324970923542
South 0.0661207573108

row6col19
West 0.476074823747
East 0.0052929788163
North 0.0
South 0.0185155343382

row6col20
West 0.265303028701
East 0.0
North 0.000136133566956
South 0.00238420169556

row6col21
West 0.100564773968
East 0.000790063678602
North 0.000229915850281
South 1.9003068028e-07

row6col22
West 0.0226198171191
East 0.0
North 0.0
South 0.0

row7col1
West 0.0
East 0.000702918916461
North 0.0
South 0.0

row7col2
West 0.0
East 0.0397880260962
North 0.0
South 0.00179996597797

row7col3
West 8.77884873599e-09
East 1.56810334002e-20
North 0.000250391055213
South 0.141560921174

row7col5
West 3.12462472266e-10
East 0.366240224855
North 0.0613281475417
South 0.0709282227898

row7col6
West 0.185726328305
East 0.410817622096
North 0.513342079611
South 0.400519916363

row7col10
West 0.189541516888
East 0.166986477319
North 0.62791250853
South 0.100011731164

row7col17
West 0.429503614493
East 0.307543937717
North 0.598736932137
South 0.37071372966

row7col18
West 0.537375088076
East 0.0514249508281
North 0.0694817695699
South 0.00810808960146

row7col20
West 0.0
East 1.73820070039e-05
North 0.0421588399704
South 0.0

row7col21
West 0.0
East 0.0
North 0.00934219943164
South 0.0

row7col22
West 0.0
East 0.0
North 0.00183703257822
South 0.0

row8col1
West 0.0
East 0.00301569623835
North 0.0
South 0.0

row8col2
West 1.16337070959e-14
East 0.0553438219153
North 0.0
South 0.0

row8col3
West 0.00095527511881
East 0.288535332824
North 2.77299282988e-07
South 1.46028843689e-11

row8col4
West 0.0238550932734
East 0.392480563458
North 0.0541088161816
South 0.032413830492

row8col5
West 0.0331215280056
East 0.458480351709
North 0.0269665927684
South 0.017412481889

row8col6
West 0.298312014011
East 0.35372607079
North 0.487674954647
South 0.324184290183

row8col8
West 0.0
East 0.0432782046774
North 0.0
South 0.0

row8col9
West 0.0
East 0.244517212583
North 0.00162786419279
South 0.0

row8col10
West 0.00378157295045
East 0.056104061246
North 0.581585365874
South 0.0134415750292

row8col11
West 0.458213645447
East 9.75052913599e-13
North 0.020277937725
South 0.000488663445446

row8col12
West 0.269699180074
East 1.51011711853e-08
North 0.0122223322275
South 0.000842068901143

row8col13
West 0.0980123987305
East 0.00167851387862
North 1.60991601635e-14
South 8.86829911787e-05

row8col14
West 0.0353918262912
East 4.99748735554e-08
North 9.21526595334e-06
South 1.86275539071e-17

row8col15
West 0.00262258852112
East 0.0
North 2.95557338068e-16
South 4.92163840779e-18

row8col17
West 0.421892794809
East 0.124792514282
North 0.568800022278
South 0.36923833724

row8col18
West 0.096595895094
East 0.00320375086981
North 0.321202827727
South 0.0140939387126

row9col5
West 0.0135544363741
East 0.320220655766
North 5.05403886397e-09
South 0.00738829182588

row9col6
West 0.122312241094
East 0.328390661128
North 0.463290883149
South 0.27839913476

row9col8
West 0.0
East 0.0
North 0.00301045685544
South 0.0

row9col9
West 0.0
East 0.0467410954249
North 0.0
South 0.0

row9col10
West 0.0
East 0.0
North 0.25684042682
South 0.0

row9col11
West 0.0
East 0.0
North 0.0743014966648
South 0.0

row9col12
West 0.0
East 3.92159029623e-16
North 0.0543781541744
South 0.000842068901099

row9col13
West 0.00346226453662
East 1.86275539071e-17
North 1.60991601635e-14
South 0.0

row9col14
West 3.92159029623e-16
East 4.92163840779e-18
North 0.00431155701246
South 1.86275539071e-17

row9col15
West 0.00020511413395
East 0.0
North 2.0204620832e-16
South 0.0

row9col17
West 0.355802944243
East 0.207283545131
North 0.540359737914
South 0.337361736856

row9col18
West 0.383635714536
East 0.0324904847902
North 0.0272202421634
South 0.0440399083062

row9col20
West 0.0
East 5.67244403437e-06
North 0.0
South 0.0

row9col21
West 2.60259493351e-13
East 0.0
North 0.0
South 0.000101885406062

row9col22
West 9.27972769196e-07
East 0.0
North 0.0
South 0.0

row10col1
West 0.0
East 7.25004936095e-06
North 0.0
South 0.0

row10col2
West 0.0
East 0.000654889590704
North 0.0
South 1.81778542635e-17

row10col3
West 5.61690336918e-15
East 0.0
North 4.10137836821e-20
South 0.0183899043112

row10col5
West 0.0
East 0.31835816601
North 0.014910718336
South 0.0159607445841

row10col6
West 0.13699169217
East 0.245326578487
North 0.440124402213
South 0.272879431857

row10col17
West 0.36197107666
East 0.199526687686
North 0.513340610922
South 0.326324776703

row10col18
West 0.395963560478
East 0.0175347261843
North 0.00722555499901
South 0.0118325918292

row10col20
West 0.0
East 1.32924835817e-05
North 0.0
South 0.0

row10col21
West 5.50898036895e-14
East 0.0
North 0.0
South 0.00228872879389

row10col22
West 5.74905843307e-05
East 0.0
North 0.0
South 0.0

row11col1
West 0.0
East 0.000856767624328
North 0.0
South 0.0

row11col2
West 0.0
East 0.0145308389089
North 0.0
South 0.0

row11col3
West 1.81778542635e-17
East 0.110302041996
North 0.00122216739376
South 6.59047837787e-07

row11col4
West 0.004422450355
East 0.244366827331
North 0.011713709809
South 0.00716274644169

row11col5
West 0.0239350373543
East 0.36405730687
North 0.0327570514855
South 0.028991479127

row11col6
West 0.158846329906
East 0.230441761954
North 0.418109345954
South 0.163892094266

row11col8
West 0.0
East 4.51229163808e-08
North 0.0
South 0.0

row11col9
West 0.0
East 0.0
North 0.0
South 0.000294001016427

row11col10
West 8.62412135857e-06
East 0.0
North 0.0
South 0.0

row11col12
West 0.0
East 1.88949120116e-05
North 0.0
South 0.0

row11col13
West 0.0
East 0.0
North 0.0
South 0.000709709531455

row11col14
West 0.0
East 0.000851314833326
North 0.0
South 0.0

row11col15
West 0.0
East 0.0
North 0.0
South 0.014511691812

row11col17
West 0.324399581436
East 0.196673091712
North 0.487668985271
South 0.269579718166

row11col18
West 0.367900384682
East 7.00787465287e-06
North 0.0380052082891
South 0.00280887575685

row11col20
West 0.0
East 0.000495606793786
North 0.0
South 0.0

row11col21
West 1.06828690852e-06
East 0.0
North 8.24528285081e-05
South 0.00987062795465

row11col22
West 6.05891179842e-05
East 0.0
North 0.0
South 4.03178932121e-05

row12col1
West 0.0
East 0.000193262172985
North 0.0
South 0.0

row12col2
West 0.0
East 0.00236537213457
North 1.81778542635e-17
South 0.0

row12col3
West 0.0
East 4.10730472997e-05
North 0.0194156691333
South 0.0

row12col5
West 0.0192322944835
East 0.273603760357
North 0.0162381513891
South 0.00967701036118

row12col6
West 0.0817276173039
East 0.167986602755
North 0.39713651513
South 0.157041601387

row12col8
West 0.0
East 0.000142639072768
North 0.0
South 0.0

row12col9
West 0.0
East 1.49023636363e-15
North 4.41251261955e-06
South 0.00417006500049

row12col10
West 7.80295521011e-05
East 0.0
North 0.0
South 0.0

row12col12
West 0.0
East 0.0045918464544
North 0.0
South 0.0

row12col13
West 0.0
East 0.0318137278777
North 0.0
South 5.15041887655e-05

row12col14
West 0.000799290675322
East 0.108423302141
North 0.0
South 0.0

row12col15
West 0.00225224571382
East 0.284169193227
North 9.13378596403e-12
South 0.00282097617599

row12col16
West 0.0436472440392
East 0.418614683002
North 0.0148578622813
South 0.043156134617

row12col17
West 0.241201906063
East 0.12670241328
North 0.463269839489
South 0.271374778485

row12col18
West 0.302025936322
East 3.29941357967e-12
North 0.0175502788465
South 0.0317759126103

row12col20
West 0.0
East 0.0034749703523
North 0.0
South 0.0

row12col21
West 3.38794847726e-05
East 5.80789847632e-05
North 2.4434322718e-05
South 0.0326389162099

row12col22
West 0.00319281021861
East 0.0
North 2.87798310425e-06
South 0.0

row13col5
West 0.0593078670994
East 0.334220663971
North 0.0353704242346
South 0.0424468649283

row13col6
West 0.0576118969009
East 0.154397019475
North 0.376986803374
South 0.158119712042

row13col9
West 1.03980688539e-06
East 0.0
North 5.65047288935e-08
South 0.0235058507785

row13col17
West 0.185882826798
East 0.146720928068
North 0.440034492756
South 0.182315944658

row13col18
West 0.413822763807
East 0.153728141107
North 0.0080633871049
South 0.0607228176063

row13col21
West 0.00192657173109
East 0.00318505066272
North 5.49412236564e-16
South 0.0722536652652

row14col1
West 0.0
East 0.00117471991071
North 0.0
South 0.0

row14col2
West 1.01614134753e-05
East 0.035167960832
North 1.61969164249e-07
South 3.69541522507e-05

row14col3
West 0.000173475600429
East 0.0843690825438
North 0.00222020593521
South 1.36534707854e-05

row14col4
West 0.000560184906041
East 0.165159054433
North 0.00579052599124
South 1.01473877896e-05

row14col5
West 5.93844783022e-08
East 0.000453098336405
North 0.266917740775
South 0.01568364081

row14col6
West 0.0269743013409
East 0.0355183446052
North 0.355565520268
South 0.0777371512959

row14col7
West 0.300309532358
East 0.00491125290738
North 0.0128295897875
South 0.00821534434685

row14col8
West 0.210774363444
East 0.0073269927381
North 0.000356712814259
South 5.87655584709e-05

row14col9
West 0.102557487285
East 1.0399752786e-08
North 3.96707637451e-17
South 0.0

row14col10
West 0.0158025211941
East 0.0
North 0.0
South 0.0

row14col11
West 0.000661043819378
East 0.0
North 0.0
South 0.0

row14col12
West 0.0
East 0.000214252683501
North 0.0
South 0.0

row14col13
West 0.0
East 0.0051985446222
North 0.0
South 0.0

row14col14
West 0.0
East 0.0420693587729
North 0.0
South 0.0

row14col15
West 0.0
East 0.161194281847
North 0.000397918900285
South 0.00304935372395

row14col16
West 0.000586128337697
East 0.325999314675
North 0.0
South 0.0100910376914

row14col17
West 0.0786911327417
East 0.0418619529406
North 0.416876146905
South 0.107940852486

row14col18
West 0.0458526704727
East 0.0180871274591
North 0.373236843695
South 0.0169668754993

row14col19
West 0.30837010152
East 0.0158507292718
North 0.0259440665593
South 0.00334875551907

row14col20
West 0.230418250476
East 0.000492147141062
North 6.53709073216e-05
South 0.00343658989374

row14col21
West 0.136345413069
East 1.90342190544e-07
North 0.000735706546546
South 6.66866648254e-05

row14col22
West 0.00202980869929
East 1.07727078176e-26
North 7.36434013821e-27
South 7.15096807262e-25

row15col1
West 0.0
East 2.72058451775e-06
North 0.0
South 0.0

row15col2
West 0.0
East 4.29716077861e-05
North 0.0130600064746
South 4.09957328398e-05

row15col3
West 0.0
East 0.00171481950004
North 0.0
South 2.86423556156e-08

row15col4
West 2.86423556156e-08
East 0.0361053287815
North 2.10153849882e-08
South 0.0

row15col5
West 0.0014263498269
East 0.166610453762
North 0.0
South 0.0117930797736

row15col6
West 0.0325533634335
East 0.0542890619582
North 0.317759140081
South 0.0582078961314

row15col7
West 0.256695264833
East 0.00474843386003
North 0.0340232181099
South 0.0165600858538

row15col8
West 7.33482814912e-12
East 4.29057969051e-05
North 0.0681880792247
South 0.000128107903584

row15col9
West 0.0082324041692
East 0.0
North 0.0
South 0.0

row15col10
West 0.000143678984191
East 0.0
North 0.0
South 0.0

row15col11
West 0.0
East 2.15700037931e-06
North 0.0
South 0.0

row15col12
West 0.0
East 0.000144856880508
North 0.0
South 0.0

row15col13
West 0.0
East 0.00689317299959
North 0.0
South 0.0

row15col14
West 0.000250423964714
East 0.050801869975
North 0.0
South 0.0

row15col15
West 0.000904674983043
East 0.280249015881
North 0.0141016669759
South 0.048675057673

row15col16
West 0.0400322030394
East 0.339549870869
North 0.0356413863165
South 0.0297008474748

row15col17
West 0.0322489716274
East 0.0141598114178
North 0.386323565481
South 0.0412726868353

row15col18
West 0.135011218842
East 0.00060396980821
North 0.0173378604599
South 0.00641303289522

row15col19
West 2.19802582522e-14
East 0.000632574975081
North 0.060255222369
South 1.68414995756e-06

row15col20
West 0.00235630146613
East 0.0
North 0.0523528713513
South 1.73879589859e-05

row15col21
West 0.00268241116464
East 3.74080651555e-25
North 8.11056680154e-11
South 0.0

row15col22
West 4.77460734296e-24
East 4.42248005142e-25
North 2.43109406754e-09
South 5.14003114181e-25

row16col2
West 1.24732857349e-06
East 1.75300310446e-10
North 0.00449977033365
South 7.50955993582e-10

row16col7
West 0.0019091955812
East 0.0175806457025
North 0.183207478685
South 0.00816566662289

row16col15
West 0.0462994607694
East 0.00761997680853
North 0.219011590148
South 0.0118596777715

row17col1
West 0.0
East 0.000144785976235
North 0.0
South 8.26165186877e-10

row17col2
West 1.61623675765e-14
East 9.13886763623e-06
North 0.00126640830432
South 1.03147773846e-11

row17col3
West 0.000225041721229
East 0.0
North 5.46180452688e-20
South 1.26486226423e-08

row17col4
West 3.02610515678e-07
East 0.0
North 0.0
South 0.0

row17col6
West 0.0
East 0.0113344876764
North 0.0
South 0.0

row17col7
West 0.000219340932577
East 0.000446285860206
North 0.114332847331
South 0.00132694876251

row17col8
West 0.0257234593365
East 1.9179393985e-26
North 4.80647892981e-06
South 1.65811005243e-05

row17col9
West 0.00208354568106
East 0.0
North 3.08184753606e-26
South 0.0

row17col10
West 6.70682971363e-05
East 0.0
North 0.0
South 0.0

row17col11
West 7.94172765521e-07
East 0.0
North 0.0
South 0.0

row17col13
West 0.0
East 6.49502282883e-05
North 0.0
South 0.0

row17col14
West 6.39433899181e-21
East 0.026253294835
North 0.000288850257674
South 0.0

row17col15
West 0.00137989708431
East 0.00191392456506
North 0.144712117824
South 0.000636518840006

row17col16
West 0.0333556476788
East 1.76734644963e-24
North 0.0
South 3.32946438279e-27

row17col18
West 0.0
East 0.0
North 0.0
South 0.000101246800125

row17col19
West 0.0
East 0.0
North 0.0
South 5.76505830921e-06

row17col20
West 0.0
East 0.0
North 0.0
South 4.31686118701e-07

row17col21
West 0.0
East 0.0
North 0.0
South 1.5457640653e-07

row17col22
West 0.0
East 0.0
North 0.0
South 5.69311005799e-18

row18col1
West 0.0
East 0.0
North 3.04419777472e-06
South 0.0

row18col2
West 0.0
East 0.0
North 1.78349520148e-05
South 0.0

row18col3
West 0.0
East 0.0
North 1.59596595806e-05
South 0.0

row18col4
West 0.0
East 0.0
North 1.1552779316e-10
South 0.0

row18col6
West 0.0
East 0.000432355473434
North 0.0
South 0.0

row18col7
West 4.96527042063e-06
East 7.32613203336e-05
North 0.0450313042533
South 5.57793670991e-05

row18col8
West 0.0130802978084
East 1.73953532114e-16
North 0.000579331381979
South 7.32617836169e-07

row18col9
West 0.00312408221772
East 1.99873051482e-07
North 6.78250250971e-06
South 7.90262813525e-07

row18col10
West 0.000492318463005
East 0.0
North 0.0
South 3.39042430564e-28

row18col11
West 1.53767445294e-05
East 0.0
North 0.0
South 0.0

row18col13
West 0.0
East 0.000129880579422
North 0.0
South 0.0

row18col14
West 0.0
East 3.16842948964e-16
North 0.00322654968121
South 0.0

row18col15
West 2.17612172784e-07
East 0.0021378770245
North 0.0730035412672
South 8.58883880585e-05

row18col16
West 0.0313830397228
East 0.000174603118209
North 0.00158939742154
South 0.000190930467122

row18col17
West 0.0121345601557
East 3.62674356394e-05
North 0.000611133366061
South 0.000349198472263

row18col18
West 0.00335963828737
East 2.29975484727e-10
North 3.76767562113e-08
South 2.60558099505e-06

row18col19
West 0.000635004386465
East 0.0
North 1.10532048054e-08
South 2.16554255743e-06

row18col20
West 0.000104420791379
East 2.2226218479e-07
North 2.21860778065e-13
South 0.0

row18col21
West 1.06787722218e-05
East 0.0
North 0.0
South 5.73392543478e-20

row18col22
West 5.61028043431e-07
East 0.0
North 0.0
South 0.0

row19col1
West 0.0
East 0.0
North 3.18473711665e-08
South 0.0

row19col2
West 0.0
East 0.0
North 4.96837693251e-07
South 0.0

row19col3
West 0.0
East 0.0
North 5.05426918919e-09
South 0.0

row19col4
West 0.0
East 0.0
North 1.68791007285e-13
South 0.0

row19col6
West 0.0
East 0.000472192285606
North 0.0
South 0.0

row19col7
West 1.34689214135e-11
East 1.0634287509e-06
North 0.00654091609609
South 4.88967394124e-05

row19col8
West 4.94776040424e-07
East 0.0
North 0.00090277215181
South 0.0

row19col9
West 4.06095798435e-05
East 0.0
North 0.0
South 0.0

row19col10
West 0.0
East 1.28020802099e-31
North 3.9044288649e-05
South 3.39042430564e-28

row19col11
West 1.4393281879e-06
East 1.28020802099e-31
North 3.430223557e-29
South 0.0

row19col13
West 0.0
East 8.83218850044e-06
North 0.0
South 0.0

row19col14
West 0.0
East 0.000288955761298
North 4.53921818673e-26
South 0.0

row19col15
West 0.0
East 0.0
North 0.00715367516599
South 0.0

row19col16
West 0.0
East 0.0
North 0.00307611996038
South 0.0

row19col18
West 5.12177922174e-27
East 2.49034511521e-09
North 0.000202941447258
South 5.12177922174e-27

row19col19
West 0.0
East 0.0
North 5.36109689676e-05
South 2.49034511521e-09

row19col20
West 0.0
East 0.0
North 8.27427586863e-06
South 0.0

row19col21
West 4.8711788159e-07
East 0.0
North 0.0
South 0.0

row19col22
West 0.0
East 0.0
North 7.62308466623e-09
South 0.0
