0.103214279721
0.122335384446
0.134755454789
0.129220430447
0.128699745241
0.12861118759
0.129074297182
0.129214613166
0.129579628409
0.128549837075
0.124554196774
0.123988194478
0.125582009195
0.124107879678
0.123568898829
0.124480789499
0.126819327272
0.129643863743
0.130121663549
0.131323562285
0.132479125606
0.132387054156
0.133108144977
0.134129108061
0.135496932318
0.137951612372
0.1378854453
0.138721779439
0.138892920568
0.139570532991
0.142147288179
0.142908926815
0.143556703604
0.143231897312
0.145047959207
0.146147544589
0.146672322036
0.147397674796
0.148172754447
0.148795362656
0.14982234357
0.150479303633
0.152450848794
0.153523735931
0.154379640683
0.155070492548
0.15509806093
0.156236393994
0.157202208853
0.157800426288
0.158635224103
0.159662713373
0.160462674027
0.162193707007
0.163496645808
0.163990848667
0.164660521368
0.165598045215
0.166307804571
0.167711939833
0.168317215216
0.16952396242
0.170052622027
0.170450302531
0.171871876789
0.172658470274
0.173927787387
0.175038623347
0.17547786218
0.176324554148
0.177109413468
0.177742130549
0.178325769631
0.178587651243
0.179111483208
0.179986897009
0.180632062393
0.18132045889
0.182430878517
0.183192088324
0.184749859424
0.185454389672
0.18642461402
0.187205716509
0.188294830034
0.18916143009
0.190095513103
0.190951220754
0.191607216269
0.192915218625
0.193393992247
0.194319278639
0.195792612111
0.196750774338
0.19764601255
0.198399110319
0.199553950852
0.200150406648
0.200797974143
0.201351980405
0.20203051875
0.202688667357
0.203397854092
0.204020449775
0.205064107025
0.205641757044
0.206633391526
0.207277624227
0.207687719265
0.208710627126
0.209429432569
0.209911189095
0.21062700442
0.211332142409
0.211867040216
0.212791646229
0.213704809222
0.214214056162
0.214997089917
0.215432651063
0.216167644865
0.217086480931
0.217587974524
0.218126702274
0.218983452857
0.219297004308
0.219806065669
0.220131009627
0.220693748056
0.221040982589
0.221800571593
0.222317988877
0.22309941669
0.22354183955
0.224031049744
0.224266901974
0.224715368552
0.225137536706
0.225717580656
0.226084988569
0.226514341104
0.227123191095
0.227583779831
0.227928226155
0.228359136564
0.228805627261
0.22945489369
0.230149135104
0.230778812889
0.231095279562
0.231490499834
0.232039932508
0.232738239917
0.233339739342
0.233685509828
0.234214904035
0.234771001871
0.235165987071
0.235631798783
0.236111690253
0.23673362531
0.237157926261
0.237592363204
0.23814424141
0.238537390579
0.238781444124
0.239179116916
0.239784280979
0.240250641635
0.240661855614
0.241205989515
0.241741074385
0.242137683162
0.242492695251
0.242894107021
0.243447858631
0.24382433439
0.244365067064
0.244832012695
0.245452792736
0.245685482015
0.246101681078
0.246522293637
0.246897511006
0.247310789389
0.247684573052
0.24797619277
0.248383960255
0.248857276768
0.249138726893
0.249792844042
0.249994438851
0.250485006519
0.25090654749
0.251364022045
0.251617047639
0.251995811609
0.252316136165
0.252858066324
0.253221151706
0.253479390418
0.253865509831
0.254245595047
0.254679725924
0.255046164007
0.255507883408
0.255924458653
0.256278279171
0.256508157662
0.256950092177
0.257310085792
0.257570664674
0.257950722875
0.258316421257
0.258735656358
0.258867841817
0.259247034898
0.259570952985
0.25999736719
0.260452347912
0.260646023356
0.261033442442
0.261523070145
0.261774101888
0.261927319596
0.262178401221
0.262437146202
0.262737077683
0.263057428006
0.263320201193
0.263663955522
0.263892024028
0.264486690567
0.264690523894
0.265077898346
0.265312904511
0.265615182114
0.265637388479
0.266026916971
0.266350027548
0.266733790675
0.266960721578
0.267274037102
0.26745327718
0.267711178255
0.268135350499
0.268340952747
0.268545797337
0.268900527246
0.269251548261
0.269532895569
0.269737619708
0.269908649249
0.270296013193
0.270451365651
0.270665361454
0.271030557507
0.271188125833
0.271444839165
0.271759730076
0.272113467698
0.272307550206
0.272554015905
0.272867079912
0.273069265753
0.273273688064
0.27343728166
0.273630147131
0.273960923442
0.274198190086
0.27432080773
0.274619891528
0.274829098794
0.275043877387
0.275181623257
0.275410419848
0.275694548814
0.275907670265
0.276103478515
0.276265070175
0.276520732593
0.27674246468
0.2769486991
0.277137924744
0.277320538271
0.277499707443
0.277611242652
0.277911414587
0.278260700593
0.278429252916
0.278624334044
0.278746549471
0.279030238281
0.279304724928
0.279458269457
0.279739790372
0.279919671699
0.280082442489
0.280260753697
0.280540365708
0.280735890613
0.280960371779
0.28116160488
0.281383826005
0.281519637331
0.281768067569
0.281981198977
0.282143810966
0.282345129833
0.282494866331
0.28252078725
0.282755420331
0.282972261289
0.283122998133
0.283213657007
0.283396400751
0.283551438913
0.283685808114
0.283870854774
0.284068403177
0.284291646998
0.284427383544
0.284747756783
0.284868818619
0.284980959749
0.285192809657
0.285388655693
0.285662687467
0.285823358777
0.286074885092
0.286306935797
0.286485707146
0.286615050947
0.286825921183
0.287003475955
0.287160450079
0.287457417012
0.287562428135
0.287659026231
0.287834686941
0.28800709505
0.288093571919
0.288295073
0.28831499592
0.288477977609
0.288679849643
0.288860135737
0.289174712741
0.289332645757
0.289548350816
0.289764218572
0.289889326726
0.289987979272
0.29010226189
0.290240192787
0.290349455807
0.290479502099
0.290620896622
0.29073933705
0.290968579889
0.291125915848
0.291194120194
0.291272460505
0.291303665731
0.291528089389
0.29168066283
0.291793271373
0.29199899921
0.292095447248
0.292151550083
0.292279823562
0.292238272366
0.292319073282
0.292443144403
0.292551450238
0.292757083993
0.292958561508
0.293197518432
0.293272885688
0.293503745399
0.293623869985
0.293649531305
0.293791612975
0.294011023228
0.294016063529
0.29428820005
0.294388917711
0.294563045106
0.294684247799
0.294781427036
0.294888798258
0.294973346886
0.295080128425
0.295249950592
0.295371451799
0.295594507274
0.295789556999
0.295990882008
0.296084983134
0.296264291455
0.296413783153
0.296582881329
0.29667146129
0.29678640026
0.296898127433
0.297066920908
0.297138336312
0.297161927387
0.297289364293
0.297441238627
0.297548051599
0.297634757733
0.297726442828
0.297788725107
0.297893625176
0.298095667805
0.298178978802
0.298296145078
0.298460501918
0.298608786903
0.298675359114
0.298904274049
0.299100587841
0.29916452958
0.299213839198
0.299268737712
0.299434435264
0.299589457158
0.29965335157
0.299719591116
0.29985378248
0.299983520681
0.300105485699
0.300268564768
0.300354602105
0.30047287361
0.300537608464
0.300646018633
0.300723510275
0.300785470574
0.300941428812
0.301076518753
0.301118228582
0.301149375394
0.301266362057
0.301408097605
0.301521818289
0.30159074102
0.301615105619
0.301799382918
0.301895241717
0.301838947329
0.30194101869
0.301977717542
0.302008289775
0.30207284649
0.302212894217
0.302307574379
0.302443194921
0.302475992632
0.302582055056
0.302672468272
0.302787625817
0.302878210084
0.302909450262
0.303009925451
0.303131726846
0.30328940738
0.303357990825
0.30354736021
0.303681535543
0.303713548777
0.303748692665
0.30378639079
0.303903198876
0.30399436643
0.304045573057
0.304143998116
0.304222210326
0.304330840578
0.304334523821
0.304400988462
0.304508523526
0.304563749198
0.3047361825
0.304776181447
0.304866662095
0.304932451335
0.305028605797
0.305141392138
0.305299023425
0.305411625199
0.305529308768
0.30562149932
0.305803137684
0.305895056015
0.305976921158
0.30603040398
0.306084979084
0.306175868803
0.306311954946
0.306455941782
0.306559605738
0.306605119062
0.306571760006
0.306677252416
0.306818295022
0.306809924366
0.306917124614
0.306886594583
0.306939522814
0.306979540752
0.307019487416
0.307008516597
0.307130450986
0.307214595523
0.307386269449
0.307469251482
0.307506027923
0.307578626786
0.30766456643
0.307805205789
0.307872534444
0.308007576356
0.308121384764
0.308170152771
0.308209360933
0.308262719239
0.308378514
0.308451448656
0.308532342082
0.308680962745
0.308686245711
0.308727661074
0.308742918829
0.308743659571
0.308794229987
0.308828708281
0.308824768009
0.308924722684
0.309013548324
0.309039143063
0.309081310803
0.309161575242
0.309248307934
0.309311682725
0.309349626489
0.309426889896
0.309446616622
0.309506910595
0.309568224545
0.309586185145
0.309693009845
0.309811049422
0.309837462134
0.309940934373
0.309950538486
0.310011822573
0.310066800966
0.310063193023
0.310171057676
0.310203236096
0.310292574965
0.310337387073
0.310374019179
0.310467776681
0.310547342246
0.310595606123
0.310680650445
0.310711041192
0.310712911744
0.310735542519
0.310821705212
0.310815272864
0.310855639488
0.310905292565
0.310958798687
0.310986043377
0.311001791137
0.311029555704
0.311060234465
0.311167159883
0.311259242868
0.311313029016
0.311339698154
0.311361674632
0.311426103355
0.311514281662
0.311567516478
0.311642079331
0.311704313167
0.311758051749
0.311821257202
0.311856500949
0.311995149259
0.312084120975
0.312159975954
0.312225531103
0.312229114719
0.312338494395
0.312387353675
0.312447682774
0.312467022156
0.312475487094
0.312520600448
0.312539079409
0.312646944275
0.312634579699
0.31263600593
0.31264765567
0.312653281576
0.312690405756
0.312732154414
0.312780666191
0.312919712084
0.312946054077
0.312992684452
0.313015895328
0.313041964044
0.313108306826
0.313182105148
0.313231697365
0.313262177762
0.313279343126
0.313356021248
0.313457116366
0.313458553753
0.313534703027
0.313583127529
0.313590960002
0.313635141006
0.313709594177
0.313776316193
0.313786499783
0.313825265626
0.31385183011
0.313933005076
0.313989283036
0.314005439634
0.314059450059
0.314125909281
0.314155824539
0.314187761364
0.314216615414
0.314231773795
0.314299681754
0.314363817744
0.314405860447
0.314421769871
0.314458953234
0.314508286364
0.314536909798
0.314575056087
0.31460991747
0.314711478492
0.314786496103
0.314821033829
0.314873350638
0.314895161407
0.314958066442
0.315041672797
0.315114746999
0.315131989754
0.315147142474
0.315190567599
0.315259774673
0.315260603619
0.315271611969
0.315322883371
0.315317232702
0.315350292617
0.315406940196
0.315483490658
0.315537390614
0.315627869705
0.315661805182
0.315785154648
0.315776657254
0.315813694249
0.315891229202
0.315946104542
0.316012894671
0.316045301952
0.316160218658
0.316212002177
0.316268915235
0.316370692989
0.316390502782
0.316443673573
0.316450047872
0.316501333862
0.316541529344
0.31657957997
0.316677720988
0.316742442782
0.316773653293
0.316801373506
0.31687610076
0.316856419093
0.316912177894
0.316957211692
0.316984634169
0.317037465145
0.317091732736
0.317138371547
0.317162794032
0.317239731873
0.317243816659
0.317295340768
0.317296229282
0.317346751542
0.317361201108
0.317412624703
0.31744754046
0.317494278752
0.317527779519
0.31755228331
0.31759465688
0.317647084432
0.317697344622
0.317789892513
0.317815224708
0.317829326283
0.317905141379
0.317916088997
0.317952057504
0.317965760583
0.318029725605
0.318070181898
0.318125148933
0.318175159052
0.318172885992
0.318163746046
0.318289223262
0.318352629044
0.318380715111
0.31841816468
0.31843470205
0.318515645988
0.318534885491
0.318597713258
0.318576980515
0.318649389991
0.318690105467
0.318721320159
0.318777540527
0.318813966395
0.318808045096
0.318867425153
0.318849959581
0.318844254411
0.318851770134
0.318865116961
0.318901202811
0.318908432024
0.318957292682
0.318986709669
0.319021533146
0.319101328905
0.319141884083
0.319165595495
0.319239484131
0.319286564586
0.319363876432
0.319375632346
0.319418980125
0.31944406449
0.319539425547
0.319606164898
0.319702932949
0.319751256834
0.319792888764
0.319859631737
0.319922190363
0.319961003507
0.320011002635
0.320048384144
0.320089264784
0.320095418302
0.320145245672
0.320180823843
0.320219481413
0.320249270396
0.320274138889
0.320337763148
0.320339195402
0.320360452839
0.320367237556
0.320403423439
0.320467312438
0.32049548001
0.320558078216
0.32059492935
0.32059471617
0.320625871545
0.320631607261
0.320658719838
0.320671856486
0.320724251789
0.320744506243
0.320810466721
0.320855443705
0.320899774638
0.320914169839
0.320948324113
0.320965036894
0.320978071825
0.321054136557
0.321093348723
0.321138011947
0.321174076935
0.321159540842
0.321175966423
0.321232900311
0.321244883545
0.321300390463
0.321302286947
0.321299957665
0.321305494228
0.321344148806
0.321399903909
0.321428313914
0.321474779731
0.321493537164
0.321508212674
0.321550478722
0.321530187985
0.321600776689
0.32160526941
0.321626003125
0.321658020855
0.321682505525
0.321747784455
0.321760200024
0.321788167393
0.321792844259
0.321888291985
0.321939669223
0.321990694171
0.322017503767
0.322031475548
0.322086807125
0.322141611856
0.322176616275
0.322210547147
0.322230352081
0.322269618157
0.322304587526
0.322338694103
0.322390035743
0.322392132242
0.322417365909
0.32246027455
0.322471283449
0.322503519234
0.322542308562
0.32261700939
0.32264330062
0.322690683275
0.322720503329
0.322726930558
0.322763273913
0.322788667207
0.322835911651
0.322844653276
0.322861334071
0.322871493488
0.322865491968
0.3229079296
0.322951444674
0.322916574445
0.322955375015
0.322981156938
0.323009788045
0.323054906069
0.323054448273
0.323086075239
0.323117852453
0.32314352167
0.323173949946
0.323211215154
0.323239308427
0.323219166727
0.323220199085
0.3231904148
0.32319774943
0.323250679295
0.323244584503
0.323270988226
0.323290330197
0.323338562859
0.323376537414
0.323392187475
0.323377467337
0.323386548799
0.323381934158
0.323418055519
0.323433127911
0.323449072755
0.323483517341
0.323503735855
0.323532264221
0.323520710356
0.323535149332
0.323586814079
0.323575094834
0.323572436994
0.323602842746
0.323624621917
0.323628714143
0.323633311455
0.323668944377
0.323693320824
0.323691616358
0.323711035318
0.323753477417
0.323784141506
0.32382550722
0.323909004286
0.32391809834
0.323965867001
0.324021316274
0.324035172488
0.324065408562
0.324084860205
0.324121295277
0.324170598283
0.324187815907
0.324218340947
0.324236340013
0.324236245946
0.324238509445
0.324284008084
0.324344469109
0.324366704569
0.324357376179
0.324389665513
0.324435834467
0.324451779527
0.324453754051
0.32445137885
0.324493936769
0.324523041109
0.324569405797
0.324573007402
0.324638158739
0.324662601834
0.324672285773
0.324693118562
0.324712516662
0.32476535568
0.32480974124
0.324844637409
0.324830221586
0.324857709531
0.324847696185
0.324867265407
0.32490781166
0.324894687012
0.324883810896
0.32493708732
0.324932702692
0.324979308748
0.324992307731
0.325011230358
0.325006940456
0.325042736262
0.325087687644
0.325130730372
0.325176285106
0.325189250438
0.325195522675
0.32520179381
0.325237628988
0.32524759685
0.325275581767
0.325314623084
0.325327920183
0.325331291866
0.325338312284
0.325356209231
0.325373185881
0.32541413404
0.325402885241
0.325417535673
0.325412365458
0.325447931128
0.325453603492
0.325465953409
0.325470939317
0.325490216983
0.325530355114
0.325508820693
0.325534415765
0.325562792809
0.325589990174
0.32556514936
0.325564668333
0.32555723146
0.325574517908
0.325599015533
0.325641597715
0.325689094773
0.32568289006
0.32569634386
0.325752994748
0.325748126478
0.325744668863
0.325781573233
0.325768456251
0.325768923475
0.325759494738
0.325755944012
0.325800617435
0.325821646134
0.325820053057
0.325829648154
0.325842354572
0.325836098739
0.325840200386
0.325855672269
0.325871281103
0.325861230696
0.32587494809
0.325914153414
0.325893150387
0.32589393665
0.325913375926
0.325956389993
0.325946843627
0.325952793139
0.325963722496
0.325954471854
0.32598237739
0.325997695671
0.326032140991
0.32603553528
0.326034914483
0.326108766739
0.326115278316
0.32612922094
0.326131669012
0.326132744253
0.326122706401
0.326116947752
0.326138039741
0.326156475089
0.326180568021
0.326159783131
0.326168360525
0.32619628979
0.326273928555
0.326303204914
0.326334786814
0.326332602856
0.326325202829
0.326336360511
0.326398294637
0.326397293286
0.326398388147
0.32644814685
0.326466979336
0.326459006683
0.326443264384
0.326476824526
0.326495624285
0.326507754512
0.326537951738
0.326547053578
0.326549658946
0.326585195983
0.326615002679
0.326615903981
0.326636158443
0.326634880511
0.326641972152
0.32665208319
0.326661154364
0.326688369599
0.326705411402
0.326701751814
0.326724597375
0.32675194526
0.326798491334
0.326783994242
0.326825993329
0.326870860246
0.326871182992
0.326918631827
0.326954211141
0.326950685905
0.326965935752
0.327001919307
0.327026021669
0.327068951673
0.327088662249
0.327123700716
0.32716609992
0.327197483784
0.327201998561
0.32723217586
0.327248010768
0.327319142281
0.327378938036
0.327369363867
0.327395154564
0.327415450442
0.327451027649
0.327463441145
0.327453202292
0.327457209591
0.327470063299
0.327476466592
0.327496657313
0.327494067368
0.327504442081
0.327529115834
0.327545660072
0.327602489247
0.327627456885
0.327643665463
0.327631749749
0.327633135644
0.327654280087
0.327685912309
0.32768194872
0.327701779039
0.327735754074
0.327739082713
0.327742129584
0.327795939232
0.327803166956
0.327823853039
0.32785417166
0.327857835517
0.327861392012
0.327901085146
0.327889851452
0.327893358198
0.327873173254
0.327898912061
0.327918270997
0.32791336121
0.327930749271
0.327936788937
0.327941738857
0.327958560673
0.327998616465
0.327983729063
0.328017964249
0.328014478891
0.328048928266
0.328022216384
0.328009656279
0.328049909133
0.328062012259
0.328069907725
0.328103395798
0.328090043434
0.328109763404
0.328108483451
0.328123376397
0.328114031894
0.328151280803
0.328189314658
0.328220685442
0.32819938938
0.328218546908
0.328215279965
0.328234627574
0.328241679506
0.328289330343
0.328310262853
0.328351529717
0.32839202205
0.328390734514
0.328402290484
0.328417444384
0.328399405536
0.328440819215
0.328472842046
0.328491175966
0.328480349706
0.32851837696
0.32853416895
0.328523945884
0.328529908662
0.328588572834
0.328609592685
0.328620260147
0.328627371357
0.328658360675
0.328661324603
0.328694429871
0.328676815752
0.328706109611
0.328723699949
0.328710844136
0.328721491739
0.328716977969
0.328721278028
0.328723625061
0.328758095317
0.328772062439
0.32877172686
0.328824005012
0.328824537982
0.328853998091
0.328874918318
0.328862553113
0.328879848932
0.328894163888
0.328924967337
0.328950728767
0.328957161454
0.328974640554
0.328987940434
0.329011253453
0.329005110145
0.329013145811
0.329051879646
0.32907269836
0.329093658836
0.329126969917
0.32913037901
0.329177402167
0.329200885323
0.329223776622
0.329189495628
0.329201906595
0.329195726987
0.329199860073
0.329194415887
0.329199460319
0.329222091241
0.329220295458
0.329242290088
0.329227253969
0.329241309045
0.329269203665
0.32928079514
0.329285789057
0.329293707936
0.329322992559
0.329372213655
0.329367648894
0.329371259367
0.329405797795
0.329421752147
0.329446263874
0.329438530507
0.329443538411
0.329473731758
0.329500871471
0.32951339872
0.329526972346
0.329529087648
0.329537401106
0.329563504012
0.329544146724
0.329545107203
0.329557569796
0.329588214479
0.329569199274
0.329574072965
0.32958295873
0.329580970794
0.329615626113
0.329638815303
0.329666949342
0.329655420063
0.329671520146
0.329663119873
0.329648356169
0.329653802866
0.329692757955
0.329702489635
0.329708072724
0.329715186084
0.329709134552
0.329721487488
0.329726686271
0.329751443331
0.32976827432
0.329749413665
0.329735678437
0.32976779195
0.329776114678
0.329778858822
0.329770417554
0.329805936223
0.329795793858
0.329796199912
0.329814344721
0.32982269721
0.329832597007
0.329840891604
0.329870849036
0.329859403628
0.329860360853
0.329877961157
0.329853886627
0.329831840369
0.329836891262
0.32983193026
0.329825466954
0.329828426085
0.329812194148
0.329864577897
0.329874681714
0.32990125654
0.329880931275
0.329890017259
0.329894072885
0.32993044793
0.329938726108
0.32995141729
0.329955539631
0.329955220911
0.329972974698
0.33001158754
0.330019698363
0.33004547969
0.330052820496
0.330066973418
0.330056827467
0.330059175166
0.330060289271
0.330060113756
0.330058877915
0.330032139824
0.330022031659
0.330042437694
0.330052564055
0.330060719999
0.330084159943
0.330097261079
0.330101175898
0.330083265871
0.330077374775
0.330097410502
0.33010875724
0.330132631085
0.330161996082
0.330199250544
0.330203968022
0.330258336718
0.330261281008
0.330271215657
0.330260841444
0.330264885802
0.330295117147
0.330305911794
0.330307598876
0.330283427164
0.330288720146
0.330313821599
0.33034985518
0.330330574113
0.330347041402
0.330341890087
0.330385323537
0.330394850282
0.330405264564
0.330425241861
0.330404373998
0.330436574474
0.330439552322
0.330453254765
0.330480909131
0.330493982655
0.330490067261
0.330484016365
0.330523606822
0.330529721392
0.330552902601
0.330585531056
0.330572964399
0.330589071449
0.330617205348
0.33062592726
0.330631019467
0.330666509257
0.330685545794
0.330719889303
0.330728979016
0.330724292891
0.330765351202
0.330763027308
0.330805984169
0.330821667144
0.330816190099
0.330796536459
0.330821128768
0.330811380927
0.330823947401
0.33084674099
0.330868270858
0.330865280794
0.330859891499
0.330867091354
0.330899721273
0.330917480281
0.330940617411
0.330962133997
0.33095893013
0.330979583597
0.330974378898
0.331001749105
0.331005335003
0.33100663664
0.331020347162
0.331018612947
0.331040133507
0.331037334261
0.331053748605
0.331060462333
0.331088333461
0.331087695654
0.331090989461
0.331090988071
0.331094915687
0.331102312459
0.331101663509
0.331111261167
0.331120763037
0.33110855303
0.331120824847
0.331099374765
0.331088541732
0.331090067501
0.331102310364
0.331093189559
0.331104074544
0.331159691621
0.331165059412
0.33117996417
0.331187510772
0.331191171457
0.331191342672
0.33121181699
0.331229967372
0.331219663146
0.331219499409
0.331241578483
0.331268511985
0.331280446911
0.331264131245
0.331266681496
0.331275098658
0.331283345579
0.331281409391
0.331295916623
0.331292846874
0.331318171702
0.331323520886
0.331340719783
0.331370435672
0.331373179247
0.331363950329
0.331367615753
0.331390337844
0.331388128468
0.331392292774
0.33140364348
0.331421284634
0.331428118291
0.331426187947
0.331434327158
0.331439832582
0.331419006944
0.331439270731
0.33142863015
0.331452759455
0.331448190193
0.331465790576
0.331476812933
0.33146439356
0.331470827578
0.331482354059
0.331492684577
0.331490605517
0.331489576887
0.331526001052
0.331531306297
0.331555154968
0.331535226454
0.331555351886
0.331564699534
0.331571727237
0.331566423889
0.331590651562
0.331594766951
0.331577026164
0.331578817449
0.331590780067
0.331595726499
0.331612740767
0.331603682515
0.331592890552
0.331588421533
0.331573789301
0.331564737047
0.331580847138
0.331580249741
0.331600014994
0.331609487562
0.331610591718
0.331614513223
0.331617485567
0.33162353709
0.331611697321
0.331634198799
0.331642624931
0.331652955177
0.331666614668
0.331665954231
0.331699674943
0.331702340967
0.331688294405
0.331698367709
0.331711772853
0.331706579014
0.331714092394
0.331714258369
0.331728605199
0.331725534822
0.331755804953
0.331744459615
0.331751769721
0.331754534039
0.331777162422
0.331776926029
0.331792706825
0.331793912043
0.331818383909
0.331836456482
0.331828936842
0.331849687136
0.331861237005
0.331858014987
0.331856267978
0.331863986135
0.331866050585
0.331889618508
0.331896652239
0.331925790549
0.33194343673
0.331952607969
0.331960164665
0.331948008626
0.331953550322
0.331943987809
0.33195992511
0.331969217695
0.331973995408
0.33199474475
0.331988518541
0.331981275287
0.331969408626
0.331962637802
0.331965962693
0.331962891166
0.33195733728
0.331950111777
0.331974140288
0.331975153371
0.331962456527
0.331983564812
0.331991787286
0.331986950747
0.331986555082
0.331988534168
0.331996810003
0.332009609413
0.332013849228
0.332017408197
0.332013699412
0.332024312466
0.332045085479
0.332057788309
0.332076240217
0.332090618707
0.332085205522
0.33207839175
0.33205584119
0.332069639376
0.332091510017
0.332103607578
0.33211378881
0.332116301533
0.332129347757
0.332114433001
0.332138625583
0.332140907943
0.332156876881
0.332187908762
0.33219799636
0.332214040101
0.332215628025
0.332240780519
0.33223022983
0.332229424058
0.332232638902
0.332234463874
0.332251805845
0.33226150691
0.332276401414
0.332289254165
0.332269538645
0.33226297552
0.332300313376
0.33228471651
0.332284747709
0.3323099783
0.332296050692
0.332326576477
0.332318646565
0.33232744678
0.332345197681
0.332358808135
0.332361466818
0.332395442754
0.33237252417
0.332376963693
0.332372250055
0.332369038662
0.332367741811
0.332368132007
0.332359988225
0.332351709936
0.332362412414
0.332377379756
0.332396552335
0.332388770901
0.332403411792
0.332425187681
0.332432488353
0.332427475164
0.332440295037
0.332447962901
0.332473678452
0.332482951145
0.332477953097
0.332485831655
0.332485969136
0.332510657663
0.332511944155
0.332516676506
0.332526414891
0.332531679352
0.33254320759
0.33255747056
0.33255857635
0.332534345267
0.332548849997
0.332572619191
0.332596375897
0.332600022669
0.332604642861
0.332603820706
0.332622840589
0.332607238557
0.332598303694
0.332606902905
0.332612611666
0.332611791517
0.332631587602
0.332638846869
0.332653395752
0.332651687061
0.33265786153
0.332657602592
0.332660962089
0.332656741276
0.33267797484
0.332685351126
0.33269953831
0.332713745394
0.332739978322
0.332749528333
0.332774236954
0.332785955953
0.332801695575
0.332808109195
0.332821413638
0.332838973641
0.33284707883
0.332849503553
0.332857807632
0.332861522514
0.332863370026
0.332867731468
0.332872328459
0.33288627593
0.332888693132
0.33289643134
0.332919476217
0.33292281346
0.332956761762
0.332970840141
0.332966626493
0.332998361716
0.333020457523
0.333036648656
0.333036293324
0.333049928844
0.333052135487
0.333081020672
0.333064346685
0.333078267668
0.333072536334
0.333098232895
0.33309666401
0.333134775648
0.333153535167
0.333154167775
0.333177327089
0.333204283674
0.333193869562
0.333161802086
0.333161773959
0.333190679824
0.333203254553
0.333222375186
0.333236831238
0.333242798415
0.333238936816
0.333250177171
0.333252957887
0.333250348647
0.333275733939
0.33329701823
0.333306025235
0.333328078111
0.333357962107
0.333354727967
0.333356947848
0.333353011448
0.333372467559
0.333380441186
0.333390370824
0.33340441416
0.333426731707
0.333426117579
0.333422437428
0.333429040578
0.333433339458
0.333433268782
0.333432448494
0.333440005068
0.333451815486
0.33345924334
0.333466179431
0.333473011602
0.333502511234
0.333506095153
0.333504885092
0.333505240199
0.333517991226
0.333525080464
0.333523072528
0.333531393956
0.333549702575
0.333566683713
0.333590202739
0.333586832637
0.333595325373
0.333594330794
0.333592436123
0.333596105826
0.333613643578
0.333616850355
0.333616882724
0.333635392523
0.333630391897
0.333646336441
0.33362120668
0.33362745676
0.333629677885
0.333626962886
0.333635396615
0.333649563924
0.333662580865
0.333655077466
0.333664019226
0.333662619919
0.333662948797
0.333682442214
0.333706569985
0.333720638742
0.333715130917
0.333727117933
0.333734818685
0.333749883523
0.333767445746
0.333753866193
0.333759596007
0.333783340982
0.333799524716
0.333817568457
0.333819519473
0.333854132357
0.333863806515
0.333873748255
0.333872395792
0.333880807091
0.333908273923
0.333898311928
0.333892560792
0.333888289318
0.333897682718
0.333883726715
0.333909610069
0.333938360947
0.333947920548
0.333954032407
0.333949823761
0.333964603484
0.333975332856
0.333990465917
0.334002533989
0.334000613824
0.334008231989
0.334016516027
0.334033397527
0.334038699058
0.334046188292
0.334031815342
0.334032938875
0.33402815407
0.334023167212
0.334022603214
0.334036068032
0.3340287642
0.334010778942
0.334017845104
0.334031944697
0.334057749682
0.334080256565
0.334089760343
0.334100182651
0.334123987075
0.334152074816
0.334144420009
0.334155111083
0.334175940972
0.3341853894
0.334192182678
0.334210157168
0.33422827147
0.334231012744
0.334233094062
0.334238117558
0.334246654637
0.334251836164
0.334262007482
0.334258303693
0.334263914434
0.334288564524
0.334295232606
0.334296075758
0.334300295646
0.334278151289
0.33428628381
0.33430176626
0.334290946926
0.334285627736
0.334319728118
0.334325711524
0.334318570198
0.334319120179
0.334337988258
0.334331793481
0.334324192475
0.33433202318
0.334343524734
0.33434146859
0.334352616246
0.334365962615
0.334364370257
0.334374622581
0.334374617808
0.334374485186
0.334408252158
0.334420169498
0.334426692664
0.334415276163
0.334418705766
0.334415793247
0.334426380393
0.334433825286
0.334433230071
0.334444367675
0.334448650608
0.334437215934
0.334444185333
0.334453371036
0.334458702766
0.334445801139
0.334434375514
0.334434416181
0.334433680019
0.334437043255
0.334444669734
0.33444792752
0.334464814673
0.334464143215
0.334472304031
0.334475943988
0.33449037685
0.334488241319
0.33449392673
0.334514199542
0.334501365447
0.334500648861
0.334510043228
0.334503020456
0.334526783409
0.334516024723
0.334519150682
0.334516090445
0.334518037867
0.334519645077
0.334543336726
0.334550356785
0.334561778646
0.33455950908
0.334573817968
0.334571677373
0.334575570495
0.334603844722
0.334614665969
0.33462590128
0.334615644346
0.334616986084
0.334636424493
0.334655152653
0.334662526619
0.334649152982
0.334658386216
0.334675208225
0.334690596963
0.33471510334
0.334706856923
0.334708817128
0.334706000437
0.334710672051
0.334718414304
0.334709096618
0.334696413273
0.334687079366
0.334678015937
0.334695374607
0.334703313542
0.334726514671
0.334718976498
0.334719645779
0.334747127621
0.334751736046
0.334763443158
0.334784813121
0.334795832187
0.334819602568
0.334804777937
0.334792169399
0.334813622398
0.33480737
0.334826244751
0.334852063982
0.334891799186
0.334920355912
0.33492140119
0.334939132975
0.334945002256
0.334945239743
0.334941436197
0.334962798002
0.334970998896
0.334985664298
0.334999812284
0.335011398874
0.335019929106
0.335015062889
0.335002402995
0.334992037394
0.335001139212
0.335002550188
0.335005510271
0.334989586113
0.334986437343
0.334980958359
0.334974755213
0.334972502313
0.334969084162
0.334965195546
0.334977726267
0.334980822635
0.334974746008
0.335000424063
