0.00080541348583
0.000402706742915
0.000268471161943
0.000201353371457
0.000161082697166
0.00138192243358
0.00118450494307
0.0071991686374
0.00639926101102
0.0114473358327
0.0104066689388
0.00953944652724
0.00880564294822
0.0108720513272
0.0115781729983
0.0108545371859
0.0102160349985
0.00964847749859
0.00942347103016
0.00895229747865
0.011444553829
0.0119513265685
0.0114317036742
0.0110703147313
0.0121369165522
0.0121396757184
0.0116900580992
0.0112725560242
0.0108838471958
0.0105210522893
0.0101816635058
0.0098634865212
0.00964400058393
0.0114142867317
0.0110881642537
0.0107801596911
0.0104888040238
0.0107225499296
0.0104476127519
0.0118449735113
0.0115560717184
0.0147478603423
0.014404886846
0.0141150379958
0.0138013704848
0.0135013406917
0.0132140781237
0.0129387848295
0.0126903431557
0.0134118862508
0.0144497324641
0.0142560189725
0.0139870374825
0.0137280182699
0.0134784179377
0.0132377319031
0.0152458110095
0.0152549853279
0.0163769453223
0.0161039962336
0.0158787660767
0.0156226569464
0.0153746782647
0.0164740973543
0.0162206497027
0.015974882283
0.0157364512041
0.0155050328041
0.0152803221837
0.0150620318668
0.0148498905729
0.0146436420927
0.0144430442559
0.0142478679821
0.014057896409
0.0141119044877
0.0139286330008
0.0137500607828
0.0135760093805
0.0141941210254
0.0140188849634
0.0150674351468
0.0148858997835
0.0147086866909
0.0146887500046
0.0155297578905
0.0162406583027
0.0165825726744
0.0163962516331
0.0162140710594
0.0170798504983
0.0173486785747
0.0171722346615
0.0170134524717
0.0169074612249
0.0167313418371
0.0165713695684
0.0167680759222
0.016598701418
0.0165987977878
0.0164344532552
0.0164356643603
0.0163588691629
0.0162015723441
0.0160665826524
0.0159150111179
0.0157662726963
0.0160670219387
0.0159860314645
0.0158407039057
0.0161848057513
0.0160402985571
0.015945900823
0.0159042199486
0.0160620629284
0.0159970947914
0.0159087107567
0.0158149882293
0.0157296199479
0.0155985397816
0.0154696262297
0.0153428260147
0.0152180875918
0.015095361079
0.0149745981904
0.014855752173
0.0147387777464
0.0146236310453
0.0145102695643
0.0143986521061
0.0153126822333
0.0152200073844
0.0151055712386
0.014992843095
0.01490687058
0.0147972612375
0.0146892520314
0.0146161920884
0.0145110396273
0.0144073893443
0.014305209278
0.0142044683676
0.014105136421
0.0140071840847
0.0139189554481
0.0138236201368
0.0137295819046
0.0136368144593
0.0135738515073
0.0134833591639
0.0140185808957
0.0139263533898
0.0141540732886
0.0140685847378
0.0144635138702
0.0143707990377
0.0142792652858
0.0141888901891
0.014099651886
0.0141441248011
0.0140676392954
0.0143723976155
0.014284223397
0.0142626531884
0.0141762128661
0.0140908139934
0.01428385776
0.0141988347971
0.0145967743841
0.0148631092049
0.0148128408255
0.014761335097
0.0146760094606
0.0147088524095
0.0146248018243
0.0145417063594
0.0144595498263
0.0143783164003
0.0142979906104
0.0143156821151
0.0143614162145
0.0142825073342
0.014204460846
0.0142704801319
0.014733882942
0.0146546685176
0.0145763013063
0.0144987677887
0.0144220547316
0.0144210943074
0.0143743838912
0.0142995173084
0.0142254265452
0.0141520996042
0.0142454393729
0.0144215723246
0.0147215094654
0.0146704259828
0.0145967052492
0.014755367338
0.0146971633443
0.0146244051099
0.0145554337231
0.0148264057618
0.0150404494603
0.0149674375697
0.0151699137613
0.0151473566829
0.0153601984249
0.0154762042984
0.0154028573586
0.0153542810827
0.015282195256
0.0152323110721
0.0155602421834
0.0155541279794
0.0154824499703
0.0158701451539
0.0158430852478
0.0157710712239
0.0158129867793
0.0157484711296
0.0156778501828
0.0160844854846
0.0160129988825
0.0159421449051
0.0158719151919
0.0159013960643
0.0160561245021
0.0159938737889
0.0159703541422
0.0159647962606
0.0161451444233
0.0163745828215
0.0168132447765
0.0168240833513
0.0171539395397
0.0170818641635
0.0171001989427
0.0170703815542
0.0172610643734
0.0179069229857
0.018055602351
0.0179816039808
0.017921341213
0.0182153601512
0.0183258371522
0.0182519426476
0.0181786416731
0.0181059271064
0.0181694738614
0.0181138719785
0.018081580096
0.0180103927728
0.0180877455864
0.0182632815059
0.0181950465026
0.0182120949817
0.0188763339972
0.0188245171409
0.0187523925542
0.0187013275238
0.0186302198146
0.018718029715
0.0186567897087
0.0185931869672
0.0186126233026
0.0185431732157
0.0184742394863
0.0184105494444
0.0183426138376
0.0184288984688
0.0184051944659
0.0184622862925
0.018662456848
0.0185948392507
0.0185277098672
0.0184610634288
0.0187353965348
0.0186684844043
0.0190025163887
0.0189384627655
0.019190446996
0.0192945915415
0.0192268912203
0.0193916295137
0.0193240628603
0.0192798719123
0.0192131595527
0.0192041774108
0.0193692299559
0.0195872608687
0.0195237850175
0.0194573775855
0.019472083307
0.0196192213397
0.0195531633554
0.0196467662112
0.01958472239
0.0198100493172
0.0198274059938
0.0198434580053
0.0198203812978
0.0197551826751
0.0199481619973
0.0200062900962
0.0199459781172
0.0198812184479
0.0198168779352
0.0197988866326
0.0197352246177
0.0200315422047
0.0202263836579
0.0201619684233
0.020298041352
0.0202376489167
0.0204116234212
0.0203474359262
0.0204916196478
0.0204393096299
0.0204347416062
0.0203897699102
0.0203317568066
0.0202893657974
0.0202269369796
0.0203393697165
0.0202973443346
0.0202354621872
0.0201739562231
0.0201926775965
0.0201316725282
0.0200710349604
0.0203257127194
0.0202648572921
0.0202043651808
0.0201442331415
0.0203631559453
0.0203892972071
0.0204948142755
0.0206296590662
0.020900148433
0.0210053527044
0.020944112609
0.0211455832119
0.0214688763039
0.0214068275285
0.0214856767227
0.0217879337415
0.0217454017939
0.0216832720745
0.0216600365285
0.0216904152727
0.0216844821
0.0221524795673
0.0220900782164
0.0221100468238
0.0220481139195
0.0221094674194
0.0220478811591
0.0221959806301
0.0222711540422
0.0222096315172
0.0221788014332
0.0222186661058
0.0221697838176
0.0221601185129
0.0220997367186
0.022142224826
0.0220822187967
0.0223237031876
0.0222635314809
0.0222251389507
0.0224336506425
0.0225702162532
0.0230398413944
0.0229785652205
0.0229594653697
0.023057122059
0.0229962853254
0.0229389636055
0.0235722721914
0.0235890715716
0.0235274813064
0.023507300161
0.0234462422385
0.0233855006783
0.0234986718402
0.0234409321284
0.0233806726628
0.023526964421
0.023688872859
0.0236891121847
0.0236288345455
0.0236458545296
0.0235922939563
0.0237606214968
0.0237007710648
0.0236412213887
0.0235819702073
0.0236815867291
0.0236225304031
0.023568559611
0.0235557408304
0.0235347795358
0.0236384710843
0.0240401998314
0.024258389891
0.0246255705048
0.0245677789791
0.0245708765822
0.0248896122343
0.0252472468494
0.0253387182638
0.0252775136303
0.0254232003444
0.0254287670679
0.0254334771947
0.0253726315555
0.0256509440953
0.0257848736997
0.0261187897527
0.026056896886
0.0261048217704
0.0262821123597
0.0262202720953
0.0261684822532
0.0265921136345
0.0265698225233
0.0265914513572
0.0265724074959
0.0266813095413
0.0267669568694
0.0267182021486
0.0266566394708
0.0270248149142
0.0269628313937
0.027127523053
0.0271058058333
0.0270459926165
0.0270414208355
0.0271306850645
0.0271941959843
0.0272538098169
0.0274063913263
0.0273557015762
0.0273002413722
0.0274492338336
0.0273902866163
0.0276924262825
0.0276308875574
0.0275866827015
0.0279806113906
0.0280730023801
0.0280635523496
0.0280035558451
0.0279421445384
0.0280293233837
0.028080207412
0.028026037709
0.0283739362138
0.0283201202855
0.0283288502296
0.028267664808
0.0283344262327
0.0283957799022
0.0286952432746
0.0289287090785
0.0290500953839
0.028988154882
0.0292891814457
0.0292450977463
0.0293544344897
0.029306321668
0.029246580138
0.0294749775699
0.0296231393817
0.0296443098061
0.0295822924216
0.0295518263109
0.0296599488082
0.029598285713
0.0295368784812
0.0294770837314
0.0294610422883
0.0296660103883
0.029671539903
0.0296106127163
0.0297446073624
0.0297063122778
0.0296482951675
0.0296979646453
0.0297795414033
0.029803948081
0.0297471353531
0.0298380469051
0.0298038256133
0.0297438581573
0.0296841315345
0.0296338767216
0.0295786642776
0.0297354209967
0.0296761870903
0.0296533189079
0.0295944829577
0.0295489435258
0.0294919829371
0.0294740316543
0.0295001682617
0.0294422111531
0.0294599844089
0.0296035138067
0.0298347859486
0.0297766284711
0.0297436996524
0.0298583601668
0.0298442810853
0.029902365056
0.0298461933348
0.0298206868706
0.0298009469366
0.0299000825951
0.0300715006814
0.0300412293114
0.0299838987211
0.0300527692192
0.030010615908
0.030283012904
0.0302314472822
0.0305429190264
0.0306894686463
0.0308336812126
0.0307770211753
0.0309268757837
0.0309874251689
0.0311070748415
0.0312486997267
0.0314457630574
0.0314923795514
0.0317571416799
0.0316983321582
0.0316884498612
0.0317331986705
0.0316747581573
0.031625001212
0.03157385885
0.0316374829996
0.0315796448223
0.0316722787732
0.0317858720684
0.0320058645055
0.0319551375453
0.0319145167935
0.032112364537
0.0321611115258
0.0321031635771
0.0320947819999
0.0321193411987
0.0321048075066
0.0321273027423
0.0321886303513
0.0324021706248
0.0325458177009
0.0326495305857
0.0326585480142
0.0326533763258
0.0326590215836
0.0328691365498
0.0329544073096
0.0329853953036
0.0329626329555
0.0329525558892
0.0328949465258
0.0328375382421
0.0327937350353
0.0331872208739
0.033129604171
0.0331074191777
0.033215850433
0.0331645022539
0.0331771388523
0.0332579861231
0.0332218188873
0.0334126841188
0.0334543196133
0.0333971327421
0.0336098081828
0.0335820831673
0.0337111048361
0.0339952891465
0.0341500264755
0.0341163370468
0.0340587080991
0.0341115734791
0.0340760516679
0.034048163281
0.0340154792418
0.033960873727
0.0341015593136
0.0340678147539
0.0340110350626
0.0340038471779
0.0341876758058
0.0342630338402
0.0343531863197
0.0343073059413
0.0342621524397
0.0342317006589
0.0341970550702
0.034156831763
0.0342355163301
0.0343167475008
0.0345096613419
0.0346185332588
0.0345621512828
0.0345265756339
0.0346112352427
0.0346270498981
0.0346496947456
0.034657347739
0.0346283364465
0.0347263382969
0.0349222851603
0.0348839160205
0.0349453525063
0.0349758975563
0.0349200255155
0.0350207133669
0.035377658401
0.0354010845172
0.0353448923195
0.0355244772175
0.0356375965158
0.0358725217971
0.0358852647858
0.0359164599555
0.0359816512036
0.0359644582215
0.0359201479383
0.0360941861776
0.0364023681277
0.0363469007884
0.0362902856782
0.0362430073692
0.0361867294074
0.0364400583486
0.0365540127603
0.0365040920831
0.0368701370851
0.0368616536432
0.0368868826073
0.037062366108
0.0370361881877
0.0370504193283
0.0370024158778
0.0369459236398
0.0370284076183
0.0369886626224
0.036972497496
0.0370679101744
0.0370297046997
0.0371549149235
0.0372207496842
0.0371768355096
0.0371748351432
0.0371387890121
0.037248848257
0.0372192134942
0.0371647018175
0.0372583560685
0.0372027465819
0.0371662699065
0.0371146674633
0.0370634352262
0.0370137339769
0.037001267287
0.0369869865391
0.0370726778441
0.0370179983783
0.0371065922402
0.0371917296046
0.0372187792577
0.0373323242536
0.0373800144887
0.0373346972869
0.0374696103811
0.0375157890978
0.0374952670131
0.0375761692634
0.0375544238132
0.0375387394996
0.0375543361138
0.0375098301719
0.0374617031433
0.0376082715096
0.0376358870311
0.0376915058983
0.037668288409
0.0377504255316
0.0377660813715
0.0377640644193
0.0378825097989
0.0378370052814
0.0379570227787
0.0380789901704
0.0381056582826
0.0381385371638
0.0382926976617
0.0382939104435
0.0382691450179
0.0383792797918
0.0383777034121
0.0383435314233
0.0384311586912
0.0384251964802
0.038389132147
0.0383355160407
0.0383151867738
0.0382932903495
0.0383340765412
0.0383325806763
0.0384861221855
0.0385948581998
0.0386283313101
0.0386933244499
0.038742702641
0.0386956837392
0.0387369427098
0.0387965225351
0.0389160339553
0.0390269776762
0.0390087639694
0.0390663267985
0.0391129381849
0.0390994313242
0.0391868582223
0.0392233263903
0.039465567564
0.0395632512629
0.039717719905
0.0399930380578
0.0399874450135
0.0400919897862
0.0401823746258
0.0402748712429
0.0403308145869
0.040283954721
0.0403696912877
0.0405138633373
0.0405488828149
0.0405209456449
0.0405191345981
0.0405085218276
0.0404711272047
0.040441858589
0.0405090736852
0.0405691686422
0.0405935348429
0.040576525503
0.0405770713074
0.0405618176851
0.0405467447125
0.0405994023457
0.0405555152956
0.0406311474508
0.040648728073
0.0406127217075
0.0406915633778
0.0408389835618
0.0411052820748
0.0411676441157
0.0412211214584
0.0411714872938
0.0411816203517
0.0414343009713
0.0416490262197
0.0416735492268
0.0417035439901
0.0417325919659
0.041744905194
0.0417697393261
0.041717399615
0.0416657727454
0.0417291620991
0.0417582503969
0.0420737839705
0.0420271185349
0.0419930003543
0.0420156915898
0.0420837844444
0.0421485404615
0.0422967149343
0.0424735023852
0.0426292315672
0.0426467404826
0.0426319718598
0.0426658005498
0.0427397665937
0.0427253390129
0.0427987478058
0.0428038004933
0.0427938348316
0.0427906046019
0.0427459641031
0.042721476925
0.0427076315716
0.0427365284747
0.0427799596763
0.0427300951569
0.0428937569863
0.0429349269319
0.0429237590032
0.0429587061295
0.0429550317645
0.0430606221925
0.0431562777613
0.0432290227974
0.0433292476915
0.0435193996298
0.0435147158723
0.0435319972221
0.0435896365512
0.0436495009312
0.0437109686227
0.0438189765284
0.0437773133137
0.0438068693028
0.0437980473978
0.0438612450727
0.0438435582903
0.0439802748852
0.0439516613897
0.0439953471012
0.0440466282728
0.0439947802934
0.0440265228829
0.0440731016809
0.0442213174461
0.0443532206323
0.0443831770158
0.0444065678685
0.0443675567558
0.0445468932048
0.0445833461131
0.0445651180993
0.0446038809978
0.0447467207592
0.044749337091
0.0447527261399
0.044855532708
0.0448775566314
0.0449189889535
0.0449494211075
0.0449113033743
0.0451107926928
0.0450774564889
0.0451501577929
0.0451437295753
0.0451196804432
0.0451635053934
0.045283264808
0.0452714203531
0.0453493230322
0.045394033208
0.0454357653744
0.0454791454559
0.0454731532356
0.045461844141
0.045502558732
0.0455378369995
0.0456737286652
0.045817183647
0.0458627996722
0.0458749407899
0.0458344287244
0.0458334468183
0.0458028578873
0.0458603233875
0.0458681872283
0.0459346975223
0.0461180439029
0.0460717839495
0.0462411745854
0.046280061782
0.0463182183129
0.0463197013889
0.0464382225036
0.0465339666374
0.0466181979083
0.0466284269117
0.0467500516497
0.0468653920803
0.0468537845677
0.0468523852857
0.0468383451232
0.0469183579684
0.0469100690388
0.0469896220308
0.0471690350833
0.0472470532442
0.0472594429682
0.0474272425894
0.047482438597
0.0474561449093
0.047536124655
0.0474935151064
0.0476866563338
0.0478073043264
0.0478137683962
0.0479113798277
0.0479423906754
0.0479968342634
0.0479498034
0.0479658388611
0.0481089033443
0.0482396527824
0.0483744724287
0.0483977357931
0.0484868036028
0.0484826176189
0.0486456810168
0.0487810804297
0.0489431352257
0.0490822298655
0.0491830894789
0.0492539595725
0.0493011532583
0.0492754951729
0.0493300298057
0.0495140289357
0.0495049579932
0.0495500268158
0.0495288041003
0.0495500918273
0.0495057121477
0.0497751151729
0.0497617225311
0.0497666677313
0.0497348007207
0.0497379496927
0.0497805491714
0.0498954127317
0.0499135309665
0.0499338721455
0.0500948073328
0.0501386462662
0.0501554742837
0.0501929148083
0.0502675466692
0.0503886920319
0.0503540261898
0.050318287418
0.0503615181251
0.0504323243528
0.0504393485445
0.0506821566804
0.0507173701477
0.0507123285784
0.0508566788779
0.050830541337
0.0509670097764
0.0510400667874
0.0510845089854
0.0512360284228
0.0513356129502
0.0513101835404
0.0513326713732
0.0514961563014
0.0516930881412
0.0518623066645
0.0519729132251
0.051988524308
0.0520622669791
0.0520609244082
0.0520369128295
0.0519896481554
0.0520633799032
0.0521716876805
0.0524018840709
0.0523661598015
0.0524610681763
0.0525041850439
0.0525606839924
0.0525281153547
0.0525221317812
0.0526890138441
0.0529119978824
0.053055908915
0.0532841236633
0.0533806924394
0.0534397509016
0.0535026228146
0.0534623751999
0.0534710868464
0.0535497529731
0.0535727076846
0.0536654514382
0.0538272102752
0.0540040827871
0.0541055687483
0.0541021046279
0.0541429616663
0.0543409480728
0.0544466195419
0.054489650763
0.0545581398916
0.0546424809943
0.0547558813239
0.0548271749606
0.0549004010529
0.055025974475
0.0550435748117
0.0551373810157
0.0551223677916
0.0551692491675
0.0551364312791
0.0552512378055
0.0552397607238
0.0553251426747
0.0554167913359
0.0554344223249
0.0554631708676
0.0554965829644
0.0555349843537
0.0556051637847
0.0556703842152
0.0556440781023
0.0557320786607
0.0558068372504
0.0557667704695
0.055895274713
0.0559085178291
0.0559279006144
0.0560228806717
0.055989458037
0.056011476615
0.0560461389285
0.0561263493496
0.0561048587804
0.0562495071305
0.0562284201099
0.0564421095671
0.0565212883554
0.0566016969418
0.0567254864939
0.0567842629733
0.0567888212849
0.0568351064458
0.0569853051986
0.05704109528
0.0570848178354
0.0571071646209
0.0572477088992
0.0572857447986
0.0574443383343
0.0576145566627
0.0576317813271
0.0576745046951
0.0578377510974
0.0578857086306
0.057929690951
0.0579510621867
0.0579885594059
0.0581361427078
0.0581815500717
0.058190650955
0.058375574493
0.0584169410053
0.0584830017067
0.0585705444968
0.0587385467479
0.0586880754301
0.0587048873961
0.0588074498726
0.0588392619437
0.0589443042777
0.058994222473
0.0590584400887
0.0591320725943
0.059135486674
0.0591887290131
0.0593096334395
0.0594066602437
0.0593552572531
0.0594429369832
0.0594288948739
0.0595099618106
0.0594782136036
0.0595592385069
0.0596588619479
0.0596925245438
0.0597431729629
0.0598433276583
0.0599449720809
0.0600493573126
0.0602770409268
0.0603645698003
0.0604062522055
0.0604742095663
0.0606194457676
0.0607901140447
0.0608078546677
0.0609901751263
0.0610876891633
0.0611170774931
0.0612019625099
0.0612801362817
0.0613122744213
0.0613821195607
0.0615342513275
0.0615270804616
0.0615116001117
0.0615416682564
0.0616029979261
0.0615899661076
0.0615972097542
0.0616515569264
0.0617445938338
0.0618084770933
0.0618929106694
0.0619346265149
0.0619614171107
0.0620680926117
0.0621298630986
0.0621954998848
0.0621638170974
0.0622965331436
0.0622813727641
0.0624099685692
0.0623899462754
0.0624478340818
0.0626173226377
0.0627617187285
0.062782674204
0.0628039221896
0.0628699517105
0.0629649804203
0.0631088192333
0.0631774768731
0.0633445722703
0.0635016622011
0.0634607026006
0.063509502447
0.0636930323518
0.0637603932945
0.063881837254
0.0639342595443
0.0639837087666
0.0641186933783
0.0641695332369
0.064306947451
0.0643202617181
0.0643982761758
0.0644940862119
0.0646127193432
0.0647538804669
0.0648323691647
0.0648531220984
0.0649516709439
0.0651071926774
0.0651548713561
0.0652769612564
0.0654136695831
0.0654526059789
0.065513198954
0.0656236122938
0.065602426087
0.0655918635495
0.0657113541553
0.0658701305503
0.0660333515013
0.0661864725564
0.0663207833203
0.0663901833289
0.0665173249431
0.066523952247
0.0665269369197
0.0666095548465
0.0666587801067
0.0666701538965
0.0667719360501
0.0667342734241
0.0667598721869
0.0670152792851
0.0670085614643
0.0670880531137
0.0671121328898
0.0671126475122
0.067149527215
0.0672083105636
0.0673186851327
0.0673745177817
0.0673993965708
0.0674278463446
0.067463270468
0.0675460433595
0.0675504358098
0.0676354017647
0.0676980084812
0.0678378638366
0.0678910913328
0.0679202824418
0.0679845966387
0.0680907763346
0.0682107451639
0.0683280222635
0.0683145530433
0.0683819044578
0.0683606665385
0.0684796232926
0.068479486521
0.0685177120229
0.0686265185012
0.068763392909
0.0687542382033
0.0688257646504
0.0688814822256
0.0689276026539
0.068991921181
0.0690283687868
0.0691440606005
0.069190542864
0.0693283086414
0.0693356673637
0.0693790223649
0.0693731970044
0.0694584240999
0.0696024180177
0.0695513934786
0.0695315361663
0.0695311211659
0.0696440240546
0.0696565551525
0.0698164678724
0.0699053156759
0.0698900592508
0.0698761955504
0.0699459970128
0.0699883435357
0.0700268860095
0.0701112772419
0.0701470481536
0.0701845172018
0.0702915937931
0.0702660581533
0.0703282672186
0.070427880104
0.0705167509675
0.0705312319935
0.0706073007087
0.070690084367
0.0707966272743
0.0708599669938
0.0709681493156
0.0710919875056
0.0711574559716
0.0711479475842
0.0712650527724
0.0713592229977
0.0714475831295
0.0715056358801
0.0715553699693
0.0716509087158
0.0716825036836
0.0717458367103
0.0718438669253
0.0718705252675
0.0719405735881
0.0719835286111
0.0720750083893
0.0721379567278
0.0721881417422
0.0722555187312
0.0723268492626
0.0723219381158
0.0724654200697
0.0724845420757
0.0725767660509
0.072633067537
0.0726772783532
0.0726973037709
0.0727392790486
0.0727589304199
0.0728490480962
0.0729141483844
0.0729304254069
0.0729820467623
0.0730516906285
0.0730695786641
0.0731539534391
0.0731824389444
0.0731777697574
0.0731658303757
0.0732513366055
0.0732658126953
0.0733959210733
0.0734120324954
0.0734164224414
0.0735268571321
0.0735771590157
0.0737097156409
0.0738048165071
0.0738524857639
0.0739189212261
0.0739945838093
0.0739844360664
0.0740287634879
0.0740550145749
0.0741066237684
0.0741302500498
0.0741594671933
0.0742950060248
0.0745025107316
0.0745716279294
0.0746651708993
0.0747775196901
0.0748647189074
0.0749234663708
0.0749968400076
0.0751344423816
0.0752163810986
0.0753663386998
0.0754784728057
0.0755633996456
0.075683263143
0.0757075722381
0.0757721166978
0.0758673529239
0.0758437496933
0.0758869237662
0.0759893823457
0.0760859872229
0.0761905860007
0.0762661938759
0.0764743417769
0.0766321459914
0.0766329601788
0.0767133737071
0.076760578254
0.0769014664007
0.0770619473395
0.0771265881292
0.0772332548834
0.0772460617531
0.0773088129633
0.0773549173763
0.0773540647749
0.0773991003088
0.0774247824017
0.0774863406151
0.0775836931152
0.0776097674868
0.0777459312611
0.0778695709418
0.077910325425
0.0780444883943
0.0780729307576
0.0781485127335
0.0782024163854
0.0782732919863
0.0784147074783
0.0784513803436
0.0785325290349
0.078532927155
0.0785732063154
0.0786948373029
0.0788868788494
0.078975777156
0.0790335633389
0.0791116586545
0.0791955937897
0.0792682891037
0.0793075082912
0.0794302305143
0.0794806538342
0.0795806594455
0.0797545065011
0.0799479694052
0.0801675344131
0.0802553800028
0.0802547444227
0.0804257734821
0.0804676056308
0.0804972895741
0.0805568715888
0.0806146252253
0.0807497027255
0.0807669129964
0.0809007843521
0.0810007343391
0.0810349271297
0.0811782836136
0.081262854933
0.0814098537353
0.0814879061932
0.0815765401496
0.0815930467824
0.0816538309156
0.0817326222598
0.0817874509453
0.0819224233805
0.0818912122803
0.0820234676698
0.0820601781655
0.0821248865394
0.0822041426324
0.0822019821664
0.0822193035411
0.0822643396411
0.0823171403387
0.0824293810384
0.0825267263295
0.0826253491808
0.0827138586869
0.0827833953068
0.0828751848919
0.0829787039992
0.0831036562072
0.0831643145288
0.0832400599968
0.0833209102078
0.0834081512347
0.0834570315795
0.083547969912
0.0836343028972
0.0837640169047
0.083819039909
0.0838855397323
0.0839818555191
0.0840673931636
0.0841402641725
0.0842487774327
0.0842962622089
0.0842835821115
0.0843088378148
0.0843438603511
0.0844431305685
0.0844887003215
0.0845423297052
0.0846189163849
0.0847222976905
0.0847932759589
0.0849148803332
0.0850047215219
0.0850368941629
0.0850681370747
0.0851078329255
0.0851853523995
0.085223642407
0.0853280792568
0.0854374583493
0.0855640012064
0.0856444103142
0.0857614426835
0.0858248888293
0.0858881883826
0.0859620043602
0.0859605056209
0.0860317997147
0.0861464843595
0.0861863175584
0.0862347706225
0.0863137792491
0.0863651398257
0.0864771535056
0.0864967312028
0.086574328869
0.0866782910205
0.0868431945919
0.0870454412076
0.0871499007138
0.0871757241882
0.0872591581385
0.0873425845099
0.0873412869928
0.0874704969991
0.0876208185284
0.0876745644755
0.087690384624
0.0877923357079
0.0878841831133
0.0879971188422
0.0881885468706
0.08835707304
0.0884283642848
0.0885286930068
0.0886230521323
0.0887527875525
0.0889172887289
0.0889089893845
0.0890372124527
0.0891143210125
0.08922585503
0.0893269123588
0.0894396394029
0.0895596317353
0.0895773862318
0.0895888686468
0.0895832147762
0.0897453209301
0.0897872977318
0.0898255010533
0.089874779394
0.0899153913953
0.0900375861319
0.0900429154172
0.0901479732551
0.0902969769644
0.0903825578867
0.0904614853739
0.0905065335074
0.0906090382968
0.0906007843768
0.0906894238754
0.0908643865847
0.0910476568758
0.0911314843195
0.0912724399465
0.0913323856046
0.0914163923978
0.0915168488583
0.0916128627521
0.0916252921904
0.0916244012214
0.0916520774012
0.0917151986406
0.0918571071884
0.0920062022444
0.0920386645578
0.0921649274402
0.0922187326139
0.0922649788728
0.0923155686175
0.0924325545986
0.0924993480994
0.0926129098814
0.0926708487917
0.0927067783848
0.0927719644113
0.0927909508184
0.0928417900329
0.0929000917662
0.0930331840337
0.0932111025602
0.0932594293441
0.0935310953908
0.0935738990013
0.0936276653584
0.0936586861165
0.0937065986154
0.0937770133159
0.0939786564192
0.0940162290568
0.0940635724938
0.0941382872635
0.0943353587811
0.0944144209074
0.0945103861158
0.0945594434502
0.0945961948529
0.0947280961496
0.0947365022123
0.0947589762032
0.0949633526748
0.0950134386561
0.0951113224042
0.0951465062115
0.095206625067
0.095211594048
0.0952338083776
0.0952892908691
0.0953668909224
0.0953936495796
0.0954184449227
0.0955294631663
0.0956106095994
0.095675325814
0.0958312299078
0.0959162173424
0.0960122459815
0.0960611282485
0.0961322782256
0.0962539930853
0.0963562642399
0.0963981820973
0.0963771804824
0.0964370330701
0.0964579594365
0.0965543126815
0.0966534964386
0.0967182819351
0.0968143586424
0.096899537578
0.0970546081308
0.0971686223982
0.0973084076853
0.0974099988788
0.0974925685326
0.0975638133122
0.0977091666288
0.0977484023853
0.0978202000985
0.0980101402095
0.0981508418166
0.0982573592608
0.0982834065922
0.0983772151031
0.0984987852636
0.098553738153
0.0986877894659
0.0987445811174
0.0987942390695
0.0988439774854
0.098951883748
0.0990487724962
0.0991456047659
0.0992503741692
0.0993334994227
0.099472498131
0.0995115913114
0.0995832177844
0.0997422502083
0.0998883873518
0.0999750236063
0.100103416921
0.100228957788
0.100398086856
0.100574236728
0.100655821208
0.100756290886
0.100961071018
0.101069861148
0.101238608996
0.101312306577
0.101449189912
0.101542131762
0.101629814049
0.101685639181
0.101783630216
0.101876051854
0.101974698955
0.102102276538
0.102150154699
0.102196902604
0.102326678436
0.102425669772
0.102511205236
0.102584201476
0.102647067795
0.102776740616
0.102895097816
0.103079671116
0.103132442639
0.103150402019
0.103223369869
0.103315278501
0.103409938749
0.103480634677
0.103551500489
0.103579914004
0.103645599826
0.103701907627
0.103810981375
0.103900394709
0.103984647306
0.10411248466
0.104201660594
0.104270233923
0.104395077019
0.104492427036
0.104645164815
0.104743955951
0.104835443582
0.105002506792
0.105135655377
0.105238742167
0.105305139393
0.105343121492
0.105471852157
0.105591298509
0.105707208429
0.105853815734
0.105961563099
0.10603261058
0.106096118272
0.106168004138
0.106237740197
0.106335833424
0.106421224996
0.106464648644
0.10653501616
0.106610172428
0.10662128081
0.106778590936
0.106834166342
0.107083540384
0.107176941124
0.107155940839
0.107311526955
0.107397659424
0.107497025199
0.107609960199
0.10771255728
0.10776500938
0.107857620903
0.107881292548
0.10800821478
0.108135417606
0.108252396115
0.108397623028
0.108525633853
0.10859080688
0.108679308446
0.108733194533
0.108853668437
0.108928421288
0.109054617497
0.109176410459
0.10924640837
0.109420369549
0.109529837315
0.109680683813
0.109781890551
0.109861276204
0.110048844657
0.110097739707
0.110209969584
0.110279689864
0.110385495771
0.110531042806
0.110579154875
0.110664140984
0.110814242014
0.110870653226
0.110960241355
0.111027231569
0.111091452542
0.111245387284
0.11131446287
0.111407430697
0.111571057973
0.111627981036
0.111700022186
0.111842650392
0.111957371209
0.112073369527
0.112190141665
0.112285337069
0.112329523249
0.112463222424
0.112616451283
0.112743312418
0.112814322217
0.11286469171
0.11291155195
0.113024540154
0.113126812298
0.1131941038
0.113341272432
0.113418027628
0.113534970316
0.113594289991
0.113680649175
0.113801365318
0.113855367442
0.114000673949
0.114143988302
0.114267813306
0.114402168591
0.114586569713
0.114706202484
0.114788329781
0.114937832983
0.114990050889
0.115082736994
0.115141883562
0.115219993606
0.11530095493
0.1154777628
0.115541598271
0.115702762479
0.115805833849
0.115905284726
0.116022836156
0.116040383607
0.116136408648
0.116178534008
0.116196634437
0.11640078988
0.116520506545
0.116619350264
0.116696597254
0.116749832685
0.116831061688
0.116955279454
0.117034215971
0.117115905519
0.117160371026
0.117243510472
0.117392661835
0.117472042616
0.117610587335
0.117691141885
0.117766355515
0.117826216894
0.117888573277
0.118018046121
0.118156763151
0.118227894034
0.118368318918
0.118495419097
0.11860864513
0.118743662097
0.118884197331
0.118903986546
0.118986896116
0.119112485898
0.119217843984
0.119418686537
0.119552041083
0.119729354681
0.119816860495
0.119950081472
0.120069832889
0.120194885514
0.120291588509
0.120365867072
0.120459281424
0.120536966846
0.12066757173
0.120714891928
0.120791858619
0.120869040855
0.120935230068
0.121039745544
0.121140233988
0.121186043025
0.121268420941
0.121352350366
0.121501475716
0.121597896937
0.121686128832
0.121755379476
0.121885633995
0.121959692574
0.122104245673
0.122208041447
0.122360586197
0.122473714072
0.122618511097
0.122721602878
0.122851010414
0.122905062726
0.122991823622
0.123102799404
0.123236207809
0.123364799257
0.123451204012
0.123557078573
0.123631365016
0.123726175006
0.123825637431
0.12393399028
0.124056039899
0.124164243464
0.124290760884
0.124436312297
0.124519537687
0.124696469752
0.124740524834
0.124792705309
0.12489088385
0.125008562503
0.125105677485
0.125278493108
0.125363325408
0.125449813798
0.125538091992
0.125625364507
0.125694125114
0.125799080591
0.12589564833
0.126038845317
0.126068624981
0.126165480142
0.126330081489
0.126459963919
0.126607274327
0.126675062068
0.126753993337
0.126823314911
0.126955543541
0.127121216375
0.127244868461
0.127287806192
0.127390025213
0.127503343812
0.127626937717
0.127710594289
0.12785438929
0.127959834375
0.128044115228
0.12826633016
0.128370172701
0.128395094697
0.128499957059
0.128599098513
0.128755113751
0.12890882535
0.129020507496
0.129167113099
0.12921210269
0.129343989772
0.129397418261
0.129500918581
0.129589418906
0.129656763051
0.129743134817
0.129858575119
0.129959884716
0.130042188383
0.130104435348
0.130221763322
0.130318456608
0.130512371727
0.130609946982
0.130739280881
0.130854506342
0.130956481693
0.131044841128
0.131158000189
0.131317553451
0.131414460548
0.131549914778
0.131691257553
0.131757641962
0.131863932071
0.132041081402
0.132158685652
0.132352548023
0.132480708903
0.132587566859
0.132721252605
0.132839972802
0.132954271679
0.133112857048
0.133243930136
0.133320854266
0.13347598206
0.133514118482
0.13357587022
0.13368883532
0.133782147781
0.133906910083
0.134034776476
0.134110676599
0.134230913606
0.134301319354
0.134364569758
0.134417910022
0.134513145437
0.134639150409
0.134696320928
0.134744641368
0.134897065564
0.135003414661
0.135129618206
0.135251344506
0.135365714092
0.135459945121
0.135569854983
0.135656316597
0.135750066968
0.135895213206
0.136085571843
0.136169110369
0.13631883378
0.136406299352
0.136520933388
0.136604332669
0.136703978523
0.13681933886
0.136890585631
0.136980487839
0.137057411793
0.137157160218
0.137300064488
0.137394353635
0.137534012169
0.137647515586
0.137809199791
0.137955460671
0.13807302697
0.138120191067
0.138221742008
0.138382095296
0.138473622273
0.138579395447
0.138692623691
0.138782129689
0.138875740096
