
row1col1
West 1.3033431328e-13
East 5.49365195753e-18
North 1.20583493965e-13
South 6.13011847101e-08

row1col2
West 3.88077208795e-19
East 8.38213107659e-09
North 1.46503159522e-18
South 1.59703926116e-06

row1col3
West 3.33348197715e-11
East 2.21808446051e-07
North 2.90187744022e-09
South 1.48495357072e-05

row1col4
West 0.0
East 0.0
North 4.37936264555e-14
South 0.000130400073351

row1col5
West 0.0
East 0.0
North 0.0
South 0.00057989455923

row1col7
West 2.70690272288e-20
East 0.000585388300255
North 6.45362416721e-12
South 9.12843171257e-06

row1col8
West 5.20484096955e-07
East 0.0245012814437
North 2.41383528579e-05
South 0.000428373281131

row1col9
West 0.000134078575091
East 4.11494984199e-07
North 0.00012033575788
South 0.140958882133

row1col10
West 0.0031555005982
East 1.66171288162e-09
North 3.32384726967e-09
South 0.0182560222838

row1col11
West 0.0
East 1.6606836778e-09
North 6.17728169955e-07
South 8.43536095955e-05

row1col13
West 0.11598887195
East 0.635744193984
North 0.116490768321
South 0.238921693463

row1col14
West 0.28529951534
East 0.766372148768
North 0.399315664755
South 0.424337429541

row1col15
West 0.538028314462
East 0.730824027839
North 0.666344595719
South 0.814503473745

row1col16
West 0.616474633365
East 0.713362690261
North 0.700889895182
South 0.85735466674

row1col18
West 0.0
East 0.0
North 0.0
South 0.0

row1col19
West 0.930557159813
East 0.109498972614
North 0.195410392566
South 0.331450320693

row1col20
West 0.608404566197
East 0.0309476916899
North 0.0501606536688
South 0.11741789511

row1col21
West 0.28623112627
East 0.00130082416011
North 0.0180146947479
South 0.0480500071983

row1col22
West 0.0372801279548
East 0.000522783606912
North 0.000429398045375
South 0.00199712500464

row2col1
West 2.706980434e-12
East 4.43768775762e-06
North 2.60948467983e-19
South 6.27772382011e-14

row2col2
West 3.24469023312e-14
East 1.86029914696e-10
North 1.80445225171e-12
South 0.000166657545102

row2col3
West 1.74784718961e-11
East 2.2080526156e-07
North 2.90191896275e-09
South 0.000780482284107

row2col4
West 1.4869887967e-07
East 0.000318649360438
North 1.04883726557e-08
South 0.00213296702823

row2col5
West 2.85369119387e-07
East 9.70365835761e-05
North 1.28422340331e-05
South 0.0117305751052

row2col7
West 5.0976500281e-10
East 0.0060061873809
North 4.33634013549e-07
South 6.4057260635e-12

row2col8
West 0.000105715803988
East 3.42826978953e-07
North 2.08315954264e-05
South 0.0613227035933

row2col9
West 0.00121438880738
East 0.00319484726512
North 0.00500757381814
South 0.36563898551

row2col10
West 0.113110328294
East 7.10543385909e-06
North 0.000495521261478
South 9.28076499126e-05

row2col11
West 2.32775723772e-06
East 1.01834391927e-05
North 6.19125741601e-08
South 0.00174078628545

row2col13
West 0.606495528408
East 0.773427255112
North 0.321959470415
South 0.590669156018

row2col14
West 0.65063633097
East 0.814506095809
North 0.588523021275
South 0.670997386487

row2col15
West 0.772868403883
East 0.857375
North 0.77360223212
South 0.773537624537

row2col16
West 0.814471695137
East 0.9025
North 0.814183215944
South 0.814350424376

row2col17
West 0.857348501835
East 0.95
North 0.902460895976
South 0.902468179033

row2col18
West 0.902207519198
East 0.900445592325
North 1.0
South 0.898027336373

row2col19
West 0.949894439654
East 0.476718091258
North 0.534854857289
South 0.363951121349

row2col20
West 0.825464706706
East 0.0498790377175
North 0.129346406206
South 0.0578561020276

row2col21
West 0.420739399413
East 0.00368903981858
North 0.0237544839321
South 0.0029391648757

row2col22
West 0.0564899681506
East 0.000423786549308
North 0.00057481857492
South 0.000125260131318

row3col1
West 0.0
East 0.000184477016003
North 0.0
South 0.0

row3col2
West 9.97001118859e-07
East 0.00259184703284
North 5.82959791007e-09
South 0.000101494790379

row3col3
West 3.02400772712e-08
East 0.01528374987
North 2.91725668203e-08
South 0.00031563359527

row3col4
West 0.000259563123451
East 0.0541069233592
North 5.21686168148e-05
South 0.00155178521003

row3col5
West 0.00116741324343
East 0.00197838761934
North 0.000651466178558
South 0.139502854842

row3col7
West 4.97877527304e-05
East 0.0327606121579
North 2.64101724863e-09
South 3.307267183e-05

row3col8
West 0.000647713554514
East 0.274130987513
North 0.00210742407319
South 0.000986416326675

row3col9
West 0.0474242793423
East 0.0160993130812
North 0.0534591582192
South 0.477681695471

row3col10
West 0.212766684063
East 0.00105953674771
North 0.000917494413427
South 0.00309446279677

row3col11
West 0.03578608923
East 0.00051785795711
North 8.40527868239e-06
South 2.40641771594e-05

row3col13
West 0.697721458912
East 0.735091890625
North 0.732259933004
South 0.662757734953

row3col14
West 0.697741211271
East 0.7737809375
North 0.771633711596
South 0.733602703502

row3col15
West 0.734062630038
East 0.813698708812
North 0.81450625
South 0.77266873834

row3col16
West 0.675082081845
East 0.726833947771
North 0.857374770371
South 0.687972209272

row3col18
West 0.565902675364
East 0.276616731008
North 0.949394311411
South 0.525959722216

row3col19
West 0.282293810775
East 0.0210951622962
North 0.738710045933
South 0.20553104123

row3col20
West 0.119016297715
East 0.000796256143782
North 0.305034118902
South 0.0146279687066

row3col21
West 0.0172818432653
East 3.73151184919e-05
North 0.0807836592757
South 0.00282643579453

row3col22
West 0.00441827758656
East 7.85240473891e-05
North 0.000770817190072
South 2.5154714497e-05

row4col5
West 0.0118033598765
East 0.0147309702254
North 0.00185247225676
South 0.266259200903

row4col9
West 0.238138385181
East 0.26909552142
North 0.215959741643
South 0.512999362607

row4col13
West 0.663215732965
East 0.663123189546
North 0.698337296094
South 0.629734750238

row5col1
West 3.34161155256e-09
East 1.53861822012e-05
North 4.24681173227e-08
South 2.66076675792e-06

row5col2
West 0.0
East 0.000400605295988
North 0.0
South 3.23203488123e-06

row5col3
West 1.53521656858e-07
East 0.0
North 2.33561820649e-12
South 0.00483473375338

row5col5
West 0.00997837176173
East 0.385621877436
North 0.014143519626
South 0.0758427309639

row5col6
West 0.0582035816253
East 0.460416418003
North 0.144273477599
South 0.218569439659

row5col7
West 0.347870012037
East 0.487674975494
North 0.430394761381
South 0.393296669693

row5col8
West 0.408124687346
East 0.513342083044
North 0.454762862407
South 0.383329758383

row5col9
West 0.459045242146
East 0.540360087654
North 0.458725441399
South 0.346475869069

row5col10
West 0.492674919529
East 0.568800092276
North 0.526742274745
South 0.448205129177

row5col11
West 0.531772938686
East 0.598736939238
North 0.559787824878
South 0.529931713064

row5col12
West 0.564979213826
East 0.630249409725
North 0.593970971497
South 0.564121535396

row5col13
West 0.59841482043
East 0.598003936175
North 0.663420431289
South 0.597851788301

row5col14
West 0.630248186115
East 0.477721347651
North 0.525501682095
South 0.444154543836

row5col15
West 0.598308366218
East 0.301554385177
North 0.344075915604
South 0.293133282306

row5col16
West 0.560190594491
East 0.116236991523
North 0.279870676269
South 0.222566932279

row5col17
West 0.471335687262
East 0.00590089406938
North 0.0379990577025
South 0.0742559876855

row5col18
West 0.109329114301
East 0.00018971816143
North 0.00545546956714
South 0.0355911096972

row5col20
West 9.8763344125e-06
East 4.62666573588e-11
North 6.79541879418e-05
South 0.0299664719971

row5col21
West 0.000463042171706
East 4.73312666235e-13
North 2.69928713785e-10
South 0.01081733357

row5col22
West 0.000758483057676
East 4.46050310666e-13
North 6.76647601685e-11
South 4.49071856482e-12

row6col1
West 3.17200458118e-08
East 9.56830925285e-05
North 1.37152332577e-12
South 4.7773320909e-07

row6col2
West 8.31427155803e-07
East 0.00192012139793
North 2.14289209443e-22
South 6.82714399137e-10

row6col3
West 3.55948281739e-11
East 0.0005989289477
North 2.57070075451e-05
South 0.0289980200056

row6col5
West 0.0455449067896
East 0.343656573152
North 0.0344263692861
South 0.0384772669264

row6col6
West 0.189254918133
East 0.440126122505
North 0.311711615702
South 0.309708386248

row6col7
West 0.349158776644
East 0.347413253361
North 0.463291159586
South 0.380809902972

row6col8
West 0.204047497116
East 0.140739714494
North 0.479303857684
South 0.132850613615

row6col9
West 0.135313812874
East 0.174247738638
North 0.476774095013
South 0.15230356199

row6col10
West 0.227382642938
East 0.538321067501
North 0.30603334255
South 0.134657792791

row6col11
West 0.289243824615
East 0.464941539328
North 0.568759983063
South 0.382016098762

row6col12
West 0.384144222356
East 0.472705650136
North 0.598578494183
South 0.433346359532

row6col13
West 0.535529420854
East 0.537763772622
North 0.630249409627
South 0.569582813583

row6col14
West 0.598736935818
East 0.421014416706
North 0.515646266864
South 0.484979682912

row6col15
West 0.568800031491
East 0.420297988978
North 0.464656278115
South 0.433529762671

row6col16
West 0.540359633446
East 0.400817597366
North 0.381119077038
South 0.43777135396

row6col17
West 0.513339791553
East 0.292841349
North 0.2680323148
South 0.340735546753

row6col18
West 0.476799233999
East 0.0594096732814
North 0.00387346059936
South 0.058530456762

row6col19
West 0.38333966194
East 0.0095694830317
North 0.05060335289
South 0.026450712672

row6col20
West 0.242116008752
East 0.000463783615797
North 1.13996243193e-05
South 0.000161209819605

row6col21
West 0.0944705902036
East 1.06943332418e-09
North 0.000105207314031
South 0.000155728161892

row6col22
West 0.00922630611414
East 3.03433639776e-09
North 6.65786985837e-10
South 5.36809071397e-11

row7col1
West 2.99505008511e-05
East 0.00155099263607
North 8.27262706643e-07
South 2.50130514531e-21

row7col2
West 9.15270356926e-09
East 0.015475445936
North 8.87336018142e-10
South 3.11054986413e-09

row7col3
West 0.000113628569364
East 5.9741559256e-06
North 0.000358057355676
South 0.104605366304

row7col5
West 0.0220272419905
East 0.334626039793
North 0.0602032474392
South 0.0718632105992

row7col6
West 0.207057384329
East 0.31807315058
North 0.41811731081
South 0.297068894356

row7col10
West 0.0967000227432
East 0.11844749632
North 0.484104112269
South 0.0566507665856

row7col17
West 0.355176409063
East 0.151896129063
North 0.48765977692
South 0.307397304966

row7col18
West 0.341368031786
East 0.0599529253311
North 0.0541309411072
South 0.0398508080705

row7col20
West 4.83873948101e-11
East 3.7251102797e-11
North 0.0130848788664
South 3.13463749137e-09

row7col21
West 2.33157588679e-09
East 1.59943611201e-13
North 0.0120228289702
South 7.77245963229e-07

row7col22
West 6.64122753477e-11
East 1.59917842219e-13
North 0.000428528917755
South 0.0

row8col1
West 0.0
East 0.000659415880444
North 0.0
South 2.45291536078e-08

row8col2
West 2.14000342459e-12
East 0.0287558444347
North 5.89181140806e-09
South 0.0

row8col3
West 0.000485024890112
East 0.205536888745
North 0.00305682617288
South 0.0162007940191

row8col4
West 0.0227907580339
East 0.29932570435
North 0.00824314035409
South 0.0262853560998

row8col5
West 0.0222443779125
East 0.366323710918
North 0.0788713946837
South 0.0280875248219

row8col6
West 0.179298475837
East 0.319054196206
North 0.397201871375
South 0.225459739145

row8col8
West 1.5904476554e-08
East 0.011006281099
North 2.42632432175e-14
South 3.64337266127e-07

row8col9
West 0.000103771419514
East 0.151677588817
North 0.00191981998013
South 2.08209402673e-06

row8col10
West 0.0177234023606
East 0.0075969471322
North 0.383038398173
South 0.00132737739424

row8col11
West 0.17671286959
East 0.000145558022283
North 0.0030330269652
South 6.73052690935e-05

row8col12
West 0.0549794767224
East 9.45215729581e-07
North 0.000200874294868
South 0.000117534111324

row8col13
West 0.00973598482674
East 8.2121391021e-07
North 2.15389864925e-05
South 1.11794469957e-06

row8col14
West 0.00116987959298
East 5.35259546646e-08
North 4.54565618849e-05
South 3.05681298541e-08

row8col15
West 5.65368534146e-05
East 1.10666678247e-13
North 3.39476789527e-22
South 1.63946495549e-11

row8col17
West 0.277073046709
East 0.157390782264
North 0.463227849295
South 0.271754190006

row8col18
West 0.329398563666
East 0.000345895241387
North 0.0303748336824
South 0.0102248657351

row9col5
West 0.0137214402647
East 0.22604214069
North 0.0250969560207
South 0.0150458333863

row9col6
West 0.0723477279966
East 0.210079149463
North 0.377282996235
South 0.183708533246

row9col8
West 2.86060009709e-10
East 0.00101467693749
North 5.71680446387e-09
South 1.52755763181e-11

row9col9
West 2.71548212097e-10
East 5.19807674469e-08
North 0.0213190373449
South 2.08351081605e-06

row9col10
West 9.0448639275e-09
East 8.97534514761e-10
North 0.103617125688
South 0.000954445863332

row9col11
West 0.017537562329
East 2.96998918314e-06
North 0.00567436539845
South 0.000267492335464

row9col12
West 0.00257312224336
East 0.0
North 0.00100648676123
South 7.5031131952e-11

row9col13
West 0.000210483969264
East 0.0
North 1.56528706092e-06
South 4.76061131533e-06

row9col14
West 1.00003588679e-05
East 1.63946495549e-11
North 0.0
South 6.36600610831e-15

row9col15
West 4.00704773168e-12
East 5.25666723204e-15
North 1.08686970181e-07
South 1.63946495549e-11

row9col17
West 0.229856906954
East 0.107259842778
North 0.439908471945
South 0.269687650896

row9col18
West 0.259817605964
East 0.0185580219851
North 0.0156359838936
South 0.0120977935804

row9col20
West 0.0
East 1.12822744924e-17
North 0.0
South 1.71143165499e-08

row9col21
West 7.9699144171e-19
East 2.31037355462e-18
North 0.0
South 7.93868860727e-07

row9col22
West 5.82798807393e-17
East 0.0
North 0.0
South 0.0

row10col1
West 1.66631127353e-08
East 0.000112332273779
North 2.06303869425e-06
South 0.0

row10col2
West 1.06611978797e-06
East 0.00209550299738
North 5.94779124592e-05
South 1.41069130291e-06

row10col3
West 2.39174641331e-08
East 9.8607205241e-05
North 0.000586192366502
South 0.0145976909705

row10col5
West 0.0166240183134
East 0.217362893375
North 0.00766672731756
South 0.0123151798961

row10col6
West 0.0845723901779
East 0.170539803314
North 0.358185925092
South 0.135539644922

row10col17
West 0.237731066172
East 0.0702088536171
North 0.417522050908
South 0.171873845953

row10col18
West 0.242050154623
East 0.0093730200449
North 0.0122971692711
South 0.0186733516623

row10col20
West 2.47617307844e-10
East 7.86881108161e-07
North 0.0
South 4.59077227914e-13

row10col21
West 2.41692943464e-14
East 7.61167888838e-21
North 9.20980138424e-15
South 3.60222941242e-05

row10col22
West 0.0
East 1.50074393514e-12
North 0.0
South 1.16100298872e-06

row11col1
West 0.0
East 6.39293979371e-06
North 0.0
South 0.0

row11col2
West 9.18718845047e-09
East 0.0
North 0.000157019720376
South 3.96806944922e-06

row11col3
West 3.25182870616e-06
East 0.0727288399358
North 0.000626751368273
South 1.29113867226e-06

row11col4
West 0.00140412328386
East 0.156568448457
North 0.00163722855706
South 0.000929927299286

row11col5
West 0.00534884610901
East 0.2635454209
North 0.0287661464073
South 0.00604829749743

row11col6
West 0.0507513470045
East 0.149463930098
North 0.3394810562
South 0.126292384985

row11col8
West 0.0
East 3.2061643044e-06
North 0.0
South 2.09577858438e-13

row11col9
West 5.33214464046e-10
East 0.0
North 3.43256245941e-15
South 9.99121559096e-05

row11col10
West 2.64549054148e-06
East 1.36386540503e-15
North 0.0
South 1.76028844072e-15

row11col12
West 1.1809716861e-15
East 1.27500316988e-14
North 0.0
South 7.09703972717e-07

row11col13
West 6.05626505706e-16
East 5.3889356388e-05
North 1.17828253715e-12
South 6.1271676301e-15

row11col14
West 6.93036626425e-13
East 2.04132373596e-05
North 5.56355420519e-07
South 0.00148995879738

row11col15
West 1.85020130854e-12
East 2.70143412064e-05
North 2.17922789075e-05
South 0.00334434212972

row11col17
West 0.166907057765
East 0.0634747004288
North 0.395604629079
South 0.175707445753

row11col18
West 0.186181488685
East 0.00893840479167
North 0.013064642429
South 0.010167793635

row11col20
West 1.95705803516e-09
East 7.72574402504e-11
North 0.0
South 1.74656111876e-07

row11col21
West 4.07357568464e-14
East 3.07686039923e-10
North 2.13824600669e-07
South 0.000679670207704

row11col22
West 3.42839875045e-05
East 4.26180702161e-13
North 1.13199314385e-20
South 4.1178023558e-12

row12col1
West 0.0
East 4.29434460611e-06
North 0.0
South 0.0

row12col2
West 3.12690667932e-11
East 0.00242848091044
North 1.88483298838e-07
South 4.12429336514e-08

row12col3
West 2.71918663759e-08
East 9.53877678492e-06
North 0.0170658572315
South 0.000375686904056

row12col5
West 0.00493467535479
East 0.123262214305
North 0.00485352562982
South 0.00401252755746

row12col6
West 0.0326311274468
East 0.130214478287
North 0.319997790329
South 0.0964646371351

row12col8
West 0.0
East 5.28828813478e-05
North 2.06360480572e-14
South 9.95443112507e-15

row12col9
West 1.94396102764e-09
East 3.0059624859e-08
North 5.61845869551e-12
South 0.00139341519769

row12col10
West 2.47118478784e-05
East 1.76028844072e-15
North 1.51101506697e-15
South 3.43256245941e-15

row12col12
West 1.71543440017e-07
East 9.07465686351e-05
North 6.05626505692e-16
South 4.00214071412e-08

row12col13
West 1.15559343434e-13
East 0.00198195920342
North 3.77733076406e-09
South 2.81101188415e-06

row12col14
West 4.33677644788e-05
East 0.0239215404371
North 3.06860380105e-05
South 0.000418302750351

row12col15
West 0.000107401050719
East 0.0977005899288
North 4.08057123119e-05
South 0.00133412607077

row12col16
West 0.000239809921832
East 0.266026505409
North 0.00341274278698
South 0.0231278460315

row12col17
West 0.0822303962682
East 0.0527222628938
North 0.373634516384
South 0.111451631007

row12col18
West 0.178832393404
East 0.00549564736012
North 0.00120625055636
South 0.00331410356868

row12col20
West 8.6100100489e-12
East 0.000285104563047
North 5.68958406546e-11
South 2.43189655227e-10

row12col21
West 1.55393275135e-06
East 6.27747423455e-10
North 2.30680186732e-09
South 0.00381846992402

row12col22
West 4.43413618019e-05
East 6.70537205229e-11
North 3.54524352517e-13
South 5.50063432011e-10

row13col5
West 0.00394322163849
East 0.12579250488
North 0.000945344816036
South 0.00749048829846

row13col6
West 0.0309887647609
East 0.112623707171
North 0.299268203004
South 0.0899432996104

row13col9
West 5.42041827294e-08
East 1.10939173469e-06
North 1.96057813193e-06
South 0.00832436565962

row13col17
West 0.0811773980944
East 0.0314608091888
North 0.349876187124
South 0.0523899443548

row13col18
West 0.140917900581
East 0.00295837727803
North 0.010679919869
South 0.0088363558552

row13col21
West 0.000318380355631
East 0.000502240656652
North 2.54418176341e-05
South 0.0143633170447

row14col1
West 3.04835285076e-13
East 4.33867520584e-05
North 0.0
South 5.47719072652e-11

row14col2
West 4.2784319578e-10
East 0.000658712385139
North 2.10861956117e-07
South 7.41600660199e-08

row14col3
West 2.82361144445e-06
East 0.0133381568477
North 1.15353260033e-12
South 3.62337361124e-06

row14col4
West 9.20960045633e-05
East 0.0741576299796
North 0.00075192293839
South 4.77901897312e-06

row14col5
West 0.0038553751991
East 0.212107249168
North 0.0144097191203
South 0.0122729844718

row14col6
West 0.0250902846813
East 0.0471479406216
North 0.276309430341
South 0.0370921780913

row14col7
West 0.184942810843
East 0.00385206778446
North 0.0179038577492
South 0.00565350069157

row14col8
West 0.0877260206086
East 0.000381207824454
North 0.000888385211511
South 0.000985867709149

row14col9
West 0.0289918086049
East 1.65319823363e-05
North 0.00013575874037
South 0.000179502698361

row14col10
West 0.00122886069452
East 5.36143337167e-09
North 7.62927829025e-09
South 4.77077873608e-11

row14col11
West 3.05354807926e-05
East 0.0
North 2.47323893045e-10
South 8.83955902369e-07

row14col12
West 4.83747740004e-10
East 2.70014344301e-21
North 8.81021480102e-18
South 1.0908457886e-14

row14col13
West 1.52983163218e-16
East 0.000448858818503
North 1.56344628703e-20
South 3.29146586743e-19

row14col14
West 2.69420116177e-09
East 0.00841742364489
North 6.81252185765e-07
South 7.64558884646e-19

row14col15
West 3.1381426395e-05
East 0.0883326030987
North 0.000204366366755
South 0.00916119717765

row14col16
West 0.00494713209343
East 0.278168604822
North 0.0392292102739
South 0.0342866787435

row14col17
West 0.0340257487069
East 0.0680482938423
North 0.323516611943
South 0.0126979140516

row14col18
West 0.262643421786
East 0.0172951994983
North 0.0217101307066
South 0.00183023444852

row14col19
West 0.183580500658
East 0.00436097997507
North 0.00278066270029
South 0.00157040284097

row14col20
West 0.10463199246
East 0.00148480483561
North 0.00178706753301
South 0.000625520836985

row14col21
West 0.0455886451963
East 1.94640634898e-06
North 1.46018199786e-05
South 1.70237978952e-05

row14col22
West 0.000198687441266
East 6.00621331832e-23
North 0.0
South 3.03369361563e-13

row15col1
West 5.49835834193e-10
East 3.96107382293e-05
North 2.62638007462e-11
South 3.88617283065e-12

row15col2
West 2.61371219288e-09
East 0.00695062926458
North 1.24040213858e-06
South 9.08840267111e-06

row15col3
West 5.75899943965e-05
East 0.0200170182531
North 0.000460624331296
South 2.87801282325e-05

row15col4
West 0.000110689917908
East 0.0557482231571
North 0.00343664027898
South 0.00022029686655

row15col5
West 0.000327191727347
East 0.0106830012878
North 0.124281563477
South 0.00176598546659

row15col6
West 0.00765882281645
East 0.0095672402136
North 0.224426317239
South 0.00997556460726

row15col7
West 0.157171886026
East 0.00305583865753
North 0.0169585107222
South 0.000466785787525

row15col8
West 0.0553361659231
East 8.14402886585e-05
North 1.79075158303e-06
South 1.20753126988e-05

row15col9
West 0.0129967184224
East 7.46203384389e-07
North 1.37451065797e-06
South 4.89166339272e-11

row15col10
West 0.00101541395588
East 1.1392735912e-13
North 4.05070937009e-06
South 4.34236577863e-06

row15col11
West 6.22256503593e-05
East 5.96252744812e-10
North 1.59870084753e-10
South 1.5750500939e-09

row15col12
West 1.9855323673e-06
East 4.24510833733e-14
North 7.93601956341e-16
South 0.0

row15col13
West 7.84714268965e-09
East 3.41377931175e-18
North 2.35665861684e-20
South 1.2177825686e-19

row15col14
West 4.32063606267e-16
East 0.0123517361307
North 1.32887104848e-05
South 1.11451630377e-07

row15col15
West 0.000764419457086
East 0.152666432958
North 0.00768743169123
South 0.00583144880432

row15col16
West 0.00524604916665
East 0.00408491707723
North 0.214868027834
South 0.00299868601094

row15col17
West 0.000511186490926
East 0.00189206474233
North 0.0692183544582
South 0.00157980484647

row15col18
West 0.000202326967489
East 6.7138321706e-05
North 0.0421933015066
South 4.57642755171e-07

row15col19
West 0.000269555408554
East 1.47640016686e-06
North 0.0217494401071
South 1.21733236157e-07

row15col20
West 1.65726134572e-09
East 1.38978934359e-05
North 0.0147885552127
South 3.23701592372e-05

row15col21
West 0.00102856655394
East 1.95026825259e-13
North 2.05313533668e-11
South 1.68854772068e-11

row15col22
West 1.86434623225e-05
East 1.95026825259e-13
North 0.0
South 0.0

row16col2
West 6.54853933704e-05
East 2.44578073053e-05
North 0.00194348122867
South 2.42978356665e-06

row16col7
West 0.00015189850347
East 0.000386975337034
North 0.0729067333451
South 0.000533993172623

row16col15
West 0.00268612482807
East 0.00132294083384
North 0.0960523011869
South 0.00329568939829

row17col1
West 7.30266475791e-09
East 2.7141603095e-05
North 1.6389742364e-11
South 4.2850305532e-09

row17col2
West 4.73906258397e-07
East 1.43172177747e-07
North 0.000463007195644
South 5.33995243981e-08

row17col3
West 6.50834441524e-06
East 3.6836700406e-13
North 1.11979316082e-09
South 6.05882557394e-13

row17col4
West 1.32106396241e-15
East 0.0
North 0.0
South 2.1200957784e-08

row17col6
West 2.9293911791e-08
East 0.0019833242414
North 5.30320665408e-09
South 0.0

row17col7
West 6.2625767493e-06
East 1.47301000453e-06
North 0.028827115411
South 1.58995105539e-05

row17col8
West 0.00304431283684
East 2.4135760853e-08
North 1.31521453332e-07
South 7.14656884005e-08

row17col9
West 1.5844498237e-05
East 1.69901019911e-08
North 1.96312865356e-11
South 5.86115984964e-09

row17col10
West 5.51151775379e-07
East 1.31310247013e-10
North 2.30860318899e-09
South 5.38662258909e-11

row17col11
West 1.15107609765e-08
East 2.27907252284e-11
North 2.27907252284e-11
South 9.08405696838e-14

row17col13
West 2.83940790063e-18
East 5.89916511253e-07
North 0.0
South 1.1894503443e-21

row17col14
West 7.8108932868e-20
East 0.00472649535602
North 6.47697661878e-20
South 3.87099652736e-21

row17col15
West 4.82116461316e-05
East 2.25807739334e-07
North 0.0540981686072
South 0.000253422179364

row17col16
West 1.29893438243e-10
East 6.9488068202e-07
North 9.84655297438e-10
South 0.000198273195565

row17col18
West 7.25835542838e-12
East 0.0
North 7.25836976213e-12
South 1.78095890687e-05

row17col19
West 0.0
East 7.59199135524e-21
North 9.28435211123e-33
South 1.64203228968e-06

row17col20
West 0.0
East 2.17397326191e-23
North 0.0
South 1.12281666359e-09

row17col21
West 1.26891245125e-19
East 0.0
North 0.0
South 3.1332836075e-08

row17col22
West 5.1998095074e-10
East 0.0
North 0.0
South 4.23841718403e-23

row18col1
West 9.70559918941e-13
East 1.67069346649e-11
North 3.43031676155e-07
South 1.69628412599e-10

row18col2
West 1.21249871105e-10
East 2.29423978595e-07
North 8.59701039514e-05
South 2.13052498423e-10

row18col3
West 9.45171041815e-06
East 3.73998723249e-11
North 7.30965851885e-11
South 4.98512331534e-12

row18col4
West 6.30942231534e-07
East 3.22192596364e-13
North 0.0
South 1.80505846088e-12

row18col6
West 1.11249458462e-07
East 0.000185564267774
North 1.79516321215e-08
South 1.50945662935e-07

row18col7
West 3.74562336501e-08
East 2.26993657594e-06
North 0.00537615508229
South 6.9825051173e-06

row18col8
West 0.000733709877404
East 8.3161770612e-08
North 3.74771340075e-06
South 1.03224405948e-08

row18col9
West 3.8465107258e-05
East 9.40444108278e-09
North 1.8302014032e-07
South 4.94071833576e-11

row18col10
West 2.30969784158e-06
East 2.53877283448e-14
North 5.43178825712e-10
South 2.48303344797e-11

row18col11
West 8.03350209074e-08
East 0.0
North 4.31492705998e-15
South 2.95815268338e-15

row18col13
West 7.39169092165e-10
East 1.88641195672e-05
North 3.49821462873e-14
South 4.33407110618e-14

row18col14
West 7.3830229924e-10
East 0.000782184275619
North 3.32916228145e-10
South 2.20705274681e-09

row18col15
West 6.20112219592e-06
East 2.8078334454e-05
North 0.0232375403735
South 4.88288599124e-06

row18col16
West 0.00646450673599
East 1.47164462683e-07
North 1.35388049091e-06
South 1.96871805515e-09

row18col17
West 0.00164445576948
East 1.58973626216e-08
North 9.936787432e-08
South 3.1840852372e-05

row18col18
West 0.00040070963838
East 2.75217737097e-09
North 5.33259343701e-20
South 2.28606902354e-10

row18col19
West 6.41756090949e-05
East 5.50978970198e-16
North 3.91998604079e-18
South 1.49034944036e-10

row18col20
West 1.04231217424e-05
East 3.65274119534e-18
North 3.37055784516e-19
South 7.60682477446e-10

row18col21
West 1.12652023856e-06
East 2.17354727558e-23
North 6.02733627341e-21
South 0.0

row18col22
West 1.32291645681e-08
East 4.23841719057e-23
North 0.0
South 0.0

row19col1
West 1.09333611443e-13
East 4.52303229328e-08
North 1.17458351025e-12
South 0.0

row19col2
West 0.0
East 1.64450801792e-11
North 3.69612018957e-06
South 3.09067150953e-10

row19col3
West 3.50122125595e-22
East 3.55187993161e-12
North 1.42514429843e-08
South 3.93326630862e-12

row19col4
West 3.02641924144e-11
East 6.24077014665e-19
North 4.85193098269e-10
South 5.9475398959e-27

row19col6
West 0.0
East 6.01775004845e-06
North 1.11250556735e-07
South 3.64606141277e-11

row19col7
West 1.89593617336e-08
East 5.62103966013e-12
North 0.000336781788998
South 5.04366347078e-08

row19col8
West 1.85448201215e-07
East 0.0
North 3.5414464537e-05
South 0.0

row19col9
West 8.27926832511e-07
East 0.0
North 0.0
South 1.35464094594e-18

row19col10
West 2.49326932789e-08
East 2.0295551439e-14
North 2.92292451809e-10
South 0.0

row19col11
West 3.44009528764e-10
East 0.0
North 8.18307238318e-14
South 2.31198378933e-13

row19col13
West 4.33407110801e-14
East 5.7834309811e-07
North 7.43156999329e-09
South 3.44208821449e-09

row19col14
West 5.3407080755e-10
East 4.41068720644e-05
North 1.9210119985e-11
South 1.80182145904e-07

row19col15
West 1.23217285282e-20
East 4.82522750431e-17
North 0.00228959210195
South 7.76903299262e-08

row19col16
West 8.30810238645e-05
East 4.74569168308e-17
North 3.16039403168e-15
South 1.1332086431e-12

row19col18
West 5.34609009665e-20
East 0.0
North 1.45861989261e-05
South 0.0

row19col19
West 5.34090414727e-20
East 1.65224555913e-26
North 1.36517317863e-07
South 0.0

row19col20
West 1.5248637004e-24
East 0.0
North 1.89794406447e-07
South 2.11134054688e-28

row19col21
West 3.93967310741e-09
East 2.30586452774e-20
North 0.0
South 4.85445162988e-19

row19col22
West 1.5226158907e-14
East 4.49643582908e-20
North 0.0
South 0.0
