
row1col1
West 1.717e-05
East 1.717e-05
North 1.717e-05
South 1.717e-05

row1col2
West 1.0000163115
East 0.902514657991
North 0.950015475242
South 0.902514608764

row1col3
West 0.950015495925
East 0.857388963667
North 0.902514717297
South 0.857388799053

row1col4
West 0.902514721129
East 0.814518054101
North 0.857388673943
South 0.81451874806

row1col5
West 0.857388983349
East 0.814206186318
North 0.813323973887
South 0.772473375839

row2col1
West 0.949467480106
East 0.901242459363
North 1.00001631124
South 0.900058184071

row2col2
West 0.949931391852
East 0.857283356455
North 0.950015495925
South 0.857106644084

row2col3
West 0.902456301071
East 0.814398081716
North 0.902514721129
South 0.814403109326

row2col4
West 0.857371648546
East 0.773781986904
North 0.857388985072
South 0.773756552334

row2col5
West 0.814519535808
East 0.773365751929
North 0.814292733035
South 0.733880460087

row3col1
West 0.898414498505
East 0.854964979574
North 0.950015477345
South 0.85079730587

row3col2
West 0.900397184063
East 0.807321697226
North 0.902514719623
South 0.809873362286

row3col3
West 0.855857634428
East 0.771642699776
North 0.857388982196
South 0.767621840436

row3col4
West 0.812730622975
East 0.732379924402
North 0.814519535284
South 0.727884682315

row3col5
West 0.772173279062
East 0.72704539819
North 0.773793541484
South 0.682530186512

row4col1
West 0.842539722459
East 0.797892327832
North 0.902513035413
South 0.778963392411

row4col2
West 0.840837915497
East 0.759033200946
North 0.85738753398
South 0.714910422312

row4col3
West 0.794336610062
East 0.708835027085
North 0.814517799631
South 0.695500840067

row4col4
West 0.75988484973
East 0.652498706286
North 0.773789435753
South 0.607776653187

row4col5
West 0.682827868849
East 0.657971185383
North 0.73509358793
South 0.567907432024

row5col1
West 0.703810126021
East 0.674097162678
North 0.856874234964
South 0.689048914261

row5col2
West 0.719671591686
East 0.595260521872
North 0.81379210849
South 0.676075070525

row5col3
West 0.710006680773
East 0.572032390632
North 0.773410733898
South 0.621925572669

row5col4
West 0.629443247659
East 0.428438726464
North 0.733370372774
South 0.551487499939

row5col5
West 0.552986209874
East 0.501740724993
North 0.694670015942
South 0.520804263798
