0.264626857049
0.179053798851
0.193364612539
0.195570249355
0.172487006717
0.169472658788
0.197638058741
0.194277641505
0.192439572754
0.191376633045
0.185918850659
0.189910502775
0.180559747343
0.179142137485
0.189281545749
0.198487871107
0.203789260352
0.201030606494
0.208403471655
0.206789655848
0.210541494778
0.208564715868
0.206517647733
0.204519284237
0.201365576203
0.199253256348
0.198113446241
0.202616504094
0.204306743831
0.199426445017
0.199056702159
0.204489486743
0.204165516415
0.204607674827
0.202417523746
0.200217868354
0.197187375779
0.200389301317
0.200872858766
0.203777433621
0.203500704568
0.202702470779
0.204007099256
0.202751283951
0.20297253385
0.202763150738
0.203931862818
0.209808356693
0.210202455027
0.21385020276
0.21406898653
0.215050002692
0.217710364389
0.218128736711
0.219189872416
0.220300503181
0.221659512295
0.218643124758
0.217629367712
0.216772894624
0.215935678908
0.215980553875
0.216337840045
0.216575740196
0.215977174402
0.218613660785
0.218759687927
0.21963203972
0.2184358084
0.217052932897
0.216727771484
0.216422613064
0.216043720688
0.215602872035
0.214457264853
0.213334179109
0.215115629892
0.216415898625
0.21525372854
0.214465296266
0.213738798902
0.215639393994
0.216001719428
0.216866566833
0.218405491188
0.218660963385
0.218665155127
0.219433849044
0.219751068345
0.220558139793
0.220969779867
0.220195825062
0.222610818713
0.220880218347
0.22191977116
0.221718919639
0.222775522545
0.222464077977
0.221924962999
0.222416178036
0.223631554713
0.225906908297
0.225330796599
0.226505593255
0.226208990105
0.224785884653
0.226498044588
0.226337325866
0.227602155444
0.229932998893
0.230586965851
0.232482589224
0.23315576911
0.233730807431
0.234820796813
0.236281990699
0.238253437767
0.237964255188
0.238818464148
0.237869342793
0.238566931313
0.239565422659
0.23901230109
0.239564951598
0.239224896734
0.238671855942
0.239291703582
0.239339145898
0.240493842274
0.240267934887
0.240660324057
0.240543801234
0.240154453312
0.240270892878
0.240664114355
0.23965304806
0.240996489408
0.241263430555
0.242183356529
0.242218113719
0.242779604673
0.244434163972
0.244278032255
0.244465757113
0.246317377506
0.246636568915
0.24713895153
0.247984555818
0.247920158571
0.24920462225
0.249523820838
0.250329597685
0.249680736915
0.250921194015
0.251210150826
0.25196496529
0.253614997137
0.25321450736
0.253427266563
0.252533962414
0.252769597052
0.252816623135
0.252510618196
0.253093372485
0.252996163912
0.252544294648
0.252765395984
0.252917829227
0.252903629094
0.252649530082
0.252952315609
0.252666628471
0.252877729444
0.252702177758
0.252377585317
0.252729178419
0.254141538941
0.254383862983
0.254495797947
0.254508477278
0.254609954643
0.254831293833
0.255101572068
0.255016935644
0.255978066336
0.256053886373
0.256029369654
0.25645578289
0.256184178659
0.2566820038
0.256454614178
0.256831570952
0.257649439085
0.257585384845
0.257472514871
0.258927671805
0.259649398862
0.259760256291
0.259499226721
0.259523231327
0.259996897404
0.259743667061
0.26031343853
0.261420548292
0.261122082267
0.262047348981
0.262270919331
0.26271990641
0.262604110261
0.262709604207
0.263270799752
0.263727949366
0.263473146472
0.263298713608
0.263877876005
0.264601118296
0.26528714046
0.265524704762
0.266114227036
0.266754635931
0.268208879511
0.268711838265
0.269430000382
0.269965385996
0.269949809637
0.269788529872
0.269873572086
0.269751035478
0.269987985906
0.269997059117
0.270161630154
0.269520789379
0.270739362689
0.270484949648
0.271219002387
0.27139853351
0.271460542422
0.272041082132
0.272366355153
0.273100906623
0.272972298305
0.273201849156
0.272804135111
0.272818500173
0.273509093293
0.273601261382
0.273887337313
0.273740945422
0.274173263919
0.274784269409
0.275699489758
0.275990415416
0.276001528589
0.276235619835
0.275834524987
0.276059976001
0.276723556054
0.277217033121
0.277278993262
0.27803564704
0.277706963241
0.278474382472
0.27843033635
0.278695651074
0.278932242991
0.278732852691
0.279227628228
0.279142208159
0.279312546247
0.279627687688
0.280441592728
0.280350622725
0.280009794856
0.280094039334
0.280561898871
0.281761741828
0.281632767489
0.282065054734
0.282720872862
0.28322098889
0.282900335661
0.283523001363
0.284072674809
0.284405740094
0.285284573464
0.285412228533
0.285180484033
0.286019263506
0.286560284714
0.287211634488
0.287167545052
0.287196596351
0.287501263394
0.28777091571
0.28775896392
0.288191556278
0.288818183075
0.28908349617
0.289691134384
0.289739783841
0.290052662113
0.290047936804
0.290258927033
0.290577873164
0.291314077738
0.291699508262
0.29145525101
0.291516855942
0.292155909444
0.29221592452
0.292286622714
0.29274005264
0.293780819651
0.29418855897
0.294451892335
0.295246731704
0.295650541413
0.296004888212
0.296652732703
0.296898975138
0.297198738843
0.297072588417
0.297478111181
0.297533848579
0.298049757516
0.298314302806
0.298830395432
0.299377494314
0.299532789756
0.300066150998
0.300826081935
0.301396235615
0.301145942805
0.301773932942
0.301872517585
0.302410945733
0.302849637709
0.303253250936
0.303243595798
0.303312249924
0.303510278602
0.304109421371
0.304858571911
0.30533248984
0.305776467985
0.305931168752
0.306169201189
0.306716507498
0.307204765643
0.306976738662
0.307441723476
0.307495807895
0.308316264866
0.308595217292
0.308868296964
0.309608458435
0.309809836252
0.310095821471
0.31041695253
0.3102395276
0.310562529595
0.310516262833
0.310870545262
0.311470288623
0.311708828956
0.311528854128
0.312049981099
0.312148392795
0.312333721601
0.312779813445
0.31319071232
0.313494451075
0.313681780642
0.313910490705
0.31419052019
0.313992256311
0.31448135749
0.314502731961
0.314635455161
0.314841751183
0.315100459983
0.315505395627
0.315644042471
0.316150690967
0.316267060939
0.316493854671
0.317267140288
0.317220016564
0.317362028397
0.318122184762
0.318729263485
0.31920383694
0.319354860711
0.319675154458
0.319888893845
0.3204409842
0.320573958345
0.321017243163
0.321171464896
0.320930029161
0.321816712348
0.322245285504
0.321971476376
0.322126970139
0.32229907693
0.322725868956
0.322721409407
0.323665888156
0.323841451238
0.324257124936
0.324670495716
0.324980878397
0.325354573191
0.325685343963
0.325834058514
0.326022313355
0.326250526694
0.326451577626
0.326416741076
0.326516111234
0.326944575484
0.327143550909
0.32748261568
0.327764325211
0.328459555677
0.328670207574
0.329018431931
0.3295842021
0.329744206139
0.330056698331
0.330449982427
0.330653555874
0.330954070252
0.330582202005
0.330389809409
0.330324347224
0.330567198933
0.330824815336
0.331093460349
0.331253532966
0.331583021881
0.331821709087
0.332242872972
0.332412038689
0.332598999038
0.333490402392
0.334007410442
0.334362831422
0.33456914507
0.33482199344
0.335516235935
0.335510536037
0.335808167239
0.335950771418
0.335908033425
0.335809131166
0.336279372851
0.336547298672
0.336780331912
0.336862376737
0.336908550666
0.33729608155
0.337934322427
0.338063863142
0.338709471029
0.33893878913
0.339077408496
0.338899603627
0.339382841424
0.339872332851
0.340468529398
0.340804241319
0.341175339917
0.341386596032
0.341476823183
0.341690873411
0.342108435174
0.342004041402
0.342329425514
0.342630029291
0.342715926791
0.343276679999
0.343269124815
0.343416605938
0.34371219025
0.343887082547
0.343992963706
0.344472187933
0.344930607457
0.34503816088
0.345091709484
0.345419693002
0.345492331999
0.345691359101
0.346098324647
0.346270788998
0.346509984826
0.346947059276
0.346932032241
0.347212332636
0.347718836668
0.347877668781
0.34826814228
0.348347183429
0.348738744822
0.348993282054
0.34932774972
0.349650536702
0.349842129041
0.350156319089
0.350041987484
0.350725186638
0.351004869034
0.35127891972
0.351582273924
0.351928802432
0.352205305552
0.352252277464
0.352492717981
0.352923732928
0.353027427883
0.353565493867
0.35380772039
0.354256243388
0.354854488822
0.355257054695
0.355580619527
0.35582611201
0.356303225055
0.356438281045
0.356558423913
0.356807950287
0.357237676746
0.357483473078
0.358181618418
0.358561060073
0.358594458944
0.358862395444
0.35895274688
0.359447629187
0.359661328345
0.35988572332
0.360465214866
0.360848896652
0.360978321575
0.361405875688
0.361762730308
0.362060526222
0.362692136277
0.362899690807
0.363200407348
0.363573510367
0.363865941253
0.364113419971
0.364554057969
0.36474209718
0.364667893784
0.364584143343
0.365045100782
0.365402212629
0.365738126873
0.36596438532
0.366461637377
0.366704519309
0.366946770966
0.367293054878
0.367501180713
0.367731322312
0.36805087474
0.368382641774
0.368684400565
0.36876682206
0.369000587316
0.369254074985
0.369460139329
0.369986602399
0.370209913761
0.370245851264
0.370455615294
0.370448215909
0.370620786323
0.370842369393
0.371247873844
0.371622194872
0.371575006293
0.37180144369
0.371924114459
0.372156947336
0.372503987421
0.3726360903
0.372972611802
0.373386201185
0.373812487002
0.374161177956
0.374639006939
0.374682091723
0.374903624246
0.375127079982
0.375260820618
0.375662199235
0.375817511669
0.376207711968
0.376477305692
0.377012096961
0.37745048919
0.377886071592
0.378124586208
0.378482195214
0.378641855881
0.378786404372
0.379136417763
0.379635813554
0.3797624791
0.380006362201
0.380343233096
0.380519390106
0.381037418019
0.381188408177
0.381508425345
0.381640612698
0.381861834159
0.382205021677
0.382473644671
0.382586055669
0.382910562217
0.383363269697
0.383735154451
0.384110857223
0.384219343273
0.384416460904
0.384672823416
0.385007781482
0.385255611562
0.385660998839
0.385916275882
0.386280141955
0.386497213394
0.386605854234
0.386714590107
0.386937097589
0.387449067781
0.387553580436
0.387982123789
0.388306816306
0.388552911881
0.388954097363
0.389293614566
0.389413649306
0.389693796732
0.3903128041
0.390630976879
0.391011916724
0.391123853771
0.391463174747
0.391754482072
0.392051773081
0.392390585391
0.3926005149
0.392705270314
0.393065158857
0.393142076487
0.393387362564
0.39362658875
0.393748965732
0.393839687067
0.394338354094
0.394689329853
0.394872086317
0.394948175671
0.39493193351
0.39504402963
0.39511411699
0.395305462378
0.395583896741
0.396079975727
0.396236315698
0.396370578024
0.396705567605
0.396996059884
0.397403854867
0.39763718849
0.398008092893
0.398450115587
0.398511339254
0.398840868447
0.399167395252
0.399447919234
0.3997281195
0.400102772363
0.40041061037
0.400538004878
0.400871271641
0.401133014026
0.401418173868
0.401591730667
0.40179226605
0.4020053943
0.402246301034
0.402471490613
0.402875140819
0.403031147222
0.403301665127
0.403545045382
0.403952272359
0.404243792427
0.404306468935
0.404704920114
0.40485204522
0.405234189024
0.405466841758
0.405720769417
0.405977154664
0.406039920013
0.406275514334
0.40666309502
0.40687362827
0.407044127852
0.407141979935
0.407421888186
0.407710854189
0.408160804037
0.408435322162
0.408610481931
0.409059752881
0.409263921995
0.409541735961
0.409654998795
0.409948267488
0.410236848535
0.410434192852
0.410670295457
0.410805783534
0.410949237546
0.411200680067
0.411295947304
0.411544463487
0.411784753123
0.412142190745
0.412449500401
0.412593841144
0.412819182355
0.413032519751
0.413113084204
0.413432743583
0.413479105167
0.413633160216
0.413865928543
0.413876383837
0.41403294585
0.414329599867
0.414607674143
0.414906817988
0.41516106745
0.415368211254
0.415616200116
0.415821053351
0.41595673682
0.416140727364
0.416481367685
0.416601770214
0.416728847952
0.417008192798
0.417283040965
0.417660441083
0.41799010129
0.418270001901
0.418276171419
0.418563423228
0.41890441059
0.419181823453
0.419413491548
0.419752891524
0.419994760984
0.42026182489
0.420436565702
0.420788895244
0.42091942038
0.421214407607
0.421503181022
0.421765947048
0.421826966898
0.422095726597
0.422343677628
0.422638068266
0.423071355349
0.42336640646
0.423592299687
0.423977167679
0.424223568097
0.424538969495
0.42470777101
0.42491643101
0.425230489572
0.425400780299
0.42549650943
0.425654017177
0.425886974638
0.426184878007
0.426365265529
0.426485289146
0.426742789483
0.426998745132
0.427318487409
0.427759312283
0.427961043244
0.428123361146
0.428422584873
0.428643005515
0.428887541737
0.42902239083
0.429350083118
0.429614017865
0.429844750898
0.430007368144
0.430131631253
0.43038057728
0.43077367618
0.43106330414
0.431461301906
0.431747056822
0.431957439424
0.432213939803
0.432533228801
0.432665940813
0.432972591149
0.4332146389
0.433291764171
0.433443750144
0.43367907596
0.4339053465
0.434094924829
0.434325039978
0.434563515182
0.434889534677
0.435049952173
0.435238683843
0.435681310677
0.436005699209
0.436212256283
0.436458783262
0.436711892164
0.436875248191
0.437037784348
0.437096647079
0.437194597288
0.437565314034
0.437852538249
0.43806556158
0.438169537012
0.438462188992
0.438580909462
0.438681502094
0.439022550796
0.439096814064
0.439269002006
0.439456566566
0.439639972482
0.439818179791
0.440121783513
0.440273731466
0.440451698427
0.440681492491
0.440978380858
0.441186859272
0.441409949843
0.441699670377
0.441945729849
0.442239943728
0.442471843084
0.442708543441
0.442971746206
0.443118452973
0.443304636045
0.443507473179
0.443676957634
0.443749751122
0.444008940063
0.444362971837
0.444615585679
0.444897371387
0.44509704898
0.445206451274
0.44530690242
0.445478178698
0.445598658942
0.445903662384
0.446224175704
0.446422905783
0.446666166108
0.446871562492
0.44716146361
0.447409433836
0.447586973868
0.447773957975
0.448063097584
0.448202304657
0.448461665982
0.448699658794
0.448839497481
0.449221253863
0.4493957143
0.449481458352
0.449779177728
0.449953851756
0.450157395116
0.450378844555
0.450609713926
0.450790102331
0.451046989737
0.451317352284
0.451514811982
0.451694964189
0.451830006257
0.452131539151
0.452283562027
0.45256759629
0.452677481212
0.452956152794
0.453301024926
0.453517131555
0.453780276034
0.453938068691
0.45411747271
0.45416264756
0.454194589082
0.454392389712
0.454553050062
0.454767159856
0.455048317852
0.455162720688
0.455453423056
0.455638131854
0.45584512619
0.456121829925
0.456286966072
0.456553158647
0.456649435286
0.456914605012
0.457169273677
0.457420024688
0.457417945918
0.457658919658
0.457892523028
0.458033334441
0.458308353816
0.458550344091
0.458789273075
0.458869569655
0.459081970928
0.459314137673
0.45961583546
0.45978889708
0.459935238868
0.460113235748
0.460378847909
0.460549150169
0.460841752499
0.461034629982
0.461186119541
0.461354389123
0.46163093088
0.461820976882
0.462025837173
0.462167083007
0.462376054572
0.462468475369
0.462666303335
0.462840249222
0.463139804
0.463310239344
0.463541106066
0.463709296554
0.463856393549
0.464042765864
0.464195937311
0.464329991722
0.464619223775
0.464750723861
0.464887014408
0.465095345033
0.465156586229
0.465196274183
0.465371428491
0.465641852664
0.465971619606
0.466095582277
0.466235469749
0.466413648361
0.466606285602
0.466894787932
0.467082066108
0.467368817735
0.467615866459
0.467728838516
0.468058915628
0.468381612157
0.468626785295
0.468783426646
0.468922720298
0.469171295128
0.469462446131
0.469681514516
0.46987998305
0.470077915145
0.47020587935
0.470434634323
0.470634451288
0.47074199378
0.470942703437
0.471179838917
0.471312620597
0.471623198013
0.471822644819
0.471951200067
0.47219322313
0.472376113717
0.472585414805
0.472743978092
0.472943359706
0.4730393529
0.473255062174
0.473268026911
0.473408073289
0.473541606881
0.473793741183
0.473912552072
0.474231077811
0.474461949691
0.474735563275
0.474922142756
0.475167956857
0.47545311672
0.475664544588
0.475832011474
0.476114072147
0.476293818967
0.476515230526
0.47666692582
0.476855188675
0.477027144062
0.477221218612
0.477446971887
0.477603263808
0.477835286289
0.478062189519
0.478247409582
0.478430300035
0.478699506228
0.478781527726
0.4790512579
0.479270696269
0.479352500813
0.479484774546
0.479785702453
0.480000089741
0.480156796921
0.480186856603
0.480326508408
0.480524646176
0.480655520933
0.480721990267
0.480890616041
0.481005067828
0.481110051128
0.481216253785
0.481442284466
0.481627341124
0.481666797449
0.481907913852
0.482003623243
0.482188849205
0.482366484545
0.482610762265
0.482774639146
0.482845385338
0.483084568011
0.483143639654
0.483320808854
0.483412014013
0.483740141074
0.483936080939
0.484134887888
0.484172915927
0.484409580208
0.484592144544
0.484805779268
0.485014276309
0.485289868584
0.48554863835
0.485669156507
0.485745423868
0.485889858618
0.485970455042
0.486103184875
0.486268738131
0.486437688579
0.486664999621
0.486816297072
0.487021844404
0.487274604684
0.487476329083
0.487705675848
0.487879488298
0.488031002607
0.488206963955
0.488483836685
0.488734468573
0.489001626319
0.489211770142
0.489415658109
0.489674796886
0.489849644276
0.490021102413
0.490187123549
0.490361971077
0.490479251205
0.490578505694
0.49063858602
0.49087027333
0.490974475622
0.491153349935
0.491299878536
0.491519201639
0.491855266521
0.491938282486
0.49217447456
0.492375329789
0.492646821398
0.492861045115
0.493088759462
0.493275596975
0.493431717435
0.493644879175
0.493823377445
0.49392998509
0.494039450029
0.494308262677
0.494543402791
0.49470819508
0.494749045049
0.494980670213
0.495159281079
0.495265888644
0.495377279868
0.495655165389
0.495634264678
0.495820876587
0.496107214532
0.496331058482
0.49652912839
0.496760709685
0.496977636263
0.497210292775
0.497444077201
0.497659880359
0.49769558422
0.4979320296
0.498117519228
0.498178624118
0.498385078722
0.498668435047
0.498853877636
0.499044328355
0.499223672002
0.499440243018
0.499576918764
0.499762544945
0.499985745268
0.50018946634
0.500366283173
0.500547145518
0.500692306409
0.50092117969
0.501102349648
0.501267936595
0.501530854263
0.501672002268
0.501883371706
0.501972199342
0.502096080378
0.502355717193
0.502551376905
0.502608752971
0.502657106497
0.502781800171
0.502953626632
0.503192466786
0.503304324157
0.503529705352
0.50366847737
0.503849789038
0.504059410672
0.504244999715
0.504457180392
0.504631735158
0.504849683965
0.504965360496
0.505118596284
0.505254299214
0.505414129663
0.505521885684
0.505509697108
0.505693368854
0.505924501227
0.506119240621
0.506233652921
0.506420965487
0.506538191753
0.50673016856
0.506890118852
0.506976835158
0.507142058881
0.507292332841
0.507498317337
0.507658441448
0.507850500917
0.508055163123
0.50831988511
0.508330896742
0.50841345726
0.508617804703
0.508844898599
0.509010382005
0.509139246676
0.509270024961
0.509394410737
0.50960228235
0.50982031175
0.509966991282
0.510082745572
0.510256094226
0.510452910233
0.510635794705
0.510831000565
0.511053303163
0.511229497415
0.511382058937
0.511562877309
0.511706008868
0.511872131069
0.512091897191
0.512282901904
0.512528726309
0.512688325304
0.512812998215
0.513035400666
0.513125799521
0.513296468807
0.513558938671
0.513792841131
0.513903092184
0.513999497427
0.514147596123
0.514391184282
0.514619283562
0.514845508812
0.515093077705
0.51531241893
0.515556741317
0.515722370925
0.515927792292
0.516149524183
0.516250141868
0.516300347258
0.516539300767
0.516680063459
0.516846015816
0.516996291406
0.517142105455
0.517386590249
0.517460028792
0.517680682824
0.517875086192
0.51808645187
0.518298746734
0.518505398312
0.518658679876
0.518862496321
0.51897960378
0.519182169244
0.51934219851
0.519525052001
0.51965811163
0.519825368547
0.519965386907
0.520120547096
0.52022464573
0.520417008948
0.520577786219
0.520791369555
0.521017462175
0.521114476901
0.521324182107
0.521438896757
0.521577811787
0.521798254182
0.521942125586
0.522141157482
0.522303061851
0.522410640011
0.52258079211
0.522711065477
0.522882563799
0.523068485901
0.523190909745
0.523324709422
0.523557583279
0.523536433345
0.523711710053
0.523905075462
0.524108432994
0.524271962006
0.52444882196
0.524647405698
0.524785504941
0.524988749178
0.525173052828
0.525361355204
0.525526718634
0.525749964133
0.52600550427
0.526125657128
0.526307360423
0.526515430408
0.526691340568
0.526782087618
0.52699713437
0.527106948194
0.527199908372
0.52727757693
0.527396012787
0.527541580102
0.527691031218
0.527893032753
0.52800093331
0.52808686728
0.528278268012
0.528412799613
0.528603276951
0.528767079667
0.528897074516
0.529017711351
0.529090951827
0.529250858478
0.529412850612
0.529580316688
0.529592932801
0.529750482233
0.529879969986
0.530034478534
0.530253767127
0.530470459418
0.530687708033
0.530889600028
0.531043120816
0.531100110631
0.531282355658
0.531430155955
0.531617703726
0.531679230399
0.531764168768
0.531898423732
0.532056474509
0.532223306005
0.532436188139
0.532582363365
0.53278091531
0.532930380241
0.533124242582
0.533284949709
0.533475944248
0.533629197068
0.53378941874
0.533904640869
0.534098576562
0.534240938556
0.534341447703
0.534463807088
0.534671796115
0.53479456731
0.534919984903
0.534949429812
0.535138518945
0.535284803078
0.535415973175
0.535455084775
0.535596235692
0.535789024259
0.535993305359
0.536095503597
0.536201291491
0.53632364753
0.53649500548
0.536707380175
0.536931271761
0.537071166296
0.537193394546
0.537373068985
0.537504265432
0.537644192971
0.537844720524
0.537978277354
0.538087868342
0.538208863243
0.538274844868
0.538462579665
0.538655704412
0.538758875117
0.538904148333
0.539110353177
0.539293864778
0.539472409084
0.539691404001
0.539728673819
0.539893975331
0.54007961297
0.540184038285
0.540241029771
0.540346057548
0.540442781704
0.54057997714
0.540702787287
0.540877344301
0.5410801713
0.541195344008
0.541359274303
0.541562845643
0.541737489543
0.541954527144
0.542085455333
0.542231171337
0.542392848618
0.542562304956
0.542638458509
0.542836108147
0.542940604599
0.543074508323
0.543277849966
0.543428476398
0.543574834655
0.543712974777
0.543902894071
0.54402831373
0.544144206961
0.544313050729
0.544473839936
0.544607952495
0.544778473304
0.544890247414
0.545065723789
0.54525235678
0.545445414842
0.545605022667
0.545751197961
0.545899167689
0.546091739452
0.546230101376
0.546398390253
0.546570805806
0.546710471466
0.546833380571
0.546949970094
0.547056565823
0.547201867309
0.547305316974
0.547428702488
0.547599022815
0.547812288665
0.547972446784
0.548139544245
0.548316538046
0.548415181601
0.548520789983
0.548653937875
0.54880076381
0.54887794532
0.548974372265
0.549110195538
0.549248720391
0.549361261003
0.549497069736
0.549605164336
0.549792049618
0.549990387532
0.550168943535
0.550339368302
0.550464179808
0.550623312983
0.550847482835
0.551049712351
0.55121696071
0.551335855511
0.551498841738
0.55160837778
0.551769671747
0.551840602971
0.551915041367
0.552028541558
0.552215570501
0.552414684937
0.552550114355
0.552694664211
0.55285901749
0.552970501361
0.553118151499
0.553340606537
0.553415247677
0.553584510535
0.553710068738
0.553884002701
0.554055843526
0.55421364945
0.554379742382
0.554433311608
0.554503601586
0.554670703913
0.554777644205
0.554901487366
0.555014375667
0.555066928837
0.55516169475
0.555316544912
0.555430421288
0.555593951827
0.555755412571
0.555875618325
0.555988643312
0.556163839563
0.556227983495
0.556390804054
0.556596836759
0.556759550484
0.556843076339
0.556968917175
0.557058456934
0.557205622699
0.557332678233
0.557509212479
0.557611294485
0.557771241342
0.55791820837
0.558029823439
0.558197700078
0.55837288
0.558482028084
0.558655705852
0.558783478868
0.558933179909
0.559102580544
0.559272654212
0.55938558713
0.559402664444
0.55957010391
0.559702545972
0.559828915608
0.559911399087
0.560017939961
0.560194466964
0.560324539768
0.560447459711
0.560598958771
0.5607659196
0.560904828537
0.560984817932
0.561107803141
0.561220525777
0.561373212643
0.561509032771
0.561714994015
0.561810040392
0.562013667682
0.562127609735
0.562243802134
0.562424841967
0.562625752722
0.562784949496
0.562938156894
0.563009450232
0.563144083093
0.563334132607
0.563470990526
0.563578477905
0.56375887472
0.563860287256
0.564027270944
0.564190195043
0.564277943758
0.564376288546
0.564410304675
0.564629085524
0.564786493582
0.564883838464
0.565083051352
0.56524634146
0.565365177756
0.565461030016
0.565624115284
0.565797434407
0.565933303047
0.566058389818
0.566190692457
0.566166015209
0.566285827286
0.566488004088
0.566660240106
0.566830773725
0.566898224461
0.567057330892
0.567204577273
0.567385246228
0.567497081543
0.567648274758
0.567751119548
0.567909583777
0.568063119042
0.568228920105
0.568408376022
0.568493544003
0.56861372234
0.568787616887
0.568951417083
0.569123846569
0.569232657804
0.569367808685
0.569518378333
0.569592581392
0.569769977281
0.569926758758
0.570098045703
0.570257954175
0.570291030588
0.570371199335
0.570457079744
0.570581913037
0.570648467569
0.570791936568
0.570956947267
0.571101696837
0.571249553325
0.571385654538
0.571525832753
0.571661190666
0.571781777498
0.571896634305
0.571990848566
0.572103301178
0.572232351966
0.572356558315
0.572483473413
0.572573707535
0.5726943164
0.572817696683
0.572857573151
0.572944381938
0.573067676572
0.573207579302
0.573365719173
0.573512959807
0.573677645193
0.573818862905
0.573951227541
0.574028709989
0.574133226988
0.57423400702
0.574377655614
0.574517297699
0.57459175422
0.574770501276
0.574900503398
0.575042459954
0.575179102408
0.575244069623
0.575328223839
0.575372723809
0.575499597001
0.575604406538
0.575697057727
0.575837122356
0.575974033771
0.576094462882
0.576249311444
0.576400167192
0.576482545568
0.576637383422
0.576794848106
0.576865063752
0.576936701218
0.577041843171
0.577177589828
0.577253753321
0.577384213717
0.577535658701
0.57768295077
0.57778882514
0.577918937868
0.578086602434
0.57824336759
0.578385871057
0.578492851934
0.578641011474
0.57878584934
0.578943564465
0.579041457234
0.579140367704
0.579238605614
0.579336173834
0.579476490341
0.579525063321
0.579689156178
0.579788599301
0.579873316015
0.580029886165
0.580127760137
0.580272026372
0.580401828778
0.580540133256
0.580695406695
0.58085398935
0.580959142613
0.581058538146
0.581178883544
0.581320428658
0.581489005334
0.581560906231
0.581671679671
0.581819781562
0.581919968552
0.582068925675
0.58214716402
0.582260499457
0.582359020946
0.582525254787
0.582666859155
0.582804745369
0.582901104006
0.583028296411
0.583195867089
0.583344529169
0.583502313608
0.583659506844
0.583739212813
0.583874410466
0.583997232193
0.584089100848
0.58417273904
0.584312000938
0.584484612128
0.584528216584
0.584674617607
0.584795876763
0.584917562027
0.585043175835
0.585121588018
0.58523866486
0.585325722297
0.585457438079
0.585593529608
0.585708278982
0.585849025474
0.585940650059
0.586107141704
0.58623714469
0.586373476873
0.586450956408
0.586598423
0.58667954393
0.586785710912
0.586857167326
0.586993514999
0.587129519725
0.587259605266
0.587411535224
0.587528090434
0.587653004085
0.587748970586
0.587840745297
0.587976963069
0.588131957021
0.588222331822
0.588365678336
0.588508791426
0.588636945457
0.588786351395
0.588924792962
0.589064879166
0.589215753734
0.589343355569
0.589439458946
0.58958796676
0.589679653186
0.589832137309
0.589970324821
0.590043425857
0.590063768776
0.590186301242
0.590299188497
0.590437405021
0.590566576657
0.590690802946
0.59082455117
0.590938554136
0.591100949726
0.591245594029
0.591371621352
0.591511932995
0.591651111587
0.591793931936
0.59191415826
0.592074991939
0.592145755267
0.592276769086
0.592384352926
0.592474399697
0.59260343273
0.592665913782
0.592807372137
0.592926609505
0.593031926015
0.59317547451
0.593253008225
0.593289565665
0.593386102649
0.593547811761
0.593623674695
0.593711813767
0.593803170313
0.593916395305
0.594074389601
0.59418299708
0.594276194174
0.594338095091
0.594487020878
0.594608107777
0.594725203385
0.594842161831
0.594930531064
0.595009117993
0.595091448407
0.595210794861
0.595364215268
0.595528994336
0.595545319214
0.595687524662
0.595821907819
0.595970498576
0.596090864138
0.596173749707
0.59631959914
0.596453455006
0.596570535665
0.596658108922
0.596805813239
0.596959248565
0.597078471469
0.597153787399
0.597310633071
0.597439049146
0.597555511922
0.597674482704
0.597789505558
0.597867458852
0.597926841665
0.598053233301
0.598148400023
0.598270274803
0.598339757138
0.598458421348
0.598483069506
0.598628592744
0.598795296036
0.598928624602
0.598992067813
0.599089806979
0.59918184279
0.599358524375
0.5994747769
0.599550184952
0.599677116314
0.599784371797
0.599915934085
0.599997928079
0.600065743388
0.600205008748
0.600320872672
0.600409144972
0.600544672219
0.600646015116
0.600733130541
0.600792225481
0.600898411249
0.601016848373
0.601140528538
0.601256048972
0.601390073202
0.601525674615
0.601621353839
0.601753553508
0.601874822343
0.60196575867
0.602086461849
0.602161357288
0.602234439881
0.602377669501
0.602483045645
0.602572569955
0.602718808753
0.602823285944
0.602932380753
0.603042906287
0.603137692674
0.603210966923
0.603282921036
0.603412786408
0.603535064407
0.603663935215
0.603782729877
0.603869803832
0.603996535426
0.604100112421
0.604224980272
0.604345882603
0.604475310328
0.604543407314
0.604676424451
0.60470616579
0.604837011061
0.604984471552
0.605113575373
0.605170968329
0.605286680868
0.6054045507
0.605526876428
0.605661341303
0.605769154727
0.605886648162
0.605996262121
0.606123439101
0.60626470665
0.606402253201
0.606526254183
0.606601183551
0.606761764816
0.606885132255
0.606923082601
0.607021864431
0.607104723185
0.607225692576
0.607345992818
0.607475867554
0.607568116098
0.60767959086
0.60780797702
0.607928990044
0.608052113419
0.608174544116
0.608287980125
0.608384018227
0.608475135285
0.608592511317
0.608718457615
0.608834699262
0.608883414056
0.609007441837
0.609088240498
0.609192907829
0.609318112638
0.609379151087
0.609466891911
0.609601589693
0.60974400037
0.609864361037
0.609998909537
0.610106160187
0.610211274311
0.610298046216
0.610402236813
0.610526110446
0.610592307913
0.610692737668
0.61077085685
0.610796144037
0.61089894917
0.61104286862
0.611162805857
0.611286497644
0.61141175641
0.611482959163
0.611576325251
0.611689797388
0.611837826055
0.611924895958
0.612031979769
0.612148477867
0.612274175722
0.612380713918
0.612477884946
0.6125400063
0.612677269169
0.61278611982
0.612894068178
