0.00818909403894
0.0159858912822
0.0197689163859
0.0187711676591
0.0159383301071
0.0132819417559
0.011384521505
0.0101477703842
0.00984428763009
0.00885985886708
0.00815926535091
0.00958068409795
0.00884370839811
0.00918748845127
0.0125870721602
0.013286798183
0.0141369251906
0.0148559235199
0.0141164229918
0.0136294333874
0.0146113691307
0.0139472159884
0.0135125504842
0.0129495275473
0.0145962423174
0.0165480989925
0.0160814993776
0.0159661321019
0.0187648927809
0.0181393963548
0.0175542545369
0.0170056840827
0.0169445732136
0.0175128127175
0.0170124466399
0.0165398786777
0.0162805382815
0.0167863610753
0.0182343623016
0.0180837196159
0.0176426532838
0.0172225901104
0.0168389690769
0.0164562652343
0.0171099751302
0.0174413529425
0.0175509742437
0.0184019498817
0.0180568185074
0.0180670194683
0.0177127641846
0.0185949715956
0.018486262282
0.0187948327939
0.0199472488387
0.0199369613317
0.0195871900802
0.0196595262603
0.0193515768752
0.0206182953751
0.0205389449834
0.021261208958
0.0214115974948
0.0210770412839
0.0208048799344
0.0206653851192
0.0208415955932
0.0205351015403
0.0208910390027
0.0221502841608
0.0231763364966
0.0241309954353
0.0243732014365
0.024217498926
0.024397737077
0.0242739382392
0.0250055144584
0.0254654822374
0.0253226737248
0.0250061403032
0.0249024637365
0.025086870491
0.0253229683823
0.0251000410185
0.0253230081915
0.0252247590865
0.0253685590999
0.0263519726842
0.026655088057
0.0268234985622
0.0271943249203
0.0277829920836
0.0278321357655
0.0277961496168
0.0278004697316
0.027848238379
0.0278275121716
0.0281962640853
0.0285179927801
0.0283905920671
0.0284831145244
0.0285635874746
0.0286401070401
0.0284938385158
0.0293673727676
0.0295396424874
0.0297086922125
0.0299561384493
0.0302974239893
0.0307136369596
0.0310367173904
0.0310711528256
0.031448698099
0.031744814605
0.031885919055
0.0316110404424
0.0317830278994
0.0325147846005
0.0331366212377
0.0329166626238
0.0333492140973
0.0331357760527
0.0334529202696
0.0338677830803
0.0338187524741
0.034106696662
0.0344182869955
0.034699118162
0.0348086063641
0.0347184516728
0.0345037846357
0.0346146520081
0.0349542897229
0.0347174459629
0.034645719763
0.0350982626001
0.0354465673306
0.0354642416589
0.0360085484313
0.0361804619705
0.0363454208531
0.0365457478147
0.0365944785638
0.0370299194177
0.0368601130021
0.0377587255555
0.0380427879083
0.0381386325686
0.0382469142363
0.0386760096199
0.0389796640761
0.0391923284993
0.0397341883361
0.0405023064366
0.0409326599947
0.0410758775228
0.041044592511
0.0415565230299
0.0417553988034
0.0422520066244
0.0423432493869
0.0423713274537
0.042938061844
0.043073931205
0.0431464938861
0.0430158945532
0.0431762012629
0.0433419870698
0.0436964063325
0.043865594799
0.0441080690915
0.0447084322658
0.04539397454
0.0456061710688
0.045601721916
0.0457333218749
0.0460113178042
0.0459831578987
0.0463653468001
0.0466185001866
0.0468987765683
0.0467050712405
0.0470020973341
0.047147428018
0.0474666980687
0.0477340473224
0.0480085725405
0.0484056399888
0.0484778455277
0.0489098096555
0.0489570651586
0.0491066015111
0.0492698894742
0.0496075763935
0.0499586078023
0.0501794894681
0.0501897707896
0.0505515315091
0.0508714178619
0.0512110625242
0.0513415395735
0.0517822315129
0.0527159403294
0.0529089452408
0.0534008908378
0.0538073427983
0.0547121137001
0.0547128931397
0.0553792408838
0.055886351954
0.0563208827447
0.0563241164806
0.0564565890804
0.0565517227772
0.0573917805933
0.0580384301158
0.0584246754307
0.0587786489389
0.0589984960162
0.0592179967179
0.0596511322073
0.0598380275963
0.0599654338087
0.0607462306434
0.0610335270016
0.0616077828108
0.0620863529036
0.0624423369747
0.0625763942977
0.0628612462461
0.0630941691499
0.0634839856933
0.0637067811421
0.0637866331447
0.0638194938989
0.06423047567
0.0645920775526
0.0649073245476
0.0651521273563
0.0652292247563
0.0655025279432
0.0658473976998
0.0664569868428
0.0666817639459
0.0669639176971
0.0674235081487
0.0678133059176
0.0680458449337
0.0682632760252
0.068354398392
0.068504599077
0.0689855967216
0.0691757651641
0.0693719371511
0.0697909751063
0.0701517122709
0.0703143776753
0.070646490567
0.0710434599968
0.0712525532657
0.0714475294449
0.0715119654335
0.0719171658365
0.0722546083581
0.0725574094924
0.072703702724
0.0729944155308
0.073404539805
0.0737573037885
0.0740232853803
0.0741613384901
0.0744569402302
0.0746688314525
0.0747941869941
0.075058124003
0.0754109950807
0.075757997554
0.0760840390598
0.0766536016945
0.0767514021201
0.0773229207316
0.0775441589255
0.0778114584845
0.0781069900388
0.0783741028311
0.0785057047459
0.0788457216836
0.0792011326746
0.0793446701952
0.0795845674202
0.0797904035552
0.0800951409248
0.0802467205248
0.0805036916467
0.0808965156929
0.0812047666059
0.081593324786
0.0816742990211
0.0820939413199
0.0823220332254
0.0828676455364
0.0831553392902
0.0833007961836
0.0835873714589
0.0839146894965
0.0842836772453
0.0842555382428
0.0843407786341
0.0844695501514
0.0848530334199
0.0849085166247
0.0852625878022
0.0856812882503
0.085829091891
0.0862022446956
0.0865994528456
0.0869491355073
0.0871812043729
0.0874236086977
0.0878062474667
0.0882279408784
0.0886217108034
0.0887707766646
0.0890588839439
0.0893735353718
0.0895937382265
0.0898165941737
0.0900143165922
0.0901362596669
0.090332961549
0.0903726783748
0.090649418161
0.0909736830384
0.091265298478
0.0915654715641
0.0918142393592
0.0919217779474
0.0921432557646
0.0924764878166
0.0926517391869
0.092837730352
0.0930742150591
0.0933875891505
0.0935806829434
0.0938743235042
0.0942609212957
0.0943790772363
0.0948044883524
0.0952937202712
0.0956726600435
0.0960243927179
0.0964891123455
0.09670942476
0.0971096168886
0.0975759604594
0.0977076312613
0.097871572002
0.0980395958908
0.0982887421439
0.0984092954943
0.0987840282965
0.098947352293
0.098964486989
0.0990721764075
0.0991983409196
0.0993669449535
0.099623564777
0.0998054202933
0.0999889736888
0.100423728765
0.100565548994
0.101001315046
0.101171535046
0.101512347638
0.101936988257
0.102272140669
0.102620587047
0.103029885884
0.103442526988
0.10382340957
0.104059939245
0.104242553831
0.104501454048
0.104743251416
0.104906917511
0.105262708668
0.105550772612
0.105711007175
0.106033275891
0.106305256002
0.106443274126
0.106508671426
0.106735673656
0.106749044875
0.107027685523
0.107291770289
0.107624028529
0.10775322393
0.108090637407
0.108377949899
0.108544240073
0.108693792005
0.10880294822
0.108953156596
0.10912779012
0.109230954965
0.109456349183
0.109604858087
0.109821487808
0.109939592235
0.11029505088
0.110482763398
0.110707642383
0.111018750216
0.111159764554
0.111337897714
0.111619000673
0.111869154437
0.112002952662
0.112214338687
0.112467808221
0.112473632713
0.11266763036
0.112874143275
0.113045347723
0.113242574209
0.113415928142
0.113554913565
0.113743110309
0.114080262614
0.114397474488
0.114528201965
0.114657640713
0.114802948311
0.115061101723
0.115219314878
0.115611442285
0.115844804921
0.116081881377
0.116257155425
0.116440847504
0.116749105151
0.116969798076
0.117351868874
0.117546782706
0.117725713613
0.117773781264
0.117886974164
0.118025320201
0.118232536517
0.118437964829
0.118770478012
0.11885218082
0.11899974058
0.119186727071
0.119356335015
0.119546505833
0.119757496932
0.119935888766
0.120031310513
0.120267101672
0.120434349468
0.120584276776
0.120750804377
0.120840783167
0.121035440346
0.121182563852
0.121356600931
0.121510112821
0.12170621734
0.121822077097
0.122033621346
0.122393008122
0.122476651075
0.122603466515
0.12287776117
0.123062399572
0.123177644984
0.123515715084
0.123814323104
0.123925542306
0.124189484974
0.124364365382
0.124587940804
0.124762442091
0.124950814759
0.12518839644
0.125452910061
0.125697711889
0.125896802448
0.126073850041
0.126332165584
0.126386521157
0.126507529225
0.126658443434
0.126775468101
0.126907446577
0.126954765401
0.127120413395
0.127337256705
0.127536433375
0.127724910578
0.12807703332
0.12813115814
0.128216099014
0.128431575498
0.128613951413
0.128785024415
0.128892318494
0.129036963116
0.129147431315
0.129319265604
0.129573961919
0.129634619746
0.129836638389
0.130018654027
0.130106411302
0.130406733923
0.130599329423
0.130768135537
0.130974077148
0.131097758419
0.131124736991
0.131291910772
0.131342970289
0.131451075782
0.131522618807
0.131701986117
0.131872350735
0.131943590176
0.13211411788
0.132231774391
0.132327208759
0.132345855356
0.132569914577
0.132709761154
0.13276267649
0.133047480165
0.133131711904
0.133420104822
0.133555559472
0.133693101502
0.134003341655
0.134189942417
0.134209574601
0.134416434743
0.13453307438
0.134614452212
0.134695168653
0.134934601565
0.135053217162
0.135207041829
0.135374000744
0.135433638062
0.135512064258
0.135627468153
0.135720940093
0.135852510599
0.135953801348
0.136255159441
0.136310843048
0.136343222449
0.136385674616
0.136473844039
0.136506424932
0.136573606096
0.136654498391
0.136745804573
0.136932266929
0.137037592133
0.137095567378
0.137202574183
0.13731319254
0.137434051796
0.137616797304
0.137684744078
0.137770244921
0.137893838778
0.138004789177
0.138136698269
0.138256749041
0.138351312242
0.138545905882
0.138593572529
0.13867167132
0.138855097468
0.139015300237
0.139083839341
0.139272119149
0.13941449628
0.13960278845
0.139589487742
0.139802024664
0.139976584433
0.140108696346
0.140275226165
0.140319847961
0.14048253173
0.140594620055
0.140609205394
0.140681576699
0.140726415079
0.140850176415
0.140972771069
0.141023488706
0.141103664116
0.141223010755
0.141328587916
0.141332532433
0.14150603149
0.14159078326
0.141615645433
0.14172432698
0.141870155151
0.142002558233
0.142158107423
0.142178163432
0.142310848419
0.142380563174
0.142510148817
0.142600144943
0.142709485177
0.142859633107
0.14299228334
0.14310906433
0.143188657783
0.143367688318
0.143443892636
0.143570353085
0.143629640105
0.143693366803
0.143872899769
0.143927317383
0.144148734972
0.144249972763
0.144354031972
0.144440236415
0.144567774335
0.144608394035
0.144647386461
0.14482238605
0.144901724201
0.144938337278
0.145096399979
0.145163866526
0.145284645358
0.145428474695
0.145482622471
0.145596328648
0.145640306019
0.145702033512
0.145850811952
0.145915913914
0.146070859857
0.14618452368
0.146344437843
0.146443623892
0.146501513974
0.146565143788
0.146617045603
0.146665778058
0.146799538263
0.146915815772
0.147024771673
0.147158582288
0.147161536079
0.14721736061
0.147344429255
0.147375550175
0.147499070289
0.147571815607
0.147635979359
0.147875654647
0.147994700164
0.148160140102
0.148270578736
0.148475141453
0.148564578188
0.148738132573
0.148861388261
0.148892360345
0.148988246062
0.149160450138
0.149304553297
0.149331554472
0.149326511267
0.149368450034
0.149423564015
0.149508155631
0.149585440807
0.14963331102
0.149747713414
0.14990611567
0.149954872951
0.150042854048
0.150111241028
0.150198163928
0.150380542641
0.150367552138
0.150447776606
0.15052559869
0.150606989041
0.150691849226
0.150831123851
0.150894087391
0.150872080487
0.150950737367
0.151006944263
0.151069890822
0.151125845469
0.151259314465
0.151288014868
0.151319019373
0.15133865957
0.151434267994
0.151582611832
0.151639491908
0.151714155111
0.151876265677
0.151969431191
0.151991817114
0.152006094623
0.152065417337
0.152080669591
0.152208773968
0.152289915235
0.15238589857
0.152403512742
0.152494293687
0.15259638808
0.152710611781
0.152823611926
0.152886539194
0.152967902115
0.153121882096
0.153189273666
0.153293489268
0.153383201542
0.153509744846
0.153654371861
0.153711355007
0.153708148547
0.153794006304
0.153871262453
0.154043833575
0.154065534757
0.154213294903
0.154339493432
0.154398879464
0.154477228876
0.15452885556
0.154629462213
0.154676281251
0.15474248769
0.154771027757
0.154865804839
0.154936519196
0.15512763878
0.155138741544
0.155195256346
0.155261728031
0.155384384929
0.155437191608
0.155508554949
0.155571104162
0.155682856584
0.155699901539
0.155829111774
0.155878631918
0.155886939304
0.155984193828
0.15604401007
0.156064936457
0.156108703312
0.156244928566
0.156330845148
0.156347724553
0.156447985391
0.156523928123
0.156589480318
0.156670811839
0.156728529957
0.156784369031
0.156816509864
0.156891029886
0.156963074571
0.157049367455
0.157085174408
0.157156539511
0.157201201438
0.157345578295
0.157389397209
0.157459586061
0.157503119111
0.157731083505
0.157770364744
0.157840344759
0.157893601252
0.157944423649
0.158000718283
0.158111010139
0.158198319378
0.158241177196
0.158258002269
0.158419614036
0.158462810005
0.158516550211
0.158573851893
0.158609725344
0.158689689812
0.15881762429
0.158865219166
0.158924288348
0.159010047858
0.159192130427
0.159275260719
0.159359579752
0.15942796847
0.159435037149
0.159497615672
0.159564050513
0.159674250924
0.159866255073
0.159933861647
0.159997428719
0.159991330503
0.160040973067
0.160033764179
0.160059256485
0.160190363441
0.160219355438
0.160308604923
0.160391022634
0.160500794391
0.160509828673
0.160579330676
0.160572907328
0.160641493926
0.160713500472
0.160710085284
0.160784882453
0.160845881144
0.160898036845
0.160967384586
0.161022383572
0.161085593921
0.161119794145
0.161179298062
0.161226662808
0.161296057471
0.161359616883
0.161387715149
0.161425420407
0.161462375402
0.161434717949
0.161527512945
0.16160842297
0.161704625625
0.161746422807
0.161835777139
0.161915158314
0.161982542767
0.162020103128
0.162046115674
0.162099928053
0.162239496414
0.162259162841
0.162314281548
0.162393745937
0.162436865674
0.162455737147
0.162530257167
0.16262571962
0.162680633022
0.162669433071
0.162719225848
0.162808654728
0.162901869391
0.162943600505
0.163009697897
0.163056736585
0.163101629951
0.1631215729
0.163167377809
0.163245802683
0.163303074892
0.163360524538
0.163450007419
0.16354128431
0.163598146383
0.163690079259
0.163772039393
0.163821883246
0.163846463863
0.163937273555
0.164027914543
0.164119600348
0.164167992992
0.16426166078
0.164303604707
0.164374209403
0.164379057349
0.164411338101
0.164456427776
0.164488576486
0.164513588983
0.16458748993
0.164664963106
0.164661185993
0.164669507594
0.164822204931
0.164894912645
0.16497313716
0.165030645044
0.165103211013
0.165104208114
0.165108330177
0.165203563269
0.165247778932
0.165295556162
0.16536542691
0.165445958517
0.165530760841
0.165587585966
0.165600900346
0.165720370753
0.165749400242
0.165798208661
0.165842249066
0.16592185824
0.165945342739
0.166011138706
0.166031146384
0.166090158038
0.166111198952
0.166181135199
0.166249774239
0.16628400191
0.166309774996
0.166357449359
0.166374960188
0.166418292809
0.166432074394
0.166454340184
0.166474827518
0.166574193026
0.166651143151
0.166714769664
0.166799634475
0.166818412376
0.166854280413
0.166913355378
0.166960089613
0.166971212915
0.167039568657
0.167049915435
0.167073960414
0.167157043045
0.167161422044
0.167201737592
0.167265010853
0.167340222134
0.167411752978
0.16746897589
0.167560249384
0.167659215765
0.167769486641
0.167882215746
0.167944469277
0.167985380315
0.168036788792
0.168069638449
0.168088365484
0.168186011586
0.168199234385
0.168228449167
0.168312690749
0.168355523607
0.168409957403
0.168493686989
0.168534907728
0.168588681404
0.168613434956
0.168666511722
0.168772220244
0.168853768623
0.1689222919
0.168987177729
0.169045835504
0.169130248548
0.169173680326
0.169195209511
0.169230212494
0.169262365583
0.169298560242
0.169354222563
0.169410375763
0.16943430764
0.169453869878
0.169474390469
0.169525909528
0.169561500487
0.169612971258
0.16963346073
0.169715702233
0.16982317521
0.169961113789
0.170018787686
0.170065044045
0.170094853215
0.170184509116
0.170267649707
0.170346974815
0.170347799865
0.170407856605
0.170423460505
0.170424283867
0.170488156724
0.170505632105
0.170577497163
0.170600861329
0.170667445704
0.170676682892
0.170712646889
0.170803770779
0.170893764414
0.170973268403
0.171036962102
0.171045422186
0.171105563046
0.171142522783
0.171212461278
0.171292284001
0.171290978728
0.171300047654
0.171302700738
0.171333297826
0.171340075231
0.17139156041
0.171452275572
0.171491908099
0.171566595319
0.17162855958
0.17160642904
0.171654081875
0.171722987358
0.17171229791
0.171763955613
0.171810878827
0.171841712
0.171907705852
0.17200461995
0.172053083855
0.172072906208
0.172147238493
0.172182570976
0.172191190043
0.172155605308
0.172218386213
0.172351526395
0.172402648047
0.172449515947
0.172484670437
0.172531142475
0.17256390985
0.172550632079
0.172600453692
0.172654313891
0.172686788684
0.17275043866
0.172811085659
0.172844081588
0.172897163627
0.173006584434
0.173097021541
0.173148471588
0.17316834143
0.1732702032
0.173277210761
0.173280456815
0.173320200425
0.173386804682
0.173409730564
0.173436560907
0.17347578993
0.173525242772
0.173585874957
0.173614363845
0.173670046249
0.173730839793
0.173768406158
0.173820363669
0.173892241166
0.173912066529
0.17389673698
0.173929076422
0.173960411252
0.174017101898
0.174034263684
0.174097248776
0.174134578721
0.174219025519
0.174226431554
0.174298262605
0.174253956894
0.174248348922
0.174282935989
0.174398338779
0.174453786346
0.174448780056
0.174474896564
0.174552159102
0.174548045036
0.174551734479
0.174562139
0.174627986782
0.174697706116
0.174723562877
0.174835518418
0.174884404489
0.174897440407
0.174926720803
0.174997535376
0.175040598682
0.175090541075
0.175139807298
0.175116048016
0.175160667789
0.175180888754
0.175224650316
0.175213833243
0.175278103858
0.175321263131
0.175400162205
0.175392442331
0.175447751481
0.175482960998
0.175508940194
0.175532510322
0.175559534629
0.175617702394
0.175589841795
0.175630333953
0.175694028497
0.175692347424
0.17575826305
0.175826835139
0.175835451352
0.175895394693
0.176040535034
0.176055980082
0.176097229221
0.176084907492
0.176111873636
0.176143901245
0.176176598012
0.176204060909
0.176254747442
0.176248547826
0.176284555169
0.176347035796
0.17636131297
0.176480484812
0.176505137558
0.176525760575
0.176562863673
0.176548041709
0.176568550088
0.176612781107
0.17665988222
0.176696745778
0.176761231965
0.176771328265
0.176859128098
0.176881098334
0.176912121015
0.176941130906
0.176966755966
0.176994071703
0.177039720804
0.177060523114
0.177119229293
0.177097111158
0.177130554946
0.177149234912
0.177180863631
0.177210045263
0.177245811697
0.177273741863
0.177346244079
0.177328230654
0.177407470628
0.177392253521
0.177432043989
0.177446651023
0.17747776846
0.177513930025
0.177564297258
0.177632634439
0.17767189028
0.177696846688
0.177736578578
0.177763743355
0.177795030128
0.177820575326
0.177873660343
0.177929321816
0.178003735388
0.178056934401
0.178110485354
0.178092909084
0.178134320983
0.178133349171
0.178179327618
0.178234516128
0.178318130091
0.178324738179
0.178418221554
0.178442578825
0.178492980643
0.178523210715
0.178533993345
0.178582259933
0.178628527633
0.178610681192
0.178620716009
0.178641642408
0.178749335033
0.178733753778
0.178738487726
0.178780908599
0.178782816845
0.178836312666
0.178867096785
0.178873748012
0.178882202257
0.17891836515
0.178942447109
0.17897231559
0.179064444128
0.179112385596
0.179107356429
0.179108302002
0.179158871005
0.179159497481
0.179146929473
0.179191129629
0.179253877011
0.179262664244
0.179314160657
0.179300491207
0.179306769362
0.179357646588
0.179379821765
0.179371047704
0.179367420971
0.179381953188
0.179419277497
0.179454528432
0.179536292672
0.17956270796
0.179600629354
0.179612087425
0.179587418837
0.179614186717
0.179652857125
0.179639018135
0.179703766476
0.179748488277
0.179833211391
0.179973236054
0.1800717392
0.180090696657
0.180110683527
0.180162134293
0.180207043104
0.18023240626
0.180241992092
0.180296958777
0.180338311648
0.180363117693
0.180381086672
0.180420497262
0.180478761201
0.180502049379
0.180493684365
0.180501314217
0.180537399866
0.180612239989
0.180599871001
0.180632662551
0.180685654225
0.180703194923
0.180768912936
0.180784384001
0.180821099464
0.180878723781
0.180891775223
0.180935147406
0.180968458505
0.181006854413
0.181056775717
0.181099361688
0.181206601016
0.181216913476
0.181290632837
0.18132401344
0.181399723875
0.181451458208
0.181493938973
0.181496068247
0.181487571628
0.181522961365
0.181530511784
0.181558991363
0.181591028942
0.181580867703
0.18159377066
0.181593651366
0.181625981886
0.181615911376
0.181650092687
0.181681787017
0.181707784148
0.181724900032
0.181693312671
0.181756060427
0.181763861903
0.181741969246
0.181767293793
0.18177327195
0.181864757571
0.181912680797
0.181909056251
0.181944603909
0.181986106257
0.182020741005
0.182050809253
0.182105707486
0.182151903361
0.182202278618
0.182209895629
0.182225240669
0.182305115568
0.182308736837
0.182346768836
0.182377432995
0.182397361836
0.182412670627
0.182423750807
0.182430302985
0.182481614065
0.182522610212
0.182525188426
0.182547766609
0.182553089151
0.182570285584
0.182611989861
0.182648011271
0.1826731686
0.182717732011
0.182772085669
0.182775582146
0.182814435721
0.182825913282
0.182894309271
0.182939738893
0.182963768289
0.182999948843
0.183073881128
0.183105196998
0.183157550281
0.183186855143
0.183202784344
0.183257810815
0.183248945451
0.183254934809
0.183268878886
0.183295773352
0.183365146148
0.183372070639
0.18341051657
0.183463550081
0.183439729968
0.1834892203
0.183516220406
0.183518353526
0.183614392091
0.183695011439
0.183689235739
0.183704892023
0.18372025092
0.183757975889
0.183774839557
0.183793275964
0.183782406652
0.183802949471
0.183816984176
0.183807001809
0.183832287289
0.183857544373
0.183883867001
0.183892667473
0.183909414332
0.18394308694
0.183997050343
0.183990341222
0.18399630247
0.184041700759
0.184058417399
0.184051591452
0.184109051039
0.184151814171
0.184150039438
0.184146346214
0.184155920794
0.184195267126
0.184217464903
0.184266542269
0.184299095809
0.184304800047
0.184323303126
0.184311930249
0.184343205286
0.184369214498
0.184382635858
0.184391256954
0.18439441212
0.184417453782
0.184450042494
0.184445255154
0.184487887198
0.184500268467
0.184524022567
0.184540167975
0.184541036913
0.184555657336
0.184628399995
0.184664598421
0.184668569462
0.184663148491
0.184674808278
0.184685993306
0.184713834646
0.184716348008
0.184747265443
0.184775890564
0.184791386531
0.184802035196
0.184825154288
0.184898511108
0.184915384155
0.184931912938
0.184970531888
0.184996373728
0.185017620216
0.185069405907
0.185099869143
0.185108022082
0.185122421317
0.185123952654
0.185130146486
0.18514383812
0.185150277173
0.185180925491
0.185197002751
0.185242424823
0.185271450173
0.185300891192
0.185320558616
0.185334950929
0.185327998246
0.185371273892
0.185382529329
0.185417482869
0.185415791979
0.185478296952
0.185479928432
0.185490333813
0.185510481062
0.185515055353
0.185539725861
0.185531858064
0.185613253921
0.185603946106
0.185660390183
0.185657211353
0.18569859352
0.185736659329
0.185750823057
0.185755961747
0.185778345231
0.185791507144
0.185794251107
0.18578127579
0.185784724297
0.18580032733
0.185794414927
0.185855418007
0.185881482804
0.185882914579
0.185887499026
0.185870640854
0.185898823557
0.185927921149
0.185936015743
0.185949032894
0.18599296677
0.18603743181
0.186045272379
0.186061175058
0.186087469167
0.186108399654
0.186130227945
0.186150472049
0.186190981115
0.186232336382
0.186224418784
0.186284587141
0.186297006257
0.186301493703
0.186396887324
0.186439251065
0.186447529685
0.186458457869
0.186481368846
0.186509353203
0.186520976107
0.186571368787
0.186575703473
0.186586017671
0.186620802284
0.186612460337
0.186614251898
0.186630827176
0.186712205269
0.186702574392
0.186749936017
0.186751081385
0.186796723089
0.186804947965
0.186827543273
0.186855137808
0.186881115848
0.186970877185
0.187021256773
0.187019169243
0.18700950791
0.187040523596
0.187039758898
0.187051080758
0.18707659846
0.187112858588
0.18713213185
0.187182880181
0.187200757331
0.187207364394
0.187198892215
0.187221859246
0.187206258461
0.187220149559
0.187228589181
0.187283623737
0.187325749081
0.18733183263
0.187334384521
0.187332173424
0.187350143128
0.18738353322
0.187376893323
0.187421480336
0.187456459448
0.18749426776
0.187545768215
0.187602296547
0.187657413492
0.187710694974
0.187708282512
0.18771865546
0.187727276776
0.187746461435
0.187771189601
0.187822311261
0.187826310934
0.187828730797
0.187850043237
0.187840166355
0.187871330007
0.187883409614
0.18789344714
0.18792565275
0.187952249895
0.187961320539
0.187973762268
0.188004237934
0.188100262713
0.188156209972
0.188178450986
0.188180004035
0.188180359423
0.188197945684
0.188225284966
0.188255641844
0.188251159322
0.18826907242
0.188268366869
0.188275074177
0.188262727242
0.188281968188
0.18829906778
0.188303793364
0.188326096011
0.188324265685
0.188343629397
0.188340008736
0.188356001709
0.188373962994
0.188390589356
0.188404840443
0.188410876284
0.188430335978
0.188442938594
0.188458678777
0.188472191322
0.188490507662
0.188508023406
0.188526749218
0.188535872549
0.188543730388
0.188579561995
0.188619532053
0.188594194888
0.188581111298
0.188575286335
0.188565323492
0.188584707836
0.188605312363
0.188627705667
0.188624681313
0.188651750207
0.18868086311
0.188696200493
0.18869072102
0.188720396134
0.188784104024
0.188825079049
0.188880844162
0.18887568588
0.188924413144
0.188933965284
0.188920377918
0.188919337423
0.188934544553
0.188940632881
0.188954699339
0.188976131277
0.188987949447
0.189016000754
0.189027501547
0.189061167948
0.189081870295
0.189110159833
0.189125202125
0.189141732187
0.189133342045
0.189135206607
0.189173439032
0.189182660785
0.18918483108
0.189233292112
0.189268527478
0.189261534383
0.189283595252
0.189356401651
0.189351538193
0.189341418119
0.189350031058
0.189389229463
0.189411995405
0.18941716319
0.189415834262
0.189451475935
0.189428118545
0.189478744511
0.189474853854
0.189503709581
0.189501763524
0.189522505012
0.189572826195
0.189560461662
0.189557766469
0.189586893213
0.189588665182
0.189608884994
0.189606390914
0.189624176362
0.189632540487
0.189658450442
0.189687917895
0.189713733725
0.189706434661
0.189727211654
0.189767613535
0.189785820459
0.189814172661
0.189807748582
0.189833326807
0.189871571404
0.189896330494
0.189921155058
0.189965065118
0.189991349306
0.190006208484
0.190034830005
0.190061576781
0.190149141062
0.190174102433
0.190207734874
0.190229702014
0.19022697068
0.190243527818
0.190271684
0.190300332748
0.190322254683
0.190324840114
0.190341193969
0.190328259621
0.190321896198
0.190366182591
0.190388421749
0.190389376525
0.190408322775
0.190450154199
0.190451166376
0.190457223722
0.190465501097
0.190522859792
0.190562264693
0.190583480331
0.190608178787
0.19062979963
0.190661856393
0.190712668214
0.190739345916
0.190755913722
0.190741152301
0.190765921785
0.190766681445
0.190761603243
0.190811206798
0.190862371602
0.190869205836
0.190887836212
0.190934680187
0.190932550043
0.190970705946
0.190989750958
0.190999098631
0.191042945694
0.191054540235
0.191071492909
0.191114501896
0.191113604204
0.191147944505
0.191153909949
0.191167211307
0.191185248178
0.191217618763
0.191231230152
0.191247301291
0.191279197902
0.191281283958
0.191301154752
0.191336799275
0.191380066124
0.19143155837
0.191420444645
0.191416253024
0.191420561349
0.191414689942
0.191443381139
0.191426584938
0.191436298229
0.191473481233
0.191466854512
0.19146937952
0.191500085553
0.19151800694
0.191527309868
0.191558583532
0.191563123724
0.191582776729
0.191598145242
0.191628004265
0.191642065365
0.191644989632
0.19167542424
0.191724393475
0.191756510733
0.191767576367
0.191774064692
0.191813224703
0.191858828615
0.191889499469
0.19190466389
0.191899900202
0.191905420198
0.191932020217
0.191938950739
0.191919954355
0.19189739491
0.191886140263
0.191870295604
0.191888563296
0.191916926458
0.191958030113
0.191963659743
0.191953306374
0.191929560299
0.191941331546
0.19196378919
0.191969951645
0.192008424381
0.191997903775
0.192016560695
0.192040627562
0.192046280821
0.192055351084
0.192053435191
0.192077623916
0.19212209583
0.192155863304
0.192152905881
0.192196897549
0.192208356739
0.192234544681
0.19225792284
0.192280166693
0.192310288976
0.192322222879
0.192340820001
0.192364312549
0.192383002874
0.192398191719
0.192399468259
0.192408909708
0.192426935257
0.19242221677
0.192426104527
0.192428792722
0.192429552903
0.192464381774
0.192478348392
0.1924802644
0.192474642709
0.192477097322
0.192494963066
0.192527942816
0.192524041491
0.192530802241
0.19255340964
0.19254704078
0.192582127334
0.192606454746
0.192633757395
0.192657787073
0.192680775517
0.192724169178
0.192751071599
0.192759902943
0.192782310302
0.192795531514
0.192787876489
0.192780265497
0.192782268479
0.192795108356
0.192813424927
0.192839510549
0.192856290431
0.192864960681
0.19290060214
0.192894973417
0.192912844532
0.1929238425
0.192948981653
0.192956629757
0.192966566791
0.192966971543
0.192999105372
0.19303536925
0.193071621945
0.193093704382
0.193116056227
0.193125347747
0.193170417023
0.193185786112
0.193209962054
0.193225044721
0.193221460482
0.193228918718
0.193254681836
0.193291154136
0.193283570957
0.193287226407
0.193287571763
0.193292962837
0.193325347648
0.193328138814
0.19332211721
0.193325693413
0.19333989085
0.193321549748
0.193318390662
0.193341676161
0.193360037883
0.193397549866
0.193461554855
0.193431787747
0.19345407296
0.193467615261
0.193471855967
0.193482136322
0.193474073103
0.193486889954
0.193503596456
0.193509244293
0.193513198129
0.193506267362
0.193521636166
0.193496801874
0.193528108159
0.193551802964
0.193558736121
0.193569884789
0.193577978149
0.193605890767
0.193613678712
0.193601784397
0.193593735677
0.193623203752
0.193637866114
0.193650303407
0.193648720044
0.193674347592
0.193694004209
0.193679733154
0.193678329462
0.193695871857
0.193722632611
0.193733986569
0.193775869737
0.193796229807
0.193797750601
0.193822938092
0.193847771257
0.193853239859
0.193889347586
0.193908160145
0.193937392034
0.193930380889
0.193918895508
0.193906431467
0.193922001139
0.193920285493
0.193952049179
0.193923399002
0.193946168011
0.19394481481
0.193945330579
0.19397689289
0.194001554248
0.194015805957
0.194035431333
0.19401307627
0.194011791781
0.194065302049
0.194114542828
0.19413368018
0.194162770489
0.194174888788
0.194161559634
0.194171303351
0.19419720003
0.194221632644
0.194251006068
0.194254816125
0.194252902014
0.194273198581
0.19427138022
0.194270807343
0.194270626287
0.194300329665
0.19431824089
0.194342595076
0.194352523319
0.194369899827
0.1944083968
0.194445221525
0.19443839532
0.194445087551
