0.00198474181312
0.00675843203578
0.0156916941875
0.0230342005618
0.0247023918943
0.0219379707237
0.0229420103537
0.020231597292
0.0202217429153
0.0208922810695
0.0199748771541
0.0191430522975
0.0205313365955
0.0226771760581
0.023228984114
0.0235256905926
0.0251369098299
0.0252109405592
0.0244557451201
0.0240483180037
0.0240046998199
0.0240862848781
0.0246251021217
0.0241934978979
0.0244932456092
0.024762454983
0.025431254815
0.0254100285229
0.0258132195052
0.025295362104
0.0258103550714
0.0258466048166
0.026625656001
0.0266472325353
0.0268142082707
0.0264065533344
0.0259198130357
0.0270261907361
0.0269069189929
0.026918359397
0.0269574677499
0.0268188049868
0.0263295752407
0.0265835641003
0.0263969644388
0.0260783316408
0.0263115592118
0.0263788905816
0.0266376565824
0.026546657201
0.0264908691549
0.0263677406615
0.0261666420244
0.025858243797
0.0259752051861
0.0260693374851
0.0262910549701
0.0263420744723
0.0265744549671
0.0265801073009
0.0263943896495
0.0266793179543
0.0265556203758
0.0269623330694
0.0267331785001
0.0268241135974
0.026500756853
0.0266593497788
0.0265746426673
0.0263281540056
0.0266093286606
0.026493356201
0.0264719195299
0.0264119764404
0.0262731500637
0.0261578953694
0.0260045740374
0.0259878395953
0.0261022054624
0.0261968098041
0.0265867387011
0.0264442084304
0.0264645923211
0.0264351892668
0.0265693424018
0.0267740926403
0.0268262871805
0.0270854967848
0.0271253817908
0.0270175889147
0.0269911440233
0.026970262198
0.0270554812102
0.0271847852397
0.0272110352411
0.0272423711688
0.0272427331811
0.0273529429628
0.0273477636225
0.0274632304727
0.0275894722868
0.0274492956335
0.0274377032241
0.0273561494025
0.0272242342535
0.0272919585088
0.0272810512102
0.0270481096838
0.027292875831
0.0274735237847
0.0273717094199
0.0273150876017
0.0274923367064
0.0274319396159
0.027353711668
0.0274803586261
0.0274869892557
0.0273680216355
0.0274204910334
0.027370089255
0.0274653130841
0.0275605933201
0.0277004260129
0.0279335429619
0.0279529406118
0.0281193060605
0.028213120295
0.0281228731594
0.0280524968595
0.0280523165639
0.0280681010172
0.0279823163589
0.0279420594876
0.0278854976579
0.0279029374512
0.0281350294252
0.0280566737408
0.0280207408286
0.0282485809963
0.0282910425441
0.0282053837745
0.0284455241754
0.0285348598361
0.0285084869187
0.0285659463182
0.0284409943517
0.0284066539147
0.0286509825598
0.0289214297526
0.0288787088438
0.0288189090726
0.028921611515
0.0289204176548
0.0289358670309
0.028896076073
0.0288514711041
0.0289911259762
0.0290811529628
0.0290699943001
0.0292966140847
0.029572437394
0.0295758458332
0.029629082653
0.0296637871654
0.0296507367795
0.0294769498829
0.029468674457
0.0293529282963
0.0294616111156
0.0294131473549
0.0294422140526
0.0293503372704
0.0295750291585
0.0295729269976
0.0296115795508
0.02967766408
0.0296093475257
0.0297075606656
0.0297720051255
0.0298660703227
0.0300185404229
0.0300678114421
0.030122111823
0.0302125581258
0.0301769192949
0.0303836533314
0.0305080730946
0.0305731769841
0.0306568952427
0.0308577775202
0.0308969861423
0.0310303995757
0.0310774816115
0.0310790006839
0.0312467634542
0.0313473288337
0.0313484607572
0.031316926081
0.0313773050029
0.0313422153996
0.0314154209483
0.0315485654423
0.0315179345878
0.0315589680474
0.0316419765209
0.0317489253081
0.0317268224197
0.0318731218514
0.0319281521578
0.0318646456265
0.0319107894323
0.0319075780737
0.0319945651702
0.0321530505194
0.032219918445
0.0322296511585
0.0321797027488
0.0322386142534
0.0322686379885
0.0324961747734
0.0325729984755
0.0326678078526
0.0327069457732
0.0327198595162
0.0326797166397
0.0326895841378
0.0326765147852
0.0327367943026
0.0327671265123
0.0327906617513
0.0328721223956
0.0328626844629
0.0329820679908
0.0329106398772
0.0329314788659
0.0329522791529
0.0330898438242
0.0331578927978
0.0332009201957
0.0332237008063
0.0333052643371
0.0334036118912
0.033501902685
0.0335858319512
0.0335707086732
0.0338052945516
0.0338078130027
0.0339093444181
0.0339721831726
0.0340532407927
0.0340500952393
0.0340678571014
0.0341424631341
0.0341264790626
0.0341331756604
0.0341972721189
0.0342318488383
0.0342061687983
0.0343167657654
0.0342947893739
0.0343715870353
0.0344202425057
0.03476199724
0.0347554102279
0.0348145018214
0.0348885348126
0.0348671153205
0.0349420869649
0.0350740760427
0.0351778471241
0.0352165758389
0.0352407715332
0.0353577963819
0.0355074123766
0.035504179379
0.0355599549581
0.0356508604472
0.0357332264654
0.0356680920453
0.0357164436649
0.035728290161
0.0358150167735
0.0359289288987
0.0359421373813
0.036078283036
0.0361652229857
0.0361469895061
0.0362079800319
0.0362615687056
0.0363274825192
0.0363139823087
0.0363744782162
0.0363824352629
0.0364415108877
0.0366186651399
0.0365870509289
0.0366104799911
0.0366366076487
0.0366965618252
0.0367706603034
0.0367949993652
0.0368781025628
0.0368588114042
0.0369194933374
0.0369489712202
0.0369040410389
0.0369497373162
0.037041245132
0.0371220790832
0.0371710319867
0.0372110683789
0.0374000794146
0.0374608209971
0.0374294785694
0.0374606340591
0.0375501953156
0.0375085815592
0.0375221140636
0.0375956013787
0.0376164233136
0.0375419406091
0.0375423673112
0.0376158068231
0.0375987835767
0.0376593572714
0.0376765078837
0.0376895844363
0.0377154642227
0.0377851551401
0.0377665050396
0.037815594603
0.037859247377
0.0378492883938
0.0378922315452
0.0379858308886
0.0380320271334
0.0381193889622
0.0381478810817
0.0381453297216
0.0381677801732
0.0381936028523
0.0382202675182
0.0382147592614
0.0383145298086
0.0384764919845
0.0385408283762
0.038592564321
0.0386478875544
0.0386190245112
0.0386032309878
0.0385872667702
0.0387030981705
0.0388468365993
0.0388767731065
0.0389110381706
0.0389713670431
0.0389950235657
0.0390758043292
0.0392013914071
0.0393334572294
0.0393609505999
0.0393777800813
0.0394770441258
0.039475140804
0.0395242592606
0.0395487193046
0.0395847007046
0.0396255354168
0.0397545485812
0.0397660186072
0.0397428794163
0.0397407627528
0.0397611948415
0.0398203470818
0.0398347954593
0.0399225736149
0.0399854363285
0.0399950025435
0.0400145953331
0.0401221026776
0.0401915494236
0.0402159456838
0.0402942814801
0.0403739399745
0.0404400812694
0.0405133808284
0.0406417611482
0.0407052441121
0.040812518709
0.040973802572
0.0410315854977
0.0410776818681
0.0411571357601
0.041254081904
0.0413335970097
0.0413871059988
0.0414736859866
0.0415348275138
0.0415961034463
0.0416323462229
0.041690219676
0.0417169639692
0.0418905882318
0.0419035947471
0.042004749943
0.0420374558531
0.0420894837871
0.0420822465415
0.0421352348847
0.0421969927142
0.0422723624939
0.0423399719339
0.0423669416339
0.0424223809103
0.0425730571663
0.0426322880129
0.0427303138636
0.0427767412755
0.0427529276658
0.0428719900013
0.0429106413495
0.0429760296541
0.0430969026296
0.0432309515566
0.0432330986409
0.0432781239267
0.0433542118252
0.0433728841309
0.0434632268256
0.0435215704294
0.0435671995014
0.0436156473122
0.0436718211862
0.0437536950585
0.043778922332
0.0437832170948
0.0438951570805
0.0440020280618
0.0440537931508
0.0440805590919
0.0441247810754
0.0442041051532
0.0442806491604
0.0443363291321
0.0444215384842
0.0444231191466
0.0444654289588
0.0445515739958
0.044609116979
0.0446835648282
0.0447030812104
0.0447692905298
0.0448271780432
0.0448599083026
0.0448570424335
0.0449353301852
0.0450226093646
0.0450472920492
0.0451469461345
0.0451924620951
0.0453326951026
0.0454701409467
0.0455420039789
0.0456414276861
0.0456527490292
0.0457034074026
0.0457918551609
0.0458527445428
0.0459949216994
0.0460528895571
0.0460999447736
0.0461485294703
0.0461768926125
0.0462858448073
0.0463869391628
0.046473913066
0.0465373218194
0.0465990874208
0.0466992633189
0.0467966731692
0.0469071099378
0.0470100693991
0.0470882153493
0.0471185685082
0.0472047898582
0.0472666196825
0.0473338504782
0.0474243592017
0.047462039076
0.0475259676229
0.0475696338114
0.0476166509127
0.047723622939
0.0477846404908
0.0479125697062
0.047936813289
0.0480626395988
0.0481667814118
0.0481994927884
0.0483003191879
0.0483970552909
0.048459443649
0.0485176441971
0.0485677830246
0.0486391005073
0.0487403117398
0.0488866140722
0.0489133960622
0.0489423938432
0.0489823918654
0.0490277798174
0.0491293680836
0.0491846144663
0.0492310179873
0.0493196923988
0.0493617731303
0.049383159536
0.0494603065003
0.0495561983645
0.0495711857834
0.0495866468986
0.0496494106521
0.0497313469748
0.0498222136237
0.0499553486207
0.0500227805752
0.0500268585721
0.0500755658569
0.0501308094252
0.0502133997366
0.0503288958939
0.0504190716852
0.0504560271424
0.0505171409663
0.0505760357278
0.0506477688708
0.0506801267719
0.0508294230524
0.0508314776092
0.0509202814856
0.0509682373497
0.0510291078583
0.0511271969975
0.0511506167548
0.0512666591112
0.0513279910368
0.0514286955212
0.0514705260702
0.0515296327608
0.051554865717
0.0516142208183
0.0517116287713
0.0517818754116
0.0519178045581
0.0519902259141
0.0520372016858
0.0520950061072
0.0521616083202
0.0522094095187
0.0522819622437
0.0523516007187
0.0523721638237
0.0524918382473
0.0525775486116
0.0526524888741
0.0527929891872
0.0528615206225
0.052956333908
0.0530484123163
0.0531730141917
0.0532838749459
0.0533790049581
0.053420210877
0.0535035569769
0.0535863085342
0.0537022403408
0.0536782079814
0.0538331413253
0.0538843109517
0.053955325732
0.0540077274639
0.0540750977231
0.0541877875477
0.0542326194356
0.0542408949023
0.054341844946
0.0544121054118
0.0544356512385
0.0545852724061
0.0546384059882
0.0546672159872
0.0547476774404
0.0547708502657
0.0548639263851
0.0549677538502
0.0550263230921
0.0550999915173
0.0551674610836
0.0552630487336
0.0552504401338
0.0553582173667
0.0554391241672
0.0554950873588
0.0555336519646
0.0556330263066
0.0557833961419
0.0558709590373
0.0559391430004
0.056053862922
0.0560747993968
0.0561728873957
0.0563006022863
0.0563473205288
0.0564059781392
0.0564476040138
0.0565464956591
0.0566313918878
0.0566452762328
0.0567520992033
0.0568102734536
0.0568652280233
0.0569265260201
0.056950640706
0.0569657975149
0.057038032742
0.0571066239125
0.0572148385923
0.057346111434
0.0574195258581
0.0574908324151
0.057630905938
0.0577595433646
0.057821527862
0.0579242760723
0.0579847990977
0.0580282774076
0.0581374740856
0.0582213526397
0.0582624548871
0.0583357466391
0.0584219367596
0.0585166625996
0.0585789029898
0.0586398229159
0.0587478056062
0.0588514464018
0.0589348121444
0.0589749556455
0.059074915726
0.0591383944177
0.0591527157548
0.0592504412974
0.0592999371807
0.0593499338696
0.0594494849016
0.0595571094459
0.0596361941033
0.059702701015
0.05978326227
0.0598608959318
0.0599067186325
0.0599738780568
0.0600753042558
0.0600916938376
0.0601792656658
0.0602646361259
0.0603056861095
0.0604287429954
0.0605232580398
0.0606655374905
0.0607649952869
0.0608363881195
0.0609132587694
0.0609847952453
0.0610787669009
0.0611571049884
0.0612546894422
0.0613481384244
0.0614189385537
0.0614868169178
0.0615639317254
0.0616197450661
0.0616748654247
0.0617346017819
0.0618149486892
0.061904375613
0.0620154056889
0.0620625907001
0.0621834599742
0.0623627554892
0.0624978369022
0.0625857883599
0.0627480775425
0.0628260904705
0.0629005684651
0.0629493046457
0.0630296401884
0.0630969127253
0.0631724882084
0.0632527598233
0.0633265893087
0.0633989256211
0.0634748597609
0.0636191214537
0.0636724188863
0.0637383356725
0.0638562218259
0.0639001696461
0.0640078646658
0.0640938946915
0.0642261184646
0.064304921886
0.0643806386183
0.0644769730205
0.064526280705
0.0646289002068
0.0647167062236
0.0648062929036
0.06489100515
0.0650008429876
0.0650317876742
0.0651541245916
0.0652524274718
0.0653278187002
0.0654499110289
0.0655356198531
0.0655946993267
0.0656833451987
0.0657918614971
0.0658577148103
0.0659536470892
0.0660214339129
0.066127258093
0.066230275991
0.0663593695803
0.0664531926216
0.0665440814913
0.0666146862005
0.0667470701176
0.0668403482746
0.0669709416081
0.0670032923116
0.0670531349054
0.0671663810482
0.0673223791973
0.0674246036272
0.0674831920381
0.0675546841796
0.0676667305676
0.0677587944658
0.0678231745825
0.0679215324167
0.0680145500657
0.068074387334
0.0681805816599
0.0682626581465
0.06835252621
0.0684666828085
0.0685235834512
0.068633429383
0.0687409902169
0.0688155005877
0.06890406072
0.0691065364146
0.0692294347221
0.0693361110555
0.0694673558795
0.0696039046906
0.0696563043009
0.069743028484
0.0698016880898
0.0698973222895
0.0699873066575
0.0700942318822
0.0702596645236
0.0702827133524
0.0703999816151
0.0704954911002
0.0705666063076
0.0706883330967
0.0707738979151
0.0708177995728
0.0709316260078
0.0710681924203
0.0712384758004
0.0713118746253
0.0714053616164
0.0714790569926
0.0715670556926
0.0716471689042
0.071760793597
0.0719011726417
0.072005408931
0.0721565112596
0.0722276521713
0.0723057139522
0.0724383548069
0.072523941387
0.0725837620188
0.0726705980867
0.0727953062882
0.0728598452908
0.072975179693
0.0730639464505
0.0731663570108
0.0732895317707
0.0733703028619
0.0734734167381
0.0735572477331
0.0736724075558
0.0737972384327
0.0738996583714
0.0740360579558
0.0741032682216
0.0741849619405
0.0742952437304
0.0743479784259
0.0744721013502
0.0745542760877
0.074689813799
0.0748170340892
0.0749280617997
0.0750013630592
0.0750970062462
0.0751834362555
0.0752706235177
0.0753644450408
0.0754494173863
0.0755604975594
0.0756821714234
0.0757883887882
0.0758893095012
0.0759826100195
0.0760326615896
0.0761009619348
0.0761695386131
0.0762573308456
0.0763668738849
0.0764525727297
0.0765981948557
0.0766784594042
0.0767779010012
0.0768902671081
0.0769645607252
0.0770671969324
0.0771925736301
0.0772901424225
0.07741723445
0.077511671352
0.0776794255211
0.0777691117798
0.0779085627582
0.0780490877154
0.078160706837
0.0782438531479
0.0783715871425
0.0785010888392
0.078582008517
0.0786534497134
0.0787361645842
0.0788462544954
0.0789473245343
0.0790279026311
0.0791185353932
0.0792403844678
0.07932650194
0.0794556598953
0.0795534344815
0.0796593497162
0.0797704929348
0.079849772377
0.079957726867
0.0800585025381
0.0801283439149
0.0802710148411
0.0803717243574
0.0804782174816
0.080618751152
0.0807335995656
0.0808051055766
0.08089933518
0.0810010556519
0.0810873296183
0.0811835322533
0.0812817304584
0.0813644172603
0.0814877861741
0.0816014982847
0.0817421868343
0.0818708660475
0.0819760941057
0.082100776282
0.0822075999446
0.0823281641341
0.0824409908735
0.0825520152069
0.0826936437612
0.0828196070544
0.0829214579999
0.0830280587004
0.0831308168499
0.0832226546692
0.0833307034196
0.0834360003954
0.0835158490481
0.0835792696636
0.0837094802772
0.083814091948
0.0839571084693
0.0840176026076
0.0841388914667
0.0842416983356
0.084336047162
0.0844418640562
0.0845494136451
0.0846549685442
0.0848077515992
0.0848794059353
0.0850074841907
0.0851418976302
0.0852423371136
0.0853396457893
0.085420508023
0.0855724752932
0.0856542767587
0.0857879290751
0.085858259132
0.085988666567
0.0860788094179
0.0861941477534
0.0863153372947
0.086422379842
0.0865520635126
0.0866278061117
0.0866969566209
0.0867714088319
0.0868484348761
0.0869139769048
0.0869737118402
0.0870623018662
0.087169804808
0.0872526015829
0.0873325223143
0.0874758894785
0.087554471819
0.0876548473477
0.0877486670224
0.0878775170077
0.0880096296362
0.0881300013138
0.0882602888205
0.0883633940053
0.0884945558778
0.0886184865531
0.0886839079026
0.0887686304671
0.0888775033401
0.0889776870827
0.0890707863169
0.0891552117751
0.0893274708011
0.0894188745569
0.0895683276797
0.0896988042959
0.0897785311139
0.0898720634751
0.0899658259246
0.090044927266
0.0901715637637
0.0902879744129
0.0903782367186
0.0904923570222
0.0906101110119
0.090699981403
0.0907698691632
0.09087187261
0.0909855900723
0.0911155000685
0.0912382608854
0.0913143965446
0.091408183089
0.0914962406793
0.0916042177241
0.0917678154404
0.0918886916804
0.0920118320233
0.0921287174024
0.0922181240603
0.0923240497355
0.0924620582589
0.0925762958237
0.09267225202
0.0927966880334
0.0929180244685
0.0930613716201
0.093203420228
0.0933301408567
0.0934346150734
0.0935476124971
0.0936427810164
0.0937630796418
0.0938549836612
0.093994833193
0.0941065741972
0.0941823801759
0.0942793857856
0.0943842614477
0.0945001638859
0.0946262450406
0.0947367851227
0.0948575033274
0.0949854595348
0.0950919260976
0.0951757633848
0.0952736287074
0.0954101418443
0.0955146446179
0.0956323888411
0.0957413348721
0.0958380766889
0.0959266555228
0.0960317388419
0.0961643632027
0.0962567514889
0.0963602531326
0.0964537319772
0.0965533724217
0.0966709941785
0.0967752122098
0.0968614222494
0.0969873743359
0.0970977197075
0.097227288723
0.0973385574247
0.0974494481697
0.097537145025
0.0976160113588
0.0977256694114
0.0977965370436
0.0979290141328
0.0979993641653
0.0981057636869
0.0982078516066
0.0982971142139
0.0983994198752
0.0985052971635
0.0986123348354
0.098731507959
0.0988456458911
0.098940592715
0.0990451335421
0.0991918721767
0.09930718492
0.0994156274944
0.0995455813325
0.0996831846604
0.0997952693413
0.0999166673666
0.100035161766
0.100115971408
0.100209734828
0.100341334684
0.100432524648
0.100597175281
0.100689149076
0.100787768265
0.100866431652
0.10102175696
0.101124808053
0.101200222277
0.101315141186
0.10142146802
0.101530552755
0.101604984819
0.101753364746
0.101844994206
0.101914003343
0.102032564302
0.102139826248
0.10226316544
0.102362433264
0.102427107315
0.102523460137
0.10262267459
0.102728530056
0.102882255395
0.102992365414
0.103126355158
0.103233078045
0.103346483419
0.103469426538
0.103565436624
0.103636739861
0.103748787356
0.103860473483
0.103998921141
0.104151407088
0.104253491734
0.104377947699
0.104523216096
0.104649932862
0.104754012992
0.104870047425
0.104969407326
0.105083836795
0.105188627694
0.105259451436
0.105355173599
0.105471142478
0.105659766181
0.105759181603
0.105903187005
0.106002604509
0.106092789835
0.10617945138
0.106306040223
0.106396822364
0.106511060391
0.106645801645
0.106781399996
0.106867425744
0.107002756574
0.107108275821
0.107243040433
0.107373762422
0.107508900404
0.107648082164
0.107758164349
0.107876298834
0.108010246485
0.108137259304
0.108274252501
0.108389212389
0.108484064692
0.108577454424
0.108694026911
0.108800684712
0.108899251968
0.109008403719
0.109128647371
0.109238708001
0.109334872826
0.109461032522
0.109573642166
0.109722313897
0.109818634704
0.109932871276
0.110042926479
0.110155130291
0.110259779184
0.110378250472
0.110468351792
0.110591558991
0.110732939815
0.110869697273
0.110992336109
0.111137290436
0.111266971543
0.111357508493
0.111440349785
0.111573384757
0.111699607111
0.111812387406
0.111929197573
0.112036473938
0.112154304219
0.11225365621
0.112363446681
0.112482693845
0.112598760905
0.112693908199
0.112802008467
0.11289401845
0.113002068491
0.1130908682
0.113231659197
0.113343523107
0.113454004119
0.113583207108
0.113698985914
0.113839288425
0.113962072822
0.114123584458
0.114259510009
0.114445105814
0.114553622868
0.11467906024
0.114794441598
0.114925345247
0.115065176852
0.115157801402
0.115272539793
0.115382519812
0.115528917005
0.115637050648
0.115767553941
0.115892691539
0.116007619342
0.116090789182
0.11620437701
0.116314759761
0.116417459374
0.11653869333
0.116675376221
0.11679222657
0.116944322501
0.117069646108
0.117178053464
0.117286163899
0.117386317854
0.117522052406
0.117621647632
0.11775304777
0.117873797696
0.117995249962
0.118115545551
0.118180413068
0.118283653768
0.118406842624
0.118567430054
0.118659464009
0.118772112358
0.11889042953
0.118998101476
0.119113123761
0.119238073913
0.119354454416
0.1194505957
0.119546176602
0.119639011111
0.119752975445
0.119887369325
0.119984820882
0.120107288698
0.12021810818
0.120361761631
0.120498857664
0.120602850875
0.120707701406
0.120829887747
0.120960905313
0.121089186416
0.121212842104
0.121305866236
0.121433923551
0.121544873784
0.12165102882
0.121793300624
0.121943367963
0.122079010594
0.122191982943
0.122311447106
0.122428585972
0.122523359197
0.122656739022
0.122759821694
0.122855658639
0.122936215842
0.123032513413
0.123169148575
0.123280013667
0.123385098073
0.123473558041
0.123603292511
0.123749114447
0.123844052005
0.123936441639
0.124047213354
0.124153518011
0.12430952144
0.124420461483
0.124533702092
0.124651416925
0.124756730954
0.124875258168
0.125001290647
0.125127193284
0.125251172542
0.125352981849
0.125455757141
0.125576658491
0.125678636673
0.125794815174
0.125908807464
0.12602555811
0.126148571346
0.126244525698
0.126340986781
0.126455756054
0.126570123334
0.12671178842
0.126854515215
0.126958927333
0.127088306041
0.12724344036
0.127349365902
0.127483159259
0.127605993236
0.12771526825
0.127851500308
0.127964161762
0.128097871551
0.128232500013
0.128336835317
0.12847183517
0.128573368111
0.128665342648
0.128817090038
0.128919007229
0.129032258335
0.129141689059
0.129274984626
0.129385318559
0.129527028347
0.129639594145
0.129764674496
0.12989349715
0.130009811212
0.130094821667
0.130204437172
0.130336000918
0.13047354515
0.130572372073
0.130659076239
0.130817908738
0.130939687701
0.13104194261
0.131141132278
0.131241096311
0.131375891271
0.131487131179
0.131619358769
0.131741492035
0.131859289843
0.13196025097
0.132060679315
0.132204761174
0.132365379106
0.132460076221
0.132607275331
0.132716154493
0.132827783661
0.132953378821
0.133064527805
0.133214109364
0.133332032997
0.133467729324
0.13356196716
0.133716716006
0.133840432929
0.133945252756
0.134072170154
0.134185004224
0.134287518779
0.134393568379
0.134515156144
0.134616042203
0.134732231176
0.134818117983
0.134957839283
0.135075086559
0.135205118427
0.135306980915
0.135421775135
0.135556015296
0.135668555644
0.135793989998
0.135898960088
0.136030250792
0.136137065009
0.136276305292
0.136391356683
0.136505443289
0.136638136028
0.136739583484
0.136876884226
0.136974715629
0.137101534014
0.137207651816
0.137324772576
0.137432928021
0.137573225832
0.137695174855
0.137813640586
0.137916485132
0.138047731202
0.138176551894
0.138288651202
0.138409168371
0.138520995277
0.138645015354
0.138757104504
0.138887722196
0.139012765078
0.139139407012
0.139266207897
0.139385375648
0.139507783771
0.139655487741
0.139789522226
0.139919412363
0.14002769365
0.140159074896
0.140274216067
0.140390333487
0.140526031876
0.140663803692
0.140780111991
0.140895922395
0.141008163083
0.141119321741
0.141259843945
0.141374943856
0.141496462724
0.141616911296
0.141706052849
0.141830678862
0.141965542645
0.142103585157
0.142232374707
0.142376227364
0.142487660407
0.142587289936
0.14271064578
0.142868820421
0.142989326052
0.143096818817
0.143220582958
0.143339711429
0.143453920494
0.143581244061
0.143701739033
0.143842713582
0.143950163421
0.14407509836
0.144191614569
0.144293136793
0.144407940492
0.144546351389
0.144673146772
0.144779746839
0.144896726381
0.144989987918
0.145094567676
0.145212452123
0.145334046437
0.145465742377
0.14557378624
0.145713258543
0.145807681925
0.14592836828
0.146052820922
0.146150898803
0.146279925421
0.146388249548
0.146491355634
0.146635662249
0.146743016226
0.146861932289
0.146970922452
0.14708197192
0.147188671248
0.147319951294
0.147444195405
0.147569209322
0.14766284458
0.147799313371
0.147919247374
0.148042258208
0.148138507808
0.148266969461
0.148382302685
0.148525026999
0.148650100766
0.148764919308
0.148875948494
0.148984857893
0.149075796212
0.149169480767
0.149304699727
0.149423202849
0.149567284563
0.149697464519
0.149820545683
0.149947678233
0.150085005488
0.150192158116
0.150319348427
0.150463825681
0.150588824646
0.150694684905
0.150830315827
0.15095791096
0.151058362866
0.151195205498
0.151313023061
0.151422719369
0.151560431562
0.151689409341
0.151824287837
0.151935849726
0.152055260102
0.152169575638
0.152292718996
0.152428749316
0.152548409587
0.152675590942
0.152824227205
0.152923365097
0.15306289754
0.153217427609
0.153336872504
0.153491553017
0.153609046113
0.153705621786
0.153820349584
0.153949715752
0.154085364142
0.154198924521
0.154320182806
0.15445130859
0.154580860215
0.154698518731
0.154803700629
0.154936411405
0.155066268934
0.155208107126
0.155323117775
0.155431359493
0.155560579569
0.155685323443
0.155809477214
0.155911498937
0.156036721507
0.156157958646
0.156275957771
0.156413575148
0.156511421279
0.156641134826
0.156755007432
0.156880201261
0.156994247007
0.157125854267
0.157231181071
0.157331349786
0.157443862738
0.157553109464
0.157681614791
0.157802146909
0.157903215601
0.158021811306
0.158165130225
0.158277994027
0.158399030324
0.158496714769
0.158609150007
0.158738423163
0.158871679838
0.158994335861
0.15912170096
0.15921978756
0.159355216719
0.159491185496
0.159620498876
0.159758564811
0.15987716086
0.160006787268
0.160112518973
0.160226206156
0.160331525293
0.160453379223
0.160581553822
0.160696084288
0.160802673998
0.160911544123
0.161009925543
0.161134890514
0.161248578458
0.161376883767
0.161508513368
0.16161067533
0.161738627015
0.161864728983
0.161977461818
0.162102824182
0.162233696481
0.162353691725
0.162479953169
0.162613900994
0.162745584258
0.162856371199
0.162997818026
0.16311569565
0.163247987089
0.16337317178
0.16348642364
0.163613174034
0.163712535903
0.163838176604
0.16393801628
0.164059948998
0.164177814512
0.164291870432
0.164423900474
0.164551380085
0.164674819553
0.164792959679
0.164918628215
0.165039671043
0.165133884868
0.165251437859
0.16536179766
0.165474340551
0.165582329363
0.165706291951
0.16581874965
0.165938781857
0.166070525515
0.166189707701
0.166293744954
0.166394036824
0.166522615061
0.166651249517
0.166767119262
0.16689783707
0.167004400458
0.167126177731
0.167253529515
0.167363953019
0.167466892614
0.167566236738
0.167673250459
0.167807040124
0.167905205896
0.168015698266
0.16816569468
0.168291715143
0.168390787933
0.168491014327
0.168593506394
0.168700680083
0.1688129891
0.168931652763
0.169069519311
0.169186616554
0.169297522789
0.169400633714
0.169528568665
0.169636704047
0.169753727999
0.169887017259
0.170002975601
0.170134921684
0.170245125321
0.17036674855
0.170474065232
0.170607396591
0.170734530872
0.170850059407
0.170944368318
0.171063910822
0.171184562382
0.171296581163
0.171444047671
0.171571378286
0.17167728339
0.171783612681
0.171885700602
0.171989137157
0.172075785005
0.172200255311
0.17234092978
0.172461848337
0.172587467628
0.172701466451
0.172837461215
0.172965233381
0.173089595491
0.173193099988
0.173297642451
0.173408582076
0.173514446401
0.173629976861
0.173745112152
0.173855641776
0.173989402804
0.174131174572
0.174222852322
0.174337267799
0.17444744231
0.174576459896
0.174702773777
0.174830782831
0.174969576146
0.175100212718
0.175236977106
0.175347545765
0.175476034629
0.175591319567
0.175705768275
0.175830580193
0.17593842324
0.176066481893
0.176195852473
0.176294865438
0.176429062283
0.176565510247
0.176689247468
0.176820476712
0.176945877935
0.177078180455
0.177202867099
0.177328611952
0.177447534409
0.177579715459
0.17770180914
0.177819239999
0.177932541804
0.178048802194
0.178165526472
0.178290052961
0.178402118349
0.178518156679
0.178622701264
0.178747526426
0.178852006156
0.178935137742
0.179048453771
0.179150809036
0.179274546869
0.179386944568
0.179511442491
0.179620906776
0.179751220763
0.179850506969
0.179963594921
0.180075291238
0.18017273415
0.180302671252
0.180420912577
0.180526441577
0.180642242838
0.180757621956
0.180887306143
0.181035338844
0.181137910344
0.181244606336
0.181357878913
0.181482015258
0.181582236645
0.181708906121
0.181834870104
0.181955728076
0.182067461576
0.182192390322
0.182321155571
0.18244325251
0.182568247074
0.182687971491
0.182793594596
0.182924031562
0.183044089487
0.18316635106
0.18330640111
0.183425558569
0.183550538057
0.183672311451
0.183794487612
0.183908026097
0.184016534613
0.184129021805
0.184230322762
0.184353990016
0.184470527581
0.184571943867
0.184686310155
0.184791292599
0.184891325076
0.185009424332
0.185158579999
0.185289808122
0.185410460411
0.185517116251
0.18562144403
0.185742267392
0.1858434787
0.185969955229
0.186082939346
0.186221118827
0.186341492996
0.186451096127
0.186603583142
0.1867213366
0.1868286349
0.186960607634
0.187075175641
0.187192321954
0.187306359885
0.187415345299
0.187527753472
0.187635153687
0.1877288175
0.187846931321
0.187948002822
0.188088128418
0.188197760019
0.188328545048
0.188448109398
0.188560787331
0.188682481431
0.188787901875
0.188900025974
0.189004074272
0.189132830607
0.189258997958
0.189387813161
0.189522273421
0.189645751228
0.189760443084
0.189875204056
0.189989434659
0.190119668781
0.190218451196
0.190329070607
0.190445959001
0.190569201546
0.190681469774
0.190805392493
0.19093336895
0.191048539044
0.191172595811
0.191278502514
0.191394853185
0.191510044649
0.191629750739
0.191724779337
0.191845042744
0.1919626548
0.192079551765
0.192216657431
0.19232688843
0.192443069902
0.192569915343
0.192699485218
0.192815570111
0.192926770043
0.193042557884
0.193177200494
0.193297727803
0.193397314498
0.193517949173
0.19362234227
0.193720503918
0.193844873357
0.193963622386
0.194091492816
0.194207376871
0.194314996649
0.194429721421
0.194544563216
0.194650401737
0.194765692616
0.194896484077
0.195015492357
0.19515379704
0.19526765821
0.195403658804
0.195533869841
0.195636490032
0.1957453476
0.195859168756
0.195983502453
0.196089331243
0.196207694298
0.196325412902
0.196441867622
0.196551030664
0.196683013415
0.196790964197
0.196901531409
0.197024887836
0.197147209279
0.197261809152
0.197368852869
0.197494553563
0.197638228742
0.197748100781
0.197847148681
0.19796547709
0.198097344002
0.19822639045
0.198343016675
0.198479634046
0.198589617705
0.198717205716
0.198810827611
0.198924024677
0.199028263059
0.199142471236
0.199240573946
0.199346807271
0.19946345308
0.199590844895
0.199698640743
0.199800405583
0.199917200651
0.20004604475
0.200174259023
0.200274333152
0.200393668676
0.200507480612
0.200624236894
0.200738282832
0.200852258858
0.200971441032
0.20109928661
0.201211537036
0.201332894898
0.201454310671
0.201566998911
0.201700892634
0.201816085089
0.201916759622
0.202028408606
0.202143307131
0.202269438717
0.202374652732
0.202485372603
0.202609532517
0.202731448941
0.202846337922
0.202950003127
0.203042517516
0.203146257935
0.203257042404
0.20338328222
0.203494957292
0.203618375862
0.203723117473
0.203855169071
0.203961875852
0.204091466633
0.204208260313
0.204319584134
0.204445784575
0.204556027566
0.204669449464
0.204790306721
0.204890559568
0.205006512746
0.205109413271
0.205221745901
0.205320107694
0.205424324781
0.205534585883
0.20566798852
0.205798027774
0.205914268336
0.206018090721
0.206118543787
0.206242108406
0.206367512431
0.206475342079
0.20657895829
0.206703072149
0.206819824395
0.206933336411
0.207049732259
0.207147166009
0.207267109065
0.207378407919
0.207497160026
0.207605924098
0.207716999631
0.207831783164
0.207947530706
0.208060931879
0.208176872754
0.208283187683
0.208399770654
0.208517375676
0.208645358874
0.20875278016
0.208865819107
0.208984167633
0.209091412315
0.209225216272
0.209335080042
0.209440749274
0.209542806621
0.209666014562
0.209768703938
0.209879562443
0.210012461284
0.210141153087
0.210261656782
0.210379723698
0.210513793931
0.210620742301
0.210723404053
