0.163285210647
0.197026442548
0.184585163238
0.200693704138
0.193569331465
0.199893990263
0.194307159632
0.212990068957
0.225640844099
0.216005365121
0.222865078409
0.210446328751
0.20411432697
0.214177799327
0.215795067481
0.214315955198
0.222821486272
0.221727397953
0.218691213937
0.221108028753
0.221481117424
0.217330107804
0.214746625956
0.213774094195
0.218327856631
0.21437676207
0.214054181951
0.214495108553
0.21178510689
0.211712606068
0.209547757908
0.206576353345
0.204361044573
0.204169073902
0.207858591535
0.214757574352
0.215931520353
0.212371838028
0.213529444206
0.216870963751
0.217224102624
0.21622527068
0.222456060153
0.222133964372
0.2236291719
0.225493549427
0.223748911582
0.223742751975
0.222847088348
0.224537229018
0.226231270942
0.226649406709
0.230048296362
0.22975720299
0.228547325451
0.229290782203
0.228634332428
0.22735033461
0.228161292918
0.228045281985
0.22993889969
0.231603847739
0.231960619196
0.232982587388
0.232925299478
0.233596786559
0.234402768837
0.233602470171
0.232078491626
0.230292415248
0.230164199124
0.229956923752
0.231720722818
0.231256543961
0.231648893929
0.232144461417
0.233481906637
0.233146400843
0.232971470386
0.232083179232
0.231468913343
0.232395332526
0.234114406503
0.234394523414
0.23466125497
0.234745222418
0.235119419419
0.23464815564
0.236023669346
0.236262254788
0.235778935474
0.236149364757
0.236890967039
0.23596087142
0.2358797035
0.23621055732
0.237697006188
0.237284241533
0.236613495534
0.237060294945
0.236487784879
0.235867996686
0.235607551055
0.235377991197
0.237165197542
0.236746710747
0.237116061026
0.236998809983
0.23777833105
0.23873715655
0.238038051884
0.237582003437
0.236903044923
0.236338705699
0.236848576675
0.237241580586
0.236855533767
0.236967292805
0.237808515347
0.238356760302
0.238730743979
0.238493632833
0.238542262171
0.238673588588
0.238607092695
0.238410439449
0.238634555354
0.238191347498
0.237919226826
0.237858313112
0.238126891551
0.238351176729
0.238763885909
0.238825892949
0.239722942266
0.239323471936
0.24026308777
0.240956756296
0.24054609213
0.240346897226
0.240144962979
0.239135813655
0.238448066433
0.238727373019
0.239764796838
0.240228109381
0.240314635678
0.240236651662
0.240420474408
0.241807128203
0.241918454435
0.241707481688
0.241916684032
0.242432714537
0.24251335947
0.242594667014
0.242303427552
0.242738066433
0.242402618697
0.242635961413
0.242631835992
0.242609024535
0.242609954804
0.242350334238
0.242747896795
0.242633635931
0.242349491228
0.242084507068
0.243257772659
0.242971918044
0.243627766778
0.243731811159
0.244343611823
0.244433887706
0.24511343917
0.245088018236
0.245206923523
0.245589548461
0.245750532269
0.245302960168
0.245458285623
0.246429294517
0.246082453915
0.246822268578
0.247266716956
0.247472734832
0.247431613719
0.24775906517
0.247948087029
0.247893034216
0.248400027929
0.24858049699
0.248462688699
0.248361758148
0.248118924007
0.248093715439
0.247811783109
0.248056193966
0.247860009394
0.247818099766
0.248002292281
0.248342550177
0.24834584247
0.248204470808
0.24947194793
0.249557687575
0.250076142936
0.250559439953
0.251668015022
0.251829949964
0.251798871929
0.251894367946
0.251693341769
0.25143808311
0.250793843482
0.251550312489
0.251802085587
0.251996686793
0.252018014075
0.252123107838
0.251522088474
0.251200929739
0.250645012204
0.250388715559
0.250106475044
0.249636845608
0.249939414491
0.250294449072
0.250910206223
0.250959468469
0.250959707005
0.250747727479
0.25063545595
0.2506967811
0.250724192043
0.250945272221
0.25048510415
0.250776075407
0.250780280332
0.250546336386
0.250707976318
0.250466065888
0.25065593531
0.250844738506
0.250595833181
0.250237126372
0.25045866525
0.250296114756
0.251037502079
0.25139459222
0.251531317783
0.251356113443
0.25162683383
0.251366117986
0.251492637401
0.251489969095
0.251564339262
0.251996747293
0.252475434783
0.252097775785
0.252012491904
0.252254945803
0.252511175616
0.253045801292
0.253004718098
0.253357741176
0.253043213047
0.252880355652
0.253293173285
0.252888543721
0.252938198007
0.252361737016
0.252022134751
0.252174410642
0.252574124734
0.25253643183
0.252514559791
0.252700343057
0.252681001058
0.252803144488
0.252849760132
0.252792806715
0.252712185149
0.252745178791
0.252630123443
0.252494750363
0.252660531061
0.252451825345
0.252480301285
0.252730851235
0.252799907223
0.253192802036
0.253366857418
0.253645223702
0.253829779401
0.253679291157
0.253842837201
0.254018611221
0.253779185928
0.254096189315
0.254081833862
0.254030491076
0.253739018425
0.253972280105
0.254373135356
0.254880330878
0.255330021695
0.255205284667
0.255379649322
0.255704832478
0.25605587092
0.256254326884
0.25607681816
0.256106108858
0.256650557855
0.256651487417
0.256590151509
0.256268508608
0.256344508965
0.25620525884
0.256085768295
0.256516808336
0.256580673793
0.257268843054
0.257386393516
0.257602683898
0.257501116797
0.257327220743
0.257323887191
0.257525960863
0.257606098873
0.257828460849
0.257788719602
0.257644377648
0.257501518958
0.257512461869
0.257916269749
0.257855953134
0.257995291416
0.257804478736
0.258455142698
0.258180436216
0.257968349871
0.25810799233
0.257777276961
0.257804542439
0.258094487714
0.257683723187
0.257401690984
0.257267803762
0.257339773529
0.25732574976
0.257375401671
0.257515882711
0.257584524994
0.257557341066
0.257806728555
0.257994239434
0.258023242112
0.25818333123
0.258120839008
0.25788941743
0.257934021884
0.25817507301
0.258260781094
0.258186156169
0.2580030342
0.257994311858
0.258072875787
0.25835739536
0.258576304195
0.258432131712
0.258555250982
0.258714100817
0.258607287278
0.258383899622
0.258254317008
0.258325886992
0.258328608542
0.258228125474
0.258268318843
0.258207590619
0.258816236266
0.258717842513
0.258614586709
0.258825884555
0.258743276505
0.258840983079
0.25856060338
0.258762160348
0.258710597349
0.258896037744
0.258878315729
0.259055767071
0.259447975582
0.259489143576
0.259497891399
0.259305625208
0.259316714256
0.258958302601
0.258937018064
0.259178713879
0.258978445071
0.259440276649
0.259096356906
0.259241730869
0.259587131754
0.259737584404
0.259737949039
0.259366019437
0.259446599488
0.259921872241
0.259922251102
0.259923936476
0.260130396566
0.260007261034
0.260339639536
0.260126260653
0.260381201866
0.260396399739
0.260641708934
0.260520735347
0.260527786669
0.260704485269
0.260889750624
0.260861707334
0.260883629705
0.260969228984
0.260753800071
0.260721693332
0.260679737189
0.260672961256
0.260938214004
0.260927412184
0.260821026075
0.260915836362
0.260692228841
0.260895931722
0.260926649577
0.260980752739
0.261041603992
0.261142096904
0.261056286422
0.260940869413
0.261047479029
0.260916992048
0.260925610402
0.260938924323
0.260842994249
0.260937637942
0.260781516785
0.261383169431
0.261459423589
0.261542097343
0.261579771901
0.261750695335
0.26172351809
0.261651318217
0.261921664493
0.26194355329
0.261897818145
0.262026873917
0.26193600686
0.261810580243
0.262216110828
0.261992385291
0.262182052568
0.262514941422
0.262502125284
0.262247646459
0.262063035835
0.262067984806
0.261950828019
0.262034938293
0.262155491334
0.2623966559
0.262116402465
0.262211462408
0.262234949852
0.262185553296
0.262456099286
0.26232022056
0.262515267079
0.262345050549
0.262320425278
0.262413980311
0.262469650781
0.262458692298
0.262278778949
0.262052717796
0.261969428971
0.26221046859
0.26238921526
0.262409808212
0.262452874905
0.262406428012
0.262683117908
0.262704403272
0.26284659424
0.26275770582
0.262848016112
0.262692370178
0.262700040558
0.262644595914
0.262501962812
0.262278318876
0.262152967661
0.262183325265
0.262023549269
0.261809232083
0.261912948184
0.261790355106
0.261759263989
0.261906498257
0.261689695143
0.261625552125
0.261457119234
0.261510127266
0.261540128713
0.261426257956
0.261529949324
0.261401704107
0.261545049847
0.261212734296
0.261109869502
0.261058145517
0.261129058875
0.261206842573
0.261122976182
0.261203950319
0.260970106394
0.261106331841
0.261211148255
0.26133922929
0.26169342786
0.261747302222
0.261706819636
0.261757470887
0.261917963822
0.261922438587
0.261948870217
0.261906639354
0.261794142679
0.261777858065
0.261688256707
0.261884646751
0.261688870823
0.261691121564
0.261755302179
0.261988916794
0.262012473734
0.26191378808
0.262153431616
0.262195495706
0.262157195808
0.262116348055
0.262155282843
0.262053727798
0.262191185777
0.261952260109
0.262021934119
0.261998168414
0.261813518474
0.262141185987
0.262322026138
0.262584650469
0.262776463505
0.262641862457
0.262644595806
0.262636395184
0.262476329943
0.262732566694
0.262580285474
0.262539308228
0.262506395884
0.262635648438
0.262485661704
0.262417054096
0.262371579395
0.262410306312
0.26270319709
0.26267820565
0.262701237603
0.262694669907
0.262481921765
0.262598092283
0.26275673566
0.262843213652
0.262848615255
0.262719757288
0.262779804488
0.26269308747
0.262622003749
0.262681477016
0.262596275491
0.262640896211
0.262549624248
0.262400833091
0.262380220472
0.262489111024
0.262418906324
0.262367530574
0.262288168985
0.262170293647
0.262324243111
0.262429815164
0.262607887071
0.262560813161
0.26247972541
0.26258797502
0.26263103627
0.262592303299
0.262536821859
0.262610686846
0.262745030967
0.26270972392
0.262550406169
0.262569573968
0.262510819018
0.262599504906
0.262651289571
0.262657761323
0.262535700786
0.262653495299
0.262631932875
0.262561988733
0.262624397651
0.262473795214
0.26243501406
0.26249876073
0.262473484186
0.262497919658
0.262473799604
0.262464789994
0.262535104116
0.26245591753
0.262572995017
0.262773210047
0.262802911051
0.262686567269
0.262423412701
0.26240642923
0.262426125595
0.262394138194
0.262347374944
0.262441900897
0.262481728951
0.262697270267
0.262709900163
0.26271014623
0.262562236469
0.262818899816
0.262922448869
0.263035576256
0.263227052158
0.263164922326
0.262962484852
0.262922178729
0.262961262343
0.262831143424
0.262824028593
0.262833807058
0.262867985792
0.262955269019
0.263119355769
0.263177641033
0.263200541445
0.263274770322
0.263181471021
0.263322668523
0.263313928567
0.263354439421
0.263465562264
0.263370092628
0.263408478882
0.263457792952
0.263425479312
0.263315145316
0.263317356808
0.263402688785
0.263608809486
0.26352015795
0.2635586485
0.263518436142
0.263394781621
0.26342003071
0.263480853334
0.263505345175
0.263574043687
0.263586336248
0.263725014115
0.263641007547
0.26350870319
0.263502112917
0.263377428074
0.263436615663
0.263519471723
0.263475700795
0.263871025164
0.264037542265
0.264091296684
0.264003306107
0.263880932128
0.26387096051
0.263946582405
0.263908979459
0.264047008748
0.264231926223
0.264348644275
0.26448114501
0.264413067554
0.26460997915
0.264772569504
0.2648512328
0.264846651676
0.264816711941
0.264947204512
0.26488168179
0.264822310979
0.264894328231
0.265157839154
0.265304643551
0.265297459905
0.265307308398
0.265268314186
0.265353387104
0.265428486837
0.265415794446
0.265487751104
0.265366779089
0.265329756337
0.26536958584
0.265312130086
0.265484491235
0.26560838728
0.265543302451
0.265598869889
0.265588683058
0.265563777127
0.265682047794
0.265601979754
0.265702693202
0.265764214867
0.26571919429
0.265715825837
0.265640317713
0.2656074656
0.265541051135
0.26564546123
0.265707691548
0.265802888252
0.265690567514
0.265615348009
0.265746253413
0.265696036696
0.265700123848
0.265882421146
0.265838075191
0.265928866662
0.26590418311
0.265860537721
0.265881228215
0.26575328211
0.26577804763
0.265776228525
0.265839650073
0.265860739701
0.265893321588
0.265917943958
0.265966903839
0.26607282631
0.266256929676
0.266409341143
0.266621303372
0.266836477234
0.266997508291
0.267101439848
0.267235383237
0.267330051032
0.267294086928
0.26719845409
0.2672305769
0.267321177989
0.267268363625
0.267201184289
0.267304659359
0.267352606119
0.267352674362
0.267260598447
0.267285995828
0.267338984118
0.267511587766
0.267570767549
0.267542036188
0.267446893752
0.267492170634
0.267558084602
0.26764589501
0.267635986717
0.267859872583
0.267863239454
0.267786620565
0.267771055106
0.267797157542
0.267863339588
0.267919383141
0.268039598108
0.26818955803
0.268260284488
0.268258595516
0.268263003422
0.268260196307
0.268252419909
0.268203488051
0.268310637753
0.268213347652
0.268265725581
0.268193247547
0.268379403715
0.268459315431
0.268578653868
0.268523386699
0.26845452931
0.268531087808
0.268497446787
0.268557814837
0.268667513058
0.268751034365
0.26866225068
0.268894443889
0.268964408298
0.268932454695
0.268977886034
0.269053643991
0.269113561808
0.269054601228
0.269092065972
0.26914005354
0.269200756566
0.269127452909
0.269269043216
0.269262290464
0.269218575966
0.269261696672
0.269282277073
0.269352975143
0.269418319451
0.269403004542
0.269346873051
0.269402876099
0.269612931766
0.269688177807
0.26983872193
0.269918486301
0.269906349371
0.269951458697
0.269869773271
0.269864816983
0.270007529368
0.270199749208
0.270272901244
0.27027715842
0.270296488474
0.270159806094
0.270168681022
0.270100790863
0.270109286387
0.270113330845
0.270136367823
0.270084810708
0.270089283825
0.270077898648
0.269998902915
0.26997116679
0.269861608427
0.269892087844
0.270036445932
0.270102635174
0.270170260088
0.270210120511
0.270278957378
0.270306848767
0.27026839847
0.270305368001
0.270441385522
0.270495326657
0.270443335314
0.270378943973
0.270394771069
0.270685856379
0.270848415153
0.270820000836
0.270839339996
0.270929585026
0.270921861003
0.270851555698
0.270846947747
0.270958696225
0.271036252418
0.271101927728
0.271195270513
0.271432296855
0.271505050475
0.271392993296
0.271372681285
0.271437370691
0.271487771363
0.271524498185
0.271528239682
0.271518408893
0.271567806156
0.271638802592
0.271752883543
0.271829385464
0.271908948593
0.271947333119
0.272078209377
0.272013653472
0.271955262463
0.271906214285
0.271949285427
0.272102631777
0.272187236583
0.272182314123
0.272331618844
0.272371187149
0.272323016595
0.272302100023
0.272421572284
0.272458757401
0.272439845528
0.272460720298
0.272620829619
0.272505964984
0.272453702275
0.272438051397
0.272408540023
0.272511050738
0.272426843928
0.272494725116
0.272577626488
0.272637226645
0.272645710279
0.272587127102
0.272652940637
0.27274001603
0.272876585116
0.272858457925
0.272872809503
0.272938253035
0.272980224
0.273092934256
0.273291546393
0.273203951015
0.273319623349
0.27342273641
0.273448073576
0.273458668146
0.273475913367
0.273497332907
0.273463533354
0.273469804358
0.273444196938
0.273593526247
0.273645620475
0.273641706997
0.273728153024
0.273809161906
0.273778144025
0.27389652316
0.27393299621
0.273908620983
0.273926919556
0.273871457466
0.273867702252
0.274018280641
0.27410554333
0.274070611319
0.274169815903
0.274181020872
0.274186067173
0.274164539929
0.274211358062
0.274203476948
0.274204573433
0.27440581838
0.274438468081
0.274525947622
0.274634949323
0.274631845058
0.27465099704
0.274705334244
0.2747940266
0.27497711612
0.27503764313
0.275058969142
0.275090472031
0.275097198281
0.275014093574
0.275028639908
0.274935933036
0.274893066291
0.274956509632
0.275040576702
0.275006845405
0.275037327701
0.275047778015
0.275148398896
0.2751185435
0.27513224498
0.27510291726
0.27520251891
0.275180432729
0.275215783314
0.275187330082
0.275180431182
0.275198548403
0.275215613564
0.275139968976
0.275168958416
0.275180958104
0.275184016034
0.275288608742
0.275364376458
0.27538188069
0.275313689394
0.275296885326
0.27522402741
0.275285745351
0.275383753085
0.275458978078
0.275600383124
0.27563709041
0.275606529238
0.275637150881
0.27563750981
0.275724697918
0.2756726485
0.275653425679
0.275836993122
0.275984519
0.276157010211
0.276369383822
0.276319428769
0.276313704278
0.276272324576
0.276188693349
0.276236759453
0.27621527631
0.276205823396
0.276286006821
0.276252071741
0.276259965889
0.276270205904
0.27625234561
0.276222836528
0.276252519043
0.276262527745
0.276269914673
0.276291722606
0.276399630551
0.276530441707
0.276597673824
0.276622060049
0.276571686612
0.276615905367
0.276589653663
0.276633535493
0.276664341086
0.276669767396
0.276638666075
0.276678207221
0.276768920151
0.276852271472
0.276928678547
0.277022267361
0.277194913198
0.277363391991
0.277291614481
0.277218918035
0.277316013494
0.277423852311
0.277489076935
0.277545925053
0.27747011091
0.277527618563
0.277487377362
0.277480596798
0.277493622184
0.277438679901
0.277402870705
0.277448911124
0.277572855468
0.277641020426
0.277638237635
0.277596317038
0.27760917414
0.277730612895
0.277708416128
0.277719449116
0.277827980589
0.277791919927
0.277772742656
0.277811572035
0.277800794527
0.277840796121
0.277862291656
0.277915995277
0.277971290268
0.277965127745
0.277969014199
0.27798012604
0.277971281692
0.277998418812
0.27799630019
0.278031992642
0.27807285306
0.278071000681
0.278186443441
0.278283849824
0.278343897186
0.27836791403
0.278378286862
0.278458845977
0.27843518225
0.278502328869
0.278478832788
0.278508308244
0.278583151714
0.278606083563
0.278605375878
0.2786161522
0.278620429115
0.278626967611
0.278703553828
0.278769096756
0.278807809023
0.278928797851
0.279019025168
0.279288160211
0.279363995265
0.279375916451
0.279320407723
0.279390928053
0.279340265365
0.279519303012
0.279430916609
0.279473157448
0.279627525709
0.279625412356
0.2796236143
0.279640444705
0.279585086957
0.279581749426
0.279684662503
0.279691299512
0.279687085965
0.279819360285
0.279836373623
0.279774052076
0.279818478802
0.27992089035
0.280005244941
0.280091892974
0.280158116446
0.280210196506
0.280154631597
0.280274521139
0.280206233335
0.280340133652
0.280438672168
0.280502830598
0.280522163257
0.280574955302
0.280639628276
0.280651488019
0.280634378659
0.280549463208
0.280650460175
0.280610870683
0.280603341725
0.280708718946
0.280784938211
0.280744087162
0.280770500152
0.280814187894
0.280942947577
0.281001098875
0.281144706318
0.281200000589
0.281366492464
0.281395198026
0.28135318942
0.281453583914
0.281459192508
0.281518026235
0.281520992607
0.281621419529
0.281545826651
0.281584036734
0.281668302828
0.281725405776
0.281830300553
0.281949293502
0.282087439533
0.282144988578
0.282137976521
0.282187703321
0.282172170466
0.282249870595
0.282330531522
0.282409816958
0.282496272873
0.28240637654
0.282373922506
0.282370696241
0.28239670613
0.282373052326
0.282369986453
0.282277725503
0.282334109978
0.282448036281
0.282614919669
0.282667360876
0.282723643858
0.282762951543
0.282820707247
0.282923292647
0.282954745111
0.283015459298
0.28302093393
0.282988700224
0.282964626596
0.282960420063
0.282934997207
0.283035682635
0.283077107749
0.283049779939
0.283069901433
0.283057416558
0.283131523449
0.28309927007
0.283230518603
0.283312758972
0.283345636716
0.283361173149
0.283365245228
0.283403534933
0.28339597547
0.283397332261
0.283379062745
0.283382663702
0.283405342852
0.283382575316
0.283337397087
0.283366256032
0.283410740466
0.283442269057
0.283439828803
0.283461762954
0.283429001556
0.283453935964
0.283556891344
0.283661013582
0.28362128049
0.283645627799
0.283652338369
0.283675378992
0.283665366048
0.2837535713
0.283722596502
0.283734824958
0.283763601386
0.283785776093
0.283893737229
0.283956551707
0.283949828335
0.284046117798
0.284059890838
0.284162371068
0.284207124181
0.284249949376
0.284250415107
0.284287875032
0.284425464869
0.284445967405
0.284562904082
0.284602351643
0.284572119479
0.284629181214
0.284592349257
0.284660218643
0.284712491378
0.284757074873
0.284759329829
0.284736795385
0.284768921188
0.284804200264
0.284816364469
0.284835590935
0.284856353293
0.284979473029
0.285056713865
0.284994278821
0.285011107146
0.285156637007
0.285149079723
0.285150377372
0.285234032967
0.28531695104
0.285348828022
0.285448025461
0.285527417195
0.28557799785
0.285621184776
0.285579351578
0.285698314099
0.285734539732
0.285794424146
0.285940449883
0.285942386751
0.285873256994
0.285940938384
0.285920764424
0.285943392469
0.285911587611
0.285904342561
0.285992658694
0.286065484077
0.286102964042
0.28626174173
0.286235437509
0.286235585288
0.28638593441
0.28647976115
0.286591138651
0.286591355852
0.286577303971
0.28665515593
0.286722323526
0.286790209284
0.28674549558
0.286805998761
0.286858125753
0.286805748958
0.286826291661
0.286965350639
0.286984325505
0.28703821468
0.287186604763
0.287162349927
0.287301805364
0.287374006384
0.287439950802
0.287511002265
0.287603529558
0.287620420248
0.287579162425
0.287613198344
0.287668537356
0.287717168346
0.2877387208
0.287780429045
0.287851865504
0.287851516151
0.28785192573
0.287982147866
0.287960052366
0.287996122712
0.288056699736
0.288071609265
0.288090454585
0.28816625971
0.288182577165
0.288194708937
0.288167183651
0.288153655138
0.288181347944
0.288193006688
0.288226086749
0.2882845551
0.288353267511
0.288401800926
0.288415334558
0.288424092586
0.288388623881
0.288498946862
0.288476519187
0.288614449405
0.288614090224
0.28873757749
0.288802181508
0.288932182487
0.289007514688
0.289052801175
0.289107365766
0.289276626321
0.289275544934
0.289250624496
0.289319520524
0.289349060814
0.289323772447
0.289396480712
0.289472314926
0.289569283345
0.289578017904
0.289596757095
0.289645141908
0.289687430351
0.289745783616
0.289884273825
0.289958367472
0.290068104478
0.290044848194
0.290099040552
0.29007204894
0.290161030159
0.290278695372
0.290269111383
0.290281000608
0.290309299816
0.290256089348
0.290388570381
0.290455581085
0.290450651926
0.290431844927
0.290485809263
0.290514710067
0.290543459735
0.290588957613
0.290580895272
0.290608243357
0.290613554002
0.290662600552
0.290651733097
0.290677296359
0.290798517196
0.290819167109
0.290820680545
0.290791979175
0.290891988341
0.290949777093
0.290956953838
0.291052292777
0.291136021164
0.291091246684
0.291143931263
0.291178234021
0.291214800713
0.291241982821
0.291307332456
0.291388396002
0.291410024714
0.291366721632
0.291321023604
0.291320736886
0.291416676895
0.291416525471
0.291448531016
0.291491092983
0.291572235507
0.291588592374
0.291661277729
0.291718500442
0.291774366772
0.291850707653
0.291859529076
0.291921581962
0.291921273434
0.291985836723
0.292036454146
0.292014804567
0.292032702306
0.292121539934
0.292076457701
0.292086425521
0.292085574218
0.292088240026
0.292121215478
0.29215038978
0.292259863383
0.292242611994
0.292250693531
0.292257711719
0.292309238168
0.292357004674
0.292347451378
0.292393318104
0.29239357503
0.292380070774
0.292492450457
0.292603700875
0.292601966472
0.292672275283
0.29266523172
0.292749771864
0.292753200532
0.292747863876
0.292789803466
0.292818203003
0.292805949838
0.292885912125
0.292918832325
0.292902097563
0.292977630863
0.293051515138
0.293034457494
0.29302936694
0.293046357553
0.293159801339
0.293201306188
0.293187368241
0.293298558124
0.293334312935
0.293377481033
0.293390233454
0.293425795287
0.293515683581
0.293533955774
0.293573604241
0.293616594218
0.293679316697
0.293688375345
0.29369421324
0.293761810306
0.293829019028
0.293882581449
0.293920859586
0.29395190849
0.293999338431
0.29397400287
0.293994491871
0.294040991361
0.29408597227
0.294109828173
0.294108424813
0.294152094843
0.294279680513
0.294313517847
0.294409194228
0.294468786794
0.294497612466
0.294546245638
0.294597352915
0.29464647814
0.294663676548
0.294772043572
0.294819758775
0.294936871563
0.295001782474
0.295062180394
0.295073816589
0.29514475875
0.295132747673
0.29519511756
0.295131707416
0.295188305595
0.295230842476
0.295250318011
0.295233808661
0.295276487025
0.295278414242
0.295313961372
0.295274764263
0.295277617824
0.295289819667
0.295316626048
0.295311352381
0.295298238109
0.295312210862
0.295283561927
0.295272481663
0.295251027682
0.295219570456
0.295196117358
0.295242803049
0.295253723368
0.295360090202
0.295361610539
0.295436391592
0.295406615394
0.295494445971
0.295466902454
0.29545132756
0.295484099178
0.295546260685
0.295605060143
0.295655673473
0.295640829657
0.295709864548
0.295703671618
0.295751880421
0.295832816942
0.295862769695
0.295894517773
0.2958777385
0.295909930137
0.295955430854
0.295991251799
0.296006899515
0.296008294499
0.296083769554
0.296117637542
0.296124814876
0.296225055988
0.296296126491
0.29636638479
0.296392722745
0.296376353088
0.296427598133
0.296480674397
0.296551458124
0.296588112867
0.296628278133
0.296648582051
0.296694084346
0.296715788602
0.296734010958
0.296721980605
0.296753931801
0.296774758023
0.296832528213
0.296780294944
0.296836968121
0.296927423529
0.296905806297
0.296849568291
0.296904428572
0.296925046551
0.296991378388
0.296998882078
0.297006554654
0.297039964407
0.297087839014
0.297279394757
0.297354468136
0.297348127594
0.297331213519
0.297377185648
0.29740045999
0.297467145528
0.297489657498
0.297543448043
0.297634813194
0.297646995754
0.297620021326
0.297625942066
0.297663748101
0.29770016223
0.297780439957
0.297787258736
0.297850523735
0.297887373512
0.297885747539
0.297975426284
0.297963329791
0.297995898596
0.29815437788
0.298249453976
0.298235384118
0.298279162468
0.29827575673
0.298290211392
0.298296681441
0.298303321662
0.298301297496
0.298348311301
0.298356488451
0.29838761707
0.298333060383
0.298311804563
0.298363702163
0.298456525267
0.298501381438
0.29858273182
0.298657115715
0.298685970604
0.298690332427
0.29872572735
0.298776783725
0.298770629785
0.298829009916
0.298904031935
0.298970262711
0.29901916202
0.299025943287
0.299032643002
0.299042956177
0.299064283526
0.299114028699
0.299203846018
0.299205651577
0.299193382387
0.299222535679
0.29929853215
0.29932415715
0.299382035387
0.299517939689
0.299611517658
0.299642319739
0.299690928564
0.299683041713
0.299756814717
0.299859010425
0.299873035355
0.299943109529
0.299944893772
0.300012564911
0.300009059418
0.300117971319
0.300152193067
0.300153357682
0.300220036962
0.300264212702
0.30031418212
0.300398430028
0.300460721954
0.300456659352
0.300481042228
0.300495037388
0.300478383753
0.300471311291
0.300480184587
0.300488839327
0.300559674557
0.300559060114
0.300636131187
0.300697794443
0.300713389137
0.300760870186
0.300792079886
0.300862724444
0.300865235309
0.300881416193
0.300936989562
0.300943061554
0.301062970861
0.30108799586
0.301150004661
0.301171403619
0.301217451967
0.301261189428
0.301342982886
0.301428099816
0.301457283779
0.301511947247
0.301547403997
0.301584128266
0.301658601801
0.301765271251
0.301777293379
0.301739074037
0.301850401976
0.301867819208
0.301925493705
0.301960556301
0.301982013685
0.301978715207
0.302007210447
0.302013622241
0.302080653597
0.302118584788
0.30209201593
0.302082375232
0.302100279178
0.3021442453
0.30224238811
0.302269434762
0.302276150375
0.302288808216
0.30230901115
0.302386754367
0.302479600384
0.302475203569
0.30250848618
0.302545436671
0.302566566147
0.302641131312
0.30273274921
0.30269856192
0.302719125843
0.302721154304
0.30272571088
0.302817077495
0.302889993326
0.302916394442
0.302965956372
0.30302407779
0.303032361087
0.303043144503
0.303085845172
0.303091386414
0.303110798438
0.303129560001
0.303203754278
0.303179941441
0.303201274878
0.303233972393
0.303257352689
0.303283220052
0.303388498866
0.303382722385
0.303411977193
0.303472671454
0.30350283825
0.303510889271
0.303526258223
0.303562145799
0.303599401051
0.303630774371
0.303669317782
0.303679985676
0.303715436378
0.303771473357
0.303761393981
0.303770706429
0.303873187936
0.303875370654
0.303899303176
0.303905062594
0.303950632568
0.303998448289
0.30406695177
0.304119038727
0.304250184584
0.304232598558
0.304292261136
0.304337446892
0.304350688219
0.304409926055
0.304496125087
0.304485049617
0.304483525746
0.304562775739
0.304612846112
0.304621724941
0.304628491841
0.30466675211
0.304689121866
0.304766180487
0.304790100946
0.304888647348
0.304877521498
0.304929207941
0.304998438512
0.305058205842
0.305104915735
0.305147852131
0.305189873085
0.305182791078
0.305243365601
0.30519450273
0.305147673205
0.305117721592
0.305100513341
0.305187226861
0.305188908605
0.30521999759
0.305240294225
0.305285167523
0.305334920586
0.305354929963
0.305422836354
0.305506503226
0.305560946672
0.305621759808
0.30566739556
0.305660253546
0.305641974868
0.305655066254
0.305592387459
0.305570742652
0.30559905104
0.30566051365
0.305741812235
0.305753945232
0.305817230968
0.305885714896
0.305898493215
0.305976929777
0.305989659912
0.306040499974
0.306123929687
0.306085070865
0.306085630264
0.306062188475
0.306062749255
0.306034093476
0.306064381719
0.306052234244
0.306042942431
0.306103613371
0.306122628185
0.306147992936
0.30616742538
0.306157347507
0.306176708397
0.306183210663
0.306195398046
0.306192402432
0.306242761599
0.30628633661
0.306323936348
0.306306444772
0.306332299795
0.306414277028
0.30643001701
0.306474859193
0.306543537363
0.306682545295
0.306742838997
0.306735020895
0.306752752828
0.306846704197
0.306868664539
0.306892644029
0.306912250447
0.30691811071
0.306951314986
0.306941456759
0.306956049303
0.307017417089
0.307093338573
0.307163835539
0.307170104022
0.307197665825
0.307227712651
0.307233264204
0.307256188588
0.307321820951
0.307354714943
0.307370935405
0.307418012334
0.3074361986
0.307482279482
0.30749710027
0.307539507753
0.307572671907
0.30759505973
0.307610438119
0.307732283967
0.307774526793
0.307788606749
0.30780991455
0.307814652095
0.307813523934
0.307895008409
0.307939823485
0.307972108982
0.307940943241
0.308000552684
0.308046480815
0.308081581676
0.308061414166
0.308132275066
0.308213208124
0.308249099138
0.308302451139
0.308326567074
0.308346345661
0.308360884297
0.308381819576
0.308454064897
0.308437937206
0.308453064188
0.308504453799
0.308542991425
0.308503471377
0.308517276126
0.3085459179
0.308541559061
0.308536192545
0.308566796193
0.308604030199
0.308708744297
0.308757344325
0.308758567471
0.308875131365
0.308925323773
0.308996516714
0.309077658614
0.309156497703
0.309149106016
0.309139867577
0.309185226494
0.309229820105
0.309284179515
0.309314406034
0.309341245524
0.309413850532
0.309450948654
0.309456589468
0.309513451016
0.309551737204
0.309535717873
0.30954967199
0.309583130713
0.309635885306
0.309653828038
0.309702829342
