0.0598736939238
0.0508428637229
0.0338952424819
0.0264608817011
0.0315547227048
0.026295602254
0.0225390876463
0.0197217016905
0.0175304015026
0.0157773613524
0.0143430557749
0.013147801127
0.0135520157344
0.0162507437768
0.0151673608584
0.0190555316641
0.0179346180368
0.0261827057988
0.0248046686515
0.0235644352189
0.027204224018
0.0260427382644
0.0249104452964
0.0239487583416
0.0269908080079
0.0259527000076
0.0256470691992
0.0247311024421
0.0271541678751
0.032440278946
0.0316688428198
0.0306791914816
0.0297495190125
0.0308253223839
0.0299445988873
0.0291128044737
0.0305273401636
0.0315946325926
0.0307845138082
0.030118845947
0.0307715572465
0.0321877106454
0.0324115321076
0.031900906962
0.03252252445
0.0318155130489
0.0311385872394
0.0306387557401
0.0300134750107
0.0304546249479
0.0312988320874
0.0310776009272
0.0317731659423
0.0323561640741
0.031989845725
0.0314185984799
0.0308673949978
0.0303351985324
0.0309126248189
0.0304101667855
0.0299116394611
0.0294291936634
0.0303229763036
0.0298945477108
0.0296041440694
0.0293313270704
0.0288935460693
0.0313362880389
0.0308821389369
0.0304409655235
0.032628240657
0.0321862569462
0.0317453493168
0.0327568746251
0.0323201162968
0.031949559495
0.0320504929021
0.031639589147
0.0313076223005
0.0318568726408
0.0329350609696
0.0330178215901
0.0326200165107
0.0323385220664
0.0319580688656
0.0317607544068
0.0313956882642
0.0320644872612
0.0336124562763
0.0343302870498
0.0348033398706
0.0351100964044
0.0363656868648
0.036341117458
0.0363393015275
0.0360755412097
0.0358231977141
0.0363325273292
0.0359655321037
0.0356058767826
0.036243442359
0.0358881144928
0.0355396861967
0.0372720827895
0.0369171105725
0.0365688359444
0.0372623787999
0.0374176901885
0.0381606709301
0.0378873872951
0.0375460594816
0.0378031664785
0.0381533870738
0.0390597815211
0.0420841826804
0.0417213880021
0.0413647949422
0.0410142458326
0.0412564263685
0.0416271019821
0.0419916507261
0.042068229067
0.0424884665593
0.0428203765877
0.042477813575
0.0421406880704
0.0418088716289
0.0424200086394
0.045193398511
0.0458616540841
0.0463307236915
0.0467373091181
0.0470644722074
0.0467132448029
0.0472144144595
0.0475657790591
0.0477833871955
0.0474371307666
0.0475731373303
0.0477583948427
0.0482052991982
0.0483834956057
0.0491281823072
0.0494560781771
0.0499028609078
0.0504346874326
0.0506456802052
0.0514605820799
0.0521839787711
0.0527053469012
0.0529854439416
0.0526368554946
0.0528251807855
0.0524821601311
0.0521435655496
0.0523014786783
0.0524612023412
0.0537299645099
0.0539312697645
0.0552031876098
0.0548603106681
0.0551189248678
0.0548137373202
0.0548878319507
0.0548999057524
0.0551414725852
0.0548112841266
0.0545073622801
0.0545808942352
0.0542598301515
0.0539425212032
0.0536485911588
0.0533384836955
0.0534041006904
0.0535888629722
0.0537971648871
0.0534932261025
0.0536743737086
0.0540231068709
0.054508140294
0.0552304710106
0.0554532743829
0.0559878190091
0.055992667869
0.0559569533811
0.0560940161317
0.0561871453987
0.0567331112144
0.0564329360228
0.0565228110388
0.0568229345227
0.0573977532231
0.0571003555381
0.0577131758703
0.0574172108659
0.0579367490199
0.0582174285727
0.0582340983717
0.0579414647115
0.058103007388
0.0586918015054
0.0586191325221
0.0583682722512
0.0581084932431
0.0582432688858
0.058700523332
0.0584169459246
0.058136095223
0.0585490661671
0.0582702610902
0.0584443356822
0.0588630502467
0.0590327072878
0.0595447231972
0.0592677709963
0.0593704693945
0.0590968727613
0.058825786189
0.0589290959553
0.0587367288755
0.0584709518217
0.0585840781576
0.0591306857212
0.0588667094456
0.0595628025897
0.0594532342122
0.0595690239293
0.0593077562805
0.0590487704452
0.0587920366606
0.0592710462802
0.0593490938986
0.0595004996369
0.0592462239974
0.0593233808899
0.0594544258862
0.0592035633297
0.0597142101224
0.0602415042223
0.0599904979547
0.0599221426885
0.0596745305286
0.0594289563289
0.0591979211169
0.0593644602144
0.0601049882404
0.059861648207
0.0596202705933
0.0597923122972
0.059914143048
0.0601015141276
0.0601700719832
0.0599322456117
0.0602606340884
0.0603277613811
0.0601004434593
0.0608722012496
0.0619980392876
0.0620731457961
0.0619909808828
0.061753467546
0.0617983367121
0.0618730602417
0.0619985410742
0.0620719451645
0.0626104730525
0.063012058283
0.0629721739043
0.0630568033694
0.06313104544
0.0632729864894
0.0634858507186
0.0639318732435
0.0636985452389
0.0634669141653
0.0634899823372
0.0636217874551
0.0637112625688
0.0638063834915
0.0638548538852
0.0646170408023
0.0650448172534
0.0649873002239
0.0650603643076
0.0650900093068
0.065501963762
0.0655298635018
0.0653023292535
0.0650763696367
0.0652992353398
0.0654012998232
0.0654196964822
0.065738498606
0.0655148982706
0.0653163538155
0.065095690458
0.064876513049
0.0648787054773
0.0651570267559
0.06524067
0.0650239235881
0.0650843761039
0.065067179133
0.0648531423596
0.0654741048078
0.0655153821758
0.0653053675123
0.0653717056048
0.0655722934653
0.0659299655025
0.0657179720443
0.065641610466
0.0656791072177
0.0654699380865
0.0657448892136
0.0656446084332
0.0656694178359
0.0654629102326
0.0655022155527
0.0661889273791
0.0664646946418
0.0666709320623
0.066792750573
0.0665866001083
0.0666323355695
0.0666813282677
0.0664774098326
0.0665498872417
0.0666082082531
0.0664063651978
0.066205741738
0.0663149372595
0.0661157933037
0.0661880514076
0.0659926449427
0.066026530207
0.0660850197316
0.0662668674056
0.0660713899206
0.066208448086
0.0662789511708
0.066719472538
0.0669631977105
0.0673353977171
0.0675380539199
0.0678384497178
0.0676429498627
0.0676949456965
0.0675009773707
0.0675263134848
0.0673339308253
0.0671450497822
0.0672490727193
0.0673768506536
0.0671870567081
0.0673087604065
0.0673799590359
0.0677364395973
0.0680651333588
0.0681326035871
0.0681474971757
0.0681960883437
0.0680450771675
0.0679305357727
0.0677444247157
0.0676150429066
0.0679115976262
0.0686996129859
0.0685322543708
0.0683501491704
0.0685649423604
0.0683806279992
0.0684519936078
0.0682689668869
0.068121186217
0.0688843844707
0.0687097743384
0.0685280024486
0.0687662629138
0.0688532726387
0.0689384156243
0.0687579485677
0.0691170193707
0.069187294693
0.0692669671705
0.0693613074676
0.0695355987494
0.0693645666545
0.0693956362132
0.0696213399382
0.0700244341742
0.0698513978898
0.070389818315
0.0708617782765
0.0706823813694
0.0709171894791
0.0709714907962
0.0714445440582
0.0716256858948
0.0715888217031
0.0714102959632
0.0712369829396
0.0712639878569
0.0714022160106
0.0714376117736
0.071674534143
0.0720993294368
0.0720217644764
0.0722759594288
0.0723331568099
0.0722447122303
0.0724940854944
0.0725059111803
0.0726520180759
0.0730507079943
0.0730812050904
0.0731201045824
0.073035452084
0.0728611431291
0.0730536538732
0.0731648412944
0.0732089967397
0.0736138400028
0.073801719958
0.0738404217934
0.0744317274553
0.0745124000451
0.0743383056525
0.0741789013398
0.0741546523289
0.0741543938595
0.0744027647649
0.0748908357469
0.0748876522292
0.0749229679712
0.07481624022
0.0752424913788
0.0756055986956
0.07544427885
0.0753217782452
0.075415348125
0.0753873155296
0.0753522960678
0.0757040569551
0.0755339354788
0.0756982843872
0.0761553369402
0.0760835899088
0.0761074741841
0.0762081037095
0.0765569419197
0.0765993532996
0.0766189520006
0.076589009245
0.0764331623805
0.0766634450683
0.0764956913592
0.076561187534
0.0767969978996
0.0768993143712
0.0767325045787
0.076812837678
0.0767830582035
0.0770061616541
0.0769136057614
0.0770981286031
0.0772723337811
0.0774758456331
0.0773366831794
0.0773216184606
0.0774238208245
0.0774237239451
0.0776020307259
0.0774771373932
0.0773140276302
0.0775249961162
0.0775720540863
0.0776121737267
0.0776718397431
0.0776856950306
0.0776486638433
0.0776625756846
0.0780479407994
0.0778866847233
0.0777260936208
0.077566163387
0.0776921974005
0.077702247133
0.0777117375273
0.0777522437214
0.0776597816252
0.0777002824272
0.0775687427381
0.0774963607356
0.077531721623
0.0776745707481
0.0776818875884
0.0779099611642
0.0779332880879
0.0778911815302
0.0780535677728
0.077898082578
0.0779539959973
0.0779243748564
0.0779409604062
0.078064922804
0.0781842955449
0.0780331768271
0.0781985640481
0.0780515418164
0.0778987990731
0.0777693057588
0.0779715934931
0.0779867022606
0.078179660974
0.0781290435962
0.0782809965812
0.0784087853252
0.0785810997817
0.0786059975286
0.0789190510029
0.0791058930986
0.0791038437965
0.0791111668761
0.0792834396359
0.0792957097126
0.0792763063368
0.0793983590462
0.0796882581599
0.0797548633811
0.07975168781
0.0801795165326
0.0803208834657
0.0802769866974
0.0802946171089
0.0808976874457
0.0808597824504
0.0808461196374
0.080873952518
0.0808863478993
0.0809819488137
0.0809152350252
0.0807819210731
0.0809039939298
0.080954000503
0.0811578000378
0.0813200950068
0.08147413871
0.0816326724993
0.0820708809744
0.0820775354554
0.0819850219073
0.0824249009714
0.0825652075669
0.0825227507826
0.0826794041279
0.0826485287316
0.0826410163829
0.0830273512866
0.0830584260722
0.0831508508566
0.0833055629515
0.0832275803581
0.0833799305987
0.0836594781887
0.0837147377722
0.0837599570424
0.0836666044539
0.0838097062203
0.0840078708024
0.0839470438152
0.0844078398895
0.0844217605413
0.0846671408172
0.0845267464796
0.0847069248245
0.0848685058228
0.0849049131982
0.0847855228843
0.0846923335117
0.0847952306416
0.0849298017123
0.0848186063612
0.085003744881
0.0851745814279
0.0854799466581
0.0855063172441
0.0856384584556
0.0860009505141
0.0861629509481
0.0861713475697
0.0860703013904
0.0862437290121
0.0861658864273
0.0863285757719
0.0862908060231
0.0866070534417
0.0866066415022
0.0866084063277
0.0867888033209
0.0870416696914
0.0871451499272
0.0871519217602
0.0872252035164
0.0872036913792
0.0874924783515
0.0873940376249
0.0878864657277
0.087933053174
0.0879168819969
0.0877729918463
0.0877310758511
0.0877555771955
0.0877339850918
0.0878121570199
0.0879690088715
0.0881274667178
0.0883875405479
0.08841206849
0.0884431234527
0.0888050224785
0.0888097059714
0.0887723811368
0.0887877884644
0.0888423815847
0.0895366440543
0.0894846892571
0.089376795611
0.0893225400386
0.0892535463853
0.0893419874989
0.0896178161472
0.0897944987477
0.0898094712724
0.0900422398361
0.0901181649845
0.0900940291412
0.0899528159294
0.0898318937736
0.0898427960404
0.0897253862248
0.0899514634749
0.0899939002807
0.0900029243695
0.0901519243185
0.0902099440078
0.090100531858
0.0899753373384
0.0900740440741
0.090209000641
0.0903012528132
0.0902933403762
0.0901766518417
0.090132956035
0.0901561799695
0.0902104237781
0.0902957984872
0.0906742139861
0.0909012571102
0.0909796150679
0.09097129124
0.0908564811686
0.0909010984502
0.0908933219465
0.09101087075
0.0913854874807
0.0912644355463
0.0914974665386
0.0914548890705
0.0913577205934
0.0912502581107
0.0914130914135
0.0914530659004
0.091487951707
0.0916222016146
0.0915695339337
0.0915989262331
0.0915283675582
0.0915890104322
0.091604559406
0.0916198588261
0.091980479
0.0921643513857
0.0921086081947
0.0920264767846
0.0922880280211
0.092490559418
0.0928038035385
0.0929960151672
0.092972675761
0.0931003501151
0.0932386834469
0.0932495441386
0.0931585507062
0.0937235241429
0.0936900880703
0.0936020313962
0.0936392155548
0.0936255606938
0.0937117119486
0.0935789648764
0.0935704701914
0.0935956659558
0.0937411145716
0.0940420421233
0.0941736220904
0.0942151786781
0.0942954360757
0.0944432763985
0.0944832568384
0.0944803401478
0.094590530493
0.0946711140679
0.0948199134197
0.095009503191
0.0950031004047
0.0952787953267
0.0951881153601
0.0955004964971
0.0955565810863
0.0955868125545
0.0955986592005
0.0955780281989
0.0956729125323
0.0956629203379
0.0958226325963
0.0958648235383
0.0960157842598
0.0961112113312
0.0961599818086
0.0961324223371
0.0961550991284
0.0962428654605
0.0964907637063
0.0963608999196
0.0963878567225
0.0965022637083
0.0963927010742
0.0965714756593
0.096498332668
0.0965732138462
0.0966501308786
0.0966296739393
0.0968036336835
0.0968882000548
0.0969634079771
0.0969585013873
0.097012394995
0.0973247940332
0.0974254918744
0.0973050477262
0.0972067566366
0.0972830157115
0.0975325532562
0.0976594661857
0.097929927554
0.0980135806328
0.098130432375
0.0983693335095
0.0984294754578
0.0984909795373
0.0984840009359
0.0987411893225
0.0987958994661
0.0987913699321
0.0987260646161
0.0989048408765
0.0992288069745
0.0992218413969
0.0991263288784
0.0991499617314
0.0991455772509
0.0993476453616
0.0998483962491
0.0999857814793
0.100164562865
0.100374978369
0.100468476044
0.100606594716
0.100565395296
0.100640052899
0.100756265815
0.100693146968
0.100887444832
0.101106861747
0.101136491345
0.101047929958
0.101423348515
0.101710307548
0.101720853415
0.101912673779
0.10200366729
0.102191552015
0.102228428909
0.102306799465
0.102577743223
0.102607254953
0.102842191676
0.103005228627
0.102956332376
0.103055282635
0.103097921669
0.103252882323
0.103358264747
0.103448257985
0.103532860763
0.103453714259
0.103412114274
0.103480211199
0.103622611146
0.103561468603
0.103731621764
0.103791160625
0.103873609377
0.10396577276
0.103940541295
0.103833054168
0.103933985215
0.103877554648
0.10394555536
0.103994691114
0.10426928899
0.10434573958
0.104367961039
0.104721238269
0.104803989385
0.105069655692
0.105117288236
0.105165596089
0.105176116232
0.10533045787
0.105390080782
0.105413859472
0.105455162696
0.105584297772
0.105977625094
0.106121760475
0.10620249089
0.106324199392
0.106414651205
0.106546309127
0.106594073463
0.106740816266
0.106882375533
0.10697518862
0.107244651403
0.107390892427
0.107479992533
0.107487883599
0.107636297694
0.107763830732
0.10795045332
0.107991818094
0.108090135322
0.108055361645
0.108092473533
0.108168009827
0.108101319037
0.108198064026
0.108216960439
0.108289347119
0.108371122482
0.108249202812
0.108326233135
0.108601677371
0.108594530518
0.108954801025
0.108968322675
0.108995032598
0.109003628698
0.10898929475
0.109307372855
0.109405888667
0.109300865203
0.109346003237
0.109349159623
0.109405678462
0.109497398764
0.109488244058
0.109532879574
0.109587102122
0.10976692768
0.109961865174
0.10999497972
0.110074339624
0.110291798651
0.110540179918
0.110739585356
0.110755092856
0.110800528487
0.110854079348
0.110899564862
0.111016585027
0.11109020189
0.111133093776
0.111065468226
0.111363120482
0.111516647941
0.111576624517
0.111785150666
0.111883631316
0.111938526571
0.112100117199
0.112229119627
0.11231167186
0.112408029386
0.112362346164
0.112515594543
0.112458447241
0.112674239463
0.112673635212
0.113036649321
0.113085009401
0.113503979665
0.113740200011
0.113806365158
0.11391064807
0.113905937882
0.114123677946
0.114153526348
0.114139534698
0.114470283837
0.114625617191
0.114829367814
0.114900718509
0.114902364439
0.114861885183
0.11498138137
0.115016349537
0.115130254063
0.115104228019
0.115143316708
0.115272597789
0.115285513128
0.115413086105
0.115462658883
0.115529243832
0.115677399058
0.115927697437
0.116082615525
0.116235534914
0.116414917682
0.116422451855
0.116553410522
0.116663258946
0.116713137075
0.116814880998
0.116889093608
0.116903098701
0.116980358331
0.116923956657
0.116943455267
0.117070799753
0.117168709157
0.117242868885
0.117356591422
0.117354767221
0.117585913343
0.11763761707
0.117793580218
0.117896998362
0.118232471211
0.118293758807
0.118449517719
0.118390815217
0.118394490069
0.118785633973
0.118860559747
0.118825664863
0.118912378667
0.118928182708
0.119095791059
0.119099532228
0.119135374348
0.119295439316
0.119389245278
0.119680868167
0.11978205642
0.11992145339
0.120028887497
0.120213618172
0.120147555046
0.120218795966
0.120306566539
0.120258490903
0.120555744788
0.120533593114
0.120565479677
0.12066400904
0.120722573112
0.120823124613
0.120920250367
0.121190322039
0.121340790933
0.121469502159
0.121438229713
0.121609918081
0.12166580592
0.121780348232
0.121960550969
0.122057144542
0.12204132186
0.122095193246
0.122186178595
0.122380018421
0.122516018497
0.12250531975
0.122614411665
0.12257180079
0.122868840154
0.122886609953
0.122950625477
0.122905333228
0.122925851666
0.122864287807
0.122887570443
0.123009085469
0.123142106468
0.123337995349
0.123526388858
0.123632875846
0.12366491623
0.123709282941
0.123804675009
0.124032414639
0.12417198707
0.124348468918
0.124422963158
0.124442517646
0.124430810519
0.124484055094
0.124587966384
0.124729234769
0.124792394911
0.124804448491
0.124810972422
0.124915699405
0.12500404565
0.12518177991
0.125205751336
0.12532690134
0.125533614509
0.125463615035
0.125576183675
0.125719462996
0.125791489057
0.12586361593
0.125887310605
0.125960013689
0.12602980427
0.126072517376
0.126148956243
0.126160752851
0.1263007721
0.126304609928
0.126314064246
0.126489876158
0.126688283846
0.126760742132
0.12683159436
0.127018390738
0.127058121826
0.127007466556
0.126999941206
0.127120770332
0.127199716858
0.127203931401
0.127430402278
0.127508212271
0.127396669621
0.127398610504
0.127540098218
0.127614404854
0.127929595479
0.128029890155
0.128078713021
0.128211590728
0.1283086459
0.128396033615
0.128495110588
0.12847673898
0.128694362495
0.128733543944
0.128733071649
0.12902714628
0.12915613433
0.129214241368
0.129187969417
0.129305993544
0.129312503028
0.129382579614
0.129499880299
0.129550886374
0.12967503131
0.129849592697
0.129928499942
0.129949794308
0.130097192728
0.130091126104
0.130100007447
0.130349351919
0.130355184258
0.130447619482
0.130546165325
0.130656118549
0.130841550134
0.130999128156
0.131202619841
0.131319098645
0.131538215218
0.131545752531
0.131600737226
0.131865469586
0.131986265825
0.132120274742
0.13228702141
0.132359616022
0.132507583667
0.132539881055
0.132655023857
0.132755738592
0.132836222882
0.132975094544
0.133146400255
0.133273019563
0.133315635198
0.133567584519
0.133625067748
0.133628059513
0.133724936243
0.133976739432
0.134022405545
0.134114240601
0.134142099493
0.134214096725
0.134403950156
0.134424481193
0.134441470606
0.134478103634
0.134534312322
0.134608373596
0.13475795569
0.134724728249
0.134841846204
0.134892454858
0.134936484402
0.135193116405
0.135251043734
0.135445985886
0.135369146943
0.135408009187
0.135552296043
0.135684633322
0.135907405894
0.135936230743
0.136071593259
0.13634397374
0.136388423713
0.136482755387
0.136508092474
0.136562728929
0.136733349288
0.136957006244
0.137005793723
0.136955956438
0.136908857463
0.136970066597
0.136980370847
0.137063220754
0.137216660831
0.137371519933
0.137446404727
0.137558053607
0.137535746196
0.137617909949
0.13765311236
0.137690678286
0.137900264194
0.137981664519
0.138115700096
0.138158309303
0.13829578105
0.138361168686
0.138551763598
0.138687820086
0.13880993934
0.138869109641
0.138987098616
0.139021449152
0.139151869181
0.13910709406
0.139220067261
0.139351249006
0.139472005053
0.139453488905
0.139596443961
0.139685338681
0.139831578968
0.139995650547
0.1400945733
0.140116951968
0.140202010721
0.140281581853
0.140369420551
0.140402031731
0.140413957984
0.140588749295
0.140726745378
0.14083460086
0.140999354003
0.141129875353
0.141190086927
0.141285504529
0.141218800144
0.141259665424
0.141244174932
0.141317006966
0.141382144657
0.141384722791
0.141538200586
0.14158754688
0.141752109766
0.141791053661
0.141849022195
0.142067184465
0.142197286164
0.142359691992
0.142441991311
0.142504338936
0.142543102096
0.142682105389
0.142720790576
0.142894792819
0.142906167666
0.143136986861
0.143306223187
0.143441326147
0.143785830693
0.143958844817
0.143990377467
0.144134019911
0.144153386859
0.144283807347
0.144296020146
0.14441655166
0.1444935901
0.144550766978
0.144559608065
0.144675329443
0.1449205489
0.145065044492
0.145079417155
0.145187950231
0.145288539902
0.145433564409
0.145438448016
0.145537251128
0.145585108812
0.145661586201
0.145707300706
0.145767504007
0.145805786917
0.146006186052
0.146075092616
0.146221853823
0.146377339886
0.146441448558
0.146516296905
0.146562078478
0.146585103275
0.146771018035
0.146828828605
0.146790189601
0.146862787609
0.147127481158
0.147313607095
0.147408090744
0.147626769539
0.147740816299
0.147912548562
0.14793492728
0.148071644789
0.148141738175
0.148113987998
0.148228365233
0.148317144665
0.148344099981
0.148486665051
0.148509626309
0.148512626616
0.148606824065
0.14860814052
0.148654867415
0.148930994295
0.14894571757
0.149070932563
0.149291278858
0.149375627278
0.14943600753
0.149458300899
0.149535027024
0.149699831968
0.149828772961
0.149969563628
0.150159110795
0.150278180124
0.15034169585
0.150576034554
0.1506545148
0.15071462165
0.150756607176
0.150884662262
0.150961797753
0.151029937432
0.151132494408
0.151188584289
0.151275334535
0.151384409935
0.15145612269
0.151491388179
0.151545835496
0.151613018893
0.151690642439
0.151829507389
0.151917126135
0.15196896027
0.152046915337
0.152134030382
0.15220934021
0.152256352597
0.15241553859
0.152517268494
0.152605077323
0.152584506045
0.152704751639
0.152823080279
0.152987663588
0.153077329901
0.153152660611
0.153240047731
0.153355860054
0.153534799432
0.153670068948
0.153757187602
0.153732439312
0.153879999486
0.153953048852
0.154036696515
0.154044130447
0.15416270274
0.154239014161
0.154391622147
0.154524852133
0.154495922124
0.154604757736
0.154635108815
0.154694859239
0.154864526379
0.154953443125
0.155066176757
0.155077866352
0.155186207624
0.155242854652
0.155276865369
0.155431026042
0.155562807724
0.155737765323
0.155833968953
0.155904436223
0.156015611248
0.156111254906
0.156202926694
0.156296826121
0.156434740774
0.15648243228
0.156556495031
0.15655316134
0.156607734061
0.156621723335
0.156683787787
0.156751182413
0.156769594597
0.156787711601
0.156843042884
0.156898774408
0.157020809755
0.157058511584
0.157144848071
0.157130590094
0.157204115814
0.157287842239
0.157397322417
0.157416491839
0.157526018883
0.157660765687
0.157779660594
0.157772320479
0.157864190591
0.158023106473
0.158174073044
0.158305517462
0.158419373084
0.158560191595
0.158653454355
0.158779201082
0.158839060947
0.158869291749
0.158905826658
0.15901405131
0.159050270616
0.159124212425
0.159270176007
0.159406007332
0.159509737845
0.159591545285
0.159750151393
0.159834804338
0.159846720144
0.159936692699
0.160092256727
0.160163980265
0.160177604826
0.160297575623
0.160339003495
0.160365615872
0.160475900223
0.160626887301
0.160796466384
0.160850815286
0.160991465678
0.161102214907
0.161192249584
0.16128887535
0.161406363121
0.161488976652
0.16161214941
0.161774416354
0.161847398886
0.161947915221
0.161989272881
0.162161841951
0.162367460654
0.162422067502
0.162594417873
0.162777250358
0.16290378941
0.163011782205
0.163104951118
0.163169265382
0.163322150964
0.163316203193
0.163407336681
0.163459088604
0.163481418668
0.163664456087
0.163711791805
0.163832790701
0.164003292999
0.164064398957
0.164061532678
0.16406423914
0.16417632305
0.164208353611
0.16429997187
0.164405809942
0.164542222621
0.164611923536
0.164743841475
0.165007386161
0.165141093719
0.16527048774
0.165346365323
0.165324691444
0.165344329895
0.16540730416
0.16547181713
0.165548769793
0.16568449235
0.165787822316
0.165931538804
0.166047533506
0.16617803739
0.166209953472
0.166245677885
0.166265929237
0.166306292756
0.166398992677
0.16649266295
0.166653965688
0.16675375078
0.166818244408
0.166894851843
0.167029284694
0.16713718525
0.167288476181
0.167369098832
0.167416036213
0.167451763737
0.167492932703
0.167519422942
0.16763596984
0.167700393185
0.167765974657
0.167793453561
0.167785139947
0.167885749515
0.167915909781
0.168004356818
0.168132984953
0.168299209385
0.168330597928
0.168385508334
0.168464662128
0.168607540372
0.168603662057
0.168685622817
0.168745381862
0.168843939246
0.16897610928
0.169144864448
0.169220982194
0.169375115753
0.169448792314
0.169536931454
0.169593356897
0.169586582617
0.169748543683
0.169883629165
0.16991344485
0.169964601569
0.169976091306
0.170038761833
0.170134989484
0.17018384634
0.170364281963
0.170435109587
0.170463205691
0.170589473768
0.170726299449
0.170882371704
0.170974112558
0.171104816976
0.171187781129
0.171263832115
0.171394250486
0.171515894166
0.171606823693
0.171708598996
0.171801027611
0.171944422917
0.172065685815
0.172163268791
0.17217877446
0.172306640909
0.172323826948
0.1724464145
0.172462762514
0.172494076809
0.1725436229
0.172698420743
0.172750493335
0.172822770486
0.172915719391
0.172897021962
0.173033954447
0.172995852655
0.173116852738
0.173138154356
0.173275200612
0.173372011646
0.173419669126
0.173496355434
0.17362465664
0.173656546238
0.173734179956
0.173813748938
0.173877258975
0.173978974296
0.174055468627
0.174138730864
0.174191154252
0.174340335287
0.174446212699
0.174469631328
0.17458054569
0.174600060759
0.174691845259
0.174731420403
0.174810964257
0.174911349772
0.174953549037
0.174997591992
0.175107582439
0.175191642338
0.175193376979
0.175276064206
0.175338563931
0.175503154654
0.175625542573
0.175707308135
0.175783022361
0.175919800361
0.176074448203
0.176190284484
0.176261293434
0.176371820975
0.176395297422
0.176423854055
0.176455880695
0.176547705382
0.176577290403
0.176666039058
0.1767650985
0.176887691563
0.177027020531
0.177117563146
0.177242144497
0.177364853081
0.177414138406
0.177430132148
0.177489872426
0.177518318043
0.177572409436
0.177630725384
0.177714803422
0.177810709049
0.177912809936
0.177952742965
0.17809011581
0.178165374384
0.178263486851
0.178341414286
0.17844416855
0.178577386496
0.178658671252
0.178686899286
0.178797407154
0.178913994979
0.178995430055
0.179054276806
0.179129757515
0.179208738338
0.179250804206
0.17929236801
0.179452996958
0.17949951901
0.179617533858
0.17967418588
0.179680067889
0.179720055834
0.179905742455
0.179990412984
0.180094185204
0.180156379135
0.180200294187
0.180252097399
0.180349732408
0.180420089936
0.180522057186
0.180566472467
0.180625875091
0.180696922193
0.180828467347
0.180900981737
0.180921357465
0.181051077945
0.181153376948
0.181270723334
0.181391508245
0.181462787128
0.181475242582
0.181530810268
0.181615492602
0.181751110008
0.181801004193
0.181871869299
0.181921350342
0.181991536081
0.182093571424
0.182197301895
0.182355347003
0.182454808079
0.18245677263
0.182512308933
0.18262645896
0.182695226238
0.182739202712
0.182880611223
0.182959389498
0.183032016052
0.183117039422
0.183246207637
0.183364655274
0.183512900349
0.183637386391
0.183735021509
0.183812573392
0.183893895188
0.183955457179
0.18404757417
0.184156444059
0.184340968347
0.184410996252
0.184483753222
0.18457362624
0.184704384061
0.184809409181
0.184890796749
0.185015684185
0.185172524012
0.185286137477
0.185398015542
0.185488597827
0.185558546263
0.185646739304
0.185686211574
0.185709148026
0.185772475433
0.185866415107
0.185920506644
0.185970262477
0.186092488275
0.186197566645
0.186183263126
0.186342127912
0.186430999345
0.186502917981
0.186579443748
0.186703683583
0.186840722932
0.186837709032
0.186900471432
0.186971540246
0.187104202342
0.18720124065
0.187294639154
0.187370700898
0.187464421454
0.187601514385
0.187619698929
0.187676990563
0.187703413709
0.187750461378
0.187877306093
0.187969598581
0.188119825355
0.188190257675
0.188281470175
0.188292798404
0.188328325451
0.188439907436
0.188563551602
0.188617100059
0.188712210813
0.188749855365
0.188799375707
0.188929743373
0.188973928306
0.188982347757
0.189041801117
0.189153919151
0.189221342856
0.189275893607
0.189352189525
0.189393891332
0.189458520571
0.18954911866
0.189612372632
0.18967861569
0.18976843684
0.189878800503
0.190061753674
0.190085175763
0.190124364906
0.190216508311
0.190342994677
0.190394091713
0.190442807632
0.190544655138
0.19061897911
0.19078401237
0.19087523787
0.190929097095
0.191008642677
0.191054298875
0.191131983065
0.191164605057
0.191327780138
0.191427451319
0.191496615268
0.191601246464
0.191693976508
0.191745501592
0.191945413244
0.192031512988
0.192105584068
0.192127295421
0.192220826763
0.192325748988
0.192414541961
0.192458700786
0.192552176988
0.192622980994
0.192715284879
0.192765471986
0.192872211903
0.192968535539
0.193009455778
0.193080373652
0.193120099724
0.193206264796
0.193250814603
0.193400489362
0.193503275136
0.193593088546
0.193697051571
0.193706200088
0.193775040572
0.193820277846
0.193859786466
0.19389568608
0.193954302853
0.194074455709
0.194165981517
0.194305213949
0.194323094506
0.194465225083
0.194587896898
0.194643351826
0.194707836445
0.194821100551
0.19491050311
0.194945306872
0.195048618098
0.195135490786
0.195231734208
0.195297628749
0.195383380289
0.195468144602
0.195487911184
0.195609970022
0.195683545999
0.195741529554
0.195796076507
0.195886268965
0.195996525913
0.196138070678
0.196260340972
0.196316206777
0.19637030736
0.196423067637
0.196535093032
0.196649878614
0.196684735776
0.196782932419
0.196884966772
0.196927197004
0.196999637371
0.19704631017
0.19714646881
0.197204788286
0.197265820043
0.197348475819
0.197361408266
0.197380013837
0.197498556004
0.197495353823
0.197628363868
0.197744489667
0.197770653905
0.19784514102
0.197964208931
0.198048573836
0.198194361612
0.198246206529
0.19833111477
0.198434465501
0.198480907459
0.198584779464
0.198690310322
0.19882023483
0.198929001422
0.199024796094
0.199113881358
0.199256383496
0.199325540524
0.199373925093
0.199380472229
0.199505255594
0.199600236054
0.199667082447
0.199684764177
0.199739054217
0.199778038425
0.199823966503
0.199858608478
0.199851176242
0.19989123097
0.199912188665
0.199973399926
0.200069190116
0.200160131959
0.200201240647
0.200333421386
0.200376321138
0.200438292433
0.200517968003
0.200596396812
0.200708989241
0.200763342603
0.200831044472
0.200857508485
0.200995032596
0.201088474486
0.201166348537
0.201216433996
0.201265035685
0.201375365816
0.201490555962
0.201595614155
0.201620857014
0.201686643813
0.201763561754
0.201770050356
0.201848778257
0.2018899988
0.20196270305
0.202045958399
0.202143653743
0.202260710606
0.202325951718
0.202396577343
0.202456029416
0.202544452962
0.202595615818
0.202636223574
0.202737440137
0.202820314609
0.202929150018
0.20297855922
0.203036632803
0.203151967459
0.203235729203
0.203305927296
0.203398392023
0.203538346204
0.203608811313
0.20367201525
0.20376111119
0.20383530791
0.203853064158
0.203936497772
0.203979433419
0.204032883611
0.20405463577
0.204107630609
0.204175761099
0.204254445432
0.204366304258
0.204427075915
0.204454185268
0.204584456693
0.204619100051
0.204659632957
0.204746154608
0.204809652075
0.204947158383
0.205036131437
0.205181629613
0.205266669651
0.205287717065
0.205349783663
0.205379580032
0.205469178101
0.205532569533
0.205563162505
0.20563006128
0.2057038984
0.205832874889
0.205842014787
0.205912309499
0.20595942695
0.206057924194
0.206136302005
0.20616191849
0.206178665504
0.20625572369
0.206283434307
0.206450967378
0.206532153966
0.206622134049
0.206700094308
0.206748817548
0.206808244111
0.206905529355
0.206984775832
0.207007976038
0.207016796015
0.20709129305
0.207195824656
