0.0712305778382
0.0720337779917
0.0743126038425
0.0786659524826
0.078812211049
0.079448259615
0.079061599242
0.0795157185988
0.0783348480852
0.0778689696462
0.0774317112961
0.0767727174099
0.0772085658965
0.0779806686802
0.078599699869
0.0793280728061
0.0801321922372
0.0809841435359
0.08104318773
0.081065890008
0.0818749541442
0.0822898344218
0.0828398332219
0.0827039221551
0.0829881551476
0.0833763233827
0.083879096402
0.084278720489
0.0847378849522
0.0854245309641
0.0861777517154
0.086228808179
0.0868981363165
0.0872976856806
0.088204230908
0.0889028022736
0.08930807257
0.0900150650095
0.0905730618817
0.0912928156273
0.0917849033566
0.0921577711908
0.0926232427869
0.0932964445849
0.0936065607624
0.0941189495298
0.0947238780292
0.0952105889574
0.096072231882
0.0966409175231
0.0973785911836
0.0980218047197
0.0984592948161
0.0991187459789
0.0996625648826
0.0999731757588
0.100562568947
0.101274470928
0.101898909192
0.102627513544
0.103049631069
0.103630565539
0.10411706054
0.104726404242
0.105453627683
0.106137771674
0.106848731661
0.107482496824
0.108053771228
0.108761973943
0.109650936165
0.110353202082
0.1109593092
0.111543308586
0.112276967573
0.11290331152
0.113470677333
0.114085244128
0.114752889844
0.115530009845
0.116066549358
0.116771717836
0.117331902413
0.117904487317
0.118567562965
0.119108264732
0.119875566222
0.120509259653
0.12108083292
0.121770476033
0.122350079039
0.122913124659
0.12358762808
0.124218981461
0.124695744794
0.125379515764
0.125841636965
0.126433304415
0.126999471748
0.127596582113
0.128263509211
0.12899475597
0.129702733957
0.13048852484
0.131135608654
0.131709710726
0.132423026868
0.132970069586
0.133662972481
0.134210424735
0.134782833055
0.135430312634
0.136086283668
0.136627336784
0.137347449221
0.137947829582
0.138553404319
0.139120126137
0.139764324235
0.140263914055
0.14085313777
0.141537471363
0.142096757976
0.14268156169
0.143225337485
0.143786548784
0.144297255629
0.144781035631
0.145340967739
0.145943787056
0.146521534968
0.146980739306
0.147573007296
0.148252297893
0.148862757685
0.14944203692
0.149956577306
0.150501939981
0.151004596319
0.151648937803
0.152267796628
0.152836019066
0.153400936808
0.153949265249
0.154474087736
0.15514257095
0.155748376754
0.156285944667
0.156914486097
0.157384181766
0.158064786094
0.158627641178
0.159167773334
0.159733997707
0.160243883948
0.160798521021
0.161433795862
0.162000886501
0.162644754304
0.163118023147
0.163543009337
0.164069154198
0.164581017687
0.165162725603
0.165646811906
0.166229085267
0.166711911373
0.167208107018
0.167778417292
0.168303654204
0.168868927399
0.169374194889
0.169890903388
0.170330050695
0.170876572937
0.171375753863
0.171822771135
0.172365149727
0.172797216159
0.173207166311
0.173621992999
0.174125556787
0.174586758582
0.175151607527
0.175600945515
0.176071619686
0.176484433298
0.176967000341
0.177372916083
0.177855539367
0.178289755278
0.178715329331
0.179205646875
0.179693146703
0.180158659112
0.180691502769
0.18120706862
0.181651506309
0.182067792027
0.182501910358
0.182928305578
0.183368752424
0.183843480613
0.184363166578
0.184770272102
0.185246088243
0.185705532653
0.186150975173
0.186549396773
0.186988908943
0.187484183249
0.1878854254
0.188264254482
0.188745054393
0.189150753561
0.18953571391
0.189957795545
0.190425017247
0.190817517681
0.191242079785
0.191693792968
0.192142957374
0.192617100048
0.192975144412
0.193441707754
0.193910260953
0.194285229703
0.194655464884
0.195046964989
0.195467502872
0.195830556054
0.196205433531
0.196559954352
0.196960995879
0.197341185541
0.197674915941
0.198069909038
0.198471424403
0.198864601658
0.19928413724
0.199650743512
0.200067746888
0.200501210691
0.200900660811
0.201291248318
0.201642359819
0.202081644632
0.202458782962
0.202814979133
0.203233931096
0.203619730503
0.203962428361
0.204352225151
0.204737379131
0.205088029923
0.205458367868
0.205856385627
0.206201813708
0.206547915253
0.206927176165
0.207290459854
0.207688257833
0.208062651294
0.208388010384
0.208740179024
0.209069189155
0.209416818554
0.209799705973
0.210159811238
0.210525261233
0.210904791202
0.211215737037
0.211570564308
0.211888493335
0.212249446077
0.212591608287
0.212933252814
0.213226300976
0.21358416313
0.213960968643
0.214329017521
0.214704554145
0.215056992939
0.215387100429
0.215724083504
0.216044977877
0.21637570349
0.21672093019
0.217043480386
0.217328124572
0.217638857868
0.217961391191
0.21825763937
0.218596539985
0.218945522971
0.219274677451
0.219619181483
0.219942873024
0.220290170583
0.220580847507
0.220959825692
0.22124304667
0.221565605674
0.221892346075
0.222200143439
0.22250610691
0.222871412286
0.22316630659
0.223482945498
0.223837499534
0.224145530286
0.224464539298
0.224780032238
0.225111513572
0.225494310176
0.225812507992
0.226157693509
0.226460349685
0.226717461324
0.227032356217
0.227366740895
0.227673122967
0.228005252218
0.228310068757
0.228580674573
0.228910523007
0.229238264576
0.229562062864
0.229885276198
0.230182728128
0.230492871388
0.23080874294
0.231156092461
0.23146392569
0.231784696052
0.232122446478
0.232432009615
0.232748340323
0.233079688658
0.2333787339
0.233677538129
0.233986330943
0.234286726592
0.234575687392
0.234867192047
0.235175199596
0.23548968139
0.235764785426
0.236050223962
0.236367946309
0.236691660519
0.236996348989
0.237293262401
0.237613020504
0.237898756184
0.238198480579
0.238517955868
0.238857351572
0.239116966831
0.239403470395
0.23970932778
0.239986879939
0.240297372006
0.240588407461
0.240857437252
0.241138841669
0.24141837405
0.241729457727
0.242059567484
0.242356727484
0.242622107658
0.242913703682
0.243191268688
0.243492999973
0.243783405005
0.244103046484
0.244396475815
0.244685982212
0.244998334862
0.245285307587
0.245548210626
0.245841490101
0.246107949018
0.246423644941
0.246741869972
0.247040152702
0.247333967286
0.247621116515
0.247936710037
0.248222057017
0.248519565593
0.248779795846
0.249045105081
0.249321880362
0.249647131208
0.249933226613
0.250218275744
0.250505188759
0.250769375201
0.251048352154
0.251297139101
0.251580341545
0.251855227098
0.252148262928
0.252431141096
0.252733950075
0.253034005126
0.253309107505
0.253609399772
0.253868735512
0.254148689894
0.254403029882
0.254672897073
0.254964164726
0.255249052765
0.255538463988
0.255806204524
0.256093871171
0.256371934431
0.256647571564
0.256928263793
0.257191900695
0.257466643255
0.257704108223
0.257974201721
0.258224001176
0.258527950455
0.258809685819
0.259045600589
0.259313269771
0.259584938587
0.259850504814
0.2601404115
0.260421536537
0.260662019379
0.260933793102
0.2612226449
0.261508331957
0.261775103081
0.262064138534
0.26235519099
0.262646228209
0.26290476091
0.263178823939
0.263442032325
0.263709969752
0.26398685223
0.264275231081
0.264536849032
0.264813956415
0.265091094565
0.265349250193
0.265602801953
0.265880565048
0.266138531611
0.266404695877
0.266668842112
0.266947123252
0.267236122768
0.267505820635
0.267765121123
0.268057309835
0.268325514785
0.268603292876
0.268886032498
0.269149240301
0.269410274039
0.269669059002
0.26991563921
0.270191725699
0.270464782483
0.270722388331
0.271012631559
0.27124375555
0.27151500017
0.271769434365
0.272000163036
0.272257850086
0.272525157035
0.272785477672
0.273041184322
0.273292098894
0.273557670341
0.273818101212
0.274047089183
0.274290627961
0.274513904115
0.274757822559
0.275016121506
0.275277615831
0.275566882088
0.275816616497
0.276086121049
0.276314643559
0.276538523425
0.276794464121
0.277043924715
0.277286258741
0.277514481467
0.277732500795
0.277986236063
0.278222871041
0.278482815423
0.278759558315
0.279006537816
0.279253984263
0.279490909069
0.279736796877
0.279969134119
0.28017752156
0.280436119182
0.280672322958
0.280938584474
0.281177774863
0.281445487549
0.281677025909
0.281904869092
0.282143050004
0.282392054337
0.282647537568
0.282917519822
0.283173150434
0.283374253927
0.283603332598
0.283854715801
0.2840843211
0.284328844282
0.284588587727
0.284828455681
0.285079920059
0.285304457242
0.28553256604
0.28576448617
0.285969003346
0.286211846059
0.286441970676
0.286645219136
0.286884650701
0.287118201564
0.287336839391
0.287563691834
0.287772429869
0.287983709291
0.288222658052
0.288454258121
0.288695451743
0.288927202043
0.289154740112
0.289386695078
0.289605928964
0.289819491616
0.290035362296
0.290249508023
0.290463287236
0.290687983317
0.29092889799
0.291146671184
0.291386992031
0.291617421181
0.291834457096
0.292071486036
0.29227545165
0.292480290833
0.292707042631
0.292906682757
0.293119639331
0.293341165442
0.293546212792
0.293752742953
0.293976399668
0.29419512944
0.294414740052
0.294622708129
0.29483589344
0.295064292437
0.295276863034
0.295499513784
0.295716891822
0.295934831141
0.296158924716
0.296374375249
0.296587473127
0.296806593294
0.297023190785
0.29722508774
0.297431854008
0.297641129329
0.29784820605
0.298055351136
0.298264304182
0.298476916996
0.298683335868
0.298894058748
0.299090930699
0.299299530427
0.299478231583
0.299660725799
0.299854842347
0.300062846158
0.300262088121
0.300459084642
0.300664455223
0.300876459431
0.301088137455
0.301279719813
0.301462147277
0.301663753588
0.30185020381
0.302033655079
0.302211422862
0.302409112316
0.302608362572
0.302781746829
0.302984861683
0.303168462101
0.303360630785
0.303560101784
0.303729588599
0.303937244154
0.30413153766
0.304331273728
0.304524059983
0.304711794729
0.304889307061
0.305081435194
0.305252417105
0.305436329685
0.305623695379
0.305798992337
0.305999970292
0.306185212982
0.306376696886
0.30657840422
0.306777206808
0.306973926822
0.307166296178
0.307354513245
0.307545142359
0.307733576582
0.307915841059
0.308093952742
0.308266515391
0.308452410744
0.308634438366
0.308802669228
0.309005254622
0.309196068467
0.309363039904
0.309527914338
0.309724949901
0.309905749443
0.310086486518
0.310274707562
0.310476048772
0.310643781164
0.310802339626
0.310982175535
0.31116451741
0.311336663836
0.311499372694
0.311668048037
0.311839816638
0.312019153658
0.312196257056
0.312375277097
0.312543896409
0.312716745801
0.312869499937
0.313040131581
0.313209411337
0.313377958966
0.313534855663
0.313711091146
0.313893774474
0.314051461224
0.314214398473
0.314380068381
0.314546048778
0.314721498472
0.314885754041
0.315049545787
0.315206807678
0.315382599946
0.315535196389
0.315705907721
0.315868323499
0.316030305771
0.316207973019
0.316372937951
0.316529197558
0.316706848349
0.316876739208
0.317038618167
0.317189844496
0.317349689499
0.317506492991
0.317671771352
0.31783532685
0.317983680388
0.318148447165
0.318304532461
0.318460526019
0.318622053468
0.318772085318
0.318935279073
0.319102575607
0.319243872355
0.319407062957
0.319551794111
0.319700039113
0.319861458315
0.32001958059
0.320182413141
0.320342857363
0.320506396075
0.320677117543
0.320828064394
0.320990947797
0.321139738144
0.321304309876
0.321463861621
0.321622762988
0.32177830842
0.321931030822
0.322078632542
0.322229414365
0.322372821011
0.322516000725
0.322664026533
0.322823811499
0.322973588128
0.323127704613
0.323268914513
0.323411527721
0.3235585964
0.323710969933
0.323850194644
0.324018031912
0.324172026524
0.324317248677
0.32446518974
0.324606663718
0.324741506805
0.324884451241
0.325017146156
0.325172085106
0.325324321457
0.325462414569
0.325602336286
0.325742348932
0.325888570732
0.32605067937
0.326199003838
0.326340260392
0.326481018003
0.326622420218
0.326744927462
0.326875799995
0.327022562839
0.327167068296
0.327306708697
0.327442023401
0.327573273173
0.327711242252
0.327852194811
0.327969047274
0.328107376643
0.328251985816
0.328381380554
0.32852087389
0.328652692372
0.32878384542
0.328931024974
0.329071875678
0.329206512621
0.329341540062
0.329480283261
0.32961384784
0.329749944633
0.329893528347
0.330007945863
0.330136719057
0.330274799169
0.330395603984
0.330531202124
0.330651522507
0.330787233092
0.33093523984
0.331062979827
0.331195943807
0.331333451669
0.331474376763
0.331625629074
0.331752823001
0.331867702686
0.332006810033
0.332145511166
0.332262717521
0.332393504522
0.332521767774
0.33263997882
0.332773510711
0.332908170097
0.33302716958
0.33315858463
0.333274792359
0.333409680368
0.33352512463
0.333642837946
0.333775071062
0.333900080336
0.334012932094
0.334133313506
0.334261010773
0.334394943456
0.334512340019
0.334623982361
0.334756738738
0.334876639768
0.334998355554
0.33511940451
0.335224532299
0.335341249162
0.335453957075
0.335580718718
0.335709428781
0.335815414069
0.335937461724
0.336052133498
0.336166159955
0.336278570269
0.336407427959
0.336519212417
0.336628676337
0.336744390346
0.336864541956
0.336973842288
0.337092489379
0.337214486896
0.337336956158
0.337452329968
0.337567465383
0.337678630088
0.337800018887
0.337905067101
0.338011021137
0.338119906408
0.338233085357
0.33834862682
0.338456348906
0.338566741725
0.33868176289
0.338793530807
0.338906775246
0.339035077239
0.339140740976
0.339251367058
0.339363209487
0.339477882851
0.339595348672
0.339709882223
0.339831976368
0.339930134417
0.34003267858
0.340136903866
0.340244712685
0.340351604125
0.340476272698
0.340587933594
0.340703698786
0.340812765258
0.340933049788
0.34103808948
0.341148079401
0.341257242057
0.34135723599
0.34147441139
0.341580996181
0.341683404338
0.341784420116
0.341896878397
0.342010133101
0.342114658528
0.342213186396
0.342309401408
0.342424239556
0.342524391802
0.342631422364
0.342732834723
0.342839970155
0.34293083683
0.343028326674
0.343141964876
0.343241527508
0.343331706856
0.343429069597
0.343513793855
0.343620771827
0.343723968367
0.343822913096
0.343919993638
0.344027779277
0.344126289787
0.344243035475
0.344357382622
0.34445115359
0.344555691772
0.344658839211
0.344747646205
0.34485087685
0.344945824491
0.345046863344
0.345140630648
0.345245989287
0.345340350437
0.345433534068
0.345529104109
0.345633905982
0.34572932301
0.345836545059
0.345943159034
0.346033173315
0.346125764644
0.346229402675
0.34631716616
0.34641502214
0.346512952476
0.346607566674
0.346707174347
0.34680858873
0.346898849297
0.34700120972
0.347096573268
0.34719855984
0.347284721658
0.347375634281
0.347472555609
0.347558271201
0.347654106179
0.347749556356
0.347842901334
0.347932835756
0.34802689657
0.348112529738
0.348206935895
0.348295755629
0.348394262248
0.348485143243
0.348570922442
0.348664620436
0.348759089948
0.348852166151
0.348937236126
0.349030244364
0.34912598642
0.349223330108
0.349317371977
0.349408999625
0.349506290478
0.349597506677
0.349688574367
0.349782212483
0.349872843935
0.349955149836
0.350042452509
0.350142305868
0.350224165855
0.350319240684
0.350406947858
0.350492328532
0.350576943604
0.35066524723
0.350759396219
0.350831757328
0.350909664992
0.350992275299
0.351078001484
0.351164792641
0.351250017331
0.351342446592
0.351424730639
0.351501486374
0.351589328627
0.351678217907
0.351754793338
0.351842062587
0.351930919542
0.352013673421
0.352098355941
0.352178764976
0.352268036906
0.352353626066
0.352434060498
0.352529638051
0.352613729461
0.352699842253
0.352789179586
0.352873398886
0.352954608244
0.353027959225
0.353114597085
0.353192291407
0.353270904919
0.353359653099
0.353439028735
0.353513021884
0.353590385569
0.353681677258
0.35376792197
0.353835891561
0.353909099738
0.35398179407
0.354059081759
0.35413747472
0.354225443087
0.354305928071
0.354391642202
0.354470894992
0.354559405471
0.354631184741
0.354707939117
0.354782679812
0.35485765958
0.354927810219
0.355000894174
0.355075930204
0.355156539915
0.355226570689
0.355303840634
0.355390139031
0.35547357125
0.35555116813
0.355631113045
0.355704629039
0.355774436081
0.355847751398
0.355923648052
0.355990897254
0.356069855389
0.356147119595
0.356225216808
0.35630366948
0.356371059713
0.356455506226
0.356542583015
0.356625102383
0.356700680289
0.356778256402
0.356851604357
0.35693601269
0.357004469099
0.357081456001
0.3571492714
0.357212618018
0.35728628831
0.357362050936
0.357427411826
0.357500866356
0.357577127395
0.357649460458
0.357722802908
0.357803263038
0.357875741909
0.357941374203
0.358020964774
0.358087451326
0.358171594831
0.358244136181
0.358316849354
0.358380018452
0.358440488109
0.358522736833
0.35859284001
0.358681628254
0.358759867337
0.35883038215
0.358900167751
0.358959281282
0.35903669698
0.359099626127
0.359169027453
0.359239889152
0.359308966365
0.35938738411
0.359460762284
0.359524649945
0.359588305829
0.359654351488
0.359727301385
0.359799554253
0.359879257874
0.359951509977
0.360025806708
0.36010039818
0.360168594539
0.360235973912
0.360303963843
0.360366098129
0.360430143099
0.360506013764
0.360570551225
0.36063494837
0.360714399133
0.360782738243
0.360855653257
0.36091705348
0.360976132005
0.361041868265
0.361109565604
0.361174200653
0.361234435682
0.36130042632
0.361369156594
0.361431436846
0.361496092441
0.361565328408
0.361626874591
0.361696061541
0.361759577432
0.36182493559
0.361893577721
0.361971814205
0.362041796719
0.362105540132
0.362171506253
0.362230283522
0.362297782381
0.362357052216
0.36242345157
0.362490773332
0.362567429045
0.362631568874
0.362705935216
0.362767174765
0.362836637314
0.362899039673
0.362964812615
0.36302489887
0.363098090125
0.363154799947
0.363219334433
0.363287783068
0.363364127332
0.363425627568
0.363501082513
0.363568982315
0.363634376051
0.363702853917
0.363762296271
0.363814343514
0.363872403572
0.363932215689
0.364000604664
0.364065447253
0.36412501554
0.364190997347
0.364253992029
0.364304397663
0.364370899512
0.364430851296
0.364499078295
0.364554096868
0.364607061135
0.364666511601
0.364729295563
0.364793006294
0.364858729956
0.364922820444
0.364988279023
0.365055417197
0.365110342077
0.365177546742
0.365241289469
0.365292885469
0.36534613877
0.365408933553
0.365483679737
0.365538329081
0.365592105357
0.36565890479
0.36572093331
0.365769159897
0.365831073838
0.365892970296
0.365954497901
0.366016575796
0.366078659574
0.366142656838
0.366200488384
0.36625188822
0.366304570798
0.366366157531
0.366427534173
0.366486970263
0.366534678075
0.366595432212
0.366650178412
0.366710028574
0.366764244036
0.366825449815
0.366884785495
0.366940713934
0.366998721156
0.367063903105
0.367121632353
0.367184837011
0.367241402265
0.367298266723
0.367353164668
0.36741619758
0.367475761578
0.36753755346
0.367591253831
0.367648901312
0.367705805837
0.367758203012
0.367812528737
0.367874365115
0.367939322288
0.368000146555
0.368063285102
0.368125324154
0.368177135161
0.368237024147
0.368285870791
0.36834048029
0.368408944446
0.368468744546
0.368528075097
0.368591579017
0.36863874445
0.368692820849
0.36874257672
0.368796665494
0.36885363325
0.368909782748
0.368973149902
0.36903113253
0.369088040438
0.369146577798
0.369199106846
0.369247371311
0.369311013684
0.369366676288
0.369423102889
0.369477689036
0.369534185676
0.369585900907
0.369633114025
0.369693843704
0.369751776365
0.369794916071
0.369847675116
0.369905914714
0.369953852653
0.369999347775
0.370054524061
0.370099353621
0.37014909068
0.370207934499
0.370264078499
0.370314270679
0.370363249049
0.37041560953
0.370473097815
0.370518244947
0.370575910638
0.370626377652
0.370684984707
0.370736118328
0.370788387921
0.370840557014
0.37090207742
0.370957077304
0.371011742778
0.371069501853
0.371115874507
0.371160420772
0.371216395093
0.37126768617
0.371321985306
0.371364810121
0.371416717353
0.371468810482
0.371528245129
0.371580421672
0.371635774253
0.371676690788
0.37173193574
0.371785460039
0.371835283037
0.371883573922
0.371940702808
0.371995124094
0.37203962055
0.372092282706
0.372145429176
0.372189261999
0.37223725443
0.372285087444
0.372340663361
0.372393062716
0.372439554567
0.372484590348
0.372534275678
0.37257746578
0.372622532734
0.372666866287
0.372717311853
0.372765398435
0.372810890306
0.372858495979
0.372911837995
0.372951368622
0.373002879619
0.373046387053
0.373087344478
0.373133296859
0.373179158754
0.373234759266
0.37329018752
0.373336927559
0.373393590374
0.373443538563
0.373486529857
0.373531394395
0.373574818055
0.373628104685
0.373671581717
0.373724633252
0.373774797791
0.37382178552
0.373862204042
0.373905955876
0.373952837617
0.373992404832
0.374035286855
0.374086427816
0.3741331371
0.37417606049
0.374218003218
0.374263219666
0.374306447024
0.374345289073
0.374388142534
0.374433539752
0.374480623511
0.374529103607
0.374569037318
0.374620383504
0.374665989733
0.374706018171
0.374757321455
0.374808952182
0.374861417425
0.374911059452
0.374951342487
0.374999765819
0.375042934479
0.37508676231
0.375129617969
0.3751712018
0.375214307415
0.375261527299
0.37530603374
0.375354273332
0.37539962327
0.375447752915
0.375493131629
0.375529863912
0.375576485386
0.375629150479
0.375671050553
0.375713447084
0.375760383247
0.375807467333
0.375842706357
0.375885592856
0.375925604844
0.375969317787
0.376012948406
0.376057147417
0.376113070154
0.376154534614
0.37620058107
0.376248993731
0.3762934959
0.376332033265
0.376372763007
0.376422940296
0.3764656911
0.376511885077
0.376557545664
0.376594580721
0.376636177841
0.376677569861
0.376722037019
0.376762745745
0.376810103581
0.376853617896
0.376899456879
0.376946980486
0.376986296909
0.377027915161
0.377064355021
0.377100060408
0.377143882577
0.377189331425
0.377224592978
0.377269815941
0.377314608739
0.377353002072
0.377395765467
0.377447053736
0.37749117906
0.377533396878
0.377573205642
0.377614327816
0.377653797609
0.377686962186
0.377736712045
0.377777064888
0.377816717103
0.37786036166
0.377900100054
0.377937259934
0.377982744566
0.378019728696
0.378058322878
0.378096741973
0.378136403429
0.378177696405
0.378208124347
0.378246015501
0.378280627075
0.37831915567
0.37836109081
0.378406227541
0.378442931776
0.378477636892
0.378523050522
0.378563654845
0.37859843829
0.378644410323
0.378681075966
0.378718273779
0.378758381971
0.378796083527
0.378829727654
0.378875728441
0.378915776467
0.378956769827
0.378993721997
0.379028284702
0.379069479603
0.379105457209
0.379145563846
0.379175818924
0.379215768422
0.379255234927
0.379300017995
0.379337044537
0.379376356831
0.379411053761
0.379450571832
0.379500809544
0.379536358129
0.379580435064
0.379617998776
0.379650546696
0.37969353851
0.379734207806
0.379773319984
0.379820387214
0.37985485332
0.379894445425
0.379938876231
0.379973149601
0.380011709287
0.380053184573
0.380086931404
0.380126736213
0.38016466627
0.380194932205
0.380234267866
0.380269621274
0.380303729029
0.380343752618
0.38037900196
0.380411167208
0.380452366564
0.380486287216
0.380522130314
0.380562142148
0.380597819653
0.3806376537
0.380675058643
0.380714447208
0.380749162637
0.380786143151
0.380818627869
0.380862345847
0.380900159672
0.380933823722
0.380975955324
0.381015763456
0.381052112057
0.381086529823
0.381114379454
0.381151739291
0.381186463698
0.381222573096
0.381260894146
0.381302798526
0.381342617468
0.381378210925
0.381406407173
0.381438159717
0.381476894896
0.38151467328
0.381547756363
0.381578253989
0.381612083954
0.381647794118
0.381685732254
0.381721029989
0.381758686733
0.38179560103
0.38183021236
0.381872675992
0.38190369253
0.381944352893
0.381982015744
0.382019932576
0.38205509053
0.382082197519
0.382113317262
0.382142763726
0.382179680724
0.382213558693
0.382252892776
0.382288712131
0.382318939239
0.382354469435
0.382391161021
0.382431659028
0.382473598272
0.382508207528
0.38254648585
0.382569582469
0.382596470476
0.382633118917
0.382663675486
0.382698471888
0.382736162605
0.382771454453
0.382805880768
0.382841277744
0.382877028957
0.382912444673
0.38293998699
0.382973047646
0.38300906888
0.383043995738
0.383074533659
0.383103522545
0.383141199581
0.383182563808
0.383214386486
0.383241811213
0.383275211535
0.383306860307
0.38334234226
0.383382799455
0.383417850179
0.383446144867
0.383481910452
0.383513213881
0.383548221447
0.383579451322
0.383610877465
0.383637318475
0.383665314495
0.383695651229
0.383732419517
0.383765830128
0.383795528047
0.383835338267
0.38387024747
0.383903145974
0.383930485558
0.383967167386
0.383999594949
0.384025513341
0.384056639248
0.384091580435
0.384120634246
0.384151332701
0.384182106453
0.384213695724
0.384244999624
0.384275244311
0.384305971612
0.384340410863
0.384373350606
0.384402774761
0.384431632741
0.384463884326
0.384499400742
0.384535405402
0.384563743432
0.384598541821
0.384626890396
0.384658153689
0.384686446437
0.384718431757
0.384754387292
0.384781238722
0.384816136991
0.384843560047
0.384876885126
0.384909806722
0.384946214307
0.384978545478
0.385014408795
0.385043258643
0.385076599593
0.385113959968
0.385146344721
0.385169992114
0.385198618661
0.385226316354
0.385259630324
0.385292454882
0.385326563379
0.385356169344
0.385383370066
0.385418391019
0.385450940992
0.385482081929
0.385515508074
0.385546445836
0.385578662223
0.3856077107
0.385645193963
0.38567349521
0.385705726202
0.385731309443
0.385763662022
0.385797255039
0.38582777833
0.38585592431
0.385890305293
0.385923470635
0.385950688639
0.385979518863
0.386003481042
0.386037475631
0.386068734884
0.386099581814
0.386130584031
0.386163444353
0.386186674024
0.386214575934
0.386247962193
0.386284761563
0.386310625256
0.386344394199
0.38637496105
0.38640787601
0.386442492548
0.386473883798
0.386503702636
0.386533321678
0.386564685266
0.386596440434
0.386628162233
0.386654082306
0.386685779646
0.386719719085
0.386755685452
0.38678906838
0.386819700241
0.386857760263
0.386889913839
0.386922805741
0.386947710467
0.386974011564
0.387001684382
0.387023618864
0.387049120975
0.387075703924
0.387101580417
0.387132917964
0.387163429429
0.3871988907
0.387221064748
0.387249899003
0.387275831138
0.387301329172
0.387324299411
0.387357338057
0.387379478245
0.387408419266
0.38743749055
0.387464986607
0.387490634649
0.387520160541
0.387552002613
0.387581756189
0.387613791863
0.387638715509
0.387668207531
0.3876977299
0.38772011605
0.387743798729
0.3877724634
0.387801073551
0.387835760872
0.387867765231
0.387894939164
0.387923287809
0.387950307868
0.387974065395
0.388003051299
0.388033395601
0.388060820293
0.388087207145
0.388115102236
0.388145795599
0.38817262145
0.388205793521
0.388234594789
0.388260065205
0.388290779091
0.388319937136
0.38834943934
0.388379818246
0.388405541024
0.388434076869
0.388453941545
0.388479170247
0.388512037886
0.388539583555
0.38856868501
0.388597578017
0.388620663273
0.388643084339
0.388665198862
0.388689940384
0.388717394792
0.388745859691
0.388777981463
0.388807301755
0.388835075958
0.388860636182
0.388891387374
0.388919270479
0.388949639662
0.38897474717
0.389008240762
0.389034652625
0.389059071892
0.389087184965
0.389111698507
0.389138180357
0.389173391448
0.389200426094
0.389231516311
0.389259211302
0.389290203348
0.389311234434
0.389336252122
0.389367625456
0.389395911989
0.389423137316
0.389449607465
0.389470324839
0.389495808063
0.389518450511
0.389539231257
0.389567914464
0.389589860355
0.389611365544
0.389637978515
0.389666852671
0.389695582724
0.389716081477
0.389745471327
0.389769255502
0.389798183361
0.389828357738
0.389851899353
0.389873229975
0.389907555072
0.389935710623
0.389961460044
0.389994985169
0.390021404284
0.390052636293
0.390075835244
0.390097514527
0.390127889498
0.390153556134
0.390176350918
0.390208307315
0.39023584783
0.390257654938
0.390276251809
0.390308757691
0.390331107575
0.390361775937
0.390392822785
0.390415159553
0.39044008467
0.390471110715
0.390499575168
0.390529009439
0.390555370793
0.390577958667
0.390602226803
0.390620345412
0.390654542057
0.390675825271
0.390701427216
0.390728541994
0.390752727163
0.390776307902
0.390804702952
0.390828782168
0.390852508823
0.390878555263
0.390901781934
0.390929362534
0.390957091319
0.390980203384
0.391004758562
0.391030001879
0.391049134368
0.391071974892
0.391087565619
0.391115100115
0.39113127596
0.391155223899
0.391175780684
0.391198662347
0.391225813806
0.391242596651
0.39126350099
0.391285558881
0.391306736956
0.391329793055
0.391353931259
0.391379390995
0.391406001344
0.391431293906
0.391455591371
0.391477315072
0.391491210681
0.391518086826
0.391541248996
0.39156404201
0.391584063181
0.391610601526
0.391634593063
0.391659794536
0.391684237317
0.391708641313
0.391735773759
0.391758890039
0.391788161747
0.391808646615
0.391834079051
0.391856831427
0.391886156472
0.391912772061
0.391939631863
0.391961236633
0.391984393688
0.392005849848
0.392026573797
0.392045808029
0.392063819817
0.392089715758
0.392115274838
0.392141508929
0.392164862146
0.392187893112
0.392213986445
0.392240753762
0.3922601597
0.392285353441
0.392311346124
0.392330179543
0.392355027881
0.392380439516
0.39240483669
0.392426765032
0.392449882406
0.392472200908
0.392491871427
0.392511348754
0.392530635302
0.392553869721
0.392574167543
0.392597511556
0.392623939534
0.392643453437
0.39266650854
0.392689439811
0.392716800725
0.392738437233
0.392762299088
0.392782007054
0.392807826576
0.392832370862
0.392855441893
0.392876073971
0.392896914257
0.392915748482
0.392941547035
0.392965173765
0.39298587851
0.393002024618
0.393029303966
0.393053240975
0.39307854398
0.3931040319
0.393129896309
0.393155918695
0.393179260285
0.393199432453
0.393222562024
0.393245175716
0.393266584596
0.393284770519
0.393305261802
0.393336567674
0.393363720771
0.393385531286
0.393405641812
0.393426026138
0.393447726272
0.393466952448
0.393483385331
0.39350884693
0.39353059717
0.393552653401
0.393575571911
0.393598225413
0.39362161906
0.393643493259
0.393664896148
0.393686366942
0.393711718627
0.393728679236
0.393753533339
0.393778249347
0.393800866636
0.393823600694
0.393841583653
0.393867874518
0.393890136432
0.393911024671
0.393932444067
0.393959034292
0.393980732334
0.394005900199
0.394032418251
0.394052452296
0.39408060326
0.394106043693
0.394128267163
0.394156517867
0.394179439852
0.394196413724
0.394219567402
0.394243985112
0.394259302095
0.394283027191
0.394304660246
0.394319778789
0.394337890683
0.394356230263
0.394381693564
0.394402124445
0.394423724289
0.394446918015
0.394470703934
0.394490797121
0.394507181609
0.394530374791
0.394548162939
0.394569120909
0.394586167494
0.394610660948
0.394628411005
0.394648803811
0.394673089567
0.394696189611
