rafaelbeirigo@LTI-PROJETO-TM:~$ cd ql
rafaelbeirigo@LTI-PROJETO-TM:~/ql$ ./RL-PRQL.py experiments/82/PRQL/
Running experiment 1 of 100
pr:  486 ql:  1514
Running experiment 2 of 100
pr:  984 ql:  1016
Running experiment 3 of 100
pr:  1751 ql:  249
Running experiment 4 of 100
pr:  500 ql:  1500
Running experiment 5 of 100
pr:  860 ql:  1140
Running experiment 6 of 100
pr:  586 ql:  1414
Running experiment 7 of 100
pr:  655 ql:  1345
Running experiment 8 of 100
pr:  453 ql:  1547
Running experiment 9 of 100
pr:  595 ql:  1405
Running experiment 10 of 100
pr:  849 ql:  1151
Running experiment 11 of 100
pr:  538 ql:  1462
Running experiment 12 of 100
pr:  1661 ql:  339
Running experiment 13 of 100
pr:  477 ql:  1523
Running experiment 14 of 100
pr:  378 ql:  1622
Running experiment 15 of 100
pr:  729 ql:  1271
Running experiment 16 of 100
pr:  458 ql:  1542
Running experiment 17 of 100
pr:  535 ql:  1465
Running experiment 18 of 100
pr:  541 ql:  1459
Running experiment 19 of 100
pr:  408 ql:  1592
Running experiment 20 of 100
pr:  881 ql:  1119
Running experiment 21 of 100
pr:  790 ql:  1210
Running experiment 22 of 100
pr:  466 ql:  1534
Running experiment 23 of 100
pr:  458 ql:  1542
Running experiment 24 of 100
pr:  270 ql:  1730
Running experiment 25 of 100
pr:  644 ql:  1356
Running experiment 26 of 100
pr:  946 ql:  1054
Running experiment 27 of 100
pr:  1148 ql:  852
Running experiment 28 of 100
pr:  798 ql:  1202
Running experiment 29 of 100
pr:  665 ql:  1335
Running experiment 30 of 100
pr:  610 ql:  1390
Running experiment 31 of 100
pr:  516 ql:  1484
Running experiment 32 of 100
pr:  470 ql:  1530
Running experiment 33 of 100
pr:  822 ql:  1178
Running experiment 34 of 100
pr:  646 ql:  1354
Running experiment 35 of 100
pr:  1278 ql:  722
Running experiment 36 of 100
pr:  751 ql:  1249
Running experiment 37 of 100
pr:  427 ql:  1573
Running experiment 38 of 100
pr:  331 ql:  1669
Running experiment 39 of 100
pr:  498 ql:  1502
Running experiment 40 of 100
pr:  1674 ql:  326
Running experiment 41 of 100
pr:  504 ql:  1496
Running experiment 42 of 100
pr:  473 ql:  1527
Running experiment 43 of 100
pr:  467 ql:  1533
Running experiment 44 of 100
pr:  544 ql:  1456
Running experiment 45 of 100
pr:  1707 ql:  293
Running experiment 46 of 100
pr:  650 ql:  1350
Running experiment 47 of 100
pr:  546 ql:  1454
Running experiment 48 of 100
pr:  680 ql:  1320
Running experiment 49 of 100
pr:  741 ql:  1259
Running experiment 50 of 100
pr:  903 ql:  1097
Running experiment 51 of 100
pr:  427 ql:  1573
Running experiment 52 of 100
pr:  608 ql:  1392
Running experiment 53 of 100
pr:  754 ql:  1246
Running experiment 54 of 100
pr:  749 ql:  1251
Running experiment 55 of 100
pr:  444 ql:  1556
Running experiment 56 of 100
pr:  666 ql:  1334
Running experiment 57 of 100
pr:  826 ql:  1174
Running experiment 58 of 100
pr:  536 ql:  1464
Running experiment 59 of 100
pr:  790 ql:  1210
Running experiment 60 of 100
pr:  435 ql:  1565
Running experiment 61 of 100
pr:  654 ql:  1346
Running experiment 62 of 100
pr:  983 ql:  1017
Running experiment 63 of 100
pr:  982 ql:  1018
Running experiment 64 of 100
pr:  492 ql:  1508
Running experiment 65 of 100
pr:  574 ql:  1426
Running experiment 66 of 100
pr:  552 ql:  1448
Running experiment 67 of 100
pr:  411 ql:  1589
Running experiment 68 of 100
pr:  928 ql:  1072
Running experiment 69 of 100
pr:  871 ql:  1129
Running experiment 70 of 100
pr:  914 ql:  1086
Running experiment 71 of 100
pr:  1073 ql:  927
Running experiment 72 of 100
pr:  728 ql:  1272
Running experiment 73 of 100
pr:  531 ql:  1469
Running experiment 74 of 100
pr:  689 ql:  1311
Running experiment 75 of 100
pr:  612 ql:  1388
Running experiment 76 of 100
pr:  394 ql:  1606
Running experiment 77 of 100
pr:  776 ql:  1224
Running experiment 78 of 100
pr:  399 ql:  1601
Running experiment 79 of 100
pr:  726 ql:  1274
Running experiment 80 of 100
pr:  1226 ql:  774
Running experiment 81 of 100
pr:  691 ql:  1309
Running experiment 82 of 100
pr:  690 ql:  1310
Running experiment 83 of 100
pr:  453 ql:  1547
Running experiment 84 of 100
pr:  1169 ql:  831
Running experiment 85 of 100
pr:  508 ql:  1492
Running experiment 86 of 100
pr:  480 ql:  1520
Running experiment 87 of 100
pr:  609 ql:  1391
Running experiment 88 of 100
pr:  435 ql:  1565
Running experiment 89 of 100
pr:  1786 ql:  214
Running experiment 90 of 100
pr:  459 ql:  1541
Running experiment 91 of 100
pr:  556 ql:  1444
Running experiment 92 of 100
pr:  1032 ql:  968
Running experiment 93 of 100
pr:  395 ql:  1605
Running experiment 94 of 100
pr:  689 ql:  1311
Running experiment 95 of 100
pr:  504 ql:  1496
Running experiment 96 of 100
pr:  660 ql:  1340
Running experiment 97 of 100
pr:  824 ql:  1176
Running experiment 98 of 100
pr:  1163 ql:  837
Running experiment 99 of 100
pr:  753 ql:  1247
Running experiment 100 of 100
pr:  736 ql:  1264
rafaelbeirigo@LTI-PROJETO-TM:~/ql$ 