0.00682939967913
0.0118746692494
0.016807469756
0.0147476560517
0.0233618171388
0.0248867887812
0.022932965586
0.0214092570316
0.0222969678915
0.023249520186
0.0225662230223
0.0236412347764
0.0226825052013
0.0221977932632
0.0230077859626
0.0251536016135
0.0263694628427
0.0267925954186
0.0263288967431
0.0262208139537
0.0260253844223
0.0263094758119
0.0262524653692
0.0255501827542
0.0260014638616
0.0265059308434
0.0265381133122
0.0264047086388
0.027264248371
0.0269361184649
0.0264893178242
0.0266751707909
0.026209494492
0.0273331476486
0.0270387222879
0.0276207863987
0.0277921761082
0.0274392901888
0.0274995516172
0.0271682290319
0.0270904927606
0.0266933160689
0.0264249494988
0.0264160405021
0.0263572299253
0.0263620869101
0.0267088381691
0.0268592657291
0.0275055894036
0.0271944272706
0.0269719190771
0.0268555159839
0.0268192733032
0.026748555469
0.0266634604896
0.0267378728306
0.026455775037
0.0265852578846
0.0267999890986
0.026700620518
0.0268648456691
0.0266550210662
0.0265411794907
0.026492275457
0.0263208904432
0.0264057425586
0.0262272103794
0.0262122863783
0.0262448269762
0.0265708713474
0.0266665879275
0.0266912149381
0.0264937715316
0.0263880921353
0.0262191460114
0.0263130657103
0.0265815390076
0.0267448816775
0.0266661297842
0.0268045051084
0.0267081383255
0.0268629189759
0.0267017025727
0.0269332376261
0.0269208249358
0.0270109889804
0.0269986555145
0.0271727289717
0.02718550114
0.0272720630487
0.0274712463338
0.0277547307488
0.0277979726491
0.0278157428115
0.0276930044905
0.0280838872246
0.0280772855505
0.028148732226
0.0283418234597
0.0285986241581
0.0286193896901
0.0286717185159
0.0287528144704
0.0287335926488
0.0286442436029
0.0287322317706
0.0288076026922
0.0290137689938
0.0289755386947
0.0289177560325
0.0288863457761
0.0288042980488
0.0289583520853
0.0289050712202
0.0291041389365
0.0292037003835
0.0292350629811
0.0291958193411
0.0293284067242
0.0296575470309
0.029729789646
0.0296061166566
0.0296929076172
0.0298211531069
0.0300190688928
0.0300672526166
0.0301435127752
0.030086547169
0.0299854681904
0.0302413793201
0.0301997658186
0.0303231125411
0.0301884961972
0.030224788488
0.0302542542547
0.0302089150683
0.0302198095474
0.0301155921726
0.0303235679272
0.0303719259448
0.030384817077
0.0305939770195
0.0306302968214
0.0305082400453
0.0304116736022
0.0303887179536
0.030263696795
0.0304588862594
0.0305505310563
0.0307132722167
0.030694520348
0.0306668782832
0.0306088886106
0.0305283292245
0.0305464558297
0.0304704756749
0.0306063637617
0.0306439191041
0.030642859625
0.0305213954139
0.0307961622265
0.030848401252
0.0309297094103
0.0310369489144
0.0309983495133
0.0310775619488
0.0311578699259
0.0312126984819
0.0313491085778
0.0313912737057
0.0314019607016
0.0315730201278
0.0318816083601
0.0318268404138
0.0321324236098
0.0322214712277
0.0322660691
0.0322601018372
0.0322560680791
0.032288691504
0.0323437454515
0.0323746381704
0.0324356257811
0.0323489992367
0.0322864998786
0.0323332224685
0.0324991662453
0.0324595463732
0.0325068837314
0.0324825430538
0.032376764638
0.032528244514
0.0326172881279
0.0325987114103
0.0326708391338
0.0327803508989
0.0330592043185
0.0331060156607
0.033161778159
0.0332446003293
0.0332907570472
0.0333147990472
0.0333263809737
0.0335026876049
0.0334720964204
0.0335196914781
0.0335877354844
0.03360786299
0.0337090044849
0.0336675794606
0.0336191141083
0.0336662590375
0.0338008181237
0.0338402983218
0.0338251297398
0.0338095304958
0.0337670312415
0.0337015540069
0.0338701452604
0.0338675225574
0.0339889950064
0.0340542460605
0.0341029734998
0.0342238888931
0.0342416324552
0.0342217828054
0.0343399764679
0.0343693448906
0.0344556572165
0.0346965023222
0.034752151861
0.0347649340647
0.0348640657086
0.0348928273324
0.0348242976133
0.0349153708166
0.0349962054463
0.0350497942251
0.0351586155122
0.0352552024699
0.0352642858113
0.0353182521782
0.0353232857385
0.0353522320161
0.0353919085937
0.0354410206988
0.0354240496278
0.0354672907444
0.035486044837
0.0354923396715
0.0356302994952
0.0356293677961
0.0356708936176
0.0356602556704
0.0357447137995
0.0357971809875
0.0359708788345
0.0360325906914
0.0361012146776
0.0360958727058
0.0361498625546
0.0362326489667
0.0363586681116
0.036421557573
0.0365049348589
0.0365911111927
0.036535077484
0.0366380392393
0.0366934796744
0.0366978101066
0.0368545570126
0.03689681963
0.0370153715027
0.0370509276833
0.0371647734406
0.0372492291558
0.0372480001316
0.0372642893546
0.0373052416005
0.0373253832588
0.0375568190276
0.0376958517542
0.0378061458636
0.0378527133452
0.0379331252402
0.0380845632829
0.0381329066449
0.0381612885312
0.0382904014564
0.0383725408974
0.038364659845
0.0383805551894
0.0384154073361
0.0385981232622
0.0387750432657
0.0388066009016
0.03892600593
0.0390396857267
0.0390527207289
0.0390890532965
0.0391360211763
0.0392339983527
0.0393257893275
0.0393546539659
0.039415121146
0.0395894693514
0.0396346556941
0.0396000315887
0.0398299648294
0.0398932951127
0.0399562175188
0.0399957446273
0.0400270498068
0.0400950300273
0.0401272174706
0.0401260700046
0.0401328497746
0.0401946756459
0.0402660653099
0.0402526006999
0.0404245233414
0.0404888474758
0.0405642627722
0.0406232705515
0.0406715178094
0.0407477704278
0.0408297563464
0.0409183927349
0.0409365402094
0.0409383535825
0.0410054607214
0.0410265403766
0.0410867372082
0.0410632673678
0.0411642352638
0.0411525586134
0.0412216720273
0.0412630645809
0.0413428695364
0.0414107798509
0.0414940186041
0.0415348635585
0.0415992316657
0.041641766308
0.0417182962234
0.0417745173116
0.0418824788157
0.0419244624244
0.0420917453196
0.0421309876697
0.0421340824037
0.042198099815
0.042232744824
0.0423675065621
0.0424105778736
0.042445651743
0.0425122081044
0.0425991119029
0.0427006683426
0.042735789096
0.0427590528824
0.0428059501486
0.0428434796016
0.0429375477377
0.0429268871802
0.043033697035
0.0430900719627
0.0431144722891
0.043126729211
0.0431373070059
0.0432264516084
0.043320515643
0.0433713232103
0.0434604673494
0.0436083468279
0.0436943711838
0.0437912170436
0.0438826321011
0.0439050385252
0.0440138664557
0.0441565789303
0.0442418193565
0.0443582404325
0.0443838970256
0.0444500457475
0.0445142181937
0.0446239469821
0.0447003346704
0.0447677192461
0.0447932224965
0.0449002145803
0.0449915455792
0.0450121387549
0.0451011457436
0.0452291989408
0.0452861050358
0.0453545291565
0.0454226664624
0.0455374360228
0.0455449741051
0.0456035751163
0.0457094185366
0.0458579955003
0.0459398902252
0.046078603345
0.0461294156231
0.046197871338
0.0463656032361
0.0464904478246
0.0465435155838
0.0465896528181
0.0466580765117
0.0466870343858
0.0467149695751
0.0468204362525
0.0469712423729
0.0470780079519
0.0471843774932
0.0472772774212
0.0473345811125
0.0474235962548
0.0474772362274
0.0475255464328
0.0475583138703
0.0476452118898
0.0477179370392
0.0477725063825
0.0478961570627
0.0480108329855
0.0481483533458
0.0482785352085
0.0483467970883
0.0484463865816
0.0485834262729
0.0486470242801
0.0487386254135
0.0487816538562
0.0487933017031
0.0488796768257
0.04891211035
0.0489826464344
0.0490155052923
0.0491148067108
0.0492119024256
0.0493162208519
0.0493434256758
0.049353000493
0.049357619447
0.0493844893301
0.0494647431712
0.0495211557948
0.0496038475214
0.0496774133345
0.0498131596533
0.0499072724076
0.0499546724028
0.0499613152451
0.0500029542564
0.0501363562836
0.0502394028562
0.0503126007466
0.0503810992017
0.0504210320036
0.0505343567453
0.050636160965
0.050708204547
0.0508020000862
0.0509444806457
0.0510441151225
0.0510918061584
0.0511720944884
0.0512050359182
0.0512373243479
0.0513230252311
0.0514038301973
0.0514981614743
0.0515129946858
0.0515304967335
0.0515876300137
0.0516485507708
0.0517229318265
0.0518009164746
0.0518751751963
0.0519637475183
0.0519905355394
0.0520438360345
0.0521032196443
0.0521978998863
0.0522621341408
0.0523713558969
0.0524708723588
0.0524911645482
0.0525748281096
0.0526521804885
0.0527147567156
0.0527665669338
0.0528781424036
0.0529938146698
0.0530453990389
0.053068527932
0.0531481079771
0.0531630171189
0.0532641235734
0.0533448258104
0.0533994322374
0.0534826921631
0.0535761247784
0.0537176550813
0.0537949200555
0.0539273778576
0.0539719438688
0.0540091875165
0.054038687101
0.0541621317792
0.0542521636874
0.0543157329362
0.0543847213977
0.054362389261
0.0544310345292
0.0544972408451
0.0545669983407
0.0546541833828
0.0546456373903
0.0547230660612
0.0548223800208
0.0549033592777
0.0549812485952
0.0550556225524
0.0552077963958
0.0552866393248
0.055344506311
0.055386277256
0.0555214927641
0.0556381262265
0.0557296442949
0.0557705327273
0.055822286706
0.0558934493582
0.0559652205455
0.0560373072279
0.0561223252031
0.0562018424614
0.0562693758816
0.056358302996
0.0564180547819
0.0564946295354
0.0565587128794
0.0566735480913
0.0567323906133
0.0568064396131
0.056881391964
0.0569917657105
0.0570850897334
0.0571250404357
0.057263777737
0.0573647118201
0.0574508571494
0.057517161997
0.0575617096428
0.057600352609
0.0576643135275
0.0577174130112
0.0578155545199
0.0579119034296
0.057919753994
0.0579974786956
0.0580748510019
0.0581600725263
0.0582529955448
0.0582747311144
0.0583912309833
0.0584613235551
0.058511398521
0.0585355538236
0.0586790463906
0.0587296077537
0.0588568030722
0.0589650824293
0.0589949962777
0.0590653343522
0.0591092679857
0.0592060387131
0.0592472683181
0.0592753265597
0.059361319681
0.0594563295075
0.0595362799838
0.0596167824319
0.0596864917142
0.0597609589723
0.0598781751467
0.0599508718943
0.060003734021
0.0600450463203
0.0601561251899
0.0602008703441
0.0602500494945
0.0603244999295
0.0604153839805
0.0604663199315
0.0605404756461
0.0605979728962
0.0606868985547
0.0607143445584
0.0607831748705
0.0608639004257
0.0609409784373
0.060997860823
0.0610693721965
0.0611402821947
0.0611937626643
0.0612529665309
0.0613153659778
0.061381911942
0.0614611470709
0.0615298408284
0.0615591228358
0.0616457339303
0.0617061776992
0.0617563426673
0.0618299458417
0.0618593702713
0.0619355693697
0.0620398928607
0.062135652442
0.0622333476182
0.0623445427165
0.0624001031026
0.0624202003992
0.0624758782685
0.0626153967567
0.0627224969746
0.062762502789
0.0628284979582
0.062885196312
0.0629433544817
0.0630209986093
0.0630701107355
0.0631602362539
0.0632232934815
0.0632902018194
0.0633825283386
0.0634440084796
0.0635028545863
0.0635569137932
0.0636170219683
0.0637273262052
0.0637836750439
0.0639061678608
0.0639921984692
0.0640713307682
0.06412471741
0.0642132321874
0.0643197138425
0.0643698247381
0.0644775489861
0.0645384065209
0.0646022100546
0.0646966366735
0.06478486714
0.0648757746081
0.0649501819292
0.0650239472629
0.0650937062984
0.0651815626756
0.0652554676471
0.065315378567
0.0653698015208
0.0654280937872
0.0655356154379
0.0656325633675
0.0657042340095
0.0658236725035
0.0659180216336
0.0659894191521
0.0660675505139
0.0661130243167
0.0661807096216
0.0662490434387
0.0662940429053
0.0663534686808
0.0664139452851
0.06647801113
0.0665802164503
0.0666251730079
0.0667265416176
0.0667940412484
0.0668436634432
0.0669221572653
0.0670417690251
0.0671258269782
0.0671684321079
0.0672256410165
0.0672576162878
0.067393950859
0.0674175239974
0.0674976670766
0.0675122775273
0.0675456103968
0.0675857554758
0.0676318712139
0.0676867249112
0.067782500769
0.0678338128014
0.0679032089993
0.0679446691125
0.068028501811
0.0681170899294
0.0682136839146
0.0682956388711
0.0684068956026
0.0684720395529
0.0685516888757
0.0685904048643
0.0686441770048
0.0687002561265
0.0687371788981
0.0687814884156
0.0688376170042
0.0689235690804
0.0689648571563
0.0689967094789
0.0690882004457
0.0691146808051
0.0691547812192
0.0691916088924
0.0692649464159
0.0693314555219
0.0693777009264
0.0694770828153
0.0695121477537
0.06954951892
0.0696457582479
0.0697309962358
0.0697969989941
0.0698578277771
0.0699166878189
0.0699657902717
0.0700224440612
0.0700753454575
0.0701745890318
0.0702054107332
0.0702714519139
0.0703362953814
0.0704063473694
0.0705086529834
0.0705906391451
0.0706864723334
0.0707522630981
0.0708016283786
0.0708616267167
0.070946381152
0.0710193130785
0.071112315082
0.0711801976572
0.07125311022
0.0713413970832
0.0714173836016
0.0714720082323
0.0714987267999
0.0715387328823
0.0716023391738
0.0717058977377
0.0717465756373
0.071808029033
0.0718497063253
0.0719023609865
0.0719816495162
0.0720288112725
0.0720811932426
0.0721237010013
0.0721973579696
0.0722925804369
0.072394646306
0.0724319020388
0.0725070802756
0.072566190627
0.0726476350035
0.0727555862459
0.0728209538913
0.0728664795544
0.072952939135
0.0730007481506
0.0730557414524
0.0731002974834
0.0731879498948
0.0732251535201
0.0732985679679
0.0734025435831
0.0735170125687
0.0735706773668
0.0736491233528
0.0737407346571
0.0738207550499
0.0738412165856
0.0739066076176
0.0739738656538
0.0740448443241
0.0741156379976
0.0741788597628
0.0742627981237
0.0743363418826
0.0743755347027
0.0744361353343
0.0744862174472
0.0745310623793
0.0745803148575
0.0746702608351
0.0747492783334
0.0747773592132
0.0748230623583
0.0748549269952
0.0749423767058
0.0750203210629
0.0750664461402
0.0751336630127
0.0752122865673
0.0752908796977
0.0753225589781
0.0753891874192
0.0754822828621
0.0755682590377
0.0756144944271
0.075672485722
0.0757360257985
0.0757819525104
0.0759072989931
0.0759864701444
0.0760242102197
0.0760876059099
0.0761528272089
0.0762411145866
0.0762668196218
0.0763226870583
0.0763538782219
0.0764453527936
0.0765423738792
0.0766275172347
0.0767168577529
0.0767826872993
0.0768076932747
0.0768757549023
0.0769188270051
0.0769716667391
0.0770439289207
0.077062281733
0.0771529033964
0.0772231060606
0.0773281417436
0.0773698691752
0.0774337104439
0.0774951107362
0.0775933318967
0.0776693537469
0.077722540428
0.0777920985185
0.0778349565117
0.0778996030333
0.0779724930802
0.0780555908575
0.0781349911689
0.0781946607367
0.0782818017708
0.0783170733566
0.0783870794062
0.0784703141578
0.0785331986266
0.0786224199596
0.0786896434153
0.0787615312544
0.0788369578876
0.0789110311462
0.0789657194121
0.0790279510236
0.079067475574
0.0791258581177
0.0791829628594
0.0792791231821
0.0793412797635
0.0794117642554
0.0795056651056
0.0795356777447
0.0795827222033
0.0796672195314
0.0797592701435
0.0798168770935
0.0798745528095
0.0799205611823
0.0799892066845
0.0800560408593
0.0801495172858
0.080220414728
0.0802684328244
0.0803365516913
0.0804374725877
0.0805097896813
0.0805592211739
0.0806128420259
0.0806690539646
0.0807217964829
0.0807593391727
0.0808369737123
0.0809152473882
0.0809847509222
0.0810381782684
0.0810982825694
0.0812034303145
0.0812282948614
0.0813278321176
0.0813832900407
0.0814573997662
0.081552229693
0.0816087271421
0.0816688285449
0.0817103615284
0.0817645194002
0.0818391849726
0.0819047828035
0.0819905146809
0.0820567910047
0.0821451471692
0.0821958836836
0.082279328279
0.0823415622398
0.0824360214616
0.082489959114
0.082540510799
0.0825754025394
0.0826552051093
0.082715876864
0.0827911692622
0.0828612132224
0.0829331550508
0.082990573278
0.083063361639
0.0831791178934
0.083237322407
0.0832939545304
0.0833414247368
0.0834071677536
0.0834702444732
0.0835351203842
0.0836462941146
0.0837425644408
0.0838266320589
0.0839016631415
0.0839520227116
0.0840627472815
0.0841233667137
0.0842122441122
0.0842815733234
0.0843935281977
0.0844528567459
0.0845298264027
0.0846235751117
0.0847088588601
0.0847915514511
0.0848411602939
0.084891810919
0.0849770236898
0.0850252036781
0.0850995592895
0.0852048301401
0.0853116671934
0.0854237787602
0.0855023734762
0.0855732922972
0.0856177627404
0.0856912947174
0.0857756825447
0.0858243778782
0.0859031201727
0.0859695150514
0.0860053164379
0.0860628203615
0.0860953986206
0.0861893111431
0.0862629132669
0.0863552692258
0.0864329414711
0.0865069467002
0.0865877008276
0.0866485090726
0.08670135619
0.0867805271233
0.0868505325101
0.0869154283582
0.0869629548779
0.0870553664489
0.0871048301716
0.0872176879682
0.0872874449738
0.0873838537285
0.0874875302773
0.0875694963749
0.0876380346681
0.0877113343032
0.0877778424923
0.0878145434104
0.0879151583922
0.0879795167224
0.0880597684465
0.0881279935292
0.0882076464586
0.0882996163826
0.0883707126652
0.0884357310977
0.0885077517682
0.0886125669088
0.0886993955549
0.0887616937831
0.0888613159518
0.0889357436801
0.0889841549659
0.0890524920887
0.089116713975
0.0891658888216
0.0892035913471
0.0892753838837
0.0893442617261
0.0893963791044
0.089459152496
0.0895255921766
0.0895706655976
0.0896355283073
0.0896924875453
0.0897358577044
0.0897972874803
0.0898806492336
0.0899655119244
0.0900401723431
0.090099603735
0.0901857019766
0.0902739044639
0.0903744370682
0.0904509474778
0.0904974112728
0.0905579991691
0.0906426506295
0.0907299822979
0.0908121894374
0.0908871580196
0.0909504461296
0.0910300456024
0.091090144597
0.0911589650803
0.0912634660805
0.0913278256733
0.0914311574224
0.0914736956827
0.091560119819
0.091652108279
0.091708805979
0.0917633545503
0.0918247314371
0.0919031362317
0.0919743115868
0.0920348257879
0.0921210789602
0.0921984969501
0.0922960716346
0.0923749342723
0.0924453467663
0.0925639389904
0.0926465812817
0.0927198285038
0.0927931322172
0.0928828588812
0.0929343805704
0.0929985750054
0.0930506147786
0.0931352615314
0.0932118895327
0.0932571714843
0.0933405739867
0.0934172728869
0.0934794433614
0.0935896548892
0.0936809897172
0.0937676952132
0.0938389988778
0.093938153747
0.0940024324962
0.094091463873
0.0941395571702
0.0942201411768
0.0942616817214
0.0943543837828
0.0944498937636
0.0945360425806
0.094591062898
0.0946893536521
0.0947672712131
0.0948472165793
0.0949128462777
0.0949859647659
0.0950371012086
0.0951494320767
0.0952218841646
0.0952752557689
0.0953347603439
0.0954213521713
0.0954930085607
0.0955626389213
0.095625365128
0.0956920381513
0.0957662828671
0.095854954895
0.0959315903423
0.0960084612861
0.0961056344229
0.0962003540797
0.0962859391482
0.0963731657847
0.0964530048456
0.0965140470446
0.0966021447775
0.0967002636304
0.0967914775541
0.0968781398444
0.0969702627112
0.0970252525724
0.0970928411387
0.0971779807987
0.0972685143006
0.0973547173532
0.0974372704986
0.0975145312618
0.0975772069187
0.0976929479262
0.0977753401477
0.0978561507778
0.097942723939
0.098001204082
0.0980758814074
0.0981574375866
0.0982439820936
0.0983027614102
0.0983603122244
0.0984429892769
0.0985246497712
0.0986017436748
0.0986797209189
0.0987557036107
0.0988456310384
0.0989211934865
0.0989899805148
0.0990735324853
0.0991415627309
0.0991868205194
0.0992755680858
0.0993452572895
0.0994212070556
0.0994901427829
0.0995510034549
0.0996112081317
0.0997113989775
0.0997876234525
0.0998496776527
0.0999532983577
0.100042087667
0.100107460208
0.100207195949
0.100296496384
0.1003964638
0.100459888422
0.100565665169
0.100644377705
0.10076686913
0.100864954276
0.10097104343
0.101089712694
0.101182399401
0.101288722477
0.101377029095
0.101452513536
0.101565670277
0.101632887297
0.101734798525
0.101842239565
0.101933957935
0.102007656793
0.102129117769
0.1022278265
0.102325712971
0.102399935257
0.102469335344
0.102582989508
0.102682465966
0.102791173346
0.102865114569
0.102953022664
0.103006969542
0.103105325595
0.103176992695
0.103270736412
0.103335267797
0.103407966497
0.103494150517
0.103556322365
0.103664259821
0.103765597788
0.103871716101
0.103948503936
0.104021234709
0.104099279638
0.104203456949
0.104275329377
0.104358626203
0.104450585202
0.104555101745
0.104654701576
0.104729070769
0.10484592269
0.104931017246
0.105028640331
0.105112301261
0.105192781433
0.105311202608
0.105387864089
0.105469122309
0.105591770203
0.105697124198
0.105817707996
0.105917648483
0.106008386792
0.106092397994
0.106199343125
0.106286569805
0.106413062606
0.106499804826
0.106589673499
0.106667973076
0.106754263244
0.106878472231
0.106975070109
0.107046290599
0.107134047203
0.107225966242
0.10733214437
0.107434297191
0.107534911355
0.107611892708
0.107718089918
0.107818221886
0.107934443368
0.10801862861
0.10813015023
0.10827663476
0.108381144922
0.108456960558
0.10854839481
0.108632321824
0.10872793614
0.108856084082
0.108934270149
0.109036163797
0.10911162514
0.109199341185
0.109317491761
0.109415993966
0.109488244816
0.109585564626
0.109694181088
0.109800151876
0.10988536139
0.110001885666
0.11009028893
0.1101763404
0.110275052586
0.110356781146
0.110441912141
0.110547930606
0.110645020779
0.11074861698
0.110832073837
0.110919132625
0.111051613356
0.111160741304
0.11127249963
0.111382209605
0.111490649407
0.111590986357
0.111683604264
0.111793537435
0.111892298954
0.112009982959
0.112112540046
0.112224709622
0.112317300858
0.112402791834
0.112526555562
0.112613852522
0.112710677213
0.112811526265
0.112917620961
0.113019823997
0.113091300514
0.113200701859
0.113314313021
0.113410645732
0.113507961285
0.113603899394
0.113709210782
0.113826433976
0.113930307244
0.114014549927
0.114106615968
0.114201683427
0.114307956308
0.11442242331
0.114540956495
0.114632434079
0.114739291961
0.114854400341
0.11494531108
0.11505608024
0.11520615405
0.115324624607
0.115412208199
0.115517777089
0.115624341937
0.115753486245
0.115874765481
0.116005437524
0.11608935842
0.116206046164
0.116297705342
0.116400921688
0.116493283579
0.116598785246
0.116712741746
0.116806033664
0.116931199123
0.11706419341
0.117192725855
0.117300509165
0.117427528299
0.117525280637
0.117612202089
0.11769724148
0.117798589326
0.117889711229
0.117995887119
0.118113493384
0.118228426085
0.118331207063
0.118434189794
0.118539762034
0.118672500097
0.118790916345
0.118902724045
0.119012340862
0.119130451612
0.119228446547
0.119357572891
0.119475075507
0.119611032483
0.119712497537
0.11982223082
0.119952309178
0.120050180917
0.120158015191
0.120237832705
0.120336370819
0.120437313831
0.120535806977
0.1206393455
0.120745453772
0.120861951859
0.120982254028
0.121081927774
0.12118770877
0.121324698124
0.121430519938
0.12154868554
0.121659960674
0.121766395277
0.12186075027
0.122009057589
0.122112271977
0.122211813722
0.122316500858
0.122439807463
0.12255182526
0.122671333237
0.12277495628
0.122875061985
0.122988348257
0.123116483844
0.123231879063
0.123334937162
0.123446019197
0.123577850417
0.123683789539
0.123795345461
0.123938063712
0.12404699386
0.124152302921
0.124276030687
0.124397220146
0.124527326712
0.124637684047
0.124736176359
0.124872375045
0.124979235515
0.125116185546
0.125208317498
0.125336839589
0.125444410264
0.125570984457
0.125682240619
0.125787199702
0.125890157635
0.126027636152
0.126140402756
0.126273588676
0.126387661615
0.126494909316
0.126599238092
0.126735383744
0.126834973684
0.126929231672
0.127031109248
0.127146608297
0.127274018416
0.127375371836
0.127519232266
0.127631660654
0.127757777167
0.127876507499
0.127975826201
0.128074914894
0.12817260493
0.128288995128
0.128395346242
0.128501293736
0.128619057208
0.128712783696
0.12883363214
0.128973748679
0.129068047994
0.129190149401
0.129297187549
0.129437844138
0.129550144433
0.12966682685
0.12977386246
0.12988269168
0.130002007521
0.130146925915
0.130255731711
0.130386140877
0.130486619519
0.130587144879
0.130724960249
0.130838624097
0.130977674835
0.131067775005
0.13119874342
0.13130872965
0.13143258579
0.131544523009
0.131663950672
0.131753309652
0.131868774305
0.13197577345
0.132097795858
0.13221304709
0.13231981791
0.132406181691
0.132509688264
0.132613742742
0.132731407186
0.132862988413
0.132966531733
0.133076036501
0.133187044226
0.133278925119
0.133410115409
0.133520296371
0.133637883936
0.133745387525
0.133873911703
0.133984624692
0.134083287546
0.13419189536
0.134312521154
0.134453915978
0.134552152589
0.134643312808
0.134750690752
0.134862574161
0.134986608131
0.135102025391
0.135194153058
0.135310231718
0.135436872364
0.135548545755
0.13565077734
0.135769627174
0.13589289832
0.135999348117
0.136102603689
0.136205584832
0.136310058623
0.1364269521
0.136525407795
0.136628122808
0.136754963463
0.13688312801
0.137010880011
0.137120284298
0.137222487242
0.13733222493
0.137461886725
0.137573917712
0.137695218612
0.137814783597
0.137938568832
0.138066809022
0.138187750573
0.138310280999
0.138415547333
0.138549953663
0.138661036745
0.138778844441
0.138885886095
0.139019102385
0.139148754556
0.139269311121
0.139379232439
0.139501794145
0.139613481517
0.139755859283
0.139870138585
0.139991402978
0.140125406261
0.140249583755
0.140362906874
0.140472047645
0.140565897981
0.140695303514
0.140849051561
0.140946367568
0.141061068932
0.141200025668
0.141332435362
0.141444426187
0.141527130769
0.141687267745
0.141809347798
0.141920979364
0.142042575707
0.142155528424
0.142281332496
0.142420344677
0.142557830811
0.142663918215
0.142778268142
0.142906529534
0.143023116556
0.143155611606
0.143252944472
0.143375859006
0.143485783754
0.143610159817
0.143709579788
0.143817559919
0.143936704583
0.144054852122
0.144169803512
0.14428994548
0.144405999074
0.144519608366
0.144620770862
0.144737887083
0.144852072764
0.144949837468
0.145080962658
0.145187849535
0.145308650543
0.145427833927
0.145540174454
0.145648588917
0.145788722556
0.145896996977
0.145997234042
0.146097958094
0.146234997449
0.146368625896
0.146476538964
0.146599654331
0.146720122285
0.146829789359
0.146957696713
0.147087076267
0.147216938109
0.147343867452
0.147449916465
0.147557138258
0.147682518636
0.147803597355
0.147948690792
0.148071089261
0.148210330753
0.148331360366
0.148451767836
0.148579015084
0.148666002863
0.148800746034
0.148924748273
0.149053151527
0.149172840438
0.149288079345
0.14940377937
0.149506947817
0.14963211484
0.149750082572
0.149851038025
0.149970664394
0.150113239748
0.150233355146
0.150352985762
0.150476554864
0.150593618478
0.150711502807
0.150834375209
0.150944651048
0.151062866023
0.151187374755
0.151285234534
0.15139004214
0.151487949988
0.151593824175
0.151709739934
0.151815658779
0.1519243076
0.152058696133
0.15218549584
0.15229475799
0.152436423811
0.152555118986
0.152669183185
0.152804239626
0.152912570639
0.153041341871
0.153178108804
0.153295349564
0.153423613674
0.153555202888
0.15369131588
0.153819592892
0.153933469982
0.154066216025
0.154190620082
0.154312061348
0.154424939743
0.154519145886
0.154631297435
0.154744173641
0.154866278034
0.154984209961
0.15509285408
0.155202330584
0.155304936728
0.155439585051
0.155574735847
0.155686572809
0.1558063862
0.155941933694
0.156068031873
0.15618763838
0.156310909686
0.156424508866
0.156550350425
0.156680049111
0.156807825555
0.156915056756
0.157013469871
0.157123426903
0.157242208429
0.157346110882
0.157485275592
0.157616732228
0.157740822954
0.157861199573
0.158001453737
0.158143524663
0.158260695813
0.158364578328
0.158486949736
0.158591232991
0.158723792474
0.158832232933
0.158940076172
0.159059421573
0.159182301645
0.159286070301
0.159415514033
0.159537022167
0.159675614288
0.15979107536
0.159916464776
0.160052061966
0.160172305014
0.160309105328
0.160450919015
0.160578258097
0.1607066439
0.160831901477
0.160935463584
0.161037230682
0.16115575159
0.161259909332
0.161377424161
0.161481988865
0.161581964708
0.161705158395
0.16181909396
0.161954418446
0.162065274562
0.162191574087
0.162308032173
0.162421807849
0.162540579435
0.162653033774
0.162775397262
0.162890089634
0.163009213822
0.16313184831
0.163254381173
0.163365554085
0.163499874175
0.163642286226
0.163783410182
0.163908853559
0.164043322214
0.16416196226
0.164267373832
0.164376980139
0.164485123418
0.164602018429
0.164728655748
0.164836100167
0.164955978081
0.165072679526
0.165185576653
0.165293845796
0.165412645268
0.165515736569
0.165634611248
0.165758391252
0.16587431201
0.165989658628
0.166116615176
0.166240565324
0.166351067335
0.166481871064
0.166575219009
0.166694456341
0.166819786088
0.166914600795
0.167033569012
0.167162645964
0.167264256809
0.167368397793
0.167500312832
0.16761283863
0.167733528597
0.167848477599
0.167953229439
0.168049904219
0.168159679559
0.168295879394
0.168388934955
0.168516660935
0.168640796254
0.168755871774
0.168875639421
0.168992132348
0.169121252183
0.169267578679
0.169392511227
0.169505724239
0.169631156502
0.169746475059
0.169878363773
0.169988715706
0.170124149034
0.170238574451
0.170341294457
0.170473006727
0.170583081116
0.170694452094
0.170812123944
0.1709339919
0.171057507798
0.171204317409
0.171325723497
0.171450080635
0.171554869344
0.171678083623
0.171800842116
0.171928465501
0.172053739701
0.172175363798
0.172294605818
0.172421569887
0.172544376675
0.172675665404
0.172793452786
0.172899892607
0.17301224999
0.173123021029
0.173230588364
0.173332518397
0.173447234166
0.173559058273
0.173676223315
0.173804692772
0.173931686094
0.174040696667
0.174167644247
0.17428283119
0.174401310457
0.174518766767
0.174640778082
0.17475086006
0.174888105744
0.175015428507
0.175136244569
0.175244090285
0.17537461122
0.175500718859
0.175625893138
0.175741037662
0.175867506508
0.175973426783
0.176098614667
0.176223228893
0.176341498127
0.176458212644
0.176584901947
0.176710629665
0.176822191169
0.176957644295
0.177087680156
0.177193878428
0.177305191973
0.17741502688
0.177529715711
0.177655055759
0.177778849568
0.177905004642
0.178036971668
0.178157867714
0.178288732936
0.17841047434
0.178525952879
0.178641845469
0.178751873985
0.178871092885
0.178995183221
0.179119959718
0.17924116692
0.179351109731
0.179458656744
0.179564845804
0.179677026035
0.179803460372
0.179913517339
0.180023774146
0.180127236867
0.180256368448
0.180386188474
0.180506995759
0.180614869172
0.180727583177
0.180860093451
0.180964318985
0.18108398843
0.181215785396
0.181333567492
0.181445987133
0.18155788459
0.181687602507
0.181805720348
0.181924026223
0.182048328724
0.182165459367
0.18228870742
0.182403724623
0.1825237491
0.182636817323
0.182762269403
0.182861405447
0.182981652774
0.183079412073
0.183201393256
0.183311230057
0.183443853033
0.183553851837
0.183658443343
0.183772974126
0.183898679315
0.18402163964
0.184142250022
0.184272691982
0.18438239245
0.184500972444
0.184609503615
0.184735920117
0.184854364826
0.184962739322
0.185076630324
0.185194867599
0.185302723303
0.185427060878
0.185541164781
0.185645177329
0.185740325971
0.185857727594
0.185965476757
0.186078451918
0.186182266082
0.186309429991
0.186411296187
0.186539248902
0.186670646944
0.186791440814
0.186890251033
0.187015698724
0.187126381807
0.18723439778
0.187342874184
0.187472607028
0.187581552345
0.187695045456
0.187818962967
0.187935629011
0.188055304934
0.188176495635
0.188279178936
0.188393599709
0.188516138999
0.188641523595
0.18875239418
0.188868810686
0.188976409044
0.189078021689
0.18918846703
0.189312335533
0.18943381364
0.189543247961
0.189653827916
0.189759581099
0.189850518223
0.189990057659
0.190101462856
0.190208076675
0.190310064337
0.190429023584
0.190551700768
0.19068589568
0.190809111593
0.190932637225
0.191040682042
0.191160171151
0.191271615998
0.191382439595
0.191502671495
0.191626710303
0.191737106543
0.191845041727
0.191971283152
0.192112929463
0.192226093474
0.192354062426
0.192478944284
0.192602902147
0.192730181043
0.192847538178
0.192980085137
0.193102840827
0.193203279065
0.193313962506
0.193422267509
0.193538481946
0.193666450754
0.193787038771
0.193910791039
0.194023556453
0.194132550461
0.194236300687
0.194338682157
0.194454553628
0.194568512968
0.19468358635
0.194791544024
