
row1col1
West 0.0
East 1.79761351285e-06
North 0.0
South 0.0

row1col2
West 0.0
East 1.37011496918e-07
North 2.62149266999e-07
South 0.00119861650231

row1col3
West 0.0
East 0.0
North 0.0
South 0.000160690419632

row1col4
West 0.0
East 0.0
North 0.000628196444574
South 0.00907469504696

row1col5
West 0.0
East 3.72526025803e-10
North 0.00281953942682
South 0.0577828896935

row1col7
West 4.05229578677e-13
East 8.53114902478e-12
North 3.11410353449e-06
South 0.00178710592369

row1col8
West 1.30719098926e-05
East 0.0345975235475
North 2.12815579835e-11
South 0.00146612457437

row1col9
West 0.000355517634762
East 1.30786437723e-12
North 0.0592313918127
South 0.298997424781

row1col10
West 0.0
East 3.80296374432e-14
North 0.00628810363884
South 0.0628923204852

row1col11
West 0.00472488620392
East 3.80296374432e-14
North 1.08479540807e-13
South 0.0

row1col13
West 0.00379205593101
East 0.00519143515134
North 0.0125379993276
South 0.301178021944

row1col14
West 5.35859375e-06
East 5.35859375e-06
North 0.0604326075879
South 0.548044710546

row1col15
West 0.0230679578495
East 0.0
North 0.00463125
South 0.0975

row1col16
West 0.0
East 0.0
North 0.0255030449848
South 0.429750576145

row1col18
West 0.00130771503403
East 8.44903536902e-06
North 0.114486213125
South 0.462203569754

row1col19
West 0.168829672035
East 0.000429060442088
North 0.00411216340202
South 0.000643699778053

row1col20
West 0.0380456609703
East 1.15535369194e-05
North 1.55611805181e-06
South 0.00158873673473

row1col21
West 0.0018933888126
East 2.04287602883e-08
North 2.59125705385e-08
South 2.09862232186e-06

row1col22
West 2.41764173537e-05
East 2.1687488236e-08
North 4.95507104355e-09
South 1.52597464526e-07

row2col1
West 0.0
East 0.000585618828896
North 0.0
South 7.2228613389e-18

row2col2
West 3.37570310162e-07
East 0.0
North 1.50556930966e-05
South 0.0129194942758

row2col3
West 0.000588337592289
East 0.00752132028499
North 0.0
South 1.58754632828e-12

row2col4
West 0.000281868136243
East 0.0
North 0.000652559589215
South 0.0624360743952

row2col5
West 0.000823410284194
East 0.00216370947621
North 0.00636809367741
South 0.212035790257

row2col7
West 5.21032746854e-11
East 0.000861704448123
North 0.000114941940588
South 0.0160343834884

row2col8
West 1.86781610189e-07
East 0.164774657454
North 5.73646227528e-12
South 2.31206525998e-09

row2col9
West 0.00357186923154
East 0.000735532076142
North 0.105562876268
South 0.539826630008

row2col10
West 0.277904382745
East 0.00744528416417
North 5.4732067004e-13
South 0.0117060224493

row2col11
West 0.074047521814
East 0.0031736055335
North 1.45235337061e-13
South 5.07885703829e-16

row2col13
West 0.303826590297
East 0.941196487623
North 0.0131617220113
South 0.115794514804

row2col14
West 0.562973344409
East 0.999885954505
North 0.0916808455001
South 0.428435465836

row2col15
West 0.0
East 0.0
North 0.0
South 0.0

row2col16
West 0.995647866982
East 0.562807018013
North 0.0587063196235
South 0.20318915336

row2col17
West 0.931764468816
East 0.372342636944
North 0.0689088188178
South 0.239796374282

row2col18
West 0.835733719933
East 0.206199109338
North 0.0128699453839
South 0.049257383926

row2col19
West 0.510376071354
East 0.0297447336964
North 0.00361183769771
South 0.0008469074229

row2col20
West 0.173926340527
East 0.00238827424387
North 0.00105257988277
South 5.81438227151e-06

row2col21
West 0.0285897740165
East 1.92947209561e-05
North 4.87655246225e-09
South 1.44486734142e-07

row2col22
West 0.000562281604406
East 5.41048441641e-06
North 7.70368385216e-08
South 1.65579998678e-06

row3col1
West 3.10643812231e-05
East 0.00863834340464
North 1.0202403667e-19
South 2.33782089023e-05

row3col2
West 0.000586010617336
East 0.0628454960471
North 0.00029702820154
South 2.18581202403e-14

row3col3
West 0.00476751946075
East 0.157865095079
North 0.0
South 0.0071094702291

row3col4
West 0.0128384106086
East 0.304454804929
North 0.000629867440472
South 0.015134148467

row3col5
West 0.0439418158446
East 0.0430720939533
North 0.0593273186854
South 0.427386947429

row3col7
West 0.0213440478509
East 0.148231997172
North 1.08059819072e-11
South 0.00350300801529

row3col8
West 0.0235680185498
East 0.349525955172
North 0.00698627594075
South 3.31656456975e-07

row3col9
West 0.0602122652893
East 0.0228629064647
North 0.344379707452
South 0.596053543203

row3col10
West 0.277475875375
East 0.0055846359207
North 5.90882757125e-12
South 1.83399202425e-08

row3col11
West 0.070729463922
East 0.0046116582246
North 5.47271628366e-13
South 3.31760360923e-10

row3col13
West 0.857361028519
East 0.9025
North 0.809209572311
South 0.809202696749

row3col14
West 0.85731058393
East 0.95
North 0.928167963817
South 0.885845569018

row3col15
West 0.884165522235
East 0.801749173455
North 1.0
South 0.949936358634

row3col16
West 0.930062291763
East 0.281478288706
North 0.174085515019
South 0.135443869052

row3col18
West 0.0350952965023
East 0.000678868393456
North 0.484625276533
South 0.0230580322474

row3col19
West 0.160049760127
East 0.000507211144786
North 0.00160626035384
South 0.00555798960239

row3col20
West 0.026457872595
East 0.000230295338492
North 2.24166292873e-05
South 0.000798294995235

row3col21
West 0.00329121253241
East 1.02576439008e-05
North 4.72709214702e-11
South 1.64147560694e-09

row3col22
West 0.000277478616242
East 0.0
North 5.81287684942e-08
South 0.0

row4col5
West 0.0433943819108
East 0.124045859783
North 0.119181186204
South 0.498582664214

row4col9
West 0.109056176824
East 0.135334957469
North 0.443800571721
South 0.630012968592

row4col13
West 0.802100649126
East 0.811961295365
North 0.857375
South 0.773762107753

row5col1
West 2.6671100388e-08
East 6.96262380381e-06
North 2.33736615397e-21
South 0.0

row5col2
West 2.6671100388e-08
East 2.7706087713e-06
North 1.23434718342e-05
South 0.000372072178697

row5col3
West 2.24194383247e-07
East 0.0
North 9.36545165451e-05
South 0.00299506360852

row5col5
West 0.371149231933
East 0.540252859585
North 0.142903446948
South 0.0950654255244

row5col6
West 0.505071718838
East 0.568800092276
North 0.466183810623
South 0.483831601657

row5col7
West 0.539684959612
East 0.598736939238
North 0.501086672342
South 0.46447470773

row5col8
West 0.565031326236
East 0.630249409725
North 0.539553349863
South 0.453171527964

row5col9
West 0.59850438335
East 0.663420431289
North 0.529937286098
South 0.452600656299

row5col10
West 0.630005286318
East 0.698337296094
North 0.647243530099
South 0.563853964144

row5col11
West 0.663213315156
East 0.735091890625
North 0.678622444141
South 0.517336925605

row5col12
West 0.698037429694
East 0.7737809375
North 0.721912262315
South 0.637180871953

row5col13
West 0.732834089879
East 0.732614528156
North 0.81450625
South 0.735033852386

row5col14
West 0.7737809375
East 0.691682429543
North 0.626724624026
South 0.41215354626

row5col15
West 0.735091890625
East 0.658577478492
North 0.601180679513
South 0.520035239522

row5col16
West 0.698337296094
East 0.620838785867
North 0.601102962912
South 0.424921764812

row5col17
West 0.663420431285
East 0.554191945841
North 0.543277920384
South 0.452007316338

row5col18
West 0.621684205865
East 0.264682753505
North 0.029383407384
South 0.120227430008

row5col20
West 0.0
East 0.000423667390709
North 0.00516999844692
South 0.060267538515

row5col21
West 1.57214301274e-06
East 1.95154738272e-11
North 0.000273269987904
South 0.0192207383229

row5col22
West 2.6047456168e-08
East 0.0
North 2.73470453278e-07
South 0.00328633066846

row6col1
West 1.53991682115e-06
East 0.00050995271227
North 2.33736615397e-21
South 0.0

row6col2
West 0.0
East 0.0
North 4.24230616263e-05
South 0.0113162224031

row6col3
West 0.0
East 0.0
North 0.000148457567007
South 0.0294659786455

row6col5
West 0.149752248647
East 0.465414348853
North 1.15852756811e-05
South 0.0400634879235

row6col6
West 0.292258194025
East 0.412659450996
North 0.540360087645
South 0.480790216561

row6col7
West 0.0980981055737
East 0.0979856081416
North 0.56444486125
South 0.247765554962

row6col8
West 0.127269187215
East 0.0828462798307
North 0.574628577219
South 0.196280924892

row6col9
West 0.197765966936
East 0.597849937048
North 0.125202437084
South 0.0627932552287

row6col10
West 0.20764981382
East 0.241737919661
North 0.663383288511
South 0.516430094127

row6col11
West 0.141562706352
East 0.0796802202764
North 0.670729432049
South 0.2160104037

row6col12
West 0.101452649433
East 0.136349009787
North 0.723676262265
South 0.244537506679

row6col13
West 0.169252175605
East 0.284105101665
North 0.773774732181
South 0.6361409331

row6col14
West 0.103788628604
East 0.177190468455
North 0.671694454129
South 0.277011717629

row6col15
West 0.126095172298
East 0.0633888016768
North 0.687973643309
South 0.264891845764

row6col16
West 0.452678878109
East 0.339219136783
North 0.595597446563
South 0.0530593377761

row6col17
West 0.362212826316
East 0.3808249285
North 0.630249409564
South 0.563767601716

row6col18
West 0.589410025825
East 0.192028544933
North 0.0943037966858
South 0.0757053591898

row6col19
West 0.503860619827
East 0.079969659419
North 0.0435553528376
South 0.0500143163005

row6col20
West 0.350102037337
East 0.0403347875549
North 0.00359855380813
South 0.000256489672273

row6col21
West 0.186632547463
East 0.00597891633932
North 0.000266210083352
South 0.000379522176719

row6col22
West 0.0492160928297
East 0.00181676024137
North 4.54213714252e-05
South 1.24839599184e-05

row7col1
West 0.000522562708895
East 0.013984122903
North 3.78143228624e-10
South 0.000151094399603

row7col2
West 0.00169092818533
East 0.0679204640047
North 1.73992057408e-11
South 0.00484060751417

row7col3
West 3.92480456064e-06
East 0.00292972680326
North 0.00171924324473
South 0.191534736858

row7col5
West 0.117649343437
East 0.437439455257
North 0.0307301937536
South 0.0520721183501

row7col6
West 0.286077754589
East 0.41292608835
North 0.513342083078
South 0.460388178889

row7col10
West 0.0354347247607
East 0.182711555059
North 0.628737985402
South 0.429014868619

row7col17
West 0.428259457788
East 0.258407276477
North 0.598736938051
South 0.524468369376

row7col18
West 0.492134304373
East 0.10338608988
North 0.07776586992
South 0.000792752306138

row7col20
West 0.0
East 0.0
North 0.0138035659716
South 9.48723358864e-05

row7col21
West 8.91512343095e-07
East 0.0
North 0.0114086105502
South 5.77641147916e-05

row7col22
West 0.0
East 0.0
North 0.0043372369153
South 6.32786827709e-05

row8col1
West 0.000880208657133
East 0.0283534477456
North 0.000473346948655
South 0.0

row8col2
West 0.0047101678482
East 0.129633629768
North 0.00373272548402
South 0.00820950550172

row8col3
West 0.0327512672083
East 0.32466336062
North 0.00441723190196
South 0.0131737257194

row8col4
West 0.132613707585
East 0.399497783528
North 0.085204289463
South 0.0951396517468

row8col5
West 0.124418063558
East 0.458490398138
North 0.0671877857276
South 0.0176824864361

row8col6
West 0.304912629432
East 0.367955542099
North 0.487674978012
South 0.435971179368

row8col8
West 0.0158050923414
East 0.125561001909
North 0.0
South 2.57815428251e-11

row8col9
West 0.0199986672396
East 0.337955120588
North 0.0177531732234
South 7.67002210727e-07

row8col10
West 0.0505382452812
East 0.0507520141126
North 0.587944074572
South 0.103683713173

row8col11
West 0.442962646045
East 0.0295470953592
North 0.0171613655236
South 0.000823978443952

row8col12
West 0.228897105469
East 0.00898115853219
North 0.00480043074783
South 6.07542953285e-05

row8col13
West 0.0781863190285
East 0.00285759433726
North 0.000384323905136
South 2.63567560094e-08

row8col14
West 0.0233866850347
East 0.000347941608052
North 0.000546603096697
South 4.81614823652e-09

row8col15
West 0.00430192938837
East 9.85674727819e-07
North 1.15858874662e-12
South 1.06406181135e-06

row8col17
West 0.388242969995
East 0.0601704069613
North 0.568800083085
South 0.505254252366

row8col18
West 0.217799840951
East 0.00613805932373
North 0.100805576727
South 0.0313402619433

row9col5
West 0.0928188928831
East 0.37748639187
North 0.0179795162963
South 0.0147622052205

row9col6
West 0.227148249029
East 0.353668127435
North 0.4632912219
South 0.414181659434

row9col8
West 0.0
East 7.16009973353e-07
North 0.0118886959565
South 0.000390930306214

row9col9
West 2.70084773414e-06
East 0.031003019006
North 1.50738941759e-05
South 4.89617821391e-07

row9col10
West 0.000157048969159
East 0.00421784235
North 0.312859753023
South 0.0521522093504

row9col11
West 0.000234481839944
East 1.442768117e-11
North 0.0841680379569
South 0.00133680459185

row9col12
West 0.0
East 0.0
North 0.0357178471674
South 0.0025431897524

row9col13
West 0.000977127160768
East 6.03784035788e-07
North 0.0
South 0.0

row9col14
West 0.0
East 0.0
North 0.00160182839544
South 1.7279627425e-05

row9col15
West 4.48931383678e-05
East 0.0
North 1.15858874662e-12
South 0.0

row9col17
West 0.365767961397
East 0.215592970332
North 0.540360040834
South 0.478898944427

row9col18
West 0.420438904442
East 0.0660917395744
North 0.00687303270706
South 0.0198705198611

row9col20
West 2.3480110362e-16
East 3.08863405016e-05
North 0.0
South 0.0

row9col21
West 8.41283801314e-08
East 0.0
North 8.80303098102e-05
South 0.000641865380409

row9col22
West 9.5422715831e-06
East 6.03480664252e-08
North 0.0
South 0.0

row10col1
West 1.51040334487e-05
East 0.000376875654737
North 2.09252677435e-05
South 0.0

row10col2
West 2.37991413893e-05
East 0.00419551959179
North 0.0
South 0.000300787872017

row10col3
West 0.0
East 0.000904980812677
North 0.00562952967194
South 0.0474911627354

row10col5
West 0.0849513781602
East 0.357065725658
North 0.0268694271029
South 0.017699331987

row10col6
West 0.197389637754
East 0.26904303796
North 0.440126599765
South 0.386846259449

row10col17
West 0.425800328612
East 0.1671247381
North 0.513341881986
South 0.454502732183

row10col18
West 0.357160290871
East 0.0555140160852
North 1.00504507834e-09
South 0.0348942706683

row10col20
West 0.0
East 0.000204835801505
North 0.0
South 4.88619798184e-18

row10col21
West 2.54041949134e-22
East 2.9000886956e-06
North 4.43046184258e-05
South 0.00363086098364

row10col22
West 0.000279609113459
East 7.37255586856e-06
North 0.0
South 0.0

row11col1
West 0.000108337710362
East 0.00543298584623
North 0.0
South 0.0

row11col2
West 0.000113294161585
East 0.0513373765481
North 4.53277341515e-06
South 0.000220927916067

row11col3
West 0.00832210130829
East 0.195069086429
North 0.000996925215222
South 0.00168547695846

row11col4
West 0.0488763508044
East 0.30410788262
North 0.00610441117937
South 0.0117636145019

row11col5
West 0.100647158127
East 0.378181314564
North 0.0698275419789
South 0.0185768486519

row11col6
West 0.18739947589
East 0.300791564736
North 0.418119863574
South 0.366436398826

row11col8
West 2.11216907694e-07
East 6.73329030518e-05
North 0.0
South 0.0

row11col9
West 0.0
East 0.0
North 7.78809181139e-06
South 0.00213510292134

row11col10
West 5.54144720145e-05
East 0.0
North 0.0
South 0.0

row11col12
West 5.84861138434e-12
East 3.90921945853e-05
North 0.0
South 0.0

row11col13
West 0.0
East 0.0
North 0.000110721679593
South 0.00325611185821

row11col14
West 0.0
East 0.00718077812989
North 0.0
South 0.00297159590811

row11col15
West 0.0
East 0.0
North 0.000749157266046
South 0.0565281293967

row11col17
West 0.33002411382
East 0.171264195448
North 0.487673886442
South 0.431867416287

row11col18
West 0.356381745479
East 0.0740771058096
North 0.0151527615262
South 0.0367782299102

row11col20
West 2.30793573781e-08
East 0.000261452117773
North 0.0
South 1.37905778395e-07

row11col21
West 1.38938432079e-06
East 1.33152734243e-05
North 0.000251634017398
South 0.0153789163712

row11col22
West 0.000280003012988
East 7.61292021646e-17
North 7.37255586856e-06
South 2.34448989845e-15

row12col1
West 1.70806116223e-05
East 0.000756769262217
North 0.0
South 0.0

row12col2
West 6.60986294434e-05
East 0.00634240206685
North 0.0
South 0.0

row12col3
West 0.0
East 0.0
North 0.0465512681504
South 0.00314645091565

row12col5
West 0.0387788583421
East 0.324234023209
North 0.00865829329543
South 0.0339720812684

row12col6
West 0.192606192648
East 0.296919736231
North 0.397211322936
South 0.3437696293

row12col8
West 0.0
East 0.00116215875654
North 0.0
South 0.0

row12col9
West 3.22893388784e-06
East 4.17261231733e-08
North 0.000107501799688
South 0.0191062188223

row12col10
West 0.000590019366864
East 1.46226857188e-06
North 1.62021997538e-18
South 0.0

row12col12
West 2.1315474938e-05
East 0.000970540822095
North 0.0
South 1.45017154043e-05

row12col13
West 1.85798358399e-05
East 0.024829891675
North 3.10368764149e-06
South 0.000612721888484

row12col14
West 0.00211874268161
East 0.0919774913937
North 0.000344687773125
South 0.0

row12col15
West 0.0125917411883
East 0.27032641348
North 9.79877047984e-06
South 0.0145493869453

row12col16
West 0.0728395339305
East 0.399042078231
North 0.0419661582893
South 0.0888787026775

row12col17
West 0.182903670428
East 0.162849216766
North 0.463287489753
South 0.410443088792

row12col18
West 0.360432094733
East 0.0391524762832
North 0.0253693253135
South 0.0194604333419

row12col20
West 0.00017795096849
East 0.00648991586217
North 0.0
South 0.0

row12col21
West 0.000120697279855
East 1.15243550751e-06
North 0.00211572074612
South 0.049218858643

row12col22
West 0.00103662472893
East 9.43153351405e-07
North 1.13217697988e-16
South 0.0

row13col5
West 0.147562126099
East 0.353040208001
North 0.018887513044
South 0.0610894744426

row13col6
West 0.197081199331
East 0.255621642699
North 0.37733926396
South 0.320361489235

row13col9
West 0.003404871165
East 0.00134791593341
North 0.00231267146134
South 0.0564119423255

row13col17
West 0.300061977518
East 0.302144809521
North 0.44011565926
South 0.380139876536

row13col18
West 0.416178471371
East 0.286736997606
North 0.100128244365
South 0.138997016308

row13col21
West 0.000277038569214
East 0.00346515143152
North 0.00493991385009
South 0.103065927703

row14col1
West 0.00106395440317
East 0.015562053495
North 0.000401930395094
South 0.0

row14col2
West 0.00253523188435
East 0.0927147291578
North 0.00768617340892
South 0.00113021316574

row14col3
West 0.018103814423
East 0.160526849276
North 0.0122587369632
South 0.000927945296401

row14col4
West 0.0365962438854
East 0.235230306393
North 0.0393853013225
South 0.00760529212786

row14col5
West 0.0315364285135
East 0.058151858577
North 0.30807187535
South 0.0910292787204

row14col6
West 0.126674013822
East 0.107045143464
North 0.358326599229
South 0.253490962726

row14col7
West 0.320309311148
East 0.0760639705092
North 0.0384660544946
South 0.0614903813714

row14col8
West 0.255316727264
East 0.0460342353616
North 0.0257075562663
South 0.00502275372628

row14col9
West 0.159741967831
East 0.00471839384602
North 0.00151072619269
South 6.15650727602e-05

row14col10
West 0.0344091159708
East 2.19536381112e-05
North 0.00215099616529
South 2.8478205134e-05

row14col11
West 0.000884353311062
East 6.65724806714e-08
North 0.0
South 0.0

row14col12
West 0.0
East 9.70311057135e-05
North 0.0
South 0.0

row14col13
West 2.18572369523e-07
East 0.00727600175641
North 0.000271745955749
South 0.0

row14col14
West 0.000165893823258
East 0.0454422243699
North 0.0
South 0.000144911445016

row14col15
West 0.000298762903854
East 0.195115035826
North 0.000119742472414
South 0.0411523426186

row14col16
West 0.0465117679329
East 0.343918431812
North 0.0208549212316
South 0.0191723377423

row14col17
West 0.128217866847
East 0.133773088177
North 0.418035604564
South 0.309796472341

row14col18
West 0.12714093574
East 0.0850486155011
North 0.384522844756
South 0.0753823004417

row14col19
West 0.337830746579
East 0.131620888786
North 0.049716213452
South 0.000202634614265

row14col20
West 0.285166699201
East 0.0548808377907
North 0.0554047349452
South 0.00390626308106

row14col21
West 0.190087063582
East 0.0169170368817
North 0.00364597385398
South 0.000491644908424

row14col22
West 0.0643014960187
East 0.00876122732811
North 0.000828752742321
South 2.56310723206e-05

row15col1
West 4.32169566837e-13
East 0.00107265954181
North 0.000329563743919
South 3.43540105014e-06

row15col2
West 5.42149592338e-05
East 9.17351805048e-05
North 0.03927139414
South 0.00172433488918

row15col3
West 0.000586793621309
East 0.0191543009199
North 8.98880000928e-05
South 0.0

row15col4
West 0.00148388466993
East 0.098592847909
North 0.00890299296685
South 0.000523963087482

row15col5
West 0.0215774204369
East 0.257328213352
North 0.0102543922376
South 0.0307004510341

row15col6
West 0.042827867255
East 0.0703781402493
North 0.338973839947
South 0.240343054352

row15col7
West 0.297205094548
East 0.0195429534703
North 0.0623020640025
South 0.0186032807313

row15col8
West 0.0413566230299
East 0.00036100097254
North 0.105264727915
South 0.0125603090867

row15col9
West 0.0105809405499
East 2.96293430023e-05
North 5.69590367464e-07
South 0.000229049116938

row15col10
West 0.000599512811177
East 7.44156480339e-06
North 8.19861943232e-17
South 0.0

row15col11
West 4.4611856334e-10
East 0.000499257263092
North 0.0
South 1.45488487826e-06

row15col12
West 6.23427657637e-06
East 0.00551896310898
North 6.20740572281e-07
South 0.0

row15col13
West 0.000112155691346
East 0.0612244593476
North 0.00036904092908
South 0.000439115848163

row15col14
West 0.00999311656534
East 0.205656220413
North 2.54712212954e-05
South 0.00874383194195

row15col15
West 0.0837213995147
East 0.333227584654
North 0.0342461509755
South 0.065962126319

row15col16
West 0.105933112593
East 0.369960980627
North 0.0799214524817
South 0.0856665882952

row15col17
West 0.12578572193
East 0.0511640021026
North 0.396509987251
South 0.279917001352

row15col18
West 0.238544533021
East 0.00814518855107
North 0.0227708990418
South 0.000107333951123

row15col19
West 9.30960810499e-11
East 0.000336610512935
North 0.0710687370595
South 0.00461044817399

row15col20
West 0.0
East 0.0
North 0.0992260650246
South 0.00354924855293

row15col21
West 0.00733624356775
East 5.01312073241e-06
North 0.0
South 4.94780077574e-05

row15col22
West 0.0
East 5.49230953394e-05
North 0.00564117752069
South 0.000116676884779

row16col2
West 8.54405777985e-05
East 7.25506531032e-07
North 0.0171515592185
South 0.000714146078743

row16col7
West 0.0348264885836
East 0.00982982059602
North 0.231974003899
South 0.0604042427103

row16col15
West 0.053853387004
East 0.0253517612354
North 0.279930452643
South 0.0644774561743

row17col1
West 4.80606645889e-05
East 0.00130811520203
North 0.0
South 0.0

row17col2
West 3.52433015587e-05
East 6.32208246376e-05
North 0.00617855052474
South 0.000124493219227

row17col3
West 0.00134227075033
East 8.49597787074e-08
North 6.10794103463e-07
South 0.0

row17col4
West 0.000116076429163
East 3.94941348211e-06
North 1.81970942984e-08
South 0.0

row17col6
West 5.18624875438e-05
East 0.0139775488871
North 0.0
South 6.36136770581e-15

row17col7
West 0.000788493200961
East 0.00156144984241
North 0.166894357961
South 0.0275507425011

row17col8
West 0.0480885240235
East 0.000542577573183
North 1.29858356758e-07
South 0.000274240218633

row17col9
West 0.00835630586247
East 1.75837954941e-05
North 4.36761765817e-05
South 1.65320673998e-06

row17col10
West 0.000630386201389
East 2.22656246189e-06
North 1.11728079802e-09
South 0.0

row17col11
West 4.78516054136e-05
East 8.78152663307e-07
North 0.0
South 0.0

row17col13
West 0.000300682223782
East 0.00647297342338
North 2.65019742477e-20
South 0.0

row17col14
West 0.000445616615413
East 0.0512346695805
North 0.000162195993111
South 2.65019863873e-20

row17col15
West 0.00453594045006
East 0.00240258188031
North 0.224119887993
South 0.0407943355776

row17col16
West 0.0338926987189
East 0.000937306109257
North 1.81103973137e-06
South 0.0

row17col18
West 0.0
East 0.0
North 1.45418450508e-05
South 0.00147576452442

row17col19
West 3.73261355897e-17
East 0.0
North 0.0
South 0.000536838642489

row17col20
West 4.11762523924e-17
East 1.11768919399e-08
North 4.17156869917e-07
South 9.35288724572e-05

row17col21
West 0.0
East 1.32015262411e-10
North 4.82596464878e-11
South 5.69384832736e-07

row17col22
West 8.33023545257e-27
East 0.0
North 1.07885168752e-21
South 5.9668638857e-08

row18col1
West 0.0
East 0.0
North 0.000137372585739
South 3.94931457331e-08

row18col2
West 1.56534827682e-06
East 4.4998855426e-08
North 0.000755777365227
South 1.44661375929e-06

row18col3
West 0.0
East 0.0
North 4.20868459049e-05
South 1.57083376183e-07

row18col4
West 0.0
East 0.0
North 3.89198635723e-06
South 9.90908174628e-13

row18col6
West 0.000161816290979
East 0.0056538941567
North 3.07196635048e-16
South 0.0

row18col7
West 4.93093209924e-05
East 0.000457036044677
North 0.1007574116
South 0.00534510367339

row18col8
West 0.0345675524164
East 0.00101450660124
North 0.0023966157022
South 1.17115802339e-06

row18col9
West 0.00982248728546
East 0.000319180398921
North 7.08610744094e-08
South 3.06758319388e-08

row18col10
West 0.0026291122056
East 6.22347508283e-06
North 1.68158992166e-21
South 4.88707883787e-09

row18col11
West 0.000226840638391
East 5.70039532446e-06
North 0.0
South 9.37236133071e-22

row18col13
West 1.07324335944e-06
East 0.000258382855881
North 0.0
South 0.0

row18col14
West 1.45169461101e-12
East 0.00107466075673
North 0.00307680967878
South 0.000918415616488

row18col15
West 0.000408157165837
East 0.00441526520938
North 0.160481424703
South 0.0112777244068

row18col16
West 0.0886945841891
East 0.00766714805771
North 0.00132643514101
South 6.96105038122e-06

row18col17
West 0.0423964081859
East 0.0029747626458
North 0.00469306840093
South 0.00399165364206

row18col18
West 0.0197380254696
East 0.000928436800503
North 1.64977121165e-05
South 3.18143721521e-05

row18col19
West 0.00716904787888
East 0.000244318662933
North 1.44637973814e-05
South 2.69911919844e-05

row18col20
West 0.00210167749685
East 3.94992880515e-06
North 1.74500621071e-06
South 5.18030136231e-08

row18col21
West 0.00022031772453
East 2.33314681437e-06
North 9.41063106511e-11
South 6.57474457224e-08

row18col22
West 3.72392476933e-05
East 3.7389784854e-07
North 1.07885168752e-21
South 0.0

row19col1
West 0.0
East 2.89922044387e-18
North 3.88419542114e-06
South 1.88674952388e-09

row19col2
West 7.24540131333e-08
East 2.46051350063e-13
North 2.51384563437e-05
South 1.95905915341e-06

row19col3
West 4.63559851792e-07
East 0.0
North 3.29102991303e-06
South 3.14427032614e-07

row19col4
West 0.0
East 0.0
North 9.22192003502e-10
South 0.0

row19col6
West 5.43129833544e-06
East 0.0021670964412
North 0.0
South 0.0

row19col7
West 0.000101500743504
East 4.40988454702e-06
North 0.0269664633124
South 0.000306337833524

row19col8
West 7.38287228024e-22
East 0.0
North 0.00287869260481
South 0.00027979934617

row19col9
West 6.23261829522e-05
East 5.25297985652e-06
North 0.0
South 0.0

row19col10
West 0.0
East 0.0
North 0.00018279890863
South 0.0

row19col11
West 2.89277528109e-07
East 5.19994767337e-10
North 0.0
South 3.71971759731e-21

row19col13
West 1.81816254948e-05
East 0.000696388047764
North 0.0
South 0.0

row19col14
West 1.89409597456e-05
East 0.0154752922726
North 7.69998771221e-05
South 7.43082256306e-05

row19col15
West 0.000575917362439
East 0.00052754907203
North 0.0615002019827
South 0.00859697951131

row19col16
West 2.70374268267e-24
East 2.07024327552e-20
North 0.0102581703293
South 0.000318477624332

row19col18
West 2.11205219737e-08
East 0.0
North 0.00169135198703
South 5.64685295641e-05

row19col19
West 0.0
East 0.0
North 0.000706493062537
South 1.14834955027e-09

row19col20
West 9.97897190307e-09
East 1.24863719544e-31
North 0.000129343633431
South 2.50219439748e-06

row19col21
West 3.79872832125e-06
East 9.55756351081e-09
North 0.0
South 0.0

row19col22
West 0.0
East 9.55756351081e-09
North 4.00967866877e-07
South 1.75975458901e-20
