0.119787700809
0.0997150404576
0.0802492482699
0.0823278512976
0.0830529895266
0.078526139728
0.0802555066489
0.0783664225243
0.0787620890021
0.0784748988361
0.0754550925547
0.0737512571356
0.0751295617673
0.0752853301495
0.0726630455814
0.0726236021443
0.0720326913605
0.0732838534372
0.0748405618771
0.0741700832606
0.0746654613537
0.0755379217457
0.076514654179
0.0760905980889
0.0770818347307
0.0760898999797
0.0774224025018
0.0774788055539
0.078192256054
0.078873373296
0.0777818874321
0.077800989479
0.077416967341
0.0775963921039
0.0779221858561
0.0789918274096
0.0795611292429
0.080647521228
0.0810090778684
0.08170101669
0.0819072670287
0.0821783827501
0.0827359109026
0.0827137845893
0.0835049259119
0.0835707772967
0.0841539829308
0.0848109639051
0.0847280305617
0.0852288826823
0.0858609724822
0.0860890448747
0.0869467222699
0.08767327365
0.0880145297767
0.0878408968832
0.0878657066118
0.0882317535553
0.0891042001973
0.089787633582
0.0903512172497
0.0909735659424
0.0909213691427
0.091799862637
0.0922698468644
0.092940299962
0.0932610276158
0.0936119169504
0.0940802454715
0.0948438676677
0.0949474254386
0.0952960575345
0.0953812450185
0.0954725877419
0.0963341832161
0.0967920973241
0.0975291423897
0.097754608038
0.0978283645831
0.0983155208048
0.0984786222988
0.0988347352922
0.0996680254487
0.100077503308
0.100404998564
0.100409908644
0.10116539982
0.101365284534
0.102295862935
0.102965769694
0.103215120535
0.10408824023
0.104519964731
0.105225676406
0.105650863553
0.106187196808
0.106873697637
0.107257102615
0.107727919683
0.108212695235
0.108594319213
0.109004747527
0.109537414578
0.110047083972
0.110459864358
0.110985565447
0.111457557505
0.112005188434
0.11238265702
0.112785562107
0.113343593371
0.113926586308
0.114519609814
0.114842194909
0.115153898933
0.115835012376
0.11645290376
0.116715312217
0.117208314817
0.117520313842
0.118198370627
0.118701323663
0.119633932186
0.119985646674
0.120547027777
0.12117126092
0.121857819409
0.122551667355
0.122911370399
0.123748785924
0.124221364437
0.124455384453
0.124981886888
0.125214972473
0.125524431286
0.125988156088
0.126330889246
0.126979005903
0.127522184159
0.127931136399
0.128358326449
0.128632309127
0.128987749645
0.12924737703
0.129885000924
0.13007527557
0.130666062691
0.131297106441
0.131858522114
0.132586686876
0.133036501005
0.133549940861
0.134070856237
0.134485192234
0.135238087943
0.135807823239
0.135984391175
0.136520197651
0.136981958873
0.137525287568
0.137819718372
0.138159336638
0.138428495347
0.138835752025
0.139202169827
0.139510344218
0.139891575811
0.140405762007
0.140966970964
0.141254257865
0.141661614825
0.142287126319
0.142721948913
0.142997807084
0.143398648715
0.143749857709
0.144258808476
0.144667776261
0.145238786454
0.145574521042
0.146145891462
0.146482599727
0.146886968449
0.147344496498
0.147691692275
0.148457436435
0.148780382654
0.149054782001
0.149381239051
0.149725380127
0.150156541897
0.150373061227
0.150575857007
0.150851528989
0.151122553269
0.151485042474
0.151738697766
0.151995782483
0.152573544042
0.15292664955
0.153220336619
0.153592479757
0.153908641608
0.154328526039
0.154749813476
0.155166597358
0.155503735476
0.155893978445
0.156255887936
0.156606076041
0.156889057497
0.157449181528
0.157905461163
0.15828575284
0.158664931485
0.159004712636
0.159265477025
0.159666892123
0.159969584924
0.16022668832
0.160592872484
0.160859266875
0.161301504258
0.161527865423
0.161767041885
0.162003984194
0.162318898689
0.162717808286
0.1631023562
0.163354872385
0.163576189887
0.163958128952
0.16429495945
0.164568249738
0.164820100118
0.16515494334
0.165455694334
0.165808652758
0.166059095382
0.166292392093
0.166670530473
0.166960832442
0.167328063247
0.167491508314
0.16777586194
0.168116965622
0.168380384897
0.168741249838
0.169039404689
0.169368954446
0.169743968381
0.170095455422
0.170271964958
0.170535008879
0.170684278099
0.171031398966
0.171411974509
0.171749590912
0.171987130788
0.172360130945
0.172627148433
0.172878443811
0.173166952544
0.173452024498
0.17392686351
0.174319782329
0.174573160578
0.174786333226
0.175054644737
0.175253332437
0.175486712733
0.175766680156
0.175911050403
0.176187605106
0.176333722963
0.176645843413
0.176929353748
0.177305988462
0.177537811295
0.177860742495
0.177975060857
0.178166173113
0.178541940948
0.178792403468
0.179047309395
0.179308987017
0.179571106955
0.179910365849
0.180084835242
0.180249771276
0.18049022151
0.180812087702
0.18101991993
0.181208665017
0.181417409559
0.181691356303
0.182061794084
0.182390274252
0.182832954966
0.183111945353
0.183313277849
0.183640674423
0.183886888189
0.18416132037
0.184401818586
0.184610378377
0.184718678989
0.184978565846
0.185156473736
0.185332170487
0.185634407649
0.185863812796
0.185986587202
0.186390207983
0.186650841824
0.186942399137
0.187096386087
0.187352808344
0.187553330486
0.187840754304
0.188072733666
0.188339338805
0.188506679412
0.188786901294
0.188862450641
0.189072942095
0.189288917235
0.189465454759
0.189529449354
0.189757589351
0.189981473326
0.190239515095
0.190361615516
0.190388200627
0.190726269253
0.19094253398
0.191096512027
0.191321679694
0.191410486186
0.191635660022
0.191839491801
0.191955920076
0.192137839254
0.192298840212
0.192440228868
0.19266010681
0.192870218388
0.193106925176
0.193303034227
0.193447642426
0.193683778711
0.193745901624
0.193992393044
0.194205075376
0.194443393029
0.194636709606
0.194826621838
0.19503689553
0.195283105058
0.195548113828
0.195784628184
0.19600881268
0.196258529148
0.196434126653
0.196723639463
0.196926206917
0.197106392631
0.197268058476
0.197447633779
0.197589429381
0.197735428774
0.197938771886
0.198040016535
0.198233982079
0.198380853885
0.198553335192
0.198734699517
0.198875373349
0.199027378386
0.199234178535
0.199306094893
0.199509421187
0.199584401807
0.199690364288
0.199867933213
0.20001622051
0.200247285088
0.200496064348
0.20068604483
0.200903056929
0.20101793106
0.201130540004
0.201335225387
0.201466431913
0.201628421157
0.201877555451
0.202047729313
0.202176048893
0.202322753646
0.202444646866
0.202548333918
0.202694963649
0.202869738062
0.203018254955
0.203163482634
0.20333544862
0.203459263707
0.203587662776
0.20376246926
0.203823488595
0.203890894862
0.204078461125
0.20421915824
0.204414692963
0.204526478128
0.204698540001
0.204802559
0.20491801118
0.205010406515
0.205139259154
0.205271916568
0.205417262546
0.205478818313
0.205579646133
0.205765374017
0.205865521181
0.205982068584
0.206173828578
0.206347710282
0.206506412344
0.206596953352
0.206709438203
0.206847571873
0.206944982406
0.207017640309
0.207110479698
0.207229163374
0.207401883849
0.207516125112
0.207628087987
0.207818724091
0.207858283798
0.207958770588
0.20804094507
0.20812994614
0.208239040039
0.208366990333
0.208465995138
0.208539979608
0.208635157115
0.208680240616
0.208861086326
0.208925165268
0.209073196921
0.209175314543
0.209287458986
0.209410813433
0.209508636006
0.209561455369
0.209669717717
0.209739892393
0.209844224254
0.209966341623
0.210036525722
0.210085922783
0.210111224174
0.21023631071
0.210412533971
0.210543169591
0.210648430811
0.21079933588
0.2108251435
0.210924416415
0.210965738231
0.211080551705
0.211206215657
0.211313907333
0.211442374079
0.211571677109
0.211683617329
0.21180669774
0.211925736765
0.212074709291
0.212147419789
0.212308243516
0.212395325398
0.212434427468
0.212528701729
0.212604051136
0.212685738324
0.212677267698
0.212826634453
0.212959009664
0.213005499423
0.21306906023
0.213135799365
0.213250544593
0.213381065625
0.213435186858
0.21358984438
0.213664498187
0.213750152739
0.213824181297
0.213957121343
0.214017020946
0.214083417352
0.214244313135
0.214265954949
0.214391734635
0.214411644914
0.214496186236
0.214549391278
0.21459400635
0.214660879683
0.214791121815
0.214894459233
0.215011026655
0.215089930294
0.215151000802
0.215212313573
0.215238299646
0.215321057567
0.215373015957
0.215400284055
0.215437981275
0.215529060071
0.215643005625
0.215709222633
0.215756844304
0.215805344772
0.215931283507
0.21600859516
0.216146056898
0.2162637182
0.216356099496
0.216517806682
0.216595153062
0.216669305922
0.216795542964
0.216899049454
0.216985944412
0.217063775502
0.217093192642
0.217136593332
0.217135046345
0.217210901326
0.217298611303
0.217386126876
0.217480648546
0.217573290575
0.217664390383
0.217786790669
0.21788580552
0.217883811006
0.217913980895
0.218027390233
0.218135828166
0.218138781205
0.218209994394
0.218325662274
0.218366482178
0.218483063122
0.218609200338
0.21865734448
0.218751728257
0.218801705037
0.218902433119
0.219027270735
0.219148514558
0.219192444377
0.219289255093
0.219440166601
0.219512598335
0.219596803906
0.219630913608
0.219682580065
0.219796382364
0.21990725625
0.220009284383
0.220126485012
0.220161526038
0.220242706515
0.220238309959
0.220292845524
0.220303061836
0.220350053834
0.220399607876
0.220478181944
0.220565541957
0.220621715417
0.220661232507
0.220677935265
0.220779253958
0.220789439388
0.220833619142
0.220869809646
0.220947664948
0.220926536094
0.220970150698
0.221069044556
0.221138628064
0.221194555511
0.221250358217
0.221289949207
0.221316973962
0.221347766984
0.221383746381
0.221425076413
0.221483444346
0.221573844245
0.221598415051
0.221698457517
0.221750392303
0.221788776001
0.221858643829
0.221927848603
0.221923077207
0.221992386787
0.22203170291
0.222059137463
0.222099025219
0.222122029799
0.222201766131
0.222278628196
0.222309460979
0.222352698162
0.222412480313
0.222492743737
0.222540101003
0.22255305004
0.222638711527
0.222682990764
0.222739156459
0.222770155613
0.222841146156
0.222936878789
0.22301552241
0.223083387214
0.223079383225
0.223154277663
0.223200006482
0.223251446286
0.223298648383
0.223355421129
0.223442365403
0.22346282397
0.22348820093
0.223531696195
0.223534959587
0.223592061487
0.223658646372
0.223733643284
0.223793208705
0.223896978954
0.223916289195
0.223930885847
0.22396135253
0.224003976568
0.224055518218
0.224049591779
0.224070657803
0.224148103428
0.224273396222
0.224278863718
0.224289522532
0.224305656144
0.224347732464
0.224430967866
0.224490029292
0.224530005603
0.224601124902
0.224616879178
0.224671439184
0.224750211145
0.224782583026
0.224799991095
0.224853057777
0.224923659406
0.224967287116
0.225044898517
0.225105625509
0.225177018621
0.225258000789
0.225307220756
0.225346261096
0.225394562831
0.225449669241
0.225499880587
0.22559189034
0.225663105315
0.225698232294
0.225701983412
0.225751131626
0.225832129708
0.225874702205
0.22592407411
0.225962757274
0.226029105376
0.22603357646
0.226078490154
0.226092150999
0.226130061875
0.226199567298
0.226245077088
0.226389005543
0.226438846345
0.22645542929
0.22649922011
0.226570597716
0.226618590816
0.226659395638
0.226759718223
0.226764631197
0.226797135872
0.226832695967
0.226849693952
0.226890654987
0.227011214682
0.22704977469
0.227093758183
0.227146922641
0.227212863654
0.227279139449
0.227322602676
0.227380756152
0.227389783871
0.227415267686
0.227533413278
0.227603817789
0.227668669637
0.227714444068
0.227761161612
0.227843584348
0.227898171102
0.227934326791
0.22796355041
0.228005308684
0.228063888584
0.228111491939
0.228180858494
0.228221470548
0.228291528853
0.228319660207
0.228394589926
0.228413266289
0.228483081513
0.228499471349
0.228551005193
0.228581667408
0.228659570749
0.228714164685
0.228764262946
0.228835286607
0.228889337491
0.228901684102
0.228931189105
0.22894781557
0.228994777649
0.229010780885
0.229090929118
0.229141959812
0.229166529411
0.229204229662
0.229195206924
0.229229703573
0.229236278656
0.22923282626
0.229312517676
0.22936051155
0.229405231552
0.229480456711
0.229522409658
0.229612028267
0.229640491345
0.229716796
0.229787532707
0.229849469164
0.229934379493
0.229969351366
0.230034785214
0.230084470333
0.230075720807
0.230137884814
0.230166263226
0.230171046362
0.230246934168
0.23031510001
0.230349181512
0.230384192543
0.230395668075
0.230477923747
0.230595330574
0.230651201713
0.230666546355
0.230696617272
0.230701667192
0.23073909422
0.230779248175
0.230815413204
0.230885326552
0.230934800728
0.230946830264
0.230976097774
0.231006552397
0.231029168076
0.231051506795
0.231076506529
0.231089462433
0.231110507057
0.231164444083
0.231190593167
0.231276193151
0.231338355834
0.23139540471
0.231438007866
0.231503268579
0.231511717417
0.231591341976
0.231653748879
0.231739245804
0.231765174561
0.231789483227
0.231795672559
0.231859163055
0.231819314016
0.231863521753
0.231925503238
0.231954021107
0.232015993811
0.232040037901
0.232050923558
0.232099437701
0.232173632979
0.232218197211
0.23222798502
0.232295007265
0.232316614898
0.232369145805
0.232379525174
0.232442601095
0.232456221008
0.232457044535
0.232508674566
0.232565653964
0.232604101131
0.232627304118
0.232640541194
0.232641374091
0.232678059881
0.232684729922
0.23272427215
0.232767072154
0.232799896194
0.232853419448
0.232881670493
0.232863415867
0.232935669651
0.23294162761
0.232948762889
0.233001415397
0.233014490056
0.233062025516
0.233122311544
0.233162428619
0.233207864919
0.233250199583
0.233303060563
0.233348896462
0.233395332103
0.233422336342
0.233443587359
0.233521196015
0.233554994158
0.23357870996
0.233618146881
0.233643561697
0.233670293582
0.233706198522
0.233748181452
0.233776695849
0.233833169764
0.233867528982
0.233881208051
0.233900391689
0.233953055133
0.233928422916
0.233967295309
0.233964435275
0.234043720149
0.234092402349
0.234159403632
0.234178649783
0.234204777123
0.234190007505
0.234207429154
0.234251504368
0.234353119816
0.234384532965
0.234431093505
0.234457270463
0.234502885744
0.234535871522
0.234556209658
0.234673827769
0.234705603429
0.234745809935
0.234770782577
0.234870978602
0.234915685841
0.234907145369
0.234956362756
0.234982041472
0.235035637992
0.235059248023
0.23506777467
0.23508693119
0.235120500594
0.235142557734
0.235179999999
0.23519998497
0.235219817739
0.23521102506
0.235225127452
0.235256378633
0.235272381098
0.235330035425
0.235361232706
0.235388949695
0.235438723793
0.235477476757
0.235518947957
0.235558765338
0.235609036388
0.235671297357
0.23570781768
0.235733592205
0.235786515558
0.235845468307
0.235876467238
0.23590868841
0.235932418118
0.235934172987
0.235953002839
0.235979414019
0.236014466132
0.236082904927
0.236081135251
0.236094566879
0.236107495955
0.236105953345
0.236093360145
0.236101377186
0.236132345111
0.236177203024
0.236180803805
0.23620833951
0.236254424214
0.236256507705
0.236267207219
0.236312226328
0.236330470265
0.236338145249
0.236354587352
0.23643257104
0.236467796172
0.236513253828
0.236502485495
0.236574266683
0.236566841542
0.236556715958
0.236596238892
0.236632808556
0.236625525682
0.236649571878
0.236662142674
0.236695638259
0.236726335918
0.236751499428
0.236777994588
0.236781567655
0.2368119171
0.236841887737
0.236848904242
0.236843520471
0.236869314986
0.236906210839
0.236945251556
0.236960479031
0.236999821789
0.237019043688
0.23706967831
0.237080046823
0.237104517057
0.237135339616
0.237185975582
0.237208210067
0.237274079856
0.237349405527
0.23738731667
0.237401314536
0.237418537084
0.237398845883
0.237442149314
0.237471932117
0.237520740438
0.237530748701
0.23758203415
0.237603918895
0.237612295414
0.237608234056
0.237622513782
0.237646476279
0.237674145779
0.237691400502
0.237748466106
0.237777179532
0.237787663875
0.237828530807
0.237859298499
0.237877874142
0.237904270899
0.237951601205
0.237955335339
0.237982709905
0.237999575133
0.238036458199
0.238048327892
0.2380805827
0.238099432385
0.238129898187
0.238177232299
0.238224124655
0.238228948204
0.238228393521
0.238243297641
0.238247051564
0.23827148316
0.238281466587
0.238321803949
0.238325988151
0.23833349142
0.23836108937
0.238377862313
0.238396163329
0.238444373509
0.238435331859
0.238433235373
0.238469845643
0.23851581461
0.23854713171
0.23856059862
0.238605852034
0.238629289855
0.238662039792
0.238673667277
0.238698331032
0.238730823182
0.238723658779
0.238770028471
0.238781215493
0.238841412049
0.238833511746
0.238869565732
0.23889577567
0.238891342838
0.238920753084
0.238930058959
0.23892760858
0.2389609031
0.238983392815
0.239028716479
0.239068457289
0.23909065222
0.239085260767
0.239114048778
0.239131518707
0.2391572823
0.239155797682
0.239148297782
0.239177212105
0.239180584371
0.239244002749
0.239260610768
0.239335653644
0.239368494737
0.239374926368
0.23943300739
0.239457250135
0.239477126102
0.239492024165
0.239493066167
0.239505015642
0.239536358509
0.239527495978
0.239531415415
0.239574316115
0.23959297222
0.239634493684
0.239642358562
0.239701371148
0.239696695059
0.23971441492
0.239724950089
0.239759711065
0.239807614869
0.239837483395
0.239882436279
0.239890187417
0.239900933403
0.239957266452
0.23994946988
0.239955415325
0.240006604107
0.24003546408
0.240042308892
0.24006573335
0.24006724012
0.240097711812
0.24008868111
0.240102464431
0.24009653477
0.240101011537
0.240116380989
0.24012966217
0.240155168607
0.240176713213
0.240180346538
0.240202725835
0.240209142898
0.24023999129
0.240250258327
0.240243939319
0.240262526291
0.240294902946
0.240305139895
0.240323366004
0.240339423347
0.240391084429
0.240398529658
0.240450233965
0.240445461036
0.24045184232
0.240457342108
0.240501084975
0.240515810112
0.240570555919
0.24058613822
0.240622629621
0.240627216467
0.240659161634
0.24068603374
0.240710624307
0.240730911105
0.240766260641
0.24078527772
0.240784584859
0.24080125441
0.240809267383
0.240828422654
0.240830098489
0.240858570206
0.240883381287
0.240903985738
0.240907291875
0.240943215806
0.240970577078
0.240971089919
0.240987772851
0.241012180751
0.241024409298
0.241062450082
0.241078852515
0.241096350675
0.241146241645
0.241190485165
0.241221111926
0.24122052556
0.241221884626
0.241227901103
0.241249761573
0.241247489695
0.241267971909
0.241266216179
0.241323917835
0.241338594414
0.241315881449
0.241340198598
0.241364659239
0.241379211546
0.241409957588
0.24145448106
0.241471453022
0.241470521163
0.24150743952
0.24153394242
0.241526997783
0.24154067247
0.241565627393
0.241596209136
0.241598373971
0.241600987937
0.241622816229
0.241647159865
0.241666787776
0.241675387859
0.241675886035
0.241700704596
0.241713979118
0.241733325999
0.241756796285
0.241761381073
0.241784224067
0.241815330526
0.241823369693
0.241850880565
0.241873225635
0.241914911559
0.24190144539
0.241918823336
0.241922035682
0.241924170593
0.241940247409
0.241940585363
0.241936613357
0.241962360562
0.241996478994
0.242024264036
0.242028340347
0.242050369593
0.242061965241
0.242074728885
0.242121921526
0.242167602227
0.242157532624
0.242147757585
0.242168224768
0.242199376239
0.242210310271
0.242237896405
0.242251929583
0.242261205939
0.24228416409
0.242257375275
0.242248956366
0.242216970896
0.242232237694
0.2422386001
0.242247678197
0.242250609521
0.242283516749
0.242309996851
0.242320748107
0.242326210945
0.242317544991
0.24233808637
0.242360248606
0.242395027101
0.242429507794
0.242452466084
0.24247945601
0.242502288164
0.242511800841
0.24253307664
0.242548554361
0.242561783143
0.242584602778
0.242620124844
0.242647307819
0.242663256914
0.242698797747
0.242678666235
0.242701872721
0.242683015396
0.242725332102
0.242746370581
0.242732072099
0.242772240957
0.242768453968
0.242774377547
0.242772979441
0.242811606258
0.242812336773
0.242827863849
0.242844182761
0.2428553186
0.242857663609
0.242882012616
0.242873291803
0.242878506515
0.242866827214
0.242880064554
0.242893130915
0.242907136024
0.242927097368
0.242924170033
0.242908992793
0.242924641647
0.242938256371
0.242946794146
0.242979224444
0.242963874807
0.242969058737
0.242961700363
0.242958628215
0.24297103325
0.242966078548
0.242971643271
0.242983877593
0.243010207678
0.243011166792
0.243021195696
0.243017043605
0.24302220349
0.243053729535
0.24307461664
0.243087543605
0.24310518819
0.24313857588
0.243150715654
0.243173247744
0.243193966512
0.243188979464
0.243203698887
0.243211353953
0.243240607623
0.243237025262
0.243221347613
0.243248427771
0.24325957386
0.24325576936
0.243278526545
0.243297898192
0.243297939235
0.243287912689
0.243296398366
0.243306128353
0.243305146483
0.243341252862
0.243368251512
0.243392760715
0.243402072109
0.243419210081
0.243409663147
0.24342784222
0.243460507083
0.24346787567
0.243507579296
0.243531679733
0.243556328429
0.24356970169
0.243583684085
0.243589960077
0.243601715992
0.243601485152
0.243624096976
0.24363546609
0.243633651076
0.243631955978
0.24365039174
0.243665653516
0.243686987997
0.243708104672
0.243729542649
0.2437338277
0.243743890374
0.243758249196
0.243789297877
0.243785553365
0.243808073446
0.243831657685
0.243879309631
0.243877247824
0.243895766166
0.243902678966
0.243929219736
0.243931331811
0.243950367092
0.243946861759
0.243971072023
0.243983986889
0.243995820304
0.244001559429
0.244014282747
0.244025675959
0.244005096257
0.243998631177
0.243997291277
0.244042325549
0.244072442035
0.244113819649
0.244124846857
0.244108114164
0.24416078277
0.24418112677
0.24419151194
0.244188956575
0.244165738468
0.244164249046
0.244179831378
0.2441996069
0.244205632527
0.244200080782
0.244232097503
0.244241520162
0.244251920805
0.244252708802
0.244285221631
0.244300250635
0.244326458392
0.244328906888
0.244370860842
0.244387481915
0.24439304356
0.244399306595
0.244413260677
0.24443146745
0.24443949666
0.244444329315
0.244453766225
0.24446316118
0.24446452726
0.244465020126
0.24447341715
0.244479421691
0.244475705873
0.244496586971
0.244495892344
0.244516116527
0.244549282811
0.244547612433
0.244566724275
0.244552193586
0.244531642304
0.24454505357
0.244532855025
0.244532501622
0.244550296759
0.244584198176
0.244593652421
0.244629709558
0.244628756905
0.244639357908
0.244629327027
0.244663040865
0.244645977139
0.244656640868
0.244659203379
0.244665171679
0.244653767065
0.244673317145
0.244689237676
0.24469919689
0.244716556436
0.244697532208
0.244722705559
0.244715902976
0.244721877972
0.244725423486
0.244726422239
0.244746372261
0.244754030624
0.244759326004
0.244747076459
0.24476160711
0.244789748816
0.244790517621
0.244798699073
0.244790831222
0.244798040846
0.24478571747
0.244791874818
0.244815564333
0.244829503705
0.244843126257
0.244861093925
0.244905714982
0.244880079282
0.244880503692
0.244894017014
0.244884011821
0.244887357486
0.244900327734
0.244915908271
0.244940680674
0.244945233732
0.244952228747
0.244970693178
0.244980936465
0.24497469701
0.24497309821
0.244979108654
0.244958344314
0.244986427453
0.245001972995
0.245009944185
0.245023502915
0.245046402033
0.245050582454
0.245065225618
0.245072279877
0.245064053895
0.245070497433
0.245100036846
0.245091788747
0.245115250265
0.245160440156
0.245157147643
0.245168982114
0.245170686469
0.245185959931
0.245182915456
0.245180419785
0.245214774219
0.245233188316
0.24522896918
0.245221796393
0.245253036428
0.245252566209
0.245274710036
0.245290050219
0.245290091237
0.24531451068
0.245326323216
0.24533648152
0.24534638361
0.245355821182
0.245367825896
0.245383860919
0.245393631322
0.245382273249
0.245387719869
0.245388408909
0.245402985689
0.245413100286
0.245409261583
0.245436087872
0.245452102973
0.245474193681
0.245494259943
0.245499638294
0.245507748732
0.245510490808
0.245519191871
0.245523026828
0.245531377446
0.24555568808
0.245560951972
0.245565321164
0.245591794714
0.245587335639
0.245593747873
0.245608383062
0.245593278769
0.245610142461
0.24559379778
0.245609428542
0.245611626886
0.24564181256
0.245645429841
0.245681014785
0.245699093804
0.245689949561
0.245706217515
0.245718067334
0.245706136719
0.245729941775
0.245756060578
0.245759012927
0.245751627972
0.245780119245
0.245788608164
0.245796964756
0.245815221272
0.245846135947
0.245854846289
0.245845814684
0.245853208415
0.24582232846
0.245829625856
0.245820135035
0.245828035688
0.245833226722
0.245847916533
0.245862891693
0.245911824356
0.245915476692
0.245916591069
0.245926430704
0.245932554279
0.245947560967
0.245947252031
0.245942270302
0.245941963125
0.245949520011
0.245957924538
0.245974711956
0.245986498874
0.246033072191
0.246050023953
0.246057480929
0.246071352639
0.246094249272
0.24611398399
0.246112707409
0.246116920158
0.246128261873
0.246141258459
0.246152942366
0.24618405024
0.246192759966
0.246185252871
0.246206954495
0.246216522303
0.246201931484
0.246222385899
0.246239443359
0.2462487058
0.246259092279
0.246271506274
0.246264903421
0.246274830919
0.246275034007
0.246294043807
0.246304844745
0.246315271129
0.246325688056
0.246337730852
0.246334534097
0.246344564813
0.246352535884
0.246358149666
0.246361647006
0.246371443963
0.246367795886
0.246372329951
0.246397446723
0.246402633752
0.246407312865
0.246418950435
0.24642545701
0.246438771731
0.246445161255
0.246455523011
0.246445777151
0.246452748935
0.246458420345
0.246451016067
0.246466226021
0.246506710992
0.246530338842
0.246534798455
0.246544663377
0.246574441761
0.246594466726
0.246612540854
0.246621951548
0.246630269588
0.246649687303
0.246658547731
0.246675344924
0.246678079435
0.246708805888
0.246740494099
0.246748118567
0.246762247309
0.246754394979
0.246762641229
0.246770203189
0.246786711592
0.246802440806
0.246803878542
0.246807359268
0.246810204385
0.246820961014
0.24683371473
0.24684239049
0.246842856168
0.246854334148
0.246829370954
0.246854187274
0.246865823736
0.246879399757
0.246889459463
0.246885385964
0.246885173872
0.246897454879
0.246891907184
0.246934148753
0.246952963331
0.246969092728
0.246997567392
0.246991674923
0.246998831443
0.246998132241
0.247006575811
0.247035961876
0.247045432898
0.247045387828
0.247054314177
0.247048470944
0.247063942935
0.247066384011
0.24706948358
0.247085755145
0.247071768104
0.247083128296
0.247088488237
0.247099645184
0.247125598589
0.247124848778
0.247133485615
0.247165911217
0.247154127104
0.247145502729
0.247154040829
0.247168568103
0.24719100831
0.24722107776
0.247231415553
0.247232910624
0.247236076611
0.247225774693
0.247246304047
0.24725732027
0.247259939009
0.247277127786
0.247295961672
0.24731533233
0.247311774517
0.247329520583
0.247338361343
0.247352202832
0.2473596509
0.2473491924
0.24735248052
0.247368559314
0.247381496797
0.247381331859
0.247392651479
0.247391793071
0.247397203146
0.247411111368
0.247410695955
0.247420786577
0.247412485405
0.247415147695
0.247445346708
0.247453186721
0.247457346615
0.247478203155
0.24748464642
0.247480916005
0.247496028029
0.247504860469
0.247531511628
0.24753091601
0.247520923221
0.24753573405
0.247540751282
0.247554758611
0.247554868671
0.247566058509
0.247574115344
0.24758665114
0.247590630031
0.247610875515
0.24759038061
0.247595215473
0.247606240298
0.247608462406
0.247611869594
0.247615861485
0.247615448565
0.247618716021
0.247634376655
0.247628822672
0.247627885555
0.247642535541
0.2476637065
0.247657573859
0.247659436243
0.247660060195
0.247658429437
0.247671952975
0.247678493206
0.247678007893
0.247702798522
0.247718436324
0.247740949888
0.247735933833
0.247738019859
0.247784891256
0.24781686833
0.247805002383
0.247822212035
0.247825450207
0.247834600131
0.247855069435
0.24787114246
0.247869685407
0.247870603887
0.247874742889
0.247891596048
0.247884000203
0.247886121376
0.247880271451
0.247889877314
0.247895480234
0.247918039464
0.24791694813
0.247910839884
0.24790362577
0.247929740876
0.247935865509
0.247934080896
0.247931108238
0.247940801792
0.247944188763
0.247968531479
0.247965538281
0.247961494688
0.247969217867
0.247991247209
0.247990676252
0.247998051683
0.247996879491
0.24799197282
0.247999859513
0.247996746951
0.247991051587
0.248009972209
0.248019149643
0.248024792948
0.248022289363
0.248028827676
0.248027937074
0.248050252151
0.248062577413
0.248080351566
0.248082726375
0.248082332039
0.248099073618
0.248095435601
0.248086118065
0.248092690749
0.24808612654
0.248084123989
0.248105473679
0.248104664901
0.248103994631
0.248115405316
0.248108875417
0.248109844675
0.248093783435
0.248105520986
0.248109781704
0.248111198826
0.248116932375
0.248111375152
0.248101220194
0.248133145708
0.248149217098
0.248154580852
0.248164697028
0.248178699164
0.248181467009
0.248195828195
0.248191100851
0.24820732831
0.248196457413
0.248200545338
0.248199758172
0.248202797904
0.248216761071
0.248229618373
0.248224276537
0.248216349287
0.248217103793
0.24821083697
0.248215639634
0.24822479434
0.248222114825
0.2482356037
0.248249265035
0.248272460862
0.248269568888
0.248281185855
0.248273681003
0.248296948842
0.248297830699
0.248315574875
0.248310017133
0.248318535042
0.248311013212
0.248326598174
0.248337265114
0.248336233148
0.248351707439
0.248371507845
0.248378693748
0.248363749531
0.248374223844
0.24839677659
0.248413083315
0.248417893961
0.248420899875
0.248435045917
0.248440027664
0.248449600929
0.248463265648
0.248448685982
0.248459342525
0.248475453526
0.248490367977
0.248494129884
0.248489435566
0.248489656673
0.248491813762
0.248510464829
0.248514643577
0.248540803712
0.248536611811
0.248562348433
0.248601669799
0.248624419247
0.248615410133
0.248625715198
0.248620671069
0.248624529083
0.248651169864
0.248657569167
0.248663654609
0.248657363533
0.248661132648
0.248664887658
0.248674434706
0.248690221638
0.248694327474
0.24869268286
0.248720123752
0.248732725482
0.248731057932
0.248725366781
0.248732525491
0.248747925682
0.248747987625
0.248739543695
0.248750451111
0.248781882622
0.24877515045
0.248777215628
0.248779553039
0.248777904799
0.248785739851
0.248787853209
0.248797333696
0.248810302091
0.248829853077
0.248834182053
0.248836613843
0.248853913344
0.248857419592
0.248871431541
0.248876957986
0.248868914966
0.24885285763
0.248870723765
0.248877569508
0.248890575634
0.248901335405
0.248913338092
0.248915527437
0.248935250334
0.248943723263
0.248951988452
0.248971511833
0.248963348402
0.248971677046
0.24897187926
0.248983411357
0.249001976752
0.249007957475
0.249015647235
0.249024591225
0.249034259116
0.249023244421
0.249040844935
0.249052917186
0.24906274446
0.249078376934
0.2490991603
0.249113782934
0.249143607703
0.249151957377
0.249172229198
0.249187979152
0.249180580814
0.249193044131
0.249210024222
0.249223434439
