
row1col1
West 1.68342474996e-05
East 1.68227088534e-05
North 1.69160729564e-05
South 1.68413725241e-05

row1col2
West 1.69157113543e-05
East 1.6886766549e-05
North 1.69989428025e-05
South 1.68789028084e-05

row1col3
West 1.68819179026e-05
East 1.69367603189e-05
North 1.68920153215e-05
South 1.68805087099e-05

row1col4
West 1.68881657009e-05
East 1.69034583654e-05
North 1.69567210176e-05
South 1.70047443195e-05

row1col5
West 1.69604841274e-05
East 1.70842573125e-05
North 1.70842573125e-05
South 1.69717181572e-05

row1col7
West 1.70475564375e-05
East 1.69602262339e-05
North 1.70435805094e-05
South 1.70378758299e-05

row1col8
West 1.70011604147e-05
East 1.67936439524e-05
North 1.69405374506e-05
South 1.69564517336e-05

row1col9
West 1.68318474219e-05
East 1.68484963406e-05
North 1.67458781134e-05
South 1.67430888987e-05

row1col10
West 1.67711567417e-05
East 1.6968037875e-05
North 1.70415466692e-05
South 1.69930289094e-05

row1col11
West 1.708629625e-05
East 1.69718150067e-05
North 1.70049375464e-05
South 1.68841872336e-05

row1col13
West 1.70842573125e-05
East 1.708629625e-05
North 1.70842573125e-05
South 1.69624206022e-05

row1col14
West 1.70455175e-05
East 1.717e-05
North 1.717e-05
South 1.69175906369e-05

row1col15
West 1.7127075e-05
East 1.70398033777e-05
North 1.7127075e-05
South 1.717e-05

row1col16
West 1.70475564375e-05
East 1.69225771893e-05
North 1.69209164619e-05
South 2.73873105884e-05

row1col18
West 1.717e-05
East 1.717e-05
North 1.717e-05
South 1.717e-05

row1col19
West 1.717e-05
East 1.70842573125e-05
North 2.24388804738e-05
South 0.000236987186699

row1col20
West 1.70475564375e-05
East 1.70842573125e-05
North 1.70842573125e-05
South 1.708629625e-05

row1col21
West 1.70842573125e-05
East 1.70842573125e-05
North 1.70475564375e-05
South 1.70475564375e-05

row1col22
West 1.70842573125e-05
East 1.70842573125e-05
North 1.69698780161e-05
South 1.70455175e-05

row2col1
West 1.69625080089e-05
East 1.685165378e-05
North 1.6774973438e-05
South 1.7006680838e-05

row2col2
West 1.68838284061e-05
East 1.68862930451e-05
North 1.70008749507e-05
South 1.68460079298e-05

row2col3
West 1.69571715997e-05
East 1.68399189015e-05
North 1.69187082805e-05
South 1.67293378606e-05

row2col4
West 1.69155378089e-05
East 1.6906949791e-05
North 1.68660108023e-05
South 1.69925496797e-05

row2col5
West 1.69661008844e-05
East 1.70842573125e-05
North 1.70802864817e-05
South 1.68290474178e-05

row2col7
West 1.70009715581e-05
East 1.68942442953e-05
North 1.69642660343e-05
South 1.69952461546e-05

row2col8
West 1.69547232036e-05
East 1.69195723165e-05
North 1.69273659144e-05
South 1.69656590205e-05

row2col9
West 1.69182539612e-05
East 1.69385036104e-05
North 1.67788813878e-05
South 1.68416427168e-05

row2col10
West 1.69201723198e-05
East 1.68891694156e-05
North 1.68712643827e-05
South 1.69111819182e-05

row2col11
West 1.68407239407e-05
East 1.68179156907e-05
North 1.70087146781e-05
South 1.67030300131e-05

row2col13
West 1.68168987241e-05
East 1.69626094588e-05
North 1.70107536156e-05
South 1.67855023839e-05

row2col14
West 1.69572730496e-05
East 1.70107536156e-05
North 1.69425763881e-05
South 1.69242379166e-05

row2col15
West 1.70823203219e-05
East 3.7414788128e-05
North 1.7127075e-05
South 1.708629625e-05

row2col16
West 1.85154651852e-05
East 0.000237059141058
North 1.68944322312e-05
South 1.739958324e-05

row2col17
West 3.25439480673e-05
East 0.0023920455175
North 1.7127075e-05
South 1.70475564375e-05

row2col18
West 0.000129780441025
East 0.000129935502222
North 0.0975170862962
South 0.000129852206528

row2col19
West 0.00904794050056
East 1.70475564375e-05
North 2.24001406613e-05
South 5.61785380074e-05

row2col20
West 0.000129935502222
East 1.708629625e-05
North 1.70455175e-05
South 1.69591131907e-05

row2col21
West 1.7127075e-05
East 1.717e-05
North 1.70475564375e-05
South 1.70455175e-05

row2col22
West 1.7127075e-05
East 1.708629625e-05
North 1.70416435187e-05
South 1.70475564375e-05

row3col1
West 1.69564454455e-05
East 1.68671913811e-05
North 1.68458726904e-05
South 1.66839747075e-05

row3col2
West 1.67707580792e-05
East 1.68794235453e-05
North 1.69329783447e-05
South 1.68747642977e-05

row3col3
West 1.68250338395e-05
East 1.67968773656e-05
North 1.68023721333e-05
South 1.67206437681e-05

row3col4
West 1.67246612197e-05
East 1.699343181e-05
North 1.68598289184e-05
South 1.67623290774e-05

row3col5
West 1.68820448608e-05
East 1.69989428025e-05
North 1.70107536156e-05
South 1.69606678678e-05

row3col7
West 1.69405374506e-05
East 1.69557768378e-05
North 1.68679569712e-05
South 1.69682267316e-05

row3col8
West 1.68587619022e-05
East 1.69540994819e-05
North 1.69884548954e-05
South 1.68167446195e-05

row3col9
West 1.690055392e-05
East 1.6916183389e-05
North 1.69146914825e-05
South 1.68787353141e-05

row3col10
West 1.69567078951e-05
East 1.67041240003e-05
North 1.68067699769e-05
South 1.69200191395e-05

row3col11
West 1.67278204738e-05
East 1.66257640026e-05
North 1.67922780048e-05
South 1.67532163324e-05

row3col13
West 1.68122716686e-05
East 1.68858569316e-05
North 1.68137546878e-05
South 1.70107536156e-05

row3col14
West 1.69174201939e-05
East 1.69737519973e-05
North 1.685622261e-05
South 1.68696130982e-05

row3col15
West 1.69253509599e-05
East 1.7127075e-05
North 1.70455175e-05
South 1.7127075e-05

row3col16
West 1.70475564375e-05
East 1.7127075e-05
North 3.73430226254e-05
South 1.69757909348e-05

row3col18
West 0.00023706291819
East 4.13122396401e-05
North 0.00464825677769
South 1.7127075e-05

row3col19
West 1.708629625e-05
East 1.70803833312e-05
North 0.000721699855511
South 2.74448839907e-05

row3col20
West 2.73784548973e-05
East 1.70087146781e-05
North 1.69757909348e-05
South 1.6929394912e-05

row3col21
West 1.69556074798e-05
East 1.70107536156e-05
North 1.7127075e-05
South 1.69699748656e-05

row3col22
West 1.70417403683e-05
East 1.717e-05
North 1.70067776875e-05
South 1.70475564375e-05

row4col5
West 1.68307902494e-05
East 1.69272785076e-05
North 1.70435805094e-05
South 1.6847040912e-05

row4col9
West 1.68309771942e-05
East 1.67132840722e-05
North 1.68632959157e-05
South 1.67019194257e-05

row4col13
West 1.70842573125e-05
East 1.69699748656e-05
North 1.69224897826e-05
South 1.7127075e-05

row5col1
West 1.70842573125e-05
East 1.69737519973e-05
North 1.70415466692e-05
South 1.6954043602e-05

row5col2
West 1.69718150067e-05
East 1.708629625e-05
North 1.7127075e-05
South 1.7127075e-05

row5col3
West 1.708629625e-05
East 1.70107536156e-05
North 1.717e-05
South 1.7127075e-05

row5col5
West 1.69564454455e-05
East 1.67739223783e-05
North 1.69012405112e-05
South 1.6894234404e-05

row5col6
West 1.68146984231e-05
East 1.7043120462e-05
North 1.69312350531e-05
South 1.69239531312e-05

row5col7
West 1.69994122806e-05
East 1.67860762354e-05
North 1.69615111343e-05
South 1.69861685425e-05

row5col8
West 1.68397011435e-05
East 1.67781800893e-05
North 1.69586575137e-05
South 1.68838961037e-05

row5col9
West 1.68492421963e-05
East 1.6821316456e-05
North 1.66946329662e-05
South 1.68480544767e-05

row5col10
West 1.6811416761e-05
East 1.70067776875e-05
North 1.69589243341e-05
South 1.69291140484e-05

row5col11
West 1.69953726988e-05
East 1.70475564375e-05
North 1.70842573125e-05
South 1.70455175e-05

row5col12
West 1.708629625e-05
East 1.717e-05
North 1.708629625e-05
South 1.7127075e-05

row5col13
West 1.717e-05
East 1.7084160463e-05
North 1.70435805094e-05
South 1.717e-05

row5col14
West 1.70475564375e-05
East 1.71250360625e-05
North 1.70454206505e-05
South 1.70107536156e-05

row5col15
West 1.7127075e-05
East 1.70842573125e-05
North 1.70435805094e-05
South 1.69718150067e-05

row5col16
West 1.70067776875e-05
East 1.708629625e-05
North 1.7127075e-05
South 1.70107536156e-05

row5col17
West 1.708629625e-05
East 1.70011604147e-05
North 1.7127075e-05
South 1.7127075e-05

row5col18
West 1.70455175e-05
East 1.67884735442e-05
North 1.69698780161e-05
South 1.70044678262e-05

row5col20
West 1.708629625e-05
East 1.70455175e-05
North 1.70011604147e-05
South 1.6966289741e-05

row5col21
West 1.70823203219e-05
East 1.70842573125e-05
North 1.70455175e-05
South 1.708629625e-05

row5col22
West 1.70842573125e-05
East 1.708629625e-05
North 1.70842573125e-05
South 1.7127075e-05

row6col1
West 1.695727765e-05
East 1.70107536156e-05
North 1.70087146781e-05
South 1.68609414212e-05

row6col2
West 1.70475564375e-05
East 1.717e-05
North 1.71250360625e-05
South 1.70475564375e-05

row6col3
West 1.7127075e-05
East 1.7127075e-05
North 1.7127075e-05
South 1.7127075e-05

row6col5
West 1.68378879151e-05
East 1.69679410255e-05
North 1.68395678041e-05
South 1.70454206505e-05

row6col6
West 1.70067776875e-05
East 1.68540141986e-05
North 1.70455175e-05
South 1.69583904632e-05

row6col7
West 1.69640723588e-05
East 1.69550694685e-05
North 1.69286813852e-05
South 1.68841782629e-05

row6col8
West 1.69699748656e-05
East 1.69296983731e-05
North 1.68376459497e-05
South 1.69146969794e-05

row6col9
West 1.68851401846e-05
East 1.7074954915e-05
North 1.6717962811e-05
South 1.68087669066e-05

row6col10
West 1.69316833684e-05
East 1.69678490184e-05
North 1.69606724681e-05
South 1.69676696047e-05

row6col11
West 1.69238563053e-05
East 1.70475564375e-05
North 1.70087146781e-05
South 1.70842573125e-05

row6col12
West 1.70010635652e-05
East 1.7127075e-05
North 1.717e-05
South 1.7127075e-05

row6col13
West 1.7127075e-05
East 1.717e-05
North 1.7127075e-05
South 1.717e-05

row6col14
West 1.7127075e-05
East 1.70107536156e-05
North 1.69716261501e-05
South 1.7127075e-05

row6col15
West 1.69425763881e-05
East 1.70417403683e-05
North 1.70475564375e-05
South 1.7127075e-05

row6col16
West 1.70842573125e-05
East 1.70842573125e-05
North 1.69350121848e-05
South 1.69737519973e-05

row6col17
West 1.70475564375e-05
East 1.70046612831e-05
North 1.70823203219e-05
South 1.70475564375e-05

row6col18
West 1.70008751807e-05
East 1.69221955779e-05
North 1.70784463406e-05
South 1.70010635652e-05

row6col19
West 1.69674855905e-05
East 1.69333514575e-05
North 1.68790075028e-05
South 1.68159224614e-05

row6col20
West 1.69718150067e-05
East 1.70065888309e-05
North 1.69348233283e-05
South 1.69409316076e-05

row6col21
West 1.70784417403e-05
East 1.69737519973e-05
North 1.71250360625e-05
South 1.68515603256e-05

row6col22
West 1.70107536156e-05
East 1.70435805094e-05
North 1.7127075e-05
South 1.708629625e-05

row7col1
West 1.69205481916e-05
East 1.70067776875e-05
North 1.68528137486e-05
South 1.68958028942e-05

row7col2
West 1.69292980625e-05
East 1.70823203219e-05
North 1.7127075e-05
South 1.68790075028e-05

row7col3
West 1.70842573125e-05
East 1.69016087815e-05
North 1.708629625e-05
South 1.70340940978e-05

row7col5
West 1.68539968489e-05
East 1.68077323729e-05
North 1.69555023502e-05
South 1.70340066911e-05

row7col6
West 1.68630306145e-05
East 1.7000879551e-05
North 1.7037866387e-05
South 1.67717333752e-05

row7col10
West 1.69736551478e-05
East 1.70086178286e-05
North 1.68954532674e-05
South 1.70823203219e-05

row7col17
West 1.717e-05
East 1.70011604147e-05
North 1.69682267316e-05
South 1.7127075e-05

row7col18
West 1.70107536156e-05
East 1.70416435187e-05
North 1.70454206505e-05
South 1.70067776875e-05

row7col20
West 1.69167986626e-05
East 1.68260845607e-05
North 1.68979190565e-05
South 1.68016519251e-05

row7col21
West 1.67566698791e-05
East 1.70107536156e-05
North 1.6906857784e-05
South 1.68876975449e-05

row7col22
West 1.6927646778e-05
East 1.70107536156e-05
North 1.717e-05
South 1.70475564375e-05

row8col1
West 1.70029037062e-05
East 1.68937007631e-05
North 1.69486057429e-05
South 1.70415466692e-05

row8col2
West 1.69622319877e-05
East 1.6923957053e-05
North 1.6875230371e-05
South 1.70415466692e-05

row8col3
West 1.69639801218e-05
East 1.69052064995e-05
North 1.7006680838e-05
South 1.70009715581e-05

row8col4
West 1.69259676371e-05
East 1.69659304413e-05
North 1.70455175e-05
South 1.70842573125e-05

row8col5
West 1.70031894124e-05
East 1.69204607849e-05
North 1.68928402441e-05
South 1.69602701765e-05

row8col6
West 1.68905766635e-05
East 1.67330442507e-05
North 1.69328863376e-05
South 1.68890952629e-05

row8col8
West 1.70011604147e-05
East 1.70475564375e-05
North 1.70067776875e-05
South 1.69621404522e-05

row8col9
West 1.70767030491e-05
East 1.69607644752e-05
North 1.717e-05
South 1.69405374506e-05

row8col10
West 1.69757909348e-05
East 1.70842573125e-05
North 1.69988735672e-05
South 1.70028116992e-05

row8col11
West 1.70822234723e-05
East 1.69932613669e-05
North 1.68307902494e-05
South 1.70047486898e-05

row8col12
West 1.69308578121e-05
East 1.67914593346e-05
North 1.68859309973e-05
South 1.69287255037e-05

row8col13
West 1.6797842086e-05
East 1.67388052511e-05
North 1.66831030921e-05
South 1.67538085689e-05

row8col14
West 1.67753760625e-05
East 1.68514887671e-05
North 1.66069868704e-05
South 1.67760636802e-05

row8col15
West 1.68230324905e-05
East 1.67797359515e-05
North 1.69141587719e-05
South 1.69584606284e-05

row8col17
West 1.69425763881e-05
East 1.7127075e-05
North 1.70475564375e-05
South 1.70455175e-05

row8col18
West 1.70435805094e-05
East 1.7127075e-05
North 1.70379632366e-05
South 1.708629625e-05

row9col5
West 1.66854674771e-05
East 1.69515432099e-05
North 1.68553600548e-05
South 1.68783454933e-05

row9col6
West 1.6825786973e-05
East 1.69361942213e-05
North 1.69486057429e-05
South 1.69124180044e-05

row9col8
West 1.68900163521e-05
East 1.68936179452e-05
North 1.693860046e-05
South 1.69989428025e-05

row9col9
West 1.68957113587e-05
East 1.68978316498e-05
North 1.69757909348e-05
South 1.70415466692e-05

row9col10
West 1.69345378643e-05
East 1.70030005558e-05
North 1.69347264787e-05
South 1.68599813282e-05

row9col11
West 1.69257971941e-05
East 1.69181580334e-05
North 1.70801944747e-05
South 1.708629625e-05

row9col12
West 1.69277431554e-05
East 1.69985977985e-05
North 1.68573529161e-05
South 1.6711207486e-05

row9col13
West 1.68882649413e-05
East 1.68739299904e-05
North 1.66915893737e-05
South 1.66985470234e-05

row9col14
West 1.67440123489e-05
East 1.69292106558e-05
North 1.68182533658e-05
South 1.684842431e-05

row9col15
West 1.68515798995e-05
East 1.69309587898e-05
North 1.69911551172e-05
South 1.685882114e-05

row9col17
West 1.7127075e-05
East 1.7127075e-05
North 1.708629625e-05
South 1.70475564375e-05

row9col18
West 1.70842573125e-05
East 1.70455175e-05
North 1.70455175e-05
South 1.7127075e-05

row9col20
West 1.69140543319e-05
East 1.68266164711e-05
North 1.68289349087e-05
South 1.68660887718e-05

row9col21
West 1.68971015956e-05
East 1.67243658831e-05
North 1.67954419089e-05
South 1.67671357445e-05

row9col22
West 1.6760965417e-05
East 1.65594762665e-05
North 1.67277707571e-05
South 1.67142898992e-05

row10col1
West 1.68333635841e-05
East 1.66055468111e-05
North 1.66940640803e-05
South 1.67906385581e-05

row10col2
West 1.67144241655e-05
East 1.66310567777e-05
North 1.66169522183e-05
South 1.65580930539e-05

row10col3
West 1.67422956144e-05
East 1.66010328208e-05
North 1.67129215576e-05
South 1.63987800897e-05

row10col5
West 1.67935039043e-05
East 1.6817092109e-05
North 1.68522646275e-05
South 1.68377784031e-05

row10col6
West 1.68682619929e-05
East 1.69637089747e-05
North 1.6851546626e-05
South 1.69915707049e-05

row10col17
West 1.70475564375e-05
East 1.7127075e-05
North 1.70842573125e-05
South 1.70475564375e-05

row10col18
West 1.717e-05
East 1.717e-05
North 1.70417403683e-05
South 1.71250360625e-05

row10col20
West 1.67700247565e-05
East 1.68173025313e-05
North 1.68238731325e-05
South 1.65364719278e-05

row10col21
West 1.67222178776e-05
East 1.66826939403e-05
North 1.67434902376e-05
South 1.67177213915e-05

row10col22
West 1.65541334837e-05
East 1.66661539783e-05
North 1.67710928002e-05
South 1.66883233497e-05

row11col1
West 1.66917441093e-05
East 1.66506528824e-05
North 1.67631746585e-05
South 1.69139547423e-05

row11col2
West 1.67258749161e-05
East 1.64733750554e-05
North 1.66436043327e-05
South 1.65734183508e-05

row11col3
West 1.65459982996e-05
East 1.63300173277e-05
North 1.65406951704e-05
South 1.64476983027e-05

row11col4
West 1.64745406961e-05
East 1.64965566932e-05
North 1.6377865483e-05
South 1.64233536963e-05

row11col5
West 1.64155023412e-05
East 1.68199126829e-05
North 1.67946832292e-05
South 1.67531578735e-05

row11col6
West 1.68501319606e-05
East 1.68033648794e-05
North 1.69637089747e-05
South 1.6908452339e-05

row11col8
West 1.68036363119e-05
East 1.67732661428e-05
North 1.67905292859e-05
South 1.69474948415e-05

row11col9
West 1.68815641904e-05
East 1.67144098353e-05
North 1.68838240358e-05
South 1.68593884313e-05

row11col10
West 1.67069936283e-05
East 1.68702438187e-05
North 1.70415466692e-05
South 1.67779872559e-05

row11col12
West 1.717e-05
East 1.7127075e-05
North 1.717e-05
South 1.717e-05

row11col13
West 1.7127075e-05
East 1.7127075e-05
North 1.717e-05
South 1.717e-05

row11col14
West 1.717e-05
East 1.708629625e-05
North 1.717e-05
South 1.7127075e-05

row11col15
West 1.7127075e-05
East 1.70067776875e-05
North 1.70107536156e-05
South 1.70049375464e-05

row11col17
West 1.717e-05
East 1.7127075e-05
North 1.70475564375e-05
South 1.70435805094e-05

row11col18
West 1.708629625e-05
East 1.70842573125e-05
North 1.708629625e-05
South 1.71250360625e-05

row11col20
West 1.66102839822e-05
East 1.67718180428e-05
North 1.65890207385e-05
South 1.65192343694e-05

row11col21
West 1.67637355061e-05
East 1.65182103605e-05
North 1.67192243315e-05
South 1.67703483779e-05

row11col22
West 1.66880398346e-05
East 1.66119580635e-05
North 1.66369819302e-05
South 1.65854985454e-05

row12col1
West 1.68717691961e-05
East 1.68535697297e-05
North 1.68090484107e-05
South 1.67418978604e-05

row12col2
West 1.67748911557e-05
East 1.67732321402e-05
North 1.655223867e-05
South 1.65942945189e-05

row12col3
West 1.67301468389e-05
East 1.64594912837e-05
North 1.64156756014e-05
South 1.64907355343e-05

row12col5
West 1.66985468864e-05
East 1.67671698491e-05
North 1.67090941013e-05
South 1.67246908122e-05

row12col6
West 1.66912173499e-05
East 1.68526822062e-05
North 1.69129852195e-05
South 1.68661872868e-05

row12col8
West 1.68652201639e-05
East 1.69585609062e-05
North 1.6878073511e-05
South 1.6861635833e-05

row12col9
West 1.69272874783e-05
East 1.69603226113e-05
North 1.69452907361e-05
South 1.67036229851e-05

row12col10
West 1.69200934352e-05
East 1.68353613468e-05
North 1.68344661612e-05
South 1.6848257385e-05

row12col12
West 1.717e-05
East 1.717e-05
North 1.717e-05
South 1.717e-05

row12col13
West 1.717e-05
East 1.7127075e-05
North 1.7127075e-05
South 1.7127075e-05

row12col14
West 1.708629625e-05
East 1.71250360625e-05
North 1.7127075e-05
South 1.717e-05

row12col15
West 1.708629625e-05
East 1.70842573125e-05
North 1.70455175e-05
South 1.7127075e-05

row12col16
West 1.708629625e-05
East 1.70417403683e-05
North 1.70475564375e-05
South 1.7127075e-05

row12col17
West 1.70842573125e-05
East 1.70435805094e-05
North 1.70475564375e-05
South 1.708629625e-05

row12col18
West 1.70475564375e-05
East 1.693860046e-05
North 1.70455175e-05
South 1.70455175e-05

row12col20
West 1.65954728289e-05
East 1.65808988373e-05
North 1.66032439377e-05
South 1.65808497107e-05

row12col21
West 1.66276342557e-05
East 1.65642098825e-05
North 1.66363479368e-05
South 1.67054012866e-05

row12col22
West 1.6459944875e-05
East 1.67036831417e-05
North 1.66194444011e-05
South 1.65573007729e-05

row13col5
West 1.67135237669e-05
East 1.66089997371e-05
North 1.67046261384e-05
South 1.68213326136e-05

row13col6
West 1.67634299367e-05
East 1.67591509788e-05
North 1.68689869781e-05
South 1.67161821144e-05

row13col9
West 1.68717691961e-05
East 1.66412700778e-05
North 1.68100955212e-05
South 1.67078273197e-05

row13col17
West 1.70842573125e-05
East 1.69254429669e-05
North 1.7127075e-05
South 1.7127075e-05

row13col18
West 1.70049375464e-05
East 1.69271911009e-05
North 1.69718150067e-05
South 1.70435805094e-05

row13col21
West 1.66681737959e-05
East 1.68717691961e-05
North 1.66028615973e-05
South 1.67273264302e-05

row14col1
West 1.66675836653e-05
East 1.66205742403e-05
North 1.66877555793e-05
South 1.66057770632e-05

row14col2
West 1.66563172881e-05
East 1.66405039139e-05
North 1.6610297556e-05
South 1.67623907654e-05

row14col3
West 1.66775927221e-05
East 1.67155937141e-05
North 1.67895193213e-05
South 1.67419963108e-05

row14col4
West 1.67722738648e-05
East 1.68024231248e-05
North 1.66983845188e-05
South 1.66216949265e-05

row14col5
West 1.67917369499e-05
East 1.67402751225e-05
North 1.6668885919e-05
South 1.68814679657e-05

row14col6
West 1.66904328383e-05
East 1.68602667755e-05
North 1.68419540409e-05
South 1.67739012133e-05

row14col7
West 1.68150819533e-05
East 1.67057780282e-05
North 1.6682602857e-05
South 1.6941841218e-05

row14col8
West 1.67755377335e-05
East 1.67633998649e-05
North 1.67551062457e-05
South 1.67547258119e-05

row14col9
West 1.6717365068e-05
East 1.6797434125e-05
North 1.67909711803e-05
South 1.68153741393e-05

row14col10
West 1.67973575453e-05
East 1.68732933804e-05
North 1.69564454455e-05
South 1.68615590192e-05

row14col11
West 1.68758497464e-05
East 1.68960929586e-05
North 1.69312350531e-05
South 1.70475564375e-05

row14col12
West 1.68430679244e-05
East 1.70475564375e-05
North 1.68309922285e-05
South 1.7006680838e-05

row14col13
West 1.69661977339e-05
East 1.7127075e-05
North 1.7127075e-05
South 1.70842573125e-05

row14col14
West 1.70049375464e-05
East 1.70842573125e-05
North 1.70435805094e-05
South 1.70375857655e-05

row14col15
West 1.70417403683e-05
East 1.708629625e-05
North 1.70842573125e-05
South 1.7127075e-05

row14col16
West 1.708629625e-05
East 1.717e-05
North 1.708629625e-05
South 1.70475564375e-05

row14col17
West 1.708629625e-05
East 1.70842573125e-05
North 1.708629625e-05
South 1.7127075e-05

row14col18
West 1.708629625e-05
East 1.69175457599e-05
North 1.70475564375e-05
South 1.70067776875e-05

row14col19
West 1.68697051053e-05
East 1.66444488646e-05
North 1.6807157629e-05
South 1.69030806523e-05

row14col20
West 1.67225479918e-05
East 1.66885527182e-05
North 1.67502834004e-05
South 1.67683023502e-05

row14col21
West 1.68268049172e-05
East 1.67173269547e-05
North 1.66911493527e-05
South 1.66160740303e-05

row14col22
West 1.67799809542e-05
East 1.67267983844e-05
North 1.69989428025e-05
South 1.67398868106e-05

row15col1
West 1.65418205359e-05
East 1.65884632633e-05
North 1.66303344658e-05
South 1.65380890348e-05

row15col2
West 1.65449261273e-05
East 1.68458535424e-05
North 1.67102275973e-05
South 1.68186227764e-05

row15col3
West 1.68627299005e-05
East 1.66734403234e-05
North 1.67132818852e-05
South 1.67120324196e-05

row15col4
West 1.67110337443e-05
East 1.65963333798e-05
North 1.66841439417e-05
South 1.6649912632e-05

row15col5
West 1.663032206e-05
East 1.67740915773e-05
North 1.67495515818e-05
South 1.67455470092e-05

row15col6
West 1.67576483947e-05
East 1.68188057864e-05
North 1.68391171637e-05
South 1.69140543319e-05

row15col7
West 1.68952607542e-05
East 1.69153072627e-05
North 1.68904808234e-05
South 1.68933732179e-05

row15col8
West 1.68558493023e-05
East 1.6914821971e-05
North 1.67438026517e-05
South 1.69179954559e-05

row15col9
West 1.68726546523e-05
East 1.69646290136e-05
North 1.67592805573e-05
South 1.67325250552e-05

row15col10
West 1.6916386747e-05
East 1.708629625e-05
North 1.68506066909e-05
South 1.68614801346e-05

row15col11
West 1.70435805094e-05
East 1.70031894124e-05
North 1.71212589308e-05
South 1.7127075e-05

row15col12
West 1.70475564375e-05
East 1.70842573125e-05
North 1.69574524634e-05
South 1.70842573125e-05

row15col13
West 1.708629625e-05
East 1.70029037062e-05
North 1.708629625e-05
South 1.70011604147e-05

row15col14
West 1.70030005558e-05
East 1.70067776875e-05
North 1.70009715581e-05
South 1.70415466692e-05

row15col15
West 1.69717181572e-05
East 1.70455175e-05
North 1.70842573125e-05
South 1.7127075e-05

row15col16
West 1.7127075e-05
East 1.70107536156e-05
North 1.7127075e-05
South 1.69757909348e-05

row15col17
West 1.717e-05
East 1.70455175e-05
North 1.70067776875e-05
South 1.69425763881e-05

row15col18
West 1.70475564375e-05
East 1.70087146781e-05
North 1.70785431902e-05
South 1.70475564375e-05

row15col19
West 1.70842573125e-05
East 1.69376191819e-05
North 1.67475355198e-05
South 1.6906949791e-05

row15col20
West 1.68659369443e-05
East 1.66878607594e-05
North 1.66967390191e-05
South 1.68718650808e-05

row15col21
West 1.66518776241e-05
East 1.67464466633e-05
North 1.66324264196e-05
South 1.65556918819e-05

row15col22
West 1.6656886664e-05
East 1.66238144125e-05
North 1.68605908858e-05
South 1.67119765999e-05

row16col2
West 1.69278261917e-05
East 1.69236812618e-05
North 1.67938322768e-05
South 1.69601388272e-05

row16col7
West 1.68313260663e-05
East 1.68717913849e-05
North 1.69078789605e-05
South 1.66533804243e-05

row16col15
West 1.7127075e-05
East 1.708629625e-05
North 1.69737519973e-05
South 1.69802253244e-05

row17col1
West 1.70049375464e-05
East 1.69968542424e-05
North 1.69718150067e-05
South 1.69306738095e-05

row17col2
West 1.69993202736e-05
East 1.68471508074e-05
North 1.69536709613e-05
South 1.6809213187e-05

row17col3
West 1.6849276569e-05
East 1.69102001486e-05
North 1.7006680838e-05
South 1.68348563315e-05

row17col4
West 1.68886484596e-05
East 1.68210530668e-05
North 1.67066590404e-05
South 1.69060467625e-05

row17col6
West 1.63035936e-05
East 1.66125063772e-05
North 1.64954265545e-05
South 1.65177641903e-05

row17col7
West 1.65670453227e-05
East 1.66576645515e-05
North 1.66982180186e-05
South 1.67458682847e-05

row17col8
West 1.66018034413e-05
East 1.67661749222e-05
North 1.68295897731e-05
South 1.67399774701e-05

row17col9
West 1.67989589446e-05
East 1.67941597338e-05
North 1.6712950468e-05
South 1.67840985273e-05

row17col10
West 1.67333948762e-05
East 1.68387907213e-05
North 1.67165467461e-05
South 1.68364506598e-05

row17col11
West 1.68113530365e-05
East 1.67138693573e-05
North 1.66994266361e-05
South 1.68761634283e-05

row17col13
West 1.67241359397e-05
East 1.68388994372e-05
North 1.67501831741e-05
South 1.68248767265e-05

row17col14
West 1.68779021568e-05
East 1.68324825127e-05
North 1.67099727823e-05
South 1.6934717508e-05

row17col15
West 1.69238742466e-05
East 1.6846505819e-05
North 1.68790075028e-05
South 1.67672601542e-05

row17col16
West 1.68902180545e-05
East 1.67230251667e-05
North 1.66992543462e-05
South 1.68217308575e-05

row17col18
West 1.672024763e-05
East 1.6870365648e-05
North 1.66142099535e-05
South 1.66107035103e-05

row17col19
West 1.67223937662e-05
East 1.68558718325e-05
North 1.67606453194e-05
South 1.68301817918e-05

row17col20
West 1.66926148142e-05
East 1.69718150067e-05
North 1.69568219729e-05
South 1.68342212039e-05

row17col21
West 1.68424894179e-05
East 1.68977350424e-05
North 1.69989428025e-05
South 1.68809046428e-05

row17col22
West 1.68104376955e-05
East 1.68904623448e-05
North 1.69989428025e-05
South 1.68710895693e-05

row18col1
West 1.69583727633e-05
East 1.6995525649e-05
North 1.69294869191e-05
South 1.69218343479e-05

row18col2
West 1.69238694163e-05
East 1.66910737074e-05
North 1.6832643513e-05
South 1.68840627085e-05

row18col3
West 1.67488418358e-05
East 1.6804598167e-05
North 1.68633007121e-05
South 1.6816008139e-05

row18col4
West 1.68610288279e-05
East 1.67959332993e-05
North 1.68796337038e-05
South 1.67931759567e-05

row18col6
West 1.64695679669e-05
East 1.65762919408e-05
North 1.64524441164e-05
South 1.66911282598e-05

row18col7
West 1.66054135745e-05
East 1.66000251822e-05
North 1.67864018259e-05
South 1.67762258876e-05

row18col8
West 1.67097889229e-05
East 1.67768322279e-05
North 1.66640945556e-05
South 1.67984766285e-05

row18col9
West 1.68413814007e-05
East 1.67331175648e-05
North 1.685672339e-05
South 1.68254409253e-05

row18col10
West 1.68636339133e-05
East 1.68406071905e-05
North 1.6838146748e-05
South 1.68464804194e-05

row18col11
West 1.68854376148e-05
East 1.68777452711e-05
North 1.68383943658e-05
South 1.68417664967e-05

row18col13
West 1.69583863229e-05
East 1.68450957852e-05
North 1.67341905562e-05
South 1.70398033777e-05

row18col14
West 1.68731965309e-05
East 1.68698630112e-05
North 1.687044644e-05
South 1.68796249937e-05

row18col15
West 1.67994664214e-05
East 1.67396773198e-05
North 1.6705393921e-05
South 1.68523438331e-05

row18col16
West 1.66718902567e-05
East 1.66316885559e-05
North 1.68802571977e-05
South 1.684876811e-05

row18col17
West 1.65817280911e-05
East 1.67502385103e-05
North 1.6612619345e-05
South 1.67207120954e-05

row18col18
West 1.66789208386e-05
East 1.67676067713e-05
North 1.67602474851e-05
South 1.65291656551e-05

row18col19
West 1.67785942594e-05
East 1.68188252161e-05
North 1.68295960588e-05
South 1.67173137138e-05

row18col20
West 1.67676351648e-05
East 1.69589845316e-05
North 1.67328233603e-05
South 1.69048763512e-05

row18col21
West 1.68163390197e-05
East 1.68601586712e-05
North 1.69034583654e-05
South 1.69000563534e-05

row18col22
West 1.68873636234e-05
East 1.69350121848e-05
North 1.67646998917e-05
South 1.70011604147e-05

row19col1
West 1.69278261917e-05
East 1.68827339086e-05
North 1.69948471977e-05
South 1.70030005558e-05

row19col2
West 1.69622285145e-05
East 1.68903340213e-05
North 1.67896424837e-05
South 1.69030900951e-05

row19col3
West 1.69175219945e-05
East 1.66909252619e-05
North 1.68444178053e-05
South 1.66240998054e-05

row19col4
West 1.67731807648e-05
East 1.66861169249e-05
North 1.67914399793e-05
South 1.66552926613e-05

row19col6
West 1.68717691961e-05
East 1.67546244256e-05
North 1.65518461403e-05
South 1.65946520385e-05

row19col7
West 1.67755182264e-05
East 1.6752250583e-05
North 1.66964560377e-05
South 1.66894237482e-05

row19col8
West 1.65738599688e-05
East 1.69543630027e-05
North 1.67536014571e-05
South 1.70007785848e-05

row19col9
West 1.68224333837e-05
East 1.69864569852e-05
North 1.68452297801e-05
South 1.68819844639e-05

row19col10
West 1.69298963154e-05
East 1.69034583654e-05
North 1.69245342189e-05
South 1.70011604147e-05

row19col11
West 1.68622522917e-05
East 1.68702438187e-05
North 1.6830065934e-05
South 1.7127075e-05

row19col13
West 1.69425763881e-05
East 1.69896946141e-05
North 1.69639801218e-05
South 1.70435805094e-05

row19col14
West 1.69293249982e-05
East 1.68449074899e-05
North 1.69007544777e-05
South 1.69714467364e-05

row19col15
West 1.68548704495e-05
East 1.69167896926e-05
North 1.6770479626e-05
South 1.66756647889e-05

row19col16
West 1.68363205712e-05
East 1.69158159807e-05
North 1.69085362491e-05
South 1.6795168946e-05

row19col18
West 1.64442483217e-05
East 1.66005198485e-05
North 1.66658492302e-05
South 1.65397773631e-05

row19col19
West 1.66161669413e-05
East 1.66935250916e-05
North 1.68139215381e-05
South 1.66880091149e-05

row19col20
West 1.67766605469e-05
East 1.68042731342e-05
North 1.69144169791e-05
South 1.67644855677e-05

row19col21
West 1.7024045117e-05
East 1.67806288345e-05
North 1.67424080137e-05
South 1.6786652061e-05

row19col22
West 1.68981563598e-05
East 1.68458699124e-05
North 1.69199361147e-05
South 1.67544548531e-05
