0.19684822213
0.156800962641
0.104533975094
0.0843461534518
0.0752095512669
0.0981337245842
0.0860946485453
0.0780158020264
0.080289799553
0.0749330740117
0.0707754220501
0.072230496932
0.0766057791311
0.0768718332062
0.0765449178587
0.075497473551
0.0761904402243
0.0801091562548
0.0854797470255
0.086418003466
0.0911051453209
0.0917863081368
0.0893976875742
0.0863709754697
0.0859118667308
0.0838847993427
0.0881437832634
0.0874313526245
0.0866155572599
0.087362024436
0.0870426416429
0.0874302155171
0.08615593162
0.0852027329788
0.0881082042326
0.0875545177663
0.0910298555898
0.0932085905137
0.0953644416413
0.0964111394105
0.0972558774065
0.0976213427234
0.0963627763122
0.095771229071
0.0972077456141
0.0960809352381
0.096143381868
0.0960576672281
0.0956696632889
0.0944373932757
0.097894209168
0.09875320572
0.100087106506
0.102573980201
0.102005629852
0.105092938341
0.10490850834
0.105201616983
0.105958960506
0.107447922919
0.110682397628
0.111198097989
0.113014245393
0.113615203893
0.114821851379
0.116172126518
0.117536576057
0.118811695278
0.117855178372
0.118805842224
0.119400055765
0.119337735654
0.119995992222
0.119911548505
0.120008269518
0.119534798417
0.120272140389
0.121205738524
0.122149956181
0.123296194573
0.123501666018
0.123752677075
0.124563545467
0.124362643699
0.125561782053
0.125057635341
0.125633046225
0.126346602249
0.126711327472
0.127226845385
0.126983788275
0.128335602828
0.129803362274
0.13006883357
0.130947883636
0.130528618722
0.132088995406
0.13265159128
0.132626785557
0.132758062347
0.132168346026
0.131982709178
0.132046876672
0.132554318357
0.133993745565
0.135631244326
0.135094222276
0.135528045876
0.136114402164
0.137260923251
0.137958892387
0.13770662173
0.13912172365
0.139522850486
0.1406434585
0.140858207488
0.141728775038
0.141958263572
0.143278100482
0.145146977193
0.145317449641
0.144855654388
0.146038684977
0.146767424403
0.147136434838
0.147811443708
0.148059732674
0.148239707131
0.148364204688
0.148534532371
0.149115008589
0.149502972699
0.149949472597
0.150577169033
0.151902197397
0.153474731945
0.15446373505
0.155341664049
0.155880637852
0.155911832046
0.155166271956
0.155478156674
0.156992175878
0.157410411124
0.15706214242
0.157477476072
0.157371236435
0.15788617632
0.158673786467
0.158512092906
0.158875432461
0.159664592638
0.160218153807
0.160431767425
0.16077403784
0.161241657798
0.161930911782
0.162182865039
0.162317438732
0.16247347696
0.162510773877
0.16359247226
0.163804195214
0.164234105667
0.164827520216
0.164630965595
0.165228719269
0.165639898947
0.165628392478
0.166005194407
0.16701773386
0.167410135649
0.167150746652
0.167747353014
0.167990944786
0.167664898715
0.167360179686
0.167372448805
0.167514431871
0.167832355746
0.168984301826
0.169330376524
0.170142878257
0.170777371552
0.170683188528
0.171432770807
0.171828740652
0.171925322589
0.172110924121
0.172045284547
0.172408000763
0.172921514825
0.173036105943
0.173428071033
0.173757671471
0.174492014447
0.174529395706
0.174854388867
0.174891849975
0.17548375881
0.175654446956
0.175710032854
0.176347159435
0.176377122185
0.177439404958
0.17851336011
0.179364385943
0.179646871071
0.180067209086
0.180479267669
0.180846384962
0.181727548687
0.182279051964
0.182583162766
0.183265911868
0.183498259228
0.184262185567
0.184461949945
0.184953040349
0.185333995202
0.186196930089
0.186383264052
0.186491495496
0.186738949648
0.187046522691
0.187266568884
0.188028571697
0.187944359734
0.188281203306
0.189031898074
0.189434616054
0.189676126345
0.189439284976
0.18981455835
0.190183029636
0.190310778796
0.190479109743
0.191124573312
0.191309186762
0.191433085716
0.191241904884
0.191666405144
0.191849601998
0.19206229529
0.19269452708
0.192753594642
0.192898301515
0.193040027853
0.19310117272
0.193225981152
0.193405908056
0.193852081276
0.194366332025
0.194495852338
0.194625234145
0.194946917681
0.195404592307
0.195522497515
0.19583244325
0.196064117775
0.19639015039
0.197007257061
0.197338642507
0.197382452357
0.197433124902
0.197883802279
0.198541745417
0.198734020966
0.199145791489
0.19998513048
0.200318128171
0.200498808965
0.200571355084
0.201103214684
0.201779007109
0.20269804043
0.203301064096
0.203258257689
0.203711532716
0.204115885107
0.204545693179
0.204929055409
0.205496715661
0.206169159263
0.206882461254
0.207550735554
0.207847846781
0.208119923716
0.209198950416
0.209421019927
0.209912723139
0.210177278725
0.2103094987
0.210625765777
0.210648611327
0.210990731314
0.211469325462
0.211454998699
0.211665677187
0.211568017801
0.211990660722
0.211969279409
0.212051370103
0.212099531812
0.212433811386
0.212507057524
0.213099090164
0.213290310156
0.213420036927
0.213537162878
0.213643998706
0.213910036316
0.213885920934
0.214352163005
0.214496158026
0.214834804781
0.214637750151
0.214801010912
0.215091425726
0.215347573288
0.215527496179
0.21575752309
0.215827149397
0.216145821649
0.216521931558
0.216632567323
0.216757864636
0.21717972369
0.217217549778
0.217309935902
0.21757819685
0.21781702801
0.217891705515
0.218212586901
0.218323534876
0.218765582692
0.21895033772
0.219285367454
0.219209708763
0.219339156124
0.219804862082
0.219861080768
0.219896638472
0.220198790334
0.220345098487
0.220460018761
0.220454747159
0.220654077883
0.221025467445
0.221151783336
0.221650314023
0.221699882615
0.221533821741
0.221634803011
0.221711694618
0.221728891442
0.221805302557
0.221950908294
0.222165497643
0.222342946156
0.222272262942
0.222372258423
0.22260862566
0.222812569033
0.22279172742
0.222697408251
0.222777061254
0.222778483108
0.222871192811
0.223339788218
0.22324123378
0.223255101305
0.223559994085
0.223971855509
0.224227432998
0.224314805389
0.224540434502
0.224483868012
0.224722241431
0.224889791999
0.224905514004
0.224886307621
0.22514660103
0.225328183741
0.225574013848
0.225718226418
0.225803839099
0.226040680111
0.226174811881
0.226498757148
0.226503168781
0.226442272316
0.226529456667
0.226377059531
0.226461447368
0.226350640097
0.226330642896
0.226465252338
0.22657218123
0.226808857384
0.226635291893
0.226773691438
0.226957076758
0.22696639198
0.227296511443
0.227258889883
0.227280985129
0.227222485166
0.227342251697
0.227457871747
0.227824195137
0.227968778942
0.228339506596
0.228252228113
0.228393014628
0.228319924841
0.22843741111
0.228557463065
0.228809178513
0.229052586865
0.229267997972
0.229447044051
0.229615961877
0.229749580967
0.229757468001
0.229738913715
0.22998665692
0.230586958993
0.230714890783
0.230825806475
0.230864464389
0.230962530597
0.230951299998
0.231229875077
0.231208852728
0.231372436955
0.231701172342
0.231908521299
0.23192775903
0.231882377632
0.231865719384
0.23199952584
0.232108701339
0.232274581574
0.232370722654
0.232518448836
0.23251844303
0.232859235303
0.233259957138
0.233415348588
0.233598304703
0.233518479015
0.233716757802
0.233767018813
0.233921391943
0.234072041126
0.234393483092
0.234535581851
0.23451298571
0.234477016025
0.234652028961
0.23473688883
0.234953115321
0.235120067001
0.235012257713
0.235100437375
0.23509875112
0.235273581044
0.23550544697
0.235570490872
0.235715891937
0.235811446942
0.23576359585
0.235998060349
0.236199848767
0.23634752127
0.236546160812
0.236741494027
0.237036121745
0.237153706614
0.237172424726
0.237390406348
0.237365768482
0.237264167204
0.237199235822
0.237297337318
0.237310284367
0.237584962893
0.237526230148
0.237515425334
0.237456444215
0.237499089844
0.237456448774
0.237456182837
0.237623032486
0.237515698411
0.237438528405
0.237471517936
0.237819373168
0.238284853441
0.238368070035
0.238460488618
0.238296253753
0.238110296877
0.238187310492
0.238417241643
0.238531772976
0.238687537912
0.238743717948
0.23904415799
0.239166456883
0.239093827109
0.238949609814
0.23904834772
0.239011653743
0.2391650966
0.239363528548
0.239500276353
0.239375864572
0.239364733294
0.239432232716
0.239594247813
0.239654188893
0.239729336315
0.239679736767
0.239819201651
0.239876039418
0.239895364119
0.240049838367
0.2399887416
0.24001918759
0.240024559072
0.240031856223
0.239984064169
0.239997037912
0.2398940351
0.240023795515
0.240082156559
0.24035585846
0.240497043613
0.240635518544
0.240716046717
0.240820911873
0.240880227956
0.240846283401
0.240973015181
0.241165200079
0.241390540904
0.241565543379
0.241469808514
0.241576396863
0.241593149311
0.24178942755
0.241824887867
0.241721982065
0.241886440328
0.241827189956
0.24192335849
0.241824899029
0.241867695082
0.242036047918
0.242086911006
0.242035695635
0.242095758755
0.242125815246
0.24229429347
0.242218877586
0.242130141085
0.242167295142
0.242124569293
0.242120427757
0.242067350655
0.242237228564
0.24226447767
0.242546495641
0.242620698081
0.242614459316
0.242544503577
0.24267367435
0.242679070426
0.242830671241
0.242824646188
0.242797425449
0.242743978458
0.242732945736
0.242797793098
0.24315016221
0.243274623759
0.243452845512
0.243519700241
0.24342954612
0.243736119705
0.243947294648
0.244090570389
0.244240239571
0.244240728942
0.244574398899
0.24453252045
0.244445151009
0.244438542669
0.244322120411
0.244481818792
0.244582407626
0.244470263489
0.244515490365
0.244458958294
0.244455266797
0.244460648912
0.244562316671
0.244704007467
0.244634063682
0.244632820183
0.244670494099
0.244728698446
0.244784338774
0.244860081339
0.245003259853
0.245250558618
0.245358597857
0.245419387914
0.245530713283
0.245523954876
0.245704944918
0.245617660393
0.245594395715
0.245713677435
0.245647601337
0.245602252843
0.245544502171
0.245522537498
0.245560623557
0.245598777043
0.245811911416
0.245726069662
0.245741364961
0.245864646411
0.24590253321
0.245892391022
0.245856683224
0.245972788814
0.246278964285
0.246367335905
0.246629915838
0.24697044505
0.24708834756
0.247236547094
0.247268928366
0.247371626591
0.247521256388
0.247517762416
0.247465638512
0.247536622055
0.247617864695
0.24769053579
0.247791006351
0.247652736776
0.247664130303
0.247918083235
0.247893074671
0.247896560536
0.247916540108
0.248050903382
0.24803645693
0.248039158185
0.248308263882
0.24840145749
0.248329248843
0.248213082919
0.248296235836
0.248417931977
0.248340587811
0.248328779457
0.24833518919
0.248337087197
0.248356434636
0.248476272911
0.248572976104
0.248570474176
0.248605762253
0.24863392042
0.248634328418
0.248644481888
0.248559611061
0.248671270405
0.248735943213
0.248834435511
0.248945180925
0.249056025778
0.249017890495
0.249027008423
0.24910053786
0.249050608517
0.249293900111
0.249283102969
0.249344146944
0.249243181056
0.24924910481
0.249249899118
0.249172594145
0.24915311004
0.249235935654
0.24927176451
0.249365036635
0.249541599249
0.249669919338
0.249750069411
0.249824561946
0.24985637702
0.249876346322
0.249893989716
0.249977266963
0.250018638684
0.250083400083
0.249979508442
0.249992908903
0.249920092546
0.250138787938
0.250144069483
0.25020799235
0.250300660077
0.250321878433
0.250250354136
0.250363008709
0.250572446635
0.25083424834
0.250921094524
0.251214299624
0.25117316758
0.251162507878
0.251178909276
0.251269728106
0.251187211752
0.251155200526
0.251157607771
0.251138274322
0.251069885803
0.251108522167
0.251327413547
0.251343677878
0.251384680117
0.25159405128
0.251535483255
0.251640245926
0.251796297422
0.251911140709
0.251999075515
0.252081396721
0.252212528034
0.252318670587
0.252294786432
0.252337857099
0.25227300564
0.25241335397
0.252600371675
0.252591796008
0.252548836217
0.25264637087
0.252883065044
0.252817270857
0.252797045832
0.252826380725
0.252756059362
0.252810209231
0.252894707452
0.252849730045
0.252882802731
0.25293450102
0.253071336745
0.253111583725
0.253103247051
0.253044886492
0.252992169494
0.253117107396
0.253168374582
0.253195582533
0.253199893306
0.253219405995
0.253396495496
0.253427684567
0.253506090836
0.253608536234
0.253649843619
0.253736512318
0.253813680461
0.253823068336
0.253884080425
0.254045807723
0.254171097894
0.254097438002
0.254126013336
0.254112750837
0.254189055299
0.254198094932
0.254158017243
0.254232832973
0.254135165863
0.254223374501
0.254296928072
0.254361585779
0.254473936722
0.254567082807
0.254644694142
0.254593171972
0.254611896868
0.254564667461
0.254723571176
0.254778027015
0.254824442573
0.254862186011
0.254839636874
0.254849580453
0.254939451133
0.254892453714
0.254912169969
0.255061930258
0.255072107549
0.25516198244
0.255088403366
0.255154701901
0.255188951063
0.255356689311
0.255416928083
0.255460180676
0.255562095589
0.255655701004
0.255721441099
0.255830990638
0.255819430654
0.255760780821
0.255772277845
0.255811912977
0.255811050666
0.255849375969
0.255785206961
0.255789248734
0.255821235178
0.255904314993
0.255890293405
0.255981942111
0.255971647841
0.256095296348
0.256124591351
0.256183254258
0.256360552449
0.256447970619
0.25646188173
0.256487886721
0.256653804279
0.256753494658
0.256858732869
0.25680314774
0.256905687612
0.256835086617
0.256926762349
0.256935952032
0.256858533385
0.25681647617
0.256866551821
0.256920934789
0.256902119216
0.256820395296
0.256907766966
0.256920012088
0.256938684419
0.257086540765
0.25711317381
0.257062994953
0.257142546648
0.257092413135
0.257179574319
0.25709905171
0.257078069489
0.25729000719
0.257341737249
0.257393701692
0.257315820056
0.257323660033
0.257396379765
0.257516012327
0.257509077364
0.257468867048
0.257521309828
0.257543282888
0.257559435226
0.257512729161
0.257407389516
0.25747819411
0.257416538037
0.257476742231
0.257453961386
0.257448990467
0.257484688391
0.257520624023
0.257588718572
0.257728530931
0.25767049294
0.257638547341
0.257702286659
0.257819548044
0.257860305744
0.257927147701
0.257899699705
0.257903657885
0.258012956094
0.25811533583
0.258076042455
0.258087419553
0.258252002795
0.258430957751
0.258440375261
0.258480337073
0.258510228527
0.258493410697
0.258474772712
0.258442407118
0.258386222431
0.258564059772
0.258692755147
0.258710854936
0.258615985184
0.258609568699
0.258558131001
0.258510228803
0.258535759211
0.258513493869
0.258464059302
0.258477870709
0.258598403812
0.258583735611
0.258531886625
0.25845964113
0.258478647895
0.258522225576
0.25859211017
0.258547831031
0.258570489199
0.258625738068
0.258643442045
0.258710603975
0.258779220952
0.258900854757
0.25906711133
0.259019346226
0.258951059109
0.258953334441
0.258968010274
0.259083185229
0.259056649231
0.259158171235
0.259117410154
0.259114447887
0.259277672238
0.259377362181
0.25947085481
0.259461913283
0.259496827726
0.259414365585
0.259480676314
0.259408504744
0.259418464053
0.259411041477
0.259508240691
0.259519672419
0.259482440129
0.259502064032
0.259475173213
0.259413324988
0.25953124989
0.259570648469
0.259563763283
0.259620682418
0.259739745906
0.259957026443
0.260024453429
0.260044685009
0.260173979486
0.260176346588
0.260228321969
0.260286309881
0.260381008096
0.260298248422
0.260332581245
0.260428529572
0.260331147628
0.260329842685
0.260239268795
0.260366965134
0.260468098289
0.260378468736
0.2603066996
0.260302906174
0.260378436612
0.260424986256
0.260376280779
0.260364933911
0.260375668012
0.260385081235
0.260390130393
0.260498358004
0.260478189306
0.260395871283
0.260491351428
0.260575789922
0.260613377739
0.260672000709
0.260659742456
0.260663621786
0.260820756364
0.260849275525
0.260945424488
0.261086984414
0.261201636734
0.26122468785
0.261229034482
0.2612815518
0.261259740496
0.261229510588
0.261177205365
0.261152097032
0.2612790457
0.261242640391
0.261375816059
0.261448102605
0.261581307656
0.261538139916
0.261566774126
0.261629077972
0.261645690325
0.261608419641
0.261678169888
0.261755391717
0.261807334485
0.261811407095
0.261879682534
0.261978427332
0.261930328472
0.261887454805
0.261878660576
0.261953634828
0.261960366531
0.261921534676
0.261929590637
0.26191457426
0.261847418734
0.261841887268
0.261871857688
0.261841921826
0.261987118892
0.262000402775
0.262041602764
0.262042006991
0.262091330008
0.262240105875
0.262233601723
0.262191877839
0.262168908807
0.262122884551
0.262128897504
0.262074275821
0.262036761763
0.262104005317
0.262072570135
0.262012244454
0.261992836731
0.261989822634
0.261978925787
0.262081568836
0.262196310994
0.262211044204
0.262215901323
0.262290804055
0.262260129566
0.262276019613
0.262246290049
0.262326900724
0.262314536857
0.262221971829
0.262267663576
0.262285591639
0.262415335076
0.262416046132
0.26248807896
0.262491312347
0.26250445848
0.262516697289
0.262504725899
0.262570576601
0.262541574586
0.262588101786
0.262621031079
0.262679363185
0.262755436871
0.262735388316
0.262789711475
0.26275804568
0.262775760976
0.262804945369
0.262995642269
0.263000582674
0.263016940553
0.263031612141
0.263121069935
0.26313008593
0.263153472738
0.263126702574
0.263073182029
0.263132077847
0.263122215488
0.263091217422
0.263053969033
0.2630201534
0.263045599009
0.263056901609
0.263118843288
0.263086907917
0.263128723863
0.26308183671
0.263145893156
0.263146509968
0.26305235467
0.2630047635
0.263009975376
0.26292158621
0.262944526846
0.262908941488
0.263034662424
0.263039382383
0.263069879785
0.263150787174
0.263120389171
0.263216848963
0.26323640299
0.263215484407
0.263214527381
0.263264259073
0.26338234381
0.26340991857
0.263422250695
0.263451636898
0.263487502205
0.263465085643
0.263460860257
0.263514840535
0.263478323337
0.263504161513
0.263432637357
0.263506653336
0.263645894579
0.263604845935
0.26355888652
0.26350938075
0.263582621173
0.263561016701
0.263556888315
0.263620177166
0.263623610567
0.26369456482
0.263748165983
0.263777663186
0.263743865854
0.263763101352
0.263882452685
0.263851831406
0.26384906742
0.263818069246
0.263941341684
0.263887671137
0.263889367984
0.263908969153
0.263885009726
0.263944328025
0.263928774156
0.263959702247
0.263916364079
0.263992205816
0.263983773705
0.264044962659
0.264131991841
0.264250171168
0.264228362849
0.26430969125
0.264356136093
0.264351002204
0.264481291832
0.264515346991
0.264616580225
0.264649684118
0.264600081042
0.264656744623
0.264575304124
0.264663882588
0.26470388566
0.264716689319
0.264720213147
0.264694060599
0.264717619095
0.264706211888
0.264697294314
0.264855952625
0.264906888323
0.26493881732
0.265081872122
0.265025827385
0.265035787758
0.265191289969
0.265166914286
0.265206068219
0.265149839902
0.265239791198
0.265293192795
0.265315168618
0.265333225094
0.265344330486
0.265417190637
0.265342778261
0.265359255826
0.265311029104
0.265414326849
0.265370632391
0.265363663161
0.265401726327
0.265400413531
0.265353258562
0.265424529617
0.265422846477
0.265434122045
0.265384675522
0.265418744144
0.265381151116
0.265377251196
0.265440914271
0.265468128194
0.265499839608
0.265453210654
0.265418367044
0.265405715433
0.265483974514
0.265420970863
0.265459845333
0.265478743806
0.265530414644
0.265538751267
0.265561430633
0.265682611811
0.2657008353
0.265660750585
0.265646599672
0.265622507396
0.265646178743
0.265647063846
0.265630907018
0.265727249978
0.265801145098
0.265811971554
0.265869602571
0.265863651049
0.265849499169
0.265882584236
0.265843001655
0.265856121739
0.265924611879
0.265898863473
0.265829469564
0.265892278919
0.265877688856
0.265843679802
0.265770740684
0.265775734027
0.265798142882
0.265712872143
0.265694616389
0.265693501283
0.265669535051
0.265720609813
0.265727877991
0.265774120961
0.265753038627
0.265757878925
0.265792462756
0.265881720137
0.265989779968
0.266000837369
0.266044861606
0.266058335274
0.266073801703
0.26606177007
0.266091795145
0.266144729398
0.266177585903
0.266129760299
0.26615037159
0.266118753959
0.266201742154
0.266166580853
0.266132213302
0.266301665165
0.26627895716
0.26631320867
0.266247924682
0.266230844728
0.266308434902
0.266274068444
0.266298555532
0.266295388982
0.266263759845
0.266329961832
0.266293936712
0.266366900887
0.266344767498
0.266521332882
0.266481620182
0.266450072276
0.266397560855
0.266460609054
0.266386841957
0.266429274884
0.266491815734
0.266476785663
0.266594679084
0.266606541388
0.266600086119
0.266525480023
0.266461025365
0.266429306372
0.266511196112
0.266457508683
0.266478055965
0.266525212056
0.266512640157
0.266509480413
0.2665730136
0.26662380689
0.266764633666
0.266822046302
0.266816587712
0.266788746114
0.266819270501
0.26677137688
0.266790159608
0.266812013387
0.266816984275
0.266798822845
0.26682137658
0.26676481167
0.266833078099
0.266826516016
0.266836687714
0.266848001907
0.266943692186
0.26691841422
0.266918620983
0.266900309653
0.266869550123
0.26696348427
0.266878863358
0.266886302863
0.266856856718
0.266885833225
0.266896197489
0.266901580012
0.266848072752
0.266852310392
0.26678199775
0.266705638579
0.266674142008
0.266656836401
0.266688694754
0.266709562721
0.266717325092
0.266708882887
0.266765166487
0.266801611608
0.266969923325
0.266995408541
0.267037498129
0.267068051284
0.267205405334
0.267216420832
0.267178302607
0.267138384964
0.267159752026
0.267199646488
0.267214565461
0.267228549652
0.26718349039
0.267232587791
0.267311871827
0.267300068453
0.267465762571
0.267441525251
0.267390236015
0.267556419451
0.267541534216
0.267550029926
0.267556839675
0.267491815387
0.26749307343
0.267558079831
0.267561721356
0.267599239283
0.267647791597
0.26770621096
0.267703821685
0.267691873041
0.267639962524
0.267673813807
0.267653372449
0.267629314558
0.267706486664
0.267682194232
0.267696360174
0.267769513638
0.267777779767
0.267815233398
0.267802538521
0.267896965965
0.267914820863
0.267924742046
0.267922600515
0.267928927975
0.267928780534
0.2679893156
0.267946505366
0.267938540589
0.267960303021
0.267905714666
0.267861235682
0.267866317085
0.267879374908
0.267967888237
0.267909868011
0.267979753824
0.267973727164
0.267992992602
0.268039308161
0.268012012162
0.267973002344
0.267948377516
0.267928441897
0.267988411368
0.267973317922
0.26798970593
0.267931175444
0.267969625122
0.267978386428
0.267967006502
0.267958182264
0.268011144722
0.268103720027
0.268162973764
0.268119234398
0.268218952534
0.268168786549
0.268127729995
0.268107074748
0.268075840731
0.268055610013
0.268064273303
0.268122238172
0.268124399002
0.268136568295
0.268128579534
0.26810923532
0.268163793729
0.268164191301
0.268139535149
0.268124890923
0.26815026701
0.268170256809
0.268191091802
0.268318681553
0.26831668854
0.26833259334
0.268341063469
0.268309085673
0.26830942064
0.268304963032
0.268304696493
0.268318632065
0.268320894252
0.268293541581
0.268277999409
0.268253447762
0.268307408525
0.268303665667
0.268347135891
0.268398565329
0.268424494598
0.268385776475
0.268403797922
0.268418753621
0.268397996309
0.268397392985
0.268426266156
0.268481760619
0.268632460526
0.268628533791
0.268673885134
0.268635489369
0.268666087128
0.268673907351
0.268653438832
0.268677883673
0.268702445144
0.268669110009
0.268685274678
0.268668399446
0.268647794798
0.268606712545
0.268640541349
0.268733717657
0.268687315261
0.268636421251
0.26862208355
0.268695236399
0.268720133813
0.268719954094
0.268668176837
0.26864526956
0.268615918549
0.268605565917
0.268559912905
0.268560659518
0.2686052405
0.268564916761
0.268557780788
0.268528225691
0.268501686881
0.268491985131
0.268439683872
0.268474854873
0.268490827594
0.268559025657
0.268501173002
0.268482242917
0.268463672188
0.268465886673
0.268487085422
0.268538112553
0.268546886398
0.268598010618
0.268660320079
0.26871597039
0.268771421925
0.268793820689
0.268819494545
0.268786824904
0.268756923916
0.268730304136
0.26872029745
0.268718947498
0.268733984072
0.268680938495
0.268730887681
0.268771172901
0.268751700995
0.268756457413
0.268756388412
0.268765102945
0.268781077931
0.268773623767
0.26880000535
0.26884207176
0.268873303608
0.268886652422
0.268861351034
0.268853459862
0.268898140257
0.268905069029
0.268882001887
0.268886846679
0.268897386371
0.26891605416
0.268942716746
0.268945806485
0.268959610685
0.268986747544
0.269020853731
0.269111820206
0.26914712434
0.269089127085
0.269095285794
0.269087318369
0.269130376319
0.269214121319
0.26928376861
0.269297189222
0.269312371465
0.269328414749
0.269315452167
0.26927978381
0.269249859687
0.269245425165
0.269252167015
0.269207619699
0.26927275507
0.269269130526
0.269335092578
0.269311308471
0.269341496206
0.269377414705
0.269423233746
0.269433915472
0.269471984947
0.269550655016
0.269548516871
0.269542218538
0.269538151099
0.269527180865
0.269531146139
0.269507320286
0.269479566058
0.269456629308
0.269540680862
0.269567141994
0.269570472989
0.269608938157
0.269572721193
0.269560887117
0.269554526907
0.26956875164
0.269608899418
0.269603346474
0.269596802603
0.26964708025
0.2696847364
0.269724397439
0.269711783608
0.269682669778
0.26973153012
0.26979852473
0.269833613031
0.269822689676
0.269905532672
0.26992453453
0.269900689454
0.269969696894
0.269963430623
0.270026232632
0.270063686549
0.270073585592
0.270080698209
0.27006554671
0.270092498324
0.270022421301
0.270019819358
0.269969070021
0.270074732723
0.270078772869
0.270060479435
0.270165099727
0.270187711692
0.270239873756
0.270249782131
0.270255795368
0.270286190231
0.270358702658
0.270413495792
0.270356774796
0.270343980078
0.270445283513
0.270478271817
0.270524568534
0.270568135009
0.270637428528
0.270694850547
0.27064250415
0.270635507518
0.270622985686
0.270657554143
0.270668926774
0.270713532989
0.270705805013
0.270684541447
0.270664348215
0.270659145685
0.27069570515
0.270665380131
0.27066577911
0.27064158956
0.270606357123
0.270593274223
0.270644699421
0.270661855093
0.270683374714
0.270761070208
0.27076086081
0.270744390142
0.270721102349
0.27067444785
0.270684550894
0.270623841658
0.270710658864
0.27071444579
0.270679278756
0.270668887848
0.270634415549
0.270595317258
0.270550937763
0.270602694825
0.270635652789
0.270616026041
0.27063277548
0.270614974076
0.270651264444
0.270661272005
0.270699427321
0.270736048273
0.270718964802
0.270772771424
0.270794795935
0.2707781392
0.270767964867
0.270723670216
0.270713754573
0.270751842464
0.270754939116
0.270760235242
0.270809213541
0.270835353283
0.270837206438
0.270855706543
0.270939805758
0.271016358382
0.27101909511
0.270978431779
0.271009102834
0.271002084517
0.271045907276
0.271047931467
0.270982274858
0.27098692284
0.270967689845
0.270964726827
0.270953301778
0.270968768363
0.270976371113
0.2710102659
0.271042905416
0.271043857847
0.271067874283
0.271087464988
0.271152202802
0.271154419242
0.271131652674
0.271160941476
0.271140175372
0.271138710153
0.271198512823
0.271169539269
0.27124079868
0.271329377961
0.271326742205
0.271288803449
0.271249563663
0.271241625147
0.271270841029
0.271340743981
0.271348968217
0.27138479674
0.271388001515
0.27132903034
0.271313641985
0.271285653074
0.271283425834
0.271238503408
0.271289857989
0.271279104086
0.271332971225
0.271450237473
0.271460064228
0.271516403128
0.271467179009
0.27147955819
0.271508640387
0.27151771838
0.271540914034
0.271513064468
0.271582008598
0.271544577082
0.271579844384
0.271584822727
0.271542677855
0.271547287344
0.271537089951
0.271576841959
0.271561561817
0.271616610721
0.271635704488
0.271603589809
0.271680829275
0.271717553133
0.271717023995
0.271662468516
0.271728623674
0.271750784668
0.27173915374
0.271750885564
0.271774283452
0.271806613475
0.271836275378
0.271894442017
0.271930366396
0.271907626558
0.271876979982
0.27187653217
0.27185012155
0.271940033306
0.271957681535
0.271944356561
0.271900803325
0.271876619877
0.271891713376
0.271879564533
0.27195287002
0.272030230861
0.272063404549
0.272039996985
0.272088359214
0.272074004345
0.272056008986
0.272101534489
0.272100222415
0.272118683872
0.272108634429
0.272142565209
0.272126601687
0.27207564823
0.272069052639
0.272043053029
0.272074771046
0.272022382951
0.271975627316
0.272000411029
0.272014555745
0.272056160169
0.272047041031
0.272036341396
0.272046395939
0.27199660896
0.271966089602
0.271952604572
0.271971789931
0.271942249279
0.271937377006
0.271907386536
0.271936886084
0.27193346432
0.271883618035
0.271846577056
0.271846654308
0.271857315192
0.271872950131
0.271925164961
0.271895756729
0.271843281658
0.271866749651
0.271841272256
0.271946348264
0.27197992043
0.272017341584
0.271989060249
0.271986513623
0.27194069064
0.271917256549
0.271882896498
0.271864810688
0.271893506864
0.271915301099
0.271926519953
0.271947484475
0.271918771219
0.27195252338
0.271951211718
0.271978215469
0.271977279539
0.271976420447
0.271918883907
0.271907583221
0.271901499004
0.27194267313
0.271959523788
0.271947501571
0.271979999361
0.27202878583
0.272065909673
0.27203824529
0.272003925151
0.272070826059
0.272035458045
0.272064725161
0.272061907852
0.272014367658
0.272024459482
0.272046847508
0.272090788029
0.272082273761
0.272116381852
0.272111449255
0.272123191156
0.272119401263
0.272139979699
0.272130609017
0.272156832157
0.272205486842
0.272146752414
0.272175452525
0.272144258356
0.27211953008
0.272138337985
0.272222564348
0.27221305923
0.272169650876
0.272139623952
0.272140064183
0.272212071201
0.272267694482
0.272268531321
0.272315072221
0.272363517657
0.272375222475
0.27239646145
0.272375660929
0.272442243492
0.272451538165
0.272431017506
0.272427477427
0.272433129672
0.27241376274
0.272426084242
0.27243590609
0.272422251701
0.272392942266
0.272356691637
0.272399068548
0.272400109871
0.272404878124
0.272409738081
0.272391258339
0.272420941893
0.272451499542
0.27247869293
0.272523194449
0.272507616805
0.272528098139
0.272517639875
0.272562095118
0.272559026934
0.272562693435
0.272566819113
0.272586366836
0.272564714697
0.272621925969
0.272588649809
0.272604920648
0.272660858049
0.27270725636
0.272778007627
0.272802317526
0.272785069486
0.272751994595
0.272734704704
0.272714971614
0.272728758335
0.272754999262
0.272768521456
0.272769637382
0.272780606241
0.272748501932
0.272817982844
0.272790067414
0.272780179905
0.272831644899
0.272823007514
0.272851815333
0.272866780493
0.27287135628
0.272842793355
0.272847629564
0.27280013304
0.272778843557
0.272796499432
0.272902524266
0.272874884803
0.272882676891
0.27288567404
0.272903935823
0.272930380013
0.272907726295
0.272912389554
0.272986753566
0.273050578544
0.273074267174
0.273087240058
0.27310164917
0.273130534348
0.273154431686
0.273237522344
0.273224997379
0.273241650298
