0.176227990147
0.172925669152
0.176698043681
0.17682484218
0.171770902425
0.169394126165
0.169200425262
0.167515650969
0.167303322751
0.17073316898
0.170148488313
0.169531752218
0.176366329745
0.176588709636
0.179236928598
0.179322481312
0.181825644988
0.182811771069
0.187106406506
0.189307615494
0.19077925877
0.190429359474
0.192704897223
0.194629750186
0.194711000441
0.194541465465
0.195537827249
0.195934109125
0.196267438068
0.198230647014
0.198709554615
0.198591283481
0.198960031017
0.198367158411
0.200111104086
0.200458089553
0.201578026008
0.202549562169
0.203092836249
0.202554892109
0.203199275437
0.204694692655
0.20541938287
0.204982381201
0.206396087674
0.206588828059
0.207649454852
0.208200219705
0.209292550536
0.209862074612
0.21059296257
0.211744395173
0.213480494061
0.214475754504
0.215219925312
0.215931224987
0.217460316153
0.218068696602
0.219109811323
0.218928162044
0.220141056704
0.221020874936
0.221615825971
0.221192902866
0.221840575872
0.221674444963
0.221832181103
0.222603510979
0.222617332107
0.223363282401
0.223755639668
0.224101343032
0.224778048989
0.225067812095
0.225271001922
0.225907564551
0.225989413362
0.225838989696
0.226342326882
0.227112270982
0.227533295543
0.228206912927
0.227986472955
0.228134005888
0.228080966249
0.228663015505
0.22930298273
0.229443476035
0.229906325893
0.230162340341
0.230745245108
0.231213883907
0.231173372814
0.231718728099
0.231970496221
0.232063512769
0.232494357372
0.232425103377
0.232991760758
0.233251103776
0.233633626871
0.23379963651
0.233942624257
0.234177680405
0.234377126836
0.235251928258
0.235701143584
0.236069836151
0.236196318605
0.236229828783
0.236154278003
0.236264208107
0.236476716845
0.236468833708
0.236735417972
0.236914254748
0.237070629855
0.237471956895
0.237833433861
0.238281997321
0.238613255988
0.238981883442
0.238998586404
0.239184464458
0.239260515673
0.239210712616
0.239214679509
0.239246115438
0.239493430995
0.239946559107
0.240395381177
0.240748492982
0.241037258185
0.241283017881
0.241771790055
0.242115748342
0.242319876466
0.242841722057
0.243337403444
0.243547510004
0.24370405726
0.243698043228
0.243727817508
0.24376739737
0.24404854402
0.244258215551
0.244593536487
0.244636981293
0.24488206077
0.244807901591
0.244795097857
0.245055202939
0.245342105036
0.245619441411
0.245727674133
0.245684949146
0.246037928842
0.246212644988
0.24618520097
0.24635746287
0.246658206079
0.246773019021
0.246926440678
0.247213585618
0.247021607736
0.247257668329
0.247294926147
0.247202298996
0.24738796262
0.247576245311
0.247817285908
0.24797117286
0.248247020523
0.248393851216
0.248259568995
0.248050689988
0.248282171445
0.248352274777
0.24838775583
0.248526884292
0.248609069479
0.248728115162
0.248878232123
0.249042553346
0.249341046906
0.249332006665
0.249397037504
0.249420612688
0.249470210554
0.249389776774
0.249386415196
0.249428076865
0.249362666478
0.249444889703
0.249516229897
0.249517613622
0.249742707871
0.249873594487
0.250081070822
0.2501100147
0.249972986351
0.249874728973
0.249951341691
0.250046209147
0.250318065489
0.250452957094
0.250462625672
0.25073812167
0.25080161721
0.250768681901
0.250725123582
0.250888589847
0.250757077941
0.250726215637
0.250911860454
0.250963595396
0.251125105372
0.251067006027
0.251037318803
0.251144069959
0.251208980399
0.251366512921
0.251398574094
0.251381269609
0.251426945351
0.251480246336
0.251520743073
0.251616814541
0.251855107267
0.251925105584
0.251959464679
0.251997882567
0.251969098285
0.252162173565
0.252156942932
0.252240952385
0.252202684589
0.252354300476
0.252474812933
0.25263194929
0.252715552321
0.25288092445
0.252891972701
0.252897226044
0.253078675174
0.253089229492
0.253034539577
0.25303053543
0.253223738778
0.253292768991
0.253309791838
0.253366719547
0.25350093052
0.253554206087
0.253660192679
0.253701542901
0.253722151523
0.253711481053
0.253928895596
0.253937530598
0.254164887918
0.254168906589
0.2541671277
0.25406539073
0.254171551277
0.254278234671
0.254383934408
0.254465591921
0.254520057359
0.254471392289
0.254473758824
0.254515274955
0.254615218716
0.254726701843
0.254817271779
0.254673563747
0.254770823967
0.254689782843
0.25457854345
0.254559983506
0.25468684826
0.254758444985
0.254789402807
0.254876137999
0.254989183492
0.254966547564
0.255054130682
0.255214550239
0.255307637894
0.255423120226
0.25541637912
0.255436704913
0.255670263626
0.255808473592
0.255961286594
0.256065100919
0.256124541371
0.256182651819
0.256216498394
0.256278804879
0.256249293376
0.256171875412
0.256165290469
0.256178729859
0.256250605601
0.256263233666
0.256385206723
0.256525098396
0.256641789721
0.256695998466
0.256676277343
0.256741972266
0.25679192744
0.256887154525
0.256851755567
0.256976637063
0.257097842206
0.257102237758
0.257238925822
0.25720365379
0.257230967234
0.257346922009
0.257406185833
0.257450665464
0.257519859568
0.25739917456
0.257357405461
0.257448197191
0.257535477709
0.257648629505
0.257619365724
0.257667937512
0.25787006014
0.257888857771
0.2579032595
0.257943150634
0.257950291351
0.257935740213
0.258029639564
0.258049281317
0.258103359774
0.258261334549
0.258197035707
0.25811696757
0.258154594331
0.258202988552
0.258146678822
0.258172665099
0.258243961837
0.258291675429
0.258307495737
0.258176770886
0.258091598553
0.258012730687
0.257999917746
0.258024364616
0.258026651218
0.258081310878
0.258100959062
0.258038272758
0.258189155787
0.258338954575
0.258388379294
0.258299769076
0.258471234923
0.258506206937
0.258433266858
0.258394384683
0.258401338192
0.258365905568
0.258353329907
0.258298790093
0.258408773718
0.258418562044
0.258418808463
0.25849116513
0.258480498965
0.25862908183
0.258646034334
0.258640874105
0.258721533842
0.25880079741
0.258705535912
0.258686422415
0.258729565983
0.258673701887
0.258576401261
0.258571736628
0.258646301929
0.25877464983
0.258759141794
0.258725790101
0.258700312393
0.258695267604
0.258777421476
0.258913886484
0.258908662223
0.259046460155
0.259087565274
0.259161685249
0.259330088017
0.259383454998
0.259420428844
0.259514654687
0.259503434132
0.259546208353
0.25952795756
0.259578855703
0.259625866692
0.259603442187
0.259529368431
0.259558297648
0.259507681455
0.259482620989
0.259565733464
0.25964026505
0.259716621375
0.25965248105
0.259664451327
0.259750535491
0.259767526615
0.259879383054
0.259973508889
0.259955602553
0.259989635007
0.25998406929
0.259939654483
0.259975541684
0.260030083074
0.260141131327
0.260111516454
0.260153458616
0.260267795865
0.260224258913
0.260168996336
0.260150788837
0.260275057854
0.260292034406
0.260385207986
0.260407393953
0.260344577007
0.260286376835
0.260278029946
0.260357704377
0.260414392686
0.260398530064
0.260504433429
0.260655746107
0.260695569126
0.260831085251
0.260910475644
0.260908829694
0.260883083936
0.260997329841
0.261035721884
0.261024827318
0.261085885375
0.261182784245
0.26126336634
0.261341230584
0.261275166865
0.261286321263
0.26138606884
0.261366104148
0.261360339052
0.261429951192
0.261431113625
0.261434156362
0.261509224134
0.261566093444
0.261613077911
0.261722226785
0.261753189289
0.261680172758
0.26177600478
0.261728835592
0.261838988225
0.26189601227
0.261969830915
0.262061110957
0.262075861978
0.262149203005
0.262178920684
0.262205145781
0.262236573712
0.262224537357
0.262327661953
0.262466296917
0.262482575342
0.262534400891
0.26258851552
0.262667213907
0.262637258994
0.26263848671
0.262721141188
0.262778192033
0.262902408125
0.262959091236
0.262979323247
0.263118007921
0.263150931646
0.26315067697
0.263153947398
0.263194454348
0.263318359641
0.263344549163
0.263482798037
0.263435086393
0.263407276435
0.263437405707
0.263443972153
0.263468660397
0.263606680101
0.263623582378
0.263681452419
0.263644073481
0.263672350805
0.263617159729
0.263746144949
0.263829341758
0.263873666826
0.263896185794
0.263948990861
0.263981096916
0.264018011505
0.264005664758
0.264018872697
0.264016241563
0.264055993041
0.264023946156
0.263931297864
0.264015219418
0.264062407376
0.264086123964
0.264180012279
0.264242792621
0.264225114815
0.264277491449
0.264272160637
0.264318415927
0.264332807162
0.264371877055
0.264479571809
0.264555165193
0.264499710634
0.264486153114
0.264536421686
0.264565865148
0.264556107707
0.26461875996
0.264675995771
0.264780150126
0.264832960298
0.264794543391
0.264876611258
0.264915986961
0.264951621191
0.264984420824
0.264987712084
0.265001770731
0.265059727005
0.265040009571
0.265008293566
0.265087226632
0.265160933127
0.265176441895
0.265188049984
0.265159670505
0.265318188097
0.265321191188
0.265370925817
0.26546802411
0.265505684115
0.265547950589
0.265587521621
0.265642540112
0.265690861929
0.26569019339
0.265713522168
0.265671653826
0.265625238789
0.265654362002
0.265668820109
0.265667349808
0.265713989036
0.265736905311
0.26580873024
0.265788426093
0.265817155318
0.265843049454
0.265903580198
0.2658553057
0.265834737627
0.265910363073
0.265895323435
0.265866459038
0.265933294461
0.265973516637
0.266064247581
0.266047007799
0.266066410691
0.266129343786
0.266104726128
0.266186192973
0.266322070843
0.266355660059
0.266431167305
0.266416505752
0.266467941669
0.266497905247
0.266469271708
0.266439752742
0.26650493691
0.266501354901
0.266518371303
0.266524895047
0.266573636629
0.266620708355
0.266644164263
0.266633963768
0.266684291615
0.266726628598
0.266758029759
0.266788464975
0.266867861669
0.266861699962
0.266952013016
0.267027153571
0.267027205346
0.267038545635
0.267062477614
0.26708516216
0.267148469528
0.26709642692
0.267166986404
0.267200296859
0.267312156594
0.267384746041
0.267402082692
0.267383683566
0.267421246535
0.267487606379
0.267415931171
0.267431050916
0.267463113269
0.26749724778
0.267521976577
0.267529073724
0.26753059364
0.267563646997
0.267560374626
0.267571833404
0.267557886178
0.26755111143
0.267563320718
0.267588178071
0.267643368935
0.267671010418
0.267747703463
0.26772291623
0.267742625916
0.267775296523
0.267785475439
0.267750423839
0.267740356074
0.267726941176
0.26774737878
0.267772915574
0.267814676882
0.267878674866
0.267886297477
0.267908053781
0.267952189428
0.268010483578
0.268072686242
0.268029453054
0.268095047989
0.268147044132
0.268151040578
0.268153453108
0.268189102713
0.268211282157
0.268216291746
0.268226624425
0.268288643761
0.268239261683
0.268255649646
0.268280597226
0.268273784288
0.268279402831
0.268324610154
0.26826608696
0.26829369124
0.268366281875
0.268437499867
0.26847067715
0.268534315533
0.268552615903
0.268577279904
0.26856018193
0.268605910582
0.268632587718
0.268633556927
0.268631377029
0.268704937861
0.268710168123
0.268701653733
0.268695081102
0.268663154305
0.268664001412
0.268721021776
0.268778335096
0.268762884405
0.268815849429
0.268872219818
0.268881316225
0.268878581215
0.268920165064
0.268934055158
0.268919363703
0.268922714879
0.268935930026
0.26899061395
0.269041170261
0.269081376577
0.269090905772
0.269110490407
0.269144477905
0.269133671772
0.269191084979
0.269231758125
0.26930659986
0.269378284456
0.26941638042
0.269431166174
0.269386305203
0.269378746097
0.269375868556
0.26941009099
0.269446534507
0.269488274081
0.269547767929
0.269572390363
0.269566553352
0.269592365543
0.269649744199
0.269634150747
0.26965508505
0.269655400368
0.269672969861
0.269695458357
0.269712790506
0.269798179845
0.269870723266
0.269918264094
0.269987227822
0.270078109841
0.270129482321
0.27015147306
0.270166664709
0.270230589976
0.270268469544
0.270367095352
0.270368113323
0.270387552614
0.270430776643
0.270419339652
0.270423876745
0.270448570402
0.270516089934
0.270547955139
0.270634455052
0.270638910015
0.27065250676
0.270731738228
0.270804855105
0.270833668499
0.270836327785
0.270867362566
0.270860152517
0.270842005944
0.270915610656
0.270953839379
0.27101430055
0.271029557792
0.271038221686
0.27109924892
0.271136368573
0.27113296906
0.271205193944
0.271205078396
0.271254360748
0.271230261644
0.271244682905
0.271307013899
0.271321885525
0.271381170077
0.271370875681
0.271424955302
0.271458634861
0.271412807297
0.271405509173
0.271419170048
0.271416181887
0.271418705302
0.271447144663
0.271451257082
0.271484942055
0.271505765418
0.27152275582
0.271550883072
0.271592881054
0.271603464372
0.271630542975
0.271679099078
0.271680651456
0.271754276247
0.271764639214
0.271762564934
0.271808764524
0.271836446908
0.27191441511
0.271935608833
0.271953327249
0.27192707861
0.271932324274
0.271952500605
0.271961664738
0.271952646677
0.271959629565
0.272030856999
0.27203547791
0.272125315932
0.272117878417
0.27213594773
0.27219674039
0.272232633875
0.272265795637
0.27228768474
0.272345589789
0.272401458545
0.272452739041
0.272474053731
0.272518361907
0.272565583777
0.272588690333
0.272622878039
0.272688452034
0.272737696121
0.272748156973
0.272759783748
0.272749182616
0.272759822835
0.272817749302
0.272835809443
0.27286580274
0.27291282796
0.272962931414
0.273012366155
0.273058444766
0.27305936653
0.273084093285
0.273103964504
0.273108025132
0.273092661832
0.273100206711
0.273109736708
0.273151929623
0.273153423041
0.273180661512
0.273244898323
0.273283364946
0.273369406338
0.273405098106
0.273426546271
0.273460996842
0.273473421632
0.273512033099
0.273577973708
0.273610355362
0.273607245724
0.273673701062
0.273705578206
0.273729621118
0.273761100331
0.273738847766
0.273806867864
0.273807905434
0.273859399366
0.273877583786
0.27386742193
0.273884608463
0.273895171441
0.273961899396
0.273987882308
0.273974411621
0.27399021768
0.274000257626
0.274025318497
0.274004434228
0.274064995395
0.274072453389
0.274088217069
0.274088100989
0.274126589441
0.27415682445
0.274174692969
0.274256812619
0.274291461696
0.274373258594
0.274379791187
0.274433716661
0.274426543413
0.274452425722
0.274484674048
0.274515096971
0.274565923558
0.274575678454
0.274574167823
0.27464439315
0.274682493162
0.274686653018
0.274706032306
0.274739826067
0.274737101949
0.274771964211
0.274807251219
0.274872924295
0.274932021392
0.274959982303
0.274983023248
0.275007559359
0.275028689796
0.275039751072
0.275033260667
0.275066689822
0.275127122842
0.275171688624
0.275199352382
0.27522807972
0.275264553889
0.275268669063
0.275291025415
0.275294653003
0.275342073915
0.275365275324
0.275388128035
0.275466569421
0.275506046466
0.275541854922
0.275535608891
0.275567997943
0.275593918101
0.275612353367
0.275646047866
0.275705655528
0.275701083342
0.275719902884
0.275761543593
0.275767141214
0.275810422716
0.275795333557
0.275858154076
0.275895681461
0.27592294533
0.275947676204
0.275946217466
0.276011777016
0.276011617959
0.276059513593
0.276096146035
0.276084548958
0.276118404139
0.276173851912
0.276187912579
0.27621192576
0.27626807758
0.276315134331
0.276392921886
0.27640333851
0.276429888428
0.276486507091
0.276556178919
0.27659109345
0.276669684025
0.276695596501
0.276743221758
0.276776092658
0.276776604021
0.276758506951
0.276812819528
0.276826522544
0.276838942486
0.276831315802
0.276855539879
0.276890455562
0.276974302119
0.276999960071
0.277063531627
0.27705178223
0.277147308293
0.277197507727
0.277215530771
0.27726015073
0.277278915341
0.277324183373
0.277327108367
0.277318396463
0.277366570892
0.277384563939
0.27738223251
0.277370523395
0.277431334907
0.277444623062
0.277455995603
0.27748001503
0.277511710484
0.277549635029
0.277568238237
0.277588826365
0.277630636751
0.277630292205
0.277727774106
0.277777860331
0.277786012352
0.277747319664
0.277760260916
0.277787070495
0.277814098132
0.277843742434
0.27788976761
0.277920104274
0.277928429318
0.277963984938
0.277982625794
0.27798996038
0.278031803482
0.278036102642
0.278066259677
0.278098058063
0.2781586514
0.278212047547
0.278251427248
0.278295837135
0.278325592026
0.278358732178
0.278406382882
0.278459684071
0.278482476515
0.278517676451
0.278551959922
0.278622174084
0.278641933883
0.278682859522
0.278694972938
0.278746118789
0.278751066445
0.278800442164
0.278850117748
0.27888071079
0.278892563989
0.278924389599
0.27896404627
0.278993831102
0.279026538587
0.279015419634
0.279045945516
0.279050263395
0.279093817421
0.279123596126
0.279160184417
0.279190464657
0.279233520164
0.279254353189
0.279269080475
0.279286336276
0.279290561467
0.279315983688
0.279394046888
0.279446647172
0.279472355041
0.279511150743
0.279550172261
0.279632807004
0.279709752135
0.27974913624
0.279793827306
0.279814031923
0.27983053953
0.279868532036
0.279931550823
0.279975682675
0.279988708532
0.280017967056
0.280081562632
0.280078044192
0.280112944347
0.280160982799
0.280214556033
0.280219543507
0.280212229588
0.280239739281
0.280276994897
0.280283043477
0.280297726893
0.280331004207
0.280377844348
0.280418218059
0.280435540633
0.280454247687
0.280476141438
0.280504873972
0.280534790367
0.2805742521
0.280592535028
0.280646767163
0.280654034596
0.280684160783
0.280711728067
0.28077759048
0.280841963774
0.280873933146
0.28093638434
0.280969012217
0.281014829327
0.281033513107
0.281035094797
0.28102007904
0.281059383736
0.281092556638
0.281167442554
0.281218105186
0.28123924361
0.281269986084
0.281305342097
0.281338721502
0.28136044431
0.281357956713
0.281408403194
0.281446730825
0.281482563633
0.281513073449
0.281536932936
0.281583349834
0.281597466709
0.281630237958
0.281667989535
0.281681218475
0.281702397284
0.281771858766
0.281804591121
0.281830441685
0.28185196853
0.281864665716
0.281922488855
0.281955244643
0.281961967913
0.281949775256
0.281986309013
0.282040967184
0.282107312038
0.282146376706
0.282136136149
0.282192189837
0.282225364195
0.282243833083
0.282272988182
0.282287729726
0.282307057917
0.282362793415
0.282398888937
0.282396934383
0.282419771289
0.28244916892
0.28245584926
0.282468255955
0.282513208568
0.282558066708
0.282610395022
0.28265692763
0.282672137277
0.282717833115
0.282739685149
0.282813952909
0.282880835023
0.282881663603
0.282912574542
0.282948254536
0.282985187522
0.283011891578
0.283035822349
0.283084808539
0.283113165254
0.283140639326
0.283204252777
0.283252356286
0.28327926741
0.283329928208
0.283335379337
0.283364664291
0.283409750049
0.283463071641
0.283494773047
0.283529235042
0.283571198022
0.283619231477
0.283649513295
0.283700567645
0.283715166116
0.283729255999
0.283764693379
0.283802377121
0.283846296186
0.28387497285
0.283951934384
0.283960282284
0.28396299765
0.284005209129
0.28402542488
0.284053555483
0.284070946361
0.284120751883
0.284142803061
0.284157904067
0.284186330378
0.284196597285
0.284209144745
0.284231171606
0.284261537423
0.284308062757
0.284337875804
0.284349157077
0.284412557374
0.284428959336
0.284439152048
0.28447404403
0.284458003708
0.284491355724
0.284508732551
0.284556355114
0.284585839491
0.284608030593
0.284679293054
0.284699142384
0.28474814166
0.284766030019
0.284796194429
0.284826767216
0.284818190474
0.28480956965
0.284829332621
0.284828876737
0.284859279135
0.284901971322
0.284934842134
0.284943072859
0.284979127499
0.28500525022
0.285028793694
0.285066666166
0.285111884972
0.285161458135
0.285207368681
0.28523999173
0.285270370279
0.285289590258
0.285310601827
0.285368305138
0.285389873718
0.285434938923
0.285442440844
0.285447277185
0.285469351754
0.285510994652
0.285557280545
0.285613402854
0.28564898977
0.28565730822
0.28567549141
0.285721287464
0.285757557779
0.285795804258
0.285824866633
0.285849524976
0.285872055168
0.285942117882
0.285949074293
0.285994094005
0.286025382669
0.286075903458
0.286120579913
0.286147075144
0.286169782467
0.286229072827
0.286265656516
0.286295693274
0.286321643766
0.286345178083
0.286367745883
0.286385998895
0.286425301436
0.286444214603
0.286463038852
0.286525790364
0.286555694312
0.2866046063
0.286617124037
0.286665262008
0.28669144717
0.286712730893
0.286751852229
0.286756711183
0.286799928275
0.286837812084
0.286868908923
0.286903909501
0.286899433324
0.286908384657
0.286943181111
0.286957817053
0.286992181851
0.287032564288
0.287059140495
0.287084516229
0.287105072104
0.287167015144
0.287230599338
0.287288154988
0.287323459471
0.287364603366
0.287389491234
0.287405603937
0.287441788045
0.287480602349
0.287552415336
0.287582268816
0.287630220654
0.287634950054
0.287664446916
0.287685698363
0.287718819361
0.287771199038
0.287794901812
0.287844598576
0.287879624099
0.287915282978
0.287934869134
0.287961778375
0.287998540242
0.288036467855
0.288055846403
0.288070172902
0.288114462619
0.288133699755
0.288157786643
0.288198148346
0.288217931789
0.288254556931
0.288277667162
0.288335308983
0.288354342335
0.288386939467
0.288399096845
0.288421214063
0.288457992901
0.288468317228
0.288537666369
0.288572944722
0.288626201813
0.288681679864
0.28870152026
0.288721660076
0.288748275859
0.288789330471
0.288825193137
0.288904432484
0.28893960119
0.288963940326
0.289002504639
0.289048606048
0.28905624792
0.289093881493
0.289106612032
0.289127148139
0.289164454042
0.289201961058
0.289256824469
0.289294918385
0.289343740862
0.289401199585
0.289417747516
0.28944394635
0.289462377834
0.289456371192
0.289481963841
0.289511242627
0.289538422514
0.289554493152
0.289587365804
0.289628485063
0.289639084932
0.28967125593
0.289704493225
0.289729567478
0.289762227661
0.28978637582
0.289808090849
0.289854341802
0.289899111649
0.289923014175
0.289968307802
0.290005245447
0.290049852262
0.290094375454
0.290128971603
0.290144341489
0.290161471079
0.290184388156
0.290197598108
0.290236215913
0.290277795811
0.290297208692
0.290319335108
0.290350330053
0.290375171945
0.290418963714
0.290453796676
0.290473468899
0.290514310634
0.290544647376
0.290545073451
0.290546318431
0.290598710228
0.29061183288
0.29063887121
0.290688916463
0.290713219154
0.290765932739
0.290780475379
0.29082543167
0.290852448187
0.290906080853
0.290946837528
0.290956684779
0.291010425568
0.291009772221
0.291056391603
0.291119624031
0.29117652254
0.291233248699
0.291259107399
0.291286760194
0.291300849663
0.291331829243
0.291382937701
0.291433447332
0.291448866845
0.291486960215
0.291553394397
0.291581028369
0.291610417347
0.291644621705
0.291700149087
0.291741686221
0.291770785638
0.291791758352
0.291817379604
0.291868614536
0.29186983898
0.291891632701
0.291898854895
0.291927727254
0.291990719373
0.292039495599
0.292074398614
0.292137770496
0.292180043381
0.29220664183
0.292226051346
0.292269128806
0.29229053989
0.292310518415
0.292363379308
0.292402700243
0.292431239365
0.292477767591
0.292515162082
0.292520694947
0.292550666867
0.292584481583
0.292625876466
0.29266605972
0.29268240708
0.292730736213
0.292755076728
0.292786645877
0.292821678268
0.292851275692
0.292878838967
0.292907943969
0.292941165762
0.292978560626
0.293021584497
0.293060248313
0.293081469845
0.293143752993
0.293181825113
0.293221710054
0.293239905654
0.293241142951
0.293253647529
0.293289629761
0.293315982419
0.29332850893
0.293371396706
0.293403545191
0.293452154239
0.293479785676
0.293504559802
0.293529778255
0.293583523882
0.293609303879
0.293637442768
0.293666486571
0.293688150397
0.293717380748
0.293726598215
0.293748830471
0.293777138427
0.293805823156
0.293814253681
0.293849383433
0.293872506059
0.29392107242
0.293956399116
0.294021184479
0.294049861864
0.29407736778
0.294098029063
0.294119031613
0.294149408234
0.294191582922
0.294230344982
0.294275542727
0.294280784164
0.294305284332
0.294327558953
0.294343042223
0.29437827585
0.294401460233
0.29441599307
0.294443737583
0.294469118829
0.294474542106
0.294501257023
0.294537151975
0.294565982359
0.294587397247
0.294603859433
0.294635390336
0.294680642282
0.294712805127
0.294730687273
0.294746591197
0.294777226089
0.294849003055
0.29487855917
0.294922596089
0.294956033385
0.294986457688
0.295003789744
0.29503473309
0.295087591745
0.295121251996
0.295151401972
0.295200303424
0.295246881116
0.295283308273
0.295311699405
0.295358402952
0.295383677585
0.295415531466
0.295474145185
0.295518371238
0.295549562743
0.295581480295
0.295586699333
0.295626238783
0.295656369743
0.295671911232
0.295727226099
0.295760255487
0.295809390712
0.295856037762
0.295896428685
0.295944599124
0.295972227448
0.296014236826
0.296035045561
0.296053780516
0.296078090944
0.296117849291
0.296161683202
0.296206025357
0.296237925022
0.296261357002
0.296294557817
0.296328459344
0.296372624734
0.296416414278
0.29645145394
0.296498844646
0.296561751022
0.296604458625
0.296628549738
0.296662615545
0.296684927501
0.296715292077
0.296725219789
0.296752749951
0.296778924541
0.296800755064
0.296859308211
0.296895616373
0.296933453063
0.296967404691
0.296985175464
0.297009497432
0.297020963124
0.297033690922
0.297065213268
0.29708615056
0.2971208306
0.297167214983
0.297183685141
0.297211299783
0.297249791959
0.297287786583
0.297306502246
0.297335159837
0.297369870877
0.29741086689
0.29743737454
0.297484295789
0.297508008158
0.297561437072
0.297598532236
0.297611385657
0.297653339374
0.297700037648
0.297731887356
0.297753331937
0.297811584176
0.297862760589
0.297874698965
0.297929352361
0.297977651025
0.297997107807
0.298039775043
0.29806851231
0.298093550585
0.298136629944
0.298164303575
0.298193957143
0.298212207003
0.298251997125
0.298296057687
0.29833529172
0.298377675671
0.298392831989
0.298429019672
0.298451422599
0.298509186003
0.298544861524
0.298559169463
0.298606453944
0.298646203592
0.298699856902
0.298711348423
0.29872992217
0.298767335101
0.29881954459
0.298886339086
0.298931559498
0.29894646691
0.298966004467
0.298990229978
0.299015457053
0.299049601627
0.299072258129
0.299121498851
0.299140182195
0.299170395564
0.299204419969
0.29923269688
0.299266644514
0.299296796109
0.299321900403
0.29934105753
0.299355462283
0.299398823246
0.299426497491
0.29947183386
0.299500360922
0.299541403385
0.29957627813
0.299595200294
0.29962908851
0.299648403065
0.299693118094
0.299726098699
0.299749961975
0.299777322778
0.299810921415
0.299854979657
0.299893061741
0.299931361525
0.299958215451
0.299985811418
0.300019063003
0.30003692979
0.300070816525
0.300123316539
0.300159191445
0.300181216128
0.300210075845
0.300239889968
0.300283840055
0.300304946748
0.300342575496
0.300400115123
0.300427045393
0.300447524895
0.300472455378
0.300503404005
0.300532702754
0.300558615529
0.300597959726
0.300631807378
0.300654591202
0.300667368563
0.300703782785
0.300734157639
0.300766313403
0.300805200756
0.30081968923
0.300861272974
0.300895925645
0.300923033945
0.300955145784
0.300980285874
0.301032130702
0.301072166676
0.301087590308
0.301120403998
0.301153086797
0.301213055521
0.30125235973
0.301288179471
0.301304126834
0.301338248269
0.301376500242
0.301414994692
0.301457138455
0.301487713469
0.301527438455
0.30155282506
0.301579827149
0.301601442597
0.301619005036
0.301638830496
0.301663511176
0.301694338907
0.301700912184
0.301748675662
0.301778422258
0.30182431621
0.30184589388
0.301871303195
0.301886086286
0.301917673756
0.301955865246
0.301987509141
0.302025412618
0.302082429564
0.302114015417
0.302150000723
0.302177435737
0.302213633205
0.302237735132
0.302251992038
0.302291436144
0.302314995084
0.302348796223
0.302391743723
0.302429229091
0.302462767842
0.302489632877
0.302506502917
0.302545962378
0.302582548299
0.302626178595
0.302657094204
0.302676008413
0.302710836771
0.302753270514
0.302787499755
0.302803903591
0.302836803409
0.302858549779
0.302891874076
0.302919373555
0.30297047463
0.303005864201
0.303024992535
0.303048964361
0.303111964598
0.303152677019
0.303152507248
0.303211018555
0.303235364108
0.30329535492
0.303332451591
0.303360009291
0.303393224355
0.303419588486
0.303446504255
0.303493249052
0.30351988596
0.303534179393
0.303567795224
0.30360121313
0.30362921224
0.303646199122
0.303690422795
0.30374846612
0.303779968958
0.303821725467
0.303866919978
0.30388640096
0.303939713132
0.303968585572
0.303996925861
0.304029970164
0.304069942668
0.304119592634
0.304139393781
0.304172311404
0.304232280067
0.304271093818
0.304299803886
0.304328654723
0.304353278499
0.304395354737
0.304418095592
0.304433619927
0.304456524518
0.304494073594
0.304526590479
0.304562825044
0.304580067401
0.304626339293
0.304680530652
0.30471754257
0.304747251911
0.304770446918
0.304811122444
0.304838844126
0.30486502295
0.304890994026
0.304921985566
0.304955732372
0.305019217213
0.305045739464
0.305075680424
0.305088567812
0.305125209169
0.305177407232
0.305210188127
0.305234148395
0.305264030725
0.30530215387
0.305337621735
0.305365786
0.305391670352
0.305418906719
0.305448856204
0.305467921904
0.305494422912
0.305530707189
0.305574441178
0.30561150004
0.305643066021
0.305679515246
0.305694383252
0.305724371069
0.305771108841
0.305802641424
0.305838779963
0.305851761207
0.305881372219
0.305908565653
0.305940778572
0.305985285273
0.306019756184
0.306042460441
0.306075399653
0.306095778284
0.306115586915
0.306147431488
0.306188396763
0.306203904554
0.306234471062
0.306277510457
0.306299785874
0.306312249727
0.306350013586
0.306383776585
0.306426631936
0.306465420162
0.306486336796
0.306516473156
0.306557883006
0.306593536517
0.306622212658
0.306628271064
0.306669654387
0.306709974579
0.306731687519
0.306773989025
0.30680151256
0.306837092866
0.30688411647
0.306920974015
0.306974071201
0.307023082093
0.307043368247
0.307084759404
0.307117879563
0.307144068336
0.307180679201
0.307210251973
0.307236007705
0.307253142021
0.307282301543
0.307308345729
0.30734718954
0.307362161654
0.307391000437
0.307410999646
0.307442542984
0.307478255546
0.307511466906
0.307538258518
0.307560287922
0.307586221285
0.307611262357
0.307641293659
0.307659264938
0.307668663782
0.307697036757
0.307723839346
0.307750146284
0.307773253892
0.307799384885
0.307837174126
0.307872770188
0.307907271857
0.307931376185
0.307965464373
0.307985303196
0.308024114224
0.3080540764
0.308103921482
0.308134813177
0.308151981108
0.308187977319
0.30821877708
0.308252470095
0.308283149212
0.308310171116
0.308328313659
0.308352012508
0.308367782435
0.3084162275
0.308458984018
0.308502242881
0.308529456618
0.308555107844
0.308593669318
0.308623900281
0.308657078325
0.308667415083
0.308715075552
0.308744647374
0.308765452018
0.3087898921
0.308811411497
0.308846089358
0.308888413185
