0.0134203680305
0.0173177403794
0.017631445411
0.0176097794599
0.0180583256399
0.0180155069741
0.0176427539969
0.0177894512225
0.0175801124161
0.0178454942969
0.0175252793331
0.0179816874688
0.0179284952125
0.0180508208514
0.0185543916975
0.0186882513473
0.0184229311861
0.0187728664591
0.0186533840688
0.0185736859331
0.0186552931912
0.0187627611476
0.018715847843
0.0185398351682
0.0184634829732
0.0186239437864
0.0184835902339
0.018631663488
0.018477842546
0.0185503007185
0.0185142124166
0.0185353799123
0.0187089974373
0.0186565842014
0.0187383120455
0.018606304105
0.0185834458064
0.0185301888391
0.0187201680998
0.0187054357008
0.0189296742436
0.0189275244927
0.0188422143479
0.0189083377256
0.0189672861522
0.0191043131393
0.0191644998105
0.0191579864978
0.0192917628349
0.0192809448355
0.019338368254
0.019359335319
0.0194554631068
0.0194735616879
0.0194672571678
0.01953731414
0.019596611846
0.0196569372065
0.0197168773618
0.0198092173316
0.0197724399077
0.0198330545756
0.0198653719628
0.0198322505771
0.0198153266385
0.0198759795622
0.0198555585157
0.0199367527282
0.0199424995543
0.0199961135022
0.0200407716602
0.0201204034415
0.020153557786
0.020138674278
0.0201463268638
0.0201508138743
0.0201164032941
0.0200953658331
0.0200988227616
0.0201035495709
0.0200704965738
0.0201035207155
0.0201447296653
0.0201700932598
0.0201609205083
0.0202486419737
0.0202860783087
0.0202991202627
0.0203364372511
0.020351213732
0.0203403857368
0.0204244979805
0.0204337792585
0.0204826089179
0.0205006071998
0.0204330822898
0.0204824385414
0.0204937725087
0.0205011643371
0.0205406422698
0.0205360987638
0.0205678767696
0.020580435428
0.0205647788276
0.0206163012752
0.0206194042141
0.0206583119615
0.0206963504726
0.0207769023725
0.020750106545
0.0208404433912
0.0208429123803
0.0208639341782
0.020979414855
0.0210099224773
0.0210198816752
0.0211151682186
0.021179190865
0.0212158613833
0.0212800440616
0.0212830364407
0.0212940771403
0.0213608229097
0.0213743429143
0.0213853939901
0.0214058822215
0.0214211436434
0.0214404582439
0.0215079321989
0.0214787786259
0.0215010470947
0.02152296367
0.021586475308
0.0216075002936
0.0216667380565
0.0217091054652
0.021696914428
0.0217227903401
0.021744384031
0.0218032647653
0.021871691015
0.0218775366373
0.0219467009848
0.0219511101209
0.0219590348185
0.021984090191
0.0220412150133
0.022083806513
0.0221478658184
0.0222052476016
0.0222392111773
0.0222708658712
0.0223293245445
0.0223036784963
0.0223365640629
0.022362366596
0.0223978961022
0.0224086524432
0.0224463130645
0.022471439776
0.0225530087853
0.0225769223942
0.0226132358926
0.0226331690786
0.0226629816072
0.0226808238334
0.0226855289763
0.0226939100407
0.022771396493
0.0228118166851
0.0228331555354
0.0228885169775
0.022939719552
0.0230020499392
0.022998765021
0.0230931007455
0.0231064951989
0.0231148839644
0.0231942470015
0.0232255871223
0.0232352308401
0.0233084142804
0.02334811317
0.0234084950159
0.0234460525633
0.0235113422495
0.0235548470972
0.0235741314778
0.0236228400591
0.0236844444813
0.0237384919111
0.02372835516
0.0237979218647
0.023809286914
0.0238897472403
0.0239368833436
0.0239686377978
0.0239794133734
0.0240382806156
0.0240565158438
0.024121106811
0.024163189871
0.0242152743404
0.0242377948664
0.0242946021494
0.0243043757566
0.024357849301
0.0243704802466
0.0243939486143
0.0244526090053
0.0245091203086
0.0245677396125
0.0245787151124
0.0246197377043
0.0246500611622
0.0247157385573
0.0247897773734
0.0248224574024
0.0248956323886
0.0249387111719
0.0249842632926
0.0250660551342
0.0251166994642
0.0251436471276
0.0251796674426
0.025209557496
0.0252609772789
0.0253276555409
0.0253704709734
0.0254238678751
0.0254839757737
0.0255225199534
0.0255633430883
0.0256000452588
0.025615197343
0.0256356413319
0.025672103277
0.0256986383337
0.0257216732899
0.0257756106545
0.0258028415681
0.025820251429
0.0258542673127
0.0258876082439
0.0259200013526
0.025945391975
0.025978358844
0.0260505674899
0.0261159942105
0.0261788872055
0.0262201123716
0.0262745597292
0.0263133089137
0.0263510081438
0.0263964724204
0.0264646387314
0.0264909296884
0.0265311873526
0.0265583010164
0.0265960051422
0.0266489851035
0.0267117595344
0.0267582609797
0.0268085583975
0.0268004795742
0.0268639571936
0.0269263131359
0.0269743748909
0.0270362843217
0.0270654896315
0.0271233125923
0.0271756109003
0.0272012027063
0.0272565643532
0.0273205760738
0.0273408102781
0.0273871045585
0.0274248307869
0.0274287569817
0.0274951953111
0.0275672063219
0.0276147651398
0.0276764575769
0.0277172592221
0.0277632401403
0.0277923348366
0.027854817798
0.0278646606517
0.0279240789246
0.0279843659384
0.0280283963072
0.0280835667084
0.0281367549991
0.028201330461
0.0282531171018
0.0283178294957
0.0283657098889
0.0284120923375
0.0284573095542
0.0284861928289
0.0285191495245
0.0285817274
0.0286319423454
0.0286712397763
0.0287413311383
0.0287882599472
0.0288526790863
0.0288721436022
0.0289002774901
0.0289501083779
0.0289976147712
0.0290471937481
0.0291127361506
0.0291543868814
0.0292047112618
0.0292459421229
0.0292889140757
0.0293508269533
0.0294091560693
0.0294689696124
0.0295276538933
0.0295967277476
0.0296489776595
0.0296806434869
0.0297303250386
0.0297656795818
0.0298260700774
0.0298846568803
0.0299522094715
0.0300165091494
0.0300611416438
0.0301236650723
0.0301820735654
0.0302388714013
0.0302757261316
0.0303130947537
0.0303647416065
0.0304019651533
0.0304535896203
0.0304762493258
0.0305246125311
0.0305828759636
0.0306349327322
0.0306770114869
0.0307388147274
0.0307949862682
0.03084446133
0.0308826401999
0.0309351202228
0.0309844751228
0.0310360991317
0.031075165273
0.0311274943889
0.0311940624646
0.0312380427359
0.0312961854031
0.031361393739
0.031412020108
0.0314538578091
0.0315063076136
0.0315546455788
0.0316163682791
0.0316791628698
0.0317489177621
0.0318093336123
0.0318701439279
0.0319253480286
0.0319824913112
0.0320544557514
0.0321239851645
0.0321939206209
0.0322341133351
0.0322640558951
0.032303691582
0.0323677030875
0.032412583553
0.0324600535654
0.0325388968653
0.0325890408029
0.0326456410693
0.0327008897051
0.0327671596492
0.032800550436
0.0328243356202
0.0328683029601
0.0329117413781
0.0329575681963
0.0329981232306
0.0330561435181
0.03311667286
0.0331672224146
0.0332201967679
0.0332766121884
0.0333410635015
0.0333992526921
0.0334549496944
0.0335236628658
0.0335978304836
0.0336366521408
0.0336927021365
0.0337679035471
0.0338356453009
0.0338944529881
0.0339632624528
0.0340081861168
0.0340608564283
0.0341384804703
0.0341995058604
0.0342450172637
0.0343054110385
0.0343734757289
0.0344338037623
0.034494812848
0.0345558080417
0.0346176459413
0.0346757141734
0.0347300885104
0.0347898833886
0.0348436139221
0.0348856578671
0.0349422655956
0.0349899286632
0.0350447197488
0.0351104055964
0.035172498597
0.0352192470149
0.0352693009696
0.0353181345898
0.0353768842679
0.0354358244369
0.0355067670555
0.0355578998504
0.0356067698344
0.0356630144056
0.0357268595148
0.0357999803116
0.0358564725779
0.0359115519578
0.0359834995172
0.0360483538923
0.0361177113613
0.0361784650539
0.0362312327017
0.0362966749976
0.0363686644364
0.0364350523774
0.0364859545566
0.0365352053323
0.0365890688982
0.0366444144102
0.0367081791681
0.0367724581772
0.0368319118211
0.0368821224994
0.0369537447767
0.0370212741272
0.0370742958159
0.0371547291738
0.0372200620164
0.0372729763453
0.0373373634848
0.0373767153583
0.0374433961235
0.0375173478176
0.0375981073398
0.0376565221946
0.0377204877421
0.0377903754653
0.0378632636946
0.0379492591675
0.0380013283069
0.0380615619286
0.0381225434372
0.0381742275594
0.0382337088836
0.0382872860475
0.0383541429341
0.0384181081801
0.0384773037496
0.0385199486514
0.038596302567
0.0386663660049
0.0387359540757
0.0388146796904
0.0388888153337
0.038958470196
0.0390083768353
0.0390645051018
0.0391286713903
0.0391922961356
0.0392508372901
0.0393210077746
0.0393914096611
0.0394541823138
0.0395217092483
0.0395871310283
0.0396360518805
0.0396856222229
0.0397478735258
0.0398035483744
0.0398806455884
0.0399442652588
0.0400127533839
0.0400721552173
0.0401415396245
0.04020194092
0.0402582662936
0.0403332745794
0.0403790708639
0.0404258958213
0.0404940900663
0.0405666015982
0.0406279544534
0.0406747388407
0.0407386934577
0.0408083531822
0.0408932730202
0.0409583774551
0.0410239637531
0.0410798665478
0.0411372107317
0.0412048411268
0.0412813446489
0.0413390562222
0.0414247965785
0.0414906024096
0.0415592496246
0.0416123693408
0.0416750039758
0.0417406398905
0.0418159918965
0.0418839970138
0.0419280475416
0.0419840977922
0.0420583659201
0.0421340567788
0.0422150074966
0.0422658388802
0.0423368518599
0.0423966930554
0.0424558294594
0.0425074002799
0.0425790483932
0.0426531909924
0.0427238327652
0.0427752546757
0.0428313073469
0.0428932185939
0.0429795108656
0.0430488092289
0.043112468918
0.0431804906314
0.043232083123
0.043296131053
0.043374244488
0.0434439839866
0.0434983531105
0.0435584548426
0.0436511113249
0.0437249830381
0.0437866286436
0.0438576174618
0.0439140377501
0.0439688460199
0.044050009524
0.0441059303845
0.0441794121773
0.0442402790323
0.0442939579635
0.0443659464017
0.0444351716062
0.0444903334302
0.044563050287
0.0446196710224
0.0446947513033
0.0447762527984
0.0448386191242
0.0449110561853
0.0449779010159
0.0450528095963
0.0451206592308
0.0451854253899
0.0452483647623
0.0453082330725
0.0453636148529
0.0454255650191
0.0454945252999
0.0455562673492
0.0456204405832
0.0457065123696
0.0457581197741
0.045809118375
0.0458804187595
0.0459514884358
0.0460148683426
0.0460780676247
0.0461425812541
0.0462180286759
0.0462888432664
0.0463613669853
0.0464302122058
0.0464905167841
0.0465610702336
0.0466206162418
0.0466860594214
0.0467504400661
0.0468317070819
0.0469082201924
0.0469825267451
0.0470601664935
0.0471270848483
0.0471884382479
0.0472500425245
0.0473329750311
0.0473987434803
0.0474587493859
0.047528252372
0.047580387641
0.0476402212859
0.04771209194
0.0477890538916
0.0478681571339
0.0479465449362
0.0480092964124
0.048077451777
0.0481458627887
0.0482054223481
0.0482755865856
0.0483414529665
0.048406280399
0.0484831213626
0.0485680188227
0.0486345179192
0.0487000198329
0.0487638486016
0.0488383167886
0.0489070754054
0.0489834675717
0.0490468614737
0.0491218202117
0.0491920574996
0.0492775552408
0.0493537417694
0.0494122171855
0.0494785934661
0.0495360508897
0.049612488868
0.0496831009811
0.0497472638682
0.0498154540296
0.0498911174616
0.0499668625635
0.0500530060369
0.0501134577713
0.0501764914343
0.0502318543493
0.0503114073303
0.050403396263
0.0504772697646
0.0505386260384
0.0506105069892
0.0506862725267
0.0507695681876
0.0508400502222
0.0509132742281
0.0510010156469
0.0510807955188
0.0511454217692
0.0512299713619
0.0513023543521
0.0513837424508
0.051464420238
0.0515344099821
0.0516034842622
0.0516770644607
0.0517384240441
0.0518151353435
0.0518884421942
0.051963047462
0.0520316211873
0.0521184330558
0.0521770675539
0.0522522504861
0.0523269910227
0.0523937635401
0.0524666953119
0.0525403740855
0.052620822796
0.0526958475627
0.0527665039778
0.0528430163828
0.0529192809872
0.0529886193034
0.0530667203592
0.0531521575805
0.0532376695518
0.0533003368677
0.0533709962305
0.0534463006601
0.0535156902652
0.0535832736493
0.0536539540521
0.0537271535016
0.0538032987056
0.0538727080737
0.053944841726
0.054014930559
0.0540887021858
0.0541712515927
0.054252815644
0.0543272655627
0.0543953169474
0.0544799398726
0.0545588504441
0.0546317101441
0.0547045025254
0.0547766039714
0.054855128057
0.0549418892061
0.0550340833891
0.055104178729
0.0551808535982
0.0552589282006
0.0553339178795
0.0553975749985
0.0554821897209
0.0555458211262
0.0556188855544
0.0556789660396
0.0557548820925
0.0558416413984
0.0559112285541
0.0559863124561
0.056069776574
0.0561448986431
0.0562131548744
0.0562762203698
0.0563483876379
0.0564252609746
0.0564976652515
0.0565725141789
0.0566403112163
0.0567288033643
0.0568114347931
0.0568760990614
0.0569567537782
0.0570432838826
0.0571171396461
0.0571969996473
0.0572806514979
0.0573664579585
0.0574504978112
0.0575273631557
0.0576112676709
0.057679296093
0.0577584502423
0.0578540119755
0.0579316402442
0.0580086767695
0.0580843928226
0.0581590352294
0.058238571459
0.0583173908774
0.0583934327872
0.0584798035304
0.0585668937926
0.0586482807594
0.0587152023383
0.0587935362019
0.0588835800904
0.0589586200718
0.0590449395035
0.0591278161991
0.0591905740593
0.0592727802083
0.0593644347109
0.0594528162321
0.0595351259873
0.0596141365261
0.0596853107067
0.0597772994431
0.0598686920156
0.059958877322
0.0600511413532
0.0601330990417
0.0602190477991
0.0602936831411
0.0603780142243
0.0604544477444
0.0605431578503
0.060626925208
0.0607207851801
0.0607994343387
0.0608865347832
0.0609682279516
0.0610352357074
0.0611147162803
0.0611960162218
0.0612810092432
0.0613733830905
0.0614546494419
0.0615387735786
0.0616194747741
0.0617053134172
0.0617862466586
0.0618596024626
0.0619346363706
0.062029968654
0.0621204611705
0.0621945664069
0.062298325458
0.0623878087096
0.0624687797777
0.0625550597172
0.0626480549915
0.0627350007395
0.0628032370815
0.0629098350413
0.0630012204119
0.0630698246795
0.0631521616841
0.0632385767275
0.0633316058528
0.0634163563111
0.063495938224
0.0635934193297
0.0636742104337
0.063752742784
0.0638326285317
0.0639150657139
0.064010082672
0.0640799181019
0.0641644481672
0.0642714458897
0.0643686732734
0.0644562652773
0.064546898531
0.0646432437536
0.0647143784195
0.0648116476025
0.0649104692291
0.0649997236009
0.0650830868073
0.0651807890551
0.0652773564282
0.0653682194877
0.0654583906934
0.0655367853714
0.065635531846
0.0657230267747
0.0658120652329
0.0658996369692
0.0659857415745
0.0660793009187
0.0661644121867
0.0662471383873
0.0663451933959
0.0664217229566
0.066508750287
0.0665908091206
0.0666714705633
0.0667566685646
0.0668369654044
0.0669271694978
0.0670162435087
0.0671153513648
0.0672007225871
0.0672823142383
0.0673639627607
0.0674612148371
0.0675559572293
0.0676520891799
0.0677454339111
0.0678307395391
0.06793611973
0.0680331070541
0.0681224069602
0.0682076223076
0.0683085596404
0.0684076277678
0.0685013642931
0.0686006378827
0.0686910324968
0.06878027911
0.0688757081756
0.0689767165099
0.069079298642
0.0691765092922
0.0692728311036
0.0693719094314
0.0694708588818
0.0695587447228
0.0696496224133
0.0697415802775
0.0698417799269
0.0699294703581
0.0700388248893
0.0701378261834
0.0702352172927
0.0703360941795
0.0704296120743
0.0705149190384
0.0706018380354
0.0706898295237
0.0707794303166
0.0708681512942
0.0709682612513
0.0710581643381
0.0711573116109
0.0712485385366
0.0713441719881
0.0714323092996
0.0715215933648
0.0716199811047
0.0717231318267
0.0718153567599
0.0719175107171
0.0720035127433
0.0721096863987
0.0721990765178
0.0723064473083
0.0723967668082
0.0724959692373
0.0725995872058
0.0726929388529
0.0727908358221
0.072883432796
0.0729773840072
0.0730692252821
0.0731726776887
0.0732888364727
0.0733970523245
0.0734901560032
0.0735930915653
0.0736850482922
0.0737788499528
0.0738856078917
0.0739861711671
0.0740903940832
0.0741898576122
0.0742848211833
0.0743862464578
0.0744840534137
0.0745864414206
0.0746837299159
0.0747868595246
0.0748831623579
0.0749806915249
0.0750791622281
0.0751736785823
0.0752723471896
0.0753830920422
0.0754759072008
0.0755829005555
0.0756795929723
0.0757842747019
0.0758751643589
0.0759740573233
0.0760727959564
0.0761697909322
0.0762694597462
0.0763690321455
0.0764743030583
0.0765719333536
0.0766717588159
0.0767620862475
0.0768682993022
0.0769692056091
0.077067375748
0.0771657424449
0.0772796913763
0.0773842973085
0.0774849113533
0.0775911809107
0.0776959579062
0.0778079064919
0.0779152116511
0.0780120771928
0.0781130632594
0.0782216664348
0.0783144551336
0.0784179946236
0.0785257261269
0.0786356151218
0.0787369557422
0.0788450412827
0.0789549974367
0.07905906662
0.0791586514594
0.0792522836747
0.0793509744397
0.0794600459633
0.0795630315649
0.0796833739542
0.0797847470734
0.0798937267285
0.0800028836938
0.0801041455853
0.0802133569563
0.0803173295928
0.0804270354344
0.0805276265856
0.0806371971489
0.0807406108551
0.0808417846354
0.0809514089096
0.0810516655823
0.0811507942069
0.0812580524232
0.0813714592596
0.0814819304154
0.0815806088036
0.0816830893057
0.0817823224826
0.0818885524997
0.0820030034208
0.0821120737923
0.0822172718263
0.0823195094623
0.082422219683
0.0825293213421
0.0826386925136
0.0827425435664
0.0828659264343
0.0829856478184
0.0830926324305
0.0831966904713
0.0833068540454
0.0834283304943
0.0835303779572
0.0836472579661
0.0837470053295
0.0838494341993
0.0839631786883
0.0840713113298
0.0841843232267
0.0842884730921
0.0844082575987
0.0845204320544
0.0846265574035
0.0847319282395
0.0848289487344
0.0849453315567
0.0850615054892
0.085170613597
0.0852705676791
0.0853856273475
0.085491694694
0.0856031937146
0.0857146587135
0.0858256487281
0.0859446224552
0.086063771142
0.0861726082604
0.0862831244913
0.0863875261129
0.0864988521074
0.0866081773569
0.0867304131709
0.0868376179333
0.0869526046576
0.0870547520513
0.0871551141601
0.0872828318008
0.0873946041693
0.0875030628813
0.0876278852542
0.0877344657543
0.0878464140115
0.087961057368
0.088065246953
0.0881859213372
0.0883026225717
0.0884206534337
0.088548967782
0.0886614498037
0.0887775942458
0.0888958785001
0.0890129120623
0.0891346368587
0.089251115725
0.0893699769962
0.0894910147976
0.0896125147545
0.089733658315
0.0898522612381
0.0899636966326
0.0900736170791
0.0901758361474
0.090286671522
0.090407203929
0.0905295443388
0.09064466332
0.0907566372131
0.0908653120739
0.0909825292347
0.0911008757626
0.091212270412
0.0913291865549
0.091452026004
0.0915753956013
0.0916946937909
0.0918203757771
0.0919432316612
0.0920418943228
0.0921557864501
0.0922758489799
0.0923936517649
0.0925146920939
0.0926313638373
0.0927495282822
0.0928640884962
0.0929688229169
0.0930906865083
0.0932002720062
0.0933192652643
0.0934441387593
0.0935584541636
0.0936836206643
0.0937988089687
0.093915854462
0.0940342561275
0.0941591816988
0.0942791927898
0.0943990440514
0.0945145560954
0.0946345563633
0.094759175124
0.0948806638296
0.0949959727472
0.0951134705514
0.0952285312077
0.0953546704777
0.0954816720391
0.0956111410094
0.0957303474159
0.0958605973222
0.0959764055765
0.09609457463
0.0962109682216
0.0963160141705
0.096443514207
0.096563526873
0.0966744493837
0.0967976561763
0.0969090447858
0.0970259791648
0.0971497102743
0.0972756943294
0.0973921320133
0.0975155857199
0.0976374966533
0.0977503334776
0.0978695829561
0.0979813010579
0.0981156404555
0.0982336724021
0.0983577568872
0.0984837412546
0.0986033658474
0.0987187607526
0.0988372756947
0.0989591683503
0.0990759519074
0.099195336399
0.09931064858
0.0994304054261
0.0995425484812
0.0996523054496
0.0997705470726
0.0998989244411
0.100013214499
0.100129315094
0.100247366981
0.100366770058
0.100485477112
0.100601704739
0.10071984914
0.100842037613
0.100960818683
0.101086164429
0.101215496993
0.101335773971
0.101449311628
0.101564861195
0.101700827088
0.101817811235
0.101943926947
0.102075906636
0.102196101458
0.102311472367
0.102411647296
0.102535718221
0.102662090727
0.102789882298
0.102912861806
0.103029027283
0.103146404096
0.103266760124
0.103385112955
0.103513081429
0.103636626268
0.103753838336
0.103880161373
0.104007740348
0.104136485484
0.104257455581
0.104367068384
0.104478503495
0.104604644013
0.104719479453
0.104838006881
0.104958653081
0.105076145413
0.105194668936
0.105323539896
0.105444636868
0.105569085263
0.105692571257
0.10581351251
0.105945931681
0.106072043859
0.106195873985
0.106319785288
0.106449701774
0.10657421037
0.106706493716
0.106829845476
0.10695339709
0.107078190166
0.107200486189
0.107322900006
0.107442860719
0.107565695571
0.107691746068
0.107815752956
0.107933077038
0.108052406491
0.108172681994
0.108295918281
0.108425902755
0.108551566864
0.108672721314
0.108786364408
0.108914666704
0.109035104497
0.109167733501
0.109280894975
0.109413585949
0.109538334956
0.109661299023
0.109787964729
0.109900197915
0.11003364442
0.110164331527
0.110289552585
0.110407053784
0.110523640525
0.110645567077
0.110772656787
0.110889771865
0.111009526877
0.111132721723
0.111262554696
0.111391990252
0.111520166189
0.111641025778
0.11176228856
0.111879830904
0.112011314709
0.112138975935
0.112268063888
0.112390771239
0.11251055177
0.112634352568
0.112758957574
0.112883603286
0.113010932159
0.113137361645
0.113263999176
0.113379198404
0.113503153419
0.113626317358
0.113755301646
0.113879759346
0.114010037171
0.114136780178
0.114252185176
0.114378835286
0.114496817083
0.114621380989
0.114750655285
0.114869613571
0.114999639987
0.115110239871
0.115239817592
0.115360927409
0.115480702098
0.115605168175
0.115730880347
0.115855067828
0.115975157249
0.116103604764
0.116232370882
0.116365038262
0.116490573303
0.116605848516
0.116733281441
0.116849306146
0.116970394934
0.11709632125
0.117219780844
0.117346330577
0.117470896627
0.117600329464
0.117730737322
0.117840741654
0.117962071253
0.118081152445
0.118212066471
0.118334560079
0.118452054655
0.118572740455
0.118696569079
0.118822875838
0.118950004483
0.119077446018
0.119206914237
0.119332022459
0.119444066329
0.11956395252
0.119696420151
0.119821294688
0.119950210238
0.12008257874
0.1202039423
0.12032315864
0.120455554295
0.120577021824
0.120700154255
0.120836319562
0.120957946874
0.12108633891
0.121221407459
0.121347868742
0.121468975988
0.121593587369
0.121725403599
0.12185149829
0.12197547665
0.122104798261
0.122239821281
0.122360337071
0.122479720917
0.122599301595
0.12272927931
0.122851444592
0.122976919799
0.123105578734
0.123229921315
0.123358548385
0.1234742867
0.123598149358
0.123724253139
0.123852171141
0.123973610458
0.124094001626
0.124218316402
0.124341682709
0.124485705263
0.124611770015
0.124736580091
0.12486856616
0.124988254837
0.125105721031
0.125235737958
0.125369969374
0.125496779718
0.125620253882
0.125746840072
0.125882012011
0.126007948658
0.12612842675
0.126253655442
0.126380300978
0.126504079473
0.12663019369
0.126750769185
0.126876506973
0.127006373995
0.127128609114
0.127250447627
0.127377520643
0.127501410462
0.127630357886
0.12775689159
0.127885595765
0.12800691564
0.128131658662
0.128254037172
0.128377343362
0.128494446235
0.12862666642
0.128745109881
0.128870316826
0.128990450855
0.129116770046
0.129245810903
0.129369126906
0.129495172726
0.129622186077
0.129744175051
0.129863067336
0.12998949021
0.130108714753
0.130227989765
0.130349332603
0.130469613537
0.13059380618
0.130721949898
0.130835156724
0.130955386057
0.131077407744
0.131199049583
0.131315236478
0.131441569462
0.131556643188
0.131683901332
0.131799714598
0.131926265263
0.132045039833
0.132167560018
0.132295991526
0.132411528345
0.132538108767
0.132663447901
0.132783603541
0.132912969081
0.133044312227
0.133171733583
0.133294863768
0.133423397525
0.133549824131
0.133670019712
0.133796563602
0.133929061816
0.134042232899
0.134165696382
0.134290084413
0.134419950428
0.134549385294
0.134667627455
0.134791517383
0.13491350796
0.135049068661
0.135180066771
0.135312838076
0.135439904766
0.135558232238
0.135679229586
0.135803739385
0.135930829108
0.136059830571
0.136179159353
0.13630530859
0.136430679876
0.136549411255
0.136678521338
0.136804009428
0.136932109828
0.137061151709
0.137191492734
0.137313869215
0.137441522636
0.137567806204
0.137697397844
0.137827800622
0.137955861725
0.138087194675
0.138217305226
0.138349239384
0.138469589694
0.138588729679
0.138720021461
0.138843498135
0.138963077905
0.139082383738
0.139212679683
0.139345341175
0.139477525884
0.139599852246
0.139728446402
0.139849402044
0.139971885799
0.140093661989
0.140215868008
0.140333987426
0.140467016692
0.140591189378
0.140713407702
0.14083677108
0.140963972807
0.141088600368
0.14121938035
0.141342611341
0.141466529768
0.141593221824
0.14171404591
0.141830005889
0.141961179571
0.142088825588
0.142216012684
0.142350759844
0.142475471479
0.142598915342
0.142733508691
0.142859334129
0.142986669055
0.143108683243
0.143228773647
0.14336041903
0.143488856996
0.143608162675
0.143738534759
0.143861808238
0.143982827728
0.144110080038
0.144225515928
0.144348643382
0.14446936377
0.144594172208
0.144720870283
0.144843337239
0.144964720386
0.145083398631
0.145207335479
0.145326269152
0.145446471274
0.145575570973
0.145704776203
0.145828356664
0.145953647493
0.146069260927
0.146194673715
0.14632816367
0.14645599337
0.146581823451
0.146707637129
0.146831748921
0.146954345369
0.147075719615
0.147203133844
0.147322170293
0.147447018789
0.147571590008
0.147696338112
0.147822365245
0.147944215001
0.148076058784
0.148201260297
0.148333694661
0.148458163747
0.148584515048
0.148707708376
0.148827192888
0.148950458806
0.149073304172
0.149202611847
0.149324369774
0.149455600037
0.14957709585
0.149701953597
0.14982863798
0.149950033726
0.150072942596
0.150195884288
0.150327950726
0.150450595403
0.150572216061
0.150694042141
0.150814940968
0.150933264157
0.151063522724
0.151180652758
0.151309494566
0.15143517619
0.151557297586
0.15168419145
0.151814184309
0.151938728569
0.152068145515
0.152197941551
0.152319472173
0.152446279479
0.152574469184
0.152697018381
0.152823358341
0.152957444206
0.153084523022
0.153214387408
0.153337870253
0.153458309416
0.153579078742
0.153699291273
0.15382695731
0.15395121354
0.154071908063
0.154202314035
0.154327478343
0.154452958945
0.154572798992
0.154706914416
0.154831311022
0.154963771045
0.15508879013
0.155218475905
0.155346391092
0.155471135209
0.155596380237
0.155720852886
0.155840196672
0.155965034825
0.156092791873
0.156210453211
0.156333970815
0.156461955595
0.156584378147
0.156710840152
0.156833249261
0.156951215043
0.157072415493
0.15719367761
0.15731185806
0.157435356922
0.157558789369
0.157675808334
0.157798950943
0.157917742628
0.158045072133
0.158167203474
0.158287987659
0.158415685278
0.158539270778
0.158665769981
0.158792075936
0.158914931926
0.159038063805
0.15916339491
0.159288102408
0.159408049672
0.159528783155
0.159653825264
0.159777735209
0.159896785715
0.160025170566
0.160148073689
0.160271143616
0.160389792136
0.16051065475
0.160635859248
0.160757694541
0.160875049091
0.160993192362
0.161117149542
0.161234928636
0.161359100851
0.161486402414
0.161611399298
0.161732278377
0.161850315288
0.161967364293
0.162084753951
0.162197979856
0.162319474317
0.162437007762
0.162560026649
0.162677462262
0.162801584664
0.162933701477
0.163056063401
0.163183345856
0.163305239735
0.163433620421
0.163558363268
0.163686092582
0.163811792002
0.163931288226
0.164057064228
0.164181295687
0.164304692235
0.164420747268
0.164542302788
0.164663486173
0.164785713324
0.164902143447
0.165032115655
0.165152717189
0.165268355092
0.165380886196
0.165501408725
0.165627895492
0.165750715529
0.165872743632
0.165994089257
0.166120101066
0.166242128091
0.166368183702
0.166492345919
0.166608543081
0.166733115922
0.166850547488
0.166969686321
0.167087714424
0.167213594232
0.167346016959
0.167470471861
0.167591929191
0.16771028217
0.167831983145
0.167960260262
0.168084243222
0.168206522559
0.16832276703
0.168443788292
0.16856527289
0.168688645485
0.168808034588
0.168929073714
0.169058240499
0.169178029374
0.169300198219
0.16942537038
0.16954016539
0.169670906375
0.16979279965
0.169927585682
0.170048484592
0.170166984979
0.170289982076
0.170414147791
0.170533658248
0.170658326815
0.170780572549
0.170906057344
0.171024200095
0.171148130035
0.171272154573
0.171388580671
0.171505095346
0.171625950453
0.171743895206
0.171858297213
0.171975145438
0.172095302193
0.172210932635
0.172330318666
0.172449151067
0.172570013682
0.172691696778
0.172810161585
0.172923918622
0.173047704654
0.173167128307
0.173280194423
0.173403706125
0.17351783017
0.173638825173
0.173758762058
0.173876468859
0.173992614894
0.174112536397
0.174240074234
0.174361272992
0.174483079397
0.174605068987
0.174716352713
0.174836229774
0.174953188093
0.17507362042
0.17519426548
0.175312157531
0.175431959202
0.175554863403
0.175677020638
0.175796624982
0.175917293006
0.176038692253
0.176159931326
0.17627818065
0.176400818387
0.176521638505
0.17663891756
0.176764103717
0.176878291063
0.176997833436
0.177113215987
0.177229628493
0.177353992524
0.177473572406
0.177604054202
0.177728671373
0.177849676787
0.17797407311
0.178096483988
0.178221291817
0.178347278769
0.178463768227
0.178585864809
0.178707047185
0.178824910139
0.178945399157
0.179066123567
0.179186223437
0.179308968278
0.179424429035
0.179548169262
0.179663376997
0.179789160179
0.179910389978
0.180023471218
0.180144850142
0.180261303801
0.180380687121
0.180501556472
0.180627201213
0.180745179188
0.180871895736
0.18099575574
0.181113580369
0.181234822071
0.181352630219
0.181470799711
0.181589571653
0.181709043082
0.181824953074
0.181953328293
0.182071857569
0.182200585806
0.182323287465
0.182448674791
0.182569802582
0.182690051573
0.182812230578
0.182934222993
0.183051936303
0.183171134453
0.183287371628
0.18340230228
0.183527253936
0.18364285117
0.183767291428
0.183882717089
0.184007087082
0.184124952667
0.184246092007
0.184364979142
0.184482391636
0.184599747028
0.184716605892
0.184834104054
0.184955577632
0.185073563211
0.185191611721
0.185309153646
0.185427892928
0.185549258476
0.185672389097
0.185795354904
0.185918200896
0.18604247601
0.186159575652
0.186269854563
0.186391809665
0.186512931606
0.186632124033
0.186752128688
0.186872139367
0.18698168991
0.187101154504
0.187221608899
0.187340607128
0.187457680066
0.187576661816
0.187700932925
0.1878184258
0.187936652151
0.188050078423
0.1881709862
0.188299143694
0.188422616789
0.188541613538
0.188667883973
0.188786105528
0.188907923294
0.189033392716
0.189155414913
0.18927710061
0.189397512485
0.18951802815
0.189637248794
0.189757308961
0.189873461683
0.189998359275
0.190114374538
0.190237370579
0.190354467718
0.190469713547
0.190594807584
0.190711690261
0.190827661485
0.190941986642
0.191061767978
0.191185291824
0.191299302891
0.19142303124
0.191540463545
0.191657260023
0.19177725328
0.191903122375
0.192023293105
0.192146834567
0.192260827936
0.19238396976
0.19250614543
0.192625297374
0.192743708259
0.192866499481
0.192981468686
0.193097186474
0.193212810423
0.193332573986
0.193449718585
0.193566613575
0.193683513536
0.193807462815
0.193930678829
0.19404795991
0.194162073672
0.1942805545
0.194403024373
0.194519917313
0.19463762627
0.194754478393
0.19487642354
0.195002987931
0.195125136005
0.195240459424
0.195363272123
0.195484340959
0.195603851273
0.195719014879
0.19583702839
0.195957055573
0.196066600744
0.196184464161
0.196299818355
0.196416860518
0.196536532907
0.196655400083
0.196775107743
0.196893945181
0.197011518253
0.197126307524
0.197242446757
0.197362373916
0.197477756425
0.197595037824
0.19771470062
0.197836364374
0.197949889866
0.198069884197
0.198187606777
0.198312316024
0.198432484479
0.198552409004
0.198675461656
0.198791780467
0.198913026741
0.199034107564
0.199151229118
0.199270643872
0.199385926858
0.199500679672
0.199623419473
0.199735109625
0.199850551057
0.199970492044
0.200087258452
0.200198111339
0.200318660723
0.200439041247
0.200558150176
0.200674653311
0.200787394995
0.200905456699
0.201026472329
0.20113642291
0.201248256053
0.201365130405
0.201482890044
