
row1col1
West 2.15823224737e-07
East 1.31960168566e-05
North 7.49696984205e-19
South 4.53253370241e-06

row1col2
West 5.63348481646e-08
East 6.64255428516e-06
North 0.000160863581703
South 0.000816842188118

row1col3
West 3.51099662834e-06
East 5.35134284918e-13
North 8.70956813755e-06
South 0.000941093689968

row1col4
West 6.5334519341e-06
East 5.66601474136e-09
North 0.00194388100678
South 0.0143833676663

row1col5
West 3.80889596923e-09
East 6.20531369584e-05
North 0.0244038992967
South 0.118055466449

row1col7
West 1.43795724572e-05
East 0.000545252507257
North 0.000554197896484
South 0.00759303519679

row1col8
West 0.000218994911064
East 0.0339100526271
North 1.1470930616e-11
South 0.00221728869041

row1col9
West 0.00151167072976
East 0.000829521364734
North 0.124466269082
South 0.322831085746

row1col10
West 0.00769765625001
East 9.81409741217e-08
North 0.00523410909899
South 0.0930157799872

row1col11
West 0.011805542428
East 7.37229850112e-05
North 2.35542560635e-07
South 5.23363517461e-11

row1col13
West 0.00358195124245
East 0.0365829092884
North 0.0349022668637
South 0.330380369551

row1col14
West 0.0083287802275
East 0.0328761438281
North 0.180410129346
South 0.649887249709

row1col15
West 0.0315635234855
East 0.00242637344368
North 0.0557834569601
South 0.401263060762

row1col16
West 0.0329728664453
East 0.0116237396259
North 0.047920313562
South 0.406230476683

row1col18
West 0.0184713209876
East 0.0199508689266
North 0.191351366147
South 0.509115282774

row1col19
West 0.18559574267
East 0.0152890314216
North 0.0113261910648
South 0.0229357205264

row1col20
West 0.0444098538885
East 0.010649462687
North 0.0017149237002
South 0.116829619436

row1col21
West 0.00878160229198
East 0.00366507807175
North 0.00252258469375
South 0.118681889041

row1col22
West 0.0262294578396
East 0.00328392328538
North 0.000308691043232
South 0.00500296694156

row2col1
West 3.41652664378e-05
East 0.000393678641693
North 1.30986293246e-08
South 1.67548285837e-12

row2col2
West 8.0009478043e-14
East 4.82176075382e-05
North 5.92470479213e-05
South 0.00649139874242

row2col3
West 0.000403583623527
East 0.0169116135891
North 1.6706256933e-07
South 0.00101510752712

row2col4
West 4.13531363296e-11
East 2.60093982578e-12
North 0.00327324110793
South 0.108066567073

row2col5
West 0.00733570096215
East 0.0223301829556
North 0.0320913294673
South 0.274889736923

row2col7
West 0.00142138000348
East 0.000258633261732
North 0.000457207757367
South 0.04576284628

row2col8
West 0.00137340069287
East 0.112223105568
North 6.40840256534e-12
South 7.15999109327e-12

row2col9
West 0.01356340781
East 0.0156151479811
North 0.13616840273
South 0.519961747043

row2col10
West 0.288614529187
East 0.00480903508053
North 0.00136933243724
South 0.00139004060259

row2col11
West 0.0250369612477
East 0.00463198050922
North 4.94669743738e-05
South 0.00158844052213

row2col13
West 0.596807307992
East 0.92633157198
North 0.0241338417202
South 0.393231534364

row2col14
West 0.572445251822
East 0.999239140022
North 0.214763977378
South 0.441139227959

row2col15
West 0.0
East 0.0
North 0.0
South 0.0

row2col16
West 0.996800782311
East 0.543848279552
North 0.063514342244
South 0.174664311162

row2col17
West 0.933391522412
East 0.51842157943
North 0.251693829473
South 0.212860070203

row2col18
West 0.856097068045
East 0.423764533086
North 0.0449537616817
South 0.0827058689563

row2col19
West 0.715244238432
East 0.246167417818
North 0.0276566429525
South 0.0182135200051

row2col20
West 0.559587726331
East 0.199477488771
North 0.020926839374
South 0.00367294846839

row2col21
West 0.398465047571
East 0.0758337843883
North 0.00198038493464
South 0.00279990137436

row2col22
West 0.189608845878
East 0.0611818969202
North 0.0012335610358
South 0.000399098855218

row3col1
West 0.00141736247154
East 0.00827833760672
North 1.99706934512e-05
South 3.13857928182e-12

row3col2
West 0.00169310990398
East 0.0365185797414
North 0.000379973112519
South 6.39618729094e-05

row3col3
West 0.00462981962293
East 0.108588413596
North 0.000453402940689
South 0.00520445611501

row3col4
West 0.0139790816962
East 0.290770534679
North 0.00128075194733
South 0.000666915915709

row3col5
West 0.0312196237074
East 0.0776318201817
North 0.128181828106
South 0.430437063078

row3col7
West 0.0235367721361
East 0.167544961836
North 1.5656978325e-08
South 0.00352850074858

row3col8
West 0.0205553869194
East 0.384799391729
North 0.00283143901714
South 0.0160371114317

row3col9
West 0.063640760599
East 0.0560351809991
North 0.332074100967
South 0.590015961633

row3col10
West 0.319897118486
East 0.0297675091196
North 1.38412182356e-06
South 0.0181743815858

row3col11
West 0.130537587821
East 0.0288067195786
North 5.21565708208e-05
South 0.00474021707982

row3col13
West 0.85731363969
East 0.9025
North 0.710698107612
South 0.776669872269

row3col14
West 0.856654382156
East 0.95
North 0.911939808749
South 0.863064477551

row3col15
West 0.809261579904
East 0.640734879788
North 1.0
South 0.948726932404

row3col16
West 0.892585570105
East 0.41339517294
North 0.13834978969
South 0.0599161318046

row3col18
West 0.0401635013492
East 0.00162340030016
North 0.477703038902
South 0.108623126165

row3col19
West 0.118542347191
East 0.00869322114392
North 0.0108058444156
South 0.00307039055588

row3col20
West 0.0224939135761
East 0.00908464071415
North 0.12333432641
South 0.00201270421879

row3col21
West 0.0166161148105
East 0.00838462400053
North 0.0635269384624
South 0.000336522118984

row3col22
West 0.0135400103731
East 0.00855358403748
North 0.0228502607072
South 0.000533485025677

row4col5
West 0.134129232523
East 0.101149950588
North 0.191633182767
South 0.497079755277

row4col9
West 0.276050051807
East 0.292387353916
North 0.35695873797
South 0.629454578183

row4col13
West 0.805994778642
East 0.802319179809
North 0.857375
South 0.773670527465

row5col1
West 1.2397194933e-11
East 5.6768645912e-05
North 6.5991735132e-08
South 2.49335490455e-27

row5col2
West 9.56388796514e-13
East 0.00144381576913
North 9.58637474316e-07
South 3.64222929714e-06

row5col3
West 2.01600563206e-07
East 5.72605229816e-06
North 0.000153218966076
South 0.0106973377482

row5col5
West 0.505425411938
East 0.5403359648
North 0.0819539180828
South 0.162221931334

row5col6
West 0.511312550497
East 0.568800092275
North 0.467913046361
South 0.409167232953

row5col7
West 0.540093794102
East 0.598736939238
North 0.494287985371
South 0.370919448131

row5col8
West 0.568462650752
East 0.630249409725
North 0.507392188547
South 0.417889500121

row5col9
West 0.598579820997
East 0.663420431289
North 0.519676956648
South 0.417033682324

row5col10
West 0.630122452904
East 0.698337296094
North 0.606757215123
South 0.512781662126

row5col11
West 0.662771498448
East 0.735091890625
North 0.644623390223
South 0.544523761666

row5col12
West 0.696057839797
East 0.7737809375
North 0.662624136309
South 0.55094069614

row5col13
West 0.711842685724
East 0.714796696607
North 0.81450625
South 0.734978357273

row5col14
West 0.7737809375
East 0.684117488869
North 0.604257182219
South 0.514311223544

row5col15
West 0.735091890621
East 0.652435882778
North 0.577753281581
South 0.546356146603

row5col16
West 0.698293738327
East 0.576334193283
North 0.488139213165
South 0.264892268901

row5col17
West 0.661829172791
East 0.373261859185
North 0.205006218443
South 0.158596933805

row5col18
West 0.566436686887
East 0.375141498822
North 0.0992212744166
South 0.0197467567632

row5col20
West 2.65371676953e-07
East 7.18920398884e-14
North 0.00311018364059
South 0.0866524814911

row5col21
West 8.81838215893e-07
East 3.40606655142e-15
North 0.00233176038002
South 0.0665781693568

row5col22
West 0.000306653562055
East 0.00116115622082
North 0.00159141118737
South 0.0444973050114

row6col1
West 4.72486063021e-08
East 0.000147465987181
North 6.59917351348e-08
South 0.0

row6col2
West 0.0
East 1.76724141808e-07
North 7.81258463401e-07
South 0.00397011335283

row6col3
West 0.000107649097209
East 2.66980156561e-07
North 0.00017380929572
South 0.0480769721833

row6col5
West 0.0930570697281
East 0.454290995125
North 0.0918939462633
South 0.0196402266481

row6col6
West 0.236186094748
East 0.235830870762
North 0.540360087469
South 0.469118009095

row6col7
West 0.0841795113285
East 0.00514563476783
North 0.54367049633
South 0.230395124077

row6col8
West 0.0632143855378
East 0.0539425402573
North 0.574877381095
South 0.29323098789

row6col9
West 0.205375205555
East 0.111627371701
North 0.57117706443
South 0.0303759969234

row6col10
West 0.147302043959
East 0.0853748409577
North 0.662641009651
South 0.297547249517

row6col11
West 0.125657519985
East 0.0944855316149
North 0.674537301175
South 0.305057041456

row6col12
West 0.12014915777
East 0.273354153767
North 0.70043156166
South 0.282140246796

row6col13
West 0.165304967192
East 0.388902601821
North 0.773768172963
South 0.715444262454

row6col14
West 0.319795886392
East 0.279755728954
North 0.718636736134
South 0.42045767369

row6col15
West 0.423029070971
East 0.355666661324
North 0.698337294566
South 0.594913118857

row6col16
West 0.663420404748
East 0.505872043593
North 0.501761809843
South 0.426722591901

row6col17
West 0.630249235848
East 0.307392702974
North 0.580993433734
South 0.55166528475

row6col18
West 0.587459714626
East 0.245800419537
North 0.0943902776626
South 0.0618600132925

row6col19
West 0.521450462918
East 0.20127602586
North 0.0979646236877
South 0.0729463268878

row6col20
West 0.426529267418
East 0.163137790119
North 0.00933290133484
South 0.012742324357

row6col21
West 0.330742471879
East 0.0862313986934
North 0.00306817708629
South 0.00910396945051

row6col22
West 0.203598907992
East 0.0975542027607
North 0.0016847323233
South 0.00119298772179

row7col1
West 0.000292494228992
East 0.00138790274889
North 6.16649000096e-19
South 0.00045920295422

row7col2
West 0.000174061214124
East 0.0288326898906
North 5.54979362233e-05
South 0.00272796860867

row7col3
West 0.000882669436444
East 0.00014034588224
North 0.00219816024727
South 0.160594476726

row7col5
West 0.093860452202
East 0.359035399143
North 0.0345935515298
South 0.0551482909854

row7col6
West 0.171313298684
East 0.370389358619
North 0.513342080124
South 0.456751021976

row7col10
West 0.101618418689
East 0.134314420791
North 0.621946086481
South 0.21434399082

row7col17
West 0.394675378099
East 0.170171657747
North 0.598735917457
South 0.514216893282

row7col18
West 0.408145081568
East 0.0973918868488
North 0.109767172717
South 0.00740601701602

row7col20
West 2.96827631196e-05
East 6.33077551178e-13
North 0.12612433327
South 0.00500223063632

row7col21
West 0.00429001425431
East 0.000224725273756
North 0.0770352339472
South 0.00561400903553

row7col22
West 0.00122454980089
East 2.52391907623e-05
North 0.0514289456339
South 0.00224792866755

row8col1
West 0.00270091738891
East 0.018072325984
North 3.35573027684e-05
South 0.000503355262205

row8col2
West 0.00304739517934
East 0.0794212223996
North 0.000665344361533
South 0.000106853229133

row8col3
West 0.020874504084
East 0.291654293322
North 0.00544539690068
South 0.0139497530679

row8col4
West 0.0588390754501
East 0.391862872721
North 0.0895583193097
South 0.00825349716011

row8col5
West 0.18031056116
East 0.451998895325
North 0.0483490990228
South 0.0242549576295

row8col6
West 0.253020095424
East 0.300844406472
North 0.487674955022
South 0.436212559675

row8col8
West 0.027744297323
East 0.134405538824
North 0.00154634737058
South 1.84541339589e-06

row8col9
West 0.0314331284124
East 0.294006389386
North 0.016584586929
South 0.00143205215479

row8col10
West 0.0594861491709
East 0.0754344951777
North 0.562361320145
South 0.183578592452

row8col11
West 0.437494464475
East 0.0491986109881
North 0.0109949602002
South 0.000102537822488

row8col12
West 0.265865467721
East 0.0408110757949
North 0.0258424077219
South 0.00203837950601

row8col13
West 0.130750545014
East 0.0175605408789
North 0.00666812905282
South 0.00108722855493

row8col14
West 0.0553507083635
East 0.00312465181628
North 0.00480755103503
South 0.000523537591309

row8col15
West 0.0156885645915
East 0.0026552201282
North 0.000718497711217
South 3.56695987327e-05

row8col17
West 0.335938094795
East 0.174991732975
North 0.568795966448
South 0.483135859294

row8col18
West 0.364869267674
East 0.0318690683599
North 0.0275103920497
South 0.0287689015725

row9col5
West 0.0653689310279
East 0.322919091986
North 0.0589462882449
South 0.0308622849489

row9col6
West 0.135637702203
East 0.321101723069
North 0.463291031315
South 0.410113370798

row9col8
West 0.000496664455762
East 0.0
North 0.0196758948216
South 0.00188852360417

row9col9
West 0.000914736311107
East 0.0845295631736
North 0.0082335357732
South 3.80544436407e-07

row9col10
West 0.000864033068726
East 0.00216342161617
North 0.370896395189
South 0.104964547434

row9col11
West 0.00352472522202
East 4.04740644686e-17
North 0.0600843140935
South 0.000106559485398

row9col12
West 0.000170801703214
East 4.73783924107e-05
North 0.0570076227627
South 0.00188296930407

row9col13
West 0.000892118957804
East 0.000982529080915
North 0.0155344492231
South 0.000405274775482

row9col14
West 0.000416424205442
East 1.28553446961e-06
North 0.0119511097077
South 0.00241714482166

row9col15
West 0.000823256081465
East 9.40030869678e-05
North 0.00039544282413
South 1.87835341462e-05

row9col17
West 0.322005821854
East 0.121285668944
North 0.540346022437
South 0.460495676999

row9col18
West 0.340124758483
East 0.0144379096446
North 0.000438009122856
South 0.0202204687574

row9col20
West 3.25879101046e-07
East 1.66027400559e-05
North 5.62604439721e-07
South 7.44883418935e-28

row9col21
West 8.79485188907e-07
East 8.00883339522e-19
North 2.98426248877e-05
South 0.000399763017486

row9col22
West 1.11224886227e-10
East 1.45438608437e-12
North 0.0
South 6.66954917263e-06

row10col1
West 2.04467798745e-05
East 0.000124182798117
North 1.88567512831e-08
South 0.00223509878497

row10col2
West 2.31596147931e-05
East 0.00187297021668
North 1.1755856606e-05
South 3.78046467872e-12

row10col3
West 0.0
East 0.000346332262064
North 0.000851298637752
South 0.0293535060943

row10col5
West 0.0815302205248
East 0.309436558399
North 0.0340046299038
South 0.0531798424781

row10col6
West 0.152519090292
East 0.274908925218
North 0.440125456587
South 0.387350860516

row10col17
West 0.306850016631
East 0.154941021699
North 0.51329697248
South 0.422368740124

row10col18
West 0.368105861298
East 0.0966873978981
North 0.0144086708718
South 1.04075416911e-07

row10col20
West 1.65665637115e-07
East 3.48769762346e-06
North 5.51084153635e-25
South 6.99785996803e-05

row10col21
West 6.53372775747e-07
East 3.2892097994e-06
North 2.32639380487e-05
South 0.00274348469566

row10col22
West 0.000247408075305
East 9.80937331955e-08
North 1.45438608332e-12
South 4.76532423106e-08

row11col1
West 0.000509539384175
East 0.0232800561928
North 1.35149139638e-06
South 7.55812799739e-06

row11col2
West 0.000752258341764
East 0.075374598909
North 0.0
South 0.000109148362

row11col3
West 0.0078418073331
East 0.189807917851
North 0.0010211752549
South 0.00108281564495

row11col4
West 0.0224773749614
East 0.29602045383
North 0.0185395733947
South 0.0228444446404

row11col5
West 0.0707025782959
East 0.377351919901
North 0.038369501888
South 0.0302564614956

row11col6
West 0.155121279384
East 0.284123564545
North 0.418114733585
South 0.357033218373

row11col8
West 1.20771770604e-06
East 7.50168444618e-05
North 0.0
South 0.0

row11col9
West 1.98861739187e-06
East 3.04131991954e-05
North 0.0009617832868
South 0.00576116401994

row11col10
West 0.000969730035645
East 1.2275608113e-05
North 1.89899224531e-05
South 2.55149612922e-06

row11col12
West 5.48723831322e-06
East 0.000825929399831
North 4.67465483402e-08
South 2.21086343035e-08

row11col13
West 1.00821468019e-09
East 1.74464023476e-05
North 4.56230279847e-05
South 0.00745126850154

row11col14
West 4.45414830911e-08
East 0.00456380183816
North 7.48903091727e-05
South 6.93578083095e-05

row11col15
West 5.91253262872e-10
East 5.99804261068e-17
North 0.000946621623313
South 0.0467971068631

row11col17
West 0.276209899957
East 0.1008066323
North 0.487551785576
South 0.395329695339

row11col18
West 0.268181259841
East 0.0454870262856
North 0.0296439221158
South 0.00787136270377

row11col20
West 1.78629209562e-05
East 0.00151501731346
North 4.83130155492e-15
South 3.4072223205e-22

row11col21
West 5.3529504907e-05
East 2.00643718942e-05
North 0.000188687253064
South 0.0110234542748

row11col22
West 0.00113115903429
East 4.3180691059e-05
North 1.82814938761e-11
South 6.73320850548e-07

row12col1
West 8.46508995633e-07
East 2.05786834481e-05
North 0.00372949569052
South 0.0

row12col2
West 3.05087502244e-05
East 0.00370723687967
North 0.0
South 0.000122200756558

row12col3
West 1.93626568329e-05
East 0.00106689242942
North 0.0333743886287
South 0.0018757319673

row12col5
West 0.052526913739
East 0.268153352763
North 0.0164631817279
South 0.0178546957951

row12col6
West 0.107099377672
East 0.258463077454
North 0.397167009021
South 0.3213605145

row12col8
West 2.21311443591e-11
East 0.000979624119122
North 5.66381249063e-07
South 0.0

row12col9
West 2.71849736228e-06
East 9.12391918827e-05
North 0.000892752249017
South 0.0211529421433

row12col10
West 0.00201289629664
East 4.37743023174e-05
North 0.0
South 0.0

row12col12
West 0.000452311764103
East 0.00447294506866
North 4.68612361307e-08
South 0.000182632374252

row12col13
West 0.000478110923297
East 0.0417334037876
North 2.71527740054e-05
South 4.29572729683e-07

row12col14
West 0.0036671109621
East 0.126913027312
North 9.32426061368e-08
South 0.00120373390014

row12col15
West 0.0233624636655
East 0.254406551482
North 5.18347577546e-05
South 0.0202470985405

row12col16
West 0.0568899599559
East 0.386753943459
North 0.0390418643463
South 0.0315252587196

row12col17
West 0.170398886162
East 0.109904483163
North 0.46298861459
South 0.360391551086

row12col18
West 0.305716205267
East 0.0878829206352
North 0.0142592423505
South 0.0065522744765

row12col20
West 0.000231407580024
East 0.00176613639286
North 2.72879790104e-16
South 0.0

row12col21
West 5.52285997815e-05
East 1.55856185677e-05
North 0.0010379673111
South 0.0294935469757

row12col22
West 0.00236022900142
East 1.65218044721e-05
North 0.0
South 5.25265319489e-07

row13col5
West 0.0291800646533
East 0.204864401181
North 0.0399849080249
South 0.0100313607983

row13col6
West 0.0610037699146
East 0.154708513553
North 0.377133492917
South 0.299444381114

row13col9
West 0.00177831485493
East 0.00324821924182
North 0.00408779654681
South 0.0596399250007

row13col17
West 0.184094383848
East 0.115191501607
North 0.439323481899
South 0.298452056881

row13col18
West 0.277366386511
East 0.06400904727
North 0.0268057024305
South 0.0302333078353

row13col21
West 0.00190148323059
East 0.00472416785008
North 0.00254642829692
South 0.0650812038567

row14col1
West 0.000331769890224
East 0.00123261649538
North 3.9831740745e-05
South 5.24233803366e-05

row14col2
West 0.000264715558947
East 0.00479779708599
North 0.000305231934054
South 0.000241595930004

row14col3
West 0.000764173842757
East 0.0190608992686
North 0.00143679268304
South 0.00138993301293

row14col4
West 0.00163292174119
East 0.0797386904565
North 0.00205415534759
South 0.00296499844031

row14col5
West 0.00478006076467
East 0.247426315753
North 0.0346125158308
South 0.0167490936746

row14col6
West 0.0881072155338
East 0.128814154195
North 0.357742557254
South 0.269675559439

row14col7
West 0.3132968482
East 0.071182991327
North 0.0416019803487
South 0.0451383382708

row14col8
West 0.242098659903
East 0.024680603545
North 0.0112397999833
South 0.010902837677

row14col9
West 0.149000608849
East 0.0171671490534
North 0.00259739644146
South 0.0026753673378

row14col10
West 0.0585432169958
East 0.00237717491736
North 0.0025597799634
South 5.50282622586e-05

row14col11
West 0.017266571569
East 0.00182556983572
North 0.000225786414987
South 5.28496877787e-05

row14col12
West 0.00136485614745
East 0.00710169165672
North 9.34538557553e-05
South 0.000176373851733

row14col13
West 0.00196788372404
East 0.0200978802454
North 0.000346619144123
South 0.000406394157841

row14col14
West 0.00509106571485
East 0.0574225425555
North 1.30154537998e-05
South 0.00224983865667

row14col15
West 0.0120766285026
East 0.143594852629
North 0.013130757067
South 0.00905207182458

row14col16
West 0.0401226913996
East 0.293362788766
North 0.0352619155939
South 0.0221165340731

row14col17
West 0.0805240272216
East 0.13329591088
North 0.416183638391
South 0.267611069371

row14col18
West 0.376300744592
East 0.023940775454
North 0.0727451576914
South 0.0449924231366

row14col19
West 0.310230288427
East 0.0352254116084
North 0.00932081745307
South 0.00682679709832

row14col20
West 0.215949241734
East 0.017828011673
North 0.0136393609645
South 0.00372222748675

row14col21
West 0.136685399633
East 0.0123995962868
North 0.00177936468512
South 0.000197763060369

row14col22
West 0.0499532186078
East 0.00642518281586
North 0.0010935155402
South 0.000251893176047

row15col1
West 9.6044744353e-06
East 0.00184523618914
North 1.48352524279e-08
South 6.39629053792e-15

row15col2
West 4.40567717288e-05
East 0.0437520247979
North 0.00107312486627
South 0.000941494592281

row15col3
West 0.00158868952378
East 0.102099401089
North 0.000572365652174
South 0.000519552550446

row15col4
West 0.00394523363558
East 0.196569649562
North 0.00200898333813
South 0.0100903366059

row15col5
West 0.0271119969064
East 0.283416181777
North 0.0105730313062
South 0.0100220507338

row15col6
West 0.0551442728455
East 0.105431169884
North 0.338025945071
South 0.270271039973

row15col7
West 0.303999272059
East 0.0570058521524
North 0.0476452357776
South 0.0206727135501

row15col8
West 0.150978080094
East 0.000776136791232
North 0.0567952449027
South 0.0424693550243

row15col9
West 0.0228709143547
East 0.000344055853243
North 0.00889322815245
South 0.000627305195934

row15col10
West 0.00218836995915
East 2.74775976297e-05
North 0.000965051512699
South 7.06252979532e-08

row15col11
West 0.000131255755223
East 0.000219194021516
North 0.00204438159165
South 1.45572270167e-05

row15col12
West 2.28013438177e-05
East 0.00378969306256
North 0.000564330587406
South 8.44027970656e-05

row15col13
West 0.000565248851893
East 0.0292263263652
North 0.00031610188044
South 0.0010258316961

row15col14
West 0.00397878025563
East 0.107040425626
North 0.00296777814222
South 0.00247319843224

row15col15
West 0.0328025075658
East 0.300691190514
North 0.0130589794165
South 0.0087902988263

row15col16
West 0.0642307823886
East 0.350875886249
North 0.0716305187911
South 0.045072303376

row15col17
West 0.0721983199898
East 0.0608502842579
North 0.387970328371
South 0.261048174273

row15col18
West 0.185694245588
East 0.00640604094827
North 0.00950671003026
South 0.00308503040301

row15col19
West 0.000360793460271
East 0.00104399993913
North 0.0679878816889
South 0.00291779401707

row15col20
West 3.19254358633e-11
East 2.79765010007e-05
North 0.0429114039261
South 0.000648281089076

row15col21
West 7.73696568536e-05
East 5.09377237766e-05
North 0.00720096976018
South 1.4287246396e-05

row15col22
West 5.88192672774e-08
East 5.46191256025e-06
North 0.00684794397355
South 0.000549047984627

row16col2
West 0.000225428751413
East 0.000368587898294
North 0.0147194203024
South 0.000176823395021

row16col7
West 0.0104926252508
East 0.0178754814111
North 0.245069798092
South 0.03347184352

row16col15
West 0.0195242130215
East 0.011946679966
North 0.234292575215
South 0.0089861886787

row17col1
West 5.92398833845e-07
East 0.000629315628333
North 3.03996538146e-05
South 9.61540280749e-08

row17col2
West 6.3895161223e-06
East 8.75795190668e-06
North 0.00488515137329
South 1.99147077927e-05

row17col3
West 0.000935116203816
East 9.34466074094e-07
North 5.0149887131e-06
South 7.83860504063e-09

row17col4
West 9.59835056086e-05
East 3.39633876453e-07
North 0.0
South 2.88420617628e-10

row17col6
West 8.62151575315e-05
East 0.0137910678917
North 2.18261172051e-18
South 0.000422332145426

row17col7
West 0.000451005333508
East 0.00212880198349
North 0.17667922918
South 0.029053892047

row17col8
West 0.0494504525112
East 0.000331115309295
North 0.0017926710209
South 0.000317892762337

row17col9
West 0.009823878727
East 2.17435547465e-07
North 5.0120233643e-25
South 7.8585787169e-09

row17col10
West 0.000731609402155
East 3.01110183906e-09
North 2.85878311475e-08
South 2.98172348983e-08

row17col11
West 9.30854715196e-06
East 1.31206171439e-09
North 0.0
South 4.20404286197e-08

row17col13
West 8.72082932061e-07
East 0.00140719967725
North 1.10441080264e-09
South 3.02750278789e-13

row17col14
West 1.11945566941e-05
East 0.0331334399981
North 6.62579999199e-08
South 2.33245119642e-05

row17col15
West 0.00145737441408
East 7.31880861103e-06
North 0.16093462808
South 0.00354591562296

row17col16
West 0.0172152941041
East 0.000123261400948
North 7.30789075014e-06
South 1.39312519501e-05

row17col18
West 0.0
East 0.0
North 8.08720506539e-08
South 8.7221968905e-05

row17col19
West 3.33886716058e-11
East 1.55369724322e-15
North 2.42569186805e-08
South 9.16299791828e-05

row17col20
West 4.39722297178e-15
East 4.65027179501e-11
North 1.20289761241e-12
South 1.00526277494e-06

row17col21
West 1.55369724322e-15
East 0.0
North 1.23117720925e-10
South 3.23743207178e-06

row17col22
West 2.20134442948e-10
East 0.0
North 5.91192103866e-09
South 6.01983454404e-08

row18col1
West 3.85027636484e-09
East 4.32898202278e-32
North 4.37309262071e-05
South 1.32317684239e-08

row18col2
West 2.59508184152e-17
East 6.07201276627e-09
North 0.000439604190094
South 1.07276917461e-06

row18col3
West 3.10822416727e-05
East 1.43982951722e-10
North 1.23810467183e-06
South 3.0934777879e-09

row18col4
West 6.07201276619e-09
East 2.03222199478e-08
North 2.77654285067e-06
South 4.17844838682e-11

row18col6
West 0.000217789322721
East 0.0119590465897
North 5.71352415133e-15
South 5.06120571731e-06

row18col7
West 0.000316652396167
East 0.00110019020302
North 0.10685069708
South 0.00810818203819

row18col8
West 0.04510967159
East 0.000163357667847
North 0.00178109049676
South 2.33030611908e-05

row18col9
West 0.0109162195719
East 8.11222759185e-05
North 5.26844260713e-05
South 7.62875108489e-06

row18col10
West 0.00185962131532
East 1.02613236417e-05
North 4.06956459656e-07
South 3.69818918622e-12

row18col11
West 0.000164246204855
East 1.02373184729e-05
North 2.1639985908e-09
South 7.97079025185e-12

row18col13
West 8.63607015462e-13
East 1.18761080766e-06
North 3.09130295266e-28
South 0.0

row18col14
West 1.13829057923e-14
East 0.000378820205201
North 0.00223455113065
South 1.57091509306e-05

row18col15
West 5.7364932324e-05
East 0.000879731941098
North 0.0881703375328
South 0.000934877056165

row18col16
West 0.0405592319041
East 0.000307186177549
North 0.000665711844084
South 1.30344223957e-05

row18col17
West 0.013449102439
East 7.69307117491e-05
North 4.29575271324e-05
South 0.000211408014778

row18col18
West 0.00401688853158
East 4.45867490425e-05
North 1.4431681972e-06
South 9.54169025403e-09

row18col19
West 0.00102772505336
East 1.06980793655e-05
North 2.10814042659e-06
South 2.64080644082e-06

row18col20
West 0.000216610465006
East 1.4181087564e-06
North 1.08536051417e-09
South 1.33232360341e-07

row18col21
West 4.3695721686e-05
East 1.86978725517e-07
North 1.71366992005e-09
South 3.08334130755e-11

row18col22
West 5.22162160184e-06
East 2.30910227229e-07
North 2.20926189857e-09
South 8.34470258524e-17

row19col1
West 1.50170203881e-09
East 0.0
North 1.8839523474e-06
South 1.42601356047e-08

row19col2
West 1.50344295193e-09
East 1.16878354647e-17
North 2.71701979296e-05
South 6.80638013285e-07

row19col3
West 1.81960640423e-16
East 1.93746982596e-11
North 1.0866902955e-06
South 5.03664981738e-10

row19col4
West 8.6431304201e-18
East 9.36061082977e-13
North 6.90076465354e-08
South 2.77501949644e-11

row19col6
West 3.78076778442e-05
East 0.00437620047349
North 0.0
South 8.82292586178e-06

row19col7
West 5.2529903894e-05
East 6.32390795231e-05
North 0.0306168075144
South 0.00432124153221

row19col8
West 3.51303346747e-05
East 1.03265636369e-06
North 0.00139514204062
South 1.3793397181e-05

row19col9
West 0.0
East 8.56202388638e-07
North 0.000551107624373
South 1.03394801399e-06

row19col10
West 1.35963185535e-09
East 1.02013406805e-14
North 0.000149139281618
South 1.22498068767e-06

row19col11
West 3.9339602482e-06
East 3.54528346549e-10
North 0.0
South 2.81766484903e-32

row19col13
West 9.85896709924e-07
East 0.00011463591861
North 5.735116382e-08
South 5.01504755119e-07

row19col14
West 1.38601696431e-06
East 0.00151609197212
North 4.67109346848e-13
South 8.78135430383e-07

row19col15
West 2.22323996856e-05
East 2.33778502406e-06
North 0.0110201948106
South 0.000393404432802

row19col16
West 9.70769322428e-07
East 4.86312951729e-08
North 0.00214294134603
South 1.29276262818e-05

row19col18
West 0.0
East 2.40682247908e-26
North 0.000158208064168
South 2.39251699942e-07

row19col19
West 0.0
East 1.39926232856e-07
North 8.07259512765e-05
South 1.47465980046e-06

row19col20
West 7.11030902214e-06
East 0.0
North 1.04652321309e-08
South 2.49250815902e-09

row19col21
West 3.04252121024e-15
East 5.1544327482e-09
North 6.46502603162e-27
South 3.07088736502e-28

row19col22
West 1.05892667759e-28
East 7.17051549276e-20
North 3.67521072445e-07
South 1.66622333636e-13
