0.0280768673579
0.0229280096973
0.0256870460096
0.0217656684134
0.0221813197021
0.0249259378142
0.0300320570239
0.0297769486745
0.0298891154118
0.0276104051584
0.0262097775591
0.0273758635516
0.027470078615
0.0276554141131
0.0271553844531
0.0278571203299
0.0267342926547
0.0275156279339
0.0275864652914
0.028009481214
0.0279825844877
0.0272425518523
0.0272710905401
0.0273453040656
0.026818121171
0.0270155433763
0.0272250133803
0.0276723136501
0.0280279373187
0.0279573586708
0.0281516829938
0.0281953706591
0.0276864414376
0.0284054456831
0.0283271032933
0.0284059338756
0.0282076733016
0.0277762694208
0.0282840009328
0.0281987171073
0.0284744986282
0.0285544185258
0.0287367711814
0.0284614931455
0.0289406209625
0.0290199840478
0.0295396708257
0.0298704790516
0.0297940156736
0.0299304471973
0.0299432712289
0.0299666724794
0.0298900339294
0.029440085247
0.0295462117913
0.0297479298102
0.0295004355957
0.029883060473
0.0302336490284
0.0310054189995
0.030552334313
0.030725641336
0.0308793757229
0.0309199232222
0.0308824488224
0.0307402716718
0.0309221311145
0.0312737243817
0.0310053627388
0.0310033905462
0.0307619778334
0.0306636130161
0.0306683585823
0.0306426811621
0.0310128325495
0.0312737584481
0.0316302625337
0.0318992514515
0.032095183505
0.0322028672853
0.0327016362948
0.0325017009081
0.0326702329019
0.032746020878
0.0328670420333
0.0327306055331
0.0326619704946
0.0324044273885
0.0322643483541
0.0323069712663
0.0322301093132
0.032242139374
0.0322658446139
0.032608206856
0.0324794974998
0.0325593586317
0.0327291764722
0.03251541656
0.0328336901672
0.0329576788906
0.033223561756
0.0332405569791
0.0331589033813
0.0331153644636
0.032913444121
0.0328087464215
0.0327415360211
0.0327974247986
0.0328215860494
0.0329467436093
0.0331817486583
0.0331404420363
0.0332481361603
0.0332554034716
0.0333902096923
0.0333195669106
0.0332391805971
0.0332430159595
0.0333359036431
0.0335298901988
0.0334677672033
0.0334799548727
0.0334658189108
0.0335473342952
0.0335413286127
0.0334660279805
0.0336337306701
0.0334924722754
0.0335263017478
0.0337365344648
0.0338935732164
0.0339081321959
0.0342679762862
0.0344673098755
0.0345938309177
0.0346475668993
0.0348074404036
0.034917901193
0.0348947177028
0.0349344064743
0.035019070233
0.0354973716444
0.0355983742838
0.0357116364399
0.035780791261
0.0358058306993
0.0357227428456
0.0356300603867
0.0356676078364
0.0356223853631
0.0355677511683
0.0356406506404
0.0356250208649
0.0356289677261
0.0356231899627
0.0356991791471
0.0357000868418
0.0359952547533
0.0360025130313
0.0360866933609
0.036112730563
0.0361093170499
0.0361480015753
0.0362917263408
0.036271777316
0.0364082936758
0.0364728564706
0.0364505972068
0.03653336936
0.036770642554
0.0368425968897
0.037067524494
0.037155379688
0.0371102128245
0.0371943636998
0.0373129824556
0.0373175918099
0.0373820047528
0.0374377919429
0.0375715805114
0.0375331239667
0.037604312892
0.0376094664969
0.0376506808058
0.0378015755424
0.0378023540168
0.0376990168595
0.0377380792758
0.0377512996077
0.0377961042713
0.0378997130389
0.037927795318
0.0382004578108
0.0384219889274
0.0385478451123
0.0386934668061
0.0386189956931
0.0387590355391
0.0388079769755
0.0389090031295
0.0390683628312
0.0392549851078
0.0391985535777
0.0393081553233
0.0394424819535
0.0395163622601
0.0395320283423
0.0395378227822
0.0396776334698
0.0397593902569
0.0397115734367
0.0397963233521
0.0398872225683
0.0399068550077
0.0400201445066
0.040082086811
0.0401172803777
0.0400562965974
0.0402708350924
0.0404077844282
0.0405319133344
0.0406792135515
0.0407294613789
0.0408729953079
0.0409158614151
0.0409716379266
0.0410866419795
0.0411483753239
0.0412325810593
0.0414951056211
0.0415218670601
0.0415018621408
0.0416338059157
0.0417611714683
0.0419697662314
0.0420749148737
0.0422072131053
0.0423310079431
0.0423587562428
0.0424556707041
0.0425745833594
0.0426582464361
0.0426460295044
0.0427267786155
0.0429000794026
0.043033296563
0.0432840920059
0.0433461604351
0.0434149087229
0.0435295597725
0.0436684587665
0.0438518495099
0.0440270380761
0.0441484171631
0.0442094173916
0.0442633738072
0.0442666093243
0.0442963069694
0.0443609256924
0.0444660203472
0.0446492450908
0.0447529812739
0.0449178203851
0.0449862360085
0.0450300748063
0.0452056760075
0.0452692586534
0.0453766825175
0.0454875085684
0.0455934863169
0.0457121504172
0.0457521163865
0.0457920670558
0.0458928576647
0.0458945511937
0.045943069932
0.0460456345636
0.0461343575844
0.0463848252011
0.0464731705736
0.0464928051627
0.046573351786
0.0465653768081
0.0466390833322
0.0468044717028
0.0468790982066
0.0468668443162
0.046954365415
0.0470471080391
0.047170961984
0.0474523258074
0.047540400842
0.0476099793293
0.04759632001
0.0477001221765
0.0477459569705
0.0478371809843
0.0478766138326
0.0478731577231
0.0479827848417
0.0480926988352
0.0481649742511
0.0482160028663
0.048354385526
0.0484115241591
0.0485060879779
0.0485881634795
0.0487394276039
0.048881310719
0.0489590575703
0.0490948953002
0.0492138510634
0.0492611945947
0.0493855763739
0.0495082738322
0.049535781915
0.0495662465998
0.0495781106104
0.0496941033189
0.0498158675378
0.0498854505013
0.0499855493521
0.0500443689682
0.050195232945
0.0503206908666
0.0504507104474
0.0504576856705
0.0505566836593
0.050598799087
0.0507670496498
0.0508184072891
0.0509319471612
0.0510132025529
0.051159512633
0.051189599056
0.0512868095776
0.0513693607648
0.0514206315117
0.0514623683306
0.0515290736471
0.0517164205916
0.051790111089
0.0518870088689
0.0519831374513
0.0520297766762
0.0521081593844
0.0522699432419
0.0524679379575
0.0525715756654
0.0527066565619
0.0528200127392
0.052905196177
0.0529912879833
0.0531425090903
0.053253627188
0.0533274121115
0.0534362339175
0.0535792114339
0.0536659604433
0.0536971273832
0.0537785927601
0.0539264230163
0.0541073319832
0.0542129249556
0.0542303208166
0.0544018080965
0.0545437783112
0.0545914569507
0.0547461704086
0.0547723396944
0.0548708275019
0.0549454657244
0.0550462626985
0.0551868520506
0.0552673165271
0.0553408458022
0.0554594738249
0.0555862558688
0.0557407658888
0.0557829827452
0.0558201588714
0.0559340362316
0.0560109257869
0.0561186370931
0.0561869199092
0.0563092665044
0.0564060196095
0.0565805145775
0.056680508539
0.0568166340038
0.0568999143941
0.0569732434709
0.0570799978282
0.0571405094569
0.0572223956383
0.0573414392246
0.0574491560391
0.057564133009
0.0576885602254
0.0579077978893
0.0579918649932
0.0581138894143
0.05818401745
0.058266055747
0.0583675491309
0.0583958757054
0.0585131437076
0.0585675119821
0.0586425164918
0.0586941789524
0.058771704436
0.0588204050309
0.0589482585597
0.0590685161578
0.0592287652532
0.0593042066482
0.0593460483504
0.0595351596255
0.0596580174167
0.0597741409075
0.0598820155659
0.0599746701176
0.0600914058007
0.0601383874275
0.0602587195456
0.0603552267711
0.0604341276506
0.0605290840578
0.0606423790982
0.0607955036976
0.060881471533
0.060992027735
0.0610950644816
0.061189186364
0.0612413175529
0.0613953268686
0.0615069906968
0.0615583165716
0.0616874552128
0.0617011618033
0.0618314762881
0.0619514614386
0.0620602557014
0.0621475918105
0.0622611972701
0.0622977881034
0.0623536691694
0.0624636746426
0.0625157398996
0.0627018137832
0.0627661793938
0.062820411135
0.0629244898528
0.0630362823458
0.0631398429519
0.0631889537463
0.0633114856866
0.0633885481408
0.0635438796654
0.0636588999232
0.063806214844
0.0638774205468
0.0638935082734
0.0640111397119
0.0641079696225
0.0641835822331
0.0642546651708
0.0643370056017
0.0643770175378
0.0644192452966
0.0645087566234
0.0647300052211
0.0648551574648
0.0649891321343
0.0651262793245
0.0651936846602
0.0652692076703
0.0653552286224
0.0653926664332
0.0654605937423
0.0655019765206
0.0656809385594
0.0657537396203
0.0658619998278
0.0660031611398
0.0660835255825
0.0661805613602
0.066343099545
0.066440264452
0.0665271199824
0.0666962695028
0.0667688480282
0.0668715236358
0.0669816110806
0.0670166353442
0.0671294757901
0.0671853774752
0.0672529194547
0.0673661381336
0.0675031900401
0.067600107173
0.0676714264041
0.0677738558062
0.0678550057269
0.0679272134918
0.06796216244
0.068076039295
0.0681831621645
0.0682901133206
0.0683523785207
0.0684482715058
0.0685339216571
0.0686405929353
0.0687397773832
0.068841999292
0.0689508056969
0.0690798597581
0.0691019104504
0.0691638090583
0.0693170668982
0.0694069011814
0.0695189145831
0.0695668165524
0.0696715594824
0.0697151934963
0.0697762754745
0.0698556238129
0.0699264207608
0.0700314874761
0.0701272463859
0.0701758567517
0.0703190003004
0.070399154836
0.0704244992573
0.0704928961778
0.0705876436617
0.0706625455765
0.0707910167012
0.0708768318095
0.0710058459502
0.071065191914
0.0711686574078
0.0712591750193
0.0713956036929
0.0715195658092
0.0716132828649
0.0717745696293
0.071879313216
0.071971281301
0.0720552452743
0.072130544714
0.072245021497
0.072356045394
0.0724553689865
0.0725092607348
0.0726288041888
0.0727229477738
0.072750467675
0.0728079700732
0.0729159470194
0.072986132167
0.0730631741195
0.0731418165328
0.0732017628118
0.0733062362998
0.0733989396437
0.0734904934285
0.0735961156041
0.0736646680015
0.0737410002652
0.0738387432083
0.0739555689139
0.0740409456134
0.0741013057363
0.0742278911533
0.0743362139992
0.0743980524581
0.0744608555891
0.0745543822308
0.0746844723197
0.0747726583203
0.0748410946237
0.0749294173526
0.0749754013191
0.075042199086
0.0750812790646
0.075163008987
0.0752533219237
0.0753260288228
0.0754171507168
0.075515335638
0.0755849550714
0.0756400709835
0.0757768785389
0.0758580155961
0.0759497179331
0.0760217910884
0.0760833172793
0.0761722069214
0.0762556828082
0.0763115267366
0.0763860915055
0.0764343867683
0.0764739376043
0.0765421215872
0.0766845138373
0.0767688646193
0.0768777533717
0.076970828045
0.0770410774327
0.0771224730949
0.0772122456663
0.0773312848442
0.0774162994329
0.0775416773315
0.0775902177587
0.0776375459524
0.0777280079197
0.0777848301813
0.0778654426575
0.0779363549465
0.0779854431809
0.0780394661703
0.0781111075945
0.0781578720989
0.0782262808639
0.0783229807227
0.0784010483813
0.0785133548484
0.0785586786119
0.078655853739
0.0787202584877
0.0787697403042
0.0788651612131
0.0789400978284
0.0790200356819
0.0790983916366
0.0791046048222
0.0791750525096
0.0792671246479
0.0793078407036
0.0794019887072
0.0794881112953
0.0795219021902
0.079585333867
0.0796474323099
0.0797500842053
0.0798248901976
0.0798940751948
0.0799539460936
0.080015521665
0.0801169411504
0.0802188068975
0.0802901084428
0.080330869262
0.0803911262454
0.0804631940446
0.0805814019786
0.0806492175125
0.080709518742
0.0808111520261
0.0808671085117
0.0809511759611
0.0810353994665
0.0811401109592
0.0812251099733
0.081284503742
0.0813778134879
0.0814703413361
0.081540342226
0.0816021596087
0.0816451988615
0.0817185173985
0.0818137586625
0.0819121212739
0.081980301105
0.0820418664406
0.0820915860455
0.0821866431651
0.0822654005046
0.0823295583319
0.0823874642286
0.0824426110458
0.0824942712837
0.0826014790357
0.0826519730404
0.0827184626198
0.0827685204555
0.0828485250145
0.0829421063608
0.0830592177584
0.0831917079323
0.0833146137456
0.0834021493807
0.0835145033495
0.0835818396601
0.0836575154926
0.0837206656008
0.0837733989568
0.0838517583603
0.0839066734589
0.0839481492205
0.0840222535495
0.08408391236
0.0841453606012
0.0842082291379
0.084269254534
0.0843424338781
0.0843976668417
0.0844517441256
0.0845175347254
0.0845663030408
0.084629787504
0.0847006857776
0.0847363541231
0.0848146845402
0.0848318886585
0.0849142972942
0.0850088958136
0.085077669571
0.0851871780659
0.0852599376585
0.0853179130966
0.0853931383966
0.0854539781745
0.0855658674321
0.0856231332662
0.0856999981135
0.0857778001807
0.0858174907644
0.0858964006603
0.085934746276
0.086017505981
0.0860858590621
0.0861491896375
0.0862017402612
0.0862623970988
0.0863192881142
0.0864274711717
0.0864951634943
0.0865532616362
0.0866320049841
0.0866892216468
0.0867492184474
0.0868055619324
0.0868621383934
0.0869479547034
0.0869923125715
0.0870820902058
0.0871426069386
0.0871887141142
0.0872439679271
0.0873181067042
0.087364717563
0.0873856438684
0.0874503293292
0.0874915052567
0.0875643926669
0.0876078328842
0.087658948745
0.0877610494754
0.0878086105425
0.0878554078313
0.0879375057017
0.0879868574658
0.0880402393966
0.0880804444463
0.0881280142321
0.0881911156726
0.0882549899673
0.0883372462847
0.0883681437043
0.0884568029492
0.0885041726746
0.0886047053556
0.0886723245645
0.0887476034965
0.0888174004638
0.088892784521
0.088957735816
0.089007087793
0.0890643874941
0.0891417749641
0.0891661166887
0.0892148697799
0.0892751299311
0.0893742658343
0.0894042127
0.0894406492936
0.0894882922813
0.0895527358257
0.0896042477516
0.0896596472863
0.0897292360477
0.0897582913172
0.0898296050275
0.0898602835024
0.0899128137849
0.0899629062744
0.0900136467002
0.0900799173113
0.0901571747051
0.090232056333
0.0903038404896
0.0904157833442
0.0904821214582
0.0905842156315
0.0906290846824
0.0907145095813
0.0907462053655
0.0908259786677
0.0909223993494
0.0909552099308
0.0910092072457
0.0910479872228
0.0911208064888
0.0912013399756
0.0912607354088
0.0913251501457
0.0913862144993
0.0913918392484
0.0914629477801
0.091529667714
0.091562701699
0.0915986613094
0.0916558222028
0.0917119037834
0.0917550317862
0.0917999712187
0.0918436275424
0.0919186592053
0.0919961659319
0.0920288743703
0.0920594124683
0.0921096054156
0.0921775183462
0.0922002673919
0.0922636790763
0.0923547625001
0.0924462281728
0.0924845445453
0.0925448222939
0.092580720491
0.0925961602335
0.0926609080233
0.0926986386288
0.0927816109672
0.0928321542516
0.0928804295295
0.0929266175138
0.0929791460249
0.0930513111245
0.0931170123015
0.0931765200067
0.0932424998272
0.0932747760181
0.0933862409221
0.0934331989038
0.093489716048
0.0935264883452
0.0935570313551
0.0935893580579
0.093633094644
0.0937150364795
0.0937392232918
0.0938013834616
0.0938484972988
0.0938934271372
0.0939546230893
0.094026679007
0.0940877361607
0.0941293968094
0.0941952455736
0.0942804930059
0.0943345238428
0.0944125284012
0.0944565772992
0.0944953006525
0.094541489967
0.0946345421515
0.0946926027161
0.0947216367707
0.0947544877216
0.0948027488646
0.0949005354759
0.0949532658362
0.0950218540906
0.0950513350006
0.0951145365443
0.0951295742317
0.0951949809846
0.0952422548592
0.0952681936565
0.0952999524248
0.0953345137672
0.0953963370464
0.0954716957832
0.0954963388657
0.0955352169257
0.0955689662843
0.0956213753174
0.0956811026789
0.0957279740703
0.0957934097526
0.0958715048894
0.0959083811981
0.0959606546138
0.0960160572042
0.0960788709724
0.0961281817757
0.096165106883
0.0962167288709
0.0962608368499
0.096297608092
0.0963473092385
0.0964136953618
0.0964323706615
0.0964535864816
0.0965347231893
0.0965942295694
0.0966465638246
0.0966809582379
0.0967267856064
0.0967525571351
0.0968097673846
0.0968357012766
0.0969138025284
0.0969436260452
0.0969811797616
0.0970276369714
0.0970757033337
0.0971251988662
0.0971935912489
0.0972512887067
0.0973003106335
0.0973441228099
0.0973646880331
0.0974155010923
0.0974822058964
0.0975316977245
0.0975688648976
0.0976187827283
0.0976478051483
0.0976642616315
0.0976932856777
0.0977498273036
0.0977896332993
0.0978178855555
0.0978738444921
0.0978907098783
0.0979134644079
0.0979466881658
0.0980239944028
0.0980695381338
0.0981241979243
0.0981719200852
0.0982500793663
0.0982823114248
0.0983021548777
0.0983688323379
0.0984062460128
0.0984366629594
0.0984630000504
0.0985052982143
0.0985584154608
0.0986053999351
0.0986410867956
0.098664485374
0.098709996096
0.0987489252463
0.0987919837564
0.0988482816704
0.098948114273
0.0990061272579
0.0990209453068
0.099051554364
0.0990829996287
0.0991212423012
0.0991732780943
0.0992019064618
0.0992549319842
0.0992969930109
0.0993550757443
0.0994389717332
0.0994678894119
0.0995054344769
0.0996213369245
0.0996434991948
0.0996713486179
0.09970318938
0.0997383469145
0.0997784201959
0.0998460531999
0.0998964103239
0.0999662650783
0.100010887501
0.100062688007
0.100093500782
0.100127683769
0.10019545373
0.100226252051
0.100274966321
0.100319482036
0.100371407123
0.100423612967
0.100463785591
0.10050241573
0.100553609178
0.100619807581
0.100674252507
0.100729297917
0.100762357054
0.100825061367
0.100861369026
0.100875979999
0.100911071105
0.100971491494
0.101013877488
0.101052119859
0.101078185806
0.10113916423
0.101189127075
0.101234519644
0.101252184862
0.101307679193
0.101332987105
0.101359675563
0.101420776863
0.101465319963
0.10150756851
0.101566142885
0.101624568137
0.101671953138
0.101710330708
0.101749480698
0.101794547936
0.10181991774
0.101859659226
0.101897482721
0.101924579106
0.101966197337
0.101986030328
0.101992788838
0.102033960268
0.102058608719
0.102112930549
0.102176850897
0.102239634306
0.102265257987
0.102320002352
0.102366388633
0.102402958865
0.102455617552
0.102521935338
0.102595011589
0.102624789962
0.102646907908
0.102698924204
0.102743681218
0.10276030597
0.102803103589
0.102804816738
0.102835698689
0.102889623143
0.102941691599
0.102981432304
0.103018894993
0.103059651562
0.1031203625
0.103151461578
0.103188719961
0.103256517964
0.103295916779
0.10331410434
0.103363285988
0.103403620098
0.103424514492
0.103483770826
0.103513131408
0.10352963446
0.103554698157
0.103607471864
0.10365946223
0.103707580398
0.103728121417
0.103801554185
0.103854084093
0.103888829106
0.103956096493
0.104007188213
0.104031707985
0.104045265069
0.104106986358
0.104152995115
0.104201773725
0.104231982854
0.104265141602
0.104304008539
0.104345806706
0.10438771845
0.104424401891
0.104457905241
0.104475932838
0.104514079703
0.104520684183
0.10455370568
0.104608027597
0.104638035918
0.104703074604
0.104740127381
0.104793817648
0.104854331512
0.104905023489
0.104946439101
0.1049906344
0.105038886234
0.105070757314
0.105072820001
0.10508918134
0.105135160307
0.105182644055
0.105224884375
0.105265260843
0.105331065636
0.105357793625
0.105390518967
0.105442209361
0.105515214482
0.105564133215
0.105599348809
0.105606762026
0.105644823982
0.105677683037
0.10570796985
0.105747499029
0.10580718422
0.105843146232
0.105877819684
0.105921078613
0.105966354832
0.106010341876
0.106046485129
0.106093153215
0.106137067672
0.106153828516
0.106185065857
0.106221100739
0.106254456567
0.106303538815
0.106334630513
0.106364185553
0.106408610458
0.106438575052
0.106497617685
0.106522482331
0.106550215668
0.106581561582
0.106650002644
0.106666982523
0.106689893819
0.106706290221
0.10676113825
0.106821158339
0.106842423482
0.10687157551
0.106914686308
0.106966294732
0.107006416096
0.107024486998
0.107064291892
0.107081635196
0.107096250193
0.107131719062
0.107168330546
0.107217258151
0.107272899537
0.107299877021
0.107343754519
0.107377138946
0.107403176545
0.107441901138
0.107493196955
0.107548853876
0.107565155189
0.107622657241
0.107661305065
0.107694255904
0.10775426111
0.107795936281
0.107856531217
0.107909993289
0.107934938995
0.107983265204
0.108031573853
0.108055989306
0.108093328216
0.108146995419
0.108192372167
0.108225512478
0.10826727443
0.10829862941
0.108320604966
0.108375680916
0.108413089293
0.108452926893
0.108492332057
0.108524291546
0.108569214837
0.108641900942
0.108665383151
0.108689233704
0.108759160301
0.108808897119
0.108849264876
0.10889556826
0.108934024181
0.108951606998
0.108981728047
0.109044046148
0.109089099265
0.109136464988
0.109192199544
0.109236914681
0.109271119035
0.10932636067
0.109357435909
0.109406292038
0.109453799465
0.109499853015
0.109531135959
0.109574538957
0.109639783475
0.109696483793
0.109723501092
0.109778753001
0.109832162143
0.109873183462
0.109911862252
0.109939586319
0.109987070173
0.110051461746
0.110065820019
0.110098318137
0.110158104356
0.11022207578
0.11028580314
0.110348496364
0.110383863471
0.110413724245
0.110478592266
0.1105363095
0.110571128346
0.1106312476
0.110662888804
0.110701382684
0.110755955114
0.110804126659
0.110845846842
0.110870343352
0.110896081349
0.110962481992
0.110990699111
0.111039502177
0.11111410773
0.111165102847
0.111201858012
0.111235668134
0.111310550166
0.111332840381
0.111384128493
0.111432136423
0.111489782655
0.111512636294
0.111547780093
0.111607939359
0.111659824504
0.111679774475
0.111746013675
0.111815635068
0.111854532431
0.111904898018
0.111938980566
0.111981069677
0.112003190113
0.112062603086
0.112107610406
0.112139500773
0.112182897124
0.112235234898
0.112285163573
0.112345035866
0.112390283648
0.112432414764
0.112491371664
0.112529906593
0.112552122188
0.112600924305
0.112636429949
0.112698312993
0.112769726782
0.112824714985
0.112879166945
0.112948851261
0.112984389069
0.11303491319
0.113080807584
0.113137798539
0.113203845032
0.113242374597
0.113313458458
0.113375203336
0.113461915453
0.113496997513
0.11353831732
0.113590058304
0.113645647133
0.113678775873
0.113722475174
0.113776974816
0.113836589077
0.113869626365
0.113908510881
0.113957264302
0.114006854067
0.114066590327
0.114098319437
0.114149638166
0.114207278671
0.114245112484
0.114281726754
0.114319167602
0.114397908551
0.114463153363
0.114512714046
0.114563971981
0.11465538815
0.114695658384
0.114735454309
0.114794299718
0.114856276331
0.114903762829
0.114950681791
0.115009883212
0.11505980211
0.11512176181
0.115149060227
0.115192768024
0.11526090338
0.115312679968
0.115350516057
0.115405667571
0.1154738079
0.115517613495
0.11558111431
0.115613440478
0.115645815552
0.115710425394
0.115747794813
0.115778630153
0.115838249609
0.115924457017
0.115985581164
0.116042979043
0.116074438345
0.116116574365
0.116199707458
0.116244028784
0.116302767077
0.116332598329
0.116385126622
0.116452924664
0.116497286871
0.11657457522
0.116622584423
0.116680498535
0.116725913208
0.116767602297
0.116819936366
0.11687588649
0.116938957494
0.116999142302
0.117055872194
0.117100008547
0.117161141705
0.11723028354
0.117293385131
0.117335320152
0.117368771276
0.117418829424
0.117456779029
0.117498034665
0.117573771067
0.11763790695
0.117685135589
0.117758640027
0.117833185397
0.117872536721
0.117954884665
0.117999501571
0.118059651713
0.118107969268
0.118155889994
0.118229557655
0.118262077593
0.118314026425
0.118354175254
0.118395620271
0.118447626033
0.118530071325
0.118582214691
0.118639710115
0.118701069128
0.118760418889
0.118803046136
0.118857826255
0.118913596817
0.11896986061
0.119046545829
0.119116430764
0.119193180358
0.119262649723
0.119298066436
0.119352187421
0.119423485007
0.119477238763
0.119544282668
0.119612742952
0.119675574566
0.119748638535
0.119791202246
0.119847343232
0.119885643602
0.119946305912
0.120000259511
0.120062841082
0.120106977996
0.12014653983
0.120206085794
0.120248598263
0.120313055224
0.12037194545
0.120425945021
0.12047062049
0.1205236605
0.12055968269
0.120609342633
0.120681988506
0.120737727145
0.12080265313
0.120846162261
0.120920090862
0.120959815077
0.121030936813
0.121083128334
0.121151728838
0.12121128195
0.121276282317
0.121335275786
0.121403351937
0.121456550627
0.121494980037
0.121537082524
0.121600725915
0.121648541466
0.121724139387
0.121778611956
0.121856801374
0.121902659983
0.121955939257
0.122028407521
0.122092920412
0.122148740121
0.122202796812
0.122263992899
0.122335273312
0.12240335513
0.122453328433
0.122502962437
0.122551067582
0.122623570975
0.122687678671
0.122730887774
0.122800638773
0.122851839025
0.122906379337
0.122954760861
0.123008238784
0.123083981647
0.123150495994
0.123180364205
0.123233126101
0.123294493533
0.123356248245
0.12340449358
0.123482598935
0.123514028066
0.123586906548
0.123645998062
0.123696795548
0.123741444769
0.123796256268
0.123855412954
0.123907981378
0.123973360315
0.12403224678
0.124088015435
0.124145501147
0.124211858857
0.124285958926
0.124352386202
0.124398522148
0.12446997812
0.124547489458
0.124593730073
0.124683059887
0.124735480396
0.124802636145
0.124844817049
0.124866193477
0.124916730464
0.124979301125
0.125033543578
0.125078926253
0.125149962189
0.125208399188
0.125284513924
0.125350994716
0.125427466649
0.125505133074
0.125568128972
0.125628739145
0.125670611288
0.125743042015
0.125805185095
0.125862193486
0.125929883167
0.126005670639
0.126054444881
0.126113707034
0.126165903135
0.126248223557
0.12632977227
0.126389078646
0.126438403147
0.126529321148
0.12658180696
0.126636729087
0.126720004791
0.126789109504
0.126873281595
0.12693332357
0.127000806813
0.127045726807
0.127104572684
0.127176213547
0.127232692777
0.127291960073
0.127380202458
0.12746081454
0.127507769701
0.127567447497
0.127648818281
0.127711523889
0.127767363139
0.127861940537
0.127920460782
0.127985619216
0.128040361243
0.128110868731
0.128188632228
0.1282560864
0.128321005149
0.128380877207
0.128446679383
0.128513538202
0.128574016418
0.128626327264
0.128683336455
0.128741071174
0.128792260121
0.128877796022
0.128950136225
0.129024750983
0.129094200635
0.129168771458
0.129234592278
0.129309377461
0.129359451323
0.129434753091
0.129512512961
0.129579080357
0.129646892222
0.129732197288
0.129802274497
0.129877295775
0.129945604896
0.130012613177
0.130105607862
0.130167476123
0.130245770431
0.130305732551
0.130364193422
0.130436225295
0.130516640022
0.130573340024
0.130635920586
0.130702576519
0.130777225606
0.130853871004
0.130907213806
0.130970334037
0.131052067839
0.131109230802
0.131170749187
0.131242997659
0.131333663451
0.131382943373
0.131428893028
0.131496446538
0.131574103644
0.131630283321
0.131706319952
0.131772402809
0.131858284375
0.131923935699
0.131979291476
0.132043526079
0.132108988036
0.132188249297
0.132247115687
0.132305949224
0.132385494379
0.132454002738
0.132498908481
0.132570823694
0.132641721965
0.132718479834
0.132791136421
0.13286877665
0.132929095782
0.132995869012
0.13307144739
0.133145982492
0.133220000921
0.133272762348
0.133350083435
0.133427914409
0.133488241783
0.13355582247
0.13362265552
0.133691703632
0.133770757581
0.133828762562
0.133899458007
0.13398820516
0.134060945147
0.134124310776
0.134194695251
0.134267132072
0.13432887333
0.134406131952
0.13446404876
0.134528823192
0.134602188936
0.134679344576
0.134749346846
0.134814790475
0.134877796505
0.134943622758
0.135016473562
0.135119580181
0.135188814953
0.135254349601
0.135323815909
0.135393633949
0.135466417676
0.135538743081
0.135615622416
0.135680739548
0.135746250178
0.135824489417
0.135873757242
0.135955534419
0.136023799341
0.136081550544
0.136148521556
0.136222288629
0.136285242127
0.136355930904
0.136447775942
0.136523269557
0.136604630465
0.136676741896
0.136743928746
0.136802125566
0.13688303907
0.136961542743
0.137034165408
0.137101306275
0.137178061909
0.137268556284
0.1373375489
0.137395887614
0.137448605195
0.137522199241
0.137610674183
0.137696614297
0.137767886938
0.137839712409
0.13789287412
0.137963858266
0.138021913744
0.138083992222
0.138152587062
0.138251845696
0.138318429835
0.138396657509
0.138477333127
0.13855234927
0.138605111237
0.138675532958
0.138739956542
0.138824526144
0.138894779995
0.13897845703
0.139053037061
0.139119291943
0.139188367093
0.139266124996
0.139344585955
0.139396879841
0.139469022227
0.139514059799
0.139585543541
0.139658636738
0.139740896917
0.139793796348
0.139861773319
0.13992909343
0.140023578107
0.140099358246
0.140152096687
0.140220876775
0.140274994172
0.140336982165
0.140426436871
0.140509976228
0.140573200052
0.140663587411
0.140759925234
0.140843531871
0.140913340739
0.140976449149
0.141043425087
0.141116567145
0.141191968387
0.141259714263
0.141352085258
0.141427085862
0.141498393184
0.141563638731
0.141644297088
0.141718373744
0.141793237533
0.141895011911
0.141992467917
0.142051838259
0.142121144395
0.142205253334
0.142278298544
0.14235403558
0.14243585738
0.14250803593
0.142578678899
0.142662687896
0.142724322273
0.142781905817
0.142875753875
0.142958892275
0.143034742803
0.143118650605
0.143199926492
0.14328261986
0.14335690627
0.143440129781
0.143517036931
0.143581026486
0.143669551135
0.143752251352
0.143820860705
0.143890589539
0.14395765774
0.144035703996
0.144097172163
0.144175684568
0.14424340194
0.144315787299
0.144368034943
0.1444381086
0.144512878018
0.144574962738
0.144639111686
0.144709491882
0.144787777428
0.144856494265
0.144934124977
0.145020034734
0.145080274266
0.145153578334
0.14522882112
0.145318357071
0.145392050346
0.145458910771
0.145534433255
0.145598574463
0.145675046138
0.145743055064
0.145826962225
0.145892094087
0.145962555415
0.146052400335
0.14612688814
0.146198283475
0.146252539604
0.146326388538
0.14637281616
0.146442517088
0.1465314219
0.146588288043
0.146654397178
0.146728824739
0.146799469134
0.146862625681
0.146944194686
0.147010945059
0.14708382153
0.147158173961
0.147235738591
0.147308592662
0.147384202026
0.147455254002
0.147540711588
0.147608940392
0.147679517607
0.147754980087
0.147818971222
0.147893593313
0.147975576013
0.148052137865
0.148124983377
0.148191901024
0.14826569476
0.148354016946
0.148417955699
0.148485723159
0.148564138595
0.148636391339
0.148709063289
0.148790507092
0.148848560255
0.148932342137
0.149001925486
0.149074137454
0.149145912002
0.149218564597
0.149295828816
0.149362309752
0.149427126905
0.149501347284
0.149576758844
0.149646269232
0.149731770869
0.149799410433
0.14986746703
0.149941185851
0.150018975223
0.150088403573
0.150159307065
0.150233639516
0.150327025492
0.150405128368
0.150478938667
0.150550163157
0.150636304037
0.150717328431
0.150792752278
0.150859183806
0.150937974461
0.151016817997
0.151088326604
0.151146838379
0.151194182893
0.151270711034
0.151356367129
0.15141758405
0.151483233946
0.151568965468
0.151643792507
0.151737304129
0.1518293345
0.151924392539
0.151994508204
0.152063242438
0.152121169568
0.152170600501
0.152239353673
0.152309588458
0.152380248733
0.15244892469
0.152540547909
0.152601835411
0.152676635007
0.152735577864
0.152804741589
0.152879368975
0.152932875929
0.152997343876
0.153088619902
0.153160850027
0.153224829083
0.153305629555
0.153380917331
0.153445051025
0.153523377166
0.15360001453
0.153689392408
0.153761144504
0.153832945185
0.153913710234
0.153979369762
0.154057874945
0.154132984764
0.154202679479
0.154257859878
0.154325739807
0.154395502319
0.154474885249
0.154554802718
0.15462685972
0.154703832008
0.154775173004
0.154844802641
0.154913235238
0.154984633854
0.155065507547
0.155138813877
0.155202451485
0.155279892781
0.155358213524
0.155431455057
0.155512239487
0.155597086353
0.155669428253
0.155735305885
0.155800378262
0.155860792265
0.155936632777
0.1559984437
0.156069847853
0.156138198394
0.156211500748
0.15628010102
0.156357428207
0.156439489203
0.156514485657
0.156586595315
0.156655347632
0.156730335774
0.15680745913
0.156874703011
0.156946303964
0.157019965425
0.157080286675
0.157144761976
0.157237310779
0.157302926359
0.157380054293
0.157445786239
0.157504313559
0.157578252067
0.157659397486
0.157726309943
0.157787546333
0.157869059912
0.157939692499
0.158017543649
0.158089335363
0.158181576777
0.158255690407
0.1583422997
0.158406563487
0.158465422995
0.158550863878
0.158609934687
0.158701034854
0.158769546639
0.158842924507
0.15891350054
0.158989696111
0.159067199483
