0.0
0.0
0.0
0.0
0.0
0.0
0.0
0.0
0.00104964715709
0.000944682441377
0.000858802219434
0.000787235367814
0.00072667880106
0.000674773172412
0.000629788294252
0.000590426525861
0.00466356200136
0.00440447522351
0.00417266073806
0.00803655895116
0.00765386566777
0.00730596268287
0.00698831213144
0.0066971324593
0.00642924716093
0.00796385777074
0.0111716896374
0.0107727007218
0.0104012282831
0.0118557209659
0.0114732783541
0.0114771828471
0.0111293894275
0.0108020544443
0.0104934243173
0.0102019403085
0.00992621219206
0.00972116380239
0.00947190319207
0.00930769427131
0.00908067733787
0.00886447073458
0.0107571574617
0.0105126766103
0.0104333789971
0.0102065664102
0.00998940542279
0.00978129280982
0.0107424911041
0.010527641282
0.0103212169431
0.0101227320019
0.0100310388361
0.0098452788577
0.00996824357662
0.00997715700333
0.00981362818429
0.00964442769836
0.00982656761151
0.0109524263805
0.0111018230766
0.010922761414
0.0107493842487
0.0106996672702
0.0105350570045
0.0103754349286
0.0110270852844
0.0108649222655
0.010707459624
0.0120681224224
0.0118981488671
0.0117328967995
0.0115721721859
0.0114157914806
0.0112635809276
0.0111153759154
0.010971020384
0.0108303662765
0.0106932730325
0.0107568311381
0.0106240307537
0.010494469403
0.0103680300126
0.0102446010839
0.0101240763652
0.010006354547
0.010780742354
0.0106582339181
0.0108501521585
0.0107295949123
0.0106116872759
0.010496342849
0.0103834789474
0.0102730164054
0.0101648793906
0.0100589952303
0.0100199047261
0.00993685734511
0.0098364850487
0.00973812019821
0.00964170316655
0.00954717666491
0.00984013059871
0.00974551395834
0.00965269953969
0.00956163633648
0.00947227524922
0.00938456899692
0.00929847203364
0.0095398367628
0.0103097481433
0.0102176968206
0.0105588455028
0.010466224051
0.0103752134071
0.0102857719122
0.0101978593318
0.0101114367951
0.010026466738
0.0099429128485
0.00986074001504
0.00977991427721
0.00970040277902
0.00962217372435
0.00954519633456
0.00946944080809
0.00939487828204
0.00994447337678
0.00986738443588
0.00979148147868
0.00971673734525
0.01041280047
0.0103345087372
0.0102573855377
0.0102982783965
0.0106000131754
0.0105226408164
0.0104653785684
0.0103900880751
0.0103158731603
0.0102427109393
0.0101705791721
0.0104234361221
0.0106131022619
0.0105399084532
0.0104677172994
0.0103965083382
0.0104712878521
0.0106542682038
0.0108766575282
0.0108046266836
0.0107335436133
0.0107065078369
0.0106369850587
0.0105683593487
0.0105006134554
0.010700049252
0.0106323274213
0.0108152777636
0.0113117447776
0.0112414854932
0.0111720936075
0.0111035531559
0.0110358485635
0.0109689646328
0.0109028865326
0.0114364021821
0.0113683283596
0.0113010601445
0.0112345833201
0.0111688840024
0.0111039486303
0.0110397639561
0.0109763170369
0.0110804460963
0.0110174890162
0.0109552433155
0.0109441154497
0.0109282235817
0.0108675112285
0.01080746973
0.0107480880281
0.0106893553067
0.0106312609844
0.0105737947088
0.0105169463501
0.0106090426654
0.0106667811427
0.0106195413507
0.0105636490278
0.0105083419649
0.0104536110171
0.0103994472295
0.0103458418314
0.0103283979452
0.0102757020373
0.0102276295066
0.0102004669966
0.0101492083684
0.0101564534372
0.0101636264158
0.0101133114336
0.0100634921654
0.0100141613215
0.00996531175404
0.00991693645427
0.00992505860729
0.00991833120549
0.010241105189
0.0101923380214
0.0102689241419
0.0102204858205
0.010172502319
0.0101249672614
0.0101019769225
0.0100552085108
0.0100088711444
0.00996295889141
0.0103390260932
0.0102920305201
0.0102454602462
0.0103873905956
0.0103439069668
0.0102977288107
0.0102519611271
0.0104013447808
0.0103670677139
0.010678837702
0.0106855181263
0.0106390593519
0.0106515638371
0.010605651924
0.0105646014028
0.0105578060258
0.0105128791917
0.010796206372
0.0108505953686
0.0108050046317
0.0111995805472
0.0115807006977
0.0115326479977
0.0114849924275
0.0115296649734
0.0114824122481
0.0114355452594
0.0114028257809
0.0115174760079
0.0114710345724
0.0115928859738
0.011669457177
0.0116229653157
0.0115917329689
0.0118847992418
0.0118639814094
0.0118174559921
0.0118029326136
0.0118649404918
0.0120453354439
0.0120021017305
0.0120682432716
0.0120220047917
0.0120539463099
0.0120081138145
0.0119626285349
0.0121810100483
0.0121352167775
0.0120897665274
0.012076467992
0.0122781987546
0.0122714920757
0.0122648348927
0.0122197435879
0.0123566294539
0.0123267067164
0.0122818823283
0.0122373827547
0.0124872500552
0.0125433577172
0.0124983994458
0.012453762305
0.0124094428662
0.0126694714375
0.0126247029872
0.0125802498077
0.0125361085803
0.012701624613
0.0127196169957
0.0126976150214
0.0126803031962
0.0126365780128
0.0126373155992
0.0130279882815
0.0131587262339
0.0131554946986
0.0131108998013
0.0130954094609
0.0131097241834
0.0130657318204
0.0130672765147
0.013309510593
0.013274611447
0.0134187237219
0.0134820180504
0.0134376693069
0.0134842013342
0.0134443115526
0.0134741136456
0.0135058521351
0.0134621438758
0.0136814615568
0.013637469719
0.0137582459506
0.014029599934
0.0140568736734
0.014224388471
0.0141793745835
0.0142177740625
0.0141797759472
0.0141353252389
0.0142984712323
0.0143296401086
0.0142851381206
0.0145384433994
0.0146539881247
0.0146550190086
0.0149503392955
0.0149247941289
0.0148994047255
0.0148566946919
0.0148148285883
0.014770070798
0.0147255826329
0.0146813616641
0.0146426104629
0.014645999451
0.0149681404548
0.0149237246077
0.0148795715764
0.0148356790348
0.0150706093412
0.0150307850104
0.0152507242355
0.0152118774359
0.0153247382828
0.0153020883929
0.0154496027129
0.0154071741336
0.0153629006447
0.0155144920901
0.0154971558968
0.0154530044555
0.0155500564359
0.0155060052846
0.0155111107548
0.015467417485
0.0154239696831
0.0156468717288
0.0156541224995
0.0156240259257
0.0155806258537
0.0158022046228
0.0157999582714
0.0157824565252
0.0159242672817
0.0158806391521
0.0158372494277
0.0157940961595
0.0157511774199
0.0157354398814
0.0157635683354
0.0157440594154
0.0157283250442
0.0156861579529
0.0156480024154
0.0156517323978
0.0156167262693
0.0157469820257
0.0160591593204
0.0160234989368
0.015988227757
0.0160266852356
0.0162465106669
0.0162976910365
0.0162552491328
0.0162735321972
0.0165048796207
0.016539016196
0.0166936902171
0.0167187507783
0.0167908131492
0.016747869893
0.0167394012977
0.0166968074012
0.0166774918948
0.0169490641737
0.0170174066048
0.0169745416007
0.0169341342724
0.0169058654296
0.0170707465105
0.0170466811739
0.0170242763642
0.01698520354
0.0169887119248
0.0169943432332
0.0169714372093
0.0169297383464
0.0169069205157
0.0168655833017
0.0168244477327
0.0168239219192
0.0168953924741
0.0170103434088
0.0172040225168
0.017249738983
0.0175357583137
0.0175197833446
0.017554330758
0.0175281797773
0.0174864460159
0.017492399337
0.0174703955472
0.0174604504707
0.0175130921006
0.0174899895251
0.017491492269
0.0174688815352
0.0174780948592
0.0176103379027
0.0176276031842
0.0176130612107
0.0175986140857
0.0176152509587
0.0176132959057
0.0176209163212
0.0176903869527
0.0176499055181
0.0178119115464
0.0179333523221
0.0179059952937
0.0180867957842
0.0181090351809
0.0180888880744
0.0182638165478
0.0182582302667
0.018313083106
0.0182779765455
0.0182723860802
0.0182316903429
0.0182273627106
0.0182403493277
0.0183089218544
0.0182909633295
0.0183228034103
0.0184021567964
0.0184327794552
0.0186411995278
0.0186490575021
0.0188099115836
0.0188016053093
0.0188204226741
0.0188323105175
0.0188154336288
0.0188510602891
0.0190313447142
0.0190133457925
0.0190394930545
0.0189988103771
0.0189859015767
0.0189703570614
0.0191544006048
0.0192925357123
0.0192750426369
0.0192502943463
0.0192809451214
0.0192630803758
0.019245795744
0.0192976496126
0.0194705080661
0.0195029985541
0.0194986609664
0.0194704205647
0.0197648024212
0.0197347985453
0.0197370331701
0.0197612190509
0.0197266037065
0.0198172811889
0.0198030356562
0.01983924243
0.0198400459565
0.0198023180749
0.0198459015323
0.0204067728496
0.0204014964316
0.020422920764
0.0204170736692
0.0205854557125
0.0206125786409
0.0205713534837
0.0206194329611
0.0206506593014
0.0206303836985
0.0206473847277
0.0206182175235
0.0207157313548
0.0206819030744
0.0206750296713
0.0206902067715
0.0206577902863
0.0209681359669
0.0211187016319
0.0210812894883
0.0210550271249
0.0211436968271
0.0212353604551
0.0213912008396
0.0214249999118
0.0214022557299
0.021378419184
0.0213990706334
0.0214960374725
0.0214586997357
0.0215386461144
0.0216125041119
0.0215924537295
0.0215745228163
0.021727027231
0.0217355216995
0.0217454482039
0.0219162419797
0.0220338759537
0.0220777945968
0.0220818142574
0.0220875039832
0.0220999587772
0.0220789839016
0.0221465185778
0.0221835172083
0.0221664524928
0.0221625108708
0.0221905060286
0.0223245092718
0.0224410095814
0.0224478624567
0.0224987143889
0.0225730138734
0.0225440133758
0.0226574061603
0.0226375571409
0.0226382238074
0.0226241128438
0.0226668599057
0.0227280232427
0.0227333830565
0.0227366076599
0.0228394453773
0.0229845864123
0.0229593667672
0.0231870098214
0.0231889185851
0.023159242581
0.023148478338
0.0232972617937
0.0232728087954
0.0233742294429
0.0233686354934
0.023522086269
0.0236941383917
0.0238841843577
0.0239427075763
0.0240598027115
0.0241615811323
0.0241421644867
0.024366834509
0.0243830556695
0.0243661192915
0.0243343048204
0.0244589840558
0.0244526541675
0.0244758337973
0.0244979703232
0.0245291393646
0.0245388274379
0.0245359222067
0.02454344038
0.0246467537498
0.0246863950896
0.024869097552
0.0248859223956
0.0248796879308
0.0248829310224
0.0248576571098
0.0248292949847
0.0250405711721
0.0253175391465
0.0253208766041
0.0254145371523
0.0254814840337
0.0256499753047
0.0257188402463
0.0257287287755
0.0257305519305
0.0257764224291
0.0258190458936
0.0259941383935
0.0260779249206
0.026127534617
0.0262494489355
0.0262716248255
0.0262610615362
0.0262509774211
0.026441842021
0.0264148330609
0.0264194664294
0.0263941969812
0.0264870154995
0.0265967470024
0.0266038596805
0.0267588643237
0.0268842768374
0.0270002359356
0.0270140002808
0.0269911718979
0.0269521176809
0.0270887878407
0.0270722272412
0.0273907312194
0.0274096046926
0.0275265905937
0.0275177219776
0.0276161634164
0.0277619882006
0.027734642818
0.0277783247989
0.0277540122756
0.0277417052459
0.0277387526861
0.0279423205098
0.0283093431127
0.0282923678294
0.028293777623
0.0283096998794
0.0283008278239
0.0282864720816
0.0282812142629
0.0283266056386
0.0283558323465
0.0283275272112
0.0285677471327
0.0286452943083
0.0286194622612
0.0286039007925
0.0285720387279
0.0286983978599
0.0287769030651
0.0288297325561
0.0288428161475
0.0289711786373
0.0290386206875
0.029164546346
0.0291870653926
0.0292934289997
0.0292989247302
0.0293657405096
0.0293398857366
0.0294113286637
0.0294069950358
0.0295310006014
0.0296779771076
0.0296833608716
0.0297024812324
0.0299969725869
0.0301364477931
0.030163839655
0.0302771054015
0.0302562543408
0.0305622782226
0.0305430828605
0.0305216843733
0.0306438886323
0.0306300834056
0.03062064636
0.0309197444912
0.0310077532011
0.0310198170956
0.031077854279
0.0312423517791
0.0312307701238
0.0314224239701
0.0314008942801
0.0315153434577
0.0315421721893
0.0315909303266
0.0316877017691
0.0316855456775
0.0316904958353
0.0318153842629
0.0319411910194
0.0321519013025
0.0321393187792
0.0321907902527
0.0323529989886
0.0323422484558
0.0324529452469
0.0326418776844
0.032677847418
0.0327399920247
0.0327639723218
0.0328069266316
0.0329085004918
0.0329268841759
0.0329926015489
0.0329890407093
0.0329986592701
0.0330236250736
0.0332139016819
0.0332672506565
0.033316748346
0.0332992948612
0.0332915521653
0.0334812573955
0.0335672013143
0.033626795643
0.0336991252525
0.0337718996467
0.0338074195878
0.0338901708606
0.033877101395
0.0340502892547
0.0341882294801
0.0342933715508
0.0343016658
0.0343957342152
0.0344207051702
0.0343979051547
0.0344781149668
0.0347654739029
0.0347590352913
0.034794455529
0.0347994525202
0.0348410284364
0.0348384334466
0.0348426837181
0.0348720997402
0.0349328499286
0.0349156920428
0.0349263281478
0.0349528227272
0.0350586473807
0.0351095297288
0.0351182095416
0.0351618306215
0.0352177154361
0.0352360048439
0.0352903013878
0.0352902763557
0.0352689728103
0.0352825582848
0.0353090340287
0.0353032167119
0.0354297040616
0.0354497872238
0.0354388049136
0.0356086552411
0.0356081079454
0.0356403886882
0.0357444166222
0.0359289869755
0.035905485414
0.0359812485494
0.0360040103264
0.0360851186928
0.0361989167358
0.0362074323395
0.0362247381975
0.0362706123328
0.0362904194077
0.0363671498025
0.0365142873916
0.0366059996908
0.036615488818
0.0366362519361
0.0366962459655
0.0367088097242
0.0367826484047
0.0367775835009
0.036976705762
0.0371326701731
0.0371809256121
0.0371693271336
0.0372134391788
0.0372085847117
0.0373237054862
0.0373481329047
0.0374057085209
0.0374093040236
0.0374162596929
0.0374763338708
0.0375921241227
0.0376471975862
0.037670064699
0.0377764977356
0.0377825034298
0.0377627950212
0.0378391607433
0.0378869130527
0.0379226208904
0.0380480311119
0.0381679786332
0.0382786126475
0.0383402603484
0.0384789305675
0.038459021261
0.0385220272678
0.0385955032824
0.0386223868715
0.0386855057375
0.0388760669793
0.0389179175363
0.0389226510133
0.0391595138127
0.0391776637529
0.0393748883654
0.0394103931934
0.0394084927277
0.0393957864508
0.0394049752579
0.0394281058583
0.0395224872612
0.0396124168945
0.0395979932615
0.0397464737667
0.0397892387166
0.0397771204731
0.03991240764
0.0401177330249
0.0402847133978
0.0403593515267
0.0404052219972
0.0404761482936
0.04053270067
0.0405975105208
0.0407459638804
0.0407359003704
0.0408132573818
0.0409220887023
0.0409299953286
0.0409301600249
0.0411191671845
0.0412039459728
0.0413506513151
0.041389845574
0.0414164252515
0.041550675697
0.0415551142766
0.0415899051227
0.0416766376076
0.0418248524617
0.0418873233036
0.0419180794175
0.041914542059
0.0419847009058
0.0421155831172
0.0422149424117
0.0422475515861
0.0423110658132
0.0423463373372
0.0424112361072
0.0425192762705
0.0425723495914
0.0426725153387
0.0427802110636
0.0430214924849
0.0430185615825
0.0431196566978
0.0431593146164
0.0432381026871
0.0433023512028
0.0433107042632
0.0433725011651
0.0434415210071
0.0436353749064
0.0437441278332
0.0439455793189
0.044084522721
0.0441319705861
0.0441794038229
0.0442821892662
0.0444491903138
0.0444689140501
0.044736134481
0.0448792857064
0.044950863223
0.0451232473535
0.0451864096717
0.0452584143051
0.0453591773458
0.0456193384075
0.0458015931142
0.0459273764415
0.04595210984
0.0460193288312
0.0460309238358
0.0460772056545
0.0461130343712
0.0461978284733
0.0461816537824
0.0461909854012
0.0463302341705
0.0467140233409
0.0467977740534
0.0469509568561
0.0470790312819
0.0472100353205
0.0472143911174
0.0472689608538
0.0472437659678
0.0473681062709
0.0474986591742
0.0475665443842
0.0475889269032
0.0478083537256
0.0479907666118
0.0481251526985
0.0482675572021
0.0482964124778
0.0483314601481
0.0484926379108
0.0487152207976
0.0487379294541
0.0487302386567
0.0487354647276
0.0487574255967
0.0487854908984
0.0487880366615
0.0490070426683
0.0490952464118
0.0491803489029
0.0491955035123
0.0492317093083
0.0493087953169
0.0495521571022
0.0496187906017
0.0497593703326
0.0497335974855
0.0497924836014
0.0497983648829
0.0497928923233
0.0497888597962
0.0497914017136
0.0499679965804
0.0500362533442
0.0500383550828
0.0502368896916
0.050398169168
0.0504295013031
0.0506108026854
0.0506223094595
0.0506433340472
0.0506930651136
0.0507143423132
0.0507608492979
0.0508460475227
0.0508884815647
0.0508918129404
0.0509487028497
0.0511302463545
0.0511353363851
0.0512756004005
0.0514710669373
0.0515462033029
0.0516704319554
0.0517023196451
0.0517146059466
0.0518181849566
0.0518525625079
0.0518880262033
0.0519326416029
0.0520729971961
0.0520657447029
0.0521505474039
0.0522701115523
0.0523248482683
0.052320338935
0.0523938230007
0.0524578209556
0.0525065833118
0.0525631664333
0.0527639337208
0.0528271597653
0.0528409423739
0.0530211628281
0.053069440872
0.0531602123083
0.0531730533195
0.0533159325019
0.0533290600061
0.0534237918018
0.0534684194498
0.0535432023768
0.0535582886373
0.0535593916646
0.0536402256234
0.0536801130778
0.0537487820431
0.0538241552448
0.0539135999696
0.0539292882474
0.0540821361335
0.0541695278333
0.0543038632183
0.0543300964974
0.0543871134341
0.0544630095657
0.0544639786811
0.0546260100029
0.0547315621232
0.0547808254352
0.0549354603077
0.0549583066744
0.0550644163233
0.0551275502795
0.0551714054085
0.0552444629287
0.0553645670925
0.0554144289537
0.0555319060024
0.0556091515218
0.0556117066662
0.0558025967036
0.0559229474999
0.0560547693274
0.0561639595686
0.0563263402429
0.0565167573438
0.0566915807398
0.0568941680421
0.0570116468994
0.0571726408903
0.0573723083108
0.0574048710383
0.0574320739253
0.0575590076567
0.0576346523669
0.05776357412
0.057785768041
0.0579620966709
0.0580121460455
0.0580344938723
0.0580996995454
0.0581698856422
0.0583947592593
0.0585148146175
0.0586821575838
0.0587643228181
0.0588994344117
0.0590216542595
0.0590948991198
0.0591697377514
0.0593331792949
0.0594920214916
0.0596415177082
0.0598887745251
0.0600455701914
0.0600708270828
0.0601638608009
0.0602447936365
0.0603323076972
0.0604500909364
0.060621883491
0.0607518039807
0.0609970799083
0.0610388485747
0.0612330605673
0.0612681315073
0.061344998228
0.0614376502723
0.0615859664065
0.061622081445
0.0618349711315
0.0619170254764
0.061931037906
0.0620553333534
0.0621669711154
0.0622425726092
0.0623054870357
0.0623728617356
0.0624629354611
0.0626122320597
0.0626443728119
0.0628705701362
0.06303754585
0.0631115381257
0.063135422459
0.0631564676447
0.0631554490179
0.0632767626357
0.0633557919987
0.0635603121266
0.0635816610529
0.0637060302074
0.0637565649259
0.0638025944042
0.0638383145305
0.0638852097685
0.064032626222
0.0641785213144
0.0643855074662
0.0645571786528
0.064649288731
0.0647690941049
0.0648114970676
0.0650033748158
0.0651393040891
0.0653218388331
0.0654450730459
0.0655494861222
0.0656947480921
0.0657284728762
0.0658081467728
0.0659522005465
0.0660208706744
0.0661202630264
0.0661814541715
0.0664370626479
0.0665458561394
0.0666925178648
0.0668403479861
0.0669103907543
0.0668953975112
0.0669368474783
0.0670018612766
0.0670868785226
0.0671574522636
0.0672406673418
0.0674426739174
0.0675309927475
0.0676741999643
0.0678677966516
0.0679544542101
0.0680658168634
0.0681392766748
0.0681878694522
0.0682392818158
0.0682797069507
0.0683949017594
0.0684595935348
0.0685454523118
0.0686260227284
0.0687437844028
0.0688574274618
0.0689046023037
0.069032171517
0.0690816004144
0.0691624906108
0.0692598882774
0.0693294106192
0.0694549422859
0.069612598759
0.0697337985859
0.0697608785799
0.0698323000882
0.0698728838443
0.0700731493645
0.070139949988
0.0702569801019
0.0703305157027
0.0703625151409
0.0704430776105
0.0704944645481
0.0707033986584
0.0708551982983
0.0709348627943
0.0709908949536
0.0710606558023
0.0711132990717
0.0712512482048
0.0712947363132
0.071370495677
0.0714182076368
0.0714177629854
0.0715921048942
0.0717362551474
0.0717934476427
0.0718505420502
0.0719906167818
0.0720961027526
0.0723408376665
0.0725207935266
0.0725800792406
0.0727978737014
0.0729118731054
0.0730401624849
0.0731483638192
0.0733041354525
0.0733308772081
0.0734506210499
0.07350180988
0.0736888171091
0.0737052182108
0.073898399381
0.0741241014468
0.0741853262843
0.074230221177
0.0742663894807
0.0743984267319
0.0745661005513
0.0746265268052
0.0746922715656
0.0748880819346
0.0749829989315
0.0750664087311
0.0750908079763
0.0751632509892
0.0752046185317
0.0752697262965
0.0753506138228
0.0755459201556
0.0756584987474
0.0757839324601
0.0758341956476
0.0759291677103
0.076075752153
0.0760882290554
0.0762427964218
0.0763829239942
0.0765301182498
0.0765962565509
0.0766152673907
0.0766659932472
0.0767398973251
0.0768296453615
0.0769430501891
0.0769363066482
0.0770302212185
0.0771653919326
0.0772708743222
0.077347442312
0.0774813439351
0.0775280888195
0.0776266649025
0.077725582006
0.0778939523005
0.0779643212902
0.0780453938164
0.0781432182191
0.078279341466
0.0782739650593
0.0783977957235
0.0784145486956
0.0785234639015
0.0786091446192
0.0786717606943
0.0787333218794
0.0788992115638
0.07893121492
0.0789987788093
0.0790340721651
0.0791301070163
0.0791949800534
0.0791976805691
0.079397458656
0.0794591284838
0.079644446221
0.0797288803386
0.0797836209011
0.0799171682069
0.0799810487016
0.0799801902646
0.0801009518954
0.0802617652928
0.0802998949132
0.0803562490079
0.0804033406199
0.0804912581286
0.0806144450793
0.0806630545841
0.0807145278388
0.0808465531448
0.0810046066281
0.0811529810432
0.081197332069
0.0813414319054
0.0814186137509
0.0815401602534
0.0816184776386
0.0816729885017
0.0818704694937
0.0819442793905
0.0819928675413
0.0821388116514
0.0821885404012
0.0822997797407
0.0823365448216
0.082387732573
0.0824535913147
0.0824973132816
0.0825178551212
0.0825644894283
0.0826260696549
0.0826565234037
0.0828471240047
0.0829834524634
0.083137561262
0.0831875199984
0.0832049642167
0.0832939214095
0.0834114947585
0.083608739846
0.0836783409349
0.083731589883
0.083807796754
0.0838859818287
0.0840273438485
0.084108416874
0.0841688736666
0.0842966662499
0.0844689478138
0.0844813904759
0.084578614761
0.0847577057761
0.0848357973809
0.0850214234819
0.0850816645383
0.0852121761868
0.0852994901038
0.0853990235324
0.085509297341
0.0856457126492
0.0858275284854
0.0859392376933
0.0860031343102
0.0861202479022
0.0862251593321
0.0862802286351
0.0863801888251
0.0864827589189
0.0865151288949
0.0865334320115
0.0866378352979
0.0866902821815
0.0867465890521
0.0868849487859
0.0870464996494
0.0871620789396
0.0872371663861
0.0873411705633
0.0874392573436
0.0874731624012
0.0875127077384
0.0875467615876
0.0876716290263
0.0877921719067
0.0879401084198
0.0882155051253
0.0882957212578
0.0883443348934
0.0884251846721
0.088468582887
0.0885914625973
0.0887097912622
0.0887603974443
0.0888703433698
0.0889982175587
0.0891163422782
0.0891832840674
0.0892829703294
0.0893932911898
0.0894395100126
0.0895984205133
0.0896420226824
0.0897523088049
0.0898018497839
0.0898421314557
0.0898945246855
0.0901496264159
0.0902439298045
0.0903437117741
0.0904165885752
0.0904571937641
0.0905855848519
0.0907015852175
0.0908394930114
0.0910046325297
0.091072145479
0.091149442341
0.0912320834652
0.0914133260049
0.0914496138379
0.0916031461218
0.0916501966642
0.091715280178
0.0918229485524
0.0918750930637
0.0920225526522
0.0920534033921
0.0921668188199
0.0923100258871
0.0924344138702
0.0925529576211
0.0926891939407
0.0927709239976
0.0928092106995
0.092903072761
0.0930365437243
0.0931672512877
0.0932856847625
0.0933185337518
0.0934356581687
0.0935954942913
0.0936866421161
0.093832404406
0.0938882707099
0.0939578325922
0.0940064852107
0.0941073347964
0.0942123383269
0.0942673283174
0.0943303425025
0.0944227472205
0.0945567953884
0.0946880165564
0.0947767796145
0.094823380389
0.0948692777166
0.0949476307413
0.094982563728
0.0950103685622
0.0951189281665
0.0952401463398
0.0953894614903
0.0955280781203
0.0957018335677
0.0958861768886
0.09607819136
0.0961559795689
0.0963238611535
0.0964276726939
0.0965909797169
0.0967576724819
0.096841118972
0.0968573473766
0.0969473748561
0.0970266270987
0.0971265588321
0.0972484067918
0.0973157962981
0.0974659224344
0.097544024179
0.0976238258924
0.0977261732589
0.097801175103
0.0979385831829
0.0979931163177
0.0980884209694
0.0982558503796
0.0983802546349
0.0984560227898
0.0985739320014
0.0987600775015
0.0989632832154
0.0991608705826
0.0992725999876
0.099348610477
0.0994743742355
0.0995973877217
0.099687302809
0.0997559415774
0.0998525705579
0.0999839994464
0.100078859922
0.100204621537
0.100292835757
0.100458610524
0.100615256809
0.100803533263
0.100880890035
0.100947308515
0.101047588736
0.101142147082
0.101244791447
0.10141416719
0.101562912783
0.101603065345
0.101702452643
0.101755097717
0.101793023296
0.10201938111
0.102188450447
0.102241518057
0.102294293922
0.102435479081
0.102547134527
0.102606279679
0.102729521749
0.102851508635
0.103013853772
0.103124025521
0.103312622074
0.10334038736
0.103391475086
0.103446829451
0.103523919586
0.103656372078
0.103744800356
0.103828512239
0.103966184758
0.104042897911
0.104140193867
0.104202910864
0.104311571404
0.104436107255
0.104568425929
0.104709372449
0.104934424581
0.105016364585
0.105115731687
0.105291794926
0.105442177142
0.105517935977
0.10568434099
0.10583339315
0.10592517446
0.106067657375
0.106204018482
0.10628956824
0.10636443886
0.106562421785
0.106605272524
0.106663587349
0.106791374618
0.106842812078
0.106925341123
0.107042720587
0.107118080768
0.107219773256
0.107370874611
0.107463803872
0.107586205584
0.107734684984
0.107804076376
0.107947177427
0.108031756885
0.108097705711
0.108164414876
0.108331185059
0.108422443561
0.108538155144
0.108657858853
0.10879598745
0.108849240506
0.109007150979
0.109090343495
0.109155711978
0.109206228533
0.109317320065
0.109430054618
0.109520733829
0.109657736859
0.109784114233
0.109957149568
0.110120321555
0.110194941728
0.110375019072
0.110473752084
0.110597790549
0.110701862677
0.110844230211
0.110939113415
0.111070078484
0.111163684324
0.111272941188
0.111301594623
0.111390840843
0.111486899871
0.111609532387
0.111735995913
0.111872648365
0.112009321127
0.112054535612
0.112184005273
0.112275920409
0.112363819565
0.112499287914
0.112564188025
0.11265423912
0.112780562773
0.112895756968
0.113068194293
0.113137697398
0.11324917135
0.113395663061
0.113533802839
0.113625203769
0.113754075192
0.113841082121
0.113884645573
0.113976430034
0.114050680209
0.114133642592
0.114260981537
0.114387546478
0.114475478115
0.114640876948
0.114758153958
0.114808164933
0.114937065231
0.115136837785
0.115198554677
0.1153152224
0.115357124357
0.115412285459
0.115478119403
0.115552889749
0.115674495548
0.115768729343
0.115843513528
0.115962853363
0.116046126835
0.116145496334
0.116165867572
0.116250840235
0.116319569706
0.116397185091
0.116474393321
0.11657998653
0.116644484444
0.116728075793
0.116804363604
0.116932955058
0.116987179357
0.117111237647
0.117235715197
0.117294454771
0.117422329026
0.117461239693
0.11756054128
0.117630140296
0.117655047011
0.117776453675
0.117971313747
0.118107749156
0.11816417966
0.118266582778
0.118399530818
0.118484109041
0.118579154468
0.11865814407
0.118716808407
0.118774515629
0.118957849568
0.119078295312
0.119145851435
0.119264029898
0.119407477424
0.119495496822
0.119652183024
0.119750925676
0.1198448302
0.11996552777
0.120109778353
0.120265664361
0.120411858603
0.120497224359
0.120600112023
0.120685686593
0.120792171375
0.120940454765
0.121012563214
0.121115834275
0.121227871902
0.121334929154
0.121461220891
0.121540289456
0.121596562342
0.121640442214
0.121684844104
0.121792830036
0.121854634042
0.121902461768
0.122019617404
0.122109130025
0.122247790302
0.122330728339
0.122432779884
0.122489508603
0.122587649814
0.122683663649
0.122834306586
0.122993016715
0.123100372073
0.123226293523
0.123355430705
0.123509006123
0.123558618144
0.123655869232
0.123688406501
0.123834899417
0.123967960616
0.12407581703
0.124181099287
0.124265991429
0.124369334431
0.12449183434
0.124561863117
0.124616237652
0.124775407771
0.124954130973
0.125050781759
0.125143368689
0.125225399693
0.125336580596
0.125433401474
0.125532372307
0.125621204032
0.125723627391
0.125916412464
0.12604127836
0.126182075458
0.126287106476
0.126412661608
0.126506647517
0.12662845235
0.126721236558
0.126826386737
0.126932879195
0.127022292675
0.127063528082
0.127155669737
0.127286830901
0.127386337568
0.127487166968
0.127529958175
0.127643673447
0.127683495465
0.127811644927
0.127888673589
0.127996156621
0.128133932042
0.128227940586
0.128298605194
0.128423818686
0.128522176794
0.128633186404
0.128765731438
0.128867423748
0.129016455447
0.12907752201
0.129183011499
0.129325216483
0.129409996377
0.129564858695
0.129686432335
0.129740199643
0.129805925757
0.129915922687
0.130070750161
0.130152214567
0.130297030556
0.13040849555
0.130554626626
0.130684041561
0.130742020748
0.130903423631
0.130961426706
0.131079721282
0.13117675393
0.131316513771
0.131361587621
0.131528418185
0.131619659277
0.131738198402
0.131883685636
0.132019307672
0.132147157891
0.132285065759
0.132360048646
0.132514908178
0.132574159857
0.132651747145
0.132759814033
0.132828100439
0.132906498426
0.132997250115
0.133147502898
0.133245108737
0.133413679281
0.133447141046
0.133551130782
0.133689313538
0.133779311705
0.133888023137
0.133971821221
0.134060566726
0.134231030905
0.134326573338
0.134379440602
0.134521958916
0.134617583053
0.134734583036
0.134933148123
0.135053338318
0.13513145303
0.1351964558
0.135281927508
0.135402656705
0.135468848159
0.135721860159
0.135835046949
0.135933517993
0.135992861685
0.136047568415
0.136133227419
0.136236669499
0.136341509895
0.136494792302
0.136580505267
0.136742817985
0.136870602349
0.136919040174
0.137076361869
0.137160966217
0.137261527183
0.137371417899
0.137424927949
0.137512228836
0.137670742193
0.137886689301
0.137952854581
0.138039332297
0.138070129683
0.138149610657
0.138213887981
0.138350032689
0.138488700849
0.138594217801
0.138652663586
0.138882593568
0.138961661257
0.139058198815
0.139174793663
0.139249365444
0.139343651713
0.139476611279
0.139594457821
0.139725099208
0.139824666771
0.139979832299
0.140051796473
0.140164206012
0.140297985141
0.140381049399
0.140431339229
0.140582046675
0.140637754345
0.140746823359
0.140882885885
0.140957414738
0.141068130079
0.141159736765
0.141247755448
0.141342263038
0.141400356128
0.141545888267
0.141702080166
0.141822626057
0.141906265215
0.142070883335
0.142131853474
0.142252256313
0.142379260931
0.142470319696
0.142636032012
0.142711201754
0.14281002579
0.142909455908
0.143023043625
0.143081899594
0.143180470228
0.143377846797
0.143487841021
0.143578168022
0.143751192363
0.143804383643
0.14389829092
0.143944666225
0.143999722823
0.144136463472
0.144224551504
0.144372250418
0.144440134263
0.14455839702
0.144640391861
0.144745277176
0.144871296471
0.145011402876
0.145115090463
0.145207119078
0.145265763365
0.145395797626
0.145506992225
0.145594994319
0.145724338763
0.14581303233
0.145923847117
0.146066516545
0.146163363403
0.146332058227
0.14647140044
0.146545666858
0.146639070818
0.146771550013
0.146832996516
0.146940365007
0.147078800721
0.147184254573
0.147276088137
0.14740890141
0.147548423378
0.147673226636
0.147775978131
0.147898609582
0.147995444744
0.14815101409
0.148228235268
0.148367608716
0.148465870558
0.148590091542
0.148720021684
0.148805716957
0.148887448215
0.148985591984
0.149047687737
0.149157532733
0.149267566243
0.149335056955
0.149414898545
0.149507961544
0.149572637034
0.149685519281
0.149785908408
0.149849738244
0.149992082681
0.150099654259
0.150234498012
0.150388210267
0.150516285073
0.150559401034
0.150685865171
0.150817776657
0.150919984542
0.151008643995
0.151138182456
0.151232133086
0.151355046867
0.151456926025
0.151519847516
0.15164275603
0.151729017406
0.151828703294
0.151957135814
0.152023012091
0.152068017551
0.15216441075
0.152257537955
0.152386906635
0.152472043775
0.152520613455
0.152637609813
0.152767643426
0.152933594801
0.153067412897
0.153174358714
0.153332885914
0.153399512238
0.153508146431
0.153621968408
0.153739928051
0.153867431425
0.15394122066
0.154038007017
0.154124230262
0.154202462673
0.154364614982
0.154510407085
0.154614315591
0.154704570017
0.154810934006
0.154981646271
0.155144512649
0.155246830097
0.155348996527
0.155470204022
0.155677027805
0.155776137454
0.155971105068
0.156023183654
0.156128128119
0.156167027804
