
row1col1
West 7.43910557882e-12
East 1.41895464667e-05
North 7.43910557882e-12
South 0.0

row1col2
West 7.43910557882e-12
East 0.0
North 9.4268514802e-05
South 0.0044741865781

row1col3
West 0.0
East 0.0
North 1.95839861158e-05
South 0.00187436995354

row1col4
West 0.0
East 0.0
North 0.000373113979762
South 0.0196736305578

row1col5
West 0.0
East 0.0
North 6.3182313094e-06
South 0.0543787989854

row1col7
West 0.0
East 5.90178198157e-15
North 1.89987752589e-06
South 0.000133016837377

row1col8
West 0.0
East 0.00801622632884
North 5.90178198157e-15
South 1.24248041717e-13

row1col9
West 0.0
East 0.000802698758003
North 0.0114765735145
South 0.209746607246

row1col10
West 1.58946449574e-13
East 0.0
North 0.0015911330355
South 0.036469373417

row1col11
West 0.00171972937761
East 6.66132454845e-05
North 0.0
South 0.0

row1col13
West 0.00060108716904
East 0.0
North 0.000465592607934
South 0.247728853631

row1col14
West 0.000692588911425
East 0.002375
North 0.00809772618439
South 0.327774582934

row1col15
West 0.0
East 0.0
North 0.0067746875
South 0.18549375

row1col16
West 0.0
East 0.0131780587387
North 0.0471677710307
South 0.428704756777

row1col18
West 0.045469913878
East 0.0
North 0.0872388732188
South 0.580214332379

row1col19
West 0.216568720378
East 0.00643822340894
North 0.00712448806833
South 6.71456268384e-05

row1col20
West 0.0598967658734
East 0.000267940636303
North 0.0
South 0.0

row1col21
West 0.006893848684
East 2.58827648913e-06
North 0.0
South 0.0

row1col22
West 8.66260861797e-05
East 2.16428602717e-08
North 0.0
South 0.0

row2col1
West 5.59795863292e-08
East 0.00169768580941
North 0.0
South 0.0

row2col2
West 6.98296301881e-08
East 0.0
North 0.000151270111179
South 0.0291675279764

row2col3
West 8.39888905647e-06
East 0.0212991597886
North 0.0
South 0.0

row2col4
West 2.51353091395e-05
East 0.00462960928064
North 0.000838497499388
South 0.130619887766

row2col5
West 0.000290142950878
East 0.0328164385004
North 0.00318415261036
South 0.285196299384

row2col7
West 0.0
East 1.24248041717e-13
North 2.12232997218e-06
South 0.00438723836122

row2col8
West 7.82676172889e-06
East 0.0567473994986
North 0.0
South 0.00292438555237

row2col9
West 0.00212666654642
East 0.00692286054488
North 0.0616432691599
South 0.469366500993

row2col10
West 0.19955151223
East 7.53594345794e-05
North 1.77902482246e-06
South 0.0

row2col11
West 0.0185769697919
East 7.62402869755e-06
North 0.0
South 0.0

row2col13
West 0.359543878423
East 0.946817210139
North 0.0263786813037
South 0.34400175271

row2col14
West 0.673250707404
East 0.999959116295
North 0.0354500450475
South 0.422811898009

row2col15
West 0.0
East 0.0
North 0.0
South 0.0

row2col16
West 0.998591938976
East 0.659324990508
North 0.0370712308486
South 0.186824545392

row2col17
West 0.943735622244
East 0.549532436935
North 0.232564923111
South 0.335346211998

row2col18
West 0.877056486156
East 0.337638493001
North 0.0556451376011
South 0.131650101347

row2col19
West 0.670929156064
East 0.0658335179987
North 0.0206456554071
South 0.00945266906787

row2col20
West 0.309234750272
East 0.00420475640944
North 0.0
South 0.0

row2col21
West 0.0624193958199
East 0.000123089960614
North 0.0
South 1.49427654324e-05

row2col22
West 0.00801011163813
East 4.36375296786e-05
North 0.0
South 0.0

row3col1
West 0.000446462820147
East 0.0218460622225
North 4.5298914584e-05
South 0.0

row3col2
West 0.00208128159679
East 0.109974826638
North 0.00137397683593
South 0.00348706876387

row3col3
West 0.0189629882417
East 0.214324525014
North 9.19499382034e-05
South 0.00232837628071

row3col4
West 0.0413076961669
East 0.351795283387
North 0.0119635703618
South 0.0295891545009

row3col5
West 0.0321228566872
East 0.0209203805195
North 0.115039705158
South 0.455237492214

row3col7
West 0.000379335673221
East 0.0475435478647
North 0.0
South 2.17193595388e-05

row3col8
West 0.0019015592814
East 0.222812719411
North 0.0
South 1.17604428569e-11

row3col9
West 3.37430911888e-05
East 0.00184067799621
North 0.201068685052
South 0.582172091255

row3col10
West 0.178797872194
East 0.00220483780666
North 0.0
South 6.74617095974e-09

row3col11
West 0.0355900452857
East 0.00015695869204
North 0.0
South 6.24864085146e-10

row3col13
West 0.857368662193
East 0.9025
North 0.859850625765
South 0.808907578946

row3col14
West 0.857232183793
East 0.95
North 0.937212089558
South 0.881817741144

row3col15
West 0.879268434849
East 0.799157633656
North 1.0
South 0.949590712485

row3col16
West 0.933840705574
East 0.439131605876
North 0.197890416426
South 0.242995776168

row3col18
West 0.0116952601081
East 0.00294370456498
North 0.607637795664
South 0.226213617134

row3col19
West 0.20860200652
East 0.00142785090227
North 0.0250017899807
South 0.0

row3col20
West 0.0440075788507
East 4.54507252239e-05
North 0.0
South 1.45318681735e-07

row3col21
West 0.00516750537102
East 3.62395340713e-07
North 0.0
South 0.0

row3col22
West 0.000108577399092
East 1.85181852098e-09
North 0.0
South 0.0

row4col5
West 0.157842641116
East 0.0627130190583
North 0.141077857474
South 0.507333445813

row4col9
West 0.168236808261
East 0.2262357049
North 0.261783219763
South 0.629652071229

row4col13
West 0.811806429516
East 0.810745030256
North 0.857375
South 0.773778851165

row5col1
West 2.76616534231e-24
East 3.3829436157e-05
North 0.0
South 5.8235059838e-23

row5col2
West 2.76616534231e-24
East 1.24215244133e-21
North 3.93877148278e-05
South 0.00117919907262

row5col3
West 0.0
East 2.07034154729e-06
North 0.000106378571983
South 0.0045912261215

row5col5
West 0.403493057901
East 0.540348880811
North 0.16845837108
South 0.152486385186

row5col6
West 0.511669926924
East 0.568800092276
North 0.500351316389
South 0.467009263936

row5col7
West 0.539260725167
East 0.598736939238
North 0.513241157656
South 0.475578587373

row5col8
West 0.567796660681
East 0.630249409725
North 0.544839709479
South 0.411593861619

row5col9
West 0.598473119164
East 0.663420431289
North 0.542662419122
South 0.510273270841

row5col10
West 0.630218006085
East 0.698337296094
North 0.642496958857
South 0.600146860032

row5col11
West 0.663354493452
East 0.735091890625
North 0.676310474842
South 0.616728944631

row5col12
West 0.698248621424
East 0.7737809375
North 0.726437836719
South 0.628530232064

row5col13
West 0.733168645301
East 0.73261822253
North 0.81450625
South 0.73508090992

row5col14
West 0.7737809375
East 0.695089118796
North 0.672066209122
South 0.496650976976

row5col15
West 0.735091890625
East 0.659759763044
North 0.612536072882
South 0.545977328658

row5col16
West 0.698337296094
East 0.625467187695
North 0.548648204774
South 0.369533990954

row5col17
West 0.663420431288
East 0.570154127732
North 0.560247521754
South 0.548533696548

row5col18
West 0.62560415094
East 0.357016623837
North 0.218437165181
South 0.124523788428

row5col20
West 0.0
East 0.00192241857082
North 0.000328463680641
South 0.0725216574277

row5col21
West 0.0
East 0.0
North 4.94869142906e-06
South 0.0544007404826

row5col22
West 0.0
East 0.0
North 3.67512911184e-08
South 0.00301925082048

row6col1
West 4.14134703641e-18
East 8.91703150469e-05
North 1.41854632939e-24
South 0.0

row6col2
West 1.08912619585e-18
East 2.05247378493e-08
North 3.93876685742e-05
South 0.0101452354471

row6col3
West 4.22894107636e-05
East 2.18392637759e-15
North 9.93715680942e-05
South 0.0418306612091

row6col5
West 0.0421059339724
East 0.4644487447
North 0.136344818782
South 0.0174774290047

row6col6
West 0.256444777291
East 0.364908769044
North 0.540360087634
South 0.477919264706

row6col7
West 0.178702845805
East 0.051986600397
North 0.563026695094
South 0.329794707452

row6col8
West 0.0689505283957
East 0.0831910783025
North 0.566748940876
South 0.136213098934

row6col9
West 0.181475930972
East 0.611142393052
North 0.116096802312
South 0.0222462725456

row6col10
West 0.240171952226
East 0.360654648705
North 0.663409138283
South 0.504484616097

row6col11
West 0.135415868963
East 0.170862910965
North 0.693430023567
South 0.337711799346

row6col12
West 0.150981669459
East 0.284919378089
North 0.723414608927
South 0.22299129184

row6col13
West 0.308319196581
East 0.285023995047
North 0.773780052692
South 0.672953256583

row6col14
West 0.216638569136
East 0.145211981313
North 0.698980067267
South 0.234078904727

row6col15
West 0.161831355363
East 0.161527252233
North 0.68167919374
South 0.191103157612

row6col16
West 0.420048416972
East 0.283631460203
North 0.573167568372
South 0.0142058023273

row6col17
West 0.323876699163
East 0.421614005346
North 0.630249409693
South 0.559927001402

row6col18
West 0.594715346107
East 0.23715544813
North 0.165895170021
South 0.124772669238

row6col19
West 0.53291209083
East 0.169115383132
North 0.0415843217711
South 0.0250802824059

row6col20
West 0.419532064608
East 0.068263201031
North 0.00510599290461
South 1.0952256434e-05

row6col21
West 0.256095773256
East 0.0127431011889
North 0.00147165888751
South 0.0025525600854

row6col22
West 0.102603900437
East 0.00522691956608
North 8.7923410771e-05
South 0.0

row7col1
West 0.00039674839372
East 0.00850823571554
North 0.0
South 0.00015729770304

row7col2
West 0.000336830116894
East 0.0589682214405
North 6.064970046e-05
South 0.0

row7col3
West 0.000683192163542
East 0.000659154083889
North 0.00685261180383
South 0.169868480339

row7col5
West 0.105283241516
East 0.430829257594
North 0.0912541502951
South 0.05825443326

row7col6
West 0.282821522787
East 0.406563343538
North 0.513342082907
South 0.457620736748

row7col10
West 0.227881321995
East 0.20967557047
North 0.629028277847
South 0.371671950308

row7col17
West 0.466834069679
East 0.37700754962
North 0.598736938852
South 0.534603860417

row7col18
West 0.556443084788
East 0.128970884321
North 0.105679847398
South 0.030928365924

row7col20
West 0.0
East 0.0
North 0.0450692996356
South 1.57394109424e-17

row7col21
West 0.00138858595736
East 4.01174867171e-05
North 0.025478674216
South 0.00151124425875

row7col22
West 0.0
East 0.0
North 0.0162080676314
South 0.000635762386402

row8col1
West 0.0004277507427
East 0.0161464767594
North 0.0
South 0.0

row8col2
West 0.00126074829417
East 0.133208615713
North 7.12477692465e-05
South 6.43829549573e-15

row8col3
West 0.0409170197806
East 0.29600214875
North 0.0143756918523
South 0.0109490725229

row8col4
West 0.0839989677974
East 0.390367965329
North 0.034358961697
South 0.0660025062681

row8col5
West 0.169668598938
East 0.452094266703
North 0.0675075496325
South 0.0909818731973

row8col6
West 0.236982210049
East 0.397017247355
North 0.487674975635
South 0.434631268388

row8col8
West 0.00278815810141
East 0.0475699068537
North 0.000929604354827
South 0.0

row8col9
West 0.00205416129385
East 0.274114094737
North 0.00546364179287
South 0.0

row8col10
West 0.025024503173
East 0.0538270790632
North 0.588043034302
South 0.151725606705

row8col11
West 0.456323568665
East 0.0584204298089
North 0.0183702933703
South 0.000428413270242

row8col12
West 0.290891319944
East 0.00745331117961
North 0.0
South 1.29647038935e-05

row8col13
West 0.113697154098
East 0.000966474714301
North 0.00977180354674
South 0.0

row8col14
West 0.0253772762012
East 2.50324239134e-05
North 0.0
South 0.0

row8col15
West 0.0014941815094
East 2.37938382319e-05
North 0.0
South 0.0

row8col17
West 0.42376915106
East 0.224934511973
North 0.56880008601
South 0.507198465037

row8col18
West 0.0436423716526
East 0.0450183343179
North 0.398113927256
South 0.083311326293

row9col5
West 0.0834719088064
East 0.380955053151
North 0.0155324154717
South 0.0314826578044

row9col6
West 0.198938501584
East 0.362795744128
North 0.463291199197
South 0.410173856223

row9col8
West 0.0
East 0.0
North 0.00325275895207
South 0.0

row9col9
West 0.0
East 0.0760004443644
North 0.0
South 0.0

row9col10
West 0.00502276362417
East 0.00192266076742
North 0.38910542245
South 0.0186183740366

row9col11
West 0.0
East 0.0
North 0.0563442874743
South 0.00142301355834

row9col12
West 0.00012641937567
East 6.15823688279e-07
North 0.0434548455534
South 0.00129094229855

row9col13
West 0.00345184253813
East 2.27615363931e-10
North 9.77412924884e-06
South 0.0

row9col14
West 6.15823688279e-07
East 0.0
North 0.00256514817147
South 1.11062525518e-05

row9col15
West 7.69653191923e-05
East 1.5128168217e-06
North 0.0
South 0.0

row9col17
West 0.427673472828
East 0.281884314081
North 0.540360054244
South 0.480408786203

row9col18
West 0.44485455895
East 0.0996832866048
North 0.0140567718706
South 0.0629772990966

row9col20
West 4.01260262838e-09
East 8.40361787838e-06
North 0.0
South 0.0

row9col21
West 4.01260262838e-09
East 0.0
North 9.21262975e-06
South 0.000250747430632

row9col22
West 5.6841928195e-06
East 1.36886815191e-07
North 0.0
South 0.0

row10col1
West 4.30366043415e-09
East 2.71037057003e-06
North 0.0
South 0.0

row10col2
West 4.29538643596e-09
East 0.000403177004182
North 0.0
South 0.0

row10col3
West 8.85837836816e-06
East 0.000124931494181
North 0.00025431884771
South 0.01019302461

row10col5
West 0.037537564325
East 0.325108751338
North 0.0398469772341
South 0.00560810382582

row10col6
West 0.153511570949
East 0.335832982839
North 0.440126441942
South 0.380396232307

row10col17
West 0.413100605537
East 0.190428206526
North 0.513341903409
South 0.455058256745

row10col18
West 0.390080555765
East 0.0433653566638
North 0.0125301318722
South 0.0352295803679

row10col20
West 0.0
East 6.33668443259e-05
North 0.0
South 0.0

row10col21
West 3.91370824992e-12
East 2.2511679702e-06
North 2.68359707112e-05
South 0.00122172556007

row10col22
West 8.32226176434e-05
East 0.0
North 0.0
South 0.0

row11col1
West 3.19424390912e-07
East 0.00159683058687
North 0.0
South 4.06147442712e-23

row11col2
West 5.64675442795e-05
East 0.0209819781693
North 9.74070243782e-07
South 1.89736724144e-25

row11col3
West 0.00110163748147
East 0.12865431556
North 0.000226009945713
South 1.66022318783e-11

row11col4
West 0.019188832058
East 0.265100134036
North 1.64239268309e-22
South 0.0114809829414

row11col5
West 0.0650416766421
East 0.369810504445
North 0.0397029416422
South 0.0298248683389

row11col6
West 0.182577188353
East 0.310079365186
North 0.418118549861
South 0.3722815124

row11col8
West 0.0
East 0.000245674805678
North 0.0
South 0.0

row11col9
West 0.0
East 0.0
North 2.12756317432e-05
South 0.00432492665041

row11col10
West 7.77517833996e-05
East 9.25445411085e-07
North 0.0
South 0.0

row11col12
West 0.0
East 2.85677644855e-05
North 0.0
South 0.0

row11col13
West 0.0
East 3.9150746314e-10
North 1.34140966633e-08
South 0.0055895078594

row11col14
West 0.000173106821021
East 0.00472493653237
North 0.0
South 0.0

row11col15
West 0.0
East 0.0
North 7.25281445126e-05
South 0.065287008964

row11col17
West 0.293813481587
East 0.178285736848
North 0.487674194649
South 0.420055328957

row11col18
West 0.377551059272
East 0.102002526759
North 0.00960786109252
South 0.0250403972153

row11col20
West 6.61690550203e-06
East 0.000367924003122
North 0.0
South 0.0

row11col21
West 1.94365733811e-07
East 4.86609256676e-09
North 6.59828733712e-05
South 0.00651553155979

row11col22
West 0.000115251276644
East 7.77687407126e-13
North 0.0
South 1.37804971905e-11

row12col1
West 9.12259748379e-08
East 6.19748480886e-05
North 0.0
South 0.0

row12col2
West 4.6837165979e-08
East 0.00259376320603
North 7.78919183329e-24
South 1.89736724144e-25

row12col3
West 9.49592982248e-05
East 0.000237855816699
North 0.0188445931029
South 1.8694552492e-08

row12col5
West 0.0437305647198
East 0.278912456115
North 0.0588526699687
South 0.0163037906686

row12col6
West 0.105261896794
East 0.233624590039
North 0.397205868255
South 0.332952844028

row12col8
West 6.85757168309e-06
East 0.00177007178703
North 0.0
South 0.0

row12col9
West 0.0
East 4.42089979981e-22
North 0.000311598150214
South 0.0282748780458

row12col10
West 0.000365489041152
East 6.00373158779e-08
North 0.0
South 0.0

row12col12
West 3.53799809209e-05
East 0.00127697373349
North 0.0
South 0.0

row12col13
West 1.03887217084e-05
East 0.0493690035436
North 5.48575273467e-08
South 0.0

row12col14
West 0.00447796290675
East 0.150497806791
North 0.000127809080823
South 0.000194236311782

row12col15
West 0.0356834440211
East 0.300615565458
North 0.00291987979878
South 0.0286414881925

row12col16
West 0.112849173519
East 0.405209825762
North 0.0285192269793
South 0.0206853571547

row12col17
West 0.198986828135
East 0.179981337374
North 0.463287142309
South 0.408465183135

row12col18
West 0.37976145649
East 0.11956176288
North 0.0102738070175
South 0.0412538961153

row12col20
West 5.55794083207e-05
East 0.00182124426232
North 0.0
South 0.0

row12col21
West 8.04147564234e-05
East 1.05189574532e-05
North 0.000231002508307
South 0.0240715678549

row12col22
West 0.00146125748999
East 1.12792073301e-06
North 7.77687407126e-13
South 0.0

row13col5
West 0.166844389212
East 0.343291450058
North 0.0668752458699
South 0.0288576839818

row13col6
West 0.129155946234
East 0.20522433789
North 0.37729815855
South 0.285570618534

row13col9
West 1.79704112524e-11
East 0.00634147315238
North 0.00369084915153
South 0.0777255587688

row13col17
West 0.24390263354
East 0.192820578297
North 0.440112525701
South 0.371501084958

row13col18
West 0.411842159244
East 0.17918121551
North 0.116396999019
South 0.0643691865378

row13col21
West 0.00247905981515
East 0.000405725300575
North 0.00345729856457
South 0.0565021232878

row14col1
West 0.000967153750451
East 0.0103148209279
North 0.0
South 0.0

row14col2
West 0.00151792175089
East 0.0747671927385
North 0.00607361907909
South 0.000544587143449

row14col3
West 0.0131152470735
East 0.129986976156
North 0.00725768754234
South 0.000221252401273

row14col4
West 0.00823989013405
East 0.208845195988
North 0.0209165846065
South 0.00123983436633

row14col5
West 0.00757756523331
East 0.0575241263659
North 0.280353780697
South 0.049484185267

row14col6
West 0.0714561375151
East 0.112155189946
North 0.357936508671
South 0.20758172065

row14col7
West 0.325929768834
East 0.101073824847
North 0.0127757151597
South 0.0498017875353

row14col8
West 0.276695998441
East 0.0832786631298
North 0.0169626415743
South 0.0199340466807

row14col9
West 0.202525284658
East 0.00356651020503
North 0.00289530926975
South 0.000408651427285

row14col10
West 0.042498140094
East 1.68965609185e-05
North 3.949728181e-27
South 9.74106696118e-08

row14col11
West 0.000662203505581
East 2.31513095991e-06
North 0.0
South 4.57431184292e-09

row14col12
West 3.24591515213e-07
East 0.000574865781555
North 0.0
South 0.0

row14col13
West 2.0282889451e-05
East 0.00980082837627
North 0.0
South 0.000557257834061

row14col14
West 0.000745375171385
East 0.0765183295535
North 0.0
South 5.2191000099e-05

row14col15
West 0.0149486578795
East 0.187004802569
North 0.00871517726268
South 0.0363702766152

row14col16
West 0.0202467403007
East 0.355306041068
North 0.024097510803
South 0.0423099986223

row14col17
West 0.135033390327
East 0.120609996353
North 0.417979370764
South 0.282533999041

row14col18
West 0.036572021983
East 0.0213429694203
North 0.367300359725
South 0.0554503242084

row14col19
West 0.290820135973
East 0.0547469152694
North 0.0339362848763
South 0.000823446470533

row14col20
West 0.206190133558
East 0.0228326475687
North 0.0233282394236
South 0.000373962260966

row14col21
West 0.12388900005
East 0.00835917524941
North 0.00334986640856
South 0.000250726076748

row14col22
West 0.0368526831821
East 0.00245913033839
North 0.00143009696703
South 5.1451662556e-17

row15col1
West 7.79641038904e-09
East 0.00153288996694
North 1.14060928718e-13
South 0.0

row15col2
West 1.4034049264e-06
East 2.03834548062e-13
North 0.0327855646877
South 0.00192666482178

row15col3
West 2.94030681711e-06
East 0.000950241279445
North 0.00974401757432
South 0.000161109740002

row15col4
West 0.000328308739302
East 0.0370825543907
North 0.000417904207204
South 0.00139604083822

row15col5
West 0.00702969684213
East 0.168608124565
North 4.96548990459e-13
South 0.0040006625913

row15col6
West 0.0112999229549
East 0.0401702516661
North 0.329876154702
South 0.137518173102

row15col7
West 0.244112193751
East 0.0406479649243
North 0.033910881904
South 0.00856688362635

row15col8
West 0.000446245035741
East 0.000563891743794
North 0.14862999407
South 0.0104316769798

row15col9
West 0.0217697347232
East 3.61620922957e-06
North 0.00163548944399
South 0.000748684533078

row15col10
West 0.000891193969056
East 0.0
North 6.34503584919e-13
South 0.0

row15col11
West 0.0
East 4.19055567264e-06
North 0.0
South 0.0

row15col12
West 1.56277841435e-18
East 0.00180883499449
North 0.0
South 0.0

row15col13
West 1.28500546844e-16
East 0.0436528553884
North 0.0
South 0.0

row15col14
West 0.00400018950087
East 0.201354738382
North 0.00108932243973
South 0.00390981351149

row15col15
West 0.0837869444966
East 0.333117525924
North 0.0342574416154
South 0.0629573771259

row15col16
West 0.152424765851
East 0.36729518295
North 0.120362803566
South 0.125619309481

row15col17
West 0.103499977479
East 0.0477922320701
North 0.395832072778
South 0.225226818944

row15col18
West 0.208284719884
East 0.00426747669797
North 0.0312126283761
South 0.00659017592859

row15col19
West 4.20682165329e-10
East 0.000263008589827
North 0.0807119770393
South 0.0029191936029

row15col20
West 5.3830618742e-11
East 0.000156655666076
North 0.0387478758931
South 0.000262763205943

row15col21
West 0.00307015462652
East 3.04187505455e-06
North 0.0052725919875
South 0.000124381536362

row15col22
West 0.0
East 0.0
North 0.000688657474625
South 3.49227971287e-05

row16col2
West 0.000102232317507
East 0.000275555407147
North 0.0126904584031
South 0.000757378353392

row16col7
West 0.0016939352886
East 0.00450589724269
North 0.153912342959
South 0.021989538402

row16col15
West 0.0135991377297
East 0.0330621843486
North 0.288473259908
South 0.094385961808

row17col1
West 5.22493134651e-06
East 0.000710979524656
North 0.0
South 0.0

row17col2
West 4.13468551268e-06
East 4.37769275058e-05
North 0.00487181766976
South 6.04575748451e-05

row17col3
West 0.000890085089687
East 4.17567480457e-06
North 2.36389843019e-05
South 2.72111225172e-09

row17col4
West 6.26940051827e-05
East 5.78954684097e-06
North 0.0
South 0.0

row17col6
West 1.20937068745e-08
East 0.000676644303767
North 0.0
South 0.0

row17col7
West 0.0
East 0.000267729886833
North 0.098094970869
South 0.0122268236094

row17col8
West 0.0183953654616
East 0.000295977524302
North 0.000377357477038
South 0.0

row17col9
West 0.00305967668953
East 1.43385693145e-05
North 9.66718348454e-05
South 0.0

row17col10
West 0.000298834685519
East 2.51842968142e-07
North 1.01081425337e-05
South 4.25118340778e-06

row17col11
West 1.49679284813e-05
East 7.99667531955e-07
North 0.0
South 0.0

row17col13
West 0.000313372776533
East 0.0104413993738
North 0.000191670315274
South 0.0

row17col14
West 0.000286864906459
East 0.0822058923446
North 0.00177275967822
South 0.000597369782529

row17col15
West 0.00678315977522
East 0.00335465100275
North 0.237388618009
South 0.0728025723764

row17col16
West 0.0461012239118
East 0.00137573311309
North 1.14588184526e-06
South 6.00179591723e-10

row17col18
West 0.0
East 0.0
North 3.71329424457e-08
South 0.000343227633802

row17col19
West 1.28772013604e-31
East 0.0
North 2.08886473676e-20
South 7.02161380446e-06

row17col20
West 0.0
East 1.05652171202e-06
North 2.8283150724e-06
South 5.95372851461e-05

row17col21
West 0.0
East 0.0
North 1.06807110287e-13
South 4.98704526989e-05

row17col22
West 0.0
East 0.0
North 9.58905519018e-09
South 8.48444955998e-07

row18col1
West 0.0
East 0.0
North 5.0135095248e-05
South 8.02578700127e-09

row18col2
West 1.26813896054e-06
East 4.25060863809e-08
North 0.000671364105544
South 9.72287028943e-08

row18col3
West 0.0
East 0.0
North 6.85178083325e-05
South 9.78561302349e-15

row18col4
West 0.0
East 0.0
North 3.29508791571e-06
South 1.41646035853e-20

row18col6
West 0.000256804846118
East 0.00707580930617
North 0.0
South 0.0

row18col7
West 0.000104707685141
East 1.52546567502e-06
North 0.0491188015856
South 0.0015860296351

row18col8
West 0.00983696917034
East 9.58458522745e-05
North 0.000292740437236
South 1.07893788951e-13

row18col9
West 0.00170978070432
East 2.22828209047e-05
North 1.49716602472e-21
South 0.0

row18col10
West 0.000234644820757
East 7.40973385573e-07
North 3.7762933716e-06
South 0.0

row18col11
West 1.45054674451e-05
East 1.81723657864e-10
North 0.0
South 0.0

row18col13
West 0.0
East 0.000314209564791
North 0.0
South 0.0

row18col14
West 0.0
East 3.86933089356e-06
North 0.015263529968
South 0.000103452863437

row18col15
West 0.00117456989496
East 0.0111124347969
North 0.174821626488
South 0.0247092177291

row18col16
West 0.0896543957407
East 0.00591717221803
North 0.000987553292731
South 0.000922204905898

row18col17
West 0.0438722791807
East 0.00203016062107
North 0.000148557349754
South 0.00183037397459

row18col18
West 0.0170910790401
East 0.00159643886288
North 2.03717325522e-30
South 0.000102620782176

row18col19
West 0.0077167570469
East 0.000330810882161
North 2.83587452306e-09
South 1.41913238124e-08

row18col20
West 0.00268676709582
East 0.000125796859865
North 2.83414100497e-06
South 7.74747603978e-08

row18col21
West 0.000821642649116
East 1.27783797252e-05
North 2.25953742335e-15
South 4.93893683091e-10

row18col22
West 0.000111957589211
East 7.61963766282e-06
North 7.88242458065e-09
South 0.0

row19col1
West 0.0
East 7.99918095589e-20
North 3.0608018485e-07
South 1.90640344481e-12

row19col2
West 1.15591927564e-20
East 0.0
North 4.11300694487e-05
South 3.0096162743e-07

row19col3
West 0.0
East 0.0
North 1.64240180018e-06
South 1.80943875972e-12

row19col4
West 0.0
East 0.0
North 2.06285390884e-08
South 1.41646035853e-20

row19col6
West 0.0
East 0.000404985793958
North 0.0
South 0.0

row19col7
West 3.5410145899e-18
East 4.00118417432e-07
North 0.0112424391847
South 0.000445645112786

row19col8
West 0.0
East 0.0
North 0.000564916078545
South 1.94959341547e-09

row19col9
West 7.08329479306e-09
East 5.43750401303e-24
North 0.0
South 0.0

row19col10
West 0.0
East 0.0
North 9.70343596532e-06
South 0.0

row19col11
West 1.21536992241e-08
East 0.0
North 0.0
South 0.0

row19col13
West 1.75994016791e-23
East 2.70696946865e-05
North 0.0
South 1.06699855755e-23

row19col14
West 1.7069847401e-07
East 0.0086793203641
North 0.0
South 9.19602804952e-05

row19col15
West 0.000326504566159
East 1.81129254629e-07
North 0.0838514640082
South 0.0156433253041

row19col16
West 3.81324428361e-06
East 5.63007645336e-05
North 0.010714129383
South 0.000240952427242

row19col18
West 1.28772013604e-31
East 1.7738344874e-32
North 0.00160793340136
South 5.70183476621e-05

row19col19
West 1.92095651294e-30
East 0.0
North 4.8882472872e-05
South 0.0

row19col20
West 3.95460492904e-11
East 0.0
North 0.000149508744578
South 0.0

row19col21
West 1.75245669484e-07
East 8.46017471649e-08
North 0.0
South 2.51629801061e-16

row19col22
West 0.0
East 0.0
North 4.55298597107e-06
South 0.0
