
row1col1
West 1.717e-05
East 1.717e-05
North 1.717e-05
South 1.717e-05

row1col2
West 1.0000163115
East 0.902514319844
North 0.95001517228
South 0.902514256766

row1col3
West 0.950015495925
East 0.857189448783
North 0.902472082317
South 0.857373484605

row1col4
West 0.902514714463
East 0.804552006534
North 0.856157708396
South 0.811104198455

row1col5
West 0.857351231923
East 0.775173301167
North 0.773541986822
South 0.727220241843

row2col1
West 0.948588892597
East 0.902179261373
North 1.0000163115
South 0.901804343128

row2col2
West 0.950015185981
East 0.857385235958
North 0.950015495925
South 0.857387417957

row2col3
West 0.902514721129
East 0.814515928485
North 0.902513226978
South 0.814507884581

row2col4
West 0.857388984238
East 0.77146395058
North 0.856629311755
South 0.771983773889

row2col5
West 0.814498106345
East 0.749777093701
North 0.786695753501
South 0.707460560748

row3col1
West 0.898439425934
East 0.856493139181
North 0.950015492474
South 0.853209304995

row3col2
West 0.902107710477
East 0.814211380305
North 0.902514721123
South 0.814117080088

row3col3
West 0.85737744066
East 0.773695076843
North 0.857388985072
South 0.773448202328

row3col4
West 0.814519535816
East 0.732951033032
North 0.814194279091
South 0.73372777664

row3col5
West 0.773777326658
East 0.710380544446
North 0.760018530529
South 0.653429745381

row4col1
West 0.848364248065
East 0.810780539724
North 0.902512942411
South 0.798004794979

row4col2
West 0.852573804192
East 0.769489879251
North 0.857388834738
South 0.760788731466

row4col3
West 0.811320360065
East 0.723413407705
North 0.814519464224
South 0.721993458733

row4col4
West 0.769063939068
East 0.680172069803
North 0.773793550661
South 0.688210114494

row4col5
West 0.735086602861
East 0.666118488836
North 0.713186108818
South 0.586500005511

row5col1
West 0.711034787534
East 0.719755647795
North 0.857149398484
South 0.775844847988

row5col2
West 0.73350139553
East 0.677773747736
North 0.814423995293
South 0.696148373515

row5col3
West 0.743421313156
East 0.633314295958
North 0.773661100721
South 0.66745811198

row5col4
West 0.695097267892
East 0.507000273927
North 0.73476712362
South 0.636899313742

row5col5
West 0.526737813704
East 0.546644009646
North 0.696791884911
South 0.568618289055
