0.023933223154
0.0311128971374
0.0349152495516
0.0283782056537
0.033292649449
0.0313601306082
0.0305999832454
0.0291103533976
0.030391131203
0.0287121834067
0.0285833119481
0.0307512539101
0.0291955254033
0.0276294481362
0.0269054286017
0.0276302533938
0.0272213589744
0.0262048261292
0.0258048923236
0.0270000730241
0.0266037575598
0.0259568958479
0.0262378873324
0.026323425476
0.0263824508317
0.0260916375484
0.0254595398614
0.0260985234691
0.0262081376531
0.0257417007186
0.0250775769022
0.0255341370633
0.0248690074318
0.0250057065895
0.0247812956699
0.0246304686857
0.024565679651
0.0244523242876
0.0250334422033
0.0247630458624
0.0245675164486
0.0244497736583
0.0246270998039
0.0246858045971
0.0244841540215
0.0246497972037
0.0245771804449
0.0243254215925
0.0255026154261
0.0253924234675
0.0256049947164
0.0259456107375
0.0256816106566
0.0254397739999
0.0257867356981
0.0256651574763
0.0253842423991
0.0258399002723
0.0259820353408
0.0260160469687
0.0258662257494
0.0256749972226
0.0254931796448
0.0255387465051
0.0257575458471
0.0255821066289
0.0255324716326
0.0257829729381
0.0256476431214
0.0256507618847
0.0254827298674
0.0255528179604
0.0256771110022
0.0259107927773
0.0260370257566
0.0259938441177
0.0266635652506
0.026850289073
0.0266789166446
0.026611833122
0.0265733741681
0.0264024117456
0.0269033448954
0.0272745563101
0.0273400555616
0.0272853980286
0.0274483495888
0.0273241188741
0.0273200701397
0.0272652919769
0.0272993120566
0.0273347727404
0.0273636106099
0.027325077541
0.0273411488221
0.027200435633
0.0272645542431
0.0274007022115
0.0273557045594
0.0272900330082
0.0270922883976
0.0270774953144
0.0272854952194
0.0271746323383
0.0273393199827
0.0274019824121
0.0275244392988
0.0274645676688
0.0274846813145
0.0275790214171
0.0274668666111
0.027314271848
0.0276370157453
0.0275840967707
0.0276132187243
0.027622907884
0.0275575894248
0.0275094401106
0.0274107047499
0.0273515631884
0.0275567438151
0.02746194657
0.0274174351701
0.0275148489802
0.0275653624371
0.0277129211833
0.0276530357532
0.0276493840224
0.0275667840519
0.0274345459905
0.027396786188
0.0275137333821
0.0276891491455
0.0277154111963
0.0277667756382
0.0277800899341
0.027830387589
0.0278491494836
0.0278628168466
0.0279011594345
0.0282714401117
0.0285153389821
0.0284526640996
0.0285241197693
0.0285069351188
0.0285315583857
0.0284565695117
0.0284551665496
0.0285066053352
0.0286582151703
0.0287852890928
0.0287842019776
0.0288451409391
0.0287519554264
0.0287214616485
0.0288151482555
0.0289852926342
0.0290323692684
0.0290095231518
0.0290433550633
0.0291926689589
0.0292611733136
0.0293380264218
0.0293491943504
0.0294298511028
0.0294938750631
0.0293788479456
0.0294541431466
0.0296810198064
0.0297734649127
0.0297627053397
0.0297897252377
0.0297756286833
0.0297267057385
0.0296689979269
0.0297234589109
0.0297488935528
0.0296975844524
0.0298167651421
0.0297260969755
0.0295838059325
0.0296192642553
0.0296196335573
0.0296825944522
0.0296441595811
0.0296537199792
0.0297407528723
0.0296939145893
0.0298331843685
0.0298849463836
0.0298211614378
0.0299914012687
0.0299563296005
0.0298428305423
0.0299967602094
0.0300678100973
0.0300844135361
0.0300955625662
0.0300578007289
0.0302768775765
0.0302535304775
0.0304877478385
0.0305251768272
0.030631636831
0.0306852223965
0.0307911616723
0.0308841087042
0.0310494126763
0.0310425353115
0.0310740187352
0.0312320002342
0.0311463363786
0.0311442788685
0.0311455705996
0.031123920736
0.0311366984096
0.0311509301162
0.0313072057269
0.0314192789603
0.0314460994869
0.0314469782692
0.0314717250522
0.031511137667
0.0315858391101
0.0316322633101
0.0316944234199
0.0317200046958
0.0318298910589
0.0319359074965
0.0319635989229
0.0318719303926
0.0319051283403
0.0319194066958
0.0319830136054
0.0319603065288
0.0320856097026
0.0322387166587
0.0322942352713
0.0324332380369
0.0324291916381
0.0326986306235
0.0326920658512
0.0326559740876
0.0326808319355
0.0326925211087
0.0327350285672
0.0328148324954
0.0328312189806
0.0328909225833
0.0329031026325
0.0329340073323
0.032897986095
0.032997885489
0.0330759471821
0.0331314390064
0.0332942294573
0.0334601169912
0.0334462648904
0.0334695029575
0.0336125871348
0.0336120451419
0.0336663364216
0.0337494581736
0.0337926942767
0.0338124622307
0.0338989775557
0.0340347764493
0.034136655063
0.0342317173603
0.0342563608019
0.0343076759703
0.0343520257748
0.0342949235619
0.0342507820735
0.0342566916593
0.0342126710925
0.034227078818
0.0343596957949
0.0344156252178
0.0345018983817
0.0344744325346
0.0345653321975
0.0346048404383
0.034669767126
0.0347339562464
0.0347117630272
0.0346432772786
0.0346628046964
0.0347049981133
0.0347107724657
0.0347580590663
0.03473655028
0.0347696816066
0.0347859966217
0.0348155499062
0.0347761863105
0.0347973931267
0.0348601288323
0.0349022514365
0.0348658730341
0.0349548869016
0.0349670519049
0.0349705747884
0.0349221857931
0.0349949997241
0.0350641333982
0.035071353006
0.0352222429
0.0352340028575
0.0353176446352
0.0353288570181
0.0353677567357
0.0353784854148
0.035449550476
0.0354253547491
0.0355651939406
0.0355630047354
0.035677122221
0.0357255493462
0.03582721052
0.0358679730488
0.0358604192104
0.0358418861338
0.0358562221556
0.0358738231366
0.0358887507462
0.0358663155249
0.0359864474297
0.0361036912981
0.0361738219133
0.0361972511304
0.0364038848816
0.0365515495731
0.0365741852195
0.0366134197649
0.0366141230565
0.036654358709
0.0367118016278
0.0367598322379
0.036775697364
0.0368846533098
0.0369790266559
0.036982378143
0.0370379555463
0.0370160778518
0.0370569230665
0.0371031175254
0.0371583687841
0.0372221625091
0.0372110626588
0.0372686670711
0.0374168625248
0.037506674566
0.0375396902667
0.0375725686425
0.0376468497568
0.0376982391361
0.0376784799846
0.0376797903047
0.0377453954938
0.0377237633348
0.0376758410208
0.0377487411209
0.0377804185276
0.0377577098604
0.0377332167055
0.0378142750497
0.0379050286542
0.0378931099757
0.0379705341084
0.0381199340253
0.0381110749767
0.0380858780228
0.038126971062
0.0382108500172
0.0382247673966
0.0383434213224
0.0383569323419
0.0385388913622
0.0385285704637
0.0385484169422
0.038568965631
0.0386288139484
0.0386435840963
0.0388573327004
0.0389066483206
0.0389881354581
0.0390532892962
0.0390847267253
0.0391781545319
0.0392502849736
0.0393255425203
0.0393470465006
0.0393999245287
0.0393930325308
0.0394094530257
0.0394232838783
0.0394757139397
0.0395186085083
0.0395336316375
0.0396507273386
0.0397543586815
0.0398064085236
0.0398271595127
0.0399347198206
0.0399073440493
0.0399815879646
0.0399971323071
0.0400443341445
0.0400492409926
0.040136959433
0.0401933028746
0.0402525950595
0.0403019478587
0.0403463219197
0.0403873812839
0.0404181081386
0.0404541947563
0.0404956016161
0.0404927659175
0.0406260686502
0.0406290955631
0.0408413251436
0.0408727403304
0.0408735420382
0.0409739706889
0.0410614981596
0.0411278331439
0.0412545664371
0.0413149030064
0.0412971938234
0.0413522036183
0.0414115502796
0.0415447420438
0.0415457864319
0.0415327672978
0.0415927816812
0.0416176672872
0.0417324328511
0.04178067317
0.0418847924625
0.0418568399526
0.0419257545758
0.0419932421014
0.0420752308466
0.0420696756558
0.0421606149098
0.0421920137775
0.0421750631098
0.0422012048245
0.0422401698445
0.0422535129236
0.0422297172893
0.0423347382111
0.0423790889558
0.0424417113076
0.0424660188425
0.042544111448
0.0425582649997
0.0425956311866
0.0426524669995
0.042732207229
0.042768212055
0.0428632131558
0.0429095791295
0.0429540914149
0.0429604952332
0.0430594426514
0.0431077760218
0.0432195541689
0.0433081815591
0.0433279358405
0.0433562325584
0.0433803010466
0.0433971460292
0.0434631919135
0.043537290412
0.0435866868176
0.0436449700217
0.0437479081738
0.0437698456151
0.0438044812773
0.0438420237941
0.0438616466755
0.0439051927866
0.0439023979483
0.0439858838342
0.0440395028736
0.0440980933319
0.0441742505705
0.0442225035718
0.0442633113612
0.0443445949121
0.0444282604873
0.0444785204544
0.044490113419
0.0445405465317
0.0445087317133
0.0445572484639
0.0445774992968
0.0447005575709
0.0447785135693
0.0447663010515
0.0448917397845
0.044930537839
0.0449452697854
0.0449939666129
0.0450606451883
0.0450491721386
0.0450813849202
0.0451251253562
0.0451721405861
0.0451510776854
0.0452322972939
0.045252995396
0.0453419125877
0.045441096185
0.0454894202567
0.0455983393004
0.0456343216829
0.0456547049823
0.0456722887244
0.045727080202
0.0458737388596
0.0458863106686
0.0459378477827
0.045988608694
0.0460058170764
0.0460347049959
0.0461152818447
0.0461804503491
0.0462082017511
0.0462997033138
0.0463811583531
0.0464723863173
0.04648596307
0.0465557701175
0.0465755852332
0.0466033796665
0.0466575569175
0.0467571957435
0.0467822850572
0.0467574889515
0.046760626479
0.0467790105408
0.0468677165863
0.0469623768672
0.0471414854274
0.0472778048817
0.047389276688
0.0475110949234
0.0475810082515
0.0476691853476
0.04773046156
0.0478014742386
0.0478937529528
0.0480330490759
0.0481011793214
0.0481560776011
0.0481656814487
0.0482322673016
0.0483070522442
0.0484112418124
0.0484372024459
0.0484550323778
0.0485169558827
0.0485289409129
0.0485751009715
0.0485821872066
0.0485871431451
0.0486484928388
0.0487221897462
0.0487627238414
0.0489025623288
0.0488966200993
0.0489322467015
0.0489711016429
0.0490436023412
0.0491274531216
0.0492089237107
0.0493592636182
0.0494153806052
0.0495022346201
0.0495832665265
0.0496243372555
0.0497358953114
0.0497980919148
0.0497782464244
0.0497942522945
0.049880918212
0.0499178219824
0.0499942191222
0.0500222019835
0.050057325469
0.0501944838369
0.0502722698701
0.0503664953886
0.0504738903084
0.0504887341686
0.0505713380986
0.0506047079163
0.0506503488142
0.0507111283254
0.0507735349856
0.0508817394433
0.0509963919594
0.0511023948829
0.0511778331628
0.0512114684819
0.0512653791261
0.0513718996125
0.0514453991967
0.0514812071764
0.0515463149496
0.0516433403886
0.0517110318018
0.051765455792
0.0517794589307
0.0518416201976
0.0518696578285
0.0519222197743
0.0519568861375
0.0519806774524
0.0520321272172
0.052112840237
0.052173101754
0.0522424622998
0.0523712591163
0.0523601706683
0.0524348909738
0.0525060096199
0.0525612368068
0.0526130353119
0.0526459019454
0.0526872563948
0.0527704837348
0.0528228212154
0.0529293313152
0.0529776800417
0.0530338020988
0.0531066301228
0.0532310355177
0.0533342175923
0.0534061644421
0.0534464541096
0.0535012126831
0.0535319745704
0.0536718949257
0.0537306637479
0.053815115669
0.0538391043428
0.0539403213966
0.0540405995882
0.0540918839216
0.0542438330714
0.054301093183
0.0543487375624
0.0544184546825
0.0545253195418
0.0546209810404
0.0546561590228
0.0547537759744
0.0547788499825
0.0548514068707
0.0549123895965
0.0549551456204
0.0550611376699
0.0551651883504
0.0552437118773
0.0553432635387
0.0553881069891
0.0554921329633
0.0555615988802
0.0556429238964
0.0557519659805
0.055791277024
0.0558628683416
0.0559330998345
0.0560531162712
0.0561612028732
0.0562484468301
0.0562494715895
0.0563304016057
0.056399241175
0.056427759149
0.0565338325529
0.0566418304229
0.0567784808132
0.0568083344836
0.0569124251588
0.0569843224332
0.0570700803925
0.0571135780365
0.0572267156403
0.0572919617618
0.0573297071664
0.0574219338256
0.0575887294422
0.057671654227
0.0577151571607
0.0577939476959
0.0578551266738
0.0579237521761
0.0579702330829
0.0580587317891
0.0581214387058
0.0581701215331
0.0582461293343
0.0583003066436
0.0583938889137
0.0584710628546
0.058558090347
0.0586076931558
0.0586679930514
0.0587460361285
0.0587982800338
0.0588680127702
0.058934360008
0.0589948139094
0.0590926358335
0.0591853913553
0.0591949406128
0.0592392321101
0.059301737028
0.0594112841884
0.0594801299257
0.0595760525083
0.0595938867257
0.0596747998924
0.0597562565787
0.0598351087789
0.0598944172406
0.0599191413947
0.0600274841378
0.060143967453
0.0602002415144
0.0602533940806
0.0603224123277
0.0604304016483
0.0604666911101
0.0605402833462
0.0606325803109
0.0606987459262
0.0607773357417
0.0608427573194
0.0608948824138
0.0610092245215
0.0610760121623
0.0611271033996
0.0612056351056
0.061267907287
0.0613528576694
0.0614324336467
0.0615232462242
0.0615681037854
0.0616248942881
0.0616976686624
0.0617944723786
0.0618954410303
0.061929333556
0.0619969077407
0.0620415424412
0.0620647327467
0.0621696074136
0.0622497691053
0.0623629355034
0.0624172971377
0.062481134249
0.0625807901007
0.062660969198
0.0627136678588
0.0627820058509
0.0629115241197
0.062991535938
0.0630935060756
0.0631379964551
0.0632204594051
0.0633153540661
0.0634200356337
0.0635096236403
0.0635755606325
0.0636659066197
0.0637340009437
0.0638241431884
0.06386699063
0.0639926451762
0.063986618615
0.0641134736
0.0642051309922
0.0642889138913
0.064369360671
0.0644634937267
0.064524030916
0.064635072443
0.0647066723761
0.0648358195919
0.0649336873683
0.06501721089
0.0650794615805
0.0651459832284
0.0652284593667
0.0652841256977
0.0653654815471
0.0654438925886
0.0655448988313
0.0657105669488
0.0658273483032
0.0659050917442
0.0659970810398
0.0660826878412
0.0661705366081
0.0662623166277
0.0662818503247
0.0663649027836
0.06642281354
0.0665472877392
0.0665957885059
0.0667296993356
0.0668296289457
0.0669128374361
0.0670040008296
0.0670631931301
0.0671623392367
0.0672322129045
0.0673705571935
0.0674678562343
0.0675642358714
0.0677155486204
0.0678039575287
0.0679136260964
0.067975847513
0.0680896958679
0.068192618788
0.0682736964819
0.0683525305036
0.0684034654458
0.0684633494988
0.0685480037778
0.0686047680442
0.0687028939082
0.0688506731142
0.0689386908315
0.0690127094559
0.0690698640048
0.0691707980487
0.0693024656868
0.0693679968278
0.0694748126224
0.0695254381931
0.0695956891014
0.0696909952375
0.0697730453146
0.0698571503772
0.0699485696413
0.0700221202686
0.0701232348669
0.0702106993935
0.0702785984327
0.0703530027416
0.0704268851741
0.0705179691124
0.0706017707602
0.0707275296733
0.0708315887829
0.0709057956436
0.0710000579464
0.0710691885167
0.0711161260381
0.07117872241
0.0712451030744
0.0713301181684
0.0713966295196
0.0714885658673
0.0715639744662
0.0716744900536
0.0717646040588
0.0718334055939
0.0718832574406
0.0720021563108
0.0720930569044
0.0721576330721
0.0721886439943
0.0722524833593
0.0723074756083
0.0723963793104
0.0724914877929
0.0725986571691
0.0726820725006
0.0727470277517
0.0728310746349
0.0729191029427
0.0730200211382
0.0731761551269
0.073323291086
0.0734346653861
0.0734733566115
0.0735812837796
0.0736572459839
0.0737250044572
0.0737864565517
0.0738685123236
0.0739375048466
0.0740428318763
0.0741281663921
0.0742079826649
0.0742929237235
0.0743645386417
0.0744893641491
0.0745647158397
0.0746610703389
0.0747645316947
0.0748074316764
0.0748989819629
0.0750218831384
0.0750885810746
0.0751747049022
0.075271775305
0.0753432544194
0.0754274614184
0.0754881615212
0.0755718151439
0.0756249243441
0.0757078624077
0.0758010740155
0.0758898427492
0.0759803410254
0.0760822338906
0.0761107882963
0.0761834321734
0.0762362136944
0.0762645540908
0.0763895201183
0.0764854863726
0.0765499668482
0.0766470825533
0.0767599711105
0.0768581782094
0.0769351364256
0.0770071498234
0.0770674592778
0.0771650618256
0.0772438336997
0.0773697392061
0.0774642976815
0.077557337177
0.0776753041299
0.0777672653495
0.0778917939134
0.0779688679053
0.0780658932708
0.0781748611871
0.0782577228179
0.0783150508729
0.0784286565832
0.0785027678024
0.0786368842636
0.0787170705256
0.0787977884008
0.0789121805375
0.0789792745645
0.0790803640949
0.0791665020259
0.0792560430538
0.0793190317256
0.0793974789823
0.079481710468
0.0795784941651
0.0796750546384
0.0797677685359
0.0798350936848
0.0799071440628
0.0799987848506
0.0800974428144
0.0801900154673
0.0802602528155
0.0803301880354
0.0804294388838
0.0805430425306
0.0806416445588
0.0807335611761
0.0808573666502
0.0809831483635
0.0810617054302
0.0811574248717
0.081265640918
0.0813748606536
0.0814685171799
0.081572253711
0.0816342049525
0.0817229079309
0.0818124449782
0.081921784636
0.0819766017528
0.0820815310337
0.0821787918347
0.0823179857075
0.0824119163213
0.082505171493
0.082592387053
0.0826846138694
0.0828001431756
0.0828934112856
0.082964467693
0.0830401236667
0.0830949788815
0.0831627583166
0.0832736453658
0.0833841511547
0.0835067368988
0.0835734766737
0.08364999083
0.0837499502203
0.0838137309543
0.0839255199012
0.0840273392107
0.0840792308681
0.0841935328638
0.0842939480684
0.0844009918467
0.084499906308
0.0845800690607
0.0846406178637
0.0847318538808
0.0848405667184
0.0849149107395
0.0850369198452
0.0851303118837
0.0852120384187
0.0852989478712
0.0854005545792
0.0854897771727
0.0855924558497
0.0856761941817
0.0857630027911
0.0858438088321
0.0859634456519
0.0860441129943
0.0861180399711
0.0862144137349
0.0863154093853
0.0863856780673
0.0864812098642
0.0865720862147
0.0866852291805
0.0867572060667
0.0868420427239
0.0869046110603
0.0870095061619
0.0871016849444
0.0872552153866
0.0873496907682
0.0874715262422
0.0875585561974
0.0876662702247
0.0877770702047
0.087904517431
0.0880040407515
0.0880744507094
0.0881676094215
0.0882486753315
0.0883325256607
0.0884480305418
0.0885675635856
0.0886306605302
0.0887047154007
0.0888033859291
0.0888888778921
0.0889723287188
0.0890762335207
0.0891655901504
0.0892652009909
0.0893690230836
0.0894491815181
0.0895136951918
0.0896269182658
0.0897424546793
0.089856286824
0.0899630273381
0.0900997984293
0.0902294983782
0.0903416437243
0.0904372109769
0.0905179454578
0.0906305671107
0.0907217666611
0.0908278697988
0.091004158289
0.0911024056156
0.0912182976852
0.0913217073824
0.0914334684182
0.0915212869117
0.091638921956
0.0917113277849
0.0917975950289
0.0918991334601
0.0920151185802
0.0921095766634
0.0922164815866
0.0923470783468
0.0924396406926
0.0924950239227
0.0926226130423
0.0926991005224
0.0928014432324
0.0929032048689
0.0930032402834
0.0931043098763
0.093219051591
0.0933575605986
0.0935029293326
0.0935983475106
0.0937117966597
0.0937992267791
0.0938864169895
0.0940004978391
0.0941069573768
0.0942121171199
0.0943141276579
0.0944077059433
0.0944718631888
0.0945913577188
0.0947165207498
0.0947791522943
0.0948749738907
0.0949672685332
0.095046743586
0.0951545446674
0.0952461097693
0.0953351512406
0.0954285253237
0.0955046496672
0.0956330169006
0.0957364866294
0.0958281985855
0.0959051044189
0.0960355520004
0.0961344576969
0.0962446380674
0.0963353306363
0.0964195686292
0.0965040206396
0.0966180116262
0.0967459349833
0.0968376827824
0.0969062333966
0.0969898443322
0.0971593951274
0.0972867433595
0.0973752236173
0.0974867900091
0.0975543724573
0.0976398605347
0.0977366393001
0.0978268448121
0.0979272330093
0.0980367548272
0.0981171282657
0.0982023239549
0.0982867255923
0.0983964191846
0.0984741320676
0.0985743012134
0.098653809622
0.0987062565523
0.0987985515542
0.0989112485459
0.0989955923663
0.099120600031
0.0992227769926
0.0993312414907
0.0994549044886
0.0995494871766
0.0996145555207
0.0996727187953
0.0997673041781
0.099918087415
0.0999881238342
0.100080823438
0.100179310713
0.100280793793
0.100400031339
0.100504114391
0.100597795153
0.100689006039
0.100806576052
0.100919538394
0.101006989611
0.1011266643
0.101206870046
0.101263626131
0.101359765372
0.101503570665
0.101620342552
0.101723102087
0.101851601559
0.101946760496
0.102042702203
0.102140151206
0.102201457617
0.102329125487
0.102444404601
0.102536522895
0.102666938443
0.102767398952
0.102840764587
0.102924868449
0.103019731332
0.103130642721
0.103236268928
0.103320203683
0.103431301798
0.103580992084
0.103652320587
0.103731721264
0.103831624784
0.10394123837
0.104034492388
0.10410429374
0.104210439139
0.104281623336
0.104382801587
0.104494082738
0.104593083548
0.10469371936
0.104783373214
0.104899755554
0.104997931431
0.105076994274
0.105209785238
0.105273767127
0.105401239672
0.105494100946
0.105609562138
0.105692880747
0.105802747576
0.105890146196
0.10599182599
0.106097116571
0.106180089116
0.10629032147
0.10640088837
0.106521647332
0.106611564203
0.106689961004
0.106797226108
0.1069151711
0.107018719184
0.107097245907
0.107261116586
0.107379654026
0.107501269315
0.107649189132
0.107729952881
0.107819628866
0.107896076922
0.108016337268
0.108120919535
0.108198327359
0.108304116601
0.108432226398
0.108557068764
0.108655281764
0.108741910357
0.108859182896
0.108974226886
0.109114145915
0.109226772541
0.109322706137
0.109400302093
0.109552475597
0.10966024471
0.109749191793
0.109860725009
0.109990354174
0.110067680921
0.110155818942
0.110238523306
0.110313783806
0.110427445386
0.11055306898
0.110630342059
0.110735094684
0.110828704539
0.110954819296
0.111045379844
0.111157616981
0.111278555501
0.11136570477
0.111496236591
0.111579329461
0.111717166842
0.111862485548
0.111945216807
0.112065173173
0.11218562898
0.112290993057
0.112409489236
0.112536781153
0.11267133028
0.112776487593
0.112874093503
0.112946875258
0.113051664759
0.113175141874
0.113281075922
0.11341206351
0.113526015274
0.113639839841
0.11377295225
0.113864957894
0.113982027914
0.114083950007
0.11418590257
0.114303570482
0.114397398635
0.114505233626
0.11462236012
0.114740293473
0.114864939967
0.114974940598
0.115079300979
0.115160681581
0.115251841964
0.115362345313
0.115475460908
0.115604055127
0.115708276359
0.115829910769
0.115943016688
0.116029767446
0.116139874733
0.116220410255
0.116335193259
0.116447515428
0.116556965227
0.116681570059
0.116782408159
0.116880400042
0.117008699857
0.117146599165
0.117229297052
0.117353110359
0.117477512072
0.117593955164
0.117717710016
0.117896599492
0.117998061623
0.118131883345
0.118238134041
0.118341225616
0.118435631418
0.118550636124
0.118654379399
0.118735782801
0.118837047355
0.118951034947
0.119100971868
0.119212132214
0.119297997045
0.119428033549
0.119539613319
0.119609221947
0.119727550133
0.119848341962
0.119966672848
0.120073633496
0.120181832664
0.120287435817
0.120434303464
0.120550669087
0.12063840394
0.120753256361
0.120847973492
0.120959820263
0.121098412571
0.121215256859
0.121327919715
0.121445880664
0.121547955756
0.121680253393
0.121796832061
0.121894108125
0.122003316195
0.122142534448
0.122271993155
0.122407217235
0.122537202528
0.122688460466
0.122805577155
0.122865321316
0.122961127077
0.12312074226
0.123234237913
0.123338944749
0.123445264544
0.123540973143
0.123650398394
0.123771342426
0.123849220799
0.123963638879
0.124084062252
0.124189153639
0.124302509645
0.124413182051
0.124507764072
0.124610420024
0.124745513484
0.124850261314
0.124944935824
0.125084309909
0.125196616976
0.125331020929
0.12544934936
0.125569575575
0.125662546155
0.125795711282
0.125930609533
0.126022668713
0.126155223076
0.126278987994
0.126411355785
0.126552006712
0.12666810491
0.126802561218
0.126894643326
0.127007148582
0.127088196484
0.127188794148
0.127302916854
0.127422377725
0.127551151908
0.127700417545
0.127790129552
0.127885889407
0.128012025536
0.128110396495
0.128202447417
0.128310728162
0.128428282838
0.128542095699
0.12865329979
0.128748688448
0.128852034905
0.128973644964
0.129079167301
0.129181235415
0.129282914985
0.129377736562
0.129471613159
0.129612597097
0.129734202142
0.129813692598
0.129919314192
0.130030698317
0.130165822436
0.130276241531
0.130407254872
0.130513967477
0.130620291091
0.130717122425
0.130810487963
0.130908648041
0.131016890255
0.131122748817
0.131248969345
0.131368179844
0.131479490141
0.131614377996
0.131735629772
0.131838414983
0.131948690385
0.132040515352
0.13215580265
0.132267237647
0.132393109695
0.132508709097
0.132604062492
0.132706078262
0.132826683157
0.132928633902
0.133066406096
0.133162454407
0.133262614667
0.13337708632
0.133473299852
0.133597848207
0.13372684982
0.133828608506
0.133960350657
0.134058671832
0.13418753008
0.134310285608
0.134415748771
0.134526219097
0.134622789912
0.13473790723
0.134844957854
0.134962144082
0.13505704305
0.135171158405
0.135282125109
0.135385989097
0.135489123486
0.135604152533
0.135702843707
0.135813693125
0.135929790476
0.13605548677
0.13616027144
0.136278564164
0.13637403345
0.136527768664
0.136618862863
0.136749809204
0.136868357602
0.136985591539
0.13712064878
0.137221573279
0.137348642384
0.137493832418
0.137606103046
0.137709312047
0.137823200102
0.137931405995
0.138055081388
0.13818649214
0.138291763159
0.138409945428
0.138513570753
0.138621851327
0.138714267621
0.138823841914
0.138923448284
0.139019024368
0.139115842766
0.139225158824
0.139337602317
0.139461280191
0.139572520073
0.139701008731
0.139800740147
0.139903414024
0.140023872723
0.140142631373
0.140269479903
0.140367421857
0.140462838579
0.140564944634
0.140683301933
0.140771969883
0.140874987442
0.140995586067
0.141085497642
0.141210378841
0.141323439767
0.141441032472
0.141568770219
0.141689554747
0.141806779118
0.141891520314
0.142023096738
0.142143038871
0.142263931618
0.142399123276
0.142520991938
0.142635239314
0.142762855445
0.142881818334
0.142983235827
0.143114589566
0.143215661852
0.14330965141
0.143429626862
0.143556653823
0.143671910461
0.143831994524
0.143943253371
0.144086796378
0.14419045239
0.14427271851
0.144395921685
0.144499143624
0.144639639114
0.144765946503
0.144904060503
0.145017352582
0.145149468183
0.145288782849
0.145425091125
0.145513601096
0.145654255264
0.145784271317
0.145909708696
0.146033755147
0.146142530605
0.146248377091
0.146378611388
0.146503518543
0.146634242271
0.146790115998
0.146913819897
0.14703793262
0.147132860324
0.147263560587
0.14737121888
0.147493747153
0.147600719447
0.147713309472
0.147845830072
0.147989912979
0.148122939887
0.148226058627
0.148349239517
0.148493406577
0.148587295015
0.148696474369
0.148785950277
0.148915420779
0.149027583042
0.14914255531
0.149278756717
0.149384101144
0.149501653259
0.149614159139
0.149725984909
0.149856964743
0.14995761841
0.150091788008
0.150228401726
0.150328361441
0.15043218827
0.150514460489
0.150634225937
0.150748926277
0.15085688884
0.150996598475
0.151106251825
0.1512337456
0.15136484573
0.151473246408
0.151585580727
0.151703465176
0.151816175395
0.151947902049
0.152053604695
0.152167166982
0.152278843035
0.15237049177
0.152505350197
0.152627585631
0.152734769247
0.152863494389
0.152982315004
0.153096128611
0.153199855358
0.153297838251
0.153425482315
0.153560525338
0.153677149419
0.15380112367
0.153904492948
0.154007587045
0.154120805484
0.154241084054
0.154388335341
0.15450870812
0.154631896522
0.154727999095
0.154832000276
0.154966612963
0.155098714082
0.155214511468
0.155328263044
0.155434861523
0.155570855704
0.155683679927
0.155806157311
0.155911944615
0.156062912438
0.156165651733
0.156267071951
0.156401123458
0.156548912422
0.156694368815
0.156825889004
0.156945277594
0.157076172029
0.157175214385
0.157295810021
0.157432787638
0.157553379708
0.157667108398
0.157786078033
0.157892352149
0.15800883536
0.158111822164
0.158223254245
0.158350191139
0.158457584474
0.158590743717
0.158708410767
0.158804974793
0.158935721799
0.159048909821
0.159195936813
0.159308362987
0.159431793639
0.159555552519
0.159677390545
0.159803060201
0.159934906889
0.160048600929
0.160181386088
0.160322007156
0.160436749028
0.160546560563
0.160678406587
0.16078689163
0.16088723755
0.16099609145
0.161121160205
0.161233461261
0.161351860088
0.161464894674
0.161583753828
0.161683521835
0.161797198956
0.161920945449
0.162023335388
0.162131575105
0.162256412551
0.162365787555
0.162466446203
0.162584234202
0.162694046967
0.162798090006
0.162903701341
0.163012610115
0.163139415994
0.163263792362
0.163391033136
0.163536821316
0.163666499296
0.163787211979
0.163925967196
0.164047529902
0.164165125592
0.164272882995
0.164398899423
0.164504949276
0.164618085711
0.164751689232
0.164872233431
0.164982516213
0.165103952935
0.165224535549
0.165338782162
0.16547031865
0.165590228436
0.165705671453
0.165830862844
0.165945893004
0.166071618744
0.16620378635
0.166310756354
0.166404161637
0.166517862456
0.166638230563
0.166749691078
0.166892779182
0.167002636458
0.167103641891
0.167204836612
0.167304724807
0.167413126722
0.167541514694
0.167671180576
0.167791697979
0.167923546446
0.168028425718
0.168132494332
0.168251632033
0.168364399639
0.168504780316
0.168626313352
0.16873745026
0.16885509373
0.168974640821
0.169091605779
0.16920931442
0.169328436786
0.169449669535
0.169561381458
0.16967384099
0.169769364021
0.169887703839
0.170013666499
0.170154251571
0.170261593042
0.170368189574
0.170492290229
0.170627275377
0.170762145095
0.170882880458
0.171026992782
0.171157294557
0.171266710112
0.171374249171
0.171491312908
0.17159617765
0.171728267685
0.171854901071
0.171974713717
0.172083369968
0.172187050204
0.172324708092
0.17241804954
0.172565590347
0.172683974485
0.172787954324
0.172902042406
0.173006055524
0.173144227496
0.173256954191
0.173365012915
0.17346114769
0.17356938704
0.173689117155
0.173830369983
0.173936744414
0.17405757259
0.17418536386
0.174294605172
0.174439087011
0.174549957759
0.174659548097
0.174767869251
0.174882491357
0.175001772533
0.175119987011
0.175230476699
0.175360148358
0.175479681141
0.175614525704
0.175723312133
0.175850924551
0.175982812851
0.176119584998
0.176219174163
0.176329981281
0.176469541776
0.176598743729
0.176726410549
0.176840203339
0.176968770988
0.177095541672
0.177214583702
0.177332211283
0.177448782066
0.177567522067
0.177685679734
0.177819320357
0.177935631113
0.178055724105
0.17816953736
0.178280702469
0.178401728513
0.178513899969
0.17861320795
0.178738318033
0.178869303973
0.178984613848
0.179097192583
0.179212236565
0.179331440328
0.179453397296
0.17957419363
0.179712543279
0.179830732999
0.179954404611
0.180081381443
0.180184135626
0.180305142694
0.180426763135
0.180554063855
0.180664067235
0.180789696111
0.180897956683
0.181015354206
0.181126679807
0.181242777276
0.18138317016
0.181507578778
0.181621340528
0.181739256066
0.181866046492
0.181980432531
0.182093643281
0.182213904523
0.182337589328
0.182453782402
0.182562156687
0.182686506543
0.182794492338
0.182906072392
0.183032063752
0.183146399367
0.183272141503
0.183403747077
0.18352196754
0.183641271728
0.183757670549
0.183884605712
0.184000041342
0.184143623503
0.184265912368
0.184371809965
0.184489498315
0.184595326295
0.184712157595
0.184842938381
0.184973814557
0.185093415405
0.185225717999
0.185356069059
0.185484054159
0.185604336033
0.185714485488
0.185836300479
0.1859627644
0.186093007678
0.186231830577
0.186353723025
0.186459316696
0.186588097495
0.186722017922
0.186834064538
0.186966310896
0.187097820686
0.187207112888
0.187306454533
0.187432901555
0.187542164063
0.187674654316
0.18780338439
0.18790902573
0.188020330609
0.188133223729
0.188241456512
0.188350125843
0.188478671882
0.188602254181
0.18873875436
0.188853268184
0.18895522192
0.189085990468
0.189201927538
0.189332969427
0.189446090809
0.189548150091
0.189683280427
0.189801720671
0.189926092644
0.19004648361
0.190153978594
0.190264552399
0.19038749233
0.190509994628
0.190639034795
0.190768353415
0.190894453952
0.191020452894
0.191137442479
0.191250004208
0.191370560198
0.191466410609
0.191564752799
0.191691076995
0.191815569564
0.191920659326
0.192048068958
0.192172681161
0.192290852214
0.192428401455
0.192546176181
0.192668920503
0.192783823994
0.192885546249
0.193004783655
0.193119388175
0.19323130384
0.193354282481
0.19346231529
0.193591174409
0.193714142303
0.193826079386
0.193928126001
0.194056270091
0.194170438472
