
row1col1
West 1.717e-05
East 1.717e-05
North 1.717e-05
South 1.717e-05

row1col2
West 1.00001631149
East 0.90070806057
North 0.949208454098
South 0.901918973449

row1col3
West 0.950015494165
East 0.855371986323
North 0.902165244626
South 0.856516578758

row1col4
West 0.902514379809
East 0.803962945329
North 0.854922227049
South 0.808999793346

row1col5
West 0.857317736383
East 0.77477640645
North 0.784738926105
South 0.72806145142

row2col1
West 0.950015416051
East 0.902514605718
North 1.0000163115
South 0.902513895356

row2col2
West 0.950015495925
East 0.85724829164
North 0.950001308625
South 0.857305586329

row2col3
West 0.902514721055
East 0.81410141931
North 0.902376180606
South 0.814234140847

row2col4
West 0.857388945328
East 0.765760809826
North 0.855163534066
South 0.770979513365

row2col5
West 0.814488391056
East 0.747372449816
North 0.796563742063
South 0.707975519837

row3col1
West 0.902514654225
East 0.857388349838
North 0.950015495925
South 0.85738582658

row3col2
West 0.902514721129
East 0.814486102628
North 0.902508625927
South 0.814505706415

row3col3
West 0.857388985072
East 0.773650148288
North 0.857356180013
South 0.773658698061

row3col4
West 0.814519535818
East 0.73353372065
North 0.813694840646
South 0.733422120863

row3col5
West 0.773793455626
East 0.725090442481
North 0.767587371816
South 0.688542808824

row4col1
West 0.856181687537
East 0.812922439202
North 0.902514720292
South 0.809287907112

row4col2
West 0.856732478595
East 0.771712410167
North 0.857388978836
South 0.766665657758

row4col3
West 0.811718658067
East 0.720529761991
North 0.814519519829
South 0.721689611989

row4col4
West 0.768003307847
East 0.680986257726
North 0.77379306183
South 0.669275533068

row4col5
West 0.717638060736
East 0.671908715605
North 0.735094494249
South 0.601822841128

row5col1
West 0.771045160745
East 0.736113575601
North 0.857350426218
South 0.78480682667

row5col2
West 0.76291528737
East 0.674567597012
North 0.814482556624
South 0.730203236162

row5col3
West 0.738192043491
East 0.656178522836
North 0.773670470028
South 0.688606500611

row5col4
West 0.66036180668
East 0.545628264838
North 0.734768754776
South 0.625379732451

row5col5
West 0.635406172312
East 0.52452991013
North 0.697009046005
South 0.551884456314
