0.319424823616
0.247811366964
0.21388157318
0.224203014592
0.181295418372
0.206054210857
0.215144708622
0.205486929857
0.205840896827
0.190685973538
0.191694939522
0.185753784722
0.183814480845
0.180006890239
0.177566035168
0.177793171791
0.186118962406
0.187345801548
0.187787310784
0.188967037236
0.196838749418
0.205808642596
0.209201971539
0.205802793072
0.205372657578
0.203977290164
0.204189052828
0.202198025043
0.197891111842
0.202883738271
0.204092683899
0.202756643209
0.202723171518
0.20338857208
0.201503539704
0.199342048426
0.198386267992
0.200210872951
0.201487538006
0.202272547844
0.203442645364
0.20339481532
0.201886146754
0.207664108232
0.209479461479
0.208437366314
0.209516166552
0.208969841639
0.208584894686
0.210903614297
0.210878837
0.212368401677
0.212826919471
0.214296883672
0.216313685608
0.219345406366
0.219579512944
0.219294132451
0.221502215017
0.220640244416
0.222100331284
0.221834028309
0.221025950467
0.218918487112
0.221536931941
0.22157305348
0.221695993055
0.223201030716
0.225126736391
0.223392287864
0.224040287537
0.225329745998
0.227529295936
0.228267005905
0.228683751485
0.228031300031
0.226972412279
0.227054256295
0.228039245361
0.226255516956
0.225138529819
0.225714064255
0.227255966892
0.227682918107
0.227854712682
0.227303154391
0.226094877089
0.225606269041
0.227138824643
0.22746715651
0.226866616528
0.226317497157
0.226482003381
0.227399838351
0.227058300413
0.228378624341
0.229826911128
0.227970467714
0.228945669529
0.22808205943
0.226566067189
0.227524324621
0.228232656788
0.228377660739
0.229012015607
0.229535669962
0.228471798228
0.228312159177
0.22878224702
0.229192339169
0.230910444582
0.231882565266
0.232553559236
0.232724696758
0.232047154857
0.231409832299
0.229993057484
0.230129588332
0.230641426501
0.230627536995
0.230810155427
0.231651700169
0.233127171516
0.233297157303
0.233381147617
0.232923175935
0.232877607104
0.233004348502
0.23288456499
0.233372772542
0.233419620733
0.233965299342
0.234202537827
0.234613729861
0.235386568267
0.234671434949
0.233123386727
0.234785115953
0.236792721966
0.236266972324
0.237334793305
0.237520759907
0.238405237966
0.23855788168
0.239390228327
0.239018174742
0.239626066451
0.239201298774
0.239585494112
0.239811211201
0.23908650843
0.239415834716
0.239847653191
0.240606582139
0.240263095661
0.24017601836
0.240627067918
0.240839102687
0.240341255808
0.240615986551
0.241017199191
0.241356373813
0.242031947099
0.242899797004
0.243164031068
0.242865692161
0.242355737024
0.242108351368
0.242828582052
0.24244592998
0.243281511264
0.243738795236
0.244556089827
0.244405074371
0.24508186561
0.246218651191
0.245837122871
0.246161906762
0.24573465571
0.246271394683
0.246587748271
0.247487846259
0.247504657126
0.248673103649
0.248699080818
0.248459674071
0.249448290885
0.249045822289
0.249014661337
0.248663292254
0.248390311347
0.249693511388
0.250499625826
0.250841696197
0.250762008785
0.251755926108
0.251873521544
0.252875815403
0.253277682985
0.254644727102
0.254348139338
0.254806378964
0.255691917515
0.256099692991
0.25627065357
0.257351942731
0.257407468601
0.256966773763
0.257685204924
0.258029931331
0.258692895285
0.259716912008
0.260374607217
0.261523718535
0.261462499162
0.262450229921
0.262560486807
0.262368202602
0.262822532356
0.263089018339
0.263471644109
0.264270726568
0.264711194175
0.265517301458
0.265765392733
0.2654102914
0.265911009458
0.266109711021
0.266054558118
0.266091329261
0.266502105873
0.266805687497
0.26678490895
0.267210928595
0.267796895909
0.268439212081
0.267957245141
0.268619817142
0.268718123592
0.268151660098
0.268637364822
0.268874844807
0.269149071193
0.269088171318
0.269463613991
0.269858586206
0.270801268424
0.270909067462
0.270870717453
0.271028372669
0.271592156696
0.272213492209
0.272194473002
0.272744249419
0.272810921972
0.273589469954
0.2739101888
0.273973037752
0.27424140792
0.274526488624
0.275035928277
0.275661830031
0.275670671779
0.276319632386
0.276232052624
0.276461269704
0.276232505797
0.276622377089
0.276581950418
0.276607245677
0.277032822754
0.277059179429
0.277378505184
0.277788188687
0.277728994859
0.278148687087
0.278332213198
0.277687591804
0.277765593615
0.278046823533
0.278537637461
0.27923582733
0.279252494938
0.280032515771
0.280154424133
0.280444883071
0.280549330958
0.280793010921
0.281642634787
0.282298737655
0.282774809722
0.283838466777
0.284145577827
0.284557552028
0.284181323714
0.28369923379
0.283670709998
0.284157387253
0.284540732477
0.284010219455
0.284103396762
0.28458362702
0.284843120615
0.285456743835
0.285424491347
0.285910243926
0.285919899305
0.286087920933
0.285983741352
0.286251414466
0.28638509165
0.286318176155
0.28594264776
0.28654807079
0.286878862369
0.287201665159
0.287573935267
0.288326967375
0.288408788462
0.288748446832
0.289438334305
0.28963190767
0.289629305346
0.289891246614
0.290388081739
0.290908543506
0.29058292013
0.290821672229
0.291080120052
0.291362496739
0.291456225737
0.291582435643
0.29155930779
0.291504994978
0.292179197611
0.291913044893
0.292257210897
0.292831262498
0.293172058772
0.293350574984
0.293689736652
0.294010790564
0.293968290908
0.294313328428
0.29514617979
0.295044094571
0.295391891379
0.296010577355
0.296061005328
0.296239751326
0.296683542092
0.297495159413
0.297760625795
0.297756974287
0.298016946961
0.298142746446
0.298454027926
0.298526435736
0.298947666657
0.300015570177
0.299830123098
0.299996810213
0.300166604368
0.300795871277
0.300528934732
0.300537264858
0.300726234087
0.300868131807
0.301126672806
0.301503385947
0.301767334821
0.302001754753
0.301961510358
0.301916518544
0.302146705188
0.30254796714
0.302600689632
0.303219347979
0.303481842144
0.303520478056
0.303657619896
0.303926956425
0.304362225887
0.304670159393
0.304721261634
0.304820259069
0.304832145791
0.305162264728
0.3057306074
0.305934637054
0.306125445956
0.306240738742
0.306906984074
0.307072537304
0.307210419183
0.307619685218
0.307988691195
0.308576097126
0.30904750233
0.309765709012
0.310354460934
0.311041232101
0.311272519144
0.311457723357
0.311517172458
0.311943431784
0.312266764248
0.31227190334
0.312216992509
0.312416973583
0.312753442338
0.313186393165
0.313908053717
0.313997974153
0.314024723608
0.314188958149
0.314444259462
0.314762080614
0.315015350899
0.315128573407
0.315408654637
0.315999380197
0.316102903743
0.316708039072
0.316990332448
0.317064766675
0.317538558457
0.318023401022
0.318337610714
0.318841147417
0.319548625148
0.319961959155
0.31987437777
0.319928989147
0.320225621711
0.320413988509
0.320836722534
0.321198755756
0.3215571697
0.322056780754
0.322478413109
0.322682610572
0.322978883086
0.323149056222
0.32364602
0.324014383017
0.324472969283
0.324824432949
0.325367531987
0.325587942505
0.325913065575
0.326219845335
0.326416964701
0.326702193673
0.32706902306
0.32719206296
0.327933848416
0.327951149251
0.328409696304
0.328625577289
0.32878074494
0.329194429881
0.329409114442
0.329675935188
0.330011854045
0.330333484698
0.33037630935
0.330349743859
0.330762739036
0.331299068735
0.33164375005
0.33148071378
0.332030659499
0.332143980168
0.332448520765
0.332489763413
0.33274633482
0.333274039774
0.333358855208
0.33376069711
0.333994886973
0.334410460406
0.334650425386
0.334955379237
0.335301304915
0.335784515776
0.336241869441
0.336446749587
0.336597630876
0.336907677552
0.337345393239
0.337478622597
0.337657249623
0.338154760983
0.337923447955
0.33813903611
0.338276106155
0.338317628201
0.338647963643
0.338678895426
0.339067378633
0.339165426078
0.339282272398
0.339484923447
0.339737624656
0.340134834925
0.340409664567
0.340613182336
0.340725371113
0.341149144771
0.341762126205
0.342192366199
0.342334004807
0.342341685014
0.342153016366
0.342666626657
0.342708722351
0.342962409245
0.343311673727
0.343743187948
0.344100553807
0.344292371633
0.344552215722
0.344337364145
0.344733216292
0.344663840044
0.345033490516
0.345583354906
0.345948437011
0.346425880381
0.347022896619
0.347305475686
0.347863046051
0.348036925284
0.348321429316
0.348738377942
0.348938490199
0.348923031047
0.349446062525
0.350088046583
0.350524083917
0.350695187502
0.351007386461
0.351447524723
0.351836285927
0.352158830038
0.352387984098
0.352403352259
0.352993076836
0.353514685225
0.353726645209
0.353954374177
0.354362078387
0.354513919056
0.354686913584
0.355041811989
0.355300924891
0.35549850073
0.355749564767
0.356076098432
0.356642078129
0.356531622957
0.356971131186
0.357126198419
0.357297757813
0.357607927141
0.357818467579
0.358006549283
0.358252158988
0.358465253
0.358713295075
0.359223993322
0.359467195778
0.359769138012
0.359978594933
0.360331600594
0.360458207532
0.360728619394
0.361160735258
0.361572157364
0.362008033623
0.361979805803
0.362297089779
0.362467391149
0.36313967289
0.363171728774
0.363435178819
0.36388133013
0.364028495361
0.364303455889
0.364486376137
0.364759774866
0.364911934527
0.365158984675
0.365392876678
0.365536001216
0.36586479126
0.366209399372
0.366347324535
0.366661717979
0.367007430297
0.367368505303
0.367657780319
0.3680081266
0.368250215147
0.368317737207
0.368401146593
0.36860799882
0.368996411922
0.369421379895
0.369394802653
0.369628636302
0.369884685301
0.370141486074
0.370360437747
0.37040961385
0.370732559283
0.371110431698
0.371382803146
0.371723441818
0.37185724739
0.372115777546
0.372434008075
0.372504056701
0.372604088274
0.37288853918
0.373091489088
0.373194991998
0.373534556799
0.37393677983
0.374476196961
0.374524630363
0.374717378848
0.374916514647
0.374980824142
0.37506649791
0.375426146732
0.375701232218
0.376312776405
0.376674357277
0.376760381745
0.37713430375
0.37727234418
0.377246813908
0.377350716977
0.377460639499
0.377578868571
0.378054471363
0.378184482283
0.37867127449
0.378916373086
0.379184624737
0.379443883179
0.379620416809
0.379856042695
0.380161622249
0.380299032613
0.380512674106
0.380562561243
0.380874962191
0.381354598172
0.381725865654
0.381888549492
0.382108619331
0.382700112127
0.382906500082
0.383212611868
0.383191955228
0.383532798454
0.38363882146
0.383969032478
0.384237172096
0.384183200085
0.384373062107
0.384436059303
0.384563782859
0.384796170307
0.384918090227
0.385122604267
0.385163867446
0.385266726241
0.385726368494
0.385892905839
0.386264084348
0.386379907758
0.386703083639
0.386874612745
0.387127922401
0.387392995949
0.387449443367
0.387929166329
0.387990137437
0.388403029844
0.388522837858
0.388660642737
0.389062998891
0.389194911789
0.389539923219
0.389781557547
0.389853203169
0.390237367584
0.390487123267
0.390644155975
0.390820763173
0.391027825461
0.391165503563
0.391384529281
0.391682536755
0.391916045262
0.392062377131
0.392205477531
0.392555081557
0.3927077378
0.392998438341
0.39324312983
0.393355366927
0.393524502311
0.393825923278
0.394196710283
0.394609285407
0.394841186548
0.395234323062
0.395389319881
0.395688108764
0.396000753407
0.396456046995
0.396610469103
0.39685242178
0.397010995486
0.397315645824
0.397741182111
0.398096159866
0.398515437742
0.398826408031
0.399053876693
0.399307477866
0.399475506517
0.399816506844
0.399974648678
0.400040691879
0.400320033714
0.400653239004
0.400871901598
0.401221360323
0.40131990031
0.401594791215
0.401664849215
0.401976584115
0.402185946904
0.402420698892
0.402711910198
0.402979472642
0.403195993993
0.403468321603
0.403571676998
0.403772689251
0.404008443466
0.404297563319
0.404678389416
0.404920450005
0.405161698074
0.405511420485
0.40603599984
0.406399202629
0.406826935598
0.407017564446
0.407391693439
0.4075219764
0.407867117081
0.408199891781
0.408384710792
0.408687666346
0.408856993959
0.409129866921
0.409306422584
0.409543085046
0.409955409407
0.41019992142
0.410548544908
0.410965488724
0.411098250414
0.411358106625
0.411595439223
0.411818821106
0.411956179606
0.412292479699
0.412522289176
0.412924777258
0.413273523296
0.413430461659
0.413667726918
0.414032595396
0.414293799588
0.414528529553
0.414854088948
0.415229380732
0.415466722561
0.415751887989
0.416057130466
0.416068537811
0.416365013619
0.416430666907
0.416588097927
0.416817170886
0.417051033702
0.417400595309
0.417646575315
0.417909247193
0.418295324124
0.418629627842
0.41890926683
0.419196059473
0.419452698137
0.419773946899
0.420082827807
0.42027809014
0.420455124629
0.420657593924
0.420833429483
0.421227018667
0.42132428103
0.421632368455
0.42188191088
0.42218923242
0.422455849211
0.422687566972
0.42290405976
0.423077666174
0.42320943919
0.423488076438
0.423643391369
0.423666399779
0.424002346542
0.424342147396
0.424363451881
0.424653635651
0.424842576275
0.424946045242
0.425249753723
0.425368217634
0.425684192941
0.425779782256
0.426068541087
0.426348947175
0.426740336461
0.426923665658
0.427230767248
0.42751157468
0.427843778277
0.428162212944
0.428297089203
0.428593036825
0.428814769128
0.428992869778
0.429279619165
0.429507262552
0.429640258164
0.429869547905
0.430182116893
0.430385743479
0.43069590368
0.430911738499
0.431200980581
0.431364477702
0.431465738119
0.431734660977
0.431900411837
0.432061200471
0.432276725974
0.432616039358
0.432905855813
0.433115286049
0.433249252526
0.433561524172
0.433772428403
0.434026300036
0.434181489159
0.434282562444
0.434609120826
0.43469671177
0.435050011661
0.435292375742
0.435412308528
0.435661633323
0.435786395724
0.435959432084
0.436188441972
0.436287817773
0.436582101927
0.436676586578
0.436976849943
0.437198910918
0.437491654956
0.437768854853
0.438015826304
0.438144006475
0.438275748556
0.438440472909
0.438614794271
0.438895941384
0.439093605007
0.439353862954
0.439555748824
0.439792411252
0.439923046104
0.440066114524
0.440256272303
0.440487403227
0.440613241091
0.440864220539
0.441022302232
0.441351763419
0.441532950365
0.441798359547
0.442006548189
0.442144835217
0.442347124319
0.442496074088
0.442627567163
0.44276607755
0.443004636815
0.443097004109
0.44342121155
0.443685013817
0.443846708094
0.444152019473
0.444349687833
0.444593729892
0.444860905465
0.445058059691
0.445219310773
0.445444662331
0.445822942171
0.446075033607
0.446218317306
0.446376219787
0.446474833637
0.44669725464
0.447024763196
0.447114917566
0.447324436325
0.447607312241
0.447834269008
0.448017015333
0.448315954936
0.448576300523
0.448866433394
0.449017174882
0.449353944818
0.449602236807
0.449645776437
0.44993599616
0.450121429065
0.450410263545
0.45072990857
0.450939447455
0.451170223845
0.451359670419
0.451441010738
0.451621008123
0.451834328956
0.452089959273
0.452312190184
0.45249896387
0.452816465651
0.452944817861
0.453215028015
0.453454017465
0.45362202747
0.453808705095
0.454117223624
0.45426022814
0.454428961065
0.454673694032
0.454860959022
0.455083874393
0.455328788249
0.455599734048
0.45576283472
0.455975482762
0.456204238139
0.45639700596
0.456644228267
0.456760454662
0.457033320626
0.457153427414
0.457364678624
0.457582697222
0.457813425039
0.45808227344
0.45830080987
0.458425592575
0.458637306549
0.458809674386
0.459070922963
0.459360699271
0.459474820691
0.459723033852
0.459933802725
0.460110175682
0.460242721498
0.460565642797
0.460787379546
0.461042447318
0.461339392465
0.461616253415
0.461723459839
0.461815851764
0.462029691995
0.46226384332
0.462476848541
0.462588849656
0.46282054854
0.463173910456
0.463208850062
0.46341947121
0.463616342931
0.463845884218
0.464036870559
0.464168154468
0.464440275427
0.46479610917
0.464946914121
0.465172623378
0.465412996631
0.465600091622
0.465892689064
0.466102473472
0.466206822601
0.466480672521
0.466747174843
0.467009808731
0.467229137414
0.467410560844
0.467567390425
0.467801963957
0.468016934322
0.468190637671
0.468488039825
0.468712449441
0.468978247443
0.469273431842
0.469473893732
0.469703163192
0.469932990181
0.470228873455
0.470485785253
0.470667898742
0.470898761184
0.471127938202
0.471320294982
0.471508764801
0.471643440795
0.471728422894
0.471960803618
0.472153970875
0.472313755178
0.472546816467
0.472700589168
0.472972696416
0.473266812924
0.473508623217
0.473795562342
0.474007406553
0.47424050379
0.474428143519
0.474693070793
0.474895668471
0.474985727333
0.475095583685
0.475274829227
0.475511807057
0.475674273237
0.475927524139
0.476106786387
0.476382866121
0.476613698044
0.476706710194
0.476950251645
0.4770726109
0.477339715403
0.477613180234
0.477869719898
0.478152039266
0.478393502335
0.478514322253
0.478743923806
0.479032102348
0.479165801518
0.479400741857
0.479598264743
0.479797834136
0.479971948639
0.480066386216
0.480247258867
0.480402285425
0.480644177377
0.480938726233
0.481022388405
0.481196458638
0.481311871642
0.481429108166
0.481506510862
0.481607897784
0.481714597692
0.481859642484
0.481980842239
0.482262366517
0.482583383037
0.482843806347
0.483004052443
0.483202001495
0.483391856548
0.48365484557
0.4838512251
0.484079545576
0.484329276156
0.484481070504
0.484641261675
0.484850731688
0.485052293
0.485298162572
0.485538172042
0.485725958972
0.485864391654
0.48599320231
0.486268221492
0.486436711842
0.486626113866
0.486760409193
0.48692793365
0.487155779913
0.487359341957
0.487592651518
0.487774097024
0.48800847191
0.488302617669
0.488564694002
0.488783546157
0.489043664561
0.489251416163
0.489404056835
0.489720613529
0.489935098282
0.490145308644
0.490341725003
0.490585925931
0.490798576756
0.490984183362
0.491170742822
0.491412180136
0.491658392607
0.491863129138
0.491988205266
0.492237189297
0.492431753484
0.492623979633
0.492879306382
0.493015214594
0.493158372666
0.493349401673
0.493499514973
0.49359458561
0.493801007913
0.494028920971
0.494189888191
0.494407631453
0.494515531036
0.494698779463
0.494882327005
0.495103449329
0.495256936056
0.495414046805
0.495571139385
0.495590109215
0.495788088564
0.495960425969
0.4959944006
0.496230973685
0.496346830638
0.496514235033
0.496633118464
0.4967802598
0.496974922645
0.49719655124
0.497421390472
0.497628412153
0.497830669378
0.498016200639
0.498202246378
0.498217924447
0.49835377422
0.498542335319
0.498754350486
0.499028401817
0.499199159358
0.499376017196
0.499604013753
0.499763494995
0.499939973146
0.500176839709
0.500385119888
0.500640083442
0.500861563781
0.50102142847
0.501157021326
0.501356667098
0.501608560177
0.501764832002
0.501994818765
0.502235695084
0.502431310463
0.502681662104
0.502850830554
0.503106890408
0.503300128693
0.503441957177
0.503733013946
0.50386192351
0.5040584276
0.504275014529
0.504499601689
0.504719275029
0.504895597746
0.505125360579
0.505296350759
0.505368879586
0.505555730894
0.505803865413
0.505963188531
0.506171240005
0.506406793037
0.506580008855
0.50673599064
0.506935952873
0.507025504648
0.507131775182
0.507323346889
0.507415564187
0.507600146361
0.507847972978
0.507936558726
0.508150013853
0.50827369743
0.508480440888
0.508629465418
0.508824924355
0.508962726348
0.509103005824
0.509299077902
0.509432045468
0.509613199712
0.509788073748
0.509937113996
0.510123523893
0.510370836517
0.510585235161
0.51070752096
0.510875910327
0.51101209618
0.511168790188
0.511367079272
0.511483729074
0.511588133123
0.511851366741
0.512054026739
0.51225336348
0.512423678889
0.512624877586
0.512805001048
0.51301877316
0.513261434741
0.513441059065
0.51369233019
0.513895148765
0.514070094778
0.514300963529
0.514491091132
0.514648193816
0.514840413055
0.515034261978
0.515275412985
0.515475156478
0.51564356911
0.515872119978
0.516002642276
0.516267217171
0.516334407503
0.516343754345
0.516448964921
0.51662108775
0.516723492634
0.516899522943
0.517093983231
0.51728675749
0.517399766827
0.517576189487
0.517763187472
0.517857400094
0.517950973193
0.518170578472
0.518213114039
0.518383238891
0.518598381694
0.518839158039
0.519078063513
0.519309367041
0.519484460488
0.519658886223
0.51992061575
0.520101443774
0.520270588079
0.520443706361
0.520545283045
0.52067552151
0.520873825745
0.521060887967
0.521171682931
0.521401884639
0.521604117895
0.521776562012
0.521977191398
0.522124471504
0.522178222542
0.522345768625
0.52254020651
0.522721824495
0.522907285399
0.52307403304
0.523207756049
0.523459504709
0.523502083311
0.523649909756
0.523752256297
0.523964491594
0.524172322941
0.524309220386
0.524411748194
0.524594868899
0.524829241814
0.525042176169
0.525187594956
0.525294431853
0.525449521996
0.525666607257
0.525736841686
0.525864553377
0.525980074016
0.526129103535
0.526368638908
0.526594683338
0.526778669484
0.526958255645
0.52713898031
0.527244269422
0.52740213795
0.527599808876
0.52777870929
0.527925816831
0.527992846128
0.528140933889
0.528333064501
0.528539309719
0.528719707888
0.528914749166
0.529072327574
0.529095174883
0.529300070966
0.529464767894
0.529667066212
0.529867810511
0.530084998165
0.530257339077
0.530418148355
0.530607294646
0.530745005947
0.530933427834
0.531093971828
0.531259519739
0.531383858281
0.5315387349
0.531631054377
0.531742321975
0.531909553622
0.532079957968
0.532114509657
0.532269392333
0.532441594004
0.532620193022
0.532686345829
0.532861303893
0.533031469585
0.533090627386
0.533264989644
0.533459279739
0.533554683412
0.533713694316
0.533920330515
0.53410096098
0.534219307977
0.534301993537
0.534439886615
0.534618394748
0.534742509202
0.534954340057
0.535003140751
0.535108076964
0.5352787133
0.535474437686
0.535707545273
0.535893468105
0.536007641322
0.536128173515
0.536293556034
0.536452268686
0.536551017013
0.536757622656
0.536935309585
0.537014313922
0.537146968527
0.537346841129
0.537531822264
0.537693014661
0.537783656152
0.537920361475
0.538108050951
0.538252485511
0.538370599334
0.538553824687
0.538644670317
0.538825055195
0.539004076975
0.539136455553
0.539311613835
0.539503371247
0.53966936826
0.539845930086
0.5400004393
0.540077184567
0.540228081653
0.540417768562
0.540575271583
0.540687580766
0.540781805735
0.54086153133
0.541049845834
0.541195020838
0.541411045234
0.541601733917
0.541736063579
0.541791296667
0.541910230507
0.542062512183
0.542233449588
0.542434118467
0.542597962733
0.542721444257
0.542926314187
0.542995591074
0.543097707462
0.543153893574
0.543261543483
0.543447736278
0.543615716199
0.543803978738
0.543996910262
0.544116687122
0.544280454363
0.544445143226
0.544584181063
0.544739697668
0.54487151662
0.545024765173
0.545229849254
0.545374566638
0.545536406046
0.545646880582
0.545799704269
0.545953094492
0.546140210901
0.546304338435
0.546463943633
0.54659432622
0.546763778123
0.546920483396
0.547102348198
0.547219032664
0.547400234224
0.547514321606
0.547693359122
0.547851383176
0.547987838483
0.54815471671
0.548319600812
0.548478649304
0.548676461795
0.548732558374
0.548841144801
0.549027354899
0.549191240723
0.549353173039
0.549504337156
0.549635317687
0.54979187342
0.549962184326
0.550172639889
0.550311109652
0.550423007708
0.550645923603
0.550754004058
0.550926430361
0.551049460025
0.551218593762
0.551285272009
0.551444186382
0.5515845242
0.551712818353
0.551867507049
0.551965458373
0.552009919295
0.552117884477
0.552276239475
0.552383397673
0.552551123846
0.552751824449
0.552925287746
0.553062498504
0.553269373894
0.553428364741
0.55361484727
0.553807699778
0.553955980377
0.55404560132
0.554224087177
0.554336405047
0.554490415386
0.554524502641
0.554690398816
0.554904144456
0.554938805489
0.55512227225
0.555293749433
0.555448280759
0.555609811131
0.55574650185
0.555912365419
0.556060035553
0.556208884593
0.556324458715
0.556509627588
0.556664294121
0.556791934635
0.556894235396
0.55705803722
0.557207935945
0.557351823581
0.557520272804
0.557648863225
0.557829196254
0.557968982044
0.558078061632
0.558170381101
0.558314632661
0.558476685645
0.558571180902
0.558729731076
0.558856027091
0.559042555402
0.559222365405
0.559380329683
0.559518712691
0.559694881928
0.559862484226
0.56003734072
0.560122849601
0.560207079035
0.560292729184
0.56047191493
0.560658699627
0.560793223285
0.560903381694
0.56101966245
0.561039031738
0.561193863305
0.561356369925
0.561469172429
0.561654387161
0.561742302603
0.561872478319
0.562060091194
0.562212320529
0.562378748069
0.562549955757
0.562703231469
0.562749091732
0.562881627765
0.563008097676
0.563126150843
0.563311928972
0.56340157792
0.563508580038
0.563658634464
0.563789987559
0.563880848129
0.5640418038
0.564199112603
0.564323059266
0.5643795756
0.564574963903
0.564736825805
0.564846024
0.564962256308
0.565113105359
0.56523398318
0.565390898871
0.565559130151
0.565700574948
0.565892072203
0.565954639879
0.566078952885
0.566136007287
0.566274674187
0.566415780664
0.566564343473
0.566712231586
0.566892073657
0.567054871966
0.567207735415
0.567316096807
0.567447640085
0.567594257228
0.56771943208
0.56788845182
0.568025182735
0.568146593004
0.568219964165
0.568333015636
0.568446599959
0.568607649855
0.568719858314
0.568769940508
0.568914632983
0.569039431634
0.569182337851
0.569296324881
0.569464521917
0.569647816423
0.569783425358
0.56996299117
0.570065505525
0.570105393312
0.570238174539
0.57037771468
0.57047836635
0.570660271291
0.570830529432
0.570967147706
0.57108334783
0.571157159669
0.571287299381
0.571439336404
0.571580335205
0.571733932256
0.571894964624
0.572063111701
0.572227510666
0.572379224164
0.572436015848
0.572572176507
0.572699032545
0.572784977852
0.572906725997
0.572989081085
0.573043149475
0.573136244246
0.573285038444
0.573439426039
0.573570592652
0.573624307632
0.573657482075
0.573799966169
0.573855387439
0.57397568066
0.574094411882
0.574305099527
0.574451080528
0.574564832451
0.574730587741
0.574881819458
0.575004391788
0.575125434915
0.575211781609
0.57535935609
0.575519971946
0.57560710434
0.575725059598
0.575828372215
0.575990546654
0.576115467085
0.576255739049
0.576379901938
0.576394883214
0.576435181957
0.576528911789
0.57660870084
0.576762002672
0.576869710368
0.576933660829
0.577000095627
0.577043257507
0.577194822471
0.577364778262
0.577499836881
0.577614763868
0.577745945011
0.577880921704
0.577981637758
0.578107852959
0.578197947493
0.578296345433
0.578439352659
0.578504080066
0.578655366736
0.578778215871
0.578877944666
0.579029930331
0.579179338619
0.579331781102
0.579456802024
0.579611802573
0.579758327338
0.579889909758
0.579980915437
0.580169058905
0.580337367072
0.580437170654
0.580581646924
0.580678461957
0.580751371104
0.580893256207
0.580995498241
0.581155327515
0.581288127217
0.581383773505
0.581523451196
0.581604231106
0.58175642383
0.581826677118
0.581941187642
0.582075222424
0.582147862992
0.582258170893
0.582387712125
0.582480883548
0.5825957451
0.582751205542
0.582877370197
0.583033085543
0.583132698935
0.583280764826
0.583381762375
0.583516033497
0.583624483987
0.583731886217
0.583891036671
0.584023694818
0.584184145472
0.584268175464
0.584360275673
0.584473782357
0.584591193286
0.584750199581
0.584823935616
0.584965104791
0.585120000841
0.585253973927
0.585327806747
0.585401065782
0.585530554693
0.585669423357
0.585823706376
0.585959754523
0.586062649863
0.586205084146
0.586354348315
0.586492819643
0.586611236797
0.586758341328
0.586847201156
0.586955080677
0.587024609491
0.587059943853
0.587161769003
0.587245107929
0.58741385018
0.587521833331
0.587630064877
0.587694683263
0.587782129996
0.587925901347
0.588040384302
0.588168137699
0.588331108418
0.588492267952
0.588638560004
0.588770699179
0.588840347629
0.588942970467
0.589010695089
0.589148811735
0.58930164591
0.589435204818
0.589531050903
0.589675131057
0.589796136438
0.58992496696
0.59002833927
0.5901120691
0.590250780718
0.590384834502
0.590397830019
0.590440547274
0.590517226525
0.590604250166
0.59073342425
0.590860690955
0.59101289773
0.591152198634
0.591204416157
0.591360864205
0.591483960474
0.59154925769
0.591658967827
0.591789847726
0.591914725165
0.59200983856
0.592148725217
0.592236829222
0.592344374488
0.592484395848
0.592620753391
0.592770426548
0.592837949721
0.592976582919
0.593134842766
0.593278809069
0.593359717008
0.593404556093
0.593549042492
0.593691232508
0.593809772029
0.59389040478
0.59401126429
0.594099246871
0.594168572994
0.594324650575
0.594470565092
0.594571025296
0.59470729243
0.59482628971
0.594902304568
0.595006615978
0.595134246911
0.595161634281
0.595270156519
0.595394469327
0.595499100238
0.595618938828
0.595746399786
0.595897580839
0.596043933003
0.596129579793
0.596236840954
0.596314455976
0.596397377462
0.596530129716
0.596616566899
0.596753437278
0.596800270401
0.596874133723
0.597003691806
0.59709151027
0.597204429207
0.597306712987
0.597428092323
0.597566609248
0.597685847886
0.59783896282
0.597969054209
0.598062627411
0.598101431416
0.598228660625
0.598379423583
0.598500332666
0.598613863946
0.598754991128
0.598880276743
0.598956622868
0.599075672682
0.599192222181
0.599317443807
0.599460990942
0.599565260227
0.599658859092
0.599746108025
0.599878050191
0.600015916971
0.600125616728
0.600168769544
0.60030732014
0.600433041902
0.600569103628
0.600692314371
0.600780909574
0.600891786629
0.601015276318
0.601123507805
0.601260753337
0.601365473454
0.60147570988
0.60160752462
0.601736395955
0.601891252761
0.602008376775
0.602142325898
0.602258980343
0.602385510743
0.602479871426
0.602566980634
0.602702636311
0.602792932395
0.602876952584
0.603009318685
0.603122557006
0.603276478069
0.603391681534
0.603509184194
0.60365332924
0.603731457648
0.603823124903
0.603969792988
0.604020791733
0.60415337057
0.604246894042
0.60437091681
0.604503020725
0.604638932342
0.60473920863
0.604821711811
0.604977656125
0.605108413895
0.605178532275
0.605256552073
0.605329224929
0.605449235653
0.605551441437
0.605674113127
0.605723772639
0.605836865011
0.605962900922
0.606088870575
0.606177299318
0.606290081489
0.606418451681
0.606497562012
0.606620185619
0.60675306394
0.606879606036
0.606989307329
0.607123546767
0.607163132219
0.607271438789
0.60735922715
0.607382288629
0.60746929632
0.607595385478
0.607704929036
0.607833500125
0.607895145528
0.608034824737
0.608184296683
0.608301215812
0.608400687574
0.608529344314
0.608651610577
0.608780377358
0.608913790827
0.609042442666
0.60918246468
0.60931354185
0.609384375725
0.609498389219
0.60962035469
0.609751856316
0.609872515888
0.609988585472
0.61011395201
0.61017521006
0.610311746865
0.61042192265
