0.0729689666712
0.0364844833356
0.0325049577075
0.0469412182806
0.0375529746245
0.0319195478406
0.0445564769913
0.0497041048674
0.04499362351
0.0440791203831
0.0407032261682
0.03764044977
0.0413402228646
0.0428891313009
0.0425455465644
0.0398864499041
0.0378729036001
0.0398526972369
0.0381846435964
0.0382614830089
0.0436800601894
0.046359168844
0.0449952495641
0.0508595099989
0.048914997952
0.0508798057231
0.0489953684741
0.0472455338857
0.0464364702526
0.0449270322505
0.0485753518867
0.0484753979761
0.047090033463
0.046046156659
0.0474549718079
0.0462095684408
0.0449606611856
0.0437774858912
0.0452190888171
0.0446210471073
0.0449930628833
0.0460706090052
0.0474120222222
0.0463344762626
0.0459876428466
0.0476012594084
0.0489453157822
0.04926735815
0.0484358969436
0.0493671790047
0.0483991951027
0.0498729492156
0.0489319501738
0.0480399722597
0.0475639562618
0.0468921717874
0.0460695021069
0.04531812152
0.046391514465
0.0482828841227
0.0474913614321
0.0478517222092
0.049651031706
0.0490045564188
0.0483925010271
0.0484780087201
0.0486264022008
0.049138008397
0.0490015362731
0.0508114610859
0.050539147353
0.0531863436789
0.0525745548481
0.0518804937255
0.0525220871425
0.0528159330568
0.0521389799183
0.052872554295
0.0522212053408
0.051568440274
0.0515470498505
0.0531217822693
0.0545225175441
0.0550460424216
0.0550073367369
0.0556004876007
0.0550498440366
0.0550913840356
0.0544723797206
0.0549226866126
0.054501649819
0.0539092405819
0.054507207764
0.0539273438517
0.0545244194683
0.0545489568616
0.0554071252885
0.0558810140318
0.056284290794
0.0570152428051
0.0569657729327
0.0567424154812
0.0573176403015
0.0575368680835
0.057893659816
0.0591596753609
0.0596453138892
0.0592553699873
0.0596182498848
0.0592623124807
0.0587284177737
0.0589614521163
0.0585988904874
0.0589492826589
0.0594312119266
0.0589496048688
0.0590127881018
0.0596427074047
0.0596875449962
0.0599826442256
0.0610433817449
0.0607703946594
0.0611286595361
0.0613652740394
0.0618495650619
0.0621587225912
0.062117157919
0.0623016918415
0.062583058712
0.0630811435149
0.0627055589848
0.0625801156611
0.0629065963213
0.0628871784635
0.0635687229229
0.0634584385697
0.0644684187463
0.0647695745632
0.0646697330551
0.0654568817611
0.0650206620988
0.0650544441941
0.0646297235105
0.0642291301807
0.0637902537858
0.0644250042167
0.0652452525358
0.0651471149819
0.066547122361
0.0668800462552
0.0664371320416
0.0669652332741
0.0672162462403
0.0681013848713
0.06904469168
0.0690362824111
0.0698900185964
0.0700961492058
0.0700613204689
0.0700828696476
0.0708982933068
0.0712180260404
0.0713557525349
0.0716352343003
0.0726609356865
0.0726393084706
0.0734660812864
0.0741452201699
0.074459406987
0.0741931687249
0.0749701361149
0.0751056128446
0.0749268733376
0.0747022855152
0.0753721530228
0.0755491828332
0.0758757524874
0.0757909544931
0.0757714290414
0.0761739122163
0.076739425014
0.0769318013886
0.0768166944295
0.076932953374
0.0771877042902
0.0780318460054
0.0791509489582
0.0794012935757
0.0789965435904
0.0787282956804
0.0788896928834
0.0785797004645
0.0788991428316
0.079518087885
0.0799265694408
0.0800155408042
0.0803213370133
0.0803543095786
0.0807901954159
0.0810709947542
0.0809230505431
0.0820011395815
0.0827228559978
0.0832075606289
0.0829902458557
0.0829819468033
0.0826416480283
0.0834823589028
0.083381259192
0.0837058412043
0.084585175677
0.0849177129145
0.0855607089192
0.0862815601861
0.08644762333
0.086514775493
0.0866584832581
0.0868363356196
0.0877979819924
0.0880236846545
0.0885137215286
0.0887761585866
0.0894060898523
0.0900216027821
0.0902218446167
0.0905644910832
0.0905468935894
0.091186558802
0.0911114713355
0.0919559509814
0.0926260270999
0.0930213260239
0.0937671127182
0.0941680341072
0.0945568431442
0.0953141772495
0.0954204043091
0.0954483098147
0.0957239086626
0.095647020259
0.0958203130207
0.096190623384
0.0964571255841
0.0968867037449
0.09767837021
0.0976440288879
0.0975052632911
0.0978320782228
0.0983807043468
0.0984094766745
0.0981754215174
0.09830667288
0.0980512410404
0.0986136504716
0.0995674522714
0.100545841561
0.100575340136
0.101368335024
0.101358202359
0.101629625264
0.101909954827
0.10315881467
0.10404022255
0.104042629802
0.104671024917
0.105076595275
0.105476989054
0.105398741553
0.106079914934
0.106095512825
0.105968041191
0.106071574486
0.10663938053
0.106333189741
0.106909230375
0.107828630421
0.108469880458
0.108650538029
0.108617588102
0.108923998925
0.108944184537
0.110200007522
0.11140051102
0.111766899838
0.112548463874
0.113148269695
0.113826971428
0.114541015627
0.114799585614
0.115924037721
0.116608767099
0.116846096749
0.116949853864
0.116725524047
0.117246344622
0.117248276006
0.117350327493
0.117755242772
0.118471057052
0.118791325249
0.118852695408
0.119055643487
0.119444927159
0.119719769552
0.120643265164
0.120924970784
0.121843107907
0.122448376535
0.123199671061
0.123161532179
0.123742869807
0.124336016256
0.12448404336
0.125057050413
0.125604668272
0.125777576088
0.125814870737
0.126186893503
0.126812986919
0.127476908052
0.127845701066
0.127861155499
0.12884186945
0.12918708602
0.12903016585
0.129405335669
0.130223117402
0.130569591758
0.131092752694
0.131459575235
0.131654236985
0.132044635034
0.132648388577
0.132683399932
0.133378093522
0.134166928465
0.13405863412
0.134480132672
0.135099443075
0.135227324748
0.135611163467
0.136366927445
0.137055267926
0.138045389836
0.138312089473
0.138688024435
0.138777513855
0.139613237203
0.140132582911
0.140240813352
0.14063502302
0.140948917824
0.141366100478
0.14154903086
0.142236543977
0.142582574447
0.142724897317
0.14300358234
0.143763271741
0.144015655213
0.144413323955
0.144641350826
0.144549138734
0.144606242149
0.145261844224
0.145733788891
0.145923167297
0.145733677063
0.146179306996
0.14655510525
0.146864776521
0.146958968903
0.147223275322
0.147340300676
0.147874398618
0.147980145195
0.147970449865
0.148381578597
0.148801202979
0.149346756055
0.149500879456
0.149499988072
0.149707121481
0.149692870749
0.150031940408
0.15002199658
0.150196632137
0.150509982826
0.150655876672
0.151261749865
0.151515813384
0.151624059056
0.151989084094
0.152223614174
0.152644643589
0.152916959688
0.153258001151
0.153605489007
0.154062926318
0.15444702056
0.155046997372
0.155602073694
0.15606275589
0.156670261744
0.157315381121
0.15753100112
0.158070265279
0.158528038715
0.158843626748
0.159524480208
0.160093327041
0.160809841091
0.16097842138
0.161606206518
0.162026508934
0.162521679239
0.162748920729
0.163236339283
0.163734948689
0.164054022569
0.164579112775
0.164807483877
0.165097163284
0.1654638225
0.165360203425
0.165637838067
0.16620805955
0.167179846776
0.167895316269
0.168055994507
0.168248688154
0.168486880413
0.168789429381
0.16940359026
0.169652530501
0.170127507755
0.170577059287
0.171175371742
0.17116795907
0.171745052609
0.171716601905
0.171749951931
0.172039207214
0.172078331979
0.172449870296
0.172864398774
0.173259132493
0.173255764061
0.173443738435
0.174098295635
0.174400840891
0.174833810814
0.175525032252
0.175704649388
0.176037595684
0.176484909894
0.176530014281
0.176516304103
0.1766614523
0.17705424102
0.177378463926
0.177462043798
0.177839252441
0.178031493032
0.178235861821
0.178583540554
0.179191612862
0.179377172392
0.179516435546
0.179915926325
0.18039436264
0.180546293252
0.180879685062
0.181226501718
0.181418610385
0.181613916997
0.18207525061
0.182147917925
0.182555761784
0.182995848595
0.183158844991
0.183542622282
0.183928901836
0.184441378151
0.184900106213
0.185309888142
0.18543909795
0.185572759456
0.185912717348
0.186448428497
0.187037879178
0.187399250561
0.187754399067
0.187885078882
0.188508003797
0.188760881605
0.189186446617
0.189471390368
0.189823809813
0.190009634359
0.1902359042
0.190715642914
0.19132750556
0.191612551066
0.19185886718
0.192087984154
0.192602623806
0.19289204964
0.193158662271
0.193553057596
0.193979230203
0.194105947555
0.194407653716
0.194669502342
0.195176362183
0.195148745599
0.195561719616
0.196047515367
0.196543803546
0.197018995875
0.197241822688
0.197599421483
0.198270232167
0.198850870403
0.199365305162
0.199855381417
0.200163617264
0.200559135193
0.200855538593
0.201167537648
0.201591405671
0.201875572976
0.201966325265
0.202493542082
0.202934315063
0.203174930134
0.203288075435
0.203744817048
0.203907530401
0.204089602813
0.20434175214
0.204358115051
0.204743049392
0.204764991583
0.205015785007
0.205029262139
0.205094898097
0.205268478467
0.205288649821
0.205363964927
0.205534451451
0.205996743813
0.206339089123
0.206631691521
0.20699276139
0.207281979473
0.20786554236
0.208304921733
0.208636837523
0.208970477182
0.209608666871
0.209766187242
0.210137951803
0.210558127794
0.210931063625
0.211240234656
0.211260899338
0.211462012809
0.211971649063
0.212344203302
0.212611726694
0.213107458152
0.213565116218
0.213828780627
0.214275078296
0.214590167824
0.214872584129
0.215072034624
0.215412445853
0.215805334491
0.216112510502
0.216398946671
0.216871558441
0.216921129768
0.217159781523
0.217499487134
0.217386048593
0.217317045408
0.217726790489
0.218203632576
0.218361914319
0.218503600283
0.218797265087
0.219080501718
0.21928294344
0.219611026541
0.220033317328
0.220109162637
0.220287421616
0.220588811452
0.220875913286
0.221002820705
0.221503909126
0.221788107204
0.22203108361
0.222445188887
0.222575964228
0.223107603455
0.223299855944
0.223763387176
0.22404631044
0.224320535375
0.224437733532
0.224661239514
0.224937116339
0.225201369393
0.225423198797
0.225475503437
0.225779890361
0.226093610362
0.226357516261
0.226621493883
0.226838797505
0.227103794905
0.227557298289
0.227786166264
0.227985728284
0.228401630235
0.228847323068
0.229098509509
0.22909831892
0.229330893203
0.229507747374
0.229768720347
0.229956171586
0.230331593206
0.230775298672
0.231139019696
0.231357401472
0.231523983139
0.231835356158
0.232092684798
0.232424669157
0.232782676632
0.233051747993
0.23329268336
0.233579443845
0.233814524061
0.234195994556
0.234334841278
0.23463787581
0.234690626925
0.234905902234
0.234892985306
0.235252764372
0.235478289176
0.235727311971
0.23605069262
0.236394744798
0.236666055374
0.23695290688
0.237341687484
0.237512466151
0.237639403017
0.237870389488
0.238080702281
0.238238359559
0.238599675295
0.238704526183
0.239131314023
0.239127736529
0.239508509879
0.239751787903
0.240047427156
0.240287673652
0.240498121352
0.240549944943
0.2406550801
0.240905269358
0.241157388898
0.24144831714
0.2418339994
0.24215309777
0.242443860804
0.242761923091
0.242704812458
0.242869226557
0.243077956162
0.243167436779
0.243412537906
0.243474681917
0.243721978683
0.243883849023
0.244210613189
0.244401505852
0.244609952032
0.244948660387
0.245134813939
0.245480947923
0.245560629211
0.245682300179
0.245717774395
0.245910822561
0.246108712011
0.246087983589
0.246283424684
0.246735308453
0.246977225381
0.24723795341
0.247423189434
0.247658070143
0.247799056604
0.24803655091
0.248197890622
0.248448690698
0.248541906102
0.248655615965
0.24894844462
0.249087936552
0.249189735958
0.24936742116
0.249692007719
0.249925247772
0.2501958463
0.250595464672
0.250808534856
0.25100365426
0.251095662385
0.251292788053
0.251523507115
0.251691398519
0.252042288522
0.252481850368
0.252620018049
0.252729952561
0.252918641312
0.253028515719
0.25316353395
0.253513925703
0.253817190633
0.254028435433
0.254131882321
0.254325011041
0.254496746099
0.254615769181
0.254885180899
0.254941057217
0.255230313623
0.255347425776
0.25541264982
0.255580488193
0.255866164886
0.256094398556
0.256305130588
0.256511993235
0.256610627531
0.256745299565
0.256890629022
0.256978679796
0.257290517687
0.257547564149
0.257667309358
0.257940255102
0.258044697281
0.258293283518
0.258614993177
0.25873751237
0.258970729743
0.259094570268
0.259365973729
0.259503186185
0.259748708756
0.259971395437
0.260130141514
0.260487990325
0.26072468716
0.26092770323
0.261053423594
0.261329519213
0.261624881884
0.261691300614
0.26180951477
0.261987886368
0.262230208561
0.26251479292
0.262741505263
0.26282808239
0.262929170446
0.262923653658
0.26314297506
0.263246741929
0.26342132957
0.263700157008
0.263881198128
0.264234864883
0.264496586873
0.264586423615
0.264853725842
0.265230107069
0.265471479575
0.265652208318
0.265806186937
0.26593429634
0.266027423678
0.266258215304
0.266413503808
0.266732292939
0.266899288624
0.266968569251
0.267210020264
0.267343106957
0.267602043682
0.267763226718
0.267970119659
0.268272152111
0.268449434454
0.268647408102
0.268929056956
0.26917324103
0.269375970454
0.269540733804
0.269720564888
0.269957233666
0.270118479165
0.270355640745
0.270512410856
0.270628245244
0.270848929828
0.270846507285
0.271004653431
0.271256423017
0.27140491775
0.271537624469
0.271618578083
0.271689152723
0.271880845025
0.272069351752
0.272316621458
0.272460489083
0.272596439961
0.272773371242
0.272971179878
0.27310503173
0.273285570587
0.273549838882
0.273681359053
0.273872296933
0.273987866509
0.274136894681
0.274340498069
0.27452756749
0.27482294765
0.27504846431
0.275181845699
0.275407340985
0.275593407318
0.275829655116
0.276036733565
0.276104303345
0.276242241683
0.276337718312
0.276428797768
0.276454273726
0.276657691623
0.276874675184
0.277042370167
0.277213979423
0.277314632968
0.277453340432
0.277829962341
0.278105234565
0.278276149421
0.27832433846
0.278450069272
0.278692456123
0.278809309903
0.279033123956
0.279025799425
0.279270278544
0.279511307594
0.279700355248
0.279866051311
0.280021030682
0.280229396994
0.280345773516
0.280476621983
0.280689174073
0.280937779939
0.281124519952
0.281270205385
0.281502886118
0.281626761655
0.281801582573
0.281999466125
0.282224276377
0.282497304819
0.28267469742
0.282841710709
0.283006369148
0.283060017317
0.283184039376
0.283344711402
0.283521316002
0.283747378876
0.284030506486
0.284191903367
0.284353107776
0.284522357743
0.284536909503
0.284690864955
0.284774649323
0.284859896661
0.285050754488
0.28519844998
0.285371000628
0.285554579508
0.285714603202
0.286076425892
0.286230097197
0.286402185039
0.286664093344
0.286883013757
0.286904717394
0.287075117821
0.287161318689
0.287375578512
0.287598476916
0.287915626698
0.288007362611
0.288238012075
0.288342846906
0.288449001134
0.288587506484
0.288766640177
0.288918642227
0.289165824505
0.289231192821
0.28939375998
0.289388606413
0.289492989845
0.28966028238
0.289854161546
0.289879236018
0.289974562061
0.290063012619
0.290230176239
0.290290179605
0.290376230932
0.290572088182
0.29059487827
0.290741972687
0.2909189925
0.291023826412
0.291139907753
0.291194351409
0.291371634386
0.291474052076
0.291581652544
0.291721186551
0.291776137478
0.292019523324
0.292121893759
0.292240010264
0.292320243756
0.292360591538
0.292454594096
0.292665297073
0.292797827048
0.292907777067
0.29301622924
0.293086119152
0.293260656416
0.2932807915
0.293311474607
0.293423545665
0.293589282283
0.293721237368
0.293816907542
0.293902934172
0.293953461168
0.294013495667
0.294116376186
0.294246518919
0.294295760844
0.294360156651
0.294561143644
0.294618104261
0.294721136907
0.294871624104
0.295007737992
0.295056172864
0.295193385983
0.295217137916
0.295306126426
0.29537957326
0.295567185433
0.295630008793
0.295668910119
0.295778185354
0.295922239626
0.296045741132
0.296273243121
0.296512569449
0.296621600966
0.296721845699
0.296911608705
0.296972237429
0.297308139853
0.297378589534
0.297417360486
0.29748737087
0.297546326429
0.297639733476
0.297766191348
0.297878653963
0.298037186546
0.298172728736
0.298245072884
0.298333950944
0.298394938282
0.298405470298
0.298477128587
0.298729256786
0.298972980858
0.299137297083
0.299253539247
0.299416491706
0.299550096834
0.29966374449
0.29983206288
0.299959964577
0.30007201042
0.300184571631
0.30028234779
0.30040396234
0.300543004442
0.300691042079
0.300807967308
0.30087361774
0.301021044048
0.301107741247
0.301239788249
0.301348965801
0.301382331872
0.301438965234
0.301798134321
0.301858960066
0.302083572412
0.302175795005
0.30228903505
0.302304706115
0.302447707283
0.302507252221
0.302632997047
0.302720914695
0.302751244272
0.302820913209
0.303036491348
0.303114648794
0.303235400462
0.303282476561
0.303438545469
0.303514347239
0.303699242944
0.3038091893
0.303840768977
0.303883283209
0.303971842651
0.304143637278
0.304225190501
0.304277602723
0.304322020858
0.304475196702
0.304619365044
0.304624942112
0.304783347802
0.304766678
0.304835625461
0.304852508485
0.304987728751
0.305035823549
0.305241700981
0.305357967162
0.305515835215
0.305539193522
0.305656009225
0.305595398013
0.30572315887
0.305871396487
0.305982240767
0.306098018489
0.306250193895
0.306309937293
0.306378198042
0.306449801472
0.306524582815
0.306609298641
0.306718470159
0.306772071821
0.306822508699
0.306890533233
0.306900205056
0.306901085481
0.307057389681
0.307114705603
0.307167415764
0.307272086356
0.307395809731
0.307495641691
0.307638817862
0.30770906996
0.307745775687
0.307848852695
0.307912675033
0.307996724274
0.308133082649
0.308180449889
0.30827302546
0.308396296393
0.308477019429
0.308558283841
0.30864620003
0.308655859428
0.308721102012
0.308765284251
0.308838702491
0.308990165069
0.309027319253
0.309164635721
0.309185669878
0.309311739559
0.309386606291
0.309378442072
0.30944542053
0.309498287759
0.309599365021
0.309642882228
0.309772425812
0.309862235238
0.309912358886
0.310067402934
0.310175141703
0.310244713049
0.31025026467
0.310340375063
0.310395732372
0.310489114865
0.310576955695
0.310662782151
0.310708668976
0.310813841589
0.310868851522
0.310942122889
0.311021031464
0.311103887974
0.311201347995
0.311325449746
0.311429270607
0.31156848819
0.311636966314
0.311775951785
0.31190170202
0.311973265052
0.312078449769
0.312134660679
0.312189232816
0.312330426286
0.312312711343
0.31243229928
0.312553117645
0.31261195474
0.312748920647
0.312759190699
0.312894332152
0.313084487495
0.313316472103
0.31348270429
0.313557193295
0.313591905831
0.313556688757
0.313778128914
0.313932259994
0.31397123238
0.314139866264
0.314201989751
0.314339019923
0.31442104031
0.314558365441
0.31461659023
0.314735091446
0.314877252237
0.314914194082
0.314995967995
0.315147652717
0.315283445462
0.315359654577
0.315487376539
0.315587516435
0.31568534478
0.315699896336
0.31577682937
0.315842023893
0.315938112761
0.316078701795
0.316110709207
0.316265026689
0.316422527065
0.316599781049
0.316731204194
0.316842419177
0.316960346271
0.317032861142
0.317013988664
0.317030089264
0.317085788627
0.31722313274
0.317350318927
0.317396900445
0.317392044783
0.317414304477
0.317449064962
0.317498522176
0.317574055299
0.317626015962
0.317690383231
0.317788737645
0.31778630168
0.317871336875
0.317921486831
0.318042930111
0.318076418929
0.318135082824
0.318320202122
0.318367008268
0.31844564188
0.318635917404
0.318770497197
0.318923978217
0.318941821584
0.319035127378
0.319106714769
0.319241618101
0.319407715007
0.319530022682
0.319564864488
0.319720142731
0.319836866121
0.31991786344
0.319963065193
0.320022442379
0.320148580064
0.320209132481
0.32039272144
0.320494857012
0.320578825135
0.320588675705
0.320672866567
0.320795322666
0.320844121462
0.320903932026
0.320964003371
0.320979913978
0.321060849813
0.321166218838
0.321196108624
0.321288203097
0.321405387833
0.32152371871
0.321684831805
0.321770626947
0.321885759559
0.321970435127
0.322054960908
0.322040714447
0.322161182212
0.322254186918
0.322264124281
0.322252969713
0.322287610516
0.322347234503
0.322453766439
0.32250228519
0.322594220637
0.3226893458
0.322903534085
0.32290772803
0.322923072299
0.322999129287
0.323062434535
0.323159409782
0.323188805003
0.323204330136
0.323260409907
0.323366552211
0.32344915612
0.323487187113
0.323567951668
0.323639765283
0.323744046817
0.323927743664
0.323968032393
0.324122106596
0.324199418548
0.32425923199
0.324417136887
0.324463833277
0.324657538405
0.324687161495
0.324726148631
0.324818080355
0.32492180691
0.325030593236
0.32507969925
0.325098350394
0.325117061857
0.325202763238
0.325261619581
0.325395856718
0.325462842371
0.325586890168
0.325708275637
0.325792014211
0.325866395211
0.325980464244
0.32604302726
0.326187898997
0.326342785993
0.326382501405
0.326448792409
0.326569136374
0.32658329603
0.326739361163
0.326868022488
0.326961478926
0.327079582445
0.327182245289
0.327237617391
0.327258430288
0.32730441977
0.327320183179
0.327425866747
0.327457890676
0.327575634584
0.327666939435
0.327773436163
0.327903124122
0.327967476981
0.328113302718
0.328079153894
0.328181383812
0.328258647551
0.328339339675
0.328391595106
0.328481912865
0.328556150722
0.328638578429
0.32867995892
0.328734743605
0.328796157618
0.328861161079
0.328927402184
0.32896279807
0.329026496436
0.328995072051
0.329092050242
0.329255392772
0.329253409809
0.329324487806
0.329339383886
0.329414888044
0.329536118693
0.329609637677
0.329629326147
0.329684624492
0.329715446635
0.329770033845
0.329809226684
0.329978250184
0.330113185449
0.330152321844
0.330189363925
0.330205174743
0.330254658945
0.330334720809
0.330416161908
0.330458479062
0.330541011644
0.330593010356
0.330618851563
0.330704813774
0.330735413588
0.330747169902
0.33082998121
0.330876928916
0.330953541553
0.331108547666
0.331192774411
0.331285961237
0.331321526589
0.331381218182
0.331440334462
0.331463524859
0.331518913921
0.331637577003
0.33183839173
0.331908459555
0.331963405957
0.332103865462
0.332149133672
0.332212589504
0.332262146856
0.332364188104
0.33242382788
0.332484684561
0.332537432369
0.332633737833
0.332779203437
0.332877560635
0.332923660269
0.332971987897
0.333042025497
0.333093858934
0.333124736829
0.333120100281
0.33322869409
0.333278840703
0.333404310703
0.333372741742
0.333449766574
0.333477585014
0.333488731778
0.333569714755
0.333662461794
0.333709330298
0.333763953102
0.333883843171
0.333995056179
0.333986401089
0.334125475903
0.334136062879
0.334289819572
0.334321434177
0.334396011848
0.334409612457
0.334473201088
0.334486258474
0.334570369716
0.33466791978
0.33474828938
0.334868685305
0.334958665032
0.335060198151
0.33509055171
0.335225114903
0.335238873897
0.335368700523
0.335382453965
0.335460655667
0.335488246169
0.335524949139
0.335605398416
0.335678198799
0.335685405961
0.335728009184
0.335731505233
0.335816240853
0.335891473892
0.33601927337
0.336076028934
0.336203825836
0.336302986505
0.336394959821
0.336469221444
0.336481353053
0.336566024227
0.336597312972
0.336641952015
0.336665378275
0.336708603585
0.336753078241
0.336865245516
0.336989066499
0.337016920798
0.33704791047
0.337220468724
0.33735713455
0.337387401085
0.337474746118
0.337615007183
0.337752549859
0.337849582373
0.33791780754
0.337982651946
0.338132668961
0.338175131467
0.338244546115
0.338313403479
0.33833443821
0.338419595753
0.33846522236
0.338654236294
0.3386907381
0.338874485958
0.338940818207
0.339019016352
0.33915748208
0.339241127669
0.339326580712
0.339313381322
0.339309729038
0.339391409308
0.339433173877
0.339504587013
0.339574302221
0.339686624608
0.339770959963
0.339808324018
0.339857834385
0.339951108369
0.339922896193
0.34002148479
0.340120827245
0.340183916213
0.340226651814
0.340260688656
0.340294456564
0.340335702543
0.340471164147
0.340517872577
0.340526565246
0.340500106053
0.340641081502
0.340695716356
0.340836630749
0.340849247011
0.340861138977
0.340880734601
0.341025313959
0.341196207317
0.34131977178
0.341327707483
0.341327660559
0.341344285921
0.341400181009
0.341405830204
0.341433890854
0.341520397146
0.341577452379
0.34162524451
0.341689440668
0.341739751776
0.341785797819
0.341848566898
0.341891315905
0.341990082859
0.342040104255
0.342092995544
0.342140640611
0.342184355628
0.342219205646
0.342304225943
0.342332397398
0.342399591697
0.342476034702
0.342537393173
0.342596142815
0.342661473313
0.342754261663
0.342755288372
0.342856262964
0.342979459635
0.343040933156
0.343161486923
0.343154716435
0.343177410922
0.343194770011
0.343271000911
0.343280194435
0.343282439272
0.343342245176
0.343379698817
0.343453930373
0.343506777835
0.343480209238
0.343595672726
0.34368256785
0.343734090142
0.343741157372
0.343782377156
0.343798181685
0.343812368432
0.343790645018
0.343854242836
0.344023537314
0.344043474872
0.344021870083
0.344061698482
0.344126591282
0.344195626353
0.34418921149
0.344277986781
0.34431104699
0.344362646678
0.344374523169
0.344453364202
0.344430589548
0.344454259293
0.344574291685
0.344585010826
0.344695802475
0.344733765677
0.344836078228
0.34490518187
0.344916067141
0.345072008082
0.345061322228
0.345088227838
0.345081083468
0.34512255937
0.345169199345
0.345258075744
0.345320837189
0.345394614611
0.345373548101
0.345428971407
0.345447847359
0.345459312552
0.345509426234
0.345563755935
0.345599354563
0.345651488982
0.345646031217
0.345654347981
0.345670072104
0.345711958809
0.34583481852
0.345911371158
0.345958751354
0.345993243523
0.346056561188
0.346101616256
0.346147969885
0.346201383758
0.34628329863
0.346333985832
0.346354681532
0.346432344491
0.346468056284
0.346523983998
0.346535925861
0.346587559764
0.346612724664
0.346666775174
0.346690945733
0.346739920794
0.34678820461
0.346826734197
0.346870745975
0.346864992263
0.346891167211
0.346895797494
0.346938981913
0.347006438578
0.347082576639
0.347091889805
0.347151649176
0.347222492617
0.34728260757
0.347302262578
0.347343756398
0.347394012837
0.347446295839
0.347441812701
0.347453550003
0.34749487135
0.347531008683
0.347606519159
0.347647552402
0.347664329937
0.347721256692
0.347760305058
0.347726051437
0.347712254247
0.347755389209
0.347886368625
0.347909054476
0.348012058958
0.348039759959
0.348078091367
0.348133521153
0.348187177281
0.348311263005
0.348377614909
0.348483934275
0.348499008149
0.348518400415
0.348509667864
0.348557450388
0.348576014374
0.348604786952
0.348628656265
0.348647750538
0.348734133188
0.348714837292
0.348741882903
0.348779445677
0.348809241951
0.348816806451
0.348893698617
0.34892722498
0.348975521012
0.349042857139
0.349061394096
0.34910624906
0.349075044513
0.349129754472
0.349208133511
0.34928893714
0.349292793578
0.34931040648
0.3493658412
0.349460414935
0.349459073472
0.349582281525
0.349645829936
0.34965003803
0.349722615328
0.349746004882
0.349789468723
0.349817696427
0.349856109493
0.349839393541
0.349880582373
0.349933352016
0.34991134865
0.350003572309
0.35011879203
0.35021072025
0.350225534898
0.350215915314
0.350289404583
0.350354718511
0.350397548313
0.350415214896
0.350475154759
0.350559005789
0.350588032968
0.350550165504
0.350595595568
0.350681524696
0.350735661417
0.350783004184
0.350810197396
0.350854434502
0.35089696442
0.350976175563
0.350999809928
0.351008639955
0.351061482503
0.351093164164
0.351109960981
0.351201919456
0.351237294301
0.351262357657
0.351368778483
0.351386234164
0.351379939102
0.351401104932
0.351522548329
0.351545347104
0.351583442839
0.35158181214
0.351677293849
0.351741525358
0.351773045006
0.351814439805
0.351854970781
0.351851623106
0.351885768425
0.351917856103
0.351933924939
0.352016116532
0.352003465262
0.352041981717
0.352070277434
0.352122232333
0.352221154393
0.352230058656
0.352257953298
0.352277173691
0.352299395281
0.352317002819
0.352368169842
0.352429400843
0.352452208536
0.352539243203
0.352565568292
0.352562835952
0.352582498338
0.352628360654
0.352654034137
0.352666278143
0.352657470583
0.352789716393
0.352795133832
0.352862901813
0.352927898495
0.352966157136
0.352998200229
0.353129031817
0.353136527936
0.353197815443
0.353194561981
0.353237748714
0.353217147842
0.353327903303
0.35334468342
0.353391110136
0.353448475393
0.353467651082
0.35353841261
0.353547863435
0.353606313721
0.353659448972
0.353697207104
0.353786914556
0.353857360693
0.353870858948
0.353896230691
0.353969634699
0.354032853553
0.3540422469
0.35407005633
0.354101000864
0.354159566566
0.354183325227
0.354167188978
0.354157075154
0.354164326362
0.354170053949
0.354234240824
0.354251997169
0.354348760183
0.354375112755
0.354386150044
0.354399803114
0.354456003641
0.354596666466
0.354549071961
0.354623153811
0.354631390558
0.354707413694
0.354745733513
0.354749888982
0.354755230803
0.354747659875
0.354784794079
0.354814341113
0.354813767689
0.354819918747
0.354881589379
0.354962197643
0.355011471829
0.355044290786
0.355056501414
0.355121756671
0.355150875701
0.355175843646
0.355251050139
0.355297334048
0.355322467317
0.355430005747
0.35540815814
0.3554901453
0.355543344543
0.355575528317
0.355609323391
0.355646716434
0.355712843556
0.355722096949
0.355742768596
0.355799365967
0.355839185927
0.355805464875
0.355834397498
0.35583067181
0.355863745985
0.355932518716
0.3559358572
0.356030028878
0.356045445596
0.356088205132
0.356132784131
0.356148751696
0.356168735937
0.356159874904
0.356160786819
0.356195961104
0.356297083244
0.356354378247
0.35640991886
0.356462764849
0.356468793614
0.35648846301
0.356517197411
0.356538983955
0.356597239399
0.356624879534
0.356648693767
0.356680589985
0.356687812225
0.356746820655
0.356774444328
0.35680667722
0.356836336258
0.356890187278
0.356903584652
0.356899711982
0.356958043953
0.356997047614
0.357017466744
0.357019794891
0.357077274524
0.357112230509
0.357160789721
0.357143686709
0.357177365392
0.357164514544
0.357200245171
0.357225784303
0.357281453029
0.357342034805
0.357326029719
0.357443070171
0.357438416911
0.35745570435
0.357496495636
0.357515189323
0.357587347156
0.357580668882
0.357598463586
0.357612758308
0.357718278079
0.357767609261
0.357803553493
0.357865399089
0.357964608229
0.35800146348
0.358028093593
0.358082409823
0.358182154782
0.358262470068
0.358315441105
0.3583881774
0.358426733106
0.358452134898
0.358456136369
0.35852625396
0.358525600526
0.3585918574
0.358664819683
0.358660483194
0.358682451032
0.35877226332
0.358834798251
0.35884159696
0.358813335204
0.358836118345
0.358822126242
0.358840174045
0.358879324624
0.358957152639
0.358984937706
0.359028344605
0.359051031719
0.359098620432
0.359123837134
0.359152457039
0.359172462018
0.359248054506
0.359224267335
0.359330930129
0.359362682597
0.359395067818
0.359440561322
0.359515939165
0.359562436811
0.359656866324
0.359685229649
0.359708133907
0.359738655626
0.359749548129
0.35979879339
0.359821763173
0.359853092437
0.359928767527
0.359982541196
0.360060714264
0.360059672102
0.360118624044
