1 3
2 3
3 4
4 3
5 1
6 1
7 4
8 4
9 3
10 4
11 1
12 3
13 1
14 1
15 3
16 3
17 1
18 1
19 2
20 2
21 2
22 2
23 3
24 3
25 4
26 2
27 2
28 2
29 3
30 3
31 3
32 1
33 4
34 4
35 2
36 2
37 2
38 3
39 2
40 2
41 2
42 4
43 4
44 4
45 4
46 4
47 1
48 1
49 4
50 1
51 4
52 1
53 4
54 1
55 2
56 1
57 1
58 4
59 2
60 2
61 4
62 2
63 4
64 1
65 1
66 2
67 1
68 2
69 2
70 3
71 3
72 3
73 3
74 3
75 3
76 4
77 4
78 4
79 4
80 2
81 2
82 2
83 2
84 2
85 1
86 1
87 3
88 4
89 1
90 2
91 4
92 1
93 2
94 4
95 1
96 3
97 1
98 1
99 3
100 4
101 2
102 3
103 4
104 3
105 3
106 4
107 4
108 3
109 4
110 2
111 1
112 2
113 3
114 2
115 2
116 3
117 1
118 2
119 2
120 3
121 2
122 2
123 2
124 2
125 2
126 2
127 2
128 2
129 2
130 4
131 1
132 3
133 4
134 2
135 3
136 3
