
row1col1
West 0.0
East 2.3139928324e-07
North 0.0
South 0.0

row1col2
West 0.0
East 0.0
North 0.0
South 7.88310984811e-05

row1col3
West 0.0
East 0.0
North 0.0
South 0.000686589102907

row1col4
West 2.59374430653e-05
East 0.0
North 0.0
South 0.0

row1col5
West 0.0
East 0.0
North 0.0
South 5.1922984026e-05

row1col7
West 0.0
East 0.000282983332967
North 0.0
South 0.0

row1col8
West 0.0
East 0.0
North 0.0
South 0.00405295625245

row1col9
West 0.000161160501969
East 0.0
North 0.0
South 0.0

row1col10
West 0.0
East 0.0
North 0.0
South 0.00729182672692

row1col11
West 0.000514738641103
East 0.0
North 0.0
South 0.0

row1col13
West 0.0
East 0.0
North 0.0
South 0.271380903047

row1col14
West 0.0
East 0.0
North 0.0
South 0.21747402983

row1col15
West 0.0
East 0.0189128949928
North 0.0
South 0.0

row1col16
West 0.0
East 0.0
North 0.0
South 0.338764298017

row1col18
West 0.0
East 0.0
North 0.0
South 0.118858482633

row1col19
West 0.0
East 0.0
North 0.0
South 0.0735290863698

row1col20
West 0.0
East 0.00028671003977
North 0.0
South 0.0

row1col21
West 0.0
East 1.01930203781e-09
North 0.0
South 0.0129948584517

row1col22
West 2.14589902697e-08
East 1.01930203781e-09
North 0.0
South 0.000646006473247

row2col1
West 0.0
East 8.68504053077e-07
North 0.0
South 0.0

row2col2
West 0.0
East 0.00127551142826
North 0.0
South 0.0

row2col3
West 0.0
East 0.0
North 0.0
South 0.011205455973

row2col4
West 0.0
East 0.0
North 0.0
South 0.0146992181046

row2col5
West 0.00114863301465
East 0.0
North 0.0
South 0.0

row2col7
West 0.0
East 0.0
North 0.0
South 0.0003936071504

row2col8
West 0.0
East 0.0292788803011
North 0.0
South 0.0

row2col9
West 0.0
East 0.0
North 0.0
South 0.206275074472

row2col10
West 0.0583590162994
East 0.0
North 0.0
South 0.0

row2col11
West 0.00244761013974
East 0.0
North 0.0
South 0.0

row2col13
West 0.0908799385032
East 0.95
North 0.0
South 1.52853886719e-05

row2col14
West 0.0523578862075
East 1.0
North 0.0
South 0.000219984375

row2col15
West 0.0
East 0.0
North 0.0
South 0.0

row2col16
West 0.996072199951
East 0.0253151248006
North 0.0
South 0.0

row2col17
West 0.913750970152
East 0.00648333734012
North 0.0
South 0.0

row2col18
West 0.774451808033
East 0.00408483474903
North 0.0
South 2.27085921059e-05

row2col19
West 0.545934615139
East 0.000403966041532
North 0.0
South 0.0

row2col20
West 0.289985357582
East 6.51891096629e-05
North 0.0
South 0.0

row2col21
West 0.103235768291
East 4.57191638484e-06
North 0.0
South 0.0

row2col22
West 0.0145783305065
East 3.08159501582e-06
North 0.0
South 7.54051630483e-08

row3col1
West 0.0
East 6.431844418e-05
North 0.0
South 0.0

row3col2
West 0.0
East 0.00244093696675
North 0.0
South 0.0

row3col3
West 0.0
East 0.0413257607013
North 0.0
South 0.0

row3col4
West 0.0
East 0.114667485001
North 0.0
South 0.0

row3col5
West 0.0
East 0.0
North 0.0
South 0.220725994873

row3col7
West 0.0
East 0.0147052170867
North 0.0
South 0.0

row3col8
West 0.0
East 0.100596814912
North 0.0
South 3.22084862482e-14

row3col9
West 0.0
East 1.18868173494e-13
North 0.0
South 0.389443279109

row3col10
West 0.0488726184416
East 0.0
North 0.0
South 0.0

row3col11
West 0.00360427315378
East 0.0
North 0.0
South 0.0

row3col13
West 0.0279054122176
East 0.000219984375
North 0.9025
South 0.0

row3col14
West 3.9733302832e-05
East 0.0
North 0.305794974833
South 0.0

row3col15
West 0.0
East 0.0
North 0.401263060762
South 0.0

row3col16
West 0.0409563385413
East 0.0
North 0.0
South 0.0

row3col18
West 0.0
East 0.0
North 0.128214870189
South 0.000110343600402

row3col19
West 0.00606286114362
East 0.0
North 0.0
South 0.0

row3col20
West 0.0
East 0.0
North 0.0392272059173
South 0.0

row3col21
West 0.0016105353042
East 0.0
North 0.0
South 0.0

row3col22
West 0.0
East 0.0
North 0.000827894423008
South 0.0

row4col5
West 0.0
East 0.0
North 0.0
South 0.332134716938

row4col9
West 0.0
East 0.0
North 5.50646682606e-10
South 0.517410449232

row4col13
West 0.00337175192406
East 0.0386717782825
North 0.857375
South 0.0669460306189

row5col1
West 0.0
East 9.53352217987e-11
North 0.0
South 0.0

row5col2
West 0.0
East 0.0
North 0.0
South 6.4372151701e-06

row5col3
West 0.0
East 0.0
North 0.0
South 3.06142476661e-05

row5col5
West 0.0
East 0.43366765046
North 0.0
South 0.0

row5col6
West 0.0
East 0.0
North 0.0
South 0.501454535125

row5col7
West 0.0
East 0.00867190832377
North 0.0
South 0.0

row5col8
West 0.0
East 0.0
North 0.0
South 0.128668090034

row5col9
West 0.0
East 5.66829301896e-13
North 0.0
South 0.589729102751

row5col10
West 0.0
East 0.0
North 0.0
South 0.193107172676

row5col11
West 0.0
East 0.144606250931
North 0.0
South 0.0

row5col12
West 1.10824438351e-06
East 0.7737809375
North 0.00317104877968
South 2.05543653881e-06

row5col13
West 0.0
East 0.0
North 0.81450625
South 3.54494942095e-05

row5col14
West 0.0
East 0.0
North 0.0
South 0.034915310444

row5col15
West 0.0
East 0.0
North 0.0
South 0.117606222235

row5col16
West 0.0
East 0.0
North 0.0
South 0.054262393774

row5col17
West 0.0
East 0.00242395685912
North 0.0
South 0.0

row5col18
West 0.0
East 0.0
North 0.0
South 0.0685121586342

row5col20
West 0.0
East 0.0
North 0.0
South 0.00512239576565

row5col21
West 0.0
East 0.0
North 0.0
South 0.000104745440456

row5col22
West 0.0
East 0.0
North 0.0
South 6.39859299307e-05

row6col1
West 0.0
East 0.0
North 0.0
South 1.81015575373e-06

row6col2
West 0.0
East 0.0
North 0.0
South 0.000605272185196

row6col3
West 0.0
East 0.0
North 0.0
South 0.00356306651359

row6col5
West 0.0
East 0.0258040944595
North 0.0
South 0.0

row6col6
West 0.0
East 0.540360087651
North 0.0
South 0.0

row6col7
West 0.0
East 0.568800092275
North 0.0
South 0.0

row6col8
West 0.0
East 0.598736939238
North 0.0
South 0.0

row6col9
West 6.64990639615e-05
East 0.630249409725
North 0.0
South 0.0

row6col10
West 0.0
East 0.663420431289
North 0.0
South 6.08747462823e-13

row6col11
West 0.0
East 0.698337296094
North 2.16107654785e-06
South 0.0

row6col12
West 0.000297883326047
East 0.0
North 0.735091890625
South 0.00824142500932

row6col13
West 3.19683155016e-08
East 0.0
North 0.77378088767
South 1.52898614781e-07

row6col14
West 0.735090931179
East 0.0
North 0.0
South 2.97166389843e-07

row6col15
West 0.698327665147
East 0.0
North 0.0
South 1.37301001216e-08

row6col16
West 0.663358859443
East 0.0
North 0.0
South 0.0

row6col17
West 0.629964277913
East 0.0
North 0.0
South 0.0

row6col18
West 0.506066514036
East 0.0
North 0.0
South 0.0

row6col19
West 0.291560722173
East 0.0
North 0.0
South 0.0

row6col20
West 0.121601268855
East 0.0
North 0.0
South 0.0

row6col21
West 0.018735423565
East 0.0
North 0.0
South 0.0

row6col22
West 0.00167586631338
East 0.0
North 0.0
South 0.0

row7col1
West 0.0
East 0.00063844409539
North 0.0
South 0.0

row7col2
West 0.0
East 0.0
North 0.0
South 0.0162190593881

row7col3
West 0.0
East 0.0
North 0.0
South 0.0561938912815

row7col5
West 0.0
East 0.487674976432
North 0.0
South 0.0

row7col6
West 0.0
East 9.51867945919e-08
North 0.513342083039
South 0.0

row7col10
West 0.000113085822035
East 0.0
North 0.619123935842
South 0.000212114331264

row7col17
West 0.0
East 0.0
North 0.597222043405
South 0.0

row7col18
West 0.1239133363
East 0.0
North 0.0
South 0.0

row7col20
West 0.0
East 0.0
North 0.014570230435
South 0.0

row7col21
West 0.0
East 0.0
North 0.000788562684765
South 0.0

row7col22
West 0.0
East 0.0
North 1.94364340106e-05
South 0.0

row8col1
West 0.0
East 0.00983043943245
North 0.0
South 0.0

row8col2
West 0.0
East 0.0937150231046
North 0.0
South 0.0

row8col3
West 0.0
East 0.255666405596
North 0.0
South 0.0

row8col4
West 0.0
East 0.394180064798
North 0.0
South 0.0

row8col5
West 0.0
East 0.0
North 0.463291210888
South 0.0

row8col6
West 0.0
East 0.0
North 0.147084246707
South 0.0

row8col8
West 0.0
East 8.59985050634e-05
North 0.0
South 0.0

row8col9
West 0.0
East 0.0
North 0.0
South 0.00368139477779

row8col10
West 0.0
East 1.14491546708e-06
North 0.54283515887
South 1.80474786797e-05

row8col11
West 0.387778840598
East 1.1168221305e-06
North 0.0
South 0.0

row8col12
West 0.220173209618
East 5.60926467268e-08
North 0.0
South 0.0

row8col13
West 0.0453506039405
East 1.16649333807e-09
North 0.0
South 0.0

row8col14
West 0.00391666032847
East 4.55546754393e-11
North 2.23989272665e-10
South 0.0

row8col15
West 0.000147302216143
East 4.5675210399e-11
North 0.0
South 0.0

row8col17
West 0.0
East 0.0
North 0.562619699002
South 0.0

row8col18
West 0.125496335839
East 0.0
North 0.0
South 0.0

row9col5
West 4.32519953828e-11
East 0.0
North 0.440126513613
South 0.0

row9col6
West 0.418119444629
East 0.0
North 0.0
South 4.30819544225e-13

row9col8
West 0.0
East 0.0
North 1.70347586896e-07
South 0.0

row9col9
West 0.0
East 0.0455828131676
North 0.0
South 0.0

row9col10
West 7.07570724463e-15
East 0.0
North 0.219398808051
South 2.13722158405e-12

row9col11
West 0.0
East 0.00631726184191
North 0.0
South 0.0

row9col12
West 0.0
East 0.0
North 0.0603322436046
South 3.31515705717e-09

row9col13
West 0.00812777116919
East 0.0
North 0.0
South 0.0

row9col14
West 0.000941422017276
East 0.0
North 2.43359576656e-13
South 1.15595798912e-14

row9col15
West 6.63027356426e-05
East 0.0
North 0.0
South 0.0

row9col17
West 0.0
East 0.0
North 0.519936288312
South 0.0

row9col18
West 0.0
East 0.0
North 0.0131280446451
South 0.0

row9col20
West 0.0
East 4.40938086269e-22
North 0.0
South 0.0

row9col21
West 0.0
East 0.0
North 0.0
South 1.64977779451e-15

row9col22
West 0.0
East 0.0
North 0.0
South 0.0

row10col1
West 0.0
East 0.000107036889972
North 0.0
South 0.0

row10col2
West 0.0
East 0.0
North 0.0
South 0.00463588818598

row10col3
West 0.000209404360816
East 0.0
North 0.0
South 0.0

row10col5
West 0.0
East 0.0
North 0.0703065041993
South 0.0

row10col6
West 0.0
East 0.0
North 0.397210236717
South 0.0

row10col17
West 0.0
East 0.0
North 0.4647381173
South 0.0

row10col18
West 0.0358051338885
East 0.0
North 0.0
South 0.0

row10col20
West 0.0
East 0.0
North 0.0
South 8.95035600396e-12

row10col21
West 9.65778161261e-14
East 0.0
North 0.0
South 0.0

row10col22
West 0.0
East 0.0
North 0.0
South 3.68299176316e-12

row11col1
West 1.43367467912e-24
East 0.00259438822219
North 0.0
South 1.83562915889e-26

row11col2
West 1.98178586654e-25
East 0.0324417432581
North 0.0
South 0.0

row11col3
West 1.20993242378e-23
East 0.102077059378
North 0.0
South 0.0

row11col4
West 0.0
East 0.234260034467
North 0.0
South 0.0

row11col5
West 0.0
East 0.358434840819
North 0.0
South 0.0

row11col6
West 0.0
East 0.0
North 0.377338459006
South 0.0

row11col8
West 0.0
East 0.0
North 0.0
South 3.34933241927e-05

row11col9
West 6.67215975692e-08
East 0.0
North 0.0
South 0.0

row11col10
West 0.0
East 0.0
North 0.0
South 5.87160118721e-05

row11col12
West 0.0
East 3.5928289492e-13
North 0.0
South 0.0

row11col13
West 0.0
East 0.0
North 0.0
South 1.84843651339e-06

row11col14
West 0.0
East 0.0
North 0.0
South 1.06001961558e-11

row11col15
West 0.0
East 0.0
North 0.0
South 0.000116124798441

row11col17
West 0.0
East 0.0
North 0.393332320868
South 0.0

row11col18
West 0.287156359302
East 0.0
North 0.0
South 0.0

row11col20
West 0.0
East 0.0
North 0.0
South 4.09451353991e-10

row11col21
West 0.0
East 2.38042893882e-10
North 0.0
South 0.0

row11col22
West 0.0
East 0.0
North 0.0
South 7.08856677912e-09

row12col1
West 1.83562915889e-26
East 0.0
North 1.93699991135e-05
South 0.0

row12col2
West 0.0
East 0.0
North 0.0010107544557
South 0.0

row12col3
West 0.0
East 0.0
North 0.000457160957879
South 0.0

row12col5
West 0.0
East 0.0
North 0.340392976423
South 0.0

row12col6
West 0.0
East 0.0
North 0.034821514212
South 0.0

row12col8
West 0.0
East 0.00121898111862
North 0.0
South 0.0

row12col9
West 0.0
East 0.0
North 0.0
South 0.0167429141421

row12col10
West 0.00159757029581
East 0.0
North 0.0
South 0.0

row12col12
West 0.0
East 2.06322644228e-07
North 0.0
South 0.0

row12col13
West 0.0
East 5.02420638871e-05
North 0.0
South 0.0

row12col14
West 0.0
East 0.000743739637774
North 0.0
South 0.0

row12col15
West 0.0
East 0.00855071278569
North 0.0
South 0.0

row12col16
West 0.0
East 0.0487629013701
North 0.0
South 0.0

row12col17
West 0.0
East 0.0
North 0.193691326712
South 0.0

row12col18
West 0.0
East 0.0
North 0.182804372165
South 0.0

row12col20
West 0.0
East 1.30157478699e-08
North 0.0
South 0.0

row12col21
West 0.0
East 0.0
North 0.0
South 1.57393802549e-06

row12col22
West 1.23708592204e-07
East 0.0
North 0.0
South 0.0

row13col5
West 0.0
East 0.0
North 0.323075559226
South 0.0

row13col6
West 0.0984426628938
East 0.0
North 0.0
South 0.0

row13col9
West 0.0
East 0.0
North 0.0
South 0.0703626674911

row13col17
West 0.0
East 0.0
North 0.0437735228666
South 0.0

row13col18
West 0.0
East 0.0
North 0.0998096523542
South 0.0

row13col21
West 0.0
East 0.0
North 0.0
South 1.51601107752e-05

row14col1
West 0.0
East 4.89308226479e-05
North 0.0
South 0.0

row14col2
West 0.0
East 0.00264203185231
North 0.0
South 0.0

row14col3
West 0.0
East 0.0
North 0.0
South 0.0257694369545

row14col4
West 0.0
East 0.0196844350613
North 0.0
South 0.0

row14col5
West 0.0
East 0.0
North 0.306199613959
South 0.0

row14col6
West 0.284330351612
East 0.0
North 0.0
South 0.0

row14col7
West 0.255950193031
East 0.0
North 0.0
South 0.0

row14col8
West 0.220126377989
East 0.0
North 0.0
South 0.0

row14col9
West 0.175424292028
East 0.0
North 0.0
South 0.0

row14col10
West 0.115568398316
East 0.0
North 0.0
South 0.0

row14col11
West 0.065710841989
East 0.0
North 0.0
South 0.0

row14col12
West 0.0351057971583
East 0.0
North 0.0
South 0.0

row14col13
West 0.0164525294639
East 0.0
North 0.0
South 0.0

row14col14
West 0.00702774715735
East 0.0
North 0.0
South 0.0

row14col15
West 0.00261866967939
East 0.0
North 0.0
South 0.0

row14col16
West 0.0
East 0.000390812697222
North 0.0
South 0.0

row14col17
West 0.0
East 0.0
North 0.0057996119699
South 0.0

row14col18
West 0.0
East 0.0
North 0.0474418906994
South 0.0

row14col19
West 0.0167829623602
East 0.0
North 0.0
South 0.0

row14col20
West 0.00534137688056
East 0.0
North 0.0
South 0.0

row14col21
West 0.0
East 0.0
North 0.0
South 8.79310065017e-05

row14col22
West 4.56713505672e-06
East 0.0
North 0.0
South 0.0

row15col1
West 0.0
East 0.0
North 2.39670973405e-07
South 0.0

row15col2
West 0.0
East 0.0628991955698
North 0.0
South 0.0

row15col3
West 0.0
East 0.143329011724
North 0.0
South 0.0

row15col4
West 0.0
East 0.222517334416
North 0.0
South 0.0

row15col5
West 0.0
East 0.0
North 0.284160616692
South 0.0

row15col6
West 0.213952154953
East 0.0
North 0.0
South 0.0

row15col7
West 0.128499850836
East 0.0
North 0.0
South 0.0

row15col8
West 0.0
East 0.0
North 0.0109400736319
South 0.0

row15col9
West 0.0
East 0.0
North 0.00943700257609
South 0.0

row15col10
West 0.0
East 0.0
North 0.0133686031216
South 0.0

row15col11
West 0.000675348206204
East 0.0
North 0.0
South 0.0

row15col12
West 0.0
East 0.0
North 0.00030724060901
South 0.0

row15col13
West 0.0
East 0.0
North 0.000210420364969
South 0.0

row15col14
West 0.0
East 0.0
North 0.00011165170173
South 0.0

row15col15
West 0.0
East 0.0
North 0.000854818118938
South 0.0

row15col16
West 0.0
East 0.0
North 1.04549097356e-05
South 0.0

row15col17
West 0.0
East 0.000389797802244
North 0.0
South 0.0

row15col18
West 0.0
East 0.0
North 0.00624757189451
South 0.0

row15col19
West 1.22197024032e-06
East 0.0
North 0.0
South 0.0

row15col20
West 0.0
East 0.0
North 0.00150305446291
South 0.0

row15col21
West 0.000381961671772
East 0.0
North 0.0
South 0.0

row15col22
West 0.0
East 0.0
North 1.16683197575e-07
South 0.0

row16col2
West 0.0
East 0.0
North 0.0211912893325
South 0.0

row16col7
West 0.0
East 0.0
North 0.0601200875172
South 0.0

row16col15
West 0.0
East 0.0
North 0.000230522850653
South 0.0

row17col1
West 0.0
East 0.000163974005392
North 0.0
South 0.0

row17col2
West 0.0
East 0.0
North 0.00564425138247
South 0.0

row17col3
West 0.000571191223723
East 0.0
North 0.0
South 0.0

row17col4
West 3.060649955e-05
East 0.0
North 0.0
South 0.0

row17col6
West 0.0
East 0.000555445178185
North 0.0
South 0.0

row17col7
West 0.0
East 0.0
North 0.0211648574783
South 0.0

row17col8
West 0.00630508317606
East 0.0
North 0.0
South 0.0

row17col9
West 0.000390548041387
East 0.0
North 0.0
South 0.0

row17col10
West 0.0
East 0.0
North 0.0
South 0.0

row17col11
West 0.0
East 0.0
North 0.0
South 6.50973415812e-13

row17col13
West 0.0
East 3.65527026041e-11
North 0.0
South 0.0

row17col14
West 0.0
East 5.30403919807e-07
North 0.0
South 0.0

row17col15
West 0.0
East 0.0
North 5.89696899015e-05
South 0.0

row17col16
West 1.62612563555e-30
East 0.0
North 0.0
South 0.0

row17col18
West 0.0
East 0.0
North 0.0
South 2.87257437594e-09

row17col19
West 6.53283984935e-19
East 0.0
North 0.0
South 0.0

row17col20
West 0.0
East 0.0
North 0.0
South 1.80264228824e-13

row17col21
West 7.83537711855e-15
East 0.0
North 0.0
South 0.0

row17col22
West 4.30659499772e-20
East 0.0
North 0.0
South 0.0

row18col1
West 0.0
East 7.21126284745e-06
North 0.0
South 0.0

row18col2
West 0.0
East 0.0
North 0.000516292631418
South 0.0

row18col3
West 0.0
East 0.0
North 7.09884424572e-08
South 0.0

row18col4
West 0.0
East 0.0
North 7.03647289266e-07
South 0.0

row18col6
West 0.0
East 4.50611572084e-09
North 0.0
South 0.0

row18col7
West 0.0
East 0.0
North 0.0
South 2.14537900554e-07

row18col8
West 0.0
East 0.0
North 0.00136210710713
South 0.0

row18col9
West 0.000154640879891
East 0.0
North 0.0
South 0.0

row18col10
West 0.0
East 0.0
North 0.0
South 1.74321592553e-08

row18col11
West 4.71941345156e-10
East 0.0
North 0.0
South 0.0

row18col13
West 0.0
East 1.69412410848e-13
North 0.0
South 0.0

row18col14
West 0.0
East 2.18733092023e-08
North 0.0
South 0.0

row18col15
West 0.0
East 0.0
North 1.39962195157e-05
South 0.0

row18col16
West 3.02172712374e-06
East 0.0
North 0.0
South 0.0

row18col17
West 5.79954904504e-07
East 0.0
North 0.0
South 0.0

row18col18
West 9.54196706687e-08
East 0.0
North 0.0
South 0.0

row18col19
West 0.0
East 0.0
North 0.0
South 4.52535957823e-11

row18col20
West 2.89140460214e-12
East 0.0
North 0.0
South 0.0

row18col21
West 0.0
East 0.0
North 2.04443055626e-16
South 0.0

row18col22
West 3.94633187962e-18
East 0.0
North 0.0
South 0.0

row19col1
West 0.0
East 1.40797866295e-07
North 0.0
South 0.0

row19col2
West 0.0
East 0.0
North 1.38288814275e-05
South 0.0

row19col3
West 9.09974079488e-08
East 0.0
North 0.0
South 0.0

row19col4
West 0.0
East 0.0
North 1.35488333052e-10
South 0.0

row19col6
West 0.0
East 1.5117730946e-08
North 0.0
South 0.0

row19col7
West 0.0
East 6.15863845536e-06
North 0.0
South 0.0

row19col8
West 0.0
East 0.0
North 0.000123968567842
South 0.0

row19col9
West 0.0
East 0.0
North 1.9610864637e-05
South 0.0

row19col10
West 1.43160967672e-06
East 0.0
North 0.0
South 0.0

row19col11
West 5.24444017686e-08
East 0.0
North 0.0
South 0.0

row19col13
West 0.0
East 1.01183373014e-25
North 0.0
South 0.0

row19col14
West 0.0
East 1.77853269504e-17
North 0.0
South 0.0

row19col15
West 0.0
East 2.828399753e-10
North 0.0
South 0.0

row19col16
West 0.0
East 0.0
North 3.55223968575e-08
South 0.0

row19col18
West 0.0
East 0.0
North 9.09982247054e-09
South 0.0

row19col19
West 6.23259084468e-10
East 0.0
North 0.0
South 0.0

row19col20
West 0.0
East 0.0
North 2.84774319733e-14
South 0.0

row19col21
West 3.97467975396e-16
East 0.0
North 0.0
South 0.0

row19col22
West 0.0
East 0.0
North 8.14590494109e-20
South 0.0
