0.0142605618951
0.0210383232034
0.0259359044987
0.0200774015225
0.018197292988
0.0190677578273
0.0203187573143
0.0201802750252
0.0194380614898
0.0231510883327
0.0246251598734
0.0253816089474
0.0239849767102
0.0238392527665
0.023956927864
0.0236969496614
0.0231574289784
0.0228449977498
0.024593982071
0.0245296254001
0.0249863673724
0.024357852794
0.0235550586888
0.0230433636978
0.0221640346077
0.0226334985027
0.0226129900475
0.0225548344239
0.0229344753826
0.0231839739548
0.0235511614042
0.0232495734369
0.0225450409085
0.0224352685986
0.0224214297207
0.0224441010524
0.0221149124054
0.0219928591273
0.0220067309557
0.0217889447774
0.0216792211769
0.0217652452137
0.021570059784
0.0212540356212
0.0217331718944
0.0215682080255
0.0215212570196
0.021939093971
0.0218311006176
0.0219908127397
0.0216180732576
0.0215137346267
0.0215550485353
0.0213401765284
0.0213431891133
0.0216151643228
0.0212374382885
0.0212577437852
0.0214513257107
0.0213273584557
0.0213209233073
0.0212219870034
0.0214006742109
0.0213898989522
0.0213366682755
0.0211238051542
0.0209110786057
0.0210841475183
0.0211392307541
0.0210975964344
0.0212116700849
0.0212180093893
0.0214127700448
0.0216906991216
0.0216504243817
0.0217658477864
0.0218449135515
0.0217971293367
0.0217817130274
0.0216693731702
0.0220549618297
0.0219811224111
0.0218230760947
0.0218931075512
0.0218275468978
0.0217549121388
0.021635503502
0.0216974223714
0.0217237209448
0.0217400162579
0.0219346329628
0.0218161301258
0.0217934936204
0.0218080532434
0.0219413832185
0.0217722983655
0.0216334933377
0.0217525869123
0.0216489982557
0.0215292551491
0.0214916227483
0.0214646707867
0.0214399867728
0.0213716267518
0.0215288703812
0.0216502928234
0.0216650470588
0.0216239567469
0.0216669166465
0.0217492288585
0.0216873365168
0.0216273076963
0.0217463333343
0.0217570542316
0.0216313724182
0.0217019356614
0.0217650289442
0.0219499382627
0.0219068290574
0.0218262095953
0.021870053642
0.0219286553456
0.0219399878713
0.0220494524253
0.0221295395698
0.0222274899345
0.0223788970826
0.0224170355179
0.0226326276948
0.0225881619444
0.0225546919596
0.0224478623205
0.022455680523
0.0224373240489
0.0224075274679
0.0224656531937
0.0225374469022
0.0226048560104
0.0226540074371
0.0226003288465
0.022655328233
0.0226701059171
0.0226607952157
0.0227592588427
0.0226843089446
0.022727128452
0.0228881754124
0.0228337586272
0.0228862741335
0.0228480365317
0.0231099066193
0.0231581557182
0.0234660456466
0.023397320729
0.0234508745692
0.0235881425776
0.0237461001389
0.023829601095
0.0238258892968
0.0238904723758
0.0240276872362
0.0239778672559
0.0239587911342
0.0238813069525
0.0239764815446
0.0240709591618
0.0241673606207
0.0242041373977
0.024154668447
0.0241120630545
0.0241314642927
0.0240860894499
0.0243082250094
0.0243179539458
0.0244086499434
0.0245967660612
0.0245606719537
0.0245827555395
0.0246428264395
0.0246183226086
0.0245926914371
0.0247624041457
0.0247406854916
0.0247072884523
0.0248961960894
0.0248286159133
0.0249134696024
0.024891996835
0.0248803899725
0.0249969198879
0.0249694495369
0.0250962937163
0.0252766672364
0.0253236673443
0.0254431778003
0.0255804158076
0.0256232960014
0.0255330963213
0.0255702386074
0.025569834252
0.02549672065
0.0254872309961
0.0254559582869
0.025452808765
0.0255040968956
0.025479108241
0.0255296455398
0.0256507274778
0.0256560412236
0.0256053548165
0.0256407830716
0.0256556725998
0.0258164415539
0.0259863637754
0.0260178707686
0.025964113547
0.0260046055564
0.0260770865892
0.0260752402278
0.0261406287972
0.0261551131867
0.0263202413098
0.0263255341576
0.0264054998913
0.0264533706556
0.0264475481159
0.0264426808085
0.0263789465291
0.026447214875
0.0264422094662
0.0264254357304
0.0263780989374
0.0264462405681
0.0264241150137
0.0265337323878
0.0266055792317
0.026580549502
0.0267009148962
0.0267303930037
0.0267623683144
0.0267907779199
0.0267510888746
0.0267993868116
0.0268417962184
0.0268689033294
0.0268804498017
0.0269679721215
0.0270640342996
0.0270762582242
0.0271406868815
0.0271147973731
0.0272789151159
0.0272172141034
0.0272589978027
0.027301758609
0.0274353437951
0.0275133292513
0.0275760617343
0.0275736733927
0.0275111587324
0.0275088799438
0.027554683955
0.0275905661701
0.0276622741878
0.0275940532685
0.0277686066939
0.0278505586879
0.0279578065759
0.0279579060026
0.0280144772457
0.028069038186
0.0280855670097
0.0281377434607
0.0281998398832
0.0282256319968
0.0283723835044
0.0283246400464
0.0283194849692
0.0284483761133
0.0286455261177
0.0286584485276
0.0286582327076
0.0286494104003
0.0287724613136
0.0288424307836
0.0289196962399
0.029072505016
0.0290835728865
0.0290995802541
0.0291911842911
0.0291921230866
0.0291849150741
0.0292822166847
0.0293998109373
0.0295252808368
0.0295612276379
0.0295908496206
0.0297645737501
0.029774071216
0.0297735479025
0.0297901068884
0.0297981883022
0.0297945615885
0.0297979122308
0.0298367210723
0.0298605144791
0.0299742006057
0.0300945415021
0.0301364062415
0.0301747761904
0.0301817364914
0.0302346164918
0.030303182202
0.0303280475832
0.0303633619376
0.0303382649082
0.0303653794836
0.0304688199838
0.0305369732971
0.03055309259
0.0305830777731
0.0306188290743
0.0306935040454
0.0307831184602
0.0309222916817
0.0309466980355
0.0310210344183
0.0311704354542
0.0311968190913
0.0312221509212
0.0312855064133
0.031308797701
0.0313433401567
0.0313483908973
0.031402885047
0.031437185072
0.0314105258108
0.0314378165759
0.031445902821
0.0314590824441
0.0314783865836
0.0315627395397
0.0315487625864
0.0315387863336
0.0315597993583
0.0316427707712
0.0317576276953
0.0318021490821
0.0319216203881
0.0319034446897
0.0319017591205
0.0319673554287
0.0319518754556
0.0319685446458
0.0319690447283
0.0320267571498
0.0322178318711
0.0323367735062
0.0323490690014
0.032344425937
0.0323636807382
0.0324042842368
0.0324721530497
0.0324780648971
0.0325283812591
0.0326132377567
0.0326836733456
0.0327744040517
0.032849664764
0.0329220744814
0.0329315748932
0.0329567502597
0.0329871003596
0.0330703255802
0.0331224353666
0.0331910693577
0.0332873331372
0.0333010162102
0.0334014746944
0.0334059064893
0.0334075014929
0.0335037216632
0.0335266532806
0.0336031425591
0.0336950351775
0.0338949353731
0.0339268174635
0.0339641612244
0.0339990793813
0.034038796606
0.034107308872
0.0341600008605
0.0342206158139
0.0343268742275
0.0344036868923
0.0344711457534
0.0345078382427
0.034559343258
0.0346856920747
0.0347249870437
0.0348088701334
0.0348716795488
0.0349259062782
0.0350186227103
0.0350788459364
0.0351239097518
0.0351680875179
0.0352544141397
0.0353685322838
0.0353819656289
0.0354775875775
0.0354893065329
0.0355296389738
0.0355865053698
0.0356393978482
0.035647628469
0.0357170942337
0.0357532716668
0.0358030408507
0.0358495175188
0.0358438462271
0.0359269289492
0.0360287200504
0.036084626745
0.0361349189177
0.0362079419614
0.0362923623656
0.0363420080706
0.0364106685097
0.0365135120072
0.036556292831
0.0365914313213
0.0366278542978
0.0366427882357
0.0367316559966
0.0368290683619
0.036897521335
0.0370124427401
0.0370925161344
0.0371448165434
0.0371735535372
0.0372651006814
0.0373396903188
0.0373780666334
0.0374092657314
0.03742901267
0.0375820167087
0.037598466368
0.0376544414248
0.0377070160427
0.037766779587
0.0377972393981
0.0378547896638
0.0379459147859
0.037985698917
0.0380564123614
0.0381066416909
0.038139113882
0.0382110709348
0.0382375195857
0.0383294564441
0.038416239621
0.0384298217813
0.0384908020028
0.0385688439173
0.0385917393102
0.0386444096824
0.0386935165514
0.0387905986078
0.0388527730247
0.0388636020002
0.0389448540417
0.0390625732377
0.0390960535551
0.0391434538255
0.0391871527112
0.0392702383384
0.0393747759287
0.0394642215294
0.039528543932
0.0396141634819
0.0396526664363
0.0397092521232
0.0397351510463
0.0397538544759
0.0397995145171
0.0398202106226
0.0398762708383
0.0399026573234
0.0399895399132
0.0400684308758
0.0401517555519
0.0402100282184
0.040313514512
0.0403603494862
0.0404364989972
0.040484258532
0.040575292881
0.0406467511717
0.0407492241905
0.040815349327
0.0408857317401
0.0409156568758
0.0409615622592
0.0410106196464
0.0410751165754
0.041165208089
0.0412584789971
0.041372034115
0.0414178654699
0.0414759459632
0.0415415552437
0.0415953195144
0.0416220548784
0.0416241672893
0.0417268211884
0.041804093267
0.0418517878315
0.0419191321013
0.0419619309905
0.0420250022519
0.0420888068474
0.0421110023082
0.0421423632888
0.0421861692302
0.0422231756014
0.0423153782387
0.0423570255392
0.0423847834321
0.042500653625
0.0425890259663
0.0426541587134
0.0426913855468
0.0427223598975
0.0428009021442
0.0428296640623
0.0429647275219
0.0430168255007
0.0431518661934
0.0432924162074
0.0433389681541
0.0434426482404
0.0435594124108
0.043667242869
0.0437013039795
0.0437207566859
0.0438177349044
0.0438613347138
0.0439094081156
0.0439925074469
0.0440533694368
0.044146761561
0.0441708660751
0.044237826826
0.0443056413777
0.044317090196
0.0443809355358
0.0444481682615
0.0444651803747
0.0445541793299
0.044589684574
0.0446334984802
0.0447195474761
0.0447368796334
0.0447664013945
0.0448147424037
0.0448720959437
0.0449176403062
0.0449680258698
0.0450269012675
0.0451050742105
0.045147703247
0.045177495396
0.0452468200142
0.0453034420748
0.0453670950295
0.0453928327905
0.0454024110285
0.0454735236609
0.0455168685425
0.0456180052766
0.0457132585068
0.0458299734818
0.0458919449126
0.0459704478826
0.0460394366553
0.0460729482421
0.0460915565406
0.0461125110308
0.0461227068306
0.0462075349852
0.0462978863764
0.0463803964576
0.0464215115376
0.0465813345041
0.0466072058886
0.0466456976172
0.0467479624428
0.0468206326673
0.0468734526491
0.0469047863284
0.0469254621806
0.0469841524685
0.0470191601664
0.0471203425465
0.0472271964443
0.0472929810907
0.0473467498283
0.0474502471253
0.0475927882741
0.0476464726346
0.0477212173679
0.0478033596977
0.0478591931761
0.0478943532604
0.047980865828
0.0480734331382
0.048153878616
0.048198257899
0.0483052539943
0.0483991921278
0.0484415752939
0.0485212239687
0.0485865946989
0.0486736502117
0.048759689217
0.0488254987626
0.0489087880274
0.0489870935343
0.0491184376497
0.0491658324375
0.0492607184997
0.0493314953748
0.0494144013806
0.0494743264546
0.0495324972125
0.0496025005145
0.0497055989478
0.0497869268358
0.0498920446794
0.0499631964047
0.050035768383
0.0500884798413
0.0501455877172
0.0502372039258
0.0503593139086
0.0504812783189
0.05054351446
0.0506542610868
0.0506911570398
0.050727218515
0.0508119676866
0.0508698061456
0.0509559384438
0.0510029508608
0.051054409104
0.0511906901558
0.0512755206027
0.051344685945
0.0514499031565
0.051503314052
0.0516032529477
0.0516900341089
0.0518112015726
0.0519088095604
0.0520173955166
0.0520840619394
0.052177464958
0.0522261980101
0.052306565598
0.0524226011374
0.0524681698918
0.0525242517139
0.0525751535555
0.0526362159098
0.0527089134134
0.0527657850799
0.0528667615103
0.0529320508752
0.0530125115905
0.0530697265669
0.0531281479001
0.0531784459995
0.0532639623148
0.0533507993863
0.0534608290869
0.0535617145481
0.0536237500888
0.0536733545932
0.0537314263814
0.0538059419266
0.0538894112755
0.0539656886232
0.0540498003128
0.0541519197153
0.0541820467082
0.0542385868065
0.0543128803021
0.0543761869221
0.0544426267052
0.0545121829249
0.0545570720198
0.0546269785663
0.0546990776248
0.0547251549597
0.0547874009401
0.0548174516221
0.0549338617122
0.0549876246226
0.0550344360305
0.0551805185578
0.0552544735019
0.0553713861983
0.0554231657222
0.0554891079805
0.0556096794761
0.055694691753
0.0557064848687
0.0558305564054
0.055914321864
0.0560010834535
0.0561256120827
0.0561894398797
0.0562699472345
0.0563480695097
0.0563800711288
0.0564581551553
0.056518855214
0.05657433459
0.0566739732485
0.0567561361366
0.0568217719526
0.0568885352745
0.0569551927547
0.0570067858701
0.0570488123325
0.0571426180838
0.0572064694773
0.057255229825
0.0573265354265
0.0573588129398
0.0574508556332
0.0575354615542
0.0576406361188
0.0577355854136
0.0578373120321
0.0579087436998
0.0579882179326
0.0580710482815
0.0581481209633
0.058220662303
0.0582527916731
0.0583651698228
0.0584173847595
0.0584759387616
0.0585586904549
0.058651606062
0.0587315775577
0.058827041233
0.0589457193341
0.0589971975909
0.0590179223166
0.0591165170423
0.0591855920006
0.0592238953011
0.0593169653603
0.0593805749426
0.0594536921965
0.0595605435874
0.0596744459704
0.0597269122641
0.0597936177633
0.0599013895829
0.0599352600889
0.0600432460486
0.0601011575809
0.0601818227469
0.0602528448206
0.0603243079331
0.0604274679911
0.0604961897844
0.0606025941392
0.0606883601972
0.0607867434431
0.0608411470113
0.0609420359694
0.0610316049055
0.0611161590382
0.0611790353744
0.0612650770315
0.061364356181
0.0614406757167
0.0614909923813
0.0615253330573
0.0616383338796
0.0617068934737
0.0617791004415
0.0618623238911
0.0619553944032
0.0620316985292
0.0621124841951
0.0621754913144
0.0622401925423
0.0623018401898
0.0623981580638
0.0624927616574
0.0625717094129
0.0626412121878
0.0627481709976
0.062821082874
0.0628982919292
0.0630268928475
0.0631030949033
0.0631704826868
0.0633225630794
0.0634630492265
0.063527664988
0.0636171205675
0.063689813709
0.0637439108458
0.0638206860801
0.0639275897476
0.0640337529538
0.0641000954633
0.0641709915829
0.0642821621827
0.0643429157502
0.0644148661105
0.0644993249883
0.0646141443146
0.064720922048
0.0648232691361
0.0648932569576
0.0649757445293
0.0650744845832
0.0651705183768
0.0653003351953
0.0653853489034
0.0654196860508
0.0655153380326
0.0656005215152
0.0656612411109
0.0657370021045
0.0658391939162
0.0659317113607
0.0660236367837
0.0660966531112
0.0661770082508
0.06628534455
0.0663773143415
0.0664791298608
0.0665782755344
0.0666604062617
0.0667968055754
0.0669046691679
0.0670099624091
0.0670875606327
0.067181076126
0.0672953319306
0.0673777446169
0.0674692409163
0.0676145282822
0.0676686522783
0.0677733728778
0.0678688514306
0.0680250190163
0.068122997431
0.068209295346
0.0682863156591
0.0683585797778
0.0684187212514
0.0685134154485
0.0686270288714
0.0686881767574
0.0687929827805
0.0689276601971
0.0690184854402
0.0690877502052
0.0691733556781
0.0692302980677
0.0693180163296
0.0693957804628
0.0694779131276
0.0695224859799
0.0696407939849
0.0697107068815
0.0698034106677
0.0698779089294
0.0699704838177
0.0700816311134
0.0702000135796
0.0703295338912
0.0704243704969
0.0705147074071
0.0706057277972
0.0706573987628
0.0707328068289
0.0708260695126
0.0709336633119
0.0710462095173
0.0711695476611
0.0712741616465
0.0714083530221
0.0714982920296
0.0715918096667
0.0717137220488
0.0718104039653
0.0718879386413
0.0719569777078
0.0720466261787
0.0720892986908
0.0721423154155
0.0722485082711
0.0723315570656
0.0724249365906
0.0725348828766
0.0726461989234
0.0727925045856
0.0728935972516
0.073029073304
0.073096222743
0.0731997002259
0.0732980992174
0.0734103666713
0.0734765755377
0.0735689348136
0.073672626242
0.0737410652237
0.0738517686343
0.0739203672493
0.0740258234393
0.0741178012965
0.0742048867739
0.0742920512764
0.0744242289745
0.0744815559453
0.0745695926245
0.0746955054515
0.0747793943779
0.0748664701357
0.0749575893547
0.0750290389904
0.0750949131303
0.0751731999911
0.0752843237551
0.0753602918501
0.0754583564381
0.0755549822738
0.0756509527602
0.075735100556
0.0758599391385
0.0759400289324
0.0760213803418
0.0761181077665
0.0762411218392
0.0763471008853
0.0764153597914
0.0765188985295
0.0766307966119
0.0767356478514
0.0768742269633
0.0769726031825
0.0770387480727
0.077140174669
0.0772315558109
0.0773113492195
0.0774461090795
0.0775607952569
0.0776734844357
0.0777633463109
0.0778881763408
0.0779807000126
0.0780627554929
0.0781463409922
0.0782458122111
0.0783329169392
0.078454218803
0.0785366076203
0.0786421776563
0.0787408616644
0.0788739537073
0.0789661735798
0.0790572753589
0.0791404817542
0.0792566978416
0.0793389730875
0.0794794183939
0.0795570557717
0.0796633104055
0.0797644412173
0.0798744732154
0.0799848636208
0.0801137126774
0.0802108013193
0.0803360352823
0.0804286035795
0.0805061155541
0.0805991580694
0.0807225666556
0.080838236608
0.0809599679163
0.0810383624678
0.0811595498596
0.0812819354375
0.0814076719788
0.0815363929332
0.0816603835974
0.0817591978284
0.0819038791997
0.0820031306515
0.0821054395801
0.0822054360306
0.0823011750393
0.0823819834576
0.0824725718589
0.0826169167739
0.0827176987153
0.0828108165676
0.0829118254968
0.0830003867097
0.0831143932267
0.0831981697965
0.083315004481
0.0834422240845
0.0835702134639
0.0836555428987
0.0837448210798
0.0838424563102
0.0839713674775
0.0840822112313
0.0841780813027
0.0842989785527
0.0844051431596
0.0844987501268
0.0846812209783
0.0848248509464
0.0849367906093
0.0850741148595
0.085152027063
0.0852817265593
0.0854400229974
0.0855297715713
0.0856325970965
0.0857276387713
0.0858127184873
0.0859202412292
0.0860624238587
0.0861715343796
0.0862673749327
0.0863458434077
0.0864617235772
0.08657740905
0.0866554469268
0.0867542430032
0.0868678393716
0.0870226049653
0.0871283726714
0.0872197262138
0.0873161431352
0.0874021466972
0.0874944657996
0.0876167593143
0.0877389789144
0.0878785693734
0.0879835421328
0.0880997987262
0.0882133829496
0.0883224924525
0.0884318914794
0.088553780989
0.0886799011926
0.0887901399808
0.0888904453738
0.0889945721309
0.0891137004628
0.0892333746042
0.0893678847938
0.089492272279
0.0896216912859
0.0897368019827
0.0898611227294
0.0900123443086
0.0901065554353
0.0902764118651
0.0903857286245
0.0904902396001
0.0906105833716
0.0907313667691
0.0908343751579
0.0909330547776
0.0910364695608
0.0911785241354
0.0912861983714
0.0913946275982
0.091542959567
0.091646159498
0.0917616783888
0.0918784360742
0.0920158052382
0.0921272603534
0.0922577588544
0.092368676704
0.092476222775
0.0925636760706
0.0926526150822
0.0927674836455
0.0928867537296
0.0930264679666
0.0931172067462
0.0932365974314
0.0933375581421
0.0934194032798
0.0935681819586
0.0937148455751
0.0938200332208
0.0939482677882
0.0940572675319
0.0941952597882
0.0943245405229
0.0944392507066
0.0945642491586
0.0946994215108
0.094817017961
0.0949323516413
0.0950405092643
0.0951421821296
0.0951969762497
0.0953093278121
0.095388098692
0.0954697243736
0.0955609558982
0.0956561208687
0.0957576209481
0.0958677282334
0.0960106960868
0.0961135138005
0.0962280448164
0.0963350124027
0.0964441785449
0.0965871945003
0.0967177193099
0.0968778261152
0.0969806321584
0.0970884954458
0.0972150381608
0.0973127590101
0.0973974139039
0.0975525603813
0.0976860295949
0.0977705268761
0.0978798964147
0.0979874246548
0.0981252949995
0.0982477049211
0.0983375727818
0.0984626949739
0.0985659993062
0.0986697972841
0.0987742177844
0.0989124452323
0.0990196038106
0.0991564735248
0.0992702182888
0.0994265332025
0.0995252794635
0.0996130088983
0.0997225233017
0.0998563109045
0.100006588301
0.100133621105
0.10026761592
0.100387641739
0.100514169973
0.100638395555
0.100763547465
0.100845063724
0.100940791394
0.101064228616
0.101165225588
0.101294596818
0.101413980585
0.101537670556
0.101658124085
0.101804768173
0.101939796573
0.102040922021
0.102144653406
0.102275449944
0.102397035185
0.102537006565
0.102653448292
0.102769640734
0.102873231134
0.102979681114
0.10310467064
0.103249593048
0.103365640086
0.103489755295
0.103624919535
0.103744125425
0.103883070482
0.103996451422
0.104117696907
0.104259233861
0.104361831942
0.104480021708
0.104586884349
0.104731114026
0.104836009209
0.104974122726
0.10507565223
0.105198104698
0.105342168705
0.105466978154
0.105624174688
0.105734356551
0.10589712304
0.106040256695
0.106148763062
0.106282971747
0.106399331865
0.106553061629
0.106654808999
0.106798517328
0.106945280294
0.10707517032
0.107182107156
0.107346697985
0.107480613249
0.107613800338
0.107723276227
0.10787625116
0.108001669143
0.108110240146
0.108242538549
0.108376683314
0.108512096206
0.10861481738
0.108747030509
0.108855402554
0.108995101927
0.10911789299
0.109254515935
0.10940944444
0.109536113199
0.109657772634
0.109783477018
0.109910911553
0.110005552697
0.110192008195
0.110331076825
0.110419907501
0.110562389554
0.110695829727
0.110812857258
0.110925326336
0.111062662179
0.111171929924
0.111331367692
0.111462772725
0.111589539847
0.111699313719
0.111844587015
0.111978537004
0.112090033823
0.112197606558
0.112327320586
0.112448816311
0.112587390989
0.112717390328
0.112848133542
0.112957011352
0.113081414357
0.113196576253
0.11330504786
0.113416220239
0.113551976412
0.113692986663
0.113808812597
0.113920047582
0.114045587457
0.114171726897
0.114271161892
0.114376217463
0.114499276646
0.114589863735
0.114704492258
0.114820092562
0.114951117475
0.115097794061
0.115229907387
0.115336565596
0.115458783063
0.115559949951
0.115680876176
0.115809630849
0.115924182514
0.116049742166
0.116159706187
0.116273642827
0.116385253155
0.116518390127
0.1166255558
0.116741552272
0.116870663935
0.117005810316
0.117115412468
0.117215416127
0.117340170433
0.117487502495
0.117615201037
0.117741630269
0.117872489272
0.117988716361
0.118097320448
0.118185968783
0.118335711534
0.118487275045
0.118612299491
0.11872141742
0.118844136736
0.118958084314
0.119071000294
0.119197379527
0.11931806935
0.11944655472
0.11956160143
0.119658321932
0.119764849065
0.119883906245
0.119983662578
0.120121409618
0.120263838587
0.12038639544
0.120503105368
0.120637916513
0.120766509783
0.120914816221
0.121023216135
0.121184013283
0.121323455007
0.121458335365
0.121581211478
0.121705319944
0.121835376563
0.121988381264
0.122133171421
0.122256853932
0.122395318301
0.122499926291
0.122628764699
0.122754406367
0.12288878493
0.123062132227
0.123207595644
0.123340338839
0.123463194575
0.123596600362
0.12373799141
0.123857614307
0.123987304982
0.124097775593
0.124228652849
0.124362071148
0.124484132783
0.124635055197
0.124761764092
0.124909072323
0.125035902108
0.125150377136
0.125312526428
0.125460026532
0.125558896878
0.125653037834
0.125792276477
0.125909417655
0.126027855996
0.126142908314
0.126260860313
0.126389274793
0.126497502876
0.126613232327
0.126753183769
0.12686090369
0.127010372984
0.12712695918
0.127245119552
0.127369368317
0.127527415166
0.127674208486
0.127808226498
0.127922597106
0.128049787956
0.128173004095
0.128309246831
0.128448058059
0.128569059568
0.128740996382
0.128854075955
0.128962181131
0.129041397564
0.129166926844
0.129289351068
0.129410298907
0.129522230279
0.12963251563
0.129751357869
0.129890734563
0.130008105306
0.130098969353
0.13024106205
0.130393823715
0.130507373538
0.130630473137
0.130747852144
0.13086025193
0.13101082895
0.131124476437
0.131257026366
0.131364498092
0.131475719271
0.131599896208
0.131722072935
0.131843909907
0.13197689124
0.132125034504
0.132259051506
0.13239445221
0.132522365005
0.132661459191
0.132798061156
0.132918524794
0.133040657581
0.133183869154
0.133299091724
0.133400733968
0.133531494275
0.133643832336
0.133762791226
0.133916419705
0.134045556416
0.134180436947
0.134325540069
0.134463310148
0.134579735589
0.134673997423
0.134797362929
0.134915398138
0.13505636453
0.135178434042
0.13529666388
0.135425394421
0.135522477339
0.135635295325
0.135760057944
0.135894251272
0.136008915252
0.136124758261
0.136252042255
0.136361151658
0.136489981616
0.136599309917
0.136740659208
0.136882757344
0.136989741382
0.137121524448
0.137248891922
0.137364557109
0.137497220813
0.137646615613
0.137797050001
0.137943444702
0.138046928017
0.138185910661
0.138315608526
0.13844718961
0.138554061149
0.138682766415
0.138817679897
0.138947490325
0.139059040734
0.139178681731
0.139302330195
0.139423044983
0.139522576637
0.139653708376
0.139777046969
0.139898977653
0.140012247179
0.140140453972
0.140244907011
0.140367846032
0.140493505453
0.140611698811
0.140731954152
0.140857436825
0.140968251345
0.141076731501
0.141205592503
0.141334861974
0.141451218391
0.14155685522
0.141671619704
0.141784176971
0.141911600713
0.142025605287
0.142150535977
0.14225813925
0.142368795194
0.142494625116
0.142599813231
0.142718060879
0.142847729401
0.142954034711
0.143082027555
0.143218540029
0.143348511498
0.143453178822
0.143565714074
0.143691420423
0.143820564323
0.143931405171
0.144022071573
0.144140813254
0.144262085209
0.144389749346
0.144494481301
0.144628745074
0.144754577981
0.144900852839
0.145010488828
0.145105901198
0.145226219254
0.145373075204
0.145515185404
0.145653295349
0.145784049486
0.1459214719
0.146038916848
0.146186469241
0.146278588913
0.146422992575
0.146521064358
0.146647582275
0.146771505878
0.146900620159
0.147003479139
0.14711329273
0.147235686633
0.147362164393
0.147487365644
0.147602892656
0.147711850947
0.147826619245
0.147953666902
0.148088543874
0.148224444844
0.148337826198
0.148466342534
0.148595269759
0.14874544251
0.148852321238
0.148969700231
0.14908485445
0.149214020701
0.149331481607
0.149446573459
0.14956425517
0.149686948977
0.14982217276
0.149977226558
0.150105299165
0.150211478562
0.150342630158
0.150456389907
0.150561501073
0.150678717034
0.150808865977
0.150945987264
0.151068691062
0.151205192177
0.151324798544
0.151445797777
0.151594588196
0.151712914944
0.15183046654
0.151934852751
0.15206547442
0.152201279164
0.152333497924
0.152463533353
0.15258893243
0.152727830283
0.152851604797
0.152989994362
0.153090252326
0.153206520581
0.153333324842
0.153447649987
0.153560495585
0.153709830307
0.15382911188
0.153946414755
0.154077172638
0.15419805463
0.15432362851
0.154477246743
0.154638398266
0.15474326671
0.154883940888
0.154990336972
0.155113670046
0.155210690023
0.155354927115
0.155493002729
0.155601893952
0.15573054091
0.155854424381
0.155984337278
0.156109368102
0.156241456161
0.156375577906
0.156486468904
0.156597671947
0.156714140997
0.156839829395
0.156977786077
0.157101651869
0.157227455913
0.157350367416
0.157477680747
0.157632032407
0.157780692955
0.157914301677
0.158052606186
0.158179695946
0.158301674192
0.158407767504
0.15849942598
0.158623939901
0.158747651156
0.158892113961
0.159000197206
0.159127369991
0.159236816109
0.159375685067
0.159483707981
0.159604847372
0.15970973891
0.15983226281
0.159937954111
0.160039516748
0.160157087757
0.160299022209
0.16041117107
0.16051583541
0.160648031767
0.160754586467
0.160865682218
0.160988417119
0.161115269953
0.161231674784
0.16136047355
0.16148980641
0.161627251684
0.161758646562
0.161874517542
0.161999625179
0.162130469291
0.162256627115
0.16236860702
0.162484649831
0.162592328807
0.162710703259
0.16283316896
0.162943363028
0.163082497086
0.163202068058
0.163316008114
0.16344222961
0.163572902503
0.163689641103
0.163822187853
0.163954621791
0.164079778119
0.164209171391
0.164327924441
0.164460428736
0.164564019806
0.164696424698
0.164807973759
0.164938004144
0.16507431554
0.165169793296
0.165298868939
0.165427021088
0.165560313034
0.165666632009
0.165795775237
0.165919931553
0.166028651101
0.166149676949
0.166260457699
0.166404692282
0.166509481181
0.166642512496
0.1667990441
0.166913713855
0.1670333103
0.167152644405
0.167261103973
0.1673996386
0.167506033811
0.167632712591
0.167737814831
0.167871704323
0.16800282778
0.168121269946
0.168256171732
0.168384472002
0.168504402657
0.168619246295
0.168750764764
0.16888223389
0.169001364541
0.169152796476
0.16928417238
0.169414173589
0.169541746768
0.169651540922
0.169765314432
0.169899486934
0.170002176276
0.170125562415
0.170264465441
0.170379377939
0.170505849726
0.17062463088
0.170743926585
0.170862870263
0.170982177335
0.171079814169
0.171197655299
0.171312275585
0.171442478228
0.171567331368
0.171693782538
0.171807767132
0.171944352393
0.172069540023
0.17220654728
0.172330440026
0.172455565618
0.172585948271
0.172706021831
0.172822177168
0.172946602214
0.173051708185
0.173156391323
0.173279853578
0.173391943278
0.173514110221
0.173651708207
0.173762921751
0.173878576794
0.173990430449
0.174122616466
0.17424992675
0.174357479315
0.174455145307
0.174564469148
0.174666622727
0.174790234117
0.174920156981
0.175067859612
0.175187994453
0.175300849454
0.175430629136
0.175544481744
0.175647472627
0.175769346593
0.175918137978
0.176041187644
0.176175354739
0.176293964801
0.176420897955
0.176558577448
0.176679614933
0.17680943433
0.17692656137
0.177056512155
0.177184156894
0.177330137453
0.177463241153
0.177590938298
0.177727610646
0.177841096266
0.177962820801
0.17810428128
0.178234595985
0.178362395301
0.178484092594
0.178604659688
0.178738150443
0.178850552738
0.178975652832
0.179130165837
0.179246491632
0.179371274215
0.1794879612
0.179620257354
0.179733878106
0.17986199853
0.17998490197
0.180097036875
0.180221697963
0.180363388013
0.180491766453
0.180602513869
0.180714862116
0.18084743609
0.180976696968
0.181100582631
0.181212913564
0.181337258187
0.181467101639
0.181607759429
0.181741356156
0.181857359666
0.181963656019
0.182099014466
0.18223531948
0.182339784254
0.182455954214
0.182583173238
0.182678646522
0.182789348039
0.182897296445
0.183010256656
0.183131303001
0.18324163575
0.183360480064
0.183464714908
0.183583542858
0.183701997311
0.183830997861
0.183959279911
0.184079211439
0.18419130547
0.184293738516
0.18440045713
0.184523346349
0.184649183139
0.184778945258
0.184896463047
0.185009977007
0.185130046292
0.185260471458
0.185373377486
0.185496345665
0.185629381945
0.185743682021
0.185862616385
0.186001289491
0.186119347416
0.186233319066
0.186345739929
0.186473958023
0.186591656136
0.186694543061
0.186811038546
0.186933496127
0.187061477753
0.187202143839
0.187325732948
0.187441180321
0.187589888492
0.187691829699
0.187813944692
0.187952678653
0.188070992814
0.188171009876
0.188279127721
0.188392409742
0.188509902235
0.188634942874
0.18876495203
0.188894659323
0.189006945256
0.189128589264
0.189256438004
0.189370732221
0.189484398153
0.189602437744
0.189740275412
0.189848849285
0.189962197353
0.190083709405
0.190193002155
0.190317439933
0.190456865772
0.190563832577
0.190666754238
0.190793722189
0.190911865606
0.191024112405
0.191131457626
0.191258126778
0.19138066737
0.19151532065
0.191623031461
0.191749454374
0.191861009119
0.191992599584
0.192122377493
0.192239669768
0.192363320542
0.192476088883
0.192590200587
0.192713961422
0.192829639339
0.192958295968
0.193079916326
0.193195722316
0.193313904013
0.193434587233
0.193546446505
0.193677140124
0.193815637201
0.193919730194
0.19403906139
0.194140523841
0.194269764883
0.194397679556
0.1944983025
0.194614884353
0.194739815231
0.194868467578
0.195011058973
0.195134309542
0.195241646917
0.195374098038
0.195485747954
0.195608292322
0.195726265332
0.19583566891
0.195963654131
0.196078199228
0.196183838817
0.196309570346
0.196428535296
0.196546789503
0.196648187307
0.196756702839
0.196882024357
0.196992467529
0.197109052982
0.197218166209
0.197335293971
0.197467559851
0.197572771441
0.197681802972
0.197809395516
0.197924930898
0.198035322149
0.198162680806
0.198277315396
0.198402469719
0.198529549473
0.1986398312
0.198774657629
0.198903034882
0.199019102841
0.199129341774
0.19924302151
0.199354455685
0.199487659121
0.199603384406
0.199711792962
0.199810545352
0.199918043931
0.200041782259
0.200150324653
0.20025367551
0.200360922421
0.200462406259
0.200599085802
0.200715330982
0.200838631291
0.200958401456
0.201071507183
0.201187246756
0.201295530194
0.201409678247
0.201520745414
0.201641687778
0.201765903738
0.201890729749
0.201998704948
0.202122629585
