0.0
0.0
0.0
0.0
0.0
0.0
0.0
0.0
0.000899941231307
0.000809947108176
0.000736315552887
0.00067495592348
0.000623036237058
0.00776206339026
0.0095150033395
0.00892031563078
0.0108551225656
0.0102520602008
0.0120809782606
0.0133632648023
0.0127269188593
0.0147338775124
0.0141248778672
0.0135363412894
0.0129948876378
0.0181048525148
0.0174867463813
0.0168622197249
0.0162807638723
0.0157380717432
0.0152303920095
0.016827631107
0.0163177028917
0.0187541763172
0.0182183427081
0.0179153268732
0.0176736824494
0.0172085855428
0.0193314423238
0.0188481562657
0.0183884451373
0.0181434695645
0.0181394954688
0.0177272342081
0.0173332956701
0.0174609502907
0.0171734813354
0.0186018983909
0.0184983411876
0.0181835417447
0.0178270017105
0.0174841747545
0.0180284190613
0.019546411301
0.0192992739229
0.0190151182022
0.0186815196373
0.0183594244711
0.0180482477852
0.0182097596106
0.0179112389613
0.0176223480103
0.0173675323366
0.0170961646438
0.0168331467262
0.0180174929879
0.0177485751822
0.0184211377998
0.0188981388219
0.0199049789876
0.0196634774391
0.0193903735858
0.0191451700098
0.0195125207261
0.0192523537831
0.0190566205873
0.0188091320082
0.0185679892902
0.0183329514511
0.0183459289135
0.0181501696437
0.0182501920803
0.0180778995178
0.0178626864283
0.0176525371762
0.0184442227904
0.0184437442644
0.0186855361687
0.0186720184755
0.0184645516036
0.0182616444431
0.0180631483078
0.019047642933
0.0197814481542
0.0195732223842
0.019369334651
0.0191696507886
0.0189740421071
0.0187823851161
0.0190822362441
0.018893303212
0.0201912546962
0.0199952230973
0.0198029613367
0.0196143617049
0.0194293205568
0.0192477381217
0.0190695183242
0.0188945686148
0.0187227998092
0.0188455975992
0.018677333335
0.019159937193
0.0192756689238
0.0191080544114
0.0196103823367
0.0194427722313
0.0196290301203
0.0194640802874
0.0193018796183
0.0193108779899
0.0195082603259
0.0193496565834
0.0192416259296
0.0190876929222
0.0193768385262
0.0192242649944
0.0199144589387
0.019760083288
0.0196080826474
0.0194584026272
0.019310990486
0.0191657950689
0.0190227667474
0.0190253473526
0.0188854550927
0.0187609624159
0.0186250134129
0.0186621189893
0.0192784183229
0.0191416919518
0.0190333167544
0.0189002166373
0.0187689651328
0.0186535078196
0.0185257440674
0.0185127004915
0.0183876146773
0.0182642078674
0.0181424464816
0.018509113651
0.0183873431665
0.018267164453
0.0186258788985
0.0185057119379
0.0183870855793
0.0190189739138
0.0188986006612
0.0196497455264
0.0205056348864
0.0204944993191
0.0207191012321
0.0208485057247
0.0207616067253
0.0206357788057
0.0205114668852
0.0209290628919
0.0208193031607
0.0206961120178
0.0205743701824
0.0210388475497
0.0209165286686
0.0207956238786
0.0206761087989
0.0205579596057
0.0205141712879
0.0206008064345
0.0204850715669
0.0207051197365
0.0206039214494
0.0204900876292
0.0207283287459
0.0210167487476
0.020911503034
0.0208929676742
0.020780639891
0.0208713068448
0.0208222275899
0.0207120570735
0.0210780462468
0.0209676899837
0.0208584832651
0.0207504082222
0.0206434473551
0.0205438093265
0.020447863669
0.0204922851856
0.0203887887958
0.0202988422594
0.0203895120158
0.0208160725659
0.020843478194
0.0207408009615
0.020642346125
0.0207550093415
0.0206542568689
0.0205936057299
0.02049459801
0.0208054395273
0.0208384562786
0.0207396958223
0.0206418670684
0.0205449568944
0.0207434614929
0.0206469802767
0.0208046815589
0.0209847230906
0.0208884628929
0.0207930817838
0.0208986253524
0.0210032137755
0.0209958621299
0.0209017102818
0.0211720179367
0.0213440253856
0.0212495827954
0.0211559722985
0.0210631829463
0.0209712039815
0.0209279305338
0.0211396439497
0.0212813725896
0.0217361403251
0.0216432508366
0.0215511518969
0.0214598334566
0.0213692856361
0.021544309398
0.0214541658441
0.0213830094485
0.0212942832682
0.0212062903621
0.0211190216775
0.02103246831
0.0209967364922
0.0209585311493
0.0209064701773
0.0208221698944
0.0208684798727
0.0207891694752
0.0207063440988
0.0206241760666
0.0205426575842
0.0206866097539
0.020806796415
0.0210234735149
0.0210342097601
0.0212849977067
0.0212072692607
0.0211257028405
0.0210447614503
0.0209644379333
0.0209335891794
0.021093026118
0.0210134297931
0.0209344319367
0.0210577943069
0.0212270171532
0.0216533666626
0.0223236787817
0.0222413035833
0.0223686517658
0.0222867153124
0.0223430972283
0.022261849602
0.0221860645946
0.0221059704986
0.0222531610399
0.0223772716069
0.022803824328
0.0227661190986
0.0226853881798
0.0226983444387
0.0228403394969
0.0230707097761
0.0229900429587
0.023118557422
0.0230464963082
0.023090794218
0.0230111707897
0.0229320946014
0.0229967519264
0.0232595616468
0.0231804474916
0.0233503063751
0.0235758713112
0.0236446820706
0.0236796199248
0.0237195714408
0.0239182072206
0.0239569677923
0.0238776400843
0.0237988359917
0.0237205503469
0.0239091404105
0.0240478100272
0.0242320271198
0.024153351707
0.0240751855203
0.0240576277679
0.0239802720517
0.0239034122053
0.0239442281916
0.024050607828
0.023974256692
0.0238983887911
0.0238753917867
0.0242897784649
0.0242136349588
0.0241379673495
0.0241879503521
0.0244078635498
0.02460232608
0.0245263929749
0.024728619458
0.0246527647971
0.0245773740791
0.0247620591728
0.0249928448331
0.0251905937881
0.025441420446
0.025519410771
0.0257300645108
0.0256530283895
0.0256534992898
0.0255965742466
0.0255242224886
0.0256839235601
0.0261163493261
0.026039536534
0.0263095424774
0.0264265965728
0.0267702100195
0.0267317140468
0.0266714883699
0.0265944031434
0.0265310388113
0.0264728094363
0.0263969561142
0.0263215362396
0.026334112167
0.0264051351675
0.0265706948177
0.0268446005183
0.0272302754156
0.0271667268327
0.0271910457834
0.0271511947968
0.0270913200557
0.0271543720138
0.027269465772
0.0272221131411
0.0271471210939
0.0272333420433
0.0271768043112
0.0275127247746
0.0275173192641
0.02744254394
0.0273681739022
0.0272942058647
0.0273892875695
0.0275346137454
0.0274607944056
0.0273873698216
0.0277435566024
0.0276976093653
0.0276241409055
0.0276349818967
0.027568634789
0.0276619408579
0.0277961689986
0.0277234041582
0.0277723614642
0.0279350636479
0.027862505041
0.0280124402611
0.0279400566946
0.0279301192469
0.0279164005704
0.0278448200561
0.0277736056826
0.0279214727599
0.0278504257554
0.0277814920388
0.0278545932218
0.0279107386086
0.0278801773564
0.0278101266595
0.0277404270939
0.0276710760262
0.0276042963476
0.027597651459
0.0277115758699
0.0278071958383
0.027822625386
0.027954714055
0.0278860292539
0.027943500281
0.0278751787644
0.0280510929626
0.0281718129028
0.0281263395663
0.0282071159575
0.0281733779337
0.0281846268078
0.0281168753011
0.0283119111503
0.0284683398952
0.0284003963632
0.0285775466259
0.0285556786967
0.0287159395033
0.0287666902014
0.028698844234
0.0286902220333
0.0287170062936
0.0286755573586
0.0286085583928
0.0287471111583
0.0286824420502
0.0286158934607
0.0285534759699
0.0287579703109
0.0288099892925
0.0288617691064
0.0287955723882
0.0291162293784
0.0290539319561
0.0292228688443
0.0293415682901
0.0292750341216
0.0293064443723
0.029243486229
0.0291841620401
0.0291693516852
0.0291039495514
0.029075995164
0.0290110933891
0.0289464807089
0.0289079290232
0.0291657887288
0.0291012626475
0.0290549010767
0.0291297249531
0.0292245775018
0.0293136326599
0.0292964559504
0.0292706612026
0.029217455955
0.0292112267234
0.0292483588195
0.0291850506835
0.0291486012919
0.0290857810305
0.029112136415
0.0290496640193
0.0291224162183
0.0290601888333
0.0291507661935
0.0290928417378
0.0290310734963
0.0289906348357
0.0289977441796
0.0289365675041
0.0289043817894
0.0289513409159
0.0289691425412
0.0289152682386
0.0289966025293
0.0289361929407
0.0290070635187
0.0291247615197
0.0290644618064
0.0290121641868
0.0290891330094
0.0290671442399
0.0290074581121
0.0289480165995
0.0289374535565
0.0288783975288
0.0290130647436
0.0290363994276
0.0291249739765
0.0291598001892
0.0291008915019
0.0292568431735
0.0291979762859
0.0293438236395
0.0292921622559
0.0293383417128
0.0293323809698
0.0293810182149
0.029436697629
0.0294099939325
0.0295413902669
0.0294830080727
0.0295855083033
0.0297316306677
0.0296732188196
0.0296199172691
0.029561952656
0.0298132394541
0.029835146263
0.0298167718201
0.0298944746507
0.0299175706951
0.0298597030535
0.0298474489392
0.0297960783314
0.0299120720627
0.0298673215786
0.0300016753686
0.0301489716066
0.0301681936703
0.0302620501846
0.0302045177698
0.0301500319914
0.030092929658
0.0300675851748
0.0301940026856
0.030375768549
0.0303587203701
0.03040314305
0.0303552896969
0.0305446058888
0.0304942704174
0.0305453245149
0.0304885488188
0.0306659329439
0.0306119043876
0.0305553204608
0.0305586378668
0.0306419298581
0.0306293209586
0.0305751307618
0.0305942247469
0.0307958070357
0.0307900299017
0.0308733106621
0.0308650901144
0.0308950107558
0.0310392190773
0.0309830902905
0.0309528673372
0.030995912708
0.0309520298971
0.0308987550286
0.0311250775696
0.0310693976455
0.0310485079148
0.0313694371742
0.0314589803094
0.031576791855
0.0316269636672
0.0317715571972
0.0318215206313
0.0318400609987
0.0318624587951
0.0319780675542
0.0319237917874
0.0319939219296
0.03201898347
0.0319902385277
0.0321366575712
0.0320848807
0.032045578519
0.0320672495478
0.0320535399404
0.0320479804949
0.0320430682914
0.032122110171
0.0321541171661
0.0322731820776
0.0324547873039
0.0324298471848
0.0325792895479
0.0325456812448
0.0326997881817
0.0327980685965
0.0328309227379
0.033043908256
0.0329880908434
0.0330430767308
0.0329985548336
0.0330936610417
0.0330608320725
0.0330066713583
0.0330837056296
0.0330297514346
0.0331181290134
0.0330642334338
0.0330242172374
0.0330454620369
0.0330636196608
0.0330963823986
0.0331952558339
0.0331566142111
0.0331020803061
0.0332657629876
0.0333667321957
0.03342091228
0.0334641357795
0.0336658292617
0.0336657556311
0.0336241844367
0.0338617104983
0.033936244344
0.0342373388182
0.0344089716743
0.0343712448023
0.034557509058
0.0346328999196
0.0346999026505
0.0346491918523
0.0345989007067
0.0348553520172
0.0350452051454
0.0351140444444
0.0352060862959
0.0351502036193
0.0351513104158
0.0351474432279
0.035234790333
0.0353710828695
0.0355276269361
0.0358872722099
0.0359343438472
0.036047758119
0.0361279904085
0.0361185831386
0.0363047263519
0.0363053744454
0.0363869530196
0.0364089628045
0.0365022341189
0.0364503914216
0.0366681662218
0.0367143669236
0.0367642502782
0.0367740856179
0.0369152664289
0.0369215320427
0.0370458227931
0.0369901808841
0.0369975424912
0.0370117674615
0.0370927997789
0.0371068367443
0.0370905168243
0.0371486414798
0.037244057059
0.037691043823
0.0376605633067
0.037606332846
0.0377428560071
0.0377000233411
0.0376539127874
0.0377724878792
0.0378573627965
0.03794412619
0.0378960046295
0.0379333722893
0.037904351812
0.0378684886721
0.0378949149112
0.0378433785942
0.0378019982283
0.0378450260339
0.0380278246063
0.0380704278899
0.0380865435436
0.038036200245
0.0380245347848
0.0380743901478
0.0381548012793
0.0381083179193
0.0380877528555
0.0381473246764
0.0382101741688
0.0382111820543
0.0382578045705
0.0382879909424
0.038276512856
0.0384714431213
0.038450589431
0.038488090278
0.0384539336572
0.0386032900698
0.0385480636176
0.0384929949553
0.0384703138699
0.0386542993113
0.0386239706058
0.0387123197576
0.0387371692329
0.0388308276472
0.0390420916782
0.03899049501
0.0390197211852
0.0390644618641
0.0390801544511
0.0391060815688
0.039105348164
0.0390758565935
0.0390246867633
0.0390600821771
0.0391337907833
0.0390894676383
0.0392648737794
0.0392292623461
0.039235896749
0.0391960774936
0.0392566029929
0.0393154898313
0.0393477604608
0.0393091123241
0.0394090084978
0.0393941773938
0.0394294461132
0.0393784062598
0.0394071749148
0.0393692982103
0.0393331207443
0.039367404755
0.0393747675824
0.0393999844574
0.0394220409949
0.0393846298053
0.0394438563798
0.0396313423944
0.0398106772105
0.0400259617479
0.0401177701152
0.0401403000065
0.0402151499846
0.0402516813685
0.0403987657226
0.0403540404797
0.0404609765934
0.0406009206199
0.0406351964155
0.0408371065171
0.0409368654293
0.0410110943217
0.041001367853
0.0410979791732
0.0410446487987
0.0410161739041
0.0411953451464
0.0411906743281
0.0413766703253
0.0414765072834
0.0414497139057
0.0415278240617
0.0418013374953
0.0417619961905
0.0418802130736
0.0419075226362
0.042009740732
0.0420466674222
0.0420466436874
0.0419954037708
0.0420135877344
0.042014477218
0.0420724105909
0.0421295188127
0.0420888803249
0.0422485183851
0.0422791544931
0.0422987070797
0.0423123134692
0.0422662199946
0.0423238481139
0.0423488020627
0.0422999245321
0.0422767638554
0.0423511777351
0.0425143470821
0.0426353482096
0.0426468881161
0.0427000372669
0.0428159526212
0.0428034587872
0.0430026707569
0.04302055958
0.0430926288075
0.043052803544
0.043182522006
0.043253038056
0.0433364489665
0.0433182041027
0.0433440375179
0.0433605541553
0.0434798839247
0.0435189052975
0.0436487180837
0.043848602079
0.0438870646713
0.0439967647116
0.0440662164692
0.0440398471745
0.0440798953359
0.0441831658189
0.0443775800032
0.0443538974734
0.0444370347685
0.0444111561812
0.0444547775392
0.0445126317945
0.044503906795
0.0446000630577
0.0445772851698
0.0445437423892
0.0445233482326
0.0445030035163
0.0445091927391
0.044693468999
0.044648650843
0.0447046349792
0.0447000757747
0.044857456729
0.0448274004315
0.0448807420634
0.0448859328275
0.0449514528191
0.0449308637096
0.0449374382992
0.0450991339686
0.0451887141253
0.0451604044588
0.0452390512635
0.0453448544841
0.0453275133888
0.045415263022
0.0456287602628
0.0457718617626
0.0457354353533
0.0457732276308
0.0457273231678
0.0457019233501
0.0456685315804
0.0457035449062
0.0457660196369
0.0458470344559
0.045796029284
0.045814425376
0.0459253317551
0.0460035428234
0.0461399926578
0.0461680898595
0.0462060993613
0.0463655678718
0.0464289768734
0.0465334047216
0.0466068396339
0.0467124405133
0.0467771599657
0.0469780613893
0.0469240014797
0.0468862327969
0.0469399114992
0.0470174541532
0.0470636078623
0.0471500082229
0.0471307555675
0.047129245129
0.0472113810556
0.0474089246148
0.0474074512577
0.0474663064243
0.0475396929934
0.0476429706276
0.04774192962
0.0477618209494
0.0477589246399
0.0478391758599
0.0478443666069
0.0478461769852
0.0478263594468
0.0480251800496
0.0481758676221
0.0482331982461
0.048184616224
0.048288421705
0.0483206439677
0.0483530496725
0.0483267222851
0.0483351474129
0.0486000443067
0.048561074919
0.0485605304821
0.0486551143658
0.0487727341176
0.048950504871
0.048901244873
0.0491373614831
0.0491431533369
0.0490929569051
0.0491617102207
0.0491795150342
0.0493584315226
0.0494141485256
0.0493645796875
0.0494324381992
0.0494340666136
0.0493877345535
0.0495684772911
0.049607945187
0.0496117353952
0.0496308282276
0.0496334218154
0.0497955863401
0.0498496480033
0.0499239149408
0.0500156358756
0.0502766494853
0.0502943953113
0.0503824279717
0.0506410414894
0.0506543916294
0.0507241265229
0.0506854083416
0.0507230403275
0.0507189690304
0.0507222904491
0.0508073047706
0.0508066052662
0.0509168839568
0.0509121021304
0.0509435675964
0.0511048331967
0.0511850112668
0.051156504188
0.0511208325326
0.0511782190745
0.0512546490708
0.0512983187119
0.0513083150853
0.0513753662478
0.0514383882737
0.0514850339883
0.0515032519856
0.0515274650243
0.0516235732928
0.0516961960183
0.051845797592
0.0519179788204
0.0518969959908
0.0519761440866
0.0519381143801
0.051966205999
0.0520243481836
0.0520411848445
0.0520821780167
0.0521856048481
0.0521554602581
0.052337806684
0.0523519682136
0.0524369927189
0.0524408660423
0.0524237269772
0.0525315570394
0.0525026509193
0.0525573150908
0.0525279113883
0.0525636346425
0.0526059098832
0.0526993240433
0.0527276209527
0.0527510568506
0.0528539834677
0.0529296297404
0.0530240074966
0.05314492679
0.0531717724474
0.0531971394476
0.053164482476
0.0532516565818
0.0532477563206
0.0533954199912
0.0534549767581
0.0535249265692
0.0535278033279
0.0536094314862
0.0538204566412
0.0538078509116
0.0540780704529
0.0541438493824
0.0543087080066
0.0544845393937
0.0544585871662
0.0546080744803
0.0547697682939
0.0549332689883
0.0549761106793
0.0550492670215
0.0551971728254
0.0552384788484
0.0552913619255
0.0554162144631
0.0554564643339
0.0555258844023
0.0555250785126
0.0555839593973
0.0556751214031
0.055676824775
0.0558710919567
0.0560283349351
0.056024310333
0.0561723541755
0.0561568748501
0.0561627227234
0.0561570449083
0.056206763945
0.0562829467656
0.056318664326
0.0564154191901
0.056421255471
0.0564919233894
0.0564847679358
0.0565268556274
0.0565005806121
0.0565708817589
0.0566010344489
0.0566041982406
0.0566140347024
0.0566750738085
0.0567308313503
0.0567265504525
0.0567373215168
0.056804204319
0.0568348774868
0.0568473369149
0.0568705208068
0.056889659735
0.0571271001347
0.0570956723843
0.0571293804507
0.0572619227102
0.0573651215521
0.0574636159917
0.0575304792603
0.0576358319104
0.0577704001623
0.0578465467981
0.0579143403158
0.0580330244978
0.0581719994099
0.0582872411329
0.058379699344
0.0583812651956
0.0583943890884
0.0584849236818
0.0586618326787
0.0586311456129
0.0587288071184
0.0589468002483
0.0591719035987
0.0592331616155
0.0592394901361
0.0592286070996
0.0592139701701
0.0592237089104
0.0592394008201
0.0594043872817
0.0594073082793
0.0594552593626
0.0595622773875
0.0596349626278
0.0596618281724
0.0598601322713
0.0599566777471
0.0599223978509
0.0598946990715
0.0599164075969
0.060024692121
0.060061971035
0.060078375222
0.0601795818462
0.0602680008229
0.0604030049081
0.0604389735884
0.0604496211164
0.0605325133542
0.060552967297
0.0607324814788
0.0607948633091
0.0607571191945
0.0608427228691
0.0608577152569
0.0609347852253
0.0610677539933
0.0611209558836
0.0612018270395
0.0613174138004
0.0613269172514
0.0614617782141
0.061537511954
0.0616295636831
0.0616470093305
0.0617131160007
0.0617603176853
0.0617774252316
0.0618749880421
0.0620065096025
0.0622117649199
0.0621743771635
0.0622489979084
0.0624321501092
0.0624752160323
0.0624848685151
0.0626867322399
0.0628355472992
0.0628987802452
0.0630684528928
0.0630836345563
0.0631002743825
0.0631852664448
0.0632760142865
0.063269996198
0.0634352906017
0.0635251760345
0.0638549499203
0.0639438231346
0.063962958385
0.0639715667005
0.0640064057978
0.0640300464818
0.0640490396416
0.0641462919198
0.0642772873886
0.0643747222253
0.0644651364941
0.0644938311979
0.0646094003007
0.0646527873382
0.0648007810331
0.0647941698435
0.0648354902071
0.0649448707549
0.0649170902191
0.065016785914
0.0649878990214
0.0650301845011
0.0652094109752
0.0653231061468
0.0653458259204
0.065398968016
0.0654589781777
0.0655665459505
0.0656310170344
0.0656530286392
0.0657389499381
0.0658271911989
0.0659522225394
0.0660852721544
0.0661377083143
0.0663054968104
0.0664749588128
0.0665462157221
0.0666807877337
0.0667677448054
0.0668703529307
0.0670137512282
0.0670584933819
0.0672171483109
0.0673048775355
0.0674066069118
0.0675635120171
0.0676367002529
0.0676607022923
0.0677226370398
0.0677325480521
0.0678690190922
0.0679342916816
0.0679409391652
0.0679530625075
0.067976776095
0.068016396594
0.0681720518209
0.0683639989232
0.068463942352
0.0685115344384
0.0685526792745
0.0685729319768
0.0685899277036
0.0687202008039
0.0687977296881
0.0687833845978
0.0689324791326
0.0690019718786
0.0690734416294
0.0690744304499
0.0690927335813
0.0691462666902
0.0693395901681
0.0693738294405
0.069384131624
0.0693897356286
0.0695612978018
0.0696295916899
0.0697072062017
0.0698070335487
0.069881193993
0.0700232028059
0.0700596286879
0.0700996434926
0.0701229217006
0.0701258949292
0.0702057457159
0.0703558295388
0.0703462237491
0.0704148310496
0.0705940812753
0.0707547839742
0.0707897652086
0.0708502754545
0.0709706860215
0.0710476854894
0.0710503052177
0.0711259602382
0.0711835089783
0.07121720422
0.0712671093408
0.0713348936785
0.0714536678727
0.071465896886
0.0714643411187
0.0715769860296
0.0715787585159
0.0716947022438
0.0716989885439
0.0717730763339
0.0719390722637
0.0720240969416
0.0721440778422
0.0723277459287
0.0723344078467
0.0723307858335
0.0724675524817
0.0725347066184
0.072548145605
0.0726765106387
0.0727522398913
0.0728119307971
0.0729198030022
0.0730830644742
0.0731469429228
0.073238656515
0.0732654118564
0.0733239207267
0.0733980000108
0.0734017532711
0.0734512915595
0.073458850468
0.073488080135
0.0736082350533
0.0735880981247
0.0737014487833
0.073716578808
0.0737562384193
0.0738813045031
0.0739274660806
0.07396090147
0.0741495894057
0.0741655612036
0.074170994383
0.0741626228307
0.0742139702579
0.0742772549535
0.0744399077364
0.0745116099425
0.0746263495411
0.0746254108272
0.0747530051039
0.0748943172849
0.0749032173699
0.0750400119322
0.0750781361169
0.0751423050796
0.0751934744861
0.0752758570249
0.0753458737847
0.0754269173823
0.0755142510605
0.0755994224923
0.075800059349
0.0758857584797
0.0759702526103
0.076041001572
0.0761518379374
0.076187329014
0.0763363097542
0.0763430583262
0.0763941546504
0.0764295368861
0.0764162562742
0.0765124391589
0.0766943878362
0.076894144292
0.0770034631732
0.0771138581124
0.077178739721
0.0772081572438
0.0774335038006
0.0774527874355
0.0774862514452
0.0775829134202
0.0777745659671
0.0778405771483
0.0778672837172
0.077898574397
0.077978272621
0.0780740024242
0.0782261157
0.0782654583117
0.0783378268509
0.0783919171605
0.0784563774918
0.0784936867667
0.0785537356873
0.0785830101771
0.078619479014
0.0786337701653
0.0787279776405
0.0787580176028
0.078855917077
0.0789177140708
0.0788998350885
0.0789069057879
0.0789984603108
0.0790320362182
0.0791229287436
0.079220770789
0.07919514148
0.079191087911
0.0793180340931
0.0793379265801
0.079455966892
0.079548314399
0.0797615913566
0.0798704285292
0.0799098281516
0.0799862290459
0.0800730690307
0.080140445937
0.0802120680069
0.0802629758176
0.0802891335898
0.0803096258857
0.0803277158903
0.0803350916846
0.0804342125591
0.0805248086673
0.0806014218565
0.0806522069074
0.0807164638942
0.0807938108132
0.0809863724076
0.0810424205711
0.0811468408008
0.0813082327918
0.0813666553385
0.0814946601953
0.081507576052
0.0816496059644
0.0816234946398
0.0817352463945
0.0817587825261
0.0818274703295
0.0819879533582
0.0820661125459
0.0821637426531
0.082221187956
0.0822568760812
0.082366325942
0.0823885256325
0.0825518864739
0.0825844001799
0.0826800142856
0.0827262596048
0.0827575808223
0.082753660446
0.0828568087367
0.083042606416
0.0831362143282
0.083243872556
0.0833529840243
0.0834877067858
0.0835869329699
0.0836388142799
0.0837558387709
0.0838567964509
0.0839670425792
0.084090621993
0.0841301327984
0.0841903641887
0.0841614864209
0.0842806644597
0.0843172455483
0.0845076906095
0.0845661321092
0.0847140498629
0.0848111181549
0.0849342435399
0.0849896350822
0.0850009688151
0.0850514239455
0.0851202666139
0.0852922776517
0.0853465117095
0.0854564190914
0.0855750086307
0.0857086001068
0.0857413589728
0.08586449098
0.0859505094184
0.0860268657935
0.0860823355773
0.0860837175847
0.0861499687987
0.0862698011222
0.0863299260093
0.0864602599195
0.0865442794048
0.0866668119054
0.0866981779793
0.0867638465224
0.086916647877
0.0869896224216
0.0870354127522
0.0870487321236
0.0870980515737
0.0871290042473
0.0873020093231
0.0873904074838
0.0875968493334
0.0877190636334
0.0877633018825
0.0878613464329
0.0880509759992
0.0881585998837
0.088195024068
0.0882016626173
0.0883582004958
0.0884791713986
0.0886205339929
0.0887963336719
0.088870479167
0.0889887803591
0.0891346768324
0.0893236767552
0.0893985211954
0.0894824600228
0.0896133390992
0.089683369103
0.0897829490117
0.0898763073703
0.0899863926797
0.0900403674038
0.0901222313005
0.0902491487969
0.0903098503518
0.0903514570584
0.0904640479567
0.090595043974
0.0906227652242
0.0907823741053
0.090890855248
0.0910407305495
0.0912110181487
0.0913867098202
0.091497805678
0.0915440399041
0.0917312221274
0.0918577500623
0.0919053488607
0.0920395724747
0.0920384004339
0.0921288535822
0.09228480031
0.0923319314265
0.0925105462699
0.0927108264595
0.0927876324427
0.0929072291272
0.0929302695786
0.0930157528097
0.0931651347833
0.0932815663071
0.0933504362113
0.0933516747053
0.0934003851959
0.09353614002
0.0936728130299
0.0937917180809
0.0938560043221
0.093972238162
0.0939974448293
0.0940879825514
0.0941781863437
0.0942329925598
0.0944024716316
0.0945643667293
0.0945725334425
0.0946904922691
0.0947409248758
0.0948411001293
0.0949119478636
0.0950076695071
0.0950824001567
0.0951716154114
0.0951447014855
0.0952124813562
0.0952915731732
0.0953405450828
0.0954722081493
0.0956315898601
0.0956215792099
0.0957996487495
0.0958819655313
0.0958772466346
0.0959266356526
0.0959854424371
0.0960912674233
0.096142671648
0.0962288897947
0.0963261776633
0.0965133280454
0.0965541144212
0.0966781058061
0.096717900929
0.0968152738388
0.0968975826358
0.097114787787
0.097286500944
0.0974097098088
0.0975280476665
0.097689599042
0.0977546489909
0.0977851910978
0.0978382066143
0.0979746493222
0.0982266988376
0.0982232241069
0.0983880799274
0.0984149722559
0.0984706607507
0.0985551391743
0.0986452716873
0.0987065769671
0.0988536538331
0.0989921266887
0.0991993594625
0.099352450156
0.0994865595491
0.09959461767
0.0996256936272
0.0998413467054
0.0999446675722
0.100050223542
0.100127482444
0.100279894078
0.100434318223
0.10050451051
0.100564362007
0.100658087597
0.100683777033
0.10073911214
0.100739226357
0.100894116598
0.100986485712
0.101061742394
0.10125169092
0.101371454798
0.101475247915
0.101612162032
0.101725794918
0.101883638174
0.102037706054
0.102144185325
0.102196545504
0.102336856283
0.102489870388
0.102516893181
0.102642536747
0.102709048749
0.102830838813
0.102872580262
0.102904845794
0.102954239414
0.103107345523
0.103192112646
0.103226324231
0.103368281795
0.103440556274
0.103611555804
0.103697176246
0.103858897157
0.103905293898
0.104005971711
0.104123979825
0.104216392958
0.104277985892
0.104393429742
0.104410383104
0.104555944682
0.104614573146
0.104688684779
0.104724784959
0.104773811979
0.104833917972
0.104950652369
0.105059040748
0.105127856176
0.10523055611
0.105335094237
0.105430828124
0.105491452841
0.105615101855
0.105741301642
0.105832529033
0.105923905961
0.105993654228
0.106077921731
0.106113657108
0.106219440223
0.10632714019
0.106495082699
0.10650365169
0.106585674151
0.106704180979
0.106787577719
0.106852288295
0.106993467846
0.107083810222
0.10711685057
0.10713289104
0.107258170943
0.107326459574
0.107391954788
0.107461115712
0.10755609888
0.107571413813
0.107690359016
0.107791945477
0.107894317862
0.107950541457
0.108029347219
0.108077657463
0.108209006468
0.108193921873
0.108280118437
0.108303158224
0.108388429103
0.10839318143
0.108519823713
0.108595232709
0.108672519565
0.108793658521
0.108864746442
0.108989366142
0.109212069065
0.109347596113
0.109415309922
0.109504559964
0.109575770903
0.109654804079
0.109737703515
0.109807239784
0.109961103622
0.110101248491
0.110221229879
0.110281681066
0.110330036007
0.110499517075
0.110636168418
0.110784686786
0.110898431262
0.110961002924
0.110988172265
0.111141477718
0.111172612646
0.11125127158
0.111342093908
0.111337517891
0.111458116675
0.11160085317
0.111709983457
0.111865422048
0.111959150461
0.112071118797
0.11212232487
0.112180216969
0.11228389377
0.112373228939
0.112506552422
0.112624447533
0.112724063589
0.11283782871
0.112958608961
0.113202422971
0.113355561041
0.113462549904
0.113599270823
0.113723493251
0.113828307501
0.113893431125
0.113970425082
0.113996163741
0.114068647009
0.114259106994
0.114405308004
0.114516741563
0.114688544192
0.114731482285
0.114807423859
0.114985553474
0.115067067231
0.115163310473
0.115256131479
0.115296114529
0.115426627455
0.115567744548
0.115616132232
0.115687040314
0.115816658065
0.115893008104
0.115977066007
0.116057740351
0.116214696454
0.116281162955
0.116339970532
0.116398270153
0.116508330309
0.116609242642
0.11674927484
0.11687562368
0.117021730021
0.117164883133
0.117242947466
0.117241811923
0.117292247145
0.117523587792
0.117613374598
0.117645097685
0.117808532908
0.117903968485
0.118024216472
0.118138628144
0.118212050792
0.118287147705
0.11839109753
0.118535996425
0.118611995528
0.118710596676
0.118807161348
0.118819603302
0.118936775063
0.119085210829
0.119170762038
0.119309065773
0.119358864775
0.119478408268
0.119544921072
0.11963057846
0.119720020884
0.119805812277
0.119920804571
0.119968533683
0.120018679137
0.120116250106
0.120250191297
0.120322053427
0.120434853909
0.120513453447
0.120628135123
0.120777204934
0.120860312215
0.120992877229
0.121098229525
0.121194572914
0.121292208832
0.121416806022
0.12150851772
0.121629354927
0.121689847655
0.121774754893
0.121855438467
0.121957682264
0.122076109003
0.122125099455
0.122287853124
0.122389198322
0.122423053005
0.122520744355
0.122704035204
0.122835783701
0.122892023949
0.123030197755
0.123136546332
0.123286481541
0.123350843768
0.123394017553
0.123496496546
0.12361148907
0.123723561885
0.123786767043
0.12387369356
0.123946931126
0.124038912635
0.124148903003
0.124412545446
0.124536636308
0.12467945243
0.124815898355
0.12484688715
0.124985756282
0.12506844179
0.125157982979
0.125267918934
0.125369416232
0.125492754672
0.12558875255
0.125730436672
0.125915169234
0.125976592081
0.126112197528
0.126195212073
0.126363601153
0.126468938289
0.126569944722
0.126635689233
0.126777321606
0.126865807153
0.126919082409
0.126970093573
0.127081842215
0.127130238533
0.127279392178
0.127399729361
0.127502389758
0.127587016529
0.127733997072
0.127919267755
0.128065832039
0.128176514874
0.128295277007
0.128381747263
0.128444429472
0.128505175238
0.12859458475
0.128648623041
0.128737785629
0.128877951898
0.128948997635
0.12905025031
0.12913621364
0.129246451192
0.129402114404
0.129450969268
0.129609734787
0.129786858012
0.129867802864
0.129970451274
0.130042135646
0.130130725207
0.130213463514
0.130304927164
0.130430382808
0.130535143445
0.130622126474
0.130707588834
0.130805132138
0.130892687014
0.130956770091
0.131051889977
0.131161048243
0.131243526547
0.131300129505
0.131429046783
0.131554512181
0.13160711747
0.131684881155
0.131819490251
0.131909249254
0.132005323678
0.132151794435
0.132299734259
0.132388211593
0.132548725639
0.132644626003
0.132710897455
0.132884500745
0.132949067581
0.133062812368
0.133158250255
0.133246017081
0.133317134642
0.133410944755
0.133477363995
0.133615361242
0.133753769504
0.133875382077
0.133928277768
0.13406317771
0.134130000344
0.13423126639
0.134310449737
0.134352647116
0.134419718752
0.134551211238
0.134678373271
0.13478674524
0.134875466721
0.134951748377
0.135072517595
0.135129145275
0.135212271428
0.135285890963
0.135388495841
0.135538130879
0.135658288499
0.135765953841
0.135860997236
0.13595405858
0.136084754164
0.136182403281
0.136356759574
0.136431854651
0.136586920217
0.136678452034
0.136701985102
0.13682504261
0.136868633887
0.137018089058
0.137069129579
0.137203820033
0.137276725698
0.137390355839
0.13751736852
0.137701947807
0.137836745976
0.137918581687
0.138058921732
0.138185249696
0.138250331466
0.138334799698
0.138497272559
0.138634979572
0.138756577787
0.138922091785
0.138979379394
0.139030452435
0.139131406267
0.139193324348
0.139335367999
0.139505342101
0.13962511335
0.139769219315
0.139883955416
0.139960303023
0.140049670373
0.140107318356
0.140220174825
0.140333143074
0.140472067819
0.140534629357
0.140658800143
0.140712562826
0.140786262871
0.140895779579
0.140982551057
0.141020961671
0.141133739523
0.141231479949
0.141348762636
0.141460002178
0.141641264072
0.141742785318
0.141791754647
0.141852729686
0.141945434931
0.141996490203
0.142108924196
0.142199047984
0.142352048651
0.14248169114
0.142583124615
0.142756521101
