0.339779357398
0.307612767071
0.33778736202
0.342569893169
0.376398072876
0.371367967303
0.365444898179
0.368845774347
0.385352727728
0.402769448529
0.420415594
0.440953559374
0.443051714448
0.430770387862
0.44592388197
0.452275643464
0.452203106791
0.451757325475
0.455962305859
0.453674370607
0.462578606084
0.459039171249
0.467599382437
0.474606903889
0.478244231945
0.481068064511
0.481670922983
0.482593174209
0.491838807205
0.495246425092
0.4965374086
0.499609554184
0.501248991331
0.503670356794
0.504957528793
0.512292294677
0.514951300012
0.52107018103
0.524069743522
0.528017950367
0.533299481964
0.536593645225
0.537822261394
0.541813416737
0.541873607155
0.546690807274
0.54857102413
0.55157475517
0.554511596919
0.556672413797
0.557411541397
0.559954512822
0.561453886538
0.565024964117
0.566933386065
0.5633715611
0.564810046218
0.564587176186
0.566855249838
0.567754204454
0.568788702138
0.571800640273
0.574900004094
0.578220668607
0.578247277201
0.58021924548
0.579995249777
0.581430464198
0.582695138714
0.582870480371
0.584894929217
0.585825248393
0.587925231995
0.589832724389
0.59038954447
0.590108169494
0.591408771761
0.591981599997
0.592628148354
0.594898111431
0.596844611468
0.597842627559
0.600127140102
0.601901968085
0.603624882792
0.60384915414
0.605856773858
0.605580180352
0.607628793366
0.609824088629
0.611410486066
0.611389474416
0.613209642391
0.615034864539
0.615652285526
0.616646658892
0.617925903557
0.61895489528
0.620275610382
0.621547447291
0.623483749205
0.624223577184
0.62516602289
0.62635127719
0.628197256146
0.630173920298
0.631674733099
0.632848445518
0.634371239785
0.636200535659
0.637329271927
0.639255011157
0.639311742872
0.639066334872
0.639809568208
0.640967961679
0.641311212474
0.642687975717
0.643979651717
0.644799679648
0.644803133007
0.646286936798
0.646638270311
0.647653705336
0.648526896914
0.649115962978
0.649143944058
0.65041742572
0.651535733044
0.65255202839
0.65344649492
0.654620861293
0.654890470544
0.656047607291
0.6562282014
0.65648807916
0.657411350613
0.657874217686
0.658846895055
0.65968539827
0.660553918686
0.661585310487
0.662818471133
0.663903387446
0.664246962318
0.665143583626
0.665917948326
0.666696961311
0.667192351751
0.667740425639
0.667963786238
0.668623536969
0.669450731132
0.670328148806
0.670911752292
0.671631394697
0.671975265025
0.67163316999
0.671675193029
0.672188274148
0.672641493116
0.67282959873
0.673875218014
0.674197982567
0.674503092641
0.675321826228
0.675841352868
0.676504184264
0.677077054859
0.676274523508
0.676946895502
0.677500197284
0.678534086741
0.679124074844
0.679664090153
0.680071740399
0.680591374764
0.680785717085
0.681292604384
0.682148463596
0.6826728476
0.682733630502
0.683423440598
0.684035776376
0.684166720123
0.684678473467
0.68425695942
0.684155385949
0.684610443018
0.685094864151
0.685591248188
0.685964205987
0.686515622738
0.686881552743
0.68744867146
0.688006225533
0.688486679629
0.689418517737
0.690145405062
0.690225249533
0.690466064841
0.690446186134
0.690877060236
0.691312558859
0.691613639905
0.692080566393
0.692708361868
0.692621041058
0.692668083429
0.692775461877
0.693055439338
0.69369830166
0.693653085101
0.694240890741
0.694770828066
0.695000099624
0.695550265307
0.695851552736
0.69621326043
0.696684878312
0.697204377096
0.697761368804
0.697784281352
0.698373406644
0.698855011327
0.699207350312
0.699539723834
0.699864565385
0.700184899566
0.700606160388
0.700994556719
0.70128662335
0.7017289444
0.701268446687
0.701341144195
0.701280281597
0.701855992038
0.702118269945
0.702648746986
0.702009315237
0.702190928556
0.702493988493
0.702949409886
0.702987399628
0.703495063607
0.703989814027
0.704374233059
0.70468141478
0.704627738143
0.704603157721
0.705007004158
0.705412222857
0.705571624576
0.705511360494
0.705708527632
0.70598348907
0.706448797272
0.706692360163
0.707000975146
0.707155176448
0.707490517038
0.707388175192
0.707790672761
0.707800812476
0.707932876717
0.708041229422
0.70844550338
0.708786870916
0.708415639255
0.708111467496
0.708532598081
0.708530471739
0.708883084056
0.709097607454
0.709120321124
0.70930364423
0.709421512029
0.709852069995
0.710239359445
0.710673927184
0.710963052648
0.711105660566
0.711520304433
0.711838840193
0.711599856342
0.71171035444
0.711970074038
0.712270938593
0.712542615397
0.712864289357
0.713277776878
0.713459950062
0.71361982894
0.713858121688
0.713857395118
0.71421389291
0.714539192563
0.714745429421
0.715027464988
0.715358152337
0.715312659737
0.715410497825
0.715802279964
0.715815014696
0.716263921758
0.716392064027
0.716659254477
0.717059748312
0.717219190605
0.717383550084
0.717521454647
0.717716937387
0.717845910485
0.717990361704
0.718085216518
0.718363945042
0.718553234829
0.718793569104
0.718632385999
0.718736472714
0.718925502903
0.719107763386
0.719059387284
0.718929338027
0.719256539203
0.719210720966
0.719376380879
0.71920371979
0.719328459764
0.719516988566
0.71970589273
0.720023174634
0.720244065699
0.720402795148
0.720715056123
0.720822741582
0.720929756703
0.72118873037
0.721371346656
0.721629455783
0.721849621935
0.722055095086
0.72221359661
0.722577953647
0.722764772938
0.723097180581
0.723442279403
0.723722931294
0.723867520151
0.723837523599
0.724112908779
0.724150296954
0.72410873499
0.724100059785
0.724419039472
0.724707419154
0.72485127736
0.724853750168
0.725108823818
0.725367640506
0.724835959058
0.724909587433
0.725052701481
0.725091547169
0.725060123163
0.725056906406
0.724984467372
0.724768767082
0.724820224414
0.725207816628
0.725256733484
0.725495111098
0.725722306776
0.72592711509
0.725898704042
0.726112516622
0.726220851022
0.726480718956
0.726652194281
0.726881624173
0.726987833995
0.72682147806
0.726961115876
0.727017298444
0.727076073328
0.727091886912
0.727353239998
0.727467125862
0.727694240175
0.727603052314
0.727553582537
0.727770321665
0.727576801641
0.727722532233
0.72793931715
0.728310429855
0.728517273899
0.728602256712
0.72872121045
0.728660321737
0.728875097674
0.72901313166
0.7290722537
0.72894036009
0.729180222811
0.72929479931
0.729295560596
0.729349486688
0.729473113382
0.729433516891
0.7296461951
0.729893413937
0.729946381194
0.730121111459
0.730333059185
0.730137832842
0.730268479885
0.73014544787
0.730068295451
0.729926678222
0.729898930853
0.730132028228
0.730070546099
0.730130791918
0.730227530193
0.73028283652
0.730402561295
0.730515679957
0.730588148364
0.730618028899
0.730403417471
0.730104258741
0.730174727634
0.729919162114
0.73015171872
0.730283689366
0.730159569782
0.730296659098
0.730486048215
0.730552565301
0.730685840431
0.730670819119
0.730596873555
0.730473891872
0.730718227379
0.730780466217
0.730906529994
0.731005988819
0.731140517301
0.731221272371
0.731394942322
0.731276735616
0.731107354328
0.731192198425
0.731418797374
0.731515127345
0.731562371521
0.731814340487
0.732010719735
0.732124555763
0.732308821464
0.732332783163
0.732310484966
0.732447676933
0.732641356378
0.732770789524
0.732692546119
0.732563707977
0.732383062892
0.73249077334
0.732741525243
0.732693116048
0.732499543279
0.732593675974
0.732373857481
0.732456986678
0.732499685562
0.732674813515
0.732830611807
0.732934675842
0.732918974835
0.733052071538
0.733198295696
0.733059873213
0.733137833929
0.73326173607
0.733451874471
0.733424057649
0.733595640934
0.733715932731
0.733680624707
0.733781935456
0.733746275963
0.733645673143
0.7336429884
0.733695898688
0.733846223724
0.73373203787
0.733774638023
0.733909697788
0.734083814992
0.73390101596
0.733736687785
0.733936164043
0.734013948805
0.734102620326
0.734302377371
0.734263908751
0.734026542585
0.733829760377
0.733916969027
0.734000662795
0.734013077216
0.734119610609
0.73402016484
0.734040734555
0.733969241037
0.734097562205
0.734281012717
0.7344364157
0.734618305363
0.734784785224
0.734810090786
0.734982617914
0.735050531877
0.73507286202
0.735002800488
0.735177766638
0.735268423864
0.735362484897
0.735141761331
0.735246889645
0.735318839287
0.73540938728
0.735259023906
0.735161292673
0.735109049615
0.735048481548
0.734747573209
0.734946982336
0.7350488793
0.734836807057
0.734885529503
0.734924426691
0.735105712706
0.735155053831
0.735241342195
0.735319638905
0.735403371508
0.735456776667
0.735434160078
0.735527221583
0.735575676989
0.735690929086
0.735811738023
0.735815542116
0.735821734864
0.735845906507
0.736030362253
0.736103182322
0.736162041068
0.736291679531
0.736165347723
0.736330089851
0.736422727439
0.736503007648
0.736415730264
0.736432410706
0.736491204863
0.73639222606
0.736459455611
0.736660949845
0.736837459486
0.736665657315
0.736672787011
0.736740095985
0.736753958441
0.736758212481
0.736876132529
0.737023307915
0.736988806753
0.736961109553
0.737103056093
0.737209405303
0.737306732424
0.73728845635
0.737456144121
0.737459490988
0.737470003475
0.737391669878
0.737514542764
0.737501015042
0.737645594563
0.737530977126
0.737647109421
0.737748293266
0.737844103066
0.737828662339
0.737672908679
0.737792025526
0.737892754102
0.737926110715
0.738037097913
0.738048214952
0.738081445506
0.73823411187
0.738053439033
0.738164718555
0.738312926468
0.738359683305
0.738392043959
0.738522481928
0.73860492292
0.738699969409
0.738742052857
0.738840973047
0.738968147136
0.738927778502
0.738906884045
0.738968649287
0.738932977587
0.738874892109
0.738994057388
0.739086453369
0.739004905135
0.739150190698
0.73919027403
0.739210887613
0.739227748034
0.739280266489
0.739417867907
0.739583306709
0.739553873057
0.739565921549
0.739661881549
0.739612346923
0.739692064111
0.739616221745
0.739726755115
0.739672839805
0.739725970321
0.739810603732
0.739892638696
0.739941444035
0.740027158294
0.74011403332
0.740129028878
0.740157375513
0.74020856918
0.740235867592
0.74035286978
0.740489930052
0.740632874651
0.740610146251
0.740587956289
0.740692012348
0.740783506187
0.740781504152
0.740812411826
0.740864394141
0.740964465488
0.741054822668
0.74101791827
0.741109395555
0.741091186008
0.741064014611
0.741198550918
0.741305907287
0.741444634257
0.741536896548
0.741546703337
0.74170354009
0.741820465538
0.741833438917
0.741752580998
0.741831652859
0.741742254374
0.741727930626
0.741604060375
0.74160706014
0.74165505917
0.741731184759
0.741755311542
0.741759071107
0.741817001549
0.741936085639
0.741844147859
0.741903304401
0.741948477395
0.741946169707
0.742079177785
0.742054097888
0.742004297648
0.741815399923
0.741771296897
0.741792347447
0.741840273316
0.741920311021
0.742052115551
0.742009609778
0.742046422554
0.742190076691
0.742157511034
0.742257162418
0.742346864379
0.742303682917
0.742278147364
0.742449318722
0.742566048883
0.742627736708
0.742669045448
0.742633632624
0.742647462689
0.742718104884
0.742697598725
0.742651482323
0.742617570844
0.742538532783
0.742648410095
0.742727092404
0.742783003536
0.74291262275
0.742969465245
0.743014910559
0.74296292921
0.742946598399
0.743003476988
0.743148328683
0.743178298833
0.743096492461
0.743219874104
0.743275507451
0.743326267394
0.743220568059
0.743290864752
0.743392557361
0.743421315469
0.74335952315
0.74333190672
0.743353892519
0.743419818298
0.743520468625
0.743370274335
0.743414700478
0.743518515121
0.743465551117
0.743555164324
0.743631727423
0.743695501386
0.743806714818
0.74390604386
0.743935679394
0.743911578471
0.744018326894
0.744110244981
0.744044339678
0.744075998708
0.744185381106
0.744186766612
0.744264387654
0.744414261926
0.744203816695
0.74425339106
0.744374582589
0.744227691646
0.744175490436
0.744235574099
0.744294232824
0.744333737907
0.744311226218
0.744385141363
0.744442630734
0.744462897678
0.744523419473
0.744313061402
0.74433310277
0.744430326737
0.744390917174
0.744416856845
0.744482310819
0.744535007557
0.744531347181
0.744651638141
0.744581699671
0.744597655659
0.744639836483
0.744481137003
0.744526823844
0.744548878623
0.744548492252
0.744581032023
0.744655925184
0.744705276969
0.744755469106
0.744818035475
0.744883885254
0.744750407814
0.744855182475
0.744655101366
0.744693947683
0.744778767602
0.744685415098
0.744707674852
0.744763630946
0.744808896892
0.744920708797
0.744979415232
0.745031431563
0.74504507715
0.745106376236
0.745221846847
0.745373805512
0.745267897453
0.745291834601
0.745363179904
0.745428352776
0.74539065703
0.745431097935
0.745409173953
0.745372142544
0.745415351989
0.745479427243
0.74554851625
0.745577569227
0.745525240947
0.74561359264
0.745723059216
0.74575727883
0.745822083249
0.745708794284
0.745682971483
0.745601288475
0.745601278467
0.745584368317
0.745635660196
0.745718423786
0.745796287844
0.745852129106
0.745867956202
0.745762312627
0.745839461027
0.745740556089
0.745858110964
0.745895967303
0.745934354411
0.745820791064
0.745919146574
0.746048680048
0.746092364056
0.746111990595
0.746081837869
0.746083551478
0.746039514335
0.746109375175
0.745992727973
0.746109529627
0.746160108801
0.746212937116
0.746275673452
0.746372262497
0.746417536553
0.746362263142
0.746456033458
0.746413930497
0.746489153933
0.746565644129
0.746645439441
0.746634506707
0.746741821845
0.746773228513
0.746780655441
0.746776788533
0.746813249885
0.746903311965
0.746999220051
0.746984641014
0.747016944246
0.747098640403
0.747068465143
0.747001664692
0.747026170766
0.747012324438
0.747099542614
0.747180093132
0.747252253743
0.747326362492
0.747369761397
0.747333197957
0.747382489112
0.747420282299
0.747474903012
0.747332191388
0.747392602972
0.747449483483
0.747412951251
0.747378834405
0.747436761971
0.747476672613
0.747508176227
0.747618444713
0.747716527303
0.747622477119
0.747658221827
0.747806585209
0.74787495428
0.747773913674
0.747802606862
0.747769010648
0.747738128122
0.747821093554
0.74787852014
0.747861749296
0.747670587012
0.747581183611
0.747549696341
0.747591400053
0.747689420373
0.747778796892
0.747837290121
0.747905415953
0.747969695931
0.74802314423
0.747938852784
0.747848768218
0.747925738653
0.747987215663
0.748052166516
0.748103726443
0.748139997543
0.748187022306
0.748165177247
0.748186350702
0.748257060773
0.748278929796
0.748360464289
0.748421861297
0.748461653249
0.748420409353
0.748393779601
0.748394584826
0.748315656403
0.748360970307
0.747999639901
0.748113844401
0.748196888781
0.748201257174
0.748251272973
0.748234558367
0.748239446846
0.74828688196
0.748145132609
0.748230648852
0.748260368682
0.748209479756
0.748078038046
0.748119879811
0.74814544296
0.748168531743
0.748240201258
0.748270405382
0.748184585403
0.748170677702
0.748169719606
0.74821743703
0.74829056603
0.748354077451
0.748385271279
0.748443592771
0.748500011315
0.748505098162
0.748534996527
0.748584967777
0.748576733367
0.748537296056
0.748595056214
0.748660821434
0.748708904813
0.748708639165
0.748731875241
0.748689519255
0.748721817066
0.748787327103
0.748874694821
0.748797456509
0.748843894581
0.748772921755
0.748658956126
0.74874969916
0.748762052262
0.748843435008
0.748769772075
0.748729238656
0.748794760614
0.748763051948
0.748775924623
0.748787286334
0.748758799759
0.748716507086
0.748721165999
0.748837910835
0.748847032971
0.748911698714
0.748988179211
0.74899547069
0.748995686829
0.748975876169
0.749021985732
0.749103764716
0.749144590192
0.749065784247
0.749135311251
0.749194765686
0.74912269711
0.749232527169
0.749287548398
0.749303055926
0.749324887196
0.749363868433
0.749423731923
0.749472187519
0.749495968967
0.749530693215
0.749570727029
0.749581604925
0.749680585495
0.749767735399
0.749843520731
0.749711665873
0.749727555931
0.749795136544
0.749807025274
0.749736637077
0.749739472418
0.749816800289
0.749890259673
0.749747788739
0.74978809074
0.749795248655
0.749748574305
0.749529196037
0.749592999406
0.749573904986
0.74956562983
0.749574543355
0.749601926732
0.749580525136
0.749520653385
0.74954785945
0.749611118546
0.749594424069
0.749640019153
0.749601370601
0.749557490234
0.749659488533
0.749649433045
0.749689092388
0.749695655635
0.749677972376
0.749661382817
0.74970620947
0.749704276231
0.749768580148
0.749829796707
0.749709360647
0.749669423976
0.749706755165
0.749796760464
0.749812326132
0.749841829651
0.749809666741
0.749786592555
0.749750090113
0.749718296485
0.749787049394
0.74975177492
0.749745783328
0.749788353299
0.749885119035
0.749886857137
0.749952477843
0.750000511217
0.750021668287
0.7500586924
0.750065541775
0.750093453008
0.750083994384
0.749925088461
0.749808168633
0.749798991744
0.74983305788
0.749789686477
0.749834435918
0.749891479866
0.749909668137
0.749885222525
0.749897394029
0.749981166858
0.749985252288
0.750025245922
0.750037713864
0.749989651853
0.749939084406
0.749962538817
0.749988781483
0.749958878471
0.74998101587
0.750044145402
0.7500672138
0.750049769021
0.750068076201
0.750031412685
0.749832334351
0.749872568568
0.749834569622
0.749856238513
0.749842734646
0.749788993421
0.749824308298
0.749866963616
0.749866462943
0.749876891521
0.749881019116
0.74990736215
0.749948723397
0.749831816389
0.749862803852
0.749825988767
0.749862418092
0.749871703428
0.749929199073
0.749777283356
0.749665280387
0.74966295771
0.749613474379
0.749549777925
0.749570143389
0.749584552675
0.74954234863
0.749454538277
0.749478200691
0.749559843047
0.749592984618
0.749638603773
0.749662877377
0.749672665806
0.749668653101
0.749593028866
0.749603376167
0.74964843991
0.749656749191
0.749580672195
0.749600033605
0.74965298836
0.749691898548
0.749693102462
0.749651282644
0.749630935176
0.749662557753
0.749731287429
0.749740584809
0.749771901242
0.749779739896
0.749818866096
0.749849786237
0.749905252401
0.750002414868
0.749871388219
0.749874437982
0.749878949792
0.749811018961
0.749794906597
0.749822795839
0.749807278176
0.749843347258
0.749815666432
0.749852203799
0.749780071548
0.749755492658
0.749682582843
0.749767528192
0.749689082433
0.749680453195
0.74963256678
0.749595265187
0.749551692216
0.749619304047
0.749576987953
0.749609344036
0.749641647845
0.749670182481
0.749680993032
0.749714758198
0.749767921209
0.749803396446
0.749742862977
0.749796375796
0.749865511439
0.749852204903
0.749830911126
0.749880693347
0.749892760163
0.749889377166
0.749805361969
0.749782747105
0.749772280754
0.749797260435
0.749789243654
0.749840465249
0.749898935489
0.749897135976
0.749879808977
0.749932522713
0.749857941486
0.74980257913
0.74977239269
0.749751972604
0.749768197275
0.749724605565
0.749773680064
0.749725652089
0.749757529794
0.749764682842
0.749779676147
0.749815530829
0.749832226393
0.749860258573
0.749879208962
0.749951407243
0.749958943793
0.750010727436
0.750103783634
0.750159516647
0.750192908404
0.750211924162
0.75017621983
0.750212743062
0.750306645657
0.750240908306
0.750293572958
0.750241402988
0.75020102995
0.750106406724
0.750054929224
0.750049221603
0.750014579046
0.750092143559
0.750140857154
0.750184933748
0.750195090996
0.750125638403
0.750153262756
0.750181768209
0.750072048267
0.750011816463
0.749992218494
0.750008305485
0.750025252755
0.749976702732
0.750026391918
0.749918507918
0.749903045572
0.749954789152
0.749927103291
0.749972429258
0.750027128048
0.750017309281
0.749990234764
0.750026527103
0.750097232643
0.750102847684
0.750126865816
0.750070473373
0.750054296475
0.750100160335
0.75009984971
0.7500725356
0.750056185526
0.750099642241
0.750101561139
0.750151588707
0.750169520158
0.750168620456
0.750197817647
0.750218780247
0.750176854793
0.750142996235
0.750176377826
0.750149776158
0.750117247224
0.750157893327
0.750172218064
0.750174068542
0.750207891406
0.750221309186
0.75020938711
0.750274050917
0.750270016732
0.750324942356
0.750298784448
0.750263544422
0.750320816855
0.750365597895
0.750372766593
0.750347356214
0.750356325609
0.75034817452
0.750288639285
0.750282734832
0.750325730175
0.750331112694
0.75036570014
0.750309445088
0.750279106627
0.750245023846
0.750208128615
0.750230477345
0.750221546796
0.750177512856
0.750167273501
0.750240716815
0.75031473258
0.750388896085
0.750437990185
0.750468840351
0.750498398412
0.750531756087
0.75057703808
0.7506388721
0.750660842972
0.750616654886
0.750639352366
0.750654255346
0.7506188371
0.750633466958
0.750541190441
0.750556250604
0.750580330614
0.750591602496
0.750654080437
0.750660213408
0.750661017524
0.750715274718
0.750681778199
0.750672228771
0.750686024407
0.750677276938
0.750696646586
0.750704617176
0.750747290189
0.750766652529
0.750825107503
0.750765326108
0.75082166205
0.750834139474
0.750832439195
0.750897427565
0.750946633544
0.750985172078
0.750979146203
0.750881114148
0.750932590147
0.751006568423
0.75108310242
0.751123611427
0.75113407469
0.751167598226
0.751124067654
0.751100824773
0.751147874453
0.751168907996
0.751209782495
0.751244404526
0.751306065522
0.751280903852
0.751321597821
0.751277072555
0.751243282223
0.75119802383
0.751183251656
0.751155099228
0.75116646265
0.75116484603
0.751220248988
0.751265041334
0.751258711363
0.751295432098
0.751335787945
0.751275448753
0.751307453797
0.751372609229
0.75139379815
0.751463071353
0.751439437939
0.751346226044
0.751351271211
0.751367024971
0.751423909536
0.751450820474
0.7514384353
0.751500931784
0.751536982451
0.751582077003
0.751585941284
0.751604051497
0.751545136627
0.751590197285
0.751617417387
0.751591068045
0.751601294372
0.751563883622
0.751580146218
0.751552350718
0.751617712917
0.751634829787
0.751566799144
0.75156129148
0.751557693379
0.75157287259
0.751583232106
0.751604703747
0.751652300623
0.751697314196
0.751659888242
0.751715028273
0.751743169583
0.751732249159
0.751768301373
0.751809536848
0.751794574716
0.751823059988
0.751889403434
0.751920380076
0.751955039538
0.752039419697
0.752053926157
0.752037999895
0.752096056251
0.75209224271
0.75202089285
0.75205917864
0.751946440661
0.751861353009
0.751887441724
0.751874220014
0.751897764371
0.751912188384
0.751912083576
0.751920697574
0.75194299726
0.751925397133
0.751938928134
0.751954700162
0.751952982748
0.751991322696
0.751918603095
0.751873128629
0.751834839443
0.751808971831
0.751809927552
0.751804865816
0.751824257668
0.751803730458
0.751856749472
0.75182218407
0.751749752183
0.751783445474
0.75174510999
0.751759786027
0.751729148585
0.751707773797
0.751755450894
0.751794784762
0.751821117822
0.751816096571
0.751767143689
0.751766765868
0.751775727535
0.751842733069
0.751840061597
0.751877769538
0.751898406384
0.751863974758
0.751875949713
0.751888268073
0.751877753906
0.751905521185
0.751939144136
0.751991738925
0.751989773207
0.751861056127
0.751897295605
0.751888055183
0.751888686353
0.751826299209
0.751865162791
0.751884872968
0.75191842399
0.751906118174
0.751934644566
0.751957027767
0.751997930592
0.752014927642
0.752042696384
0.752018439146
0.752076313634
0.752081328333
0.752037516381
0.752063391882
0.752079187595
0.752051899565
0.752117692733
0.752164758959
0.752210633053
0.752213765012
0.75221363006
0.75224633119
0.752247000758
0.752263093784
0.752267591415
0.752241445859
0.752238987525
0.752263957132
0.75230921615
0.752272121484
0.752315737747
0.752369311375
0.752417777079
0.752443446224
0.752375474747
0.752393398913
0.752372905418
0.752387570566
0.752426533284
0.752438303167
0.752324278141
0.752224920396
0.75217147108
0.752191507908
0.752130378328
0.752058754203
0.752061562905
0.752033966451
0.751935842465
0.751933369284
0.75195743491
0.751962825781
0.75188246321
0.751870766166
0.751807921162
0.751848092495
0.751834187203
0.751871033946
0.751926827634
0.751947759329
0.751927307609
0.751969201332
0.751946881186
0.751927522214
0.751944825751
0.75198407412
0.752027030174
0.752053309098
0.75201713575
0.752066671176
0.752045183515
0.752017446808
0.752003454453
0.752042594936
0.752003767588
0.752035977849
0.752053011726
0.752090228774
0.752125221252
0.752194040984
0.752225667218
0.752223060355
0.752212824607
0.752223629246
0.752232717053
0.752288605986
0.752321802083
0.75229190053
0.752337065769
0.752343706247
0.752356983502
0.752364249629
0.75238901658
0.752396090413
0.752421670664
0.75234478655
0.752377627006
0.7523716142
0.752368078043
0.752389598434
0.752324930754
0.752360172223
0.752309310482
0.752332933674
0.752272026164
0.752305654829
0.752331330352
0.752395070139
0.752400770525
0.752364857689
0.752318724967
0.752311671501
0.752306359918
0.752287183292
0.75224133328
0.752225270249
0.752266660982
0.752323472227
0.752327330729
0.752348058825
0.752361375096
0.752378261388
0.752372956116
0.752426973977
0.752477122388
0.752439437325
0.7524630557
0.752501323804
0.752518187031
0.75244422283
0.752505674027
0.752524320399
0.752548693827
0.752542254456
0.752559949321
0.752568139907
0.75262570443
0.752668306296
0.752713495319
0.752739493105
0.752786435643
0.752816663712
0.752796279686
0.752774102058
0.752753028692
0.752675465043
0.752609452095
0.752615662247
0.752612679381
0.752662592467
0.752686383474
0.752700418299
0.752642578522
0.75266444002
0.752619530782
0.752637284746
0.752674521975
0.752669132158
0.752675657613
0.75266413671
0.752693075592
0.752734525886
0.752698563129
0.752694518405
0.752646133152
0.75257553217
0.75260637691
0.752633253465
0.752651363742
0.752641657608
0.752682449963
0.752707018584
0.752755033589
0.752756752368
0.752715419124
0.752705709505
0.752695053621
0.752703937178
0.752738108257
0.752792533625
0.752844719042
0.752763277195
0.752778959742
0.752786778992
0.752818664388
0.75283866087
0.752839137948
0.752751325419
0.752750785322
0.752744921563
0.752702741406
0.752738114868
0.752773231483
0.752725175712
0.752719087755
0.752666401205
0.752645542343
0.752686608652
0.75271710496
0.752665502765
0.752700284047
0.752730527543
0.752776306131
0.752763670559
0.75278588164
0.752769128721
0.752717535913
0.7526900861
0.752700624774
0.75272166467
0.752712722551
0.752610082553
0.752657651103
0.752688589698
0.752688709069
0.752686313925
0.75267167304
0.752692553109
0.752731615464
0.752769873682
0.752812272627
0.752872767498
0.752929399805
0.752921813088
0.752884745808
0.752927043054
0.752890235353
0.752911420084
0.752945501805
0.752877079459
0.752914299564
0.752949097395
0.752987358209
0.752981056603
0.752998417953
0.752993533451
0.753013590231
0.753043129718
0.753062273502
0.753017549037
0.753054862816
0.7530647762
0.753074180919
0.753095629854
0.753126269596
0.753142753093
0.753152961324
0.753195919826
0.753208129588
0.753234982564
0.753154736615
0.753148892091
0.7531664217
0.753201461732
0.753222336251
0.753262762884
0.753283382465
0.75317084519
0.75315902553
0.753176462773
0.753195652185
0.75321746676
0.753204834173
0.753207302629
0.753196778921
0.753105653975
0.753098093535
0.753112105946
0.753128123803
0.753115044015
0.753152712079
0.75318632624
0.753170901811
0.753104397638
0.753050312214
0.752985898509
0.753011119589
0.753052758015
0.753077382351
0.753118041301
0.75311104681
0.753086911888
0.753103634322
0.753111164142
0.753128397786
0.753066887318
0.753082195509
0.753126623372
0.753152779386
0.75317763184
0.753168487831
0.753203429656
0.753186152014
0.753157714952
0.753193650154
0.753218265634
0.753201942576
0.753211098407
0.753197414939
0.753153269723
0.75316563074
0.753173072506
0.753169903334
0.753180875603
0.753216275427
0.753096921079
0.753125395642
0.75314617033
0.753170784834
0.753171726872
0.753051929218
0.753048780607
0.753064794653
0.753091643351
0.753106363528
0.753117794973
0.753149536173
0.753160547543
0.753147042906
0.753187604388
0.753230378649
0.753218793354
0.753233490808
0.753253910862
0.753257129747
0.753259915546
0.753287225142
0.753294153451
0.753270542024
0.753284471613
0.75326103858
0.753278449162
0.753307147845
0.753336832338
0.753345467684
0.753394934392
0.753429662004
0.753447027717
0.753450556073
0.753485092477
0.753449589863
0.753362571808
0.753352488013
0.753382683253
0.753409216217
0.753434838754
0.75345993062
0.753496912898
0.753520829227
0.753433778769
0.753439732501
0.75339071318
0.753439635136
0.753474700349
0.75351152975
0.753484016506
0.753469402817
0.75349258672
0.753520515252
0.753535404922
0.753536181689
0.753512517531
0.753541944431
0.753517787002
0.753558993483
0.753597512125
0.753638737372
0.753644629982
0.753587580134
0.753532404854
0.75353830124
0.753460644139
0.753466868291
0.753489360229
0.753502462449
0.753507465884
0.75353960023
0.753537493252
0.753544007755
0.753548546627
0.753544153593
0.753568543528
0.753486495176
0.753512500614
0.753518777805
0.753521050694
0.753551282332
0.753578974792
0.753558360903
0.753492858886
0.753478115622
0.75349069421
0.75344304255
0.753451222749
0.753415212799
0.753412795318
0.753419301509
0.753439864715
0.753433544069
0.753406367999
0.75340114689
0.753385222962
0.753376644442
0.753320439638
0.753375165141
0.753365029526
0.753382141986
0.753364655714
0.753395955115
0.753433703941
0.75345499134
0.753488243129
0.753489861146
0.753514365582
0.753514428941
0.753527918146
0.753566369656
0.75357834429
0.753612971769
0.753650698752
0.7536022089
0.753615011555
0.753614575429
0.753588183644
0.753597047967
0.753491429914
0.753505658998
0.753524606393
0.753544067549
0.753550321887
0.753580217457
0.7536170589
0.753631022139
0.753637468307
0.753671103909
0.753674291804
0.753679216178
0.753706642126
0.753719814396
0.753752909299
0.753803728505
0.753806870428
0.753817142934
0.75385251461
0.753836776733
0.753855608174
0.753882019025
0.753856172598
0.753847769906
0.753870507422
0.753893321554
0.753917680438
0.753858976975
0.753886919702
0.753916824606
0.75389622856
0.753842309904
0.753830408811
0.753859356145
0.75388180635
0.753835269392
0.753794247879
0.753796120058
0.753782524034
0.75382373266
0.753845705815
0.753799732867
0.753837238064
0.753850098625
0.753825097447
0.753815733944
0.753854494873
0.753858971962
0.753869173922
0.753905404082
0.753911394342
0.753884806853
0.753891995395
0.753910461547
0.753941564763
0.753960399796
0.753964483308
0.753988434285
0.754012892914
0.754047825702
0.754037318147
0.754058953319
0.754092810213
0.75405386681
0.754064153518
0.754058376789
0.754054143794
0.754053691995
0.754077164764
0.754012790982
0.75405396982
0.753966571212
0.753970069409
0.753967959891
0.75401373993
0.75403129966
0.754050105858
0.754038718919
0.754064521059
0.754080281287
0.754079874206
