0.0365391336283
0.0652195026327
0.0774338616704
0.0775911910255
0.0868347959655
0.0898394793935
0.11454679289
0.118861156001
0.121903313478
0.137160362994
0.149246035593
0.15013039937
0.152860771612
0.163985397561
0.168272819851
0.169992447731
0.1642829864
0.159933220477
0.158631880389
0.152935244424
0.153776230023
0.15148994629
0.154824928205
0.151699945341
0.153568679329
0.153436368539
0.149778711736
0.146495243443
0.146163625823
0.14742979329
0.1489295361
0.148592129703
0.151275421681
0.150998338704
0.148004136445
0.148189414522
0.147658563017
0.146335647594
0.146618731713
0.143154866502
0.142760464027
0.144924741292
0.144099795386
0.145011798037
0.144103280038
0.142731729227
0.144516328597
0.145315743204
0.145669859073
0.148799983373
0.149166074066
0.149437903561
0.150081296527
0.149239043562
0.147468658723
0.146955172586
0.1452469645
0.14491714489
0.146878640629
0.146376606407
0.146528856665
0.14530441081
0.145759720825
0.147051189095
0.150330322423
0.148911445464
0.150016369404
0.149815535636
0.15121834953
0.152150504358
0.152252692009
0.152010673581
0.150759082264
0.151648619485
0.152427899325
0.153467594263
0.152663633102
0.152492502429
0.153289069353
0.15214920836
0.154841157093
0.155208346709
0.154798227346
0.156881122492
0.156984466569
0.156401281375
0.15762819924
0.157903695395
0.157722216826
0.158471787272
0.157838512539
0.157597529316
0.156596377384
0.156869176022
0.156441678766
0.156833229298
0.158604609353
0.16022427566
0.161035548972
0.161128563261
0.161663808753
0.162035859076
0.161439964243
0.161774260113
0.161394817113
0.161017548598
0.161590729473
0.163500104917
0.162685674167
0.162140214608
0.163667500339
0.164221274948
0.163680195316
0.164694355173
0.165098344843
0.16504373992
0.165401620931
0.165963346198
0.167099917935
0.167630606113
0.16803042012
0.167619202775
0.167792997424
0.168518264273
0.168606475908
0.169382727568
0.168997136004
0.168860637033
0.169170821072
0.169248122077
0.169255574975
0.169824600648
0.170462452748
0.170230488085
0.16991509856
0.170546559749
0.171340492113
0.172060485864
0.17186672692
0.171294173683
0.172659195136
0.172878156356
0.173216183927
0.173485089065
0.17357366043
0.173465891754
0.174595378213
0.174509786032
0.175459900414
0.175458235323
0.176072882408
0.177275552843
0.17911353513
0.179471012302
0.180568063632
0.179627287818
0.180183833557
0.179483428148
0.179937963478
0.180402488498
0.181538994303
0.181654537094
0.18196913229
0.181577099729
0.182414389301
0.182002191372
0.182194210772
0.18278010654
0.18260643735
0.182710178026
0.183468346525
0.183954919325
0.184386951515
0.183799402845
0.183105405658
0.18405072417
0.186268676063
0.186055927526
0.186065229425
0.186736247315
0.186663479576
0.188326499858
0.188219180839
0.189009180937
0.188655016925
0.188440409958
0.188561203055
0.189649332634
0.188884125109
0.189342992869
0.189517265519
0.189117897931
0.190047654851
0.190711447727
0.191015099117
0.190391913659
0.190869158492
0.190983208574
0.191638317668
0.191794818558
0.19225033925
0.192366298468
0.192647630426
0.194104545501
0.19473047709
0.195413054917
0.195193544492
0.196129038061
0.196357278879
0.19619956367
0.195987822837
0.196809404466
0.196855275795
0.197637530165
0.198340163468
0.198579198292
0.199852893489
0.199547329035
0.19989849163
0.19960018867
0.200189574532
0.200947400489
0.200766194382
0.201064569482
0.201533460864
0.201524784832
0.20252627518
0.202737117994
0.20365391147
0.204196050875
0.204456465297
0.204695903321
0.205391635544
0.205376664279
0.20572324864
0.206389452312
0.206355816815
0.206190981409
0.207255049158
0.206880281744
0.206920963433
0.207273715011
0.207858871023
0.207850538852
0.208159660774
0.209240814137
0.208871757855
0.20950721609
0.209639745076
0.209756699364
0.209289937876
0.209241344119
0.2093155337
0.209679283096
0.211089352071
0.211540526853
0.211820224606
0.212248470111
0.212780169786
0.213348063945
0.213212717093
0.213567480078
0.214140882905
0.213983532607
0.214610383087
0.215058533001
0.214991738935
0.215161277894
0.215957351689
0.216658847743
0.216373000981
0.216383941314
0.216011256101
0.216245826737
0.216473272125
0.216862088019
0.217425825419
0.217676843164
0.218516899303
0.219290010477
0.219535895798
0.219409507402
0.219343122588
0.219212847923
0.219972542533
0.220461309488
0.220550837412
0.220416123268
0.220032373234
0.220129834188
0.220212453291
0.220408865142
0.22101861342
0.221339172281
0.221640772009
0.221794822864
0.221970585902
0.222616919177
0.222648168013
0.222335036701
0.222637954481
0.222916417267
0.223732147718
0.224410912488
0.224339734569
0.224705848605
0.225212152203
0.225403698499
0.225955429275
0.226156407495
0.227108764281
0.227485074471
0.227619575992
0.227984601397
0.228493389206
0.228940034375
0.229155678786
0.229893691946
0.230952709269
0.231099352208
0.231247126126
0.231051528717
0.231307044772
0.231408496003
0.2318475009
0.232148759992
0.232383296194
0.232503506809
0.232920598809
0.233615723709
0.233751176126
0.234431470736
0.235027547018
0.235562392786
0.235745901578
0.236101174567
0.236137285763
0.236665884037
0.236419762424
0.23691422348
0.237287909807
0.23766660186
0.2377542096
0.238245978548
0.238246047172
0.238652817993
0.23927786647
0.239579047855
0.240265491777
0.241097828137
0.241147800401
0.241244540298
0.241405345055
0.241274791515
0.241572728598
0.24187911061
0.241586291801
0.241815464612
0.241929414901
0.242552659204
0.242827739595
0.24313341127
0.243403702998
0.24348138132
0.244072867681
0.244607525429
0.245492912406
0.24573453082
0.246320065451
0.246280201342
0.246755959645
0.24710427353
0.247435552408
0.247574469536
0.248107825677
0.248043283511
0.248283405386
0.248486345729
0.248624350247
0.248612630669
0.248153834392
0.248243563901
0.248293667469
0.248168404705
0.24809178567
0.248253091507
0.248767965945
0.249108120149
0.249565588203
0.249845151375
0.25012219074
0.250643492662
0.251432724494
0.251544392416
0.252093039644
0.252314539992
0.252369848067
0.252845822733
0.253602139566
0.254052676302
0.254267193491
0.254524755486
0.254956249448
0.255459431405
0.255540032052
0.255748108666
0.255803918909
0.256017824923
0.255943080414
0.256456903039
0.256876244571
0.257242310964
0.257520453153
0.257825021051
0.257992280875
0.258542498859
0.258509725623
0.258994351864
0.259006289788
0.258966830269
0.259079131685
0.259403065307
0.259401561529
0.260053150836
0.260326284053
0.26064925888
0.260890775099
0.261057547493
0.261108938176
0.261601436514
0.261859687768
0.261959552984
0.262139190635
0.262412477698
0.263179625162
0.263465268986
0.264042813361
0.264306976846
0.264428840695
0.264821705341
0.265286734118
0.265377688848
0.265566632926
0.265646544889
0.266063483999
0.266332271664
0.266531718517
0.266927471412
0.266952127728
0.267336315116
0.267766094352
0.268275521982
0.268534747995
0.26880585778
0.269340810245
0.270052402758
0.270559534643
0.27100176058
0.271532274854
0.271841689035
0.272342632889
0.272351286557
0.272471863787
0.27284706011
0.273322364215
0.273640847585
0.274023604764
0.274514476229
0.274474240712
0.274455331782
0.274573102346
0.274875607492
0.274819440234
0.275043947309
0.27539734152
0.275693717231
0.275972829502
0.276060998709
0.276123314117
0.276437208682
0.276507593876
0.276551084914
0.27668622872
0.2768211404
0.277350999218
0.277458095688
0.277885959787
0.278149992175
0.278615023493
0.278764080714
0.278988305076
0.279690413365
0.279841023511
0.28048477328
0.280745978758
0.280878434072
0.281102061666
0.28120592064
0.281415805236
0.281835208194
0.281857831423
0.281753270511
0.282262298068
0.282262557939
0.282391156601
0.282757614022
0.283213494077
0.283358464655
0.283401085568
0.283555976924
0.283579342126
0.283871002774
0.283910685852
0.283924293579
0.284020772066
0.284074675958
0.284564778432
0.284695254922
0.285002892689
0.285491146794
0.28547748739
0.285854028241
0.286108182854
0.28662310837
0.287128416843
0.287566995994
0.287627874823
0.288078363949
0.288072143221
0.288455884302
0.288889936277
0.289304727766
0.289213878194
0.289422414318
0.289701714009
0.289753841349
0.290161279504
0.29038637583
0.290539796709
0.291029438123
0.291615886828
0.291834223819
0.292082597419
0.292486753386
0.292736972016
0.292761292609
0.292683713655
0.29315911918
0.29360398529
0.293675262108
0.293940551793
0.294137020932
0.294555849034
0.294756706112
0.29502189469
0.29539266505
0.295773759431
0.295976425685
0.296321348057
0.29654211561
0.296648514272
0.296977702574
0.297286224184
0.297407571005
0.297807269661
0.298335187656
0.298716767837
0.298967861231
0.299646148714
0.300004878093
0.300592970374
0.300734370095
0.301053769037
0.301685343334
0.302060197668
0.302502491939
0.302732162476
0.303168591961
0.303602098411
0.304013758408
0.304403918901
0.304438933934
0.304387627975
0.304592544689
0.304935578643
0.305142177607
0.305387156014
0.30547171648
0.30596814237
0.306317723552
0.306733557539
0.306833403173
0.306876348434
0.307135959525
0.307334523195
0.307598895129
0.307814357385
0.307946982291
0.308138159849
0.308246630839
0.308461689303
0.308860608253
0.309009183847
0.309271626061
0.30969906118
0.309781488036
0.310040587252
0.310404075871
0.310833221463
0.311097830132
0.311251544665
0.311715350166
0.312157990882
0.312413576966
0.312544631599
0.312723560066
0.312978785238
0.313336106498
0.313778990378
0.313976785403
0.314200816485
0.314469200891
0.314810297244
0.315140272407
0.315228080099
0.315231316532
0.315338037322
0.315680735268
0.316144546613
0.316522237506
0.31675577841
0.316847123456
0.317179727953
0.317626119595
0.317995007303
0.318289675648
0.318623057827
0.318618358941
0.318854873658
0.319268482927
0.319482471687
0.319661320154
0.319898537967
0.320116792066
0.320384012716
0.32079835932
0.32089373692
0.321158320285
0.321247964877
0.321619983424
0.322070817518
0.32228063453
0.322621439208
0.322729212436
0.323040421518
0.323293392837
0.323726087997
0.323901069817
0.324063005271
0.32451805058
0.324816853474
0.325036186407
0.325360886588
0.325608889275
0.325788277402
0.325888787336
0.326171796879
0.326359804736
0.326773760923
0.326950015169
0.327140270976
0.327236869806
0.327510033795
0.327802510924
0.328197334336
0.32818814629
0.328591389271
0.328781810082
0.328925080348
0.329443106599
0.329657649738
0.32997759092
0.330025348094
0.330250494513
0.330570077459
0.331038154622
0.331432896958
0.33169807548
0.331958181592
0.332114163197
0.332630753234
0.333073098898
0.333300901857
0.333355366276
0.333409122191
0.333747200894
0.333867358135
0.33416389802
0.334537005285
0.334624925575
0.334935955909
0.334890194713
0.335182196488
0.335526160827
0.335817312457
0.336058629476
0.336231006583
0.336324661439
0.336485544346
0.336792686341
0.337001235473
0.337529188378
0.337745174289
0.337818518906
0.338314428277
0.338492048571
0.338771901566
0.338827131823
0.339143607944
0.339378296023
0.339617685405
0.340003879389
0.340323580732
0.340355107667
0.340631336457
0.34095464149
0.341260032207
0.341508783232
0.341621861357
0.341851883363
0.342315143092
0.342426907075
0.342679677733
0.343010590326
0.343203127741
0.343457525023
0.343667415107
0.34376597455
0.344028364959
0.344237247772
0.344600502968
0.344870702748
0.345066658322
0.345353389006
0.345549950755
0.345825345287
0.346060614698
0.34613867393
0.346188561325
0.34640375584
0.34658665374
0.346957604818
0.347129869696
0.347300672727
0.347565258084
0.347908666861
0.348124991511
0.348210564189
0.348407528313
0.348533242264
0.348696059375
0.348816930045
0.349121486286
0.349389000883
0.349887977574
0.350090575286
0.350451961053
0.350688218963
0.350988037789
0.351193298386
0.351529820995
0.351761926339
0.352021164353
0.352263203077
0.352656814202
0.352904089448
0.353064137894
0.353176442866
0.35355093372
0.35371671718
0.353899787356
0.354014809229
0.354151362068
0.354295151705
0.354478863677
0.354761288542
0.354956355674
0.355128720862
0.355370403478
0.355653824957
0.35600921865
0.356346719009
0.356596270582
0.356648054523
0.357013241422
0.357283147598
0.357445792983
0.357620251559
0.357896145958
0.358037615955
0.358217946601
0.358591685603
0.358818475945
0.359040844818
0.359265845186
0.3593947865
0.359669471805
0.359877413027
0.360208228006
0.360529276474
0.36073323243
0.360976768453
0.361325643655
0.361611539057
0.361846632524
0.36209554074
0.362313393315
0.362654680382
0.362862706842
0.363098224626
0.363191072301
0.363353297394
0.36363810024
0.363742398671
0.363988702722
0.364210223173
0.364257369659
0.364533965049
0.364982630787
0.365236437764
0.365368764509
0.365713320271
0.365955636413
0.366171674781
0.366241176177
0.366529989814
0.366762618678
0.367077624484
0.36721424617
0.36734024091
0.367707029336
0.367969079676
0.368082670738
0.368384925639
0.36853421804
0.368577872726
0.36886179528
0.369017679125
0.369347140571
0.369517233481
0.369826880912
0.370069586662
0.370363649274
0.37062942434
0.370931971175
0.37106108173
0.371267803962
0.371536395707
0.371874730019
0.372239108344
0.37248129814
0.372840970568
0.373043153337
0.3732993878
0.373585717412
0.373760402218
0.374029119865
0.374325720172
0.374441772465
0.374586988184
0.374861562608
0.375025087734
0.375148946039
0.375402491906
0.375538451265
0.37577106274
0.375934223059
0.376033419061
0.376245319142
0.376445608777
0.376563587744
0.376845613802
0.377002007512
0.377192085435
0.377214766321
0.377413873615
0.377618266973
0.377878426253
0.378098436344
0.378306871324
0.378340907197
0.378582734705
0.378850385613
0.379231264313
0.37944990583
0.379703219084
0.379894896295
0.380101357818
0.380301101917
0.380438850906
0.380776862407
0.380994974727
0.381298452602
0.381506396533
0.381675049717
0.381917817811
0.382120799333
0.382344450428
0.382648433913
0.382771381325
0.382958725386
0.383165868243
0.383447705689
0.38373593901
0.383926096995
0.384119409977
0.384404055172
0.384698801949
0.385060876673
0.385253137512
0.385576883226
0.385712981415
0.385924725791
0.386156380575
0.386433113774
0.386808778879
0.387047983817
0.387336523943
0.387644832977
0.387899398973
0.388206668183
0.38844322714
0.388625417319
0.388939315563
0.389092564783
0.389421339458
0.389621123144
0.389887717491
0.390097156942
0.390333701046
0.390436914976
0.390689688589
0.390827970196
0.391134555656
0.391331179899
0.391708176679
0.391847512784
0.392100734054
0.392265464073
0.392424658417
0.392744021418
0.392985764309
0.393195328985
0.393414655879
0.393654517101
0.393792799535
0.393989754466
0.394363745426
0.394442460363
0.394616684092
0.394825429198
0.394958602814
0.395074766885
0.395266179515
0.395468924012
0.395792449877
0.395968577752
0.396084528873
0.396308432934
0.396633926039
0.39685554796
0.397106172799
0.397275282052
0.397407862697
0.39766852052
0.39790299747
0.398015011816
0.39827303549
0.398589822383
0.39874054797
0.398909972337
0.399123526389
0.399351887923
0.39954690799
0.399848426988
0.4001302759
0.400309574727
0.400538701369
0.400795498091
0.400991224429
0.401163519268
0.401378871781
0.401514771645
0.401764197573
0.40185145589
0.402135253725
0.402332815169
0.402563786943
0.402827198396
0.403132735972
0.403273637281
0.403503163934
0.403696129751
0.403885467436
0.404134966789
0.404300205444
0.404502756196
0.404641168165
0.40484677796
0.405194533672
0.405483055266
0.405749695017
0.405840288464
0.406054621913
0.406195927063
0.406445273826
0.406595403221
0.406901317402
0.407022443213
0.407320847789
0.407478083567
0.407669325954
0.407756370246
0.407981905182
0.408196859448
0.4084474049
0.408604142675
0.40890363109
0.408997610785
0.409308076713
0.40953609141
0.409801868218
0.410053716385
0.410155054568
0.410374581295
0.410600944978
0.410801626743
0.411075151076
0.41128382936
0.411521354679
0.41170652461
0.411952364337
0.412146424497
0.412392840886
0.412592327597
0.412830999969
0.413114178713
0.413307823325
0.413597102698
0.413795406824
0.41398488167
0.414127833311
0.414361418807
0.414669036104
0.414865246455
0.414970104501
0.415150385918
0.41534307585
0.415563406537
0.41570318459
0.415947414983
0.416197929082
0.41648654642
0.416689386546
0.416993911565
0.417102886665
0.41739135159
0.417677309982
0.417808232804
0.418021683876
0.418189097537
0.418404623111
0.418678331848
0.418935319502
0.41917151516
0.419387463512
0.419511936255
0.419800986312
0.419979603019
0.420176320081
0.420334289552
0.420375552465
0.420695178517
0.420839163544
0.421054132216
0.421317387873
0.42146333386
0.421591028925
0.421781279488
0.422005106685
0.422191462988
0.422400704033
0.422667141202
0.42284520828
0.423134520969
0.423303902736
0.423576674741
0.423828988541
0.424074299033
0.424296143888
0.424454247423
0.424707253685
0.424996289083
0.425190440106
0.425398795945
0.42565247902
0.425799397637
0.426093400602
0.426352621007
0.42650429634
0.426641701873
0.426904183693
0.427117773288
0.427295540088
0.427512250723
0.427823038489
0.428038602853
0.428208065678
0.428333534134
0.428528207549
0.428630542657
0.428890240603
0.429075832078
0.42922189745
0.429481524148
0.429666558185
0.429898771303
0.430204600219
0.430438798572
0.430682816108
0.430897582347
0.431110743158
0.431426519447
0.431630070876
0.431889200027
0.432109641055
0.432250131642
0.43249352334
0.432672783679
0.432806545911
0.433109508035
0.433373076245
0.433521942112
0.433682575071
0.433789253926
0.433886192826
0.434086781421
0.434296797787
0.434481693541
0.434658589965
0.434843851554
0.435094751552
0.435277085125
0.435430628903
0.435535807984
0.435805448471
0.436071623331
0.436204284573
0.436429590588
0.436612263434
0.436794021772
0.436964659347
0.437152054632
0.437342740716
0.437548503662
0.437687248743
0.437799959028
0.438091647577
0.438356934199
0.438595505927
0.438770712424
0.438925662136
0.439153253567
0.439351782163
0.439591258223
0.439762042452
0.439829274051
0.43995020287
0.440172194306
0.440330609981
0.440504129702
0.440711483645
0.440909394998
0.441162456327
0.441289418127
0.4414738846
0.441610953997
0.441719435791
0.44190893529
0.44196909054
0.442164644724
0.442375571957
0.442622968254
0.44275649467
0.443001766667
0.443161092093
0.443320816917
0.443531949694
0.443769836317
0.444001341729
0.444033573921
0.444300181083
0.444547608756
0.444817498756
0.444955841656
0.445221372801
0.445316374067
0.445516828485
0.445698278822
0.445852984793
0.446066145758
0.446101675812
0.446325201671
0.446504837737
0.446700383979
0.446900472331
0.446985261617
0.447038545723
0.447234936397
0.447359200438
0.44760068715
0.447840905896
0.44804333522
0.448152998235
0.448266040719
0.448458378462
0.44859816494
0.448784875198
0.448915515449
0.449027876402
0.449189066095
0.449389700077
0.449543243855
0.449727641714
0.449946716103
0.4501828165
0.450307384635
0.450444374615
0.450576535854
0.450765644129
0.450882220194
0.451026477969
0.451256956135
0.451349937245
0.451538264102
0.451757101045
0.45196684116
0.452107281987
0.452339017402
0.452497859398
0.45259972462
0.452646016842
0.452804045579
0.4530142145
0.453247963191
0.453472717531
0.453698606355
0.453868290061
0.453970378966
0.454182126039
0.454397030641
0.454607040503
0.454820140061
0.454945217443
0.455119818104
0.455309497756
0.455591889433
0.455683787208
0.455831902949
0.456036924148
0.456205215041
0.456354329746
0.456576769451
0.456795801125
0.456933589835
0.457159810209
0.457319418515
0.457440038506
0.457634562455
0.457822239413
0.457973286144
0.458089907865
0.458375975431
0.458571432052
0.458737597767
0.458994012831
0.459183113765
0.459449815176
0.459597474754
0.459809214261
0.460065787778
0.460203607543
0.460313678489
0.460451878816
0.460637919656
0.460807351825
0.460998198413
0.461214297766
0.461449586505
0.461590235538
0.461743719955
0.461948341508
0.462146912171
0.462399231208
0.462640761532
0.46284628165
0.463054551311
0.463223520551
0.463424455175
0.463503416051
0.46363952687
0.46386719206
0.464078078981
0.464222704243
0.464319969219
0.464515502313
0.464711317826
0.464890615277
0.465065950798
0.465238996699
0.465429511685
0.465599301828
0.465841033002
0.466066606265
0.466197709404
0.466342249371
0.466470346891
0.466643273234
0.466843517512
0.467038852479
0.467167140526
0.46733989642
0.467552906437
0.467729792139
0.467885555846
0.46804253312
0.468135891243
0.468325710365
0.468472553474
0.468684566931
0.468843025216
0.46898632426
0.469238245354
0.469405151075
0.469604354706
0.469784454388
0.469989634704
0.47006651393
0.470172808487
0.47035876211
0.470531337983
0.47064375502
0.470812452457
0.470962369315
0.471128472404
0.471303674844
0.471407286874
0.471550996116
0.471746812399
0.47185744262
0.472014029631
0.472100396706
0.472215444811
0.472373700746
0.472496075525
0.472667060268
0.472823574982
0.473004140125
0.473147507785
0.473225777035
0.473347760697
0.473516429027
0.473745644292
0.473970180658
0.47405279127
0.474266173202
0.474428793587
0.474572534595
0.474686142282
0.474869390938
0.475082315804
0.475212125034
0.475381435704
0.475585683665
0.475768246024
0.475989544512
0.476210901208
0.476354932571
0.476499579121
0.476628985833
0.47682866073
0.476962084298
0.477133945338
0.477404529781
0.477536709912
0.477679708165
0.477858027438
0.47796986927
0.478179150228
0.478370337385
0.478594043651
0.478806959386
0.479037915614
0.479203057665
0.479401298498
0.479544777017
0.479697729796
0.479828980697
0.479881488793
0.479988224062
0.480041982451
0.480202999976
0.480355288596
0.480536185985
0.48078540431
0.48093982684
0.481091473386
0.481200129224
0.48131821267
0.481510060097
0.481670499392
0.481794127921
0.481970575103
0.482088371448
0.48220392629
0.482382531043
0.482536524684
0.482735691818
0.482923781956
0.483095092023
0.483320375779
0.483533630046
0.483668398591
0.483827006611
0.483925689278
0.484117450288
0.484292462968
0.484530316731
0.484700790002
0.484827549928
0.484952937232
0.4851779636
0.485386060704
0.485478333945
0.485652583684
0.485785003691
0.485953582347
0.486139730753
0.486223611524
0.486386424819
0.486585485541
0.486724368118
0.486804566154
0.486958273503
0.487151541743
0.487365529958
0.48742963672
0.487528684922
0.487659279629
0.487869865233
0.487989414446
0.488130565965
0.48825915964
0.488408565232
0.488561491316
0.488733882223
0.488934957241
0.489070018139
0.48928753505
0.489445998193
0.489525451491
0.489726033405
0.489926556132
0.490131423373
0.490327463275
0.49045304202
0.490654157112
0.490884549004
0.49102203197
0.491168633535
0.491342898922
0.491398922556
0.491556204432
0.491638851593
0.491798286267
0.491871993525
0.492026115153
0.492181387441
0.492437826153
0.492580929374
0.492695767598
0.492807001714
0.49294550726
0.493079061792
0.49325930992
0.493420293469
0.493556818334
0.493619092647
0.49373070237
0.493931622298
0.494137620353
0.494272983485
0.49442008207
0.49455178316
0.494694978404
0.494847883762
0.495000045841
0.495150330476
0.495272543443
0.49537444858
0.49555352627
0.495688210054
0.495839289219
0.496004678471
0.49614410079
0.496321045138
0.496479707856
0.496609774897
0.496794053794
0.496928167536
0.497123271016
0.497235797822
0.497373414597
0.497569069402
0.497706571756
0.497869907468
0.49799239228
0.498115048853
0.498268114792
0.498418647675
0.498574567437
0.498714667129
0.498850487697
0.498961613019
0.499096307446
0.499265258646
0.499357871748
0.499485763106
0.499634712496
0.499791707492
0.499931754301
0.500129834056
0.50028610778
0.500457396488
0.500605536174
0.500743553915
0.500886424168
0.501062456543
0.501101389794
0.501246653087
0.501377439876
0.501496133425
0.501652616182
0.501815991092
0.501973983791
0.502131670095
0.502312333727
0.50245924509
0.502635472288
0.502811108076
0.502922479765
0.503050889107
0.503148269056
0.50330447512
0.503504850275
0.503643943195
0.503761797752
0.503978911714
0.504096996886
0.504272961972
0.50442211864
0.504553020621
0.504728989196
0.504802206005
0.504968275309
0.505097290146
0.505233286078
0.50541122169
0.505514273604
0.505643514068
0.505779802966
0.505911661697
0.506004421421
0.506133578933
0.506247347042
0.506398199576
0.506549848177
0.506676464629
0.506838844564
0.506956792274
0.507143047794
0.507259886934
0.507410544865
0.507567608133
0.50772998437
0.507875397205
0.508038194665
0.508195291282
0.508335949144
0.508529244432
0.508691257545
0.508808908558
0.508926177062
0.509102936665
0.509221412803
0.509352990676
0.509513923536
0.509617128135
0.509745378078
0.509878834252
0.509885015381
0.510021151892
0.510181589491
0.5103975131
0.510525730157
0.510692231877
0.510883765163
0.511033721739
0.511202430139
0.511386324169
0.511555417406
0.511623001484
0.511766624223
0.511862216206
0.512052081557
0.512073359609
0.512140349516
0.512296847953
0.512448141382
0.512538774891
0.51269843358
0.512828004185
0.512984081922
0.5131234889
0.513222180038
0.513357388643
0.513509314109
0.513670580237
0.513833053237
0.513992392142
0.51410004269
0.514218775199
0.514354225184
0.514435000264
0.514571861836
0.514694142587
0.514898078383
0.515049288945
0.515235691802
0.515414304463
0.515554225697
0.51571218224
0.515843078852
0.515996880053
0.516131286489
0.516310631567
0.516467501526
0.51660901701
0.516726314838
0.516914148041
0.517074366823
0.517218933335
0.5173824072
0.517429785017
0.517577775563
0.517758615105
0.517944530142
0.51811605147
0.518280759421
0.518454737655
0.51858625188
0.518760951539
0.518855088349
0.518979778395
0.519094486265
0.519197031137
0.519344744485
0.519513961198
0.519629517958
0.519775046915
0.519878169233
0.520027201869
0.520150702894
0.520335573391
0.520497122616
0.52061269327
0.520766188174
0.520923239246
0.52103022255
0.521137728536
0.521246850198
0.521382399371
0.521543808486
0.521686416497
0.521810632176
0.521979744852
0.522176250663
0.522232690073
0.522383136424
0.522500809837
0.522675685742
0.522734036867
0.522875920009
0.52306784579
0.523220165383
0.523347875629
0.523482879313
0.523587969693
0.523727191643
0.523844008353
0.523960085333
0.524086116496
0.524158398822
0.524324542506
0.524496704059
0.524645416306
0.524805044469
0.524985986419
0.525146990401
0.525270381999
0.525386343755
0.525483326409
0.525668029973
0.525779570416
0.525932382158
0.526115550651
0.526275850988
0.526427500939
0.526538859336
0.52665950342
0.52681053987
0.526942572638
0.527088382905
0.527213340399
0.527342694176
0.527492032638
0.527581242462
0.527700012051
0.52782610954
0.52789771173
0.528044273742
0.528179727541
0.52834433562
0.528493702028
0.52863435265
0.52873391339
0.528904890086
0.529077870545
0.529229920246
0.529261849469
0.529389477636
0.529517873969
0.529661017384
0.529828418646
0.5299789423
0.530092665859
0.530180557189
0.530307015055
0.530426584208
0.530570743041
0.530728658999
0.530857769992
0.531012815974
0.531159105421
0.531259130109
0.531385565766
0.531507549767
0.531648355072
0.531843978847
0.532019813942
0.532169348751
0.532321404169
0.5324039467
0.532531281389
0.532625604437
0.532820893936
0.532951521396
0.533074461349
0.533212266419
0.53336154815
0.53350123248
0.533642501294
0.533729582831
0.533871435118
0.53402225603
0.534152262336
0.534272974036
0.534405540817
0.534510566923
0.53463107976
0.534751254376
0.534840634587
0.534949794778
0.535104233023
0.535195392551
0.535320055959
0.535461384516
0.535540301351
0.535655286472
0.53577252629
0.535876827975
0.535916040327
0.536086657442
0.536223393326
0.53630341255
0.536396480381
0.536501406744
0.53663040951
0.536738347188
0.536825210501
0.537010234751
0.537129416144
0.537278657632
0.537401173632
0.53750939765
0.537605093044
0.537735268228
0.537829730231
0.537999907721
0.538079945856
0.538163493435
0.538270226672
0.538357081741
0.538530615643
0.538641082526
0.538788156853
0.538932766097
0.539093236984
0.539240827297
0.539361587867
0.539511775548
0.539641311969
0.539778256081
0.539943458051
0.540090673286
0.540203521363
0.540274654852
0.540430241923
0.540572924844
0.540640746947
0.540768206797
0.540918419561
0.541022375055
0.541079172136
0.541151174409
0.541310214576
0.541425399197
0.541559906581
0.541704384911
0.541854647414
0.54198325334
0.542130768317
0.542266975099
0.542393063737
0.542503074367
0.54265251431
0.54281622322
0.54290568036
0.54305946774
0.543186862917
0.54332058355
0.54347767546
0.543612165029
0.543791170691
0.543895578936
0.544040126742
0.544158517132
0.544309713997
0.54443972156
0.544586501183
0.544698734002
0.544846294711
0.54496740314
0.545101801645
0.545205978245
0.545357145858
0.545535907885
0.545656315197
0.545821228743
0.545955687161
0.546094732014
0.546210450291
0.546321252706
0.546446644217
0.546589910392
0.546710067124
0.546850475887
0.546923487845
0.547057476565
0.547195695578
0.547357406443
0.547425163119
0.547518042891
0.54762169661
0.54777491258
0.547915156138
0.547991913104
0.548167662557
0.548296511246
0.548407991266
0.548457843264
0.548584963881
0.548747862263
0.548871893961
0.549014766024
0.549111620861
0.54927516589
0.549389378923
0.549417776621
0.549538974398
0.549667674605
0.549812915972
0.549964665499
0.550089694946
0.550196800989
0.550298125146
0.550418456098
0.550579443592
0.550596827285
0.550705099076
0.550821575675
0.550931483127
0.551044379457
0.551177730742
0.551305575305
0.551450313525
0.551555031145
0.551702010729
0.551830760621
0.551964832968
0.552113532748
0.552235773636
0.552370786453
0.552515202697
0.552667022587
0.552785649902
0.552862697341
0.552990455841
0.553113532411
0.553260616153
0.553333897802
0.553471329081
0.553592207874
0.553715730799
0.553865148765
0.553966081003
0.554140160026
0.554254219147
0.554383211057
0.554486506798
0.554620341988
0.55475748196
0.554881468386
0.555009021661
0.55513982967
0.555289761464
0.555423366777
0.555496340505
0.555588020781
0.555709968224
0.55576543889
0.555844329565
0.55592707309
0.556008961219
0.556133853398
0.556256687216
0.556357515848
0.556480748893
0.556595759219
0.556661461217
0.556749279441
0.55682470675
0.55693715175
0.557051048613
0.557145815762
0.557242347042
0.557387651987
0.5574591851
0.5575899477
0.557674743427
0.557728086003
0.557849821261
0.557969921664
0.558042685149
0.558175741039
0.558307837706
0.558443221367
0.55852775091
0.558653312328
0.558799828844
0.558826595554
0.558982599303
0.55906803282
0.559173554617
0.559290971546
0.559401552733
0.559504188037
0.559652358708
0.559807572297
0.559953102549
