1 3
2 1
3 4
4 3
5 3
6 2
7 2
8 2
9 2
10 2
11 2
12 2
13 2
14 4
15 4
16 1
17 1
18 1
19 3
20 3
21 3
22 2
23 2
24 2
25 2
26 2
27 2
28 4
29 4
30 4
31 3
32 1
33 4
34 3
35 3
36 1
37 3
38 2
39 4
40 3
41 2
42 4
43 1
44 4
45 4
46 3
47 1
48 4
49 2
50 4
51 4
52 4
53 4
54 4
55 4
56 4
57 4
58 2
59 2
60 2
61 1
62 1
63 1
64 4
65 4
66 4
67 4
68 4
69 4
70 4
71 4
72 4
73 2
74 2
75 2
76 1
77 1
78 1
79 1
80 4
81 4
82 4
83 4
84 4
85 4
86 4
87 4
88 3
89 2
90 4
91 3
92 1
93 4
94 3
95 3
96 2
97 3
98 3
99 2
100 1
101 1
102 1
103 2
104 4
105 4
106 1
107 1
108 1
109 3
110 3
111 3
112 3
113 3
114 3
115 1
116 1
117 1
118 4
119 4
120 4
121 1
122 1
123 1
124 3
125 3
126 1
127 3
128 3
129 1
130 1
131 1
132 1
133 1
134 4
135 4
136 4
