
1
1 0.220750142525
3 0.946905799475
2 0.397688047802
4 0.0541987840231

2
1 1.0
3 0.99407947078
2 0.987859682219
4 0.997257070734

3
1 0.138601929414
3 0.0445235613619
2 0.272201898746
4 0.941322717028

4
1 6.41868789753e-14
3 0.00695903250321
2 0.0
4 0.0

5
1 0.0
3 0.042853252907
2 0.000736887066019
4 0.000270967318316

6
1 0.00180072087763
3 0.0
2 0.163605057784
4 0.00138414171449

7
1 0.0
3 4.2600920962e-06
2 0.141549962497
4 6.02624922853e-06

8
1 2.96461145621e-05
3 0.0
2 0.133924196667
4 0.0

9
1 0.0
3 0.0
2 0.0378779275323
4 1.22953425788e-07

10
1 1.31481327565e-26
3 2.61321477843e-16
2 0.0147543713042
4 0.0

11
1 0.0
3 8.5319699187e-24
2 0.0305145579215
4 6.36552319713e-18

12
1 2.99591402121e-24
3 5.84203234137e-24
2 0.0981118669257
4 6.69549334816e-25

13
1 2.06739057765e-11
3 1.03223533102e-12
2 0.094787655783
4 0.0

14
1 5.42210903233e-06
3 0.0
2 4.08065540938e-11
4 0.0130267242533

15
1 0.0
3 0.0
2 0.0
4 0.000628537392353

16
1 0.893182928788
3 0.446057609518
2 0.362997331339
4 0.190860262727

17
1 0.943014779089
3 0.795970117418
2 0.848711004334
4 0.834841923982

18
1 0.871558787917
3 0.306549657339
2 0.238310797682
4 0.862787501621

19
1 6.41868789753e-14
3 0.0344909537675
2 1.05679307301e-22
4 7.50759543603e-13

20
1 0.0
3 0.203745877001
2 9.86073140003e-19
4 7.50759543603e-13

21
1 0.00991814961738
3 0.398426285588
2 0.00690822636546
4 0.0130269039191

22
1 0.0126029263881
3 0.057433427758
2 0.450763670878
4 0.0320620603365

23
1 4.60733357343e-05
3 0.0110374160119
2 0.397229493794
4 0.0317422922512

24
1 9.44074315812e-15
3 1.98752487539e-13
2 0.20501838823
4 0.00250666081755

25
1 0.0
3 0.0
2 0.0913211589277
4 0.0

26
1 1.34011014901e-16
3 2.22996065993e-14
2 0.2670190915
4 2.18022042513e-14

27
1 0.0109303607424
3 0.056762558868
2 0.352683916359
4 0.00731258654371

28
1 5.18646186004e-06
3 0.00549610322758
2 0.0227047679583
4 0.283745968416

29
1 0.0
3 1.26977994505e-15
2 0.0
4 0.0970484265672

30
1 0.0
3 0.0
2 0.0
4 0.00705557600497

31
1 0.796402865857
3 0.810813883704
2 0.120265447215
4 0.166265861568

32
1 0.890933899011
3 0.740731091758
2 0.806452464186
4 0.749282870071

33
1 0.75937782078
3 0.150065508778
2 0.0988211858451
4 0.806645774214

34
1 2.22482752213e-21
3 0.0107090392281
2 0.0
4 0.0

35
1 1.98726036608e-10
3 0.115104245441
2 4.63947412371e-18
4 0.0

36
1 0.259626864188
3 0.00661139364617
2 4.04808973264e-17
4 0.00236732700563

37
1 0.119058353795
3 0.481091624337
2 0.121240408926
4 0.117331237932

38
1 0.153304677859
3 0.125723196242
2 0.507648013926
4 0.100300250628

39
1 0.00249597886536
3 0.00242985983122
2 0.00013831717599
4 0.428618356808

40
1 4.35339361797e-05
3 0.311406017071
2 0.022044522263
4 0.00990090315557

41
1 0.0774450012254
3 0.119372601064
2 0.429228436513
4 0.067715436858

42
1 0.0424299404203
3 0.0109968051735
2 0.0167315509782
4 0.397554307288

43
1 0.13797268123
3 0.0
2 2.35695822477e-05
4 5.87062952004e-05

44
1 1.83938583446e-07
3 0.0
2 0.0
4 0.0312409846196

45
1 0.0
3 0.0
2 0.0
4 0.00267340297368

46
1 0.270596834817
3 0.798716440859
2 0.292655371758
4 0.238010618516

47
1 0.839083292125
3 0.762610946733
2 0.754794654437
4 0.762539390717

48
1 0.726501946058
3 0.744229506794
2 0.719848445966
4 0.793293665191

49
1 0.544116583435
3 0.574974591975
2 0.675719291451
4 0.518983044517

50
1 0.435355978858
3 0.509078293028
2 0.575646196774
4 0.636841398208

51
1 0.440648799858
3 0.424250690528
2 0.533644626485
4 0.599514628102

52
1 0.315982267282
3 0.413519293924
2 0.512500261755
4 0.566618687379

53
1 0.39236074807
3 0.329662856028
2 0.400495773491
4 0.534185823635

54
1 0.129507034685
3 0.227090246026
2 0.252944839948
4 0.50726861183

55
1 0.144459616629
3 0.164909876029
2 0.326316843547
4 0.481571854055

56
1 0.118659119391
3 0.0335077792151
2 0.101129885933
4 0.457222555279

57
1 0.0
3 0.0
2 7.65215589234e-05
4 0.250561003052

58
1 0.0
3 0.0
2 0.000173439627065
4 0.0

59
1 0.0
3 0.0
2 0.00509498509463
4 0.0

60
1 0.0
3 0.0
2 0.000416043001383
4 0.0

61
1 0.70463271924
3 0.254400090313
2 0.0194992420224
4 0.0338744390171

62
1 0.798940043635
3 0.516470731751
2 0.325321524661
4 0.342450652312

63
1 0.753427464866
3 0.680512727655
2 0.671550816682
4 0.747909354866

64
1 0.64084110112
3 0.640860131283
2 0.644781110064
4 0.716569424188

65
1 0.513915150884
3 0.493050410352
2 0.503398875963
4 0.673878558165

66
1 0.450635484548
3 0.45496215021
2 0.464162154891
4 0.635669189892

67
1 0.284297439434
3 0.338019308544
2 0.413047573753
4 0.599360974146

68
1 0.234041859337
3 0.243471183987
2 0.291435576892
4 0.565447030945

69
1 0.181415607975
3 0.154417709371
2 0.0999654990861
4 0.536824529259

70
1 0.139636757861
3 0.0784258249149
2 0.156852238909
4 0.50384333432

71
1 0.0664052035018
3 0.00204206828713
2 0.0537728489105
4 0.38137656042

72
1 0.000188543119631
3 2.25332748568e-13
2 1.07337473188e-12
4 0.145029978109

73
1 0.0
3 0.0
2 0.00765921534445
4 0.0

74
1 0.0
3 0.0
2 0.0551232627512
4 0.0

75
1 2.20738730767e-07
3 0.0
2 0.00741590241643
4 1.03306561222e-11

76
1 0.329788296043
3 0.0580830460876
2 0.000556009085526
4 0.00216022115795

77
1 0.752755668338
3 0.239992955721
2 0.0968754493324
4 0.0603753863563

78
1 0.710056611862
3 0.149479699166
2 0.192336251354
4 0.423999782626

79
1 0.677953248751
3 0.583741546625
2 0.536114314555
4 0.448158381053

80
1 0.5540384623
3 0.533898570033
2 0.385118518714
4 0.634547410435

81
1 0.50774957366
3 0.476091979053
2 0.40821352292
4 0.600046133983

82
1 0.487105007184
3 0.462039320063
2 0.375779579139
4 0.567697614319

83
1 0.454394286604
3 0.438499812645
2 0.304680451374
4 0.536213445437

84
1 0.418099432565
3 0.389308921708
2 0.265076436325
4 0.505477354608

85
1 0.359856499032
3 0.27135935534
2 0.28042517292
4 0.476133474479

86
1 0.104933386989
3 0.17555891838
2 0.202014774272
4 0.450336054641

87
1 0.055577212494
3 0.142263152056
2 0.147626218679
4 0.428370492199

88
1 2.63286861998e-07
3 0.0551004844085
2 0.0
4 9.14735792076e-07

89
1 4.40417581915e-06
3 1.58286006511e-11
2 0.181425217532
4 0.00280033217584

90
1 0.000274173365455
3 0.00169996727421
2 0.0
4 0.0529096867663

91
1 0.0
3 0.581120207645
2 0.00132838275878
4 0.0

92
1 0.704627873117
3 0.0539269131071
2 0.0200108883348
4 0.0694781693833

93
1 0.0
3 0.0168166628032
2 0.00650344831714
4 0.532654721706

94
1 0.0
3 0.000858708480623
2 0.0
4 0.0

95
1 0.0
3 0.0137204464716
2 0.0
4 4.31202617969e-07

96
1 0.00263133169839
3 0.0
2 0.0769640193482
4 5.28212344937e-09

97
1 0.0
3 0.0166599053244
2 0.0
4 0.0

98
1 1.57327818395e-19
3 0.103814839508
2 0.0184508720665
4 2.60477703591e-05

99
1 0.0160377980162
3 0.00890174074526
2 0.286359525998
4 0.000784004566676

100
1 0.452631928266
3 0.201983607196
2 0.16173049343
4 0.0700507765034

101
1 0.418823772242
3 0.0378586536895
2 0.0518600322409
4 0.0971683477044

102
1 0.404297479433
3 0.112346607114
2 0.0338207577851
4 0.137790901566

103
1 0.0185827514152
3 0.0405167851861
2 0.313515469409
4 0.0490330623537

104
1 0.00392249446041
3 0.00274924544278
2 0.00855127755517
4 0.256288502967

105
1 0.0
3 0.0
2 0.0
4 0.0500893244105

106
1 0.301518901903
3 1.57004546843e-09
2 1.46879229586e-10
4 0.0

107
1 0.416180073548
3 1.03434312253e-07
2 0.0
4 2.0681344607e-09

108
1 0.243390892358
3 0.000244919700356
2 3.82077008715e-05
4 0.00360891053092

109
1 0.0
3 0.00352613595178
2 0.0
4 0.0

110
1 0.0
3 0.0432288056256
2 0.0
4 0.0

111
1 0.00154773130886
3 0.200732776438
2 0.00149922496843
4 7.64375093303e-05

112
1 0.00376236976631
3 0.288056800446
2 4.90976248651e-05
4 0.00653277751622

113
1 0.00586111336757
3 0.355061712465
2 0.00993598565153
4 0.0428137479895

114
1 0.0597563023183
3 0.403629391103
2 0.0675618464055
4 0.0594937342174

115
1 0.42878869496
3 0.0579108625619
2 0.0473040061682
4 0.15609353434

116
1 0.2872272889
3 0.0239166957052
2 0.000429357888321
4 0.0164920026255

117
1 0.379881945897
3 0.0933058603032
2 0.0217744962105
4 0.0489259914377

118
1 0.092871513189
3 0.0233288306672
2 0.0396403558121
4 0.353673852553

119
1 2.48732631464e-11
3 1.98449161785e-18
2 0.012880585962
4 0.206010944708

120
1 0.0
3 0.0
2 1.9010730713e-16
4 0.0285801387975

121
1 0.0710539386082
3 3.62084515637e-10
2 1.06130523726e-11
4 9.85655441498e-11

122
1 0.0919401135958
3 3.15417827759e-09
2 2.70791059555e-16
4 1.41095236709e-11

123
1 0.0262000075865
3 2.13887880527e-09
2 2.13887880527e-09
4 9.02763849828e-08

124
1 0.0
3 0.000701631303826
2 0.0
4 0.0

125
1 2.93259059365e-06
3 0.0104618134818
2 0.0
4 0.0

126
1 0.0635494800773
3 8.00903071137e-25
2 2.50600735719e-07
4 0.0

127
1 0.0
3 0.0131951683213
2 0.0
4 4.90976211906e-05

128
1 4.18510629586e-15
3 0.0918815437241
2 0.0
4 0.0

129
1 0.286618874876
3 0.0265529559094
2 0.0123390500215
4 0.00217418973825

130
1 0.195678781259
3 4.39077100708e-18
2 0.00457802813206
4 0.0

131
1 0.064315958482
3 0.000358937252347
2 0.0
4 0.0

132
1 0.150688798648
3 0.0
2 0.0
4 0.0

133
1 0.18595560497
3 3.05309739124e-10
2 3.60889726502e-07
4 7.19286342244e-06

134
1 1.21670955261e-10
3 4.04722903879e-17
2 0.0
4 0.0376178562003

135
1 8.35602726238e-17
3 4.04722903879e-17
2 0.0
4 0.00199057459727

136
1 0.0
3 0.0
2 0.0
4 0.0
