0.175530384293
0.125277585951
0.118869081383
0.109002208348
0.140064450868
0.124848292042
0.112396105038
0.116468680621
0.120214077144
0.114289516455
0.12220919427
0.1214778345
0.124817229243
0.136070683796
0.140606340392
0.138205358828
0.136302783116
0.142308160986
0.144233809734
0.140992320714
0.143943498063
0.154486896378
0.155849890591
0.156673368274
0.157836021448
0.163236423754
0.161069332776
0.162762881643
0.166910101231
0.17189440375
0.172784846382
0.176545640306
0.17665485721
0.17889501382
0.186310218014
0.186303556004
0.188983745876
0.190993942526
0.191213822238
0.195486010628
0.195881155687
0.196634951268
0.197752083694
0.199391609039
0.204612495394
0.207896729399
0.208413353768
0.209137450357
0.211228689865
0.211498597159
0.211590955054
0.212459097982
0.213454522624
0.215550396523
0.217273824455
0.218881437463
0.218498190366
0.22348212617
0.224517494588
0.223542525778
0.223550400177
0.225169303287
0.225776131535
0.225230298698
0.227098044194
0.227151600748
0.229965248421
0.230686864666
0.231868521692
0.232190339042
0.233031712443
0.233884568534
0.234921197791
0.237103504078
0.23783607039
0.23670474215
0.236666478805
0.238042752537
0.2384030188
0.239730787441
0.240612962701
0.240787610158
0.240870047224
0.243583014072
0.245631234868
0.246390124618
0.247186952509
0.248938832873
0.248705230943
0.249603485866
0.250434948878
0.251707614005
0.251926089364
0.252363234727
0.252583768994
0.252098862078
0.253505695541
0.253888461189
0.255064491103
0.25567620884
0.255787981036
0.256936297078
0.258068508803
0.259016118998
0.260267052721
0.261257743955
0.262040294562
0.262262819766
0.263030415676
0.263956626974
0.264894693939
0.265797505231
0.26738727737
0.268542154206
0.268802234835
0.269030565723
0.268446401611
0.268922058376
0.270479022963
0.269929194901
0.271073731061
0.271973037223
0.272334473186
0.272449878716
0.27360385272
0.273634897983
0.274896297452
0.275209449907
0.275962869084
0.276233085029
0.277314020852
0.277609317222
0.27772080085
0.279007850323
0.279252994145
0.279675747554
0.2795034053
0.279716948308
0.27897342178
0.280596807243
0.281228344738
0.281691021456
0.281706800125
0.282098951231
0.282250138947
0.282224235831
0.283044887934
0.283695252723
0.284124180997
0.285134166138
0.285665920211
0.285893324371
0.286898508575
0.286684971787
0.286833576947
0.28721732457
0.287457668061
0.287875999751
0.288063734886
0.288784234121
0.289562553425
0.290189861269
0.290232930212
0.290491611883
0.291058757646
0.290361974509
0.290497671566
0.290067632186
0.290982698656
0.291183534883
0.29136534785
0.292402679826
0.292946134717
0.292571146742
0.293082424673
0.294019760114
0.294506456595
0.294682923461
0.295070269717
0.295576007109
0.296142575137
0.296296993954
0.296565832617
0.29732347538
0.297324389328
0.29753900693
0.298423447251
0.29904001235
0.299867839464
0.29961399851
0.300175317131
0.300562681141
0.300926040257
0.301384830313
0.301687615154
0.301803193171
0.302305931819
0.302871931783
0.303022813155
0.303266877773
0.303243732783
0.303499110804
0.30396244993
0.304188472664
0.304382782184
0.304728637625
0.305005447856
0.305888056255
0.306198299696
0.306564467447
0.307200422843
0.307760590354
0.307627055448
0.307511619231
0.30829378131
0.309109158827
0.309430397759
0.309319951128
0.309842555948
0.310128149506
0.310145192349
0.310283218334
0.310315851495
0.310852919639
0.311205910362
0.311747365066
0.31206137601
0.312287342649
0.312855706051
0.313448365987
0.313874842563
0.314584082585
0.314631934977
0.314975874469
0.314989156508
0.315277016714
0.315376893497
0.315770390231
0.316354132659
0.31666670304
0.316886960949
0.316545307628
0.316559176186
0.316843367959
0.316745132612
0.31746944767
0.31744450034
0.317392680044
0.317354721273
0.317840730647
0.318756657842
0.319126610602
0.319272474418
0.319616060364
0.319939603704
0.320034448598
0.32042710403
0.320630129036
0.320721207179
0.320767378552
0.32118479922
0.32168419552
0.322754312497
0.32297999868
0.322957698885
0.322988699616
0.323471061527
0.323847198856
0.323886774395
0.323819632121
0.323898677352
0.323914814066
0.323931345206
0.324061588511
0.324136380871
0.324455823483
0.324648153607
0.324791762329
0.32510429381
0.325258147196
0.325380244302
0.326169838275
0.326459982975
0.32656160282
0.326676286749
0.327279551215
0.327624547943
0.328181418671
0.328303344685
0.32831847947
0.328427450816
0.328689482505
0.328781547062
0.328863524668
0.329188032647
0.329118160983
0.329221771229
0.329457897753
0.329450979114
0.329950664577
0.330378049529
0.331000480667
0.331532739718
0.332125358877
0.332304635317
0.332408960427
0.332510082898
0.33281847651
0.333100820202
0.333294110103
0.333464291664
0.333760351831
0.333969092086
0.334132185886
0.334208399534
0.334182786342
0.334278126896
0.334537353023
0.334521600233
0.334709242438
0.335176046219
0.335361340821
0.335817805671
0.335937028169
0.336009312907
0.336275060931
0.336176169234
0.33645054279
0.336874451005
0.337221201223
0.337544973392
0.337860211376
0.337876769681
0.337875357985
0.337884156849
0.337846842101
0.33791522783
0.338316667846
0.338401237019
0.338366251936
0.338740502563
0.338990229158
0.33950578575
0.339462144078
0.339608013173
0.33974180108
0.339689093831
0.339607981626
0.339157146996
0.339225937768
0.339383524888
0.339776337221
0.339870475402
0.339883581786
0.340108787837
0.340542369395
0.340473001163
0.340727796281
0.340603145047
0.340684300012
0.341065123531
0.341117937065
0.341185088703
0.341517364949
0.341545257522
0.34163672023
0.341944211936
0.341942432561
0.341835786896
0.341964181562
0.342071437819
0.34197500455
0.341915885608
0.342009319827
0.341960397367
0.342208980723
0.34241261394
0.342462763425
0.342624462683
0.343058922954
0.343034480826
0.342927510829
0.343014702264
0.343090812529
0.343039149439
0.343448347726
0.343308419808
0.343518307917
0.34366831624
0.344081275047
0.344442373227
0.344738205569
0.344942700785
0.345180530097
0.345284373734
0.345374922482
0.346040394104
0.346246956717
0.346491001652
0.346637863692
0.346754944783
0.346922849954
0.347083506909
0.347277995663
0.347423523907
0.347385373423
0.347450939948
0.347612855355
0.347677106045
0.347761928237
0.348066558835
0.348253926586
0.348471232382
0.34875304501
0.348730065657
0.348932848444
0.349042600042
0.34913997344
0.34905917779
0.349407813128
0.349620044753
0.349961010863
0.350026427648
0.350123015592
0.349799506535
0.349992009241
0.350109226525
0.350147112873
0.350051265773
0.349908535356
0.349715707486
0.34964900983
0.349665596541
0.349941229154
0.350370808258
0.350514997891
0.350781764709
0.350815561812
0.350784572083
0.350994635299
0.351027289532
0.351147002872
0.351211704115
0.351388001616
0.351321332624
0.351374150458
0.351450668901
0.351342043556
0.3513169055
0.351586336398
0.35159641267
0.351411881316
0.351412784248
0.351475015362
0.351504273581
0.351515424354
0.351775564696
0.351765805603
0.351747011976
0.351853826384
0.352097620423
0.352092182561
0.352135713965
0.352116303852
0.352054193502
0.351824610183
0.351832323804
0.352073906386
0.352168914184
0.352032024793
0.351962220895
0.351978526104
0.351969918449
0.351830182861
0.351980947084
0.351979277672
0.352200175285
0.35212567967
0.352173827683
0.35229111339
0.352288398569
0.352516461254
0.352571174764
0.352696387801
0.352835372888
0.352895458961
0.353000975755
0.35291607227
0.353034122438
0.353233844823
0.353166507816
0.353377890504
0.353401713316
0.353446919623
0.353693474694
0.353792277756
0.353853172783
0.353862868422
0.353875332222
0.353802841154
0.354112662213
0.354202833137
0.354321818685
0.354426087621
0.354517194042
0.354620071705
0.354969259778
0.355189843813
0.355164514951
0.355318933685
0.35525801581
0.35534981274
0.355406605719
0.355659808145
0.3557680045
0.355714584473
0.355661082002
0.355765008553
0.35582351821
0.356065837916
0.356000417607
0.356031131271
0.356052434913
0.356146594103
0.356186045643
0.356185709489
0.356504261188
0.356352468479
0.35651630652
0.356513097195
0.356544904821
0.356632208656
0.35682916059
0.356666979439
0.356585568785
0.356795590267
0.356768795484
0.356699013523
0.356693739562
0.35665096192
0.356838729765
0.356795151101
0.357094075759
0.357068837443
0.357301971881
0.357281283101
0.357348285616
0.35752668137
0.357538039454
0.357613642302
0.357716722907
0.357718218517
0.357795386377
0.357911361145
0.357913048037
0.358047160294
0.358138296621
0.358175562068
0.358323922922
0.358401421276
0.35844688039
0.358559471222
0.358491473332
0.358673089944
0.358697630003
0.358475675792
0.358713587138
0.358870993591
0.358887625022
0.358927977047
0.358892280285
0.358937532205
0.358999146716
0.359042547262
0.358976886772
0.359311165405
0.359286368678
0.359471537433
0.35953002846
0.359951749016
0.359801583075
0.359850604883
0.359749787439
0.359865912465
0.359832339626
0.359899772146
0.359866870442
0.359962626405
0.359930370452
0.360034806444
0.360092856183
0.360263121391
0.360353262731
0.360481949371
0.360588106995
0.360816170072
0.360932632468
0.36122533079
0.361260549174
0.361258513744
0.361328822206
0.361453741797
0.361555012297
0.361555279385
0.361422306479
0.361467972687
0.361498281994
0.361554242778
0.361520635865
0.361536854287
0.36151480779
0.361648633068
0.361732653364
0.361932138138
0.362315660762
0.362491166604
0.362507609603
0.362554207234
0.36262442181
0.362700164049
0.362797154721
0.362984291002
0.363146288814
0.363273661137
0.363396626881
0.363440011645
0.363432135245
0.363424675446
0.363338371405
0.363348781191
0.363360138853
0.363426499224
0.363527316987
0.363421875147
0.36340548036
0.363320798611
0.363305895285
0.363242068067
0.363234822005
0.363299844947
0.36328262857
0.363579371308
0.363821377281
0.363812970615
0.364015570314
0.364206093155
0.364233578584
0.364253216067
0.364266795616
0.364412025305
0.364549551993
0.364646331774
0.364590992095
0.3645812397
0.364611769289
0.364658228324
0.364737412588
0.364848180162
0.364931505356
0.364767757943
0.364828889061
0.364802218823
0.364745315165
0.364725544312
0.36471390047
0.364566770321
0.364554008439
0.364662778505
0.364664805042
0.364670590789
0.364649477347
0.364493476126
0.364500566288
0.364603617721
0.364557488115
0.364586568341
0.364529415445
0.364410590081
0.364530372339
0.364662811135
0.364745980012
0.364751319479
0.364799076229
0.364902850989
0.365075178729
0.365144875219
0.365188292856
0.365357644064
0.365327394772
0.36535630327
0.365359657837
0.36532932023
0.365274101989
0.365567647762
0.36546093259
0.365371310237
0.36534790841
0.365236302368
0.365213606977
0.365318068261
0.365290766101
0.365392296033
0.365509914934
0.36549518
0.365752721787
0.365814963954
0.365771009308
0.365706110146
0.365679525209
0.365603479269
0.365465154398
0.365577868867
0.365652988762
0.365704870745
0.365620205893
0.365620057456
0.365612452553
0.36569132914
0.365693542518
0.36576308955
0.365724651298
0.365759057721
0.365801847528
0.365820326476
0.36578878399
0.365794801075
0.365965349837
0.366064018893
0.36611203744
0.366216762843
0.366302126645
0.366403296321
0.366362419633
0.36648974741
0.36654038424
0.366541963173
0.366612163301
0.36666347533
0.366711074859
0.366644462995
0.366722794236
0.36667038936
0.366626518195
0.366644057871
0.366593252229
0.366630761805
0.366632148891
0.366677958009
0.366677150271
0.366700095466
0.366711028201
0.366778635429
0.366900210887
0.366904140766
0.366823254817
0.366809930859
0.366766312468
0.366775244139
0.366795134385
0.366743616695
0.366821857645
0.366752607773
0.3668286402
0.366698528979
0.366719051981
0.366769025814
0.366925194291
0.366744685538
0.367046087307
0.367174232387
0.367186411797
0.367310547663
0.36728307648
0.367234929559
0.367186560746
0.367178209394
0.367098730986
0.367054100095
0.366984089777
0.366992109207
0.367022011275
0.367053512537
0.367072276848
0.367037014439
0.367113979107
0.367063306765
0.36706243394
0.367154019465
0.367287171661
0.367232871332
0.367232814736
0.367293780273
0.367355278538
0.367351251433
0.367327239802
0.367245217129
0.367303706054
0.367412954748
0.367490587832
0.367499021158
0.367475538783
0.367458027612
0.367648283142
0.367676935032
0.367760164573
0.367754730013
0.367735336734
0.36786562155
0.36775394561
0.367872486251
0.367925592105
0.368054182254
0.36804589721
0.368116926205
0.368162191056
0.368230393511
0.368228211512
0.36828146147
0.36826571968
0.368315228964
0.368340510934
0.368470122414
0.368479768902
0.368458277403
0.368325276778
0.368413591634
0.368397319636
0.368354739455
0.368340486123
0.368428902129
0.368424047643
0.368417047136
0.368329839676
0.368395495537
0.368615211481
0.36863702583
0.368623149984
0.368637081805
0.368630623497
0.368708343194
0.368806567191
0.368830943308
0.368924627068
0.369001828593
0.368991219906
0.369012061518
0.36907183733
0.368989341021
0.368924269441
0.368979678285
0.368919937427
0.369108321437
0.369164823456
0.369161524271
0.369136320146
0.369224878937
0.369286640155
0.369400077251
0.369518426068
0.369670238732
0.369775189304
0.369821868296
0.369994066383
0.369885697631
0.370082846446
0.369965059571
0.369907094342
0.370008816972
0.369986926103
0.369980809195
0.369973506183
0.369981399397
0.369870410837
0.369822896882
0.36984014439
0.369869350526
0.369982817112
0.370058978065
0.370036167056
0.370070949995
0.370048885457
0.369998477481
0.369970679234
0.369903841285
0.369973937302
0.370133300016
0.370089345234
0.370248076602
0.370197209515
0.370223382947
0.370348254191
0.37034160296
0.370362587116
0.370388125142
0.370332629808
0.370349592896
0.370338015922
0.370372328744
0.370414832112
0.37043625744
0.370550801637
0.370581066152
0.370624313017
0.370633716072
0.370677185933
0.370709370331
0.370934037912
0.370880721457
0.370868391253
0.370788023167
0.370737905493
0.37063556039
0.370741645032
0.370737768703
0.370762057665
0.370900289801
0.370964287136
0.370937341109
0.370924828417
0.370966620358
0.371095769321
0.371022527497
0.371053882756
0.371035106815
0.371145723395
0.371047381219
0.371017576271
0.370913451823
0.370967146821
0.371029605327
0.371043473871
0.371001997206
0.371022767965
0.371127292502
0.37114565052
0.371260629874
0.371351679335
0.371397827615
0.371394439278
0.371393976601
0.371487745194
0.371482025008
0.371382818687
0.371388812741
0.371481820112
0.371508640724
0.371436807795
0.371424521785
0.371374374584
0.371397641834
0.371445343546
0.371569430148
0.371535161191
0.371490562335
0.371451502182
0.371498122067
0.37148855938
0.371565118445
0.371517533238
0.371481819117
0.3714802217
0.371493540388
0.37144500852
0.371435879894
0.371404265433
0.371358946007
0.371460079058
0.371524504894
0.371550429919
0.371604621502
0.371650626459
0.371664818169
0.371831965771
0.371822552479
0.371793893507
0.371801090952
0.371796553666
0.371828666847
0.371842190034
0.371766060762
0.371792449936
0.371814042612
0.371804275663
0.371825288027
0.371777686743
0.371813053237
0.371792781938
0.371860858746
0.371876823076
0.371851714267
0.371831357916
0.371736186364
0.371712731884
0.371601505195
0.37154443776
0.371648606532
0.371713444662
0.371872743075
0.371886410216
0.371855107703
0.371853241517
0.372037986286
0.372113401969
0.372259194613
0.372210426023
0.372237260419
0.372231404822
0.372223392716
0.372190964347
0.372234988655
0.372214090698
0.372293408291
0.372362860088
0.372498765871
0.372513605191
0.372608917734
0.372756857645
0.372876181599
0.372760026997
0.372780063582
0.372859636493
0.372997174182
0.373084476042
0.372989681301
0.373041158447
0.373042838829
0.373012525063
0.373032842029
0.373129785723
0.373138692453
0.373113524601
0.373140849391
0.373126589313
0.373023239701
0.373059707745
0.373091750744
0.373033687807
0.373063595363
0.373139904872
0.373098075244
0.373126055877
0.373153023717
0.373248524839
0.373266057099
0.373501674484
0.373584748451
0.373603238382
0.373729349819
0.373732330338
0.373842616809
0.373915700094
0.373842128379
0.373879252867
0.373830400453
0.37389554136
0.373963553715
0.373910667502
0.373865739176
0.373936602037
0.374039996995
0.374068153511
0.374079626054
0.374049369915
0.374074604303
0.374081711649
0.374170784118
0.374195330357
0.374311989549
0.374365976632
0.374306463569
0.374314935733
0.374288629482
0.374249716804
0.374377299054
0.3742974984
0.374279999581
0.374268075905
0.374330659652
0.374443192079
0.37457639846
0.374728500201
0.374750516994
0.374760303494
0.37475211859
0.374786904082
0.374874167524
0.374853421374
0.374863216426
0.374902698683
0.374852538354
0.374776011612
0.374880909477
0.374860127327
0.374899321731
0.374905379026
0.374981237475
0.374903832424
0.374900840751
0.374949349723
0.375030227758
0.374954634782
0.374980456154
0.374990523303
0.374962111487
0.375022821237
0.375082513013
0.375160566005
0.375145270535
0.375294507669
0.375224087004
0.375245456054
0.375304758806
0.375349063921
0.375361316498
0.375358225218
0.375407317035
0.375429205635
0.375429775901
0.375442944441
0.37541485254
0.375376954119
0.37538026045
0.375559383894
0.375593500464
0.375620081665
0.375590205334
0.375533919013
0.375608856427
0.37548872153
0.375407858874
0.375484011662
0.375497953712
0.375515849278
0.37553759072
0.375507908327
0.375617829997
0.375616042669
0.375548444996
0.375542826026
0.375532885432
0.375570851342
0.37556176326
0.375509415625
0.375607319289
0.375682724343
0.375766178074
0.375776570459
0.375803030405
0.375746788902
0.375726418699
0.375738310086
0.375786800123
0.375760301025
0.375810435155
0.375804677151
0.375821447721
0.375814483094
0.375858485823
0.37588010759
0.375894046829
0.376023808371
0.375994788156
0.375994421782
0.37599913074
0.376030551454
0.376034563776
0.375936603436
0.375950260768
0.375944653039
0.376024604338
0.376109251524
0.37609321359
0.376109346262
0.37622167807
0.376240970015
0.37630658717
0.376309614588
0.376226152739
0.376290148084
0.376380735836
0.376498497838
0.376488996008
0.376461652271
0.37655296667
0.376576086226
0.376590744179
0.37662536532
0.376645834235
0.376604015194
0.376614914541
0.376542008931
0.376676831565
0.376614485581
0.376652128194
0.376676247599
0.376707108116
0.376811001488
0.376815225193
0.376830766359
0.376963014982
0.376976321069
0.376932894676
0.376948646453
0.376918521246
0.376956449563
0.376932131974
0.376925920612
0.376906308861
0.376982757214
0.37705111404
0.377028349856
0.377038835462
0.376977112627
0.377005285408
0.376929373041
0.376931497446
0.376906542558
0.376860250585
0.376880556802
0.376901829685
0.376846090477
0.376775547581
0.376741193612
0.376653131731
0.37685854068
0.376827783406
0.376785289142
0.376766562529
0.376807944257
0.376697994876
0.376725315283
0.376712175551
0.376852666035
0.376852224196
0.37677845778
0.376762481771
0.376843611153
0.376878721795
0.376885180412
0.376887179994
0.376875927922
0.376904218178
0.376877321447
0.376940214184
0.376963141768
0.376920275359
0.376846424793
0.376841829275
0.376757299709
0.376817611712
0.376858007789
0.376891002405
0.376933473667
0.376924886769
0.376919486529
0.376916105417
0.376848062638
0.376847910606
0.376845287878
0.376830516446
0.376786367355
0.37673284348
0.37687316749
0.37684452342
0.376856507221
0.376864250616
0.376956595441
0.376960408349
0.377007135021
0.377038042777
0.377050735171
0.37701434216
0.377023214381
0.376977903248
0.37700902428
0.377074893529
0.377021712382
0.377155198573
0.377179795356
0.377198410792
0.377193374611
0.377239766001
0.37726125292
0.377263837056
0.377209584173
0.377272703215
0.377247594013
0.377216010728
0.377196332721
0.377242055383
0.377145900839
0.37717520419
0.377096587086
0.377068565473
0.377039389911
0.377088489579
0.377188411115
0.377138940672
0.377135532655
0.377158281189
0.377216961044
0.377229432502
0.377387736889
0.377436084251
0.377440748677
0.377423416011
0.377417723269
0.377473166498
0.377430452501
0.37747640019
0.377567738907
0.3775506817
0.377582756902
0.377535767846
0.377583083448
0.377723647081
0.377725000115
0.377770369755
0.377814463447
0.377753049543
0.377849287764
0.377845099454
0.377860642792
0.377834930113
0.377851276997
0.377838013579
0.377870266688
0.377978355137
0.377988339358
0.377914082276
0.377942411795
0.378005741217
0.377992923601
0.378027240449
0.378088476508
0.378192108901
0.378260245355
0.378282501008
0.378206719294
0.378257554385
0.378344841723
0.37850399844
0.378494271961
0.378481599125
0.378456844647
0.378423734241
0.37845304212
0.378459753322
0.378527794699
0.37849779458
0.378515998258
0.378591618722
0.378585831291
0.378521052416
0.37844976923
0.378461627366
0.37843101325
0.378435404366
0.378428061721
0.378410179871
0.378358017847
0.378397040078
0.378428995712
0.378416105746
0.378454601187
0.378490318102
0.378495425089
0.378581489814
0.378572585856
0.378609527097
0.378619450406
0.378679676901
0.378721208314
0.378710696874
0.378667226602
0.378698270686
0.378660081953
0.378664841197
0.378662032704
0.37866070482
0.378647731244
0.378642225683
0.378560990181
0.378607308372
0.378601157285
0.378590664438
0.37861080597
0.378650997749
0.378669091337
0.378652125419
0.378700494235
0.378650778164
0.378656781228
0.378629496122
0.378568530394
0.378620001076
0.378605830561
0.37862865004
0.378732543233
0.378831279613
0.37884812459
0.378821462259
0.378873209231
0.37885487312
0.378822888151
0.378774128284
0.378760860878
0.378758677564
0.378780195404
0.378760972317
0.378780857925
0.378753761987
0.378797743712
0.378827726099
0.378873139568
0.378878347195
0.378812062792
0.378808054709
0.378868152689
0.37880677306
0.378888742362
0.37890938071
0.378887689663
0.378923095929
0.378915445388
0.37890580513
0.378888065507
0.378902075622
0.378887920004
0.378907948078
0.378927530202
0.378936167299
0.379033428884
0.378999887197
0.378931463725
0.378966189373
0.378987807191
0.378966435805
0.378955570204
0.37897030986
0.37893348012
0.378923771838
0.379045558511
0.379130398201
0.379085345914
0.379088358152
0.379092273121
0.379118721417
0.379091207798
0.379094877499
0.379051409342
0.379019158708
0.37902527517
0.379062644594
0.379022861959
0.379023038361
0.37900611305
0.379000776315
0.378967407584
0.379010744582
0.379010942624
0.379053406755
0.379035616776
0.379087705851
0.379101242712
0.379084762061
0.379080249353
0.379073420926
0.379126082927
0.37911828464
0.379107964949
0.379072027458
0.379054547676
0.379115014642
0.37919151128
0.379229994007
0.37916918621
0.379189106399
0.379187373801
0.379286615437
0.379307660139
0.379394410931
0.379351445761
0.379338700577
0.379332351948
0.379299502196
0.379350846916
0.37937387797
0.379400364411
0.379368773632
0.379352449501
0.379306517528
0.379287586576
0.379277608987
0.379356487939
0.379360727636
0.379356984511
0.379322357933
0.379305636358
0.379346865908
0.379337514502
0.379395376049
0.379407038811
0.379418556596
0.379430706749
0.379473208143
0.379532876449
0.379576417096
0.379558412829
0.379520853453
0.37950185535
0.379476814802
0.379439393538
0.379546228284
0.379603479114
0.379611341797
0.379662659834
0.379661348993
0.379642153757
0.379675463574
0.379710389933
0.379688158605
0.379694775724
0.379677277263
0.379678048995
0.379760883366
0.379798323612
0.379787273482
0.379838672836
0.37988764357
0.379842945469
0.379823510052
0.379774563606
0.379783725649
0.379768893353
0.379766716439
0.379774956138
0.379797700459
0.379827448332
0.379857060117
0.37985821698
0.37997191261
0.380004027471
0.380035748571
0.380089681534
0.380068591636
0.380052740643
0.380103461283
0.380154188235
0.380113519476
0.380132716846
0.38010896264
0.380153565586
0.380238399283
0.380257732407
0.38031031216
0.380323578543
0.380394169497
0.380423241553
0.380424168594
0.380378991725
0.380392841878
0.38038298177
0.380296042887
0.380251526838
0.380250164172
0.380315064215
0.380323035683
0.380304908963
0.380284089684
0.380203365068
0.380222258558
0.38018099645
0.380156697298
0.380105297216
0.380195261753
0.380159775435
0.380169758971
0.380196991236
0.380173281568
0.380189498476
0.380266201973
0.380268889304
0.380320798858
0.380351352153
0.380378328511
0.380395078991
0.380393009137
0.380423122966
0.380417878575
0.380371861281
0.380421132614
0.38041567932
0.380431018449
0.380421894884
0.380400138095
0.380449208058
0.38047485693
0.380434914156
0.380456518472
0.380439599253
0.380438340401
0.38045886162
0.380437589714
0.380432066788
0.380415293269
0.380452948953
0.38047060475
0.380432945444
0.380464617815
0.380498117422
0.380559052915
0.38053973304
0.380574187106
0.380654267146
0.38063227832
0.380687674611
0.380621302289
0.380559903707
0.38050478851
0.380477585014
0.380532572456
0.380564751304
0.380563630905
0.380508319752
0.380493231
0.38045269006
0.380418145458
0.380393925742
0.380396162102
0.380398809705
0.380423795873
0.380429273723
0.380470268694
0.380416928962
0.380366075046
0.380354049076
0.380354114194
0.380406618238
0.380409540702
0.380390448836
0.380384309659
0.380428443521
0.380484610521
0.380462164697
0.380498362794
0.380492651107
0.380519339662
0.380469518651
0.380499922191
0.380432156275
0.380451683109
0.380457328124
0.380430105841
0.380415553018
0.380435165513
0.380441300395
0.380497292494
0.380477387607
0.380492448094
0.380505962371
0.380479137132
0.380434027863
0.380429855069
0.380448444833
0.3804300251
0.380501251143
0.380507985525
0.380541751484
0.38054198215
0.380596502854
0.380575131412
0.380593013114
0.380542562291
0.380511464976
0.380532144987
0.38059797621
0.380578011694
0.380485777234
0.380581790631
0.380631255007
0.38057686457
0.380641532861
0.380615098828
0.380607378838
0.380607346637
0.380624294726
0.38060052348
0.380593159365
0.380584151118
0.380588627162
0.380537370328
0.380490683026
0.380461474274
0.380524006915
0.380519980249
0.380482915271
0.38046794602
0.380429038806
0.380385565298
0.380378354599
0.3803853205
0.380361786138
0.380299819898
0.380284400635
0.380314818467
0.380282405384
0.380246446211
0.380301773078
0.380322467574
0.38033871665
0.380357490036
0.380324442356
0.380309818589
0.38029860922
0.380332980724
0.380341816439
0.38032570551
0.380327036109
0.380272526672
0.380262818167
0.380299381715
0.380286211564
0.380254615476
0.380323922639
0.380386388309
0.380482971748
0.380472799372
0.380437151414
0.380473902855
0.380464568578
0.380471867087
0.380457897885
0.380517293078
0.38052033495
0.380523242383
0.380535262728
0.380580444184
0.380553377861
0.380607119977
0.380601423545
0.380630409527
0.380660781993
0.380700792271
0.380646327464
0.380692393809
0.380776918586
0.380775670949
0.380817695323
0.380820905941
0.380913165323
0.38098732318
0.38100088619
0.381010952306
0.381017428641
0.381030593932
0.380971564738
0.380992379937
0.38096166516
0.381019320639
0.381024302387
0.381064007233
0.381066466879
0.381065405846
0.381059657331
0.381048226748
0.381031461907
0.380987756128
0.380931905542
0.380979155688
0.380933152368
0.38092622519
0.380990930304
0.381039497104
0.381026461643
0.381066401228
0.381100321738
0.381106818152
0.381054174033
0.381020783355
0.381017152062
0.381023238279
0.381026117647
0.381051774727
0.38103862675
0.381095138555
0.381108170685
0.38107472221
0.381075741082
0.381114369332
0.381098079228
0.381041575675
0.381001128618
0.381027375622
0.381074057918
0.381075465998
0.38105137659
0.381084788927
0.381043575519
0.381039564683
0.381079256048
0.381091727746
0.381133959654
0.381128784756
0.381091260385
0.381098058098
0.3811655343
0.381190222647
0.381192910111
0.381239394526
0.381319589806
0.381256993818
0.381249899084
0.381230337066
0.381193399418
0.381187038004
0.381190832774
0.38122350862
0.381169545596
0.381197689127
0.381198035019
0.381222920842
0.381185704056
0.381209552772
0.381222743503
0.381246874689
0.381281362277
0.381278714556
0.381297411141
0.381263953411
0.381281817353
0.381223759998
0.381190480318
0.38116500338
0.381167153734
0.381195511281
0.381136684245
0.381146130136
0.381171230918
0.381240462139
0.381243766379
0.381278267941
0.381294430503
0.381277017956
0.381300969093
0.381330618381
0.381352874014
0.381337544023
0.381385134587
0.381364315642
0.381318156443
0.381295081304
0.381358605003
0.381343427467
0.381316730306
0.381314860594
0.381323692696
0.38130542258
0.38135960821
0.381332356815
0.381285779963
0.381352842114
0.381382693876
0.381421102727
0.38150281564
0.381506920902
0.381493358483
0.381503050312
0.381513206658
0.381556032991
0.381506189895
0.381461164825
0.381473079337
0.381519282614
0.381494645558
0.381454950742
0.381425310195
0.381456475807
0.381462212273
0.381404207272
0.381434420814
0.381420480477
0.381469408772
0.381464329138
0.381442861089
0.381400784614
0.381451829724
0.381428235273
0.381463085579
0.381466138128
0.381502098284
0.381493849883
0.381540715531
0.381575291357
0.381593187976
0.381613715505
0.38156879869
0.381610310042
0.381558311283
0.381543044616
0.381622462782
0.381672256748
0.381613501494
0.381615720469
0.381627382717
0.381610004278
0.381621191289
0.381647982653
0.381637571961
0.38157852668
0.381567515826
0.38155550486
0.381594305287
0.381547757762
0.381533229372
0.381471772293
0.381475139897
0.381424150051
0.381496115015
0.381458102593
0.381418252125
0.381436690432
0.381497332332
0.381480930179
0.381447700016
0.381427038481
0.381417159596
0.381415675984
0.381508981675
0.381490363194
0.381566987183
0.381603429299
0.381615068073
0.381572859922
0.381520115802
0.381524522682
0.381480131762
0.381491657159
0.381480691071
0.381469620455
0.381516822584
0.38151733917
0.381457556787
0.381431264779
0.381411259183
0.381417771473
0.381435734347
0.381431587409
0.38146100887
0.381443193878
0.381464634603
0.381459332146
0.381436563625
0.381469859487
0.381476851078
0.381431664191
0.381429854844
0.381475632624
0.381493422558
0.381551192623
0.38158265023
0.381568659175
0.381581624689
0.381602698096
0.381621664831
0.381625978012
0.381672447563
0.381682743993
0.381691874447
0.381680656312
0.381637324551
0.381655481806
0.38161922613
0.381625494293
0.381636396097
0.38162654584
0.38160790438
0.381647642607
0.381651160283
0.381596102935
0.381622533832
0.381641390272
0.381674441592
0.381633923307
0.381670249506
0.381698532165
0.381727282061
0.381702550173
0.381707619125
0.381702825804
0.381708786821
0.381651503742
0.381697046299
0.381771517031
0.381734752401
0.381734873788
0.381726806167
0.381749862685
0.381695591071
0.381746951449
