0.0
0.0
0.0
0.0
0.0
0.0
0.0
0.0
0.0
0.0
0.0
0.0
0.0
0.0
0.0
0.0
0.0
0.0
0.0
0.0
0.0
0.0
0.0
0.0
0.0
0.0
0.0
0.0
0.0
0.0
0.0
0.0
0.0
0.0
0.0
0.0
0.0
0.0
0.0
0.0
0.0
0.0
0.0
0.0
0.0
0.0
0.0
0.0
0.0
0.0
0.0
0.0
0.0
0.0
0.0
0.0
0.0
0.0
0.0
0.0
0.0
0.0
0.0
0.0
0.0
0.0
0.0
0.0
0.0
0.0
0.0
0.0
0.0
0.0
0.0
0.0
0.0
0.0
0.0
0.0
0.0
0.0
0.0
0.0
0.0
0.0
0.0
0.0
0.0
0.00392391304348
0.00392391304348
0.00376041666667
0.00361
0.00361
0.00361
0.00361
0.00347115384615
0.00347115384615
0.00347115384615
0.00347115384615
0.00347115384615
0.00334259259259
0.00334259259259
0.00334259259259
0.00334259259259
0.00322321428571
0.00322321428571
0.00322321428571
0.00322321428571
0.00322321428571
0.00322321428571
0.00322321428571
0.00322321428571
0.00322321428571
0.00322321428571
0.00322321428571
0.00322321428571
0.00322321428571
0.00311206896552
0.00311206896552
0.00311206896552
0.00311206896552
0.00300833333333
0.00300833333333
0.00300833333333
0.00300833333333
0.00300833333333
0.00291129032258
0.00291129032258
0.00291129032258
0.00291129032258
0.0028203125
0.0028203125
0.0028203125
0.0028203125
0.00273484848485
0.00273484848485
0.00273484848485
0.00273484848485
0.00273484848485
0.00265441176471
0.00265441176471
0.00265441176471
0.00265441176471
0.00257857142857
0.00313165720823
0.00313165720823
0.00313165720823
0.00306003022411
0.0029797048375
0.00291551564831
0.00291551564831
0.00291551564831
0.00290350418946
0.00284260675356
0.00284260675356
0.00284260675356
0.00284260675356
0.00284260675356
0.00283111753205
0.00283111753205
0.00283111753205
0.00283111753205
0.00283111753205
0.00283111753205
0.00282011721358
0.00282011721358
0.00282011721358
0.00280957524172
0.00279946355442
0.00278975633461
0.00278975633461
0.00278975633461
0.00272257722599
0.00272257722599
0.00271360939472
0.00270497997218
0.00264994948437
0.00258922968169
0.00258122204246
0.00258122204246
0.00258122204246
0.00258122204246
0.00252352807583
0.00252352807583
0.00252352807583
0.00252352807583
0.00252352807583
0.00251607735887
0.00251607735887
0.00246837651321
0.00242279570513
0.00242279570513
0.00237919667131
0.00233745291553
0.00233745291553
0.0022974484829
0.0022974484829
0.00229025468722
0.00225188308858
0.00221504635389
0.00217965419703
0.00217965419703
0.00213867333876
0.00213195506517
0.00212545706284
0.00212545706284
0.00212545706284
0.00212545706284
0.00212545706284
0.00211916867349
0.00211916867349
0.00211916867349
0.00211916867349
0.00211916867349
0.00211916867349
0.00211916867349
0.00211916867349
0.00211916867349
0.00211916867349
0.00211916867349
0.00208642193909
0.00208642193909
0.00208033318115
0.00207443469689
0.00207443469689
0.00207443469689
0.00204290080451
0.00204290080451
0.00204290080451
0.00204290080451
0.00201251359912
0.00201251359912
0.00201251359912
0.00198321165107
0.00197749465863
0.00197749465863
0.00197749465863
0.00197749465863
0.00197749465863
0.0019719509084
0.00196657264324
0.00196135256235
0.00196135256235
0.00196135256235
0.00196135256235
0.00192800997863
0.00192308602656
0.00189578717598
0.00189578717598
0.00189578717598
0.00189578717598
0.00189578717598
0.00189578717598
0.00189578717598
0.00189578717598
0.00189578717598
0.00189100192678
0.00186462846097
0.00186462846097
0.00186462846097
0.00185997613536
0.00183448178508
0.00183448178508
0.00183448178508
0.00183448178508
0.00183448178508
0.00183448178508
0.00183448178508
0.00180982331513
0.0017859602797
0.0017859602797
0.0017859602797
0.0017859602797
0.0017859602797
0.0017859602797
0.0017859602797
0.0017859602797
0.0017859602797
0.00176285480095
0.00176285480095
0.00176285480095
0.00174047136841
0.00174047136841
0.00174047136841
0.00174047136841
0.00173594650377
0.00173594650377
0.00173594650377
0.00173594650377
0.00171425179224
0.00171425179224
0.00170984922124
0.00170984922124
0.00170984922124
0.00170556405214
0.00170139165064
0.00169732762321
0.00169732762321
0.00169732762321
0.00169732762321
0.00169732762321
0.00167629032717
0.00167233050557
0.00167233050557
0.00167233050557
0.00167233050557
0.00165192118852
0.0016321121455
0.0016321121455
0.0016321121455
0.00162825257255
0.00162825257255
0.00162825257255
0.00162825257255
0.00162825257255
0.00162825257255
0.00162825257255
0.00160901770469
0.00160901770469
0.00160901770469
0.00160901770469
0.00158656932085
0.00158656932085
0.00158656932085
0.00158656932085
0.00158656932085
0.00156841036713
0.00154708566081
0.00154350500912
0.00154350500912
0.00154350500912
0.00152283978583
0.00151942861421
0.00151942861421
0.00151942861421
0.00150272183895
0.00149939093019
0.00147987622317
0.00147987622317
0.00147987622317
0.00147987622317
0.00147669756926
0.00147359115749
0.00147359115749
0.00147359115749
0.00147359115749
0.00147359115749
0.00145775782415
0.00145775782415
0.00145472121939
0.00145472121939
0.00145472121939
0.00143633001681
0.00143633001681
0.00143342614763
0.00143342614763
0.00143058540605
0.00143058540605
0.00141555876602
0.00141555876602
0.00141277911566
0.00141277911566
0.00141277911566
0.00141277911566
0.00141277911566
0.0013981328969
0.0013981328969
0.0013981328969
0.00138385283361
0.00138113232474
0.00138113232474
0.00138113232474
0.00138113232474
0.00136454162061
0.00135095384584
0.00135095384584
0.00135095384584
0.00135095384584
0.00135095384584
0.00133769348733
0.00132474885165
0.00132474885165
0.00132474885165
0.00132214110071
0.00130950104469
0.00130950104469
0.00130950104469
0.00130950104469
0.00130950104469
0.00130950104469
0.00130950104469
0.00130694706182
0.00130694706182
0.00129460096058
0.00128253867777
0.00128253867777
0.00127075053775
0.00127075053775
0.00125922729975
0.00125922729975
0.00125922729975
0.00125922729975
0.00125922729975
0.00124796013371
0.00124796013371
0.00124796013371
0.00124796013371
0.00124796013371
0.00124796013371
0.00124796013371
0.00124796013371
0.00124796013371
0.00124796013371
0.00124796013371
0.00124796013371
0.00124796013371
0.00124545827294
0.0012430069548
0.0012430069548
0.00124060466303
0.00124060466303
0.00124060466303
0.00124060466303
0.00124060466303
0.00124060466303
0.00124060466303
0.00122723040538
0.00121414187386
0.00120359372052
0.00120359372052
0.00120359372052
0.00119326999597
0.00119326999597
0.00119326999597
0.00119326999597
0.00119326999597
0.00119100627158
0.0011808998886
0.00117867969736
0.00117867969736
0.00117867969736
0.00117867969736
0.00117867969736
0.00117867969736
0.00117867969736
0.00117867969736
0.00117867969736
0.00117867969736
0.00116660596215
0.00116660596215
0.00116660596215
0.00116660596215
0.00116660596215
0.00116446915276
0.00115477735722
0.00115477735722
0.00114528335344
0.00114528335344
0.00114528335344
0.00114528335344
0.00114528335344
0.00173228035269
0.00173228035269
0.00173228035269
0.00173228035269
0.00173228035269
0.00173228035269
0.0017265813527
0.00172448448367
0.00172448448367
0.00171889507983
0.00171683704171
0.00171683704171
0.00170753483598
0.00170205189697
0.00170205189697
0.00169667240965
0.00169667240965
0.00169667240965
0.00169139347349
0.00168621229541
0.00168621229541
0.00168419201945
0.00167507585784
0.00167309231417
0.00167309231417
0.00167114451004
0.00167114451004
0.00166220886647
0.00166220886647
0.0016534484316
0.0016534484316
0.00165153540968
0.00165153540968
0.00164294508035
0.00163451994965
0.00163451994965
0.00162437613451
0.00162437613451
0.00162437613451
0.00162437613451
0.00162437613451
0.00162437613451
0.00162437613451
0.00162437613451
0.00162437613451
0.00162252993916
0.00162252993916
0.00162252993916
0.00162071585155
0.00162071585155
0.00162071585155
0.00162071585155
0.00161260713637
0.00161260713637
0.00161260713637
0.00161260713637
0.00160464998595
0.00160464998595
0.00160464998595
0.00160464998595
0.00159684019018
0.00158917369341
0.00158917369341
0.00158230477258
0.00158230477258
0.00158230477258
0.00158055243773
0.00158055243773
0.00158055243773
0.00157302533181
0.00156803169595
0.00156803169595
0.00156064021356
0.00155891757931
0.00155401391887
0.00155401391887
0.00154675442723
0.00154675442723
0.00154193833216
0.00154193833216
0.00154193833216
0.00154193833216
0.00154193833216
0.00153480732711
0.00153007647266
0.00152373493323
0.00152373493323
0.00152373493323
0.00152373493323
0.00151506357915
0.00151506357915
0.00150817952118
0.00150361249647
0.00150361249647
0.00150361249647
0.00149684712915
0.00149684712915
0.00149684712915
0.00149684712915
0.00149684712915
0.00149235884625
0.00148794728613
0.00148794728613
0.00148794728613
0.00148794728613
0.00148197257201
0.00148197257201
0.001475322852
0.001475322852
0.001475322852
0.001475322852
0.001475322852
0.001475322852
0.00147371177704
0.00147371177704
0.00147371177704
0.00147371177704
0.00147371177704
0.00147371177704
0.00147371177704
0.00147371177704
0.00147245623536
0.00147245623536
0.00147245623536
0.00147245623536
0.00147245623536
0.00146598470611
0.00146598470611
0.0014643998275
0.00146013592678
0.00145594309107
0.00145594309107
0.00144957942065
0.00144957942065
0.00144957942065
0.00144545588801
0.00144545588801
0.00144545588801
0.00144389657195
0.00144236220495
0.00144236220495
0.00144236220495
0.00144236220495
0.0014383062712
0.00143204778542
0.00143204778542
0.00143204778542
0.00143204778542
0.00143204778542
0.00143204778542
0.00143204778542
0.00143204778542
0.00143053777345
0.0014290515412
0.0014290515412
0.0014290515412
0.0014290515412
0.0014290515412
0.0014290515412
0.00142506155759
0.00142506155759
0.00142113592857
0.00141581009973
0.00141200859535
0.00141200859535
0.0014058527077
0.0014058527077
0.0014058527077
0.0014058527077
0.00139605527761
0.00139009715975
0.00138423437177
0.00138423437177
0.0013733411413
0.00136766227531
0.0013620721416
0.0013620721416
0.0013620721416
0.00135844607002
0.00135487578416
0.00135345761549
0.00134795415052
0.00134253535424
0.00134113883701
0.00134113883701
0.00134113883701
0.00134113883701
0.00134113883701
0.00134113883701
0.00133580277044
0.00133054755337
0.00133054755337
0.00133054755337
0.00132703177569
0.00132356926736
0.00131839307611
0.00131701771823
0.00131701771823
0.00131701771823
0.00131701771823
0.00131701771823
0.0013136072777
0.00131024773927
0.00131024773927
0.00131024773927
0.00130379412879
0.00130379412879
0.00130379412879
0.0013004843613
0.0013004843613
0.00129722326686
0.00129722326686
0.00129588881009
0.00129588881009
0.00129588881009
0.00129588881009
0.00129588881009
0.00129588881009
0.00129588881009
0.00129588881009
0.00129457412306
0.00129457412306
0.00128504188754
0.00128504188754
0.00128504188754
0.00128504188754
0.00128504188754
0.00128504188754
0.00128504188754
0.0012837654444
0.0012837654444
0.0012837654444
0.0012837654444
0.00127881592296
0.00127881592296
0.00127881592296
0.00127881592296
0.00127881592296
0.00127881592296
0.00127881592296
0.00127393865731
0.00127393865731
0.00127393865731
0.00127393865731
0.00127393865731
0.00127393865731
0.00127393865731
0.00127268071335
0.00127268071335
0.00126951379841
0.00126515260654
0.00126515260654
0.00126515260654
0.00126515260654
0.00126393047455
0.00126393047455
0.00126393047455
0.00126393047455
0.00125604713677
0.00125301402157
0.00125301402157
0.00125002362631
0.00125002362631
0.00124707505476
0.00124707505476
0.00124707505476
0.00124707505476
0.00124707505476
0.00124707505476
0.00124707505476
0.00124707505476
0.00124707505476
0.00124707505476
0.00124707505476
0.00124707505476
0.00124416743559
0.00124416743559
0.00124129992151
0.00124129992151
0.00123656250031
0.00123656250031
0.00123656250031
0.00123189275654
0.00123189275654
0.00122906452348
0.00122906452348
0.00122906452348
0.00122906452348
0.00122906452348
0.00122325622044
0.00122325622044
0.00122325622044
0.00122325622044
0.00122325622044
0.00122325622044
0.00122325622044
0.00121871755229
0.00121871755229
0.00121424236202
0.00121145260832
0.00121145260832
0.00121145260832
0.001208700554
0.00120428751915
0.00120428751915
0.00120428751915
0.00120309969133
0.00120309969133
0.00120309969133
0.00120192847649
0.00120192847649
0.00120192847649
0.00120192847649
0.00120192847649
0.00119486119709
0.00119056865039
0.00119056865039
0.00118788973791
0.00118788973791
0.00118788973791
0.00118524630772
0.00118524630772
0.0011826376595
0.00117840351479
0.00117582896655
0.00117165204002
0.00117165204002
0.00116753117962
0.00116231031605
0.00116231031605
0.00116231031605
0.00116231031605
0.00116231031605
0.00116117129841
0.00116117129841
0.00116117129841
0.00116117129841
0.00116117129841
0.00116117129841
0.00116117129841
0.00115750677119
0.00115750677119
0.00115499844718
0.00115389031707
0.00115389031707
0.00115389031707
0.00115279716169
0.00115279716169
0.00115279716169
0.00115032099568
0.00115032099568
0.00115032099568
0.00115032099568
0.00115032099568
0.00115032099568
0.00115032099568
0.00115032099568
0.00115032099568
0.00115032099568
0.00115032099568
0.00115032099568
0.00115032099568
0.00115032099568
0.00114679789104
0.00114679789104
0.00114679789104
0.00114679789104
0.00114679789104
0.00114679789104
0.00114679789104
0.00114679789104
0.00114573378865
0.00114332011075
0.00113930804834
0.00113930804834
0.00113930804834
0.00113930804834
0.00113534877622
0.0011314412593
0.0011314412593
0.0011314412593
0.0011314412593
0.0011314412593
0.0011314412593
0.0011314412593
0.00112758448935
0.00112758448935
0.00112653448102
0.00112653448102
0.00112653448102
0.00112653448102
0.00112653448102
0.00112653448102
0.00112653448102
0.00112653448102
0.00112272747584
0.00112272747584
0.00112272747584
0.00112169128342
0.00112169128342
0.00111930796625
0.00111930796625
0.00111554976883
0.00111554976883
0.00111554976883
0.00111319624313
0.00110948592083
0.00110948592083
0.00110613898405
0.00110512961776
0.00110512961776
0.00110512961776
0.00110512961776
0.00110512961776
0.00110512961776
0.00110146626157
0.00110146626157
0.00110146626157
0.00110146626157
0.00110146626157
0.00110146626157
0.00110146626157
0.00109917066714
0.00109917066714
0.00109917066714
0.00109917066714
0.0010955533909
0.0010955533909
0.00109328596328
0.00109328596328
0.00109328596328
0.00109328596328
0.00109228962107
0.00109228962107
0.00109228962107
0.001090049845
0.00108906627641
0.00108906627641
0.00108549421612
0.00108549421612
0.00108549421612
0.00108549421612
0.00108549421612
0.00108549421612
0.00108549421612
0.00108549421612
0.00108549421612
0.00108549421612
0.00108549421612
0.00108549421612
0.00108452317707
0.00108452317707
0.00108452317707
0.0010809954902
0.00107782411551
0.00107782411551
0.00107782411551
0.00107782411551
0.00107782411551
0.00107782411551
0.00107782411551
0.00107782411551
0.00107782411551
0.00107782411551
0.00107782411551
0.00107782411551
0.0010756381464
0.0010756381464
0.0010746914587
0.00107253166886
0.00107253166886
0.00107253166886
0.00107159681475
0.00107159681475
0.00107067357374
0.00107067357374
0.00107067357374
0.00106853949568
0.00106853949568
0.0010676276527
0.00106414351753
0.00106414351753
0.00106414351753
0.00106203469484
0.00106203469484
0.00106203469484
0.00106203469484
0.00106203469484
0.00106113404012
0.00106113404012
0.00106113404012
0.00106113404012
0.00106113404012
0.00106113404012
0.00105769265507
0.00105769265507
0.00105769265507
0.00105680298394
0.00105680298394
0.00105680298394
0.00105680298394
0.00105680298394
0.00105131955399
0.00105131955399
0.00105131955399
0.00105044066676
0.00104708245487
0.00104708245487
0.00104708245487
0.00104708245487
0.00104708245487
0.00104376470337
0.00104376470337
0.00104170506478
0.00104083676655
0.00104083676655
0.00104083676655
0.00104083676655
0.00104083676655
0.00104083676655
0.00104083676655
0.00104083676655
0.00104083676655
0.00104083676655
0.00104083676655
0.00104083676655
0.00104083676655
0.0010399788671
0.0010399788671
0.0010399788671
0.0010399788671
0.0010399788671
0.0010399788671
0.0010399788671
0.0010399788671
0.0010399788671
0.0010399788671
0.00103670084915
0.00103670084915
0.00103670084915
0.00103670084915
0.00103346185522
0.00103346185522
0.00103346185522
0.00103346185522
0.00103346185522
0.00103346185522
0.00103346185522
0.00103346185522
0.00103142616591
0.00103142616591
0.00103142616591
0.00103057847955
0.00102974082498
0.00102974082498
0.00102974082498
0.00102891302517
0.00102891302517
0.00102891302517
0.00102891302517
0.00102891302517
0.00102809490723
0.00102608275191
0.00102288208927
0.00102288208927
0.00102288208927
0.00102288208927
0.00102089306216
0.00102089306216
0.00102008445722
0.00102008445722
0.00101928520032
0.00101849513027
0.00101849513027
0.00101849513027
0.00101849513027
0.00101849513027
0.00101849513027
0.00101849513027
0.00101849513027
0.00101849513027
0.00101849513027
0.0010165288349
0.0010165288349
0.0010165288349
0.0010165288349
0.0010165288349
0.0010165288349
0.0010165288349
0.0010165288349
0.0010165288349
0.0010165288349
0.0010165288349
0.0010165288349
0.00101380384313
0.00101380384313
0.00101188185758
0.00101188185758
0.00101188185758
0.00101188185758
0.00101188185758
0.00100998146737
0.00100920930215
0.00100920930215
0.00100920930215
0.00100604629437
0.00100604629437
0.00100604629437
0.00100416713757
0.00100416713757
0.00100230886029
0.00100230886029
0.00100230886029
0.00100047111647
0.00100047111647
0.000999707676284
0.000999707676284
0.000999707676284
0.000999707676284
0.000997890127443
0.000994764113903
0.000994764113903
0.000994764113903
0.000994764113903
0.000994764113903
0.000994764113903
0.000992966428984
0.000992966428984
0.000992966428984
0.000992966428984
0.000992966428984
0.000992966428984
0.000992966428984
0.000992966428984
0.000992966428984
0.000992966428984
0.000992966428984
0.000992966428984
0.000992966428984
0.000992966428984
0.000992966428984
0.000992966428984
0.000992966428984
0.000992966428984
0.000989876764439
0.000989876764439
0.000988098619573
0.000987343757371
0.000985584835693
0.000985584835693
0.000985584835693
0.000984838407706
0.000984838407706
0.000984838407706
0.000984838407706
0.000984838407706
0.000984838407706
0.000983098399164
0.000983098399164
0.000983098399164
0.000983098399164
0.000980044453284
0.000980044453284
0.000980044453284
0.00097832305446
0.000974566077063
0.000974566077063
0.000974566077063
0.000974566077063
0.000972862990992
0.000972862990992
0.000972862990992
0.000972862990992
0.000972862990992
0.000972862990992
0.000972862990992
0.000972862990992
0.000972862990992
0.000972862990992
0.000972862990992
0.000972862990992
0.000972862990992
0.000969878649002
0.000969878649002
0.000969878649002
0.000965243155992
0.000965243155992
0.000965243155992
0.00096232606516
0.000960658738679
0.000960658738679
0.000960658738679
0.000960658738679
0.000960658738679
0.000960658738679
0.000960658738679
0.000960658738679
0.000959008871114
0.000959008871114
0.000959008871114
0.000959008871114
0.000959008871114
0.000959008871114
0.000959008871114
0.000959008871114
0.000959008871114
0.000956124556584
0.000956124556584
0.000956124556584
0.000956124556584
0.000956124556584
0.000956124556584
0.00095449187514
0.00095449187514
0.00095449187514
0.000952876112674
0.000952876112674
0.000952876112674
0.000952146134512
0.000949294046959
0.000949294046959
0.000949294046959
0.000949294046959
0.000949294046959
0.000949294046959
0.000946473649268
0.000946473649268
0.000946473649268
0.000946473649268
0.000946473649268
0.000946473649268
0.000946473649268
0.000946473649268
0.000946473649268
0.000946473649268
0.000946473649268
0.000946473649268
0.000946473649268
0.000943684416193
0.000943684416193
0.000943684416193
0.000943684416193
0.000943684416193
0.000943684416193
0.000943684416193
0.000943684416193
0.000943684416193
0.000943684416193
0.000942085311072
0.000942085311072
0.000942085311072
0.000939326728909
0.000939326728909
0.000939326728909
0.000939326728909
0.000939326728909
0.000939326728909
0.000939326728909
0.000938604772485
0.000938604772485
0.000938604772485
0.000938604772485
0.000938604772485
0.000938604772485
0.000938604772485
0.000938604772485
0.000938604772485
0.000938604772485
0.000938604772485
0.000938604772485
0.000938604772485
0.000938604772485
0.000938604772485
0.000938604772485
0.000938604772485
0.000938604772485
0.000938604772485
0.000938604772485
0.000938604772485
0.000938604772485
0.000938604772485
0.000938604772485
0.000938604772485
0.000938604772485
0.000938604772485
0.000938604772485
0.000938604772485
0.000938604772485
0.000938604772485
0.000935876338761
0.000935876338761
0.000935876338761
0.000935876338761
0.000935876338761
0.000935876338761
0.000935876338761
0.000935876338761
0.000935876338761
0.000935876338761
0.000933177561926
0.000933177561926
0.000933177561926
0.000933177561926
0.000933177561926
0.000933177561926
0.000933177561926
0.000933177561926
0.000931594857884
0.000931594857884
0.000931594857884
0.000931594857884
0.000931594857884
0.000931594857884
0.000931594857884
0.000931594857884
0.000931594857884
0.000931594857884
0.000931594857884
0.000931594857884
0.000931594857884
0.000931594857884
0.000931594857884
0.000931594857884
0.000931594857884
0.000931594857884
0.000931594857884
0.000931594857884
0.000931594857884
0.000931594857884
0.000931594857884
0.000931594857884
0.000931594857884
0.000931594857884
0.000931594857884
0.000931594857884
0.000931594857884
0.000931594857884
0.000928925257014
0.000928925257014
0.000928925257014
0.000928925257014
0.000928925257014
0.000928925257014
0.000928925257014
0.00092628436153
0.00092628436153
0.00092628436153
0.00092628436153
0.00092628436153
0.00092628436153
0.00092628436153
0.00092628436153
0.00092628436153
0.00092628436153
0.00092628436153
0.00092628436153
0.00092628436153
0.00092628436153
0.00092628436153
0.00092628436153
0.00092628436153
0.00092628436153
0.00092628436153
0.00092628436153
0.00092628436153
0.00092628436153
0.00092628436153
0.00092628436153
0.00092628436153
0.00092628436153
0.00092628436153
0.00092628436153
0.00092628436153
0.00092628436153
0.00092628436153
0.00092628436153
0.000923671710918
0.000923671710918
0.000922957644728
0.000922957644728
0.000922957644728
0.000922957644728
0.000922957644728
0.000922957644728
0.000922957644728
0.000922957644728
0.000922957644728
0.000922957644728
0.000922957644728
0.000922957644728
0.000922957644728
0.000922957644728
0.000922957644728
0.000922957644728
0.000922957644728
0.000922957644728
0.000922957644728
0.000922251340127
0.00091966648367
0.00091966648367
0.00091966648367
0.00091966648367
0.00091966648367
0.00091966648367
0.00091966648367
0.00091966648367
0.00091966648367
0.00091966648367
0.00091966648367
0.00091966648367
0.00091966648367
0.00091966648367
0.00091966648367
0.00091966648367
0.00091966648367
0.00091966648367
0.00091966648367
0.00091966648367
0.00091966648367
0.00091966648367
0.00091966648367
0.00091966648367
0.00091966648367
0.00091966648367
0.00091966648367
0.00091966648367
0.00091966648367
0.00091966648367
0.000918099929668
0.00091554242619
0.00091554242619
0.00091554242619
0.00091554242619
0.00091554242619
0.00091554242619
0.00091554242619
0.00091554242619
0.00091554242619
0.00091554242619
0.00091554242619
0.00091554242619
0.00091554242619
0.00091554242619
0.00091554242619
0.00091554242619
0.00091554242619
0.00091554242619
0.00091554242619
0.00091554242619
0.00091554242619
0.00091554242619
0.00091554242619
0.00091554242619
0.00091554242619
0.00091554242619
0.00091554242619
0.00091554242619
0.00091554242619
0.00091554242619
0.00091554242619
0.00091554242619
0.00091554242619
0.00091554242619
0.00091554242619
0.00091554242619
0.00091554242619
0.00091554242619
0.00091554242619
0.00091554242619
0.00091554242619
0.00091554242619
0.00091554242619
0.00091554242619
0.00091554242619
0.00091554242619
0.00091554242619
0.00091554242619
0.00091554242619
0.00091554242619
0.00091554242619
0.00091554242619
0.00091554242619
0.00091554242619
0.00091554242619
0.00091554242619
0.00091554242619
0.00091554242619
0.00091554242619
0.00091554242619
0.00091554242619
0.00091554242619
0.00091554242619
0.00091554242619
0.00091554242619
0.00091554242619
0.00091554242619
0.00091554242619
0.00091554242619
0.00091554242619
0.00091554242619
0.00091554242619
0.00091554242619
0.0009130118438
0.0009130118438
0.0009130118438
0.0009130118438
0.0009130118438
0.0009130118438
0.0009130118438
0.0009130118438
0.0009130118438
0.0009130118438
0.0009130118438
0.0009130118438
0.0009130118438
0.0009130118438
0.0009130118438
0.0009130118438
0.0009130118438
0.0009130118438
0.0009130118438
0.0009130118438
0.0009130118438
0.0009130118438
0.0009130118438
0.0009130118438
0.0009130118438
0.0009130118438
0.0009130118438
0.0009130118438
0.0009130118438
0.0009130118438
0.0009130118438
0.0009130118438
0.0009130118438
0.000910507759656
0.000910507759656
0.000910507759656
0.000910507759656
0.000910507759656
0.000910507759656
0.000910507759656
0.000910507759656
0.000910507759656
0.000910507759656
0.000910507759656
0.000910507759656
0.000910507759656
0.000910507759656
0.000910507759656
0.000910507759656
0.000910507759656
0.000910507759656
0.000910507759656
0.000910507759656
0.000910507759656
0.000910507759656
0.000910507759656
0.000910507759656
0.000910507759656
0.000910507759656
0.000910507759656
0.000910507759656
0.000910507759656
0.000910507759656
0.000910507759656
0.000910507759656
0.000910507759656
0.000910507759656
0.000910507759656
0.000910507759656
0.000910507759656
0.000910507759656
0.000910507759656
0.000910507759656
0.000910507759656
0.000910507759656
0.000910507759656
0.000910507759656
0.000910507759656
0.000910507759656
0.000910507759656
0.000910507759656
0.000910507759656
0.000910507759656
0.000910507759656
0.000910507759656
0.000910507759656
0.000910507759656
0.000910507759656
0.000910507759656
0.000910507759656
0.000910507759656
0.000910507759656
0.000910507759656
0.000910507759656
0.000910507759656
0.000910507759656
0.000910507759656
0.000910507759656
0.000910507759656
0.000910507759656
0.000910507759656
0.000910507759656
0.000910507759656
0.000910507759656
0.000910507759656
0.000910507759656
0.000910507759656
0.000910507759656
0.000910507759656
0.000910507759656
0.000910507759656
0.000910507759656
0.000910507759656
0.000910507759656
0.000910507759656
0.000910507759656
0.000910507759656
0.000910507759656
0.000910507759656
0.000910507759656
0.000910507759656
0.000910507759656
0.000910507759656
0.000910507759656
0.000910507759656
0.000910507759656
0.000910507759656
0.000910507759656
0.000910507759656
0.000910507759656
0.000910507759656
0.000910507759656
0.000910507759656
0.000910507759656
0.000910507759656
0.000910507759656
0.000910507759656
0.000910507759656
0.000910507759656
0.000910507759656
0.000910507759656
0.000910507759656
0.000910507759656
0.000910507759656
0.000910507759656
0.000910507759656
0.000910507759656
0.000910507759656
0.000910507759656
0.000910507759656
0.000910507759656
0.000910507759656
0.000910507759656
0.000910507759656
0.000910507759656
0.000910507759656
0.000910507759656
0.000910507759656
0.000910507759656
0.000910507759656
0.000910507759656
0.000910507759656
0.000910507759656
0.000910507759656
0.000910507759656
0.000910507759656
0.000910507759656
0.000910507759656
0.000910507759656
0.000910507759656
0.000910507759656
0.000910507759656
0.000910507759656
0.000910507759656
0.000910507759656
0.000910507759656
0.000910507759656
0.000910507759656
0.000910507759656
0.000910507759656
0.000910507759656
0.000910507759656
0.000910507759656
0.000910507759656
0.000910507759656
0.000910507759656
0.000910507759656
0.000910507759656
0.000910507759656
0.000910507759656
0.000910507759656
0.000910507759656
0.000910507759656
0.000910507759656
0.000910507759656
0.000910507759656
0.000910507759656
0.000910507759656
0.000910507759656
0.000910507759656
0.000910507759656
0.000910507759656
0.000910507759656
0.000910507759656
0.000910507759656
0.000910507759656
0.000910507759656
0.000910507759656
0.000910507759656
0.000910507759656
0.000910507759656
0.000910507759656
0.000910507759656
0.000910507759656
0.000910507759656
0.000910507759656
0.000910507759656
0.000910507759656
0.000910507759656
0.000910507759656
0.000910507759656
0.000910507759656
0.000910507759656
0.000910507759656
0.000910507759656
0.000910507759656
0.000910507759656
0.000910507759656
0.000910507759656
0.000910507759656
0.000910507759656
0.000910507759656
0.000910507759656
0.000910507759656
0.000910507759656
0.000910507759656
0.000910507759656
0.000910507759656
0.000910507759656
0.000910507759656
0.000910507759656
0.000910507759656
0.000910507759656
0.000910507759656
0.000910507759656
0.000910507759656
0.000910507759656
0.000910507759656
0.000910507759656
0.000910507759656
0.000910507759656
0.000910507759656
0.000910507759656
0.000910507759656
0.000910507759656
0.000910507759656
0.000910507759656
0.000910507759656
0.000910507759656
0.000910507759656
0.000910507759656
0.000910507759656
0.000910507759656
0.000910507759656
0.000910507759656
0.000910507759656
0.000910507759656
0.000910507759656
0.000910507759656
0.000910507759656
0.000910507759656
0.000910507759656
0.000910507759656
0.000910507759656
0.000910507759656
0.000910507759656
0.000910507759656
0.000910507759656
0.000910507759656
0.000910507759656
0.000910507759656
0.000910507759656
0.000910507759656
0.000910507759656
0.000910507759656
0.000910507759656
0.000910507759656
0.000910507759656
0.000910507759656
0.000910507759656
0.000910507759656
0.000910507759656
0.000910507759656
0.000910507759656
0.000910507759656
0.000910507759656
0.000910507759656
0.000910507759656
0.000910507759656
0.000910507759656
0.000910507759656
0.000910507759656
0.000910507759656
0.000910507759656
0.000910507759656
0.000910507759656
0.000910507759656
0.000910507759656
0.000910507759656
0.000910507759656
0.000910507759656
0.000910507759656
0.000910507759656
0.000910507759656
0.000910507759656
0.000910507759656
0.000910507759656
0.000910507759656
0.000910507759656
0.000910507759656
0.000910507759656
0.000910507759656
0.000910507759656
0.000910507759656
0.000910507759656
0.000910507759656
0.000910507759656
0.000910507759656
0.000910507759656
0.000910507759656
0.000910507759656
0.000910507759656
0.000910507759656
0.000910507759656
0.000910507759656
0.000910507759656
0.000910507759656
0.000910507759656
0.000910507759656
0.000910507759656
0.000910507759656
0.000910507759656
0.000910507759656
0.000910507759656
0.000910507759656
0.000910507759656
0.000910507759656
0.000910507759656
0.000910507759656
0.000910507759656
0.000910507759656
0.000910507759656
0.000910507759656
0.000910507759656
0.000910507759656
0.000910507759656
0.000910507759656
0.000910507759656
0.000910507759656
0.000910507759656
0.000910507759656
0.000910507759656
0.000910507759656
0.000910507759656
0.000910507759656
0.000910507759656
0.000910507759656
0.000910507759656
0.000910507759656
0.000910507759656
0.000910507759656
0.000910507759656
0.000910507759656
0.000910507759656
0.000910507759656
0.000910507759656
0.000910507759656
0.000910507759656
0.000910507759656
0.000910507759656
0.000910507759656
0.000910507759656
0.000910507759656
0.000910507759656
0.000910507759656
0.000910507759656
0.000910507759656
0.000910507759656
0.000910507759656
0.000910507759656
0.000910507759656
0.000910507759656
0.000910507759656
0.000910507759656
0.000910507759656
0.000910507759656
0.000910507759656
0.000910507759656
0.000910507759656
0.000910507759656
0.000910507759656
0.000910507759656
0.000910507759656
0.000910507759656
0.000910507759656
0.000910507759656
0.000910507759656
0.000910507759656
0.000910507759656
0.000910507759656
0.000910507759656
0.000910507759656
0.000910507759656
0.000910507759656
0.000910507759656
0.000910507759656
0.000910507759656
0.000910507759656
0.000910507759656
0.000910507759656
0.000910507759656
0.000910507759656
0.000910507759656
0.000910507759656
0.000910507759656
0.000910507759656
0.000910507759656
0.000910507759656
0.000910507759656
0.000910507759656
0.000910507759656
0.000910507759656
0.000910507759656
0.000910507759656
0.000910507759656
0.000910507759656
0.000910507759656
0.000910507759656
0.000910507759656
0.000910507759656
0.000910507759656
0.000910507759656
0.000910507759656
0.000910507759656
0.000910507759656
0.000910507759656
0.000910507759656
0.000910507759656
0.000910507759656
0.000910507759656
0.000910507759656
0.000910507759656
0.000910507759656
0.000910507759656
0.000910507759656
0.000910507759656
0.000910507759656
0.000910507759656
0.000910507759656
0.000910507759656
0.000910507759656
0.000910507759656
0.000910507759656
0.000910507759656
0.000910507759656
0.000910507759656
0.000910507759656
0.000910507759656
0.000910507759656
0.000910507759656
0.000910507759656
0.000910507759656
0.000910507759656
0.000910507759656
0.000910507759656
0.000910507759656
0.000910507759656
0.000910507759656
0.000910507759656
0.000910507759656
0.000910507759656
0.000910507759656
0.000910507759656
0.000910507759656
0.000910507759656
0.000910507759656
0.000910507759656
0.000910507759656
0.000910507759656
0.000910507759656
0.000910507759656
0.000910507759656
0.000910507759656
0.000910507759656
0.000910507759656
0.000910507759656
0.000910507759656
0.000910507759656
0.000910507759656
0.000910507759656
0.000910507759656
0.000910507759656
0.000910507759656
0.000910507759656
0.000910507759656
0.000910507759656
0.000910507759656
0.000910507759656
0.000910507759656
0.000910507759656
0.000910507759656
0.000910507759656
0.000910507759656
0.000910507759656
0.000910507759656
0.000910507759656
0.000910507759656
0.000910507759656
0.000910507759656
0.000910507759656
0.000910507759656
0.000910507759656
0.000910507759656
0.000910507759656
0.000910507759656
0.000910507759656
0.000910507759656
0.000910507759656
0.000910507759656
0.000910507759656
0.000910507759656
0.000910507759656
0.000910507759656
0.000910507759656
0.000910507759656
0.000910507759656
