0.0387428241013
0.0359177690888
0.0507704919868
0.0482735546037
0.0520495955733
0.0500195159151
0.0555585936221
0.0539678911213
0.0558839190236
0.0558372113901
0.053633898823
0.0513886021461
0.050824176787
0.0502064835055
0.0522402794237
0.051017582602
0.0515213243168
0.0511875029714
0.0504698456337
0.0507118233837
0.0497024800264
0.049691840354
0.049004432551
0.0490423493759
0.047998170215
0.0482158080381
0.0472897683726
0.0465475790842
0.0470018560327
0.0468479872103
0.0467232954355
0.0460225401227
0.0453415270898
0.0449876860257
0.046189407908
0.0460993762279
0.0454483924312
0.0450176812735
0.044577334127
0.0441881256339
0.0444588983946
0.0446597611788
0.0445858200565
0.0446612840937
0.0442796923876
0.0440072974214
0.0440877597262
0.0441966712745
0.044307439261
0.0444190445702
0.0445231225519
0.0448079776376
0.0442007397475
0.0445051247698
0.0445306495242
0.0447809869516
0.0450995851681
0.0451317261768
0.0449788309288
0.0453112800239
0.045203756974
0.0449714488485
0.0452787895836
0.0452040999943
0.044769826696
0.0451926484631
0.0449580880543
0.0447656088634
0.0452000538074
0.045153353329
0.0453891257369
0.0450659437482
0.0450286715648
0.0451982858795
0.0455613133599
0.0459277915029
0.0461716697595
0.0463747366668
0.0462278849345
0.0461287926237
0.0461838755621
0.0463927170113
0.0464256086012
0.0468482238151
0.0468925949923
0.0471336886283
0.0472186336154
0.047470311782
0.0475555404702
0.0475224645114
0.0474806339391
0.0474421087962
0.0470506494669
0.047131731545
0.0473635444926
0.0473719037498
0.0474288468718
0.0473317522894
0.0472862527914
0.0473119701987
0.0475842941925
0.0475093835065
0.0473371079195
0.04710055605
0.0471113546994
0.0472948133241
0.0472282703828
0.0474275784838
0.0474328899263
0.0474978036347
0.047500964771
0.047762719965
0.0481783003895
0.0480932831491
0.0481637884331
0.0481142136916
0.0479614616097
0.0479932870878
0.0483046271397
0.0482150782658
0.0481785734121
0.048022473141
0.0479861119175
0.0479512847768
0.0480448249804
0.0480759102791
0.0479983987213
0.0482876254339
0.048391827539
0.0482747468141
0.0481027140937
0.0482220925336
0.0482501068716
0.0481427945554
0.0481887964408
0.0484557199351
0.0484013581964
0.0485051585028
0.048755254737
0.0489308514254
0.0492109201204
0.0490733181176
0.0491312409174
0.0493859384261
0.0491976174381
0.0492064740717
0.0494081415782
0.0495500298234
0.0494043731772
0.0498584518952
0.0500525336195
0.049873936412
0.0499651169153
0.04992482094
0.0501510460718
0.0502430846713
0.0504337869892
0.0507241092383
0.0509082894631
0.0509179643183
0.0509723342732
0.0509133659602
0.0508255773226
0.0507698384078
0.0506957999855
0.0506720336527
0.0508873763059
0.0509666054187
0.051061035163
0.0513171000799
0.0513067844523
0.0514914632697
0.0514588733437
0.0514412805916
0.0513806218614
0.0512703381695
0.0512889596257
0.0514120379336
0.0513425146939
0.0514100915394
0.0513946399125
0.0513955094289
0.0514975674021
0.0517227014486
0.05193078179
0.0518656797618
0.0517159169987
0.0518123977491
0.0517211375219
0.0518942668667
0.0519551756885
0.0519309429096
0.0518608096237
0.0518823707943
0.051836033562
0.0518217647973
0.0518058700354
0.0517970890181
0.0517429092598
0.0518839622561
0.0521734695825
0.0522564108023
0.0521070545182
0.0522327669593
0.0523020185201
0.0524218829016
0.0523505624793
0.0523290329701
0.0523511820602
0.0524020013948
0.0524588299357
0.0527456542828
0.0527659331052
0.0526376351119
0.0528081036805
0.052729235537
0.0527204102057
0.0528569741614
0.0528781436895
0.0530275593412
0.0530780838661
0.0530383127843
0.053024115863
0.0530660253526
0.0530628868058
0.0530817137737
0.0531583542719
0.0531126068638
0.0530140927471
0.0530799614111
0.0531805591343
0.0531297044051
0.0531462359534
0.0531525411662
0.0530681289186
0.05310115233
0.0531332199531
0.0532961204529
0.0532445361279
0.0531418438581
0.0531860941303
0.0531940926681
0.0533946803744
0.0533533220223
0.0533483415782
0.053435144149
0.0534803035826
0.0535251973767
0.0535154120806
0.0535443715398
0.0536169316534
0.0536046605355
0.0536346905279
0.0536640849983
0.0537424934853
0.0537579439846
0.0537181740591
0.0537255512478
0.0537687146299
0.0538488924686
0.0539172096452
0.0539295717958
0.0540264846899
0.0540689206771
0.0542150050038
0.0543484969209
0.054431853048
0.0545332963757
0.0545928182198
0.0546470233728
0.0546800025332
0.0546858634093
0.0548526417204
0.0549819282539
0.055021822753
0.0551454501119
0.0551909940051
0.0552191051954
0.0553153493212
0.0554369931383
0.0554436046139
0.0555095426362
0.0556194508469
0.0556148962076
0.0557573803907
0.055895624457
0.0560391698482
0.0561678875138
0.056260021064
0.0562162452833
0.0562124414764
0.0563068755152
0.0563919529569
0.0563529771258
0.0563971041213
0.0564557611832
0.056533547921
0.0565730784119
0.0566753036174
0.0566693058497
0.0566311940983
0.0567272706903
0.0567433457799
0.0567699544475
0.0567787633125
0.0568518207349
0.0568619827295
0.0569335523072
0.0570979377249
0.057094749016
0.0572510350107
0.0572947979917
0.0573902547493
0.0574206689366
0.057418712642
0.0576026096607
0.0576062173982
0.0576429765355
0.0576551747509
0.0576032202451
0.0576786355769
0.0577575440398
0.0577466403953
0.0577842745461
0.0578390948612
0.0578543043513
0.0579473650126
0.0579214238533
0.0579183833643
0.0579478943715
0.0580173667474
0.0580699462026
0.0581629859195
0.0582773323253
0.0582489917526
0.0583459625563
0.0583831181039
0.0583785072854
0.0583380523085
0.0583314532787
0.0583922161457
0.0584545438313
0.0584484675584
0.0584987317729
0.0586140579418
0.0586857643366
0.0588605355715
0.0588996455046
0.0588982147275
0.0588975568711
0.0589920649349
0.0590472645956
0.0591509348636
0.0591785222549
0.0592594240813
0.059358752754
0.0592637338574
0.0593422902156
0.0593616459545
0.0594304280282
0.0594854437285
0.0596232799676
0.0595729947654
0.0596306560434
0.0597057566298
0.059797867868
0.0598112522901
0.0599002797484
0.0600433654391
0.0600663264548
0.0601112694466
0.0601609577087
0.0602586636211
0.0603048246309
0.0603293175684
0.0604224173859
0.0604730835883
0.0604485253126
0.0604624370871
0.0605335068279
0.0605486486348
0.0606784651658
0.0607563383914
0.0607592826324
0.0608413842226
0.0608687591366
0.0610291652142
0.0610863373478
0.0611271580405
0.0611562074753
0.0610990293333
0.0612437524544
0.0613211154406
0.0614789098282
0.0615595483919
0.0616142312262
0.0616756801926
0.0616738090971
0.0617347392518
0.0617850615436
0.0618895973974
0.0618954184766
0.0619124497376
0.061915819538
0.0619965746418
0.0620075572105
0.0621123029435
0.0621926111961
0.0622050009991
0.0622939285656
0.0623779719605
0.0624075383388
0.0624866297875
0.0625553202751
0.0625476797791
0.0625010150971
0.0625821931699
0.0625990199519
0.0626131936956
0.0627218341433
0.0628442891274
0.0629207404443
0.0630167537513
0.0630811850396
0.0631145820931
0.0631649545474
0.0633131899788
0.0634683798221
0.0635542503291
0.0636635429215
0.0638089254061
0.0638246805682
0.0639140274343
0.0639711415436
0.063992093728
0.064136318567
0.0641692485173
0.0641899607945
0.0641918014721
0.0641543533976
0.0643019113613
0.0643427751906
0.0643921985351
0.0644779975433
0.0645316923911
0.0646191753285
0.0647615389441
0.0647935791411
0.0649619573142
0.0650204477585
0.0649834917378
0.0651567020906
0.0651548433007
0.065335475678
0.0653827992878
0.0654231331148
0.0655072066661
0.0655160130003
0.0655577511502
0.0657543171307
0.065848053416
0.0659254160332
0.0660045760478
0.0660872235175
0.0661859933719
0.066253273149
0.0662937819366
0.0663511636137
0.0663894870296
0.0664035228089
0.0665104746516
0.066678567426
0.0667001610565
0.0668357247178
0.0668925962143
0.0669192892332
0.0669530637854
0.0669913477945
0.0670399156369
0.0670715657891
0.0671530497827
0.0672390123255
0.0672947963213
0.0674375856398
0.0675378592996
0.0675704816784
0.0676159370561
0.0676337855826
0.0676855186865
0.0678056300541
0.0678984259659
0.0680602487517
0.0680841921995
0.0681557263833
0.0682512457285
0.0683312456578
0.0684799723746
0.0685022222112
0.0685673149119
0.0686190686935
0.0686551655723
0.0687207938808
0.068723613838
0.0687645141999
0.0688985320269
0.068970643181
0.0689777627543
0.069070402494
0.0691145966299
0.0691586977282
0.0692311165922
0.0693759950832
0.0694514023141
0.069558436022
0.0696561931231
0.0696702862975
0.069707755679
0.0697394411794
0.0698595265976
0.0699200342506
0.0700528717539
0.0701495873447
0.0701938273962
0.0702501614255
0.0703328545228
0.0703915049042
0.0703975176754
0.070435418079
0.0704639317228
0.0705594949348
0.0705979411383
0.0706470219438
0.0707451905425
0.0708155632425
0.0709837735139
0.0710418466175
0.0709911054
0.0710544769564
0.0712363851928
0.0712941436122
0.0714132087047
0.0714909706742
0.0716211749965
0.0716634775195
0.071729099468
0.0717822128552
0.071809886225
0.0718000436547
0.0717995652435
0.0717994127879
0.0719111573315
0.0719783908667
0.0721061804339
0.0721703801188
0.0723702149526
0.0723949684992
0.072399011694
0.0724439786881
0.0725245856133
0.072657918895
0.0726981786738
0.072767755071
0.0729077307474
0.0728964525168
0.0730122948819
0.0730665062464
0.0731432643432
0.0731526377018
0.0732210000067
0.0732835031681
0.0733039867534
0.073353931743
0.0733952997914
0.0734084291425
0.0734791296012
0.073599153629
0.0736873805752
0.0737933839654
0.0738223892595
0.0739166403926
0.0739964937394
0.0740839527539
0.074224066042
0.0742793806613
0.074400358325
0.0745019039351
0.0745972230056
0.0746392850854
0.0746591935266
0.0747187619948
0.0747715367309
0.0748765839585
0.0749859465007
0.0750729063873
0.0752322484453
0.0753270219116
0.075346390875
0.0754704713838
0.0754974863639
0.0755836723957
0.0756684579506
0.0758005981409
0.0759247885901
0.0760557484279
0.0761326345868
0.0762666482509
0.076303898031
0.0763781007189
0.0764317447068
0.0764736667019
0.0765919883214
0.0766492689176
0.0767608208091
0.0768106599366
0.0768844663172
0.076974333567
0.0770396957147
0.0770619077577
0.0771096718623
0.077154524891
0.0772571727388
0.0773363194187
0.077400344235
0.0774379027398
0.0775231677792
0.0775395286514
0.0775767066194
0.0775791294501
0.0776366332106
0.0777225339097
0.0778471942195
0.0778830812488
0.0780211541815
0.0781118856926
0.0781487081104
0.078269949833
0.0783139736854
0.0783287906225
0.0784238229281
0.0785143479947
0.0786785648623
0.0786939916224
0.0787229555661
0.0787576342513
0.078869963783
0.0789712297065
0.0790976666116
0.0791504860542
0.0792203235821
0.0793155548494
0.0794225768798
0.0794461008951
0.0795298819124
0.0795704011496
0.0796760194058
0.0797450916664
0.0798567093468
0.0799162853931
0.0799871485818
0.0800792328459
0.0801230611327
0.0802651808047
0.0803431131546
0.0805208801182
0.0805468134523
0.0805801992285
0.0806639452181
0.0807779336988
0.080823517395
0.0808853825776
0.0809918661053
0.0811052875509
0.0811990969618
0.0812611741024
0.0813275937089
0.0814418079556
0.0815922435708
0.0817380024058
0.081854371968
0.0819059728286
0.0819342594395
0.08206363385
0.0821454208687
0.082214850525
0.0822855620224
0.0823745525333
0.0825431826848
0.0825716446824
0.0827260087094
0.0828803221459
0.0829562684588
0.0830229829332
0.0831673075419
0.0832460069752
0.0833038241304
0.0833618265256
0.0834404666555
0.0835183050301
0.0836010441601
0.0836793677324
0.0837210569291
0.0837631756343
0.0838476115308
0.0839531383771
0.0841019703558
0.0841946348652
0.0842685395758
0.0843878226015
0.0844924918885
0.0845679920491
0.0846205759563
0.0847078951379
0.0847632583321
0.0848751341935
0.0849515388745
0.0850427928536
0.0851604438869
0.0852391476303
0.0853455729958
0.0854983493619
0.0856778994416
0.0858044493281
0.0859011136683
0.0860215238367
0.0860766207351
0.0861477988634
0.0862623325883
0.0863278139809
0.0864244332581
0.0865822019087
0.086661743162
0.0867618107653
0.0868149440707
0.0868936413385
0.0869324423447
0.0869973606328
0.0871309818172
0.0872034019382
0.0872726387505
0.0873234386819
0.0874165214189
0.0875320148805
0.0876287399887
0.0876944966653
0.0878032189367
0.0878754799237
0.0879374548655
0.0880491054831
0.0881860728808
0.0882432470087
0.0883278869804
0.0884010001296
0.0884617802547
0.0885195643161
0.0886340341449
0.0887258793677
0.0887749694145
0.0888540171818
0.0889567491076
0.0890915125709
0.089188345884
0.0892848561117
0.0893842018109
0.0895145174525
0.0896407874406
0.0897468037981
0.0898842108116
0.0899885580486
0.0900605289329
0.0901647277908
0.0902583792804
0.0903007402506
0.0904035916722
0.0904607570079
0.090575720301
0.0906625181888
0.0907521730358
0.0908699821267
0.0909254212884
0.0910178643234
0.0911135648028
0.0911836253801
0.091320092866
0.0913841922581
0.091444578012
0.0915805949786
0.0916426321552
0.0917784033789
0.0918703381287
0.0919863195931
0.0921265509427
0.0922293967734
0.0923711398925
0.0924516634607
0.0926046783083
0.092703542964
0.092788960654
0.0929296737924
0.093044007269
0.0931736604357
0.0932859201149
0.0933711582551
0.0934597843645
0.0935768005685
0.0936832979694
0.0937443720997
0.0938225111766
0.0939334459608
0.0940602029756
0.0942166206813
0.0942757742145
0.0943673101688
0.0944569753891
0.0946109530463
0.0947014831462
0.0948202097282
0.0949168639023
0.095008659702
0.0951165136384
0.0951990878375
0.0953128833301
0.0954287826905
0.0955291621269
0.0956015359719
0.0956636581096
0.0957687708906
0.0958305456053
0.0959315235754
0.0960160965881
0.096123184729
0.0962216877584
0.0963466882372
0.09646872068
0.0965430059702
0.0966526661374
0.0967229371594
0.0968172393192
0.0969395517208
0.0970421083941
0.0971076376437
0.0971823574933
0.0972734542003
0.0973815018747
0.0974665225344
0.0975519257086
0.0976928562555
0.0977916002135
0.0979115241886
0.0980458662363
0.0981721602843
0.0982598748636
0.0983514845316
0.0984927303454
0.0985707128269
0.0986792589161
0.0987802080645
0.0988851829459
0.0989877994597
0.0990695581508
0.0991619951696
0.099273332768
0.0993784006387
0.0994961144246
0.0995900606141
0.0997085775489
0.0997847486474
0.0999137609575
0.100001880896
0.100124153522
0.100248287619
0.10034251178
0.100418742663
0.100575536122
0.100685022482
0.100792129304
0.100859043568
0.100961060141
0.101108695095
0.101204638198
0.101272155502
0.101364541564
0.101454785549
0.101566205847
0.101679376259
0.101800132241
0.101932133269
0.102047643886
0.10214697609
0.102261080026
0.102353288837
0.102444792046
0.102542835996
0.102657583032
0.10275340326
0.102902005983
0.103014143998
0.103172081193
0.103278187976
0.103434061782
0.103494059544
0.103646072831
0.103737771067
0.103794396154
0.103883656348
0.103965915884
0.104027610126
0.104154169538
0.104275952847
0.104353132969
0.104433264566
0.104564377863
0.10468271584
0.104829753797
0.104921257914
0.105046974215
0.105142972146
0.105247320578
0.105362616603
0.105454189446
0.105557073246
0.105647939922
0.105758045663
0.105859529737
0.105974499988
0.10607285943
0.106142690476
0.106260239689
0.106384372434
0.106474222372
0.106591843748
0.106675070052
0.106777576425
0.106912221101
0.107025658974
0.107152173285
0.107255061396
0.107376182015
0.107473805265
0.107579910161
0.10767036705
0.107762155414
0.10787582195
0.107968091675
0.108063354659
0.108178205498
0.108311978622
0.108428743363
0.108554507557
0.108683855745
0.10882536327
0.1089502311
0.109121635149
0.109201565793
0.109308633875
0.109405549472
0.109506042035
0.109594995251
0.109651512429
0.109776664655
0.109928118163
0.110005425653
0.110111133913
0.110213773861
0.110313496446
0.11038978541
0.110495022322
0.110591655028
0.110705278126
0.110795280912
0.110963707163
0.111089492727
0.111175758415
0.111291954634
0.111387521129
0.111491244893
0.111550847637
0.11165983175
0.111786425568
0.111872492819
0.111954200083
0.112064500529
0.11214437497
0.112241967834
0.112405120794
0.112527464723
0.112626104688
0.11270240712
0.112831550275
0.112929366101
0.113029084975
0.113120424135
0.113251064042
0.113409578052
0.113531852742
0.113651115075
0.113718286714
0.113813651023
0.113933686508
0.114029348774
0.114125976102
0.114252097029
0.114416206624
0.114571795879
0.114688606706
0.114820650527
0.114923189475
0.115025798652
0.115124605497
0.115270637704
0.115414453447
0.115538153205
0.115650912551
0.115760841207
0.115922055452
0.11601675279
0.116131038228
0.116275657598
0.116381440145
0.116472364693
0.116574558631
0.116705280023
0.116835292001
0.116950538202
0.1170384169
0.117111946134
0.11720993331
0.117346355641
0.117422396845
0.11757406311
0.117719564203
0.117786653147
0.117887786916
0.118002900497
0.118120996326
0.118246846366
0.118379361289
0.118489801756
0.118606474015
0.11873970893
0.118857794161
0.118940207336
0.119058902948
0.119182879769
0.119297126366
0.11936515835
0.119503595559
0.119576962278
0.119723019048
0.119851662018
0.119958583882
0.120077267837
0.120194876864
0.120302747226
0.120400160432
0.120512061235
0.120629697958
0.120739287478
0.12086529411
0.120966786077
0.121095884069
0.121196869345
0.121302329351
0.121418876825
0.121498211234
0.121617736819
0.121722606829
0.121834689776
0.121935052071
0.122097167673
0.122220408966
0.122330461483
0.122440584846
0.122536418323
0.122646296691
0.12280031112
0.122923150742
0.1230687037
0.123179783145
0.123320289592
0.123446954994
0.123562572687
0.123652515534
0.123778936985
0.123856823418
0.124019393146
0.124126442348
0.124220663747
0.124334910743
0.124435723391
0.124595519479
0.124723952007
0.124859011847
0.124993700415
0.125101544575
0.125203413226
0.125344303706
0.125493349457
0.125608148654
0.125706647221
0.125824797349
0.125920316606
0.126045989668
0.126179078357
0.126272644547
0.126390907517
0.126510131339
0.12663989949
0.126785740452
0.126890691012
0.127013083315
0.127097499217
0.127247990985
0.12734102809
0.127459123424
0.127584651017
0.127725533381
0.127857965121
0.127953485205
0.128055296015
0.128180565284
0.128342778367
0.128464518409
0.128586105431
0.128698468703
0.128827370245
0.128944605104
0.129055359852
0.129213868606
0.12930435057
0.129462565469
0.129604964377
0.129724218277
0.129909927011
0.130038091761
0.130172124184
0.130311336774
0.130471694741
0.130588437827
0.130706183048
0.130807467671
0.130903374117
0.131013594341
0.131097111653
0.13119648983
0.131313754506
0.13142623623
0.131532678731
0.131657845838
0.131785173285
0.131913383606
0.1320169219
0.132140508173
0.132239609002
0.132368648634
0.132490167513
0.132647315257
0.132775709236
0.132880838522
0.132980545048
0.133130415551
0.133224453694
0.133340008434
0.133438904979
0.13356821473
0.133699336441
0.133842047969
0.133956657939
0.13404890362
0.134171561455
0.134327587363
0.134487423019
0.134631231496
0.13474647338
0.134849584656
0.134970070547
0.135076242036
0.135187233071
0.13529777031
0.135410420115
0.135540338346
0.135642373811
0.135765704481
0.135878034104
0.135977084403
0.136109731517
0.136229990047
0.136337042261
0.136448538382
0.13658546775
0.136759526654
0.136880336527
0.137004692856
0.137146747752
0.137255228014
0.137403751964
0.137544545585
0.137698856018
0.137824152995
0.137954327735
0.138065584591
0.138184556689
0.138303760331
0.138414877459
0.138505095788
0.138594253721
0.138717423031
0.138845828134
0.138932753919
0.139030578532
0.139164653228
0.139275726229
0.139400546581
0.139550335452
0.139651631369
0.139738387581
0.139845872202
0.139986504552
0.140106362394
0.140226690137
0.140358165481
0.140471258586
0.140595018923
0.140702473543
0.140851180883
0.14098179006
0.141080421382
0.141229810467
0.141346905232
0.141472402334
0.141609515615
0.141746063513
0.141821299045
0.141976925007
0.142061743887
0.142205131405
0.142359052948
0.142478583204
0.142598166704
0.142717487355
0.142821929555
0.142913970932
0.143042767451
0.143128512725
0.14325184457
0.143359046837
0.14350771565
0.143629425155
0.143754390467
0.143899903501
0.14404091108
0.144182552685
0.144340422176
0.144454404968
0.14459548207
0.144722009624
0.144821329078
0.144947078809
0.145062044157
0.145168946361
0.145292698634
0.145415880005
0.145515085708
0.145615775264
0.145750823985
0.145887603645
0.146032178181
0.146149708585
0.14627753207
0.146396313184
0.146530169473
0.146648842311
0.14676260263
0.146917399505
0.147049915507
0.147220252857
0.147370363469
0.147493406302
0.147597258148
0.147715877598
0.147821915979
0.147921619985
0.148064304954
0.14819672981
0.148310177926
0.148468503078
0.148611291202
0.148752279969
0.148884066509
0.148999910341
0.149113929223
0.149224959083
0.149331350962
0.149460142998
0.149600770792
0.149702061843
0.149814561276
0.149937868834
0.150061535745
0.150210223729
0.150291042123
0.150416663691
0.150514743595
0.150635545869
0.150746601394
0.150850903253
0.150970662072
0.151115774979
0.151245066898
0.151360584543
0.151447025298
0.151561234875
0.15170756409
0.151846348405
0.151992365122
0.152121569116
0.152248450874
0.152364142863
0.152483056413
0.152613347475
0.152727569742
0.152852214964
0.152985965715
0.153099382631
0.15322520412
0.153353823156
0.153466106141
0.153585229987
0.153703188895
0.153821973202
0.153953393583
0.154109970832
0.15422284882
0.154362603172
0.1544872966
0.154618349788
0.154739143036
0.154894157005
0.154971144153
0.155083205873
0.15521051307
0.15534809432
0.155484509484
0.155604305314
0.155746062774
0.155876318612
0.155981976807
0.156090986973
0.15622634865
0.156332541155
0.156473674595
0.156567261288
0.156718552331
0.156874820749
0.156993158933
0.157127413783
0.157250340832
0.157384891225
0.157490297095
0.157588500047
0.157718661142
0.157845449791
0.157962766945
0.158067336795
0.158205138907
0.158318506059
0.158433982681
0.158568025964
0.158711177664
0.158839494047
0.158991038807
0.159139320636
0.159257331539
0.159358929809
0.159483379374
0.159598535786
0.159722055988
0.159853914024
0.160000746509
0.160137216151
0.16024746426
0.160356614329
0.160462034627
0.160587244198
0.16071422537
0.160834809435
0.160997825327
0.161122790764
0.161267302305
0.161390198503
0.161515339079
0.161645650208
0.161777616367
0.16189226294
0.161983729991
0.162127198339
0.162264646154
0.162389036849
0.162534648326
0.162632911616
0.162758909949
0.162867828508
0.16296814244
0.16307713021
0.163217885778
0.163338966612
0.163438659414
0.163556462572
0.163659059484
0.163763589955
0.163895717063
0.164025306749
0.164157339127
0.164296513555
0.164428650174
0.164555589701
0.164694997636
0.164821058312
0.164949271311
0.165099667343
0.165228445673
0.165364754757
0.165502920945
0.165630013618
0.165748289269
0.165841461974
0.16597012613
0.166084916903
0.166222641077
0.16637554121
0.166514193464
0.166634458138
0.166757518853
0.166912116922
0.167058924913
0.16721392412
0.167359536056
0.16746413331
0.167590881195
0.167731203035
0.16784216637
0.167967374045
0.168078464779
0.168224112462
0.16835117286
0.16845429591
0.168590902467
0.168709434576
0.168828819205
0.16894614086
0.169070143382
0.169169652704
0.169293358302
0.169417764238
0.169520522849
0.169644956613
0.169734778575
0.169856573091
0.169971025435
0.170107872683
0.17023254209
0.17036635816
0.170488327794
0.170613020861
0.170731653565
0.170859057257
0.17098750181
0.171106558483
0.171234202278
0.171359027867
0.171474638025
0.17162925793
0.17176169112
0.171896929242
0.17202126981
0.172166424687
0.172287665573
0.172415324122
0.172532422174
0.172655561003
0.172798979549
0.172918380142
0.173054642724
0.173168298529
0.173324576987
0.173455611775
0.173592337262
0.173697521479
0.17383512912
0.173954207885
0.174060295055
0.174187938987
0.174354187275
0.174462849571
0.174587902845
0.174698533579
0.174817597224
0.174921145723
0.175066848016
0.175197280734
0.175329442711
0.175428677798
0.175545566581
0.175685884594
0.175806922705
0.175924489821
0.176050001942
0.176183650884
0.176294260552
0.176430810716
0.176567311208
0.176711600124
0.176839878489
0.176958807759
0.177074208243
0.177179520975
0.177320346653
0.177442736695
0.177582803898
0.177711700416
0.177850854866
0.177966865986
0.17809619681
0.178223927753
0.178347088642
0.178476437965
0.178588196401
0.178741888622
0.178864243023
0.178987260665
0.179100899596
0.179242057272
0.179355478683
0.179506628266
0.179635800452
0.179757460247
0.179868995224
0.179998716504
0.180121464618
0.180254954904
0.180384860016
0.180497919411
0.180612116487
0.180760436018
0.180876785233
0.181013001179
0.181157171243
0.181314176242
0.181450944229
0.181562080883
0.181687932783
0.181778131398
0.181911900719
0.182034790331
0.182160882867
0.182264162664
0.182400847909
0.182516057841
0.182639593904
0.18278322128
0.182920232633
0.183066355105
0.183197291025
0.183320367586
0.183464571539
0.183602095582
0.183719275154
0.18383416186
0.183990863146
0.184143446583
0.184268294405
0.184379588728
0.184503989778
0.184636717265
0.184776275324
0.184904038743
0.185027573503
0.185167765081
0.185308681647
0.185444772741
0.185569435077
0.185693589133
0.185800269613
0.185925130002
0.186054818535
0.186187861253
0.18630907073
0.186399172367
0.186529249833
0.186647711158
0.18678789976
0.186905761462
0.187033420823
0.187166257894
0.187273715708
0.187391588298
0.187507071273
0.187637045611
0.187766554232
0.187911582242
0.188027477691
0.188163891681
0.188280833516
0.188415837938
0.188547315251
0.188674228433
0.188799377321
0.188924589051
0.189050982756
0.189176453696
0.189299967407
0.189425773187
0.189545541225
0.189671760757
0.189807084821
0.189913683985
0.190035479846
0.190141077138
0.190260504674
0.19039204995
0.190529156844
0.19066912579
0.190802647099
0.190952680877
0.191069455492
0.191211161517
0.19136263321
0.191473391252
0.191570957446
0.191701443282
0.191828583878
0.191956329006
0.192094924093
0.192207823406
0.192333517471
0.192469175295
0.192591346751
0.192739280656
0.192891307963
0.193013375617
0.193146701173
0.193262493114
0.193394773713
0.193529219988
0.193644028304
0.193773952448
0.193893038175
0.194021470379
0.194149276015
0.19427022938
0.194423970896
0.194547414726
0.194668158236
0.194796704128
0.194903616426
0.195014653544
0.195123138527
0.19526246331
0.195396559032
0.195498275011
0.195621131722
0.195739970333
0.195848430364
0.195977325938
0.196110845738
0.19623397979
0.196358572738
0.196485840614
0.196600428265
0.196733543085
0.196850713114
0.196978976341
0.197100846743
0.197224341755
0.197342034398
0.19747052013
0.19759635588
0.197732100819
0.197838007628
0.197954619641
0.198069582854
0.198186202149
0.198301268136
0.198421434006
0.198528625574
0.198640058523
0.198753077675
0.198881610976
0.199016739853
0.199129759947
0.199265928886
0.199399371404
0.199511243952
0.199637066804
0.199767281922
0.199908668345
0.200023981909
0.200148476252
0.200278391833
0.200395127731
0.200517718128
0.200649591662
0.200775858239
0.200892852448
0.201033968985
0.201176232561
0.201308785653
0.201433120457
0.201564799027
0.2016917608
0.201805740068
0.201949784719
0.202065696814
0.202196777544
0.202322966205
0.202424990095
0.202533576856
0.202648773265
0.202763950688
0.202893814854
0.203034631746
0.203141831378
0.203269880184
0.203374767834
0.203491900274
0.203591224059
0.203711833002
0.203830141951
0.203963834627
0.204072216745
0.204209727112
0.204331076376
0.204454077332
0.204603570237
0.204715432906
0.20482124616
0.204959278241
0.205068256807
0.205182866267
0.205311744871
0.20544092999
0.205594047005
0.205724490705
0.205839046376
0.205967092701
0.206105192327
0.206208457341
0.206325258685
0.206437585115
0.20656912084
0.206707764367
0.206822473582
0.206942042666
0.207072748991
0.20720600912
0.207336938648
0.207438013201
0.207567134588
0.20769299096
0.207805081043
0.207925225952
0.208052821614
0.208185375878
0.208308852122
0.208459570375
0.208589315957
0.208706217108
0.208847593372
0.208978847503
0.209094227686
0.209222781151
0.209345150164
0.20947009039
0.209597431274
0.209715663868
0.209827653123
0.20993579429
0.210046152389
0.210170471124
0.21030915234
0.210426088271
0.210548565263
0.210677160574
0.210842402967
0.210976575733
0.211110023993
0.21125781806
0.211376759284
0.2115082224
0.211632468913
0.211760761619
0.21189761766
0.212016341098
0.212135515879
0.212257297361
0.212387055222
0.212514275459
0.212648934788
0.212771536231
0.21290706911
0.213049329254
0.213173731831
0.213301219377
0.213440802066
0.213555914149
0.213670886172
0.213803530104
0.213945726936
0.214076925003
0.214207014992
0.214347723117
0.214467698485
0.214612606561
0.214730932883
0.214849109205
0.214988561801
0.215123625588
0.215234764302
0.215364097677
0.215485269076
0.215608761358
0.215744489532
0.215854601566
0.215980474749
0.216111483404
0.216226937506
0.216358704549
0.216474410485
0.216591848109
0.216709922078
0.216852941478
0.216992927018
0.21712318762
0.217275746949
0.217409650015
0.21754983614
0.217678293337
0.217794153393
0.21791245657
0.218043034563
0.218162197456
0.218295750551
0.218439864614
0.21856394956
0.218688496934
0.218818745659
0.218958380985
0.21908812794
0.219221071785
0.219337398607
0.219477002705
0.219606247844
0.219725812864
0.219857093673
0.219981555005
0.220111358882
0.220221399004
0.220334931619
0.220473502869
0.220604141037
0.220743986619
0.220876276712
0.221003063833
0.221122229327
0.221239069306
0.221354506653
0.221479340037
0.221607986956
0.221731331764
0.221864485082
0.221976638067
0.222110562739
0.222241522931
0.22238182602
0.222506099594
0.222647579455
0.222776938279
0.222890191001
0.223019859103
0.22312575943
0.223247157955
0.223370220873
0.223494970309
0.223615283656
0.223742790823
0.223885617505
0.223998019911
0.224128555684
0.224232189756
0.224362859037
0.2244886595
0.224598230673
0.224695411405
0.22481576698
0.2249433894
0.22505875971
0.225190132049
0.225319699214
0.225456161385
0.225597057228
0.225728392263
0.225849062307
0.225965351318
0.226079049677
0.226210213182
0.226332691105
0.226449957664
0.226583107265
0.22670316473
0.226818635228
0.226928134187
0.227056871012
0.227171319924
0.227302434954
0.227432480348
0.227556083787
0.227666790545
0.227773243627
0.227911362911
0.228040632352
0.22814811254
0.228268336555
0.228366395521
0.228492702959
0.2286268789
0.228750408632
0.228892939301
0.229012335248
0.229143554114
0.229266629159
0.229409019564
0.229525381523
0.229658651142
0.229795165355
0.229939472003
0.230065924978
0.230189909079
0.23032552236
0.23044926288
0.230568146152
0.23068416056
0.230794330332
0.230905192128
0.231031254645
0.231163346534
0.231263291355
0.231385145881
0.231539677656
0.231667916176
0.231803129933
0.231936308859
0.232052631421
0.232168135218
0.232283430865
0.232412577612
0.23252084
0.232631777916
0.232766539385
0.232893043041
0.233013649275
0.233130575379
0.233254597715
0.23338671286
0.233510095956
0.233647912674
0.233771540682
0.233879426757
0.233999341543
0.23412433635
0.234231890631
0.234333423427
0.234448245311
0.23456703773
0.234683486047
0.234825987362
0.23493346584
0.235053189515
0.23517680271
0.235275131427
0.235388703387
0.235524879542
0.23564254552
0.235758492798
0.235868032079
0.235984416767
0.236110381264
0.236211317498
0.236321223608
0.236442834292
0.236562380253
0.236671306532
0.23679635015
0.236912074557
0.237038033863
0.237166008818
0.237303888006
0.237417799118
0.237521567443
0.237634563222
0.23774857785
0.237880436131
