
row1col1
West 2.30953574851e-06
East 0.000174346696683
North 0.0
South 0.0

row1col2
West 0.0
East 2.89379945958e-05
North 0.000334047591208
South 0.00456016424896

row1col3
West 0.0
East 0.0
North 2.99118525765e-05
South 0.00153587604685

row1col4
West 0.0
East 0.00161556134822
North 0.000481768432303
South 0.0136799029901

row1col5
West 0.000337543858473
East 0.000443520813701
North 0.00780617865135
South 0.112036084654

row1col7
West 4.60419906601e-15
East 4.58975644789e-06
North 0.000161819535015
South 0.00567235813766

row1col8
West 0.000173885336334
East 0.0872443610301
North 4.62270778112e-14
South 8.74985828633e-13

row1col9
West 0.00321869902388
East 0.00472066339073
North 0.177381631911
South 0.431923325753

row1col10
West 0.0135464075684
East 0.0
North 0.0094070434405
South 0.0679270791315

row1col11
West 0.00263135300455
East 1.9642520778e-05
North 0.0
South 0.0

row1col13
West 0.000377769441691
East 0.00143439350259
North 0.0274422128083
South 0.460196976186

row1col14
West 0.000128473886036
East 0.0491448880391
North 0.0284947131745
South 0.355136825988

row1col15
West 0.0010194865625
East 0.0231626941001
North 0.0688988860719
South 0.369750590275

row1col16
West 0.0358933931446
East 0.00671259583874
North 0.115948220871
South 0.511250994197

row1col18
West 0.0503353198756
East 0.00269001140037
North 0.0824573597851
South 0.544616194529

row1col19
West 0.189931117994
East 0.00967863558728
North 0.00570203174156
South 0.0509468638887

row1col20
West 0.0679410004135
East 0.00126467061497
North 0.00287057081511
South 0.0110605963533

row1col21
West 0.0139597801335
East 5.96632612242e-05
North 1.31815709844e-07
South 0.00314548890293

row1col22
West 0.00140907309904
East 5.93569501197e-05
North 7.9973383058e-10
South 0.000166625903142

row2col1
West 0.0
East 0.000127217600571
North 0.0
South 1.07806466978e-22

row2col2
West 0.0
East 0.0
North 0.000256750075178
South 0.0290583454221

row2col3
West 0.00168931224103
East 0.0199010434617
North 3.78728099485e-08
South 0.0225598321987

row2col4
West 2.39712252203e-05
East 0.00962361890053
North 0.0012388301089
South 0.171026778754

row2col5
West 0.0181655904036
East 0.0193515190716
North 0.0249560409949
South 0.316189102974

row2col7
West 1.78861859588e-13
East 0.0025145789592
North 0.000238513868749
South 0.0499915683113

row2col8
West 3.78326111679e-05
East 0.148838367089
North 2.74114805031e-14
South 0.0201426184962

row2col9
West 0.0150127681508
East 0.00158014539524
North 0.240858150765
South 0.556691914299

row2col10
West 0.318490188294
East 0.0133271520316
North 0.000134387569758
South 0.00989443434211

row2col11
West 0.0958995896169
East 0.0110778515992
North 1.03370269982e-08
South 0.00241570125302

row2col13
West 0.50323391831
East 0.94004714372
North 0.10097416052
South 0.193445683196

row2col14
West 0.581075206408
East 0.9994686631
North 0.0499778584465
South 0.277703626478

row2col15
West 0.0
East 0.0
North 0.0
South 0.0

row2col16
West 0.998357706927
East 0.753061711868
North 0.0889756221295
South 0.256272713509

row2col17
West 0.944223947427
East 0.651150167337
North 0.294488890039
South 0.315400898826

row2col18
West 0.882651475477
East 0.423209358273
North 0.0705434596019
South 0.0992588885239

row2col19
West 0.712834982814
East 0.125458792779
North 0.00946672880862
South 0.0251423761033

row2col20
West 0.434229713276
East 0.0154863196563
North 0.00249020460493
South 0.000170425096118

row2col21
West 0.143983012539
East 0.00156770114352
North 0.000342067111565
South 0.000258198535873

row2col22
West 0.025572547093
East 0.00345490801182
North 2.56086410047e-06
South 1.06104474631e-06

row3col1
West 0.00449685515181
East 0.0235161368002
North 0.0
South 0.0

row3col2
West 0.00430114543071
East 0.13128055946
North 0.000259449506112
South 0.000977088150974

row3col3
West 0.0356910036475
East 0.270537773924
North 0.00244734753876
South 0.0344631234034

row3col4
West 0.143571929879
East 0.370852185043
North 0.0190356979306
South 0.101550818541

row3col5
West 0.101528541438
East 0.0808806167368
North 0.176879113108
South 0.455212492058

row3col7
West 0.0540821272391
East 0.26544399864
North 3.86454732096e-14
South 0.0

row3col8
West 0.0765007023363
East 0.460265603521
North 0.000689783546773
South 0.0211290342447

row3col9
West 0.137847089823
East 0.122124021484
North 0.448676885688
South 0.597430379555

row3col10
West 0.405693913677
East 0.0211224996843
North 0.0210585924466
South 0.000866494745403

row3col11
West 0.139453820053
East 0.00997065733446
North 0.00240692419531
South 3.20929614967e-09

row3col13
West 0.85737028089
East 0.9025
North 0.811620905459
South 0.80395614577

row3col14
West 0.85735274327
East 0.95
North 0.893866840364
South 0.866902775123

row3col15
West 0.878749306603
East 0.818578209712
North 1.0
South 0.949934499431

row3col16
West 0.935808750726
East 0.524594761405
North 0.241611972074
South 0.0989033796004

row3col18
West 0.0762980101227
East 0.0127627102251
North 0.610327472519
South 0.129146533595

row3col19
West 0.264725183703
East 0.0132488386911
North 0.0394300036688
South 0.000139377668968

row3col20
West 0.0752429879751
East 0.00265965310808
North 0.0208106789174
South 0.000688961011068

row3col21
West 0.0163479739831
East 0.000112707918657
North 0.000244983653121
South 1.19860424753e-05

row3col22
West 0.00150068775753
East 2.55756525495e-06
North 0.00126344335824
South 1.15144739292e-06

row4col5
West 0.118870687223
East 0.0787855516485
North 0.282746406316
South 0.50228943167

row4col9
West 0.257150416266
East 0.321206447171
North 0.512256764196
South 0.630047423229

row4col13
West 0.79352740464
East 0.800830967842
North 0.857375
South 0.773776949077

row5col1
West 6.30532838231e-07
East 0.000104549991218
North 0.0
South 0.0

row5col2
West 1.09172798945e-08
East 1.50431706429e-07
North 0.000181242160983
South 0.00293993860368

row5col3
West 0.0
East 2.68094211875e-09
North 5.98886234582e-05
South 0.00584348198679

row5col5
West 0.469894874851
East 0.54033575716
North 0.111826883045
South 0.159340032165

row5col6
West 0.510846694368
East 0.568800092276
North 0.505147921357
South 0.448068211574

row5col7
West 0.539875811062
East 0.598736939238
North 0.500343413297
South 0.458762162577

row5col8
West 0.568730984276
East 0.630249409725
North 0.544246116949
South 0.444417566061

row5col9
West 0.598687002011
East 0.663420431289
North 0.543567309241
South 0.453031473989

row5col10
West 0.630238208463
East 0.698337296094
North 0.628169304625
South 0.6021003756

row5col11
West 0.66340652102
East 0.735091890625
North 0.671511232448
South 0.571039069557

row5col12
West 0.698251649765
East 0.7737809375
North 0.719393979343
South 0.662206832052

row5col13
West 0.73198009032
East 0.724007985059
North 0.81450625
South 0.73507011025

row5col14
West 0.7737809375
East 0.697643576836
North 0.6198659688
South 0.392655195982

row5col15
West 0.735091890625
East 0.659107914145
North 0.613216046821
South 0.421359169119

row5col16
West 0.698337296094
East 0.628362373006
North 0.558627113612
South 0.426101485995

row5col17
West 0.663420431287
East 0.591012521196
North 0.508375393836
South 0.526217775971

row5col18
West 0.629080107234
East 0.30869973996
North 0.19371849156
South 0.177353703625

row5col20
West 5.7632850039e-15
East 1.65666861735e-05
North 0.00496140236025
South 0.0841615022803

row5col21
West 0.0013113227421
East 8.78830739904e-05
North 0.00113642543679
South 0.0409125874381

row5col22
West 0.0
East 1.12051693567e-18
North 0.000364088517289
South 0.0198462608677

row6col1
West 5.55196617022e-05
East 0.00127078741294
North 0.0
South 0.0

row6col2
West 1.94819802762e-05
East 0.00333965123533
North 0.00030127675449
South 0.0146856502664

row6col3
West 0.000328111219029
East 0.0
North 0.000471368100467
South 0.0472082916155

row6col5
West 0.164240203014
East 0.442067729366
North 0.102605586614
South 0.0357245360643

row6col6
West 0.223936524132
East 0.401448925207
North 0.540360087633
South 0.48369158482

row6col7
West 0.122957862711
East 0.119969144834
North 0.563097672266
South 0.321239017474

row6col8
West 0.137621081148
East 0.149040274065
North 0.57332565378
South 0.217523656295

row6col9
West 0.247373572347
East 0.603470324907
North 0.196238229493
South 0.0827831850659

row6col10
West 0.250717009783
East 0.316292785775
North 0.663403415482
South 0.503400974309

row6col11
West 0.18983881972
East 0.16757473358
North 0.685215544937
South 0.294749663171

row6col12
West 0.136217011164
East 0.212891371988
North 0.730232262846
South 0.431901691674

row6col13
West 0.293777371203
East 0.261546398505
North 0.773778779481
South 0.696141820954

row6col14
West 0.0762960511553
East 0.0951508185615
North 0.661256905734
South 0.178935562913

row6col15
West 0.0599702290942
East 0.0274360416359
North 0.676564659839
South 0.278860605413

row6col16
West 0.413108860859
East 0.27026014968
North 0.583284639677
South 0.0323398345778

row6col17
West 0.317449697264
East 0.32638785757
North 0.630249409671
South 0.557369542237

row6col18
West 0.591363614098
East 0.186087818501
North 0.124192156056
South 0.0515326772156

row6col19
West 0.517391126746
East 0.219896764469
North 0.062215387246
South 0.0521062481974

row6col20
West 0.42694653423
East 0.104386536365
North 0.00416479712099
South 0.0148205404868

row6col21
West 0.264209815357
East 0.0341883097713
North 0.00253259194749
South 0.00517826294054

row6col22
West 0.112247033857
East 0.0336697233591
North 0.00181588870127
South 0.000379078806814

row7col1
West 0.000489272920987
East 0.00906856783688
North 1.0903526386e-08
South 0.0

row7col2
West 0.000553028750425
East 0.0569890422813
North 0.00057572716209
South 0.00310092597794

row7col3
West 0.000893682158523
East 0.00718181358207
North 0.00656811195577
South 0.162976721949

row7col5
West 0.115149073991
East 0.44824565769
North 0.00247205836155
South 0.0332493046643

row7col6
West 0.293233567248
East 0.380232010097
North 0.513342082986
South 0.462578739664

row7col10
West 0.12826169563
East 0.191141335534
North 0.628789601166
South 0.424306684767

row7col17
West 0.462403811511
East 0.352232675945
North 0.598736938188
South 0.535403336707

row7col18
West 0.526924225541
East 0.110202496143
North 0.0655461336836
South 0.0166397909852

row7col20
West 0.0056730852875
East 8.78899778252e-15
North 0.133597311564
South 0.00351640308148

row7col21
West 0.00272665486645
East 7.00529130259e-17
North 0.04798369178
South 0.001721253623

row7col22
West 5.77730208058e-15
East 9.79147626169e-18
North 0.012008593707
South 0.000417787449552

row8col1
West 0.000770486930303
East 0.0442917333309
North 1.73098726463e-06
South 0.0

row8col2
West 0.00721064217862
East 0.181519339431
North 0.00158216405644
South 0.0095081645072

row8col3
West 0.0758450440296
East 0.31620549838
North 0.00753952972943
South 0.0136217536964

row8col4
West 0.12685872523
East 0.401275518548
North 0.074744319125
South 0.102728491506

row8col5
West 0.180135563564
East 0.456199699658
North 0.0805131104451
South 0.0855523751625

row8col6
West 0.311719719936
East 0.419126543249
North 0.487674977427
South 0.439649345139

row8col8
West 0.0374683241722
East 0.15576501931
North 5.24269256079e-08
South 5.39512054618e-05

row8col9
West 0.0363849138551
East 0.358759263973
North 0.0093448752153
South 0.000557155503039

row8col10
West 0.106845239013
East 0.0956799265447
North 0.588599200888
South 0.246311563372

row8col11
West 0.470894458524
East 0.0683117473896
North 0.0209018627804
South 0.00337579353779

row8col12
West 0.280412772226
East 0.0221817149502
North 0.00168467122518
South 4.41736703311e-08

row8col13
West 0.111136599622
East 0.00308635810834
North 4.29117235447e-05
South 2.57625224394e-05

row8col14
West 0.0254038632221
East 9.69692271663e-05
North 4.28634134738e-06
South 5.74664387196e-05

row8col15
West 0.0018868534668
East 4.14742186234e-06
North 1.3417180564e-10
South 0.0

row8col17
West 0.350171813685
East 0.189235234039
North 0.568800081109
South 0.507000845084

row8col18
West 0.358295925997
East 0.0203750538689
North 0.173054776564
South 0.0767697055766

row9col5
West 0.132030236175
East 0.394189637537
North 0.0368233397151
South 0.0014196354682

row9col6
West 0.240080553929
East 0.361456436343
North 0.463291221964
South 0.415567656734

row9col8
West 0.0
East 0.0
North 0.0114826567399
South 0.00035441386407

row9col9
West 8.92843316299e-05
East 0.0410386048565
North 0.0119875125078
South 7.86096569367e-05

row9col10
West 0.00122782190605
East 0.00183788048729
North 0.445025154946
South 0.158871589593

row9col11
West 0.0136082561722
East 2.92145120206e-10
North 0.0890751120795
South 0.00776263085527

row9col12
West 1.65212320169e-08
East 0.0
North 0.0356936299471
South 0.00100779107512

row9col13
West 0.000542366701847
East 3.07617100032e-05
North 0.0
South 0.0

row9col14
West 0.0
East 0.0
North 0.00257371218994
South 6.65643017247e-07

row9col15
West 0.000159637742715
East 6.56165640578e-06
North 0.0
South 0.0

row9col17
West 0.37874711896
East 0.284661572386
North 0.540360026394
South 0.465461826147

row9col18
West 0.459403071691
East 0.175877668013
North 0.0448428894086
South 0.042777441943

row9col20
West 1.17394600214e-06
East 3.20009619304e-05
North 0.0
South 0.0

row9col21
West 1.42528426201e-06
East 0.0
North 5.9143103733e-05
South 0.00114477308439

row9col22
West 6.11880196073e-06
East 1.91778397625e-08
North 0.0
South 0.0

row10col1
West 3.47147349101e-07
East 0.000134273174235
North 5.18678971834e-17
South 0.0

row10col2
West 2.19422862615e-06
East 0.00388799669547
North 7.81936412779e-07
South 1.58052045652e-15

row10col3
West 4.94990450138e-06
East 0.00274210104749
North 0.00604145923258
South 0.0488168234565

row10col5
West 0.0697233157386
East 0.335533207088
North 0.0367748833595
South 0.0245545112306

row10col6
West 0.181472254363
East 0.335036968563
North 0.44012661309
South 0.389744810246

row10col17
West 0.35915597366
East 0.214657840222
North 0.51334156646
South 0.454582613291

row10col18
West 0.389932615582
East 0.119829459934
North 0.0373757937928
South 0.0182611678101

row10col20
West 1.69526461885e-05
East 0.000418036375165
North 0.0
South 3.22644379342e-08

row10col21
West 1.62774151318e-05
East 1.01521048077e-05
North 0.000198992128865
South 0.00498788339509

row10col22
West 0.000309048557566
East 1.82908326399e-06
North 1.39877796718e-07
South 0.0

row11col1
West 0.000703915480444
East 0.0124780138199
North 8.9752670456e-07
South 5.08010299219e-28

row11col2
West 0.00112746483122
East 0.0722267636828
North 8.64905626449e-06
South 5.47523321657e-06

row11col3
West 0.0156943794336
East 0.208275050054
North 0.00321629708493
South 0.00274067695065

row11col4
West 0.0659842682823
East 0.314029525329
North 0.0307955849175
South 0.0412982271768

row11col5
West 0.119518372469
East 0.383847689064
North 0.0435271888132
South 0.0168607572984

row11col6
West 0.222609225187
East 0.316968086182
North 0.418119959136
South 0.374559085932

row11col8
West 2.52344120341e-05
East 0.000855226812608
North 0.0
South 2.61344919937e-16

row11col9
West 1.32871002973e-05
East 0.0
North 0.000531274978455
South 0.0125666991534

row11col10
West 0.00042602879882
East 3.28584683556e-06
North 0.0
South 0.0

row11col12
West 6.07621520914e-07
East 0.000260871002391
North 1.18486196578e-06
South 1.03724848084e-22

row11col13
West 1.52522585716e-17
East 1.64485063264e-21
North 1.27920320192e-05
South 0.00499763601425

row11col14
West 1.27920320189e-05
East 0.00046780002651
North 1.61790911366e-21
South 2.89559301421e-19

row11col15
West 3.40999981061e-06
East 0.00163171559899
North 0.00587703654997
South 0.0646242290151

row11col17
West 0.311417625381
East 0.262684516611
North 0.48767320399
South 0.437349191639

row11col18
West 0.409409744647
East 0.12244897828
North 0.0162215034975
South 0.0208097411435

row11col20
West 9.67845726282e-05
East 0.000982752116145
North 6.68125125614e-07
South 0.0

row11col21
West 5.58170566054e-05
East 4.38329048425e-05
North 0.00113399173747
South 0.0143301423829

row11col22
West 0.000664301792188
East 2.47471042825e-05
North 0.0
South 2.48600381349e-05

row12col1
West 1.44767385546e-05
East 0.0006576073836
North 0.0
South 2.88828955164e-13

row12col2
West 6.33422131076e-06
East 0.00787099394234
North 0.0
South 0.0

row12col3
West 3.80181197386e-05
East 5.50037820946e-05
North 0.053716550335
South 0.000877799144904

row12col5
West 0.0456811602664
East 0.275911843779
North 0.0267499324805
South 0.00792183460345

row12col6
West 0.134383059535
East 0.29266356652
North 0.397212215647
South 0.350310207134

row12col8
West 0.000106570563126
East 0.00282550999501
North 0.0
South 0.0

row12col9
West 5.48912723866e-05
East 0.000153367516906
North 0.00233036062743
South 0.0385917481265

row12col10
West 0.0036974501151
East 0.000201992969657
North 5.92496980957e-06
South 0.0

row12col12
West 0.00171492679912
East 0.0101901073491
North 6.07621520914e-07
South 0.000150663632596

row12col13
West 0.00142320214267
East 0.0644539031471
North 2.94595407009e-22
South 0.00127816193397

row12col14
West 0.012971332312
East 0.179901627078
North 2.22410997619e-05
South 0.0106115606996

row12col15
West 0.0633007060105
East 0.285819113497
North 0.00615480419777
South 0.0133566187833

row12col16
West 0.0739546574118
East 0.409661844931
North 0.0648873618391
South 0.00466430975718

row12col17
West 0.22662328496
East 0.169333794819
North 0.46328670825
South 0.413091933442

row12col18
West 0.332929775097
East 0.0576782508445
North 0.0221675978612
South 0.0699290195934

row12col20
West 9.57851310301e-06
East 0.00229544160577
North 0.0
South 6.0091484638e-07

row12col21
West 9.12225277011e-06
East 0.000216471553741
North 0.00431338957021
South 0.0345169446599

row12col22
West 0.00398799085618
East 1.5218918636e-05
North 6.09198911658e-22
South 1.28252458073e-20

row13col5
West 0.242029743505
East 0.352863337562
North 0.0145477922586
South 0.0364671882217

row13col6
West 0.196874182063
East 0.260566615907
North 0.377341417749
South 0.336762484075

row13col9
West 0.00594355949621
East 7.60382118846e-06
North 0.00759967787137
South 0.0970538546066

row13col17
West 0.34437410777
East 0.205364515913
North 0.440115717606
South 0.393632084229

row13col18
West 0.41565807805
East 0.256580268187
North 0.0585405915119
South 0.0519362331546

row13col21
West 0.00583105830147
East 0.0021811733463
North 0.00348023613481
South 0.0839873614486

row14col1
West 0.000785402822977
East 0.0201949394099
North 7.14574111141e-08
South 4.23103508226e-05

row14col2
West 0.00352137785679
East 0.0861954699672
North 0.00604118807571
South 0.00538391765189

row14col3
West 0.0261435772749
East 0.142720408084
North 0.0176056408851
South 0.00190644262307

row14col4
West 0.033193129096
East 0.219534314147
North 0.0325208321881
South 0.00475863249337

row14col5
West 0.00205626581836
East 0.0874915172562
North 0.302643463172
South 0.0805925416295

row14col6
West 0.135398550739
East 0.13574458232
North 0.358429701269
South 0.281306180705

row14col7
West 0.329278137013
East 0.116859205982
North 0.0778025019584
South 0.0481257861124

row14col8
West 0.28184763184
East 0.0806234054649
North 0.0351607884716
South 0.0295014553615

row14col9
West 0.199540374349
East 0.0201101338752
North 0.00742474735382
South 0.000640739154782

row14col10
West 0.0708538928792
East 0.00124890678753
North 0.00188735218637
South 0.00022151402675

row14col11
West 0.0106956083004
East 0.000549637267137
North 0.000380924436365
South 7.49393732624e-12

row14col12
West 0.000510404243607
East 0.00877439893132
North 4.66176947255e-05
South 0.000752207994522

row14col13
West 0.000993842829095
East 0.0349186891341
North 0.00165863773387
South 0.00192397602337

row14col14
West 0.00295557838875
East 0.109802489429
North 0.00445667876575
South 0.00808932201727

row14col15
West 0.0221368007446
East 0.236116191125
North 0.020769027778
South 0.0339915340367

row14col16
West 0.0475656017013
East 0.359574569158
North 0.0438040411448
South 0.0767761520642

row14col17
West 0.128364041936
East 0.155139133622
North 0.418036378766
South 0.343063218702

row14col18
West 0.096935730888
East 0.0339107500078
North 0.380416394294
South 0.0884330282302

row14col19
West 0.320834507185
East 0.155559955466
North 0.0684281782358
South 0.00968515395128

row14col20
West 0.270717270204
East 0.0831080017156
North 0.0321143724665
South 0.000462304612262

row14col21
West 0.198147266614
East 0.00755318028223
North 0.00106471065565
South 0.000146192645781

row14col22
West 0.0661989771624
East 0.00999881338498
North 0.00107626461713
South 1.40304372527e-07

row15col1
West 3.95847507419e-05
East 0.00178161369181
North 2.34423544335e-13
South 0.0

row15col2
West 2.87469582459e-05
East 0.00296581491323
North 0.0360670819501
South 0.00278209845361

row15col3
West 0.00147298409154
East 0.038388818185
North 0.00185735318151
South 1.81511269001e-18

row15col4
West 0.00364242213351
East 0.130606379358
North 0.0151815706498
South 9.73520986168e-10

row15col5
West 0.0279572112077
East 0.264772813926
North 0.0219934693621
South 0.000499310988369

row15col6
West 0.0788232658263
East 0.0482568797262
North 0.339141757554
South 0.30021679047

row15col7
West 0.286862933331
East 0.0464341503283
North 0.0468818778304
South 0.000263960273016

row15col8
West 0.0152745098138
East 0.00290509835245
North 0.166455251757
South 0.0257702775297

row15col9
West 0.0486472164838
East 0.000230491916377
North 0.00182089010075
South 7.44183196496e-05

row15col10
West 0.00597804742108
East 8.90469697149e-05
North 1.92500467893e-23
South 0.000348304912281

row15col11
West 4.52351416569e-07
East 0.00171149027392
North 1.35769370294e-22
South 0.0

row15col12
West 7.80339250148e-05
East 0.0214940778652
North 0.000817255532099
South 0.000137794430391

row15col13
West 0.00353383408536
East 0.105993321311
North 0.00180466668451
South 0.00308294753557

row15col14
West 0.0314548997806
East 0.236277885316
North 0.00436722454232
South 0.0218390754685

row15col15
West 0.114184058907
East 0.341963392968
North 0.0627196658524
South 0.0651008461697

row15col16
West 0.231875868153
East 0.370543583664
North 0.0810548801575
South 0.113543886936

row15col17
West 0.11121693367
East 0.0690842975277
North 0.396467674398
South 0.351210663642

row15col18
West 0.234279342496
East 0.0107197682796
North 0.0474574616515
South 0.0266513125487

row15col19
West 0.00835928923786
East 0.0
North 0.0990547221506
South 0.00981304419098

row15col20
West 1.4873804299e-05
East 6.00155732323e-19
North 0.0613669291619
South 0.00585179754822

row15col21
West 0.00593226508525
East 0.0002701511612
North 1.26348559122e-17
South 2.03111169285e-08

row15col22
West 6.06959902275e-19
East 0.0
North 0.0105242697955
South 0.00205990976201

row16col2
West 3.01282585511e-05
East 0.00115604939278
North 0.0152744202548
South 0.00125484279144

row16col7
West 0.00950314216479
East 0.0261726005302
North 0.208957373651
South 0.0571166303815

row16col15
West 0.0643248964304
East 0.0334085739369
North 0.294762835229
South 0.105162758613

row17col1
West 4.79562414281e-05
East 0.000798590333997
North 1.07860140972e-05
South 6.23346493083e-06

row17col2
West 6.85727781347e-06
East 2.04082695651e-05
North 0.00596753036477
South 0.000300931501783

row17col3
West 0.000713342883939
East 4.37824905493e-06
North 7.96527119489e-12
South 1.68279554665e-15

row17col4
West 6.08413903255e-05
East 4.17059867035e-06
North 0.0
South 3.93387331604e-08

row17col6
West 0.00110119203891
East 0.0172283049822
North 5.45547271767e-06
South 1.10396109502e-28

row17col7
West 0.000944384742187
East 0.00163371850143
North 0.1508652573
South 0.0499629181347

row17col8
West 0.0475055765904
East 0.000982258042688
North 0.000205027238306
South 0.00153550039922

row17col9
West 0.0104071644209
East 0.000203520905972
North 1.57171935913e-05
South 6.55788479279e-06

row17col10
West 0.00198063442405
East 9.68466583691e-08
North 4.28051227615e-05
South 7.68756441097e-11

row17col11
West 8.3405618469e-05
East 8.75884598747e-07
North 8.29303773825e-08
South 3.73832336001e-25

row17col13
West 0.000726691719754
East 0.0135099276319
North 0.000188254578257
South 2.12301886932e-09

row17col14
West 0.00187282766786
East 0.0578455888569
North 1.51025314692e-06
South 4.46952904415e-08

row17col15
West 0.00328042154085
East 0.0251365162196
North 0.240876655319
South 0.0638365331466

row17col16
West 0.101886058932
East 0.00130720667283
North 2.79489312241e-08
South 0.00222362475448

row17col18
West 0.0
East 0.0
North 3.59336305789e-27
South 0.00257746225334

row17col19
West 3.04190064738e-27
East 0.0
North 9.75368156273e-06
South 0.000300045840507

row17col20
West 6.00480045939e-29
East 2.14905507693e-34
North 9.901223223e-06
South 0.000237437618782

row17col21
West 5.54038065122e-21
East 3.71333529161e-26
North 1.2264524187e-10
South 4.78192485929e-07

row17col22
West 1.33157247832e-11
East 1.40929776874e-17
North 5.77437794133e-09
South 2.47211229292e-06

row18col1
West 0.0
East 0.0
North 7.68667385655e-05
South 7.80033417475e-08

row18col2
West 6.36635270644e-12
East 1.21336921225e-21
North 0.00166014307365
South 1.07752554645e-05

row18col3
West 9.41917811422e-18
East 0.0
North 2.25673141832e-05
South 3.93428392713e-10

row18col4
West 0.0
East 0.0
North 2.85237672156e-06
South 2.40290093643e-16

row18col6
West 2.03658725821e-05
East 0.0116845357188
North 1.61733174146e-05
South 0.000151817191351

row18col7
West 0.00135107540088
East 0.00228806633635
North 0.101234490809
South 0.0174800687263

row18col8
West 0.0307038755469
East 0.00256104909269
North 0.00579000958952
South 8.45668960477e-05

row18col9
West 0.0120220275643
East 0.000171311174242
North 0.0
South 0.0

row18col10
West 0.00211576160205
East 4.5267010477e-06
North 1.68211937132e-15
South 3.3179522287e-06

row18col11
West 3.48046759258e-05
East 1.65786096159e-06
North 1.99637956045e-06
South 2.81311950035e-10

row18col13
West 1.07023804885e-17
East 0.000214267733661
North 0.0
South 0.0

row18col14
West 8.39554773089e-07
East 1.98788379316e-09
North 0.00567929750329
South 2.48896490878e-05

row18col15
West 9.25117037754e-05
East 0.00272150595289
North 0.181823864262
South 0.0242510038779

row18col16
West 0.103553201784
East 0.0245365682326
North 0.00667040805174
South 0.000316271140363

row18col17
West 0.0668526408728
East 0.00619067096338
North 0.0049288881919
South 0.00336307546072

row18col18
West 0.0315054205991
East 0.00107713742404
North 9.15071646112e-05
South 6.28576008228e-05

row18col19
West 0.0103556249622
East 0.000463469462795
North 4.12916647316e-06
South 4.48081835778e-06

row18col20
West 0.00315620498973
East 0.000109740518888
North 8.58049298776e-07
South 2.98374256175e-06

row18col21
West 0.000728075882194
East 8.51038938486e-06
North 6.23669437912e-10
South 3.99258773676e-08

row18col22
West 0.00011630865142
East 8.82280809363e-06
North 1.44576801181e-07
South 2.68887093492e-07

row19col1
West 1.03746228133e-09
East 0.0
North 3.19579420305e-06
South 5.31132466496e-08

row19col2
West 0.0
East 1.55868937508e-16
North 0.000167567000224
South 1.93934625494e-06

row19col3
West 0.0
East 0.0
North 7.34077766114e-07
South 7.43184533908e-10

row19col4
West 2.60732937222e-37
East 0.0
North 1.24553187978e-09
South 4.35119194927e-16

row19col6
West 9.57008227031e-05
East 0.00626287997399
North 1.52779862801e-18
South 4.65505557264e-05

row19col7
West 0.000229478634927
East 0.000226568738672
North 0.0505301040444
South 0.0123469894773

row19col8
West 0.00217618701518
East 9.47025538519e-10
North 0.00476433041875
South 5.2677304726e-12

row19col9
West 5.45460959775e-06
East 8.09505202387e-08
North 0.0
South 0.0

row19col10
West 0.0
East 0.0
North 0.000177079836622
South 7.96426220534e-06

row19col11
West 1.33092352899e-06
East 2.59753564492e-26
North 4.73214349682e-09
South 0.0

row19col13
West 6.71107866486e-06
East 0.000502132572276
North 0.0
South 0.0

row19col14
West 1.86560123288e-05
East 0.00701630880452
North 7.06141680569e-09
South 3.87224543782e-20

row19col15
West 1.89960279419e-06
East 0.000259772058779
North 0.0761849366687
South 0.0059337579393

row19col16
West 6.63072464879e-06
East 0.000240216478904
North 0.00731341014415
South 0.000408745670469

row19col18
West 6.45409655403e-28
East 2.07782046083e-05
North 0.0013988889625
South 5.54485512103e-05

row19col19
West 4.57066194968e-07
East 2.46346433024e-06
North 0.000783810159592
South 7.14162294785e-06

row19col20
West 1.32276133039e-07
East 8.59250015422e-11
North 0.000152496590715
South 7.99487262238e-06

row19col21
West 5.8029931521e-06
East 1.63649849768e-07
North 0.0
South 3.13384227542e-12

row19col22
West 0.0
East 0.0
North 1.0615939791e-05
South 3.03508014221e-07
