0.0
0.0414118302702
0.0534005847635
0.0505034469531
0.0594027575625
0.0613374539613
0.066583383881
0.0722102386621
0.0741016970024
0.0666915273022
0.0669771820574
0.0654597083786
0.0703511427309
0.0653260611073
0.0626431891775
0.0610864498698
0.063103617258
0.0613053988977
0.0594657468213
0.0564924594803
0.0594208641389
0.0606170748599
0.0621108135815
0.0615548420952
0.0618181942657
0.0629117252555
0.0605816613572
0.058471263185
0.0604606283382
0.0593236743751
0.0576278083119
0.0588014494401
0.0570950245498
0.0577079120834
0.0561063013792
0.0545477930076
0.055657968289
0.0575129057462
0.0570567141077
0.0570522964857
0.0604240327622
0.0614881522456
0.0612039838186
0.0602271789649
0.0607620972464
0.062808001522
0.0645398584548
0.0636200839573
0.0644612449887
0.0632741138263
0.0633593267183
0.0633787652148
0.0632044250543
0.0620824996013
0.0613995494446
0.0614432133069
0.0612284698051
0.0607598471354
0.0600300305429
0.0590295300339
0.0584505873609
0.058755869722
0.0605960706195
0.0608425166614
0.0613190773369
0.0606154378374
0.0614294544724
0.0619920436996
0.0616404975627
0.0609971810032
0.061014873719
0.0605527082133
0.0608962842792
0.0620152015768
0.0625133539679
0.0620670500237
0.0616212306379
0.0609587023694
0.0604587678634
0.0609641544131
0.0603965602278
0.0606903306049
0.0602886532165
0.0614111597268
0.0625042445795
0.0620539939277
0.061752782414
0.0618316319713
0.0621283138664
0.0624803532451
0.0620085259573
0.0624722378528
0.0621536708928
0.0615496249748
0.0617560175514
0.062138160386
0.0622083813013
0.0628664661717
0.0637062461137
0.0643511948839
0.064139700989
0.0639439625442
0.0635389145444
0.0649660591343
0.0656101157379
0.0653291374852
0.0650489390034
0.0644990058898
0.0651032127771
0.0646686279317
0.0645174490249
0.0649928130733
0.0656219477717
0.0653725077187
0.0655009739957
0.0664983428908
0.0663202144012
0.0660922446089
0.0666464794721
0.0662511588475
0.0669176026562
0.0675590076513
0.0676941474723
0.0686097105744
0.0690238269118
0.069251124566
0.0701729072537
0.0719947873677
0.0719923362616
0.0724206638414
0.0733198986499
0.074535615047
0.0746472195055
0.0750603201805
0.0754736886235
0.075680338528
0.0756455245262
0.0761879288704
0.0768162508546
0.0774363854742
0.078271501811
0.0782302946178
0.0784280354376
0.0788931540472
0.0794080094142
0.0801789628361
0.0801434281735
0.0797666227555
0.0799784233763
0.0799069827317
0.0798495082644
0.0797061965575
0.0799060149477
0.0807700180386
0.0809755840827
0.0812626474837
0.0810805526175
0.0815444530142
0.0817061802431
0.0816065109152
0.082142062963
0.0821614995559
0.0829630729865
0.0834641296645
0.0840952824211
0.0843554432367
0.084869961189
0.0851572752971
0.0853267123595
0.0853614241999
0.0856904667683
0.0854623794674
0.0857467506081
0.0860353069304
0.0867925290491
0.0866261942515
0.0868403481391
0.0871666419593
0.0875476522421
0.0883268347766
0.0885586609774
0.0889186084909
0.0898657402922
0.0900499428993
0.091042938885
0.0909647614421
0.0918548493841
0.0927816267377
0.093021787153
0.0937325704674
0.093807896671
0.0939860070061
0.0944151752136
0.0948655752805
0.0961133127222
0.0966248075332
0.0970257262262
0.0972067799129
0.0971791743438
0.0974991426234
0.0975408673425
0.0975974918894
0.0983408944226
0.0984047270241
0.0988535695458
0.0988784317305
0.0997932835
0.0998327129334
0.10097568175
0.101494741945
0.101861795914
0.10208345696
0.102482848297
0.103080719853
0.103598821073
0.103508353057
0.103738667547
0.103752837171
0.103729968518
0.103945990673
0.104036035903
0.104861024588
0.104886922019
0.105069904826
0.105219973717
0.106160218285
0.106852779881
0.107055346102
0.107122801844
0.107493280333
0.107853990879
0.107996266262
0.108190599438
0.108181353998
0.108815806601
0.108990338376
0.109419112312
0.109446181881
0.1098536567
0.109917491292
0.110240996909
0.110479242358
0.110917578943
0.110944506076
0.111156806037
0.111790736912
0.112377679941
0.112774529655
0.113300699665
0.11329843231
0.113640750088
0.114046130094
0.114497446765
0.115049698868
0.11534107585
0.115544045525
0.115827584181
0.116203794583
0.116540691979
0.116897634191
0.117296434968
0.117711294232
0.118160823747
0.118163052122
0.118496900747
0.118704391408
0.118952942187
0.119011155904
0.119061461076
0.119694637607
0.119655281127
0.120123814387
0.120728181765
0.121208537138
0.121240529644
0.121384483232
0.121619916279
0.121653692768
0.121921235198
0.122253903685
0.122713835403
0.12320400831
0.123351655049
0.123338627082
0.123285925595
0.123602182931
0.123711919831
0.123731750657
0.124182849491
0.12463397441
0.124744295592
0.125087778549
0.125344464425
0.12540538044
0.125892731786
0.126266544394
0.126522660143
0.126675154488
0.126656086801
0.12675628994
0.12715310067
0.127520140734
0.127812489549
0.127850275496
0.128520236252
0.128650232723
0.12884362274
0.128970016386
0.129406249902
0.129492790841
0.129660550493
0.13016539786
0.130635463263
0.130792643427
0.131192420523
0.131181369791
0.131611058044
0.132222987147
0.132577343502
0.13252865339
0.132869013156
0.133163276418
0.133343367311
0.133826662384
0.134194755735
0.134311249319
0.134356972492
0.1345286756
0.134882111615
0.135133846176
0.135149634366
0.135165956691
0.135521225245
0.135493335873
0.135721666076
0.136096697803
0.136468809673
0.136492955699
0.136656500579
0.13695318189
0.137453616641
0.137738298173
0.137860917169
0.138050329619
0.138394830599
0.138994729755
0.139188168952
0.139665328371
0.140020360664
0.140218666586
0.140499572332
0.140383152686
0.140510494694
0.14055095663
0.140578187055
0.140954113785
0.140906673932
0.140881941248
0.141031569173
0.141421248984
0.141363838743
0.141579339757
0.141656944611
0.141875761792
0.141884844117
0.14235790549
0.142727241109
0.142799322406
0.143002686124
0.143203439704
0.143129744742
0.143196974819
0.143487636202
0.143680234478
0.143653968841
0.144117321722
0.144094289485
0.144733886724
0.145047872694
0.145230813775
0.145307619329
0.145528137184
0.145709281859
0.145768909394
0.145792022063
0.145977902137
0.145951656793
0.146332402919
0.14643412629
0.146477010442
0.146444609134
0.14660380093
0.146754927543
0.146905142872
0.147149501705
0.147527538798
0.147594638873
0.147791741522
0.147884832455
0.148114435707
0.148177611746
0.148264445095
0.148430618439
0.148506389828
0.148526045037
0.148642234614
0.148776979966
0.149027539815
0.149402606044
0.149532190638
0.149822624008
0.150104034033
0.150366856772
0.150541474236
0.150547640906
0.150812446651
0.15123952629
0.151335985366
0.151296073875
0.151596342434
0.151758587339
0.152026263338
0.152224184694
0.152339022095
0.152391618071
0.152612956156
0.152780598416
0.153188541549
0.153345171292
0.153509050183
0.15370060002
0.153841086838
0.15399655457
0.154003377582
0.154181256105
0.154164658614
0.154074619219
0.154318482116
0.154429159589
0.154735025073
0.154799406889
0.154901802634
0.155196554185
0.155461806752
0.155536993633
0.155800667585
0.155874738175
0.155843902339
0.1560131991
0.156105778912
0.156272386945
0.156389608614
0.156467659655
0.156578713384
0.156756163734
0.156737837159
0.156760669328
0.156993249068
0.157165881046
0.157343898881
0.157340553431
0.157575589556
0.157580771693
0.157719274881
0.157919937437
0.157949982694
0.157965943451
0.157925219329
0.158154125956
0.158553326891
0.15861842951
0.158749578695
0.158820243749
0.15898666203
0.159433111454
0.159450888006
0.159499625029
0.159791483176
0.159790850225
0.159710571845
0.159768732647
0.159895911749
0.159994808446
0.160205193408
0.160178561044
0.160874063871
0.160934396987
0.161018443649
0.161053745485
0.161091338796
0.161192051184
0.161275778847
0.161242978807
0.161214969969
0.161202762231
0.161612436657
0.161872899409
0.162010552417
0.162321346722
0.162545852867
0.162705818647
0.162915269302
0.163082648708
0.163131996313
0.163222854183
0.163373517498
0.163601283245
0.163689548339
0.163984935097
0.163945486689
0.164113003356
0.164252229287
0.164302017994
0.164384099791
0.164670875462
0.16461683008
0.164803253174
0.164826023212
0.164773960175
0.16492988633
0.16506215268
0.165080581929
0.165063813082
0.16526731408
0.16546283198
0.165688657936
0.165662645066
0.16572795633
0.165865990219
0.166027857841
0.166021885677
0.166151560362
0.166563398624
0.166782344372
0.166969234203
0.166980621585
0.166979310874
0.167093393102
0.167149798682
0.167257846955
0.167313739014
0.167479575482
0.167554577898
0.167561997905
0.167648872457
0.167671710465
0.167691542999
0.167708886182
0.16769209573
0.167686806082
0.167847460908
0.167900114937
0.167932392996
0.168185515631
0.168210835124
0.168567862701
0.168576907437
0.168712246841
0.169149450888
0.169150701255
0.169237559647
0.169235997581
0.169108643583
0.169128846078
0.169260897146
0.169328029873
0.169347976648
0.169467723159
0.169407352705
0.169493938937
0.169542702862
0.16963205845
0.16960701173
0.169761329708
0.1699241133
0.169918609979
0.170060916111
0.17032427863
0.170437408137
0.170445464984
0.170632327808
0.170661715641
0.170655928901
0.170566804603
0.170802244055
0.170843446108
0.17112358381
0.171261642754
0.171578207617
0.17163831607
0.171716910084
0.171844593364
0.171867896787
0.171999590651
0.171952730045
0.171956378144
0.172168254576
0.17233694967
0.17261491413
0.17269720151
0.172925026889
0.172921619759
0.173032503787
0.173080085529
0.173155194601
0.173261624142
0.173287661242
0.173555759199
0.173539401962
0.17353453239
0.173715365615
0.173733200792
0.173868570325
0.173961051084
0.174109627696
0.17408403618
0.174020603134
0.173937767222
0.174086663056
0.174038977792
0.174159146338
0.174171443037
0.17414328777
0.174280737009
0.174293022078
0.174256658154
0.174170221993
0.17422317483
0.174276165788
0.1743484479
0.174335887221
0.17436850554
0.174314973473
0.174426399216
0.174449152121
0.174758503003
0.175010863061
0.175211327944
0.175224125339
0.175599394925
0.175713836864
0.17567392971
0.175709541925
0.175866957671
0.17619533679
0.176309510051
0.176240270695
0.176393524561
0.176450963329
0.176475648867
0.176425836102
0.176414823694
0.176477477796
0.176446778482
0.176566486467
0.176677675704
0.17675250576
0.176669786786
0.176717149109
0.176698262165
0.176822362038
0.176916349068
0.176944175291
0.176884620121
0.176867248284
0.176855937272
0.176968776371
0.177182893769
0.177371863997
0.177441416435
0.177601748656
0.177676117081
0.177679884437
0.177658639268
0.177731004148
0.177787241394
0.177760338379
0.177732345372
0.177752298809
0.177794130916
0.177900149179
0.178150052762
0.178416981347
0.178464245976
0.178401634135
0.178388917292
0.178595212854
0.178596428255
0.178722159415
0.178702122533
0.178687674427
0.178763890641
0.178857814764
0.17892212421
0.17888669162
0.179000838759
0.17895010446
0.179141029313
0.179150114789
0.179314018362
0.179350524824
0.179462521347
0.179503460505
0.179580907556
0.179599045712
0.17962716384
0.179758403394
0.179868096347
0.179804812334
0.179850441203
0.179840235431
0.179925700542
0.179934761446
0.180082148558
0.180159157265
0.180082100659
0.180335779508
0.180296648467
0.18033381225
0.180316291721
0.180268011317
0.180249997216
0.180202075158
0.180287959231
0.18030265867
0.180230203673
0.180240745722
0.180218479865
0.180495696959
0.180546132473
0.180593350476
0.180606164197
0.180691479355
0.180804140609
0.180841422012
0.180826549394
0.180898401349
0.180857246405
0.180853310372
0.180953414883
0.180987168579
0.181090670953
0.181150510095
0.181176720374
0.181331468224
0.181331428787
0.181376295125
0.181357734867
0.181370391537
0.181433114772
0.181473265503
0.181631416849
0.181678616161
0.181617413373
0.181603491424
0.181527609272
0.18166409472
0.181788711296
0.181820231621
0.181887302932
0.18195543081
0.181984435973
0.181961181181
0.182145833767
0.182119776284
0.182318127728
0.182338543048
0.182498602857
0.182517667674
0.182617472769
0.182695495844
0.182733073072
0.182801332944
0.182852827546
0.18282209713
0.18312808525
0.183135883784
0.18328244085
0.183392648273
0.183412761686
0.183512301799
0.183422896843
0.183425048277
0.183410714397
0.183400709108
0.183453967356
0.183586465816
0.183746352589
0.18374524167
0.183742245213
0.183723370693
0.183834951571
0.183865629393
0.183859271464
0.183958313587
0.184141234203
0.184171198133
0.184220919179
0.184201710695
0.184206135017
0.184296761565
0.184310579162
0.18438416898
0.184533003817
0.184505537167
0.184563165831
0.184617411029
0.184769212743
0.184841647795
0.184911984785
0.184923337404
0.184880301064
0.18502077554
0.185179859019
0.185229669997
0.185269086429
0.185208279543
0.185238570676
0.185320179724
0.185308804503
0.185257607915
0.185348716717
0.185421650074
0.185467335381
0.185613299882
0.185564623452
0.185735231671
0.185824539419
0.185943576513
0.186038679989
0.186038052784
0.185970481235
0.186019586395
0.185954245739
0.186337767409
0.18645663159
0.186475876369
0.18668522694
0.186625881616
0.186702938311
0.186686472554
0.186696779085
0.186792980012
0.186780599529
0.186716306486
0.186699791915
0.186702874096
0.186727149796
0.186678490676
0.186609608937
0.186729274601
0.186857240182
0.186788662329
0.186798155961
0.18676462309
0.186816156838
0.186840997541
0.186912002919
0.18699045055
0.187007572838
0.187006325877
0.186954543098
0.187103346069
0.187048517388
0.187170710724
0.18716310278
0.1871904206
0.187159311352
0.187180098383
0.187146093868
0.187139390963
0.187224505209
0.187228282006
0.187193971708
0.187278761275
0.187334639953
0.187432193952
0.187437593789
0.187419953809
0.187438166115
0.187393783079
0.187319241583
0.187341714152
0.187338505313
0.187331464074
0.187363407292
0.187467340981
0.187441755507
0.187609630234
0.187673578247
0.187743344141
0.187693841208
0.18765220133
0.187703585349
0.187713321383
0.187722824276
0.187804062271
0.187894792003
0.187913891696
0.188040482562
0.187994451181
0.187993540286
0.188096362888
0.188151382884
0.188262403638
0.188311589981
0.188443592718
0.188464604164
0.18843158084
0.188544004138
0.188747638953
0.188874105085
0.189046720225
0.189015932173
0.189126664326
0.189069488041
0.189226646728
0.189241816781
0.189220655779
0.189217998772
0.189190154875
0.189205577642
0.18929027366
0.189371136843
0.189418598631
0.189533915648
0.189509864773
0.189514515722
0.189515704431
0.189562398431
0.189629235877
0.189590538237
0.18966358292
0.189730064869
0.18973033294
0.189678569404
0.189905449318
0.189885933138
0.189897874002
0.189839664194
0.189828636924
0.189818714363
0.189834607582
0.189979680279
0.189944771002
0.190032509712
0.190140872128
0.190146349609
0.19011769467
0.19010054026
0.19018433914
0.19013434995
0.190108913399
0.190219730561
0.190247024056
0.190295458601
0.190355797391
0.190381161197
0.190419117322
0.190480331277
0.190480539042
0.190445861303
0.190410450527
0.190503534333
0.190550331073
0.190691604796
0.190659668084
0.190690829187
0.190765407017
0.190729406257
0.190720087884
0.190698832723
0.190752009238
0.190729568806
0.190833397895
0.190868583964
0.190792407922
0.190787671656
0.190844488921
0.190817554607
0.190959310978
0.190988670786
0.191045236031
0.191114189715
0.191140647898
0.191126729503
0.191105020125
0.191116105758
0.191145569785
0.191198074201
0.191189123576
0.191209898152
0.191244180774
0.191362739851
0.191449506584
0.191477567946
0.191465888068
0.191516178808
0.191545735564
0.19164700721
0.191580625684
0.191625208314
0.19163488992
0.191625249559
0.19163733308
0.191621589719
0.191590956493
0.191653980215
0.191647186586
0.191691072529
0.191756313731
0.191807887332
0.191875136399
0.191921265728
0.191929200556
0.191980568968
0.191995854114
0.192062335755
0.192168742946
0.192177067739
0.192176808697
0.192177735706
0.192137165363
0.192147289632
0.192094287303
0.192297597894
0.192284132261
0.192364244397
0.192310824719
0.192347557313
0.192280940287
0.19224046756
0.192241908852
0.192370410573
0.19231831615
0.192415392441
0.192529075306
0.192542871224
0.19256866747
0.192553463696
0.192588296229
0.192726614009
0.192696322245
0.192792094203
0.192819796543
0.192836627318
0.192822432666
0.192891702102
0.192961586402
0.192914464857
0.19297916827
0.193052211492
0.193142357056
0.193130656699
0.193127840312
0.19312552513
0.193175941096
0.193279804704
0.193319092062
0.193315833938
0.193328389793
0.19329203121
0.19329648126
0.193358473744
0.193452200419
0.193463093333
0.193497714983
0.193409216322
0.193372951918
0.193397054674
0.193390161987
0.193482754149
0.193531136981
0.193526396178
0.193579461243
0.193553181256
0.193764365403
0.193756752537
0.193712747729
0.193747861738
0.193875691881
0.193939403704
0.193983906498
0.19394310906
0.194024970857
0.194077844808
0.194125420931
0.194131126827
0.194137912525
0.194152053275
0.194224904843
0.194286016784
0.194394402139
0.194373184392
0.194359292649
0.194376462837
0.194385033693
0.194437844851
0.194461541002
0.194478228677
0.194633290796
0.194673288039
0.194720744921
0.194718936667
0.1948069674
0.194815618636
0.19478803342
0.194911047126
0.194841008249
0.194801714686
0.194853959016
0.194969886395
0.194965469798
0.195049214356
0.195182004321
0.195140337583
0.195176164038
0.195217596951
0.195320315116
0.195443506139
0.195379862458
0.195385691285
0.195425050156
0.195384514156
0.195391002213
0.195428877235
0.195400794442
0.195338278508
0.195410339354
0.195419936719
0.195551777618
0.195574829177
0.195626318563
0.195685099337
0.195699203866
0.19572001876
0.195849409361
0.195833730234
0.195905659593
0.195993606383
0.19602143094
0.19611069456
0.196200678187
0.196143989762
0.196136161456
0.196171692823
0.19612627362
0.196063300121
0.196047594662
0.196105387919
0.196060385707
0.19601836256
0.19601479915
0.195995321306
0.19619169905
0.196195661363
0.196322249842
0.196331742057
0.19631764559
0.196371406704
0.196346047015
0.196358457003
0.196351983382
0.196373051618
0.196373806466
0.196397533007
0.196437386776
0.196521286063
0.1965639142
0.196551862292
0.196532489785
0.196615295057
0.196650934974
0.19665065642
0.196655345774
0.196689395862
0.196630318947
0.196792334119
0.196747205744
0.196817995266
0.196926384089
0.19686637915
0.196944537266
0.196953609482
0.196915973858
0.197001121409
0.197047687765
0.197194468085
0.197273648798
0.197261979631
0.197247578129
0.197255491752
0.197290631997
0.197260823382
0.197224087591
0.197209114136
0.197215333007
0.197195874591
0.197182853394
0.197233599195
0.197338438873
0.197354700519
0.197402878371
0.197358372531
0.1975314486
0.197585301818
0.197579385068
0.197583310376
0.197570468607
0.197590410531
0.197663278512
0.197701049503
0.197684160415
0.197738171197
0.197804669294
0.197761696027
0.197784545443
0.19777376889
0.197807798749
0.197820909459
0.197895676118
0.197925664181
0.198009658793
0.198048157899
0.198095871181
0.19814589881
0.198139953564
0.198166471154
0.198127214159
0.198179977589
0.198256018366
0.198210116631
0.198237011461
0.198336169182
0.198343963456
0.198314393835
0.198237233713
0.198226283363
0.198208622126
0.198195866277
0.198197315724
0.198206391856
0.19825430647
0.198292176683
0.198332228189
0.198323856893
0.198359217321
0.198339750886
0.198374921671
0.198314588468
0.198264429841
0.198349136417
0.198396335992
0.198484233837
0.198585146524
0.198524936609
0.198471483877
0.198457149778
0.198424827893
0.19846234404
0.198439166829
0.198579439995
0.198638388415
0.198630682561
0.198605958621
0.198774361467
0.198811892981
0.19883508384
0.198872259508
0.19885695607
0.19887625804
0.19895116486
0.19890610886
0.198889241066
0.198956115202
0.199024314603
0.198971412594
0.198947152593
0.198942423889
0.199020578067
0.199087974254
0.19915544862
0.199235682439
0.199183079856
0.199154010169
0.199169853978
0.199176119062
0.199173275933
0.199159027365
0.199211027327
0.199205729262
0.199272388151
0.199264467475
0.199297274734
0.199346712094
0.199348776264
0.199338609178
0.19941601551
0.199412852005
0.19942229593
0.199525278789
0.199555385697
0.19962354231
0.199637671437
0.19982051401
0.199865205984
0.199960317876
0.200006645847
0.199944643916
0.199924366248
0.199947718802
0.199932390352
0.200016182395
0.199975091492
0.199958746242
0.199999871602
0.200024804107
0.199999099513
0.199961811982
0.199912955791
0.199888346162
0.199897579007
0.199898466839
0.199916704238
0.199897967394
0.199842428623
0.199924976683
0.199880916272
0.199937071723
0.199885593571
0.200008459698
0.200046901367
0.200013295938
0.200022815798
0.200146189833
0.200196408864
0.200222397151
0.200243283083
0.20025323351
0.200313254428
0.200271449781
0.200263023065
0.200294500641
0.200299497211
0.200267114262
0.200274463713
0.200311569093
0.200298434338
0.200298141157
0.2002496499
0.2002096131
0.200257954789
0.20022861359
0.200214431312
0.200240290364
0.200252171247
0.200219022763
0.200199891807
0.200207799763
0.200253833669
0.20031181132
0.200397606353
0.200405385476
0.20053726216
0.200530174304
0.200627064517
0.200750260105
0.200854533756
0.200947088354
0.200954061806
0.200943986719
0.200948813098
0.201015992723
0.201051328553
0.201055853206
0.201033694165
0.201082783637
0.201056224196
0.201134973375
0.201114295863
0.201119783926
0.20108588203
0.201139541038
0.201222345611
0.201247680854
0.20121131604
0.201249166725
0.201270359059
0.20126683907
0.201320566482
0.201297774931
0.201369720043
0.20135122456
0.2013267081
0.201352801419
0.201307365594
0.201304192873
0.201309875045
0.201270020499
0.201288906325
0.201386768564
0.201391625649
0.201415469352
0.201417369977
0.201399607338
0.201491204461
0.201578076551
0.201546817849
0.201530753309
0.201562246858
0.201579001614
0.201608099976
0.201592153507
0.201610236383
0.201584082418
0.20158898169
0.20153714921
0.201558017084
0.201559274735
0.201540310929
0.201508000013
0.201593822131
0.201624127829
0.201747551867
0.201847779196
0.201822242804
0.201904784811
0.201893100537
0.201884476321
0.201925300013
0.201897898694
0.201910988362
0.201863071016
0.201852231801
0.201805339068
0.201827977651
0.201798932461
0.201776610989
0.201767282035
0.20181406683
0.201809217455
0.201803106642
0.201744113083
0.201851881359
0.201838388395
0.201871481519
0.20186791144
0.201919772785
0.201887324992
0.201938241428
0.202035729389
0.20208873652
0.202148301869
0.202113308611
0.202125716229
0.202120448494
0.202184043762
0.202226873369
0.202234240673
0.202310153989
0.202251555433
0.202278636407
0.202281956585
0.202298946356
0.202311556323
0.202284798478
0.20229408785
0.202374521858
0.202390701197
0.202374079194
0.202369723181
0.202355665633
0.202339043476
0.202357951128
0.20231431852
0.202322105621
0.202332006945
0.202305439972
0.202280775872
0.202315218858
0.202335933881
0.202329338359
0.202353385122
0.202427186787
0.202419332694
0.202444115014
0.202473190813
0.202481737886
0.202504014467
0.202493203657
0.202534708099
0.202564185284
0.202593425818
0.202574856252
0.202593469244
0.202639960475
0.202753876955
0.202727251173
0.202775198609
0.20285826896
0.202883935789
0.202885196332
0.202853645776
0.202831104582
0.202894079288
0.202890752426
0.202935826048
0.202942096431
0.202959881878
0.202954422247
0.202923914204
0.20289677933
0.202901155193
0.202907588118
0.202944439426
0.202896962609
0.202928897679
0.202869615243
0.202949983131
0.203032212199
0.203059837687
0.203156429003
0.203278666085
0.203318575222
0.203387523658
0.203343591651
0.203328154286
0.203304653259
0.203330919007
0.203310716098
0.20336094134
0.203331516151
0.203354317092
0.203387459563
0.203464461093
0.203456259101
0.203439332348
0.203435537452
0.203487990403
0.203559951209
0.203557386868
0.203589146451
0.2035644196
0.203563234784
0.203634305232
0.203629846753
0.203627920719
0.203700718525
0.203677454977
0.203699190063
0.203790997341
0.203867424832
0.20388549493
0.203893632837
0.20389910652
0.203891238311
0.203965981523
0.203957250587
0.203987246212
0.203948457908
0.20401362837
0.204099178292
0.204122374648
0.204152020076
0.204191633186
0.204301473929
0.204311352131
0.204290049442
0.204249521342
0.204226388897
0.204218029048
0.204194306324
0.204181625417
0.204202022742
0.204186571496
0.204228462681
0.204219616798
0.204238823166
0.204262092799
0.204312694179
0.204330223397
0.204352915366
0.204418052677
0.204445845959
0.204445807414
0.204467066693
0.204514015039
0.204606918349
0.204566944146
0.20461899564
0.204659880353
0.204664664705
0.204728278845
0.204706888384
0.204792510853
0.204808729365
0.204802206391
0.204750839011
0.20474970248
0.204786134382
0.204766395434
0.204765422973
0.204860015858
0.204898289675
0.204907268657
0.204951940388
0.204982800351
0.205043619337
0.205051017113
0.205035792027
0.205089190239
0.205081904101
0.205107900127
0.205133325576
0.205118311979
0.205166010471
0.205188644442
0.205138727511
0.205178683557
0.205144159909
0.205136604388
0.205095087002
0.205135637965
0.205258813543
0.205268252111
0.205284692058
0.205439609217
0.20546578512
0.205425440554
0.20545642942
0.205487814212
0.205502594068
0.205543418593
0.205503304044
0.205532059551
0.205550003012
0.205596574642
0.205614741019
0.205596423668
0.205557597743
0.205535611576
0.205534563337
0.205522588349
0.205470195041
0.205529718495
0.205515097642
0.205555419941
0.205524556635
0.205471072395
0.205493159444
0.205451113574
0.205420187837
0.205473399819
0.205460107929
0.205508642575
0.205494542873
0.205475079504
0.205475214101
0.205552782737
0.205553716936
0.205549500512
0.205586206799
0.205587635148
0.205600943885
0.205586507027
0.205574907714
0.205609570048
0.205599200821
0.205636252646
0.205642510672
0.205627578761
0.205622385259
0.205634016094
0.205665868062
0.205643320761
0.205631486963
0.205690031222
0.20569950664
0.205808022954
0.205820058763
0.205833933218
0.205827469896
0.205837820676
0.205876486161
0.205855865918
0.205823629091
0.205865221057
0.205918288907
0.205984253963
0.2060155284
0.205986430285
0.206002735384
0.206022553625
0.206006208799
0.206143007845
0.206166975175
0.20621274164
0.206225349712
0.206209380327
0.206220829815
0.206258309903
0.206279106828
0.206289407854
0.206304780364
0.206335856885
0.206392698741
0.206407643967
0.206376323387
0.2063817639
0.206385980968
0.206367931143
0.206327806464
0.206320082242
0.206360792947
0.206342151768
0.206358153307
0.2063182817
0.206355070846
0.206364647505
0.206378796793
0.206345691223
0.206342485071
0.206361416143
0.206366183829
0.206330902503
0.206332238873
0.206418907869
0.20644490777
0.206458639294
0.206470301995
0.206425211973
0.206424233106
0.206410852568
0.206458917804
0.206478669238
0.206514851322
0.206531799655
0.206543326724
0.206518717021
0.206533116318
0.2065406024
0.206565974087
0.206579640828
0.206550703221
0.206562734553
0.206541199465
0.206554983033
0.20666542261
0.206656757514
0.206647367088
0.206624923035
0.206592630409
0.206611114666
0.206574917551
0.206568825983
0.206565484275
0.206549671909
0.206510460483
0.206511587781
0.206512672813
0.206466623285
0.206486295759
0.206550189601
0.206583631022
0.206661205283
0.206661117362
0.206712827552
0.206717653228
0.20677539446
0.206751994404
0.206820437293
0.206849910172
0.206846604151
0.206881987802
0.20690801853
0.206905742238
0.206885148935
0.206898506227
0.206859172465
0.206847085968
0.206858615911
0.206849936066
0.206867860255
0.206906873446
0.206887807596
0.206859238059
0.20684273135
0.206826888938
0.206836683475
0.206803297468
0.2068357721
0.20681421771
0.206852646008
0.206874139004
0.206874584809
0.206853546593
0.206850672887
0.206889537873
0.20685389198
0.206877015858
0.206876533972
0.206960542415
0.206943423317
0.206976658418
0.207015007211
0.207108348976
0.207099331296
0.207133637862
0.207191576282
0.207176330086
0.207289731722
0.207306652753
0.207326356638
0.207309802053
0.207315553041
0.207278875783
0.207336912788
0.207308056681
0.207325551342
0.207405052322
0.207425398741
0.207472838897
0.207536127971
0.20752233468
0.207543849382
0.207635757888
0.207644672355
0.207681688689
0.207724912082
0.207803835535
0.207772420985
0.207742662387
0.207725821408
0.207702066918
0.20767916803
0.207721266043
0.207738947257
0.207746906324
0.207756775673
0.207783564301
0.207872737025
0.207847151386
0.207800227404
0.207888691278
0.207915027496
0.207963455255
0.207990177167
0.207996357525
0.207987940278
0.207958323297
0.207956388191
0.207950952066
0.207962690073
0.207975765885
0.20795423978
0.208068624815
0.208027371559
0.208050345841
0.208029162078
0.208007022943
0.207978530981
0.207987518439
0.207946968337
0.207998486568
0.207994687208
0.207999699822
0.208029695513
0.208040215214
0.208042391125
0.208037867581
0.208052990119
0.208061050718
0.208070831882
0.208092956948
0.208164131627
0.208190490287
0.208173993961
0.208211753708
0.208197685385
0.208165188225
0.208210521449
0.208311929813
0.208333854773
0.208294336719
0.208299165526
0.208380098609
0.208383379726
0.208390461992
0.208398429761
0.20841255747
0.208486110846
0.208492504083
0.208498211626
0.208533698226
0.208537546357
0.208578119528
0.208578041721
0.208565345698
0.208514703607
0.208475367066
0.208476022465
0.208482031118
0.208525585886
0.208477741328
0.208464603813
0.208496667124
0.208499658967
0.208530490112
0.208529567131
0.208517460904
0.208520400131
0.208595522192
0.208595276208
0.208653986818
0.208700397992
0.208702801783
0.208695439841
0.208735812416
0.208719078674
0.208699658843
0.208712508889
0.208669265164
0.208661809547
0.208665264688
0.208660174511
0.208631263534
0.208659356239
0.208715113051
0.208753730637
0.208719971214
0.208711475417
0.208739945913
0.208752818558
0.208754791121
0.208800260568
0.208801030497
0.208872997009
0.208905306614
0.208949231138
0.208931442324
0.208923901712
0.208949376287
0.209005802133
0.20902802977
0.208980882488
0.208947571607
0.208956372987
0.208961230166
0.208967614007
0.208973733664
0.208954571973
0.209037586656
0.209041704559
0.209126437507
0.209110782818
0.209117374743
0.209128487851
0.209171220454
0.209281480157
0.209243474956
0.209322056114
0.209318992338
0.209328217655
0.209339406338
0.209291024352
0.209299414843
0.209333057514
0.209354938917
0.209353764442
0.209327099964
0.209372245082
0.209370642883
0.209399376762
0.209404699508
0.209404145524
0.20938909797
0.209446242877
0.209414174115
0.20940519995
0.2093837386
0.209404150201
0.209387007502
0.209380967211
0.209391598939
0.209381032812
0.209383983074
0.20934132384
0.209301255437
0.209297650662
0.209312503031
0.209312155508
0.209295300976
0.209348820917
0.209323389413
0.209303455789
0.209310786935
0.209327959005
0.209329913455
0.209341185551
0.209367170096
