0.1
0.05
0.0333333333333
0.0660034443609
0.0528027554887
0.0440022962406
0.0471936886532
0.0447618472356
0.0430326311465
0.0487460768282
0.0445409269404
0.0494308464847
0.0491411047785
0.046597282682
0.0434907971699
0.0408524928585
0.0384494050433
0.0363133269853
0.0368404741448
0.0349984504376
0.0333318575596
0.0328978044217
0.0321895667685
0.0308483348198
0.0319996526577
0.0308991488464
0.0297547359262
0.0310660226339
0.0326629906034
0.0339020152369
0.0328084018422
0.0319065739531
0.0309397080757
0.0300297166617
0.0291717247571
0.0283613990694
0.0275948747702
0.0273287586308
0.0288972062163
0.0281747760609
0.0296888059131
0.0289819295818
0.0299270477495
0.0293754367264
0.0290390842244
0.0286732053255
0.028063137127
0.0274784884369
0.0300457629784
0.0294448477189
0.0288674977636
0.0298787117489
0.0293149624706
0.0297227262828
0.0291823130777
0.031641004534
0.0311007729399
0.0321960463531
0.0341718336676
0.0351185845343
0.0356990056239
0.0354495466526
0.0369114512061
0.036334709781
0.0386427973954
0.0388760278707
0.0382957886488
0.0391475275183
0.0400294474094
0.0397179491643
0.0391585414296
0.0399341172431
0.0393870745411
0.038854816777
0.0383367525533
0.0378323215987
0.0373409927468
0.0368622620705
0.0372354238561
0.0379574810579
0.0383963910332
0.0379281423621
0.0388137581936
0.0391805231055
0.0387195757748
0.0382693481495
0.0396051395463
0.0409742144334
0.0413281195003
0.0408689181725
0.0408792820774
0.0413202749353
0.0417978795059
0.0423952015842
0.0432775230102
0.0429475302927
0.0425047722485
0.0420710500827
0.0426561909909
0.0433053199796
0.0436426741754
0.0441540735804
0.0441751905652
0.0444219072868
0.0451158801069
0.0446902585964
0.0442725926282
0.0447593933429
0.0470719555774
0.0466440287085
0.0462238122336
0.0463456861773
0.0469761982828
0.047208943816
0.0475832138697
0.0471730137502
0.0475411931198
0.0474749239565
0.0470759750157
0.0466836752239
0.0462978597262
0.0466970575972
0.0467567238669
0.0482968741604
0.0479349500838
0.0483481647657
0.0479674705549
0.0480083173561
0.0477281452424
0.0494820633559
0.0504864029858
0.0501039302359
0.0509941953398
0.0506501289868
0.0505691756747
0.0501973435006
0.0512196256648
0.051071191325
0.0521066503802
0.054163914977
0.053779773736
0.0540366063153
0.0536587279495
0.0532860978943
0.052918607564
0.0538917677861
0.0537747924673
0.0534114492749
0.0532298422962
0.0528749766809
0.0548233512931
0.0551205660873
0.0549828902477
0.0557331593733
0.0568069185102
0.0569387850182
0.0577273118652
0.057366319647
0.0574019084603
0.0574796073425
0.0578777842673
0.0589357156414
0.0590598238387
0.0592789712543
0.0593217777505
0.0589858923016
0.059609423448
0.0601527440394
0.0602546691856
0.0599002299551
0.0595551550719
0.0599767333739
0.0607036742214
0.0607211923388
0.0608934896031
0.0605475038668
0.0609382378762
0.0607872149815
0.0605313591738
0.0613586070965
0.0614696127203
0.0611524852543
0.0613114880672
0.0612719474188
0.0614542612165
0.0614627057313
0.0621691340067
0.0623185003152
0.0623981807037
0.0620697692263
0.0622206994891
0.0618966333459
0.0622237720798
0.0619030309866
0.0620252590328
0.0622190077112
0.0623612970121
0.0620463409666
0.0617345503085
0.0614935155341
0.0611875776459
0.0613222674051
0.0610201872701
0.0607210687051
0.0604248683699
0.0601315437662
0.0598782247023
0.0599563565049
0.0596694839857
0.0598151054906
0.0595316215783
0.0600639162584
0.0597819260412
0.0599190387866
0.060780856346
0.0609815935436
0.0610393243985
0.0610965256126
0.0612296465002
0.0612378069296
0.061152875893
0.0608926672339
0.0612666284067
0.0614395452441
0.0615887028208
0.0617943812045
0.0618809725869
0.0616531789602
0.0613839511045
0.0611170643605
0.0608524883243
0.0606020826378
0.0603419878625
0.0604321957135
0.0609047182849
0.0606466474448
0.0610662131923
0.0611698740612
0.0612455015437
0.0609903119539
0.0607372401201
0.061271383756
0.06118098432
0.0615987491128
0.06157948895
0.0613291658241
0.0614051864438
0.0611575848856
0.0611924288403
0.0616001214999
0.0613547026892
0.0614029347779
0.0613714105736
0.0614374413846
0.0611965102419
0.0612597195525
0.0610213548849
0.061117153897
0.0608811803298
0.0613787527132
0.0615362648793
0.0613013936393
0.0610683084924
0.0608695490718
0.0608156750324
0.0605870446751
0.0603601269048
0.0603824474877
0.0601659118963
0.0602773344448
0.0604239125465
0.0602315432764
0.0607803056183
0.0611091631993
0.0611624240527
0.0612071587086
0.0609861942367
0.0607668194373
0.060677506795
0.0605955705574
0.0606806645753
0.0607543169172
0.0606046641755
0.0606371608848
0.0604243989168
0.0604803021913
0.060269569431
0.0600603000927
0.0603484752435
0.0603404920165
0.0604918189543
0.0615291205339
0.0617551956402
0.0627908497366
0.0631537069565
0.0634972205466
0.0638348029322
0.0636230313977
0.0634102453395
0.0631988778551
0.0633045294237
0.0636657001665
0.0634613198374
0.0635345967458
0.0633262865926
0.0634565533386
0.0635593007219
0.0637242742535
0.0638416714242
0.0639502125746
0.0639691306358
0.063764101371
0.0635603821972
0.0634083922275
0.0635086830458
0.0635446296253
0.0633482046996
0.0631489965087
0.0637637228177
0.0643376119326
0.064727796159
0.0646454537762
0.0649100665191
0.0654497685013
0.0652483845983
0.0651832443598
0.0652240644809
0.0650274267406
0.0648297749876
0.0652160923245
0.0655813332982
0.0661885826708
0.066086975379
0.0663717419887
0.0663957117558
0.0664707771014
0.0662735344394
0.0660774588937
0.0661228074663
0.0663903904796
0.0662037863112
0.0660102079886
0.0660808779362
0.0662877701157
0.0662015421838
0.066233844356
0.0662692840666
0.0664907600281
0.0663042993601
0.0661148585048
0.0662109791815
0.0660593889442
0.0664852705383
0.0667645841882
0.0668059533172
0.0670802335901
0.0675122269335
0.0673254777362
0.0673893343442
0.0678888412581
0.0682139414208
0.0680255051186
0.0681699669101
0.0682182293636
0.068280856848
0.0687076528662
0.0685317677068
0.0687779824395
0.0691328704557
0.0691184886017
0.0694102934674
0.0693617018407
0.0691757455355
0.0692082382028
0.0697252310341
0.0697564155925
0.0695713853124
0.0699775686068
0.0710841591275
0.0712123420315
0.0715828004238
0.0717290748485
0.0716691229505
0.0714849309497
0.0715866342007
0.0715094979295
0.0722120605964
0.0724251060431
0.0722389232512
0.0720536952429
0.0720938087775
0.0723397663802
0.0723274396803
0.0724654759726
0.0726049292829
0.0724586998729
0.0724710912932
0.0726002336226
0.072426184033
0.0726432352956
0.0726824241118
0.072675337807
0.0726513914129
0.0726702214968
0.0725748781415
0.0726318124297
0.0724533558881
0.0724225233833
0.0726652571281
0.0726311327429
0.0725185314696
0.0726400965741
0.0724713057001
0.0727362965334
0.0727784982285
0.072685415691
0.0727167156533
0.0729012644308
0.0731163567376
0.072942270174
0.0729624800429
0.0730813258576
0.0730914837013
0.0735178625318
0.0735498364735
0.0735683829254
0.0737051234417
0.0737156859977
0.0735438545618
0.0735193919721
0.073547464137
0.0737177736539
0.0737502156425
0.0737598701347
0.0737533632914
0.0738077728537
0.0736388763484
0.0738190132066
0.0736508605569
0.0736805775476
0.0735501586555
0.0736551787728
0.0736844671388
0.0736788240082
0.0737059221565
0.0737361393727
0.0739253230747
0.0737800517702
0.0736674065254
0.0735337625007
0.0736720933706
0.0738122036119
0.0736492627651
0.0736254403024
0.073992795549
0.0740002194486
0.0744177982454
0.0744388752702
0.0746244858518
0.074965190652
0.0751324669046
0.0751554215217
0.0751880232031
0.0751712018678
0.0754243495657
0.0756503434507
0.0758311429928
0.075669110636
0.0755289718622
0.0756110040853
0.0756234024312
0.0756366464912
0.076013828701
0.0758534619737
0.0756937704748
0.075601130965
0.0756470183803
0.0758799502675
0.075725166364
0.075748534122
0.0758969363571
0.0759432417976
0.0760679646406
0.0759142116918
0.075757687544
0.0756018075285
0.0754571712526
0.0753299270186
0.0753448023318
0.0752281037768
0.0750864093959
0.0749337947426
0.0749257120414
0.0748586803035
0.0753953590808
0.0756592676761
0.0758572346288
0.0759687946045
0.0758165525311
0.0758196756136
0.0756750985236
0.0757153700835
0.0757702632901
0.0758653762931
0.0761272385501
0.0761795966766
0.0767063142536
0.0767871877826
0.0768169143694
0.0767049580298
0.0767173154222
0.0767497958861
0.0769020841864
0.0767524692366
0.0767416690845
0.0769328295738
0.0771602857278
0.0770148603854
0.0772991096367
0.0774637291374
0.0776537231794
0.0776751751164
0.0775266566171
0.0776747270298
0.0775267751688
0.077827791174
0.0776801103558
0.0776729543488
0.0775323733064
0.0777816141649
0.0777808542394
0.0777987595145
0.077911210923
0.077783478616
0.0779205508286
0.0781601814627
0.0782334806703
0.0785717837124
0.0784411607935
0.078529632231
0.0788525151019
0.0788659771738
0.0788776476375
0.0787326519617
0.0786869454975
0.0790167481414
0.0791552114674
0.0793391205877
0.0796299645228
0.0797801196279
0.0798529954327
0.0799917604036
0.0802142147327
0.0801547459655
0.0801307266663
0.0803408250037
0.0804581767612
0.0804688754433
0.0808966449408
0.0809086903483
0.0810091236769
0.0808887551028
0.0809933461395
0.0811051483371
0.0811907818811
0.0812428135077
0.0813666097947
0.0815304551875
0.0815573435938
0.0816392003794
0.0816605183951
0.0817461815823
0.0820526884859
0.0821397750539
0.0820101998146
0.0819728731389
0.0818402904578
0.0820348994411
0.0820335730482
0.0821510693355
0.082169900773
0.08223299962
0.0822774611586
0.0822850790958
0.0823512724999
0.0822107413182
0.0823279447398
0.0821897014332
0.0823447430082
0.0825027439527
0.0824892876509
0.0826268621745
0.0826321625948
0.0825180727382
0.0826678399485
0.0828426687862
0.0829014059464
0.0831449111256
0.0831841002667
0.0833981870941
0.0832594213918
0.0835073982387
0.0836455327962
0.0837529126873
0.0837561929969
0.0839884511566
0.0840131477691
0.0841779435689
0.0842079731601
0.0843467853244
0.0844648821239
0.0845528705331
0.084744655441
0.0849973077204
0.0851075581676
0.0850219182266
0.085356815471
0.0856781582165
0.0857450063624
0.0856158181455
0.0855783571169
0.0856936460344
0.085638494449
0.0856938692237
0.0859626772457
0.0861071489896
0.0859698170136
0.0859200665886
0.0862043995542
0.0861677405695
0.0861567149887
0.0866628131149
0.0866333848878
0.0869442107141
0.0868072906972
0.0866708012464
0.0866657500902
0.0866159589483
0.0864872589044
0.0865451440838
0.0865115843828
0.0864328839259
0.0866660555468
0.0867143248567
0.0865819696051
0.0866026380223
0.0868952854146
0.0870156823804
0.0870661811554
0.0870783870306
0.0872162622702
0.0871780945057
0.0872285479721
0.0871327786934
0.0872632509035
0.087269078093
0.0872841421574
0.087321724488
0.0875287766562
0.0874231354434
0.0874580682414
0.0874477834756
0.0875745213588
0.0875904188676
0.0878780448985
0.0877918876635
0.0878779948835
0.0880207788096
0.0880838540623
0.0880366789863
0.0880185530053
0.0879357178885
0.0879406926856
0.0880162281189
0.0882385986348
0.0883527512525
0.0883860392098
0.0884416317788
0.0886952226629
0.0890188661282
0.089097988918
0.089092370737
0.0892302839959
0.0893800840254
0.0895979919932
0.0896825607285
0.0898277686051
0.0898856223745
0.0900709656335
0.0902516400025
0.0902866178334
0.0902994703995
0.0903266769534
0.0902582762461
0.0901839877697
0.0900734670408
0.0901519418189
0.0901567201222
0.0903648751155
0.0904326956999
0.0905828495454
0.0905894205367
0.0905476953867
0.0905385307386
0.0905463346683
0.0906307218627
0.0906579796477
0.0906861027015
0.09079707654
0.0910556938959
0.0909927873264
0.0911762043331
0.0915797526632
0.0917595027386
0.0919301683043
0.0920159230225
0.091997871757
0.0921743755833
0.0922205196222
0.0921587783813
0.0924365688516
0.092317424345
0.0922247114095
0.0921240849414
0.0922509475989
0.0922481914728
0.0922997795714
0.0921842489515
0.0925243594908
0.0927325924006
0.0927511830077
0.0929057866116
0.0929169527181
0.0928569765564
0.0927724865472
0.0928385751853
0.0929518010743
0.0933492455665
0.0935003757985
0.0937797985828
0.0938724876526
0.0937518068466
0.0938792680583
0.0937778209118
0.0939445816828
0.0940857012056
0.0941473609706
0.0942370299978
0.0943950690391
0.0943555459947
0.0944854560806
0.0945389497324
0.0947132601994
0.095088017709
0.0954935285483
0.0954736091432
0.0955645973219
0.0957411642316
0.0960046712469
0.0963228561529
0.0965843145041
0.0967190083035
0.0968229921471
0.0966982114147
0.0967737387983
0.0969251923719
0.0970633292439
0.0971417540658
0.0972463971128
0.0972340189052
0.0973028340074
0.0972921691558
0.0972927790786
0.0972847598384
0.0975436880033
0.0975696320284
0.0978537721164
0.0979523393081
0.0980512925562
0.0980652981514
0.0982921801544
0.0981780401359
0.0981741047346
0.0982817452606
0.0984841752161
0.0985130101117
0.0986121898869
0.0988795842741
0.0988543191543
0.0988268670267
0.0990285157466
0.0990064260365
0.0992777028709
0.0992850572137
0.0993611109262
0.0993293868745
0.0993456164427
0.0994022258999
0.0996892486413
0.0999400538875
0.100034663757
0.100106970836
0.100172506917
0.100352998497
0.100346348809
0.100484133478
0.100725983141
0.100944669521
0.101106067715
0.101371689957
0.101436276498
0.101425466116
0.101745440315
0.101795651702
0.101847314786
0.101968417982
0.102118174154
0.102078191726
0.102215594913
0.102305713986
0.102461280965
0.102459805132
0.102426608426
0.102470008519
0.102389255287
0.102461307193
0.102771673497
0.102902027218
0.103071304329
0.103119476182
0.103181397263
0.103184757136
0.103447750228
0.10360570574
0.103719709057
0.103827526471
0.104060262532
0.104066130144
0.104065163228
0.104137895999
0.104099133775
0.104029731662
0.10393537035
0.104153883223
0.104373957987
0.104649610479
0.10477629203
0.104909523602
0.104983856141
0.105061969395
0.105201267815
0.10525132538
0.105434595244
0.105628338156
0.105745240285
0.105868097621
0.106067592815
0.106245760042
0.106376328318
0.106554557907
0.106798224159
0.106808192515
0.106837232455
0.106951304179
0.106939116176
0.107082791134
0.107320319521
0.107431830366
0.107581462653
0.107795967528
0.107705306693
0.107609065158
0.107742474409
0.108035855906
0.108300674781
0.108396731491
0.108577692589
0.108688926632
0.108845535701
0.108856172217
0.108944350827
0.108892032194
0.108957421993
0.109005585269
0.109137187842
0.109343286461
0.109468969169
0.10971513392
0.109855533854
0.110067820279
0.110078786039
0.110315610574
0.110343882551
0.1103959541
0.110553687695
0.110484729894
0.110731523494
0.110785521043
0.111015214372
0.110960186547
0.110912481979
0.110985235398
0.111035574388
0.111153566173
0.111190931344
0.111257111688
0.111291190985
0.111420142606
0.111577140196
0.111959296551
0.112047555043
0.112190003549
0.112326937674
0.11251229282
0.11278876059
0.113041258318
0.113179995524
0.113331735315
0.11342151378
0.113499687993
0.113552298776
0.113585906372
0.113629577627
0.113816781967
0.113985399557
0.1139162647
0.114085771861
0.114279644228
0.114626433446
0.114771629381
0.11489889255
0.115024139885
0.115088867653
0.115288748747
0.115317368101
0.115368785995
0.115424748101
0.115558625143
0.115658846445
0.115738866797
0.11603495409
0.116055159348
0.11623621609
0.11633779786
0.116353985957
0.116381045674
0.116536181569
0.116572999161
0.116764691425
0.116809670016
0.116852216647
0.117147194535
0.117176865973
0.117196149908
0.117208960718
0.117352687695
0.117507474527
0.117476730867
0.117535539616
0.117529921652
0.117556172218
0.117673509196
0.117851905432
0.11777275552
0.117913740108
0.117966095608
0.118008871474
0.118196954497
0.118420050618
0.118498942352
0.118560042535
0.118649547673
0.118631870326
0.118842993299
0.118860812283
0.11893462924
0.119139317172
0.119287733897
0.119271371225
0.11945810485
0.119494208
0.119592654551
0.119731988591
0.119898886653
0.120038885469
0.120236411295
0.120311982669
0.120430462447
0.120395968941
0.120363903869
0.120396781718
0.120505067238
0.120526463434
0.120629207878
0.1207851256
0.120894505969
0.121113800513
0.121294275347
0.121430182353
0.121383958439
0.121659142636
0.121762694655
0.121944877463
0.122220955551
0.122348542942
0.122319816155
0.12257180662
0.122638047198
0.122632469951
0.122810019886
0.123081219072
0.123199224308
0.123299636001
0.123302348275
0.123340243714
0.123316276724
0.12340250379
0.1235099934
0.123550166425
0.123547888486
0.123653435623
0.123797432242
0.123970512621
0.124333867508
0.124498285859
0.1246622857
0.124630945756
0.124618460363
0.124665007656
0.124907951402
0.125042680216
0.125202400797
0.125198492506
0.125184462556
0.125283234962
0.12545746497
0.125541589408
0.125666475629
0.1256434514
0.125852625654
0.125899985766
0.125979561621
0.125996490935
0.126168721118
0.126183212118
0.12634568705
0.126549139607
0.126531630159
0.126699254091
0.126833316332
0.126927911749
0.127104037076
0.127248421525
0.127433481497
0.127615117228
0.127647785983
0.127773128304
0.127895306124
0.127906668059
0.127951931457
0.128008318331
0.128140400112
0.128216891535
0.128229120214
0.128309871461
0.128359630259
0.128457707219
0.128544277465
0.128551010499
0.128672558038
0.128642228415
0.128646882902
0.128760278185
0.128818202334
0.128863388873
0.128849353085
0.128796739135
0.12887357081
0.128959890469
0.129070200357
0.129148714988
0.129178939073
0.129232668707
0.129388706362
0.129423249383
0.129566123972
0.129668079776
0.129679468738
0.129800212748
0.129839600425
0.129989920578
0.129969547716
0.130183148565
0.130145735238
0.130220813408
0.130345671722
0.130560057357
0.130713750753
0.130894492052
0.13089914428
0.131065707549
0.131214904488
0.131295869379
0.131365553089
0.131405003159
0.131435276351
0.131512621236
0.13169209842
0.131791232882
0.131948710775
0.132202570709
0.132304868579
0.132398701823
0.132454218078
0.132568128525
0.132826093204
0.132892593824
0.133040199998
0.13322799709
0.133237041372
0.133388916757
0.133411609833
0.133518690791
0.133537459809
0.133784091204
0.133851325803
0.133998082326
0.133977936208
0.13415733488
0.13428536233
0.13437040567
0.134576522458
0.134586682287
0.134642978413
0.13483824241
0.135067408643
0.135159344077
0.135197519082
0.135212843289
0.135201830137
0.135256342926
0.135365148282
0.135493670719
0.135771335178
0.135929123493
0.136143723405
0.136268082454
0.136423283102
0.136430424245
0.136502084249
0.136567229788
0.13657876236
0.13672796433
0.136788504568
0.136998683766
0.137173375009
0.137441928187
0.137551862615
0.137444646656
0.137544077904
0.137837481878
0.137864435718
0.138057800881
0.138075800618
0.138061909284
0.138201336376
0.138292398766
0.138373274988
0.138647660936
0.138721639262
0.138850814211
0.138960144207
0.139037210826
0.139110856487
0.13937417278
0.139478105491
0.139416545705
0.139457225088
0.139513853129
0.139699441967
0.139911993992
0.139945457935
0.139963699263
0.140008752294
0.140113326828
0.140200717544
0.140187282521
0.140289488761
0.140384265818
0.140622090383
0.14077844478
0.140871546681
0.140937221263
0.14094218889
0.141191055841
0.141310758172
0.141361224578
0.141466348899
0.141547316211
0.141592646607
0.141587277008
0.14166265556
0.141756860065
0.142005295088
0.142147586516
0.142538585196
0.142644509253
0.142783212254
0.142908743279
0.143036226852
0.14307355847
0.143081052773
0.143209396092
0.143291892365
0.143487362532
0.143587217819
0.143782513774
0.143977853577
0.144141096581
0.14426478469
0.14428963103
0.144503043657
0.14459284811
0.144685602039
0.144738989494
0.144879304923
0.144958774046
0.145121439603
0.145215175712
0.145270449291
0.145390696466
0.145569449939
0.145628749646
0.145691622674
0.145726111784
0.145812137308
0.145980374422
0.146035531444
0.146126351889
0.146353338909
0.146392665586
0.146560015251
0.146641467876
0.14676757978
0.146966266326
0.147024681252
0.147186565413
0.147194819155
0.147192512174
0.147270304882
0.14749000974
0.14755112567
0.147661300459
0.147859369628
0.147853081438
0.147891014887
0.147891497514
0.147965133772
0.14801866179
0.148078959213
0.148225937209
0.14847812441
0.148634970658
0.1487620593
0.14883425203
0.148930416016
0.149028981366
0.149212517222
0.149372975285
0.149418937575
0.149572313931
0.149659248158
0.149692460514
0.149775560921
0.149871147772
0.149934610026
0.150143497815
0.150225491962
0.150356826557
0.150451979135
0.150540802137
0.150626283997
0.150787864767
0.150902798877
0.150986580412
0.15103931957
0.151158883337
0.15126070915
0.151494941872
0.151570124908
0.151704762237
0.151744073797
0.151844339452
0.151992551229
0.152106915571
0.152226345632
0.15244163871
0.152607545437
0.152660970734
0.152670396087
0.152820339318
0.153033314289
0.15325862196
0.153414990694
0.153533739872
0.153576314197
0.153745839558
0.153908204963
0.153911525595
0.154062950763
0.154071351305
0.154080562499
0.154155394469
0.154301593453
0.154317593047
0.154381749287
0.154459995415
0.154545300168
0.154683653711
0.154792444905
0.15496482185
0.155083290704
0.15522275017
0.155326015217
0.155330408023
0.155518955695
0.155671447624
0.155887377153
0.155917676293
0.155968410867
0.156124547835
0.156371746827
0.156481422895
0.156606360214
0.156544178635
0.156603785208
0.156713064458
0.156868415349
0.156929790967
0.156974195889
0.157090290872
0.157246270763
0.157333816057
0.157320107028
0.157375153421
0.157383497498
0.157424137223
0.157419493974
0.157534267957
0.157561023626
0.157637204519
0.157750071346
0.157731554513
0.157815909475
0.157859862573
0.157909009677
0.157965629967
0.158034763059
0.158113207258
0.158096098245
0.158124436635
0.158233920574
0.158331115561
0.158339931492
0.158381860763
0.158393405985
0.158438265732
0.158383369141
0.1583839321
0.158443289438
0.158586920515
0.158711545184
0.158729265788
0.158879854971
0.158986091455
0.15898826346
0.159003012787
0.159112784964
0.159250677773
0.159470326807
0.159594613593
0.159747807868
0.159821431251
0.159869395699
0.159997957098
0.160043123431
0.160232703808
0.160360315294
0.160551606978
0.160593277103
0.160636179932
0.160744358242
0.160752094487
0.160806359998
0.161076004008
0.161162167406
0.161238149992
0.161321385288
0.161377071183
0.161427276796
0.161536808687
0.161652069361
0.161762164727
0.161864016095
0.162036920649
0.162082331098
0.16217233675
0.162240341721
0.162289598703
0.162331486294
0.162285924843
0.162428287067
0.162493346296
0.162495611027
0.162546367189
0.162579288631
0.162651667176
0.16273490784
0.162881308607
0.162966470728
0.163024900433
0.163115669693
0.163140030112
0.163197449453
0.16331772667
0.163331871236
0.163414215402
0.163412650565
0.163423247672
0.163506570384
0.163543235914
0.163626286385
0.163745955905
0.16387535501
0.16399023291
0.164068437009
0.164123012523
0.164069957395
0.164108432079
0.164296767162
0.164308216085
0.16442126256
0.164578803334
0.164561446018
0.164707408404
0.16477895762
0.16494293843
0.165065878869
0.165150917731
0.165161566475
0.165108034733
0.165192888106
0.165318260882
0.165435766764
0.165457860223
0.165454410736
0.165424842052
0.165590958606
0.165661303238
0.165691411124
0.165842116337
0.165989227764
0.165987722132
0.166062483406
0.166218156477
0.166195279358
0.166320526751
0.166479370414
0.166544641464
0.166694194416
0.16686178461
0.166929229646
0.166997827959
0.167183680452
0.167252667115
0.167328714685
0.167434546845
0.16751466445
0.167592320342
0.167787235601
0.167882280174
0.168012446762
0.168076422911
0.16812117024
0.168161985373
0.168245479779
0.168365608432
0.168484685715
0.168514947444
0.168570576715
0.168763973619
0.168919218931
0.169055494108
0.169215291964
0.169321898946
0.169481430134
0.169566805974
0.169700702134
0.169860808961
0.169894116284
0.170056790544
0.170105165651
0.170187423871
0.170293253746
0.170419989431
0.170529319505
0.170579770782
0.170595537606
0.170662446737
0.170715668247
0.170821185138
0.170980987682
0.171036598449
0.171090784439
0.171135086255
0.171177752042
0.171200397423
0.171283715815
0.17130741781
0.171386883283
0.171442528703
0.171524346922
0.171526493536
0.171598658498
0.171650191875
0.171752486327
0.171884585741
0.17199310423
0.172183007774
0.172259827352
0.172319448823
0.172410720118
0.172542154882
0.172651869992
0.172797533531
0.172867599155
0.172946051866
0.173047017706
0.173069676252
0.173191099768
0.173319729747
0.173414478024
0.173371694675
0.173482066316
0.17359004575
0.173638936452
0.173723884129
0.173757771601
0.173817868983
0.173823783391
0.173934910463
0.17398231852
0.174178283307
0.174343876258
0.174337387688
0.174430128856
0.174612226395
0.174739762136
0.174853552406
0.175016836545
0.175187558173
0.175253821553
0.175396308957
0.175384337099
0.175430875656
0.175526296728
0.175617763234
0.17572795921
0.17586768735
0.175956844268
0.17607026695
0.176142254097
0.176206277065
0.176288854614
0.176392957021
0.176522560165
0.17668296461
0.176764382462
0.176898613964
0.177003590887
0.17707914512
0.177100776893
0.177172659685
0.17718836938
0.177223537597
0.177278492236
0.17733515787
0.177443622259
0.177497749748
0.177560988846
0.17763869329
0.177730863758
0.177797467443
0.177952992419
0.178027062235
0.178071577101
0.17813195399
0.178272313638
0.178356610792
0.178435117778
0.17852731025
0.178594248293
0.178668586889
0.178797123017
0.17891773762
0.179013729856
0.179171840671
0.179279363427
0.179365270683
0.179451020401
0.179521342519
0.179584495155
0.179628605554
0.179700600978
0.179758040482
0.179801640019
0.179883000309
0.179928334456
0.180041585881
0.180081052819
0.180094545597
0.180266646712
0.180434967425
0.180463583467
0.18051657826
0.180583332986
0.18065399278
0.180709584963
0.180872798274
0.180911519444
0.180961410502
0.181015495189
0.18117633441
0.181318652649
0.181340241086
0.181430405688
0.181509774384
0.181618720839
0.181693012899
0.181815890536
0.181967669832
0.182095750725
0.182133579855
0.182236512865
0.182282076468
0.182340933491
0.182338729179
0.182371700001
0.182485150771
0.182560491955
0.182683755853
0.182772645387
0.182786365962
0.182906541165
0.182995643905
0.183091886243
0.18310408706
0.183186256543
0.183302420543
0.183369039166
0.183436772786
0.183570543321
0.183670714122
0.183838939275
0.183895779156
0.183979949516
0.184123980152
0.184236218769
0.184442464112
0.184540018786
0.184659801653
0.18470463245
0.184830815697
0.184950794763
0.185047617772
0.185088802302
0.185192334153
0.185282583459
0.185329657898
0.18546565249
0.185500628821
0.18561067521
0.185680915687
0.185771099875
0.185867618689
0.185929632589
0.185997580077
0.186091846744
0.18611066835
0.186216667301
0.186237887935
0.186364490723
0.186456271235
0.186541030917
0.186646527747
0.186646200929
0.186779586367
0.186815671111
0.186889070897
0.187027697799
0.187152432432
0.187258643919
0.187376627143
0.187467096605
0.187546510052
0.187641318895
0.187680073227
0.187762417924
0.187831872484
0.187942221484
0.1880133404
0.188140633326
0.188189872886
0.188304085205
0.188389501275
0.188527593844
0.188530737368
0.18858493258
0.18866844625
0.188719512494
0.188836254638
0.188897246036
0.188963678563
0.189065820153
0.189139782113
0.189219349784
0.189317076216
0.18933548111
0.189471507626
0.189552773756
0.189584170886
0.189588429142
0.189654195947
0.189828137159
0.189901365301
0.189967255488
0.190022291908
0.190085608858
0.190142333764
0.190205423478
0.190321551018
0.190405252475
0.19052790838
0.190637885251
0.190652647866
0.190694588984
0.190808944774
0.190897187314
0.190994500886
0.191054865211
0.191181285439
0.191273331672
0.191437735014
0.191578499087
0.191681688274
0.191760464588
0.191824736553
0.191910100125
0.191971289054
0.192049708471
0.192134522836
0.192190774416
0.192285966266
0.192365897326
0.19245253653
0.192516812914
0.192612632578
0.19271007499
0.192837597777
0.192874414566
0.192993623967
0.193040860295
0.193162843758
0.193215835243
0.193333400831
0.193362322952
0.193393467608
0.193574435134
0.193649158473
0.193709920146
0.193834367747
0.1939401706
0.193941698028
0.19407906851
0.194201614071
0.194267494412
0.194350888489
0.194439080706
0.19454112141
0.194531202713
0.194617396786
0.194698016603
0.194771310573
0.194857631736
0.194988080877
0.195064169368
0.195104323749
0.195181990396
0.195292805129
0.195363768776
0.195410572424
0.195497947056
0.19557725775
0.19564030279
0.195652870355
0.195691869397
0.195791820708
0.195863878895
0.195927950669
0.196033698952
0.196100597064
0.196233433955
0.196311603049
0.196431115105
0.196483149684
0.196592774964
0.196713432025
0.196765691503
0.196840854754
0.19689802253
0.196925974175
0.19695909507
0.197036887004
0.197125477358
0.197280290659
0.197351848973
0.19741611425
0.197471641267
0.197575988105
0.197757133233
0.197854864297
0.197880553824
0.197959944687
0.198072571819
0.198086567914
0.198191127161
0.1982619211
0.198339093736
0.198388185048
0.198476163154
0.198550185787
0.198633028599
0.198700005244
0.198734673905
0.198865646656
0.198942567249
0.198992628241
0.199107061057
0.199166688621
0.199271214438
0.199384983518
0.199446945196
0.199518767125
0.199624028183
0.199726040771
0.199777980967
0.199851672067
0.199958265801
0.200020847778
0.200110168033
0.200148232828
0.200182876734
0.200225005056
0.200293889741
0.200356003744
0.200437066117
0.200505970953
0.200632050016
0.200681165503
0.20076694224
0.20086162014
0.200928880494
0.200987796984
0.201041854825
0.201138178535
0.201224077506
0.201306663829
0.201406883052
0.201471821077
0.201603176966
0.20173636886
0.201794792339
0.201913916981
0.202040359975
0.202106192538
0.202276038991
0.202383482912
0.202392771672
0.202473119272
0.202521773116
0.202668739722
0.20274135505
0.202817745733
0.202906291978
0.202977538825
0.203040297638
0.203121244817
0.203201072409
0.203254686747
0.20333232135
0.203449138272
0.203458719748
0.203528153575
0.20361795803
0.203682145843
0.203740894595
0.20382799428
0.203930823383
0.203976235623
0.204002662285
0.204095483083
0.204189256235
0.204266253551
0.204337011222
0.204383071076
0.204484489331
0.204603407394
0.204733621109
0.204757523486
0.204791366978
0.204887833078
0.204893582649
0.204935918975
0.204992006193
0.205060343726
0.20514210716
0.205212562653
0.205291075025
0.205343566396
0.205404911443
0.205509253237
0.205625562343
0.205719426191
0.205812776062
0.205833325226
0.205950471396
0.20600392171
0.206029082522
0.206108943737
0.206174561288
0.206233237434
0.206359582883
0.206459785942
0.206562985565
0.206642943496
0.206710225522
0.206770480381
0.206893124089
0.207015930002
0.207086793765
0.207179728585
0.207277887345
0.207385933112
0.207434873493
0.207449209986
0.20749706816
0.207510245658
0.207567952201
0.207649817528
0.207751787094
0.207806775497
0.207851997279
0.207933949758
0.207987683994
0.208060570707
0.208176176408
0.208199003898
0.2083302966
0.208459350525
0.208479397117
0.208585763333
0.208621947594
0.208714595108
0.208779209116
0.208783284568
0.208850454072
0.20890926091
0.208974402215
0.209055983227
0.209082137577
0.209182422134
0.209274208693
0.209268143448
0.20931468634
0.209430599234
0.209488290821
0.209545643627
0.209571393259
0.209613891313
0.209651426321
0.209676496563
0.209828420655
0.209888225963
0.209916882307
0.210028627932
0.210059287314
0.210096252283
0.210168275563
0.210212906847
0.210278441004
