
row1col1
West 5.31908458014e-07
East 0.000457806130384
North 0.0
South 0.0

row1col2
West 2.18979230357e-05
East 3.97418702673e-05
North 0.000131496054305
South 0.00365961609972

row1col3
West 0.0
East 0.0
North 0.0
South 0.00191751540538

row1col4
West 1.6245069367e-08
East 4.0503131983e-07
North 0.0
South 0.0206381534022

row1col5
West 4.15090375749e-05
East 0.0127681091177
North 0.0153097748938
South 0.149130053641

row1col7
West 6.81125353966e-11
East 9.73357806397e-13
North 2.94765229039e-10
South 0.000213309858479

row1col8
West 1.50303746186e-10
East 0.0361714526116
North 1.08739723184e-13
South 1.6529703758e-10

row1col9
West 1.51800186017e-12
East 0.00387169315489
North 0.128254425848
South 0.347769156646

row1col10
West 6.08246811608e-13
East 2.342492156e-14
North 0.00709263006443
South 0.0634194519878

row1col11
West 0.00301199472867
East 9.65098264505e-05
North 2.342492156e-14
South 2.85312816831e-13

row1col13
West 0.0
East 0.0005307828125
North 0.0397748719411
South 0.342713602611

row1col14
West 0.0
East 0.0417018408399
North 0.083434003345
South 0.473990948542

row1col15
West 0.00126365132378
East 0.0
North 0.106120521137
South 0.53670876984

row1col16
West 0.0204819956169
East 0.0103675811952
North 0.0788774108978
South 0.465467893486

row1col18
West 0.00428522933723
East 0.000760199033935
North 0.203589501946
South 0.524202103959

row1col19
West 0.176795033741
East 0.00400136533085
North 3.61105084031e-06
South 0.00896429670765

row1col20
West 0.0444179238053
East 0.000611994340734
North 0.000353551675762
South 0.00328607248981

row1col21
West 0.00451465752707
East 6.35191958237e-06
North 7.70181692688e-05
South 1.82349705524e-07

row1col22
West 0.000101874073551
East 9.18117006347e-07
North 2.33531670059e-09
South 7.15958937681e-05

row2col1
West 9.48089856532e-06
East 0.00176611855373
North 4.90514653288e-09
South 0.000199597864533

row2col2
West 4.11724718167e-05
East 0.0
North 0.000517249616622
South 0.0212295269124

row2col3
West 0.00116854202882
East 0.0342412438574
North 0.0
South 0.0

row2col4
West 0.00118269906997
East 0.00160020659508
North 0.000755794725759
South 0.151277991417

row2col5
West 0.00202124530602
East 0.0126267266494
North 0.0426762601979
South 0.334510296586

row2col7
West 1.23761633658e-13
East 0.00103983723196
North 1.47473346059e-05
South 0.00807187858852

row2col8
West 0.000391814274927
East 0.162314882099
North 0.00106259324541
South 1.40494140145e-10

row2col9
West 0.0156456496216
East 0.0316917715798
North 0.163109108832
South 0.527758259504

row2col10
West 0.299478507756
East 0.00844872956886
North 1.70731609742e-11
South 5.17179828681e-11

row2col11
West 0.0712014095623
East 0.0018698537909
North 1.81194150271e-14
South 0.00157661687618

row2col13
West 0.486403848302
East 0.945779016178
North 0.0312167362592
South 0.386225983698

row2col14
West 0.645922011125
East 0.999891656779
North 0.084045889661
South 0.128719062498

row2col15
West 0.0
East 0.0
North 0.0
South 0.0

row2col16
West 0.997112706036
East 0.622640752231
North 0.0754470162549
South 0.188872590125

row2col17
West 0.937341130066
East 0.533768680339
North 0.189210492159
South 0.21668313708

row2col18
West 0.860023002657
East 0.379990036363
North 0.106482140783
South 0.155063116738

row2col19
West 0.652678446679
East 0.0176214575372
North 0.00319012066897
South 0.0313023721171

row2col20
West 0.200262897306
East 0.00406391616702
North 0.00155469071539
South 1.37228483177e-07

row2col21
West 0.0508964586612
East 0.000313773700974
North 6.86286886266e-06
South 2.78377106022e-05

row2col22
West 0.00440262905756
East 0.000120197569305
North 0.0
South 2.90727430513e-06

row3col1
West 0.00545095400296
East 0.0290273443233
North 3.99203795021e-06
South 0.00111738551014

row3col2
West 0.0055353767069
East 0.0937481881569
North 0.00209152347809
South 0.005395009824

row3col3
West 0.0253745578855
East 0.190485323315
North 0.00184542212905
South 0.00878128226304

row3col4
West 0.064726152212
East 0.336134413631
North 0.0122515286738
South 0.027952702619

row3col5
West 0.029946709169
East 0.0849511972951
North 0.161285417711
South 0.457213285973

row3col7
West 0.00901556442783
East 0.0851465284402
North 4.33870757785e-14
South 0.00188776560883

row3col8
West 0.0087381332986
East 0.256687201567
North 0.014778529841
South 0.0182339509593

row3col9
West 0.0206298771488
East 0.0153693962057
North 0.367542422107
South 0.589882221574

row3col10
West 0.185819467015
East 0.0038012422662
North 0.0100763696029
South 5.16320043945e-08

row3col11
West 0.0393964571396
East 0.00158117872978
North 0.00468420511455
South 0.00157483796532

row3col13
West 0.857370382174
East 0.9025
North 0.856898824098
South 0.7997383539

row3col14
West 0.857274106322
East 0.95
North 0.916036792144
South 0.880722257395

row3col15
West 0.882820820513
East 0.823065298153
North 1.0
South 0.949863733329

row3col16
West 0.936906929386
East 0.340137009845
North 0.172724514218
South 0.13364265399

row3col18
West 0.0526642819822
East 0.0121337164578
North 0.632486509478
South 0.125006143015

row3col19
West 0.293749085221
East 0.0118312239018
North 0.0547188317022
South 0.0020550296209

row3col20
West 0.107588922531
East 0.00199960863947
North 4.34484994397e-06
South 0.00365660002964

row3col21
West 0.0253835898636
East 0.000134818121214
North 4.01539414147e-07
South 0.000591432516447

row3col22
West 0.00244496978495
East 7.5586543547e-05
North 4.33275826896e-10
South 1.12616497704e-09

row4col5
West 0.136249979753
East 0.0953903171329
North 0.201717872451
South 0.506684868879

row4col9
West 0.129043229541
East 0.246030321751
North 0.400818387451
South 0.629631329004

row4col13
West 0.804948193523
East 0.800507504516
North 0.857375
South 0.77377651136

row5col1
West 3.7370128552e-08
East 1.73973130761e-05
North 0.0
South 0.0

row5col2
West 1.71913986682e-07
East 0.000104858288027
North 0.000142260994086
South 0.00121861877983

row5col3
West 3.84990029809e-05
East 0.000437294157057
North 0.00106786137921
South 0.0209203558739

row5col5
West 0.478857338519
East 0.540347511401
North 0.186264024991
South 0.176246996231

row5col6
West 0.511847464692
East 0.568800092276
North 0.446048686428
South 0.487714289146

row5col7
West 0.5400810603
East 0.598736939238
North 0.490734657873
South 0.494913509508

row5col8
West 0.568328895783
East 0.630249409725
North 0.544015741141
South 0.451333524038

row5col9
West 0.59857069737
East 0.663420431289
North 0.537911501364
South 0.42207881488

row5col10
West 0.630226222578
East 0.698337296094
North 0.648099733905
South 0.595586625288

row5col11
West 0.663395366026
East 0.735091890625
North 0.657044841609
South 0.572317501525

row5col12
West 0.69821904084
East 0.7737809375
North 0.665526666364
South 0.638478730221

row5col13
West 0.732512355714
East 0.730301527334
North 0.81450625
South 0.735083333677

row5col14
West 0.7737809375
East 0.697027600742
North 0.660239331104
South 0.515280194091

row5col15
West 0.735091890625
East 0.663197268997
North 0.592655951707
South 0.488650966289

row5col16
West 0.698337296094
East 0.627703995183
North 0.601608471595
South 0.310974802667

row5col17
West 0.663420431289
East 0.590762611456
North 0.53775611288
South 0.509790743845

row5col18
West 0.629003328301
East 0.381189004043
North 0.169775283523
South 0.210777001028

row5col20
West 0.0
East 0.0
North 0.000583443827284
South 0.0852361530775

row5col21
West 0.0
East 2.31260936395e-05
North 0.000671666439546
South 0.0187187752767

row5col22
West 0.0
East 0.0
North 2.99760002727e-07
South 0.00291820780605

row6col1
West 0.0
East 0.000181438436248
North 4.2388529548e-09
South 6.81195197138e-14

row6col2
West 3.2356771864e-15
East 1.82526150031e-05
North 0.000135807430666
South 0.00690772623532

row6col3
West 3.71162434323e-05
East 0.00412076347972
North 0.00512254789601
South 0.0640880099176

row6col5
West 0.0926750037983
East 0.47658894964
North 0.0478072108975
South 1.07903826654e-06

row6col6
West 0.281857823928
East 0.412350577934
North 0.5403600876
South 0.48174717736

row6col7
West 0.116169360777
East 0.0919802081313
North 0.565986819274
South 0.330142499008

row6col8
West 0.0947504006656
East 0.01862154739
North 0.57525997373
South 0.248309294429

row6col9
West 0.17847318353
East 0.584337704582
North 0.111579313394
South 0.0379921439398

row6col10
West 0.224120462105
East 0.283635731335
North 0.663383562093
South 0.483067051839

row6col11
West 0.165180181242
East 0.166264879324
North 0.682785370536
South 0.243883092279

row6col12
West 0.119409502771
East 0.121101214399
North 0.729248118445
South 0.352891017619

row6col13
West 0.402033511102
East 0.351616316988
North 0.773779841634
South 0.675403607696

row6col14
West 0.117879318833
East 0.163366269509
North 0.708575888308
South 0.307882356861

row6col15
West 0.16813516617
East 0.0653200571057
North 0.690144092755
South 0.241559334969

row6col16
West 0.542931478644
East 0.297291845694
North 0.138989715522
South 0.0222062637467

row6col17
West 0.226020392907
East 0.396546655699
North 0.630249409707
South 0.56662748721

row6col18
West 0.591539782067
East 0.246393841626
North 0.0557556616838
South 0.054309549613

row6col19
West 0.504916022827
East 0.131646148648
North 0.0428409086127
South 0.0494576836044

row6col20
West 0.37084465537
East 0.0525169269149
North 0.00648400584703
South 0.00127226769358

row6col21
West 0.194224148391
East 0.00855815941857
North 0.000374567883463
South 3.15621248358e-12

row6col22
West 0.0565645872573
East 6.74561373948e-05
North 0.0
South 3.0239611932e-05

row7col1
West 7.1027253541e-05
East 0.00359438167068
North 0.0
South 1.89521487673e-05

row7col2
West 8.70918251433e-05
East 0.0514924072596
North 5.55384205534e-06
South 7.55599653154e-05

row7col3
West 0.000652766544944
East 0.00585814857169
North 0.0127755090508
South 0.178734278644

row7col5
West 0.0452722932172
East 0.413202613876
North 0.0601428274923
South 0.0376407017275

row7col6
West 0.253576665878
East 0.333122431061
North 0.513342082647
South 0.460496774777

row7col10
West 0.13096155018
East 0.185863209009
North 0.628475442243
South 0.380482238171

row7col17
West 0.445979715788
East 0.284444773048
North 0.598736939074
South 0.536986379442

row7col18
West 0.526825473706
East 0.173066636689
North 0.0993207005622
South 0.0309877865052

row7col20
West 0.0
East 6.19849234038e-14
North 0.0440152968293
South 0.0042288136086

row7col21
West 1.3173581721e-12
East 0.0
North 0.00504134833652
South 6.15422342467e-10

row7col22
West 6.15476563153e-10
East 0.0
North 0.00302922981073
South 0.0

row8col1
West 0.000124333515588
East 0.0188857058979
North 2.38033418454e-07
South 5.98350158838e-05

row8col2
West 0.00197791757108
East 0.0847544558687
North 1.22799972694e-06
South 0.00216905363655

row8col3
West 0.0155993190584
East 0.308394927233
North 0.0139252115642
South 0.0222769467219

row8col4
West 0.142920308724
East 0.38648304238
North 0.0487040975395
South 0.0429900586417

row8col5
West 0.137534115611
East 0.455913711024
North 0.052030798248
South 0.0801079821551

row8col6
West 0.328679403136
East 0.381950875804
North 0.487674974075
South 0.437878531766

row8col8
West 0.00281698713162
East 0.0461440614503
North 0.0
South 0.0

row8col9
West 0.00112195306656
East 0.253515440839
North 0.000299175192777
South 0.000764683892524

row8col10
West 0.02402482016
East 0.072667766569
North 0.587293425333
South 0.233915600472

row8col11
West 0.485917057718
East 0.12491506193
North 0.0868237125213
South 0.00351554193065

row8col12
West 0.364322137247
East 0.0787786466688
North 0.0927901631113
South 0.00665502717117

row8col13
West 0.233382916564
East 0.0210417993429
North 0.0181536665666
South 0.000132077892016

row8col14
West 0.0976389181846
East 0.00494418288182
North 0.00871169683651
South 7.34605364255e-06

row8col15
West 0.0264170179448
East 0.00111220080181
North 0.0
South 2.85182262212e-05

row8col17
West 0.439919156531
East 0.0788646604534
North 0.568800089957
South 0.507602159501

row8col18
West 0.0524031988492
East 0.0172764426754
North 0.27808339165
South 0.0478461106517

row9col5
West 0.148538942104
East 0.379940354349
North 0.0407084510773
South 0.0447907644454

row9col6
West 0.227821596469
East 0.372414101979
North 0.463291192402
South 0.416064435569

row9col8
West 0.0
East 0.0
North 0.00278405648261
South 0.0

row9col9
West 5.23978085012e-05
East 0.049762931424
North 2.22552263505e-06
South 0.0

row9col10
West 0.00292351566128
East 0.00399820809933
North 0.431210237716
South 0.0822248607619

row9col11
West 0.00204636157613
East 0.00426698170852
North 0.0860604553753
South 0.00692365764328

row9col12
West 0.00211504719521
East 0.0
North 0.10398508487
South 0.0121690462822

row9col13
West 0.00494847536878
East 0.000397451844137
North 0.000346893312659
South 8.38591276334e-06

row9col14
West 8.86745229139e-06
East 5.88693911836e-07
North 0.0192618304205
South 0.000831142699093

row9col15
West 0.00113509754194
East 1.14928814079e-06
North 7.23181097309e-09
South 0.0

row9col17
West 0.439252534505
East 0.209503370968
North 0.540360071079
South 0.484885676284

row9col18
West 0.426001874876
East 0.0727227347825
North 0.00565503420735
South 0.0247705171597

row9col20
West 0.0
East 2.08460333769e-06
North 0.0
South 0.0

row9col21
West 0.0
East 0.0
North 7.26345438667e-06
South 0.00015819485191

row9col22
West 1.05354850394e-05
East 8.20799245512e-08
North 0.0
South 0.0

row10col1
West 2.52325027414e-07
East 0.000121111125196
North 0.0
South 1.43188270216e-06

row10col2
West 4.42140715728e-12
East 0.00514307484452
North 6.49213257544e-17
South 3.89869645714e-15

row10col3
West 0.000171208125328
East 0.00361450450391
North 0.00268457723926
South 0.0433870923949

row10col5
West 0.0855173147604
East 0.360675661794
North 0.000669684592963
South 0.0333023598565

row10col6
West 0.21185044268
East 0.311218614684
North 0.440126441991
South 0.393530645467

row10col17
West 0.317717179822
East 0.303851929656
North 0.513342019883
South 0.460508376631

row10col18
West 0.442587280032
East 0.146977335884
North 0.063276521326
South 0.0172067850944

row10col20
West 8.34159648033e-08
East 6.60437632556e-05
North 0.0
South 0.0

row10col21
West 1.93132066004e-06
East 1.03490951025e-10
North 1.00308933618e-05
South 0.00156934041266

row10col22
West 8.68041696246e-08
East 1.20498392066e-09
North 0.0
South 9.23126759942e-32

row11col1
West 0.000355854271535
East 0.0126616441017
North 2.4543218339e-09
South 1.58770938303e-10

row11col2
West 0.00155039887516
East 0.0841736415457
North 9.23222065889e-11
South 1.33463029491e-05

row11col3
West 0.0211875265084
East 0.206515171489
North 0.000340722697824
South 0.000956370769965

row11col4
West 0.0870526135223
East 0.30083192371
North 0.0259538790972
South 0.0646531563533

row11col5
West 0.125898531902
East 0.382489106731
North 0.0321900572438
South 3.36705128006e-08

row11col6
West 0.220654411162
East 0.302381974976
North 0.418119370508
South 0.373794824121

row11col8
West 1.50322084074e-12
East 2.061183238e-05
North 0.0
South 0.0

row11col9
West 0.0
East 0.0
North 0.000146875489386
South 0.00198923550696

row11col10
West 5.08708908785e-07
East 1.87125393038e-08
North 0.0
South 0.0

row11col12
West 1.32296524315e-08
East 3.30703711904e-06
North 0.0
South 0.0

row11col13
West 0.0
East 2.48392419083e-05
North 0.00028839718545
South 0.00520903627406

row11col14
West 1.08326928878e-08
East 0.000522931408596
North 0.0
South 0.000613563723234

row11col15
West 1.18314838402e-06
East 2.17002229741e-08
North 1.44334979664e-06
South 0.0228144599753

row11col17
West 0.396970080595
East 0.206134321675
North 0.487674697858
South 0.43665038419

row11col18
West 0.351351045786
East 0.0537180287249
North 0.0630445191913
South 0.0768409592181

row11col20
West 1.19835337728e-07
East 0.000385642851842
North 8.33675154407e-08
South 1.79509841558e-06

row11col21
West 1.71264049468e-07
East 9.57589529078e-08
North 0.000228711888915
South 0.00723162499639

row11col22
West 0.00039272237523
East 4.36664589306e-06
North 0.0
South 0.0

row12col1
West 4.47748619683e-06
East 0.000165951030489
North 0.0
South 0.0

row12col2
West 3.68732251243e-07
East 0.00270060907324
North 5.53176962248e-12
South 0.0

row12col3
West 0.0
East 0.0
North 0.0356203227156
South 0.00179089354995

row12col5
West 0.0508057854895
East 0.300107617301
North 0.0313435694973
South 0.0175165778085

row12col6
West 0.150697675015
East 0.247153381315
North 0.39720848441
South 0.3461640352

row12col8
West 1.29228888069e-06
East 0.000204472481449
North 2.45714589624e-07
South 0.0

row12col9
West 1.29260039396e-06
East 8.7767936973e-09
North 0.000168771335387
South 0.0137538273564

row12col10
West 0.00123818596214
East 1.69822827709e-05
North 0.0
South 0.0

row12col12
West 0.000830462632747
East 0.0141083377626
North 0.0
South 3.82120348042e-07

row12col13
West 0.00173981774146
East 0.0694652853859
North 3.03310919206e-05
South 0.00154062585111

row12col14
West 0.0128303310338
East 0.169360543091
North 1.4848566289e-05
South 0.0150864934198

row12col15
West 0.0304070552082
East 0.31874733204
North 4.50131789451e-05
South 0.00727894765033

row12col16
West 0.105489702919
East 0.42495486674
North 0.0526268314365
South 0.0641328518771

row12col17
West 0.280880478332
East 0.259876488917
North 0.463290123633
South 0.416928813701

row12col18
West 0.402798429807
East 0.101029112663
North 0.0179469779422
South 0.0408886094064

row12col20
West 5.86371068459e-06
East 0.00171746007903
North 3.63875657238e-08
South 1.93627106849e-09

row12col21
West 7.44581635019e-06
East 9.39030436263e-06
North 0.00110285894398
South 0.0268574972335

row12col22
West 0.00247459680574
East 1.12468258207e-05
North 0.0
South 1.39809822697e-06

row13col5
West 0.133407362445
East 0.34501651906
North 0.0575245814836
South 0.0369548525239

row13col6
West 0.138404868064
East 0.222890781802
North 0.377315421708
South 0.318634992376

row13col9
West 0.000480361066644
East 0.001245708478
North 0.00133574262538
South 0.0570651163563

row13col17
West 0.328429386824
East 0.232943562378
North 0.440123230086
South 0.395564064463

row13col18
West 0.399925162503
East 0.163448763868
North 0.0987244680223
South 0.026175761722

row13col21
West 0.000341089470042
East 0.000552173899251
North 0.00353134938918
South 0.0649380985498

row14col1
West 0.000592627240091
East 0.0288231758161
North 0.000153805339832
South 1.51656159369e-05

row14col2
West 0.00677164118629
East 0.0788970747123
North 0.0134482734651
South 0.00262320567997

row14col3
West 0.0243839501133
East 0.119034808719
North 0.00892958824958
South 0.000586665739891

row14col4
West 0.0308780409645
East 0.180938755672
North 0.0193788673873
South 0.00570843752429

row14col5
West 0.00553662085376
East 0.0646356050561
North 0.276211562267
South 0.0727559885056

row14col6
West 0.106680264407
East 0.13645919419
North 0.358054552495
South 0.277780287469

row14col7
West 0.319884892471
East 0.10918524543
North 0.0235761261366
South 0.0441806630777

row14col8
West 0.262394663313
East 0.0770024870204
North 0.0332128841982
South 0.0212611549666

row14col9
West 0.180477927699
East 0.0225505592363
North 0.00199900458299
South 0.000818465543921

row14col10
West 0.0755003649934
East 0.00230807728901
North 2.40718975032e-05
South 4.80818529804e-05

row14col11
West 0.0142825681969
East 0.00100846691623
North 0.0
South 0.0

row14col12
West 0.000310045796706
East 0.0139014132387
North 0.0
South 6.44938865248e-08

row14col13
West 0.00149365751342
East 0.0549910557586
North 0.000133942155478
South 2.64683163195e-10

row14col14
West 0.0091666441047
East 0.15539720548
North 0.00148149110883
South 0.011906525813

row14col15
West 0.0369010438024
East 0.270686721987
North 0.0421401024913
South 0.0529368284737

row14col16
West 0.0633847116795
East 0.372103651914
North 0.0535106115873
South 0.044557253669

row14col17
West 0.17805537019
East 0.123191230416
North 0.418105142588
South 0.358249248308

row14col18
West 0.338477169543
East 0.0439690063834
North 0.28942338033
South 0.0976243485449

row14col19
West 0.26966097371
East 0.0777806422439
North 0.0280805189289
South 0.0181898512516

row14col20
West 0.207019358327
East 0.0552490504908
North 0.0283702997759
South 0.00584723499006

row14col21
West 0.142758644854
East 0.00954579394102
North 0.00480808293621
South 0.00112661912149

row14col22
West 0.0488293903346
East 0.00380455223104
North 0.000261167563782
South 6.10061075423e-05

row15col1
West 8.652817766e-05
East 0.00592437060823
North 0.0
South 0.0

row15col2
West 0.000268532856484
East 6.62464345273e-05
North 0.0368531586836
South 0.00385170648388

row15col3
West 0.000437443363948
East 0.0121294467457
North 0.00975856116506
South 0.000222981120249

row15col4
West 0.00114251912362
East 0.0920006746426
North 2.91687661663e-05
South 0.00819118361827

row15col5
West 0.0169881260027
East 0.237003638805
North 0.0134229606142
South 0.00428051037494

row15col6
West 0.0491842115421
East 0.0625037162338
North 0.337828039376
South 0.262966219161

row15col7
West 0.281767482908
East 0.0394075887104
North 0.061883545283
South 0.0179962837538

row15col8
West 0.0368156069685
East 0.000516619661003
North 0.135557004772
South 0.0231720048316

row15col9
West 0.0153044949647
East 5.30418452345e-05
North 3.9266733551e-06
South 2.87593534636e-05

row15col10
West 0.000467852631978
East 3.04797272351e-05
North 0.00101085872935
South 9.9255065342e-09

row15col11
West 4.80252188956e-05
East 0.000932711381532
North 1.8741296422e-05
South 0.0

row15col12
West 6.85220907817e-06
East 0.0158540318854
North 0.0
South 0.00019681970612

row15col13
West 0.000351513759021
East 0.131151020328
North 0.000196801712546
South 0.000958496652126

row15col14
West 0.0336274413896
East 0.285551754298
North 0.0262887488944
South 0.0253198273046

row15col15
West 0.191567485083
East 0.348167598422
North 0.0983642947088
South 0.0701579865383

row15col16
West 0.227963520108
East 0.374135496223
North 0.0430435290088
South 0.0918219017869

row15col17
West 0.115040335923
East 0.0893030025149
North 0.397044295692
South 0.362604107144

row15col18
West 0.274353626387
East 0.0136631321543
North 0.0147342738504
South 0.000271921101313

row15col19
West 0.00967125178787
East 0.000593858915081
North 0.106943142031
South 0.0106353460141

row15col20
West 0.000120047472949
East 1.90511056506e-05
North 0.0551024512425
South 0.00304501613821

row15col21
West 0.00442577560625
East 6.38592466936e-05
North 0.0121923126853
South 0.0

row15col22
West 0.000210224341297
East 0.0
North 0.00304731611606
South 1.68728144327e-08

row16col2
West 0.00182529707915
East 0.000322867549942
North 0.0171426215244
South 0.000598810190211

row16col7
West 0.00977347911344
East 0.0140673962249
North 0.200784793511
South 0.0530931851611

row16col15
West 0.0761010992297
East 0.0716912802179
North 0.305402653667
South 0.127646817548

row17col1
West 4.50291304041e-06
East 0.000753022495512
North 1.28675836121e-14
South 0.0

row17col2
West 4.71087811212e-06
East 2.53464508561e-05
North 0.0060877730231
South 0.000257382459895

row17col3
West 0.000682841643377
East 4.65830912941e-06
North 2.47285964174e-08
South 5.76316451745e-07

row17col4
West 7.43302609051e-05
East 2.66349826425e-06
North 1.55801297204e-11
South 0.0

row17col6
West 9.90294751116e-05
East 0.00328545538468
North 0.0
South 1.30477502721e-26

row17col7
West 0.000104681634573
East 0.000337129113095
North 0.137442385246
South 0.0155246399617

row17col8
West 0.0295199496349
East 0.000462489647808
North 0.000630333057437
South 0.000145169560451

row17col9
West 0.00498485813369
East 6.91089864883e-05
North 1.98958975574e-05
South 6.22652377981e-07

row17col10
West 0.000617042447238
East 2.46857862945e-07
North 1.39195707369e-27
South 4.34133021116e-07

row17col11
West 1.376236135e-05
East 5.96938261144e-07
North 0.0
South 0.0

row17col13
West 0.00120952770693
East 0.017188665686
North 0.000347134995608
South 0.0

row17col14
West 0.00169064279032
East 0.0967547233602
North 3.47979590431e-05
South 2.79175545966e-10

row17col15
West 0.00804869231895
East 0.0105303344085
North 0.257687789559
South 0.0584005305835

row17col16
West 0.0700476066581
East 0.00569462749582
North 0.00130565768246
South 0.00380110406277

row17col18
West 5.89140198364e-14
East 4.10068260865e-08
North 2.13417371744e-08
South 0.000315424326372

row17col19
West 2.18061375746e-08
East 0.0
North 1.06292416302e-05
South 0.00119005086633

row17col20
West 0.0
East 0.0
North 1.492645333e-09
South 0.000214605736045

row17col21
West 0.0
East 0.0
North 0.0
South 2.08951471875e-05

row17col22
West 0.0
East 0.0
North 0.0
South 1.01445397157e-06

row18col1
West 2.71663120384e-08
East 0.0
North 5.84171095724e-05
South 1.86663701473e-09

row18col2
West 8.36922121584e-07
East 6.14553949896e-09
North 0.00125837967427
South 3.97773241507e-05

row18col3
West 1.80335947007e-05
East 5.3139457939e-09
North 3.57942095772e-05
South 6.78524532607e-08

row18col4
West 0.0
East 0.0
North 6.43843072054e-07
South 6.7940759438e-11

row18col6
West 3.30408180659e-05
East 0.00923930999532
North 9.47206503842e-05
South 2.22645697593e-06

row18col7
West 0.000835601961497
East 0.00158456287146
North 0.0695487431539
South 0.00411901519499

row18col8
West 0.0264570685131
East 0.00208227255224
North 0.000368906416825
South 1.10324246579e-17

row18col9
West 0.0101278523802
East 0.000192885276355
North 0.000108193162858
South 1.30834479384e-17

row18col10
West 0.00168495580088
East 4.14668765558e-06
North 2.38546993498e-06
South 7.12477065968e-11

row18col11
West 9.26075175245e-05
East 3.8461086872e-06
North 3.55762711125e-08
South 3.97511217909e-17

row18col13
West 0.0
East 0.000950797599656
North 0.0
South 0.0

row18col14
West 0.0
East 0.0
North 0.0142120220232
South 0.00123490624005

row18col15
West 0.000667356632222
East 0.0205676569454
North 0.190279417641
South 0.0310127840876

row18col16
West 0.114332015456
East 0.0214371684132
North 0.00571634248157
South 0.000646836642912

row18col17
West 0.0691226375837
East 0.00714444992074
North 0.00333768976476
South 0.00267586568796

row18col18
West 0.0346770027569
East 0.00186746469832
North 7.76009974114e-06
South 0.000115894281442

row18col19
West 0.0134502213378
East 0.000791958614888
North 4.10289356181e-08
South 0.000162782649375

row18col20
West 0.00468787775188
East 0.000108324999287
North 1.38489367397e-10
South 3.04408207312e-06

row18col21
West 0.000763939406809
East 9.14548005805e-06
North 6.39584718632e-09
South 4.21427561925e-07

row18col22
West 0.000101169358509
East 1.87100431367e-06
North 6.52547150308e-28
South 1.24783656436e-10

row19col1
West 0.0
East 0.0
North 2.39592204444e-07
South 3.10032272347e-09

row19col2
West 0.0
East 2.30524133412e-10
North 0.000307575825948
South 3.65659618468e-05

row19col3
West 0.0
East 0.0
North 2.19970725293e-06
South 2.79370658609e-08

row19col4
West 0.0
East 0.0
North 1.36749916233e-08
South 0.0

row19col6
West 1.0808753657e-05
East 0.000615524738692
North 7.06161173958e-27
South 3.3542655763e-28

row19col7
West 5.54014649343e-06
East 1.98289520551e-08
North 0.0179181238822
South 0.00125850534808

row19col8
West 0.000155285479985
East 4.74945838343e-31
North 0.000428289137795
South 1.64047584124e-07

row19col9
West 2.90790954858e-06
East 1.7841368031e-19
North 1.08878622075e-23
South 0.0

row19col10
West 2.67499104771e-10
East 1.98239844495e-07
North 0.000112734714108
South 7.31420774745e-06

row19col11
West 7.36241028096e-06
East 3.86567696765e-07
North 0.0
South 0.0

row19col13
West 0.0
East 0.0010008467993
North 0.0
South 2.88301689627e-05

row19col14
West 2.88301689627e-05
East 0.0147692367895
North 0.000516508013095
South 0.0

row19col15
West 0.000559998301591
East 0.0005361147056
North 0.0922328945513
South 0.0283466900888

row19col16
West 1.67627580836e-05
East 0.0
North 0.0185677124477
South 0.000337738793691

row19col18
West 8.6841095659e-05
East 0.0
North 0.00301906071372
South 5.88213953845e-05

row19col19
West 5.94760599205e-14
East 7.56518713031e-06
North 0.00151271040359
South 2.98921249691e-07

row19col20
West 2.25015335343e-05
East 2.1275178642e-07
North 0.000500040526934
South 9.51625469774e-06

row19col21
West 1.58029563689e-05
East 8.59676572374e-08
North 0.0
South 0.0

row19col22
West 0.0
East 0.0
North 7.20144179617e-06
South 9.48097060189e-08
