
row1col1
West 0.0
East 0.0
North 0.0
South 8.55106606392e-08

row1col2
West 0.0
East 2.06082714259e-06
North 1.44918249465e-16
South 1.88260955312e-18

row1col3
West 1.05703156976e-16
East 0.000106568267848
North 3.67168858479e-15
South 3.26364829676e-14

row1col4
West 2.37448081949e-07
East 4.56387455991e-05
North 7.67513668474e-13
South 0.00331084349723

row1col5
West 2.14322019075e-07
East 1.34552240709e-06
North 8.97924470267e-07
South 0.00371618108217

row1col7
West 3.0494191129e-06
East 8.80150846695e-09
North 4.80584298053e-06
South 0.000131631466241

row1col8
West 3.46356867268e-07
East 6.32837109846e-08
North 0.0
South 0.00124397038555

row1col9
West 2.07681891053e-06
East 1.75001609697e-05
North 0.00150189430513
South 0.0251154278618

row1col10
West 0.000338751075612
East 0.0
North 0.0
South 0.000100928792487

row1col11
West 0.0
East 0.0
North 0.0
South 8.98615439287e-06

row1col13
West 0.0227880082868
East 0.0685923469969
North 0.00247385336268
South 0.427490895005

row1col14
West 0.021544970396
East 0.596007402959
North 0.0849466275104
South 0.171010495752

row1col15
West 0.0538691025386
East 0.051270479001
North 0.253983630849
South 0.900559743013

row1col16
West 0.201878446112
East 0.0658956006657
North 0.0827140319576
South 0.705409351689

row1col18
West 0.0793872251399
East 0.0507939146429
North 0.0940785080253
South 0.707470914044

row1col19
West 0.417623180895
East 0.000374656694097
North 0.0136558568631
South 0.100622873803

row1col20
West 0.162703969629
East 0.000315091716727
North 0.0051240544932
South 0.0288022589549

row1col21
West 0.0340743365742
East 9.9813140228e-05
North 0.00109320937218
South 0.00530914354417

row1col22
West 0.00347390718529
East 3.55565136069e-05
North 1.55622587478e-05
South 7.44027545336e-07

row2col1
West 0.0
East 1.04551321999e-05
North 0.0
South 4.9664649587e-15

row2col2
West 0.0
East 0.000353222571722
North 5.29082668824e-17
South 1.07424850968e-13

row2col3
West 1.18215665254e-05
East 0.00356395955391
North 1.41553319186e-07
South 1.11937065911e-08

row2col4
West 2.07274358465e-07
East 0.028706737206
North 6.37187970056e-10
South 1.7766228455e-10

row2col5
West 2.39712589027e-06
East 0.000705703988976
North 2.22499492967e-06
South 0.0923340119366

row2col7
West 3.41174058532e-05
East 0.00149158967304
North 1.65137749261e-06
South 8.80629174817e-07

row2col8
West 1.46639646411e-05
East 0.0312930363163
North 1.13217986048e-06
South 5.83960158988e-06

row2col9
West 0.000176291839146
East 0.000254551648866
North 0.00280176309789
South 0.213518746965

row2col10
West 0.0107473778087
East 2.44200994239e-07
North 0.0
South 0.0479103517574

row2col11
West 0.00475796422794
East 2.43668373263e-07
North 2.87969776095e-11
South 5.09335364367e-06

row2col13
West 0.602060726079
East 0.945189319475
North 0.11588608095
South 0.546566031065

row2col14
West 0.609842085623
East 0.999788945375
North 0.233549525295
South 0.564380851628

row2col15
West 0.0
East 0.0
North 0.0
South 0.0

row2col16
West 0.999989226322
East 0.635455514276
North 0.293727872553
South 0.407323115589

row2col17
West 0.9485471723
East 0.558912524634
North 0.456270658236
South 0.40767022609

row2col18
West 0.893607589212
East 0.258660383767
North 0.269949906156
South 0.295870786626

row2col19
West 0.709940655813
East 0.0566482388143
North 0.0555790886641
South 0.0598866930949

row2col20
West 0.437180121248
East 0.0173291782509
North 0.00250394662503
South 0.00462623288414

row2col21
West 0.209658204648
East 0.00412609824954
North 9.60439054285e-05
South 0.0023477576051

row2col22
West 0.0604413632564
East 0.00227310948194
North 9.37799799723e-06
South 4.12526973819e-05

row3col1
West 1.17090465585e-13
East 1.97901455948e-05
North 3.50836178492e-16
South 2.07030484025e-14

row3col2
West 9.13364797705e-14
East 0.000464851228933
North 5.14210385176e-14
South 1.07420141796e-13

row3col3
West 3.62352235453e-12
East 0.00586034614429
North 1.60102794193e-11
South 1.11936934779e-08

row3col4
West 3.68516054612e-11
East 0.0452632400139
North 7.3198374226e-13
South 0.00060429359206

row3col5
West 4.32763989778e-05
East 0.00349251579467
North 0.00250748618804
South 0.204044211525

row3col7
West 4.8775952636e-05
East 0.0105494170901
North 5.20779293683e-10
South 8.13730892661e-06

row3col8
West 0.000221177852421
East 0.133123474936
North 0.000138253345268
South 0.00210126914017

row3col9
West 0.00732314163686
East 0.00642341534036
North 0.0159586066323
South 0.496606371135

row3col10
West 0.205738564883
East 0.00128926952264
North 0.00110852815326
South 0.000169129973066

row3col11
West 0.0285568411244
East 7.02338601268e-05
North 1.28731103223e-07
South 3.0573810908e-07

row3col13
West 0.856306338836
East 0.9025
North 0.875760075141
South 0.812354600115

row3col14
West 0.854184239514
East 0.95
North 0.931666928395
South 0.898152948203

row3col15
West 0.898533593926
East 0.865282094037
North 1.0
South 0.943335403432

row3col16
West 0.602914699466
East 0.379191054138
North 0.943459422549
South 0.379428441381

row3col18
West 0.0688198029182
East 0.0495860928642
North 0.750016579997
South 0.228236024541

row3col19
West 0.492923282983
East 0.0146516516334
North 0.0607659547808
South 0.0316493250328

row3col20
West 0.221253538302
East 0.00379697885039
North 0.0398980664076
South 0.00499304562163

row3col21
West 0.0654694446159
East 0.000642962097866
North 0.00381459662219
South 0.00261504152744

row3col22
West 0.00766786660073
East 0.000335732010728
North 0.000434246029399
South 4.63981181697e-05

row4col5
West 0.0190675913205
East 0.0231395765767
North 0.0115460449838
South 0.320239961776

row4col9
West 0.13147793506
East 0.149361160353
North 0.0823926519522
South 0.610390457508

row4col13
West 0.81319872085
East 0.813169209568
North 0.857375
South 0.77065291091

row5col1
West 0.0
East 1.26537500175e-06
North 0.0
South 0.0

row5col2
West 6.11126571911e-09
East 6.00990199308e-05
North 0.0
South 2.64213394288e-13

row5col3
West 6.60725386767e-08
East 5.49866400007e-06
North 3.98764239453e-10
South 0.00121977197488

row5col5
West 0.0581473395549
East 0.437512926126
North 0.0208531080675
South 0.0636665437068

row5col6
West 0.0739859180735
East 0.530863002938
North 0.0478032477015
South 0.120380056616

row5col7
West 0.14401300973
East 0.589258651875
North 0.203332076117
South 0.160449096843

row5col8
West 0.267217165817
East 0.629133360989
North 0.365737571787
South 0.369201026448

row5col9
West 0.450715538792
East 0.663388511063
North 0.273633809207
South 0.381199865248

row5col10
West 0.5607026921
East 0.698335311927
North 0.521800223811
South 0.517438689732

row5col11
West 0.628792102537
East 0.735091890625
North 0.669122782086
South 0.633876648833

row5col12
West 0.688146299464
East 0.7737809375
North 0.717301017114
South 0.641518608002

row5col13
West 0.731088518743
East 0.73360690657
North 0.81450625
South 0.733690714744

row5col14
West 0.773780937497
East 0.648136112572
North 0.701400348831
South 0.598399708096

row5col15
West 0.735091888083
East 0.543324709112
North 0.649059381008
South 0.417979573268

row5col16
West 0.698337255828
East 0.541442461488
North 0.564512994744
South 0.450606372933

row5col17
West 0.663420055273
East 0.288941563391
North 0.472777773197
South 0.434053509536

row5col18
West 0.517945182396
East 0.084170348219
North 0.0666241638304
South 0.0600721405834

row5col20
West 4.39698014055e-07
East 6.44555338284e-11
North 4.46330071878e-05
South 0.0123651106023

row5col21
West 0.000101451958179
East 0.0
North 0.0
South 0.00114994650748

row5col22
West 6.65556392839e-06
East 0.0
North 1.33297731762e-08
South 2.00440469625e-05

row6col1
West 2.60194973044e-14
East 1.25303778563e-06
North 0.0
South 6.34016974148e-15

row6col2
West 1.74594502426e-18
East 1.61382769257e-06
North 2.6074578051e-15
South 0.000257913345883

row6col3
West 6.72969255368e-06
East 0.0
North 5.39526579719e-07
South 0.0107379632587

row6col5
West 0.0296375500353
East 0.339513203184
North 0.018535914277
South 0.0171515271285

row6col6
West 0.125094117433
East 0.540328225405
North 0.243678099722
South 0.218201503925

row6col7
West 0.324184275351
East 0.568793104874
North 0.350383992748
South 0.280257907888

row6col8
West 0.308400715679
East 0.598735828298
North 0.454664581701
South 0.418989110693

row6col9
West 0.424681980178
East 0.630249298599
North 0.485478498133
South 0.414777564859

row6col10
West 0.471476954015
East 0.663420428093
North 0.54085437859
South 0.393027231939

row6col11
West 0.537969468801
East 0.51190839328
North 0.698337295959
South 0.596933961241

row6col12
West 0.341917243787
East 0.730483687893
North 0.425471468273
South 0.354710125773

row6col13
West 0.47892251433
East 0.460360830594
North 0.773766479182
South 0.595808940085

row6col14
West 0.422912330742
East 0.165168111165
North 0.73239138516
South 0.340403994194

row6col15
West 0.635599473799
East 0.135190741284
North 0.224216912431
South 0.206275522053

row6col16
West 0.187843834039
East 0.216918657927
North 0.640417831433
South 0.204348854011

row6col17
West 0.468679934607
East 0.321993825026
North 0.630246562252
South 0.434578809773

row6col18
West 0.564671744263
East 0.0102094615945
North 0.082620175211
South 0.0577872125778

row6col19
West 0.35894577992
East 2.51837149341e-05
North 1.3726712143e-06
South 0.0025151240194

row6col20
West 0.162271646436
East 0.000190331391448
North 0.000320418582899
South 3.19309740999e-05

row6col21
West 0.0365828694713
East 1.17622936188e-05
North 6.40331854775e-07
South 1.94488410497e-09

row6col22
West 0.00257750007659
East 4.20432283608e-06
North 7.16457656457e-10
South 6.83577627761e-09

row7col1
West 1.08662010489e-16
East 2.86102024785e-07
North 1.22540568128e-14
South 0.0

row7col2
West 1.08662010489e-16
East 0.00384713267061
North 1.59454714593e-13
South 3.62678983714e-05

row7col3
West 2.83756038705e-05
East 1.39494444834e-07
North 1.96242736668e-07
South 0.055820951785

row7col5
West 0.00551016358667
East 0.23796677653
North 0.0132850452685
South 0.0221299739356

row7col6
West 0.0639834559248
East 0.222952913517
North 0.51322633679
South 0.239851601302

row7col10
West 0.176583213009
East 0.140557596553
North 0.622002093114
South 0.0818723332443

row7col17
West 0.359558194552
East 0.162428558484
North 0.59871655835
South 0.370172012621

row7col18
West 0.418486180134
East 0.049798248818
North 0.0300004300323
South 0.0364481952829

row7col20
West 3.5672894264e-05
East 7.37310940752e-10
North 0.00988103042803
South 3.5688300892e-05

row7col21
West 1.61502797701e-05
East 1.1776950271e-07
North 1.55223355948e-08
South 1.49015303243e-08

row7col22
West 1.34657757971e-08
East 2.74183239095e-08
North 6.26693542689e-05
South 0.0

row8col1
West 2.26808823841e-08
East 0.000559575645081
North 0.0
South 0.0

row8col2
West 8.73072074758e-08
East 0.0179053477403
North 2.17136622262e-08
South 1.72561459787e-13

row8col3
West 0.000243460574649
East 0.168152841828
North 0.000155165065148
South 0.00178110257674

row8col4
West 4.61669221514e-05
East 0.313303791111
North 0.0113008544629
South 0.00904130212553

row8col5
West 0.0253712231592
East 0.437364284678
North 0.0292526804154
South 0.0119306816324

row8col6
West 0.173477402567
East 0.227293201752
North 0.487327497817
South 0.218367678819

row8col8
West 0.000147969256112
East 0.0356959148909
North 1.63496090447e-10
South 8.9696198096e-11

row8col9
West 0.000418539427592
East 0.236848225308
North 0.000213664443742
South 0.000490682213863

row8col10
West 0.00757019475937
East 0.0212158414103
North 0.534856417141
South 0.00713820305905

row8col11
West 0.335553180266
East 0.000807671070211
North 0.0119417210264
South 0.00276900504681

row8col12
West 0.0574698224747
East 1.1501754427e-11
North 1.24175486391e-10
South 0.000320769768861

row8col13
West 0.00252774895807
East 4.10984399587e-15
North 0.0
South 0.0

row8col14
West 5.89833560359e-12
East 0.0
North 9.86123953437e-11
South 1.20976417194e-05

row8col15
West 3.66750358573e-08
East 0.0
North 0.0
South 0.0

row8col17
West 0.300852379682
East 0.251938207851
North 0.568706044154
South 0.294572420255

row8col18
West 0.441867726685
East 0.0239573838114
North 0.0412816242833
South 0.00900121247456

row9col5
West 0.000207372838038
East 0.0198824836573
North 0.158930832093
South 0.000677305852973

row9col6
West 0.0201286791576
East 0.134194099391
North 0.46191811598
South 0.134772303751

row9col8
West 0.0
East 0.0
North 0.000138552830515
South 1.64911538509e-08

row9col9
West 1.63773092354e-08
East 0.00170161805212
North 0.043683022488
South 9.33583387012e-05

row9col10
West 9.64649315186e-06
East 0.000135601769018
North 0.0982801478378
South 0.000764545188249

row9col11
West 0.0
East 0.000467514711737
North 0.116594151293
South 3.80059951625e-05

row9col12
West 0.0300810054288
East 2.99497541229e-05
North 8.2079975198e-05
South 1.06350965133e-07

row9col13
West 0.00569845407464
East 6.94086134206e-07
North 0.0
South 2.04885312613e-05

row9col14
West 0.000388322183188
East 6.71220895704e-09
North 6.29718215282e-09
South 8.6523031492e-14

row9col15
West 6.53992637694e-06
East 0.0
North 0.0
South 0.0

row9col17
West 0.298792116211
East 0.149375382004
North 0.540024701206
South 0.211355822135

row9col18
West 0.334359864394
East 0.0194338277814
North 0.00279578359804
South 0.0222835775383

row9col20
West 0.0
East 1.03546952111e-12
North 0.0
South 1.763987898e-10

row9col21
West 0.0
East 0.0
North 0.0
South 3.60514748176e-08

row9col22
West 0.0
East 0.0
North 0.0
South 0.0

row10col1
West 5.12536068938e-13
East 1.57519321496e-07
North 0.0
South 1.59019097158e-10

row10col2
West 5.15714086116e-13
East 3.31873148158e-10
North 4.00795333136e-08
South 6.46090643729e-06

row10col3
West 7.04400658718e-14
East 3.96960276166e-09
North 1.19251394468e-09
South 0.00139354115311

row10col5
West 0.0023596062135
East 0.157939737178
North 0.0021994994441
South 0.00133832306682

row10col6
West 0.0228659836068
East 0.0760464299726
North 0.436048389627
South 0.0745682855471

row10col17
West 0.239918080499
East 0.0529744423061
North 0.512343268378
South 0.136876057341

row10col18
West 0.237002294949
East 0.0142725577641
North 0.0106212877904
South 0.00294245584578

row10col20
West 0.0
East 0.0
North 0.0
South 7.13122940171e-09

row10col21
West 0.0
East 4.86751902233e-14
North 0.0
South 2.42495837148e-06

row10col22
West 1.91322174221e-10
East 0.0
North 0.0
South 0.0

row11col1
West 2.35824917498e-11
East 0.000158985557401
North 0.0
South 0.0

row11col2
West 1.07926480838e-06
East 0.0022301755423
North 1.16162877521e-07
South 1.99274617265e-18

row11col3
West 8.92995436936e-10
East 0.0203230421784
North 1.29420122913e-05
South 4.09462101844e-05

row11col4
West 5.32343663131e-05
East 0.0876179116156
North 9.50848008247e-08
South 0.00111773845924

row11col5
West 0.00021468103437
East 0.278767048445
North 0.0126567262274
South 0.00231276751786

row11col6
West 0.0391604860604
East 0.120831762183
North 0.407714088179
South 0.0613007224415

row11col8
West 0.0
East 0.0
North 0.0
South 1.46051722241e-09

row11col9
West 0.0
East 0.0
North 1.62004354793e-15
South 1.89410438437e-07

row11col10
West 3.84827468402e-22
East 0.0
North 0.0
South 3.69259690803e-09

row11col12
West 1.72084655357e-21
East 1.34810871042e-07
North 0.0
South 0.0

row11col13
West 3.5198047245e-10
East 0.0
North 1.87244616279e-08
South 4.06200966098e-05

row11col14
West 4.42328406222e-23
East 3.77275196341e-09
North 0.0
South 0.00219067121781

row11col15
West 1.79207393581e-10
East 1.15541908636e-14
North 0.0
South 0.00761531844367

row11col17
West 0.106786087448
East 0.0364826544122
North 0.48508226916
South 0.0926340852878

row11col18
West 0.177348258916
East 0.0050596815589
North 0.0111375096045
South 0.000851652413064

row11col20
West 0.0
East 1.42718424404e-08
North 0.0
South 2.08363653193e-06

row11col21
West 0.0
East 0.0
North 1.26284015616e-11
South 5.99040176635e-05

row11col22
West 7.0612132309e-09
East 0.0
North 0.0
South 0.0

row12col1
West 0.0
East 0.0
North 4.42606852099e-06
South 0.0

row12col2
West 0.0
East 7.0704779788e-14
North 2.57099708208e-05
South 0.0

row12col3
West 0.0
East 4.09368447249e-05
North 0.00141040844205
South 1.10733664832e-09

row12col5
West 3.71144117352e-06
East 0.0133046451158
North 0.0792529144379
South 2.3697202766e-05

row12col6
West 0.00979366750795
East 0.0605336763964
North 0.36948172843
South 0.0573270752813

row12col8
West 0.0
East 2.94069162923e-06
North 0.0
South 4.99820788404e-17

row12col9
West 0.0
East 5.20687232896e-08
North 1.35319909309e-09
South 7.0576253944e-05

row12col10
West 3.4916237791e-06
East 0.0
North 1.82793047491e-23
South 0.0

row12col12
West 7.30768905064e-15
East 7.94167639744e-05
North 0.0
South 1.00928911432e-18

row12col13
West 8.13092915857e-15
East 0.00179037655446
North 9.60228802526e-09
South 3.79515233958e-17

row12col14
West 4.15118264483e-06
East 0.0248269838361
North 6.22044382983e-08
South 0.000861655445908

row12col15
West 2.07937032514e-05
East 0.111175191567
North 1.08421499957e-05
South 0.00190708814939

row12col16
West 0.0023696117593
East 0.290033847993
North 0.00189010041147
South 0.00739515649554

row12col17
West 0.0392665803098
East 0.018132383592
North 0.457170982853
South 0.106497255193

row12col18
West 0.124451007188
East 0.000164785872382
North 0.00138636976315
South 0.000229097508562

row12col20
West 0.0
East 3.6915157665e-05
North 0.0
South 4.92979713621e-11

row12col21
West 5.24015118075e-11
East 1.50118597326e-11
North 7.3732232526e-07
South 0.00066248214738

row12col22
West 2.06075254444e-05
East 0.0
North 0.0
South 0.0

row13col5
West 1.68496009278e-05
East 8.83660200042e-05
North 0.0058770254393
South 0.00153012804951

row13col6
West 0.000290475241368
East 0.030011767472
North 0.324453021059
South 0.0072330240341

row13col9
West 5.49825808955e-10
East 5.67143395489e-09
North 5.08519091635e-08
South 0.000615744545377

row13col17
West 0.0766595865897
East 0.0091283089619
North 0.42583516488
South 0.0757952643445

row13col18
West 0.0992985298558
East 0.00239930157434
North 0.00539262392168
South 0.00998927703754

row13col21
West 4.22321107439e-09
East 2.50281607799e-09
North 1.33301111338e-09
South 0.0036550492136

row14col1
West 6.63658511167e-09
East 0.00102824486021
North 6.1771987998e-07
South 0.0

row14col2
West 1.12182099369e-05
East 0.0139470753071
North 9.09181942796e-06
South 2.10458570721e-06

row14col3
West 8.46904025613e-06
East 0.0375832566109
North 5.56620976401e-05
South 2.60762937077e-07

row14col4
West 0.00114875576996
East 0.0857960538296
North 0.000111987329193
South 4.55331373784e-05

row14col5
West 0.00197568463584
East 0.16794990087
North 3.47745035168e-05
South 0.00172082665264

row14col6
West 0.00558184168668
East 0.00516112387765
North 0.274014636589
South 0.00833206402647

row14col7
West 0.112147610233
East 1.21455956962e-10
North 0.00248173178522
South 9.55039243638e-05

row14col8
West 0.0313449024671
East 2.80564383686e-05
North 2.29494514198e-15
South 5.09421997058e-05

row14col9
West 0.00500237400715
East 2.9029177892e-09
North 3.99285826237e-08
South 6.95429463613e-07

row14col10
West 3.36207221062e-13
East 1.5711675827e-19
North 2.28665544708e-09
South 2.29079677186e-07

row14col11
West 0.0
East 3.58683862739e-13
North 0.0
South 0.0

row14col12
West 4.53718340527e-23
East 6.99226742311e-06
North 5.77903572859e-24
South 2.88579086051e-26

row14col13
West 9.58969946737e-18
East 0.000261969116076
North 1.04553190195e-06
South 7.30772967376e-13

row14col14
West 1.03802304797e-06
East 0.00553960242532
North 4.56124459894e-08
South 9.5625064776e-08

row14col15
West 5.01562590539e-05
East 0.074888427399
North 0.00246988042562
South 0.00172841864331

row14col16
West 0.00783971702091
East 0.309287099681
North 0.0262308520256
South 0.0142128744463

row14col17
West 0.0301398766611
East 0.0208325362625
North 0.386963494859
South 0.00756761100447

row14col18
West 0.277636625449
East 0.00419579823398
North 0.00282825469829
South 0.000256408841139

row14col19
West 0.153455274008
East 0.000119002364724
North 0.000474265819487
South 0.00020817149213

row14col20
West 0.0582960360882
East 0.000422095721986
North 1.24754946912e-05
South 6.93992315669e-05

row14col21
West 0.0169246554892
East 2.86026204621e-06
North 0.0
South 7.40962554003e-08

row14col22
West 0.000277915861615
East 0.0
North 2.01505402763e-14
South 0.0

row15col1
West 5.45175194736e-21
East 1.14773725208e-19
North 4.8088557894e-05
South 0.0

row15col2
West 3.55149971518e-10
East 5.16890064299e-08
North 0.00386149834811
South 2.2624820313e-14

row15col3
West 9.01578481351e-10
East 0.000296012348067
North 3.59968458863e-13
South 3.98696699114e-18

row15col4
West 1.96661149168e-09
East 0.00464659113888
North 0.0
South 3.53122526893e-09

row15col5
West 1.94139236065e-05
East 0.0399831345439
North 6.85059665229e-06
South 0.000236518124225

row15col6
West 0.00012548781528
East 0.00143139903564
North 0.17194488924
South 0.00869350116368

row15col7
West 0.0865681243818
East 0.000417262500071
North 0.00285761675656
South 0.000482406538233

row15col8
West 0.00956559115337
East 6.5485679761e-11
North 9.85986485148e-12
South 7.74319027253e-08

row15col9
West 0.000623142864024
East 1.83269165069e-21
North 4.89261200728e-05
South 1.89861823855e-10

row15col10
West 1.94435225849e-05
East 5.79207178174e-15
North 3.32689087445e-10
South 1.37379886542e-12

row15col11
West 1.21938352647e-13
East 1.79337904804e-13
North 0.0
South 1.04180486438e-20

row15col12
West 6.03809031056e-23
East 2.951665043e-06
North 0.0
South 0.0

row15col13
West 0.0
East 0.000171911451395
North 5.07752954247e-12
South 0.0

row15col14
West 1.10263350458e-08
East 0.00947019429258
North 5.5938472391e-05
South 2.76808083194e-08

row15col15
West 0.000297125105659
East 0.141469632126
North 0.00199254317486
South 0.00398858557774

row15col16
West 0.000290205158714
East 0.0112928089382
North 0.219102553032
South 0.0209405905737

row15col17
West 6.86649128305e-06
East 0.000286765521148
North 0.0945051246009
South 0.00159949273195

row15col18
West 0.000192370561364
East 5.72339065206e-12
North 0.0144482255444
South 2.55375347301e-07

row15col19
West 6.57461986562e-05
East 1.2739049493e-10
North 0.01193078334
South 9.17631602229e-10

row15col20
West 3.3474880929e-08
East 3.07920108848e-11
North 0.00215802682421
South 1.66196158948e-09

row15col21
West 2.7193786671e-05
East 0.0
North 0.000948713779696
South 2.63770311591e-12

row15col22
West 1.76571158599e-05
East 0.0
North 0.0
South 3.56305831904e-13

row16col2
West 1.24659592195e-08
East 1.70716928265e-07
North 0.000798888184938
South 1.17085351645e-07

row16col7
West 8.17150062457e-07
East 3.14659868403e-05
North 0.0366254486427
South 6.46780689082e-07

row16col15
West 0.000771256530069
East 0.00205370239657
North 0.0814594851088
South 0.000370133839087

row17col1
West 7.95869150437e-11
East 1.37456032897e-05
North 5.42162759175e-09
South 2.67113736234e-10

row17col2
West 4.94594044956e-11
East 2.64297134402e-15
North 0.000153349375062
South 0.0

row17col3
West 1.60208961953e-05
East 3.94340586309e-08
North 2.37568742113e-17
South 1.95037340978e-09

row17col4
West 1.15317208012e-06
East 3.65645214147e-09
North 0.0
South 0.0

row17col6
West 6.30218388096e-12
East 0.0
North 4.21681636124e-12
South 7.89865625339e-07

row17col7
West 8.99302582707e-10
East 2.38045626866e-05
North 0.0118500321812
South 8.64992601564e-09

row17col8
West 0.00247365694131
East 3.44564873922e-11
North 2.3195285371e-06
South 4.09760032407e-11

row17col9
West 0.000219180976048
East 1.55196412572e-24
North 1.67688715966e-23
South 2.66857033461e-13

row17col10
West 3.29555950352e-06
East 0.0
North 1.55196412572e-24
South 1.75889303874e-13

row17col11
West 0.0
East 1.09632337599e-25
North 7.37182959719e-26
South 9.12817237542e-13

row17col13
West 5.49776918258e-10
East 4.48256075291e-05
North 5.29236865615e-11
South 1.90689423223e-11

row17col14
West 2.24091847379e-10
East 0.00200462563762
North 3.01473931998e-09
South 2.27436165262e-07

row17col15
West 2.19729171936e-06
East 6.58744044954e-06
North 0.0400503843137
South 3.36845332996e-05

row17col16
West 0.0142557301395
East 0.000164552022743
North 1.12352839668e-07
South 1.29170246027e-07

row17col18
West 2.57787561388e-11
East 0.0
North 2.84410739606e-13
South 9.36214160807e-06

row17col19
West 3.78849585325e-18
East 1.51117755159e-18
North 6.56048295828e-12
South 5.10304124348e-07

row17col20
West 2.29794402064e-16
East 6.60533582196e-25
North 7.04437591293e-19
South 7.79484117679e-08

row17col21
West 1.31441536055e-09
East 0.0
North 1.27444594279e-16
South 2.42835895712e-23

row17col22
West 2.56715575251e-20
East 0.0
North 1.6089920592e-26
South 1.10705749476e-11

row18col1
West 2.6711373443e-10
East 0.0
North 7.15276425074e-07
South 0.0

row18col2
West 0.0
East 0.0
North 4.36214251804e-09
South 1.78820097869e-22

row18col3
West 0.0
East 0.0
North 9.34864648689e-07
South 0.0

row18col4
West 3.04493498554e-11
East 0.0
North 3.92528118324e-08
South 0.0

row18col6
West 1.13782039264e-08
East 3.07635163014e-05
North 4.59447380408e-14
South 5.571805516e-10

row18col7
West 1.18765862798e-13
East 1.68056754706e-07
North 0.0010924403363
South 2.07369929354e-09

row18col8
West 4.04450273842e-08
East 5.90967697365e-08
North 0.000298233077423
South 2.92570291137e-08

row18col9
West 2.63250498575e-05
East 1.63537919897e-08
North 1.34963066557e-09
South 6.29741569357e-11

row18col10
West 1.79208660704e-06
East 4.5832274754e-14
North 8.39991734984e-10
South 2.87829402557e-10

row18col11
West 3.57958011361e-10
East 0.0
North 3.78042543446e-26
South 1.00724306699e-20

row18col13
West 2.78901294295e-12
East 1.38201256782e-10
North 6.73200604213e-07
South 2.82234813734e-12

row18col14
West 9.33404287059e-16
East 5.19189029224e-05
North 2.60641369834e-09
South 4.49962450236e-13

row18col15
West 6.55658683234e-07
East 5.88920237149e-05
North 0.00371873771034
South 1.03416320946e-09

row18col16
West 0.000128315210652
East 2.50258470972e-10
North 0.00427800805292
South 7.68374991101e-07

row18col17
West 0.00120250060868
East 4.63266723697e-07
North 9.81259979059e-07
South 2.93686976804e-08

row18col18
West 0.000298745003813
East 5.95112404766e-09
North 2.8309700252e-11
South 3.64947732352e-09

row18col19
West 5.35430653752e-05
East 9.98344593829e-08
North 9.75641071649e-12
South 1.9321884748e-11

row18col20
West 5.41773488034e-06
East 2.69536686908e-15
North 2.32681474062e-12
South 4.32355534329e-14

row18col21
West 4.85189078418e-07
East 2.21638656154e-27
North 9.6796587645e-15
South 1.97602057313e-12

row18col22
West 1.81390758238e-09
East 1.58565026259e-17
North 3.13753451543e-26
South 1.06840205491e-25

row19col1
West 0.0
East 0.0
North 6.9403936466e-09
South 1.77768633543e-18

row19col2
West 3.44209638298e-16
East 0.0
North 0.0
South 0.0

row19col3
West 0.0
East 0.0
North 4.6512703343e-09
South 0.0

row19col4
West 0.0
East 0.0
North 2.09519769769e-10
South 0.0

row19col6
West 0.0
East 8.69108727572e-07
North 9.67262979455e-13
South 5.22604853859e-19

row19col7
West 0.0
East 1.48919197362e-15
North 4.6740360683e-05
South 4.60904843401e-16

row19col8
West 5.62905505471e-18
East 6.32465676516e-11
North 4.70010918367e-06
South 0.0

row19col9
West 1.35903567139e-07
East 2.37965633267e-12
North 2.82191671613e-21
South 5.59129887321e-13

row19col10
West 3.93694196338e-17
East 0.0
North 9.33168816788e-08
South 0.0

row19col11
West 2.2647291327e-09
East 0.0
North 0.0
South 0.0

row19col13
West 2.58351570955e-13
East 3.84244089816e-24
North 2.56299713865e-09
South 2.58351570902e-13

row19col14
West 4.96406962679e-23
East 3.2386099367e-06
North 1.48294012675e-10
South 7.04396560206e-12

row19col15
West 1.89601261827e-12
East 2.52722187182e-10
North 0.000116182310536
South 0.0

row19col16
West 2.66909376293e-11
East 0.0
North 0.00011661743251
South 8.11804488659e-12

row19col18
West 3.64943855486e-09
East 9.87918740921e-18
North 6.93174879626e-06
South 4.0151969891e-16

row19col19
West 2.25848554603e-14
East 0.0
North 2.9133008895e-07
South 9.45107543649e-11

row19col20
West 7.27398960428e-13
East 6.58995042543e-24
North 1.263427639e-07
South 3.13022645208e-25

row19col21
West 4.98263438884e-13
East 5.478984897e-26
North 1.79782967127e-08
South 3.62876673619e-14

row19col22
West 4.41185884519e-11
East 0.0
North 0.0
South 0.0
