0.0205489185067
0.0251705480952
0.0237551017099
0.0229476566902
0.0244713351407
0.0251931039807
0.0247377134774
0.0250423116138
0.0249796462076
0.0243124570871
0.0246686754334
0.0248799964794
0.0244430645159
0.0246741046354
0.0248836947463
0.0248073761725
0.0246929302605
0.0248704497393
0.0249597394152
0.0250308201826
0.0253638521445
0.025278682266
0.0253280703453
0.025485141031
0.0254654006686
0.0255291287351
0.0253934629709
0.0256539828756
0.025418849084
0.0256923377186
0.025763982164
0.0258151881537
0.025782446639
0.025808662685
0.0257941857735
0.0260293974588
0.0262075221047
0.0260955181092
0.0259034895963
0.0260343433376
0.026057320634
0.0260244578512
0.0260855438107
0.025944822255
0.0259080220147
0.0259049084136
0.0258621655542
0.0260068567628
0.025968580811
0.0259722436611
0.0258224939102
0.0258227634159
0.0257659865229
0.0258791420168
0.0258723134671
0.0258825028662
0.0258405860876
0.0258225860688
0.025793780586
0.0258591383419
0.0257617897934
0.0258566068512
0.0258960186099
0.0259312291903
0.0260185923666
0.0259926795669
0.0260931369405
0.0261333048913
0.0261188269983
0.0262504563219
0.0262247168254
0.0262692417458
0.026267598197
0.0262813957135
0.0262335600244
0.0262406395006
0.0262860786
0.026335094031
0.026339695369
0.0264234618575
0.0265209676665
0.0265896125951
0.0267105204584
0.0266955656563
0.0267366338227
0.0267175388236
0.0267895547803
0.0268280674059
0.0268391415185
0.0267793471263
0.0267926476036
0.0267884864604
0.0268609908422
0.0268864779426
0.0269450677599
0.026980142417
0.0269948956006
0.0270653037933
0.0271493352467
0.0272036509714
0.0272800979804
0.0272360317629
0.0272852068493
0.0273148172241
0.0273111520168
0.0273429879554
0.0273427669191
0.027416170182
0.0274338941372
0.0274761243794
0.0275209492159
0.027550648487
0.0275506905578
0.0275902345427
0.0275626974339
0.0276088889118
0.0275694758759
0.027573439816
0.0276342120646
0.0277726421168
0.027840606402
0.0279179285193
0.0279385864954
0.0279811873311
0.0280179292007
0.0280952114083
0.0281117600862
0.0281301055344
0.0281445748141
0.0281696881661
0.0282027607264
0.0282717334659
0.0283555575182
0.0284484224223
0.0285256023287
0.0286047541119
0.0285935967515
0.028620465286
0.0287181482639
0.0287358830719
0.0288122012177
0.0288468818877
0.0289436103684
0.0289604425198
0.0290074450999
0.0290202627523
0.0291032561218
0.0291729421335
0.029218706323
0.029247753571
0.0292902625861
0.029368694193
0.0294042711316
0.0294604233654
0.0294991127946
0.0295466778771
0.0295770383549
0.0296128113562
0.0296374877737
0.0297489477671
0.029803762385
0.0298721514279
0.0299486000985
0.0300237786402
0.0300532120152
0.0300973800034
0.0301368116458
0.0301796687705
0.0301917508011
0.0302376766659
0.0302484386131
0.0302837725557
0.0303191251597
0.0303717168432
0.0304579211215
0.0305238336652
0.0306051569284
0.0306025909479
0.0306401461758
0.0307406207467
0.0308661864316
0.0309108563621
0.0309708906419
0.0310211974888
0.0310474389194
0.0311474809867
0.0311716773351
0.0311918019707
0.0312280678789
0.03122876704
0.0312908122454
0.0313424179201
0.0313809314818
0.0314458934646
0.0314868781522
0.0315227509569
0.031604566086
0.031652888266
0.0316984694193
0.0317607499364
0.0318129633162
0.0318772783549
0.0319652116199
0.0320297627827
0.032090933656
0.0321477620538
0.0322120711136
0.0322213928691
0.0323214500602
0.0323695414579
0.032400123047
0.0324407080513
0.0325224521948
0.0325656273639
0.0326832439817
0.032768790357
0.0328487040381
0.0329627314055
0.0330291981226
0.0330696810742
0.0331489640546
0.0332080017897
0.0332678139337
0.0333046744193
0.0333187319409
0.0333334915471
0.0334004583181
0.0334405982377
0.0335060491628
0.0335600002679
0.0336377981163
0.0337308332271
0.0337877664002
0.0338330290458
0.0339100806157
0.0339780236703
0.0340253613407
0.0340504066725
0.0340864519863
0.0341481147795
0.0342284338511
0.0342866561045
0.0343299785218
0.0343629476621
0.034450555817
0.0345112077315
0.0345381606088
0.0345922683793
0.0346347786745
0.0346824980694
0.0347668125976
0.0348141172654
0.0348551737674
0.0349238048657
0.0350042337586
0.0350801764681
0.0351397723343
0.0351927282685
0.0352141521812
0.0352960519288
0.0353953448655
0.035451986783
0.0355187908418
0.0355787993312
0.0356455940371
0.0357222972407
0.0357767077745
0.0358237478131
0.0358800336594
0.035951908389
0.0359973633677
0.0360652450073
0.0361080932013
0.0361915805869
0.036270314666
0.0363368188787
0.036381537251
0.0364376820107
0.0365018791531
0.0365691467886
0.0366347666059
0.0366845305803
0.0367841469216
0.0368426573867
0.0368942805568
0.0369995357451
0.0370926915415
0.0371616607261
0.0372296572368
0.0372836984244
0.0373388568578
0.0374468502311
0.0375243665901
0.037563559594
0.0376452746079
0.0377417230216
0.0378207951866
0.0379190289151
0.0379796149577
0.0380562084885
0.0381379057113
0.0382027712368
0.0382634134605
0.0383221770023
0.0383809017163
0.0384474068199
0.0385071776125
0.0385938032086
0.0386473152386
0.0387328398289
0.0388274693164
0.038885429238
0.0389473315545
0.0390286773784
0.0390914198455
0.0391521768652
0.0392281980319
0.0393017232195
0.0393751370551
0.0394555674343
0.0395410469653
0.0396311625094
0.0397169684718
0.0397667846224
0.039849328409
0.0399185671096
0.0399932169159
0.0400626214521
0.0401582650274
0.0402012578901
0.040311846412
0.0403700660611
0.0404204163007
0.0404861628401
0.0405496913997
0.0406200476565
0.0406777902306
0.0407528380524
0.0408371734275
0.0409232763683
0.041008854539
0.0410916677745
0.0411998399879
0.0412896647254
0.0413695163339
0.0414539317197
0.0415232754635
0.0415987815014
0.0416708219386
0.0417372634645
0.0418024256686
0.0418579886433
0.041921460567
0.0419608539791
0.0420618410554
0.0421441200327
0.0422411100224
0.0423310995593
0.042404799718
0.042487292068
0.0425641165758
0.0426161075629
0.0426803998382
0.0427428002257
0.042814366016
0.0428909551225
0.042958308141
0.0430309370092
0.0431111342143
0.04321189608
0.0433065352099
0.0434109310501
0.0434785222714
0.0435350398067
0.043621425971
0.0436905859818
0.0437724353967
0.043839397238
0.0439081924005
0.0440046633024
0.0440755139294
0.0441348055564
0.044201157439
0.0442622077017
0.0443455750052
0.0444233193955
0.0444870609445
0.0445504937755
0.0446257089089
0.0446820332154
0.0447626645381
0.0448021007196
0.0448925245476
0.0449557367667
0.0450336215476
0.0451438041343
0.0452323337099
0.0453161498551
0.045391498656
0.0454603139808
0.0455444682074
0.0456152457576
0.0456834176218
0.0457741824987
0.0458477257751
0.0459224707828
0.0460150107127
0.0460699643599
0.0461319797304
0.0461906623423
0.0462490349788
0.0462945108361
0.0463591792453
0.0464524726445
0.0465072380292
0.0466046304722
0.0466729045174
0.0467610334872
0.0468203969712
0.0469033208006
0.0469795105234
0.04704341983
0.0471030274054
0.0471713927013
0.0472332820958
0.0472932048402
0.047383750027
0.0474647138265
0.0475221591499
0.0476030509299
0.0476853855439
0.0477554671854
0.0478253693881
0.0478901888294
0.0479679612723
0.0480416893623
0.0481163071524
0.0481922038844
0.0482620877599
0.0483476393916
0.0483991256663
0.0484587024926
0.0485162992177
0.0486006147789
0.0486916309078
0.0487750187293
0.0488439676696
0.0489087609777
0.0489869665182
0.0490556861715
0.0491302708969
0.0492310044189
0.0493100087074
0.0493933596324
0.0494517770819
0.0494942341951
0.0495817612462
0.0496688411617
0.0497271460391
0.0498066447495
0.0498727215136
0.0499444897029
0.0500013284278
0.0500670308272
0.0501669674675
0.050229405564
0.0503165894697
0.0504128046129
0.0505200478937
0.0505993090433
0.0506981859732
0.050778094305
0.0508590443756
0.0509424685945
0.0510043453411
0.0510743365725
0.0511507734127
0.051220736615
0.0513037631302
0.0513853010655
0.0514693482337
0.051555893573
0.0516346043266
0.051696523507
0.0517918927269
0.0518660212321
0.0519431570937
0.0520352696412
0.0521115259531
0.0522004424841
0.0522788957334
0.0523446553835
0.0524208011464
0.0524918582021
0.0525478448716
0.0526112003452
0.0526923523048
0.0527699606993
0.0528518221158
0.0529208181226
0.0530048516133
0.0530833285061
0.0531617598138
0.0532162042683
0.0532732138466
0.0533408947759
0.0534295079694
0.0535040334179
0.0535844684781
0.0536820902768
0.0537513344169
0.0537947172224
0.0538738629562
0.0539526274965
0.0540171208482
0.0540905797065
0.0541546014188
0.0542129315884
0.0542991587626
0.0543655560824
0.0544350866686
0.0545016854904
0.0545704728944
0.0546258567389
0.0546823848786
0.0547474188613
0.0548257146975
0.0549061766041
0.0549770498223
0.0550643022052
0.0551352262042
0.0552002801003
0.0552564583358
0.0553215825047
0.0554060224956
0.0554824839011
0.0555655042893
0.055635660829
0.055722178974
0.05578295157
0.0558603318026
0.0559341527712
0.0560030832506
0.0560770575446
0.0561676318775
0.0562529921276
0.0563290638226
0.0564187614845
0.0564822944393
0.0565645040938
0.0566363610659
0.0567146138018
0.056802713978
0.0568599562255
0.056915184275
0.0569965627258
0.0570614926228
0.0571408090046
0.0572252458929
0.0573123723905
0.0573957663602
0.0574654831731
0.0575352327077
0.0576208066992
0.0577173581334
0.0577796983677
0.0578588965872
0.0579294080737
0.0580062813886
0.0580686912022
0.0581449054272
0.0582036243597
0.0582794833608
0.0583384202147
0.0584069467383
0.0584727888826
0.0585423741599
0.058621765467
0.0586854098451
0.0587535676548
0.0588334631462
0.0589108480009
0.0589909342605
0.0590673322228
0.0591498581349
0.0592228447368
0.0593056721132
0.0593753394148
0.0594408296878
0.0595133946287
0.0595975911928
0.0596743355015
0.0597566840948
0.0598188607253
0.0599028876402
0.059974574616
0.060046439446
0.0601128335676
0.0601943864268
0.0602600786741
0.0603440444006
0.0604177259459
0.0604914763407
0.0605545485396
0.0606336944864
0.0606963216633
0.0607544635611
0.0608374969531
0.0609076782204
0.0609788557755
0.06105345492
0.061120575918
0.0612053417162
0.0612756109346
0.0613348265318
0.0614223389602
0.061508597294
0.0615790863562
0.0616506365797
0.0617249699315
0.0617864133603
0.0618482649293
0.0619178259973
0.0619780216552
0.0620525934233
0.062116005573
0.0621996219231
0.0622749656914
0.0623485050924
0.0624130594139
0.0624788688168
0.0625479337911
0.0626133007332
0.0626857754057
0.0627401619635
0.0628013300717
0.0628813510706
0.0629512899042
0.06301288289
0.063098227006
0.0631787722167
0.0632494666658
0.0633177840079
0.0633954742286
0.0634560692423
0.0635149848321
0.0635837975883
0.0636669882068
0.0637250127055
0.0637890657432
0.063847215516
0.0639194894054
0.0639897721889
0.0640526011634
0.0641331006113
0.0642245285044
0.0642981046452
0.0643639967282
0.0644281575694
0.0644939987403
0.064551780913
0.0646236290349
0.0646934301726
0.0647613253978
0.0648271228328
0.0648804909853
0.0649452931461
0.0650140439934
0.0650838874555
0.0651426674104
0.0651935825025
0.0652652395079
0.0653338109784
0.0654217846754
0.0654898542021
0.0655681754538
0.0656536340515
0.0657115438735
0.0657831370866
0.0658592343589
0.0659189881326
0.0659862714112
0.0660422979703
0.0661228231881
0.0661847285559
0.0662675156038
0.0663355924228
0.0664064765438
0.0664786576016
0.066552008717
0.0666147118464
0.0666851046096
0.0667501333591
0.0668149609631
0.0668910976494
0.0669518150717
0.0670184789688
0.0670948364179
0.0671512695817
0.0672224665918
0.0672929174795
0.0673623514886
0.0674188165823
0.0674832506656
0.0675532726756
0.0676333741774
0.0676918336131
0.0677641972736
0.0678309718074
0.0678948043602
0.0679653583745
0.0680490135582
0.0681247026217
0.0681945467019
0.0682595804396
0.0683273961775
0.0683924761151
0.0684668488876
0.0685378906853
0.0686160443616
0.0686935061388
0.0687558290982
0.0688275656415
0.0688892993163
0.0689610807116
0.0690189765836
0.0690881114927
0.0691556097672
0.0692150528544
0.069290834498
0.0693675723269
0.0694315242319
0.0694997855931
0.0695579859223
0.0696245420717
0.0696828517447
0.0697392960762
0.069823718143
0.0698958619215
0.0699532032125
0.0700180273419
0.0700799065642
0.0701506423835
0.0702262563144
0.0702945380253
0.0703720838875
0.070438899511
0.0704983130711
0.0705523045335
0.0706216248926
0.0706888900254
0.0707543158829
0.0708286959945
0.0708981418898
0.0709600075068
0.0710299259481
0.0711054180122
0.071172006396
0.071233637737
0.0713070101625
0.071372108556
0.0714312132784
0.0714988821636
0.0715583705002
0.0716222237823
0.071694754813
0.0717637594269
0.0718377678413
0.0719037183316
0.0719704057179
0.0720332451872
0.0720984847086
0.0721738358838
0.0722406757252
0.0723015488399
0.0723712056667
0.072426607854
0.0724869026235
0.0725600273351
0.072620170207
0.0726692893562
0.0727321654512
0.0727869651042
0.0728586100154
0.072916224162
0.0729783314763
0.0730314113818
0.0730907906839
0.0731533036779
0.0732180087925
0.0732917991812
0.0733560220277
0.0734284191078
0.0735034910298
0.07356362012
0.0736223235733
0.073677766554
0.0737471842563
0.0738223729084
0.0738874783174
0.0739549911855
0.0740294361084
0.0740977184311
0.0741655258894
0.0742368341304
0.0743142906508
0.074369584686
0.0744264360021
0.0744915259303
0.0745598547369
0.0746335941166
0.074691502194
0.0747596687976
0.0748173772154
0.0748966181069
0.0749651152793
0.0750153578514
0.0750894541978
0.0751567282488
0.0752099327583
0.075274166095
0.0753479488113
0.0754064147531
0.075459602013
0.0755190787594
0.0755745448315
0.07564549626
0.0757268186288
0.0757983889862
0.0758617812862
0.0759200234337
0.0759812706242
0.0760308284603
0.0760855871074
0.0761506819217
0.0762090912915
0.0762724330863
0.0763380289145
0.0764130364165
0.0764654051265
0.0765255137917
0.0765747092605
0.076646335525
0.0767211610756
0.0767881180377
0.0768554651655
0.0769238421128
0.0769895893514
0.0770439479873
0.0771099209852
0.0771648102791
0.0772309861218
0.0772855440545
0.077349118369
0.0774278862424
0.0774937439407
0.0775642696043
0.0776343900632
0.0776999268456
0.0777687525995
0.0778232772293
0.0778878106166
0.0779496102382
0.0780187466622
0.0780751656494
0.0781375172639
0.0782127714036
0.0782749524033
0.0783460223906
0.0784101663912
0.0784761825448
0.0785403417471
0.0786052135022
0.078668841254
0.0787259722484
0.0787904491964
0.0788461472797
0.0789110713463
0.0789779541538
0.0790387492077
0.0790964072024
0.0791618386503
0.0792304661608
0.0792872772017
0.0793591111154
0.0794260980672
0.0794970719058
0.0795444929785
0.07960926013
0.0796899008984
0.079762991906
0.0798196661242
0.0798919612651
0.0799605265109
0.0800152803255
0.0800806422937
0.0801436569574
0.0802027969479
0.0802579176772
0.0803241584813
0.0803984833255
0.0804652000333
0.0805308481106
0.0805972184278
0.0806589970645
0.0807210243236
0.0807925468464
0.0808547697618
0.0809167343393
0.0809781385194
0.0810412007884
0.0811113207278
0.0811746114166
0.0812373728907
0.0812946316371
0.0813583195948
0.0814209889889
0.0814782083909
0.0815431215336
0.0816095985469
0.0816758937778
0.0817383491319
0.0818044234524
0.081871948494
0.0819362033238
0.0820094350118
0.0820683795383
0.0821383512687
0.0821940017068
0.082275009932
0.082339247983
0.0824104096057
0.0824767387075
0.0825430022868
0.0826129062392
0.0826804167977
0.0827445643504
0.0828188920217
0.0828838227854
0.0829465541597
0.0830239709826
0.0830824270661
0.0831504745387
0.0832184309895
0.0832780297725
0.0833461194514
0.0834084468623
0.0834714831982
0.0835297811668
0.0835865291735
0.0836448391425
0.0837094333027
0.0837746095816
0.0838480735736
0.0839160843928
0.0839785377322
0.0840385891184
0.0841206447939
0.0841803134274
0.0842465496319
0.0843136501497
0.0843827043467
0.0844532205258
0.0845272947102
0.0845888269113
0.0846592028252
0.0847201144924
0.084773065888
0.0848307455447
0.0848948152425
0.0849554850544
0.0850118073419
0.0850753694255
0.0851485382115
0.0852169195805
0.0852818825594
0.0853456943923
0.08540946567
0.0854919738771
0.0855582560539
0.0856194447925
0.0856810174275
0.0857488887631
0.0858160901355
0.0858856991715
0.0859590987077
0.0860377249192
0.0860938532921
0.0861652107516
0.0862281736701
0.0863081550243
0.0863668873109
0.0864244017637
0.0864924071134
0.0865533007276
0.0866252080407
0.0866948182093
0.0867589299762
0.0868240227026
0.0868924345624
0.0869491042571
0.0870171472959
0.0870851564692
0.0871538576285
0.0872268354249
0.0872997996714
0.0873665108902
0.0874297735471
0.0874908732745
0.0875545606095
0.0876278991685
0.0877014091527
0.0877755279433
0.0878568982464
0.0879230301344
0.088001122638
0.0880678969033
0.0881415542743
0.0882093023596
0.088271169309
0.0883339867971
0.0884079361119
0.0884804169021
0.0885472304393
0.0886086427862
0.0886708177553
0.0887416379987
0.088810694778
0.0888974760105
0.0889670959223
0.089038147823
0.0891005672248
0.0891716796762
0.0892444931983
0.0893062197924
0.0893757230494
0.0894448521791
0.0895083333981
0.0895718570637
0.0896478034934
0.089711272403
0.0897628720382
0.0898378540855
0.0899096386682
0.0899790768011
0.0900524050205
0.0901287371724
0.0901963211352
0.0902588243078
0.0903371786574
0.0904013818276
0.0904686385144
0.0905341703569
0.0906159137258
0.0906765436067
0.0907489525446
0.0908203688509
0.0908960614602
0.0909736344636
0.0910508852247
0.0911263044957
0.0911949567683
0.091264392401
0.0913366491967
0.0914153245519
0.0914859856862
0.0915555182772
0.0916265253391
0.091707209207
0.0917784954306
0.0918468199412
0.0919135114198
0.0919800184006
0.0920567167628
0.0921291583464
0.092203112048
0.0922728830728
0.0923406199524
0.0924179894811
0.092488810073
0.0925593546843
0.0926309160503
0.0927008336088
0.092771004578
0.0928475188794
0.0929325072652
0.0930035126439
0.0930783007906
0.0931500144461
0.0932235644542
0.0932974822087
0.0933872531497
0.0934574491354
0.093539073896
0.093608152614
0.0936814435862
0.0937609931212
0.0938372950588
0.0939098077032
0.0939872763425
0.0940702454221
0.0941400588143
0.0942191617068
0.0942967711072
0.0943778834121
0.0944573744487
0.0945266401524
0.0946082988149
0.0946818338872
0.0947625910788
0.0948428002239
0.0949244707378
0.0950001148031
0.095067016085
0.0951373947315
0.0952150427271
0.0952948320736
0.0953751215222
0.095452102652
0.0955317675184
0.0956085961564
0.0956819415207
0.095764482504
0.0958428197232
0.0959258910151
0.0960004419891
0.0960801960806
0.0961630065596
0.0962437558608
0.0963330348358
0.0964080366784
0.0964895494778
0.0965740056934
0.0966559849012
0.0967318006993
0.0968096609262
0.0968960147942
0.0969760970475
0.0970553486016
0.0971383039327
0.0972307961568
0.0973166306107
0.0974048413169
0.0974817457758
0.0975580730948
0.0976327470473
0.0977096007123
0.097786926431
0.0978702391694
0.0979576615764
0.098046219491
0.0981282469969
0.0982035484974
0.0982847534533
0.0983637766004
0.0984366271525
0.0985220094629
0.0986144235187
0.0986999318153
0.0987864723458
0.0988706849856
0.098958480182
0.0990450791589
0.099126355736
0.0992162871074
0.0992966138444
0.0993804767851
0.0994705476519
0.099562799827
0.0996418663548
0.0997292100319
0.0998110665941
0.0998951513972
0.0999783158286
0.100064950783
0.100158551557
0.100241775556
0.100331582217
0.100418694017
0.100502870216
0.100586965218
0.100670117787
0.100751936962
0.100835353684
0.100919770997
0.101012065652
0.101088715542
0.101187820547
0.101272733179
0.101361838192
0.101454746187
0.101541979323
0.101627734573
0.101715925796
0.10179850396
0.101884784345
0.101968759615
0.102050919662
0.102138440705
0.102228774481
0.102319754329
0.102404850606
0.102493978137
0.102578286459
0.102662871503
0.102745728092
0.102839086812
0.102929214823
0.103016634027
0.103107262399
0.10319494586
0.103285813502
0.103373152669
0.103463786485
0.103548581482
0.103644601486
0.10373303421
0.103827926226
0.103926637464
0.104022832653
0.104115642994
0.104211166842
0.104297275037
0.104385465608
0.104469803064
0.104569214659
0.104662620238
0.104758991843
0.104854103034
0.104948756612
0.105040635927
0.105141692619
0.105233998694
0.105331441986
0.105430809731
0.105516311659
0.105608355238
0.105703267641
0.105803116574
0.10589622732
0.10598885075
0.106089151112
0.106183429711
0.106282168139
0.106380947973
0.106482502048
0.106578668723
0.106682081515
0.106780453588
0.106879064546
0.106978330202
0.107071379998
0.107166146449
0.107254700513
0.10735535453
0.107457921341
0.107558182857
0.107656606323
0.107748103423
0.107841247692
0.107939184465
0.108034085508
0.108132428785
0.108226336197
0.108321163824
0.108417686626
0.108506232777
0.108596889002
0.108704540276
0.108795150876
0.108891215325
0.108991064233
0.109094518061
0.109188029468
0.109284147683
0.109376373785
0.10947388834
0.109573414294
0.109673974319
0.109774954588
0.109873171251
0.109971465104
0.1100713718
0.110168623392
0.110277113564
0.110382009085
0.110488696121
0.110585041757
0.110689712161
0.110786344916
0.11088134597
0.110979652655
0.111080697124
0.111185099789
0.111285786387
0.111381232137
0.111482929829
0.111590963289
0.111681564753
0.111787463051
0.111891136499
0.111986535183
0.112089462785
0.112203212543
0.112304829678
0.1123998901
0.112499422485
0.112599876572
0.112698043566
0.112800084819
0.112906218595
0.113010348118
0.113105384006
0.113211909629
0.113316432221
0.113419004106
0.113519943492
0.113614651532
0.113718978038
0.113825562383
0.113923492841
0.114030626203
0.11412976088
0.114233195978
0.114352968402
0.114453988443
0.114563300324
0.114669896873
0.114781614878
0.114892323891
0.115006087364
0.115122325076
0.115223538456
0.115344140552
0.115448286349
0.115556264209
0.11566644891
0.11577239864
0.115883643889
0.115992778488
0.116104088098
0.116214864321
0.116320005288
0.116426386305
0.116534920637
0.116653617094
0.116773720557
0.116887336122
0.116992113857
0.117102009989
0.117211754205
0.117327264644
0.117443639557
0.117547051123
0.117657284051
0.117770664508
0.117879264205
0.117983340964
0.11809489875
0.118203893656
0.11831207525
0.118426051482
0.118538809503
0.118654467409
0.118764780621
0.118880855301
0.118992451234
0.119100561002
0.119205613756
0.119306760171
0.119413895974
0.119523064113
0.119628351311
0.119749413903
0.119862395334
0.119972299887
0.120087894505
0.12019014529
0.120303571978
0.120405016094
0.120522530964
0.120628872006
0.120734560354
0.120840329294
0.120944013183
0.121065510113
0.121183521998
0.121305249461
0.121415074096
0.121536032859
0.121645277939
0.12176915139
0.121882535176
0.12199089826
0.122112513693
0.12221896827
0.122329680458
0.122432804243
0.122540828032
0.122654832224
0.122759555336
0.12287631315
0.122983302248
0.123093981895
0.123211042387
0.12332160449
0.123435995367
0.123543583599
0.123654378946
0.123764883443
0.123879652071
0.123993152755
0.124098859717
0.124218711139
0.124337480248
0.124452311969
0.124571985155
0.124691889632
0.124807286512
0.124919972671
0.125030450711
0.125148565355
0.125261113398
0.125374924548
0.125479862116
0.125602135353
0.125725705763
0.125836128961
0.125947217928
0.126065790063
0.126178763416
0.126294076381
0.126406585948
0.126527117493
0.126646586555
0.126761267581
0.126873094739
0.126991812352
0.127107395882
0.127217472287
0.127340832178
0.127451386809
0.127563878551
0.127682509361
0.127796086935
0.127906708147
0.128020661751
0.128135649394
0.128254446838
0.128371666986
0.128485866474
0.128606344539
0.128719714066
0.128833472814
0.128951658045
0.129065589899
0.129181044723
0.129292634864
0.129404005348
0.129523793504
0.129641499579
0.12976231956
0.129877311403
0.129996402069
0.13012124947
0.130234894048
0.130356061264
0.130475631461
0.130595221792
0.130717175025
0.130836719215
0.130946313577
0.131073185417
0.131192324952
0.131304561591
0.131422263578
0.131536877049
0.131652537275
0.131768516306
0.131895953558
0.132005873448
0.132126154496
0.132242764229
0.132362416255
0.132480318872
0.132600059766
0.132716692668
0.13283211662
0.132951875192
0.133071826213
0.133179656092
0.133291531426
0.133416270209
0.133533822975
0.133654952184
0.133773072113
0.133887025483
0.134003972774
0.134125996128
0.134245189808
0.134354423663
0.1344733568
0.134598985807
0.134723581671
0.134838898582
0.134959896236
0.135078892832
0.135194024877
0.135311264941
0.135431551822
0.135555953408
0.135672669245
0.135791990721
0.135909673502
0.136032173158
0.136149504595
0.136271900081
0.136393895233
0.136513348442
0.136635864883
0.136757290407
0.136887617951
0.137010878485
0.137133111452
0.137246973281
0.137369813168
0.137498584181
0.137622199727
0.137742053767
0.137873282839
0.137998284965
0.138125967462
0.138259051629
0.138382225768
0.13850858923
0.13863466812
0.138757213426
0.138875740779
0.139007227946
0.139130992896
0.139248099946
0.139365760608
0.139490844189
0.139610975265
0.139718555447
0.139839998395
0.139955279819
0.140072297278
0.14019293562
0.140313149481
0.140432014792
0.140552111622
0.140674091619
0.140801138628
0.140919963137
0.141047645272
0.141168432453
0.141290509958
0.141407749692
0.141526555297
0.141650022289
0.141764398844
0.141887293637
0.142008850601
0.142130268662
0.142254030683
0.142372224891
0.142492963102
0.142610841555
0.142726810411
0.142844804864
0.142957458212
0.143081534037
0.143201903638
0.143317152922
0.143432420318
0.143555860746
0.143679936353
0.143803717674
0.143927319181
0.144049229033
0.144173326473
0.144294645877
0.144414576772
0.144536980196
0.144656802852
0.144783699877
0.144904769858
0.1450372234
0.145160348592
0.145287383383
0.145409930186
0.145534572633
0.145656457283
0.145779371349
0.145896609641
0.146016190633
0.146133549219
0.14624727191
0.146366081154
0.146489074091
0.146617306202
0.146736128252
0.146855542046
0.146969456805
0.14709570663
0.147211867778
0.147336053405
0.147458541167
0.147587308066
0.147716913338
0.147846611661
0.147967302766
0.148095540437
0.148224384075
0.148348371486
0.148474517095
0.148588158451
0.148707372906
0.148831954938
0.148953032453
0.149077753095
0.149203517997
0.149326460559
0.149443204017
0.14956654776
0.149687524831
0.149802355949
0.149922425654
0.150043200441
0.150163285277
0.150287191793
0.150414513714
0.150539149328
0.150668829845
0.15078903202
0.150912979879
0.151031286272
0.151148438816
0.15126549105
0.151386115047
0.151500980053
0.151622095752
0.151744709391
0.151868997924
0.151994888073
0.152117991392
0.152240884786
0.152360449054
0.152481986525
0.152604811715
0.152716876572
0.152837160593
0.152957419372
0.153079519772
0.153205068387
0.153318973466
0.1534445767
0.153569933332
0.153689290581
0.153807857145
0.153933392837
0.154058510122
0.154182476073
0.154304514535
0.154424069762
0.154546921244
0.154669453524
0.154786160564
0.154907538517
0.155030421688
0.155150549462
0.15527390018
0.155399594104
0.155526721305
0.155642041841
0.155768084266
0.15588969029
0.156011469558
0.156130413362
0.156257031634
0.156372765212
0.156497697618
0.156626382115
0.156749945044
0.156874223251
0.156987165825
0.157104559301
0.157227920293
0.157348437891
0.157467100782
0.157588889699
0.157718582703
0.157839427551
0.157957692692
0.15807912901
0.158194310961
0.158323351713
0.158441438759
0.158560299858
0.15868359643
0.158803094601
0.158928104826
0.159052206086
0.159173186507
0.159290320466
0.159415608876
0.15953748811
0.159658109975
0.159784487184
0.159915542835
0.160031900064
0.160158526901
0.16027885359
0.160400740018
0.160519466893
0.160631449743
0.160753273091
0.160869549802
0.160994916302
0.16111274537
0.161241165869
0.161363785953
0.16148547006
0.161613425834
0.161744665389
0.161864366804
0.161987674896
0.162105630974
0.162229943659
0.162350173025
0.162471120886
0.162594317667
0.162723511788
0.162845236079
0.162969707899
0.163087496708
0.163205884728
0.163326629345
0.163450241438
0.163579671385
0.163698725962
0.16381889674
0.163937274649
0.164058997499
0.164182731089
0.164300023809
0.164418714314
0.16454301152
0.164661755276
0.164783502475
0.164910219841
0.165031463327
0.165152526269
0.165270098591
0.165388737441
0.165513417343
0.165634394305
0.165756204279
0.165883522863
0.166000874771
0.166119865583
0.166240373086
0.166360985396
0.166478173685
0.166596032529
0.166717235461
0.166838539036
0.166961889526
0.167084090343
0.167205100291
0.167326518018
0.167456541203
0.167579444668
0.167699579791
0.167815471911
0.167940627918
0.16806057262
0.168176561895
0.168297833837
0.168423762575
0.16853950396
0.168664358467
0.168786195593
0.168906418111
0.169025756751
0.169147694686
0.169278075921
0.169400494451
0.169525851657
0.169648663587
0.169765056348
0.169882348803
0.17000263947
0.170128452047
0.170240956463
0.170365647474
0.170484154642
0.170607213185
0.170727990864
0.17084681424
0.170961801548
0.171079980536
0.171203470652
0.171321867252
0.17144299011
0.171563851689
0.171692338203
0.171802435706
0.171920327196
0.17203837564
0.172160335377
0.172283759335
0.172400526915
0.17251537436
0.172638395825
0.172758506868
0.172880306802
0.17299661406
0.1731240099
0.173240820498
0.173359746543
0.173486702653
0.173608898589
0.17372055792
0.17384006399
0.173959823412
0.17408162632
0.174204541308
0.174323254573
0.174444218929
0.174564770825
0.174680728702
0.17480265322
0.174922919872
0.17504488481
0.175166290675
0.17528875445
0.175407026526
0.175528921556
0.175643801468
0.17576311333
0.175881978556
0.176001228437
0.176121483127
0.176237791258
0.176356247813
0.176477826281
0.176591632752
0.176710402985
0.176831495763
0.176955435028
0.177082755032
0.177201477421
0.177324128077
0.177446423383
0.17756816572
0.17768632058
0.177805986125
0.177927800521
0.178047856628
0.178170095034
0.1782913819
0.178413031565
0.17854032826
0.17866287866
0.178786094882
0.178910455643
0.179031747228
0.179154275574
0.179272429819
0.179394547996
0.179512170611
0.179631703865
0.179754084667
0.17987407089
0.179996289394
0.180115645774
0.180236831783
0.180357488575
0.180481992201
0.180602129073
0.180725689302
0.180846590083
0.180964139636
0.181083626269
0.181202352522
0.181318571858
0.181445746475
0.181569786166
0.181693016282
0.181819969188
0.181938081712
0.182054884426
0.182174529794
0.182297457035
0.182420672874
0.182536275322
0.182657891582
0.18277550453
0.182889713672
0.183010613065
0.183125385185
0.183242165009
0.18335989892
0.183479794164
0.183601226294
0.183721405392
0.183844963249
0.183969088796
0.184084852469
0.184203341277
0.184328213867
0.184448716272
0.184572248442
0.184694191878
0.184814769409
0.184934273706
0.185051676592
0.185175596065
0.185297571561
0.185417410015
0.185540173004
0.185658928228
0.185785680258
0.18590288655
0.186028066659
0.186147926096
0.186267426718
0.186385236141
0.186509506613
0.186627528602
0.186747113922
0.18686350468
0.186987688504
0.187104262797
0.1872277467
0.187344963853
0.187464693657
0.187584720687
0.187711531358
0.187834523588
0.187948881171
0.188073478733
0.188195065625
0.188313549127
0.188439446455
0.188560674852
0.188680264788
0.188799396991
0.188919902801
0.18903690441
0.189158270957
0.189270049577
0.18938436709
0.18950219474
0.189627491964
0.189744488635
0.189865232513
0.189984286451
0.190103630762
0.190223910777
0.190340401751
0.190460692954
0.190582160145
0.190700080957
0.190824643941
0.190949823478
0.19106635835
0.191186297262
0.191309367568
0.191431544774
0.191551226327
0.191669761686
0.191790248
0.191905997514
0.192024110578
0.19214797429
0.19227154771
0.192390274157
0.192510225786
0.192632538017
0.192755179432
0.192878281325
0.192994821189
0.193113365921
0.193234449859
0.193353149707
0.193471926462
0.193586851527
0.193707740391
0.193821995135
0.193937906267
0.194059165058
0.19417997865
0.194293676962
0.194413863984
0.194532624217
0.194650961805
0.194772416312
