0.0698337296094
0.0363496981182
0.0389040210339
0.0291780157754
0.0233424126203
0.0195558794506
0.0167621823862
0.0217769107414
0.0193572539924
0.0174215285931
0.0200494917225
0.0251662528289
0.0232303872267
0.0215710738534
0.0201330022632
0.0226167954919
0.0212863957571
0.02398346986
0.0236935962464
0.0225089164341
0.0244597813203
0.0236186028744
0.0225917070973
0.0216503859682
0.0215592164673
0.020730015834
0.0214334016122
0.0220156144208
0.02373064924
0.0235223763144
0.0227635899817
0.0248725402948
0.024405094359
0.0236872974661
0.0234387754072
0.0227876983125
0.0221718145743
0.023246896848
0.0226508225698
0.0248990011187
0.0267307327987
0.0298759229404
0.0304377854015
0.0337562590287
0.0344803875643
0.033763216368
0.0332085627757
0.0346000510512
0.0364799222305
0.0367256737441
0.0360055624942
0.0353131478309
0.0347045292792
0.0357867832157
0.0352178129327
0.0352290768489
0.0346110228691
0.0340142810955
0.0348909458227
0.034309430059
0.0337469803859
0.0337808773513
0.0332446729489
0.0342877249341
0.0338348284355
0.0348464986053
0.037396287012
0.0368463416148
0.0363123366638
0.0365239657021
0.03600954365
0.0357784548277
0.0369127553173
0.036462107181
0.0359759457519
0.0366307030446
0.0380551410409
0.0375672546173
0.0372914402737
0.0369036374744
0.0376221043269
0.0376732010244
0.0372193070361
0.0367762200476
0.0364438616827
0.0360200958492
0.0365915602648
0.0370863887026
0.0374151039209
0.036999380544
0.0365927939446
0.0361950461843
0.0367762822468
0.0373956834995
0.0370481145248
0.0376023008319
0.037214648246
0.037547496015
0.0381783293886
0.0377965460947
0.037759512595
0.0373893212951
0.0377520303469
0.0391495317032
0.0394417621594
0.0390696700636
0.0391842919165
0.0397474003247
0.0393827452759
0.0406742714552
0.0412087374781
0.041323266686
0.0429740224727
0.0432418748112
0.0436506411172
0.0432743424869
0.0436372754571
0.0437254003156
0.0455365035824
0.0459091160526
0.0457262530151
0.045914407529
0.0458810548948
0.0455110463876
0.0456319260586
0.0455137019373
0.0456515857092
0.0468128559701
0.0472798818271
0.0470577488209
0.0466985293642
0.0463447526266
0.0467481755392
0.0463993085576
0.0460556099757
0.0466230102873
0.0468772264531
0.0470182758493
0.0472088579587
0.0474885140705
0.0471517160983
0.0474234469709
0.0481797251711
0.0478451437463
0.0480604904635
0.047731309022
0.0480205518178
0.0481219328256
0.0488628903723
0.0485417413791
0.0482202728931
0.0484670967557
0.0481503183455
0.0479022255361
0.0475931789197
0.0472880944395
0.047455107781
0.0471713441279
0.0468746690076
0.0465817023263
0.04645605206
0.0466469288606
0.0463607513829
0.0460780638745
0.0463457725782
0.046532714272
0.0462540752644
0.0464163080847
0.0466977881087
0.0473863845849
0.0482071626169
0.048451597718
0.0486423435404
0.0483627898419
0.0484854809263
0.0482537139752
0.0492729723615
0.0493157085237
0.0495709280292
0.0495957340333
0.0493795553672
0.0496302171509
0.0499299950579
0.0497752878912
0.049506232281
0.0495487931953
0.0498648562852
0.0500796708795
0.0500727281654
0.0502841874908
0.0500209194935
0.0497603938711
0.0503132605066
0.050053913803
0.0497972270655
0.0495844834125
0.0493327855272
0.0499496653983
0.0500874966965
0.050244312338
0.0500813180551
0.0505711927616
0.0507233081914
0.051355431187
0.0519457856385
0.0518965926671
0.0519908250222
0.0517408691327
0.0514933051655
0.0516359590695
0.0518189640028
0.0520462330405
0.0527673337426
0.0534319723699
0.0541973341498
0.0546468110963
0.0548468551217
0.055424335144
0.0555431766502
0.055911521861
0.0559587187898
0.055716772799
0.0554669217999
0.0552193016133
0.054973882495
0.0554878234486
0.0557112375168
0.0555293442564
0.0556247536428
0.0557822906802
0.0558590305
0.0556240570391
0.0553853271806
0.055432150753
0.0551962692605
0.0549623867636
0.055224568784
0.0553916924445
0.0558613008182
0.0559509541221
0.0557243741779
0.0565224267381
0.056680770661
0.0565165393812
0.0562858596286
0.0560570553212
0.0561772190648
0.0566794782622
0.0568142996346
0.0566064402462
0.0563809165798
0.0567444481165
0.0571985860796
0.0576849597565
0.0580816019486
0.0583757475777
0.0584655330929
0.0582577188272
0.0580327855499
0.0581619581742
0.0586343285452
0.0585545614907
0.0583319205724
0.0581109663278
0.0581990405115
0.0579802471261
0.0580842068747
0.0587824367523
0.0588371830434
0.0589755819783
0.0594599894249
0.0596090335814
0.0597386708211
0.0598179115297
0.0596003918514
0.0593925886521
0.0598306569241
0.0597511774397
0.0595370155134
0.0593347531235
0.0593721160292
0.0591615766106
0.0592403364989
0.0590317437648
0.0591254481726
0.0595079088051
0.059652269383
0.0597923656698
0.0600055089049
0.0602508909486
0.0611960059067
0.0613288962974
0.0614122021121
0.0616103095131
0.0617382498626
0.0618594735137
0.0616511924581
0.0619586547014
0.0617541288111
0.061775216727
0.0624634893738
0.0628294332938
0.062936777365
0.062984775555
0.0627782680942
0.0630391806469
0.0633784280226
0.063763323005
0.0640422118901
0.0640600077834
0.063854027051
0.0638973734186
0.0642410719061
0.0640364825051
0.0643639480369
0.0642828387972
0.0643119440031
0.0641479807868
0.064784083699
0.0645816334374
0.0647390534392
0.0647783051172
0.0648636186302
0.0646634222764
0.0647313081662
0.0647957443375
0.0651088708839
0.0651586933049
0.0649606425654
0.0647637921334
0.0650492389519
0.0653446195387
0.0654058594199
0.0657585038093
0.0655622097681
0.0653670841437
0.0656617947377
0.0659494854338
0.0660543996994
0.0661542397003
0.0661358216775
0.0662202198597
0.0669170610972
0.0669717716754
0.0671386900486
0.0671176929499
0.0669242702037
0.0668963380862
0.066938040914
0.0670474559786
0.066988429389
0.0672730876152
0.0675591807561
0.0675133475007
0.067323169057
0.0678421572147
0.0676521231609
0.0681755322422
0.0682641797847
0.0680895680391
0.0681265792772
0.0679422958728
0.0681189469118
0.0679529456772
0.068011395444
0.0678255719592
0.0680374631187
0.068085561045
0.0679010473294
0.067903846721
0.0679640789401
0.0679893854315
0.0680490653633
0.0681561902702
0.0679744404295
0.0678800461395
0.0679274133912
0.0681019711192
0.0681772732002
0.0681023894072
0.0684354540019
0.0684588640536
0.0684954800238
0.0685874843192
0.0686254105559
0.0687626143945
0.0688584798445
0.0688434449505
0.0695079551378
0.0693769157427
0.0691994811756
0.0690229518868
0.068847320966
0.0693808763258
0.069619789212
0.0697504261318
0.0695931448887
0.0699757089964
0.0701803167594
0.0704466519317
0.0707693957127
0.070616852003
0.0711346292885
0.0711535883265
0.071362056078
0.071643768994
0.0715204768746
0.0713451815882
0.0713698892738
0.071384543431
0.0712108584105
0.0711396360945
0.0709693353134
0.0709946524382
0.0710745209649
0.0711123824967
0.0713785132072
0.0712077512139
0.071798748362
0.0717492613581
0.0717285385069
0.0717157742998
0.0717210666703
0.0719584653191
0.0719807998124
0.0718165905516
0.0716511028225
0.071709718144
0.0725414674447
0.0730652921612
0.0733202459648
0.0733489896084
0.0733989919419
0.0732298698407
0.0733516764319
0.0732682100511
0.0734409657283
0.0733374257835
0.0734525958381
0.0736856297112
0.0736133539829
0.0741469091023
0.0740390199383
0.0738757990838
0.0740777842299
0.0741063652476
0.0739405791956
0.0745117556176
0.0743505587752
0.0743777470972
0.0743558794839
0.0741913753257
0.0744365378526
0.0744430170506
0.0749543869276
0.0749987508256
0.0752093986186
0.0750611461601
0.0750844061903
0.0750809818052
0.0752639751807
0.0753606006677
0.0756830913002
0.0756127097786
0.0757019287374
0.0759885798928
0.0760170564038
0.0758546267961
0.0758298599431
0.0758509400284
0.0758915962067
0.075932080113
0.0760617200867
0.0760152523413
0.0760280763139
0.0760150629805
0.0758706184459
0.0758767344757
0.076062448453
0.0763110231343
0.0764745341341
0.0765088366962
0.0767297067764
0.076759762291
0.0766014947399
0.0766235214185
0.0768918802504
0.0771465183265
0.0771050735226
0.0770758330466
0.0775142744125
0.0773567250743
0.0773650291309
0.0772337412654
0.0775930341711
0.0778098873599
0.0778172127877
0.0780156268124
0.0781924960573
0.0782097773925
0.0780628656211
0.0780466185508
0.0781555570042
0.0781715880311
0.0782049116191
0.0784139012378
0.078276939861
0.0782089926297
0.0782237834104
0.0783873630869
0.078537042795
0.0783836501333
0.0782308554937
0.078393511243
0.0785749820401
0.0785950978228
0.0788357904231
0.0789399391545
0.0794969728734
0.0793493986353
0.0793381566733
0.0793269900687
0.0791753132234
0.0791878364806
0.0790655746138
0.0790670992282
0.079109562141
0.0793880875627
0.0794079499669
0.0800151474464
0.0802240382645
0.0801708940509
0.0802779876599
0.080280781657
0.0805415533971
0.0806629519802
0.0805180963124
0.0805198296371
0.0803930927637
0.0803740495464
0.0803438326054
0.0805714774013
0.0806833610874
0.0805922915719
0.0807751463251
0.0807782898401
0.0806320871411
0.080660472196
0.0806642658317
0.0807768634956
0.0807987191283
0.0806781409671
0.0810208962186
0.0811663993419
0.0813813621194
0.0815283661332
0.0815011016394
0.0815591815696
0.0815671165593
0.0814214609941
0.0815546380817
0.0814139526546
0.0815821019037
0.0821931114002
0.0824584940017
0.0824642872985
0.082621832497
0.0828539661314
0.0828033194577
0.0828185136898
0.0832257054208
0.0834134930115
0.0839800545398
0.0838748597579
0.0843107306877
0.0843710934659
0.0844579806487
0.0843422264912
0.0842063265538
0.0843844152241
0.0844809641322
0.0846238286161
0.0846843451197
0.0847141145041
0.0846444734198
0.0846075800197
0.0848895590359
0.0848847703957
0.0851123862919
0.0852984537017
0.0852580757649
0.0855068507954
0.0854605210966
0.0854381947754
0.0854500578242
0.0856862646255
0.0855964900656
0.0855438868926
0.0855570547723
0.0856472387797
0.0857811460666
0.085640295054
0.0856959135906
0.0859250641731
0.0859683111901
0.0862218727607
0.086278987069
0.0862786823325
0.0869092438958
0.0867708112765
0.0867337405619
0.0866948676819
0.0866462300662
0.0868119542436
0.0869777379983
0.08713352747
0.0870120933167
0.0869301201205
0.0869001442611
0.0870465497522
0.0870294822448
0.0874723125154
0.0873630634489
0.0873629883329
0.0872436305074
0.0872182589763
0.0872430979991
0.087108568176
0.0869825983711
0.087268854308
0.0871458714443
0.0870766084603
0.0869420897612
0.0868627607342
0.0871057151846
0.0874666423287
0.0875244751706
0.0875174897635
0.0876164782667
0.0875857855898
0.0875360586844
0.0875863041734
0.0875972308081
0.0878935655682
0.0879921066835
0.0881866672725
0.0881271126769
0.0881422752997
0.0881839343035
0.0882464332523
0.0883773616757
0.0884531229835
0.0884708469352
0.0883458782905
0.0883218327969
0.0883445377983
0.0885924104083
0.0885694875795
0.0884417555178
0.0883662688743
0.088463484418
0.0884564068538
0.088592277848
0.0885148840666
0.0886957335613
0.0887948789316
0.0887930007892
0.0888455350277
0.0889512194685
0.0890881004817
0.0892911164556
0.0894129503943
0.0895703830561
0.0897096165104
0.0897452467355
0.0896655179567
0.0897034769376
0.0899024435268
0.0898677448517
0.0898002210749
0.0897027861646
0.089828197373
0.089815641065
0.089767246654
0.0899281730891
0.0900777808264
0.0904255135135
0.0907802011912
0.0907693909562
0.090957084378
0.090833417088
0.090894455813
0.0908662159664
0.0909018264535
0.0909404931782
0.090898617642
0.0910323628701
0.0911519961585
0.0914474744408
0.0915005833879
0.0916435681145
0.0917734422766
0.0918667907897
0.0919931433052
0.0921027620124
0.0921752549911
0.0923630069276
0.0924123434295
0.0923280380113
0.0923741588105
0.0924084479024
0.0923442518019
0.0928288941386
0.0927887825625
0.0930211324809
0.0930380144865
0.0929082543547
0.0930151753835
0.0930125086635
0.0930372875087
0.0932619282733
0.0933769250547
0.0932505775162
0.0932070044151
0.0931626351953
0.0932133075176
0.0934315884851
0.0936557909637
0.0936094506385
0.0939197845093
0.0941214109732
0.0941806954438
0.0941289285639
0.0942038018021
0.0944564079179
0.0944140218304
0.0944538224467
0.0945181717239
0.0946744467589
0.094755374208
0.0950432121529
0.0951294258527
0.0952056246046
0.0955433715979
0.0955498437592
0.0956341182749
0.0959326018532
0.0960734208174
0.0960882595336
0.0962550026431
0.0962284598548
0.0961169371222
0.0962610790394
0.0964939165659
0.0967566907744
0.0966570971045
0.0968811134888
0.0969188250081
0.0969455117529
0.0972074629731
0.0974226877898
0.0972948364935
0.0973009167764
0.0972381479215
0.0972987836469
0.097350367524
0.09727327227
0.0972736130558
0.0974087686107
0.0977193383096
0.0976804710536
0.0980185732017
0.098039160193
0.0980997692792
0.0983358413707
0.0984088712938
0.0985715073293
0.0985782693325
0.0985325078296
0.0985034612255
0.098414722994
0.0984050791201
0.0983871886567
0.0984207722876
0.0985988153229
0.0985561468401
0.0986981797373
0.0988554886097
0.0989074232042
0.099039065976
0.0990458102685
0.099265030584
0.0996282429526
0.099897383425
0.0999544581604
0.100104659376
0.0999867115475
0.100140558594
0.100248832192
0.100315855062
0.100370176738
0.100448284079
0.100573154231
0.100507661875
0.100518677994
0.100624973373
0.100523875718
0.10062982731
0.100775244924
0.100976248659
0.100926076159
0.1008212139
0.100769790983
0.101005140343
0.100908226042
0.101043663336
0.101071522019
0.101049214119
0.101168791369
0.1012675159
0.101337128436
0.101394521099
0.101614683651
0.101794499548
0.101945278194
0.101937923917
0.101984122256
0.101862577649
0.101860875579
0.102010264397
0.101918764444
0.10212084389
0.102079331311
0.102219181374
0.102399119468
0.102482052278
0.102614469261
0.102726242812
0.102882945804
0.102966624751
0.103038481334
0.103056257223
0.102944653695
0.103000890962
0.102993189037
0.103097324279
0.10309055643
0.103268438255
0.103390838577
0.103457140038
0.103666743528
0.103659312951
0.103899747936
0.104034177286
0.104044202521
0.104159085948
0.104377961033
0.104599717933
0.104538880355
0.104685752629
0.104827805775
0.104836309971
0.104984511067
0.10525460576
0.10556287467
0.105781410385
0.105727030911
0.105792160338
0.105955504447
0.106140751196
0.10631646299
0.106306780307
0.106292769958
0.106289923729
0.106337070396
0.106294259186
0.106413437388
0.106640458151
0.106666133073
0.106818753491
0.107009148377
0.106943608338
0.107015750308
0.107261978658
0.107329117085
0.107440793693
0.107656210591
0.107684817219
0.107708764778
0.107911661318
0.107859795109
0.10805057457
0.1081609822
0.108352833429
0.108487509119
0.108728867518
0.108697658701
0.108743751887
0.108835627394
0.108934439913
0.10901399621
0.109241272705
0.109226048257
0.109461592878
0.109458878426
0.109426588488
0.109590529262
0.109792461348
0.109856201503
0.10982689698
0.109904056326
0.110041492104
0.110141867625
0.11024924693
0.110454479507
0.110693857636
0.110756797111
0.110802711405
0.110939976726
0.110946304925
0.110901290526
0.110915308675
0.111169838325
0.111320091017
0.11136277944
0.111471910469
0.111496027524
0.111624220486
0.1115826859
0.111773191634
0.111895832298
0.111841845353
0.112010518659
0.112017768196
0.112214527563
0.112395722512
0.1124339535
0.112393469988
0.11233698954
0.112340434728
0.112670010958
0.112869116285
0.113014220613
0.113016072927
0.113026864445
0.113061920954
0.113039675197
0.113122207582
0.113222370547
0.113210852799
0.11336453909
0.11364369352
0.113881880565
0.113894291868
0.113936498046
0.113974737421
0.114003320896
0.114002005803
0.11410264834
0.114276178103
0.114463970277
0.114521281417
0.114604852641
0.114729712342
0.11473733631
0.114898887909
0.115069831705
0.115242400837
0.115435793854
0.115619531221
0.115716407408
0.115805875888
0.11588054312
0.115925195462
0.11594990225
0.116091207196
0.11620900084
0.116347378998
0.116513680709
0.116659290481
0.116866525699
0.117052019289
0.116932942972
0.116999157432
0.117139926066
0.117111478694
0.117123313037
0.117259507895
0.117353663823
0.117417995816
0.117373857177
0.117417491954
0.117581337573
0.117504561758
0.117794540564
0.117929726834
0.117944168368
0.118168500642
0.118154952265
0.118350721716
0.118437676825
0.11868491117
0.118791947413
0.118925945354
0.118896300684
0.118883499501
0.118971087071
0.11896997475
0.119065814563
0.119130174282
0.119271563881
0.119427027832
0.119543133576
0.119620313431
0.119607741115
0.119716207048
0.119645159168
0.119738546509
0.119921400823
0.120045150807
0.120186777245
0.120468167593
0.12041835436
0.120597617198
0.120697475462
0.120806708214
0.120756842639
0.120984531323
0.121058059778
0.121358120054
0.121383776565
0.121478992749
0.121520971946
0.121717439626
0.121759532004
0.121749703739
0.121889414874
0.121902520397
0.121978536839
0.122012046839
0.122213619238
0.122352479559
0.122555120867
0.12275453085
0.122878499191
0.123056576057
0.123229995632
0.123386290977
0.123547884019
0.123625332739
0.123955891905
0.124131700782
0.124129306347
0.124247978807
0.124318969673
0.124544215908
0.124791840411
0.124836458735
0.124848430246
0.124962612674
0.125056597592
0.125217624765
0.125574785924
0.12562098703
0.125694338442
0.125853577551
0.125887419616
0.126028120547
0.126177650803
0.12628237391
0.126511513448
0.126595643414
0.126786817014
0.126910525656
0.127006923624
0.127064046528
0.127231635948
0.127423390077
0.127443870836
0.127503782528
0.127558666355
0.127726882644
0.127923325215
0.127953146664
0.127984239288
0.128161646243
0.128087273026
0.128081454241
0.128275045881
0.128314010835
0.128415020222
0.128573478614
0.128617847237
0.128788470863
0.128967848816
0.129170511873
0.129233928447
0.129287387006
0.129416573298
0.129560216862
0.129665947766
0.129886957965
0.129906133594
0.130003457022
0.130099049936
0.130216444158
0.130161449284
0.130247839314
0.130385890129
0.130518110391
0.130746434792
0.130911714736
0.130937817111
0.13094633266
0.131047785355
0.131222545857
0.131340378544
0.131287121804
0.131477848734
0.131490308495
0.131515530139
0.131605027684
0.13164142087
0.131821562584
0.131957182391
0.132125921423
0.132250830583
0.132335043983
0.132511281672
0.132651819758
0.13287453034
0.132915148582
0.133042131775
0.133119682629
0.13329029892
0.133403205386
0.133423776938
0.133549544334
0.133631871579
0.133681580999
0.133762333319
0.133966638428
0.134109464433
0.134200467869
0.134435037579
0.13439832957
0.134602955265
0.134587535878
0.134584469427
0.13468400214
0.134830482274
0.135039744929
0.135179858908
0.135323306177
0.13545009872
0.135591313186
0.135570379223
0.135529481459
0.135583399131
0.135691701971
0.135877307408
0.136046934501
0.136151463458
0.136326290118
0.136675206112
0.136649402756
0.136765623034
0.136902836214
0.136896965441
0.136871253549
0.136943931076
0.137098680641
0.137077877476
0.137188577103
0.13730080267
0.137318912174
0.137454861822
0.137460133709
0.137567283355
0.137644410166
0.137654914876
0.137649832152
0.137781971086
0.138007445359
0.138024316412
0.137969880368
0.137932892373
0.137936245682
0.138017062549
0.138034306459
0.138044774026
0.138064555861
0.138062846185
0.137990562443
0.138060840621
0.138043245272
0.138052249349
0.138231480793
0.138317780499
0.138374507666
0.138545655928
0.138587880692
0.138633237874
0.138743896273
0.13890722947
0.138903864538
0.139034358451
0.139088697875
0.139274202048
0.13931850177
0.139434220528
0.139699215857
0.139746816718
0.139841645921
0.139858824739
0.1400717409
0.140331328659
0.140515670191
0.140586018161
0.140804326175
0.140952871481
0.141116940849
0.141147781721
0.141070373698
0.141165859343
0.14112861685
0.141289453211
0.141264242046
0.141377638507
0.141486344735
0.141489987648
0.141642658179
0.141745808183
0.141809613137
0.141889858459
0.141978197304
0.142122654864
0.142277662889
0.142237139591
0.142300833195
0.142413908822
0.142469583885
0.142619304543
0.142694326112
0.14276100911
0.142832352219
0.142941655677
0.14304100465
0.143167503228
0.143144117817
0.143243865303
0.143225921216
0.143190004545
0.143222709242
0.143362218895
0.143426411538
0.143464784425
0.143818389934
0.143850929377
0.143908017505
0.143946875845
0.144029853714
0.144025244799
0.144124681558
0.144148103348
0.144220123428
0.144161861418
0.144197567469
0.144423347934
0.144563112729
0.144618685194
0.144675193117
0.144770231514
0.144838813482
0.144815105804
0.144949358634
0.145022269166
0.145189248462
0.145309422235
0.145397100991
0.145439521834
0.145456444069
0.145677222047
0.145815224801
0.145893823678
0.145920624235
0.145992875937
0.146077816655
0.146122064196
0.146178983126
0.146415274916
0.146500601887
0.146517662367
0.146536807462
0.1465456728
0.146619601035
0.14674739575
0.146855488188
0.146914475477
0.147047300877
0.147177678157
0.147194224146
0.147348500389
0.147555515033
0.147657064317
0.147677421795
0.14767821556
0.147786111755
0.147821912443
0.147967539218
0.148092306212
0.148253717013
0.14842898027
0.148425578838
0.148549271402
0.148765413738
0.148861512124
0.148902601547
0.148949110725
0.149166541735
0.149192740657
0.149343875518
0.149512968073
0.149592620404
0.14972763234
0.149912150243
0.149996791933
0.150178931118
0.150233283984
0.150452377563
0.150466823496
0.150506387894
0.150722498117
0.150891041676
0.151029734318
0.151079982798
0.1511159317
0.151106020611
0.151212048777
0.151346805678
0.151456440418
0.151632996361
0.151603973132
0.1516977931
0.151850349272
0.15186835127
0.151943657697
0.152069805033
0.152092759388
0.152242116047
0.152381192628
0.152510857997
0.152568950351
0.15261167679
0.152776786881
0.152762417227
0.152788576007
0.152820492736
0.152899493118
0.153045841112
0.153230836734
0.153379218071
0.153409447324
0.153557895268
0.153678398655
0.153745739856
0.153912529829
0.154087608068
0.154126622584
0.154168583295
0.154331642803
0.154349138475
0.154523052207
0.154654087337
0.154819748349
0.154948121392
0.154981505627
0.155100725436
0.155179565081
0.155284567423
0.155395691274
0.155421213435
0.155576299001
0.155603407594
0.155716990144
0.155889232171
0.155972483314
0.15618354316
0.156281983731
0.15640016682
0.156408200276
0.156524749238
0.156687501775
0.156778501374
0.156890864003
0.15695156054
0.157061711484
0.157278778697
0.157388633657
0.157606820703
0.157799196187
0.157961543823
0.158139642638
0.158289850068
0.158348752239
0.158370066418
0.158386347624
0.158498536256
0.158596596549
0.158786522109
0.158789342275
0.158847470352
0.158969278604
0.15904614617
0.159121781664
0.159136488148
0.159253673602
0.159473580599
0.15963583893
0.159742872018
0.159874568969
0.159841648935
0.159993594227
0.160005890343
0.160038371314
0.160120025107
0.160160243557
0.160242736984
0.160336034529
0.160389049007
0.160546289404
0.160602163377
0.160564050154
0.160710327375
0.160817645009
0.160873534845
0.160899215811
0.1610497757
0.161085666139
0.161231996584
0.161198866625
0.161253209825
0.16132014321
0.161434404869
0.161473231567
0.161564954163
0.161607978755
0.161657413958
0.161677523296
0.161769776936
0.161838762175
0.1619038881
0.161995674885
0.162168447809
0.16236386563
0.162472932931
0.162606884145
0.162629191078
0.162664061359
0.162808700094
0.162890502585
0.162943082093
0.1629667588
0.163118698986
0.163112679169
0.163232402976
0.163374729417
0.163366130439
0.163383211664
0.163523578647
0.163632979081
0.16377262599
0.163773674321
0.163884781911
0.164024527514
0.164178670993
0.164250947455
0.164253955827
0.16429585129
0.164314875181
0.164380436377
0.164454674863
0.164562995486
0.164643222023
0.164743461703
0.164863701227
0.164882544218
0.164934419895
0.165098836584
0.165197593648
0.165296575978
0.165382320368
0.165373582229
0.16541838483
0.165459283048
0.165518925366
0.165584693008
0.165709936568
0.165727892057
0.165764246397
0.165812596385
0.166041524834
0.166047156483
0.16615415272
0.166243886367
0.166382208775
0.166431929268
0.166489063238
0.16666264913
0.16682247536
0.166843992877
0.166989291676
0.167007480098
0.167112180524
0.167217600545
0.167308297732
0.167479088078
0.167682494509
0.167757406516
0.16789505722
0.167992216613
0.168147764836
0.168156854902
0.168232362522
0.168319418395
0.168413545159
0.168441189483
0.168487461773
0.168507817257
0.168503939196
0.168595778421
0.168725245853
0.168863428906
0.16907159918
0.169145993666
0.169188075695
0.169306316551
0.169367934765
0.169400169317
0.169581769131
0.169687536254
0.169678541019
0.169819303751
0.169984924075
0.170140694604
0.170196706772
0.17038144909
0.170417969931
0.170497444074
0.170534257768
0.170694656828
0.170920406701
0.17104444269
0.171191629099
0.171229536021
0.171432475939
0.171540556621
0.17156246006
0.171558899866
0.171665815139
0.171728443622
0.171790359221
0.171799178106
0.171825916549
0.171892515377
0.171964728872
0.17194197716
0.172046330655
0.172204711312
0.172274918457
0.172292482397
0.172406447465
0.172495082074
0.172597419683
0.172665199905
0.172841631204
0.172986166892
0.173048117209
0.173209552104
0.173223005459
0.173211754595
0.1732266793
0.173310877948
0.173370107753
0.173537675037
0.173518083809
0.17361240592
0.173675862684
0.173751805124
0.173796940007
0.173961622397
0.173929035309
0.174014715775
0.174159991292
0.174261619727
0.174261189808
0.174397445882
0.17450574769
0.174527465524
0.174604553407
0.174651500317
0.174691046579
0.174696606296
0.174717914069
0.174821213999
0.17483677471
0.174896908598
0.174979069724
0.175139161045
0.175209388113
0.175332787169
0.175376472506
0.175536069639
0.175608240425
0.175689748094
0.17577477213
0.175883873914
0.176020033027
0.176062182339
0.17608131843
0.176102892723
0.176254451228
0.176406073968
0.176432494385
0.176554447504
0.176610549055
0.176620343008
0.176685061384
0.17676596988
0.176860658725
0.176879959029
0.176911622122
0.177035688255
0.177093272189
0.177113610371
0.177206247877
0.177302590129
0.177375098907
0.177402348893
0.177574515765
0.177584083513
0.177642964106
0.177736859086
0.177823317641
0.17796974096
0.177975581117
0.178157081608
0.178241321788
0.178344395197
0.178413956978
0.178480199396
0.178556533839
0.178633942534
0.178696200238
0.178799469242
0.179002262984
0.179073351736
0.179173123695
0.17925787532
0.179325259194
0.179378332324
0.179474786344
0.179576921587
0.179672871911
0.179792045136
0.179886892823
0.179939786618
0.180002003863
0.180086770958
0.180191232822
0.180243646541
0.180361331365
0.180507466154
0.180618798792
0.180686899672
0.180778659482
0.1808360353
0.180913120829
0.18098702397
0.181108951145
0.181139881789
0.181260026294
0.181325034601
0.181413443548
0.181454473621
0.181517144929
0.181580464481
0.18166336575
0.181705996481
0.181775505608
0.18195894078
0.182097546958
0.182270814718
0.182427261995
0.182511047269
0.182605995165
0.182736450337
0.182768951399
0.182816334509
0.182896407167
0.18297893547
0.183005079955
0.183100813345
0.18318907723
0.183260922652
0.183354574773
0.183366998497
0.183476886352
0.183582784167
0.183679062841
0.183781203064
0.183868152303
0.183899357695
0.18393702491
0.183985849422
0.184055598921
0.184136997309
0.184210967327
0.184315643921
0.184342463677
0.184399892701
0.184425613053
0.184486357932
0.184514644692
0.184559757838
0.184636458829
0.184669127241
0.18475492261
0.184816337596
0.184985525063
0.185134022682
0.185176304404
0.185298394193
0.185351179248
0.185541390848
0.185678812637
0.185728393985
0.185787574622
0.185898611428
0.186062966139
0.186176242182
0.186240520307
0.186370042548
0.186446419986
0.186514934967
0.186633231539
0.186720458527
0.186835987115
0.186884161071
0.18688459433
0.187030243554
0.187080396747
0.187175173191
0.187177396375
0.187357947452
0.187394048159
0.18748867097
0.187631987388
0.187724656162
0.187832117527
0.18785555861
0.187931459249
0.188013003608
0.188078351129
0.188160628685
0.188299598873
0.188420459664
0.18844016781
0.188452283011
0.188542331542
0.188616234857
0.188675879801
0.188738540002
0.188834067868
0.188901461495
0.188967223044
0.189028876295
0.189083990118
0.189113455182
0.189170236147
0.189290577594
0.189387180733
0.189493934792
0.189594003062
0.189698057919
0.189748797243
0.189851699952
0.189977396514
0.190061736762
0.190101941006
0.190226368288
0.190326648864
0.1904366724
0.190518141394
0.190648912665
0.190660062996
0.190684565599
0.190833471788
0.190968633634
0.190973452571
0.191100740281
0.191152524277
0.191241242155
0.191284011886
0.191366940421
0.191509494624
0.191539142566
0.19162145444
0.191679593861
0.19185173124
0.191885972846
0.192019079336
0.192126705169
0.192144716003
0.192241515209
0.192307646054
0.192400816006
0.192472204614
0.192544736718
0.192644035281
0.192757011555
0.192859347516
0.192971997371
0.193036084247
0.193108181128
0.193146689243
0.193180088677
0.193327635002
0.193380766747
0.19346632186
0.193529613705
0.193585056406
0.193657467482
0.193790024638
0.193897267754
0.194039930079
0.194070306255
0.194179404039
0.194326742293
0.194333446013
0.194347508872
0.19443850928
0.194477830342
0.194591953775
0.194670774593
0.194723036271
0.194764679158
0.194887295389
0.194929302035
0.195077765094
0.195123993003
0.195185627018
0.195300771766
0.195367114437
0.195402926413
0.195531825174
0.195590984418
0.195631799485
0.195763617247
0.19583325378
0.195938543802
0.196037594519
0.196121804213
0.196215561453
0.196322225046
0.19640180955
0.196516907349
0.196559328718
0.196671765243
0.196700264829
0.196819711755
0.19684434761
0.196910926552
0.197069756707
0.197165362384
0.197249496508
0.197305931924
0.19738030723
0.197436602119
0.197535890861
0.197556176167
0.19759445815
0.197676836506
0.197828535026
0.197983111647
0.198067206034
0.198126571692
0.19822443807
0.198349895186
0.198446076239
0.198470887496
0.198499959517
0.198610815414
0.198669740391
0.198772831167
0.1988625095
0.198975754957
0.199072909743
0.199165052314
0.199255497428
0.199337787652
0.199357052602
0.199443240643
0.199455888738
0.199527053399
0.199611066155
0.199696292959
0.199755398158
0.19981700139
0.199909773319
0.199961236659
0.200042429047
0.200070692243
0.200136046374
0.200144922088
0.200212420871
0.200317658514
0.200420922246
0.200455985331
0.200552656324
0.200660093884
0.200761439232
0.200878022789
0.200993740808
0.201109122203
0.201193073074
0.201242382265
0.201321418524
0.201472382229
0.201472974877
0.201537705309
0.201606584203
0.201648345252
0.201709594719
0.201812610743
0.20181183658
0.201928478171
0.202010324537
0.202031371314
0.202096796616
0.202226122685
0.202240167289
0.202309710093
0.202366243124
0.202410435326
0.20246181858
0.202547010411
0.202576532743
0.202611506625
0.202690246653
0.202788705107
0.2028692999
0.202932858892
0.203026697168
0.203103836227
0.203156463685
0.203273307915
0.20339165725
0.203440138825
0.203558732723
0.20362027086
0.203736033855
0.203754432929
0.20385357531
0.203895688154
0.203988412934
0.204060171722
0.204117097405
0.204230293532
0.204271260566
0.204307166327
0.204370068978
0.204454257713
0.20453756947
0.204604343085
0.20465908827
0.204674085339
0.204792975376
0.204889347576
0.204992174738
0.205045484422
0.205136486233
0.205220196035
0.205374154727
0.205454442675
0.205529750359
0.205561577156
0.205674968199
0.205717727361
0.205819838777
0.205876250155
0.206005466031
0.206061642564
0.206148417134
0.20619612233
0.206244418357
0.206320772295
0.206388207477
0.206451830913
0.206511496111
