
row1col1
West 2.62923573965e-06
East 0.000661157333814
North 0.0
South 0.0

row1col2
West 1.51423240703e-05
East 8.6717268278e-05
North 0.00093100394287
South 0.0122736103684

row1col3
West 0.0
East 0.0
North 0.000157258238168
South 0.00710425325141

row1col4
West 0.000373594063339
East 0.00625700855118
North 0.0245772501209
South 0.0993812059242

row1col5
West 0.00552672746217
East 0.00566283575021
North 0.01661094439
South 0.152124381026

row1col7
West 2.10209377109e-06
East 1.27095696512e-10
North 0.000917767496026
South 0.0109473427324

row1col8
West 0.000202390834335
East 0.00332182541921
North 1.21246185213e-10
South 3.82035283265e-10

row1col9
West 4.22743556054e-10
East 0.000217939093325
North 0.0977019997705
South 0.327801923785

row1col10
West 0.0113641052921
East 2.77879031258e-05
North 0.00153976935092
South 0.0235022243123

row1col11
West 0.00109555302717
East 2.77879031258e-05
North 0.0
South 0.00202282429326

row1col13
West 0.0145242882666
East 0.00239971906291
North 0.140324635927
South 0.595363136634

row1col14
West 0.062103578445
East 0.0493736677548
North 0.209476798412
South 0.838189364747

row1col15
West 0.0
East 0.0
North 0.136807722094
South 0.559873331348

row1col16
West 0.0449515624034
East 0.00377886310689
North 0.0736456310848
South 0.481814191067

row1col18
West 0.123110968734
East 0.0111232695955
North 0.343759923148
South 0.670848358758

row1col19
West 0.347707176194
East 0.00663171366071
North 0.0106756513107
South 0.0

row1col20
West 0.115800155114
East 0.00627826240863
North 0.00660374405402
South 0.0307671473996

row1col21
West 0.0408494870852
East 0.00019854533762
North 0.00038916332467
South 1.39293562511e-05

row1col22
West 0.00381008665574
East 0.000182546652643
North 3.82977881399e-09
South 0.0

row2col1
West 1.19934902896e-05
East 0.00428360242279
North 2.04015076505e-06
South 5.53588166403e-10

row2col2
West 1.04394669182e-05
East 0.00245843934219
North 0.00298170244124
South 0.0386271941467

row2col3
West 0.00237303343734
East 0.0672447476792
North 0.0
South 0.0101630379741

row2col4
West 1.42932504407e-06
East 0.0147011110791
North 0.0306945421913
South 0.223830037177

row2col5
West 0.0249784109786
East 0.00444593721976
North 0.0504886577012
South 0.34247542458

row2col7
West 1.00725602101e-05
East 4.47063156809e-10
North 0.000972686347638
South 0.0661929636104

row2col8
West 0.00560724426243
East 0.06814737362
North 2.32116588151e-08
South 4.12453747114e-09

row2col9
West 0.0115398767941
East 0.00363643245222
North 0.147929209416
South 0.515467973023

row2col10
West 0.190925082615
East 0.00661733845194
North 2.06079353384e-11
South 0.0257043706181

row2col11
West 0.0425857689461
East 0.0102590246441
North 5.20387762209e-05
South 0.00195509810921

row2col13
West 0.786914763476
East 0.949981605329
North 0.125321614842
South 0.460138686158

row2col14
West 0.899812745054
East 1.0
North 0.577432328639
South 0.801622676782

row2col15
West 0.0
East 0.0
North 0.0
South 0.0

row2col16
West 0.997112706036
East 0.779338143048
North 0.147760007915
South 0.118629277976

row2col17
West 0.942441942207
East 0.775011882976
North 0.368730325205
South 0.507058180113

row2col18
West 0.886827799821
East 0.567723583051
North 0.125404981996
South 0.0839574231972

row2col19
West 0.767929678804
East 0.212402799355
North 0.0402753549655
South 0.0169468797861

row2col20
West 0.501525729188
East 0.0562742322586
North 0.00454969848401
South 0.00795245930063

row2col21
West 0.208480169817
East 0.00494271707889
North 1.71086881918e-05
South 0.00082297161794

row2col22
West 0.0435254869326
East 0.00391255666604
North 3.29752324795e-07
South 4.92706287105e-12

row3col1
West 0.00323577334605
East 0.0320832822454
North 0.000113380455346
South 0.00145653821417

row3col2
West 0.00676953432699
East 0.130535541088
North 0.000923123213839
South 0.0130708721035

row3col3
West 0.0474007373731
East 0.235597591416
North 0.00542758648717
South 0.000384997136028

row3col4
West 0.0906010636142
East 0.380178258905
North 0.0242391634818
South 0.0346823098494

row3col5
West 0.0480501277798
East 0.0920686082897
North 0.208948137082
South 0.464356543209

row3col7
West 0.0319981698731
East 0.250559734664
North 0.00227264980268
South 0.0162629608411

row3col8
West 0.0611405756384
East 0.430152710714
North 5.67710742671e-10
South 0.0283802394752

row3col9
West 0.108220696087
East 0.0284517667609
North 0.356287613908
South 0.591114136483

row3col10
West 0.245134841088
East 0.00162787421184
North 0.0140828596321
South 3.86939584624e-08

row3col11
West 0.049963621945
East 0.00430979466259
North 1.33364154039e-07
South 8.86257573006e-11

row3col13
West 0.857373160608
East 0.9025
North 0.87121201136
South 0.775980693805

row3col14
West 0.857259469521
East 0.949990956671
North 0.95
South 0.866299964679

row3col15
West 0.543319036776
East 0.0989477046706
North 0.999999212469
South 0.899144269226

row3col16
West 0.474198227799
East 0.0916758569963
North 0.411313320856
South 0.0322388951007

row3col18
West 0.0227510013608
East 6.83708000244e-08
North 0.633512859574
South 0.240438639971

row3col19
West 0.267722063794
East 0.0183241553165
North 0.0607729280403
South 0.011324202588

row3col20
West 0.0978969784156
East 0.0037863148566
North 0.0221709935673
South 0.000512165322832

row3col21
West 0.0235308391911
East 0.00156312703508
North 0.0130704966253
South 0.000197674671421

row3col22
West 0.00623055554876
East 0.00113339300645
North 0.0
South 3.76815555312e-05

row4col5
West 0.166066722839
East 0.217696338485
North 0.284304392325
South 0.507814264981

row4col9
West 0.212225540166
East 0.184962027149
North 0.464786252857
South 0.6292344086

row4col13
West 0.798092897359
East 0.79265149215
North 0.857375
South 0.773772087019

row5col1
West 2.02022045116e-06
East 6.23472434564e-05
North 0.0
South 0.0

row5col2
West 2.02022042311e-06
East 6.70872914265e-06
North 4.14647258021e-05
South 0.000975242739369

row5col3
West 1.00086159872e-05
East 2.39988312087e-06
North 0.000213923561437
South 0.0153835800164

row5col5
West 0.486021586052
East 0.540355239381
North 0.263590998035
South 0.203074698007

row5col6
West 0.512941306398
East 0.568800092276
North 0.493286888332
South 0.473622527763

row5col7
West 0.540283346373
East 0.598736939238
North 0.52465418035
South 0.44156880307

row5col8
West 0.568760412426
East 0.630249409725
North 0.557678889635
South 0.413942783833

row5col9
West 0.598714998348
East 0.663420431289
North 0.535459488725
South 0.305341702901

row5col10
West 0.630233268531
East 0.698337296094
North 0.640150866489
South 0.572436153064

row5col11
West 0.66338970335
East 0.735091890625
North 0.650286689522
South 0.556057248728

row5col12
West 0.698231811905
East 0.7737809375
North 0.651167337303
South 0.520166002048

row5col13
West 0.71149358731
East 0.714833558028
North 0.81450625
South 0.73508440429

row5col14
West 0.7737809375
East 0.696866954892
North 0.624540359199
South 0.361508417291

row5col15
West 0.735091890625
East 0.661918717815
North 0.560407149977
South 0.513174293167

row5col16
West 0.698337296093
East 0.626900880935
North 0.480133262343
South 0.358572428616

row5col17
West 0.663420431281
East 0.589826732402
North 0.526843172407
South 0.435390143055

row5col18
West 0.628862916482
East 0.424308675138
North 0.214837241652
South 0.228678854035

row5col20
West 0.0
East 0.00128686971796
North 0.00671314549134
South 0.0923046575297

row5col21
West 0.00296728317147
East 0.0
North 0.000851301350273
South 0.0383794056652

row5col22
West 0.0
East 1.65038023951e-08
North 0.00171451778357
South 0.0186321016736

row6col1
West 7.38893669199e-10
East 0.000315992607372
North 1.19643603747e-12
South 9.84931660033e-15

row6col2
West 0.0
East 0.000721156032212
North 5.2704471998e-05
South 0.0120449608161

row6col3
West 6.90631408401e-07
East 0.00284324452273
North 0.00150236199621
South 0.0703973036312

row6col5
West 0.253544113954
East 0.46721360534
North 0.0775363219281
South 0.0566962781457

row6col6
West 0.278054511046
East 0.352874703124
North 0.540360087644
South 0.484709138677

row6col7
West 0.165430464289
East 0.0424680263675
North 0.558277107689
South 0.356514093754

row6col8
West 0.0687261656197
East 0.0623633803421
North 0.564221337774
South 0.279445457772

row6col9
West 0.164579212085
East 0.421143579713
North 0.497670326844
South 7.95032646578e-06

row6col10
West 0.159239718847
East 0.302812516131
North 0.663111434796
South 0.536042251466

row6col11
West 0.135254585601
East 0.13604070015
North 0.679791085987
South 0.338153399414

row6col12
West 0.0575206511142
East 0.181402723103
North 0.709336234339
South 0.282135848314

row6col13
West 0.297033983246
East 0.316924108164
North 0.773780119255
South 0.726748956801

row6col14
West 0.19495582518
East 3.70169099434e-08
North 0.679844785256
South 0.186204522046

row6col15
West 0.116782833861
East 0.101505450631
North 0.691813340875
South 0.438261261027

row6col16
West 0.576329304465
East 0.323515923309
North 0.123267156154
South 0.0137193521012

row6col17
West 0.250963390291
East 0.380595499386
North 0.630249409516
South 0.562928169125

row6col18
West 0.591215699024
East 0.302140454554
North 0.174734100094
South 0.0482775505654

row6col19
West 0.528771212732
East 0.218193860649
North 0.152384775199
South 0.108852889672

row6col20
West 0.423601762031
East 0.123198326238
North 0.00866844878621
South 0.000860843258596

row6col21
West 0.285253922919
East 0.0448170004921
North 0.00153263653915
South 0.00257703952487

row6col22
West 0.144104877246
East 0.0270143457129
North 0.000264838533779
South 4.79142667453e-08

row7col1
West 0.00157892162492
East 0.0122598854567
North 5.4721908326e-06
South 3.18569065663e-08

row7col2
West 0.00148362099557
East 0.0645155310188
North 0.000713210024851
South 0.00190136020801

row7col3
West 0.00015844059423
East 0.0109772184591
North 0.00949506674166
South 0.218871787965

row7col5
West 0.110109937641
East 0.431391611226
North 0.0373347649352
South 0.0372031877179

row7col6
West 0.252475891918
East 0.41417777088
North 0.5133420831
South 0.462817273117

row7col10
West 0.236835620405
East 0.176088362051
North 0.627791229509
South 0.454448532335

row7col17
West 0.456615061259
East 0.258357618804
North 0.598736937068
South 0.535373515544

row7col18
West 0.516532930418
East 0.206934115586
North 0.0849488256316
South 0.0245437577542

row7col20
West 0.000232500876564
East 0.0
North 0.0370222332899
South 0.000288548566257

row7col21
West 0.0
East 0.0
North 0.0396037226682
South 2.13192634209e-05

row7col22
West 0.0
East 0.0
North 0.0193336291851
South 0.000343374755241

row8col1
West 0.0174843698867
East 0.0845749061171
North 0.000293923824949
South 0.000746339886496

row8col2
West 0.0227804930721
East 0.212216805176
North 0.002242868988
South 0.0220599146868

row8col3
West 0.0810761472024
East 0.36338007328
North 0.0240316914603
South 0.0806123920769

row8col4
West 0.256737813171
East 0.412128962589
North 0.116861874804
South 0.126452591891

row8col5
West 0.249778746366
East 0.456625068706
North 0.0613122797179
South 0.0741988495059

row8col6
West 0.296371816295
East 0.424202720306
North 0.48767497842
South 0.439745052819

row8col8
West 0.0140575978412
East 0.127509707574
North 0.0
South 8.54224911741e-06

row8col9
West 0.018364787741
East 0.334752146935
North 0.00965950523728
South 0.00346051916906

row8col10
West 0.062044673205
East 0.109823781037
North 0.587695705663
South 0.379447614853

row8col11
West 0.474624299704
East 0.149006984293
North 0.0647397438329
South 0.0173110425026

row8col12
West 0.342681502183
East 0.0783269848182
North 0.00519143855742
South 0.00621504508689

row8col13
West 0.17771062499
East 0.0259095768372
North 0.00514779601636
South 0.000491111792743

row8col14
West 0.0847677327468
East 0.00367433637482
North 0.000989945853611
South 0.000806653964727

row8col15
West 0.0189208174264
East 0.00186347593146
North 0.000196863537556
South 7.75993076619e-06

row8col17
West 0.397714967782
East 0.105541447912
North 0.568800078948
South 0.511509562153

row8col18
West 0.0772189323615
East 0.0172411336881
North 0.254196158735
South 0.0800739379898

row9col5
West 0.173298674974
East 0.383995878506
North 0.0323107224891
South 0.0545739262801

row9col6
West 0.229303624929
East 0.370641733342
North 0.463291225107
South 0.417238155477

row9col8
West 1.03685620305e-14
East 2.75986642947e-08
North 0.0142977527417
South 3.69506030513e-05

row9col9
West 0.00106724118022
East 0.0867617902312
North 0.00209690438969
South 4.13840334918e-10

row9col10
West 0.00502394288382
East 0.0068723256373
North 0.507702761107
South 0.345488886719

row9col11
West 0.008916678216
East 0.007334908749
North 0.124631898416
South 0.0124580022822

row9col12
West 6.62893251019e-13
East 0.000586862997568
North 0.112097806717
South 0.0129630682791

row9col13
West 0.012355010475
East 0.00107540693723
North 2.88695023993e-05
South 4.16899701665e-15

row9col14
West 2.13794718802e-15
East 0.0
North 0.0184020421458
South 0.000649590138102

row9col15
West 0.000501022294686
East 7.60250452748e-06
North 0.000157879684937
South 1.34111589865e-11

row9col17
West 0.378230428205
East 0.225918334921
North 0.540360023661
South 0.485930066921

row9col18
West 0.427982184949
East 0.0708442220612
North 0.00721842222543
South 0.00509470072196

row9col20
West 2.06336256475e-10
East 2.39590078972e-05
North 0.0
South 5.38169047901e-32

row9col21
West 4.79281001225e-07
East 9.08616438769e-17
North 0.000220251417589
South 0.00163559133193

row9col22
West 4.96966586906e-05
East 4.46626499103e-07
North 0.0
South 0.0

row10col1
West 1.71874926454e-05
East 0.000195900476813
North 0.0
South 0.00127271676721

row10col2
West 5.9667239249e-06
East 0.00628967569662
North 1.10757555047e-05
South 2.19749904637e-13

row10col3
West 9.92584207843e-11
East 1.7234973589e-11
North 0.00617833502239
South 0.0644746221373

row10col5
West 0.164834404824
East 0.339714120182
North 0.00460789584688
South 0.0646608983805

row10col6
West 0.15492844677
East 0.346584741135
North 0.440126635184
South 0.396345644948

row10col17
West 0.342699730649
East 0.141243503654
North 0.513341843618
South 0.46018135801

row10col18
West 0.340112100718
East 0.0396082233979
North 0.0199012335136
South 1.11524969707e-07

row10col20
West 5.66433978549e-07
East 0.000143930955178
North 1.31092460386e-33
South 8.51821285732e-15

row10col21
West 4.05594475366e-07
East 2.28113425152e-06
North 0.000218784771524
South 0.00766146550732

row10col22
West 0.000177868070766
East 1.32912913651e-06
North 0.0
South 0.0

row11col1
West 0.00675768467491
East 0.0267940372044
North 9.30527264864e-06
South 2.917522174e-05

row11col2
West 0.00425400775401
East 0.135190208086
North 0.000118875508029
South 0.000243853418369

row11col3
West 0.0626393326199
East 0.229763981068
North 0.00373101486641
South 0.00323620587751

row11col4
West 0.0963487478721
East 0.331492161217
North 0.0229071940566
South 0.0259276742756

row11col5
West 0.181100322385
East 0.381411916124
North 0.0347790258989
South 0.0907671874585

row11col6
West 0.207812370217
East 0.278108108464
North 0.418120157835
South 0.376167034267

row11col8
West 6.86670866187e-10
East 0.000149521780161
North 0.0
South 0.0

row11col9
West 0.0
East 4.1394913099e-07
North 0.00017317929222
South 0.00605972904667

row11col10
West 0.000241698056673
East 9.97278790885e-06
North 0.0
South 0.0

row11col12
West 2.77761553397e-06
East 0.000157491952159
North 0.0
South 1.73123465749e-05

row11col13
West 0.0
East 1.50915496326e-18
North 0.00101257408705
South 0.00933709615795

row11col14
West 2.84638735252e-06
East 1.46733585021e-05
North 0.0
South 0.0

row11col15
West 0.0
East 2.70599749613e-15
North 0.00862764089156
South 0.0699016619193

row11col17
West 0.354373505054
East 0.153854091411
North 0.487674188065
South 0.437214137556

row11col18
West 0.32536273082
East 0.0726020918545
North 0.024484825176
South 0.00981277266897

row11col20
West 3.52691897318e-06
East 0.000597179285898
North 1.85268039788e-08
South 0.0

row11col21
West 3.84291626049e-06
East 0.000210984622355
North 0.00199432823215
South 0.0207111222403

row11col22
West 0.00340725052943
East 4.32330851363e-05
North 0.0
South 0.0

row12col1
West 8.33149694647e-06
East 0.00103640952739
North 5.01585715779e-08
South 5.38890303645e-06

row12col2
West 1.46403015834e-05
East 0.012708736584
North 0.000284924120886
South 9.67287888011e-09

row12col3
West 0.000721426160917
East 0.0
North 0.0626986907183
South 0.011837731399

row12col5
West 0.0986412108763
East 0.326486420366
North 0.0397604457655
South 0.00271520077822

row12col6
West 0.143883177972
East 0.295732146223
North 0.397213173402
South 0.355318400991

row12col8
West 3.76237333588e-06
East 0.00225797250067
North 0.0
South 1.51412962189e-09

row12col9
West 4.55593586149e-05
East 9.06152309384e-06
North 0.000929454735208
South 0.0258413011943

row12col10
West 0.00142116680174
East 1.19720722533e-10
North 0.0
South 9.0615230937e-06

row12col12
West 0.00126729206018
East 0.0128993061138
North 1.43071474999e-08
South 0.000405936623631

row12col13
West 0.0016019726802
East 0.0653726662589
North 0.000550390412117
South 0.000959320413723

row12col14
West 0.0128770475031
East 0.183722151868
North 2.41916744393e-08
South 0.00844715883965

row12col15
West 0.055364216116
East 0.338486401619
North 0.00488578185971
South 0.0221473900652

row12col16
West 0.195165600401
East 0.416176784159
North 0.02703879172
South 0.0921323555886

row12col17
West 0.26306402279
East 0.163583799894
North 0.46328833878
South 0.416018907821

row12col18
West 0.360220753159
East 0.0565638809812
North 0.0175987758297
South 0.0394003167938

row12col20
West 5.93360231911e-05
East 0.00318185211319
North 2.21340762378e-08
South 0.0

row12col21
West 5.97803864704e-05
East 3.74057627065e-05
North 0.00494769721902
South 0.0523225471796

row12col22
West 0.00633258140747
East 1.81554181815e-05
North 8.01963193304e-06
South 0.0

row13col5
West 0.247359637724
East 0.353509498199
North 0.0473299659672
South 0.0626485134024

row13col6
West 0.219495072263
East 0.262986817976
North 0.37734678413
South 0.335897306271

row13col9
West 0.00352311623599
East 0.000864755647584
North 0.00292559857093
South 0.0825647606956

row13col17
West 0.332823362898
East 0.243791360263
North 0.440114770666
South 0.392128957384

row13col18
West 0.40124796369
East 0.240022525604
North 0.0872872213755
South 0.0994428510119

row13col21
West 0.000888273360351
East 0.00567497309529
North 0.0120839991617
South 0.0949950111225

row14col1
West 0.0251486549526
East 0.0621200394667
North 0.00375582645714
South 0.000224391436439

row14col2
West 0.0263401972315
East 0.158271327049
North 0.0151261659791
South 0.0115810183096

row14col3
West 0.0667989629827
East 0.201605843239
North 0.0508494983171
South 0.00571645862295

row14col4
West 0.0971798062779
East 0.252428409608
North 0.022638477407
South 0.00600594114601

row14col5
West 0.0160876153597
East 0.0892560392446
North 0.309544917217
South 0.104072830908

row14col6
West 0.0833855883376
East 0.188807794396
North 0.358439466623
South 0.306589857923

row14col7
West 0.335430890918
East 0.216964648861
North 0.101662932889
South 0.0374853850775

row14col8
West 0.304912829967
East 0.141983790844
North 0.0965121381675
South 0.0201367354857

row14col9
West 0.238764613136
East 0.0239096248436
North 0.00483524947622
South 0.00578616749261

row14col10
West 0.087651795269
East 0.00200496246647
North 0.000208071660616
South 1.2123662064e-05

row14col11
West 0.0146806371881
East 0.000345420075622
North 2.40552947426e-05
South 2.54411860697e-09

row14col12
West 0.000245447025811
East 0.00317525980667
North 0.000105448033121
South 5.26678775836e-05

row14col13
West 0.000293208578531
East 0.0201215381311
North 7.12257070288e-05
South 1.85378462287e-06

row14col14
West 0.00158009911936
East 0.108389289473
North 0.000565715703113
South 0.001007852959

row14col15
West 0.0149673765853
East 0.269445766737
North 3.47950702885e-05
South 0.0412382254743

row14col16
West 0.0839080441242
East 0.372760552633
North 0.0314422922894
South 0.0825690103487

row14col17
West 0.20770451569
East 0.182620175449
North 0.418075299444
South 0.370215965608

row14col18
West 0.360814891922
East 0.0390447339682
North 0.311031794039
South 0.161708799432

row14col19
West 0.299867605982
East 0.0992072793423
North 0.0184990777681
South 0.00820212280204

row14col20
West 0.235216057845
East 0.100110789999
North 0.0453717639173
South 0.00743462242773

row14col21
West 0.185475695599
East 0.0716486507573
North 0.00750272603607
South 0.000698007789845

row14col22
West 0.126430334721
East 0.0534436606927
North 0.00643028091404
South 0.00110777805913

row15col1
West 0.00212419631083
East 0.0204432161562
North 1.31406857161e-06
South 0.0

row15col2
West 0.00196146860168
East 0.00162068342209
North 0.0992637304518
South 0.0239466443136

row15col3
West 0.0111981949793
East 0.0373349571827
North 0.0150487127549
South 0.00168078178375

row15col4
West 0.00609792354078
East 0.135577867793
North 0.0198354872601
South 0.00343159601871

row15col5
West 0.0346413434537
East 0.260103326687
North 0.0347102049209
South 0.00844089325674

row15col6
West 0.0865728195368
East 0.122363870376
North 0.339330163653
South 0.307817324098

row15col7
West 0.287880910081
East 0.0711269584191
North 0.0897902607602
South 0.00148460126078

row15col8
West 0.0290808788946
East 0.0079353896894
North 0.190435763187
South 0.0648076971683

row15col9
West 0.0648195723692
East 0.000577730433372
North 0.00504270933263
South 4.29893213426e-22

row15col10
West 0.00641127273401
East 0.000115459560626
North 8.4126203183e-18
South 3.99599465119e-19

row15col11
West 0.000590485997916
East 0.00386197793758
North 1.68078997174e-08
South 1.26515122269e-07

row15col12
West 0.000108166438504
East 0.0681542424468
North 1.77596829414e-05
South 0.000137087945663

row15col13
West 0.0182570888597
East 0.151206028936
North 0.00096096447533
South 0.00933345164105

row15col14
West 0.0607915583695
East 0.259693200585
North 0.0134601885799
South 0.014769173063

row15col15
West 0.149123239303
East 0.348983662209
North 0.0764742065161
South 0.134061744744

row15col16
West 0.263282782432
East 0.374181999527
North 0.0802424165998
South 0.113236108072

row15col17
West 0.156397673964
East 0.123362278236
North 0.396962817379
South 0.341505008997

row15col18
West 0.311727576029
East 0.0143462470882
North 0.0269358489592
South 0.0586908080426

row15col19
West 0.023407651188
East 0.000112413395286
North 0.0761658803218
South 0.00995341611491

row15col20
West 8.19784879168e-24
East 0.0
North 0.0680075866453
South 0.00919577987728

row15col21
West 0.00692935524034
East 0.00189409592603
North 0.000906213560558
South 8.16238856976e-06

row15col22
West 0.000329144374096
East 1.207954494e-27
North 0.0221554013339
South 0.00167863297353

row16col2
West 0.0026924040945
East 0.00700601955061
North 0.061030397592
South 0.0140460246076

row16col7
West 0.00935372459168
East 0.00983584291609
North 0.219399931644
South 0.0601988762961

row16col15
West 0.0390925858153
East 0.0933465520182
North 0.315324334949
South 0.177885470197

row17col1
West 0.000328017311924
East 0.00744390274377
North 7.11685374054e-05
South 2.90312840699e-05

row17col2
West 0.000894612706322
East 0.000226443502817
North 0.0374469884408
South 0.00135381796151

row17col3
West 0.0102218812161
East 0.000245866034124
North 6.22002960954e-07
South 2.01652744581e-08

row17col4
West 0.00232528068161
East 9.86872900844e-05
North 1.20780122507e-06
South 1.14856541059e-06

row17col6
West 7.02927503118e-05
East 0.0359326354849
North 0.0
South 0.0

row17col7
West 0.00418614384111
East 0.00607582883612
North 0.162650534372
South 0.0413707785628

row17col8
West 0.055171735838
East 0.00115219864487
North 0.0067663162892
South 0.00080702697229

row17col9
West 0.0117791455083
East 0.000199043766924
North 2.05422266452e-05
South 0.000210576789402

row17col10
West 0.00220893739229
East 1.28049880496e-05
North 0.0
South 1.71865670477e-10

row17col11
West 0.000208221246951
East 1.76729885948e-05
North 3.3544002618e-21
South 0.0

row17col13
West 0.00118543476553
East 0.0222395087975
North 1.69733080959e-10
South 1.49330724469e-05

row17col14
West 0.00176405397869
East 0.114498400915
North 0.000557896768593
South 0.000151570584368

row17col15
West 0.014964066444
East 0.00544518465063
North 0.274896110722
South 0.127950016668

row17col16
West 0.0943424741263
East 0.0203039536618
North 0.0012426400122
South 0.00505669532931

row17col18
West 0.000297330470083
East 5.89627621288e-09
North 6.01164677547e-07
South 0.00767609931222

row17col19
West 0.0
East 5.99607459245e-06
North 0.000328710589708
South 0.00394077582638

row17col20
West 3.82241356551e-08
East 1.45206324425e-06
North 6.64467033979e-05
South 0.00131743752189

row17col21
West 0.0
East 0.0
North 2.87926178071e-06
South 0.000110797996703

row17col22
West 0.0
East 0.0
North 1.40760191583e-06
South 1.57879252658e-05

row18col1
West 2.54629065474e-05
East 2.61381627902e-16
North 0.000536053597961
South 3.89890325285e-05

row18col2
West 8.33624135919e-06
East 1.09178626241e-10
North 0.00880946786123
South 0.000450823659473

row18col3
West 3.80249368959e-07
East 0.0
North 0.000606523485708
South 5.99800635148e-07

row18col4
West 4.20023457856e-09
East 9.31330538403e-13
North 0.000193691392976
South 4.38160736861e-07

row18col6
West 3.4760536278e-07
East 0.00804129094261
North 0.0
South 0.0

row18col7
West 0.000251427657591
East 0.00332558053861
North 0.10063742953
South 0.0169992261287

row18col8
West 0.0395459284795
East 0.00342088221879
North 0.0021571492654
South 1.00369732472e-05

row18col9
West 0.0154426473212
East 0.000562603711701
North 0.000410055829244
South 1.04827901445e-12

row18col10
West 0.00413041100421
East 4.24401435104e-06
North 5.12420976635e-06
South 4.97134091052e-07

row18col11
West 0.000239143601203
East 1.71106741779e-06
North 9.78752776134e-10
South 2.24172002083e-14

row18col13
West 7.2069078967e-05
East 0.00239866603036
North 0.0
South 0.0

row18col14
West 0.0
East 0.00224608985582
North 0.0164575578603
South 0.00301227652202

row18col15
West 0.00189607258277
East 0.013210317451
North 0.218102155157
South 0.0500831551667

row18col16
West 0.136027437023
East 0.0411347004657
North 0.0195362058668
South 0.00330396837398

row18col17
West 0.0921080294693
East 0.0218508750982
North 0.00337112520541
South 0.00918299427162

row18col18
West 0.0545151950966
East 0.0139158306698
North 0.0006890665293
South 2.74042843287e-06

row18col19
West 0.0299946680968
East 0.00391156586049
North 0.000150422086898
South 7.37367997459e-05

row18col20
West 0.0126860698262
East 0.000573877813495
North 5.5446862369e-05
South 9.72176166003e-06

row18col21
West 0.00314560737906
East 0.000147624251196
North 4.16024655303e-07
South 7.08910770946e-11

row18col22
West 0.000694933328111
East 0.000122518713084
North 2.27001574538e-07
South 3.56990072194e-09

row19col1
West 7.31966579875e-06
East 0.00019990697126
North 0.000154098227342
South 1.43971042833e-05

row19col2
West 2.80970728162e-06
East 7.0803829682e-07
North 0.00232922606941
South 0.000246196306088

row19col3
West 4.02642730425e-05
East 0.0
North 2.6173946998e-05
South 4.90008192588e-07

row19col4
West 0.0
East 4.42382005741e-14
North 1.30070910782e-05
South 8.9297658817e-07

row19col6
West 0.000235471905911
East 0.00696095275897
North 2.45032823806e-08
South 1.2532567884e-05

row19col7
West 0.000333419065155
East 2.74556640389e-06
North 0.0476693484348
South 0.0103388413708

row19col8
West 0.0
East 7.98819042707e-14
North 0.00494936921173
South 0.000351578662035

row19col9
West 4.40402885506e-05
East 1.13906944455e-12
North 0.0
South 0.0

row19col10
West 4.68759997582e-08
East 0.0
North 0.000190995147579
South 4.97589838882e-07

row19col11
West 3.69281210366e-06
East 4.44354133496e-11
North 3.04334869034e-11
South 0.0

row19col13
West 1.52477925819e-05
East 0.00167341541833
North 9.25239243292e-05
South 8.09057874774e-07

row19col14
West 0.000159115773982
East 0.0238466920125
North 0.0
South 0.0

row19col15
West 0.000859753163259
East 0.000835712544483
North 0.113618552139
South 0.0335434125533

row19col16
West 0.0
East 0.000280247993792
North 0.0358639838543
South 0.00150233116353

row19col18
West 5.08779389386e-16
East 0.0
North 0.00369933604425
South 1.28302962121e-15

row19col19
West 0.0
East 1.19932925547e-06
North 0.000579749144079
South 3.97633529709e-05

row19col20
West 3.35315873029e-06
East 0.0
North 0.00069354711258
South 5.39078487086e-07

row19col21
West 3.94151688544e-06
East 5.14256477792e-08
North 0.0
South 0.0

row19col22
West 0.0
East 8.30911364315e-17
North 2.37238809492e-05
South 1.05673581266e-07
