0.0493141319121
0.04948919672
0.0511873823962
0.0488137930344
0.0471370746535
0.0479011765277
0.0481252197175
0.048150629574
0.0480333432909
0.0478836560414
0.0481743277011
0.048032740921
0.0479871181476
0.0485300996956
0.0485806954791
0.048475328691
0.048076514035
0.0484179843002
0.0481351741934
0.0483325948271
0.0482839704163
0.0484663692361
0.0484188383353
0.0484619332129
0.0485669181883
0.0485350470932
0.0484798491792
0.048612186828
0.048460141556
0.0487861232624
0.0490748461703
0.0488826459697
0.0491452156962
0.0491064624532
0.0494554646941
0.0494618628503
0.0494822380054
0.0494584388997
0.0495822250714
0.0496823306378
0.0496539417845
0.0495141674771
0.0496206964532
0.0496680380258
0.0499820319292
0.0499544676189
0.0501814903769
0.0502492471607
0.0505758590589
0.0505497268104
0.0506356364475
0.0506177968538
0.0508356417204
0.0509483974559
0.0509583671508
0.0509239656579
0.0510236965167
0.0509921924556
0.0510490257052
0.0511880279698
0.051336757049
0.0513906475542
0.0514947953928
0.0515990939292
0.0517948701221
0.0518988372064
0.0518624056529
0.0518423390888
0.0520709905295
0.052307501934
0.0523082832126
0.0524848048753
0.0525898980179
0.0526938122448
0.0528083024637
0.052997464903
0.0532541892509
0.0533930243047
0.0536429725062
0.0536166216928
0.0537413320336
0.0538804222395
0.0539192322797
0.0540480951503
0.0543430609619
0.0544957305288
0.0547540862781
0.0549110898364
0.0550025491803
0.0550591822629
0.0552221465695
0.0553657186672
0.0555625938891
0.0556429570437
0.0557741394105
0.0558852042212
0.0560022671115
0.0560852404799
0.0562713280874
0.0564009818133
0.0565291919944
0.0566449697703
0.0567508967258
0.0568288831835
0.0569198189819
0.0570802905613
0.0573174023363
0.0575071937549
0.0577670422204
0.0578667401254
0.0579138940566
0.0580597392368
0.0582164955153
0.0583884416609
0.0585782422768
0.0588889941129
0.0591391421613
0.0592671808094
0.0593967699315
0.0595730448519
0.0596975098932
0.0598977679701
0.0600789964706
0.0602538891039
0.0604357103223
0.0607084507968
0.0609837052065
0.0611648003867
0.0612855500619
0.0615151307339
0.0616150891173
0.0617708038179
0.0619707622864
0.0621898644308
0.0624439483054
0.0626125732195
0.0627953462331
0.0629666257308
0.0630796371465
0.0632443818486
0.063470269272
0.0636606625735
0.0638773152369
0.0640839238588
0.0642549988836
0.0644404683036
0.064717002136
0.0648950033793
0.0651701848764
0.0653850486629
0.0655492835162
0.0656956961321
0.0658600122099
0.0661307180548
0.0663377277317
0.0665576385961
0.0667705899687
0.0670210852105
0.0672176449648
0.0674463805119
0.0676587914814
0.067811106352
0.0680188341913
0.0682160745049
0.0684709022557
0.0686648630287
0.06883144608
0.0690447740286
0.0692289088977
0.069409077841
0.0696257962141
0.0698208618355
0.0700516038125
0.0703285705958
0.0705479014661
0.0707449489035
0.0709478026814
0.0711441032475
0.0713538688681
0.0715218399563
0.0717497288904
0.0720207141776
0.072189580842
0.0723698386029
0.072655300195
0.07286000375
0.0730342609376
0.0732661985592
0.0734706378217
0.0737474759706
0.0739492155103
0.0741525736238
0.074344690473
0.0745521076681
0.0747460374052
0.075018522724
0.0752056541072
0.0754096362657
0.0756364761602
0.0758774488752
0.0760817563776
0.0763344872736
0.0765423265213
0.0767308603788
0.0769473655958
0.0771675989427
0.0773484804322
0.0775528163954
0.077778001117
0.0779863073744
0.0781997361371
0.0784465635043
0.0786379651251
0.0788263299628
0.0790194548835
0.079244858638
0.079423227332
0.079656968627
0.0798479086709
0.0800560211755
0.0802549004345
0.0805018870185
0.0807517164351
0.0809836957616
0.0812166231045
0.0813833398291
0.0815425831166
0.0817897376261
0.0819680175034
0.0822110545662
0.0824265399481
0.0826406364969
0.0827994786691
0.0830577128694
0.083280674307
0.0835010356798
0.0836809336973
0.0839164251555
0.0841124695931
0.0843216892938
0.0845188159454
0.0847872749289
0.0850165169338
0.0851928686866
0.0854004687859
0.0855974104848
0.0858064781136
0.0860190462714
0.0862432295798
0.0864272756561
0.086631181433
0.0868204650785
0.0869958722777
0.0872212736156
0.0874604190798
0.0876536930941
0.087868772534
0.088048802805
0.0882797340696
0.0885028296821
0.0886998235377
0.0889374812189
0.0891047314293
0.0893320864703
0.0894955842546
0.089676028948
0.0898436463678
0.0900619412976
0.0902400415978
0.0904650922881
0.090678905371
0.0908912338403
0.091098739995
0.0913063069341
0.0915010630337
0.0916999605516
0.0919063127817
0.092110742611
0.0923306496277
0.0925525160324
0.0927977429958
0.093004619894
0.093203571132
0.0933799782726
0.0935791952741
0.093796507785
0.0940434938233
0.0942347705978
0.0944114885483
0.0945976114803
0.09483557811
0.0950623465522
0.0952333855724
0.0954348909496
0.0956674923057
0.0958537772434
0.0960420297893
0.0962275271909
0.0964197247824
0.0965877344716
0.0967640402051
0.0969768874822
0.0971810537608
0.097353288402
0.0975607322922
0.0977427711617
0.097970653151
0.0982047220765
0.098391383966
0.0985613923659
0.0987465916922
0.0989251164501
0.0991223753051
0.0992915952552
0.0994663543283
0.0996587082349
0.0998645369628
0.10005219915
0.10022847695
0.100407870377
0.100629562252
0.100856906788
0.10106807259
0.101263328628
0.101459080695
0.10162985512
0.101831178371
0.102012509964
0.102205392692
0.10237283596
0.102565948128
0.102761303318
0.102958083839
0.103115722022
0.103306577673
0.103480719585
0.103649294919
0.103843619678
0.104046788238
0.104254755903
0.104433317725
0.104604247905
0.104787876197
0.104968666759
0.105156893498
0.10533783699
0.105520416489
0.10570790967
0.105859407049
0.106016878146
0.106177584629
0.106356857631
0.106555223031
0.106720463923
0.106895246376
0.107055849248
0.107199019401
0.107360754637
0.107519754282
0.107690335475
0.107874380907
0.108067607446
0.108261484167
0.108416277971
0.108607801616
0.108765806266
0.108888290757
0.109049443196
0.109221754402
0.109376045104
0.109560387508
0.109735129625
0.109928715348
0.110107545252
0.110279652155
0.110455248406
0.110627845966
0.110784904984
0.110952839588
0.111134450461
0.111292327612
0.111449595004
0.111634966117
0.111793134482
0.111958160692
0.11213633592
0.112295087314
0.112454026973
0.112601270974
0.112768513882
0.112928337333
0.113055000742
0.113207801039
0.113357883673
0.113526392569
0.113702233202
0.113837604726
0.113985961407
0.114142520238
0.114290587854
0.114402350325
0.114559468263
0.114704737898
0.114878221437
0.115016811942
0.115171755147
0.115347376679
0.11551685471
0.115669749704
0.115815046843
0.115954805875
0.116090507537
0.116249168041
0.116415570187
0.116575960114
0.116709700116
0.116855672957
0.116988420165
0.117137450414
0.117281190517
0.117413736818
0.117572618162
0.117712393339
0.117829480581
0.117975448677
0.118119319955
0.118245723668
0.11837887966
0.118527251548
0.118670645937
0.118817539726
0.118956496457
0.11908281057
0.119227558421
0.119358025734
0.119506720938
0.119631913833
0.119760252326
0.119895340022
0.120032136107
0.120164870752
0.120298625679
0.120428089176
0.120563813819
0.120683161179
0.120814629074
0.120947417331
0.121073622204
0.121187889343
0.121325843878
0.121458276233
0.121569764844
0.121689618806
0.121836560197
0.121961432853
0.122093519286
0.12222101718
0.122354927867
0.122470965627
0.122592849913
0.122712333647
0.122844525798
0.122977328875
0.123097700929
0.123228526992
0.123329803937
0.123452013247
0.123576713476
0.123702548921
0.123841441187
0.12396387353
0.124067368771
0.124180330839
0.124288664881
0.12439746091
0.124537435074
0.124632682478
0.124754228107
0.124882885899
0.125007556762
0.125128561484
0.125256671134
0.125371433828
0.125508232865
0.125630934676
0.125731750267
0.125845770032
0.125945861539
0.126046303384
0.126166911421
0.126273766982
0.126392995035
0.126531056083
0.126649647598
0.126751913743
0.126873326264
0.126990032325
0.127113517219
0.127212166803
0.127343660804
0.127464573794
0.127587755461
0.127703084584
0.127812382371
0.12792896101
0.128044957234
0.128160857421
0.128280336441
0.128385118333
0.128497132987
0.128602229487
0.128722166496
0.128819650423
0.128939252239
0.129074382545
0.129170957934
0.12926095761
0.129351938464
0.129451276956
0.129559284124
0.129661907732
0.129792618905
0.129889078511
0.13000570015
0.1301050653
0.130205054118
0.13032972299
0.130454024956
0.130551988715
0.130659602449
0.130772301445
0.130857169086
0.130961344087
0.13106958651
0.131166563054
0.131263278634
0.131375285097
0.13147238978
0.131575939862
0.131692663761
0.131800381179
0.131891095931
0.131986710591
0.132074876987
0.132168356893
0.132276081372
0.132377177728
0.132473054703
0.132586878655
0.132685509843
0.132777132352
0.132891290275
0.132994592082
0.133094020266
0.133194539772
0.133295642011
0.133416905158
0.133510809081
0.133603719462
0.133700855972
0.133785396885
0.13387653967
0.133967138188
0.134050668928
0.134126811475
0.134221065397
0.134304345752
0.134402831602
0.134477516591
0.134562621877
0.134658880013
0.134749639841
0.134832988254
0.134931247023
0.135019556834
0.135116517634
0.13520670729
0.1353088904
0.135403228901
0.135492884114
0.13557399905
0.135670551629
0.135767477507
0.135861856536
0.135951571318
0.136059716896
0.136162834287
0.13623796683
0.136335337063
0.136436316528
0.136522083102
0.136602156515
0.136686788655
0.136765235476
0.136859358477
0.136939203202
0.137015010342
0.137116339266
0.137193199114
0.137272409242
0.137372317328
0.137467654862
0.137546485544
0.137627243645
0.137710425862
0.137787290171
0.13787059712
0.137948290075
0.138029345481
0.138109321511
0.138186727205
0.138272875608
0.138357012362
0.138428539774
0.138521641554
0.138605474176
0.138689618511
0.138761629925
0.138839122602
0.138919972726
0.139005860944
0.139066874939
0.139146659777
0.139239944233
0.139302949644
0.139373817459
0.139451896133
0.139521322271
0.139600998451
0.139684438137
0.139758135848
0.139864454542
0.139930881064
0.140014513147
0.140088007897
0.140163133437
0.140239879215
0.140310148239
0.140385688534
0.140458979095
0.140515661488
0.140593744783
0.140663793882
0.140743439879
0.14080817969
0.140877820942
0.140962594815
0.141043787417
0.141138478336
0.141206696952
0.141283932939
0.141348490122
0.14141180338
0.141476517505
0.141554766263
0.141618464748
0.141706060333
0.141776139716
0.141837303897
0.141910627448
0.141979022656
0.142041363898
0.142111462672
0.142186578885
0.142266385596
0.142327819398
0.142414877487
0.14249085117
0.142575275576
0.142641116997
0.142705306205
0.142769040622
0.142834429471
0.142906319702
0.14296982511
0.14304421512
0.143112876921
0.143183416762
0.143245569695
0.143321021442
0.143388022115
0.143457254735
0.143527181579
0.143592096336
0.143650805269
0.14373590288
0.143811792706
0.143871394192
0.143945619388
0.144011186499
0.144083534786
0.14415630334
0.144210991079
0.144264259907
0.144316464227
0.144362193114
0.144416573704
0.144500192858
0.144564830714
0.144617343353
0.144672922461
0.144740049329
0.144785102521
0.14485691109
0.144917007301
0.144967544428
0.145026193162
0.145096369103
0.145166612599
0.145222440167
0.145283588679
0.145362189471
0.145437513621
0.145487936944
0.145550347838
0.145609641177
0.145662116245
0.145721296494
0.145782606738
0.145845215543
0.14590181707
0.145959374941
0.146022175927
0.146084665716
0.14614999943
0.146215956367
0.146282029046
0.146334615918
0.146389969981
0.146444867246
0.146519140323
0.146575021109
0.146626272088
0.146693021568
0.146758024674
0.146811820606
0.146862981155
0.146926971151
0.146989828486
0.147056646962
0.147121014283
0.147189907262
0.147230296763
0.147297309615
0.147361711198
0.147416040651
0.147462341128
0.147520596506
0.147592223255
0.147646579117
0.147698525841
0.147753156394
0.147801601041
0.147850767861
0.147906852821
0.147953463204
0.147996542868
0.148061109116
0.148121146775
0.148165191544
0.148221511465
0.14827708625
0.14833460095
0.148385557816
0.148437638486
0.148497293063
0.148543337363
0.148605235691
0.148663886822
0.148713140597
0.148770357746
0.148833162618
0.148887279914
0.148936925782
0.149003834557
0.149050276119
0.149109566756
0.149157489783
0.149193242189
0.149244760693
0.149288718398
0.149348004991
0.149405670954
0.149457166197
0.149508673662
0.149559024755
0.14960971832
0.14966557696
0.14972817695
0.149775433764
0.1498297311
0.14987595898
0.149926419999
0.14998104281
0.150013015154
0.150083587046
0.150120866982
0.150175209857
0.150223909053
0.150271876365
0.150324927111
0.150377248882
0.150431627091
0.150485713615
0.150538304488
0.150584125803
0.150622956199
0.150676079995
0.150730752294
0.150785843193
0.150822558232
0.150864226323
0.150911018682
0.150963224227
0.151005986581
0.151058111036
0.151107834289
0.151164773998
0.151216321722
0.15126546988
0.151321114424
0.151370700037
0.151402431224
0.151453559739
0.151495707314
0.151532608439
0.151585714166
0.151624692748
0.151660063041
0.151709878563
0.151747381138
0.151793114842
0.151842096441
0.151895829421
0.151949146077
0.152003303555
0.152043899993
0.152097266942
0.152131105216
0.152191524347
0.152236173971
0.15228330055
0.152333484353
0.15237023041
0.152420839809
0.152462534228
0.152501571267
0.152535993228
0.152587046642
0.152630379999
0.152678421523
0.152714453915
0.152756799318
0.152801052212
0.152859887409
0.152904235171
0.152935584179
0.152982192261
0.153030058225
0.153068716084
0.153117633842
0.153167656908
0.153209883879
0.153255325289
0.153301881266
0.153353345554
0.153393084293
0.153432597955
0.153470402966
0.153514244763
0.153548622475
0.153588690374
0.153626902416
0.153676696144
0.153721646813
0.153768501489
0.153797444741
0.153841789044
0.153879251548
0.153913015336
0.153954677376
0.15399279682
0.154029230349
0.154069221839
0.154098888389
0.154142526697
0.154180723159
0.154226722672
0.154260488933
0.15430267871
0.154339335776
0.154374042249
0.154407373305
0.15445523928
0.154500844896
0.154542166026
0.154581759326
0.154630414053
0.15466393347
0.154696963792
0.15473502385
0.154774523067
0.154815997103
0.154858517431
0.154893401764
0.15494576208
0.154971228743
0.154995395968
0.155032178481
0.155064410414
0.15510236842
0.155135756053
0.15516990717
0.155197975333
0.155246000657
0.155291838046
0.155322860285
0.155359165931
0.155394695057
0.155436668819
0.155471667412
0.155507130855
0.155555705089
0.15558876436
0.155629386685
0.155661477416
0.155701600932
0.155735827059
0.155773961428
0.155805154257
0.155848587581
0.155890990376
0.155935992721
0.155978483807
0.156024370705
0.156056435867
0.156089981343
0.156126470357
0.156166363252
0.15620063488
0.156239725171
0.156272700713
0.156303321669
0.156341048674
0.156382773473
0.156406648375
0.156435280936
0.15647417177
0.156516486856
0.156551904035
0.156589447014
0.15663161395
0.156666817395
0.156701465321
0.156740377442
0.156779318292
0.156816670518
0.15685957114
0.156893589185
0.156926364407
0.156963203744
0.156995663486
0.157019936735
0.157052277238
0.157078766001
0.157105227129
0.157144881292
0.157171314257
0.157206843614
0.157247159324
0.157279465956
0.15731154793
0.157347745428
0.157383507525
0.157422542965
0.157453050621
0.157482698861
0.157505908263
0.157537155834
0.157565420038
0.157601197548
0.157624569752
0.157650121501
0.157677980517
0.15771156539
0.157740392373
0.157774656728
0.157804752604
0.15784192932
0.157880175851
0.157912023543
0.157939941378
0.157969385991
0.158016786747
0.158046715679
0.158084182774
0.158126360222
0.158166918914
0.158199671356
0.158228941397
0.158262176761
0.158294568243
0.158314689071
0.158346861008
0.158375022608
0.158401991166
0.158424216685
0.15845807214
0.158484211031
0.158516580111
0.158556796178
0.158586993755
0.158617910154
0.15865465488
0.158681453237
0.158721185121
0.158758373235
0.158792449409
0.158827455549
0.158851755376
0.158884106278
0.158911869278
0.15895337312
0.158976927034
0.15899754778
0.159042694557
0.159065174678
0.159098354423
0.159117370967
0.159149491292
0.159189174129
0.159229836603
0.15926267657
0.159288927103
0.159314473183
0.159335175088
0.159372206508
0.159406690074
0.159440771203
0.159471997732
0.159504203217
0.159546469129
0.159574759747
0.159604787788
0.159628720872
0.159670677061
0.159704025163
0.159730655188
0.15976542135
0.159796556527
0.159824637449
0.15985389206
0.159881265648
0.159913119328
0.159942739592
0.159980103889
0.160009771878
0.160030008745
0.160056855389
0.160078539862
0.160107257583
0.160135992272
0.160162947915
0.160198152075
0.160229680542
0.160252155457
0.160279102959
0.160306531075
0.160343212168
0.160365659098
0.160391548547
0.16041632325
0.160439955919
0.160466139464
0.160499098356
0.160520201213
0.16054478978
0.160576354108
0.160607138957
0.160634269483
0.160658363262
0.160687902385
0.160720853044
0.160749093686
0.160762836462
0.160803528782
0.160835927541
0.160876493945
0.16091516447
0.160946316113
0.160966563879
0.160994454039
0.161019579464
0.1610425783
0.16106323389
0.161094807241
0.161124319418
0.161145815612
0.161169265476
0.161201868296
0.161224983283
0.161246881514
0.161269700225
0.161300817714
0.161318914726
0.161360226066
0.161386650721
0.161417092102
0.161446630156
0.161475828512
0.161497736522
0.161513403584
0.161541001577
0.161560545646
0.161592437884
0.161612889415
0.161641487744
0.161669489695
0.161690445362
0.161720748012
0.161741751953
0.161767369679
0.161798014417
0.161827071323
0.161849460593
0.161873485189
0.161898185117
0.16192054028
0.161940551471
0.161963547373
0.161983850263
0.162005061634
0.162039314236
0.162064937591
0.162097732656
0.162124511251
0.162152582487
0.162181353468
0.162214268259
0.162235250423
0.16225693653
0.162276061649
0.162296147716
0.162314256686
0.162342076886
0.162360137872
0.162389285237
0.162411035009
0.16243314448
0.162460234429
0.16248961732
0.162504950139
0.162524809381
0.162543649635
0.162570864238
0.16259972165
0.162627692323
0.162653805281
0.162673858766
0.162690754705
0.16272270364
0.162751242159
0.162767779043
0.16279599191
0.162819356595
0.162838052753
0.162870151584
0.16289358798
0.162917565674
0.16294243458
0.162971570954
0.162988311096
0.163006044334
0.163030066344
0.163055235462
0.163071718983
0.163092473627
0.163115889113
0.163134506365
0.163159613207
0.163183599977
0.163215336286
0.163235587021
0.163257556723
0.163275588267
0.163305386328
0.163328107003
0.163357399551
0.163375110572
0.163390490516
0.163416011571
0.163435090916
0.16345381044
0.163479423494
0.163501360912
0.163528635192
0.163553803121
0.163579579241
0.163599159784
0.163623502316
0.163650485599
0.163680610552
0.163703650221
0.163727928433
0.163748665046
0.163766599017
0.163788843468
0.16381952312
0.163843556097
0.163858406855
0.163875002298
0.163892438319
0.16392071348
0.16395311506
0.163981603715
0.164000594015
0.164032751798
0.164055512217
0.164080416765
0.164108751892
0.164134996909
0.164150334486
0.164172722892
0.164192346415
0.164220699543
0.164232497371
0.164253777518
0.16427498108
0.164299963335
0.164316515026
0.164331510371
0.164357726903
0.164387107281
0.164405559108
0.164422204243
0.164441757621
0.164457340415
0.164470373678
0.164489574946
0.164504104479
0.164522902303
0.164545489873
0.164558657994
0.164580679363
0.164604745023
0.164627810264
0.164643894572
0.16466047614
0.164675173972
0.164701138001
0.16472338884
0.164740798438
0.164764085946
0.164781206195
0.164801858896
0.164819269752
0.164846758566
0.164858882189
0.164887813593
0.164908789591
0.16492974201
0.164952773668
0.164977538948
0.164996566453
0.165023596901
0.165041577234
0.165058411803
0.165082835763
0.165103994347
0.165126684084
0.165143430827
0.165163695051
0.165179472367
0.165201319977
0.16522461295
0.165241292029
0.16526154484
0.165282197958
0.165302052656
0.165326082076
0.165348762079
0.165368968765
0.165388611286
0.165407381546
0.165428285775
0.165443971494
0.165460152541
0.165480462681
0.165497360955
0.165514361567
0.165535314864
0.165561734277
0.165578511975
0.165601215143
0.165616623145
0.165630295895
0.165652035124
0.165673972726
0.165692197127
0.165708525413
0.165726956055
0.165742843448
0.16575382947
0.165769464243
0.165788676623
0.165812788815
0.165829330407
0.165848824161
0.165872224844
0.165888460657
0.16590392887
0.165923464477
0.165942918939
0.16596454153
0.165991107423
0.166010252028
0.166021545691
0.166036053809
0.166058517593
0.166079037053
0.166096427088
0.16612730548
0.166137729453
0.16615571742
0.166178066306
0.16619208945
0.166205529025
0.166223741777
0.166243819138
0.166260447147
0.166274716764
0.166293541705
0.166312678276
0.166329901679
0.166357171426
0.166377096193
0.166397588796
0.166412094389
0.166436748613
0.166462023198
0.166482540962
0.166493572381
0.166517942519
0.166538157283
0.166555193166
0.16658070845
0.166594351104
0.166609338611
0.166626185413
0.166643033934
0.166665257805
0.166679240776
0.166691851097
0.166710619676
0.166728010471
0.16674662675
0.166765214724
0.166789764289
0.166803595056
0.166825421534
0.166841717565
0.166852375075
0.166861693292
0.166876084503
0.166893198862
0.166910991172
0.166929365501
0.166945698213
0.166961032729
0.166977667554
0.16699339124
0.167018120064
0.167039952121
0.167057410361
0.167069246979
0.167081425807
0.167092206834
0.167107929889
0.167123221232
0.167141495891
0.167156955484
0.167179127529
0.167196312155
0.167203960981
0.167220333691
0.167236824541
0.167253448729
0.167266346796
0.167286753301
0.167307111073
0.167325754066
0.167339851446
0.167356034488
0.167371543274
0.167389540421
0.167407148271
0.16742371635
0.167449170396
0.167461148213
0.167470651232
0.167489946238
0.1675001516
0.167518887937
0.167532264387
0.167548619072
0.16756564923
0.16759036955
0.167610086643
0.167631168651
0.16764662821
0.167661197298
0.167679536033
0.167692205956
0.167704976724
0.167718027191
0.167735583706
0.167754824997
0.167771623146
0.16779013936
0.167803673783
0.167818986939
0.167834984895
0.167844990972
0.167857563741
0.167876344766
0.167891697948
0.16791416869
0.167927653669
0.167939786898
0.167953584241
0.167970501973
0.167984949378
0.167996530814
0.168009901618
0.168027339783
0.168040097252
0.168048754987
0.168064827365
0.1680848408
0.168102755478
0.168123227273
0.168137455474
0.168150728146
0.168163435021
0.168174999307
0.168181136465
0.168206657773
0.168216038594
0.16822554969
0.168246915481
0.168257174071
0.168271234023
0.168290644633
0.168308215808
0.168325532425
0.168343094961
0.168361710611
0.168383206897
0.168397592339
0.168411921969
0.168428177032
0.168447941053
0.168462639322
0.168480152447
0.168493378763
0.168512713408
0.168521550553
0.168535580179
0.168548379074
0.168566989149
0.168585634613
0.168596984533
0.1686082293
0.168624778856
0.168641622436
0.16865324222
0.168673197233
0.168685375047
0.168696090712
0.168712581015
0.168722937231
0.168736476843
0.168745787181
0.168755846266
0.168771617038
0.168785267609
0.168795590884
0.168808662951
0.168825914758
0.168835628833
0.168846856084
0.16886352021
0.168873771311
0.168892640474
0.168899903041
0.168908711222
0.168924827768
0.168937137634
0.168954707253
0.168965644469
0.168975973838
0.168992461042
0.169001266594
0.169015940386
0.169035847794
0.169050047114
0.169058569255
0.169070196942
0.169083804045
0.169101740256
0.169116530019
0.169129402664
0.169148003402
0.169164040444
0.16917803635
0.169192807813
0.169207038622
0.169224181364
0.169232161974
0.169247316626
0.169260380817
0.169274147545
0.169285336897
0.169292544121
0.169308314395
0.169317454147
0.16932786751
0.169346723952
0.169356700863
0.16937488228
0.169388971966
0.169407763715
0.169426092138
0.169437765073
0.169453338148
0.169463182724
0.169476351768
0.169489688761
0.169505129187
0.169513691615
0.169525748452
0.16953280305
0.16954143469
0.169552137605
0.169567376028
0.16958202774
0.169596397334
0.169611211772
0.169628240842
0.169649300872
0.169660209945
0.169679238542
0.169691794097
0.169708036712
0.169720925783
0.169735856318
0.169744897428
0.169760369446
0.16976954687
0.169785979719
0.169800474727
0.169819680874
0.169829865985
0.169845904505
0.169856428959
0.169871026046
0.169883830969
0.169894017397
0.169911484658
0.169918583433
0.169933457604
0.169946580786
0.169963457496
0.169976029471
0.169989957742
0.170005925563
0.170011743353
0.170028495602
0.17004730221
0.170067234922
0.170075167717
0.170084344106
0.170093470565
0.17010615252
0.170116560834
0.170126506479
0.170138860296
0.170151860128
0.170162481638
0.170171676877
0.170184524909
0.170188677558
0.170195802761
0.170203916831
0.170217282457
0.170226912618
0.170245586249
0.170262386989
0.170279649242
0.170292047558
0.170299569854
0.170306740031
0.170316379423
0.170326459477
0.170339949603
0.170351329859
0.170361938132
0.170372934496
0.170386578795
0.170392181775
0.170406493823
0.17041864885
0.170429190854
0.170438246491
0.170449821924
0.17045965646
0.170475390851
0.170484854521
0.170493717348
0.170503560404
0.170518216721
0.170533042467
0.170548067037
0.170562911199
0.170571114888
0.170587410701
0.170604626248
0.170614517379
0.170627562349
0.170638181749
0.170655885856
0.170667023914
0.170679111529
0.170682426832
0.170690145561
0.170710548089
0.170721896089
0.17073584832
0.170745069754
0.170755101221
0.170763828453
0.170774297861
0.170789718422
0.170805609452
0.170810268793
0.17082129374
0.17083129538
0.1708492553
0.170861348538
0.170872153821
0.170882553568
0.170890251419
0.170901458364
0.170916660068
0.170931233248
0.170941219036
0.170955615211
0.170971467799
0.17098557795
0.170998076499
0.171008147178
0.171013654855
0.17102633363
0.171042885065
0.171051318503
0.171065112426
0.171079370748
0.171086221028
0.171097935997
0.17110974925
0.17111606376
0.171131108039
0.171142620095
0.171153528497
0.171167429679
0.171180514043
0.171192656759
0.171209432134
0.17122070841
0.171234813498
0.171245968868
0.171259237499
0.171266641823
0.171279483429
0.171286390507
0.171294536042
0.171307127448
0.171320578833
0.171331213736
0.171345770868
0.171361628708
0.171373910448
0.171380901078
0.171392993666
0.171406560348
0.171425200825
0.171443097775
0.171451022401
0.171461229583
0.171477242506
0.171487613721
0.171500690371
0.17151559141
0.171532515531
0.171539197524
0.171554375594
0.171563844637
0.171577713796
0.171587970289
0.171602222823
0.171616926179
0.171628675745
0.17163506475
0.171643401858
0.17165575442
0.171669089147
0.171679387167
0.171689917079
0.171698417245
0.171709372163
0.171715721736
0.171725984402
0.171739444109
0.171748385326
0.171763924192
0.171774396299
0.171786566728
0.171796220331
0.171809090605
0.171820487502
0.171834194446
0.171850675566
0.171856487683
0.17186433023
0.1718721801
0.171880850162
0.171890861717
0.17190797686
0.17191998695
0.171927619519
0.171937274122
0.171950468393
0.171959321962
0.171975852981
0.171984456967
0.171991573262
0.17199933265
0.172005837911
0.172013111647
0.172024910603
0.172032643363
0.172041078539
0.172052714711
0.172061709311
0.17206979676
0.172081578956
0.17209510755
0.172105530809
0.172114387362
0.172126890784
0.172135814014
0.172153826156
0.172164474029
0.172179024238
0.172191420605
0.172196641601
0.172203536797
0.172213015802
0.172223002851
0.172232034074
0.172247649616
0.172262950889
0.17227270745
0.172282821001
0.172295258856
0.172310343143
0.172320755096
0.172331104589
0.172344806284
0.172355315296
0.172361471312
0.172375398398
0.172385449299
0.172395463032
0.172401164936
0.172411999521
0.172419592573
0.172432357089
0.172436634467
0.172445231993
0.172457900364
0.172464565571
0.17247660164
0.172486926644
0.172497389493
0.17250833167
0.172516202024
0.172526662557
0.172534820343
0.17254687818
0.17255353554
0.172561004447
0.172567510178
0.172574793586
0.172586343363
0.172592356439
0.172600884879
0.172611032768
0.172622260282
0.172629294222
0.172636590603
0.17264573812
0.172659274597
0.172664679277
0.172678802748
0.17268425274
0.172697697744
0.172704943114
0.172710314247
0.172721425161
0.172733633636
0.172744848808
0.172757488904
0.172766933106
0.172779438604
0.172788892811
0.172795701972
0.172806954648
0.172813155504
0.172821862653
0.172826485624
0.172840337057
0.172847844238
0.172851942401
0.172860499232
0.172873934172
0.172884952924
0.172895827977
0.172905743418
0.17291682709
0.172930016552
0.172934796263
0.172940695969
0.172949469396
0.172956794249
0.172966568792
0.172981782594
0.172984517658
0.172988670391
0.173003864
0.173008330656
0.173019314748
0.173027501488
0.173040575504
0.173051594996
0.173061340855
0.173071165865
0.173082312763
0.17309374961
0.17310164691
0.173105885115
0.173119399582
0.173125998086
0.173135359321
0.173147792881
0.173155419664
0.173163040929
0.173173807745
0.173183026478
0.173196174933
0.173204420571
0.173212552588
0.173220731111
0.173232021992
0.173240461626
0.173250272749
0.173257358869
0.173264794895
0.173270218956
0.173277828205
0.173293848917
0.173304018802
0.173313526594
0.173325871289
0.173335094677
0.173339684732
0.173350192151
0.173355873278
0.173367194711
0.17337772485
0.17339285769
0.173398704403
0.173409367171
0.173419191753
0.173425986857
0.17343595644
0.173444672225
0.173455105614
0.173468412071
0.173479553396
0.173488436344
0.173494144475
0.173504649308
0.1735112267
0.173516870734
0.173531681315
0.173540709672
0.173552029833
0.173557179835
0.173566507268
0.173571049373
0.173581975884
0.173589867696
0.173598754359
0.173603883422
0.173610184573
0.173619534695
0.173629491155
0.173635379019
0.173640523757
0.173650142721
0.173662289337
0.17367215292
0.173679453846
0.173689048848
0.173696087764
0.173704264569
0.173716022601
0.173726801001
0.173737334471
0.17373999498
0.173751402452
0.173765400253
0.173768884992
0.173775593044
0.173781092836
0.173787277246
0.173796609037
0.173802102137
0.173814403221
0.173822524865
0.173831413588
0.173841352753
0.17384794062
0.173856277557
0.173867475321
0.173880387034
0.173891750766
0.173901258777
0.173902540199
0.17391585487
0.173924997418
0.173933978589
0.173946232424
0.173955061151
0.173966443376
0.173971281162
0.173981083706
0.173991052642
0.173998935733
0.174005985929
0.17401263794
0.174019024354
0.17402759814
0.174037012905
0.174045046405
0.174054269255
0.174057446363
0.174067192915
0.174076644168
0.174082684373
0.174091409807
0.174102688798
0.174112081161
0.174119206564
0.17412489711
0.17413779696
0.17414937414
0.174154856452
0.174161454071
0.174168213205
0.174177613398
0.174182760024
0.174193577726
0.174202627478
0.174208189882
0.174220938579
0.174232533831
0.174237532606
0.174245103626
0.17425470797
0.174267047503
0.17427463013
0.174288072678
0.174297502028
0.17430626201
0.174316891391
0.174322891452
0.174336498735
0.174344599759
