
row1col1
West 0.0
East 2.10611244355e-05
North 0.0
South 0.0

row1col2
West 0.0
East 0.000550331100217
North 0.0
South 0.0

row1col3
West 0.0
East 0.00618923575616
North 0.0
South 0.0

row1col4
West 0.0
East 0.0
North 0.0
South 0.0301798792219

row1col5
West 0.0
East 0.0
North 0.0
South 0.00141776089202

row1col7
West 0.0
East 0.0
North 0.0
South 4.53616478515e-05

row1col8
West 0.0
East 0.00136011203411
North 0.0
South 0.0

row1col9
West 0.0
East 0.0
North 0.0
South 0.0645684374732

row1col10
West 0.0
East 0.0
North 0.0
South 0.0140760925059

row1col11
West 0.000618476454197
East 0.0
North 0.0
South 0.0

row1col13
West 0.0
East 0.0
North 0.0
South 0.0579809355968

row1col14
West 0.0
East 0.0024104620987
North 0.0
South 0.37604348834

row1col15
West 0.0
East 0.0
North 0.0189963693078
South 0.482198966739

row1col16
West 0.0193105599892
East 0.0
North 0.0
South 0.479104677653

row1col18
West 0.0
East 0.0
North 0.0
South 0.0

row1col19
West 0.951505474751
East 0.0
North 0.0
South 0.0

row1col20
West 0.737133880277
East 0.0
North 0.0
South 0.0

row1col21
West 0.371315029171
East 0.0
North 0.0
South 0.0

row1col22
West 0.103921543467
East 0.0
North 0.0
South 0.0

row2col1
West 0.0
East 0.0
North 2.52479524964e-07
South 0.0

row2col2
West 0.0
East 0.0
North 0.0
South 8.18184071138e-05

row2col3
West 0.0
East 0.00517391420067
North 0.0
South 0.0

row2col4
West 0.0
East 0.0
North 0.0
South 0.100000384126

row2col5
West 0.0
East 0.0
North 0.0
South 0.0500226793762

row2col7
West 0.0
East 0.0
North 0.0
South 0.00140605514069

row2col8
West 0.0
East 0.0121055728838
North 0.0
South 0.0

row2col9
West 0.0
East 0.0
North 0.0
South 0.290959991179

row2col10
West 0.081486372183
East 0.0
North 0.0
South 0.0

row2col11
West 0.0
East 0.0
North 0.0
South 0.000159950536458

row2col13
West 0.00310350491707
East 0.44831190448
North 0.0
South 1.61982453686e-05

row2col14
West 0.0277644767239
East 0.809918600283
North 0.0119226739759
South 0.185144185716

row2col15
West 0.715711080997
East 0.857375
North 0.119356472857
South 0.284625670276

row2col16
West 0.728257751483
East 0.9025
North 0.0619883557948
South 0.0330560892963

row2col17
West 0.741281249336
East 0.95
North 0.291371124292
South 0.403755330379

row2col18
West 0.66039833049
East 0.0
North 1.0
South 0.0243528838946

row2col19
West 0.381188094104
East 0.0
North 0.0
South 0.000467865715185

row2col20
West 2.22236214713e-05
East 0.0
North 0.162484051237
South 0.0

row2col21
West 0.0
East 0.0
North 0.0344076119574
South 0.0

row2col22
West 0.0
East 0.0
North 0.0149697309483
South 0.0

row3col1
West 0.0
East 0.000140247744384
North 0.0
South 0.0

row3col2
West 0.0
East 0.00704692972214
North 0.0
South 0.0

row3col3
West 0.0
East 0.0508649822006
North 0.0
South 0.0

row3col4
West 0.0
East 0.210361605381
North 0.0
South 0.0

row3col5
West 0.0
East 2.01027573296e-18
North 9.54880973158e-20
South 0.308994256616

row3col7
West 0.0
East 0.0277795249343
North 0.0
South 0.0

row3col8
West 0.0
East 0.160415595344
North 0.0
South 0.0

row3col9
West 3.34170500663e-08
East 0.0
North 1.01467974053e-05
South 0.445721237921

row3col10
West 0.117378642287
East 0.0
North 0.0
South 0.0

row3col11
West 0.00808951794806
East 0.0
North 0.0
South 0.0

row3col13
West 0.0803328133269
East 0.735091890625
North 0.0025505892945
South 0.0336204029826

row3col14
West 0.149342064453
East 0.7737809375
North 0.0746599026889
South 0.0950487959191

row3col15
West 0.0937686774435
East 0.00896902293254
North 0.81450625
South 0.131327028901

row3col16
West 0.261381893668
East 0.0
North 0.108160430801
South 0.0083678061999

row3col18
West 0.0
East 0.0
North 0.367645448358
South 0.0

row3col19
West 0.0432012658002
East 0.0
North 0.0
South 0.0

row3col20
West 0.0
East 0.0
North 0.00620185125676
South 0.0

row3col21
West 0.000113972512879
East 0.0
North 0.0
South 0.0

row3col22
West 0.0
East 0.0
North 0.00115139102377
South 0.0

row4col5
West 0.0
East 0.0
North 0.0
South 0.385227063697

row4col9
West 8.2742555613e-05
East 7.13286119202e-06
North 1.13098487013e-09
South 0.506151359987

row4col13
West 0.0916204312827
East 0.0906531829238
North 0.698337296094
South 0.0461606381613

row5col1
West 0.0
East 8.36828538466e-06
North 0.0
South 0.0

row5col2
West 0.0
East 0.0
North 0.0
South 0.000315513675367

row5col3
West 7.4061231893e-07
East 0.0
North 0.0
South 0.0

row5col5
West 0.0
East 0.434087909946
North 0.0
South 0.0

row5col6
West 1.62347000056e-06
East 0.46329123008
North 7.42452604889e-06
South 0.0

row5col7
West 6.97071463615e-08
East 0.48767497911
North 0.000122419341997
South 0.000116958872921

row5col8
West 0.000130228887919
East 0.513342083279
North 8.49926417537e-07
South 4.81279914957e-08

row5col9
West 0.0109150513758
East 0.540360087663
North 0.00254209219523
South 0.000182618184376

row5col10
West 0.00947034179033
East 0.568800092276
North 0.00824795061872
South 4.55877709201e-05

row5col11
West 0.00205180721637
East 0.598736939238
North 0.00348670238468
South 4.78497021495e-07

row5col12
West 0.0419177429334
East 0.630249409725
North 0.0115848936703
South 0.00278929974427

row5col13
West 0.0067178435215
East 0.0494141007807
North 0.663420431289
South 5.7753673202e-05

row5col14
West 0.630249409725
East 0.00948298109357
North 0.000158633110897
South 0.000348854373341

row5col15
West 0.598736939236
East 0.0
North 0.0
South 0.000121229256312

row5col16
West 0.568800092235
East 0.00125972932978
North 0.0
South 2.7645766415e-16

row5col17
West 0.540360087134
East 1.35289383119e-10
North 0.0
South 0.0

row5col18
West 0.0759520441403
East 0.0
North 0.0
South 0.0

row5col20
West 0.0
East 0.0
North 0.0
South 0.0691114358546

row5col21
West 0.0130861095736
East 0.0
North 0.0
South 0.0

row5col22
West 0.0014702669961
East 0.0
North 0.0
South 0.0

row6col1
West 0.0
East 2.69301037983e-06
North 0.0
South 0.0

row6col2
West 0.0
East 0.0
North 0.0
South 0.00446319780758

row6col3
West 0.000197967024689
East 0.0
North 0.0
South 0.0

row6col5
West 0.0
East 0.118842461232
North 0.0
South 3.04316430064e-12

row6col6
West 3.35342655089e-14
East 2.89161172714e-05
North 0.440126666159
South 1.5048783073e-06

row6col7
West 0.0
East 0.0
North 0.099749816411
South 0.0

row6col8
West 0.0
East 0.0
North 0.110292014861
South 0.0

row6col9
West 0.0
East 0.13047103007
North 0.0
South 0.0

row6col10
West 0.0
East 2.58593638935e-12
North 0.538545039322
South 6.34766468083e-07

row6col11
West 0.0
East 0.0
North 0.152353695465
South 4.74981704187e-07

row6col12
West 0.0
East 0.0
North 0.177192983495
South 0.000962590019009

row6col13
West 0.0
East 0.0
North 0.14129888309
South 0.0

row6col14
West 0.0
East 0.0
North 0.156473412519
South 0.0

row6col15
West 2.04196868631e-09
East 0.0
North 0.134065046022
South 0.0

row6col16
West 0.00416753147141
East 0.0
North 0.0
South 8.90405655552e-11

row6col17
West 8.90405655552e-11
East 3.71343177906e-05
North 0.513342078555
South 0.000213316418554

row6col18
West 0.468701671512
East 0.0
North 0.0
South 0.0

row6col19
West 0.377372368457
East 0.0
North 0.0
South 0.0

row6col20
West 0.238818069257
East 0.0
North 0.0
South 0.0

row6col21
West 0.0425802818899
East 0.0
North 0.0
South 0.0

row6col22
West 0.00475628461691
East 0.0
North 0.0
South 0.0

row7col1
West 0.0
East 2.90942274559e-05
North 0.0
South 0.0

row7col2
West 0.0
East 0.0217967612738
North 0.0
South 1.69651506785e-20

row7col3
West 0.0
East 0.0
North 0.0
South 0.0706983005844

row7col5
West 0.0
East 0.0997166766688
North 0.0
South 1.95559816375e-10

row7col6
West 2.45458960821e-08
East 2.01312547615e-07
North 0.418120301483
South 1.09886580276e-07

row7col10
West 6.34766468083e-07
East 0.0
North 0.499253892074
South 0.0

row7col17
West 2.77808273755e-15
East 1.40473080779e-06
North 0.487674886797
South 1.19214352284e-05

row7col18
West 0.0790391203191
East 0.0
North 1.24842867747e-10
South 1.32221077912e-11

row7col20
West 0.0
East 0.0
North 0.0605657234636
South 0.0

row7col21
West 0.00444227686499
East 0.0
North 0.0
South 0.0

row7col22
West 0.000183198462005
East 0.0
North 0.0
South 0.0

row8col1
West 0.0
East 0.00166610155921
North 0.0
South 0.0

row8col2
West 0.0
East 0.0275723984378
North 0.0
South 0.0

row8col3
West 0.0
East 0.166174928086
North 0.0
South 0.0

row8col4
West 0.0
East 0.270078270208
North 3.45826662878e-20
South 0.0

row8col5
West 3.45826662878e-20
East 0.353895288239
North 0.0
South 0.0

row8col6
West 2.82560663948e-07
East 6.04261281652e-08
North 0.397214036677
South 0.0

row8col8
West 0.0
East 0.00229693434647
North 0.0
South 0.0

row8col9
West 0.0
East 0.12636046989
North 0.0
South 0.0

row8col10
West 0.0
East 0.0
North 0.431564265948
South 0.0

row8col11
West 0.262595375869
East 0.0
North 0.0
South 0.0

row8col12
West 0.0510274997252
East 0.0
North 0.0
South 0.0

row8col13
West 0.00518225753499
East 0.0
North 0.0
South 0.0

row8col14
West 0.000304311520098
East 0.0
North 0.0
South 0.0

row8col15
West 0.0
East 0.0
North 0.0
South 5.6630417021e-07

row8col17
West 5.54229767832e-06
East 5.97202392258e-09
North 0.463290432806
South 7.5747394687e-09

row8col18
West 0.0851295573011
East 0.0
North 2.44720277436e-08
South 0.0

row9col5
West 0.0
East 0.0361623118251
North 0.0
South 0.0

row9col6
West 4.36814895012e-24
East 0.0
North 0.377350636013
South 8.39956077298e-19

row9col8
West 0.0
East 0.00244606965044
North 0.0
South 0.0

row9col9
West 0.0
East 0.0322178496192
North 0.0
South 0.0

row9col10
West 0.0
East 0.0
North 0.164498545532
South 0.0

row9col11
West 0.0
East 0.0
North 0.0988578202327
South 0.0

row9col12
West 0.0220405083723
East 0.0
North 0.0
South 0.0

row9col13
West 0.003225134029
East 0.0
North 0.0
South 0.0

row9col14
West 0.000307054740613
East 0.0
North 0.0
South 0.0

row9col15
West 1.77673071585e-05
East 0.0
North 0.0
South 0.0

row9col17
West 2.34371991292e-11
East 0.0
North 0.440121610292
South 1.7411599892e-16

row9col18
West 0.0462344017306
East 0.0
North 0.0
South 0.0

row9col20
West 0.0
East 0.0
North 0.0
South 2.20499224474e-13

row9col21
West 0.0
East 0.0
North 0.0
South 2.1315771756e-12

row9col22
West 0.0
East 0.0
North 0.0
South 8.47271886705e-09

row10col1
West 0.0
East 4.09104430408e-05
North 0.0
South 0.0

row10col2
West 0.0
East 0.000595820017474
North 0.0
South 0.0

row10col3
West 0.0
East 0.0
North 0.0
South 0.0072807696767

row10col5
West 0.0
East 0.0774149973274
North 0.0
South 0.0

row10col6
West 2.041872062e-19
East 3.14310354572e-10
North 0.358467320804
South 2.05241126233e-09

row10col17
West 3.58754209614e-11
East 0.0
North 0.418095782743
South 0.0

row10col18
West 0.106407607817
East 0.0
North 0.0
South 0.0

row10col20
West 0.0
East 0.0
North 0.0
South 2.31702343298e-11

row10col21
West 0.0
East 2.10258596802e-09
North 0.0
South 0.0

row10col22
West 0.0
East 0.0
North 0.0
South 5.62916985717e-07

row11col1
West 0.0
East 0.0
North 1.67258364488e-06
South 0.0

row11col2
West 0.0
East 0.0
North 0.0
South 1.30725112274e-05

row11col3
West 0.0
East 0.0457349573572
North 0.0
South 0.0

row11col4
West 0.0
East 0.121004457741
North 0.0
South 0.0

row11col5
West 0.0
East 0.249222809556
North 0.0
South 0.0

row11col6
West 8.45339732558e-10
East 0.0
North 0.34047628592
South 0.0

row11col8
West 0.0
East 0.0
North 0.0
South 1.18678474157e-06

row11col9
West 0.0
East 0.0
North 0.0
South 0.000196550392801

row11col10
West 1.85704856909e-06
East 0.0
North 0.0
South 0.0

row11col12
West 0.0
East 0.0
North 0.0
South 3.21551981227e-06

row11col13
West 0.0
East 0.0
North 0.0
South 0.000232176194534

row11col14
West 0.0
East 0.000312408505995
North 0.0
South 0.0

row11col15
West 0.0
East 0.0
North 0.0
South 0.0126946692177

row11col17
West 3.64659058959e-14
East 0.0
North 0.397116637765
South 0.0

row11col18
West 0.0
East 0.0
North 0.00921676466893
South 0.0

row11col20
West 0.0
East 1.94281932269e-09
North 0.0
South 0.0

row11col21
West 0.0
East 7.93817655038e-08
North 0.0
South 0.0

row11col22
West 0.0
East 0.0
North 0.0
South 7.1139228464e-06

row12col1
West 0.0
East 2.22716413677e-06
North 0.0
South 0.0

row12col2
West 0.0
East 0.000489511999342
North 0.0
South 0.0

row12col3
West 0.0
East 0.0
North 0.00776210876069
South 0.0

row12col5
West 0.0
East 0.0182107674725
North 0.0
South 0.0

row12col6
West 0.0
East 3.19326076953e-14
North 0.323099763801
South 0.0

row12col8
West 0.0
East 0.00020803207492
North 0.0
South 0.0

row12col9
West 0.0
East 0.0
North 0.0
South 0.00346621175811

row12col10
West 0.000141617653443
East 0.0
North 0.0
South 0.0

row12col12
West 0.0
East 0.000155204724105
North 0.0
South 0.0

row12col13
West 0.0
East 0.00440055722928
North 0.0
South 0.0

row12col14
West 0.0
East 0.0296935736398
North 0.0
South 0.0

row12col15
West 0.0
East 0.118983775778
North 0.0
South 0.0

row12col16
West 0.0
East 0.25325375254
North 4.01531574985e-12
South 0.0

row12col17
West 0.0
East 0.0
North 0.377020605033
South 2.72432055399e-17

row12col18
West 0.348526759992
East 6.02530639038e-17
North 0.0
South 0.0

row12col20
West 0.0
East 5.1485015889e-06
North 0.0
South 0.0

row12col21
West 0.0
East 0.0
North 0.0
South 0.000362888721137

row12col22
West 5.83235230536e-05
East 0.0
North 0.0
South 0.0

row13col5
West 0.0
East 0.267317677314
North 0.0
South 0.0

row13col6
West 0.0
East 8.12536705189e-12
North 0.305902520156
South 5.82607271339e-26

row13col9
West 0.0
East 0.0
North 0.0
South 0.0156587734835

row13col17
West 2.37014532947e-11
East 0.0
North 0.354370872475
South 0.0

row13col18
West 0.0
East 0.0
North 0.303411984611
South 0.0

row13col21
West 0.0
East 0.0
North 0.0
South 0.00189543609174

row14col1
West 0.0
East 0.00092810730097
North 0.0
South 0.0

row14col2
West 0.0
East 0.035411505717
North 0.0
South 0.0

row14col3
West 0.0
East 0.0773552172043
North 0.0
South 0.0

row14col4
West 0.0
East 0.140936063294
North 0.0
South 0.0

row14col5
West 0.0
East 0.0
North 0.208000914183
South 0.0

row14col6
West 0.0
East 0.0
North 0.284280765877
South 0.0

row14col7
West 0.214454896656
East 2.79531242743e-13
North 0.0
South 0.0

row14col8
West 0.128684280763
East 0.0
North 0.0
South 0.0

row14col9
West 0.0602958984914
East 9.19372836388e-24
North 0.0
South 0.0

row14col10
West 0.0119485558718
East 0.0
North 0.0
South 0.0

row14col11
West 0.000418781499915
East 0.0
North 0.0
South 0.0

row14col12
West 0.0
East 0.0
North 0.0
South 3.62109503055e-05

row14col13
West 0.0
East 0.0
North 0.0
South 0.000297548803169

row14col14
West 0.0
East 0.0
North 0.0
South 0.00235007553083

row14col15
West 0.0
East 0.00101534887493
North 0.0
South 0.0

row14col16
West 0.0
East 0.0397641997811
North 0.0
South 0.0

row14col17
West 0.0
East 0.0
North 0.324378777334
South 0.0

row14col18
West 0.0
East 0.0
North 0.240425132028
South 0.0

row14col19
West 0.0
East 0.0
North 0.0
South 0.00863127270194

row14col20
West 6.04894351176e-05
East 0.0
North 0.0
South 0.0

row14col21
West 0.0
East 0.0
North 0.0
South 0.00709962189827

row14col22
West 0.0
East 0.0
North 0.0
South 0.000145336459171

row15col1
West 0.0
East 0.000476731825032
North 0.0
South 0.0

row15col2
West 0.0
East 0.0
North 0.0136116253101
South 0.0

row15col3
West 0.0
East 3.72713040049e-05
North 0.0
South 0.0

row15col4
West 0.0
East 0.0
North 0.021775312083
South 0.0

row15col5
West 0.00102145034959
East 0.0
North 0.0
South 0.0

row15col6
West 0.0
East 2.58920741525e-15
North 0.231520499635
South 0.0

row15col7
West 0.1602042397
East 0.0
North 0.0
South 5.53224503685e-17

row15col8
West 0.0
East 0.0
North 0.00739840893894
South 0.0

row15col9
West 0.0
East 0.0
North 0.0016425407842
South 0.0

row15col10
West 0.0
East 0.0
North 0.0007184481133
South 0.0

row15col11
West 0.0
East 5.64957802974e-07
North 0.0
South 0.0

row15col12
West 0.0
East 0.00073982557796
North 0.0
South 0.0

row15col13
West 0.0
East 0.0103468956584
North 0.0
South 0.0

row15col14
West 0.0
East 0.058718841053
North 0.0
South 0.0

row15col15
West 0.0
East 0.179151018407
North 0.0
South 0.0

row15col16
West 0.0
East 0.233698546561
North 0.0
South 0.0

row15col17
West 0.0
East 0.0
North 0.283508666516
South 0.0

row15col18
West 0.0
East 0.0
North 0.16960958308
South 0.0

row15col19
West 0.104202797678
East 0.0
North 0.0
South 0.0

row15col20
West 0.0527035545814
East 0.0
North 0.0
South 0.0

row15col21
West 0.0217935804479
East 0.0
North 0.0
South 0.0

row15col22
West 0.0022831741475
East 0.0
North 0.0
South 0.0

row16col2
West 0.0
East 0.0
North 0.00408238183837
South 0.0

row16col7
West 0.0
East 0.0
North 0.0916119105906
South 0.0

row16col15
West 0.0
East 0.0
North 0.114306302086
South 0.0

row17col1
West 0.0
East 6.27198077784e-05
North 0.0
South 0.0

row17col2
West 0.0
East 0.0
North 0.00109071182478
South 0.0

row17col3
West 3.7204704706e-05
East 0.0
North 0.0
South 0.0

row17col4
West 2.90754898436e-07
East 0.0
North 0.0
South 0.0

row17col6
West 0.0
East 0.00600901091042
North 0.0
South 0.0

row17col7
West 0.0
East 0.0
North 0.0432079714826
South 0.0

row17col8
West 0.00833735567708
East 0.0
North 0.0
South 0.0

row17col9
West 0.000802643093343
East 0.0
North 0.0
South 0.0

row17col10
West 6.57125809777e-05
East 0.0
North 0.0
South 0.0

row17col11
West 1.34937534461e-06
East 0.0
North 0.0
South 0.0

row17col13
West 0.0
East 0.0
North 0.0
South 1.37947971768e-06

row17col14
West 0.0
East 0.00970678602402
North 0.0
South 0.0

row17col15
West 0.0
East 0.0
North 0.0637215684601
South 0.0

row17col16
West 0.0264117659913
East 0.0
North 0.0
South 0.0

row17col18
West 0.0
East 0.0
North 0.0
South 5.33305489012e-05

row17col19
West 1.69901704693e-06
East 0.0
North 0.0
South 0.0

row17col20
West 0.0
East 0.0
North 0.0
South 3.67690030908e-06

row17col21
West 9.73553955993e-08
East 0.0
North 0.0
South 0.0

row17col22
West 2.03897117694e-12
East 0.0
North 0.0
South 0.0

row18col1
West 0.0
East 2.06916656946e-06
North 0.0
South 0.0

row18col2
West 0.0
East 0.0
North 0.000151512871819
South 0.0

row18col3
West 0.0
East 0.0
North 0.0
South 5.17716292901e-08

row18col4
West 0.0
East 0.0
North 0.0
South 0.0

row18col6
West 0.0
East 0.0
North 0.00045881963368
South 0.0

row18col7
West 2.008699141e-27
East 0.0
North 0.00941302640337
South 0.0

row18col8
West 0.00112849591961
East 0.0
North 1.73080880153e-33
South 0.0

row18col9
West 5.40123152123e-05
East 0.0
North 0.0
South 0.0

row18col10
West 0.0
East 1.80298657682e-09
North 0.0
South 0.0

row18col11
West 0.0
East 0.0
North 5.68507212982e-08
South 0.0

row18col13
West 0.0
East 6.10612640252e-05
North 0.0
South 0.0

row18col14
West 0.0
East 0.0
North 0.000956317474389
South 0.0

row18col15
West 0.0
East 0.0
North 0.00569820924516
South 0.0

row18col16
West 0.0
East 0.0
North 0.00908900221695
South 0.0

row18col17
West 0.00307009160681
East 0.0
North 0.0
South 0.0

row18col18
West 0.00094022720895
East 0.0
North 0.0
South 0.0

row18col19
West 0.000207791891453
East 0.0
North 0.0
South 0.0

row18col20
West 3.74398849614e-05
East 0.0
North 0.0
South 0.0

row18col21
West 0.0
East 0.0
North 3.1061507642e-11
South 0.0

row18col22
West 1.64427615286e-13
East 0.0
North 0.0
South 0.0

row19col1
West 0.0
East 0.0
North 2.42345003015e-08
South 0.0

row19col2
West 0.0
East 0.0
North 1.4111005598e-05
South 0.0

row19col3
West 1.02436924365e-06
East 0.0
North 0.0
South 0.0

row19col4
West 4.54746595734e-09
East 0.0
North 0.0
South 0.0

row19col6
West 0.0
East 0.0
North 6.44935142878e-06
South 0.0

row19col7
West 0.0
East 0.0
North 0.000491174363025
South 0.0

row19col8
West 0.0
East 0.0
North 3.98235537787e-05
South 0.0

row19col9
West 0.0
East 0.0
North 2.37812601379e-06
South 0.0

row19col10
West 0.0
East 0.0
North 1.5254506062e-11
South 0.0

row19col11
West 0.0
East 0.0
North 4.91305018879e-11
South 0.0

row19col13
West 0.0
East 0.0
North 3.22429148789e-07
South 0.0

row19col14
West 0.0
East 0.0
North 2.46549148176e-06
South 0.0

row19col15
West 0.0
East 4.26321870379e-07
North 0.0
South 0.0

row19col16
West 0.0
East 0.0
North 0.000111239281858
South 0.0

row19col18
West 0.0
East 0.0
North 6.00116879109e-06
South 0.0

row19col19
West 0.0
East 4.05463648727e-10
North 0.0
South 0.0

row19col20
West 0.0
East 0.0
North 7.04737104101e-07
South 0.0

row19col21
West 8.83903104514e-09
East 0.0
North 0.0
South 0.0

row19col22
West 2.13612545461e-10
East 0.0
North 0.0
South 0.0
